[1573324200] LOG ROTATION: DAILY
[1573324200] LOG VERSION: 2.0
[1573324200] CURRENT HOST STATE: db2;UP;HARD;1;PING OK - Packet loss = 0%, RTA = 0.42 ms
[1573324200] CURRENT HOST STATE: primary-server;UP;HARD;1;PING OK - Packet loss = 0%, RTA = 0.40 ms
[1573324200] CURRENT HOST STATE: pservercluster1;UP;HARD;1;PING OK - Packet loss = 0%, RTA = 1.46 ms
[1573324200] CURRENT HOST STATE: pservercluster2;UP;HARD;1;PING OK - Packet loss = 0%, RTA = 0.29 ms
[1573324200] CURRENT HOST STATE: qservercluster1;UP;HARD;1;PING OK - Packet loss = 0%, RTA = 0.29 ms
[1573324200] CURRENT HOST STATE: qservercluster2;UP;HARD;1;PING OK - Packet loss = 0%, RTA = 0.30 ms
[1573324200] CURRENT HOST STATE: redis-1;UP;HARD;1;PING OK - Packet loss = 0%, RTA = 0.27 ms
[1573324200] CURRENT HOST STATE: redis-2;UP;HARD;1;PING OK - Packet loss = 0%, RTA = 0.32 ms
[1573324200] CURRENT HOST STATE: rq-1;UP;HARD;1;PING OK - Packet loss = 0%, RTA = 0.25 ms
[1573324200] CURRENT HOST STATE: rq-2;UP;HARD;1;PING OK - Packet loss = 0%, RTA = 0.27 ms
[1573324200] CURRENT HOST STATE: secondary-server;UP;HARD;1;PING OK - Packet loss = 0%, RTA = 0.38 ms
[1573324200] CURRENT HOST STATE: sig1-vm2;UP;HARD;1;PING OK - Packet loss = 0%, RTA = 0.56 ms
[1573324200] CURRENT HOST STATE: sig2-vm2;UP;HARD;1;PING OK - Packet loss = 0%, RTA = 0.46 ms
[1573324200] CURRENT HOST STATE: sig3-vm2;UP;HARD;1;PING OK - Packet loss = 0%, RTA = 0.42 ms
[1573324200] CURRENT HOST STATE: sig4-vm2;UP;HARD;1;PING OK - Packet loss = 0%, RTA = 0.58 ms
[1573324200] CURRENT HOST STATE: sig5-vm2;UP;HARD;1;PING OK - Packet loss = 0%, RTA = 0.43 ms
[1573324200] CURRENT HOST STATE: sig6-vm2;UP;HARD;1;PING OK - Packet loss = 0%, RTA = 0.41 ms
[1573324200] CURRENT HOST STATE: sigqscluster1;UP;HARD;1;PING OK - Packet loss = 0%, RTA = 0.44 ms
[1573324200] CURRENT HOST STATE: sigqscluster2;UP;HARD;1;PING OK - Packet loss = 0%, RTA = 0.30 ms
[1573324200] CURRENT HOST STATE: smscapp1;UP;HARD;1;PING OK - Packet loss = 0%, RTA = 0.30 ms
[1573324200] CURRENT HOST STATE: smscapp2;UP;HARD;1;PING OK - Packet loss = 0%, RTA = 0.31 ms
[1573324200] CURRENT HOST STATE: sservercluster1;UP;HARD;1;PING OK - Packet loss = 0%, RTA = 0.27 ms
[1573324200] CURRENT HOST STATE: sservercluster2;UP;HARD;1;PING OK - Packet loss = 0%, RTA = 0.33 ms
[1573324200] CURRENT HOST STATE: webserver1;UP;HARD;1;PING OK - Packet loss = 0%, RTA = 0.52 ms
[1573324200] CURRENT HOST STATE: webserver2;UP;HARD;1;PING OK - Packet loss = 0%, RTA = 0.07 ms
[1573324200] CURRENT HOST STATE: webservercluster1;UP;HARD;1;PING OK - Packet loss = 0%, RTA = 0.44 ms
[1573324200] CURRENT HOST STATE: webservercluster2;UP;HARD;1;PING OK - Packet loss = 0%, RTA = 0.28 ms
[1573324200] CURRENT SERVICE STATE: db2;CPU Load;OK;HARD;1;OK - load average: 0.02, 0.02, 0.11
[1573324200] CURRENT SERVICE STATE: db2;CPU_Procs;OK;HARD;1;CPU OK: 326 processes
[1573324200] CURRENT SERVICE STATE: db2;Current Users;OK;HARD;1;USERS OK - 2 users currently logged in
[1573324200] CURRENT SERVICE STATE: db2;HDD_Home status;OK;HARD;1;DISK OK - free space: /home 90228 MB (40% inode=99%):
[1573324200] CURRENT SERVICE STATE: db2;HDD_Root status;OK;HARD;1;DISK OK - free space: / 44489 MB (86% inode=99%):
[1573324200] CURRENT SERVICE STATE: db2;LocalService-NTPD SERVICE;OK;HARD;1;PROCS OK: 1 process with command name 'ntpd'
[1573324200] CURRENT SERVICE STATE: db2;Mariadb status;OK;HARD;1;PROCS OK: 1 process with command name 'mysqld'
[1573324200] CURRENT SERVICE STATE: db2;Memory;OK;HARD;1;OK - 45.8% (22577892 kB) free.
[1573324200] CURRENT SERVICE STATE: db2;Sensors Status;OK;HARD;1;SENSORS OK
[1573324200] CURRENT SERVICE STATE: db2;Total Processes;OK;HARD;1;PROCS OK: 326 processes
[1573324200] CURRENT SERVICE STATE: primary-server;CPU Load;OK;HARD;1;OK - load average: 0.04, 0.11, 0.13
[1573324200] CURRENT SERVICE STATE: primary-server;CPU_Procs;OK;HARD;1;CPU OK: 343 processes
[1573324200] CURRENT SERVICE STATE: primary-server;Current Users;OK;HARD;1;USERS OK - 4 users currently logged in
[1573324200] CURRENT SERVICE STATE: primary-server;HDD_Home status;OK;HARD;1;DISK OK - free space: /home 117257 MB (52% inode=99%):
[1573324200] CURRENT SERVICE STATE: primary-server;HDD_Root status;OK;HARD;1;DISK OK - free space: / 32055 MB (62% inode=99%):
[1573324200] CURRENT SERVICE STATE: primary-server;LocalService-NTPD SERVICE;OK;HARD;1;PROCS OK: 1 process with command name 'ntpd'
[1573324200] CURRENT SERVICE STATE: primary-server;Memory;OK;HARD;1;OK - 48.5% (11890052 kB) free.
[1573324200] CURRENT SERVICE STATE: primary-server;Nginx Access Log Status;OK;HARD;1;Log check ok - 0 pattern matches found
[1573324200] CURRENT SERVICE STATE: primary-server;Nginx Error Log Status;OK;HARD;1;Log check ok - 0 pattern matches found
[1573324200] CURRENT SERVICE STATE: primary-server;Nginx Status;OK;HARD;1;NGINX OK -  0.090 sec. response time, Active: 0 (Writing: 0 Reading: 0 Waiting: 0) ReqPerSec: 0.000 ConnPerSec: 0.000 ReqPerConn: 0.000
[1573324200] CURRENT SERVICE STATE: primary-server;Sensors Status;OK;HARD;1;SENSORS OK
[1573324200] CURRENT SERVICE STATE: primary-server;Total Processes;OK;HARD;1;PROCS OK: 345 processes
[1573324200] CURRENT SERVICE STATE: pservercluster1;CPU Load;OK;HARD;1;OK - load average: 1.49, 1.90, 1.81
[1573324200] CURRENT SERVICE STATE: pservercluster1;CPU_Procs;OK;HARD;1;CPU OK: 369 processes
[1573324200] CURRENT SERVICE STATE: pservercluster1;Current Users;OK;HARD;1;USERS OK - 10 users currently logged in
[1573324200] CURRENT SERVICE STATE: pservercluster1;HDD_Home status;OK;HARD;1;DISK OK - free space: /home 185901 MB (84% inode=99%):
[1573324200] CURRENT SERVICE STATE: pservercluster1;HDD_Root status;OK;HARD;1;DISK OK - free space: / 40228 MB (78% inode=99%):
[1573324200] CURRENT SERVICE STATE: pservercluster1;LocalService-NTPD SERVICE;OK;HARD;1;PROCS OK: 1 process with command name 'ntpd'
[1573324200] CURRENT SERVICE STATE: pservercluster1;Memory;CRITICAL;HARD;3;CRITICAL - 0.8% (197824 kB) free!
[1573324200] CURRENT SERVICE STATE: pservercluster1;Sensors Status;OK;HARD;1;SENSORS OK
[1573324200] CURRENT SERVICE STATE: pservercluster1;Total Processes;OK;HARD;1;PROCS OK: 372 processes
[1573324200] CURRENT SERVICE STATE: pservercluster2;CPU Load;OK;HARD;1;OK - load average: 0.87, 0.94, 0.94
[1573324200] CURRENT SERVICE STATE: pservercluster2;CPU_Procs;OK;HARD;1;CPU OK: 363 processes
[1573324200] CURRENT SERVICE STATE: pservercluster2;Current Users;OK;HARD;1;USERS OK - 5 users currently logged in
[1573324200] CURRENT SERVICE STATE: pservercluster2;HDD_Home status;OK;HARD;1;DISK OK - free space: /home 157720 MB (70% inode=99%):
[1573324200] CURRENT SERVICE STATE: pservercluster2;HDD_Root status;OK;HARD;1;DISK OK - free space: / 38727 MB (75% inode=98%):
[1573324200] CURRENT SERVICE STATE: pservercluster2;LocalService-NTPD SERVICE;OK;HARD;1;PROCS OK: 1 process with command name 'ntpd'
[1573324200] CURRENT SERVICE STATE: pservercluster2;Memory;OK;HARD;1;OK - 58.6% (14353348 kB) free.
[1573324200] CURRENT SERVICE STATE: pservercluster2;Sensors Status;OK;HARD;1;SENSORS OK
[1573324200] CURRENT SERVICE STATE: pservercluster2;Total Processes;OK;HARD;1;PROCS OK: 360 processes
[1573324200] CURRENT SERVICE STATE: qservercluster1;CPU Load;OK;HARD;1;OK - load average: 4.06, 5.61, 6.36
[1573324200] CURRENT SERVICE STATE: qservercluster1;CPU_Procs;OK;HARD;1;CPU OK: 331 processes
[1573324200] CURRENT SERVICE STATE: qservercluster1;Current Users;OK;HARD;1;USERS OK - 1 users currently logged in
[1573324200] CURRENT SERVICE STATE: qservercluster1;HDD_Home status;OK;HARD;1;DISK OK - free space: /home 224641 MB (99% inode=99%):
[1573324200] CURRENT SERVICE STATE: qservercluster1;HDD_Root status;OK;HARD;1;DISK OK - free space: / 43923 MB (85% inode=99%):
[1573324200] CURRENT SERVICE STATE: qservercluster1;LocalService-NTPD SERVICE;OK;HARD;1;PROCS OK: 1 process with command name 'ntpd'
[1573324200] CURRENT SERVICE STATE: qservercluster1;Memory;OK;HARD;1;OK - 86.4% (42524896 kB) free.
[1573324200] CURRENT SERVICE STATE: qservercluster1;Sensors Status;OK;HARD;1;SENSORS OK
[1573324200] CURRENT SERVICE STATE: qservercluster1;Total Processes;OK;HARD;1;PROCS OK: 329 processes
[1573324200] CURRENT SERVICE STATE: qservercluster2;CPU Load;OK;HARD;1;OK - load average: 1.09, 1.26, 1.35
[1573324200] CURRENT SERVICE STATE: qservercluster2;CPU_Procs;OK;HARD;1;CPU OK: 514 processes
[1573324200] CURRENT SERVICE STATE: qservercluster2;Current Users;OK;HARD;1;USERS OK - 2 users currently logged in
[1573324200] CURRENT SERVICE STATE: qservercluster2;HDD_Home status;OK;HARD;1;DISK OK - free space: /home 144901 MB (64% inode=99%):
[1573324200] CURRENT SERVICE STATE: qservercluster2;HDD_Root status;OK;HARD;1;DISK OK - free space: / 27080 MB (52% inode=98%):
[1573324200] CURRENT SERVICE STATE: qservercluster2;LocalService-NTPD SERVICE;OK;HARD;1;PROCS OK: 1 process with command name 'ntpd'
[1573324200] CURRENT SERVICE STATE: qservercluster2;Memory;OK;HARD;1;OK - 37.8% (18629860 kB) free.
[1573324200] CURRENT SERVICE STATE: qservercluster2;Sensors Status;OK;HARD;1;SENSORS OK
[1573324200] CURRENT SERVICE STATE: qservercluster2;Total Processes;OK;HARD;1;PROCS OK: 515 processes
[1573324200] CURRENT SERVICE STATE: redis-1;CPU Load;OK;HARD;1;OK - load average: 0.70, 0.62, 0.65
[1573324200] CURRENT SERVICE STATE: redis-1;CPU_Procs;OK;HARD;1;CPU OK: 401 processes
[1573324200] CURRENT SERVICE STATE: redis-1;Current Users;OK;HARD;1;USERS OK - 1 users currently logged in
[1573324200] CURRENT SERVICE STATE: redis-1;HDD_Home status;OK;HARD;1;DISK OK - free space: /home 368882 MB (98% inode=99%):
[1573324200] CURRENT SERVICE STATE: redis-1;HDD_Root status;OK;HARD;1;DISK OK - free space: / 44031 MB (86% inode=99%):
[1573324200] CURRENT SERVICE STATE: redis-1;HDD_VNS1 status;OK;HARD;1;DISK OK - free space: /vns1 371804 MB (34% inode=99%):
[1573324200] CURRENT SERVICE STATE: redis-1;LocalService-NTPD SERVICE;OK;HARD;1;PROCS OK: 1 process with command name 'ntpd'
[1573324200] CURRENT SERVICE STATE: redis-1;Memory;OK;HARD;1;OK - 53.5% (70522928 kB) free.
[1573324200] CURRENT SERVICE STATE: redis-1;Sensors Status;OK;HARD;1;SENSORS OK
[1573324200] CURRENT SERVICE STATE: redis-1;Total Processes;OK;HARD;1;PROCS OK: 400 processes
[1573324200] CURRENT SERVICE STATE: redis-2;CPU Load;OK;HARD;1;OK - load average: 1.00, 1.03, 1.22
[1573324200] CURRENT SERVICE STATE: redis-2;CPU_Procs;OK;HARD;1;CPU OK: 388 processes
[1573324200] CURRENT SERVICE STATE: redis-2;Current Users;OK;HARD;1;USERS OK - 2 users currently logged in
[1573324200] CURRENT SERVICE STATE: redis-2;HDD_Home status;OK;HARD;1;DISK OK - free space: /home 309043 MB (82% inode=99%):
[1573324200] CURRENT SERVICE STATE: redis-2;HDD_Root status;OK;HARD;1;DISK OK - free space: / 43846 MB (85% inode=99%):
[1573324200] CURRENT SERVICE STATE: redis-2;HDD_VNS1 status;OK;HARD;1;DISK OK - free space: /vns1 1069171 MB (99% inode=99%):
[1573324200] CURRENT SERVICE STATE: redis-2;LocalService-NTPD SERVICE;OK;HARD;1;PROCS OK: 1 process with command name 'ntpd'
[1573324200] CURRENT SERVICE STATE: redis-2;Memory;OK;HARD;1;OK - 21.1% (27818532 kB) free.
[1573324200] CURRENT SERVICE STATE: redis-2;Sensors Status;OK;HARD;1;SENSORS OK
[1573324200] CURRENT SERVICE STATE: redis-2;Total Processes;OK;HARD;1;PROCS OK: 384 processes
[1573324200] CURRENT SERVICE STATE: rq-1;CPU Load;OK;HARD;1;OK - load average: 14.93, 14.98, 15.19
[1573324200] CURRENT SERVICE STATE: rq-1;CPU_Procs;OK;HARD;1;CPU OK: 360 processes
[1573324200] CURRENT SERVICE STATE: rq-1;Current Users;OK;HARD;1;USERS OK - 1 users currently logged in
[1573324200] CURRENT SERVICE STATE: rq-1;HDD_Home status;OK;HARD;1;DISK OK - free space: /home 401028 MB (99% inode=99%):
[1573324200] CURRENT SERVICE STATE: rq-1;HDD_Root status;OK;HARD;1;DISK OK - free space: / 41793 MB (81% inode=99%):
[1573324200] CURRENT SERVICE STATE: rq-1;HDD_VNS1 status;OK;HARD;1;DISK OK - free space: /rq1vns1 1068147 MB (99% inode=99%):
[1573324200] CURRENT SERVICE STATE: rq-1;LocalService-NTPD SERVICE;OK;HARD;1;PROCS OK: 1 process with command name 'ntpd'
[1573324200] CURRENT SERVICE STATE: rq-1;Memory;OK;HARD;1;OK - 83.5% (110108656 kB) free.
[1573324200] CURRENT SERVICE STATE: rq-1;Total Processes;OK;HARD;1;PROCS OK: 362 processes
[1573324200] CURRENT SERVICE STATE: rq-1;rq1-rabbitmqerror;OK;HARD;1;Log check ok - 0 pattern matches found
[1573324200] CURRENT SERVICE STATE: rq-2;CPU Load;OK;HARD;1;OK - load average: 14.70, 14.54, 14.83
[1573324200] CURRENT SERVICE STATE: rq-2;CPU_Procs;OK;HARD;1;CPU OK: 347 processes
[1573324200] CURRENT SERVICE STATE: rq-2;Current Users;OK;HARD;1;USERS OK - 0 users currently logged in
[1573324200] CURRENT SERVICE STATE: rq-2;HDD_Home status;OK;HARD;1;DISK OK - free space: /home 401211 MB (99% inode=99%):
[1573324200] CURRENT SERVICE STATE: rq-2;HDD_Root status;OK;HARD;1;DISK OK - free space: / 45354 MB (88% inode=99%):
[1573324200] CURRENT SERVICE STATE: rq-2;HDD_VNS1 status;OK;HARD;1;DISK OK - free space: /dev 64349 MB (100% inode=99%):
[1573324200] CURRENT SERVICE STATE: rq-2;LocalService-NTPD SERVICE;OK;HARD;1;PROCS OK: 2 processes with command name 'ntpd'
[1573324200] CURRENT SERVICE STATE: rq-2;Memory;OK;HARD;1;OK - 94.8% (124933972 kB) free.
[1573324200] CURRENT SERVICE STATE: rq-2;Total Processes;OK;HARD;1;PROCS OK: 345 processes
[1573324200] CURRENT SERVICE STATE: rq-2;rq2-rabbitmqerror;OK;HARD;1;Log check ok - 0 pattern matches found
[1573324200] CURRENT SERVICE STATE: secondary-server;CPU Load;OK;HARD;1;OK - load average: 0.03, 0.04, 0.07
[1573324200] CURRENT SERVICE STATE: secondary-server;CPU_Procs;OK;HARD;1;CPU OK: 342 processes
[1573324200] CURRENT SERVICE STATE: secondary-server;Current Users;OK;HARD;1;USERS OK - 3 users currently logged in
[1573324200] CURRENT SERVICE STATE: secondary-server;HDD_Home status;OK;HARD;1;DISK OK - free space: /home 148021 MB (65% inode=99%):
[1573324200] CURRENT SERVICE STATE: secondary-server;HDD_Root status;OK;HARD;1;DISK OK - free space: / 37554 MB (73% inode=99%):
[1573324200] CURRENT SERVICE STATE: secondary-server;LocalService-NTPD SERVICE;OK;HARD;1;PROCS OK: 1 process with command name 'ntpd'
[1573324200] CURRENT SERVICE STATE: secondary-server;Memory Status;OK;HARD;1;OK - 58.5% (14344076 kB) free.
[1573324200] CURRENT SERVICE STATE: secondary-server;Nginx Access Log Status;OK;HARD;1;Log check ok - 0 pattern matches found
[1573324200] CURRENT SERVICE STATE: secondary-server;Nginx Error Log Status;OK;HARD;1;Log check ok - 0 pattern matches found
[1573324200] CURRENT SERVICE STATE: secondary-server;Nginx Status;OK;HARD;1;NGINX OK -  0.091 sec. response time, Active: 0 (Writing: 0 Reading: 0 Waiting: 0) ReqPerSec: 0.000 ConnPerSec: 0.000 ReqPerConn: 0.000
[1573324200] CURRENT SERVICE STATE: secondary-server;Sensors Status;OK;HARD;1;SENSORS OK
[1573324200] CURRENT SERVICE STATE: secondary-server;Total Processes;OK;HARD;1;PROCS OK: 342 processes
[1573324200] CURRENT SERVICE STATE: sig1-vm2;CPU Load;OK;HARD;1;OK - load average: 0.04, 0.02, 0.00
[1573324200] CURRENT SERVICE STATE: sig1-vm2;CPU_Procs;OK;HARD;1;CPU OK: 267 processes
[1573324200] CURRENT SERVICE STATE: sig1-vm2;Current Users;OK;HARD;1;USERS OK - 0 users currently logged in
[1573324200] CURRENT SERVICE STATE: sig1-vm2;LocalService-NTPD SERVICE;OK;HARD;1;PROCS OK: 2 processes with command name 'ntpd'
[1573324200] CURRENT SERVICE STATE: sig1-vm2;Memory;OK;HARD;1;OK - 84.1% (13741708 kB) free.
[1573324200] CURRENT SERVICE STATE: sig1-vm2;Root status;OK;HARD;1;DISK OK - free space: / 127131 MB (94% inode=97%):
[1573324200] CURRENT SERVICE STATE: sig1-vm2;Total Processes;OK;HARD;1;PROCS OK: 264 processes
[1573324200] CURRENT SERVICE STATE: sig2-vm2;CPU Load;OK;HARD;1;OK - load average: 0.88, 0.65, 0.78
[1573324200] CURRENT SERVICE STATE: sig2-vm2;CPU_Procs;OK;HARD;1;CPU OK: 456 processes
[1573324200] CURRENT SERVICE STATE: sig2-vm2;Current Users;OK;HARD;1;USERS OK - 0 users currently logged in
[1573324200] CURRENT SERVICE STATE: sig2-vm2;HDD_Root status;OK;HARD;1;DISK OK - free space: / 122947 MB (88% inode=99%):
[1573324200] CURRENT SERVICE STATE: sig2-vm2;LocalService-NTPD SERVICE;OK;HARD;1;PROCS OK: 1 process with command name 'ntpd'
[1573324200] CURRENT SERVICE STATE: sig2-vm2;Memory;OK;HARD;1;OK - 89.2% (31093676 kB) free.
[1573324200] CURRENT SERVICE STATE: sig2-vm2;Total Processes;OK;HARD;1;PROCS OK: 456 processes
[1573324200] CURRENT SERVICE STATE: sig3-vm2;CPU Load;OK;HARD;1;OK - load average: 0.00, 0.00, 0.00
[1573324200] CURRENT SERVICE STATE: sig3-vm2;CPU_Procs;OK;HARD;1;CPU OK: 549 processes
[1573324200] CURRENT SERVICE STATE: sig3-vm2;Current Users;OK;HARD;1;USERS OK - 2 users currently logged in
[1573324200] CURRENT SERVICE STATE: sig3-vm2;HDD_Root status;OK;HARD;1;DISK OK - free space: / 90180 MB (75% inode=96%):
[1573324200] CURRENT SERVICE STATE: sig3-vm2;LocalService-NTPD SERVICE;OK;HARD;1;PROCS OK: 2 processes with command name 'ntpd'
[1573324200] CURRENT SERVICE STATE: sig3-vm2;Memory;OK;HARD;1;OK - 95.7% (22548400 kB) free.
[1573324200] CURRENT SERVICE STATE: sig3-vm2;Total Processes;OK;HARD;1;PROCS OK: 550 processes
[1573324200] CURRENT SERVICE STATE: sig4-vm2;CPU Load;OK;HARD;1;OK - load average: 0.00, 0.01, 0.05
[1573324200] CURRENT SERVICE STATE: sig4-vm2;CPU_Procs;OK;HARD;1;CPU OK: 220 processes
[1573324200] CURRENT SERVICE STATE: sig4-vm2;Current Users;OK;HARD;1;USERS OK - 0 users currently logged in
[1573324200] CURRENT SERVICE STATE: sig4-vm2;HDD_Root status;OK;HARD;1;DISK OK - free space: / 52390 MB (40% inode=99%):
[1573324200] CURRENT SERVICE STATE: sig4-vm2;LocalService-NTPD SERVICE;OK;HARD;1;PROCS OK: 1 process with command name 'ntpd'
[1573324200] CURRENT SERVICE STATE: sig4-vm2;Memory;OK;HARD;1;OK - 90.3% (31457428 kB) free.
[1573324200] CURRENT SERVICE STATE: sig4-vm2;Total Processes;OK;HARD;1;PROCS OK: 220 processes
[1573324200] CURRENT SERVICE STATE: sig5-vm2;CPU Load;OK;HARD;1;OK - load average: 0.83, 1.12, 1.18
[1573324200] CURRENT SERVICE STATE: sig5-vm2;CPU_Procs;OK;HARD;1;CPU OK: 461 processes
[1573324200] CURRENT SERVICE STATE: sig5-vm2;Current Users;OK;HARD;1;USERS OK - 0 users currently logged in
[1573324200] CURRENT SERVICE STATE: sig5-vm2;HDD_Root status;OK;HARD;1;DISK OK - free space: / 230614 MB (91% inode=99%):
[1573324200] CURRENT SERVICE STATE: sig5-vm2;LocalService-NTPD SERVICE;OK;HARD;1;PROCS OK: 1 process with command name 'ntpd'
[1573324200] CURRENT SERVICE STATE: sig5-vm2;Memory;OK;HARD;1;OK - 87.1% (30513140 kB) free.
[1573324200] CURRENT SERVICE STATE: sig5-vm2;Total Processes;OK;HARD;1;PROCS OK: 465 processes
[1573324200] CURRENT SERVICE STATE: sig6-vm2;CPU Load;OK;HARD;1;OK - load average: 1.43, 1.46, 1.48
[1573324200] CURRENT SERVICE STATE: sig6-vm2;CPU_Procs;OK;HARD;1;CPU OK: 509 processes
[1573324200] CURRENT SERVICE STATE: sig6-vm2;Current Users;OK;HARD;1;USERS OK - 2 users currently logged in
[1573324200] CURRENT SERVICE STATE: sig6-vm2;HDD_Root status;OK;HARD;1;DISK OK - free space: / 178743 MB (91% inode=99%):
[1573324200] CURRENT SERVICE STATE: sig6-vm2;LocalService-NTPD SERVICE;OK;HARD;1;PROCS OK: 1 process with command name 'ntpd'
[1573324200] CURRENT SERVICE STATE: sig6-vm2;Memory;OK;HARD;1;OK - 65.1% (14621600 kB) free.
[1573324200] CURRENT SERVICE STATE: sig6-vm2;Total Processes;OK;HARD;1;PROCS OK: 508 processes
[1573324200] CURRENT SERVICE STATE: sigqscluster1;CPU Load;OK;HARD;1;OK - load average: 2.45, 2.78, 2.42
[1573324200] CURRENT SERVICE STATE: sigqscluster1;CPU_Procs;OK;HARD;1;CPU OK: 363 processes
[1573324200] CURRENT SERVICE STATE: sigqscluster1;Current Users;OK;HARD;1;USERS OK - 9 users currently logged in
[1573324200] CURRENT SERVICE STATE: sigqscluster1;HDD_Home status;OK;HARD;1;DISK OK - free space: /home 224102 MB (99% inode=99%):
[1573324200] CURRENT SERVICE STATE: sigqscluster1;HDD_Root status;OK;HARD;1;DISK OK - free space: / 40988 MB (80% inode=99%):
[1573324200] CURRENT SERVICE STATE: sigqscluster1;LocalService-NTPD SERVICE;OK;HARD;1;PROCS OK: 1 process with command name 'ntpd'
[1573324200] CURRENT SERVICE STATE: sigqscluster1;Memory;CRITICAL;HARD;3;CRITICAL - 0.4% (214952 kB) free!
[1573324200] CURRENT SERVICE STATE: sigqscluster1;Sensors Status;OK;HARD;1;SENSORS OK
[1573324200] CURRENT SERVICE STATE: sigqscluster1;Total Processes;OK;HARD;1;PROCS OK: 367 processes
[1573324200] CURRENT SERVICE STATE: sigqscluster2;CPU Load;OK;HARD;1;OK - load average: 10.39, 10.89, 11.17
[1573324200] CURRENT SERVICE STATE: sigqscluster2;CPU_Procs;OK;HARD;1;CPU OK: 299 processes
[1573324200] CURRENT SERVICE STATE: sigqscluster2;Current Users;OK;HARD;1;USERS OK - 0 users currently logged in
[1573324200] CURRENT SERVICE STATE: sigqscluster2;HDD_Home status;OK;HARD;1;DISK OK - free space: /home 208589 MB (99% inode=99%):
[1573324200] CURRENT SERVICE STATE: sigqscluster2;HDD_Root status;OK;HARD;1;DISK OK - free space: / 45393 MB (88% inode=99%):
[1573324200] CURRENT SERVICE STATE: sigqscluster2;LocalService-NTPD SERVICE;OK;HARD;1;PROCS OK: 1 process with command name 'ntpd'
[1573324200] CURRENT SERVICE STATE: sigqscluster2;Memory;OK;HARD;1;OK - 85.1% (41956140 kB) free.
[1573324200] CURRENT SERVICE STATE: sigqscluster2;Sensors Status;OK;HARD;1;SENSORS OK
[1573324200] CURRENT SERVICE STATE: sigqscluster2;Total Processes;OK;HARD;1;PROCS OK: 304 processes
[1573324200] CURRENT SERVICE STATE: sigqscluster2;sigqscluster2-rabbitmqerror;OK;HARD;1;Log check ok - 0 pattern matches found
[1573324200] CURRENT SERVICE STATE: smscapp1;CPU Load;OK;HARD;1;OK - load average: 1.81, 1.41, 1.22
[1573324200] CURRENT SERVICE STATE: smscapp1;CPU_Procs;OK;HARD;1;CPU OK: 648 processes
[1573324200] CURRENT SERVICE STATE: smscapp1;Current Users;OK;HARD;1;USERS OK - 2 users currently logged in
[1573324200] CURRENT SERVICE STATE: smscapp1;HDD_Home status;OK;HARD;1;DISK OK - free space: /home 133663 MB (59% inode=99%):
[1573324200] CURRENT SERVICE STATE: smscapp1;HDD_Root status;OK;HARD;1;DISK OK - free space: / 39125 MB (76% inode=98%):
[1573324200] CURRENT SERVICE STATE: smscapp1;LocalService-NTPD SERVICE;OK;HARD;1;PROCS OK: 1 process with command name 'ntpd'
[1573324200] CURRENT SERVICE STATE: smscapp1;Memory;OK;HARD;1;OK - 43.9% (21652244 kB) free.
[1573324200] CURRENT SERVICE STATE: smscapp1;Sensors Status;OK;HARD;1;SENSORS OK
[1573324200] CURRENT SERVICE STATE: smscapp1;Total Processes;OK;HARD;1;PROCS OK: 649 processes
[1573324200] CURRENT SERVICE STATE: smscapp2;CPU Load;OK;HARD;1;OK - load average: 3.22, 3.51, 3.67
[1573324200] CURRENT SERVICE STATE: smscapp2;CPU_Procs;OK;HARD;1;CPU OK: 1146 processes
[1573324200] CURRENT SERVICE STATE: smscapp2;Current Users;OK;HARD;1;USERS OK - 0 users currently logged in
[1573324200] CURRENT SERVICE STATE: smscapp2;HDD_Home status;OK;HARD;1;DISK OK - free space: /home 182824 MB (81% inode=99%):
[1573324200] CURRENT SERVICE STATE: smscapp2;HDD_Root status;OK;HARD;1;DISK OK - free space: / 38715 MB (75% inode=98%):
[1573324200] CURRENT SERVICE STATE: smscapp2;LocalService-NTPD SERVICE;OK;HARD;1;PROCS OK: 1 process with command name 'ntpd'
[1573324200] CURRENT SERVICE STATE: smscapp2;Memory;OK;HARD;1;OK - 34.3% (16889552 kB) free.
[1573324200] CURRENT SERVICE STATE: smscapp2;Sensors Status;OK;HARD;1;SENSORS OK
[1573324200] CURRENT SERVICE STATE: smscapp2;Total Processes;OK;HARD;1;PROCS OK: 1144 processes
[1573324200] CURRENT SERVICE STATE: sservercluster1;CPU Load;OK;HARD;1;OK - load average: 1.18, 1.45, 1.49
[1573324200] CURRENT SERVICE STATE: sservercluster1;CPU_Procs;OK;HARD;1;CPU OK: 336 processes
[1573324200] CURRENT SERVICE STATE: sservercluster1;Current Users;OK;HARD;1;USERS OK - 4 users currently logged in
[1573324200] CURRENT SERVICE STATE: sservercluster1;HDD_Home status;OK;HARD;1;DISK OK - free space: /home 151437 MB (68% inode=99%):
[1573324200] CURRENT SERVICE STATE: sservercluster1;HDD_Root status;OK;HARD;1;DISK OK - free space: / 41322 MB (80% inode=99%):
[1573324200] CURRENT SERVICE STATE: sservercluster1;LocalService-NTPD SERVICE;OK;HARD;1;PROCS OK: 1 process with command name 'ntpd'
[1573324200] CURRENT SERVICE STATE: sservercluster1;Memory;OK;HARD;1;OK - 44.8% (10982360 kB) free.
[1573324200] CURRENT SERVICE STATE: sservercluster1;Sensors Status;OK;HARD;1;SENSORS OK
[1573324200] CURRENT SERVICE STATE: sservercluster1;Total Processes;OK;HARD;1;PROCS OK: 336 processes
[1573324200] CURRENT SERVICE STATE: sservercluster2;CPU Load;OK;HARD;1;OK - load average: 1.70, 1.29, 1.12
[1573324200] CURRENT SERVICE STATE: sservercluster2;CPU_Procs;OK;HARD;1;CPU OK: 339 processes
[1573324200] CURRENT SERVICE STATE: sservercluster2;Current Users;OK;HARD;1;USERS OK - 3 users currently logged in
[1573324200] CURRENT SERVICE STATE: sservercluster2;HDD_Home status;OK;HARD;1;DISK OK - free space: /home 178738 MB (80% inode=99%):
[1573324200] CURRENT SERVICE STATE: sservercluster2;HDD_Root status;OK;HARD;1;DISK OK - free space: / 35621 MB (69% inode=98%):
[1573324200] CURRENT SERVICE STATE: sservercluster2;LocalService-NTPD SERVICE;OK;HARD;1;PROCS OK: 1 process with command name 'ntpd'
[1573324200] CURRENT SERVICE STATE: sservercluster2;Memory;OK;HARD;1;OK - 50.7% (12422888 kB) free.
[1573324200] CURRENT SERVICE STATE: sservercluster2;Sensors Status;OK;HARD;1;SENSORS OK
[1573324200] CURRENT SERVICE STATE: sservercluster2;Total Processes;OK;HARD;1;PROCS OK: 340 processes
[1573324200] CURRENT SERVICE STATE: webserver1;CPU Load;OK;HARD;1;OK - load average: 0.00, 0.01, 0.05
[1573324200] CURRENT SERVICE STATE: webserver1;CPU_Procs;OK;HARD;1;CPU OK: 362 processes
[1573324200] CURRENT SERVICE STATE: webserver1;Current Users;OK;HARD;1;USERS OK - 1 users currently logged in
[1573324200] CURRENT SERVICE STATE: webserver1;HDD_Home status;OK;HARD;1;DISK OK - free space: /home 224832 MB (99% inode=99%):
[1573324200] CURRENT SERVICE STATE: webserver1;HDD_Root status;OK;HARD;1;DISK OK - free space: / 40270 MB (78% inode=99%):
[1573324200] CURRENT SERVICE STATE: webserver1;LocalService-NTPD SERVICE;OK;HARD;1;PROCS OK: 1 process with command name 'ntpd'
[1573324200] CURRENT SERVICE STATE: webserver1;Memory;OK;HARD;1;OK - 89.3% (21865216 kB) free.
[1573324200] CURRENT SERVICE STATE: webserver1;Nginx_status;OK;HARD;1;NGINX OK -  0.089 sec. response time, Active: 1 (Writing: 1 Reading: 0 Waiting: 0) ReqPerSec: 0.002 ConnPerSec: 0.002 ReqPerConn: 1.036
[1573324200] CURRENT SERVICE STATE: webserver1;Sensors Status;OK;HARD;1;SENSORS OK
[1573324200] CURRENT SERVICE STATE: webserver1;Total Processes;OK;HARD;1;PROCS OK: 363 processes
[1573324200] CURRENT SERVICE STATE: webserver2;CPU_Procs;OK;HARD;1;CPU OK: 522 processes
[1573324200] CURRENT SERVICE STATE: webserver2;Current Load;OK;HARD;1;OK - load average: 0.00, 0.08, 0.11
[1573324200] CURRENT SERVICE STATE: webserver2;Current Users;OK;HARD;1;USERS OK - 45 users currently logged in
[1573324200] CURRENT SERVICE STATE: webserver2;HDD_Home status;OK;HARD;1;DISK OK - free space: /home 73721 MB (32.80% inode=100%):
[1573324200] CURRENT SERVICE STATE: webserver2;HTTP;OK;HARD;1;HTTP OK: HTTP/1.1 200 OK - 355 bytes in 0.001 second response time
[1573324200] CURRENT SERVICE STATE: webserver2;LocalService-NTPD SERVICE;OK;HARD;1;PROCS OK: 1 process with command name 'ntpd'
[1573324200] CURRENT SERVICE STATE: webserver2;Memory;OK;HARD;1;OK - 55.1% (13505776 kB) free.
[1573324200] CURRENT SERVICE STATE: webserver2;PING;OK;HARD;1;PING OK - Packet loss = 0%, RTA = 0.06 ms
[1573324200] CURRENT SERVICE STATE: webserver2;Root Partition;OK;HARD;1;DISK OK - free space: / 19661 MB (38.42% inode=99%):
[1573324200] CURRENT SERVICE STATE: webserver2;SSH;OK;HARD;1;SSH OK - OpenSSH_7.4 (protocol 2.0)
[1573324200] CURRENT SERVICE STATE: webserver2;Sensors Status;OK;HARD;1;SENSORS OK
[1573324200] CURRENT SERVICE STATE: webserver2;Total Processes;OK;HARD;1;PROCS OK: 163 processes with STATE = RSZDT
[1573324200] CURRENT SERVICE STATE: webservercluster1;CPU Load;OK;HARD;1;OK - load average: 0.88, 0.24, 0.12
[1573324200] CURRENT SERVICE STATE: webservercluster1;CPU_Procs;OK;HARD;1;CPU OK: 341 processes
[1573324200] CURRENT SERVICE STATE: webservercluster1;Current Users;OK;HARD;1;USERS OK - 4 users currently logged in
[1573324200] CURRENT SERVICE STATE: webservercluster1;HDD_Home status;OK;HARD;1;DISK OK - free space: / 22501 MB (43% inode=99%):
[1573324200] CURRENT SERVICE STATE: webservercluster1;HDD_Root status;OK;HARD;1;DISK OK - free space: /home 88638 MB (39% inode=99%):
[1573324200] CURRENT SERVICE STATE: webservercluster1;LocalService-NTPD SERVICE;OK;HARD;1;PROCS OK: 1 process with command name 'ntpd'
[1573324200] CURRENT SERVICE STATE: webservercluster1;Memory;OK;HARD;1;OK - 76.0% (12360544 kB) free.
[1573324200] CURRENT SERVICE STATE: webservercluster1;Sensors Status;OK;HARD;1;SENSORS OK
[1573324200] CURRENT SERVICE STATE: webservercluster1;Total Processes;OK;HARD;1;PROCS OK: 334 processes
[1573324200] CURRENT SERVICE STATE: webservercluster2;CPU Load;OK;HARD;1;OK - load average: 1.30, 1.22, 1.23
[1573324200] CURRENT SERVICE STATE: webservercluster2;CPU_Procs;OK;HARD;1;CPU OK: 297 processes
[1573324200] CURRENT SERVICE STATE: webservercluster2;Current Users;OK;HARD;1;USERS OK - 2 users currently logged in
[1573324200] CURRENT SERVICE STATE: webservercluster2;HDD_Home status;OK;HARD;1;DISK OK - free space: /home 223913 MB (99% inode=99%):
[1573324200] CURRENT SERVICE STATE: webservercluster2;HDD_Root status;OK;HARD;1;DISK OK - free space: / 40296 MB (78% inode=99%):
[1573324200] CURRENT SERVICE STATE: webservercluster2;LocalService-NTPD SERVICE;OK;HARD;1;PROCS OK: 1 process with command name 'ntpd'
[1573324200] CURRENT SERVICE STATE: webservercluster2;Memory;OK;HARD;1;OK - 57.4% (9324748 kB) free.
[1573324200] CURRENT SERVICE STATE: webservercluster2;Sensors Status;OK;HARD;1;SENSORS OK
[1573324200] CURRENT SERVICE STATE: webservercluster2;Total Processes;OK;HARD;1;PROCS OK: 296 processes
[1573324427] Auto-save of retention data completed successfully.
[1573324637] SERVICE ALERT: sservercluster1;Memory;CRITICAL;SOFT;1;CRITICAL - 0.7% (178924 kB) free!
[1573324647] SERVICE ALERT: pservercluster2;CPU_Procs;CRITICAL;SOFT;1;CHECK_NRPE: Socket timeout after 10 seconds.
[1573324757] SERVICE ALERT: sservercluster1;Memory;CRITICAL;SOFT;2;CRITICAL - 0.7% (181108 kB) free!
[1573324770] SERVICE ALERT: pservercluster2;CPU_Procs;OK;HARD;1;CPU OK: 365 processes
[1573324777] SERVICE ALERT: sservercluster2;Memory;CRITICAL;SOFT;1;CRITICAL - 0.7% (172652 kB) free!
[1573324817] SERVICE ALERT: pservercluster2;Memory;CRITICAL;SOFT;1;CRITICAL - 0.8% (185280 kB) free!
[1573324877] SERVICE ALERT: sservercluster1;Memory;CRITICAL;HARD;3;CRITICAL - 0.7% (180164 kB) free!
[1573324898] SERVICE ALERT: sservercluster2;Memory;CRITICAL;SOFT;2;CRITICAL - 0.7% (180720 kB) free!
[1573324937] SERVICE ALERT: pservercluster2;Memory;CRITICAL;SOFT;2;CRITICAL - 0.8% (190692 kB) free!
[1573325018] SERVICE NOTIFICATION: nagiosadmin;sservercluster2;Memory;CRITICAL;notify-service-by-email;CRITICAL - 0.7% (183092 kB) free!
[1573325018] SERVICE ALERT: sservercluster2;Memory;CRITICAL;HARD;3;CRITICAL - 0.7% (183092 kB) free!
[1573325057] SERVICE NOTIFICATION: nagiosadmin;pservercluster2;Memory;CRITICAL;notify-service-by-email;CRITICAL - 0.8% (184588 kB) free!
[1573325057] SERVICE ALERT: pservercluster2;Memory;CRITICAL;HARD;3;CRITICAL - 0.8% (184588 kB) free!
[1573325531] EXTERNAL COMMAND: SCHEDULE_FORCED_HOST_CHECK;pservercluster1;1573325529
[1573325536] EXTERNAL COMMAND: SCHEDULE_FORCED_HOST_CHECK;pservercluster1;1573325534
[1573325570] EXTERNAL COMMAND: SCHEDULE_FORCED_HOST_CHECK;pservercluster2;1573325569
[1573325573] EXTERNAL COMMAND: SCHEDULE_FORCED_HOST_CHECK;pservercluster2;1573325572
[1573325625] EXTERNAL COMMAND: SCHEDULE_FORCED_HOST_CHECK;sigqscluster1;1573325624
[1573325628] EXTERNAL COMMAND: SCHEDULE_FORCED_HOST_CHECK;sigqscluster1;1573325627
[1573325630] SERVICE ALERT: pservercluster1;Memory;OK;HARD;1;OK - 67.1% (16551928 kB) free.
[1573325658] SERVICE NOTIFICATION: nagiosadmin;pservercluster2;Memory;OK;notify-service-by-email;OK - 91.0% (22303968 kB) free.
[1573325658] SERVICE ALERT: pservercluster2;Memory;OK;HARD;1;OK - 91.0% (22303968 kB) free.
[1573325665] EXTERNAL COMMAND: SCHEDULE_FORCED_HOST_CHECK;sservercluster1;1573325656
[1573325668] EXTERNAL COMMAND: SCHEDULE_FORCED_HOST_CHECK;sservercluster1;1573325667
[1573325702] EXTERNAL COMMAND: SCHEDULE_FORCED_HOST_CHECK;sservercluster2;1573325701
[1573325706] EXTERNAL COMMAND: SCHEDULE_FORCED_HOST_CHECK;sservercluster2;1573325705
[1573325707] SERVICE ALERT: sigqscluster1;Memory;OK;HARD;1;OK - 81.7% (40266848 kB) free.
[1573326077] SERVICE ALERT: sservercluster1;Memory;OK;HARD;1;OK - 46.7% (11437884 kB) free.
[1573326220] SERVICE NOTIFICATION: nagiosadmin;sservercluster2;Memory;OK;notify-service-by-email;OK - 86.5% (21214148 kB) free.
[1573326220] SERVICE ALERT: sservercluster2;Memory;OK;HARD;1;OK - 86.5% (21214148 kB) free.
[1573326230] SERVICE ALERT: pservercluster1;Memory;CRITICAL;SOFT;1;CRITICAL - 0.7% (167512 kB) free!
[1573326350] SERVICE ALERT: pservercluster1;Memory;CRITICAL;SOFT;2;CRITICAL - 0.8% (189948 kB) free!
[1573326470] SERVICE ALERT: pservercluster1;Memory;CRITICAL;HARD;3;CRITICAL - 0.8% (197336 kB) free!
[1573326504] EXTERNAL COMMAND: SCHEDULE_FORCED_HOST_CHECK;pservercluster1;1573326502
[1573326507] EXTERNAL COMMAND: SCHEDULE_FORCED_HOST_CHECK;pservercluster1;1573326506
[1573326907] SERVICE ALERT: sigqscluster1;Memory;WARNING;SOFT;1;WARNING - 13.0% (6413172 kB) free!
[1573327027] SERVICE ALERT: sigqscluster1;Memory;CRITICAL;SOFT;2;CRITICAL - 0.4% (216900 kB) free!
[1573327147] SERVICE ALERT: sigqscluster1;Memory;CRITICAL;HARD;3;CRITICAL - 0.5% (232400 kB) free!
[1573328027] Auto-save of retention data completed successfully.
[1573329305] EXTERNAL COMMAND: SCHEDULE_FORCED_HOST_CHECK;pservercluster1;1573329303
[1573329308] EXTERNAL COMMAND: SCHEDULE_FORCED_HOST_CHECK;pservercluster1;1573329307
[1573329470] SERVICE ALERT: pservercluster1;Memory;OK;HARD;1;OK - 22.3% (5506508 kB) free.
[1573329547] SERVICE ALERT: sigqscluster1;Memory;OK;HARD;1;OK - 56.5% (27853640 kB) free.
[1573330070] SERVICE ALERT: pservercluster1;Memory;CRITICAL;SOFT;1;CRITICAL - 0.8% (194836 kB) free!
[1573330190] SERVICE ALERT: pservercluster1;Memory;CRITICAL;SOFT;2;CRITICAL - 0.7% (165844 kB) free!
[1573330310] SERVICE ALERT: pservercluster1;Memory;CRITICAL;HARD;3;CRITICAL - 0.7% (176600 kB) free!
[1573330747] SERVICE ALERT: sigqscluster1;Memory;CRITICAL;SOFT;1;CRITICAL - 0.4% (218780 kB) free!
[1573330867] SERVICE ALERT: sigqscluster1;Memory;CRITICAL;SOFT;2;CRITICAL - 0.5% (238872 kB) free!
[1573330987] SERVICE ALERT: sigqscluster1;Memory;CRITICAL;HARD;3;CRITICAL - 0.5% (238988 kB) free!
[1573331627] Auto-save of retention data completed successfully.
[1573332356] EXTERNAL COMMAND: SCHEDULE_FORCED_HOST_CHECK;pservercluster1;1573332355
[1573332359] EXTERNAL COMMAND: SCHEDULE_FORCED_HOST_CHECK;pservercluster1;1573332358
[1573332435] EXTERNAL COMMAND: SCHEDULE_FORCED_HOST_CHECK;sigqscluster1;1573332430
[1573332787] SERVICE ALERT: sigqscluster1;Memory;OK;HARD;1;OK - 77.4% (38152444 kB) free.
[1573333091] SERVICE ALERT: smscapp1;Memory;CRITICAL;SOFT;1;CRITICAL - 0.5% (229444 kB) free!
[1573333211] SERVICE ALERT: smscapp1;Memory;CRITICAL;SOFT;2;CRITICAL - 1.6% (777488 kB) free!
[1573333331] SERVICE NOTIFICATION: nagiosadmin;smscapp1;Memory;CRITICAL;notify-service-by-email;CRITICAL - 0.5% (224628 kB) free!
[1573333331] SERVICE ALERT: smscapp1;Memory;CRITICAL;HARD;3;CRITICAL - 0.5% (224628 kB) free!
[1573333414] SERVICE ALERT: secondary-server;Nginx Error Log Status;CRITICAL;SOFT;1;(130) < 2019/11/10 02:30:05 [error] 23648#0: *2125807 recv() failed (104: Connection reset by peer) while proxying connection, client: 49.50.86.152, server: 0.0.0.0:4000, upstream: "10.147.212.37:4000", bytes from/to client:252/17, bytes from/to upstream:17/252
[1573333534] SERVICE ALERT: secondary-server;Nginx Error Log Status;OK;HARD;1;Log check ok - 0 pattern matches found
[1573333834] SERVICE ALERT: redis-1;CPU_Procs;WARNING;SOFT;1;CPU WARNING: 1 warn out of 401 processes
[1573333931] SERVICE NOTIFICATION: nagiosadmin;smscapp1;Memory;OK;notify-service-by-email;OK - 91.1% (44890408 kB) free.
[1573333931] SERVICE ALERT: smscapp1;Memory;OK;HARD;1;OK - 91.1% (44890408 kB) free.
[1573333954] SERVICE ALERT: redis-1;CPU_Procs;OK;HARD;1;CPU OK: 400 processes
[1573333988] SERVICE ALERT: sigqscluster1;Memory;CRITICAL;SOFT;1;CRITICAL - 0.5% (226688 kB) free!
[1573334108] SERVICE ALERT: sigqscluster1;Memory;CRITICAL;SOFT;2;CRITICAL - 0.5% (222632 kB) free!
[1573334228] SERVICE ALERT: sigqscluster1;Memory;CRITICAL;HARD;3;CRITICAL - 0.5% (226124 kB) free!
[1573335227] Auto-save of retention data completed successfully.
[1573336114] SERVICE ALERT: primary-server;Nginx Error Log Status;CRITICAL;SOFT;1;(14) < 2019/11/10 03:16:04 [error] 24131#0: *4974667 connect() failed (111: Connection refused) while connecting to upstream, client: 103.255.146.164, server: 0.0.0.0:3000, upstream: "10.147.212.154:3000", bytes from/to client:0/0, bytes from/to upstream:0/0
[1573336234] SERVICE ALERT: primary-server;Nginx Error Log Status;OK;HARD;1;Log check ok - 0 pattern matches found
[1573336877] SERVICE FLAPPING ALERT: sservercluster1;Memory;STOPPED; Service appears to have stopped flapping (3.9% change < 5.0% threshold)
[1573336877] SERVICE NOTIFICATION: nagiosadmin;sservercluster1;Memory;OK;notify-service-by-email;OK - 40.4% (9904264 kB) free.
[1573337435] SERVICE ALERT: primary-server;Nginx Error Log Status;CRITICAL;SOFT;1;(10) < 2019/11/10 03:37:53 [error] 24130#0: *4984339 recv() failed (104: Connection reset by peer) while proxying connection, client: 94.237.65.17, server: 0.0.0.0:13000, upstream: "10.147.212.143:13000", bytes from/to client:39/0, bytes from/to upstream:0/39
[1573337555] SERVICE ALERT: primary-server;Nginx Error Log Status;OK;HARD;1;Log check ok - 0 pattern matches found
[1573337635] SERVICE ALERT: rq-1;rq1-rabbitmqerror;CRITICAL;SOFT;1;CHECK_NRPE: Socket timeout after 10 seconds.
[1573337755] SERVICE ALERT: rq-1;rq1-rabbitmqerror;OK;HARD;1;Log check ok - 0 pattern matches found
[1573338155] SERVICE ALERT: primary-server;Nginx Error Log Status;CRITICAL;SOFT;1;(9) < 2019/11/10 03:52:27 [error] 24130#0: *4990324 recv() failed (104: Connection reset by peer) while proxying connection, client: 94.237.65.17, server: 0.0.0.0:13000, upstream: "10.147.212.142:13000", bytes from/to client:39/0, bytes from/to upstream:0/39
[1573338275] SERVICE ALERT: primary-server;Nginx Error Log Status;OK;HARD;1;Log check ok - 0 pattern matches found
[1573338429] SERVICE ALERT: sigqscluster1;Memory;OK;HARD;1;OK - 51.1% (25194960 kB) free.
[1573338827] Auto-save of retention data completed successfully.
[1573338875] SERVICE ALERT: primary-server;Nginx Error Log Status;CRITICAL;SOFT;1;(35) < 2019/11/10 04:02:07 [error] 24131#0: *4993667 recv() failed (104: Connection reset by peer) while proxying connection, client: 103.209.99.7, server: 0.0.0.0:13000, upstream: "10.147.212.155:13000", bytes from/to client:43/0, bytes from/to upstream:0/43
[1573338995] SERVICE ALERT: primary-server;Nginx Error Log Status;OK;HARD;1;Log check ok - 0 pattern matches found
[1573339029] SERVICE ALERT: sigqscluster1;Memory;CRITICAL;SOFT;1;CRITICAL - 0.5% (244400 kB) free!
[1573339149] SERVICE ALERT: sigqscluster1;Memory;CRITICAL;SOFT;2;CRITICAL - 0.5% (250312 kB) free!
[1573339269] SERVICE ALERT: sigqscluster1;Memory;CRITICAL;HARD;3;CRITICAL - 0.4% (216860 kB) free!
[1573339449] SERVICE ALERT: sservercluster1;CPU_Procs;CRITICAL;SOFT;1;CPU CRITICAL: 1 crit, 0 warn out of 357 processes
[1573339569] SERVICE ALERT: sservercluster1;CPU_Procs;CRITICAL;SOFT;2;CPU CRITICAL: 1 crit, 0 warn out of 356 processes
[1573339595] SERVICE ALERT: primary-server;Nginx Error Log Status;CRITICAL;SOFT;1;(53) < 2019/11/10 04:16:35 [error] 24130#0: *5000585 recv() failed (104: Connection reset by peer) while proxying connection, client: 94.237.65.17, server: 0.0.0.0:13000, upstream: "10.147.212.154:13000", bytes from/to client:39/0, bytes from/to upstream:0/39
[1573339689] SERVICE ALERT: sservercluster1;CPU_Procs;OK;HARD;1;CPU OK: 363 processes
[1573339715] SERVICE ALERT: primary-server;Nginx Error Log Status;CRITICAL;SOFT;2;(18) < 2019/11/10 04:18:05 [error] 24131#0: *5000683 recv() failed (104: Connection reset by peer) while proxying connection, client: 180.179.244.32, server: 0.0.0.0:13000, upstream: "10.147.212.154:13000", bytes from/to client:42/0, bytes from/to upstream:0/42
[1573339836] SERVICE ALERT: primary-server;Nginx Error Log Status;OK;HARD;1;Log check ok - 0 pattern matches found
[1573340554] SERVICE ALERT: redis-1;CPU_Procs;WARNING;SOFT;1;CPU WARNING: 1 warn out of 402 processes
[1573340674] SERVICE ALERT: redis-1;CPU_Procs;OK;HARD;1;CPU OK: 400 processes
[1573341111] SERVICE ALERT: pservercluster1;Memory;OK;HARD;1;OK - 85.2% (21033764 kB) free.
[1573341711] SERVICE ALERT: pservercluster1;Memory;CRITICAL;SOFT;1;CRITICAL - 0.8% (193724 kB) free!
[1573341831] SERVICE ALERT: pservercluster1;Memory;CRITICAL;SOFT;2;CRITICAL - 0.7% (164168 kB) free!
[1573341951] SERVICE ALERT: pservercluster1;Memory;CRITICAL;HARD;3;CRITICAL - 0.8% (188836 kB) free!
[1573342427] Auto-save of retention data completed successfully.
[1573346027] Auto-save of retention data completed successfully.
[1573346478] SERVICE ALERT: sservercluster1;Memory;CRITICAL;SOFT;1;CRITICAL - 0.7% (164040 kB) free!
[1573346598] SERVICE ALERT: sservercluster1;Memory;CRITICAL;SOFT;2;CRITICAL - 0.7% (173740 kB) free!
[1573346658] SERVICE ALERT: pservercluster2;Memory;CRITICAL;SOFT;1;CRITICAL - 0.7% (178580 kB) free!
[1573346718] SERVICE NOTIFICATION: nagiosadmin;sservercluster1;Memory;CRITICAL;notify-service-by-email;CRITICAL - 0.8% (192416 kB) free!
[1573346718] SERVICE ALERT: sservercluster1;Memory;CRITICAL;HARD;3;CRITICAL - 0.8% (192416 kB) free!
[1573346778] SERVICE ALERT: pservercluster2;Memory;CRITICAL;SOFT;2;CRITICAL - 0.8% (200696 kB) free!
[1573346899] SERVICE ALERT: pservercluster2;Memory;OK;HARD;1;OK - 65.4% (16027440 kB) free.
[1573347121] EXTERNAL COMMAND: SCHEDULE_FORCED_SVC_CHECK;pservercluster1;Memory;1573347120
[1573347122] SERVICE ALERT: pservercluster1;Memory;OK;HARD;1;OK - 89.4% (22060224 kB) free.
[1573347126] EXTERNAL COMMAND: SCHEDULE_FORCED_SVC_CHECK;pservercluster1;Memory;1573347125
[1573347153] EXTERNAL COMMAND: SCHEDULE_FORCED_SVC_CHECK;sigqscluster1;Memory;1573347151
[1573347157] EXTERNAL COMMAND: SCHEDULE_FORCED_SVC_CHECK;sigqscluster1;Memory;1573347155
[1573347157] SERVICE ALERT: sigqscluster1;Memory;OK;HARD;1;OK - 41.7% (20569628 kB) free.
[1573347162] EXTERNAL COMMAND: SCHEDULE_FORCED_SVC_CHECK;sigqscluster1;Memory;1573347161
[1573347166] EXTERNAL COMMAND: SCHEDULE_FORCED_SVC_CHECK;sigqscluster1;Memory;1573347165
[1573347193] EXTERNAL COMMAND: SCHEDULE_FORCED_SVC_CHECK;sservercluster1;Memory;1573347191
[1573347194] SERVICE NOTIFICATION: nagiosadmin;sservercluster1;Memory;OK;notify-service-by-email;OK - 51.7% (12664628 kB) free.
[1573347194] SERVICE ALERT: sservercluster1;Memory;OK;HARD;1;OK - 51.7% (12664628 kB) free.
[1573347197] EXTERNAL COMMAND: SCHEDULE_FORCED_SVC_CHECK;sservercluster1;Memory;1573347196
[1573347726] SERVICE ALERT: pservercluster1;Memory;CRITICAL;SOFT;1;CRITICAL - 0.8% (194592 kB) free!
[1573347766] SERVICE ALERT: sigqscluster1;Memory;CRITICAL;SOFT;1;CRITICAL - 0.5% (229940 kB) free!
[1573347847] SERVICE ALERT: pservercluster1;Memory;CRITICAL;SOFT;2;CRITICAL - 0.7% (163268 kB) free!
[1573347886] SERVICE ALERT: sigqscluster1;Memory;CRITICAL;SOFT;2;CRITICAL - 0.5% (233204 kB) free!
[1573347967] SERVICE ALERT: pservercluster1;Memory;CRITICAL;HARD;3;CRITICAL - 0.8% (192836 kB) free!
[1573348006] SERVICE ALERT: sigqscluster1;Memory;CRITICAL;HARD;3;CRITICAL - 0.5% (243556 kB) free!
[1573349074] SERVICE ALERT: redis-1;CPU_Procs;WARNING;SOFT;1;CPU WARNING: 1 warn out of 402 processes
[1573349194] SERVICE ALERT: redis-1;CPU_Procs;OK;HARD;1;CPU OK: 399 processes
[1573349627] Auto-save of retention data completed successfully.
[1573349794] SERVICE ALERT: redis-1;CPU_Procs;WARNING;SOFT;1;CPU WARNING: 1 warn out of 401 processes
[1573349914] SERVICE ALERT: redis-1;CPU_Procs;OK;HARD;1;CPU OK: 400 processes
[1573351114] SERVICE ALERT: redis-1;CPU_Procs;WARNING;SOFT;1;CPU WARNING: 1 warn out of 402 processes
[1573351229] EXTERNAL COMMAND: SCHEDULE_FORCED_SVC_CHECK;pservercluster1;Memory;1573351227
[1573351229] SERVICE ALERT: pservercluster1;Memory;OK;HARD;1;OK - 90.6% (22362796 kB) free.
[1573351232] EXTERNAL COMMAND: SCHEDULE_FORCED_SVC_CHECK;pservercluster1;Memory;1573351231
[1573351235] SERVICE ALERT: redis-1;CPU_Procs;OK;HARD;1;CPU OK: 399 processes
[1573351236] EXTERNAL COMMAND: SCHEDULE_FORCED_SVC_CHECK;pservercluster1;Memory;1573351235
[1573351262] EXTERNAL COMMAND: SCHEDULE_FORCED_SVC_CHECK;sigqscluster1;Memory;1573351261
[1573351263] SERVICE ALERT: sigqscluster1;Memory;WARNING;HARD;3;WARNING - 18.8% (9240596 kB) free!
[1573351266] EXTERNAL COMMAND: SCHEDULE_FORCED_SVC_CHECK;sigqscluster1;Memory;1573351265
[1573351266] SERVICE ALERT: sigqscluster1;Memory;OK;HARD;1;OK - 30.0% (14807304 kB) free.
[1573351836] SERVICE ALERT: pservercluster1;Memory;CRITICAL;SOFT;1;CRITICAL - 0.8% (192772 kB) free!
[1573351866] SERVICE ALERT: sigqscluster1;Memory;CRITICAL;SOFT;1;CRITICAL - 5.8% (2835880 kB) free!
[1573351914] EXTERNAL COMMAND: SCHEDULE_FORCED_SVC_CHECK;pservercluster1;Memory;1573351913
[1573351915] SERVICE ALERT: pservercluster1;Memory;OK;HARD;1;OK - 90.4% (22304544 kB) free.
[1573351918] EXTERNAL COMMAND: SCHEDULE_FORCED_SVC_CHECK;pservercluster1;Memory;1573351917
[1573351931] EXTERNAL COMMAND: SCHEDULE_FORCED_SVC_CHECK;sigqscluster1;Memory;1573351931
[1573351932] SERVICE ALERT: sigqscluster1;Memory;CRITICAL;SOFT;2;CRITICAL - 0.4% (216768 kB) free!
[1573351960] EXTERNAL COMMAND: SCHEDULE_FORCED_SVC_CHECK;sigqscluster1;Memory;1573351959
[1573351960] SERVICE ALERT: sigqscluster1;Memory;OK;HARD;1;OK - 81.6% (40227152 kB) free.
[1573351964] EXTERNAL COMMAND: SCHEDULE_FORCED_SVC_CHECK;sigqscluster1;Memory;1573351963
[1573351968] EXTERNAL COMMAND: SCHEDULE_FORCED_SVC_CHECK;sigqscluster1;Memory;1573351967
[1573352518] SERVICE ALERT: pservercluster1;Memory;CRITICAL;SOFT;1;CRITICAL - 0.8% (189076 kB) free!
[1573352638] SERVICE ALERT: pservercluster1;Memory;CRITICAL;SOFT;2;CRITICAL - 0.8% (190072 kB) free!
[1573352758] SERVICE ALERT: pservercluster1;Memory;CRITICAL;HARD;3;CRITICAL - 0.7% (173092 kB) free!
[1573353169] SERVICE ALERT: sigqscluster1;Memory;CRITICAL;SOFT;1;CRITICAL - 0.5% (242160 kB) free!
[1573353227] Auto-save of retention data completed successfully.
[1573353289] SERVICE ALERT: sigqscluster1;Memory;CRITICAL;SOFT;2;CRITICAL - 0.5% (250944 kB) free!
[1573353409] SERVICE ALERT: sigqscluster1;Memory;CRITICAL;HARD;3;CRITICAL - 0.5% (234512 kB) free!
[1573353711] SERVICE ALERT: webservercluster2;CPU_Procs;WARNING;SOFT;1;CPU WARNING: 1 warn out of 299 processes
[1573353831] SERVICE ALERT: webservercluster2;CPU_Procs;OK;HARD;1;CPU OK: 297 processes
[1573354042] EXTERNAL COMMAND: SCHEDULE_FORCED_SVC_CHECK;pservercluster1;Memory;1573354009
[1573354042] SERVICE ALERT: pservercluster1;Memory;OK;HARD;1;OK - 62.3% (15368548 kB) free.
[1573354045] EXTERNAL COMMAND: SCHEDULE_FORCED_SVC_CHECK;pservercluster1;Memory;1573354044
[1573354050] EXTERNAL COMMAND: SCHEDULE_FORCED_SVC_CHECK;pservercluster1;Memory;1573354048
[1573354073] EXTERNAL COMMAND: SCHEDULE_FORCED_SVC_CHECK;sigqscluster1;Memory;1573354072
[1573354073] SERVICE ALERT: sigqscluster1;Memory;OK;HARD;1;OK - 38.3% (18861440 kB) free.
[1573354077] EXTERNAL COMMAND: SCHEDULE_FORCED_SVC_CHECK;sigqscluster1;Memory;1573354076
[1573354650] SERVICE ALERT: pservercluster1;Memory;CRITICAL;SOFT;1;CRITICAL - 0.8% (188392 kB) free!
[1573354677] SERVICE ALERT: sigqscluster1;Memory;CRITICAL;SOFT;1;CRITICAL - 9.4% (4655788 kB) free!
[1573354770] SERVICE ALERT: pservercluster1;Memory;CRITICAL;SOFT;2;CRITICAL - 0.7% (179016 kB) free!
[1573354797] SERVICE ALERT: sigqscluster1;Memory;CRITICAL;SOFT;2;CRITICAL - 0.4% (217508 kB) free!
[1573354890] SERVICE ALERT: pservercluster1;Memory;CRITICAL;HARD;3;CRITICAL - 0.8% (196296 kB) free!
[1573354917] SERVICE ALERT: sigqscluster1;Memory;CRITICAL;HARD;3;CRITICAL - 0.5% (242832 kB) free!
[1573355490] SERVICE ALERT: pservercluster1;Memory;OK;HARD;1;OK - 36.3% (8959476 kB) free.
[1573356034] SERVICE ALERT: redis-1;CPU_Procs;WARNING;SOFT;1;CPU WARNING: 1 warn out of 401 processes
[1573356090] SERVICE ALERT: pservercluster1;Memory;CRITICAL;SOFT;1;CRITICAL - 0.8% (193656 kB) free!
[1573356154] SERVICE ALERT: redis-1;CPU_Procs;OK;HARD;1;CPU OK: 401 processes
[1573356211] SERVICE ALERT: pservercluster1;Memory;CRITICAL;SOFT;2;CRITICAL - 0.8% (190844 kB) free!
[1573356331] SERVICE ALERT: pservercluster1;Memory;CRITICAL;HARD;3;CRITICAL - 0.8% (204048 kB) free!
[1573356827] Auto-save of retention data completed successfully.
[1573357665] SERVICE ALERT: redis-2;Memory;WARNING;SOFT;1;WARNING - 17.9% (23538080 kB) free!
[1573357743] EXTERNAL COMMAND: SCHEDULE_FORCED_SVC_CHECK;pservercluster1;Memory;1573357741
[1573357743] SERVICE ALERT: pservercluster1;Memory;OK;HARD;1;OK - 83.1% (20515108 kB) free.
[1573357746] EXTERNAL COMMAND: SCHEDULE_FORCED_SVC_CHECK;pservercluster1;Memory;1573357745
[1573357768] EXTERNAL COMMAND: SCHEDULE_FORCED_SVC_CHECK;sigqscluster1;Memory;1573357767
[1573357768] SERVICE ALERT: sigqscluster1;Memory;WARNING;HARD;3;WARNING - 14.2% (7008692 kB) free!
[1573357771] EXTERNAL COMMAND: SCHEDULE_FORCED_SVC_CHECK;sigqscluster1;Memory;1573357770
[1573357771] SERVICE ALERT: sigqscluster1;Memory;OK;HARD;1;OK - 53.7% (26483924 kB) free.
[1573357775] EXTERNAL COMMAND: SCHEDULE_FORCED_SVC_CHECK;sigqscluster1;Memory;1573357774
[1573357779] EXTERNAL COMMAND: SCHEDULE_FORCED_SVC_CHECK;sigqscluster1;Memory;1573357778
[1573357785] SERVICE ALERT: redis-2;Memory;OK;HARD;1;OK - 33.9% (44745948 kB) free.
[1573358346] SERVICE ALERT: pservercluster1;Memory;CRITICAL;SOFT;1;CRITICAL - 0.8% (190204 kB) free!
[1573358379] SERVICE ALERT: sigqscluster1;Memory;CRITICAL;SOFT;1;CRITICAL - 0.5% (234380 kB) free!
[1573358385] SERVICE ALERT: redis-2;Memory;WARNING;SOFT;1;WARNING - 19.2% (25286248 kB) free!
[1573358388] EXTERNAL COMMAND: SCHEDULE_FORCED_SVC_CHECK;pservercluster1;Memory;1573358387
[1573358389] SERVICE ALERT: pservercluster1;Memory;OK;HARD;1;OK - 89.5% (22096688 kB) free.
[1573358392] EXTERNAL COMMAND: SCHEDULE_FORCED_SVC_CHECK;pservercluster1;Memory;1573358391
[1573358396] EXTERNAL COMMAND: SCHEDULE_FORCED_SVC_CHECK;pservercluster1;Memory;1573358395
[1573358423] EXTERNAL COMMAND: SCHEDULE_FORCED_SVC_CHECK;sigqscluster1;Memory;1573358422
[1573358424] SERVICE ALERT: sigqscluster1;Memory;OK;HARD;1;OK - 59.6% (29391156 kB) free.
[1573358427] EXTERNAL COMMAND: SCHEDULE_FORCED_SVC_CHECK;sigqscluster1;Memory;1573358426
[1573358505] SERVICE ALERT: redis-2;Memory;OK;HARD;1;OK - 33.6% (44279164 kB) free.
[1573358997] SERVICE ALERT: pservercluster1;Memory;CRITICAL;SOFT;1;CRITICAL - 0.8% (193760 kB) free!
[1573359027] SERVICE ALERT: sigqscluster1;Memory;CRITICAL;SOFT;1;CRITICAL - 0.5% (230256 kB) free!
[1573359035] SERVICE ALERT: primary-server;Nginx Error Log Status;CRITICAL;SOFT;1;(6) < 2019/11/10 09:36:56 [error] 24130#0: *5075776 recv() failed (104: Connection reset by peer) while proxying connection, client: 182.18.182.41, server: 0.0.0.0:3001, upstream: "10.147.212.155:3001", bytes from/to client:37/0, bytes from/to upstream:0/37
[1573359105] SERVICE ALERT: redis-2;Memory;WARNING;SOFT;1;WARNING - 17.4% (22928944 kB) free!
[1573359117] SERVICE ALERT: pservercluster1;Memory;CRITICAL;SOFT;2;CRITICAL - 0.8% (189844 kB) free!
[1573359147] SERVICE ALERT: sigqscluster1;Memory;CRITICAL;SOFT;2;CRITICAL - 0.5% (239248 kB) free!
[1573359155] SERVICE ALERT: primary-server;Nginx Error Log Status;CRITICAL;SOFT;2;(1) < 2019/11/10 09:41:37 [error] 24131#0: *5076891 recv() failed (104: Connection reset by peer) while proxying connection, client: 49.50.64.122, server: 0.0.0.0:3001, upstream: "10.147.212.154:3001", bytes from/to client:167/0, bytes from/to upstream:0/167
[1573359225] SERVICE ALERT: redis-2;Memory;OK;HARD;1;OK - 33.0% (43547884 kB) free.
[1573359237] SERVICE ALERT: pservercluster1;Memory;CRITICAL;HARD;3;CRITICAL - 0.7% (180564 kB) free!
[1573359267] SERVICE ALERT: sigqscluster1;Memory;CRITICAL;HARD;3;CRITICAL - 0.5% (233912 kB) free!
[1573359275] SERVICE NOTIFICATION: nagiosadmin;primary-server;Nginx Error Log Status;CRITICAL;notify-service-by-email;(7) < 2019/11/10 09:43:46 [error] 24133#0: *5077329 upstream timed out (110: Connection timed out) while connecting to upstream, client: 203.212.70.170, server: 0.0.0.0:3001, upstream: "10.147.212.154:3001", bytes from/to client:0/0, bytes from/to upstream:0/0
[1573359275] SERVICE ALERT: primary-server;Nginx Error Log Status;CRITICAL;HARD;3;(7) < 2019/11/10 09:43:46 [error] 24133#0: *5077329 upstream timed out (110: Connection timed out) while connecting to upstream, client: 203.212.70.170, server: 0.0.0.0:3001, upstream: "10.147.212.154:3001", bytes from/to client:0/0, bytes from/to upstream:0/0
[1573359365] EXTERNAL COMMAND: SCHEDULE_FORCED_SVC_CHECK;sigqscluster1;Memory;1573359363
[1573359365] SERVICE ALERT: sigqscluster1;Memory;OK;HARD;1;OK - 80.0% (39438344 kB) free.
[1573359369] EXTERNAL COMMAND: SCHEDULE_FORCED_SVC_CHECK;sigqscluster1;Memory;1573359368
[1573359404] EXTERNAL COMMAND: SCHEDULE_FORCED_SVC_CHECK;pservercluster1;Memory;1573359403
[1573359405] SERVICE ALERT: pservercluster1;Memory;OK;HARD;1;OK - 87.2% (21528400 kB) free.
[1573359409] EXTERNAL COMMAND: SCHEDULE_FORCED_SVC_CHECK;pservercluster1;Memory;1573359407
[1573359825] SERVICE ALERT: redis-2;Memory;WARNING;SOFT;1;WARNING - 19.5% (25649740 kB) free!
[1573359945] SERVICE ALERT: redis-2;Memory;WARNING;SOFT;2;WARNING - 16.5% (21751124 kB) free!
[1573359970] SERVICE ALERT: sigqscluster1;Memory;CRITICAL;SOFT;1;CRITICAL - 0.5% (239948 kB) free!
[1573360009] SERVICE ALERT: pservercluster1;Memory;CRITICAL;SOFT;1;CRITICAL - 0.8% (185484 kB) free!
[1573360065] SERVICE ALERT: redis-2;Memory;OK;HARD;1;OK - 31.9% (41987524 kB) free.
[1573360090] SERVICE ALERT: sigqscluster1;Memory;CRITICAL;SOFT;2;CRITICAL - 0.5% (242360 kB) free!
[1573360129] SERVICE ALERT: pservercluster1;Memory;CRITICAL;SOFT;2;CRITICAL - 0.8% (191208 kB) free!
[1573360210] SERVICE ALERT: sigqscluster1;Memory;CRITICAL;HARD;3;CRITICAL - 0.5% (248424 kB) free!
[1573360249] SERVICE ALERT: pservercluster1;Memory;CRITICAL;HARD;3;CRITICAL - 0.8% (189348 kB) free!
[1573360427] Auto-save of retention data completed successfully.
[1573360505] SERVICE ALERT: primary-server;Nginx Access Log Status;CRITICAL;SOFT;1;(8) < 203.212.70.170 [10/Nov/2019:09:56:56 +0530] TCP 502 0 0 0.000 "backend_3001" "0" "0" "0.000"
[1573360625] SERVICE ALERT: primary-server;Nginx Access Log Status;OK;HARD;1;Log check ok - 0 pattern matches found
[1573360665] SERVICE ALERT: redis-2;Memory;WARNING;SOFT;1;WARNING - 14.9% (19631276 kB) free!
[1573360785] SERVICE ALERT: redis-2;Memory;OK;HARD;1;OK - 32.1% (42345000 kB) free.
[1573361075] SERVICE NOTIFICATION: nagiosadmin;primary-server;Nginx Error Log Status;OK;notify-service-by-email;Log check ok - 0 pattern matches found
[1573361075] SERVICE ALERT: primary-server;Nginx Error Log Status;OK;HARD;1;Log check ok - 0 pattern matches found
[1573361306] EXTERNAL COMMAND: SCHEDULE_FORCED_SVC_CHECK;pservercluster1;Memory;1573361305
[1573361307] SERVICE ALERT: pservercluster1;Memory;OK;HARD;1;OK - 69.1% (17053208 kB) free.
[1573361310] EXTERNAL COMMAND: SCHEDULE_FORCED_SVC_CHECK;pservercluster1;Memory;1573361309
[1573361313] EXTERNAL COMMAND: SCHEDULE_FORCED_SVC_CHECK;pservercluster1;Memory;1573361312
[1573361316] EXTERNAL COMMAND: SCHEDULE_FORCED_SVC_CHECK;pservercluster1;Memory;1573361315
[1573361348] EXTERNAL COMMAND: SCHEDULE_FORCED_SVC_CHECK;sigqscluster1;Memory;1573361347
[1573361348] SERVICE ALERT: sigqscluster1;Memory;OK;HARD;1;OK - 36.6% (18014816 kB) free.
[1573361352] EXTERNAL COMMAND: SCHEDULE_FORCED_SVC_CHECK;sigqscluster1;Memory;1573361351
[1573361356] EXTERNAL COMMAND: SCHEDULE_FORCED_SVC_CHECK;sigqscluster1;Memory;1573361355
[1573361385] SERVICE ALERT: redis-2;Memory;WARNING;SOFT;1;WARNING - 16.0% (21045508 kB) free!
[1573361505] SERVICE ALERT: redis-2;Memory;OK;HARD;1;OK - 31.7% (41733328 kB) free.
[1573361916] SERVICE ALERT: pservercluster1;Memory;CRITICAL;SOFT;1;CRITICAL - 0.8% (188856 kB) free!
[1573361956] SERVICE ALERT: sigqscluster1;Memory;CRITICAL;SOFT;1;CRITICAL - 0.5% (239964 kB) free!
[1573362036] SERVICE ALERT: pservercluster1;Memory;CRITICAL;SOFT;2;CRITICAL - 0.8% (192308 kB) free!
[1573362076] SERVICE ALERT: sigqscluster1;Memory;CRITICAL;SOFT;2;CRITICAL - 0.5% (233884 kB) free!
[1573362106] SERVICE ALERT: redis-2;Memory;WARNING;SOFT;1;WARNING - 15.6% (20619872 kB) free!
[1573362156] SERVICE ALERT: pservercluster1;Memory;CRITICAL;HARD;3;CRITICAL - 0.7% (176908 kB) free!
[1573362196] SERVICE ALERT: sigqscluster1;Memory;CRITICAL;HARD;3;CRITICAL - 0.4% (220296 kB) free!
[1573362226] SERVICE ALERT: redis-2;Memory;WARNING;SOFT;2;WARNING - 19.7% (25939012 kB) free!
[1573362346] SERVICE ALERT: redis-2;Memory;OK;HARD;1;OK - 29.3% (38584956 kB) free.
[1573362855] EXTERNAL COMMAND: SCHEDULE_FORCED_SVC_CHECK;sigqscluster1;Memory;1573362854
[1573362855] SERVICE ALERT: sigqscluster1;Memory;OK;HARD;1;OK - 80.7% (39754524 kB) free.
[1573362859] EXTERNAL COMMAND: SCHEDULE_FORCED_SVC_CHECK;sigqscluster1;Memory;1573362857
[1573362884] EXTERNAL COMMAND: SCHEDULE_FORCED_SVC_CHECK;pservercluster1;Memory;1573362883
[1573362884] SERVICE ALERT: pservercluster1;Memory;OK;HARD;1;OK - 91.8% (22647356 kB) free.
[1573362887] EXTERNAL COMMAND: SCHEDULE_FORCED_SVC_CHECK;pservercluster1;Memory;1573362886
[1573362946] SERVICE ALERT: redis-2;Memory;WARNING;SOFT;1;WARNING - 12.0% (15799948 kB) free!
[1573363066] SERVICE ALERT: redis-2;Memory;OK;HARD;1;OK - 30.0% (39547924 kB) free.
[1573363459] SERVICE ALERT: sigqscluster1;Memory;CRITICAL;SOFT;1;CRITICAL - 0.5% (236076 kB) free!
[1573363487] SERVICE ALERT: pservercluster1;Memory;CRITICAL;SOFT;1;CRITICAL - 0.8% (186196 kB) free!
[1573363579] SERVICE ALERT: sigqscluster1;Memory;CRITICAL;SOFT;2;CRITICAL - 0.5% (262292 kB) free!
[1573363608] SERVICE ALERT: pservercluster1;Memory;CRITICAL;SOFT;2;CRITICAL - 0.8% (190488 kB) free!
[1573363666] SERVICE ALERT: redis-2;Memory;WARNING;SOFT;1;WARNING - 13.5% (17766388 kB) free!
[1573363699] SERVICE ALERT: sigqscluster1;Memory;CRITICAL;HARD;3;CRITICAL - 0.5% (230432 kB) free!
[1573363728] SERVICE ALERT: pservercluster1;Memory;CRITICAL;HARD;3;CRITICAL - 0.7% (175772 kB) free!
[1573363786] SERVICE ALERT: redis-2;Memory;OK;HARD;1;OK - 29.9% (39423540 kB) free.
[1573364027] Auto-save of retention data completed successfully.
[1573364386] SERVICE ALERT: redis-2;Memory;WARNING;SOFT;1;WARNING - 13.3% (17489944 kB) free!
[1573364506] SERVICE ALERT: redis-2;Memory;WARNING;SOFT;2;WARNING - 10.2% (13469588 kB) free!
[1573364597] SERVICE ALERT: sservercluster1;Memory;WARNING;SOFT;1;WARNING - 19.6% (4810464 kB) free!
[1573364626] SERVICE ALERT: redis-2;Memory;OK;HARD;1;OK - 27.9% (36806516 kB) free.
[1573364718] SERVICE ALERT: sservercluster1;Memory;WARNING;SOFT;2;WARNING - 19.3% (4720340 kB) free!
[1573364838] SERVICE NOTIFICATION: nagiosadmin;sservercluster1;Memory;WARNING;notify-service-by-email;WARNING - 18.9% (4644136 kB) free!
[1573364838] SERVICE ALERT: sservercluster1;Memory;WARNING;HARD;3;WARNING - 18.9% (4644136 kB) free!
[1573365226] SERVICE ALERT: redis-2;Memory;WARNING;SOFT;1;WARNING - 11.5% (15150920 kB) free!
[1573365346] SERVICE ALERT: redis-2;Memory;OK;HARD;1;OK - 28.7% (37785472 kB) free.
[1573365478] SERVICE ALERT: sig6-vm2;Memory;WARNING;SOFT;1;WARNING - 18.5% (4156224 kB) free!
[1573365598] SERVICE ALERT: sig6-vm2;Memory;WARNING;SOFT;2;WARNING - 17.9% (4015072 kB) free!
[1573365718] SERVICE NOTIFICATION: nagiosadmin;sig6-vm2;Memory;WARNING;notify-service-by-email;WARNING - 16.6% (3716748 kB) free!
[1573365718] SERVICE ALERT: sig6-vm2;Memory;WARNING;HARD;3;WARNING - 16.6% (3716748 kB) free!
[1573365754] SERVICE ALERT: redis-1;CPU_Procs;WARNING;SOFT;1;CPU WARNING: 1 warn out of 403 processes
[1573365874] SERVICE ALERT: redis-1;CPU_Procs;OK;HARD;1;CPU OK: 401 processes
[1573365946] SERVICE ALERT: redis-2;Memory;WARNING;SOFT;1;WARNING - 11.3% (14835428 kB) free!
[1573366066] SERVICE ALERT: redis-2;Memory;OK;HARD;1;OK - 28.5% (37516616 kB) free.
[1573366208] EXTERNAL COMMAND: SCHEDULE_FORCED_SVC_CHECK;pservercluster1;Memory;1573366207
[1573366208] SERVICE ALERT: pservercluster1;Memory;OK;HARD;1;OK - 91.4% (22564532 kB) free.
[1573366213] EXTERNAL COMMAND: SCHEDULE_FORCED_SVC_CHECK;pservercluster1;Memory;1573366212
[1573366217] EXTERNAL COMMAND: SCHEDULE_FORCED_SVC_CHECK;pservercluster1;Memory;1573366216
[1573366245] EXTERNAL COMMAND: SCHEDULE_FORCED_SVC_CHECK;sigqscluster1;Memory;1573366244
[1573366246] SERVICE ALERT: sigqscluster1;Memory;OK;HARD;1;OK - 43.7% (21547036 kB) free.
[1573366249] EXTERNAL COMMAND: SCHEDULE_FORCED_SVC_CHECK;sigqscluster1;Memory;1573366248
[1573366318] SERVICE NOTIFICATION: nagiosadmin;sig6-vm2;Memory;CRITICAL;notify-service-by-email;CRITICAL - 9.9% (2231456 kB) free!
[1573366318] SERVICE ALERT: sig6-vm2;Memory;CRITICAL;HARD;3;CRITICAL - 9.9% (2231456 kB) free!
[1573366638] SERVICE NOTIFICATION: nagiosadmin;sservercluster1;Memory;OK;notify-service-by-email;OK - 51.0% (12510100 kB) free.
[1573366638] SERVICE ALERT: sservercluster1;Memory;OK;HARD;1;OK - 51.0% (12510100 kB) free.
[1573366666] SERVICE ALERT: redis-2;Memory;WARNING;SOFT;1;WARNING - 12.3% (16242760 kB) free!
[1573366787] SERVICE ALERT: redis-2;Memory;CRITICAL;SOFT;2;CRITICAL - 9.2% (12166324 kB) free!
[1573366907] SERVICE ALERT: redis-2;Memory;OK;HARD;1;OK - 27.0% (35566468 kB) free.
[1573367507] SERVICE ALERT: redis-2;Memory;CRITICAL;SOFT;1;CRITICAL - 9.8% (12887988 kB) free!
[1573367518] SERVICE NOTIFICATION: nagiosadmin;sig6-vm2;Memory;OK;notify-service-by-email;OK - 66.2% (14871600 kB) free.
[1573367518] SERVICE ALERT: sig6-vm2;Memory;OK;HARD;1;OK - 66.2% (14871600 kB) free.
[1573367627] Auto-save of retention data completed successfully.
[1573367627] SERVICE ALERT: redis-2;Memory;OK;HARD;1;OK - 27.5% (36267820 kB) free.
[1573367898] SERVICE ALERT: pservercluster2;Memory;WARNING;SOFT;1;WARNING - 17.9% (4395592 kB) free!
[1573368018] SERVICE ALERT: pservercluster2;Memory;WARNING;SOFT;2;WARNING - 17.6% (4318272 kB) free!
[1573368138] SERVICE NOTIFICATION: nagiosadmin;pservercluster2;Memory;WARNING;notify-service-by-email;WARNING - 17.3% (4228912 kB) free!
[1573368138] SERVICE ALERT: pservercluster2;Memory;WARNING;HARD;3;WARNING - 17.3% (4228912 kB) free!
[1573368227] SERVICE ALERT: redis-2;Memory;WARNING;SOFT;1;WARNING - 11.0% (14535508 kB) free!
[1573368347] SERVICE ALERT: redis-2;Memory;WARNING;SOFT;2;WARNING - 18.0% (23776824 kB) free!
[1573368467] SERVICE ALERT: redis-2;Memory;OK;HARD;1;OK - 24.7% (32498724 kB) free.
[1573368617] SERVICE ALERT: pservercluster1;Memory;CRITICAL;SOFT;1;CRITICAL - 0.7% (181816 kB) free!
[1573368737] SERVICE ALERT: pservercluster1;Memory;CRITICAL;SOFT;2;CRITICAL - 0.7% (170684 kB) free!
[1573368857] SERVICE ALERT: pservercluster1;Memory;CRITICAL;HARD;3;CRITICAL - 0.8% (185888 kB) free!
[1573368889] EXTERNAL COMMAND: SCHEDULE_FORCED_SVC_CHECK;pservercluster1;Memory;1573368888
[1573368889] SERVICE ALERT: pservercluster1;Memory;OK;HARD;1;OK - 90.8% (22396300 kB) free.
[1573368892] EXTERNAL COMMAND: SCHEDULE_FORCED_SVC_CHECK;pservercluster1;Memory;1573368891
[1573368895] EXTERNAL COMMAND: SCHEDULE_FORCED_SVC_CHECK;pservercluster1;Memory;1573368894
[1573368898] EXTERNAL COMMAND: SCHEDULE_FORCED_SVC_CHECK;pservercluster1;Memory;1573368897
[1573369067] SERVICE ALERT: redis-2;Memory;CRITICAL;SOFT;1;CRITICAL - 8.5% (11154188 kB) free!
[1573369187] SERVICE ALERT: redis-2;Memory;OK;HARD;1;OK - 24.1% (31813316 kB) free.
[1573369535] SERVICE ALERT: secondary-server;Nginx Error Log Status;CRITICAL;SOFT;1;(261) < 2019/11/10 12:33:27 [error] 23645#0: *2189237 upstream timed out (110: Connection timed out) while connecting to upstream, client: 121.241.242.109, server: 0.0.0.0:4000, upstream: "10.147.212.61:4000", bytes from/to client:0/0, bytes from/to upstream:0/0
[1573369655] SERVICE ALERT: secondary-server;Nginx Error Log Status;OK;HARD;1;Log check ok - 0 pattern matches found
[1573369787] SERVICE ALERT: redis-2;Memory;CRITICAL;SOFT;1;CRITICAL - 6.5% (8624884 kB) free!
[1573369907] SERVICE ALERT: redis-2;Memory;OK;HARD;1;OK - 25.2% (33227016 kB) free.
[1573370507] SERVICE ALERT: redis-2;Memory;CRITICAL;SOFT;1;CRITICAL - 8.8% (11555648 kB) free!
[1573370539] SERVICE NOTIFICATION: nagiosadmin;pservercluster2;Memory;OK;notify-service-by-email;OK - 91.6% (22452436 kB) free.
[1573370539] SERVICE ALERT: pservercluster2;Memory;OK;HARD;1;OK - 91.6% (22452436 kB) free.
[1573370627] SERVICE ALERT: redis-2;Memory;OK;HARD;1;OK - 25.4% (33458380 kB) free.
[1573371227] Auto-save of retention data completed successfully.
[1573371227] SERVICE ALERT: redis-2;Memory;CRITICAL;SOFT;1;CRITICAL - 8.7% (11464040 kB) free!
[1573371347] SERVICE ALERT: redis-2;Memory;OK;HARD;1;OK - 25.4% (33471884 kB) free.
[1573371948] SERVICE ALERT: redis-2;Memory;CRITICAL;SOFT;1;CRITICAL - 9.3% (12300652 kB) free!
[1573372068] SERVICE ALERT: redis-2;Memory;WARNING;SOFT;2;WARNING - 11.3% (14881636 kB) free!
[1573372188] SERVICE ALERT: redis-2;Memory;OK;HARD;1;OK - 23.7% (31206192 kB) free.
[1573372638] SERVICE ALERT: sservercluster1;Memory;WARNING;SOFT;1;WARNING - 19.7% (4838224 kB) free!
[1573372758] SERVICE ALERT: sservercluster1;Memory;WARNING;SOFT;2;WARNING - 19.4% (4749308 kB) free!
[1573372788] SERVICE ALERT: redis-2;Memory;CRITICAL;SOFT;1;CRITICAL - 8.1% (10666184 kB) free!
[1573372878] SERVICE NOTIFICATION: nagiosadmin;sservercluster1;Memory;WARNING;notify-service-by-email;WARNING - 18.7% (4585992 kB) free!
[1573372878] SERVICE ALERT: sservercluster1;Memory;WARNING;HARD;3;WARNING - 18.7% (4585992 kB) free!
[1573372908] SERVICE ALERT: redis-2;Memory;OK;HARD;1;OK - 24.5% (32265380 kB) free.
[1573373508] SERVICE ALERT: redis-2;Memory;CRITICAL;SOFT;1;CRITICAL - 6.8% (9016496 kB) free!
[1573373628] SERVICE ALERT: redis-2;Memory;OK;HARD;1;OK - 24.4% (32173716 kB) free.
[1573374228] SERVICE ALERT: redis-2;Memory;CRITICAL;SOFT;1;CRITICAL - 9.6% (12711772 kB) free!
[1573374299] SERVICE ALERT: pservercluster1;Memory;WARNING;SOFT;1;WARNING - 18.8% (4648664 kB) free!
[1573374348] SERVICE ALERT: redis-2;Memory;CRITICAL;SOFT;2;CRITICAL - 6.7% (8771520 kB) free!
[1573374419] SERVICE ALERT: pservercluster1;Memory;CRITICAL;SOFT;2;CRITICAL - 0.8% (193116 kB) free!
[1573374468] SERVICE ALERT: redis-2;Memory;OK;HARD;1;OK - 23.1% (30486036 kB) free.
[1573374539] SERVICE ALERT: pservercluster1;Memory;CRITICAL;HARD;3;CRITICAL - 0.8% (194900 kB) free!
[1573374649] SERVICE FLAPPING ALERT: sigqscluster1;Memory;STOPPED; Service appears to have stopped flapping (4.3% change < 5.0% threshold)
[1573374649] SERVICE NOTIFICATION: nagiosadmin;sigqscluster1;Memory;OK;notify-service-by-email;OK - 23.3% (11484580 kB) free.
[1573374827] Auto-save of retention data completed successfully.
[1573375068] SERVICE ALERT: redis-2;Memory;CRITICAL;SOFT;1;CRITICAL - 6.1% (8038148 kB) free!
[1573375188] SERVICE ALERT: redis-2;Memory;OK;HARD;1;OK - 23.9% (31508092 kB) free.
[1573375278] SERVICE FLAPPING ALERT: sservercluster1;Memory;STARTED; Service appears to have started flapping (20.4% change >= 20.0% threshold)
[1573375278] SERVICE ALERT: sservercluster1;Memory;CRITICAL;HARD;3;CRITICAL - 7.9% (1946768 kB) free!
[1573375361] EXTERNAL COMMAND: SCHEDULE_FORCED_SVC_CHECK;pservercluster1;Memory;1573375359
[1573375362] SERVICE ALERT: pservercluster1;Memory;OK;HARD;1;OK - 89.7% (22137596 kB) free.
[1573375366] EXTERNAL COMMAND: SCHEDULE_FORCED_SVC_CHECK;pservercluster1;Memory;1573375365
[1573375436] EXTERNAL COMMAND: SCHEDULE_FORCED_SVC_CHECK;sservercluster1;Memory;1573375434
[1573375437] SERVICE ALERT: sservercluster1;Memory;OK;HARD;1;OK - 50.2% (12299800 kB) free.
[1573375442] EXTERNAL COMMAND: SCHEDULE_FORCED_SVC_CHECK;sservercluster1;Memory;1573375440
[1573375448] EXTERNAL COMMAND: SCHEDULE_FORCED_SVC_CHECK;sservercluster1;Memory;1573375446
[1573375788] SERVICE ALERT: redis-2;Memory;CRITICAL;SOFT;1;CRITICAL - 7.2% (9451056 kB) free!
[1573375908] SERVICE ALERT: redis-2;Memory;WARNING;SOFT;2;WARNING - 16.2% (21385584 kB) free!
[1573376028] SERVICE ALERT: redis-2;Memory;OK;HARD;1;OK - 21.9% (28858772 kB) free.
[1573376449] SERVICE ALERT: sigqscluster1;Memory;WARNING;SOFT;1;WARNING - 20.0% (9864412 kB) free!
[1573376569] SERVICE ALERT: sigqscluster1;Memory;WARNING;SOFT;2;WARNING - 19.9% (9784024 kB) free!
[1573376628] SERVICE ALERT: redis-2;Memory;CRITICAL;SOFT;1;CRITICAL - 4.7% (6248476 kB) free!
[1573376689] SERVICE NOTIFICATION: nagiosadmin;sigqscluster1;Memory;WARNING;notify-service-by-email;WARNING - 19.8% (9776972 kB) free!
[1573376689] SERVICE ALERT: sigqscluster1;Memory;WARNING;HARD;3;WARNING - 19.8% (9776972 kB) free!
[1573376749] SERVICE ALERT: redis-2;Memory;OK;HARD;1;OK - 22.9% (30245944 kB) free.
[1573377166] SERVICE ALERT: pservercluster1;Memory;CRITICAL;SOFT;1;CRITICAL - 0.7% (178404 kB) free!
[1573377286] SERVICE ALERT: pservercluster1;Memory;CRITICAL;SOFT;2;CRITICAL - 0.7% (183196 kB) free!
[1573377289] SERVICE NOTIFICATION: nagiosadmin;sigqscluster1;Memory;CRITICAL;notify-service-by-email;CRITICAL - 0.5% (227348 kB) free!
[1573377289] SERVICE ALERT: sigqscluster1;Memory;CRITICAL;HARD;3;CRITICAL - 0.5% (227348 kB) free!
[1573377348] SERVICE ALERT: redis-2;Memory;CRITICAL;SOFT;1;CRITICAL - 5.5% (7204420 kB) free!
[1573377406] SERVICE ALERT: pservercluster1;Memory;CRITICAL;HARD;3;CRITICAL - 0.8% (185340 kB) free!
[1573377468] SERVICE ALERT: redis-2;Memory;OK;HARD;1;OK - 23.1% (30508232 kB) free.
[1573378068] SERVICE ALERT: redis-2;Memory;CRITICAL;SOFT;1;CRITICAL - 8.0% (10512068 kB) free!
[1573378188] SERVICE ALERT: redis-2;Memory;CRITICAL;SOFT;2;CRITICAL - 5.0% (6565736 kB) free!
[1573378308] SERVICE ALERT: redis-2;Memory;OK;HARD;1;OK - 21.6% (28513228 kB) free.
[1573378421] SERVICE ALERT: sservercluster2;Memory;WARNING;SOFT;1;WARNING - 18.8% (4604940 kB) free!
[1573378427] Auto-save of retention data completed successfully.
[1573378541] SERVICE ALERT: sservercluster2;Memory;WARNING;SOFT;2;WARNING - 18.4% (4516776 kB) free!
[1573378661] SERVICE NOTIFICATION: nagiosadmin;sservercluster2;Memory;WARNING;notify-service-by-email;WARNING - 18.3% (4476224 kB) free!
[1573378661] SERVICE ALERT: sservercluster2;Memory;WARNING;HARD;3;WARNING - 18.3% (4476224 kB) free!
[1573378908] SERVICE ALERT: redis-2;Memory;CRITICAL;SOFT;1;CRITICAL - 3.4% (4473236 kB) free!
[1573379028] SERVICE ALERT: redis-2;Memory;OK;HARD;1;OK - 22.8% (30030540 kB) free.
[1573379628] SERVICE ALERT: redis-2;Memory;CRITICAL;SOFT;1;CRITICAL - 4.5% (5873532 kB) free!
[1573379748] SERVICE ALERT: redis-2;Memory;OK;HARD;1;OK - 22.6% (29776044 kB) free.
[1573380348] SERVICE ALERT: redis-2;Memory;CRITICAL;SOFT;1;CRITICAL - 5.2% (6918728 kB) free!
[1573380468] SERVICE ALERT: redis-2;Memory;CRITICAL;SOFT;2;CRITICAL - 2.3% (2998412 kB) free!
[1573380588] SERVICE ALERT: redis-2;Memory;OK;HARD;1;OK - 21.0% (27671352 kB) free.
[1573380781] EXTERNAL COMMAND: SCHEDULE_FORCED_SVC_CHECK;sigqscluster1;Memory;1573380778
[1573380781] SERVICE NOTIFICATION: nagiosadmin;sigqscluster1;Memory;OK;notify-service-by-email;OK - 76.3% (37585828 kB) free.
[1573380781] SERVICE ALERT: sigqscluster1;Memory;OK;HARD;1;OK - 76.3% (37585828 kB) free.
[1573380786] EXTERNAL COMMAND: SCHEDULE_FORCED_SVC_CHECK;sigqscluster1;Memory;1573380784
[1573380831] EXTERNAL COMMAND: SCHEDULE_FORCED_SVC_CHECK;pservercluster1;Memory;1573380826
[1573380831] SERVICE ALERT: pservercluster1;Memory;OK;HARD;1;OK - 83.2% (20534492 kB) free.
[1573380842] EXTERNAL COMMAND: SCHEDULE_FORCED_SVC_CHECK;pservercluster1;Memory;1573380836
[1573381188] SERVICE ALERT: redis-2;Memory;CRITICAL;SOFT;1;CRITICAL - 5.1% (6687412 kB) free!
[1573381308] SERVICE ALERT: redis-2;Memory;OK;HARD;1;OK - 22.3% (29415012 kB) free.
[1573381386] SERVICE ALERT: sigqscluster1;Memory;CRITICAL;SOFT;1;CRITICAL - 0.5% (250440 kB) free!
[1573381442] SERVICE ALERT: pservercluster1;Memory;CRITICAL;SOFT;1;CRITICAL - 0.7% (178216 kB) free!
[1573381506] SERVICE ALERT: sigqscluster1;Memory;CRITICAL;SOFT;2;CRITICAL - 0.5% (236688 kB) free!
[1573381562] SERVICE ALERT: pservercluster1;Memory;OK;HARD;1;OK - 56.6% (13957136 kB) free.
[1573381626] SERVICE FLAPPING ALERT: sigqscluster1;Memory;STARTED; Service appears to have started flapping (22.5% change >= 20.0% threshold)
[1573381626] SERVICE ALERT: sigqscluster1;Memory;CRITICAL;HARD;3;CRITICAL - 0.5% (237888 kB) free!
[1573381661] SERVICE NOTIFICATION: nagiosadmin;sservercluster2;Memory;OK;notify-service-by-email;OK - 88.6% (21717252 kB) free.
[1573381661] SERVICE ALERT: sservercluster2;Memory;OK;HARD;1;OK - 88.6% (21717252 kB) free.
[1573381909] SERVICE ALERT: redis-2;Memory;CRITICAL;SOFT;1;CRITICAL - 4.4% (5794868 kB) free!
[1573382027] Auto-save of retention data completed successfully.
[1573382029] SERVICE ALERT: redis-2;Memory;OK;HARD;1;OK - 22.2% (29206772 kB) free.
[1573382075] SERVICE ALERT: primary-server;Nginx Error Log Status;CRITICAL;SOFT;1;(12) < 2019/11/10 15:59:45 [error] 24130#0: *5274669 recv() failed (104: Connection reset by peer) while proxying connection, client: 180.179.244.32, server: 0.0.0.0:13000, upstream: "10.147.212.143:13000", bytes from/to client:42/0, bytes from/to upstream:0/42
[1573382162] SERVICE ALERT: pservercluster1;Memory;CRITICAL;SOFT;1;CRITICAL - 0.7% (182228 kB) free!
[1573382195] SERVICE ALERT: primary-server;Nginx Error Log Status;CRITICAL;SOFT;2;(17) < 2019/11/10 16:06:33 [error] 24134#0: *5277119 connect() failed (111: Connection refused) while connecting to upstream, client: 169.38.76.212, server: 0.0.0.0:13000, upstream: "10.147.212.142:13000", bytes from/to client:0/0, bytes from/to upstream:0/0
[1573382282] SERVICE ALERT: pservercluster1;Memory;CRITICAL;SOFT;2;CRITICAL - 0.8% (186124 kB) free!
[1573382315] SERVICE ALERT: primary-server;Nginx Error Log Status;OK;HARD;1;Log check ok - 0 pattern matches found
[1573382403] SERVICE ALERT: pservercluster1;Memory;CRITICAL;HARD;3;CRITICAL - 0.8% (196468 kB) free!
[1573382499] EXTERNAL COMMAND: SCHEDULE_FORCED_SVC_CHECK;pservercluster1;Memory;1573382497
[1573382500] SERVICE ALERT: pservercluster1;Memory;OK;HARD;1;OK - 87.0% (21471736 kB) free.
[1573382505] EXTERNAL COMMAND: SCHEDULE_FORCED_SVC_CHECK;pservercluster1;Memory;1573382503
[1573382509] EXTERNAL COMMAND: SCHEDULE_FORCED_SVC_CHECK;pservercluster1;Memory;1573382508
[1573382572] EXTERNAL COMMAND: SCHEDULE_FORCED_SVC_CHECK;sigqscluster1;Memory;1573382570
[1573382572] SERVICE ALERT: sigqscluster1;Memory;OK;HARD;1;OK - 79.8% (39341052 kB) free.
[1573382585] EXTERNAL COMMAND: SCHEDULE_FORCED_SVC_CHECK;sigqscluster1;Memory;1573382582
[1573382629] SERVICE ALERT: redis-2;Memory;CRITICAL;SOFT;1;CRITICAL - 4.0% (5309304 kB) free!
[1573382749] SERVICE ALERT: redis-2;Memory;OK;HARD;1;OK - 21.9% (28907492 kB) free.
[1573382807] SERVICE ALERT: secondary-server;Memory Status;WARNING;SOFT;1;WARNING - 19.8% (4846920 kB) free!
[1573382916] SERVICE ALERT: primary-server;Nginx Error Log Status;CRITICAL;SOFT;1;(14) < 2019/11/10 16:13:38 [error] 24132#0: *5277605 connect() failed (111: Connection refused) while connecting to upstream, client: 94.237.68.73, server: 0.0.0.0:13000, upstream: "10.147.212.155:13000", bytes from/to client:0/0, bytes from/to upstream:0/0
[1573382927] SERVICE ALERT: secondary-server;Memory Status;WARNING;SOFT;2;WARNING - 19.7% (4818544 kB) free!
[1573383036] SERVICE ALERT: primary-server;Nginx Error Log Status;OK;HARD;1;Log check ok - 0 pattern matches found
[1573383047] SERVICE NOTIFICATION: nagiosadmin;secondary-server;Memory Status;WARNING;notify-service-by-email;WARNING - 19.5% (4779496 kB) free!
[1573383047] SERVICE ALERT: secondary-server;Memory Status;WARNING;HARD;3;WARNING - 19.5% (4779496 kB) free!
[1573383110] SERVICE ALERT: pservercluster1;Memory;CRITICAL;SOFT;1;CRITICAL - 0.8% (193588 kB) free!
[1573383185] SERVICE ALERT: sigqscluster1;Memory;CRITICAL;SOFT;1;CRITICAL - 0.5% (230156 kB) free!
[1573383230] SERVICE ALERT: pservercluster1;Memory;CRITICAL;SOFT;2;CRITICAL - 0.7% (171824 kB) free!
[1573383305] SERVICE ALERT: sigqscluster1;Memory;CRITICAL;SOFT;2;CRITICAL - 0.5% (232424 kB) free!
[1573383349] SERVICE ALERT: redis-2;Memory;CRITICAL;SOFT;1;CRITICAL - 5.2% (6820116 kB) free!
[1573383350] SERVICE ALERT: pservercluster1;Memory;CRITICAL;HARD;3;CRITICAL - 0.7% (173420 kB) free!
[1573383425] SERVICE ALERT: sigqscluster1;Memory;CRITICAL;HARD;3;CRITICAL - 0.5% (245268 kB) free!
[1573383469] SERVICE ALERT: redis-2;Memory;CRITICAL;SOFT;2;CRITICAL - 2.0% (2575388 kB) free!
[1573383589] SERVICE NOTIFICATION: nagiosadmin;redis-2;Memory;WARNING;notify-service-by-email;WARNING - 20.0% (26300928 kB) free!
[1573383589] SERVICE ALERT: redis-2;Memory;WARNING;HARD;3;WARNING - 20.0% (26300928 kB) free!
[1573383621] EXTERNAL COMMAND: SCHEDULE_FORCED_SVC_CHECK;sigqscluster1;Memory;1573383619
[1573383622] SERVICE ALERT: sigqscluster1;Memory;OK;HARD;1;OK - 78.0% (38443492 kB) free.
[1573383627] EXTERNAL COMMAND: SCHEDULE_FORCED_SVC_CHECK;sigqscluster1;Memory;1573383624
[1573383636] SERVICE ALERT: primary-server;Nginx Error Log Status;CRITICAL;SOFT;1;(10) < 2019/11/10 16:24:03 [error] 24130#0: *5278657 recv() failed (104: Connection reset by peer) while proxying connection, client: 180.179.244.32, server: 0.0.0.0:13000, upstream: "10.147.212.154:13000", bytes from/to client:42/0, bytes from/to upstream:0/42
[1573383670] EXTERNAL COMMAND: SCHEDULE_FORCED_SVC_CHECK;pservercluster1;Memory;1573383668
[1573383670] SERVICE ALERT: pservercluster1;Memory;OK;HARD;1;OK - 87.1% (21504504 kB) free.
[1573383676] EXTERNAL COMMAND: SCHEDULE_FORCED_SVC_CHECK;pservercluster1;Memory;1573383674
[1573383756] SERVICE ALERT: primary-server;Nginx Error Log Status;OK;HARD;1;Log check ok - 0 pattern matches found
[1573384189] SERVICE NOTIFICATION: nagiosadmin;redis-2;Memory;CRITICAL;notify-service-by-email;CRITICAL - 0.3% (378400 kB) free!
[1573384189] SERVICE ALERT: redis-2;Memory;CRITICAL;HARD;3;CRITICAL - 0.3% (378400 kB) free!
[1573384227] SERVICE ALERT: sigqscluster1;Memory;CRITICAL;SOFT;1;CRITICAL - 0.5% (258628 kB) free!
[1573384276] SERVICE ALERT: pservercluster1;Memory;CRITICAL;SOFT;1;CRITICAL - 0.7% (183648 kB) free!
[1573384347] SERVICE ALERT: sigqscluster1;Memory;CRITICAL;SOFT;2;CRITICAL - 0.5% (242348 kB) free!
[1573384396] SERVICE ALERT: pservercluster1;Memory;CRITICAL;SOFT;2;CRITICAL - 0.7% (168224 kB) free!
[1573384468] SERVICE ALERT: sigqscluster1;Memory;CRITICAL;HARD;3;CRITICAL - 0.5% (235668 kB) free!
[1573384516] SERVICE ALERT: pservercluster1;Memory;CRITICAL;HARD;3;CRITICAL - 0.8% (191124 kB) free!
[1573385389] SERVICE NOTIFICATION: nagiosadmin;redis-2;Memory;WARNING;notify-service-by-email;WARNING - 10.1% (13363616 kB) free!
[1573385389] SERVICE ALERT: redis-2;Memory;WARNING;HARD;3;WARNING - 10.1% (13363616 kB) free!
[1573385627] Auto-save of retention data completed successfully.
[1573385648] SERVICE FLAPPING ALERT: sservercluster1;Memory;STOPPED; Service appears to have stopped flapping (3.8% change < 5.0% threshold)
[1573385648] SERVICE NOTIFICATION: nagiosadmin;sservercluster1;Memory;OK;notify-service-by-email;OK - 31.2% (7637484 kB) free.
[1573386099] EXTERNAL COMMAND: SCHEDULE_FORCED_SVC_CHECK;pservercluster1;Memory;1573386097
[1573386100] SERVICE ALERT: pservercluster1;Memory;OK;HARD;1;OK - 68.0% (16771552 kB) free.
[1573386113] EXTERNAL COMMAND: SCHEDULE_FORCED_SVC_CHECK;pservercluster1;Memory;1573386107
[1573386178] EXTERNAL COMMAND: SCHEDULE_FORCED_SVC_CHECK;sigqscluster1;Memory;1573386176
[1573386178] SERVICE ALERT: sigqscluster1;Memory;OK;HARD;1;OK - 80.0% (39407092 kB) free.
[1573386185] EXTERNAL COMMAND: SCHEDULE_FORCED_SVC_CHECK;sigqscluster1;Memory;1573386183
[1573386190] EXTERNAL COMMAND: SCHEDULE_FORCED_SVC_CHECK;sigqscluster1;Memory;1573386188
[1573386647] SERVICE NOTIFICATION: nagiosadmin;secondary-server;Memory Status;WARNING;notify-service-by-email;WARNING - 14.0% (3443156 kB) free!
[1573386713] SERVICE ALERT: pservercluster1;Memory;CRITICAL;SOFT;1;CRITICAL - 0.7% (174832 kB) free!
[1573386790] SERVICE ALERT: sigqscluster1;Memory;CRITICAL;SOFT;1;CRITICAL - 0.4% (218200 kB) free!
[1573386833] SERVICE ALERT: pservercluster1;Memory;CRITICAL;SOFT;2;CRITICAL - 0.7% (178628 kB) free!
[1573386910] SERVICE ALERT: sigqscluster1;Memory;CRITICAL;SOFT;2;CRITICAL - 0.5% (237460 kB) free!
[1573386954] SERVICE ALERT: pservercluster1;Memory;CRITICAL;HARD;3;CRITICAL - 0.7% (179796 kB) free!
[1573387030] SERVICE ALERT: sigqscluster1;Memory;CRITICAL;HARD;3;CRITICAL - 0.5% (236308 kB) free!
[1573387189] SERVICE FLAPPING ALERT: redis-2;Memory;STARTED; Service appears to have started flapping (23.2% change >= 20.0% threshold)
[1573387189] SERVICE ALERT: redis-2;Memory;OK;HARD;1;OK - 21.2% (27898152 kB) free.
[1573387789] SERVICE ALERT: redis-2;Memory;CRITICAL;SOFT;1;CRITICAL - 4.6% (6058784 kB) free!
[1573387909] SERVICE ALERT: redis-2;Memory;OK;HARD;1;OK - 21.0% (27684308 kB) free.
[1573388510] SERVICE ALERT: redis-2;Memory;CRITICAL;SOFT;1;CRITICAL - 5.0% (6562616 kB) free!
[1573388630] SERVICE ALERT: redis-2;Memory;OK;HARD;1;OK - 20.9% (27547960 kB) free.
[1573389227] Auto-save of retention data completed successfully.
[1573389230] SERVICE ALERT: redis-2;Memory;CRITICAL;SOFT;1;CRITICAL - 4.0% (5244128 kB) free!
[1573389350] SERVICE ALERT: redis-2;Memory;OK;HARD;1;OK - 20.8% (27360236 kB) free.
[1573389572] EXTERNAL COMMAND: SCHEDULE_FORCED_SVC_CHECK;sigqscluster1;Memory;1573389570
[1573389573] SERVICE ALERT: sigqscluster1;Memory;OK;HARD;1;OK - 81.1% (39954768 kB) free.
[1573389578] EXTERNAL COMMAND: SCHEDULE_FORCED_SVC_CHECK;sigqscluster1;Memory;1573389576
[1573389620] EXTERNAL COMMAND: SCHEDULE_FORCED_SVC_CHECK;pservercluster1;Memory;1573389618
[1573389620] SERVICE ALERT: pservercluster1;Memory;OK;HARD;1;OK - 79.1% (19518228 kB) free.
[1573389624] EXTERNAL COMMAND: SCHEDULE_FORCED_SVC_CHECK;pservercluster1;Memory;1573389623
[1573389629] EXTERNAL COMMAND: SCHEDULE_FORCED_SVC_CHECK;pservercluster1;Memory;1573389628
[1573389950] SERVICE ALERT: redis-2;Memory;CRITICAL;SOFT;1;CRITICAL - 4.3% (5710448 kB) free!
[1573390070] SERVICE ALERT: redis-2;Memory;OK;HARD;1;OK - 20.7% (27248104 kB) free.
[1573390230] SERVICE ALERT: pservercluster1;Memory;CRITICAL;SOFT;1;CRITICAL - 0.7% (183076 kB) free!
[1573390248] SERVICE NOTIFICATION: nagiosadmin;secondary-server;Memory Status;WARNING;notify-service-by-email;WARNING - 11.7% (2859408 kB) free!
[1573390350] SERVICE ALERT: pservercluster1;Memory;CRITICAL;SOFT;2;CRITICAL - 0.7% (170092 kB) free!
[1573390470] SERVICE ALERT: pservercluster1;Memory;CRITICAL;HARD;3;CRITICAL - 0.8% (196052 kB) free!
[1573390670] SERVICE ALERT: redis-2;Memory;CRITICAL;SOFT;1;CRITICAL - 3.7% (4931472 kB) free!
[1573390778] SERVICE ALERT: sigqscluster1;Memory;CRITICAL;SOFT;1;CRITICAL - 0.5% (246156 kB) free!
[1573390790] SERVICE ALERT: redis-2;Memory;WARNING;SOFT;2;WARNING - 19.9% (26191340 kB) free!
[1573390898] SERVICE ALERT: sigqscluster1;Memory;CRITICAL;SOFT;2;CRITICAL - 0.5% (229316 kB) free!
[1573390910] SERVICE ALERT: redis-2;Memory;WARNING;HARD;3;WARNING - 16.4% (21593788 kB) free!
[1573391018] SERVICE ALERT: sigqscluster1;Memory;CRITICAL;HARD;3;CRITICAL - 0.5% (245556 kB) free!
[1573391048] SERVICE ALERT: sservercluster1;Memory;WARNING;SOFT;1;WARNING - 19.8% (4852708 kB) free!
[1573391168] SERVICE ALERT: sservercluster1;Memory;WARNING;SOFT;2;WARNING - 19.6% (4804272 kB) free!
[1573391275] EXTERNAL COMMAND: SCHEDULE_FORCED_SVC_CHECK;pservercluster1;Memory;1573391271
[1573391275] SERVICE ALERT: pservercluster1;Memory;OK;HARD;1;OK - 78.4% (19349000 kB) free.
[1573391280] EXTERNAL COMMAND: SCHEDULE_FORCED_SVC_CHECK;pservercluster1;Memory;1573391278
[1573391288] SERVICE NOTIFICATION: nagiosadmin;sservercluster1;Memory;WARNING;notify-service-by-email;WARNING - 19.4% (4764456 kB) free!
[1573391288] SERVICE ALERT: sservercluster1;Memory;WARNING;HARD;3;WARNING - 19.4% (4764456 kB) free!
[1573391297] EXTERNAL COMMAND: SCHEDULE_FORCED_SVC_CHECK;sigqscluster1;Memory;1573391295
[1573391297] SERVICE ALERT: sigqscluster1;Memory;OK;HARD;1;OK - 80.8% (39821144 kB) free.
[1573391302] EXTERNAL COMMAND: SCHEDULE_FORCED_SVC_CHECK;sigqscluster1;Memory;1573391300
[1573391306] EXTERNAL COMMAND: SCHEDULE_FORCED_SVC_CHECK;sigqscluster1;Memory;1573391305
[1573391880] SERVICE ALERT: pservercluster1;Memory;CRITICAL;SOFT;1;CRITICAL - 0.8% (185896 kB) free!
[1573391906] SERVICE ALERT: sigqscluster1;Memory;CRITICAL;SOFT;1;CRITICAL - 0.5% (256544 kB) free!
[1573392000] SERVICE ALERT: pservercluster1;Memory;CRITICAL;SOFT;2;CRITICAL - 0.8% (197976 kB) free!
[1573392027] SERVICE ALERT: sigqscluster1;Memory;CRITICAL;SOFT;2;CRITICAL - 0.5% (228220 kB) free!
[1573392110] SERVICE ALERT: redis-2;Memory;CRITICAL;HARD;3;CRITICAL - 3.4% (4523372 kB) free!
[1573392121] SERVICE ALERT: pservercluster1;Memory;CRITICAL;HARD;3;CRITICAL - 0.7% (168312 kB) free!
[1573392147] SERVICE ALERT: sigqscluster1;Memory;CRITICAL;HARD;3;CRITICAL - 0.4% (216508 kB) free!
[1573392827] Auto-save of retention data completed successfully.
[1573393138] EXTERNAL COMMAND: SCHEDULE_FORCED_SVC_CHECK;sigqscluster1;Memory;1573393137
[1573393139] SERVICE ALERT: sigqscluster1;Memory;OK;HARD;1;OK - 79.7% (39266736 kB) free.
[1573393143] EXTERNAL COMMAND: SCHEDULE_FORCED_SVC_CHECK;sigqscluster1;Memory;1573393142
[1573393148] EXTERNAL COMMAND: SCHEDULE_FORCED_SVC_CHECK;sigqscluster1;Memory;1573393146
[1573393195] EXTERNAL COMMAND: SCHEDULE_FORCED_SVC_CHECK;pservercluster1;Memory;1573393194
[1573393196] SERVICE ALERT: pservercluster1;Memory;OK;HARD;1;OK - 87.6% (21625516 kB) free.
[1573393201] EXTERNAL COMMAND: SCHEDULE_FORCED_SVC_CHECK;pservercluster1;Memory;1573393199
[1573393247] EXTERNAL COMMAND: SCHEDULE_FORCED_SVC_CHECK;redis-2;Memory;1573393245
[1573393247] SERVICE ALERT: redis-2;Memory;OK;HARD;1;OK - 45.2% (59601200 kB) free.
[1573393255] EXTERNAL COMMAND: SCHEDULE_FORCED_SVC_CHECK;redis-2;Memory;1573393252
[1573393260] EXTERNAL COMMAND: SCHEDULE_FORCED_SVC_CHECK;redis-2;Memory;1573393258
[1573393748] SERVICE ALERT: sigqscluster1;Memory;CRITICAL;SOFT;1;CRITICAL - 0.4% (220596 kB) free!
[1573393801] SERVICE ALERT: pservercluster1;Memory;CRITICAL;SOFT;1;CRITICAL - 0.8% (185580 kB) free!
[1573393847] SERVICE NOTIFICATION: nagiosadmin;secondary-server;Memory Status;CRITICAL;notify-service-by-email;CRITICAL - 9.9% (2415712 kB) free!
[1573393847] SERVICE ALERT: secondary-server;Memory Status;CRITICAL;HARD;3;CRITICAL - 9.9% (2415712 kB) free!
[1573393868] SERVICE ALERT: sigqscluster1;Memory;CRITICAL;SOFT;2;CRITICAL - 0.5% (251996 kB) free!
[1573393921] SERVICE ALERT: pservercluster1;Memory;CRITICAL;SOFT;2;CRITICAL - 0.8% (197988 kB) free!
[1573393988] SERVICE ALERT: sigqscluster1;Memory;CRITICAL;HARD;3;CRITICAL - 0.4% (219500 kB) free!
[1573394041] SERVICE ALERT: pservercluster1;Memory;CRITICAL;HARD;3;CRITICAL - 0.8% (187852 kB) free!
[1573394888] SERVICE NOTIFICATION: nagiosadmin;sservercluster1;Memory;WARNING;notify-service-by-email;WARNING - 12.3% (3011624 kB) free!
[1573395157] SERVICE ALERT: primary-server;Nginx Error Log Status;CRITICAL;SOFT;1;(4) < 2019/11/10 19:41:09 [error] 24130#0: *5315257 recv() failed (104: Connection reset by peer) while proxying connection, client: 182.18.182.41, server: 0.0.0.0:3001, upstream: "10.147.212.142:3001", bytes from/to client:37/0, bytes from/to upstream:0/37
[1573395277] SERVICE ALERT: primary-server;Nginx Error Log Status;OK;HARD;1;Log check ok - 0 pattern matches found
[1573395877] SERVICE ALERT: primary-server;Nginx Error Log Status;CRITICAL;SOFT;1;(13) < 2019/11/10 19:54:28 [error] 24130#0: *5317782 recv() failed (104: Connection reset by peer) while proxying connection, client: 182.18.182.41, server: 0.0.0.0:3001, upstream: "10.147.212.142:3001", bytes from/to client:37/0, bytes from/to upstream:0/37
[1573395997] SERVICE ALERT: primary-server;Nginx Error Log Status;CRITICAL;SOFT;2;(4) < 2019/11/10 19:56:30 [error] 24134#0: *5318176 recv() failed (104: Connection reset by peer) while proxying connection, client: 182.18.182.41, server: 0.0.0.0:3001, upstream: "10.147.212.155:3001", bytes from/to client:37/0, bytes from/to upstream:0/37
[1573396088] SERVICE NOTIFICATION: nagiosadmin;sservercluster1;Memory;CRITICAL;notify-service-by-email;CRITICAL - 9.4% (2291920 kB) free!
[1573396088] SERVICE ALERT: sservercluster1;Memory;CRITICAL;HARD;3;CRITICAL - 9.4% (2291920 kB) free!
[1573396117] SERVICE NOTIFICATION: nagiosadmin;primary-server;Nginx Error Log Status;CRITICAL;notify-service-by-email;(3) < 2019/11/10 19:58:13 [error] 24130#0: *5318494 recv() failed (104: Connection reset by peer) while proxying connection, client: 182.18.182.41, server: 0.0.0.0:3001, upstream: "10.147.212.142:3001", bytes from/to client:37/0, bytes from/to upstream:0/37
[1573396117] SERVICE ALERT: primary-server;Nginx Error Log Status;CRITICAL;HARD;3;(3) < 2019/11/10 19:58:13 [error] 24130#0: *5318494 recv() failed (104: Connection reset by peer) while proxying connection, client: 182.18.182.41, server: 0.0.0.0:3001, upstream: "10.147.212.142:3001", bytes from/to client:37/0, bytes from/to upstream:0/37
[1573396427] Auto-save of retention data completed successfully.
[1573396881] EXTERNAL COMMAND: SCHEDULE_FORCED_SVC_CHECK;pservercluster1;Memory;1573396880
[1573396882] SERVICE ALERT: pservercluster1;Memory;OK;HARD;1;OK - 87.3% (21554948 kB) free.
[1573396887] EXTERNAL COMMAND: SCHEDULE_FORCED_SVC_CHECK;pservercluster1;Memory;1573396886
[1573396917] EXTERNAL COMMAND: SCHEDULE_FORCED_SVC_CHECK;secondary-server;Memory Status;1573396916
[1573396917] SERVICE NOTIFICATION: nagiosadmin;secondary-server;Memory Status;OK;notify-service-by-email;OK - 92.4% (22638344 kB) free.
[1573396917] SERVICE ALERT: secondary-server;Memory Status;OK;HARD;1;OK - 92.4% (22638344 kB) free.
[1573396921] EXTERNAL COMMAND: SCHEDULE_FORCED_SVC_CHECK;secondary-server;Memory Status;1573396920
[1573396926] EXTERNAL COMMAND: SCHEDULE_FORCED_SVC_CHECK;secondary-server;Memory Status;1573396925
[1573396962] EXTERNAL COMMAND: SCHEDULE_FORCED_SVC_CHECK;sigqscluster1;Memory;1573396960
[1573396962] SERVICE ALERT: sigqscluster1;Memory;OK;HARD;1;OK - 80.0% (39426076 kB) free.
[1573396967] EXTERNAL COMMAND: SCHEDULE_FORCED_SVC_CHECK;sigqscluster1;Memory;1573396966
[1573397019] EXTERNAL COMMAND: SCHEDULE_FORCED_SVC_CHECK;sservercluster1;Memory;1573397018
[1573397019] SERVICE NOTIFICATION: nagiosadmin;sservercluster1;Memory;OK;notify-service-by-email;OK - 50.7% (12431112 kB) free.
[1573397019] SERVICE ALERT: sservercluster1;Memory;OK;HARD;1;OK - 50.7% (12431112 kB) free.
[1573397023] EXTERNAL COMMAND: SCHEDULE_FORCED_SVC_CHECK;sservercluster1;Memory;1573397022
[1573397029] EXTERNAL COMMAND: SCHEDULE_FORCED_SVC_CHECK;sservercluster1;Memory;1573397026
[1573397255] SERVICE ALERT: secondary-server;Nginx Error Log Status;CRITICAL;SOFT;1;(122) < 2019/11/10 20:17:28 [error] 23644#0: *2229502 recv() failed (104: Connection reset by peer) while proxying connection, client: 103.255.146.164, server: 0.0.0.0:4000, upstream: "10.147.212.38:4000", bytes from/to client:56/17, bytes from/to upstream:17/56
[1573397375] SERVICE ALERT: secondary-server;Nginx Error Log Status;CRITICAL;SOFT;2;(58) < 2019/11/10 20:19:02 [error] 23645#0: *2230003 recv() failed (104: Connection reset by peer) while proxying connection, client: 103.255.146.164, server: 0.0.0.0:4000, upstream: "10.147.212.37:4000", bytes from/to client:56/17, bytes from/to upstream:17/56
[1573397488] SERVICE ALERT: pservercluster1;Memory;CRITICAL;SOFT;1;CRITICAL - 0.8% (190336 kB) free!
[1573397495] SERVICE ALERT: secondary-server;Nginx Error Log Status;OK;HARD;1;Log check ok - 0 pattern matches found
[1573397567] SERVICE ALERT: sigqscluster1;Memory;CRITICAL;SOFT;1;CRITICAL - 0.4% (211748 kB) free!
[1573397608] SERVICE ALERT: pservercluster1;Memory;CRITICAL;SOFT;2;CRITICAL - 0.7% (177776 kB) free!
[1573397687] SERVICE ALERT: sigqscluster1;Memory;CRITICAL;SOFT;2;CRITICAL - 0.5% (238864 kB) free!
[1573397728] SERVICE ALERT: pservercluster1;Memory;CRITICAL;HARD;3;CRITICAL - 0.8% (195576 kB) free!
[1573397807] SERVICE ALERT: sigqscluster1;Memory;CRITICAL;HARD;3;CRITICAL - 0.5% (240344 kB) free!
[1573398792] SERVICE ALERT: sservercluster2;CPU_Procs;CRITICAL;SOFT;1;CPU CRITICAL: 1 crit, 0 warn out of 422 processes
[1573398913] SERVICE ALERT: sservercluster2;CPU_Procs;OK;HARD;1;CPU OK: 433 processes
[1573399717] SERVICE NOTIFICATION: nagiosadmin;primary-server;Nginx Error Log Status;CRITICAL;notify-service-by-email;(232) < 2019/11/10 20:58:16 [error] 24135#0: *5335497 upstream timed out (110: Connection timed out) while connecting to upstream, client: 203.212.70.170, server: 0.0.0.0:3001, upstream: "10.147.212.142:3001", bytes from/to client:0/0, bytes from/to upstream:0/0
[1573400027] Auto-save of retention data completed successfully.
[1573400112] SERVICE ALERT: sservercluster2;CPU_Procs;CRITICAL;SOFT;1;CPU CRITICAL: 1 crit, 0 warn out of 341 processes
[1573400232] SERVICE ALERT: sservercluster2;CPU_Procs;OK;HARD;1;CPU OK: 375 processes
[1573400469] EXTERNAL COMMAND: SCHEDULE_FORCED_SVC_CHECK;pservercluster1;Memory;1573400468
[1573400470] SERVICE ALERT: pservercluster1;Memory;OK;HARD;1;OK - 91.9% (22687204 kB) free.
[1573400474] EXTERNAL COMMAND: SCHEDULE_FORCED_SVC_CHECK;pservercluster1;Memory;1573400473
[1573400479] EXTERNAL COMMAND: SCHEDULE_FORCED_SVC_CHECK;pservercluster1;Memory;1573400478
[1573400531] EXTERNAL COMMAND: SCHEDULE_FORCED_SVC_CHECK;sigqscluster1;Memory;1573400530
[1573400532] SERVICE ALERT: sigqscluster1;Memory;OK;HARD;1;OK - 78.1% (38476568 kB) free.
[1573400538] EXTERNAL COMMAND: SCHEDULE_FORCED_SVC_CHECK;sigqscluster1;Memory;1573400535
[1573401079] SERVICE ALERT: pservercluster1;Memory;CRITICAL;SOFT;1;CRITICAL - 0.7% (175492 kB) free!
[1573401138] SERVICE ALERT: sigqscluster1;Memory;CRITICAL;SOFT;1;CRITICAL - 0.5% (242812 kB) free!
[1573401199] SERVICE ALERT: pservercluster1;Memory;CRITICAL;SOFT;2;CRITICAL - 0.8% (193808 kB) free!
[1573401258] SERVICE ALERT: sigqscluster1;Memory;CRITICAL;SOFT;2;CRITICAL - 0.5% (250676 kB) free!
[1573401320] SERVICE ALERT: pservercluster1;Memory;CRITICAL;HARD;3;CRITICAL - 0.7% (173472 kB) free!
[1573401378] SERVICE ALERT: sigqscluster1;Memory;CRITICAL;HARD;3;CRITICAL - 0.5% (221988 kB) free!
[1573402860] SERVICE FLAPPING ALERT: redis-2;Memory;STOPPED; Service appears to have stopped flapping (3.9% change < 5.0% threshold)
[1573403317] SERVICE NOTIFICATION: nagiosadmin;primary-server;Nginx Error Log Status;CRITICAL;notify-service-by-email;(187) < 2019/11/10 21:55:30 [error] 24133#0: *5365982 recv() failed (104: Connection reset by peer) while proxying connection, client: 203.212.70.170, server: 0.0.0.0:3001, upstream: "10.147.212.155:3001", bytes from/to client:67/17, bytes from/to upstream:17/67
[1573403627] Auto-save of retention data completed successfully.
[1573403866] EXTERNAL COMMAND: SCHEDULE_FORCED_SVC_CHECK;sigqscluster1;Memory;1573403864
[1573403866] SERVICE ALERT: sigqscluster1;Memory;OK;HARD;1;OK - 79.9% (39369192 kB) free.
[1573403903] EXTERNAL COMMAND: SCHEDULE_FORCED_SVC_CHECK;pservercluster1;Memory;1573403901
[1573403903] SERVICE ALERT: pservercluster1;Memory;OK;HARD;1;OK - 89.2% (22013624 kB) free.
[1573403910] EXTERNAL COMMAND: SCHEDULE_FORCED_SVC_CHECK;pservercluster1;Memory;1573403907
[1573404466] SERVICE ALERT: sigqscluster1;Memory;CRITICAL;SOFT;1;CRITICAL - 0.5% (237032 kB) free!
[1573404510] SERVICE ALERT: pservercluster1;Memory;CRITICAL;SOFT;1;CRITICAL - 0.7% (166232 kB) free!
[1573404586] SERVICE ALERT: sigqscluster1;Memory;CRITICAL;SOFT;2;CRITICAL - 0.5% (253968 kB) free!
[1573404630] SERVICE ALERT: pservercluster1;Memory;CRITICAL;SOFT;2;CRITICAL - 0.8% (193376 kB) free!
[1573404706] SERVICE ALERT: sigqscluster1;Memory;CRITICAL;HARD;3;CRITICAL - 0.5% (232680 kB) free!
[1573404750] SERVICE ALERT: pservercluster1;Memory;CRITICAL;HARD;3;CRITICAL - 0.8% (200744 kB) free!
[1573405117] SERVICE NOTIFICATION: nagiosadmin;primary-server;Nginx Error Log Status;OK;notify-service-by-email;Log check ok - 0 pattern matches found
[1573405117] SERVICE ALERT: primary-server;Nginx Error Log Status;OK;HARD;1;Log check ok - 0 pattern matches found
[1573407227] Auto-save of retention data completed successfully.
[1573408191] SERVICE ALERT: smscapp2;Memory;WARNING;SOFT;1;WARNING - 19.9% (9801744 kB) free!
[1573408311] SERVICE ALERT: smscapp2;Memory;WARNING;SOFT;2;WARNING - 19.8% (9781240 kB) free!
[1573408431] SERVICE NOTIFICATION: nagiosadmin;smscapp2;Memory;WARNING;notify-service-by-email;WARNING - 19.8% (9749592 kB) free!
[1573408431] SERVICE ALERT: smscapp2;Memory;WARNING;HARD;3;WARNING - 19.8% (9749592 kB) free!
[1573408631] EXTERNAL COMMAND: SCHEDULE_FORCED_HOST_CHECK;pservercluster1;1573408629
[1573408906] SERVICE ALERT: sigqscluster1;Memory;OK;HARD;1;OK - 60.6% (29851120 kB) free.
[1573409506] SERVICE ALERT: sigqscluster1;Memory;CRITICAL;SOFT;1;CRITICAL - 0.4% (215128 kB) free!
[1573409626] SERVICE ALERT: sigqscluster1;Memory;CRITICAL;SOFT;2;CRITICAL - 0.5% (270464 kB) free!
[1573409747] SERVICE ALERT: sigqscluster1;Memory;CRITICAL;HARD;3;CRITICAL - 0.5% (241476 kB) free!
