[1546626600] LOG ROTATION: DAILY
[1546626600] LOG VERSION: 2.0
[1546626600] CURRENT HOST STATE: db1;UP;HARD;1;PING OK - Packet loss = 0%, RTA = 0.47 ms
[1546626600] CURRENT HOST STATE: db2;UP;HARD;1;PING OK - Packet loss = 0%, RTA = 0.40 ms
[1546626600] CURRENT HOST STATE: primary-server;UP;HARD;1;PING OK - Packet loss = 0%, RTA = 0.43 ms
[1546626600] CURRENT HOST STATE: pservercluster1;UP;HARD;1;PING OK - Packet loss = 0%, RTA = 0.46 ms
[1546626600] CURRENT HOST STATE: pservercluster2;UP;HARD;1;PING OK - Packet loss = 0%, RTA = 0.35 ms
[1546626600] CURRENT HOST STATE: qservercluster1;UP;HARD;1;PING OK - Packet loss = 0%, RTA = 0.26 ms
[1546626600] CURRENT HOST STATE: qservercluster2;UP;HARD;1;PING OK - Packet loss = 0%, RTA = 0.25 ms
[1546626600] CURRENT HOST STATE: secondary-server;UP;HARD;1;PING OK - Packet loss = 0%, RTA = 0.45 ms
[1546626600] CURRENT HOST STATE: sig1;UP;HARD;1;PING OK - Packet loss = 0%, RTA = 0.43 ms
[1546626600] CURRENT HOST STATE: sig2;UP;HARD;1;PING OK - Packet loss = 0%, RTA = 0.45 ms
[1546626600] CURRENT HOST STATE: sig3;UP;HARD;1;PING OK - Packet loss = 0%, RTA = 0.48 ms
[1546626600] CURRENT HOST STATE: sig4;UP;HARD;1;PING OK - Packet loss = 0%, RTA = 0.38 ms
[1546626600] CURRENT HOST STATE: sig5;UP;HARD;1;PING OK - Packet loss = 0%, RTA = 0.43 ms
[1546626600] CURRENT HOST STATE: sig6;UP;HARD;1;PING OK - Packet loss = 0%, RTA = 0.40 ms
[1546626600] CURRENT HOST STATE: sigqscluster1;UP;HARD;1;PING OK - Packet loss = 0%, RTA = 0.31 ms
[1546626600] CURRENT HOST STATE: sigqscluster2;UP;HARD;1;PING OK - Packet loss = 0%, RTA = 0.28 ms
[1546626600] CURRENT HOST STATE: smscapp1;UP;HARD;1;PING OK - Packet loss = 0%, RTA = 0.27 ms
[1546626600] CURRENT HOST STATE: smscapp2;UP;HARD;1;PING OK - Packet loss = 0%, RTA = 0.26 ms
[1546626600] CURRENT HOST STATE: sservercluster1;UP;HARD;1;PING OK - Packet loss = 0%, RTA = 0.43 ms
[1546626600] CURRENT HOST STATE: sservercluster2;UP;HARD;1;PING OK - Packet loss = 0%, RTA = 0.49 ms
[1546626600] CURRENT HOST STATE: webserver1;UP;HARD;1;PING OK - Packet loss = 0%, RTA = 0.45 ms
[1546626600] CURRENT HOST STATE: webserver2;UP;HARD;1;PING OK - Packet loss = 0%, RTA = 0.08 ms
[1546626600] CURRENT HOST STATE: webservercluster1;UP;HARD;1;PING OK - Packet loss = 0%, RTA = 0.40 ms
[1546626600] CURRENT HOST STATE: webservercluster2;UP;HARD;1;PING OK - Packet loss = 0%, RTA = 0.46 ms
[1546626600] CURRENT SERVICE STATE: db1;CPU Load;OK;HARD;1;OK - load average: 0.01, 0.05, 0.05
[1546626600] CURRENT SERVICE STATE: db1;CPU_Procs;OK;HARD;1;CPU OK: 327 processes
[1546626600] CURRENT SERVICE STATE: db1;Current Users;OK;HARD;1;USERS OK - 3 users currently logged in
[1546626600] CURRENT SERVICE STATE: db1;HDD_Home status;OK;HARD;1;DISK OK - free space: /home 207519 MB (99% inode=99%):
[1546626600] CURRENT SERVICE STATE: db1;HDD_Root status;OK;HARD;1;DISK OK - free space: / 23839 MB (46% inode=99%):
[1546626600] CURRENT SERVICE STATE: db1;LocalService-NTPD SERVICE;OK;HARD;1;PROCS OK: 1 process with command name 'ntpd'
[1546626600] CURRENT SERVICE STATE: db1;Mariadb status;OK;HARD;1;PROCS OK: 1 process with command name 'mysqld'
[1546626600] CURRENT SERVICE STATE: db1;Memory;OK;HARD;1;OK - 46.2% (22758952 kB) free.
[1546626600] CURRENT SERVICE STATE: db1;Sensors Status;OK;HARD;1;SENSORS OK
[1546626600] CURRENT SERVICE STATE: db1;Total Processes;OK;HARD;1;PROCS OK: 327 processes
[1546626600] CURRENT SERVICE STATE: db2;CPU Load;OK;HARD;1;OK - load average: 0.13, 0.50, 0.50
[1546626600] CURRENT SERVICE STATE: db2;CPU_Procs;OK;HARD;1;CPU OK: 289 processes
[1546626600] CURRENT SERVICE STATE: db2;Current Users;OK;HARD;1;USERS OK - 0 users currently logged in
[1546626600] CURRENT SERVICE STATE: db2;HDD_Home status;OK;HARD;1;DISK OK - free space: /home 126525 MB (56% inode=99%):
[1546626600] CURRENT SERVICE STATE: db2;HDD_Root status;OK;HARD;1;DISK OK - free space: / 31927 MB (62% inode=99%):
[1546626600] CURRENT SERVICE STATE: db2;LocalService-NTPD SERVICE;OK;HARD;1;PROCS OK: 1 process with command name 'ntpd'
[1546626600] CURRENT SERVICE STATE: db2;Mariadb status;OK;HARD;1;PROCS OK: 1 process with command name 'mysqld'
[1546626600] CURRENT SERVICE STATE: db2;Memory;WARNING;HARD;3;WARNING - 19.1% (9419516 kB) free!
[1546626600] CURRENT SERVICE STATE: db2;Sensors Status;OK;HARD;1;SENSORS OK
[1546626600] CURRENT SERVICE STATE: db2;Total Processes;OK;HARD;1;PROCS OK: 290 processes
[1546626600] CURRENT SERVICE STATE: primary-server;CPU Load;OK;HARD;1;OK - load average: 0.98, 0.60, 0.29
[1546626600] CURRENT SERVICE STATE: primary-server;CPU_Procs;OK;HARD;1;CPU OK: 343 processes
[1546626600] CURRENT SERVICE STATE: primary-server;Current Users;OK;HARD;1;USERS OK - 2 users currently logged in
[1546626600] CURRENT SERVICE STATE: primary-server;HDD_Home status;OK;HARD;1;DISK OK - free space: /home 224700 MB (99% inode=99%):
[1546626600] CURRENT SERVICE STATE: primary-server;HDD_Root status;OK;HARD;1;DISK OK - free space: / 41268 MB (80% inode=99%):
[1546626600] CURRENT SERVICE STATE: primary-server;LocalService-NTPD SERVICE;OK;HARD;1;PROCS OK: 2 processes with command name 'ntpd'
[1546626600] CURRENT SERVICE STATE: primary-server;Memory;OK;HARD;1;OK - 70.5% (17274320 kB) free.
[1546626600] CURRENT SERVICE STATE: primary-server;Nginx Status;OK;HARD;1;NGINX OK -  0.085 sec. response time, Active: 0 (Writing: 0 Reading: 0 Waiting: 0) ReqPerSec: 0.000 ConnPerSec: 0.000 ReqPerConn: 0.000
[1546626600] CURRENT SERVICE STATE: primary-server;Sensors Status;OK;HARD;1;SENSORS OK
[1546626600] CURRENT SERVICE STATE: primary-server;Total Processes;OK;HARD;1;PROCS OK: 345 processes
[1546626600] CURRENT SERVICE STATE: pservercluster1;CPU Load;OK;HARD;1;OK - load average: 0.00, 0.01, 0.05
[1546626600] CURRENT SERVICE STATE: pservercluster1;CPU_Procs;OK;HARD;1;CPU OK: 304 processes
[1546626600] CURRENT SERVICE STATE: pservercluster1;Current Users;OK;HARD;1;USERS OK - 2 users currently logged in
[1546626600] CURRENT SERVICE STATE: pservercluster1;HDD_Home status;OK;HARD;1;DISK OK - free space: /home 220675 MB (99% inode=99%):
[1546626600] CURRENT SERVICE STATE: pservercluster1;HDD_Root status;OK;HARD;1;DISK OK - free space: / 41777 MB (81% inode=99%):
[1546626600] CURRENT SERVICE STATE: pservercluster1;LocalService-NTPD SERVICE;OK;HARD;1;PROCS OK: 2 processes with command name 'ntpd'
[1546626600] CURRENT SERVICE STATE: pservercluster1;Memory;OK;HARD;1;OK - 75.4% (18604276 kB) free.
[1546626600] CURRENT SERVICE STATE: pservercluster1;Sensors Status;OK;HARD;1;SENSORS OK
[1546626600] CURRENT SERVICE STATE: pservercluster1;Total Processes;OK;HARD;1;PROCS OK: 304 processes
[1546626600] CURRENT SERVICE STATE: pservercluster2;CPU Load;OK;HARD;1;OK - load average: 0.87, 0.73, 0.76
[1546626600] CURRENT SERVICE STATE: pservercluster2;CPU_Procs;CRITICAL;HARD;3;CPU CRITICAL: 2 crit, 4 warn out of 353 processes
[1546626600] CURRENT SERVICE STATE: pservercluster2;Current Users;OK;HARD;1;USERS OK - 11 users currently logged in
[1546626600] CURRENT SERVICE STATE: pservercluster2;HDD_Home status;OK;HARD;1;DISK OK - free space: /home 116749 MB (51% inode=99%):
[1546626600] CURRENT SERVICE STATE: pservercluster2;HDD_Root status;WARNING;HARD;3;DISK WARNING - free space: / 8103 MB (15% inode=98%):
[1546626600] CURRENT SERVICE STATE: pservercluster2;LocalService-NTPD SERVICE;OK;HARD;1;PROCS OK: 2 processes with command name 'ntpd'
[1546626600] CURRENT SERVICE STATE: pservercluster2;Memory;CRITICAL;HARD;3;CRITICAL - 1.7% (424376 kB) free!
[1546626600] CURRENT SERVICE STATE: pservercluster2;Sensors Status;OK;HARD;1;SENSORS OK
[1546626600] CURRENT SERVICE STATE: pservercluster2;Total Processes;OK;HARD;1;PROCS OK: 353 processes
[1546626600] CURRENT SERVICE STATE: qservercluster1;CPU Load;OK;HARD;1;OK - load average: 7.57, 7.75, 8.02
[1546626600] CURRENT SERVICE STATE: qservercluster1;CPU_Procs;CRITICAL;HARD;3;CPU CRITICAL: 1 crit, 0 warn out of 304 processes
[1546626600] CURRENT SERVICE STATE: qservercluster1;Current Users;OK;HARD;1;USERS OK - 2 users currently logged in
[1546626600] CURRENT SERVICE STATE: qservercluster1;HDD_Home status;OK;HARD;1;DISK OK - free space: /home 224641 MB (99% inode=99%):
[1546626600] CURRENT SERVICE STATE: qservercluster1;HDD_Root status;OK;HARD;1;DISK OK - free space: / 41272 MB (80% inode=99%):
[1546626600] CURRENT SERVICE STATE: qservercluster1;LocalService-NTPD SERVICE;OK;HARD;1;PROCS OK: 1 process with command name 'ntpd'
[1546626600] CURRENT SERVICE STATE: qservercluster1;Memory;OK;HARD;1;OK - 93.5% (46021804 kB) free.
[1546626600] CURRENT SERVICE STATE: qservercluster1;Sensors Status;OK;HARD;1;SENSORS OK
[1546626600] CURRENT SERVICE STATE: qservercluster1;Total Processes;OK;HARD;1;PROCS OK: 302 processes
[1546626600] CURRENT SERVICE STATE: qservercluster2;CPU Load;OK;HARD;1;OK - load average: 3.37, 3.54, 3.57
[1546626600] CURRENT SERVICE STATE: qservercluster2;CPU_Procs;CRITICAL;HARD;3;CPU CRITICAL: 1 crit, 0 warn out of 303 processes
[1546626600] CURRENT SERVICE STATE: qservercluster2;Current Users;OK;HARD;1;USERS OK - 0 users currently logged in
[1546626600] CURRENT SERVICE STATE: qservercluster2;HDD_Home status;OK;HARD;1;DISK OK - free space: /home 224577 MB (99% inode=99%):
[1546626600] CURRENT SERVICE STATE: qservercluster2;HDD_Root status;OK;HARD;1;DISK OK - free space: / 40163 MB (78% inode=98%):
[1546626600] CURRENT SERVICE STATE: qservercluster2;LocalService-NTPD SERVICE;OK;HARD;1;PROCS OK: 1 process with command name 'ntpd'
[1546626600] CURRENT SERVICE STATE: qservercluster2;Memory;OK;HARD;1;OK - 95.3% (46986772 kB) free.
[1546626600] CURRENT SERVICE STATE: qservercluster2;Sensors Status;OK;HARD;1;SENSORS OK
[1546626600] CURRENT SERVICE STATE: qservercluster2;Total Processes;OK;HARD;1;PROCS OK: 301 processes
[1546626600] CURRENT SERVICE STATE: secondary-server;CPU Load;OK;HARD;1;OK - load average: 0.00, 0.01, 0.08
[1546626600] CURRENT SERVICE STATE: secondary-server;CPU_Procs;OK;HARD;1;CPU OK: 345 processes
[1546626600] CURRENT SERVICE STATE: secondary-server;Current Users;OK;HARD;1;USERS OK - 2 users currently logged in
[1546626600] CURRENT SERVICE STATE: secondary-server;HDD_Home status;OK;HARD;1;DISK OK - free space: /home 224704 MB (99% inode=99%):
[1546626600] CURRENT SERVICE STATE: secondary-server;HDD_Root status;OK;HARD;1;DISK OK - free space: / 41197 MB (80% inode=99%):
[1546626600] CURRENT SERVICE STATE: secondary-server;LocalService-NTPD SERVICE;OK;HARD;1;PROCS OK: 2 processes with command name 'ntpd'
[1546626600] CURRENT SERVICE STATE: secondary-server;Memory Status;OK;HARD;1;OK - 70.9% (17381196 kB) free.
[1546626600] CURRENT SERVICE STATE: secondary-server;Nginx Status;OK;HARD;1;NGINX OK -  0.087 sec. response time, Active: 0 (Writing: 0 Reading: 0 Waiting: 0) ReqPerSec: 0.000 ConnPerSec: 0.000 ReqPerConn: 0.000
[1546626600] CURRENT SERVICE STATE: secondary-server;Sensors Status;OK;HARD;1;SENSORS OK
[1546626600] CURRENT SERVICE STATE: secondary-server;Total Processes;OK;HARD;1;PROCS OK: 340 processes
[1546626600] CURRENT SERVICE STATE: sig1;CPU Load;OK;HARD;1;OK - load average: 0.02, 0.02, 0.05
[1546626600] CURRENT SERVICE STATE: sig1;CPU_Procs;OK;HARD;1;CPU OK: 310 processes
[1546626600] CURRENT SERVICE STATE: sig1;Current Users;OK;HARD;1;USERS OK - 0 users currently logged in
[1546626600] CURRENT SERVICE STATE: sig1;HDD_Home status;OK;HARD;1;DISK OK - free space: /home 203390 MB (90% inode=99%):
[1546626600] CURRENT SERVICE STATE: sig1;HDD_Root status;WARNING;HARD;3;DISK WARNING - free space: / 6644 MB (12% inode=97%):
[1546626600] CURRENT SERVICE STATE: sig1;LocalService-NTPD SERVICE;OK;HARD;1;PROCS OK: 1 process with command name 'ntpd'
[1546626600] CURRENT SERVICE STATE: sig1;Memory;OK;HARD;1;OK - 56.9% (9247816 kB) free.
[1546626600] CURRENT SERVICE STATE: sig1;Sensors Status;OK;HARD;1;SENSORS OK
[1546626600] CURRENT SERVICE STATE: sig1;Total Processes;OK;HARD;1;PROCS OK: 311 processes
[1546626600] CURRENT SERVICE STATE: sig2;CPU Load;OK;HARD;1;OK - load average: 0.00, 0.01, 0.05
[1546626600] CURRENT SERVICE STATE: sig2;CPU_Procs;OK;HARD;1;CPU OK: 315 processes
[1546626600] CURRENT SERVICE STATE: sig2;Current Users;OK;HARD;1;USERS OK - 0 users currently logged in
[1546626600] CURRENT SERVICE STATE: sig2;HDD_Home status;OK;HARD;1;DISK OK - free space: /home 216452 MB (96% inode=99%):
[1546626600] CURRENT SERVICE STATE: sig2;HDD_Root status;OK;HARD;1;DISK OK - free space: / 38326 MB (74% inode=98%):
[1546626600] CURRENT SERVICE STATE: sig2;LocalService-NTPD SERVICE;OK;HARD;1;PROCS OK: 1 process with command name 'ntpd'
[1546626600] CURRENT SERVICE STATE: sig2;Memory;OK;HARD;1;OK - 90.2% (14657012 kB) free.
[1546626600] CURRENT SERVICE STATE: sig2;Sensors Status;OK;HARD;1;SENSORS OK
[1546626600] CURRENT SERVICE STATE: sig2;Total Processes;OK;HARD;1;PROCS OK: 316 processes
[1546626600] CURRENT SERVICE STATE: sig3;CPU Load;OK;HARD;1;OK - load average: 1.02, 0.88, 0.58
[1546626600] CURRENT SERVICE STATE: sig3;CPU_Procs;OK;HARD;1;CPU OK: 346 processes
[1546626600] CURRENT SERVICE STATE: sig3;Current Users;OK;HARD;1;USERS OK - 1 users currently logged in
[1546626600] CURRENT SERVICE STATE: sig3;HDD_Home status;OK;HARD;1;DISK OK - free space: /home 220133 MB (97% inode=99%):
[1546626600] CURRENT SERVICE STATE: sig3;HDD_Root status;OK;HARD;1;DISK OK - free space: / 37946 MB (74% inode=98%):
[1546626600] CURRENT SERVICE STATE: sig3;LocalService-NTPD SERVICE;OK;HARD;1;PROCS OK: 1 process with command name 'ntpd'
[1546626600] CURRENT SERVICE STATE: sig3;Memory;OK;HARD;1;OK - 86.8% (14099836 kB) free.
[1546626600] CURRENT SERVICE STATE: sig3;Sensors Status;OK;HARD;1;SENSORS OK
[1546626600] CURRENT SERVICE STATE: sig3;Total Processes;OK;HARD;1;PROCS OK: 346 processes
[1546626600] CURRENT SERVICE STATE: sig4;CPU Load;OK;HARD;1;OK - load average: 0.00, 0.01, 0.05
[1546626600] CURRENT SERVICE STATE: sig4;CPU_Procs;OK;HARD;1;CPU OK: 313 processes
[1546626600] CURRENT SERVICE STATE: sig4;Current Users;OK;HARD;1;USERS OK - 0 users currently logged in
[1546626600] CURRENT SERVICE STATE: sig4;HDD_Home status;OK;HARD;1;DISK OK - free space: /home 221267 MB (98% inode=99%):
[1546626600] CURRENT SERVICE STATE: sig4;HDD_Root status;OK;HARD;1;DISK OK - free space: / 37481 MB (73% inode=98%):
[1546626600] CURRENT SERVICE STATE: sig4;LocalService-NTPD SERVICE;OK;HARD;1;PROCS OK: 1 process with command name 'ntpd'
[1546626600] CURRENT SERVICE STATE: sig4;Memory;OK;HARD;1;OK - 82.2% (13368252 kB) free.
[1546626600] CURRENT SERVICE STATE: sig4;Sensors Status;OK;HARD;1;SENSORS OK
[1546626600] CURRENT SERVICE STATE: sig4;Total Processes;OK;HARD;1;PROCS OK: 309 processes
[1546626600] CURRENT SERVICE STATE: sig5;CPU Load;OK;HARD;1;OK - load average: 0.00, 0.01, 0.05
[1546626600] CURRENT SERVICE STATE: sig5;CPU_Procs;OK;HARD;1;CPU OK: 295 processes
[1546626600] CURRENT SERVICE STATE: sig5;Current Users;OK;HARD;1;USERS OK - 0 users currently logged in
[1546626600] CURRENT SERVICE STATE: sig5;HDD_Home status;OK;HARD;1;DISK OK - free space: /home 221454 MB (98% inode=99%):
[1546626600] CURRENT SERVICE STATE: sig5;HDD_Root status;OK;HARD;1;DISK OK - free space: / 38807 MB (75% inode=98%):
[1546626600] CURRENT SERVICE STATE: sig5;LocalService-NTPD SERVICE;OK;HARD;1;PROCS OK: 2 processes with command name 'ntpd'
[1546626600] CURRENT SERVICE STATE: sig5;Memory;OK;HARD;1;OK - 94.1% (15292036 kB) free.
[1546626600] CURRENT SERVICE STATE: sig5;Sensors Status;OK;HARD;1;SENSORS OK
[1546626600] CURRENT SERVICE STATE: sig5;Total Processes;OK;HARD;1;PROCS OK: 297 processes
[1546626600] CURRENT SERVICE STATE: sig6;CPU Load;OK;HARD;1;OK - load average: 0.00, 0.01, 0.05
[1546626600] CURRENT SERVICE STATE: sig6;CPU_Procs;OK;HARD;1;CPU OK: 312 processes
[1546626600] CURRENT SERVICE STATE: sig6;Current Users;OK;HARD;1;USERS OK - 0 users currently logged in
[1546626600] CURRENT SERVICE STATE: sig6;HDD_Home status;OK;HARD;1;DISK OK - free space: /home 221476 MB (98% inode=99%):
[1546626600] CURRENT SERVICE STATE: sig6;HDD_Root status;OK;HARD;1;DISK OK - free space: / 37941 MB (74% inode=98%):
[1546626600] CURRENT SERVICE STATE: sig6;LocalService-NTPD SERVICE;OK;HARD;1;PROCS OK: 2 processes with command name 'ntpd'
[1546626600] CURRENT SERVICE STATE: sig6;Memory;OK;HARD;1;OK - 91.8% (14925044 kB) free.
[1546626600] CURRENT SERVICE STATE: sig6;Sensors Status;OK;HARD;1;SENSORS OK
[1546626600] CURRENT SERVICE STATE: sig6;Total Processes;OK;HARD;1;PROCS OK: 311 processes
[1546626600] CURRENT SERVICE STATE: sigqscluster1;CPU Load;OK;HARD;1;OK - load average: 0.24, 0.28, 0.40
[1546626600] CURRENT SERVICE STATE: sigqscluster1;CPU_Procs;CRITICAL;HARD;3;CPU CRITICAL: 1 crit, 0 warn out of 338 processes
[1546626600] CURRENT SERVICE STATE: sigqscluster1;Current Users;OK;HARD;1;USERS OK - 2 users currently logged in
[1546626600] CURRENT SERVICE STATE: sigqscluster1;HDD_Home status;OK;HARD;1;DISK OK - free space: /home 224579 MB (99% inode=99%):
[1546626600] CURRENT SERVICE STATE: sigqscluster1;HDD_Root status;OK;HARD;1;DISK OK - free space: / 41169 MB (80% inode=99%):
[1546626600] CURRENT SERVICE STATE: sigqscluster1;LocalService-NTPD SERVICE;OK;HARD;1;PROCS OK: 2 processes with command name 'ntpd'
[1546626600] CURRENT SERVICE STATE: sigqscluster1;Memory;OK;HARD;1;OK - 91.5% (45069624 kB) free.
[1546626600] CURRENT SERVICE STATE: sigqscluster1;Sensors Status;OK;HARD;1;SENSORS OK
[1546626600] CURRENT SERVICE STATE: sigqscluster1;Total Processes;OK;HARD;1;PROCS OK: 339 processes
[1546626600] CURRENT SERVICE STATE: sigqscluster2;CPU Load;OK;HARD;1;OK - load average: 1.08, 0.93, 1.09
[1546626600] CURRENT SERVICE STATE: sigqscluster2;CPU_Procs;CRITICAL;HARD;3;CPU CRITICAL: 1 crit, 0 warn out of 334 processes
[1546626600] CURRENT SERVICE STATE: sigqscluster2;Current Users;OK;HARD;1;USERS OK - 2 users currently logged in
[1546626600] CURRENT SERVICE STATE: sigqscluster2;HDD_Home status;OK;HARD;1;DISK OK - free space: /home 224577 MB (99% inode=99%):
[1546626600] CURRENT SERVICE STATE: sigqscluster2;HDD_Root status;OK;HARD;1;DISK OK - free space: / 41184 MB (80% inode=99%):
[1546626600] CURRENT SERVICE STATE: sigqscluster2;LocalService-NTPD SERVICE;OK;HARD;1;PROCS OK: 2 processes with command name 'ntpd'
[1546626600] CURRENT SERVICE STATE: sigqscluster2;Memory;OK;HARD;1;OK - 91.5% (45074216 kB) free.
[1546626600] CURRENT SERVICE STATE: sigqscluster2;Sensors Status;OK;HARD;1;SENSORS OK
[1546626600] CURRENT SERVICE STATE: sigqscluster2;Total Processes;OK;HARD;1;PROCS OK: 335 processes
[1546626600] CURRENT SERVICE STATE: smscapp1;CPU Load;OK;HARD;1;OK - load average: 1.14, 1.10, 0.99
[1546626600] CURRENT SERVICE STATE: smscapp1;CPU_Procs;CRITICAL;HARD;3;CPU CRITICAL: 1 crit, 0 warn out of 310 processes
[1546626600] CURRENT SERVICE STATE: smscapp1;Current Users;OK;HARD;1;USERS OK - 5 users currently logged in
[1546626600] CURRENT SERVICE STATE: smscapp1;HDD_Home status;OK;HARD;1;DISK OK - free space: /home 156071 MB (69% inode=99%):
[1546626600] CURRENT SERVICE STATE: smscapp1;HDD_Root status;OK;HARD;1;DISK OK - free space: / 39152 MB (76% inode=98%):
[1546626600] CURRENT SERVICE STATE: smscapp1;LocalService-NTPD SERVICE;OK;HARD;1;PROCS OK: 2 processes with command name 'ntpd'
[1546626600] CURRENT SERVICE STATE: smscapp1;Memory;OK;HARD;1;OK - 36.5% (5939484 kB) free.
[1546626600] CURRENT SERVICE STATE: smscapp1;Sensors Status;OK;HARD;1;SENSORS OK
[1546626600] CURRENT SERVICE STATE: smscapp1;Total Processes;OK;HARD;1;PROCS OK: 311 processes
[1546626600] CURRENT SERVICE STATE: smscapp2;CPU Load;OK;HARD;1;OK - load average: 0.68, 0.65, 0.78
[1546626600] CURRENT SERVICE STATE: smscapp2;CPU_Procs;WARNING;HARD;3;CPU WARNING: 5 warn out of 337 processes
[1546626600] CURRENT SERVICE STATE: smscapp2;Current Users;OK;HARD;1;USERS OK - 2 users currently logged in
[1546626600] CURRENT SERVICE STATE: smscapp2;HDD_Home status;OK;HARD;1;DISK OK - free space: /home 133815 MB (59% inode=99%):
[1546626600] CURRENT SERVICE STATE: smscapp2;HDD_Root status;OK;HARD;1;DISK OK - free space: / 39001 MB (76% inode=98%):
[1546626600] CURRENT SERVICE STATE: smscapp2;LocalService-NTPD SERVICE;OK;HARD;1;PROCS OK: 2 processes with command name 'ntpd'
[1546626600] CURRENT SERVICE STATE: smscapp2;Memory;CRITICAL;HARD;3;CRITICAL - 0.9% (154244 kB) free!
[1546626600] CURRENT SERVICE STATE: smscapp2;Sensors Status;OK;HARD;1;SENSORS OK
[1546626600] CURRENT SERVICE STATE: smscapp2;Total Processes;OK;HARD;1;PROCS OK: 336 processes
[1546626600] CURRENT SERVICE STATE: sservercluster1;CPU Load;OK;HARD;1;OK - load average: 0.00, 0.01, 0.05
[1546626600] CURRENT SERVICE STATE: sservercluster1;CPU_Procs;OK;HARD;1;CPU OK: 281 processes
[1546626600] CURRENT SERVICE STATE: sservercluster1;Current Users;OK;HARD;1;USERS OK - 1 users currently logged in
[1546626600] CURRENT SERVICE STATE: sservercluster1;HDD_Home status;OK;HARD;1;DISK OK - free space: /home 220679 MB (99% inode=99%):
[1546626600] CURRENT SERVICE STATE: sservercluster1;HDD_Root status;OK;HARD;1;DISK OK - free space: / 41776 MB (81% inode=99%):
[1546626600] CURRENT SERVICE STATE: sservercluster1;LocalService-NTPD SERVICE;OK;HARD;1;PROCS OK: 2 processes with command name 'ntpd'
[1546626600] CURRENT SERVICE STATE: sservercluster1;Memory;OK;HARD;1;OK - 75.8% (18569260 kB) free.
[1546626600] CURRENT SERVICE STATE: sservercluster1;Sensors Status;OK;HARD;1;SENSORS OK
[1546626600] CURRENT SERVICE STATE: sservercluster1;Total Processes;OK;HARD;1;PROCS OK: 282 processes
[1546626600] CURRENT SERVICE STATE: sservercluster2;CPU Load;OK;HARD;1;OK - load average: 0.00, 0.01, 0.05
[1546626600] CURRENT SERVICE STATE: sservercluster2;CPU_Procs;OK;HARD;1;CPU OK: 298 processes
[1546626600] CURRENT SERVICE STATE: sservercluster2;Current Users;OK;HARD;1;USERS OK - 1 users currently logged in
[1546626600] CURRENT SERVICE STATE: sservercluster2;HDD_Home status;OK;HARD;1;DISK OK - free space: /home 219756 MB (99% inode=99%):
[1546626600] CURRENT SERVICE STATE: sservercluster2;HDD_Root status;OK;HARD;1;DISK OK - free space: / 41251 MB (80% inode=99%):
[1546626600] CURRENT SERVICE STATE: sservercluster2;LocalService-NTPD SERVICE;OK;HARD;1;PROCS OK: 1 process with command name 'ntpd'
[1546626600] CURRENT SERVICE STATE: sservercluster2;Memory;OK;HARD;1;OK - 93.7% (22975980 kB) free.
[1546626600] CURRENT SERVICE STATE: sservercluster2;Sensors Status;OK;HARD;1;SENSORS OK
[1546626600] CURRENT SERVICE STATE: sservercluster2;Total Processes;OK;HARD;1;PROCS OK: 301 processes
[1546626600] CURRENT SERVICE STATE: webserver1;CPU Load;OK;HARD;1;OK - load average: 0.00, 0.01, 0.05
[1546626600] CURRENT SERVICE STATE: webserver1;CPU_Procs;OK;HARD;1;CPU OK: 323 processes
[1546626600] CURRENT SERVICE STATE: webserver1;Current Users;OK;HARD;1;USERS OK - 0 users currently logged in
[1546626600] CURRENT SERVICE STATE: webserver1;HDD_Home status;OK;HARD;1;DISK OK - free space: /home 224832 MB (99% inode=99%):
[1546626600] CURRENT SERVICE STATE: webserver1;HDD_Root status;OK;HARD;1;DISK OK - free space: / 40989 MB (80% inode=99%):
[1546626600] CURRENT SERVICE STATE: webserver1;LocalService-NTPD SERVICE;OK;HARD;1;PROCS OK: 2 processes with command name 'ntpd'
[1546626600] CURRENT SERVICE STATE: webserver1;Memory;OK;HARD;1;OK - 93.7% (22922448 kB) free.
[1546626600] CURRENT SERVICE STATE: webserver1;Nginx_status;OK;HARD;1;NGINX OK -  0.080 sec. response time, Active: 0 (Writing: 0 Reading: 0 Waiting: 0) ReqPerSec: 0.000 ConnPerSec: 0.000 ReqPerConn: 0.000
[1546626600] CURRENT SERVICE STATE: webserver1;Sensors Status;OK;HARD;1;SENSORS OK
[1546626600] CURRENT SERVICE STATE: webserver1;Total Processes;OK;HARD;1;PROCS OK: 322 processes
[1546626600] CURRENT SERVICE STATE: webserver2;CPU_Procs;OK;HARD;1;CPU OK: 453 processes
[1546626600] CURRENT SERVICE STATE: webserver2;Current Load;OK;HARD;1;OK - load average: 0.73, 0.77, 0.48
[1546626600] CURRENT SERVICE STATE: webserver2;Current Users;OK;HARD;1;USERS OK - 23 users currently logged in
[1546626600] CURRENT SERVICE STATE: webserver2;HDD_Home status;OK;HARD;1;DISK OK - free space: /home 217986 MB (96.99% inode=100%):
[1546626600] CURRENT SERVICE STATE: webserver2;HTTP;OK;HARD;1;HTTP OK: HTTP/1.1 200 OK - 355 bytes in 0.001 second response time
[1546626600] CURRENT SERVICE STATE: webserver2;LocalService-NTPD SERVICE;OK;HARD;1;PROCS OK: 2 processes with command name 'ntpd'
[1546626600] CURRENT SERVICE STATE: webserver2;Memory;OK;HARD;1;OK - 29.2% (7156252 kB) free.
[1546626600] CURRENT SERVICE STATE: webserver2;PING;OK;HARD;1;PING OK - Packet loss = 0%, RTA = 0.07 ms
[1546626600] CURRENT SERVICE STATE: webserver2;Root Partition;OK;HARD;1;DISK OK - free space: / 39090 MB (76.38% inode=99%):
[1546626600] CURRENT SERVICE STATE: webserver2;SSH;OK;HARD;1;SSH OK - OpenSSH_7.4 (protocol 2.0)
[1546626600] CURRENT SERVICE STATE: webserver2;Sensors Status;OK;HARD;1;SENSORS OK
[1546626600] CURRENT SERVICE STATE: webserver2;Total Processes;OK;HARD;1;PROCS OK: 166 processes with STATE = RSZDT
[1546626600] CURRENT SERVICE STATE: webservercluster1;CPU Load;OK;HARD;1;OK - load average: 0.00, 0.01, 0.05
[1546626600] CURRENT SERVICE STATE: webservercluster1;CPU_Procs;OK;HARD;1;CPU OK: 297 processes
[1546626600] CURRENT SERVICE STATE: webservercluster1;Current Users;OK;HARD;1;USERS OK - 3 users currently logged in
[1546626600] CURRENT SERVICE STATE: webservercluster1;HDD_Home status;OK;HARD;1;DISK OK - free space: / 40941 MB (80% inode=99%):
[1546626600] CURRENT SERVICE STATE: webservercluster1;HDD_Root status;OK;HARD;1;DISK OK - free space: /home 224709 MB (99% inode=99%):
[1546626600] CURRENT SERVICE STATE: webservercluster1;LocalService-NTPD SERVICE;OK;HARD;1;PROCS OK: 1 process with command name 'ntpd'
[1546626600] CURRENT SERVICE STATE: webservercluster1;Memory;OK;HARD;1;OK - 55.3% (8980856 kB) free.
[1546626600] CURRENT SERVICE STATE: webservercluster1;Sensors Status;OK;HARD;1;SENSORS OK
[1546626600] CURRENT SERVICE STATE: webservercluster1;Total Processes;OK;HARD;1;PROCS OK: 297 processes
[1546626600] CURRENT SERVICE STATE: webservercluster2;CPU Load;OK;HARD;1;OK - load average: 0.00, 0.01, 0.05
[1546626600] CURRENT SERVICE STATE: webservercluster2;CPU_Procs;OK;HARD;1;CPU OK: 289 processes
[1546626600] CURRENT SERVICE STATE: webservercluster2;Current Users;OK;HARD;1;USERS OK - 1 users currently logged in
[1546626600] CURRENT SERVICE STATE: webservercluster2;HDD_Home status;OK;HARD;1;DISK OK - free space: /home 224709 MB (99% inode=99%):
[1546626600] CURRENT SERVICE STATE: webservercluster2;HDD_Root status;OK;HARD;1;DISK OK - free space: / 41131 MB (80% inode=99%):
[1546626600] CURRENT SERVICE STATE: webservercluster2;LocalService-NTPD SERVICE;OK;HARD;1;PROCS OK: 1 process with command name 'ntpd'
[1546626600] CURRENT SERVICE STATE: webservercluster2;Memory;OK;HARD;1;OK - 57.5% (9345980 kB) free.
[1546626600] CURRENT SERVICE STATE: webservercluster2;Sensors Status;OK;HARD;1;SENSORS OK
[1546626600] CURRENT SERVICE STATE: webservercluster2;Total Processes;OK;HARD;1;PROCS OK: 289 processes
[1546626877] SERVICE ALERT: db2;CPU_Procs;CRITICAL;SOFT;1;CPU CRITICAL: 1 crit, 0 warn out of 291 processes
[1546626997] SERVICE ALERT: db2;CPU_Procs;CRITICAL;SOFT;2;CPU CRITICAL: 1 crit, 0 warn out of 290 processes
[1546627046] SERVICE NOTIFICATION: nagiosadmin;pservercluster2;HDD_Root status;WARNING;notify-service-by-email;DISK WARNING - free space: / 8103 MB (15% inode=98%):
[1546627117] SERVICE ALERT: db2;CPU_Procs;OK;HARD;1;CPU OK: 290 processes
[1546627236] SERVICE NOTIFICATION: nagiosadmin;sigqscluster2;CPU_Procs;CRITICAL;notify-service-by-email;CPU CRITICAL: 1 crit, 0 warn out of 336 processes
[1546627405] SERVICE ALERT: pservercluster2;CPU Load;CRITICAL;SOFT;1;CRITICAL - load average: 189.98, 121.14, 48.00
[1546627524] SERVICE NOTIFICATION: nagiosadmin;smscapp2;Memory;CRITICAL;notify-service-by-email;CRITICAL - 1.1% (174668 kB) free!
[1546627525] SERVICE ALERT: pservercluster2;CPU Load;CRITICAL;SOFT;2;CRITICAL - load average: 25.93, 81.20, 42.23
[1546627582] SERVICE NOTIFICATION: nagiosadmin;sigqscluster1;CPU_Procs;CRITICAL;notify-service-by-email;CPU CRITICAL: 1 crit, 0 warn out of 337 processes
[1546627645] SERVICE NOTIFICATION: nagiosadmin;pservercluster2;CPU Load;CRITICAL;notify-service-by-email;CRITICAL - load average: 4.02, 54.53, 37.18
[1546627645] SERVICE ALERT: pservercluster2;CPU Load;CRITICAL;HARD;3;CRITICAL - load average: 4.02, 54.53, 37.18
[1546627765] Auto-save of retention data completed successfully.
[1546628245] SERVICE NOTIFICATION: nagiosadmin;pservercluster2;CPU Load;WARNING;notify-service-by-email;WARNING - load average: 0.50, 7.78, 19.74
[1546628245] SERVICE ALERT: pservercluster2;CPU Load;WARNING;HARD;3;WARNING - load average: 0.50, 7.78, 19.74
[1546628314] SERVICE NOTIFICATION: nagiosadmin;smscapp2;CPU_Procs;WARNING;notify-service-by-email;CPU WARNING: 5 warn out of 333 processes
[1546628416] SERVICE NOTIFICATION: nagiosadmin;sig1;HDD_Root status;WARNING;notify-service-by-email;DISK WARNING - free space: / 6644 MB (12% inode=97%):
[1546628524] SERVICE NOTIFICATION: nagiosadmin;smscapp1;CPU_Procs;CRITICAL;notify-service-by-email;CPU CRITICAL: 1 crit, 0 warn out of 308 processes
[1546628540] SERVICE NOTIFICATION: nagiosadmin;qservercluster1;CPU_Procs;CRITICAL;notify-service-by-email;CPU CRITICAL: 1 crit, 0 warn out of 302 processes
[1546628912] SERVICE NOTIFICATION: nagiosadmin;qservercluster2;CPU_Procs;CRITICAL;notify-service-by-email;CPU CRITICAL: 1 crit, 0 warn out of 300 processes
[1546629333] SERVICE NOTIFICATION: nagiosadmin;db2;Memory;WARNING;notify-service-by-email;WARNING - 19.5% (9628684 kB) free!
[1546630045] SERVICE NOTIFICATION: nagiosadmin;pservercluster2;CPU Load;OK;notify-service-by-email;OK - load average: 0.54, 0.69, 3.44
[1546630045] SERVICE ALERT: pservercluster2;CPU Load;OK;HARD;1;OK - load average: 0.54, 0.69, 3.44
[1546630181] SERVICE NOTIFICATION: nagiosadmin;pservercluster2;Memory;CRITICAL;notify-service-by-email;CRITICAL - 2.6% (642016 kB) free!
[1546630646] SERVICE NOTIFICATION: nagiosadmin;pservercluster2;HDD_Root status;WARNING;notify-service-by-email;DISK WARNING - free space: / 8103 MB (15% inode=98%):
[1546630836] SERVICE NOTIFICATION: nagiosadmin;sigqscluster2;CPU_Procs;CRITICAL;notify-service-by-email;CPU CRITICAL: 1 crit, 0 warn out of 334 processes
[1546631124] SERVICE NOTIFICATION: nagiosadmin;smscapp2;Memory;CRITICAL;notify-service-by-email;CRITICAL - 1.1% (173372 kB) free!
[1546631182] SERVICE NOTIFICATION: nagiosadmin;sigqscluster1;CPU_Procs;CRITICAL;notify-service-by-email;CPU CRITICAL: 1 crit, 0 warn out of 337 processes
[1546631365] Auto-save of retention data completed successfully.
[1546631914] SERVICE NOTIFICATION: nagiosadmin;smscapp2;CPU_Procs;WARNING;notify-service-by-email;CPU WARNING: 5 warn out of 333 processes
[1546632016] SERVICE NOTIFICATION: nagiosadmin;sig1;HDD_Root status;WARNING;notify-service-by-email;DISK WARNING - free space: / 6640 MB (12% inode=97%):
[1546632124] SERVICE NOTIFICATION: nagiosadmin;smscapp1;CPU_Procs;CRITICAL;notify-service-by-email;CPU CRITICAL: 1 crit, 0 warn out of 305 processes
[1546632140] SERVICE NOTIFICATION: nagiosadmin;qservercluster1;CPU_Procs;CRITICAL;notify-service-by-email;CPU CRITICAL: 1 crit, 0 warn out of 305 processes
[1546632512] SERVICE NOTIFICATION: nagiosadmin;qservercluster2;CPU_Procs;CRITICAL;notify-service-by-email;CPU CRITICAL: 1 crit, 0 warn out of 301 processes
[1546632933] SERVICE NOTIFICATION: nagiosadmin;db2;Memory;WARNING;notify-service-by-email;WARNING - 19.5% (9628636 kB) free!
[1546633781] SERVICE NOTIFICATION: nagiosadmin;pservercluster2;Memory;CRITICAL;notify-service-by-email;CRITICAL - 2.0% (479108 kB) free!
[1546634246] SERVICE NOTIFICATION: nagiosadmin;pservercluster2;HDD_Root status;WARNING;notify-service-by-email;DISK WARNING - free space: / 8103 MB (15% inode=98%):
[1546634436] SERVICE NOTIFICATION: nagiosadmin;sigqscluster2;CPU_Procs;CRITICAL;notify-service-by-email;CPU CRITICAL: 1 crit, 0 warn out of 335 processes
[1546634724] SERVICE NOTIFICATION: nagiosadmin;smscapp2;Memory;CRITICAL;notify-service-by-email;CRITICAL - 1.1% (172500 kB) free!
[1546634783] SERVICE NOTIFICATION: nagiosadmin;sigqscluster1;CPU_Procs;CRITICAL;notify-service-by-email;CPU CRITICAL: 1 crit, 0 warn out of 337 processes
[1546634845] SERVICE ALERT: pservercluster2;CPU Load;CRITICAL;SOFT;1;CRITICAL - load average: 15.95, 73.13, 40.63
[1546634917] SERVICE ALERT: db2;CPU_Procs;CRITICAL;SOFT;1;CPU CRITICAL: 1 crit, 0 warn out of 290 processes
[1546634965] Auto-save of retention data completed successfully.
[1546634965] SERVICE ALERT: pservercluster2;CPU Load;CRITICAL;SOFT;2;CRITICAL - load average: 2.67, 49.15, 35.79
[1546635038] SERVICE ALERT: db2;CPU_Procs;CRITICAL;SOFT;2;CPU CRITICAL: 1 crit, 0 warn out of 291 processes
[1546635085] SERVICE FLAPPING ALERT: pservercluster2;CPU Load;STARTED; Service appears to have started flapping (20.9% change >= 20.0% threshold)
[1546635085] SERVICE ALERT: pservercluster2;CPU Load;CRITICAL;HARD;3;CRITICAL - load average: 0.71, 33.01, 31.49
[1546635158] SERVICE ALERT: db2;CPU_Procs;OK;HARD;1;CPU OK: 290 processes
[1546635514] SERVICE NOTIFICATION: nagiosadmin;smscapp2;CPU_Procs;WARNING;notify-service-by-email;CPU WARNING: 5 warn out of 334 processes
[1546635616] SERVICE NOTIFICATION: nagiosadmin;sig1;HDD_Root status;WARNING;notify-service-by-email;DISK WARNING - free space: / 6640 MB (12% inode=97%):
[1546635685] SERVICE ALERT: pservercluster2;CPU Load;WARNING;HARD;3;WARNING - load average: 0.58, 4.96, 16.80
[1546635724] SERVICE NOTIFICATION: nagiosadmin;smscapp1;CPU_Procs;CRITICAL;notify-service-by-email;CPU CRITICAL: 1 crit, 0 warn out of 307 processes
[1546635740] SERVICE NOTIFICATION: nagiosadmin;qservercluster1;CPU_Procs;CRITICAL;notify-service-by-email;CPU CRITICAL: 1 crit, 0 warn out of 301 processes
[1546636109] SERVICE FLAPPING ALERT: pservercluster2;CPU_Procs;STOPPED; Service appears to have stopped flapping (3.8% change < 5.0% threshold)
[1546636109] SERVICE NOTIFICATION: nagiosadmin;pservercluster2;CPU_Procs;CRITICAL;notify-service-by-email;CPU CRITICAL: 2 crit, 4 warn out of 350 processes
[1546636112] SERVICE NOTIFICATION: nagiosadmin;qservercluster2;CPU_Procs;CRITICAL;notify-service-by-email;CPU CRITICAL: 1 crit, 0 warn out of 303 processes
[1546636533] SERVICE NOTIFICATION: nagiosadmin;db2;Memory;WARNING;notify-service-by-email;WARNING - 19.5% (9627916 kB) free!
[1546637381] SERVICE NOTIFICATION: nagiosadmin;pservercluster2;Memory;CRITICAL;notify-service-by-email;CRITICAL - 2.7% (671064 kB) free!
[1546637485] SERVICE ALERT: pservercluster2;CPU Load;OK;HARD;1;OK - load average: 0.52, 0.68, 3.00
[1546637846] SERVICE NOTIFICATION: nagiosadmin;pservercluster2;HDD_Root status;WARNING;notify-service-by-email;DISK WARNING - free space: / 8103 MB (15% inode=98%):
[1546638036] SERVICE NOTIFICATION: nagiosadmin;sigqscluster2;CPU_Procs;CRITICAL;notify-service-by-email;CPU CRITICAL: 1 crit, 0 warn out of 337 processes
[1546638324] SERVICE NOTIFICATION: nagiosadmin;smscapp2;Memory;CRITICAL;notify-service-by-email;CRITICAL - 1.0% (162588 kB) free!
[1546638565] Auto-save of retention data completed successfully.
[1546638982] SERVICE NOTIFICATION: nagiosadmin;sigqscluster1;CPU_Procs;CRITICAL;notify-service-by-email;CPU CRITICAL: 1 crit, 0 warn out of 338 processes
[1546639114] SERVICE NOTIFICATION: nagiosadmin;smscapp2;CPU_Procs;WARNING;notify-service-by-email;CPU WARNING: 5 warn out of 335 processes
[1546639216] SERVICE NOTIFICATION: nagiosadmin;sig1;HDD_Root status;WARNING;notify-service-by-email;DISK WARNING - free space: / 6636 MB (12% inode=97%):
[1546639324] SERVICE NOTIFICATION: nagiosadmin;smscapp1;CPU_Procs;CRITICAL;notify-service-by-email;CPU CRITICAL: 1 crit, 0 warn out of 310 processes
[1546639340] SERVICE NOTIFICATION: nagiosadmin;qservercluster1;CPU_Procs;CRITICAL;notify-service-by-email;CPU CRITICAL: 1 crit, 0 warn out of 302 processes
[1546639709] SERVICE NOTIFICATION: nagiosadmin;pservercluster2;CPU_Procs;CRITICAL;notify-service-by-email;CPU CRITICAL: 2 crit, 4 warn out of 355 processes
[1546639713] SERVICE NOTIFICATION: nagiosadmin;qservercluster2;CPU_Procs;CRITICAL;notify-service-by-email;CPU CRITICAL: 1 crit, 0 warn out of 302 processes
[1546640134] SERVICE NOTIFICATION: nagiosadmin;db2;Memory;WARNING;notify-service-by-email;WARNING - 19.5% (9615084 kB) free!
[1546640981] SERVICE NOTIFICATION: nagiosadmin;pservercluster2;Memory;CRITICAL;notify-service-by-email;CRITICAL - 2.3% (559956 kB) free!
[1546641446] SERVICE NOTIFICATION: nagiosadmin;pservercluster2;HDD_Root status;WARNING;notify-service-by-email;DISK WARNING - free space: / 8103 MB (15% inode=98%):
[1546641636] SERVICE NOTIFICATION: nagiosadmin;sigqscluster2;CPU_Procs;CRITICAL;notify-service-by-email;CPU CRITICAL: 1 crit, 0 warn out of 334 processes
[1546641925] SERVICE NOTIFICATION: nagiosadmin;smscapp2;Memory;CRITICAL;notify-service-by-email;CRITICAL - 1.0% (161184 kB) free!
[1546642165] Auto-save of retention data completed successfully.
[1546642285] SERVICE ALERT: pservercluster2;CPU Load;CRITICAL;SOFT;1;CRITICAL - load average: 1.17, 40.16, 36.79
[1546642405] SERVICE ALERT: pservercluster2;CPU Load;CRITICAL;SOFT;2;CRITICAL - load average: 0.62, 27.06, 32.40
[1546642526] SERVICE ALERT: pservercluster2;CPU Load;CRITICAL;HARD;3;CRITICAL - load average: 0.80, 18.34, 28.55
[1546642582] SERVICE NOTIFICATION: nagiosadmin;sigqscluster1;CPU_Procs;CRITICAL;notify-service-by-email;CPU CRITICAL: 1 crit, 0 warn out of 337 processes
[1546642714] SERVICE NOTIFICATION: nagiosadmin;smscapp2;CPU_Procs;WARNING;notify-service-by-email;CPU WARNING: 5 warn out of 336 processes
[1546642816] SERVICE NOTIFICATION: nagiosadmin;sig1;HDD_Root status;WARNING;notify-service-by-email;DISK WARNING - free space: / 6636 MB (12% inode=97%):
[1546642925] SERVICE NOTIFICATION: nagiosadmin;smscapp1;CPU_Procs;CRITICAL;notify-service-by-email;CPU CRITICAL: 1 crit, 0 warn out of 309 processes
[1546642940] SERVICE NOTIFICATION: nagiosadmin;qservercluster1;CPU_Procs;CRITICAL;notify-service-by-email;CPU CRITICAL: 1 crit, 0 warn out of 301 processes
[1546643126] SERVICE ALERT: pservercluster2;CPU Load;WARNING;HARD;3;WARNING - load average: 0.94, 3.26, 15.39
[1546643310] SERVICE NOTIFICATION: nagiosadmin;pservercluster2;CPU_Procs;CRITICAL;notify-service-by-email;CPU CRITICAL: 2 crit, 4 warn out of 355 processes
[1546643912] SERVICE NOTIFICATION: nagiosadmin;qservercluster2;CPU_Procs;CRITICAL;notify-service-by-email;CPU CRITICAL: 1 crit, 0 warn out of 301 processes
[1546644326] SERVICE ALERT: pservercluster2;CPU Load;OK;HARD;1;OK - load average: 0.72, 0.76, 4.77
[1546644333] SERVICE NOTIFICATION: nagiosadmin;db2;Memory;WARNING;notify-service-by-email;WARNING - 19.5% (9614924 kB) free!
[1546644581] SERVICE NOTIFICATION: nagiosadmin;pservercluster2;Memory;CRITICAL;notify-service-by-email;CRITICAL - 3.0% (735432 kB) free!
[1546645046] SERVICE NOTIFICATION: nagiosadmin;pservercluster2;HDD_Root status;WARNING;notify-service-by-email;DISK WARNING - free space: / 8102 MB (15% inode=98%):
[1546645236] SERVICE NOTIFICATION: nagiosadmin;sigqscluster2;CPU_Procs;CRITICAL;notify-service-by-email;CPU CRITICAL: 1 crit, 0 warn out of 335 processes
[1546645765] Auto-save of retention data completed successfully.
[1546646124] SERVICE NOTIFICATION: nagiosadmin;smscapp2;Memory;CRITICAL;notify-service-by-email;CRITICAL - 1.0% (161072 kB) free!
[1546646182] SERVICE NOTIFICATION: nagiosadmin;sigqscluster1;CPU_Procs;CRITICAL;notify-service-by-email;CPU CRITICAL: 1 crit, 0 warn out of 340 processes
[1546646314] SERVICE NOTIFICATION: nagiosadmin;smscapp2;CPU_Procs;WARNING;notify-service-by-email;CPU WARNING: 5 warn out of 335 processes
[1546646416] SERVICE NOTIFICATION: nagiosadmin;sig1;HDD_Root status;WARNING;notify-service-by-email;DISK WARNING - free space: / 6635 MB (12% inode=97%):
[1546646540] SERVICE NOTIFICATION: nagiosadmin;qservercluster1;CPU_Procs;CRITICAL;notify-service-by-email;CPU CRITICAL: 1 crit, 0 warn out of 305 processes
[1546647124] SERVICE NOTIFICATION: nagiosadmin;smscapp1;CPU_Procs;CRITICAL;notify-service-by-email;CPU CRITICAL: 1 crit, 0 warn out of 306 processes
[1546647509] SERVICE NOTIFICATION: nagiosadmin;pservercluster2;CPU_Procs;CRITICAL;notify-service-by-email;CPU CRITICAL: 2 crit, 4 warn out of 355 processes
[1546647512] SERVICE NOTIFICATION: nagiosadmin;qservercluster2;CPU_Procs;CRITICAL;notify-service-by-email;CPU CRITICAL: 1 crit, 0 warn out of 303 processes
[1546647933] SERVICE NOTIFICATION: nagiosadmin;db2;Memory;WARNING;notify-service-by-email;WARNING - 19.5% (9612900 kB) free!
[1546648181] SERVICE NOTIFICATION: nagiosadmin;pservercluster2;Memory;CRITICAL;notify-service-by-email;CRITICAL - 2.2% (550104 kB) free!
[1546648646] SERVICE NOTIFICATION: nagiosadmin;pservercluster2;HDD_Root status;WARNING;notify-service-by-email;DISK WARNING - free space: / 8102 MB (15% inode=98%):
[1546648836] SERVICE NOTIFICATION: nagiosadmin;sigqscluster2;CPU_Procs;CRITICAL;notify-service-by-email;CPU CRITICAL: 1 crit, 0 warn out of 335 processes
[1546649365] Auto-save of retention data completed successfully.
[1546649725] SERVICE NOTIFICATION: nagiosadmin;smscapp2;Memory;CRITICAL;notify-service-by-email;CRITICAL - 1.0% (163972 kB) free!
[1546649726] SERVICE ALERT: pservercluster2;CPU Load;CRITICAL;SOFT;1;CRITICAL - load average: 1.26, 35.86, 35.45
[1546649782] SERVICE NOTIFICATION: nagiosadmin;sigqscluster1;CPU_Procs;CRITICAL;notify-service-by-email;CPU CRITICAL: 2 crit, 0 warn out of 339 processes
[1546649846] SERVICE ALERT: pservercluster2;CPU Load;CRITICAL;SOFT;2;CRITICAL - load average: 0.70, 24.21, 31.23
[1546649914] SERVICE NOTIFICATION: nagiosadmin;smscapp2;CPU_Procs;WARNING;notify-service-by-email;CPU WARNING: 5 warn out of 335 processes
[1546649966] SERVICE ALERT: pservercluster2;CPU Load;CRITICAL;HARD;3;CRITICAL - load average: 0.71, 16.44, 27.53
[1546650016] SERVICE NOTIFICATION: nagiosadmin;sig1;HDD_Root status;WARNING;notify-service-by-email;DISK WARNING - free space: / 6635 MB (12% inode=97%):
[1546650140] SERVICE NOTIFICATION: nagiosadmin;qservercluster1;CPU_Procs;CRITICAL;notify-service-by-email;CPU CRITICAL: 1 crit, 0 warn out of 301 processes
[1546650566] SERVICE ALERT: pservercluster2;CPU Load;WARNING;HARD;3;WARNING - load average: 0.65, 2.82, 14.77
[1546650724] SERVICE NOTIFICATION: nagiosadmin;smscapp1;CPU_Procs;CRITICAL;notify-service-by-email;CPU CRITICAL: 1 crit, 0 warn out of 305 processes
[1546651109] SERVICE NOTIFICATION: nagiosadmin;pservercluster2;CPU_Procs;CRITICAL;notify-service-by-email;CPU CRITICAL: 2 crit, 4 warn out of 354 processes
[1546651112] SERVICE NOTIFICATION: nagiosadmin;qservercluster2;CPU_Procs;CRITICAL;notify-service-by-email;CPU CRITICAL: 1 crit, 0 warn out of 301 processes
[1546651533] SERVICE NOTIFICATION: nagiosadmin;db2;Memory;WARNING;notify-service-by-email;WARNING - 19.5% (9612708 kB) free!
[1546651766] SERVICE ALERT: pservercluster2;CPU Load;OK;HARD;1;OK - load average: 0.86, 0.89, 4.65
[1546651781] SERVICE NOTIFICATION: nagiosadmin;pservercluster2;Memory;CRITICAL;notify-service-by-email;CRITICAL - 3.0% (744624 kB) free!
[1546652246] SERVICE NOTIFICATION: nagiosadmin;pservercluster2;HDD_Root status;WARNING;notify-service-by-email;DISK WARNING - free space: / 8102 MB (15% inode=98%):
[1546652436] SERVICE NOTIFICATION: nagiosadmin;sigqscluster2;CPU_Procs;CRITICAL;notify-service-by-email;CPU CRITICAL: 1 crit, 0 warn out of 335 processes
[1546652965] Auto-save of retention data completed successfully.
[1546653382] SERVICE NOTIFICATION: nagiosadmin;sigqscluster1;CPU_Procs;CRITICAL;notify-service-by-email;CPU CRITICAL: 1 crit, 0 warn out of 338 processes
[1546653514] SERVICE NOTIFICATION: nagiosadmin;smscapp2;CPU_Procs;WARNING;notify-service-by-email;CPU WARNING: 5 warn out of 335 processes
[1546653616] SERVICE NOTIFICATION: nagiosadmin;sig1;HDD_Root status;WARNING;notify-service-by-email;DISK WARNING - free space: / 6634 MB (12% inode=97%):
[1546653740] SERVICE NOTIFICATION: nagiosadmin;qservercluster1;CPU_Procs;CRITICAL;notify-service-by-email;CPU CRITICAL: 1 crit, 0 warn out of 304 processes
[1546653924] SERVICE NOTIFICATION: nagiosadmin;smscapp2;Memory;CRITICAL;notify-service-by-email;CRITICAL - 1.6% (257336 kB) free!
[1546654325] SERVICE NOTIFICATION: nagiosadmin;smscapp1;CPU_Procs;CRITICAL;notify-service-by-email;CPU CRITICAL: 1 crit, 0 warn out of 299 processes
[1546654709] SERVICE NOTIFICATION: nagiosadmin;pservercluster2;CPU_Procs;CRITICAL;notify-service-by-email;CPU CRITICAL: 2 crit, 4 warn out of 354 processes
[1546654712] SERVICE NOTIFICATION: nagiosadmin;qservercluster2;CPU_Procs;CRITICAL;notify-service-by-email;CPU CRITICAL: 1 crit, 0 warn out of 302 processes
[1546655133] SERVICE NOTIFICATION: nagiosadmin;db2;Memory;WARNING;notify-service-by-email;WARNING - 19.5% (9614852 kB) free!
[1546655381] SERVICE NOTIFICATION: nagiosadmin;pservercluster2;Memory;CRITICAL;notify-service-by-email;CRITICAL - 2.3% (563964 kB) free!
[1546655846] SERVICE NOTIFICATION: nagiosadmin;pservercluster2;HDD_Root status;WARNING;notify-service-by-email;DISK WARNING - free space: / 8094 MB (15% inode=98%):
[1546656036] SERVICE NOTIFICATION: nagiosadmin;sigqscluster2;CPU_Procs;CRITICAL;notify-service-by-email;CPU CRITICAL: 1 crit, 0 warn out of 336 processes
[1546656565] Auto-save of retention data completed successfully.
[1546656982] SERVICE NOTIFICATION: nagiosadmin;sigqscluster1;CPU_Procs;CRITICAL;notify-service-by-email;CPU CRITICAL: 1 crit, 0 warn out of 337 processes
[1546657115] SERVICE NOTIFICATION: nagiosadmin;smscapp2;CPU_Procs;WARNING;notify-service-by-email;CPU WARNING: 5 warn out of 334 processes
[1546657166] SERVICE ALERT: pservercluster2;CPU Load;CRITICAL;SOFT;1;CRITICAL - load average: 1.17, 43.42, 37.66
[1546657216] SERVICE NOTIFICATION: nagiosadmin;sig1;HDD_Root status;WARNING;notify-service-by-email;DISK WARNING - free space: / 6633 MB (12% inode=97%):
[1546657286] SERVICE ALERT: pservercluster2;CPU Load;CRITICAL;SOFT;2;CRITICAL - load average: 0.63, 29.27, 33.17
[1546657340] SERVICE NOTIFICATION: nagiosadmin;qservercluster1;CPU_Procs;CRITICAL;notify-service-by-email;CPU CRITICAL: 1 crit, 0 warn out of 303 processes
[1546657406] SERVICE ALERT: pservercluster2;CPU Load;CRITICAL;HARD;3;CRITICAL - load average: 5.92, 21.80, 29.95
[1546657524] SERVICE NOTIFICATION: nagiosadmin;smscapp2;Memory;CRITICAL;notify-service-by-email;CRITICAL - 1.6% (256220 kB) free!
[1546658006] SERVICE ALERT: pservercluster2;CPU Load;WARNING;HARD;3;WARNING - load average: 0.33, 3.42, 15.98
[1546658310] SERVICE NOTIFICATION: nagiosadmin;pservercluster2;CPU_Procs;CRITICAL;notify-service-by-email;CPU CRITICAL: 2 crit, 4 warn out of 351 processes
[1546658312] SERVICE NOTIFICATION: nagiosadmin;qservercluster2;CPU_Procs;CRITICAL;notify-service-by-email;CPU CRITICAL: 1 crit, 0 warn out of 303 processes
[1546658524] SERVICE NOTIFICATION: nagiosadmin;smscapp1;CPU_Procs;CRITICAL;notify-service-by-email;CPU CRITICAL: 1 crit, 0 warn out of 300 processes
[1546658733] SERVICE NOTIFICATION: nagiosadmin;db2;Memory;WARNING;notify-service-by-email;WARNING - 19.5% (9613396 kB) free!
[1546658981] SERVICE NOTIFICATION: nagiosadmin;pservercluster2;Memory;CRITICAL;notify-service-by-email;CRITICAL - 3.2% (791188 kB) free!
[1546659206] SERVICE ALERT: pservercluster2;CPU Load;OK;HARD;1;OK - load average: 0.62, 0.73, 4.87
[1546659446] SERVICE NOTIFICATION: nagiosadmin;pservercluster2;HDD_Root status;WARNING;notify-service-by-email;DISK WARNING - free space: / 8102 MB (15% inode=98%):
[1546659636] SERVICE NOTIFICATION: nagiosadmin;sigqscluster2;CPU_Procs;CRITICAL;notify-service-by-email;CPU CRITICAL: 1 crit, 0 warn out of 335 processes
[1546660165] Auto-save of retention data completed successfully.
[1546660583] SERVICE NOTIFICATION: nagiosadmin;sigqscluster1;CPU_Procs;CRITICAL;notify-service-by-email;CPU CRITICAL: 1 crit, 0 warn out of 338 processes
[1546660816] SERVICE NOTIFICATION: nagiosadmin;sig1;HDD_Root status;WARNING;notify-service-by-email;DISK WARNING - free space: / 6635 MB (12% inode=97%):
[1546660940] SERVICE NOTIFICATION: nagiosadmin;qservercluster1;CPU_Procs;CRITICAL;notify-service-by-email;CPU CRITICAL: 1 crit, 0 warn out of 300 processes
[1546661124] SERVICE NOTIFICATION: nagiosadmin;smscapp2;Memory;CRITICAL;notify-service-by-email;CRITICAL - 1.6% (255084 kB) free!
[1546661314] SERVICE NOTIFICATION: nagiosadmin;smscapp2;CPU_Procs;WARNING;notify-service-by-email;CPU WARNING: 5 warn out of 333 processes
[1546661912] SERVICE NOTIFICATION: nagiosadmin;qservercluster2;CPU_Procs;CRITICAL;notify-service-by-email;CPU CRITICAL: 1 crit, 0 warn out of 301 processes
[1546662124] SERVICE NOTIFICATION: nagiosadmin;smscapp1;CPU_Procs;CRITICAL;notify-service-by-email;CPU CRITICAL: 1 crit, 0 warn out of 297 processes
[1546662333] SERVICE NOTIFICATION: nagiosadmin;db2;Memory;WARNING;notify-service-by-email;WARNING - 19.5% (9614844 kB) free!
[1546662509] SERVICE NOTIFICATION: nagiosadmin;pservercluster2;CPU_Procs;CRITICAL;notify-service-by-email;CPU CRITICAL: 2 crit, 4 warn out of 351 processes
[1546662581] SERVICE NOTIFICATION: nagiosadmin;pservercluster2;Memory;CRITICAL;notify-service-by-email;CRITICAL - 2.8% (678148 kB) free!
[1546663046] SERVICE NOTIFICATION: nagiosadmin;pservercluster2;HDD_Root status;WARNING;notify-service-by-email;DISK WARNING - free space: / 8102 MB (15% inode=98%):
[1546663236] SERVICE NOTIFICATION: nagiosadmin;sigqscluster2;CPU_Procs;CRITICAL;notify-service-by-email;CPU CRITICAL: 1 crit, 0 warn out of 335 processes
[1546663765] Auto-save of retention data completed successfully.
[1546664009] SERVICE ALERT: webservercluster1;CPU_Procs;CRITICAL;SOFT;1;CPU CRITICAL: 1 crit, 0 warn out of 305 processes
[1546664129] SERVICE ALERT: webservercluster1;CPU_Procs;CRITICAL;SOFT;2;CPU CRITICAL: 1 crit, 0 warn out of 305 processes
[1546664249] SERVICE NOTIFICATION: nagiosadmin;webservercluster1;CPU_Procs;CRITICAL;notify-service-by-email;CPU CRITICAL: 1 crit, 0 warn out of 305 processes
[1546664249] SERVICE ALERT: webservercluster1;CPU_Procs;CRITICAL;HARD;3;CPU CRITICAL: 1 crit, 0 warn out of 305 processes
[1546664255] SERVICE ALERT: webservercluster1;Current Users;WARNING;SOFT;1;USERS WARNING - 6 users currently logged in
[1546664375] SERVICE ALERT: webservercluster1;Current Users;WARNING;SOFT;2;USERS WARNING - 6 users currently logged in
[1546664416] SERVICE NOTIFICATION: nagiosadmin;sig1;HDD_Root status;WARNING;notify-service-by-email;DISK WARNING - free space: / 6635 MB (12% inode=97%):
[1546664495] SERVICE ALERT: webservercluster1;Current Users;OK;HARD;1;USERS OK - 5 users currently logged in
[1546664540] SERVICE NOTIFICATION: nagiosadmin;qservercluster1;CPU_Procs;CRITICAL;notify-service-by-email;CPU CRITICAL: 1 crit, 0 warn out of 300 processes
[1546664724] SERVICE NOTIFICATION: nagiosadmin;smscapp2;Memory;CRITICAL;notify-service-by-email;CRITICAL - 1.5% (250860 kB) free!
[1546664782] SERVICE NOTIFICATION: nagiosadmin;sigqscluster1;CPU_Procs;CRITICAL;notify-service-by-email;CPU CRITICAL: 1 crit, 0 warn out of 337 processes
[1546664849] SERVICE NOTIFICATION: nagiosadmin;webservercluster1;CPU_Procs;OK;notify-service-by-email;CPU OK: 303 processes
[1546664849] SERVICE ALERT: webservercluster1;CPU_Procs;OK;HARD;1;CPU OK: 303 processes
[1546664914] SERVICE NOTIFICATION: nagiosadmin;smscapp2;CPU_Procs;WARNING;notify-service-by-email;CPU WARNING: 5 warn out of 336 processes
[1546664980] SERVICE ALERT: sig5;Current Users;CRITICAL;SOFT;1;CHECK_NRPE: Socket timeout after 10 seconds.
[1546664987] SERVICE ALERT: sig5;Total Processes;CRITICAL;SOFT;1;CHECK_NRPE: Socket timeout after 10 seconds.
[1546665010] wproc: Core Worker 26678: job 17212 (pid=20418) timed out. Killing it
[1546665010] wproc: CHECK job 17212 from worker Core Worker 26678 timed out after 30.01s
[1546665010] wproc:   host=sig5; service=(null);
[1546665010] wproc:   early_timeout=1; exited_ok=0; wait_status=0; error_code=62;
[1546665010] Warning: Check of host 'sig5' timed out after 30.01 seconds
[1546665010] HOST ALERT: sig5;DOWN;SOFT;1;(Host check timed out after 30.01 seconds)
[1546665010] wproc: Core Worker 26678: job 17212 (pid=20418): Dormant child reaped
[1546665100] SERVICE ALERT: sig5;Current Users;OK;HARD;1;USERS OK - 1 users currently logged in
[1546665104] HOST ALERT: sig5;UP;SOFT;1;PING OK - Packet loss = 0%, RTA = 0.41 ms
[1546665107] SERVICE ALERT: sig5;Total Processes;OK;HARD;1;PROCS OK: 304 processes
[1546665111] SERVICE ALERT: sig3;Memory;CRITICAL;SOFT;1;CHECK_NRPE: Socket timeout after 10 seconds.
[1546665141] wproc: Core Worker 26693: job 17214 (pid=22723) timed out. Killing it
[1546665141] wproc: CHECK job 17214 from worker Core Worker 26693 timed out after 30.03s
[1546665141] wproc:   host=sig3; service=(null);
[1546665141] wproc:   early_timeout=1; exited_ok=0; wait_status=0; error_code=62;
[1546665141] Warning: Check of host 'sig3' timed out after 30.03 seconds
[1546665141] HOST ALERT: sig3;DOWN;SOFT;1;(Host check timed out after 30.03 seconds)
[1546665141] wproc: Core Worker 26693: job 17214 (pid=22723): Dormant child reaped
[1546665142] Warning: Return code of 255 for check of service 'HDD_Root status' on host 'sig3' was out of bounds.
[1546665142] SERVICE ALERT: sig3;HDD_Root status;CRITICAL;HARD;1;(Return code of 255 for service 'HDD_Root status' on host 'sig3' was out of bounds)
[1546665142] Warning: Return code of 255 for check of service 'Current Users' on host 'sig3' was out of bounds.
[1546665142] SERVICE ALERT: sig3;Current Users;CRITICAL;HARD;1;(Return code of 255 for service 'Current Users' on host 'sig3' was out of bounds)
[1546665205] HOST ALERT: sig3;UP;SOFT;1;PING OK - Packet loss = 0%, RTA = 0.44 ms
[1546665231] SERVICE ALERT: sig3;Memory;OK;HARD;1;OK - 94.4% (15346236 kB) free.
[1546665262] SERVICE NOTIFICATION: nagiosadmin;sig3;HDD_Root status;OK;notify-service-by-email;DISK OK - free space: / 37946 MB (74% inode=98%):
[1546665262] SERVICE ALERT: sig3;HDD_Root status;OK;HARD;1;DISK OK - free space: / 37946 MB (74% inode=98%):
[1546665262] SERVICE NOTIFICATION: nagiosadmin;sig3;Current Users;OK;notify-service-by-email;USERS OK - 1 users currently logged in
[1546665262] SERVICE ALERT: sig3;Current Users;OK;HARD;1;USERS OK - 1 users currently logged in
[1546665512] SERVICE NOTIFICATION: nagiosadmin;qservercluster2;CPU_Procs;CRITICAL;notify-service-by-email;CPU CRITICAL: 1 crit, 0 warn out of 301 processes
[1546665521] SERVICE ALERT: sig5;CPU_Procs;CRITICAL;SOFT;1;CPU CRITICAL: 1 crit, 0 warn out of 288 processes
[1546665641] SERVICE ALERT: sig5;CPU_Procs;OK;HARD;1;CPU OK: 296 processes
[1546665724] SERVICE NOTIFICATION: nagiosadmin;smscapp1;CPU_Procs;CRITICAL;notify-service-by-email;CPU CRITICAL: 1 crit, 0 warn out of 301 processes
[1546665806] SERVICE ALERT: pservercluster2;CPU Load;CRITICAL;SOFT;1;CRITICAL - load average: 68.40, 19.23, 7.06
[1546665926] SERVICE ALERT: pservercluster2;CPU Load;WARNING;SOFT;2;WARNING - load average: 9.60, 12.98, 6.24
[1546665933] SERVICE NOTIFICATION: nagiosadmin;db2;Memory;WARNING;notify-service-by-email;WARNING - 19.2% (9463032 kB) free!
[1546666046] SERVICE ALERT: pservercluster2;CPU Load;WARNING;HARD;3;WARNING - load average: 1.76, 8.88, 5.56
[1546666109] SERVICE NOTIFICATION: nagiosadmin;pservercluster2;CPU_Procs;CRITICAL;notify-service-by-email;CPU CRITICAL: 2 crit, 4 warn out of 358 processes
[1546666181] SERVICE NOTIFICATION: nagiosadmin;pservercluster2;Memory;CRITICAL;notify-service-by-email;CRITICAL - 3.5% (846160 kB) free!
[1546666646] SERVICE ALERT: pservercluster2;CPU Load;OK;HARD;1;OK - load average: 0.57, 1.74, 3.21
[1546666647] SERVICE NOTIFICATION: nagiosadmin;pservercluster2;HDD_Root status;WARNING;notify-service-by-email;DISK WARNING - free space: / 8102 MB (15% inode=98%):
[1546666836] SERVICE NOTIFICATION: nagiosadmin;sigqscluster2;CPU_Procs;CRITICAL;notify-service-by-email;CPU CRITICAL: 1 crit, 0 warn out of 336 processes
[1546667365] Auto-save of retention data completed successfully.
[1546668016] SERVICE NOTIFICATION: nagiosadmin;sig1;HDD_Root status;WARNING;notify-service-by-email;DISK WARNING - free space: / 6635 MB (12% inode=97%):
[1546668140] SERVICE NOTIFICATION: nagiosadmin;qservercluster1;CPU_Procs;CRITICAL;notify-service-by-email;CPU CRITICAL: 1 crit, 0 warn out of 300 processes
[1546668324] SERVICE NOTIFICATION: nagiosadmin;smscapp2;Memory;CRITICAL;notify-service-by-email;CRITICAL - 1.2% (192032 kB) free!
[1546668382] SERVICE NOTIFICATION: nagiosadmin;sigqscluster1;CPU_Procs;CRITICAL;notify-service-by-email;CPU CRITICAL: 1 crit, 0 warn out of 336 processes
[1546668514] SERVICE NOTIFICATION: nagiosadmin;smscapp2;CPU_Procs;WARNING;notify-service-by-email;CPU WARNING: 5 warn out of 335 processes
[1546669112] SERVICE NOTIFICATION: nagiosadmin;qservercluster2;CPU_Procs;CRITICAL;notify-service-by-email;CPU CRITICAL: 1 crit, 0 warn out of 305 processes
[1546669324] SERVICE NOTIFICATION: nagiosadmin;smscapp1;CPU_Procs;CRITICAL;notify-service-by-email;CPU CRITICAL: 1 crit, 0 warn out of 300 processes
[1546669533] SERVICE NOTIFICATION: nagiosadmin;db2;Memory;WARNING;notify-service-by-email;WARNING - 19.4% (9558168 kB) free!
[1546669709] SERVICE NOTIFICATION: nagiosadmin;pservercluster2;CPU_Procs;CRITICAL;notify-service-by-email;CPU CRITICAL: 2 crit, 4 warn out of 357 processes
[1546669781] SERVICE NOTIFICATION: nagiosadmin;pservercluster2;Memory;CRITICAL;notify-service-by-email;CRITICAL - 2.8% (680884 kB) free!
[1546670436] SERVICE NOTIFICATION: nagiosadmin;sigqscluster2;CPU_Procs;CRITICAL;notify-service-by-email;CPU CRITICAL: 1 crit, 0 warn out of 335 processes
[1546670846] SERVICE NOTIFICATION: nagiosadmin;pservercluster2;HDD_Root status;WARNING;notify-service-by-email;DISK WARNING - free space: / 8102 MB (15% inode=98%):
[1546670965] Auto-save of retention data completed successfully.
[1546671616] SERVICE NOTIFICATION: nagiosadmin;sig1;HDD_Root status;WARNING;notify-service-by-email;DISK WARNING - free space: / 6635 MB (12% inode=97%):
[1546671740] SERVICE NOTIFICATION: nagiosadmin;qservercluster1;CPU_Procs;CRITICAL;notify-service-by-email;CPU CRITICAL: 1 crit, 0 warn out of 298 processes
[1546671924] SERVICE NOTIFICATION: nagiosadmin;smscapp2;Memory;CRITICAL;notify-service-by-email;CRITICAL - 1.2% (193188 kB) free!
[1546671982] SERVICE NOTIFICATION: nagiosadmin;sigqscluster1;CPU_Procs;CRITICAL;notify-service-by-email;CPU CRITICAL: 1 crit, 0 warn out of 337 processes
[1546672114] SERVICE NOTIFICATION: nagiosadmin;smscapp2;CPU_Procs;WARNING;notify-service-by-email;CPU WARNING: 5 warn out of 337 processes
[1546672712] SERVICE NOTIFICATION: nagiosadmin;qservercluster2;CPU_Procs;CRITICAL;notify-service-by-email;CPU CRITICAL: 1 crit, 0 warn out of 301 processes
[1546672924] SERVICE NOTIFICATION: nagiosadmin;smscapp1;CPU_Procs;CRITICAL;notify-service-by-email;CPU CRITICAL: 1 crit, 0 warn out of 304 processes
[1546672958] SERVICE ALERT: db2;CPU_Procs;CRITICAL;SOFT;1;CPU CRITICAL: 1 crit, 0 warn out of 291 processes
[1546673078] SERVICE ALERT: db2;CPU_Procs;OK;HARD;1;CPU OK: 290 processes
[1546673133] SERVICE NOTIFICATION: nagiosadmin;db2;Memory;WARNING;notify-service-by-email;WARNING - 19.4% (9558056 kB) free!
[1546673309] SERVICE NOTIFICATION: nagiosadmin;pservercluster2;CPU_Procs;CRITICAL;notify-service-by-email;CPU CRITICAL: 1 crit, 5 warn out of 373 processes
[1546673381] SERVICE NOTIFICATION: nagiosadmin;pservercluster2;Memory;CRITICAL;notify-service-by-email;CRITICAL - 1.7% (420640 kB) free!
[1546673516] SERVICE ALERT: pservercluster2;Current Users;WARNING;SOFT;1;USERS WARNING - 16 users currently logged in
[1546673636] SERVICE ALERT: pservercluster2;Current Users;WARNING;SOFT;2;USERS WARNING - 16 users currently logged in
[1546673756] SERVICE NOTIFICATION: nagiosadmin;pservercluster2;Current Users;WARNING;notify-service-by-email;USERS WARNING - 16 users currently logged in
[1546673756] SERVICE ALERT: pservercluster2;Current Users;WARNING;HARD;3;USERS WARNING - 16 users currently logged in
[1546673846] SERVICE ALERT: pservercluster2;CPU Load;CRITICAL;SOFT;1;CRITICAL - load average: 1.08, 35.40, 32.25
[1546673966] SERVICE ALERT: pservercluster2;CPU Load;CRITICAL;SOFT;2;CRITICAL - load average: 0.66, 23.85, 28.40
[1546674036] SERVICE NOTIFICATION: nagiosadmin;sigqscluster2;CPU_Procs;CRITICAL;notify-service-by-email;CPU CRITICAL: 1 crit, 0 warn out of 336 processes
[1546674087] SERVICE ALERT: pservercluster2;CPU Load;CRITICAL;HARD;3;CRITICAL - load average: 0.64, 16.18, 25.04
[1546674446] SERVICE NOTIFICATION: nagiosadmin;pservercluster2;HDD_Root status;WARNING;notify-service-by-email;DISK WARNING - free space: / 8094 MB (15% inode=98%):
[1546674565] Auto-save of retention data completed successfully.
[1546674687] SERVICE ALERT: pservercluster2;CPU Load;WARNING;HARD;3;WARNING - load average: 0.78, 2.70, 13.39
[1546675216] SERVICE NOTIFICATION: nagiosadmin;sig1;HDD_Root status;WARNING;notify-service-by-email;DISK WARNING - free space: / 6622 MB (12% inode=97%):
[1546675341] SERVICE NOTIFICATION: nagiosadmin;qservercluster1;CPU_Procs;CRITICAL;notify-service-by-email;CPU CRITICAL: 1 crit, 0 warn out of 299 processes
[1546675524] SERVICE NOTIFICATION: nagiosadmin;smscapp2;Memory;CRITICAL;notify-service-by-email;CRITICAL - 1.2% (187796 kB) free!
[1546675582] SERVICE NOTIFICATION: nagiosadmin;sigqscluster1;CPU_Procs;CRITICAL;notify-service-by-email;CPU CRITICAL: 1 crit, 0 warn out of 337 processes
[1546675714] SERVICE NOTIFICATION: nagiosadmin;smscapp2;CPU_Procs;WARNING;notify-service-by-email;CPU WARNING: 5 warn out of 337 processes
[1546675887] SERVICE ALERT: pservercluster2;CPU Load;OK;HARD;1;OK - load average: 0.66, 0.61, 4.10
[1546676312] SERVICE NOTIFICATION: nagiosadmin;qservercluster2;CPU_Procs;CRITICAL;notify-service-by-email;CPU CRITICAL: 1 crit, 0 warn out of 303 processes
[1546676525] SERVICE NOTIFICATION: nagiosadmin;smscapp1;CPU_Procs;CRITICAL;notify-service-by-email;CPU CRITICAL: 1 crit, 0 warn out of 302 processes
[1546676733] SERVICE NOTIFICATION: nagiosadmin;db2;Memory;WARNING;notify-service-by-email;WARNING - 19.4% (9552760 kB) free!
[1546676909] SERVICE NOTIFICATION: nagiosadmin;pservercluster2;CPU_Procs;CRITICAL;notify-service-by-email;CPU CRITICAL: 1 crit, 5 warn out of 373 processes
[1546676981] SERVICE NOTIFICATION: nagiosadmin;pservercluster2;Memory;CRITICAL;notify-service-by-email;CRITICAL - 2.8% (686712 kB) free!
[1546677356] SERVICE NOTIFICATION: nagiosadmin;pservercluster2;Current Users;WARNING;notify-service-by-email;USERS WARNING - 17 users currently logged in
[1546677636] SERVICE NOTIFICATION: nagiosadmin;sigqscluster2;CPU_Procs;CRITICAL;notify-service-by-email;CPU CRITICAL: 1 crit, 0 warn out of 337 processes
[1546677695] SERVICE ALERT: webservercluster1;Current Users;WARNING;SOFT;1;USERS WARNING - 6 users currently logged in
[1546677815] SERVICE ALERT: webservercluster1;Current Users;WARNING;SOFT;2;USERS WARNING - 6 users currently logged in
[1546677878] SERVICE ALERT: db2;CPU_Procs;CRITICAL;SOFT;1;CPU CRITICAL: 1 crit, 0 warn out of 294 processes
[1546677935] SERVICE NOTIFICATION: nagiosadmin;webservercluster1;Current Users;WARNING;notify-service-by-email;USERS WARNING - 6 users currently logged in
[1546677935] SERVICE ALERT: webservercluster1;Current Users;WARNING;HARD;3;USERS WARNING - 6 users currently logged in
[1546677998] SERVICE ALERT: db2;CPU_Procs;OK;HARD;1;CPU OK: 292 processes
[1546678046] SERVICE NOTIFICATION: nagiosadmin;pservercluster2;HDD_Root status;WARNING;notify-service-by-email;DISK WARNING - free space: / 8102 MB (15% inode=98%):
[1546678165] Auto-save of retention data completed successfully.
[1546678567] SERVICE ALERT: webserver2;Current Users;WARNING;SOFT;1;USERS WARNING - 41 users currently logged in
[1546678627] SERVICE ALERT: webserver2;Current Users;WARNING;SOFT;2;USERS WARNING - 41 users currently logged in
[1546678687] SERVICE ALERT: webserver2;Current Users;WARNING;SOFT;3;USERS WARNING - 41 users currently logged in
[1546678747] SERVICE NOTIFICATION: nagiosadmin;webserver2;Current Users;WARNING;notify-service-by-email;USERS WARNING - 41 users currently logged in
[1546678747] SERVICE ALERT: webserver2;Current Users;WARNING;HARD;4;USERS WARNING - 41 users currently logged in
[1546678816] SERVICE NOTIFICATION: nagiosadmin;sig1;HDD_Root status;WARNING;notify-service-by-email;DISK WARNING - free space: / 6619 MB (12% inode=97%):
[1546679124] SERVICE NOTIFICATION: nagiosadmin;smscapp2;Memory;CRITICAL;notify-service-by-email;CRITICAL - 1.1% (185400 kB) free!
[1546679182] SERVICE NOTIFICATION: nagiosadmin;sigqscluster1;CPU_Procs;CRITICAL;notify-service-by-email;CPU CRITICAL: 1 crit, 0 warn out of 337 processes
[1546679314] SERVICE NOTIFICATION: nagiosadmin;smscapp2;CPU_Procs;WARNING;notify-service-by-email;CPU WARNING: 5 warn out of 337 processes
[1546679540] SERVICE NOTIFICATION: nagiosadmin;qservercluster1;CPU_Procs;CRITICAL;notify-service-by-email;CPU CRITICAL: 1 crit, 0 warn out of 301 processes
[1546679647] SERVICE NOTIFICATION: nagiosadmin;webserver2;Current Users;OK;notify-service-by-email;USERS OK - 38 users currently logged in
[1546679647] SERVICE ALERT: webserver2;Current Users;OK;HARD;1;USERS OK - 38 users currently logged in
[1546679756] SERVICE NOTIFICATION: nagiosadmin;pservercluster2;Current Users;OK;notify-service-by-email;USERS OK - 13 users currently logged in
[1546679756] SERVICE ALERT: pservercluster2;Current Users;OK;HARD;1;USERS OK - 13 users currently logged in
[1546679912] SERVICE NOTIFICATION: nagiosadmin;qservercluster2;CPU_Procs;CRITICAL;notify-service-by-email;CPU CRITICAL: 1 crit, 0 warn out of 300 processes
[1546680334] SERVICE NOTIFICATION: nagiosadmin;db2;Memory;WARNING;notify-service-by-email;WARNING - 19.4% (9553060 kB) free!
[1546680509] SERVICE NOTIFICATION: nagiosadmin;pservercluster2;CPU_Procs;CRITICAL;notify-service-by-email;CPU CRITICAL: 1 crit, 5 warn out of 358 processes
[1546680581] SERVICE NOTIFICATION: nagiosadmin;pservercluster2;Memory;CRITICAL;notify-service-by-email;CRITICAL - 5.8% (1433076 kB) free!
[1546680724] SERVICE NOTIFICATION: nagiosadmin;smscapp1;CPU_Procs;CRITICAL;notify-service-by-email;CPU CRITICAL: 1 crit, 0 warn out of 305 processes
[1546680998] SERVICE ALERT: db2;CPU_Procs;CRITICAL;SOFT;1;CPU CRITICAL: 1 crit, 0 warn out of 292 processes
[1546681118] SERVICE ALERT: db2;CPU_Procs;CRITICAL;SOFT;2;CPU CRITICAL: 1 crit, 0 warn out of 293 processes
[1546681159] SERVICE ALERT: pservercluster2;Total Processes;CRITICAL;SOFT;1;PROCS CRITICAL: 923 processes
[1546681236] SERVICE NOTIFICATION: nagiosadmin;sigqscluster2;CPU_Procs;CRITICAL;notify-service-by-email;CPU CRITICAL: 1 crit, 0 warn out of 334 processes
[1546681238] SERVICE ALERT: db2;CPU_Procs;OK;HARD;1;CPU OK: 293 processes
[1546681279] SERVICE ALERT: pservercluster2;Total Processes;OK;HARD;1;PROCS OK: 355 processes
[1546681287] SERVICE ALERT: pservercluster2;CPU Load;CRITICAL;SOFT;1;CRITICAL - load average: 1.45, 38.67, 33.31
[1546681407] SERVICE ALERT: pservercluster2;CPU Load;CRITICAL;SOFT;2;CRITICAL - load average: 1.16, 26.19, 29.39
[1546681527] SERVICE ALERT: pservercluster2;CPU Load;CRITICAL;HARD;3;CRITICAL - load average: 0.62, 17.71, 25.89
[1546681535] SERVICE NOTIFICATION: nagiosadmin;webservercluster1;Current Users;WARNING;notify-service-by-email;USERS WARNING - 6 users currently logged in
[1546681646] SERVICE NOTIFICATION: nagiosadmin;pservercluster2;HDD_Root status;WARNING;notify-service-by-email;DISK WARNING - free space: / 8102 MB (15% inode=98%):
[1546681765] Auto-save of retention data completed successfully.
[1546682127] SERVICE ALERT: pservercluster2;CPU Load;WARNING;HARD;3;WARNING - load average: 0.50, 2.97, 13.92
[1546682416] SERVICE NOTIFICATION: nagiosadmin;sig1;HDD_Root status;WARNING;notify-service-by-email;DISK WARNING - free space: / 6619 MB (12% inode=97%):
[1546682724] SERVICE NOTIFICATION: nagiosadmin;smscapp2;Memory;CRITICAL;notify-service-by-email;CRITICAL - 1.1% (185912 kB) free!
[1546682782] SERVICE NOTIFICATION: nagiosadmin;sigqscluster1;CPU_Procs;CRITICAL;notify-service-by-email;CPU CRITICAL: 1 crit, 0 warn out of 338 processes
[1546682914] SERVICE NOTIFICATION: nagiosadmin;smscapp2;CPU_Procs;WARNING;notify-service-by-email;CPU WARNING: 5 warn out of 337 processes
[1546683141] SERVICE NOTIFICATION: nagiosadmin;qservercluster1;CPU_Procs;CRITICAL;notify-service-by-email;CPU CRITICAL: 1 crit, 0 warn out of 299 processes
[1546683327] SERVICE ALERT: pservercluster2;CPU Load;OK;HARD;1;OK - load average: 0.72, 0.65, 4.29
[1546683512] SERVICE NOTIFICATION: nagiosadmin;qservercluster2;CPU_Procs;CRITICAL;notify-service-by-email;CPU CRITICAL: 1 crit, 0 warn out of 302 processes
[1546684110] SERVICE NOTIFICATION: nagiosadmin;pservercluster2;CPU_Procs;CRITICAL;notify-service-by-email;CPU CRITICAL: 1 crit, 5 warn out of 361 processes
[1546684152] SERVICE ALERT: smscapp1;Memory;CRITICAL;SOFT;1;CRITICAL - 3.9% (639124 kB) free!
[1546684181] SERVICE NOTIFICATION: nagiosadmin;pservercluster2;Memory;CRITICAL;notify-service-by-email;CRITICAL - 6.7% (1653504 kB) free!
[1546684273] SERVICE ALERT: smscapp1;Memory;CRITICAL;SOFT;2;CRITICAL - 2.5% (407904 kB) free!
[1546684324] SERVICE NOTIFICATION: nagiosadmin;smscapp1;CPU_Procs;CRITICAL;notify-service-by-email;CPU CRITICAL: 2 crit, 0 warn out of 311 processes
[1546684394] SERVICE NOTIFICATION: nagiosadmin;smscapp1;Memory;CRITICAL;notify-service-by-email;CRITICAL - 1.0% (163552 kB) free!
[1546684394] SERVICE ALERT: smscapp1;Memory;CRITICAL;HARD;3;CRITICAL - 1.0% (163552 kB) free!
[1546684533] SERVICE NOTIFICATION: nagiosadmin;db2;Memory;WARNING;notify-service-by-email;WARNING - 17.2% (8483544 kB) free!
[1546684836] SERVICE NOTIFICATION: nagiosadmin;sigqscluster2;CPU_Procs;CRITICAL;notify-service-by-email;CPU CRITICAL: 1 crit, 0 warn out of 336 processes
[1546685135] SERVICE NOTIFICATION: nagiosadmin;webservercluster1;Current Users;WARNING;notify-service-by-email;USERS WARNING - 6 users currently logged in
[1546685246] SERVICE NOTIFICATION: nagiosadmin;pservercluster2;HDD_Root status;WARNING;notify-service-by-email;DISK WARNING - free space: / 8101 MB (15% inode=98%):
[1546685365] Auto-save of retention data completed successfully.
[1546686017] SERVICE NOTIFICATION: nagiosadmin;sig1;HDD_Root status;WARNING;notify-service-by-email;DISK WARNING - free space: / 6619 MB (12% inode=97%):
[1546686324] SERVICE NOTIFICATION: nagiosadmin;smscapp2;Memory;CRITICAL;notify-service-by-email;CRITICAL - 2.7% (436076 kB) free!
[1546686382] SERVICE NOTIFICATION: nagiosadmin;sigqscluster1;CPU_Procs;CRITICAL;notify-service-by-email;CPU CRITICAL: 1 crit, 0 warn out of 338 processes
[1546686514] SERVICE NOTIFICATION: nagiosadmin;smscapp2;CPU_Procs;WARNING;notify-service-by-email;CPU WARNING: 5 warn out of 336 processes
[1546687112] SERVICE NOTIFICATION: nagiosadmin;qservercluster2;CPU_Procs;CRITICAL;notify-service-by-email;CPU CRITICAL: 1 crit, 0 warn out of 301 processes
[1546687340] SERVICE NOTIFICATION: nagiosadmin;qservercluster1;CPU_Procs;CRITICAL;notify-service-by-email;CPU CRITICAL: 1 crit, 0 warn out of 298 processes
[1546687781] SERVICE NOTIFICATION: nagiosadmin;pservercluster2;Memory;CRITICAL;notify-service-by-email;CRITICAL - 5.5% (1336024 kB) free!
[1546687924] SERVICE NOTIFICATION: nagiosadmin;smscapp1;CPU_Procs;CRITICAL;notify-service-by-email;CPU CRITICAL: 1 crit, 0 warn out of 313 processes
[1546687994] SERVICE NOTIFICATION: nagiosadmin;smscapp1;Memory;CRITICAL;notify-service-by-email;CRITICAL - 1.3% (215144 kB) free!
[1546688127] SERVICE ALERT: pservercluster2;CPU Load;CRITICAL;SOFT;1;CRITICAL - load average: 25.33, 79.10, 41.08
[1546688133] SERVICE NOTIFICATION: nagiosadmin;db2;Memory;WARNING;notify-service-by-email;WARNING - 19.4% (9537300 kB) free!
[1546688247] SERVICE ALERT: pservercluster2;CPU Load;CRITICAL;SOFT;2;CRITICAL - load average: 3.45, 52.95, 36.11
[1546688309] SERVICE NOTIFICATION: nagiosadmin;pservercluster2;CPU_Procs;CRITICAL;notify-service-by-email;CPU CRITICAL: 1 crit, 5 warn out of 363 processes
[1546688367] SERVICE ALERT: pservercluster2;CPU Load;CRITICAL;HARD;3;CRITICAL - load average: 1.30, 35.75, 31.85
[1546688436] SERVICE NOTIFICATION: nagiosadmin;sigqscluster2;CPU_Procs;CRITICAL;notify-service-by-email;CPU CRITICAL: 1 crit, 0 warn out of 335 processes
[1546688735] SERVICE NOTIFICATION: nagiosadmin;webservercluster1;Current Users;WARNING;notify-service-by-email;USERS WARNING - 6 users currently logged in
[1546688846] SERVICE NOTIFICATION: nagiosadmin;pservercluster2;HDD_Root status;WARNING;notify-service-by-email;DISK WARNING - free space: / 8101 MB (15% inode=98%):
[1546688965] Auto-save of retention data completed successfully.
[1546688967] SERVICE ALERT: pservercluster2;CPU Load;WARNING;HARD;3;WARNING - load average: 0.87, 5.43, 17.07
[1546689924] SERVICE NOTIFICATION: nagiosadmin;smscapp2;Memory;CRITICAL;notify-service-by-email;CRITICAL - 2.7% (434172 kB) free!
[1546689982] SERVICE NOTIFICATION: nagiosadmin;sigqscluster1;CPU_Procs;CRITICAL;notify-service-by-email;CPU CRITICAL: 1 crit, 0 warn out of 337 processes
[1546690114] SERVICE NOTIFICATION: nagiosadmin;smscapp2;CPU_Procs;WARNING;notify-service-by-email;CPU WARNING: 5 warn out of 335 processes
[1546690216] SERVICE NOTIFICATION: nagiosadmin;sig1;HDD_Root status;WARNING;notify-service-by-email;DISK WARNING - free space: / 6619 MB (12% inode=97%):
[1546690709] SERVICE NOTIFICATION: nagiosadmin;pservercluster2;CPU_Procs;WARNING;notify-service-by-email;CPU WARNING: 6 warn out of 359 processes
[1546690709] SERVICE ALERT: pservercluster2;CPU_Procs;WARNING;HARD;3;CPU WARNING: 6 warn out of 359 processes
[1546690712] SERVICE NOTIFICATION: nagiosadmin;qservercluster2;CPU_Procs;CRITICAL;notify-service-by-email;CPU CRITICAL: 1 crit, 0 warn out of 301 processes
[1546690767] SERVICE ALERT: pservercluster2;CPU Load;OK;HARD;1;OK - load average: 0.43, 0.60, 2.99
[1546690941] SERVICE NOTIFICATION: nagiosadmin;qservercluster1;CPU_Procs;CRITICAL;notify-service-by-email;CPU CRITICAL: 1 crit, 0 warn out of 298 processes
[1546691135] SERVICE NOTIFICATION: nagiosadmin;webservercluster1;Current Users;OK;notify-service-by-email;USERS OK - 3 users currently logged in
[1546691135] SERVICE ALERT: webservercluster1;Current Users;OK;HARD;1;USERS OK - 3 users currently logged in
[1546691309] SERVICE NOTIFICATION: nagiosadmin;pservercluster2;CPU_Procs;CRITICAL;notify-service-by-email;CPU CRITICAL: 1 crit, 5 warn out of 361 processes
[1546691309] SERVICE ALERT: pservercluster2;CPU_Procs;CRITICAL;HARD;3;CPU CRITICAL: 1 crit, 5 warn out of 361 processes
[1546691381] SERVICE NOTIFICATION: nagiosadmin;pservercluster2;Memory;CRITICAL;notify-service-by-email;CRITICAL - 6.4% (1557716 kB) free!
[1546691524] SERVICE NOTIFICATION: nagiosadmin;smscapp1;CPU_Procs;CRITICAL;notify-service-by-email;CPU CRITICAL: 1 crit, 0 warn out of 295 processes
[1546691595] SERVICE NOTIFICATION: nagiosadmin;smscapp1;Memory;CRITICAL;notify-service-by-email;CRITICAL - 1.3% (218460 kB) free!
[1546691733] SERVICE NOTIFICATION: nagiosadmin;db2;Memory;WARNING;notify-service-by-email;WARNING - 19.4% (9537004 kB) free!
[1546692036] SERVICE NOTIFICATION: nagiosadmin;sigqscluster2;CPU_Procs;CRITICAL;notify-service-by-email;CPU CRITICAL: 1 crit, 0 warn out of 336 processes
[1546692447] SERVICE NOTIFICATION: nagiosadmin;pservercluster2;HDD_Root status;WARNING;notify-service-by-email;DISK WARNING - free space: / 8101 MB (15% inode=98%):
[1546692565] Auto-save of retention data completed successfully.
[1546692956] SERVICE ALERT: pservercluster2;Current Users;WARNING;SOFT;1;USERS WARNING - 16 users currently logged in
[1546693076] SERVICE ALERT: pservercluster2;Current Users;WARNING;SOFT;2;USERS WARNING - 16 users currently logged in
[1546693196] SERVICE NOTIFICATION: nagiosadmin;pservercluster2;Current Users;WARNING;notify-service-by-email;USERS WARNING - 16 users currently logged in
[1546693196] SERVICE ALERT: pservercluster2;Current Users;WARNING;HARD;3;USERS WARNING - 16 users currently logged in
[1546693524] SERVICE NOTIFICATION: nagiosadmin;smscapp2;Memory;CRITICAL;notify-service-by-email;CRITICAL - 2.4% (392676 kB) free!
[1546693582] SERVICE NOTIFICATION: nagiosadmin;sigqscluster1;CPU_Procs;CRITICAL;notify-service-by-email;CPU CRITICAL: 1 crit, 0 warn out of 338 processes
[1546693715] SERVICE NOTIFICATION: nagiosadmin;smscapp2;CPU_Procs;WARNING;notify-service-by-email;CPU WARNING: 5 warn out of 335 processes
[1546693816] SERVICE NOTIFICATION: nagiosadmin;sig1;HDD_Root status;WARNING;notify-service-by-email;DISK WARNING - free space: / 6619 MB (12% inode=97%):
[1546694312] SERVICE NOTIFICATION: nagiosadmin;qservercluster2;CPU_Procs;CRITICAL;notify-service-by-email;CPU CRITICAL: 1 crit, 0 warn out of 305 processes
[1546694909] SERVICE NOTIFICATION: nagiosadmin;pservercluster2;CPU_Procs;CRITICAL;notify-service-by-email;CPU CRITICAL: 1 crit, 5 warn out of 366 processes
[1546694981] SERVICE NOTIFICATION: nagiosadmin;pservercluster2;Memory;CRITICAL;notify-service-by-email;CRITICAL - 5.4% (1317736 kB) free!
[1546695124] SERVICE NOTIFICATION: nagiosadmin;smscapp1;CPU_Procs;CRITICAL;notify-service-by-email;CPU CRITICAL: 1 crit, 0 warn out of 296 processes
[1546695140] SERVICE NOTIFICATION: nagiosadmin;qservercluster1;CPU_Procs;CRITICAL;notify-service-by-email;CPU CRITICAL: 1 crit, 0 warn out of 301 processes
[1546695333] SERVICE NOTIFICATION: nagiosadmin;db2;Memory;WARNING;notify-service-by-email;WARNING - 19.4% (9538164 kB) free!
[1546695567] SERVICE ALERT: pservercluster2;CPU Load;CRITICAL;SOFT;1;CRITICAL - load average: 6.52, 61.04, 38.42
[1546695637] SERVICE NOTIFICATION: nagiosadmin;sigqscluster2;CPU_Procs;CRITICAL;notify-service-by-email;CPU CRITICAL: 1 crit, 0 warn out of 335 processes
[1546695687] SERVICE ALERT: pservercluster2;CPU Load;CRITICAL;SOFT;2;CRITICAL - load average: 1.15, 40.97, 33.81
[1546695794] SERVICE NOTIFICATION: nagiosadmin;smscapp1;Memory;CRITICAL;notify-service-by-email;CRITICAL - 1.3% (215812 kB) free!
[1546695807] SERVICE ALERT: pservercluster2;CPU Load;CRITICAL;HARD;3;CRITICAL - load average: 0.62, 27.60, 29.78
[1546696165] Auto-save of retention data completed successfully.
[1546696196] SERVICE NOTIFICATION: nagiosadmin;pservercluster2;Current Users;OK;notify-service-by-email;USERS OK - 15 users currently logged in
[1546696196] SERVICE ALERT: pservercluster2;Current Users;OK;HARD;1;USERS OK - 15 users currently logged in
[1546696407] SERVICE ALERT: pservercluster2;CPU Load;WARNING;HARD;3;WARNING - load average: 0.52, 4.72, 16.37
[1546696646] SERVICE NOTIFICATION: nagiosadmin;pservercluster2;HDD_Root status;WARNING;notify-service-by-email;DISK WARNING - free space: / 8101 MB (15% inode=98%):
[1546697124] SERVICE NOTIFICATION: nagiosadmin;smscapp2;Memory;CRITICAL;notify-service-by-email;CRITICAL - 2.4% (391128 kB) free!
[1546697183] SERVICE NOTIFICATION: nagiosadmin;sigqscluster1;CPU_Procs;CRITICAL;notify-service-by-email;CPU CRITICAL: 1 crit, 0 warn out of 337 processes
[1546697416] SERVICE NOTIFICATION: nagiosadmin;sig1;HDD_Root status;WARNING;notify-service-by-email;DISK WARNING - free space: / 6615 MB (12% inode=97%):
[1546697607] SERVICE ALERT: pservercluster2;CPU Load;OK;HARD;1;OK - load average: 0.53, 0.69, 4.96
[1546697912] SERVICE NOTIFICATION: nagiosadmin;qservercluster2;CPU_Procs;CRITICAL;notify-service-by-email;CPU CRITICAL: 1 crit, 0 warn out of 303 processes
[1546697914] SERVICE NOTIFICATION: nagiosadmin;smscapp2;CPU_Procs;WARNING;notify-service-by-email;CPU WARNING: 5 warn out of 336 processes
[1546698509] SERVICE NOTIFICATION: nagiosadmin;pservercluster2;CPU_Procs;CRITICAL;notify-service-by-email;CPU CRITICAL: 1 crit, 5 warn out of 361 processes
[1546698581] SERVICE NOTIFICATION: nagiosadmin;pservercluster2;Memory;CRITICAL;notify-service-by-email;CRITICAL - 6.3% (1540388 kB) free!
[1546698638] SERVICE ALERT: db2;CPU_Procs;CRITICAL;SOFT;1;CPU CRITICAL: 1 crit, 0 warn out of 293 processes
[1546698725] SERVICE NOTIFICATION: nagiosadmin;smscapp1;CPU_Procs;CRITICAL;notify-service-by-email;CPU CRITICAL: 1 crit, 0 warn out of 297 processes
[1546698740] SERVICE NOTIFICATION: nagiosadmin;qservercluster1;CPU_Procs;CRITICAL;notify-service-by-email;CPU CRITICAL: 1 crit, 0 warn out of 302 processes
[1546698758] SERVICE ALERT: db2;CPU_Procs;OK;HARD;1;CPU OK: 292 processes
[1546698933] SERVICE NOTIFICATION: nagiosadmin;db2;Memory;WARNING;notify-service-by-email;WARNING - 19.3% (9523544 kB) free!
[1546699395] SERVICE NOTIFICATION: nagiosadmin;smscapp1;Memory;CRITICAL;notify-service-by-email;CRITICAL - 1.3% (206432 kB) free!
[1546699765] Auto-save of retention data completed successfully.
[1546699836] SERVICE NOTIFICATION: nagiosadmin;sigqscluster2;CPU_Procs;CRITICAL;notify-service-by-email;CPU CRITICAL: 1 crit, 0 warn out of 334 processes
[1546700246] SERVICE NOTIFICATION: nagiosadmin;pservercluster2;HDD_Root status;WARNING;notify-service-by-email;DISK WARNING - free space: / 8101 MB (15% inode=98%):
[1546700724] SERVICE NOTIFICATION: nagiosadmin;smscapp2;Memory;CRITICAL;notify-service-by-email;CRITICAL - 2.3% (381792 kB) free!
[1546701016] SERVICE NOTIFICATION: nagiosadmin;sig1;HDD_Root status;WARNING;notify-service-by-email;DISK WARNING - free space: / 6615 MB (12% inode=97%):
[1546701382] SERVICE NOTIFICATION: nagiosadmin;sigqscluster1;CPU_Procs;CRITICAL;notify-service-by-email;CPU CRITICAL: 1 crit, 0 warn out of 335 processes
[1546701512] SERVICE NOTIFICATION: nagiosadmin;qservercluster2;CPU_Procs;CRITICAL;notify-service-by-email;CPU CRITICAL: 1 crit, 0 warn out of 301 processes
[1546701514] SERVICE NOTIFICATION: nagiosadmin;smscapp2;CPU_Procs;WARNING;notify-service-by-email;CPU WARNING: 5 warn out of 336 processes
[1546702109] SERVICE NOTIFICATION: nagiosadmin;pservercluster2;CPU_Procs;WARNING;notify-service-by-email;CPU WARNING: 5 warn out of 362 processes
[1546702109] SERVICE ALERT: pservercluster2;CPU_Procs;WARNING;HARD;3;CPU WARNING: 5 warn out of 362 processes
[1546702181] SERVICE NOTIFICATION: nagiosadmin;pservercluster2;Memory;CRITICAL;notify-service-by-email;CRITICAL - 5.4% (1315604 kB) free!
[1546702340] SERVICE NOTIFICATION: nagiosadmin;qservercluster1;CPU_Procs;CRITICAL;notify-service-by-email;CPU CRITICAL: 1 crit, 0 warn out of 301 processes
[1546702533] SERVICE NOTIFICATION: nagiosadmin;db2;Memory;WARNING;notify-service-by-email;WARNING - 19.3% (9523648 kB) free!
[1546702924] SERVICE NOTIFICATION: nagiosadmin;smscapp1;CPU_Procs;CRITICAL;notify-service-by-email;CPU CRITICAL: 1 crit, 0 warn out of 295 processes
[1546703365] Auto-save of retention data completed successfully.
[1546703436] SERVICE NOTIFICATION: nagiosadmin;sigqscluster2;CPU_Procs;CRITICAL;notify-service-by-email;CPU CRITICAL: 1 crit, 0 warn out of 335 processes
[1546703594] SERVICE NOTIFICATION: nagiosadmin;smscapp1;Memory;CRITICAL;notify-service-by-email;CRITICAL - 1.6% (262624 kB) free!
[1546703607] SERVICE ALERT: pservercluster2;CPU Load;CRITICAL;SOFT;1;CRITICAL - load average: 1.17, 39.53, 33.23
[1546703727] SERVICE ALERT: pservercluster2;CPU Load;CRITICAL;SOFT;2;CRITICAL - load average: 0.28, 26.49, 29.22
[1546703846] SERVICE NOTIFICATION: nagiosadmin;pservercluster2;HDD_Root status;WARNING;notify-service-by-email;DISK WARNING - free space: / 8101 MB (15% inode=98%):
[1546703847] SERVICE ALERT: pservercluster2;CPU Load;CRITICAL;HARD;3;CRITICAL - load average: 0.21, 17.78, 25.70
[1546703996] SERVICE ALERT: pservercluster2;Current Users;WARNING;SOFT;1;USERS WARNING - 16 users currently logged in
[1546704116] SERVICE ALERT: pservercluster2;Current Users;WARNING;SOFT;2;USERS WARNING - 16 users currently logged in
[1546704236] SERVICE NOTIFICATION: nagiosadmin;pservercluster2;Current Users;WARNING;notify-service-by-email;USERS WARNING - 16 users currently logged in
[1546704236] SERVICE ALERT: pservercluster2;Current Users;WARNING;HARD;3;USERS WARNING - 16 users currently logged in
[1546704324] SERVICE NOTIFICATION: nagiosadmin;smscapp2;Memory;CRITICAL;notify-service-by-email;CRITICAL - 2.3% (380432 kB) free!
[1546704447] SERVICE ALERT: pservercluster2;CPU Load;WARNING;HARD;3;WARNING - load average: 0.20, 2.56, 13.56
[1546704616] SERVICE NOTIFICATION: nagiosadmin;sig1;HDD_Root status;WARNING;notify-service-by-email;DISK WARNING - free space: / 6614 MB (12% inode=97%):
[1546704982] SERVICE NOTIFICATION: nagiosadmin;sigqscluster1;CPU_Procs;CRITICAL;notify-service-by-email;CPU CRITICAL: 1 crit, 0 warn out of 335 processes
[1546705112] SERVICE NOTIFICATION: nagiosadmin;qservercluster2;CPU_Procs;CRITICAL;notify-service-by-email;CPU CRITICAL: 1 crit, 0 warn out of 301 processes
[1546705114] SERVICE NOTIFICATION: nagiosadmin;smscapp2;CPU_Procs;WARNING;notify-service-by-email;CPU WARNING: 5 warn out of 336 processes
[1546705647] SERVICE ALERT: pservercluster2;CPU Load;OK;HARD;1;OK - load average: 0.14, 0.23, 3.87
[1546705709] SERVICE NOTIFICATION: nagiosadmin;pservercluster2;CPU_Procs;WARNING;notify-service-by-email;CPU WARNING: 5 warn out of 365 processes
[1546705781] SERVICE NOTIFICATION: nagiosadmin;pservercluster2;Memory;CRITICAL;notify-service-by-email;CRITICAL - 6.2% (1523956 kB) free!
[1546705940] SERVICE NOTIFICATION: nagiosadmin;qservercluster1;CPU_Procs;CRITICAL;notify-service-by-email;CPU CRITICAL: 1 crit, 0 warn out of 304 processes
[1546706133] SERVICE NOTIFICATION: nagiosadmin;db2;Memory;WARNING;notify-service-by-email;WARNING - 19.3% (9521300 kB) free!
[1546706524] SERVICE NOTIFICATION: nagiosadmin;smscapp1;CPU_Procs;CRITICAL;notify-service-by-email;CPU CRITICAL: 1 crit, 0 warn out of 296 processes
[1546706636] SERVICE NOTIFICATION: nagiosadmin;pservercluster2;Current Users;OK;notify-service-by-email;USERS OK - 15 users currently logged in
[1546706636] SERVICE ALERT: pservercluster2;Current Users;OK;HARD;1;USERS OK - 15 users currently logged in
[1546706965] Auto-save of retention data completed successfully.
[1546707036] SERVICE NOTIFICATION: nagiosadmin;sigqscluster2;CPU_Procs;CRITICAL;notify-service-by-email;CPU CRITICAL: 1 crit, 0 warn out of 336 processes
[1546707195] SERVICE NOTIFICATION: nagiosadmin;smscapp1;Memory;CRITICAL;notify-service-by-email;CRITICAL - 1.6% (261924 kB) free!
[1546707446] SERVICE NOTIFICATION: nagiosadmin;pservercluster2;HDD_Root status;WARNING;notify-service-by-email;DISK WARNING - free space: / 8101 MB (15% inode=98%):
[1546707924] SERVICE NOTIFICATION: nagiosadmin;smscapp2;Memory;CRITICAL;notify-service-by-email;CRITICAL - 2.3% (377068 kB) free!
[1546708216] SERVICE NOTIFICATION: nagiosadmin;sig1;HDD_Root status;WARNING;notify-service-by-email;DISK WARNING - free space: / 6614 MB (12% inode=97%):
[1546708582] SERVICE NOTIFICATION: nagiosadmin;sigqscluster1;CPU_Procs;CRITICAL;notify-service-by-email;CPU CRITICAL: 1 crit, 0 warn out of 337 processes
[1546708712] SERVICE NOTIFICATION: nagiosadmin;qservercluster2;CPU_Procs;CRITICAL;notify-service-by-email;CPU CRITICAL: 1 crit, 0 warn out of 302 processes
[1546708714] SERVICE NOTIFICATION: nagiosadmin;smscapp2;CPU_Procs;WARNING;notify-service-by-email;CPU WARNING: 5 warn out of 335 processes
[1546709246] SERVICE ALERT: db1;CPU_Procs;CRITICAL;SOFT;1;CPU CRITICAL: 1 crit, 0 warn out of 327 processes
[1546709309] SERVICE NOTIFICATION: nagiosadmin;pservercluster2;CPU_Procs;WARNING;notify-service-by-email;CPU WARNING: 2 warn out of 358 processes
[1546709366] SERVICE ALERT: db1;CPU_Procs;OK;HARD;1;CPU OK: 327 processes
[1546709381] SERVICE NOTIFICATION: nagiosadmin;pservercluster2;Memory;CRITICAL;notify-service-by-email;CRITICAL - 6.7% (1641820 kB) free!
[1546709540] SERVICE NOTIFICATION: nagiosadmin;qservercluster1;CPU_Procs;CRITICAL;notify-service-by-email;CPU CRITICAL: 1 crit, 0 warn out of 304 processes
[1546709733] SERVICE NOTIFICATION: nagiosadmin;db2;Memory;WARNING;notify-service-by-email;WARNING - 19.3% (9523500 kB) free!
[1546710125] SERVICE NOTIFICATION: nagiosadmin;smscapp1;CPU_Procs;CRITICAL;notify-service-by-email;CPU CRITICAL: 1 crit, 0 warn out of 293 processes
[1546710565] Auto-save of retention data completed successfully.
[1546710636] SERVICE NOTIFICATION: nagiosadmin;sigqscluster2;CPU_Procs;CRITICAL;notify-service-by-email;CPU CRITICAL: 1 crit, 0 warn out of 337 processes
[1546711046] SERVICE NOTIFICATION: nagiosadmin;pservercluster2;HDD_Root status;WARNING;notify-service-by-email;DISK WARNING - free space: / 8101 MB (15% inode=98%):
[1546711394] SERVICE NOTIFICATION: nagiosadmin;smscapp1;Memory;CRITICAL;notify-service-by-email;CRITICAL - 1.6% (262228 kB) free!
[1546711524] SERVICE NOTIFICATION: nagiosadmin;smscapp2;Memory;CRITICAL;notify-service-by-email;CRITICAL - 2.3% (381148 kB) free!
[1546711816] SERVICE NOTIFICATION: nagiosadmin;sig1;HDD_Root status;WARNING;notify-service-by-email;DISK WARNING - free space: / 6612 MB (12% inode=97%):
[1546712183] SERVICE NOTIFICATION: nagiosadmin;sigqscluster1;CPU_Procs;CRITICAL;notify-service-by-email;CPU CRITICAL: 1 crit, 0 warn out of 336 processes
[1546712312] SERVICE NOTIFICATION: nagiosadmin;qservercluster2;CPU_Procs;CRITICAL;notify-service-by-email;CPU CRITICAL: 1 crit, 0 warn out of 301 processes
[1546712314] SERVICE NOTIFICATION: nagiosadmin;smscapp2;CPU_Procs;WARNING;notify-service-by-email;CPU WARNING: 5 warn out of 334 processes
[1546712909] SERVICE NOTIFICATION: nagiosadmin;pservercluster2;CPU_Procs;WARNING;notify-service-by-email;CPU WARNING: 3 warn out of 349 processes
[1546712981] SERVICE NOTIFICATION: nagiosadmin;pservercluster2;Memory;CRITICAL;notify-service-by-email;CRITICAL - 6.4% (1579132 kB) free!
