[1547058600] LOG ROTATION: DAILY
[1547058600] LOG VERSION: 2.0
[1547058600] CURRENT HOST STATE: db1;UP;HARD;1;PING OK - Packet loss = 0%, RTA = 0.46 ms
[1547058600] CURRENT HOST STATE: db2;UP;HARD;1;PING OK - Packet loss = 0%, RTA = 0.46 ms
[1547058600] CURRENT HOST STATE: primary-server;UP;HARD;1;PING OK - Packet loss = 0%, RTA = 0.43 ms
[1547058600] CURRENT HOST STATE: pservercluster1;UP;HARD;1;PING OK - Packet loss = 0%, RTA = 0.44 ms
[1547058600] CURRENT HOST STATE: pservercluster2;UP;HARD;1;PING OK - Packet loss = 0%, RTA = 0.35 ms
[1547058600] CURRENT HOST STATE: qservercluster1;UP;HARD;1;PING OK - Packet loss = 0%, RTA = 0.28 ms
[1547058600] CURRENT HOST STATE: qservercluster2;UP;HARD;1;PING OK - Packet loss = 0%, RTA = 0.27 ms
[1547058600] CURRENT HOST STATE: secondary-server;UP;HARD;1;PING OK - Packet loss = 0%, RTA = 0.44 ms
[1547058600] CURRENT HOST STATE: sig1;UP;HARD;1;PING OK - Packet loss = 0%, RTA = 0.46 ms
[1547058600] CURRENT HOST STATE: sig2;UP;HARD;1;PING OK - Packet loss = 0%, RTA = 0.47 ms
[1547058600] CURRENT HOST STATE: sig3;UP;HARD;1;PING OK - Packet loss = 0%, RTA = 0.47 ms
[1547058600] CURRENT HOST STATE: sig4;UP;HARD;1;PING OK - Packet loss = 0%, RTA = 0.46 ms
[1547058600] CURRENT HOST STATE: sig5;UP;HARD;1;PING OK - Packet loss = 0%, RTA = 0.45 ms
[1547058600] CURRENT HOST STATE: sig6;UP;HARD;1;PING OK - Packet loss = 0%, RTA = 0.47 ms
[1547058600] CURRENT HOST STATE: sigqscluster1;UP;HARD;1;PING OK - Packet loss = 0%, RTA = 0.37 ms
[1547058600] CURRENT HOST STATE: sigqscluster2;UP;HARD;1;PING OK - Packet loss = 0%, RTA = 0.30 ms
[1547058600] CURRENT HOST STATE: smscapp1;UP;HARD;1;PING OK - Packet loss = 0%, RTA = 0.27 ms
[1547058600] CURRENT HOST STATE: smscapp2;UP;HARD;1;PING OK - Packet loss = 0%, RTA = 0.31 ms
[1547058600] CURRENT HOST STATE: sservercluster1;UP;HARD;1;PING OK - Packet loss = 0%, RTA = 0.41 ms
[1547058600] CURRENT HOST STATE: sservercluster2;UP;HARD;1;PING OK - Packet loss = 0%, RTA = 0.44 ms
[1547058600] CURRENT HOST STATE: webserver1;UP;HARD;1;PING OK - Packet loss = 0%, RTA = 0.42 ms
[1547058600] CURRENT HOST STATE: webserver2;UP;HARD;1;PING OK - Packet loss = 0%, RTA = 0.07 ms
[1547058600] CURRENT HOST STATE: webservercluster1;UP;HARD;1;PING OK - Packet loss = 0%, RTA = 0.48 ms
[1547058600] CURRENT HOST STATE: webservercluster2;UP;HARD;1;PING OK - Packet loss = 0%, RTA = 0.45 ms
[1547058600] CURRENT SERVICE STATE: db1;CPU Load;OK;HARD;1;OK - load average: 0.00, 0.01, 0.05
[1547058600] CURRENT SERVICE STATE: db1;CPU_Procs;OK;HARD;1;CPU OK: 326 processes
[1547058600] CURRENT SERVICE STATE: db1;Current Users;OK;HARD;1;USERS OK - 3 users currently logged in
[1547058600] CURRENT SERVICE STATE: db1;HDD_Home status;OK;HARD;1;DISK OK - free space: /home 207754 MB (99% inode=99%):
[1547058600] CURRENT SERVICE STATE: db1;HDD_Root status;OK;HARD;1;DISK OK - free space: / 23311 MB (45% inode=99%):
[1547058600] CURRENT SERVICE STATE: db1;LocalService-NTPD SERVICE;OK;HARD;1;PROCS OK: 1 process with command name 'ntpd'
[1547058600] CURRENT SERVICE STATE: db1;Mariadb status;OK;HARD;1;PROCS OK: 1 process with command name 'mysqld'
[1547058600] CURRENT SERVICE STATE: db1;Memory;OK;HARD;1;OK - 45.1% (22245288 kB) free.
[1547058600] CURRENT SERVICE STATE: db1;Sensors Status;OK;HARD;1;SENSORS OK
[1547058600] CURRENT SERVICE STATE: db1;Total Processes;OK;HARD;1;PROCS OK: 326 processes
[1547058600] CURRENT SERVICE STATE: db2;CPU Load;OK;HARD;1;OK - load average: 0.04, 0.03, 0.05
[1547058600] CURRENT SERVICE STATE: db2;CPU_Procs;OK;HARD;1;CPU OK: 289 processes
[1547058600] CURRENT SERVICE STATE: db2;Current Users;OK;HARD;1;USERS OK - 0 users currently logged in
[1547058600] CURRENT SERVICE STATE: db2;HDD_Home status;OK;HARD;1;DISK OK - free space: /home 126422 MB (56% inode=99%):
[1547058600] CURRENT SERVICE STATE: db2;HDD_Root status;OK;HARD;1;DISK OK - free space: / 31430 MB (61% inode=99%):
[1547058600] CURRENT SERVICE STATE: db2;LocalService-NTPD SERVICE;OK;HARD;1;PROCS OK: 1 process with command name 'ntpd'
[1547058600] CURRENT SERVICE STATE: db2;Mariadb status;OK;HARD;1;PROCS OK: 1 process with command name 'mysqld'
[1547058600] CURRENT SERVICE STATE: db2;Memory;WARNING;HARD;3;WARNING - 18.2% (8945964 kB) free!
[1547058600] CURRENT SERVICE STATE: db2;Sensors Status;OK;HARD;1;SENSORS OK
[1547058600] CURRENT SERVICE STATE: db2;Total Processes;OK;HARD;1;PROCS OK: 289 processes
[1547058600] CURRENT SERVICE STATE: primary-server;CPU Load;OK;HARD;1;OK - load average: 0.03, 0.07, 0.29
[1547058600] CURRENT SERVICE STATE: primary-server;CPU_Procs;OK;HARD;1;CPU OK: 342 processes
[1547058600] CURRENT SERVICE STATE: primary-server;Current Users;OK;HARD;1;USERS OK - 2 users currently logged in
[1547058600] CURRENT SERVICE STATE: primary-server;HDD_Home status;OK;HARD;1;DISK OK - free space: /home 224700 MB (99% inode=99%):
[1547058600] CURRENT SERVICE STATE: primary-server;HDD_Root status;OK;HARD;1;DISK OK - free space: / 41276 MB (80% inode=99%):
[1547058600] CURRENT SERVICE STATE: primary-server;LocalService-NTPD SERVICE;OK;HARD;1;PROCS OK: 2 processes with command name 'ntpd'
[1547058600] CURRENT SERVICE STATE: primary-server;Memory;OK;HARD;1;OK - 70.3% (17235388 kB) free.
[1547058600] CURRENT SERVICE STATE: primary-server;Nginx Status;OK;HARD;1;NGINX OK -  0.079 sec. response time, Active: 0 (Writing: 0 Reading: 0 Waiting: 0) ReqPerSec: 0.000 ConnPerSec: 0.000 ReqPerConn: 0.000
[1547058600] CURRENT SERVICE STATE: primary-server;Sensors Status;OK;HARD;1;SENSORS OK
[1547058600] CURRENT SERVICE STATE: primary-server;Total Processes;OK;HARD;1;PROCS OK: 345 processes
[1547058600] CURRENT SERVICE STATE: pservercluster1;CPU Load;OK;HARD;1;OK - load average: 0.00, 0.01, 0.05
[1547058600] CURRENT SERVICE STATE: pservercluster1;CPU_Procs;OK;HARD;1;CPU OK: 280 processes
[1547058600] CURRENT SERVICE STATE: pservercluster1;Current Users;OK;HARD;1;USERS OK - 1 users currently logged in
[1547058600] CURRENT SERVICE STATE: pservercluster1;HDD_Home status;OK;HARD;1;DISK OK - free space: /home 220675 MB (99% inode=99%):
[1547058600] CURRENT SERVICE STATE: pservercluster1;HDD_Root status;OK;HARD;1;DISK OK - free space: / 41763 MB (81% inode=99%):
[1547058600] CURRENT SERVICE STATE: pservercluster1;LocalService-NTPD SERVICE;OK;HARD;1;PROCS OK: 2 processes with command name 'ntpd'
[1547058600] CURRENT SERVICE STATE: pservercluster1;Memory;OK;HARD;1;OK - 96.9% (23904144 kB) free.
[1547058600] CURRENT SERVICE STATE: pservercluster1;Sensors Status;OK;HARD;1;SENSORS OK
[1547058600] CURRENT SERVICE STATE: pservercluster1;Total Processes;OK;HARD;1;PROCS OK: 281 processes
[1547058600] CURRENT SERVICE STATE: pservercluster2;CPU Load;OK;HARD;1;OK - load average: 1.13, 0.88, 0.87
[1547058600] CURRENT SERVICE STATE: pservercluster2;CPU_Procs;CRITICAL;HARD;3;CPU CRITICAL: 2 crit, 3 warn out of 370 processes
[1547058600] CURRENT SERVICE STATE: pservercluster2;Current Users;OK;HARD;1;USERS OK - 14 users currently logged in
[1547058600] CURRENT SERVICE STATE: pservercluster2;HDD_Home status;OK;HARD;1;DISK OK - free space: /home 114109 MB (50% inode=99%):
[1547058600] CURRENT SERVICE STATE: pservercluster2;HDD_Root status;WARNING;HARD;3;DISK WARNING - free space: / 8094 MB (15% inode=98%):
[1547058600] CURRENT SERVICE STATE: pservercluster2;LocalService-NTPD SERVICE;OK;HARD;1;PROCS OK: 2 processes with command name 'ntpd'
[1547058600] CURRENT SERVICE STATE: pservercluster2;Memory;CRITICAL;HARD;3;CRITICAL - 5.4% (1334768 kB) free!
[1547058600] CURRENT SERVICE STATE: pservercluster2;Sensors Status;OK;HARD;1;SENSORS OK
[1547058600] CURRENT SERVICE STATE: pservercluster2;Total Processes;OK;HARD;1;PROCS OK: 368 processes
[1547058600] CURRENT SERVICE STATE: qservercluster1;CPU Load;WARNING;HARD;3;WARNING - load average: 10.70, 10.87, 10.65
[1547058600] CURRENT SERVICE STATE: qservercluster1;CPU_Procs;CRITICAL;HARD;3;CPU CRITICAL: 1 crit, 0 warn out of 306 processes
[1547058600] CURRENT SERVICE STATE: qservercluster1;Current Users;OK;HARD;1;USERS OK - 3 users currently logged in
[1547058600] CURRENT SERVICE STATE: qservercluster1;HDD_Home status;OK;HARD;1;DISK OK - free space: /home 224641 MB (99% inode=99%):
[1547058600] CURRENT SERVICE STATE: qservercluster1;HDD_Root status;OK;HARD;1;DISK OK - free space: / 41278 MB (80% inode=99%):
[1547058600] CURRENT SERVICE STATE: qservercluster1;LocalService-NTPD SERVICE;OK;HARD;1;PROCS OK: 1 process with command name 'ntpd'
[1547058600] CURRENT SERVICE STATE: qservercluster1;Memory;OK;HARD;1;OK - 92.9% (45735936 kB) free.
[1547058600] CURRENT SERVICE STATE: qservercluster1;Sensors Status;OK;HARD;1;SENSORS OK
[1547058600] CURRENT SERVICE STATE: qservercluster1;Total Processes;OK;HARD;1;PROCS OK: 305 processes
[1547058600] CURRENT SERVICE STATE: qservercluster2;CPU Load;OK;HARD;1;OK - load average: 4.10, 3.89, 3.71
[1547058600] CURRENT SERVICE STATE: qservercluster2;CPU_Procs;CRITICAL;HARD;3;CPU CRITICAL: 1 crit, 0 warn out of 304 processes
[1547058600] CURRENT SERVICE STATE: qservercluster2;Current Users;OK;HARD;1;USERS OK - 0 users currently logged in
[1547058600] CURRENT SERVICE STATE: qservercluster2;HDD_Home status;OK;HARD;1;DISK OK - free space: /home 224577 MB (99% inode=99%):
[1547058600] CURRENT SERVICE STATE: qservercluster2;HDD_Root status;OK;HARD;1;DISK OK - free space: / 40162 MB (78% inode=98%):
[1547058600] CURRENT SERVICE STATE: qservercluster2;LocalService-NTPD SERVICE;OK;HARD;1;PROCS OK: 1 process with command name 'ntpd'
[1547058600] CURRENT SERVICE STATE: qservercluster2;Memory;OK;HARD;1;OK - 95.3% (46953932 kB) free.
[1547058600] CURRENT SERVICE STATE: qservercluster2;Sensors Status;OK;HARD;1;SENSORS OK
[1547058600] CURRENT SERVICE STATE: qservercluster2;Total Processes;OK;HARD;1;PROCS OK: 302 processes
[1547058600] CURRENT SERVICE STATE: secondary-server;CPU Load;OK;HARD;1;OK - load average: 0.91, 0.56, 0.27
[1547058600] CURRENT SERVICE STATE: secondary-server;CPU_Procs;OK;HARD;1;CPU OK: 344 processes
[1547058600] CURRENT SERVICE STATE: secondary-server;Current Users;OK;HARD;1;USERS OK - 2 users currently logged in
[1547058600] CURRENT SERVICE STATE: secondary-server;HDD_Home status;OK;HARD;1;DISK OK - free space: /home 224704 MB (99% inode=99%):
[1547058600] CURRENT SERVICE STATE: secondary-server;HDD_Root status;OK;HARD;1;DISK OK - free space: / 41195 MB (80% inode=99%):
[1547058600] CURRENT SERVICE STATE: secondary-server;LocalService-NTPD SERVICE;OK;HARD;1;PROCS OK: 2 processes with command name 'ntpd'
[1547058600] CURRENT SERVICE STATE: secondary-server;Memory Status;OK;HARD;1;OK - 70.7% (17326840 kB) free.
[1547058600] CURRENT SERVICE STATE: secondary-server;Nginx Status;OK;HARD;1;NGINX OK -  0.086 sec. response time, Active: 0 (Writing: 0 Reading: 0 Waiting: 0) ReqPerSec: 0.000 ConnPerSec: 0.000 ReqPerConn: 0.000
[1547058600] CURRENT SERVICE STATE: secondary-server;Sensors Status;OK;HARD;1;SENSORS OK
[1547058600] CURRENT SERVICE STATE: secondary-server;Total Processes;OK;HARD;1;PROCS OK: 341 processes
[1547058600] CURRENT SERVICE STATE: sig1;CPU Load;OK;HARD;1;OK - load average: 0.00, 0.01, 0.05
[1547058600] CURRENT SERVICE STATE: sig1;CPU_Procs;OK;HARD;1;CPU OK: 311 processes
[1547058600] CURRENT SERVICE STATE: sig1;Current Users;OK;HARD;1;USERS OK - 0 users currently logged in
[1547058600] CURRENT SERVICE STATE: sig1;HDD_Home status;OK;HARD;1;DISK OK - free space: /home 205409 MB (91% inode=99%):
[1547058600] CURRENT SERVICE STATE: sig1;HDD_Root status;WARNING;HARD;3;DISK WARNING - free space: / 6977 MB (13% inode=97%):
[1547058600] CURRENT SERVICE STATE: sig1;LocalService-NTPD SERVICE;OK;HARD;1;PROCS OK: 1 process with command name 'ntpd'
[1547058600] CURRENT SERVICE STATE: sig1;Memory;OK;HARD;1;OK - 50.9% (8276120 kB) free.
[1547058600] CURRENT SERVICE STATE: sig1;Sensors Status;OK;HARD;1;SENSORS OK
[1547058600] CURRENT SERVICE STATE: sig1;Total Processes;OK;HARD;1;PROCS OK: 311 processes
[1547058600] CURRENT SERVICE STATE: sig2;CPU Load;OK;HARD;1;OK - load average: 0.00, 0.01, 0.05
[1547058600] CURRENT SERVICE STATE: sig2;CPU_Procs;OK;HARD;1;CPU OK: 315 processes
[1547058600] CURRENT SERVICE STATE: sig2;Current Users;OK;HARD;1;USERS OK - 0 users currently logged in
[1547058600] CURRENT SERVICE STATE: sig2;HDD_Home status;OK;HARD;1;DISK OK - free space: /home 217579 MB (96% inode=99%):
[1547058600] CURRENT SERVICE STATE: sig2;HDD_Root status;OK;HARD;1;DISK OK - free space: / 37984 MB (74% inode=98%):
[1547058600] CURRENT SERVICE STATE: sig2;LocalService-NTPD SERVICE;OK;HARD;1;PROCS OK: 1 process with command name 'ntpd'
[1547058600] CURRENT SERVICE STATE: sig2;Memory;OK;HARD;1;OK - 86.8% (14108212 kB) free.
[1547058600] CURRENT SERVICE STATE: sig2;Sensors Status;OK;HARD;1;SENSORS OK
[1547058600] CURRENT SERVICE STATE: sig2;Total Processes;OK;HARD;1;PROCS OK: 315 processes
[1547058600] CURRENT SERVICE STATE: sig3;CPU Load;OK;HARD;1;OK - load average: 0.00, 0.01, 0.05
[1547058600] CURRENT SERVICE STATE: sig3;CPU_Procs;OK;HARD;1;CPU OK: 311 processes
[1547058600] CURRENT SERVICE STATE: sig3;Current Users;OK;HARD;1;USERS OK - 0 users currently logged in
[1547058600] CURRENT SERVICE STATE: sig3;HDD_Home status;OK;HARD;1;DISK OK - free space: /home 220132 MB (97% inode=99%):
[1547058600] CURRENT SERVICE STATE: sig3;HDD_Root status;OK;HARD;1;DISK OK - free space: / 37945 MB (74% inode=98%):
[1547058600] CURRENT SERVICE STATE: sig3;LocalService-NTPD SERVICE;OK;HARD;1;PROCS OK: 2 processes with command name 'ntpd'
[1547058600] CURRENT SERVICE STATE: sig3;Memory;OK;HARD;1;OK - 92.5% (15027356 kB) free.
[1547058600] CURRENT SERVICE STATE: sig3;Sensors Status;OK;HARD;1;SENSORS OK
[1547058600] CURRENT SERVICE STATE: sig3;Total Processes;OK;HARD;1;PROCS OK: 310 processes
[1547058600] CURRENT SERVICE STATE: sig4;CPU Load;OK;HARD;1;OK - load average: 0.00, 0.01, 0.05
[1547058600] CURRENT SERVICE STATE: sig4;CPU_Procs;OK;HARD;1;CPU OK: 314 processes
[1547058600] CURRENT SERVICE STATE: sig4;Current Users;OK;HARD;1;USERS OK - 0 users currently logged in
[1547058600] CURRENT SERVICE STATE: sig4;HDD_Home status;OK;HARD;1;DISK OK - free space: /home 221193 MB (98% inode=99%):
[1547058600] CURRENT SERVICE STATE: sig4;HDD_Root status;OK;HARD;1;DISK OK - free space: / 37508 MB (73% inode=98%):
[1547058600] CURRENT SERVICE STATE: sig4;LocalService-NTPD SERVICE;OK;HARD;1;PROCS OK: 1 process with command name 'ntpd'
[1547058600] CURRENT SERVICE STATE: sig4;Memory;OK;HARD;1;OK - 81.0% (13164676 kB) free.
[1547058600] CURRENT SERVICE STATE: sig4;Sensors Status;OK;HARD;1;SENSORS OK
[1547058600] CURRENT SERVICE STATE: sig4;Total Processes;OK;HARD;1;PROCS OK: 312 processes
[1547058600] CURRENT SERVICE STATE: sig5;CPU Load;OK;HARD;1;OK - load average: 0.02, 0.02, 0.05
[1547058600] CURRENT SERVICE STATE: sig5;CPU_Procs;OK;HARD;1;CPU OK: 299 processes
[1547058600] CURRENT SERVICE STATE: sig5;Current Users;OK;HARD;1;USERS OK - 0 users currently logged in
[1547058600] CURRENT SERVICE STATE: sig5;HDD_Home status;OK;HARD;1;DISK OK - free space: /home 221443 MB (98% inode=99%):
[1547058600] CURRENT SERVICE STATE: sig5;HDD_Root status;OK;HARD;1;DISK OK - free space: / 38787 MB (75% inode=98%):
[1547058600] CURRENT SERVICE STATE: sig5;LocalService-NTPD SERVICE;OK;HARD;1;PROCS OK: 2 processes with command name 'ntpd'
[1547058600] CURRENT SERVICE STATE: sig5;Memory;OK;HARD;1;OK - 92.4% (15014464 kB) free.
[1547058600] CURRENT SERVICE STATE: sig5;Sensors Status;OK;HARD;1;SENSORS OK
[1547058600] CURRENT SERVICE STATE: sig5;Total Processes;OK;HARD;1;PROCS OK: 299 processes
[1547058600] CURRENT SERVICE STATE: sig6;CPU Load;OK;HARD;1;OK - load average: 0.00, 0.01, 0.05
[1547058600] CURRENT SERVICE STATE: sig6;CPU_Procs;OK;HARD;1;CPU OK: 314 processes
[1547058600] CURRENT SERVICE STATE: sig6;Current Users;OK;HARD;1;USERS OK - 0 users currently logged in
[1547058600] CURRENT SERVICE STATE: sig6;HDD_Home status;OK;HARD;1;DISK OK - free space: /home 221452 MB (98% inode=99%):
[1547058600] CURRENT SERVICE STATE: sig6;HDD_Root status;OK;HARD;1;DISK OK - free space: / 37892 MB (74% inode=98%):
[1547058600] CURRENT SERVICE STATE: sig6;LocalService-NTPD SERVICE;OK;HARD;1;PROCS OK: 2 processes with command name 'ntpd'
[1547058600] CURRENT SERVICE STATE: sig6;Memory;OK;HARD;1;OK - 91.0% (14784256 kB) free.
[1547058600] CURRENT SERVICE STATE: sig6;Sensors Status;OK;HARD;1;SENSORS OK
[1547058600] CURRENT SERVICE STATE: sig6;Total Processes;OK;HARD;1;PROCS OK: 310 processes
[1547058600] CURRENT SERVICE STATE: sigqscluster1;CPU Load;OK;HARD;1;OK - load average: 0.41, 0.35, 0.37
[1547058600] CURRENT SERVICE STATE: sigqscluster1;CPU_Procs;CRITICAL;HARD;3;CPU CRITICAL: 1 crit, 0 warn out of 338 processes
[1547058600] CURRENT SERVICE STATE: sigqscluster1;Current Users;OK;HARD;1;USERS OK - 2 users currently logged in
[1547058600] CURRENT SERVICE STATE: sigqscluster1;HDD_Home status;OK;HARD;1;DISK OK - free space: /home 224579 MB (99% inode=99%):
[1547058600] CURRENT SERVICE STATE: sigqscluster1;HDD_Root status;OK;HARD;1;DISK OK - free space: / 41178 MB (80% inode=99%):
[1547058600] CURRENT SERVICE STATE: sigqscluster1;LocalService-NTPD SERVICE;OK;HARD;1;PROCS OK: 2 processes with command name 'ntpd'
[1547058600] CURRENT SERVICE STATE: sigqscluster1;Memory;OK;HARD;1;OK - 91.1% (44876088 kB) free.
[1547058600] CURRENT SERVICE STATE: sigqscluster1;Sensors Status;OK;HARD;1;SENSORS OK
[1547058600] CURRENT SERVICE STATE: sigqscluster1;Total Processes;OK;HARD;1;PROCS OK: 339 processes
[1547058600] CURRENT SERVICE STATE: sigqscluster2;CPU Load;OK;HARD;1;OK - load average: 1.08, 0.84, 0.86
[1547058600] CURRENT SERVICE STATE: sigqscluster2;CPU_Procs;CRITICAL;HARD;3;CPU CRITICAL: 1 crit, 0 warn out of 334 processes
[1547058600] CURRENT SERVICE STATE: sigqscluster2;Current Users;OK;HARD;1;USERS OK - 2 users currently logged in
[1547058600] CURRENT SERVICE STATE: sigqscluster2;HDD_Home status;OK;HARD;1;DISK OK - free space: /home 224577 MB (99% inode=99%):
[1547058600] CURRENT SERVICE STATE: sigqscluster2;HDD_Root status;OK;HARD;1;DISK OK - free space: / 41181 MB (80% inode=99%):
[1547058600] CURRENT SERVICE STATE: sigqscluster2;LocalService-NTPD SERVICE;OK;HARD;1;PROCS OK: 2 processes with command name 'ntpd'
[1547058600] CURRENT SERVICE STATE: sigqscluster2;Memory;OK;HARD;1;OK - 91.0% (44863820 kB) free.
[1547058600] CURRENT SERVICE STATE: sigqscluster2;Sensors Status;OK;HARD;1;SENSORS OK
[1547058600] CURRENT SERVICE STATE: sigqscluster2;Total Processes;OK;HARD;1;PROCS OK: 335 processes
[1547058600] CURRENT SERVICE STATE: smscapp1;CPU Load;OK;HARD;1;OK - load average: 1.03, 0.85, 0.88
[1547058600] CURRENT SERVICE STATE: smscapp1;CPU_Procs;CRITICAL;HARD;3;CPU CRITICAL: 1 crit, 0 warn out of 304 processes
[1547058600] CURRENT SERVICE STATE: smscapp1;Current Users;OK;HARD;1;USERS OK - 2 users currently logged in
[1547058600] CURRENT SERVICE STATE: smscapp1;HDD_Home status;OK;HARD;1;DISK OK - free space: /home 150291 MB (66% inode=99%):
[1547058600] CURRENT SERVICE STATE: smscapp1;HDD_Root status;OK;HARD;1;DISK OK - free space: / 39151 MB (76% inode=98%):
[1547058600] CURRENT SERVICE STATE: smscapp1;LocalService-NTPD SERVICE;OK;HARD;1;PROCS OK: 2 processes with command name 'ntpd'
[1547058600] CURRENT SERVICE STATE: smscapp1;Memory;CRITICAL;HARD;3;CRITICAL - 1.1% (183468 kB) free!
[1547058600] CURRENT SERVICE STATE: smscapp1;Sensors Status;OK;HARD;1;SENSORS OK
[1547058600] CURRENT SERVICE STATE: smscapp1;Total Processes;OK;HARD;1;PROCS OK: 304 processes
[1547058600] CURRENT SERVICE STATE: smscapp2;CPU Load;OK;HARD;1;OK - load average: 0.65, 0.66, 0.63
[1547058600] CURRENT SERVICE STATE: smscapp2;CPU_Procs;WARNING;HARD;3;CPU WARNING: 5 warn out of 335 processes
[1547058600] CURRENT SERVICE STATE: smscapp2;Current Users;OK;HARD;1;USERS OK - 2 users currently logged in
[1547058600] CURRENT SERVICE STATE: smscapp2;HDD_Home status;OK;HARD;1;DISK OK - free space: /home 131493 MB (58% inode=99%):
[1547058600] CURRENT SERVICE STATE: smscapp2;HDD_Root status;OK;HARD;1;DISK OK - free space: / 39006 MB (76% inode=98%):
[1547058600] CURRENT SERVICE STATE: smscapp2;LocalService-NTPD SERVICE;OK;HARD;1;PROCS OK: 2 processes with command name 'ntpd'
[1547058600] CURRENT SERVICE STATE: smscapp2;Memory;CRITICAL;HARD;3;CRITICAL - 1.9% (313460 kB) free!
[1547058600] CURRENT SERVICE STATE: smscapp2;Sensors Status;OK;HARD;1;SENSORS OK
[1547058600] CURRENT SERVICE STATE: smscapp2;Total Processes;OK;HARD;1;PROCS OK: 334 processes
[1547058600] CURRENT SERVICE STATE: sservercluster1;CPU Load;OK;HARD;1;OK - load average: 0.00, 0.01, 0.05
[1547058600] CURRENT SERVICE STATE: sservercluster1;CPU_Procs;OK;HARD;1;CPU OK: 283 processes
[1547058600] CURRENT SERVICE STATE: sservercluster1;Current Users;OK;HARD;1;USERS OK - 1 users currently logged in
[1547058600] CURRENT SERVICE STATE: sservercluster1;HDD_Home status;OK;HARD;1;DISK OK - free space: /home 220679 MB (99% inode=99%):
[1547058600] CURRENT SERVICE STATE: sservercluster1;HDD_Root status;OK;HARD;1;DISK OK - free space: / 41765 MB (81% inode=99%):
[1547058600] CURRENT SERVICE STATE: sservercluster1;LocalService-NTPD SERVICE;OK;HARD;1;PROCS OK: 2 processes with command name 'ntpd'
[1547058600] CURRENT SERVICE STATE: sservercluster1;Memory;OK;HARD;1;OK - 96.7% (23698332 kB) free.
[1547058600] CURRENT SERVICE STATE: sservercluster1;Sensors Status;OK;HARD;1;SENSORS OK
[1547058600] CURRENT SERVICE STATE: sservercluster1;Total Processes;OK;HARD;1;PROCS OK: 282 processes
[1547058600] CURRENT SERVICE STATE: sservercluster2;CPU Load;OK;HARD;1;OK - load average: 0.00, 0.01, 0.05
[1547058600] CURRENT SERVICE STATE: sservercluster2;CPU_Procs;OK;HARD;1;CPU OK: 298 processes
[1547058600] CURRENT SERVICE STATE: sservercluster2;Current Users;OK;HARD;1;USERS OK - 1 users currently logged in
[1547058600] CURRENT SERVICE STATE: sservercluster2;HDD_Home status;OK;HARD;1;DISK OK - free space: /home 219756 MB (99% inode=99%):
[1547058600] CURRENT SERVICE STATE: sservercluster2;HDD_Root status;OK;HARD;1;DISK OK - free space: / 41249 MB (80% inode=99%):
[1547058600] CURRENT SERVICE STATE: sservercluster2;LocalService-NTPD SERVICE;OK;HARD;1;PROCS OK: 1 process with command name 'ntpd'
[1547058600] CURRENT SERVICE STATE: sservercluster2;Memory;OK;HARD;1;OK - 93.6% (22938480 kB) free.
[1547058600] CURRENT SERVICE STATE: sservercluster2;Sensors Status;OK;HARD;1;SENSORS OK
[1547058600] CURRENT SERVICE STATE: sservercluster2;Total Processes;OK;HARD;1;PROCS OK: 303 processes
[1547058600] CURRENT SERVICE STATE: webserver1;CPU Load;OK;HARD;1;OK - load average: 0.00, 0.01, 0.05
[1547058600] CURRENT SERVICE STATE: webserver1;CPU_Procs;OK;HARD;1;CPU OK: 318 processes
[1547058600] CURRENT SERVICE STATE: webserver1;Current Users;OK;HARD;1;USERS OK - 0 users currently logged in
[1547058600] CURRENT SERVICE STATE: webserver1;HDD_Home status;OK;HARD;1;DISK OK - free space: /home 224832 MB (99% inode=99%):
[1547058600] CURRENT SERVICE STATE: webserver1;HDD_Root status;OK;HARD;1;DISK OK - free space: / 40987 MB (80% inode=99%):
[1547058600] CURRENT SERVICE STATE: webserver1;LocalService-NTPD SERVICE;OK;HARD;1;PROCS OK: 2 processes with command name 'ntpd'
[1547058600] CURRENT SERVICE STATE: webserver1;Memory;OK;HARD;1;OK - 93.3% (22844212 kB) free.
[1547058600] CURRENT SERVICE STATE: webserver1;Nginx_status;OK;HARD;1;NGINX OK -  0.086 sec. response time, Active: 0 (Writing: 0 Reading: 0 Waiting: 0) ReqPerSec: 0.000 ConnPerSec: 0.000 ReqPerConn: 0.000
[1547058600] CURRENT SERVICE STATE: webserver1;Sensors Status;OK;HARD;1;SENSORS OK
[1547058600] CURRENT SERVICE STATE: webserver1;Total Processes;OK;HARD;1;PROCS OK: 319 processes
[1547058600] CURRENT SERVICE STATE: webserver2;CPU_Procs;OK;HARD;1;CPU OK: 448 processes
[1547058600] CURRENT SERVICE STATE: webserver2;Current Load;OK;HARD;1;OK - load average: 0.00, 0.01, 0.19
[1547058600] CURRENT SERVICE STATE: webserver2;Current Users;OK;HARD;1;USERS OK - 21 users currently logged in
[1547058600] CURRENT SERVICE STATE: webserver2;HDD_Home status;OK;HARD;1;DISK OK - free space: /home 217675 MB (96.85% inode=100%):
[1547058600] CURRENT SERVICE STATE: webserver2;HTTP;OK;HARD;1;HTTP OK: HTTP/1.1 200 OK - 355 bytes in 0.001 second response time
[1547058600] CURRENT SERVICE STATE: webserver2;LocalService-NTPD SERVICE;OK;HARD;1;PROCS OK: 2 processes with command name 'ntpd'
[1547058600] CURRENT SERVICE STATE: webserver2;Memory;OK;HARD;1;OK - 24.2% (5942148 kB) free.
[1547058600] CURRENT SERVICE STATE: webserver2;PING;OK;HARD;1;PING OK - Packet loss = 0%, RTA = 0.08 ms
[1547058600] CURRENT SERVICE STATE: webserver2;Root Partition;OK;HARD;1;DISK OK - free space: / 38284 MB (74.81% inode=99%):
[1547058600] CURRENT SERVICE STATE: webserver2;SSH;OK;HARD;1;SSH OK - OpenSSH_7.4 (protocol 2.0)
[1547058600] CURRENT SERVICE STATE: webserver2;Sensors Status;OK;HARD;1;SENSORS OK
[1547058600] CURRENT SERVICE STATE: webserver2;Total Processes;OK;HARD;1;PROCS OK: 161 processes with STATE = RSZDT
[1547058600] CURRENT SERVICE STATE: webservercluster1;CPU Load;OK;HARD;1;OK - load average: 0.00, 0.01, 0.05
[1547058600] CURRENT SERVICE STATE: webservercluster1;CPU_Procs;OK;HARD;1;CPU OK: 299 processes
[1547058600] CURRENT SERVICE STATE: webservercluster1;Current Users;OK;HARD;1;USERS OK - 1 users currently logged in
[1547058600] CURRENT SERVICE STATE: webservercluster1;HDD_Home status;OK;HARD;1;DISK OK - free space: / 40513 MB (79% inode=99%):
[1547058600] CURRENT SERVICE STATE: webservercluster1;HDD_Root status;OK;HARD;1;DISK OK - free space: /home 219261 MB (97% inode=99%):
[1547058600] CURRENT SERVICE STATE: webservercluster1;LocalService-NTPD SERVICE;OK;HARD;1;PROCS OK: 2 processes with command name 'ntpd'
[1547058600] CURRENT SERVICE STATE: webservercluster1;Memory;OK;HARD;1;OK - 94.0% (15286636 kB) free.
[1547058600] CURRENT SERVICE STATE: webservercluster1;Sensors Status;OK;HARD;1;SENSORS OK
[1547058600] CURRENT SERVICE STATE: webservercluster1;Total Processes;OK;HARD;1;PROCS OK: 296 processes
[1547058600] CURRENT SERVICE STATE: webservercluster2;CPU Load;OK;HARD;1;OK - load average: 0.00, 0.01, 0.05
[1547058600] CURRENT SERVICE STATE: webservercluster2;CPU_Procs;OK;HARD;1;CPU OK: 291 processes
[1547058600] CURRENT SERVICE STATE: webservercluster2;Current Users;OK;HARD;1;USERS OK - 1 users currently logged in
[1547058600] CURRENT SERVICE STATE: webservercluster2;HDD_Home status;OK;HARD;1;DISK OK - free space: /home 224709 MB (99% inode=99%):
[1547058600] CURRENT SERVICE STATE: webservercluster2;HDD_Root status;OK;HARD;1;DISK OK - free space: / 41122 MB (80% inode=99%):
[1547058600] CURRENT SERVICE STATE: webservercluster2;LocalService-NTPD SERVICE;OK;HARD;1;PROCS OK: 2 processes with command name 'ntpd'
[1547058600] CURRENT SERVICE STATE: webservercluster2;Memory;OK;HARD;1;OK - 94.8% (15406340 kB) free.
[1547058600] CURRENT SERVICE STATE: webservercluster2;Sensors Status;OK;HARD;1;SENSORS OK
[1547058600] CURRENT SERVICE STATE: webservercluster2;Total Processes;OK;HARD;1;PROCS OK: 291 processes
[1547058926] SERVICE NOTIFICATION: nagiosadmin;smscapp2;Memory;CRITICAL;notify-service-by-email;CRITICAL - 1.9% (310704 kB) free!
[1547058933] SERVICE NOTIFICATION: nagiosadmin;db2;Memory;WARNING;notify-service-by-email;WARNING - 18.2% (8946588 kB) free!
[1547059109] SERVICE NOTIFICATION: nagiosadmin;pservercluster2;CPU_Procs;CRITICAL;notify-service-by-email;CPU CRITICAL: 2 crit, 3 warn out of 362 processes
[1547059113] SERVICE NOTIFICATION: nagiosadmin;qservercluster2;CPU_Procs;CRITICAL;notify-service-by-email;CPU CRITICAL: 1 crit, 0 warn out of 302 processes
[1547059116] SERVICE NOTIFICATION: nagiosadmin;smscapp2;CPU_Procs;WARNING;notify-service-by-email;CPU WARNING: 5 warn out of 335 processes
[1547059217] SERVICE NOTIFICATION: nagiosadmin;sig1;HDD_Root status;WARNING;notify-service-by-email;DISK WARNING - free space: / 6977 MB (13% inode=97%):
[1547059324] SERVICE NOTIFICATION: nagiosadmin;smscapp1;CPU_Procs;CRITICAL;notify-service-by-email;CPU CRITICAL: 1 crit, 0 warn out of 306 processes
[1547059765] Auto-save of retention data completed successfully.
[1547060182] SERVICE NOTIFICATION: nagiosadmin;sigqscluster1;CPU_Procs;CRITICAL;notify-service-by-email;CPU CRITICAL: 1 crit, 0 warn out of 338 processes
[1547060381] SERVICE NOTIFICATION: nagiosadmin;pservercluster2;Memory;CRITICAL;notify-service-by-email;CRITICAL - 5.4% (1334816 kB) free!
[1547060436] SERVICE NOTIFICATION: nagiosadmin;sigqscluster2;CPU_Procs;CRITICAL;notify-service-by-email;CPU CRITICAL: 1 crit, 0 warn out of 338 processes
[1547060541] SERVICE NOTIFICATION: nagiosadmin;qservercluster1;CPU_Procs;CRITICAL;notify-service-by-email;CPU CRITICAL: 1 crit, 0 warn out of 305 processes
[1547061106] SERVICE NOTIFICATION: nagiosadmin;qservercluster1;CPU Load;WARNING;notify-service-by-email;WARNING - load average: 11.51, 10.93, 10.97
[1547061194] SERVICE NOTIFICATION: nagiosadmin;smscapp1;Memory;CRITICAL;notify-service-by-email;CRITICAL - 1.1% (180712 kB) free!
[1547062056] SERVICE NOTIFICATION: nagiosadmin;pservercluster2;HDD_Root status;WARNING;notify-service-by-email;DISK WARNING - free space: / 8094 MB (15% inode=98%):
[1547062533] SERVICE NOTIFICATION: nagiosadmin;db2;Memory;WARNING;notify-service-by-email;WARNING - 18.2% (8946216 kB) free!
[1547062710] SERVICE NOTIFICATION: nagiosadmin;pservercluster2;CPU_Procs;CRITICAL;notify-service-by-email;CPU CRITICAL: 2 crit, 3 warn out of 362 processes
[1547062716] SERVICE NOTIFICATION: nagiosadmin;smscapp2;CPU_Procs;WARNING;notify-service-by-email;CPU WARNING: 5 warn out of 333 processes
[1547062924] SERVICE NOTIFICATION: nagiosadmin;smscapp1;CPU_Procs;CRITICAL;notify-service-by-email;CPU CRITICAL: 1 crit, 0 warn out of 302 processes
[1547063125] SERVICE NOTIFICATION: nagiosadmin;smscapp2;Memory;CRITICAL;notify-service-by-email;CRITICAL - 1.9% (307364 kB) free!
[1547063312] SERVICE NOTIFICATION: nagiosadmin;qservercluster2;CPU_Procs;CRITICAL;notify-service-by-email;CPU CRITICAL: 1 crit, 0 warn out of 302 processes
[1547063365] Auto-save of retention data completed successfully.
[1547063416] SERVICE NOTIFICATION: nagiosadmin;sig1;HDD_Root status;WARNING;notify-service-by-email;DISK WARNING - free space: / 6971 MB (13% inode=97%):
[1547063782] SERVICE NOTIFICATION: nagiosadmin;sigqscluster1;CPU_Procs;CRITICAL;notify-service-by-email;CPU CRITICAL: 1 crit, 0 warn out of 338 processes
[1547063981] SERVICE NOTIFICATION: nagiosadmin;pservercluster2;Memory;CRITICAL;notify-service-by-email;CRITICAL - 5.3% (1310640 kB) free!
[1547064036] SERVICE NOTIFICATION: nagiosadmin;sigqscluster2;CPU_Procs;CRITICAL;notify-service-by-email;CPU CRITICAL: 1 crit, 0 warn out of 336 processes
[1547064706] SERVICE NOTIFICATION: nagiosadmin;qservercluster1;CPU Load;WARNING;notify-service-by-email;WARNING - load average: 10.97, 12.02, 12.77
[1547064740] SERVICE NOTIFICATION: nagiosadmin;qservercluster1;CPU_Procs;CRITICAL;notify-service-by-email;CPU CRITICAL: 1 crit, 0 warn out of 304 processes
[1547064795] SERVICE NOTIFICATION: nagiosadmin;smscapp1;Memory;CRITICAL;notify-service-by-email;CRITICAL - 1.1% (179844 kB) free!
[1547065656] SERVICE NOTIFICATION: nagiosadmin;pservercluster2;HDD_Root status;WARNING;notify-service-by-email;DISK WARNING - free space: / 8094 MB (15% inode=98%):
[1547066133] SERVICE NOTIFICATION: nagiosadmin;db2;Memory;WARNING;notify-service-by-email;WARNING - 18.2% (8945208 kB) free!
[1547066316] SERVICE NOTIFICATION: nagiosadmin;smscapp2;CPU_Procs;WARNING;notify-service-by-email;CPU WARNING: 5 warn out of 334 processes
[1547066524] SERVICE NOTIFICATION: nagiosadmin;smscapp1;CPU_Procs;CRITICAL;notify-service-by-email;CPU CRITICAL: 1 crit, 0 warn out of 303 processes
[1547066726] SERVICE NOTIFICATION: nagiosadmin;smscapp2;Memory;CRITICAL;notify-service-by-email;CRITICAL - 1.9% (304332 kB) free!
[1547066909] SERVICE NOTIFICATION: nagiosadmin;pservercluster2;CPU_Procs;CRITICAL;notify-service-by-email;CPU CRITICAL: 2 crit, 3 warn out of 362 processes
[1547066912] SERVICE NOTIFICATION: nagiosadmin;qservercluster2;CPU_Procs;CRITICAL;notify-service-by-email;CPU CRITICAL: 1 crit, 0 warn out of 302 processes
[1547066965] Auto-save of retention data completed successfully.
[1547067016] SERVICE NOTIFICATION: nagiosadmin;sig1;HDD_Root status;WARNING;notify-service-by-email;DISK WARNING - free space: / 6970 MB (13% inode=97%):
[1547067382] SERVICE NOTIFICATION: nagiosadmin;sigqscluster1;CPU_Procs;CRITICAL;notify-service-by-email;CPU CRITICAL: 1 crit, 0 warn out of 338 processes
[1547067581] SERVICE NOTIFICATION: nagiosadmin;pservercluster2;Memory;CRITICAL;notify-service-by-email;CRITICAL - 5.3% (1289824 kB) free!
[1547067636] SERVICE NOTIFICATION: nagiosadmin;sigqscluster2;CPU_Procs;CRITICAL;notify-service-by-email;CPU CRITICAL: 1 crit, 0 warn out of 339 processes
[1547068306] SERVICE NOTIFICATION: nagiosadmin;qservercluster1;CPU Load;WARNING;notify-service-by-email;WARNING - load average: 15.09, 15.32, 14.96
[1547068340] SERVICE NOTIFICATION: nagiosadmin;qservercluster1;CPU_Procs;CRITICAL;notify-service-by-email;CPU CRITICAL: 1 crit, 0 warn out of 305 processes
[1547068994] SERVICE NOTIFICATION: nagiosadmin;smscapp1;Memory;CRITICAL;notify-service-by-email;CRITICAL - 1.1% (179636 kB) free!
[1547069256] SERVICE NOTIFICATION: nagiosadmin;pservercluster2;HDD_Root status;WARNING;notify-service-by-email;DISK WARNING - free space: / 8094 MB (15% inode=98%):
[1547069733] SERVICE NOTIFICATION: nagiosadmin;db2;Memory;WARNING;notify-service-by-email;WARNING - 18.2% (8944696 kB) free!
[1547069916] SERVICE NOTIFICATION: nagiosadmin;smscapp2;CPU_Procs;WARNING;notify-service-by-email;CPU WARNING: 5 warn out of 334 processes
[1547070124] SERVICE NOTIFICATION: nagiosadmin;smscapp1;CPU_Procs;CRITICAL;notify-service-by-email;CPU CRITICAL: 1 crit, 0 warn out of 303 processes
[1547070509] SERVICE NOTIFICATION: nagiosadmin;pservercluster2;CPU_Procs;CRITICAL;notify-service-by-email;CPU CRITICAL: 2 crit, 3 warn out of 362 processes
[1547070512] SERVICE NOTIFICATION: nagiosadmin;qservercluster2;CPU_Procs;CRITICAL;notify-service-by-email;CPU CRITICAL: 1 crit, 0 warn out of 301 processes
[1547070565] Auto-save of retention data completed successfully.
[1547070616] SERVICE NOTIFICATION: nagiosadmin;sig1;HDD_Root status;WARNING;notify-service-by-email;DISK WARNING - free space: / 6961 MB (13% inode=97%):
[1547070925] SERVICE NOTIFICATION: nagiosadmin;smscapp2;Memory;CRITICAL;notify-service-by-email;CRITICAL - 1.9% (301108 kB) free!
[1547070982] SERVICE NOTIFICATION: nagiosadmin;sigqscluster1;CPU_Procs;CRITICAL;notify-service-by-email;CPU CRITICAL: 1 crit, 0 warn out of 337 processes
[1547071181] SERVICE NOTIFICATION: nagiosadmin;pservercluster2;Memory;CRITICAL;notify-service-by-email;CRITICAL - 5.3% (1295020 kB) free!
[1547071237] SERVICE NOTIFICATION: nagiosadmin;sigqscluster2;CPU_Procs;CRITICAL;notify-service-by-email;CPU CRITICAL: 1 crit, 0 warn out of 337 processes
[1547071906] SERVICE NOTIFICATION: nagiosadmin;qservercluster1;CPU Load;WARNING;notify-service-by-email;WARNING - load average: 15.15, 15.40, 15.03
[1547071940] SERVICE NOTIFICATION: nagiosadmin;qservercluster1;CPU_Procs;CRITICAL;notify-service-by-email;CPU CRITICAL: 1 crit, 0 warn out of 307 processes
[1547072594] SERVICE NOTIFICATION: nagiosadmin;smscapp1;Memory;CRITICAL;notify-service-by-email;CRITICAL - 1.1% (176204 kB) free!
[1547072856] SERVICE NOTIFICATION: nagiosadmin;pservercluster2;HDD_Root status;WARNING;notify-service-by-email;DISK WARNING - free space: / 8094 MB (15% inode=98%):
[1547073333] SERVICE NOTIFICATION: nagiosadmin;db2;Memory;WARNING;notify-service-by-email;WARNING - 18.2% (8946244 kB) free!
[1547073516] SERVICE NOTIFICATION: nagiosadmin;smscapp2;CPU_Procs;WARNING;notify-service-by-email;CPU WARNING: 5 warn out of 334 processes
[1547073725] SERVICE NOTIFICATION: nagiosadmin;smscapp1;CPU_Procs;CRITICAL;notify-service-by-email;CPU CRITICAL: 1 crit, 0 warn out of 299 processes
[1547074109] SERVICE NOTIFICATION: nagiosadmin;pservercluster2;CPU_Procs;CRITICAL;notify-service-by-email;CPU CRITICAL: 2 crit, 3 warn out of 350 processes
[1547074112] SERVICE NOTIFICATION: nagiosadmin;qservercluster2;CPU_Procs;CRITICAL;notify-service-by-email;CPU CRITICAL: 1 crit, 0 warn out of 301 processes
[1547074165] Auto-save of retention data completed successfully.
[1547074216] SERVICE NOTIFICATION: nagiosadmin;sig1;HDD_Root status;WARNING;notify-service-by-email;DISK WARNING - free space: / 6960 MB (13% inode=97%):
[1547074525] SERVICE NOTIFICATION: nagiosadmin;smscapp2;Memory;CRITICAL;notify-service-by-email;CRITICAL - 1.7% (269396 kB) free!
[1547074582] SERVICE NOTIFICATION: nagiosadmin;sigqscluster1;CPU_Procs;CRITICAL;notify-service-by-email;CPU CRITICAL: 1 crit, 0 warn out of 340 processes
[1547074781] SERVICE NOTIFICATION: nagiosadmin;pservercluster2;Memory;CRITICAL;notify-service-by-email;CRITICAL - 5.2% (1279092 kB) free!
[1547075436] SERVICE NOTIFICATION: nagiosadmin;sigqscluster2;CPU_Procs;CRITICAL;notify-service-by-email;CPU CRITICAL: 1 crit, 0 warn out of 334 processes
[1547075506] SERVICE NOTIFICATION: nagiosadmin;qservercluster1;CPU Load;WARNING;notify-service-by-email;WARNING - load average: 15.58, 15.48, 15.07
[1547075540] SERVICE NOTIFICATION: nagiosadmin;qservercluster1;CPU_Procs;CRITICAL;notify-service-by-email;CPU CRITICAL: 1 crit, 0 warn out of 306 processes
[1547076194] SERVICE NOTIFICATION: nagiosadmin;smscapp1;Memory;CRITICAL;notify-service-by-email;CRITICAL - 1.1% (173716 kB) free!
[1547076456] SERVICE NOTIFICATION: nagiosadmin;pservercluster2;HDD_Root status;WARNING;notify-service-by-email;DISK WARNING - free space: / 8094 MB (15% inode=98%):
[1547076934] SERVICE NOTIFICATION: nagiosadmin;db2;Memory;WARNING;notify-service-by-email;WARNING - 18.2% (8945012 kB) free!
[1547077039] SERVICE ALERT: pservercluster2;Total Processes;CRITICAL;SOFT;1;PROCS CRITICAL: 635 processes
[1547077050] SERVICE ALERT: pservercluster2;CPU Load;WARNING;SOFT;1;WARNING - load average: 5.45, 14.53, 7.87
[1547077116] SERVICE NOTIFICATION: nagiosadmin;smscapp2;CPU_Procs;WARNING;notify-service-by-email;CPU WARNING: 5 warn out of 332 processes
[1547077159] SERVICE ALERT: pservercluster2;Total Processes;OK;HARD;1;PROCS OK: 378 processes
[1547077170] SERVICE ALERT: pservercluster2;CPU Load;WARNING;SOFT;2;WARNING - load average: 1.36, 9.94, 6.99
[1547077290] SERVICE NOTIFICATION: nagiosadmin;pservercluster2;CPU Load;WARNING;notify-service-by-email;WARNING - load average: 0.57, 6.83, 6.21
[1547077290] SERVICE ALERT: pservercluster2;CPU Load;WARNING;HARD;3;WARNING - load average: 0.57, 6.83, 6.21
[1547077709] SERVICE NOTIFICATION: nagiosadmin;pservercluster2;CPU_Procs;CRITICAL;notify-service-by-email;CPU CRITICAL: 1 crit, 4 warn out of 349 processes
[1547077713] SERVICE NOTIFICATION: nagiosadmin;qservercluster2;CPU_Procs;CRITICAL;notify-service-by-email;CPU CRITICAL: 1 crit, 0 warn out of 300 processes
[1547077765] Auto-save of retention data completed successfully.
[1547077816] SERVICE NOTIFICATION: nagiosadmin;sig1;HDD_Root status;WARNING;notify-service-by-email;DISK WARNING - free space: / 6958 MB (13% inode=97%):
[1547077890] SERVICE NOTIFICATION: nagiosadmin;pservercluster2;CPU Load;OK;notify-service-by-email;OK - load average: 0.69, 1.54, 3.60
[1547077890] SERVICE ALERT: pservercluster2;CPU Load;OK;HARD;1;OK - load average: 0.69, 1.54, 3.60
[1547077924] SERVICE NOTIFICATION: nagiosadmin;smscapp1;CPU_Procs;CRITICAL;notify-service-by-email;CPU CRITICAL: 1 crit, 0 warn out of 299 processes
[1547078125] SERVICE NOTIFICATION: nagiosadmin;smscapp2;Memory;CRITICAL;notify-service-by-email;CRITICAL - 1.6% (268036 kB) free!
[1547078182] SERVICE NOTIFICATION: nagiosadmin;sigqscluster1;CPU_Procs;CRITICAL;notify-service-by-email;CPU CRITICAL: 1 crit, 0 warn out of 339 processes
[1547078381] SERVICE NOTIFICATION: nagiosadmin;pservercluster2;Memory;CRITICAL;notify-service-by-email;CRITICAL - 5.4% (1335372 kB) free!
[1547079036] SERVICE NOTIFICATION: nagiosadmin;sigqscluster2;CPU_Procs;CRITICAL;notify-service-by-email;CPU CRITICAL: 1 crit, 0 warn out of 334 processes
[1547079106] SERVICE NOTIFICATION: nagiosadmin;qservercluster1;CPU Load;OK;notify-service-by-email;OK - load average: 8.73, 9.18, 9.71
[1547079106] SERVICE ALERT: qservercluster1;CPU Load;OK;HARD;1;OK - load average: 8.73, 9.18, 9.71
[1547079140] SERVICE NOTIFICATION: nagiosadmin;qservercluster1;CPU_Procs;CRITICAL;notify-service-by-email;CPU CRITICAL: 1 crit, 0 warn out of 301 processes
[1547079795] SERVICE NOTIFICATION: nagiosadmin;smscapp1;Memory;CRITICAL;notify-service-by-email;CRITICAL - 1.1% (174200 kB) free!
[1547080056] SERVICE NOTIFICATION: nagiosadmin;pservercluster2;HDD_Root status;WARNING;notify-service-by-email;DISK WARNING - free space: / 8094 MB (15% inode=98%):
[1547080716] SERVICE NOTIFICATION: nagiosadmin;smscapp2;CPU_Procs;WARNING;notify-service-by-email;CPU WARNING: 5 warn out of 333 processes
[1547081133] SERVICE NOTIFICATION: nagiosadmin;db2;Memory;WARNING;notify-service-by-email;WARNING - 18.1% (8943228 kB) free!
[1547081309] SERVICE NOTIFICATION: nagiosadmin;pservercluster2;CPU_Procs;CRITICAL;notify-service-by-email;CPU CRITICAL: 1 crit, 4 warn out of 350 processes
[1547081365] Auto-save of retention data completed successfully.
[1547081416] SERVICE NOTIFICATION: nagiosadmin;sig1;HDD_Root status;WARNING;notify-service-by-email;DISK WARNING - free space: / 6956 MB (13% inode=97%):
[1547081524] SERVICE NOTIFICATION: nagiosadmin;smscapp1;CPU_Procs;CRITICAL;notify-service-by-email;CPU CRITICAL: 1 crit, 0 warn out of 301 processes
[1547081725] SERVICE NOTIFICATION: nagiosadmin;smscapp2;Memory;CRITICAL;notify-service-by-email;CRITICAL - 1.6% (265324 kB) free!
[1547081783] SERVICE NOTIFICATION: nagiosadmin;sigqscluster1;CPU_Procs;CRITICAL;notify-service-by-email;CPU CRITICAL: 1 crit, 1 warn out of 338 processes
[1547081912] SERVICE NOTIFICATION: nagiosadmin;qservercluster2;CPU_Procs;CRITICAL;notify-service-by-email;CPU CRITICAL: 1 crit, 0 warn out of 305 processes
[1547081981] SERVICE NOTIFICATION: nagiosadmin;pservercluster2;Memory;CRITICAL;notify-service-by-email;CRITICAL - 5.3% (1299096 kB) free!
[1547082637] SERVICE NOTIFICATION: nagiosadmin;sigqscluster2;CPU_Procs;CRITICAL;notify-service-by-email;CPU CRITICAL: 1 crit, 0 warn out of 335 processes
[1547082740] SERVICE NOTIFICATION: nagiosadmin;qservercluster1;CPU_Procs;CRITICAL;notify-service-by-email;CPU CRITICAL: 1 crit, 0 warn out of 301 processes
[1547083656] SERVICE NOTIFICATION: nagiosadmin;pservercluster2;HDD_Root status;WARNING;notify-service-by-email;DISK WARNING - free space: / 8094 MB (15% inode=98%):
[1547083994] SERVICE NOTIFICATION: nagiosadmin;smscapp1;Memory;CRITICAL;notify-service-by-email;CRITICAL - 4.1% (662400 kB) free!
[1547084316] SERVICE NOTIFICATION: nagiosadmin;smscapp2;CPU_Procs;WARNING;notify-service-by-email;CPU WARNING: 5 warn out of 333 processes
[1547084733] SERVICE NOTIFICATION: nagiosadmin;db2;Memory;WARNING;notify-service-by-email;WARNING - 18.1% (8944072 kB) free!
[1547084909] SERVICE NOTIFICATION: nagiosadmin;pservercluster2;CPU_Procs;CRITICAL;notify-service-by-email;CPU CRITICAL: 1 crit, 4 warn out of 350 processes
[1547084965] Auto-save of retention data completed successfully.
[1547085016] SERVICE NOTIFICATION: nagiosadmin;sig1;HDD_Root status;WARNING;notify-service-by-email;DISK WARNING - free space: / 6956 MB (13% inode=97%):
[1547085124] SERVICE NOTIFICATION: nagiosadmin;smscapp1;CPU_Procs;CRITICAL;notify-service-by-email;CPU CRITICAL: 1 crit, 0 warn out of 304 processes
[1547085325] SERVICE NOTIFICATION: nagiosadmin;smscapp2;Memory;CRITICAL;notify-service-by-email;CRITICAL - 1.5% (238124 kB) free!
[1547085512] SERVICE NOTIFICATION: nagiosadmin;qservercluster2;CPU_Procs;CRITICAL;notify-service-by-email;CPU CRITICAL: 1 crit, 0 warn out of 306 processes
[1547085581] SERVICE NOTIFICATION: nagiosadmin;pservercluster2;Memory;CRITICAL;notify-service-by-email;CRITICAL - 5.1% (1253128 kB) free!
[1547085982] SERVICE NOTIFICATION: nagiosadmin;sigqscluster1;CPU_Procs;CRITICAL;notify-service-by-email;CPU CRITICAL: 1 crit, 0 warn out of 338 processes
[1547086340] SERVICE NOTIFICATION: nagiosadmin;qservercluster1;CPU_Procs;CRITICAL;notify-service-by-email;CPU CRITICAL: 1 crit, 0 warn out of 302 processes
[1547086836] SERVICE NOTIFICATION: nagiosadmin;sigqscluster2;CPU_Procs;CRITICAL;notify-service-by-email;CPU CRITICAL: 1 crit, 0 warn out of 335 processes
[1547087256] SERVICE NOTIFICATION: nagiosadmin;pservercluster2;HDD_Root status;WARNING;notify-service-by-email;DISK WARNING - free space: / 8094 MB (15% inode=98%):
[1547087594] SERVICE NOTIFICATION: nagiosadmin;smscapp1;Memory;CRITICAL;notify-service-by-email;CRITICAL - 4.1% (667660 kB) free!
[1547087916] SERVICE NOTIFICATION: nagiosadmin;smscapp2;CPU_Procs;WARNING;notify-service-by-email;CPU WARNING: 5 warn out of 333 processes
[1547088106] SERVICE ALERT: qservercluster1;CPU Load;WARNING;SOFT;1;WARNING - load average: 10.53, 10.30, 10.14
[1547088226] SERVICE ALERT: qservercluster1;CPU Load;WARNING;SOFT;2;WARNING - load average: 10.11, 10.38, 10.20
[1547088333] SERVICE NOTIFICATION: nagiosadmin;db2;Memory;WARNING;notify-service-by-email;WARNING - 18.1% (8941952 kB) free!
[1547088346] SERVICE NOTIFICATION: nagiosadmin;qservercluster1;CPU Load;WARNING;notify-service-by-email;WARNING - load average: 8.47, 9.83, 10.03
[1547088346] SERVICE ALERT: qservercluster1;CPU Load;WARNING;HARD;3;WARNING - load average: 8.47, 9.83, 10.03
[1547088509] SERVICE NOTIFICATION: nagiosadmin;pservercluster2;CPU_Procs;CRITICAL;notify-service-by-email;CPU CRITICAL: 2 crit, 3 warn out of 351 processes
[1547088565] Auto-save of retention data completed successfully.
[1547088616] SERVICE NOTIFICATION: nagiosadmin;sig1;HDD_Root status;WARNING;notify-service-by-email;DISK WARNING - free space: / 6954 MB (13% inode=97%):
[1547088724] SERVICE NOTIFICATION: nagiosadmin;smscapp1;CPU_Procs;CRITICAL;notify-service-by-email;CPU CRITICAL: 1 crit, 0 warn out of 303 processes
[1547088925] SERVICE NOTIFICATION: nagiosadmin;smscapp2;Memory;CRITICAL;notify-service-by-email;CRITICAL - 1.5% (237964 kB) free!
[1547088946] SERVICE NOTIFICATION: nagiosadmin;qservercluster1;CPU Load;OK;notify-service-by-email;OK - load average: 9.94, 9.54, 9.80
[1547088946] SERVICE ALERT: qservercluster1;CPU Load;OK;HARD;1;OK - load average: 9.94, 9.54, 9.80
[1547089112] SERVICE NOTIFICATION: nagiosadmin;qservercluster2;CPU_Procs;CRITICAL;notify-service-by-email;CPU CRITICAL: 1 crit, 0 warn out of 304 processes
[1547089181] SERVICE NOTIFICATION: nagiosadmin;pservercluster2;Memory;CRITICAL;notify-service-by-email;CRITICAL - 5.0% (1220468 kB) free!
[1547089546] SERVICE ALERT: qservercluster1;CPU Load;WARNING;SOFT;1;WARNING - load average: 10.36, 10.16, 10.13
[1547089582] SERVICE NOTIFICATION: nagiosadmin;sigqscluster1;CPU_Procs;CRITICAL;notify-service-by-email;CPU CRITICAL: 1 crit, 0 warn out of 338 processes
[1547089666] SERVICE ALERT: qservercluster1;CPU Load;WARNING;SOFT;2;WARNING - load average: 11.08, 10.41, 10.22
[1547089786] SERVICE FLAPPING ALERT: qservercluster1;CPU Load;STARTED; Service appears to have started flapping (22.4% change >= 20.0% threshold)
[1547089786] SERVICE ALERT: qservercluster1;CPU Load;WARNING;HARD;3;WARNING - load average: 10.52, 10.34, 10.21
[1547089940] SERVICE NOTIFICATION: nagiosadmin;qservercluster1;CPU_Procs;CRITICAL;notify-service-by-email;CPU CRITICAL: 1 crit, 0 warn out of 300 processes
[1547090436] SERVICE NOTIFICATION: nagiosadmin;sigqscluster2;CPU_Procs;CRITICAL;notify-service-by-email;CPU CRITICAL: 1 crit, 0 warn out of 335 processes
[1547090856] SERVICE NOTIFICATION: nagiosadmin;pservercluster2;HDD_Root status;WARNING;notify-service-by-email;DISK WARNING - free space: / 8094 MB (15% inode=98%):
[1547091194] SERVICE NOTIFICATION: nagiosadmin;smscapp1;Memory;CRITICAL;notify-service-by-email;CRITICAL - 4.1% (661676 kB) free!
[1547091220] SERVICE ALERT: sig2;Sensors Status;CRITICAL;SOFT;1;CHECK_NRPE: Socket timeout after 10 seconds.
[1547091234] SERVICE ALERT: sig2;CPU Load;CRITICAL;SOFT;1;CHECK_NRPE: Socket timeout after 10 seconds.
[1547091241] SERVICE ALERT: sig2;Memory;CRITICAL;SOFT;1;CHECK_NRPE: Socket timeout after 10 seconds.
[1547091298] SERVICE ALERT: sig2;HDD_Root status;CRITICAL;SOFT;1;CHECK_NRPE: Socket timeout after 10 seconds.
[1547091300] SERVICE ALERT: sig2;Total Processes;CRITICAL;SOFT;1;CHECK_NRPE: Socket timeout after 10 seconds.
[1547091311] SERVICE ALERT: sig2;LocalService-NTPD SERVICE;CRITICAL;SOFT;1;CHECK_NRPE: Socket timeout after 10 seconds.
[1547091326] SERVICE ALERT: sig2;CPU_Procs;CRITICAL;SOFT;1;CHECK_NRPE: Socket timeout after 10 seconds.
[1547091350] SERVICE ALERT: sig2;Sensors Status;CRITICAL;SOFT;2;CHECK_NRPE: Socket timeout after 10 seconds.
[1547091364] SERVICE ALERT: sig2;CPU Load;CRITICAL;SOFT;2;CHECK_NRPE: Socket timeout after 10 seconds.
[1547091371] SERVICE ALERT: sig2;Memory;CRITICAL;SOFT;2;CHECK_NRPE: Socket timeout after 10 seconds.
[1547091375] SERVICE ALERT: sig2;HDD_Home status;CRITICAL;SOFT;1;CHECK_NRPE: Socket timeout after 10 seconds.
[1547091428] SERVICE ALERT: sig2;HDD_Root status;CRITICAL;SOFT;2;CHECK_NRPE: Socket timeout after 10 seconds.
[1547091430] SERVICE ALERT: sig2;Total Processes;CRITICAL;SOFT;2;CHECK_NRPE: Socket timeout after 10 seconds.
[1547091441] SERVICE ALERT: sig2;LocalService-NTPD SERVICE;CRITICAL;SOFT;2;CHECK_NRPE: Socket timeout after 10 seconds.
[1547091456] SERVICE ALERT: sig2;CPU_Procs;CRITICAL;SOFT;2;CHECK_NRPE: Socket timeout after 10 seconds.
[1547091468] SERVICE ALERT: sig2;Current Users;CRITICAL;SOFT;1;CHECK_NRPE: Socket timeout after 10 seconds.
[1547091480] SERVICE NOTIFICATION: nagiosadmin;sig2;Sensors Status;CRITICAL;notify-service-by-email;CHECK_NRPE: Socket timeout after 10 seconds.
[1547091480] SERVICE ALERT: sig2;Sensors Status;CRITICAL;HARD;3;CHECK_NRPE: Socket timeout after 10 seconds.
[1547091494] SERVICE NOTIFICATION: nagiosadmin;sig2;CPU Load;CRITICAL;notify-service-by-email;CHECK_NRPE: Socket timeout after 10 seconds.
[1547091494] SERVICE ALERT: sig2;CPU Load;CRITICAL;HARD;3;CHECK_NRPE: Socket timeout after 10 seconds.
[1547091501] SERVICE NOTIFICATION: nagiosadmin;sig2;Memory;CRITICAL;notify-service-by-email;CHECK_NRPE: Socket timeout after 10 seconds.
[1547091501] SERVICE ALERT: sig2;Memory;CRITICAL;HARD;3;CHECK_NRPE: Socket timeout after 10 seconds.
[1547091505] SERVICE ALERT: sig2;HDD_Home status;CRITICAL;SOFT;2;CHECK_NRPE: Socket timeout after 10 seconds.
[1547091516] SERVICE NOTIFICATION: nagiosadmin;smscapp2;CPU_Procs;WARNING;notify-service-by-email;CPU WARNING: 5 warn out of 335 processes
[1547091558] SERVICE NOTIFICATION: nagiosadmin;sig2;HDD_Root status;CRITICAL;notify-service-by-email;CHECK_NRPE: Socket timeout after 10 seconds.
[1547091558] SERVICE ALERT: sig2;HDD_Root status;CRITICAL;HARD;3;CHECK_NRPE: Socket timeout after 10 seconds.
[1547091560] SERVICE NOTIFICATION: nagiosadmin;sig2;Total Processes;CRITICAL;notify-service-by-email;CHECK_NRPE: Socket timeout after 10 seconds.
[1547091560] SERVICE ALERT: sig2;Total Processes;CRITICAL;HARD;3;CHECK_NRPE: Socket timeout after 10 seconds.
[1547091571] SERVICE NOTIFICATION: nagiosadmin;sig2;LocalService-NTPD SERVICE;CRITICAL;notify-service-by-email;CHECK_NRPE: Socket timeout after 10 seconds.
[1547091571] SERVICE ALERT: sig2;LocalService-NTPD SERVICE;CRITICAL;HARD;3;CHECK_NRPE: Socket timeout after 10 seconds.
[1547091586] SERVICE NOTIFICATION: nagiosadmin;sig2;CPU_Procs;CRITICAL;notify-service-by-email;CHECK_NRPE: Socket timeout after 10 seconds.
[1547091586] SERVICE ALERT: sig2;CPU_Procs;CRITICAL;HARD;3;CHECK_NRPE: Socket timeout after 10 seconds.
[1547091598] SERVICE ALERT: sig2;Current Users;CRITICAL;SOFT;2;CHECK_NRPE: Socket timeout after 10 seconds.
[1547091635] SERVICE NOTIFICATION: nagiosadmin;sig2;HDD_Home status;CRITICAL;notify-service-by-email;CHECK_NRPE: Socket timeout after 10 seconds.
[1547091635] SERVICE ALERT: sig2;HDD_Home status;CRITICAL;HARD;3;CHECK_NRPE: Socket timeout after 10 seconds.
[1547091728] SERVICE NOTIFICATION: nagiosadmin;sig2;Current Users;CRITICAL;notify-service-by-email;CHECK_NRPE: Socket timeout after 10 seconds.
[1547091728] SERVICE ALERT: sig2;Current Users;CRITICAL;HARD;3;CHECK_NRPE: Socket timeout after 10 seconds.
[1547091933] SERVICE NOTIFICATION: nagiosadmin;db2;Memory;WARNING;notify-service-by-email;WARNING - 18.1% (8942864 kB) free!
[1547092109] SERVICE NOTIFICATION: nagiosadmin;pservercluster2;CPU_Procs;CRITICAL;notify-service-by-email;CPU CRITICAL: 2 crit, 3 warn out of 351 processes
[1547092165] Auto-save of retention data completed successfully.
[1547092216] SERVICE NOTIFICATION: nagiosadmin;sig1;HDD_Root status;WARNING;notify-service-by-email;DISK WARNING - free space: / 6954 MB (13% inode=97%):
[1547092324] SERVICE NOTIFICATION: nagiosadmin;smscapp1;CPU_Procs;CRITICAL;notify-service-by-email;CPU CRITICAL: 1 crit, 0 warn out of 302 processes
[1547092525] SERVICE NOTIFICATION: nagiosadmin;smscapp2;Memory;CRITICAL;notify-service-by-email;CRITICAL - 1.4% (234676 kB) free!
[1547092712] SERVICE NOTIFICATION: nagiosadmin;qservercluster2;CPU_Procs;CRITICAL;notify-service-by-email;CPU CRITICAL: 1 crit, 0 warn out of 303 processes
[1547092781] SERVICE NOTIFICATION: nagiosadmin;pservercluster2;Memory;CRITICAL;notify-service-by-email;CRITICAL - 4.7% (1155140 kB) free!
[1547093089] SERVICE ALERT: db2;CPU_Procs;CRITICAL;SOFT;1;CPU CRITICAL: 1 crit, 0 warn out of 290 processes
[1547093183] SERVICE NOTIFICATION: nagiosadmin;sigqscluster1;CPU_Procs;CRITICAL;notify-service-by-email;CPU CRITICAL: 1 crit, 0 warn out of 338 processes
[1547093209] SERVICE ALERT: db2;CPU_Procs;CRITICAL;SOFT;2;CPU CRITICAL: 1 crit, 0 warn out of 291 processes
[1547093329] SERVICE ALERT: db2;CPU_Procs;OK;HARD;1;CPU OK: 290 processes
[1547093540] SERVICE NOTIFICATION: nagiosadmin;qservercluster1;CPU_Procs;CRITICAL;notify-service-by-email;CPU CRITICAL: 1 crit, 0 warn out of 300 processes
[1547093929] SERVICE ALERT: db2;CPU_Procs;CRITICAL;SOFT;1;CPU CRITICAL: 1 crit, 0 warn out of 290 processes
[1547094036] SERVICE NOTIFICATION: nagiosadmin;sigqscluster2;CPU_Procs;CRITICAL;notify-service-by-email;CPU CRITICAL: 1 crit, 0 warn out of 335 processes
[1547094049] SERVICE ALERT: db2;CPU_Procs;OK;HARD;1;CPU OK: 289 processes
[1547094456] SERVICE NOTIFICATION: nagiosadmin;pservercluster2;HDD_Root status;WARNING;notify-service-by-email;DISK WARNING - free space: / 8094 MB (15% inode=98%):
[1547094649] SERVICE ALERT: db2;CPU_Procs;CRITICAL;SOFT;1;CPU CRITICAL: 1 crit, 0 warn out of 292 processes
[1547094769] SERVICE ALERT: db2;CPU_Procs;CRITICAL;SOFT;2;CPU CRITICAL: 1 crit, 0 warn out of 291 processes
[1547094795] SERVICE NOTIFICATION: nagiosadmin;smscapp1;Memory;CRITICAL;notify-service-by-email;CRITICAL - 3.7% (595468 kB) free!
[1547094890] SERVICE ALERT: db2;CPU_Procs;OK;HARD;1;CPU OK: 291 processes
[1547095090] SERVICE NOTIFICATION: nagiosadmin;sig2;Sensors Status;CRITICAL;notify-service-by-email;CHECK_NRPE: Socket timeout after 10 seconds.
[1547095104] SERVICE NOTIFICATION: nagiosadmin;sig2;CPU Load;CRITICAL;notify-service-by-email;CHECK_NRPE: Socket timeout after 10 seconds.
[1547095111] SERVICE NOTIFICATION: nagiosadmin;sig2;Memory;CRITICAL;notify-service-by-email;CHECK_NRPE: Socket timeout after 10 seconds.
[1547095116] SERVICE NOTIFICATION: nagiosadmin;smscapp2;CPU_Procs;WARNING;notify-service-by-email;CPU WARNING: 5 warn out of 334 processes
[1547095168] SERVICE NOTIFICATION: nagiosadmin;sig2;HDD_Root status;CRITICAL;notify-service-by-email;CHECK_NRPE: Socket timeout after 10 seconds.
[1547095170] SERVICE NOTIFICATION: nagiosadmin;sig2;Total Processes;CRITICAL;notify-service-by-email;CHECK_NRPE: Socket timeout after 10 seconds.
[1547095181] SERVICE NOTIFICATION: nagiosadmin;sig2;LocalService-NTPD SERVICE;CRITICAL;notify-service-by-email;CHECK_NRPE: Socket timeout after 10 seconds.
[1547095196] SERVICE NOTIFICATION: nagiosadmin;sig2;CPU_Procs;CRITICAL;notify-service-by-email;CHECK_NRPE: Socket timeout after 10 seconds.
[1547095245] SERVICE NOTIFICATION: nagiosadmin;sig2;HDD_Home status;CRITICAL;notify-service-by-email;CHECK_NRPE: Socket timeout after 10 seconds.
[1547095338] SERVICE NOTIFICATION: nagiosadmin;sig2;Current Users;CRITICAL;notify-service-by-email;CHECK_NRPE: Socket timeout after 10 seconds.
[1547095489] SERVICE ALERT: db2;CPU_Procs;CRITICAL;SOFT;1;CPU CRITICAL: 1 crit, 0 warn out of 292 processes
[1547095533] SERVICE NOTIFICATION: nagiosadmin;db2;Memory;WARNING;notify-service-by-email;WARNING - 12.9% (6338388 kB) free!
[1547095609] SERVICE ALERT: db2;CPU_Procs;OK;HARD;1;CPU OK: 289 processes
[1547095709] SERVICE NOTIFICATION: nagiosadmin;pservercluster2;CPU_Procs;CRITICAL;notify-service-by-email;CPU CRITICAL: 2 crit, 3 warn out of 352 processes
[1547095758] SERVICE NOTIFICATION: nagiosadmin;sig2;HDD_Root status;OK;notify-service-by-email;DISK OK - free space: / 37470 MB (73% inode=98%):
[1547095758] SERVICE ALERT: sig2;HDD_Root status;OK;HARD;1;DISK OK - free space: / 37470 MB (73% inode=98%):
[1547095760] SERVICE NOTIFICATION: nagiosadmin;sig2;Total Processes;OK;notify-service-by-email;PROCS OK: 313 processes
[1547095760] SERVICE ALERT: sig2;Total Processes;OK;HARD;1;PROCS OK: 313 processes
[1547095765] Auto-save of retention data completed successfully.
[1547095771] SERVICE NOTIFICATION: nagiosadmin;sig2;LocalService-NTPD SERVICE;OK;notify-service-by-email;PROCS OK: 1 process with command name 'ntpd'
[1547095771] SERVICE ALERT: sig2;LocalService-NTPD SERVICE;OK;HARD;1;PROCS OK: 1 process with command name 'ntpd'
[1547095787] SERVICE NOTIFICATION: nagiosadmin;sig2;CPU_Procs;OK;notify-service-by-email;CPU OK: 314 processes
[1547095787] SERVICE ALERT: sig2;CPU_Procs;OK;HARD;1;CPU OK: 314 processes
[1547095816] SERVICE NOTIFICATION: nagiosadmin;sig1;HDD_Root status;WARNING;notify-service-by-email;DISK WARNING - free space: / 6921 MB (13% inode=97%):
[1547095835] SERVICE NOTIFICATION: nagiosadmin;sig2;HDD_Home status;OK;notify-service-by-email;DISK OK - free space: /home 217557 MB (96% inode=99%):
[1547095835] SERVICE ALERT: sig2;HDD_Home status;OK;HARD;1;DISK OK - free space: /home 217557 MB (96% inode=99%):
[1547095925] SERVICE NOTIFICATION: nagiosadmin;smscapp1;CPU_Procs;CRITICAL;notify-service-by-email;CPU CRITICAL: 1 crit, 0 warn out of 308 processes
[1547095928] SERVICE NOTIFICATION: nagiosadmin;sig2;Current Users;OK;notify-service-by-email;USERS OK - 0 users currently logged in
[1547095928] SERVICE ALERT: sig2;Current Users;OK;HARD;1;USERS OK - 0 users currently logged in
[1547096125] SERVICE NOTIFICATION: nagiosadmin;smscapp2;Memory;CRITICAL;notify-service-by-email;CRITICAL - 1.1% (174880 kB) free!
[1547096209] SERVICE ALERT: db2;CPU_Procs;CRITICAL;SOFT;1;CPU CRITICAL: 1 crit, 0 warn out of 291 processes
[1547096280] SERVICE NOTIFICATION: nagiosadmin;sig2;Sensors Status;OK;notify-service-by-email;SENSORS OK
[1547096280] SERVICE ALERT: sig2;Sensors Status;OK;HARD;1;SENSORS OK
[1547096294] SERVICE NOTIFICATION: nagiosadmin;sig2;CPU Load;OK;notify-service-by-email;OK - load average: 0.00, 0.78, 2.65
[1547096294] SERVICE ALERT: sig2;CPU Load;OK;HARD;1;OK - load average: 0.00, 0.78, 2.65
[1547096302] SERVICE NOTIFICATION: nagiosadmin;sig2;Memory;OK;notify-service-by-email;OK - 86.4% (14047416 kB) free.
[1547096302] SERVICE ALERT: sig2;Memory;OK;HARD;1;OK - 86.4% (14047416 kB) free.
[1547096312] SERVICE NOTIFICATION: nagiosadmin;qservercluster2;CPU_Procs;CRITICAL;notify-service-by-email;CPU CRITICAL: 1 crit, 0 warn out of 304 processes
[1547096329] SERVICE ALERT: db2;CPU_Procs;CRITICAL;SOFT;2;CPU CRITICAL: 1 crit, 0 warn out of 292 processes
[1547096381] SERVICE NOTIFICATION: nagiosadmin;pservercluster2;Memory;CRITICAL;notify-service-by-email;CRITICAL - 3.4% (824060 kB) free!
[1547096449] SERVICE ALERT: db2;CPU_Procs;OK;HARD;1;CPU OK: 291 processes
[1547097141] SERVICE NOTIFICATION: nagiosadmin;qservercluster1;CPU_Procs;CRITICAL;notify-service-by-email;CPU CRITICAL: 1 crit, 0 warn out of 305 processes
[1547097382] SERVICE NOTIFICATION: nagiosadmin;sigqscluster1;CPU_Procs;CRITICAL;notify-service-by-email;CPU CRITICAL: 1 crit, 0 warn out of 337 processes
[1547097636] SERVICE NOTIFICATION: nagiosadmin;sigqscluster2;CPU_Procs;CRITICAL;notify-service-by-email;CPU CRITICAL: 1 crit, 0 warn out of 334 processes
[1547097649] SERVICE ALERT: db2;CPU_Procs;CRITICAL;SOFT;1;CPU CRITICAL: 1 crit, 0 warn out of 291 processes
[1547097770] SERVICE ALERT: db2;CPU_Procs;CRITICAL;SOFT;2;CPU CRITICAL: 1 crit, 0 warn out of 291 processes
[1547097890] SERVICE NOTIFICATION: nagiosadmin;db2;CPU_Procs;CRITICAL;notify-service-by-email;CPU CRITICAL: 1 crit, 0 warn out of 291 processes
[1547097890] SERVICE ALERT: db2;CPU_Procs;CRITICAL;HARD;3;CPU CRITICAL: 1 crit, 0 warn out of 291 processes
[1547098056] SERVICE NOTIFICATION: nagiosadmin;pservercluster2;HDD_Root status;WARNING;notify-service-by-email;DISK WARNING - free space: / 8090 MB (15% inode=98%):
[1547098170] SERVICE ALERT: db1;CPU_Procs;CRITICAL;SOFT;1;CPU CRITICAL: 1 crit, 0 warn out of 325 processes
[1547098291] SERVICE ALERT: db1;CPU_Procs;OK;HARD;1;CPU OK: 325 processes
[1547098490] SERVICE NOTIFICATION: nagiosadmin;db2;CPU_Procs;OK;notify-service-by-email;CPU OK: 291 processes
[1547098490] SERVICE ALERT: db2;CPU_Procs;OK;HARD;1;CPU OK: 291 processes
[1547098716] SERVICE NOTIFICATION: nagiosadmin;smscapp2;CPU_Procs;WARNING;notify-service-by-email;CPU WARNING: 5 warn out of 338 processes
[1547098787] SERVICE ALERT: qservercluster1;CPU Load;OK;HARD;1;OK - load average: 8.22, 8.71, 9.61
[1547098994] SERVICE NOTIFICATION: nagiosadmin;smscapp1;Memory;CRITICAL;notify-service-by-email;CRITICAL - 1.0% (163208 kB) free!
[1547099090] SERVICE ALERT: db2;CPU_Procs;CRITICAL;SOFT;1;CPU CRITICAL: 1 crit, 0 warn out of 291 processes
[1547099133] SERVICE NOTIFICATION: nagiosadmin;db2;Memory;WARNING;notify-service-by-email;WARNING - 13.2% (6513424 kB) free!
[1547099210] SERVICE ALERT: db2;CPU_Procs;OK;HARD;1;CPU OK: 290 processes
[1547099309] SERVICE NOTIFICATION: nagiosadmin;pservercluster2;CPU_Procs;CRITICAL;notify-service-by-email;CPU CRITICAL: 1 crit, 4 warn out of 360 processes
[1547099365] Auto-save of retention data completed successfully.
[1547099416] SERVICE NOTIFICATION: nagiosadmin;sig1;HDD_Root status;WARNING;notify-service-by-email;DISK WARNING - free space: / 6581 MB (12% inode=97%):
[1547099726] SERVICE NOTIFICATION: nagiosadmin;smscapp2;Memory;CRITICAL;notify-service-by-email;CRITICAL - 1.1% (180732 kB) free!
[1547099810] SERVICE ALERT: db2;CPU_Procs;CRITICAL;SOFT;1;CPU CRITICAL: 1 crit, 0 warn out of 291 processes
[1547099912] SERVICE NOTIFICATION: nagiosadmin;qservercluster2;CPU_Procs;CRITICAL;notify-service-by-email;CPU CRITICAL: 1 crit, 0 warn out of 305 processes
[1547099930] SERVICE ALERT: db2;CPU_Procs;CRITICAL;SOFT;2;CPU CRITICAL: 1 crit, 0 warn out of 293 processes
[1547099981] SERVICE NOTIFICATION: nagiosadmin;pservercluster2;Memory;CRITICAL;notify-service-by-email;CRITICAL - 2.2% (548164 kB) free!
[1547100050] SERVICE ALERT: db2;CPU_Procs;OK;HARD;1;CPU OK: 290 processes
[1547100090] SERVICE ALERT: db1;CPU_Procs;CRITICAL;SOFT;1;CPU CRITICAL: 1 crit, 0 warn out of 328 processes
[1547100124] SERVICE NOTIFICATION: nagiosadmin;smscapp1;CPU_Procs;CRITICAL;notify-service-by-email;CPU CRITICAL: 1 crit, 0 warn out of 309 processes
[1547100210] SERVICE ALERT: db1;CPU_Procs;OK;HARD;1;CPU OK: 327 processes
[1547100650] SERVICE ALERT: db2;CPU_Procs;CRITICAL;SOFT;1;CPU CRITICAL: 1 crit, 0 warn out of 292 processes
[1547100771] SERVICE ALERT: db2;CPU_Procs;CRITICAL;SOFT;2;CPU CRITICAL: 1 crit, 0 warn out of 291 processes
[1547100891] SERVICE ALERT: db2;CPU_Procs;OK;HARD;1;CPU OK: 291 processes
[1547100982] SERVICE NOTIFICATION: nagiosadmin;sigqscluster1;CPU_Procs;CRITICAL;notify-service-by-email;CPU CRITICAL: 1 crit, 0 warn out of 336 processes
[1547101236] SERVICE NOTIFICATION: nagiosadmin;sigqscluster2;CPU_Procs;CRITICAL;notify-service-by-email;CPU CRITICAL: 1 crit, 0 warn out of 335 processes
[1547101340] SERVICE NOTIFICATION: nagiosadmin;qservercluster1;CPU_Procs;CRITICAL;notify-service-by-email;CPU CRITICAL: 1 crit, 0 warn out of 298 processes
[1547101410] SERVICE ALERT: db1;CPU_Procs;CRITICAL;SOFT;1;CPU CRITICAL: 1 crit, 0 warn out of 329 processes
[1547101530] SERVICE ALERT: db1;CPU_Procs;OK;HARD;1;CPU OK: 327 processes
[1547101656] SERVICE NOTIFICATION: nagiosadmin;pservercluster2;HDD_Root status;WARNING;notify-service-by-email;DISK WARNING - free space: / 8092 MB (15% inode=98%):
[1547102316] SERVICE NOTIFICATION: nagiosadmin;smscapp2;CPU_Procs;WARNING;notify-service-by-email;CPU WARNING: 5 warn out of 338 processes
[1547102594] SERVICE NOTIFICATION: nagiosadmin;smscapp1;Memory;CRITICAL;notify-service-by-email;CRITICAL - 1.0% (164132 kB) free!
[1547102733] SERVICE NOTIFICATION: nagiosadmin;db2;Memory;WARNING;notify-service-by-email;WARNING - 17.6% (8666012 kB) free!
[1547102909] SERVICE NOTIFICATION: nagiosadmin;pservercluster2;CPU_Procs;CRITICAL;notify-service-by-email;CPU CRITICAL: 1 crit, 4 warn out of 360 processes
[1547102965] Auto-save of retention data completed successfully.
[1547103016] SERVICE NOTIFICATION: nagiosadmin;sig1;HDD_Root status;WARNING;notify-service-by-email;DISK WARNING - free space: / 6581 MB (12% inode=97%):
[1547103512] SERVICE NOTIFICATION: nagiosadmin;qservercluster2;CPU_Procs;CRITICAL;notify-service-by-email;CPU CRITICAL: 1 crit, 0 warn out of 302 processes
[1547103581] SERVICE NOTIFICATION: nagiosadmin;pservercluster2;Memory;CRITICAL;notify-service-by-email;CRITICAL - 3.4% (830916 kB) free!
[1547103724] SERVICE NOTIFICATION: nagiosadmin;smscapp1;CPU_Procs;CRITICAL;notify-service-by-email;CPU CRITICAL: 1 crit, 0 warn out of 307 processes
[1547103925] SERVICE NOTIFICATION: nagiosadmin;smscapp2;Memory;CRITICAL;notify-service-by-email;CRITICAL - 2.8% (453888 kB) free!
[1547104491] SERVICE ALERT: db2;CPU_Procs;CRITICAL;SOFT;1;CPU CRITICAL: 1 crit, 0 warn out of 293 processes
[1547104582] SERVICE NOTIFICATION: nagiosadmin;sigqscluster1;CPU_Procs;CRITICAL;notify-service-by-email;CPU CRITICAL: 1 crit, 0 warn out of 336 processes
[1547104612] SERVICE ALERT: db2;CPU_Procs;CRITICAL;SOFT;2;CPU CRITICAL: 1 crit, 0 warn out of 293 processes
[1547104732] SERVICE ALERT: db2;CPU_Procs;OK;HARD;1;CPU OK: 293 processes
[1547104787] SERVICE FLAPPING ALERT: qservercluster1;CPU Load;STOPPED; Service appears to have stopped flapping (4.9% change < 5.0% threshold)
[1547104787] SERVICE NOTIFICATION: nagiosadmin;qservercluster1;CPU Load;OK;notify-service-by-email;OK - load average: 8.43, 8.91, 8.88
[1547104837] SERVICE NOTIFICATION: nagiosadmin;sigqscluster2;CPU_Procs;CRITICAL;notify-service-by-email;CPU CRITICAL: 1 crit, 0 warn out of 336 processes
[1547104940] SERVICE NOTIFICATION: nagiosadmin;qservercluster1;CPU_Procs;CRITICAL;notify-service-by-email;CPU CRITICAL: 1 crit, 0 warn out of 299 processes
[1547105256] SERVICE NOTIFICATION: nagiosadmin;pservercluster2;HDD_Root status;WARNING;notify-service-by-email;DISK WARNING - free space: / 8091 MB (15% inode=98%):
[1547105916] SERVICE NOTIFICATION: nagiosadmin;smscapp2;CPU_Procs;WARNING;notify-service-by-email;CPU WARNING: 5 warn out of 338 processes
[1547106194] SERVICE NOTIFICATION: nagiosadmin;smscapp1;Memory;CRITICAL;notify-service-by-email;CRITICAL - 1.0% (164256 kB) free!
[1547106333] SERVICE NOTIFICATION: nagiosadmin;db2;Memory;WARNING;notify-service-by-email;WARNING - 12.5% (6181492 kB) free!
[1547106509] SERVICE NOTIFICATION: nagiosadmin;pservercluster2;CPU_Procs;CRITICAL;notify-service-by-email;CPU CRITICAL: 1 crit, 4 warn out of 360 processes
[1547106565] Auto-save of retention data completed successfully.
[1547106616] SERVICE NOTIFICATION: nagiosadmin;sig1;HDD_Root status;WARNING;notify-service-by-email;DISK WARNING - free space: / 6581 MB (12% inode=97%):
[1547107112] SERVICE NOTIFICATION: nagiosadmin;qservercluster2;CPU_Procs;CRITICAL;notify-service-by-email;CPU CRITICAL: 1 crit, 0 warn out of 305 processes
[1547107182] SERVICE NOTIFICATION: nagiosadmin;pservercluster2;Memory;CRITICAL;notify-service-by-email;CRITICAL - 1.9% (458912 kB) free!
[1547107324] SERVICE NOTIFICATION: nagiosadmin;smscapp1;CPU_Procs;CRITICAL;notify-service-by-email;CPU CRITICAL: 1 crit, 0 warn out of 308 processes
[1547107525] SERVICE NOTIFICATION: nagiosadmin;smscapp2;Memory;CRITICAL;notify-service-by-email;CRITICAL - 1.0% (164984 kB) free!
[1547108182] SERVICE NOTIFICATION: nagiosadmin;sigqscluster1;CPU_Procs;CRITICAL;notify-service-by-email;CPU CRITICAL: 1 crit, 0 warn out of 336 processes
[1547108540] SERVICE NOTIFICATION: nagiosadmin;qservercluster1;CPU_Procs;CRITICAL;notify-service-by-email;CPU CRITICAL: 1 crit, 0 warn out of 300 processes
[1547108856] SERVICE NOTIFICATION: nagiosadmin;pservercluster2;HDD_Root status;WARNING;notify-service-by-email;DISK WARNING - free space: / 8091 MB (15% inode=98%):
[1547108933] SERVICE ALERT: db2;CPU_Procs;CRITICAL;SOFT;1;CPU CRITICAL: 1 crit, 0 warn out of 296 processes
[1547109036] SERVICE NOTIFICATION: nagiosadmin;sigqscluster2;CPU_Procs;CRITICAL;notify-service-by-email;CPU CRITICAL: 1 crit, 0 warn out of 337 processes
[1547109053] SERVICE ALERT: db2;CPU_Procs;CRITICAL;SOFT;2;CPU CRITICAL: 1 crit, 0 warn out of 296 processes
[1547109173] SERVICE ALERT: db2;CPU_Procs;OK;HARD;1;CPU OK: 297 processes
[1547109517] SERVICE NOTIFICATION: nagiosadmin;smscapp2;CPU_Procs;WARNING;notify-service-by-email;CPU WARNING: 5 warn out of 337 processes
[1547109794] SERVICE NOTIFICATION: nagiosadmin;smscapp1;Memory;CRITICAL;notify-service-by-email;CRITICAL - 1.0% (161960 kB) free!
[1547109930] SERVICE ALERT: db1;CPU_Procs;CRITICAL;SOFT;1;CPU CRITICAL: 1 crit, 0 warn out of 328 processes
[1547109933] SERVICE NOTIFICATION: nagiosadmin;db2;Memory;WARNING;notify-service-by-email;WARNING - 14.1% (6973080 kB) free!
[1547110050] SERVICE ALERT: db1;CPU_Procs;OK;HARD;1;CPU OK: 326 processes
[1547110109] SERVICE NOTIFICATION: nagiosadmin;pservercluster2;CPU_Procs;CRITICAL;notify-service-by-email;CPU CRITICAL: 1 crit, 4 warn out of 362 processes
[1547110165] Auto-save of retention data completed successfully.
[1547110216] SERVICE NOTIFICATION: nagiosadmin;sig1;HDD_Root status;WARNING;notify-service-by-email;DISK WARNING - free space: / 6581 MB (12% inode=97%):
[1547110373] SERVICE ALERT: db2;CPU_Procs;CRITICAL;SOFT;1;CPU CRITICAL: 1 crit, 0 warn out of 293 processes
[1547110493] SERVICE ALERT: db2;CPU_Procs;CRITICAL;SOFT;2;CPU CRITICAL: 1 crit, 0 warn out of 294 processes
[1547110613] SERVICE ALERT: db2;CPU_Procs;OK;HARD;1;CPU OK: 294 processes
[1547110712] SERVICE NOTIFICATION: nagiosadmin;qservercluster2;CPU_Procs;CRITICAL;notify-service-by-email;CPU CRITICAL: 1 crit, 0 warn out of 304 processes
[1547110924] SERVICE NOTIFICATION: nagiosadmin;smscapp1;CPU_Procs;CRITICAL;notify-service-by-email;CPU CRITICAL: 1 crit, 0 warn out of 308 processes
[1547111125] SERVICE NOTIFICATION: nagiosadmin;smscapp2;Memory;CRITICAL;notify-service-by-email;CRITICAL - 0.9% (148560 kB) free!
[1547111381] SERVICE NOTIFICATION: nagiosadmin;pservercluster2;Memory;CRITICAL;notify-service-by-email;CRITICAL - 1.0% (242676 kB) free!
[1547111782] SERVICE NOTIFICATION: nagiosadmin;sigqscluster1;CPU_Procs;CRITICAL;notify-service-by-email;CPU CRITICAL: 1 crit, 0 warn out of 336 processes
[1547112140] SERVICE NOTIFICATION: nagiosadmin;qservercluster1;CPU_Procs;CRITICAL;notify-service-by-email;CPU CRITICAL: 1 crit, 0 warn out of 296 processes
[1547112456] SERVICE NOTIFICATION: nagiosadmin;pservercluster2;HDD_Root status;WARNING;notify-service-by-email;DISK WARNING - free space: / 8090 MB (15% inode=98%):
[1547112636] SERVICE NOTIFICATION: nagiosadmin;sigqscluster2;CPU_Procs;CRITICAL;notify-service-by-email;CPU CRITICAL: 1 crit, 0 warn out of 336 processes
[1547113176] SERVICE ALERT: webservercluster1;Current Users;WARNING;SOFT;1;USERS WARNING - 6 users currently logged in
[1547113296] SERVICE ALERT: webservercluster1;Current Users;OK;HARD;1;USERS OK - 5 users currently logged in
[1547113394] SERVICE NOTIFICATION: nagiosadmin;smscapp1;Memory;CRITICAL;notify-service-by-email;CRITICAL - 1.1% (171340 kB) free!
[1547113533] SERVICE NOTIFICATION: nagiosadmin;db2;Memory;WARNING;notify-service-by-email;WARNING - 17.4% (8580820 kB) free!
[1547113709] SERVICE NOTIFICATION: nagiosadmin;pservercluster2;CPU_Procs;CRITICAL;notify-service-by-email;CPU CRITICAL: 1 crit, 4 warn out of 362 processes
[1547113716] SERVICE NOTIFICATION: nagiosadmin;smscapp2;CPU_Procs;WARNING;notify-service-by-email;CPU WARNING: 5 warn out of 337 processes
[1547113765] Auto-save of retention data completed successfully.
[1547113816] SERVICE NOTIFICATION: nagiosadmin;sig1;HDD_Root status;WARNING;notify-service-by-email;DISK WARNING - free space: / 6581 MB (12% inode=97%):
[1547114312] SERVICE NOTIFICATION: nagiosadmin;qservercluster2;CPU_Procs;CRITICAL;notify-service-by-email;CPU CRITICAL: 1 crit, 0 warn out of 305 processes
[1547114524] SERVICE NOTIFICATION: nagiosadmin;smscapp1;CPU_Procs;CRITICAL;notify-service-by-email;CPU CRITICAL: 1 crit, 0 warn out of 309 processes
[1547114725] SERVICE NOTIFICATION: nagiosadmin;smscapp2;Memory;CRITICAL;notify-service-by-email;CRITICAL - 1.1% (180632 kB) free!
[1547114813] SERVICE ALERT: db2;CPU_Procs;CRITICAL;SOFT;1;CPU CRITICAL: 1 crit, 0 warn out of 293 processes
[1547114933] SERVICE ALERT: db2;CPU_Procs;CRITICAL;SOFT;2;CPU CRITICAL: 1 crit, 0 warn out of 293 processes
[1547114981] SERVICE NOTIFICATION: nagiosadmin;pservercluster2;Memory;CRITICAL;notify-service-by-email;CRITICAL - 1.7% (426420 kB) free!
[1547115053] SERVICE ALERT: db2;CPU_Procs;OK;HARD;1;CPU OK: 292 processes
[1547115382] SERVICE NOTIFICATION: nagiosadmin;sigqscluster1;CPU_Procs;CRITICAL;notify-service-by-email;CPU CRITICAL: 1 crit, 0 warn out of 337 processes
[1547115740] SERVICE NOTIFICATION: nagiosadmin;qservercluster1;CPU_Procs;CRITICAL;notify-service-by-email;CPU CRITICAL: 1 crit, 0 warn out of 298 processes
[1547116056] SERVICE NOTIFICATION: nagiosadmin;pservercluster2;HDD_Root status;WARNING;notify-service-by-email;DISK WARNING - free space: / 8093 MB (15% inode=98%):
[1547116237] SERVICE NOTIFICATION: nagiosadmin;sigqscluster2;CPU_Procs;CRITICAL;notify-service-by-email;CPU CRITICAL: 1 crit, 0 warn out of 338 processes
[1547116994] SERVICE NOTIFICATION: nagiosadmin;smscapp1;Memory;CRITICAL;notify-service-by-email;CRITICAL - 1.0% (157640 kB) free!
[1547117133] SERVICE NOTIFICATION: nagiosadmin;db2;Memory;WARNING;notify-service-by-email;WARNING - 15.0% (7397532 kB) free!
[1547117309] SERVICE NOTIFICATION: nagiosadmin;pservercluster2;CPU_Procs;CRITICAL;notify-service-by-email;CPU CRITICAL: 1 crit, 4 warn out of 361 processes
[1547117316] SERVICE NOTIFICATION: nagiosadmin;smscapp2;CPU_Procs;WARNING;notify-service-by-email;CPU WARNING: 5 warn out of 337 processes
[1547117365] Auto-save of retention data completed successfully.
[1547117416] SERVICE NOTIFICATION: nagiosadmin;sig1;HDD_Root status;WARNING;notify-service-by-email;DISK WARNING - free space: / 6581 MB (12% inode=97%):
[1547117912] SERVICE NOTIFICATION: nagiosadmin;qservercluster2;CPU_Procs;CRITICAL;notify-service-by-email;CPU CRITICAL: 1 crit, 0 warn out of 306 processes
[1547118124] SERVICE NOTIFICATION: nagiosadmin;smscapp1;CPU_Procs;CRITICAL;notify-service-by-email;CPU CRITICAL: 1 crit, 0 warn out of 313 processes
[1547118325] SERVICE NOTIFICATION: nagiosadmin;smscapp2;Memory;CRITICAL;notify-service-by-email;CRITICAL - 1.1% (184112 kB) free!
[1547118581] SERVICE NOTIFICATION: nagiosadmin;pservercluster2;Memory;CRITICAL;notify-service-by-email;CRITICAL - 0.9% (216324 kB) free!
[1547118982] SERVICE NOTIFICATION: nagiosadmin;sigqscluster1;CPU_Procs;CRITICAL;notify-service-by-email;CPU CRITICAL: 1 crit, 0 warn out of 338 processes
[1547119340] SERVICE NOTIFICATION: nagiosadmin;qservercluster1;CPU_Procs;CRITICAL;notify-service-by-email;CPU CRITICAL: 1 crit, 0 warn out of 298 processes
[1547119656] SERVICE NOTIFICATION: nagiosadmin;pservercluster2;HDD_Root status;WARNING;notify-service-by-email;DISK WARNING - free space: / 8093 MB (15% inode=98%):
[1547119853] SERVICE ALERT: db2;CPU_Procs;CRITICAL;SOFT;1;CPU CRITICAL: 1 crit, 0 warn out of 295 processes
[1547119973] SERVICE ALERT: db2;CPU_Procs;CRITICAL;SOFT;2;CPU CRITICAL: 1 crit, 0 warn out of 296 processes
[1547120093] SERVICE ALERT: db2;CPU_Procs;OK;HARD;1;CPU OK: 293 processes
[1547120436] SERVICE NOTIFICATION: nagiosadmin;sigqscluster2;CPU_Procs;CRITICAL;notify-service-by-email;CPU CRITICAL: 1 crit, 0 warn out of 334 processes
[1547120594] SERVICE NOTIFICATION: nagiosadmin;smscapp1;Memory;CRITICAL;notify-service-by-email;CRITICAL - 0.9% (154188 kB) free!
[1547120733] SERVICE NOTIFICATION: nagiosadmin;db2;Memory;WARNING;notify-service-by-email;WARNING - 17.3% (8531944 kB) free!
[1547120910] SERVICE NOTIFICATION: nagiosadmin;pservercluster2;CPU_Procs;CRITICAL;notify-service-by-email;CPU CRITICAL: 1 crit, 4 warn out of 365 processes
[1547120916] SERVICE NOTIFICATION: nagiosadmin;smscapp2;CPU_Procs;WARNING;notify-service-by-email;CPU WARNING: 5 warn out of 337 processes
[1547120965] Auto-save of retention data completed successfully.
[1547121016] SERVICE NOTIFICATION: nagiosadmin;sig1;HDD_Root status;WARNING;notify-service-by-email;DISK WARNING - free space: / 6069 MB (11% inode=97%):
[1547121512] SERVICE NOTIFICATION: nagiosadmin;qservercluster2;CPU_Procs;CRITICAL;notify-service-by-email;CPU CRITICAL: 1 crit, 0 warn out of 303 processes
[1547121724] SERVICE NOTIFICATION: nagiosadmin;smscapp1;CPU_Procs;CRITICAL;notify-service-by-email;CPU CRITICAL: 1 crit, 0 warn out of 307 processes
[1547121925] SERVICE NOTIFICATION: nagiosadmin;smscapp2;Memory;CRITICAL;notify-service-by-email;CRITICAL - 1.0% (167520 kB) free!
[1547122181] SERVICE NOTIFICATION: nagiosadmin;pservercluster2;Memory;CRITICAL;notify-service-by-email;CRITICAL - 1.7% (405360 kB) free!
[1547122582] SERVICE NOTIFICATION: nagiosadmin;sigqscluster1;CPU_Procs;CRITICAL;notify-service-by-email;CPU CRITICAL: 1 crit, 0 warn out of 338 processes
[1547122940] SERVICE NOTIFICATION: nagiosadmin;qservercluster1;CPU_Procs;CRITICAL;notify-service-by-email;CPU CRITICAL: 1 crit, 0 warn out of 299 processes
[1547123256] SERVICE NOTIFICATION: nagiosadmin;pservercluster2;HDD_Root status;WARNING;notify-service-by-email;DISK WARNING - free space: / 8090 MB (15% inode=98%):
[1547124036] SERVICE NOTIFICATION: nagiosadmin;sigqscluster2;CPU_Procs;CRITICAL;notify-service-by-email;CPU CRITICAL: 1 crit, 0 warn out of 335 processes
[1547124195] SERVICE NOTIFICATION: nagiosadmin;smscapp1;Memory;CRITICAL;notify-service-by-email;CRITICAL - 1.0% (156664 kB) free!
[1547124293] SERVICE ALERT: db2;CPU_Procs;CRITICAL;SOFT;1;CPU CRITICAL: 1 crit, 0 warn out of 294 processes
[1547124333] SERVICE NOTIFICATION: nagiosadmin;db2;Memory;WARNING;notify-service-by-email;WARNING - 16.1% (7914884 kB) free!
[1547124413] SERVICE ALERT: db2;CPU_Procs;CRITICAL;SOFT;2;CPU CRITICAL: 1 crit, 0 warn out of 293 processes
[1547124516] SERVICE NOTIFICATION: nagiosadmin;smscapp2;CPU_Procs;WARNING;notify-service-by-email;CPU WARNING: 5 warn out of 337 processes
[1547124534] SERVICE ALERT: db2;CPU_Procs;OK;HARD;1;CPU OK: 292 processes
[1547124547] SERVICE ALERT: webserver2;CPU_Procs;WARNING;SOFT;1;CPU WARNING: 1 warn out of 466 processes
[1547124565] Auto-save of retention data completed successfully.
[1547124607] SERVICE ALERT: webserver2;CPU_Procs;OK;HARD;1;CPU OK: 465 processes
[1547124616] SERVICE NOTIFICATION: nagiosadmin;sig1;HDD_Root status;WARNING;notify-service-by-email;DISK WARNING - free space: / 6069 MB (11% inode=97%):
[1547125109] SERVICE NOTIFICATION: nagiosadmin;pservercluster2;CPU_Procs;CRITICAL;notify-service-by-email;CPU CRITICAL: 1 crit, 3 warn out of 363 processes
[1547125112] SERVICE NOTIFICATION: nagiosadmin;qservercluster2;CPU_Procs;CRITICAL;notify-service-by-email;CPU CRITICAL: 1 crit, 0 warn out of 305 processes
[1547125324] SERVICE NOTIFICATION: nagiosadmin;smscapp1;CPU_Procs;CRITICAL;notify-service-by-email;CPU CRITICAL: 1 crit, 0 warn out of 307 processes
[1547125525] SERVICE NOTIFICATION: nagiosadmin;smscapp2;Memory;CRITICAL;notify-service-by-email;CRITICAL - 1.0% (166964 kB) free!
[1547125781] SERVICE NOTIFICATION: nagiosadmin;pservercluster2;Memory;CRITICAL;notify-service-by-email;CRITICAL - 1.4% (332896 kB) free!
[1547126183] SERVICE NOTIFICATION: nagiosadmin;sigqscluster1;CPU_Procs;CRITICAL;notify-service-by-email;CPU CRITICAL: 1 crit, 0 warn out of 336 processes
[1547126540] SERVICE NOTIFICATION: nagiosadmin;qservercluster1;CPU_Procs;CRITICAL;notify-service-by-email;CPU CRITICAL: 1 crit, 0 warn out of 295 processes
[1547126856] SERVICE NOTIFICATION: nagiosadmin;pservercluster2;HDD_Root status;WARNING;notify-service-by-email;DISK WARNING - free space: / 8091 MB (15% inode=98%):
[1547127636] SERVICE NOTIFICATION: nagiosadmin;sigqscluster2;CPU_Procs;CRITICAL;notify-service-by-email;CPU CRITICAL: 1 crit, 0 warn out of 335 processes
[1547127933] SERVICE NOTIFICATION: nagiosadmin;db2;Memory;WARNING;notify-service-by-email;WARNING - 19.4% (9552708 kB) free!
[1547128116] SERVICE NOTIFICATION: nagiosadmin;smscapp2;CPU_Procs;WARNING;notify-service-by-email;CPU WARNING: 5 warn out of 338 processes
[1547128165] Auto-save of retention data completed successfully.
[1547128216] SERVICE NOTIFICATION: nagiosadmin;sig1;HDD_Root status;WARNING;notify-service-by-email;DISK WARNING - free space: / 6069 MB (11% inode=97%):
[1547128394] SERVICE NOTIFICATION: nagiosadmin;smscapp1;Memory;CRITICAL;notify-service-by-email;CRITICAL - 1.0% (158408 kB) free!
[1547128709] SERVICE NOTIFICATION: nagiosadmin;pservercluster2;CPU_Procs;CRITICAL;notify-service-by-email;CPU CRITICAL: 1 crit, 3 warn out of 367 processes
[1547128712] SERVICE NOTIFICATION: nagiosadmin;qservercluster2;CPU_Procs;CRITICAL;notify-service-by-email;CPU CRITICAL: 1 crit, 0 warn out of 301 processes
[1547128733] SERVICE ALERT: db2;CPU_Procs;CRITICAL;SOFT;1;CPU CRITICAL: 1 crit, 0 warn out of 297 processes
[1547128854] SERVICE ALERT: db2;CPU_Procs;CRITICAL;SOFT;2;CPU CRITICAL: 1 crit, 0 warn out of 295 processes
[1547128925] SERVICE NOTIFICATION: nagiosadmin;smscapp1;CPU_Procs;OK;notify-service-by-email;CPU OK: 304 processes
[1547128925] SERVICE ALERT: smscapp1;CPU_Procs;OK;HARD;1;CPU OK: 304 processes
[1547128974] SERVICE ALERT: db2;CPU_Procs;OK;HARD;1;CPU OK: 294 processes
[1547129125] SERVICE NOTIFICATION: nagiosadmin;smscapp2;Memory;CRITICAL;notify-service-by-email;CRITICAL - 1.2% (187448 kB) free!
[1547129381] SERVICE NOTIFICATION: nagiosadmin;pservercluster2;Memory;CRITICAL;notify-service-by-email;CRITICAL - 1.1% (260624 kB) free!
[1547130140] SERVICE NOTIFICATION: nagiosadmin;qservercluster1;CPU_Procs;CRITICAL;notify-service-by-email;CPU CRITICAL: 1 crit, 0 warn out of 299 processes
[1547130382] SERVICE NOTIFICATION: nagiosadmin;sigqscluster1;CPU_Procs;CRITICAL;notify-service-by-email;CPU CRITICAL: 1 crit, 0 warn out of 341 processes
[1547130456] SERVICE NOTIFICATION: nagiosadmin;pservercluster2;HDD_Root status;WARNING;notify-service-by-email;DISK WARNING - free space: / 8092 MB (15% inode=98%):
[1547130725] SERVICE ALERT: smscapp1;CPU_Procs;CRITICAL;SOFT;1;CPU CRITICAL: 3 crit, 0 warn out of 309 processes
[1547130845] SERVICE ALERT: smscapp1;CPU_Procs;CRITICAL;SOFT;2;CPU CRITICAL: 3 crit, 0 warn out of 308 processes
[1547130965] SERVICE NOTIFICATION: nagiosadmin;smscapp1;CPU_Procs;CRITICAL;notify-service-by-email;CPU CRITICAL: 3 crit, 0 warn out of 310 processes
[1547130965] SERVICE ALERT: smscapp1;CPU_Procs;CRITICAL;HARD;3;CPU CRITICAL: 3 crit, 0 warn out of 310 processes
[1547131236] SERVICE NOTIFICATION: nagiosadmin;sigqscluster2;CPU_Procs;CRITICAL;notify-service-by-email;CPU CRITICAL: 1 crit, 0 warn out of 334 processes
[1547131278] SERVICE ALERT: qservercluster2;CPU Load;WARNING;SOFT;1;WARNING - load average: 8.74, 8.23, 5.77
[1547131398] SERVICE ALERT: qservercluster2;CPU Load;WARNING;SOFT;2;WARNING - load average: 8.66, 8.33, 6.10
[1547131518] SERVICE NOTIFICATION: nagiosadmin;qservercluster2;CPU Load;WARNING;notify-service-by-email;WARNING - load average: 8.37, 8.50, 6.44
[1547131518] SERVICE ALERT: qservercluster2;CPU Load;WARNING;HARD;3;WARNING - load average: 8.37, 8.50, 6.44
[1547131533] SERVICE NOTIFICATION: nagiosadmin;db2;Memory;WARNING;notify-service-by-email;WARNING - 17.8% (8760348 kB) free!
[1547131716] SERVICE NOTIFICATION: nagiosadmin;smscapp2;CPU_Procs;WARNING;notify-service-by-email;CPU WARNING: 5 warn out of 338 processes
[1547131765] Auto-save of retention data completed successfully.
[1547131816] SERVICE NOTIFICATION: nagiosadmin;sig1;HDD_Root status;WARNING;notify-service-by-email;DISK WARNING - free space: / 6069 MB (11% inode=97%):
[1547131994] SERVICE NOTIFICATION: nagiosadmin;smscapp1;Memory;CRITICAL;notify-service-by-email;CRITICAL - 0.9% (150484 kB) free!
[1547132309] SERVICE NOTIFICATION: nagiosadmin;pservercluster2;CPU_Procs;CRITICAL;notify-service-by-email;CPU CRITICAL: 1 crit, 3 warn out of 362 processes
[1547132312] SERVICE NOTIFICATION: nagiosadmin;qservercluster2;CPU_Procs;CRITICAL;notify-service-by-email;CPU CRITICAL: 1 crit, 0 warn out of 304 processes
[1547132574] SERVICE ALERT: db2;CPU_Procs;CRITICAL;SOFT;1;CPU CRITICAL: 1 crit, 0 warn out of 290 processes
[1547132694] SERVICE ALERT: db2;CPU_Procs;CRITICAL;SOFT;2;CPU CRITICAL: 1 crit, 0 warn out of 290 processes
[1547132725] SERVICE NOTIFICATION: nagiosadmin;smscapp2;Memory;CRITICAL;notify-service-by-email;CRITICAL - 1.3% (218492 kB) free!
[1547132815] SERVICE NOTIFICATION: nagiosadmin;db2;CPU_Procs;CRITICAL;notify-service-by-email;CPU CRITICAL: 1 crit, 0 warn out of 290 processes
[1547132815] SERVICE ALERT: db2;CPU_Procs;CRITICAL;HARD;3;CPU CRITICAL: 1 crit, 0 warn out of 290 processes
[1547132981] SERVICE NOTIFICATION: nagiosadmin;pservercluster2;Memory;CRITICAL;notify-service-by-email;CRITICAL - 0.8% (206740 kB) free!
[1547133415] SERVICE NOTIFICATION: nagiosadmin;db2;CPU_Procs;OK;notify-service-by-email;CPU OK: 289 processes
[1547133415] SERVICE ALERT: db2;CPU_Procs;OK;HARD;1;CPU OK: 289 processes
[1547133740] SERVICE NOTIFICATION: nagiosadmin;qservercluster1;CPU_Procs;CRITICAL;notify-service-by-email;CPU CRITICAL: 1 crit, 0 warn out of 302 processes
[1547133982] SERVICE NOTIFICATION: nagiosadmin;sigqscluster1;CPU_Procs;CRITICAL;notify-service-by-email;CPU CRITICAL: 1 crit, 0 warn out of 339 processes
[1547134056] SERVICE NOTIFICATION: nagiosadmin;pservercluster2;HDD_Root status;WARNING;notify-service-by-email;DISK WARNING - free space: / 8090 MB (15% inode=98%):
[1547134565] SERVICE NOTIFICATION: nagiosadmin;smscapp1;CPU_Procs;CRITICAL;notify-service-by-email;CPU CRITICAL: 3 crit, 0 warn out of 306 processes
[1547134836] SERVICE NOTIFICATION: nagiosadmin;sigqscluster2;CPU_Procs;CRITICAL;notify-service-by-email;CPU CRITICAL: 1 crit, 0 warn out of 334 processes
[1547135118] SERVICE NOTIFICATION: nagiosadmin;qservercluster2;CPU Load;WARNING;notify-service-by-email;WARNING - load average: 7.55, 8.22, 8.34
[1547135133] SERVICE NOTIFICATION: nagiosadmin;db2;Memory;WARNING;notify-service-by-email;WARNING - 19.3% (9496752 kB) free!
[1547135316] SERVICE NOTIFICATION: nagiosadmin;smscapp2;CPU_Procs;WARNING;notify-service-by-email;CPU WARNING: 5 warn out of 339 processes
[1547135365] Auto-save of retention data completed successfully.
[1547135416] SERVICE NOTIFICATION: nagiosadmin;sig1;HDD_Root status;WARNING;notify-service-by-email;DISK WARNING - free space: / 6069 MB (11% inode=97%):
[1547135594] SERVICE NOTIFICATION: nagiosadmin;smscapp1;Memory;CRITICAL;notify-service-by-email;CRITICAL - 1.0% (164804 kB) free!
[1547135815] SERVICE ALERT: db2;CPU_Procs;CRITICAL;SOFT;1;CPU CRITICAL: 1 crit, 0 warn out of 293 processes
[1547135909] SERVICE NOTIFICATION: nagiosadmin;pservercluster2;CPU_Procs;CRITICAL;notify-service-by-email;CPU CRITICAL: 1 crit, 3 warn out of 371 processes
[1547135912] SERVICE NOTIFICATION: nagiosadmin;qservercluster2;CPU_Procs;CRITICAL;notify-service-by-email;CPU CRITICAL: 1 crit, 0 warn out of 304 processes
[1547135935] SERVICE ALERT: db2;CPU_Procs;OK;HARD;1;CPU OK: 293 processes
[1547135987] SERVICE ALERT: qservercluster1;CPU Load;WARNING;SOFT;1;WARNING - load average: 10.27, 10.33, 10.01
[1547136107] SERVICE ALERT: qservercluster1;CPU Load;WARNING;SOFT;2;WARNING - load average: 11.06, 10.66, 10.17
[1547136227] SERVICE NOTIFICATION: nagiosadmin;qservercluster1;CPU Load;WARNING;notify-service-by-email;WARNING - load average: 10.00, 10.35, 10.12
[1547136227] SERVICE ALERT: qservercluster1;CPU Load;WARNING;HARD;3;WARNING - load average: 10.00, 10.35, 10.12
[1547136325] SERVICE NOTIFICATION: nagiosadmin;smscapp2;Memory;CRITICAL;notify-service-by-email;CRITICAL - 1.1% (171940 kB) free!
[1547136535] SERVICE ALERT: db2;CPU_Procs;CRITICAL;SOFT;1;CPU CRITICAL: 1 crit, 0 warn out of 290 processes
[1547136581] SERVICE NOTIFICATION: nagiosadmin;pservercluster2;Memory;CRITICAL;notify-service-by-email;CRITICAL - 9.4% (2291888 kB) free!
[1547136656] SERVICE ALERT: db2;CPU_Procs;CRITICAL;SOFT;2;CPU CRITICAL: 1 crit, 0 warn out of 292 processes
[1547136776] SERVICE ALERT: db2;CPU_Procs;OK;HARD;1;CPU OK: 290 processes
[1547136827] SERVICE NOTIFICATION: nagiosadmin;qservercluster1;CPU Load;OK;notify-service-by-email;OK - load average: 5.16, 7.10, 8.74
[1547136827] SERVICE ALERT: qservercluster1;CPU Load;OK;HARD;1;OK - load average: 5.16, 7.10, 8.74
[1547136965] SERVICE NOTIFICATION: nagiosadmin;smscapp1;CPU_Procs;OK;notify-service-by-email;CPU OK: 295 processes
[1547136965] SERVICE ALERT: smscapp1;CPU_Procs;OK;HARD;1;CPU OK: 295 processes
[1547137340] SERVICE NOTIFICATION: nagiosadmin;qservercluster1;CPU_Procs;CRITICAL;notify-service-by-email;CPU CRITICAL: 1 crit, 0 warn out of 298 processes
[1547137518] SERVICE NOTIFICATION: nagiosadmin;qservercluster2;CPU Load;OK;notify-service-by-email;OK - load average: 3.38, 3.18, 4.71
[1547137518] SERVICE ALERT: qservercluster2;CPU Load;OK;HARD;1;OK - load average: 3.38, 3.18, 4.71
[1547137565] SERVICE ALERT: smscapp1;CPU_Procs;CRITICAL;SOFT;1;CPU CRITICAL: 1 crit, 0 warn out of 300 processes
[1547137583] SERVICE NOTIFICATION: nagiosadmin;sigqscluster1;CPU_Procs;CRITICAL;notify-service-by-email;CPU CRITICAL: 1 crit, 0 warn out of 340 processes
[1547137656] SERVICE NOTIFICATION: nagiosadmin;pservercluster2;HDD_Root status;WARNING;notify-service-by-email;DISK WARNING - free space: / 8093 MB (15% inode=98%):
[1547137686] SERVICE ALERT: smscapp1;CPU_Procs;CRITICAL;SOFT;2;CPU CRITICAL: 2 crit, 0 warn out of 301 processes
[1547137806] SERVICE FLAPPING ALERT: smscapp1;CPU_Procs;STARTED; Service appears to have started flapping (21.6% change >= 20.0% threshold)
[1547137806] SERVICE ALERT: smscapp1;CPU_Procs;CRITICAL;HARD;3;CPU CRITICAL: 2 crit, 0 warn out of 303 processes
[1547137816] SERVICE NOTIFICATION: nagiosadmin;sig1;HDD_Root status;CRITICAL;notify-service-by-email;DISK CRITICAL - free space: / 5406 MB (10% inode=97%):
[1547137816] SERVICE ALERT: sig1;HDD_Root status;CRITICAL;HARD;3;DISK CRITICAL - free space: / 5406 MB (10% inode=97%):
[1547138118] SERVICE ALERT: qservercluster2;CPU Load;WARNING;SOFT;1;WARNING - load average: 5.76, 5.47, 5.12
[1547138238] SERVICE ALERT: qservercluster2;CPU Load;WARNING;SOFT;2;WARNING - load average: 6.04, 5.67, 5.23
[1547138358] SERVICE NOTIFICATION: nagiosadmin;qservercluster2;CPU Load;WARNING;notify-service-by-email;WARNING - load average: 5.94, 5.80, 5.33
[1547138358] SERVICE ALERT: qservercluster2;CPU Load;WARNING;HARD;3;WARNING - load average: 5.94, 5.80, 5.33
[1547138436] SERVICE NOTIFICATION: nagiosadmin;sigqscluster2;CPU_Procs;CRITICAL;notify-service-by-email;CPU CRITICAL: 1 crit, 0 warn out of 335 processes
[1547138733] SERVICE NOTIFICATION: nagiosadmin;db2;Memory;WARNING;notify-service-by-email;WARNING - 19.3% (9493344 kB) free!
[1547138916] SERVICE NOTIFICATION: nagiosadmin;smscapp2;CPU_Procs;WARNING;notify-service-by-email;CPU WARNING: 5 warn out of 333 processes
[1547138965] Auto-save of retention data completed successfully.
[1547139194] SERVICE NOTIFICATION: nagiosadmin;smscapp1;Memory;CRITICAL;notify-service-by-email;CRITICAL - 1.8% (287564 kB) free!
[1547139509] SERVICE NOTIFICATION: nagiosadmin;pservercluster2;CPU_Procs;CRITICAL;notify-service-by-email;CPU CRITICAL: 1 crit, 3 warn out of 353 processes
[1547139512] SERVICE NOTIFICATION: nagiosadmin;qservercluster2;CPU_Procs;CRITICAL;notify-service-by-email;CPU CRITICAL: 1 crit, 0 warn out of 302 processes
[1547139925] SERVICE NOTIFICATION: nagiosadmin;smscapp2;Memory;CRITICAL;notify-service-by-email;CRITICAL - 1.2% (201924 kB) free!
[1547140181] SERVICE NOTIFICATION: nagiosadmin;pservercluster2;Memory;CRITICAL;notify-service-by-email;CRITICAL - 9.7% (2383912 kB) free!
[1547140940] SERVICE NOTIFICATION: nagiosadmin;qservercluster1;CPU_Procs;CRITICAL;notify-service-by-email;CPU CRITICAL: 1 crit, 0 warn out of 301 processes
[1547141256] SERVICE NOTIFICATION: nagiosadmin;pservercluster2;HDD_Root status;WARNING;notify-service-by-email;DISK WARNING - free space: / 8092 MB (15% inode=98%):
[1547141416] SERVICE NOTIFICATION: nagiosadmin;sig1;HDD_Root status;CRITICAL;notify-service-by-email;DISK CRITICAL - free space: / 5404 MB (10% inode=97%):
[1547141782] SERVICE NOTIFICATION: nagiosadmin;sigqscluster1;CPU_Procs;CRITICAL;notify-service-by-email;CPU CRITICAL: 1 crit, 0 warn out of 335 processes
[1547141958] SERVICE NOTIFICATION: nagiosadmin;qservercluster2;CPU Load;WARNING;notify-service-by-email;WARNING - load average: 5.54, 5.68, 5.66
[1547142036] SERVICE NOTIFICATION: nagiosadmin;sigqscluster2;CPU_Procs;CRITICAL;notify-service-by-email;CPU CRITICAL: 1 crit, 0 warn out of 335 processes
[1547142333] SERVICE NOTIFICATION: nagiosadmin;db2;Memory;WARNING;notify-service-by-email;WARNING - 19.3% (9491072 kB) free!
[1547142516] SERVICE NOTIFICATION: nagiosadmin;smscapp2;CPU_Procs;WARNING;notify-service-by-email;CPU WARNING: 5 warn out of 333 processes
[1547142565] Auto-save of retention data completed successfully.
[1547142794] SERVICE NOTIFICATION: nagiosadmin;smscapp1;Memory;CRITICAL;notify-service-by-email;CRITICAL - 1.8% (287056 kB) free!
[1547143109] SERVICE NOTIFICATION: nagiosadmin;pservercluster2;CPU_Procs;CRITICAL;notify-service-by-email;CPU CRITICAL: 1 crit, 4 warn out of 358 processes
[1547143112] SERVICE NOTIFICATION: nagiosadmin;qservercluster2;CPU_Procs;CRITICAL;notify-service-by-email;CPU CRITICAL: 1 crit, 0 warn out of 304 processes
[1547143525] SERVICE NOTIFICATION: nagiosadmin;smscapp2;Memory;CRITICAL;notify-service-by-email;CRITICAL - 1.2% (199020 kB) free!
[1547143781] SERVICE NOTIFICATION: nagiosadmin;pservercluster2;Memory;CRITICAL;notify-service-by-email;CRITICAL - 9.6% (2348064 kB) free!
[1547144540] SERVICE NOTIFICATION: nagiosadmin;qservercluster1;CPU_Procs;CRITICAL;notify-service-by-email;CPU CRITICAL: 1 crit, 0 warn out of 300 processes
[1547144856] SERVICE NOTIFICATION: nagiosadmin;pservercluster2;HDD_Root status;WARNING;notify-service-by-email;DISK WARNING - free space: / 8093 MB (15% inode=98%):
