[1551205800] LOG ROTATION: DAILY
[1551205800] LOG VERSION: 2.0
[1551205800] CURRENT HOST STATE: db1;UP;HARD;1;PING OK - Packet loss = 0%, RTA = 0.48 ms
[1551205800] CURRENT HOST STATE: db2;UP;HARD;1;PING OK - Packet loss = 0%, RTA = 0.41 ms
[1551205800] CURRENT HOST STATE: primary-server;UP;HARD;1;PING OK - Packet loss = 0%, RTA = 0.44 ms
[1551205800] CURRENT HOST STATE: pservercluster1;UP;HARD;1;PING OK - Packet loss = 0%, RTA = 0.27 ms
[1551205800] CURRENT HOST STATE: pservercluster2;UP;HARD;1;PING OK - Packet loss = 0%, RTA = 0.28 ms
[1551205800] CURRENT HOST STATE: qservercluster1;UP;HARD;1;PING OK - Packet loss = 0%, RTA = 0.27 ms
[1551205800] CURRENT HOST STATE: qservercluster2;UP;HARD;1;PING OK - Packet loss = 0%, RTA = 0.29 ms
[1551205800] CURRENT HOST STATE: secondary-server;UP;HARD;1;PING OK - Packet loss = 0%, RTA = 0.36 ms
[1551205800] CURRENT HOST STATE: sig1;UP;HARD;1;PING OK - Packet loss = 0%, RTA = 0.43 ms
[1551205800] CURRENT HOST STATE: sig2-vm1;UP;HARD;1;PING OK - Packet loss = 0%, RTA = 0.50 ms
[1551205800] CURRENT HOST STATE: sig2-vm2;UP;HARD;1;PING OK - Packet loss = 0%, RTA = 0.52 ms
[1551205800] CURRENT HOST STATE: sig3-vm1;UP;HARD;1;PING OK - Packet loss = 0%, RTA = 0.55 ms
[1551205800] CURRENT HOST STATE: sig3-vm2;UP;HARD;1;PING OK - Packet loss = 0%, RTA = 0.52 ms
[1551205800] CURRENT HOST STATE: sig4-vm1;UP;HARD;1;PING OK - Packet loss = 0%, RTA = 0.50 ms
[1551205800] CURRENT HOST STATE: sig4-vm2;UP;HARD;1;PING OK - Packet loss = 0%, RTA = 0.49 ms
[1551205800] CURRENT HOST STATE: sig5;UP;HARD;1;PING OK - Packet loss = 0%, RTA = 0.49 ms
[1551205800] CURRENT HOST STATE: sig6;UP;HARD;1;PING OK - Packet loss = 0%, RTA = 0.49 ms
[1551205800] CURRENT HOST STATE: sigqscluster1;UP;HARD;1;PING OK - Packet loss = 0%, RTA = 0.29 ms
[1551205800] CURRENT HOST STATE: sigqscluster2;UP;HARD;1;PING OK - Packet loss = 0%, RTA = 0.25 ms
[1551205800] CURRENT HOST STATE: smscapp1;UP;HARD;1;PING OK - Packet loss = 0%, RTA = 0.31 ms
[1551205800] CURRENT HOST STATE: smscapp2;UP;HARD;1;PING OK - Packet loss = 0%, RTA = 0.23 ms
[1551205800] CURRENT HOST STATE: sservercluster1;UP;HARD;1;PING OK - Packet loss = 0%, RTA = 0.33 ms
[1551205800] CURRENT HOST STATE: sservercluster2;UP;HARD;1;PING OK - Packet loss = 0%, RTA = 0.32 ms
[1551205800] CURRENT HOST STATE: webserver1;UP;HARD;1;PING OK - Packet loss = 0%, RTA = 0.44 ms
[1551205800] CURRENT HOST STATE: webserver2;UP;HARD;1;PING OK - Packet loss = 0%, RTA = 0.08 ms
[1551205800] CURRENT HOST STATE: webservercluster1;UP;HARD;1;PING OK - Packet loss = 0%, RTA = 0.40 ms
[1551205800] CURRENT HOST STATE: webservercluster2;UP;HARD;1;PING OK - Packet loss = 0%, RTA = 0.34 ms
[1551205800] CURRENT SERVICE STATE: db1;CPU Load;OK;HARD;1;OK - load average: 0.56, 0.65, 0.66
[1551205800] CURRENT SERVICE STATE: db1;CPU_Procs;OK;HARD;1;CPU OK: 326 processes
[1551205800] CURRENT SERVICE STATE: db1;Current Users;OK;HARD;1;USERS OK - 2 users currently logged in
[1551205800] CURRENT SERVICE STATE: db1;HDD_Home status;OK;HARD;1;DISK OK - free space: /home 57262 MB (27% inode=99%):
[1551205800] CURRENT SERVICE STATE: db1;HDD_Root status;OK;HARD;1;DISK OK - free space: / 46441 MB (90% inode=99%):
[1551205800] CURRENT SERVICE STATE: db1;LocalService-NTPD SERVICE;OK;HARD;1;PROCS OK: 1 process with command name 'ntpd'
[1551205800] CURRENT SERVICE STATE: db1;Mariadb status;OK;HARD;1;PROCS OK: 1 process with command name 'mysqld'
[1551205800] CURRENT SERVICE STATE: db1;Memory;OK;HARD;1;OK - 22.3% (10967504 kB) free.
[1551205800] CURRENT SERVICE STATE: db1;Sensors Status;OK;HARD;1;SENSORS OK
[1551205800] CURRENT SERVICE STATE: db1;Total Processes;OK;HARD;1;PROCS OK: 326 processes
[1551205800] CURRENT SERVICE STATE: db2;CPU Load;OK;HARD;1;OK - load average: 0.49, 0.41, 0.56
[1551205800] CURRENT SERVICE STATE: db2;CPU_Procs;CRITICAL;SOFT;1;CPU CRITICAL: 1 crit, 0 warn out of 306 processes
[1551205800] CURRENT SERVICE STATE: db2;Current Users;OK;HARD;1;USERS OK - 5 users currently logged in
[1551205800] CURRENT SERVICE STATE: db2;HDD_Home status;OK;HARD;1;DISK OK - free space: /home 51995 MB (23% inode=99%):
[1551205800] CURRENT SERVICE STATE: db2;HDD_Root status;OK;HARD;1;DISK OK - free space: / 44553 MB (87% inode=99%):
[1551205800] CURRENT SERVICE STATE: db2;LocalService-NTPD SERVICE;OK;HARD;1;PROCS OK: 1 process with command name 'ntpd'
[1551205800] CURRENT SERVICE STATE: db2;Mariadb status;OK;HARD;1;PROCS OK: 1 process with command name 'mysqld'
[1551205800] CURRENT SERVICE STATE: db2;Memory;OK;HARD;1;OK - 34.1% (16820416 kB) free.
[1551205800] CURRENT SERVICE STATE: db2;Sensors Status;OK;HARD;1;SENSORS OK
[1551205800] CURRENT SERVICE STATE: db2;Total Processes;OK;HARD;1;PROCS OK: 306 processes
[1551205800] CURRENT SERVICE STATE: primary-server;CPU Load;OK;HARD;1;OK - load average: 0.04, 0.03, 0.10
[1551205800] CURRENT SERVICE STATE: primary-server;CPU_Procs;OK;HARD;1;CPU OK: 341 processes
[1551205800] CURRENT SERVICE STATE: primary-server;Current Users;OK;HARD;1;USERS OK - 2 users currently logged in
[1551205800] CURRENT SERVICE STATE: primary-server;HDD_Home status;OK;HARD;1;DISK OK - free space: /home 224606 MB (99% inode=99%):
[1551205800] CURRENT SERVICE STATE: primary-server;HDD_Root status;OK;HARD;1;DISK OK - free space: / 39140 MB (76% inode=99%):
[1551205800] CURRENT SERVICE STATE: primary-server;LocalService-NTPD SERVICE;OK;HARD;1;PROCS OK: 1 process with command name 'ntpd'
[1551205800] CURRENT SERVICE STATE: primary-server;Memory;OK;HARD;1;OK - 59.6% (14598952 kB) free.
[1551205800] CURRENT SERVICE STATE: primary-server;Nginx Status;OK;HARD;1;NGINX OK -  0.088 sec. response time, Active: 0 (Writing: 0 Reading: 0 Waiting: 0) ReqPerSec: 0.000 ConnPerSec: 0.000 ReqPerConn: 0.000
[1551205800] CURRENT SERVICE STATE: primary-server;Sensors Status;OK;HARD;1;SENSORS OK
[1551205800] CURRENT SERVICE STATE: primary-server;Total Processes;OK;HARD;1;PROCS OK: 345 processes
[1551205800] CURRENT SERVICE STATE: pservercluster1;CPU Load;OK;HARD;1;OK - load average: 0.94, 0.79, 0.72
[1551205800] CURRENT SERVICE STATE: pservercluster1;CPU_Procs;CRITICAL;HARD;3;CPU CRITICAL: 3 crit, 2 warn out of 330 processes
[1551205800] CURRENT SERVICE STATE: pservercluster1;Current Users;OK;HARD;1;USERS OK - 4 users currently logged in
[1551205800] CURRENT SERVICE STATE: pservercluster1;HDD_Home status;OK;HARD;1;DISK OK - free space: /home 130019 MB (58% inode=99%):
[1551205800] CURRENT SERVICE STATE: pservercluster1;HDD_Root status;OK;HARD;1;DISK OK - free space: / 40341 MB (78% inode=99%):
[1551205800] CURRENT SERVICE STATE: pservercluster1;LocalService-NTPD SERVICE;OK;HARD;1;PROCS OK: 1 process with command name 'ntpd'
[1551205800] CURRENT SERVICE STATE: pservercluster1;Memory;OK;HARD;1;OK - 55.4% (13670240 kB) free.
[1551205800] CURRENT SERVICE STATE: pservercluster1;Sensors Status;OK;HARD;1;SENSORS OK
[1551205800] CURRENT SERVICE STATE: pservercluster1;Total Processes;OK;HARD;1;PROCS OK: 330 processes
[1551205800] CURRENT SERVICE STATE: pservercluster2;CPU Load;OK;HARD;1;OK - load average: 1.38, 1.46, 1.49
[1551205800] CURRENT SERVICE STATE: pservercluster2;CPU_Procs;OK;HARD;1;CPU OK: 352 processes
[1551205800] CURRENT SERVICE STATE: pservercluster2;Current Users;OK;HARD;1;USERS OK - 6 users currently logged in
[1551205800] CURRENT SERVICE STATE: pservercluster2;HDD_Home status;OK;HARD;1;DISK OK - free space: /home 153148 MB (68% inode=99%):
[1551205800] CURRENT SERVICE STATE: pservercluster2;HDD_Root status;WARNING;HARD;3;DISK WARNING - free space: / 7612 MB (14% inode=98%):
[1551205800] CURRENT SERVICE STATE: pservercluster2;LocalService-NTPD SERVICE;OK;HARD;1;PROCS OK: 1 process with command name 'ntpd'
[1551205800] CURRENT SERVICE STATE: pservercluster2;Memory;OK;HARD;1;OK - 26.6% (6511860 kB) free.
[1551205800] CURRENT SERVICE STATE: pservercluster2;Sensors Status;OK;HARD;1;SENSORS OK
[1551205800] CURRENT SERVICE STATE: pservercluster2;Total Processes;OK;HARD;1;PROCS OK: 352 processes
[1551205800] CURRENT SERVICE STATE: qservercluster1;CPU Load;WARNING;HARD;3;WARNING - load average: 13.82, 13.14, 13.45
[1551205800] CURRENT SERVICE STATE: qservercluster1;CPU_Procs;CRITICAL;HARD;3;CPU CRITICAL: 1 crit, 0 warn out of 343 processes
[1551205800] CURRENT SERVICE STATE: qservercluster1;Current Users;OK;HARD;1;USERS OK - 3 users currently logged in
[1551205800] CURRENT SERVICE STATE: qservercluster1;HDD_Home status;OK;HARD;1;DISK OK - free space: /home 224641 MB (99% inode=99%):
[1551205800] CURRENT SERVICE STATE: qservercluster1;HDD_Root status;OK;HARD;1;DISK OK - free space: / 41224 MB (80% inode=99%):
[1551205800] CURRENT SERVICE STATE: qservercluster1;LocalService-NTPD SERVICE;OK;HARD;1;PROCS OK: 1 process with command name 'ntpd'
[1551205800] CURRENT SERVICE STATE: qservercluster1;Memory;OK;HARD;1;OK - 75.2% (37019404 kB) free.
[1551205800] CURRENT SERVICE STATE: qservercluster1;Sensors Status;OK;HARD;1;SENSORS OK
[1551205800] CURRENT SERVICE STATE: qservercluster1;Total Processes;OK;HARD;1;PROCS OK: 341 processes
[1551205800] CURRENT SERVICE STATE: qservercluster2;CPU Load;OK;HARD;1;OK - load average: 2.58, 2.83, 3.03
[1551205800] CURRENT SERVICE STATE: qservercluster2;CPU_Procs;CRITICAL;HARD;3;CPU CRITICAL: 1 crit, 0 warn out of 304 processes
[1551205800] CURRENT SERVICE STATE: qservercluster2;Current Users;OK;HARD;1;USERS OK - 0 users currently logged in
[1551205800] CURRENT SERVICE STATE: qservercluster2;HDD_Home status;OK;HARD;1;DISK OK - free space: /home 224577 MB (99% inode=99%):
[1551205800] CURRENT SERVICE STATE: qservercluster2;HDD_Root status;OK;HARD;1;DISK OK - free space: / 40160 MB (78% inode=98%):
[1551205800] CURRENT SERVICE STATE: qservercluster2;LocalService-NTPD SERVICE;OK;HARD;1;PROCS OK: 1 process with command name 'ntpd'
[1551205800] CURRENT SERVICE STATE: qservercluster2;Memory;OK;HARD;1;OK - 94.0% (46300456 kB) free.
[1551205800] CURRENT SERVICE STATE: qservercluster2;Sensors Status;OK;HARD;1;SENSORS OK
[1551205800] CURRENT SERVICE STATE: qservercluster2;Total Processes;OK;HARD;1;PROCS OK: 304 processes
[1551205800] CURRENT SERVICE STATE: secondary-server;CPU Load;OK;HARD;1;OK - load average: 0.08, 0.49, 0.56
[1551205800] CURRENT SERVICE STATE: secondary-server;CPU_Procs;OK;HARD;1;CPU OK: 346 processes
[1551205800] CURRENT SERVICE STATE: secondary-server;Current Users;OK;HARD;1;USERS OK - 3 users currently logged in
[1551205800] CURRENT SERVICE STATE: secondary-server;HDD_Home status;OK;HARD;1;DISK OK - free space: /home 224704 MB (99% inode=99%):
[1551205800] CURRENT SERVICE STATE: secondary-server;HDD_Root status;OK;HARD;1;DISK OK - free space: / 41201 MB (80% inode=99%):
[1551205800] CURRENT SERVICE STATE: secondary-server;LocalService-NTPD SERVICE;OK;HARD;1;PROCS OK: 1 process with command name 'ntpd'
[1551205800] CURRENT SERVICE STATE: secondary-server;Memory Status;OK;HARD;1;OK - 69.7% (17095020 kB) free.
[1551205800] CURRENT SERVICE STATE: secondary-server;Nginx Status;OK;HARD;1;NGINX OK -  0.088 sec. response time, Active: 0 (Writing: 0 Reading: 0 Waiting: 0) ReqPerSec: 0.000 ConnPerSec: 0.000 ReqPerConn: 0.000
[1551205800] CURRENT SERVICE STATE: secondary-server;Sensors Status;OK;HARD;1;SENSORS OK
[1551205800] CURRENT SERVICE STATE: secondary-server;Total Processes;OK;HARD;1;PROCS OK: 346 processes
[1551205800] CURRENT SERVICE STATE: sig1;CPU Load;OK;HARD;1;OK - load average: 0.08, 0.03, 0.05
[1551205800] CURRENT SERVICE STATE: sig1;CPU_Procs;OK;HARD;1;CPU OK: 311 processes
[1551205800] CURRENT SERVICE STATE: sig1;Current Users;OK;HARD;1;USERS OK - 0 users currently logged in
[1551205800] CURRENT SERVICE STATE: sig1;HDD_Home status;OK;HARD;1;DISK OK - free space: /home 132787 MB (59% inode=99%):
[1551205800] CURRENT SERVICE STATE: sig1;HDD_Root status;OK;HARD;1;DISK OK - free space: / 29572 MB (57% inode=98%):
[1551205800] CURRENT SERVICE STATE: sig1;LocalService-NTPD SERVICE;OK;HARD;1;PROCS OK: 1 process with command name 'ntpd'
[1551205800] CURRENT SERVICE STATE: sig1;Memory;OK;HARD;1;OK - 86.6% (14077684 kB) free.
[1551205800] CURRENT SERVICE STATE: sig1;Sensors Status;OK;HARD;1;SENSORS OK
[1551205800] CURRENT SERVICE STATE: sig1;Total Processes;OK;HARD;1;PROCS OK: 314 processes
[1551205800] CURRENT SERVICE STATE: sig2-vm1;CPU Load;OK;HARD;1;OK - load average: 0.00, 0.00, 0.00
[1551205800] CURRENT SERVICE STATE: sig2-vm1;CPU_Procs;OK;HARD;1;CPU OK: 272 processes
[1551205800] CURRENT SERVICE STATE: sig2-vm1;Current Users;OK;HARD;1;USERS OK - 0 users currently logged in
[1551205800] CURRENT SERVICE STATE: sig2-vm1;HDD_Root status;OK;HARD;1;DISK OK - free space: / 100110 MB (83% inode=96%):
[1551205800] CURRENT SERVICE STATE: sig2-vm1;LocalService-NTPD SERVICE;OK;HARD;1;PROCS OK: 2 processes with command name 'ntpd'
[1551205800] CURRENT SERVICE STATE: sig2-vm1;Memory;OK;HARD;1;OK - 37.2% (2738392 kB) free.
[1551205800] CURRENT SERVICE STATE: sig2-vm1;Total Processes;OK;HARD;1;PROCS OK: 272 processes
[1551205800] CURRENT SERVICE STATE: sig2-vm2;CPU Load;OK;HARD;1;OK - load average: 0.18, 0.19, 0.08
[1551205800] CURRENT SERVICE STATE: sig2-vm2;CPU_Procs;OK;HARD;1;CPU OK: 339 processes
[1551205800] CURRENT SERVICE STATE: sig2-vm2;Current Users;OK;HARD;1;USERS OK - 4 users currently logged in
[1551205800] CURRENT SERVICE STATE: sig2-vm2;HDD_Root status;OK;HARD;1;DISK OK - free space: / 104583 MB (87% inode=96%):
[1551205800] CURRENT SERVICE STATE: sig2-vm2;LocalService-NTPD SERVICE;OK;HARD;1;PROCS OK: 2 processes with command name 'ntpd'
[1551205800] CURRENT SERVICE STATE: sig2-vm2;Memory;OK;HARD;1;OK - 91.0% (6689636 kB) free.
[1551205800] CURRENT SERVICE STATE: sig2-vm2;Total Processes;OK;HARD;1;PROCS OK: 339 processes
[1551205800] CURRENT SERVICE STATE: sig3-vm1;CPU Load;OK;HARD;1;OK - load average: 0.00, 0.00, 0.00
[1551205800] CURRENT SERVICE STATE: sig3-vm1;CPU_Procs;OK;HARD;1;CPU OK: 306 processes
[1551205800] CURRENT SERVICE STATE: sig3-vm1;Current Users;OK;HARD;1;USERS OK - 2 users currently logged in
[1551205800] CURRENT SERVICE STATE: sig3-vm1;HDD_Root status;OK;HARD;1;DISK OK - free space: / 98666 MB (82% inode=96%):
[1551205800] CURRENT SERVICE STATE: sig3-vm1;LocalService-NTPD SERVICE;OK;HARD;1;PROCS OK: 2 processes with command name 'ntpd'
[1551205800] CURRENT SERVICE STATE: sig3-vm1;Memory;OK;HARD;1;OK - 80.8% (5940284 kB) free.
[1551205800] CURRENT SERVICE STATE: sig3-vm1;Total Processes;OK;HARD;1;PROCS OK: 306 processes
[1551205800] CURRENT SERVICE STATE: sig3-vm2;CPU Load;OK;HARD;1;OK - load average: 0.00, 0.00, 0.00
[1551205800] CURRENT SERVICE STATE: sig3-vm2;CPU_Procs;OK;HARD;1;CPU OK: 294 processes
[1551205800] CURRENT SERVICE STATE: sig3-vm2;Current Users;OK;HARD;1;USERS OK - 2 users currently logged in
[1551205800] CURRENT SERVICE STATE: sig3-vm2;HDD_Root status;OK;HARD;1;DISK OK - free space: / 103724 MB (86% inode=96%):
[1551205800] CURRENT SERVICE STATE: sig3-vm2;LocalService-NTPD SERVICE;OK;HARD;1;PROCS OK: 2 processes with command name 'ntpd'
[1551205800] CURRENT SERVICE STATE: sig3-vm2;Memory;OK;HARD;1;OK - 93.4% (6871200 kB) free.
[1551205800] CURRENT SERVICE STATE: sig3-vm2;Total Processes;OK;HARD;1;PROCS OK: 294 processes
[1551205800] CURRENT SERVICE STATE: sig4-vm1;CPU Load;OK;HARD;1;OK - load average: 0.06, 0.01, 0.00
[1551205800] CURRENT SERVICE STATE: sig4-vm1;CPU_Procs;OK;HARD;1;CPU OK: 272 processes
[1551205800] CURRENT SERVICE STATE: sig4-vm1;Current Users;OK;HARD;1;USERS OK - 0 users currently logged in
[1551205800] CURRENT SERVICE STATE: sig4-vm1;HDD_Root status;OK;HARD;1;DISK OK - free space: / 91154 MB (75% inode=96%):
[1551205800] CURRENT SERVICE STATE: sig4-vm1;LocalService-NTPD SERVICE;OK;HARD;1;PROCS OK: 2 processes with command name 'ntpd'
[1551205800] CURRENT SERVICE STATE: sig4-vm1;Memory;OK;HARD;1;OK - 90.2% (6632220 kB) free.
[1551205800] CURRENT SERVICE STATE: sig4-vm1;Total Processes;OK;HARD;1;PROCS OK: 272 processes
[1551205800] CURRENT SERVICE STATE: sig4-vm2;CPU Load;OK;HARD;1;OK - load average: 0.00, 0.00, 0.00
[1551205800] CURRENT SERVICE STATE: sig4-vm2;CPU_Procs;OK;HARD;1;CPU OK: 292 processes
[1551205800] CURRENT SERVICE STATE: sig4-vm2;Current Users;OK;HARD;1;USERS OK - 2 users currently logged in
[1551205800] CURRENT SERVICE STATE: sig4-vm2;HDD_Root status;OK;HARD;1;DISK OK - free space: / 99519 MB (82% inode=96%):
[1551205800] CURRENT SERVICE STATE: sig4-vm2;LocalService-NTPD SERVICE;OK;HARD;1;PROCS OK: 2 processes with command name 'ntpd'
[1551205800] CURRENT SERVICE STATE: sig4-vm2;Memory;CRITICAL;HARD;3;CRITICAL - 1.8% (135404 kB) free!
[1551205800] CURRENT SERVICE STATE: sig4-vm2;Total Processes;OK;HARD;1;PROCS OK: 292 processes
[1551205800] CURRENT SERVICE STATE: sigqscluster1;CPU Load;OK;HARD;1;OK - load average: 1.52, 1.61, 1.56
[1551205800] CURRENT SERVICE STATE: sigqscluster1;CPU_Procs;OK;HARD;1;CPU OK: 336 processes
[1551205800] CURRENT SERVICE STATE: sigqscluster1;Current Users;OK;HARD;1;USERS OK - 2 users currently logged in
[1551205800] CURRENT SERVICE STATE: sigqscluster1;HDD_Home status;OK;HARD;1;DISK OK - free space: /home 224579 MB (99% inode=99%):
[1551205800] CURRENT SERVICE STATE: sigqscluster1;HDD_Root status;OK;HARD;1;DISK OK - free space: / 41162 MB (80% inode=99%):
[1551205800] CURRENT SERVICE STATE: sigqscluster1;LocalService-NTPD SERVICE;OK;HARD;1;PROCS OK: 1 process with command name 'ntpd'
[1551205800] CURRENT SERVICE STATE: sigqscluster1;Memory;OK;HARD;1;OK - 88.9% (43825076 kB) free.
[1551205800] CURRENT SERVICE STATE: sigqscluster1;Sensors Status;OK;HARD;1;SENSORS OK
[1551205800] CURRENT SERVICE STATE: sigqscluster1;Total Processes;OK;HARD;1;PROCS OK: 336 processes
[1551205800] CURRENT SERVICE STATE: sigqscluster2;CPU Load;OK;HARD;1;OK - load average: 3.80, 3.68, 3.22
[1551205800] CURRENT SERVICE STATE: sigqscluster2;CPU_Procs;WARNING;HARD;3;CPU WARNING: 1 warn out of 336 processes
[1551205800] CURRENT SERVICE STATE: sigqscluster2;Current Users;OK;HARD;1;USERS OK - 2 users currently logged in
[1551205800] CURRENT SERVICE STATE: sigqscluster2;HDD_Home status;OK;HARD;1;DISK OK - free space: /home 224577 MB (99% inode=99%):
[1551205800] CURRENT SERVICE STATE: sigqscluster2;HDD_Root status;OK;HARD;1;DISK OK - free space: / 41190 MB (80% inode=99%):
[1551205800] CURRENT SERVICE STATE: sigqscluster2;LocalService-NTPD SERVICE;OK;HARD;1;PROCS OK: 1 process with command name 'ntpd'
[1551205800] CURRENT SERVICE STATE: sigqscluster2;Memory;OK;HARD;1;OK - 89.7% (44225880 kB) free.
[1551205800] CURRENT SERVICE STATE: sigqscluster2;Sensors Status;OK;HARD;1;SENSORS OK
[1551205800] CURRENT SERVICE STATE: sigqscluster2;Total Processes;OK;HARD;1;PROCS OK: 336 processes
[1551205800] CURRENT SERVICE STATE: smscapp1;CPU Load;OK;HARD;1;OK - load average: 0.94, 0.95, 0.96
[1551205800] CURRENT SERVICE STATE: smscapp1;CPU_Procs;OK;HARD;1;CPU OK: 340 processes
[1551205800] CURRENT SERVICE STATE: smscapp1;Current Users;OK;HARD;1;USERS OK - 2 users currently logged in
[1551205800] CURRENT SERVICE STATE: smscapp1;HDD_Home status;OK;HARD;1;DISK OK - free space: /home 65969 MB (29% inode=99%):
[1551205800] CURRENT SERVICE STATE: smscapp1;HDD_Root status;OK;HARD;1;DISK OK - free space: / 39147 MB (76% inode=98%):
[1551205800] CURRENT SERVICE STATE: smscapp1;LocalService-NTPD SERVICE;OK;HARD;1;PROCS OK: 1 process with command name 'ntpd'
[1551205800] CURRENT SERVICE STATE: smscapp1;Memory;OK;HARD;1;OK - 74.5% (12111880 kB) free.
[1551205800] CURRENT SERVICE STATE: smscapp1;Sensors Status;OK;HARD;1;SENSORS OK
[1551205800] CURRENT SERVICE STATE: smscapp1;Total Processes;OK;HARD;1;PROCS OK: 338 processes
[1551205800] CURRENT SERVICE STATE: smscapp2;CPU Load;OK;HARD;1;OK - load average: 1.53, 1.48, 1.33
[1551205800] CURRENT SERVICE STATE: smscapp2;CPU_Procs;OK;HARD;1;CPU OK: 359 processes
[1551205800] CURRENT SERVICE STATE: smscapp2;Current Users;OK;HARD;1;USERS OK - 3 users currently logged in
[1551205800] CURRENT SERVICE STATE: smscapp2;HDD_Home status;OK;HARD;1;DISK OK - free space: /home 82792 MB (36% inode=99%):
[1551205800] CURRENT SERVICE STATE: smscapp2;HDD_Root status;OK;HARD;1;DISK OK - free space: / 39009 MB (76% inode=98%):
[1551205800] CURRENT SERVICE STATE: smscapp2;LocalService-NTPD SERVICE;OK;HARD;1;PROCS OK: 1 process with command name 'ntpd'
[1551205800] CURRENT SERVICE STATE: smscapp2;Memory;OK;HARD;1;OK - 72.1% (11714864 kB) free.
[1551205800] CURRENT SERVICE STATE: smscapp2;Sensors Status;OK;HARD;1;SENSORS OK
[1551205800] CURRENT SERVICE STATE: smscapp2;Total Processes;OK;HARD;1;PROCS OK: 360 processes
[1551205800] CURRENT SERVICE STATE: sservercluster1;CPU Load;OK;HARD;1;OK - load average: 0.23, 0.24, 0.28
[1551205800] CURRENT SERVICE STATE: sservercluster1;CPU_Procs;CRITICAL;HARD;3;CPU CRITICAL: 2 crit, 2 warn out of 323 processes
[1551205800] CURRENT SERVICE STATE: sservercluster1;Current Users;OK;HARD;1;USERS OK - 3 users currently logged in
[1551205800] CURRENT SERVICE STATE: sservercluster1;HDD_Home status;OK;HARD;1;DISK OK - free space: /home 190085 MB (86% inode=99%):
[1551205800] CURRENT SERVICE STATE: sservercluster1;HDD_Root status;OK;HARD;1;DISK OK - free space: / 41456 MB (81% inode=99%):
[1551205800] CURRENT SERVICE STATE: sservercluster1;LocalService-NTPD SERVICE;OK;HARD;1;PROCS OK: 1 process with command name 'ntpd'
[1551205800] CURRENT SERVICE STATE: sservercluster1;Memory;OK;HARD;1;OK - 73.3% (17965136 kB) free.
[1551205800] CURRENT SERVICE STATE: sservercluster1;Sensors Status;OK;HARD;1;SENSORS OK
[1551205800] CURRENT SERVICE STATE: sservercluster1;Total Processes;OK;HARD;1;PROCS OK: 322 processes
[1551205800] CURRENT SERVICE STATE: sservercluster2;CPU Load;OK;HARD;1;OK - load average: 0.45, 0.39, 0.41
[1551205800] CURRENT SERVICE STATE: sservercluster2;CPU_Procs;CRITICAL;HARD;3;CPU CRITICAL: 1 crit, 3 warn out of 335 processes
[1551205800] CURRENT SERVICE STATE: sservercluster2;Current Users;OK;HARD;1;USERS OK - 4 users currently logged in
[1551205800] CURRENT SERVICE STATE: sservercluster2;HDD_Home status;OK;HARD;1;DISK OK - free space: /home 188359 MB (85% inode=99%):
[1551205800] CURRENT SERVICE STATE: sservercluster2;HDD_Root status;OK;HARD;1;DISK OK - free space: / 41212 MB (80% inode=99%):
[1551205800] CURRENT SERVICE STATE: sservercluster2;LocalService-NTPD SERVICE;OK;HARD;1;PROCS OK: 1 process with command name 'ntpd'
[1551205800] CURRENT SERVICE STATE: sservercluster2;Memory;OK;HARD;1;OK - 31.3% (7678412 kB) free.
[1551205800] CURRENT SERVICE STATE: sservercluster2;Sensors Status;OK;HARD;1;SENSORS OK
[1551205800] CURRENT SERVICE STATE: sservercluster2;Total Processes;OK;HARD;1;PROCS OK: 337 processes
[1551205800] CURRENT SERVICE STATE: webserver1;CPU Load;OK;HARD;1;OK - load average: 0.00, 0.01, 0.05
[1551205800] CURRENT SERVICE STATE: webserver1;CPU_Procs;OK;HARD;1;CPU OK: 357 processes
[1551205800] CURRENT SERVICE STATE: webserver1;Current Users;OK;HARD;1;USERS OK - 1 users currently logged in
[1551205800] CURRENT SERVICE STATE: webserver1;HDD_Home status;OK;HARD;1;DISK OK - free space: /home 224832 MB (99% inode=99%):
[1551205800] CURRENT SERVICE STATE: webserver1;HDD_Root status;OK;HARD;1;DISK OK - free space: / 40979 MB (80% inode=99%):
[1551205800] CURRENT SERVICE STATE: webserver1;LocalService-NTPD SERVICE;OK;HARD;1;PROCS OK: 1 process with command name 'ntpd'
[1551205800] CURRENT SERVICE STATE: webserver1;Memory;OK;HARD;1;OK - 88.9% (21753644 kB) free.
[1551205800] CURRENT SERVICE STATE: webserver1;Nginx_status;OK;HARD;1;NGINX OK -  0.086 sec. response time, Active: 1 (Writing: 1 Reading: 0 Waiting: 0) ReqPerSec: 0.002 ConnPerSec: 0.002 ReqPerConn: 1.348
[1551205800] CURRENT SERVICE STATE: webserver1;Sensors Status;OK;HARD;1;SENSORS OK
[1551205800] CURRENT SERVICE STATE: webserver1;Total Processes;OK;HARD;1;PROCS OK: 358 processes
[1551205800] CURRENT SERVICE STATE: webserver2;CPU_Procs;OK;HARD;1;CPU OK: 498 processes
[1551205800] CURRENT SERVICE STATE: webserver2;Current Load;OK;HARD;1;OK - load average: 0.04, 0.04, 0.07
[1551205800] CURRENT SERVICE STATE: webserver2;Current Users;OK;HARD;1;USERS OK - 25 users currently logged in
[1551205800] CURRENT SERVICE STATE: webserver2;HDD_Home status;OK;HARD;1;DISK OK - free space: /home 200324 MB (89.13% inode=100%):
[1551205800] CURRENT SERVICE STATE: webserver2;HTTP;OK;HARD;1;HTTP OK: HTTP/1.1 200 OK - 355 bytes in 0.001 second response time
[1551205800] CURRENT SERVICE STATE: webserver2;LocalService-NTPD SERVICE;OK;HARD;1;PROCS OK: 1 process with command name 'ntpd'
[1551205800] CURRENT SERVICE STATE: webserver2;Memory;OK;HARD;1;OK - 38.1% (9330044 kB) free.
[1551205800] CURRENT SERVICE STATE: webserver2;PING;OK;HARD;1;PING OK - Packet loss = 0%, RTA = 0.08 ms
[1551205800] CURRENT SERVICE STATE: webserver2;Root Partition;OK;HARD;1;DISK OK - free space: / 14417 MB (28.17% inode=99%):
[1551205800] CURRENT SERVICE STATE: webserver2;SSH;OK;HARD;1;SSH OK - OpenSSH_7.4 (protocol 2.0)
[1551205800] CURRENT SERVICE STATE: webserver2;Sensors Status;OK;HARD;1;SENSORS OK
[1551205800] CURRENT SERVICE STATE: webserver2;Total Processes;OK;HARD;1;PROCS OK: 178 processes with STATE = RSZDT
[1551205800] CURRENT SERVICE STATE: webservercluster1;CPU Load;OK;HARD;1;OK - load average: 0.00, 0.01, 0.05
[1551205800] CURRENT SERVICE STATE: webservercluster1;CPU_Procs;OK;HARD;1;CPU OK: 332 processes
[1551205800] CURRENT SERVICE STATE: webservercluster1;Current Users;OK;HARD;1;USERS OK - 2 users currently logged in
[1551205800] CURRENT SERVICE STATE: webservercluster1;HDD_Home status;OK;HARD;1;DISK OK - free space: / 19005 MB (37% inode=99%):
[1551205800] CURRENT SERVICE STATE: webservercluster1;HDD_Root status;OK;HARD;1;DISK OK - free space: /home 202987 MB (90% inode=99%):
[1551205800] CURRENT SERVICE STATE: webservercluster1;LocalService-NTPD SERVICE;OK;HARD;1;PROCS OK: 1 process with command name 'ntpd'
[1551205800] CURRENT SERVICE STATE: webservercluster1;Memory;OK;HARD;1;OK - 83.0% (13489152 kB) free.
[1551205800] CURRENT SERVICE STATE: webservercluster1;Sensors Status;OK;HARD;1;SENSORS OK
[1551205800] CURRENT SERVICE STATE: webservercluster1;Total Processes;OK;HARD;1;PROCS OK: 330 processes
[1551205800] CURRENT SERVICE STATE: webservercluster2;CPU Load;OK;HARD;1;OK - load average: 0.13, 0.11, 0.13
[1551205800] CURRENT SERVICE STATE: webservercluster2;CPU_Procs;OK;HARD;1;CPU OK: 323 processes
[1551205800] CURRENT SERVICE STATE: webservercluster2;Current Users;OK;HARD;1;USERS OK - 2 users currently logged in
[1551205800] CURRENT SERVICE STATE: webservercluster2;HDD_Home status;OK;HARD;1;DISK OK - free space: /home 78477 MB (34% inode=99%):
[1551205800] CURRENT SERVICE STATE: webservercluster2;HDD_Root status;OK;HARD;1;DISK OK - free space: / 40475 MB (79% inode=99%):
[1551205800] CURRENT SERVICE STATE: webservercluster2;LocalService-NTPD SERVICE;OK;HARD;1;PROCS OK: 1 process with command name 'ntpd'
[1551205800] CURRENT SERVICE STATE: webservercluster2;Memory;OK;HARD;1;OK - 75.9% (12332972 kB) free.
[1551205800] CURRENT SERVICE STATE: webservercluster2;Sensors Status;OK;HARD;1;SENSORS OK
[1551205800] CURRENT SERVICE STATE: webservercluster2;Total Processes;OK;HARD;1;PROCS OK: 321 processes
[1551205825] SERVICE NOTIFICATION: nagiosadmin;pservercluster2;HDD_Root status;WARNING;notify-service-by-email;DISK WARNING - free space: / 7613 MB (14% inode=98%):
[1551205850] SERVICE NOTIFICATION: nagiosadmin;qservercluster1;CPU_Procs;CRITICAL;notify-service-by-email;CPU CRITICAL: 1 crit, 0 warn out of 343 processes
[1551205851] SERVICE ALERT: db2;CPU_Procs;CRITICAL;SOFT;2;CPU CRITICAL: 1 crit, 0 warn out of 309 processes
[1551205971] SERVICE ALERT: db2;CPU_Procs;OK;HARD;1;CPU OK: 304 processes
[1551206571] SERVICE ALERT: db2;CPU_Procs;CRITICAL;SOFT;1;CPU CRITICAL: 1 crit, 0 warn out of 305 processes
[1551206662] Auto-save of retention data completed successfully.
[1551206691] SERVICE ALERT: db2;CPU_Procs;OK;HARD;1;CPU OK: 304 processes
[1551206979] SERVICE NOTIFICATION: nagiosadmin;qservercluster1;CPU Load;WARNING;notify-service-by-email;WARNING - load average: 15.20, 14.37, 13.70
[1551207025] SERVICE NOTIFICATION: nagiosadmin;sservercluster2;CPU_Procs;CRITICAL;notify-service-by-email;CPU CRITICAL: 1 crit, 3 warn out of 336 processes
[1551207103] SERVICE NOTIFICATION: nagiosadmin;sig4-vm2;Memory;CRITICAL;notify-service-by-email;CRITICAL - 1.8% (134684 kB) free!
[1551207291] SERVICE ALERT: db2;CPU_Procs;CRITICAL;SOFT;1;CPU CRITICAL: 1 crit, 0 warn out of 301 processes
[1551207411] SERVICE FLAPPING ALERT: db2;CPU_Procs;STOPPED; Service appears to have stopped flapping (4.4% change < 5.0% threshold)
[1551207411] SERVICE ALERT: db2;CPU_Procs;OK;HARD;1;CPU OK: 302 processes
[1551207461] SERVICE NOTIFICATION: nagiosadmin;sservercluster1;CPU_Procs;CRITICAL;notify-service-by-email;CPU CRITICAL: 2 crit, 2 warn out of 322 processes
[1551208012] SERVICE ALERT: db2;CPU_Procs;CRITICAL;SOFT;1;CPU CRITICAL: 1 crit, 0 warn out of 303 processes
[1551208093] SERVICE NOTIFICATION: nagiosadmin;qservercluster2;CPU_Procs;CRITICAL;notify-service-by-email;CPU CRITICAL: 1 crit, 0 warn out of 301 processes
[1551208132] SERVICE ALERT: db2;CPU_Procs;CRITICAL;SOFT;2;CPU CRITICAL: 1 crit, 0 warn out of 303 processes
[1551208252] SERVICE ALERT: db2;CPU_Procs;OK;HARD;1;CPU OK: 304 processes
[1551208520] SERVICE NOTIFICATION: nagiosadmin;pservercluster1;CPU_Procs;CRITICAL;notify-service-by-email;CPU CRITICAL: 3 crit, 2 warn out of 327 processes
[1551208594] SERVICE NOTIFICATION: nagiosadmin;sigqscluster2;CPU_Procs;WARNING;notify-service-by-email;CPU WARNING: 1 warn out of 335 processes
[1551208852] SERVICE ALERT: db2;CPU_Procs;CRITICAL;SOFT;1;CPU CRITICAL: 1 crit, 0 warn out of 304 processes
[1551208972] SERVICE ALERT: db2;CPU_Procs;OK;HARD;1;CPU OK: 300 processes
[1551209425] SERVICE NOTIFICATION: nagiosadmin;pservercluster2;HDD_Root status;WARNING;notify-service-by-email;DISK WARNING - free space: / 7613 MB (14% inode=98%):
[1551209450] SERVICE NOTIFICATION: nagiosadmin;qservercluster1;CPU_Procs;CRITICAL;notify-service-by-email;CPU CRITICAL: 1 crit, 0 warn out of 343 processes
[1551209572] SERVICE ALERT: db2;CPU_Procs;CRITICAL;SOFT;1;CPU CRITICAL: 1 crit, 0 warn out of 302 processes
[1551209692] SERVICE ALERT: db2;CPU_Procs;OK;HARD;1;CPU OK: 301 processes
[1551210262] Auto-save of retention data completed successfully.
[1551210292] SERVICE ALERT: db2;CPU_Procs;CRITICAL;SOFT;1;CPU CRITICAL: 1 crit, 0 warn out of 302 processes
[1551210413] SERVICE ALERT: db2;CPU_Procs;OK;HARD;1;CPU OK: 301 processes
[1551210579] SERVICE NOTIFICATION: nagiosadmin;qservercluster1;CPU Load;WARNING;notify-service-by-email;WARNING - load average: 12.35, 13.08, 13.43
[1551210625] SERVICE NOTIFICATION: nagiosadmin;sservercluster2;CPU_Procs;CRITICAL;notify-service-by-email;CPU CRITICAL: 1 crit, 3 warn out of 336 processes
[1551210703] SERVICE NOTIFICATION: nagiosadmin;sig4-vm2;Memory;CRITICAL;notify-service-by-email;CRITICAL - 1.6% (118848 kB) free!
[1551211012] SERVICE ALERT: db2;CPU_Procs;CRITICAL;SOFT;1;CPU CRITICAL: 1 crit, 0 warn out of 303 processes
[1551211132] SERVICE ALERT: db2;CPU_Procs;OK;HARD;1;CPU OK: 303 processes
[1551211660] SERVICE NOTIFICATION: nagiosadmin;sservercluster1;CPU_Procs;CRITICAL;notify-service-by-email;CPU CRITICAL: 2 crit, 2 warn out of 323 processes
[1551211693] SERVICE NOTIFICATION: nagiosadmin;qservercluster2;CPU_Procs;CRITICAL;notify-service-by-email;CPU CRITICAL: 1 crit, 0 warn out of 301 processes
[1551211732] SERVICE ALERT: db2;CPU_Procs;CRITICAL;SOFT;1;CPU CRITICAL: 1 crit, 0 warn out of 302 processes
[1551211852] SERVICE ALERT: db2;CPU_Procs;OK;HARD;1;CPU OK: 303 processes
[1551212120] SERVICE NOTIFICATION: nagiosadmin;pservercluster1;CPU_Procs;CRITICAL;notify-service-by-email;CPU CRITICAL: 3 crit, 2 warn out of 328 processes
[1551212194] SERVICE NOTIFICATION: nagiosadmin;sigqscluster2;CPU_Procs;WARNING;notify-service-by-email;CPU WARNING: 1 warn out of 335 processes
[1551212452] SERVICE ALERT: db2;CPU_Procs;CRITICAL;SOFT;1;CPU CRITICAL: 1 crit, 0 warn out of 305 processes
[1551212572] SERVICE ALERT: db2;CPU_Procs;OK;HARD;1;CPU OK: 301 processes
[1551213025] SERVICE NOTIFICATION: nagiosadmin;pservercluster2;HDD_Root status;WARNING;notify-service-by-email;DISK WARNING - free space: / 7612 MB (14% inode=98%):
[1551213050] SERVICE NOTIFICATION: nagiosadmin;qservercluster1;CPU_Procs;CRITICAL;notify-service-by-email;CPU CRITICAL: 1 crit, 0 warn out of 342 processes
[1551213172] SERVICE ALERT: db2;CPU_Procs;CRITICAL;SOFT;1;CPU CRITICAL: 1 crit, 0 warn out of 303 processes
[1551213292] SERVICE ALERT: db2;CPU_Procs;OK;HARD;1;CPU OK: 302 processes
[1551213862] Auto-save of retention data completed successfully.
[1551213893] SERVICE ALERT: db2;CPU_Procs;CRITICAL;SOFT;1;CPU CRITICAL: 1 crit, 0 warn out of 302 processes
[1551214013] SERVICE ALERT: db2;CPU_Procs;CRITICAL;SOFT;2;CPU CRITICAL: 1 crit, 0 warn out of 302 processes
[1551214133] SERVICE ALERT: db2;CPU_Procs;OK;HARD;1;CPU OK: 301 processes
[1551214179] SERVICE NOTIFICATION: nagiosadmin;qservercluster1;CPU Load;WARNING;notify-service-by-email;WARNING - load average: 12.07, 12.87, 13.49
[1551214225] SERVICE NOTIFICATION: nagiosadmin;sservercluster2;CPU_Procs;CRITICAL;notify-service-by-email;CPU CRITICAL: 1 crit, 3 warn out of 334 processes
[1551214303] SERVICE NOTIFICATION: nagiosadmin;sig4-vm2;Memory;CRITICAL;notify-service-by-email;CRITICAL - 1.7% (122428 kB) free!
[1551214733] SERVICE ALERT: db2;CPU_Procs;CRITICAL;SOFT;1;CPU CRITICAL: 1 crit, 0 warn out of 305 processes
[1551214853] SERVICE ALERT: db2;CPU_Procs;OK;HARD;1;CPU OK: 307 processes
[1551215260] SERVICE NOTIFICATION: nagiosadmin;sservercluster1;CPU_Procs;CRITICAL;notify-service-by-email;CPU CRITICAL: 2 crit, 2 warn out of 323 processes
[1551215293] SERVICE NOTIFICATION: nagiosadmin;qservercluster2;CPU_Procs;CRITICAL;notify-service-by-email;CPU CRITICAL: 1 crit, 0 warn out of 301 processes
[1551215453] SERVICE ALERT: db2;CPU_Procs;CRITICAL;SOFT;1;CPU CRITICAL: 1 crit, 0 warn out of 305 processes
[1551215573] SERVICE ALERT: db2;CPU_Procs;OK;HARD;1;CPU OK: 301 processes
[1551215720] SERVICE NOTIFICATION: nagiosadmin;pservercluster1;CPU_Procs;CRITICAL;notify-service-by-email;CPU CRITICAL: 3 crit, 2 warn out of 328 processes
[1551215794] SERVICE NOTIFICATION: nagiosadmin;sigqscluster2;CPU_Procs;WARNING;notify-service-by-email;CPU WARNING: 1 warn out of 335 processes
[1551216173] SERVICE ALERT: db2;CPU_Procs;CRITICAL;SOFT;1;CPU CRITICAL: 1 crit, 0 warn out of 303 processes
[1551216294] SERVICE ALERT: db2;CPU_Procs;OK;HARD;1;CPU OK: 302 processes
[1551216625] SERVICE NOTIFICATION: nagiosadmin;pservercluster2;HDD_Root status;WARNING;notify-service-by-email;DISK WARNING - free space: / 7613 MB (14% inode=98%):
[1551216650] SERVICE NOTIFICATION: nagiosadmin;qservercluster1;CPU_Procs;CRITICAL;notify-service-by-email;CPU CRITICAL: 1 crit, 0 warn out of 336 processes
[1551216893] SERVICE ALERT: db2;CPU_Procs;CRITICAL;SOFT;1;CPU CRITICAL: 1 crit, 0 warn out of 303 processes
[1551217013] SERVICE ALERT: db2;CPU_Procs;CRITICAL;SOFT;2;CPU CRITICAL: 1 crit, 0 warn out of 302 processes
[1551217133] SERVICE ALERT: db2;CPU_Procs;OK;HARD;1;CPU OK: 301 processes
[1551217462] Auto-save of retention data completed successfully.
[1551217733] SERVICE ALERT: db2;CPU_Procs;CRITICAL;SOFT;1;CPU CRITICAL: 1 crit, 0 warn out of 304 processes
[1551217779] SERVICE NOTIFICATION: nagiosadmin;qservercluster1;CPU Load;WARNING;notify-service-by-email;WARNING - load average: 13.72, 14.59, 14.03
[1551217825] SERVICE NOTIFICATION: nagiosadmin;sservercluster2;CPU_Procs;CRITICAL;notify-service-by-email;CPU CRITICAL: 1 crit, 3 warn out of 335 processes
[1551217853] SERVICE ALERT: db2;CPU_Procs;OK;HARD;1;CPU OK: 307 processes
[1551217903] SERVICE NOTIFICATION: nagiosadmin;sig4-vm2;Memory;CRITICAL;notify-service-by-email;CRITICAL - 1.6% (115988 kB) free!
[1551218453] SERVICE ALERT: db2;CPU_Procs;CRITICAL;SOFT;1;CPU CRITICAL: 1 crit, 0 warn out of 310 processes
[1551218573] SERVICE ALERT: db2;CPU_Procs;OK;HARD;1;CPU OK: 305 processes
[1551218860] SERVICE NOTIFICATION: nagiosadmin;sservercluster1;CPU_Procs;CRITICAL;notify-service-by-email;CPU CRITICAL: 2 crit, 2 warn out of 324 processes
[1551218893] SERVICE NOTIFICATION: nagiosadmin;qservercluster2;CPU_Procs;CRITICAL;notify-service-by-email;CPU CRITICAL: 1 crit, 0 warn out of 301 processes
[1551218984] SERVICE ALERT: sig2-vm2;Memory;WARNING;SOFT;1;WARNING - 19.3% (1423028 kB) free!
[1551219104] SERVICE ALERT: sig2-vm2;Memory;WARNING;SOFT;2;WARNING - 19.3% (1423052 kB) free!
[1551219174] SERVICE ALERT: db2;CPU_Procs;CRITICAL;SOFT;1;CPU CRITICAL: 1 crit, 0 warn out of 304 processes
[1551219224] SERVICE NOTIFICATION: nagiosadmin;sig2-vm2;Memory;WARNING;notify-service-by-email;WARNING - 19.3% (1422540 kB) free!
[1551219224] SERVICE ALERT: sig2-vm2;Memory;WARNING;HARD;3;WARNING - 19.3% (1422540 kB) free!
[1551219294] SERVICE ALERT: db2;CPU_Procs;CRITICAL;SOFT;2;CPU CRITICAL: 1 crit, 0 warn out of 304 processes
[1551219320] SERVICE NOTIFICATION: nagiosadmin;pservercluster1;CPU_Procs;CRITICAL;notify-service-by-email;CPU CRITICAL: 3 crit, 2 warn out of 328 processes
[1551219394] SERVICE NOTIFICATION: nagiosadmin;sigqscluster2;CPU_Procs;WARNING;notify-service-by-email;CPU WARNING: 1 warn out of 336 processes
[1551219414] SERVICE ALERT: db2;CPU_Procs;OK;HARD;1;CPU OK: 302 processes
[1551220014] SERVICE ALERT: db2;CPU_Procs;CRITICAL;SOFT;1;CPU CRITICAL: 1 crit, 0 warn out of 306 processes
[1551220134] SERVICE ALERT: db2;CPU_Procs;OK;HARD;1;CPU OK: 306 processes
[1551220225] SERVICE NOTIFICATION: nagiosadmin;pservercluster2;HDD_Root status;WARNING;notify-service-by-email;DISK WARNING - free space: / 7612 MB (14% inode=98%):
[1551220250] SERVICE NOTIFICATION: nagiosadmin;qservercluster1;CPU_Procs;CRITICAL;notify-service-by-email;CPU CRITICAL: 1 crit, 0 warn out of 340 processes
[1551220734] SERVICE ALERT: db2;CPU_Procs;CRITICAL;SOFT;1;CPU CRITICAL: 1 crit, 0 warn out of 302 processes
[1551220854] SERVICE ALERT: db2;CPU_Procs;OK;HARD;1;CPU OK: 306 processes
[1551221062] Auto-save of retention data completed successfully.
[1551221380] SERVICE NOTIFICATION: nagiosadmin;qservercluster1;CPU Load;WARNING;notify-service-by-email;WARNING - load average: 13.14, 12.95, 13.04
[1551221425] SERVICE NOTIFICATION: nagiosadmin;sservercluster2;CPU_Procs;CRITICAL;notify-service-by-email;CPU CRITICAL: 1 crit, 3 warn out of 335 processes
[1551221454] SERVICE ALERT: db2;CPU_Procs;CRITICAL;SOFT;1;CPU CRITICAL: 1 crit, 0 warn out of 306 processes
[1551221503] SERVICE NOTIFICATION: nagiosadmin;sig4-vm2;Memory;CRITICAL;notify-service-by-email;CRITICAL - 1.6% (120452 kB) free!
[1551221575] SERVICE ALERT: db2;CPU_Procs;OK;HARD;1;CPU OK: 301 processes
[1551222174] SERVICE ALERT: db2;CPU_Procs;CRITICAL;SOFT;1;CPU CRITICAL: 1 crit, 0 warn out of 304 processes
[1551222294] SERVICE ALERT: db2;CPU_Procs;CRITICAL;SOFT;2;CPU CRITICAL: 1 crit, 0 warn out of 302 processes
[1551222414] SERVICE ALERT: db2;CPU_Procs;OK;HARD;1;CPU OK: 302 processes
[1551222460] SERVICE NOTIFICATION: nagiosadmin;sservercluster1;CPU_Procs;CRITICAL;notify-service-by-email;CPU CRITICAL: 2 crit, 2 warn out of 320 processes
[1551222493] SERVICE NOTIFICATION: nagiosadmin;qservercluster2;CPU_Procs;CRITICAL;notify-service-by-email;CPU CRITICAL: 1 crit, 0 warn out of 301 processes
[1551222824] SERVICE NOTIFICATION: nagiosadmin;sig2-vm2;Memory;WARNING;notify-service-by-email;WARNING - 19.2% (1415464 kB) free!
[1551222921] SERVICE NOTIFICATION: nagiosadmin;pservercluster1;CPU_Procs;CRITICAL;notify-service-by-email;CPU CRITICAL: 3 crit, 2 warn out of 328 processes
[1551222994] SERVICE NOTIFICATION: nagiosadmin;sigqscluster2;CPU_Procs;WARNING;notify-service-by-email;CPU WARNING: 1 warn out of 335 processes
[1551223014] SERVICE ALERT: db2;CPU_Procs;CRITICAL;SOFT;1;CPU CRITICAL: 1 crit, 0 warn out of 304 processes
[1551223134] SERVICE ALERT: db2;CPU_Procs;OK;HARD;1;CPU OK: 303 processes
[1551223734] SERVICE ALERT: db2;CPU_Procs;CRITICAL;SOFT;1;CPU CRITICAL: 1 crit, 0 warn out of 307 processes
[1551223825] SERVICE NOTIFICATION: nagiosadmin;pservercluster2;HDD_Root status;WARNING;notify-service-by-email;DISK WARNING - free space: / 7612 MB (14% inode=98%):
[1551223850] SERVICE NOTIFICATION: nagiosadmin;qservercluster1;CPU_Procs;CRITICAL;notify-service-by-email;CPU CRITICAL: 1 crit, 0 warn out of 342 processes
[1551223854] SERVICE ALERT: db2;CPU_Procs;OK;HARD;1;CPU OK: 307 processes
[1551224454] SERVICE ALERT: db2;CPU_Procs;CRITICAL;SOFT;1;CPU CRITICAL: 1 crit, 0 warn out of 304 processes
[1551224575] SERVICE ALERT: db2;CPU_Procs;OK;HARD;1;CPU OK: 301 processes
[1551224662] Auto-save of retention data completed successfully.
[1551225025] SERVICE NOTIFICATION: nagiosadmin;sservercluster2;CPU_Procs;CRITICAL;notify-service-by-email;CPU CRITICAL: 1 crit, 4 warn out of 334 processes
[1551225103] SERVICE NOTIFICATION: nagiosadmin;sig4-vm2;Memory;CRITICAL;notify-service-by-email;CRITICAL - 1.6% (115236 kB) free!
[1551225174] SERVICE ALERT: db2;CPU_Procs;CRITICAL;SOFT;1;CPU CRITICAL: 1 crit, 0 warn out of 302 processes
[1551225294] SERVICE ALERT: db2;CPU_Procs;CRITICAL;SOFT;2;CPU CRITICAL: 1 crit, 0 warn out of 302 processes
[1551225414] SERVICE ALERT: db2;CPU_Procs;OK;HARD;1;CPU OK: 304 processes
[1551225579] SERVICE NOTIFICATION: nagiosadmin;qservercluster1;CPU Load;WARNING;notify-service-by-email;WARNING - load average: 11.99, 12.30, 12.51
[1551226014] SERVICE ALERT: db2;CPU_Procs;CRITICAL;SOFT;1;CPU CRITICAL: 1 crit, 0 warn out of 302 processes
[1551226060] SERVICE NOTIFICATION: nagiosadmin;sservercluster1;CPU_Procs;CRITICAL;notify-service-by-email;CPU CRITICAL: 2 crit, 2 warn out of 320 processes
[1551226093] SERVICE NOTIFICATION: nagiosadmin;qservercluster2;CPU_Procs;CRITICAL;notify-service-by-email;CPU CRITICAL: 1 crit, 0 warn out of 301 processes
[1551226134] SERVICE ALERT: db2;CPU_Procs;OK;HARD;1;CPU OK: 300 processes
[1551226424] SERVICE NOTIFICATION: nagiosadmin;sig2-vm2;Memory;WARNING;notify-service-by-email;WARNING - 19.2% (1408992 kB) free!
[1551226594] SERVICE NOTIFICATION: nagiosadmin;sigqscluster2;CPU_Procs;WARNING;notify-service-by-email;CPU WARNING: 1 warn out of 334 processes
[1551226734] SERVICE ALERT: db2;CPU_Procs;CRITICAL;SOFT;1;CPU CRITICAL: 1 crit, 0 warn out of 301 processes
[1551226854] SERVICE ALERT: db2;CPU_Procs;OK;HARD;1;CPU OK: 306 processes
[1551227120] SERVICE NOTIFICATION: nagiosadmin;pservercluster1;CPU_Procs;CRITICAL;notify-service-by-email;CPU CRITICAL: 3 crit, 2 warn out of 330 processes
[1551227425] SERVICE NOTIFICATION: nagiosadmin;pservercluster2;HDD_Root status;WARNING;notify-service-by-email;DISK WARNING - free space: / 7612 MB (14% inode=98%):
[1551227450] SERVICE NOTIFICATION: nagiosadmin;qservercluster1;CPU_Procs;CRITICAL;notify-service-by-email;CPU CRITICAL: 1 crit, 0 warn out of 342 processes
[1551227455] SERVICE ALERT: db2;CPU_Procs;CRITICAL;SOFT;1;CPU CRITICAL: 1 crit, 0 warn out of 306 processes
[1551227575] SERVICE ALERT: db2;CPU_Procs;OK;HARD;1;CPU OK: 303 processes
[1551228175] SERVICE ALERT: db2;CPU_Procs;CRITICAL;SOFT;1;CPU CRITICAL: 1 crit, 0 warn out of 301 processes
[1551228262] Auto-save of retention data completed successfully.
[1551228295] SERVICE ALERT: db2;CPU_Procs;CRITICAL;SOFT;2;CPU CRITICAL: 1 crit, 0 warn out of 302 processes
[1551228415] SERVICE ALERT: db2;CPU_Procs;OK;HARD;1;CPU OK: 302 processes
[1551228625] SERVICE NOTIFICATION: nagiosadmin;sservercluster2;CPU_Procs;CRITICAL;notify-service-by-email;CPU CRITICAL: 1 crit, 4 warn out of 336 processes
[1551228703] SERVICE NOTIFICATION: nagiosadmin;sig4-vm2;Memory;CRITICAL;notify-service-by-email;CRITICAL - 1.6% (117956 kB) free!
[1551229015] SERVICE ALERT: db2;CPU_Procs;CRITICAL;SOFT;1;CPU CRITICAL: 1 crit, 0 warn out of 303 processes
[1551229135] SERVICE ALERT: db2;CPU_Procs;OK;HARD;1;CPU OK: 303 processes
[1551229179] SERVICE NOTIFICATION: nagiosadmin;qservercluster1;CPU Load;WARNING;notify-service-by-email;WARNING - load average: 12.38, 12.92, 13.23
[1551229660] SERVICE NOTIFICATION: nagiosadmin;sservercluster1;CPU_Procs;CRITICAL;notify-service-by-email;CPU CRITICAL: 2 crit, 2 warn out of 322 processes
[1551229693] SERVICE NOTIFICATION: nagiosadmin;qservercluster2;CPU_Procs;CRITICAL;notify-service-by-email;CPU CRITICAL: 1 crit, 0 warn out of 302 processes
[1551229735] SERVICE ALERT: db2;CPU_Procs;CRITICAL;SOFT;1;CPU CRITICAL: 1 crit, 0 warn out of 303 processes
[1551229856] SERVICE ALERT: db2;CPU_Procs;OK;HARD;1;CPU OK: 304 processes
[1551230024] SERVICE NOTIFICATION: nagiosadmin;sig2-vm2;Memory;WARNING;notify-service-by-email;WARNING - 19.1% (1402668 kB) free!
[1551230194] SERVICE NOTIFICATION: nagiosadmin;sigqscluster2;CPU_Procs;WARNING;notify-service-by-email;CPU WARNING: 1 warn out of 334 processes
[1551230455] SERVICE ALERT: db2;CPU_Procs;CRITICAL;SOFT;1;CPU CRITICAL: 1 crit, 0 warn out of 308 processes
[1551230575] SERVICE ALERT: db2;CPU_Procs;CRITICAL;SOFT;2;CPU CRITICAL: 1 crit, 0 warn out of 303 processes
[1551230695] SERVICE ALERT: db2;CPU_Procs;OK;HARD;1;CPU OK: 301 processes
[1551230720] SERVICE NOTIFICATION: nagiosadmin;pservercluster1;CPU_Procs;CRITICAL;notify-service-by-email;CPU CRITICAL: 3 crit, 2 warn out of 330 processes
[1551231025] SERVICE NOTIFICATION: nagiosadmin;pservercluster2;HDD_Root status;WARNING;notify-service-by-email;DISK WARNING - free space: / 7612 MB (14% inode=98%):
[1551231050] SERVICE NOTIFICATION: nagiosadmin;qservercluster1;CPU_Procs;CRITICAL;notify-service-by-email;CPU CRITICAL: 1 crit, 0 warn out of 340 processes
[1551231295] SERVICE ALERT: db2;CPU_Procs;CRITICAL;SOFT;1;CPU CRITICAL: 1 crit, 0 warn out of 301 processes
[1551231415] SERVICE ALERT: db2;CPU_Procs;OK;HARD;1;CPU OK: 301 processes
[1551231714] SERVICE ALERT: primary-server;CPU_Procs;WARNING;SOFT;1;CPU WARNING: 1 warn out of 365 processes
[1551231835] SERVICE ALERT: primary-server;CPU_Procs;OK;HARD;1;CPU OK: 350 processes
[1551231862] Auto-save of retention data completed successfully.
[1551232015] SERVICE ALERT: db2;CPU_Procs;CRITICAL;SOFT;1;CPU CRITICAL: 1 crit, 0 warn out of 304 processes
[1551232135] SERVICE ALERT: db2;CPU_Procs;OK;HARD;1;CPU OK: 303 processes
[1551232225] SERVICE NOTIFICATION: nagiosadmin;sservercluster2;CPU_Procs;CRITICAL;notify-service-by-email;CPU CRITICAL: 1 crit, 4 warn out of 335 processes
[1551232303] SERVICE NOTIFICATION: nagiosadmin;sig4-vm2;Memory;CRITICAL;notify-service-by-email;CRITICAL - 1.7% (125412 kB) free!
[1551232434] SERVICE ALERT: primary-server;CPU_Procs;WARNING;SOFT;1;CPU WARNING: 1 warn out of 356 processes
[1551232554] SERVICE ALERT: primary-server;CPU_Procs;OK;HARD;1;CPU OK: 369 processes
[1551232736] SERVICE ALERT: db2;CPU_Procs;CRITICAL;SOFT;1;CPU CRITICAL: 1 crit, 0 warn out of 304 processes
[1551232779] SERVICE NOTIFICATION: nagiosadmin;qservercluster1;CPU Load;WARNING;notify-service-by-email;WARNING - load average: 14.20, 14.43, 14.01
[1551232856] SERVICE ALERT: db2;CPU_Procs;CRITICAL;SOFT;2;CPU CRITICAL: 1 crit, 0 warn out of 307 processes
[1551232976] SERVICE ALERT: db2;CPU_Procs;OK;HARD;1;CPU OK: 304 processes
[1551233260] SERVICE NOTIFICATION: nagiosadmin;sservercluster1;CPU_Procs;CRITICAL;notify-service-by-email;CPU CRITICAL: 1 crit, 3 warn out of 320 processes
[1551233293] SERVICE NOTIFICATION: nagiosadmin;qservercluster2;CPU_Procs;CRITICAL;notify-service-by-email;CPU CRITICAL: 1 crit, 0 warn out of 302 processes
[1551233576] SERVICE ALERT: db2;CPU_Procs;CRITICAL;SOFT;1;CPU CRITICAL: 1 crit, 0 warn out of 303 processes
[1551233624] SERVICE NOTIFICATION: nagiosadmin;sig2-vm2;Memory;WARNING;notify-service-by-email;WARNING - 19.0% (1396072 kB) free!
[1551233696] SERVICE ALERT: db2;CPU_Procs;OK;HARD;1;CPU OK: 302 processes
[1551233754] SERVICE ALERT: primary-server;CPU_Procs;WARNING;SOFT;1;CPU WARNING: 1 warn out of 354 processes
[1551233794] SERVICE NOTIFICATION: nagiosadmin;sigqscluster2;CPU_Procs;WARNING;notify-service-by-email;CPU WARNING: 1 warn out of 334 processes
[1551233874] SERVICE ALERT: primary-server;CPU_Procs;OK;HARD;1;CPU OK: 364 processes
[1551234296] SERVICE ALERT: db2;CPU_Procs;CRITICAL;SOFT;1;CPU CRITICAL: 1 crit, 0 warn out of 301 processes
[1551234320] SERVICE NOTIFICATION: nagiosadmin;pservercluster1;CPU_Procs;CRITICAL;notify-service-by-email;CPU CRITICAL: 3 crit, 2 warn out of 331 processes
[1551234416] SERVICE ALERT: db2;CPU_Procs;OK;HARD;1;CPU OK: 302 processes
[1551234625] SERVICE NOTIFICATION: nagiosadmin;pservercluster2;HDD_Root status;WARNING;notify-service-by-email;DISK WARNING - free space: / 7612 MB (14% inode=98%):
[1551234650] SERVICE NOTIFICATION: nagiosadmin;qservercluster1;CPU_Procs;CRITICAL;notify-service-by-email;CPU CRITICAL: 1 crit, 0 warn out of 337 processes
[1551235016] SERVICE ALERT: db2;CPU_Procs;CRITICAL;SOFT;1;CPU CRITICAL: 1 crit, 0 warn out of 302 processes
[1551235137] SERVICE ALERT: db2;CPU_Procs;OK;HARD;1;CPU OK: 300 processes
[1551235462] Auto-save of retention data completed successfully.
[1551235736] SERVICE ALERT: db2;CPU_Procs;CRITICAL;SOFT;1;CPU CRITICAL: 1 crit, 0 warn out of 302 processes
[1551235825] SERVICE NOTIFICATION: nagiosadmin;sservercluster2;CPU_Procs;CRITICAL;notify-service-by-email;CPU CRITICAL: 1 crit, 4 warn out of 336 processes
[1551235856] SERVICE ALERT: db2;CPU_Procs;OK;HARD;1;CPU OK: 304 processes
[1551235903] SERVICE NOTIFICATION: nagiosadmin;sig4-vm2;Memory;CRITICAL;notify-service-by-email;CRITICAL - 1.6% (120444 kB) free!
[1551236379] SERVICE NOTIFICATION: nagiosadmin;qservercluster1;CPU Load;WARNING;notify-service-by-email;WARNING - load average: 12.66, 12.23, 12.35
[1551236456] SERVICE ALERT: db2;CPU_Procs;CRITICAL;SOFT;1;CPU CRITICAL: 1 crit, 0 warn out of 305 processes
[1551236576] SERVICE ALERT: db2;CPU_Procs;OK;HARD;1;CPU OK: 301 processes
[1551236860] SERVICE NOTIFICATION: nagiosadmin;sservercluster1;CPU_Procs;CRITICAL;notify-service-by-email;CPU CRITICAL: 1 crit, 3 warn out of 323 processes
[1551236893] SERVICE NOTIFICATION: nagiosadmin;qservercluster2;CPU_Procs;CRITICAL;notify-service-by-email;CPU CRITICAL: 1 crit, 0 warn out of 301 processes
[1551237176] SERVICE ALERT: db2;CPU_Procs;CRITICAL;SOFT;1;CPU CRITICAL: 1 crit, 0 warn out of 303 processes
[1551237224] SERVICE NOTIFICATION: nagiosadmin;sig2-vm2;Memory;WARNING;notify-service-by-email;WARNING - 18.9% (1389632 kB) free!
[1551237296] SERVICE ALERT: db2;CPU_Procs;CRITICAL;SOFT;2;CPU CRITICAL: 1 crit, 0 warn out of 304 processes
[1551237394] SERVICE NOTIFICATION: nagiosadmin;sigqscluster2;CPU_Procs;WARNING;notify-service-by-email;CPU WARNING: 1 warn out of 338 processes
[1551237416] SERVICE ALERT: db2;CPU_Procs;OK;HARD;1;CPU OK: 303 processes
[1551237920] SERVICE NOTIFICATION: nagiosadmin;pservercluster1;CPU_Procs;CRITICAL;notify-service-by-email;CPU CRITICAL: 3 crit, 2 warn out of 332 processes
[1551238016] SERVICE ALERT: db2;CPU_Procs;CRITICAL;SOFT;1;CPU CRITICAL: 1 crit, 0 warn out of 301 processes
[1551238137] SERVICE ALERT: db2;CPU_Procs;OK;HARD;1;CPU OK: 302 processes
[1551238225] SERVICE NOTIFICATION: nagiosadmin;pservercluster2;HDD_Root status;WARNING;notify-service-by-email;DISK WARNING - free space: / 7612 MB (14% inode=98%):
[1551238250] SERVICE NOTIFICATION: nagiosadmin;qservercluster1;CPU_Procs;CRITICAL;notify-service-by-email;CPU CRITICAL: 1 crit, 0 warn out of 341 processes
[1551239062] Auto-save of retention data completed successfully.
[1551239336] SERVICE ALERT: db2;CPU_Procs;CRITICAL;SOFT;1;CPU CRITICAL: 1 crit, 0 warn out of 302 processes
[1551239425] SERVICE NOTIFICATION: nagiosadmin;sservercluster2;CPU_Procs;CRITICAL;notify-service-by-email;CPU CRITICAL: 1 crit, 4 warn out of 334 processes
[1551239456] SERVICE ALERT: db2;CPU_Procs;CRITICAL;SOFT;2;CPU CRITICAL: 1 crit, 0 warn out of 305 processes
[1551239503] SERVICE NOTIFICATION: nagiosadmin;sig4-vm2;Memory;CRITICAL;notify-service-by-email;CRITICAL - 1.7% (127768 kB) free!
[1551239576] SERVICE NOTIFICATION: nagiosadmin;db2;CPU_Procs;CRITICAL;notify-service-by-email;CPU CRITICAL: 1 crit, 0 warn out of 302 processes
[1551239576] SERVICE ALERT: db2;CPU_Procs;CRITICAL;HARD;3;CPU CRITICAL: 1 crit, 0 warn out of 302 processes
[1551239979] SERVICE NOTIFICATION: nagiosadmin;qservercluster1;CPU Load;WARNING;notify-service-by-email;WARNING - load average: 13.09, 12.90, 12.86
[1551240460] SERVICE NOTIFICATION: nagiosadmin;sservercluster1;CPU_Procs;CRITICAL;notify-service-by-email;CPU CRITICAL: 1 crit, 3 warn out of 321 processes
[1551240493] SERVICE NOTIFICATION: nagiosadmin;qservercluster2;CPU_Procs;CRITICAL;notify-service-by-email;CPU CRITICAL: 1 crit, 0 warn out of 302 processes
[1551240824] SERVICE NOTIFICATION: nagiosadmin;sig2-vm2;Memory;WARNING;notify-service-by-email;WARNING - 18.8% (1383160 kB) free!
[1551240994] SERVICE NOTIFICATION: nagiosadmin;sigqscluster2;CPU_Procs;WARNING;notify-service-by-email;CPU WARNING: 1 warn out of 333 processes
[1551241376] SERVICE NOTIFICATION: nagiosadmin;db2;CPU_Procs;OK;notify-service-by-email;CPU OK: 301 processes
[1551241376] SERVICE ALERT: db2;CPU_Procs;OK;HARD;1;CPU OK: 301 processes
[1551241520] SERVICE NOTIFICATION: nagiosadmin;pservercluster1;CPU_Procs;CRITICAL;notify-service-by-email;CPU CRITICAL: 3 crit, 2 warn out of 328 processes
[1551241826] SERVICE NOTIFICATION: nagiosadmin;pservercluster2;HDD_Root status;WARNING;notify-service-by-email;DISK WARNING - free space: / 7612 MB (14% inode=98%):
[1551241850] SERVICE NOTIFICATION: nagiosadmin;qservercluster1;CPU_Procs;CRITICAL;notify-service-by-email;CPU CRITICAL: 1 crit, 0 warn out of 338 processes
[1551241977] SERVICE ALERT: db2;CPU_Procs;CRITICAL;SOFT;1;CPU CRITICAL: 1 crit, 0 warn out of 304 processes
[1551242097] SERVICE ALERT: db2;CPU_Procs;CRITICAL;SOFT;2;CPU CRITICAL: 1 crit, 0 warn out of 304 processes
[1551242217] SERVICE NOTIFICATION: nagiosadmin;db2;CPU_Procs;CRITICAL;notify-service-by-email;CPU CRITICAL: 1 crit, 0 warn out of 302 processes
[1551242217] SERVICE ALERT: db2;CPU_Procs;CRITICAL;HARD;3;CPU CRITICAL: 1 crit, 0 warn out of 302 processes
[1551242662] Auto-save of retention data completed successfully.
[1551243025] SERVICE NOTIFICATION: nagiosadmin;sservercluster2;CPU_Procs;CRITICAL;notify-service-by-email;CPU CRITICAL: 1 crit, 4 warn out of 336 processes
[1551243103] SERVICE NOTIFICATION: nagiosadmin;sig4-vm2;Memory;CRITICAL;notify-service-by-email;CRITICAL - 1.7% (122188 kB) free!
[1551243417] SERVICE FLAPPING ALERT: db2;CPU_Procs;STARTED; Service appears to have started flapping (23.6% change >= 20.0% threshold)
[1551243417] SERVICE ALERT: db2;CPU_Procs;OK;HARD;1;CPU OK: 301 processes
[1551243579] SERVICE NOTIFICATION: nagiosadmin;qservercluster1;CPU Load;WARNING;notify-service-by-email;WARNING - load average: 13.77, 13.03, 13.30
[1551244017] SERVICE ALERT: db2;CPU_Procs;CRITICAL;SOFT;1;CPU CRITICAL: 1 crit, 0 warn out of 302 processes
[1551244060] SERVICE NOTIFICATION: nagiosadmin;sservercluster1;CPU_Procs;CRITICAL;notify-service-by-email;CPU CRITICAL: 1 crit, 3 warn out of 320 processes
[1551244093] SERVICE NOTIFICATION: nagiosadmin;qservercluster2;CPU_Procs;CRITICAL;notify-service-by-email;CPU CRITICAL: 1 crit, 0 warn out of 302 processes
[1551244137] SERVICE ALERT: db2;CPU_Procs;CRITICAL;SOFT;2;CPU CRITICAL: 1 crit, 0 warn out of 302 processes
[1551244257] SERVICE ALERT: db2;CPU_Procs;CRITICAL;HARD;3;CPU CRITICAL: 1 crit, 0 warn out of 305 processes
[1551244424] SERVICE NOTIFICATION: nagiosadmin;sig2-vm2;Memory;WARNING;notify-service-by-email;WARNING - 18.7% (1377084 kB) free!
[1551244594] SERVICE NOTIFICATION: nagiosadmin;sigqscluster2;CPU_Procs;WARNING;notify-service-by-email;CPU WARNING: 1 warn out of 333 processes
[1551245121] SERVICE NOTIFICATION: nagiosadmin;pservercluster1;CPU_Procs;CRITICAL;notify-service-by-email;CPU CRITICAL: 3 crit, 2 warn out of 331 processes
[1551245429] SERVICE ALERT: pservercluster1;CPU Load;CRITICAL;SOFT;1;CRITICAL - load average: 256.85, 106.80, 40.45
[1551245450] SERVICE NOTIFICATION: nagiosadmin;qservercluster1;CPU_Procs;CRITICAL;notify-service-by-email;CPU CRITICAL: 1 crit, 0 warn out of 339 processes
[1551245549] SERVICE ALERT: pservercluster1;CPU Load;CRITICAL;SOFT;2;CRITICAL - load average: 280.23, 165.38, 69.96
[1551245669] SERVICE NOTIFICATION: nagiosadmin;pservercluster1;CPU Load;CRITICAL;notify-service-by-email;CRITICAL - load average: 283.36, 204.56, 95.88
[1551245669] SERVICE ALERT: pservercluster1;CPU Load;CRITICAL;HARD;3;CRITICAL - load average: 283.36, 204.56, 95.88
[1551246025] SERVICE NOTIFICATION: nagiosadmin;pservercluster2;HDD_Root status;WARNING;notify-service-by-email;DISK WARNING - free space: / 7612 MB (14% inode=98%):
[1551246057] SERVICE ALERT: db2;CPU_Procs;OK;HARD;1;CPU OK: 304 processes
[1551246262] Auto-save of retention data completed successfully.
[1551246626] SERVICE NOTIFICATION: nagiosadmin;sservercluster2;CPU_Procs;CRITICAL;notify-service-by-email;CPU CRITICAL: 1 crit, 4 warn out of 335 processes
[1551246657] SERVICE ALERT: db2;CPU_Procs;CRITICAL;SOFT;1;CPU CRITICAL: 1 crit, 0 warn out of 305 processes
[1551246703] SERVICE NOTIFICATION: nagiosadmin;sig4-vm2;Memory;CRITICAL;notify-service-by-email;CRITICAL - 1.6% (118716 kB) free!
[1551246777] SERVICE ALERT: db2;CPU_Procs;CRITICAL;SOFT;2;CPU CRITICAL: 1 crit, 0 warn out of 301 processes
[1551246897] SERVICE ALERT: db2;CPU_Procs;CRITICAL;HARD;3;CPU CRITICAL: 1 crit, 0 warn out of 302 processes
[1551247136] SERVICE ALERT: sservercluster2;CPU Load;CRITICAL;SOFT;1;CRITICAL - load average: 220.10, 159.91, 75.25
[1551247179] SERVICE NOTIFICATION: nagiosadmin;qservercluster1;CPU Load;WARNING;notify-service-by-email;WARNING - load average: 14.28, 14.07, 13.31
[1551247200] SERVICE ALERT: sservercluster2;Memory;WARNING;SOFT;1;WARNING - 19.3% (4735044 kB) free!
[1551247256] SERVICE ALERT: sservercluster2;CPU Load;CRITICAL;SOFT;2;CRITICAL - load average: 88.46, 143.10, 80.26
[1551247320] SERVICE ALERT: sservercluster2;Memory;WARNING;SOFT;2;WARNING - 19.3% (4735900 kB) free!
[1551247376] SERVICE NOTIFICATION: nagiosadmin;sservercluster2;CPU Load;CRITICAL;notify-service-by-email;CRITICAL - load average: 12.29, 95.90, 70.59
[1551247376] SERVICE ALERT: sservercluster2;CPU Load;CRITICAL;HARD;3;CRITICAL - load average: 12.29, 95.90, 70.59
[1551247440] SERVICE NOTIFICATION: nagiosadmin;sservercluster2;Memory;WARNING;notify-service-by-email;WARNING - 19.3% (4734136 kB) free!
[1551247440] SERVICE ALERT: sservercluster2;Memory;WARNING;HARD;3;WARNING - 19.3% (4734136 kB) free!
[1551247469] SERVICE NOTIFICATION: nagiosadmin;pservercluster1;CPU Load;WARNING;notify-service-by-email;WARNING - load average: 0.53, 1.43, 16.95
[1551247469] SERVICE ALERT: pservercluster1;CPU Load;WARNING;HARD;3;WARNING - load average: 0.53, 1.43, 16.95
[1551247660] SERVICE NOTIFICATION: nagiosadmin;sservercluster1;CPU_Procs;CRITICAL;notify-service-by-email;CPU CRITICAL: 1 crit, 3 warn out of 321 processes
[1551247693] SERVICE NOTIFICATION: nagiosadmin;qservercluster2;CPU_Procs;CRITICAL;notify-service-by-email;CPU CRITICAL: 1 crit, 0 warn out of 301 processes
[1551248002] EXTERNAL COMMAND: SCHEDULE_FORCED_SVC_CHECK;sig4-vm2;Memory;1551248001
[1551248003] SERVICE NOTIFICATION: nagiosadmin;sig4-vm2;Memory;OK;notify-service-by-email;OK - 93.4% (6872204 kB) free.
[1551248003] SERVICE ALERT: sig4-vm2;Memory;OK;HARD;1;OK - 93.4% (6872204 kB) free.
[1551248015] EXTERNAL COMMAND: SCHEDULE_FORCED_SVC_CHECK;sig4-vm2;Memory;1551248014
[1551248024] SERVICE NOTIFICATION: nagiosadmin;sig2-vm2;Memory;WARNING;notify-service-by-email;WARNING - 18.6% (1370140 kB) free!
[1551248087] EXTERNAL COMMAND: SCHEDULE_FORCED_SVC_CHECK;sig2-vm2;Memory;1551248066
[1551248087] SERVICE NOTIFICATION: nagiosadmin;sig2-vm2;Memory;OK;notify-service-by-email;OK - 91.0% (6688980 kB) free.
[1551248087] SERVICE ALERT: sig2-vm2;Memory;OK;HARD;1;OK - 91.0% (6688980 kB) free.
[1551248092] EXTERNAL COMMAND: SCHEDULE_FORCED_SVC_CHECK;sig2-vm2;Memory;1551248091
[1551248177] EXTERNAL COMMAND: SCHEDULE_FORCED_SVC_CHECK;sservercluster2;Memory;1551248175
[1551248177] SERVICE NOTIFICATION: nagiosadmin;sservercluster2;Memory;OK;notify-service-by-email;OK - 93.7% (22959544 kB) free.
[1551248177] SERVICE ALERT: sservercluster2;Memory;OK;HARD;1;OK - 93.7% (22959544 kB) free.
[1551248182] EXTERNAL COMMAND: SCHEDULE_FORCED_SVC_CHECK;sservercluster2;Memory;1551248180
[1551248194] SERVICE NOTIFICATION: nagiosadmin;sigqscluster2;CPU_Procs;WARNING;notify-service-by-email;CPU WARNING: 1 warn out of 337 processes
[1551248269] SERVICE ALERT: sservercluster2;Current Users;WARNING;SOFT;1;USERS WARNING - 6 users currently logged in
[1551248389] SERVICE ALERT: sservercluster2;Current Users;WARNING;SOFT;2;USERS WARNING - 6 users currently logged in
[1551248509] SERVICE NOTIFICATION: nagiosadmin;sservercluster2;Current Users;WARNING;notify-service-by-email;USERS WARNING - 6 users currently logged in
[1551248509] SERVICE ALERT: sservercluster2;Current Users;WARNING;HARD;3;USERS WARNING - 6 users currently logged in
[1551248576] SERVICE NOTIFICATION: nagiosadmin;sservercluster2;CPU Load;WARNING;notify-service-by-email;WARNING - load average: 0.75, 2.39, 19.87
[1551248576] SERVICE ALERT: sservercluster2;CPU Load;WARNING;HARD;3;WARNING - load average: 0.75, 2.39, 19.87
[1551249050] SERVICE NOTIFICATION: nagiosadmin;qservercluster1;CPU_Procs;CRITICAL;notify-service-by-email;CPU CRITICAL: 1 crit, 0 warn out of 337 processes
[1551249052] SERVICE ALERT: sig2-vm1;Memory;WARNING;SOFT;1;WARNING - 19.8% (1455116 kB) free!
[1551249172] SERVICE ALERT: sig2-vm1;Memory;WARNING;SOFT;2;WARNING - 19.6% (1444104 kB) free!
[1551249269] SERVICE NOTIFICATION: nagiosadmin;pservercluster1;CPU Load;OK;notify-service-by-email;OK - load average: 1.35, 0.87, 3.07
[1551249269] SERVICE ALERT: pservercluster1;CPU Load;OK;HARD;1;OK - load average: 1.35, 0.87, 3.07
[1551249284] EXTERNAL COMMAND: SCHEDULE_FORCED_SVC_CHECK;sig2-vm1;Memory;1551249282
[1551249284] SERVICE ALERT: sig2-vm1;Memory;OK;HARD;1;OK - 94.9% (6982764 kB) free.
[1551249288] EXTERNAL COMMAND: SCHEDULE_FORCED_SVC_CHECK;sig2-vm1;Memory;1551249287
[1551249293] EXTERNAL COMMAND: SCHEDULE_FORCED_SVC_CHECK;sig2-vm1;Memory;1551249292
[1551249320] SERVICE NOTIFICATION: nagiosadmin;pservercluster1;CPU_Procs;CRITICAL;notify-service-by-email;CPU CRITICAL: 2 crit, 3 warn out of 331 processes
[1551249625] SERVICE NOTIFICATION: nagiosadmin;pservercluster2;HDD_Root status;WARNING;notify-service-by-email;DISK WARNING - free space: / 7612 MB (14% inode=98%):
[1551249709] SERVICE NOTIFICATION: nagiosadmin;sservercluster2;Current Users;OK;notify-service-by-email;USERS OK - 5 users currently logged in
[1551249709] SERVICE ALERT: sservercluster2;Current Users;OK;HARD;1;USERS OK - 5 users currently logged in
[1551249862] Auto-save of retention data completed successfully.
[1551250376] SERVICE NOTIFICATION: nagiosadmin;sservercluster2;CPU Load;OK;notify-service-by-email;OK - load average: 0.26, 0.45, 3.30
[1551250376] SERVICE ALERT: sservercluster2;CPU Load;OK;HARD;1;OK - load average: 0.26, 0.45, 3.30
[1551250779] SERVICE NOTIFICATION: nagiosadmin;qservercluster1;CPU Load;WARNING;notify-service-by-email;WARNING - load average: 13.27, 12.27, 12.44
[1551250825] SERVICE NOTIFICATION: nagiosadmin;sservercluster2;CPU_Procs;CRITICAL;notify-service-by-email;CPU CRITICAL: 2 crit, 3 warn out of 341 processes
[1551250961] SERVICE ALERT: db1;Memory;WARNING;SOFT;1;WARNING - 19.6% (9651284 kB) free!
[1551251081] SERVICE ALERT: db1;Memory;OK;HARD;1;OK - 21.8% (10746080 kB) free.
[1551251260] SERVICE NOTIFICATION: nagiosadmin;sservercluster1;CPU_Procs;CRITICAL;notify-service-by-email;CPU CRITICAL: 1 crit, 3 warn out of 322 processes
[1551251293] SERVICE NOTIFICATION: nagiosadmin;qservercluster2;CPU_Procs;CRITICAL;notify-service-by-email;CPU CRITICAL: 1 crit, 0 warn out of 301 processes
[1551251773] SERVICE ALERT: pservercluster2;Memory;WARNING;SOFT;1;WARNING - 19.9% (4876708 kB) free!
[1551251794] SERVICE NOTIFICATION: nagiosadmin;sigqscluster2;CPU_Procs;WARNING;notify-service-by-email;CPU WARNING: 1 warn out of 335 processes
[1551251893] SERVICE ALERT: pservercluster2;Memory;WARNING;SOFT;2;WARNING - 19.9% (4872272 kB) free!
[1551252013] SERVICE NOTIFICATION: nagiosadmin;pservercluster2;Memory;WARNING;notify-service-by-email;WARNING - 19.9% (4867436 kB) free!
[1551252013] SERVICE ALERT: pservercluster2;Memory;WARNING;HARD;3;WARNING - 19.9% (4867436 kB) free!
[1551252650] SERVICE NOTIFICATION: nagiosadmin;qservercluster1;CPU_Procs;CRITICAL;notify-service-by-email;CPU CRITICAL: 1 crit, 0 warn out of 339 processes
[1551252920] SERVICE NOTIFICATION: nagiosadmin;pservercluster1;CPU_Procs;CRITICAL;notify-service-by-email;CPU CRITICAL: 3 crit, 2 warn out of 332 processes
[1551253225] SERVICE NOTIFICATION: nagiosadmin;pservercluster2;HDD_Root status;WARNING;notify-service-by-email;DISK WARNING - free space: / 7612 MB (14% inode=98%):
[1551253462] Auto-save of retention data completed successfully.
[1551253497] SERVICE ALERT: db2;CPU_Procs;OK;HARD;1;CPU OK: 304 processes
[1551254081] SERVICE ALERT: db1;Memory;WARNING;SOFT;1;WARNING - 18.1% (8922880 kB) free!
[1551254098] SERVICE ALERT: db2;CPU_Procs;CRITICAL;SOFT;1;CPU CRITICAL: 1 crit, 0 warn out of 305 processes
[1551254201] SERVICE ALERT: db1;Memory;OK;HARD;1;OK - 20.8% (10245356 kB) free.
[1551254218] SERVICE ALERT: db2;CPU_Procs;CRITICAL;SOFT;2;CPU CRITICAL: 1 crit, 0 warn out of 304 processes
[1551254338] SERVICE ALERT: db2;CPU_Procs;CRITICAL;HARD;3;CPU CRITICAL: 1 crit, 0 warn out of 305 processes
[1551254379] SERVICE NOTIFICATION: nagiosadmin;qservercluster1;CPU Load;WARNING;notify-service-by-email;WARNING - load average: 12.45, 12.36, 12.78
[1551254425] SERVICE NOTIFICATION: nagiosadmin;sservercluster2;CPU_Procs;CRITICAL;notify-service-by-email;CPU CRITICAL: 2 crit, 3 warn out of 339 processes
[1551254860] SERVICE NOTIFICATION: nagiosadmin;sservercluster1;CPU_Procs;CRITICAL;notify-service-by-email;CPU CRITICAL: 1 crit, 3 warn out of 322 processes
[1551254893] SERVICE NOTIFICATION: nagiosadmin;qservercluster2;CPU_Procs;CRITICAL;notify-service-by-email;CPU CRITICAL: 1 crit, 0 warn out of 302 processes
[1551255363] SERVICE ALERT: smscapp1;Memory;WARNING;SOFT;1;WARNING - 19.9% (3240292 kB) free!
[1551255394] SERVICE NOTIFICATION: nagiosadmin;sigqscluster2;CPU_Procs;WARNING;notify-service-by-email;CPU WARNING: 1 warn out of 334 processes
[1551255483] SERVICE ALERT: smscapp1;Memory;WARNING;SOFT;2;WARNING - 19.7% (3199028 kB) free!
[1551255603] SERVICE NOTIFICATION: nagiosadmin;smscapp1;Memory;WARNING;notify-service-by-email;WARNING - 19.4% (3155336 kB) free!
[1551255603] SERVICE ALERT: smscapp1;Memory;WARNING;HARD;3;WARNING - 19.4% (3155336 kB) free!
[1551255613] SERVICE NOTIFICATION: nagiosadmin;pservercluster2;Memory;WARNING;notify-service-by-email;WARNING - 16.6% (4076364 kB) free!
[1551255709] SERVICE ALERT: sservercluster2;Current Users;WARNING;SOFT;1;USERS WARNING - 6 users currently logged in
[1551255829] SERVICE ALERT: sservercluster2;Current Users;WARNING;SOFT;2;USERS WARNING - 6 users currently logged in
[1551255949] SERVICE NOTIFICATION: nagiosadmin;sservercluster2;Current Users;WARNING;notify-service-by-email;USERS WARNING - 6 users currently logged in
[1551255949] SERVICE ALERT: sservercluster2;Current Users;WARNING;HARD;3;USERS WARNING - 6 users currently logged in
[1551256001] SERVICE ALERT: db1;Memory;WARNING;SOFT;1;WARNING - 16.1% (7930552 kB) free!
[1551256121] SERVICE ALERT: db1;Memory;WARNING;SOFT;2;WARNING - 19.3% (9496428 kB) free!
[1551256241] SERVICE ALERT: db1;Memory;OK;HARD;1;OK - 21.5% (10609264 kB) free.
[1551256250] SERVICE NOTIFICATION: nagiosadmin;qservercluster1;CPU_Procs;CRITICAL;notify-service-by-email;CPU CRITICAL: 1 crit, 0 warn out of 336 processes
[1551256521] SERVICE NOTIFICATION: nagiosadmin;pservercluster1;CPU_Procs;CRITICAL;notify-service-by-email;CPU CRITICAL: 3 crit, 2 warn out of 330 processes
[1551256549] SERVICE FLAPPING ALERT: sservercluster2;Current Users;STARTED; Service appears to have started flapping (21.7% change >= 20.0% threshold)
[1551256549] SERVICE ALERT: sservercluster2;Current Users;OK;HARD;1;USERS OK - 5 users currently logged in
[1551256825] SERVICE NOTIFICATION: nagiosadmin;pservercluster2;HDD_Root status;WARNING;notify-service-by-email;DISK WARNING - free space: / 7611 MB (14% inode=98%):
[1551257062] Auto-save of retention data completed successfully.
[1551257979] SERVICE NOTIFICATION: nagiosadmin;qservercluster1;CPU Load;WARNING;notify-service-by-email;WARNING - load average: 12.53, 13.73, 13.38
[1551258026] SERVICE NOTIFICATION: nagiosadmin;sservercluster2;CPU_Procs;CRITICAL;notify-service-by-email;CPU CRITICAL: 2 crit, 3 warn out of 339 processes
[1551258460] SERVICE NOTIFICATION: nagiosadmin;sservercluster1;CPU_Procs;CRITICAL;notify-service-by-email;CPU CRITICAL: 1 crit, 3 warn out of 322 processes
[1551258493] SERVICE NOTIFICATION: nagiosadmin;qservercluster2;CPU_Procs;CRITICAL;notify-service-by-email;CPU CRITICAL: 1 crit, 0 warn out of 301 processes
[1551258994] SERVICE NOTIFICATION: nagiosadmin;sigqscluster2;CPU_Procs;WARNING;notify-service-by-email;CPU WARNING: 1 warn out of 332 processes
[1551259203] SERVICE NOTIFICATION: nagiosadmin;smscapp1;Memory;WARNING;notify-service-by-email;WARNING - 14.6% (2369812 kB) free!
[1551259213] SERVICE NOTIFICATION: nagiosadmin;pservercluster2;Memory;WARNING;notify-service-by-email;WARNING - 16.0% (3921440 kB) free!
[1551259851] SERVICE NOTIFICATION: nagiosadmin;qservercluster1;CPU_Procs;CRITICAL;notify-service-by-email;CPU CRITICAL: 1 crit, 0 warn out of 337 processes
[1551260425] SERVICE NOTIFICATION: nagiosadmin;pservercluster2;HDD_Root status;WARNING;notify-service-by-email;DISK WARNING - free space: / 7599 MB (14% inode=98%):
[1551260662] Auto-save of retention data completed successfully.
[1551260720] SERVICE NOTIFICATION: nagiosadmin;pservercluster1;CPU_Procs;CRITICAL;notify-service-by-email;CPU CRITICAL: 3 crit, 2 warn out of 330 processes
[1551261013] SERVICE NOTIFICATION: nagiosadmin;pservercluster2;Memory;OK;notify-service-by-email;OK - 22.2% (5429760 kB) free.
[1551261013] SERVICE ALERT: pservercluster2;Memory;OK;HARD;1;OK - 22.2% (5429760 kB) free.
[1551261308] EXTERNAL COMMAND: SCHEDULE_FORCED_SVC_CHECK;smscapp1;Memory;1551261306
[1551261308] SERVICE NOTIFICATION: nagiosadmin;smscapp1;Memory;OK;notify-service-by-email;OK - 89.0% (14469636 kB) free.
[1551261308] SERVICE ALERT: smscapp1;Memory;OK;HARD;1;OK - 89.0% (14469636 kB) free.
[1551261312] EXTERNAL COMMAND: SCHEDULE_FORCED_SVC_CHECK;smscapp1;Memory;1551261311
[1551261580] SERVICE NOTIFICATION: nagiosadmin;qservercluster1;CPU Load;WARNING;notify-service-by-email;WARNING - load average: 12.22, 12.56, 12.41
[1551262060] SERVICE NOTIFICATION: nagiosadmin;sservercluster1;CPU_Procs;CRITICAL;notify-service-by-email;CPU CRITICAL: 1 crit, 2 warn out of 322 processes
[1551262065] SERVICE ALERT: smscapp2;Memory;WARNING;SOFT;1;WARNING - 19.9% (3234556 kB) free!
[1551262093] SERVICE NOTIFICATION: nagiosadmin;qservercluster2;CPU_Procs;CRITICAL;notify-service-by-email;CPU CRITICAL: 1 crit, 0 warn out of 301 processes
[1551262138] SERVICE ALERT: db2;CPU_Procs;OK;HARD;1;CPU OK: 303 processes
[1551262185] SERVICE ALERT: smscapp2;Memory;WARNING;SOFT;2;WARNING - 19.9% (3229860 kB) free!
[1551262225] SERVICE NOTIFICATION: nagiosadmin;sservercluster2;CPU_Procs;CRITICAL;notify-service-by-email;CPU CRITICAL: 2 crit, 2 warn out of 336 processes
[1551262305] SERVICE NOTIFICATION: nagiosadmin;smscapp2;Memory;WARNING;notify-service-by-email;WARNING - 19.6% (3184168 kB) free!
[1551262305] SERVICE ALERT: smscapp2;Memory;WARNING;HARD;3;WARNING - 19.6% (3184168 kB) free!
[1551262594] SERVICE NOTIFICATION: nagiosadmin;sigqscluster2;CPU_Procs;WARNING;notify-service-by-email;CPU WARNING: 1 warn out of 334 processes
[1551262738] SERVICE ALERT: db2;CPU_Procs;CRITICAL;SOFT;1;CPU CRITICAL: 1 crit, 0 warn out of 304 processes
[1551262859] SERVICE ALERT: db2;CPU_Procs;CRITICAL;SOFT;2;CPU CRITICAL: 1 crit, 0 warn out of 308 processes
[1551262979] SERVICE ALERT: db2;CPU_Procs;CRITICAL;HARD;3;CPU CRITICAL: 1 crit, 0 warn out of 305 processes
[1551263413] SERVICE ALERT: pservercluster2;Memory;WARNING;SOFT;1;WARNING - 19.5% (4771828 kB) free!
[1551263533] SERVICE ALERT: pservercluster2;Memory;WARNING;SOFT;2;WARNING - 19.4% (4754660 kB) free!
[1551263628] EXTERNAL COMMAND: SCHEDULE_FORCED_SVC_CHECK;pservercluster2;Memory;1551263626
[1551263628] SERVICE ALERT: pservercluster2;Memory;OK;HARD;1;OK - 93.2% (22850752 kB) free.
[1551263633] EXTERNAL COMMAND: SCHEDULE_FORCED_SVC_CHECK;pservercluster2;Memory;1551263632
[1551263674] EXTERNAL COMMAND: SCHEDULE_FORCED_SVC_CHECK;smscapp2;Memory;1551263673
[1551263674] SERVICE NOTIFICATION: nagiosadmin;smscapp2;Memory;OK;notify-service-by-email;OK - 90.8% (14765476 kB) free.
[1551263674] SERVICE ALERT: smscapp2;Memory;OK;HARD;1;OK - 90.8% (14765476 kB) free.
[1551263678] EXTERNAL COMMAND: SCHEDULE_FORCED_SVC_CHECK;smscapp2;Memory;1551263677
[1551263683] EXTERNAL COMMAND: SCHEDULE_FORCED_SVC_CHECK;smscapp2;Memory;1551263682
[1551264025] SERVICE NOTIFICATION: nagiosadmin;pservercluster2;HDD_Root status;WARNING;notify-service-by-email;DISK WARNING - free space: / 7599 MB (14% inode=98%):
[1551264050] SERVICE NOTIFICATION: nagiosadmin;qservercluster1;CPU_Procs;CRITICAL;notify-service-by-email;CPU CRITICAL: 1 crit, 0 warn out of 339 processes
[1551264262] Auto-save of retention data completed successfully.
[1551264320] SERVICE NOTIFICATION: nagiosadmin;pservercluster1;CPU_Procs;CRITICAL;notify-service-by-email;CPU CRITICAL: 3 crit, 2 warn out of 330 processes
[1551265379] SERVICE ALERT: db2;CPU_Procs;OK;HARD;1;CPU OK: 308 processes
[1551265660] SERVICE NOTIFICATION: nagiosadmin;sservercluster1;CPU_Procs;CRITICAL;notify-service-by-email;CPU CRITICAL: 1 crit, 3 warn out of 323 processes
[1551265693] SERVICE NOTIFICATION: nagiosadmin;qservercluster2;CPU_Procs;CRITICAL;notify-service-by-email;CPU CRITICAL: 1 crit, 0 warn out of 301 processes
[1551265779] SERVICE NOTIFICATION: nagiosadmin;qservercluster1;CPU Load;WARNING;notify-service-by-email;WARNING - load average: 13.49, 11.59, 11.79
[1551265825] SERVICE NOTIFICATION: nagiosadmin;sservercluster2;CPU_Procs;CRITICAL;notify-service-by-email;CPU CRITICAL: 2 crit, 3 warn out of 339 processes
[1551265979] SERVICE ALERT: db2;CPU_Procs;CRITICAL;SOFT;1;CPU CRITICAL: 1 crit, 0 warn out of 306 processes
[1551266099] SERVICE ALERT: db2;CPU_Procs;CRITICAL;SOFT;2;CPU CRITICAL: 1 crit, 0 warn out of 306 processes
[1551266195] SERVICE NOTIFICATION: nagiosadmin;sigqscluster2;CPU_Procs;WARNING;notify-service-by-email;CPU WARNING: 1 warn out of 334 processes
[1551266219] SERVICE ALERT: db2;CPU_Procs;CRITICAL;HARD;3;CPU CRITICAL: 1 crit, 0 warn out of 304 processes
[1551267041] SERVICE ALERT: db1;Memory;WARNING;SOFT;1;WARNING - 18.8% (9254596 kB) free!
[1551267161] SERVICE ALERT: db1;Memory;OK;HARD;1;OK - 22.1% (10881264 kB) free.
[1551267625] SERVICE NOTIFICATION: nagiosadmin;pservercluster2;HDD_Root status;WARNING;notify-service-by-email;DISK WARNING - free space: / 7599 MB (14% inode=98%):
[1551267650] SERVICE NOTIFICATION: nagiosadmin;qservercluster1;CPU_Procs;CRITICAL;notify-service-by-email;CPU CRITICAL: 1 crit, 0 warn out of 338 processes
[1551267862] Auto-save of retention data completed successfully.
[1551267921] SERVICE NOTIFICATION: nagiosadmin;pservercluster1;CPU_Procs;CRITICAL;notify-service-by-email;CPU CRITICAL: 3 crit, 2 warn out of 330 processes
[1551267949] SERVICE FLAPPING ALERT: sservercluster2;Current Users;STOPPED; Service appears to have stopped flapping (3.8% change < 5.0% threshold)
[1551268019] SERVICE ALERT: db2;CPU_Procs;OK;HARD;1;CPU OK: 303 processes
[1551268361] SERVICE ALERT: db1;Memory;WARNING;SOFT;1;WARNING - 18.6% (9150532 kB) free!
[1551268481] SERVICE ALERT: db1;Memory;OK;HARD;1;OK - 22.4% (11019600 kB) free.
[1551268619] SERVICE ALERT: db2;CPU_Procs;CRITICAL;SOFT;1;CPU CRITICAL: 1 crit, 0 warn out of 304 processes
[1551268739] SERVICE ALERT: db2;CPU_Procs;CRITICAL;SOFT;2;CPU CRITICAL: 1 crit, 0 warn out of 306 processes
[1551268859] SERVICE ALERT: db2;CPU_Procs;CRITICAL;HARD;3;CPU CRITICAL: 1 crit, 0 warn out of 310 processes
[1551269260] SERVICE NOTIFICATION: nagiosadmin;sservercluster1;CPU_Procs;CRITICAL;notify-service-by-email;CPU CRITICAL: 1 crit, 3 warn out of 323 processes
[1551269293] SERVICE NOTIFICATION: nagiosadmin;qservercluster2;CPU_Procs;CRITICAL;notify-service-by-email;CPU CRITICAL: 1 crit, 0 warn out of 302 processes
[1551269379] SERVICE NOTIFICATION: nagiosadmin;qservercluster1;CPU Load;WARNING;notify-service-by-email;WARNING - load average: 11.50, 11.80, 12.18
[1551269425] SERVICE NOTIFICATION: nagiosadmin;sservercluster2;CPU_Procs;CRITICAL;notify-service-by-email;CPU CRITICAL: 2 crit, 3 warn out of 337 processes
[1551270394] SERVICE NOTIFICATION: nagiosadmin;sigqscluster2;CPU_Procs;WARNING;notify-service-by-email;CPU WARNING: 1 warn out of 337 processes
[1551271225] SERVICE NOTIFICATION: nagiosadmin;pservercluster2;HDD_Root status;WARNING;notify-service-by-email;DISK WARNING - free space: / 7599 MB (14% inode=98%):
[1551271250] SERVICE NOTIFICATION: nagiosadmin;qservercluster1;CPU_Procs;CRITICAL;notify-service-by-email;CPU CRITICAL: 1 crit, 0 warn out of 338 processes
[1551271462] Auto-save of retention data completed successfully.
[1551271859] SERVICE ALERT: db2;CPU_Procs;OK;HARD;1;CPU OK: 305 processes
[1551272120] SERVICE NOTIFICATION: nagiosadmin;pservercluster1;CPU_Procs;CRITICAL;notify-service-by-email;CPU CRITICAL: 3 crit, 2 warn out of 333 processes
[1551272459] SERVICE ALERT: db2;CPU_Procs;CRITICAL;SOFT;1;CPU CRITICAL: 1 crit, 0 warn out of 308 processes
[1551272579] SERVICE ALERT: db2;CPU_Procs;CRITICAL;SOFT;2;CPU CRITICAL: 1 crit, 0 warn out of 305 processes
[1551272699] SERVICE ALERT: db2;CPU_Procs;CRITICAL;HARD;3;CPU CRITICAL: 1 crit, 0 warn out of 305 processes
[1551272860] SERVICE NOTIFICATION: nagiosadmin;sservercluster1;CPU_Procs;CRITICAL;notify-service-by-email;CPU CRITICAL: 2 crit, 2 warn out of 322 processes
[1551272894] SERVICE NOTIFICATION: nagiosadmin;qservercluster2;CPU_Procs;CRITICAL;notify-service-by-email;CPU CRITICAL: 1 crit, 0 warn out of 301 processes
[1551272979] SERVICE NOTIFICATION: nagiosadmin;qservercluster1;CPU Load;WARNING;notify-service-by-email;WARNING - load average: 12.82, 13.58, 13.29
[1551273025] SERVICE NOTIFICATION: nagiosadmin;sservercluster2;CPU_Procs;CRITICAL;notify-service-by-email;CPU CRITICAL: 2 crit, 3 warn out of 336 processes
[1551273881] SERVICE ALERT: db1;Memory;WARNING;SOFT;1;WARNING - 17.0% (8361620 kB) free!
[1551273949] SERVICE ALERT: sservercluster2;Current Users;WARNING;SOFT;1;USERS WARNING - 6 users currently logged in
[1551273994] SERVICE NOTIFICATION: nagiosadmin;sigqscluster2;CPU_Procs;WARNING;notify-service-by-email;CPU WARNING: 1 warn out of 339 processes
[1551274001] SERVICE ALERT: db1;Memory;OK;HARD;1;OK - 21.1% (10380120 kB) free.
[1551274069] SERVICE ALERT: sservercluster2;Current Users;WARNING;SOFT;2;USERS WARNING - 6 users currently logged in
[1551274189] SERVICE ALERT: sservercluster2;Current Users;OK;HARD;1;USERS OK - 5 users currently logged in
[1551274825] SERVICE NOTIFICATION: nagiosadmin;pservercluster2;HDD_Root status;WARNING;notify-service-by-email;DISK WARNING - free space: / 7599 MB (14% inode=98%):
[1551274850] SERVICE NOTIFICATION: nagiosadmin;qservercluster1;CPU_Procs;CRITICAL;notify-service-by-email;CPU CRITICAL: 1 crit, 0 warn out of 336 processes
[1551275062] Auto-save of retention data completed successfully.
[1551275100] SERVICE ALERT: db2;CPU_Procs;OK;HARD;1;CPU OK: 305 processes
[1551275700] SERVICE ALERT: db2;CPU_Procs;CRITICAL;SOFT;1;CPU CRITICAL: 1 crit, 0 warn out of 305 processes
[1551275720] SERVICE NOTIFICATION: nagiosadmin;pservercluster1;CPU_Procs;CRITICAL;notify-service-by-email;CPU CRITICAL: 3 crit, 2 warn out of 333 processes
[1551275820] SERVICE ALERT: db2;CPU_Procs;CRITICAL;SOFT;2;CPU CRITICAL: 1 crit, 0 warn out of 306 processes
[1551275940] SERVICE ALERT: db2;CPU_Procs;CRITICAL;HARD;3;CPU CRITICAL: 1 crit, 0 warn out of 306 processes
[1551276401] SERVICE ALERT: db1;Memory;WARNING;SOFT;1;WARNING - 16.2% (7997968 kB) free!
[1551276460] SERVICE NOTIFICATION: nagiosadmin;sservercluster1;CPU_Procs;CRITICAL;notify-service-by-email;CPU CRITICAL: 2 crit, 2 warn out of 319 processes
[1551276521] SERVICE ALERT: db1;Memory;OK;HARD;1;OK - 20.6% (10170868 kB) free.
[1551276538] SERVICE ALERT: db2;HDD_Home status;WARNING;SOFT;1;DISK WARNING - free space: /home 46995 MB (20% inode=99%):
[1551276579] SERVICE NOTIFICATION: nagiosadmin;qservercluster1;CPU Load;WARNING;notify-service-by-email;WARNING - load average: 12.43, 12.32, 12.55
[1551276625] SERVICE NOTIFICATION: nagiosadmin;sservercluster2;CPU_Procs;CRITICAL;notify-service-by-email;CPU CRITICAL: 2 crit, 3 warn out of 335 processes
[1551276658] SERVICE ALERT: db2;HDD_Home status;WARNING;SOFT;2;DISK WARNING - free space: /home 46995 MB (20% inode=99%):
[1551276778] SERVICE ALERT: db2;HDD_Home status;OK;HARD;1;DISK OK - free space: /home 54160 MB (24% inode=99%):
[1551277093] SERVICE NOTIFICATION: nagiosadmin;qservercluster2;CPU_Procs;CRITICAL;notify-service-by-email;CPU CRITICAL: 1 crit, 0 warn out of 302 processes
[1551277595] SERVICE NOTIFICATION: nagiosadmin;sigqscluster2;CPU_Procs;WARNING;notify-service-by-email;CPU WARNING: 1 warn out of 340 processes
[1551277721] SERVICE ALERT: db1;Memory;WARNING;SOFT;1;WARNING - 15.8% (7762236 kB) free!
[1551277841] SERVICE ALERT: db1;Memory;OK;HARD;1;OK - 20.2% (9936044 kB) free.
[1551278425] SERVICE NOTIFICATION: nagiosadmin;pservercluster2;HDD_Root status;WARNING;notify-service-by-email;DISK WARNING - free space: / 7599 MB (14% inode=98%):
[1551278451] SERVICE NOTIFICATION: nagiosadmin;qservercluster1;CPU_Procs;CRITICAL;notify-service-by-email;CPU CRITICAL: 1 crit, 0 warn out of 338 processes
[1551278662] Auto-save of retention data completed successfully.
[1551279178] SERVICE ALERT: db2;HDD_Home status;WARNING;SOFT;1;DISK WARNING - free space: /home 46966 MB (20% inode=99%):
[1551279298] SERVICE ALERT: db2;HDD_Home status;WARNING;SOFT;2;DISK WARNING - free space: /home 46902 MB (20% inode=99%):
[1551279321] SERVICE NOTIFICATION: nagiosadmin;pservercluster1;CPU_Procs;CRITICAL;notify-service-by-email;CPU CRITICAL: 3 crit, 2 warn out of 329 processes
[1551279418] SERVICE ALERT: db2;HDD_Home status;OK;HARD;1;DISK OK - free space: /home 54581 MB (24% inode=99%):
[1551280060] SERVICE NOTIFICATION: nagiosadmin;sservercluster1;CPU_Procs;CRITICAL;notify-service-by-email;CPU CRITICAL: 2 crit, 2 warn out of 319 processes
[1551280179] SERVICE NOTIFICATION: nagiosadmin;qservercluster1;CPU Load;WARNING;notify-service-by-email;WARNING - load average: 13.17, 12.53, 12.39
[1551280225] SERVICE NOTIFICATION: nagiosadmin;sservercluster2;CPU_Procs;CRITICAL;notify-service-by-email;CPU CRITICAL: 1 crit, 3 warn out of 370 processes
[1551280241] SERVICE ALERT: db1;Memory;WARNING;SOFT;1;WARNING - 14.8% (7287684 kB) free!
[1551280361] SERVICE ALERT: db1;Memory;WARNING;SOFT;2;WARNING - 19.3% (9527592 kB) free!
[1551280481] SERVICE ALERT: db1;Memory;OK;HARD;1;OK - 21.1% (10405724 kB) free.
[1551280693] SERVICE NOTIFICATION: nagiosadmin;qservercluster2;CPU_Procs;CRITICAL;notify-service-by-email;CPU CRITICAL: 1 crit, 0 warn out of 301 processes
[1551281081] SERVICE ALERT: db1;Memory;WARNING;SOFT;1;WARNING - 14.7% (7247272 kB) free!
[1551281201] SERVICE ALERT: db1;Memory;WARNING;SOFT;2;WARNING - 19.2% (9438940 kB) free!
[1551281321] SERVICE ALERT: db1;Memory;OK;HARD;1;OK - 21.0% (10369300 kB) free.
[1551281794] SERVICE NOTIFICATION: nagiosadmin;sigqscluster2;CPU_Procs;WARNING;notify-service-by-email;CPU WARNING: 1 warn out of 336 processes
[1551281921] SERVICE ALERT: db1;Memory;WARNING;SOFT;1;WARNING - 15.5% (7634356 kB) free!
[1551282025] SERVICE NOTIFICATION: nagiosadmin;pservercluster2;HDD_Root status;WARNING;notify-service-by-email;DISK WARNING - free space: / 7599 MB (14% inode=98%):
[1551282041] SERVICE ALERT: db1;Memory;WARNING;SOFT;2;WARNING - 19.8% (9779848 kB) free!
[1551282161] SERVICE NOTIFICATION: nagiosadmin;db1;Memory;WARNING;notify-service-by-email;WARNING - 14.0% (6887268 kB) free!
[1551282161] SERVICE ALERT: db1;Memory;WARNING;HARD;3;WARNING - 14.0% (6887268 kB) free!
[1551282262] Auto-save of retention data completed successfully.
[1551282418] SERVICE ALERT: db2;HDD_Home status;WARNING;SOFT;1;DISK WARNING - free space: /home 46691 MB (20% inode=99%):
[1551282538] SERVICE ALERT: db2;HDD_Home status;OK;HARD;1;DISK OK - free space: /home 54882 MB (24% inode=99%):
[1551282540] SERVICE ALERT: db2;CPU_Procs;OK;HARD;1;CPU OK: 302 processes
[1551282650] SERVICE NOTIFICATION: nagiosadmin;qservercluster1;CPU_Procs;CRITICAL;notify-service-by-email;CPU CRITICAL: 1 crit, 0 warn out of 339 processes
[1551283140] SERVICE ALERT: db2;CPU_Procs;CRITICAL;SOFT;1;CPU CRITICAL: 1 crit, 0 warn out of 302 processes
[1551283260] SERVICE ALERT: db2;CPU_Procs;CRITICAL;SOFT;2;CPU CRITICAL: 1 crit, 0 warn out of 305 processes
[1551283381] SERVICE ALERT: db2;CPU_Procs;CRITICAL;HARD;3;CPU CRITICAL: 1 crit, 0 warn out of 303 processes
[1551283520] SERVICE NOTIFICATION: nagiosadmin;pservercluster1;CPU_Procs;CRITICAL;notify-service-by-email;CPU CRITICAL: 3 crit, 2 warn out of 327 processes
[1551283660] SERVICE NOTIFICATION: nagiosadmin;sservercluster1;CPU_Procs;CRITICAL;notify-service-by-email;CPU CRITICAL: 1 crit, 3 warn out of 318 processes
[1551283779] SERVICE NOTIFICATION: nagiosadmin;qservercluster1;CPU Load;WARNING;notify-service-by-email;WARNING - load average: 11.95, 12.85, 13.31
[1551283825] SERVICE NOTIFICATION: nagiosadmin;sservercluster2;CPU_Procs;CRITICAL;notify-service-by-email;CPU CRITICAL: 1 crit, 4 warn out of 334 processes
[1551284293] SERVICE NOTIFICATION: nagiosadmin;qservercluster2;CPU_Procs;CRITICAL;notify-service-by-email;CPU CRITICAL: 1 crit, 0 warn out of 302 processes
[1551284562] SERVICE NOTIFICATION: nagiosadmin;db1;Memory;OK;notify-service-by-email;OK - 20.6% (10132664 kB) free.
[1551284562] SERVICE ALERT: db1;Memory;OK;HARD;1;OK - 20.6% (10132664 kB) free.
[1551285394] SERVICE NOTIFICATION: nagiosadmin;sigqscluster2;CPU_Procs;WARNING;notify-service-by-email;CPU WARNING: 1 warn out of 336 processes
[1551285625] SERVICE NOTIFICATION: nagiosadmin;pservercluster2;HDD_Root status;WARNING;notify-service-by-email;DISK WARNING - free space: / 7599 MB (14% inode=98%):
[1551285862] Auto-save of retention data completed successfully.
[1551286250] SERVICE NOTIFICATION: nagiosadmin;qservercluster1;CPU_Procs;CRITICAL;notify-service-by-email;CPU CRITICAL: 1 crit, 0 warn out of 338 processes
[1551286962] SERVICE ALERT: db1;Memory;WARNING;SOFT;1;WARNING - 14.3% (7042944 kB) free!
[1551287082] SERVICE ALERT: db1;Memory;WARNING;SOFT;2;WARNING - 18.5% (9099732 kB) free!
[1551287120] SERVICE NOTIFICATION: nagiosadmin;pservercluster1;CPU_Procs;CRITICAL;notify-service-by-email;CPU CRITICAL: 3 crit, 2 warn out of 328 processes
[1551287202] SERVICE ALERT: db1;Memory;OK;HARD;1;OK - 20.8% (10231716 kB) free.
[1551287260] SERVICE NOTIFICATION: nagiosadmin;sservercluster1;CPU_Procs;CRITICAL;notify-service-by-email;CPU CRITICAL: 1 crit, 3 warn out of 320 processes
[1551287379] SERVICE NOTIFICATION: nagiosadmin;qservercluster1;CPU Load;WARNING;notify-service-by-email;WARNING - load average: 15.42, 14.61, 13.79
[1551287425] SERVICE NOTIFICATION: nagiosadmin;sservercluster2;CPU_Procs;CRITICAL;notify-service-by-email;CPU CRITICAL: 1 crit, 4 warn out of 334 processes
[1551287848] SERVICE ALERT: sig2-vm2;Current Users;WARNING;SOFT;1;USERS WARNING - 6 users currently logged in
[1551287893] SERVICE NOTIFICATION: nagiosadmin;qservercluster2;CPU_Procs;CRITICAL;notify-service-by-email;CPU CRITICAL: 1 crit, 0 warn out of 302 processes
[1551287968] SERVICE ALERT: sig2-vm2;Current Users;WARNING;SOFT;2;USERS WARNING - 6 users currently logged in
[1551288088] SERVICE NOTIFICATION: nagiosadmin;sig2-vm2;Current Users;WARNING;notify-service-by-email;USERS WARNING - 6 users currently logged in
[1551288088] SERVICE ALERT: sig2-vm2;Current Users;WARNING;HARD;3;USERS WARNING - 6 users currently logged in
[1551288994] SERVICE NOTIFICATION: nagiosadmin;sigqscluster2;CPU_Procs;WARNING;notify-service-by-email;CPU WARNING: 1 warn out of 337 processes
[1551289002] SERVICE ALERT: db1;Memory;WARNING;SOFT;1;WARNING - 13.9% (6861844 kB) free!
[1551289122] SERVICE ALERT: db1;Memory;WARNING;SOFT;2;WARNING - 17.9% (8841312 kB) free!
[1551289225] SERVICE NOTIFICATION: nagiosadmin;pservercluster2;HDD_Root status;WARNING;notify-service-by-email;DISK WARNING - free space: / 7598 MB (14% inode=98%):
[1551289242] SERVICE ALERT: db1;Memory;OK;HARD;1;OK - 20.8% (10230820 kB) free.
[1551289462] Auto-save of retention data completed successfully.
[1551289851] SERVICE NOTIFICATION: nagiosadmin;qservercluster1;CPU_Procs;CRITICAL;notify-service-by-email;CPU CRITICAL: 1 crit, 0 warn out of 338 processes
[1551290195] SERVICE NOTIFICATION: nagiosadmin;sigqscluster2;CPU_Procs;OK;notify-service-by-email;CPU OK: 339 processes
[1551290195] SERVICE ALERT: sigqscluster2;CPU_Procs;OK;HARD;1;CPU OK: 339 processes
[1551290721] SERVICE NOTIFICATION: nagiosadmin;pservercluster1;CPU_Procs;CRITICAL;notify-service-by-email;CPU CRITICAL: 3 crit, 2 warn out of 328 processes
[1551290742] SERVICE ALERT: webserver2;Current Users;WARNING;SOFT;1;USERS WARNING - 62 users currently logged in
[1551290802] SERVICE ALERT: webserver2;Current Users;WARNING;SOFT;2;USERS WARNING - 62 users currently logged in
[1551290860] SERVICE NOTIFICATION: nagiosadmin;sservercluster1;CPU_Procs;CRITICAL;notify-service-by-email;CPU CRITICAL: 2 crit, 2 warn out of 322 processes
[1551290862] SERVICE ALERT: webserver2;Current Users;WARNING;SOFT;3;USERS WARNING - 63 users currently logged in
[1551290922] SERVICE NOTIFICATION: nagiosadmin;webserver2;Current Users;WARNING;notify-service-by-email;USERS WARNING - 64 users currently logged in
[1551290922] SERVICE ALERT: webserver2;Current Users;WARNING;HARD;4;USERS WARNING - 64 users currently logged in
[1551290979] SERVICE NOTIFICATION: nagiosadmin;qservercluster1;CPU Load;WARNING;notify-service-by-email;WARNING - load average: 14.19, 13.03, 12.96
[1551291025] SERVICE NOTIFICATION: nagiosadmin;sservercluster2;CPU_Procs;CRITICAL;notify-service-by-email;CPU CRITICAL: 2 crit, 3 warn out of 334 processes
[1551291042] SERVICE ALERT: db1;Memory;WARNING;SOFT;1;WARNING - 14.7% (7243324 kB) free!
[1551291162] SERVICE ALERT: db1;Memory;OK;HARD;1;OK - 20.6% (10146680 kB) free.
[1551291395] SERVICE ALERT: sigqscluster2;CPU_Procs;WARNING;SOFT;1;CPU WARNING: 1 warn out of 337 processes
[1551291493] SERVICE NOTIFICATION: nagiosadmin;qservercluster2;CPU_Procs;CRITICAL;notify-service-by-email;CPU CRITICAL: 1 crit, 0 warn out of 301 processes
[1551291515] SERVICE ALERT: sigqscluster2;CPU_Procs;CRITICAL;SOFT;2;CPU CRITICAL: 1 crit, 0 warn out of 336 processes
[1551291635] SERVICE NOTIFICATION: nagiosadmin;sigqscluster2;CPU_Procs;CRITICAL;notify-service-by-email;CPU CRITICAL: 1 crit, 0 warn out of 338 processes
[1551291635] SERVICE ALERT: sigqscluster2;CPU_Procs;CRITICAL;HARD;3;CPU CRITICAL: 1 crit, 0 warn out of 338 processes
[1551291688] SERVICE NOTIFICATION: nagiosadmin;sig2-vm2;Current Users;WARNING;notify-service-by-email;USERS WARNING - 6 users currently logged in
[1551291762] SERVICE ALERT: db1;Memory;WARNING;SOFT;1;WARNING - 16.3% (8051628 kB) free!
[1551291882] SERVICE ALERT: db1;Memory;OK;HARD;1;OK - 20.7% (10224096 kB) free.
[1551292122] SERVICE NOTIFICATION: nagiosadmin;webserver2;Current Users;OK;notify-service-by-email;USERS OK - 58 users currently logged in
[1551292122] SERVICE ALERT: webserver2;Current Users;OK;HARD;1;USERS OK - 58 users currently logged in
