[1542393000] LOG ROTATION: DAILY
[1542393000] LOG VERSION: 2.0
[1542393000] CURRENT HOST STATE: localhost;UP;HARD;1;PING OK - Packet loss = 0%, RTA = 0.08 ms
[1542393000] CURRENT HOST STATE: prinary-server;UP;HARD;1;PING OK - Packet loss = 0%, RTA = 0.47 ms
[1542393000] CURRENT HOST STATE: pservercluster1;UP;HARD;1;PING OK - Packet loss = 0%, RTA = 0.35 ms
[1542393000] CURRENT HOST STATE: pservercluster2;UP;HARD;1;PING OK - Packet loss = 0%, RTA = 0.47 ms
[1542393000] CURRENT HOST STATE: secondary-server;UP;HARD;1;PING OK - Packet loss = 0%, RTA = 0.46 ms
[1542393000] CURRENT HOST STATE: smscapp2;UP;HARD;1;PING OK - Packet loss = 0%, RTA = 0.43 ms
[1542393000] CURRENT HOST STATE: sservercluster1;UP;HARD;1;PING OK - Packet loss = 0%, RTA = 0.37 ms
[1542393000] CURRENT HOST STATE: webserver1;UP;HARD;1;PING OK - Packet loss = 0%, RTA = 0.50 ms
[1542393000] CURRENT HOST STATE: webservercluster1;UP;HARD;1;PING OK - Packet loss = 0%, RTA = 0.38 ms
[1542393000] CURRENT HOST STATE: webservercluster2;UP;HARD;1;PING OK - Packet loss = 0%, RTA = 0.42 ms
[1542393000] CURRENT SERVICE STATE: localhost;Current Load;OK;HARD;1;OK - load average: 0.05, 0.03, 0.17
[1542393000] CURRENT SERVICE STATE: localhost;Current Users;OK;HARD;1;USERS OK - 15 users currently logged in
[1542393000] CURRENT SERVICE STATE: localhost;HTTP;WARNING;HARD;4;HTTP WARNING: HTTP/1.1 403 Forbidden - 5253 bytes in 0.002 second response time
[1542393000] CURRENT SERVICE STATE: localhost;PING;OK;HARD;1;PING OK - Packet loss = 0%, RTA = 0.07 ms
[1542393000] CURRENT SERVICE STATE: localhost;Root Partition;OK;HARD;1;DISK OK - free space: / 40741 MB (79.61% inode=99%):
[1542393000] CURRENT SERVICE STATE: localhost;SSH;OK;HARD;1;SSH OK - OpenSSH_7.4 (protocol 2.0)
[1542393000] CURRENT SERVICE STATE: localhost;Swap Usage;OK;HARD;1;SWAP OK - 100% free (8063 MB out of 8063 MB)
[1542393000] CURRENT SERVICE STATE: localhost;Total Processes;OK;HARD;1;PROCS OK: 157 processes with STATE = RSZDT
[1542393000] CURRENT SERVICE STATE: prinary-server;CPU Load;OK;HARD;1;OK - load average: 0.00, 0.01, 0.14
[1542393000] CURRENT SERVICE STATE: prinary-server;Current Users;OK;HARD;1;USERS OK - 2 users currently logged in
[1542393000] CURRENT SERVICE STATE: prinary-server;HDD status;CRITICAL;HARD;3;NRPE: Command 'check_dev/mapper/centos-home' not defined
[1542393000] CURRENT SERVICE STATE: prinary-server;LocalService-NTPD SERVICE;OK;HARD;1;PROCS OK: 2 processes with command name 'ntpd'
[1542393000] CURRENT SERVICE STATE: prinary-server;Total Processes;OK;HARD;1;PROCS OK: 328 processes
[1542393000] CURRENT SERVICE STATE: pservercluster1;CPU Load;UNKNOWN;HARD;3;Parameter inconsistency: 1-minute "warning load" is greater than "critical load"
[1542393000] CURRENT SERVICE STATE: pservercluster1;Current Users;OK;HARD;1;USERS OK - 3 users currently logged in
[1542393000] CURRENT SERVICE STATE: pservercluster1;HDD status;OK;HARD;1;DISK OK - free space: /home 217507 MB (96% inode=99%):
[1542393000] CURRENT SERVICE STATE: pservercluster1;LocalService-NTPD SERVICE;OK;HARD;1;PROCS OK: 2 processes with command name 'ntpd'
[1542393000] CURRENT SERVICE STATE: pservercluster1;Total Processes;OK;HARD;1;PROCS OK: 347 processes
[1542393000] CURRENT SERVICE STATE: pservercluster2;CPU Load;OK;HARD;1;OK - load average: 0.00, 0.01, 0.05
[1542393000] CURRENT SERVICE STATE: pservercluster2;Current Users;OK;HARD;1;USERS OK - 0 users currently logged in
[1542393000] CURRENT SERVICE STATE: pservercluster2;HDD status;OK;HARD;1;DISK OK - free space: /home 224709 MB (99% inode=99%):
[1542393000] CURRENT SERVICE STATE: pservercluster2;LocalService-NTPD SERVICE;OK;HARD;1;PROCS OK: 2 processes with command name 'ntpd'
[1542393000] CURRENT SERVICE STATE: pservercluster2;Total Processes;OK;HARD;1;PROCS OK: 285 processes
[1542393000] CURRENT SERVICE STATE: secondary-server;CPU Load;OK;HARD;1;OK - load average: 0.73, 0.75, 0.54
[1542393000] CURRENT SERVICE STATE: secondary-server;Current Users;OK;HARD;1;USERS OK - 2 users currently logged in
[1542393000] CURRENT SERVICE STATE: secondary-server;HDD status;OK;HARD;1;DISK OK - free space: /home 224704 MB (99% inode=99%):
[1542393000] CURRENT SERVICE STATE: secondary-server;LocalService-NTPD SERVICE;OK;HARD;1;PROCS OK: 2 processes with command name 'ntpd'
[1542393000] CURRENT SERVICE STATE: secondary-server;Total Processes;OK;HARD;1;PROCS OK: 345 processes
[1542393000] CURRENT SERVICE STATE: smscapp2;CPU Load;OK;HARD;1;OK - load average: 0.00, 0.01, 0.15
[1542393000] CURRENT SERVICE STATE: smscapp2;Current Users;OK;HARD;1;USERS OK - 2 users currently logged in
[1542393000] CURRENT SERVICE STATE: smscapp2;HDD status;CRITICAL;HARD;3;NRPE: Command 'check_dev/mapper/centos-home' not defined
[1542393000] CURRENT SERVICE STATE: smscapp2;LocalService-NTPD SERVICE;OK;HARD;1;PROCS OK: 2 processes with command name 'ntpd'
[1542393000] CURRENT SERVICE STATE: smscapp2;Total Processes;OK;HARD;1;PROCS OK: 327 processes
[1542393000] CURRENT SERVICE STATE: sservercluster1;CPU Load;OK;HARD;1;OK - load average: 0.99, 0.93, 0.68
[1542393000] CURRENT SERVICE STATE: sservercluster1;Current Users;OK;HARD;1;USERS OK - 2 users currently logged in
[1542393000] CURRENT SERVICE STATE: sservercluster1;HDD status;OK;HARD;1;DISK OK - free space: /home 224008 MB (99% inode=99%):
[1542393000] CURRENT SERVICE STATE: sservercluster1;LocalService-NTPD SERVICE;OK;HARD;1;PROCS OK: 2 processes with command name 'ntpd'
[1542393000] CURRENT SERVICE STATE: sservercluster1;Total Processes;OK;HARD;1;PROCS OK: 334 processes
[1542393000] CURRENT SERVICE STATE: webserver1;CPU Load;OK;HARD;1;OK - load average: 0.00, 0.01, 0.08
[1542393000] CURRENT SERVICE STATE: webserver1;Current Users;OK;HARD;1;USERS OK - 3 users currently logged in
[1542393000] CURRENT SERVICE STATE: webserver1;HDD status;OK;HARD;1;DISK OK - free space: /home 224832 MB (99% inode=99%):
[1542393000] CURRENT SERVICE STATE: webserver1;LocalService-NTPD SERVICE;OK;HARD;1;PROCS OK: 2 processes with command name 'ntpd'
[1542393000] CURRENT SERVICE STATE: webserver1;Total Processes;OK;HARD;1;PROCS OK: 346 processes
[1542393000] CURRENT SERVICE STATE: webservercluster1;CPU Load;OK;HARD;1;OK - load average: 0.85, 0.77, 0.44
[1542393000] CURRENT SERVICE STATE: webservercluster1;Current Users;OK;HARD;1;USERS OK - 3 users currently logged in
[1542393000] CURRENT SERVICE STATE: webservercluster1;HDD status;OK;HARD;1;DISK OK - free space: /home 224705 MB (99% inode=99%):
[1542393000] CURRENT SERVICE STATE: webservercluster1;LocalService-NTPD SERVICE;OK;HARD;1;PROCS OK: 1 process with command name 'ntpd'
[1542393000] CURRENT SERVICE STATE: webservercluster1;Total Processes;OK;HARD;1;PROCS OK: 335 processes
[1542393000] CURRENT SERVICE STATE: webservercluster2;CPU Load;OK;HARD;1;OK - load average: 0.00, 0.01, 0.05
[1542393000] CURRENT SERVICE STATE: webservercluster2;Current Users;OK;HARD;1;USERS OK - 3 users currently logged in
[1542393000] CURRENT SERVICE STATE: webservercluster2;HDD status;OK;HARD;1;DISK OK - free space: /home 224705 MB (99% inode=99%):
[1542393000] CURRENT SERVICE STATE: webservercluster2;LocalService-NTPD SERVICE;OK;HARD;1;PROCS OK: 2 processes with command name 'ntpd'
[1542393000] CURRENT SERVICE STATE: webservercluster2;Total Processes;OK;HARD;1;PROCS OK: 335 processes
[1542393229] SERVICE NOTIFICATION: nagiosadmin;smscapp2;HDD status;CRITICAL;notify-service-by-email;NRPE: Command 'check_dev/mapper/centos-home' not defined
[1542394120] SERVICE NOTIFICATION: nagiosadmin;localhost;HTTP;WARNING;notify-service-by-email;HTTP WARNING: HTTP/1.1 403 Forbidden - 5253 bytes in 0.002 second response time
[1542394198] SERVICE NOTIFICATION: nagiosadmin;prinary-server;HDD status;CRITICAL;notify-service-by-email;NRPE: Command 'check_dev/mapper/centos-home' not defined
[1542395194] SERVICE NOTIFICATION: nagiosadmin;pservercluster1;CPU Load;UNKNOWN;notify-service-by-email;Parameter inconsistency: 1-minute "warning load" is greater than "critical load"
[1542396306] Auto-save of retention data completed successfully.
[1542396829] SERVICE NOTIFICATION: nagiosadmin;smscapp2;HDD status;CRITICAL;notify-service-by-email;NRPE: Command 'check_dev/mapper/centos-home' not defined
[1542397720] SERVICE NOTIFICATION: nagiosadmin;localhost;HTTP;WARNING;notify-service-by-email;HTTP WARNING: HTTP/1.1 403 Forbidden - 5253 bytes in 0.002 second response time
[1542397798] SERVICE NOTIFICATION: nagiosadmin;prinary-server;HDD status;CRITICAL;notify-service-by-email;NRPE: Command 'check_dev/mapper/centos-home' not defined
[1542399391] SERVICE FLAPPING ALERT: pservercluster1;Current Users;STOPPED; Service appears to have stopped flapping (4.8% change < 5.0% threshold)
[1542399391] SERVICE NOTIFICATION: nagiosadmin;pservercluster1;Current Users;OK;notify-service-by-email;USERS OK - 3 users currently logged in
[1542399393] SERVICE NOTIFICATION: nagiosadmin;pservercluster1;CPU Load;UNKNOWN;notify-service-by-email;Parameter inconsistency: 1-minute "warning load" is greater than "critical load"
[1542399906] Auto-save of retention data completed successfully.
[1542400429] SERVICE NOTIFICATION: nagiosadmin;smscapp2;HDD status;CRITICAL;notify-service-by-email;NRPE: Command 'check_dev/mapper/centos-home' not defined
[1542401320] SERVICE NOTIFICATION: nagiosadmin;localhost;HTTP;WARNING;notify-service-by-email;HTTP WARNING: HTTP/1.1 403 Forbidden - 5253 bytes in 0.001 second response time
[1542401399] SERVICE NOTIFICATION: nagiosadmin;prinary-server;HDD status;CRITICAL;notify-service-by-email;NRPE: Command 'check_dev/mapper/centos-home' not defined
[1542402993] SERVICE NOTIFICATION: nagiosadmin;pservercluster1;CPU Load;UNKNOWN;notify-service-by-email;Parameter inconsistency: 1-minute "warning load" is greater than "critical load"
[1542403506] Auto-save of retention data completed successfully.
[1542404029] SERVICE NOTIFICATION: nagiosadmin;smscapp2;HDD status;CRITICAL;notify-service-by-email;NRPE: Command 'check_dev/mapper/centos-home' not defined
[1542404920] SERVICE NOTIFICATION: nagiosadmin;localhost;HTTP;WARNING;notify-service-by-email;HTTP WARNING: HTTP/1.1 403 Forbidden - 5253 bytes in 0.002 second response time
[1542405598] SERVICE NOTIFICATION: nagiosadmin;prinary-server;HDD status;CRITICAL;notify-service-by-email;NRPE: Command 'check_dev/mapper/centos-home' not defined
[1542406593] SERVICE NOTIFICATION: nagiosadmin;pservercluster1;CPU Load;UNKNOWN;notify-service-by-email;Parameter inconsistency: 1-minute "warning load" is greater than "critical load"
[1542407106] Auto-save of retention data completed successfully.
[1542407629] SERVICE NOTIFICATION: nagiosadmin;smscapp2;HDD status;CRITICAL;notify-service-by-email;NRPE: Command 'check_dev/mapper/centos-home' not defined
[1542408520] SERVICE NOTIFICATION: nagiosadmin;localhost;HTTP;WARNING;notify-service-by-email;HTTP WARNING: HTTP/1.1 403 Forbidden - 5253 bytes in 0.002 second response time
[1542409198] SERVICE NOTIFICATION: nagiosadmin;prinary-server;HDD status;CRITICAL;notify-service-by-email;NRPE: Command 'check_dev/mapper/centos-home' not defined
[1542410193] SERVICE NOTIFICATION: nagiosadmin;pservercluster1;CPU Load;UNKNOWN;notify-service-by-email;Parameter inconsistency: 1-minute "warning load" is greater than "critical load"
[1542410706] Auto-save of retention data completed successfully.
[1542411229] SERVICE NOTIFICATION: nagiosadmin;smscapp2;HDD status;CRITICAL;notify-service-by-email;NRPE: Command 'check_dev/mapper/centos-home' not defined
[1542412120] SERVICE NOTIFICATION: nagiosadmin;localhost;HTTP;WARNING;notify-service-by-email;HTTP WARNING: HTTP/1.1 403 Forbidden - 5253 bytes in 0.002 second response time
[1542412798] SERVICE NOTIFICATION: nagiosadmin;prinary-server;HDD status;CRITICAL;notify-service-by-email;NRPE: Command 'check_dev/mapper/centos-home' not defined
[1542413793] SERVICE NOTIFICATION: nagiosadmin;pservercluster1;CPU Load;UNKNOWN;notify-service-by-email;Parameter inconsistency: 1-minute "warning load" is greater than "critical load"
[1542414306] Auto-save of retention data completed successfully.
[1542414829] SERVICE NOTIFICATION: nagiosadmin;smscapp2;HDD status;CRITICAL;notify-service-by-email;NRPE: Command 'check_dev/mapper/centos-home' not defined
[1542415720] SERVICE NOTIFICATION: nagiosadmin;localhost;HTTP;WARNING;notify-service-by-email;HTTP WARNING: HTTP/1.1 403 Forbidden - 5253 bytes in 0.002 second response time
[1542416398] SERVICE NOTIFICATION: nagiosadmin;prinary-server;HDD status;CRITICAL;notify-service-by-email;NRPE: Command 'check_dev/mapper/centos-home' not defined
[1542417393] SERVICE NOTIFICATION: nagiosadmin;pservercluster1;CPU Load;UNKNOWN;notify-service-by-email;Parameter inconsistency: 1-minute "warning load" is greater than "critical load"
[1542417906] Auto-save of retention data completed successfully.
[1542418429] SERVICE NOTIFICATION: nagiosadmin;smscapp2;HDD status;CRITICAL;notify-service-by-email;NRPE: Command 'check_dev/mapper/centos-home' not defined
[1542419320] SERVICE NOTIFICATION: nagiosadmin;localhost;HTTP;WARNING;notify-service-by-email;HTTP WARNING: HTTP/1.1 403 Forbidden - 5253 bytes in 0.002 second response time
[1542419998] SERVICE NOTIFICATION: nagiosadmin;prinary-server;HDD status;CRITICAL;notify-service-by-email;NRPE: Command 'check_dev/mapper/centos-home' not defined
[1542420993] SERVICE NOTIFICATION: nagiosadmin;pservercluster1;CPU Load;UNKNOWN;notify-service-by-email;Parameter inconsistency: 1-minute "warning load" is greater than "critical load"
[1542421506] Auto-save of retention data completed successfully.
[1542422029] SERVICE NOTIFICATION: nagiosadmin;smscapp2;HDD status;CRITICAL;notify-service-by-email;NRPE: Command 'check_dev/mapper/centos-home' not defined
[1542422920] SERVICE NOTIFICATION: nagiosadmin;localhost;HTTP;WARNING;notify-service-by-email;HTTP WARNING: HTTP/1.1 403 Forbidden - 5253 bytes in 0.001 second response time
[1542423598] SERVICE NOTIFICATION: nagiosadmin;prinary-server;HDD status;CRITICAL;notify-service-by-email;NRPE: Command 'check_dev/mapper/centos-home' not defined
[1542424593] SERVICE NOTIFICATION: nagiosadmin;pservercluster1;CPU Load;UNKNOWN;notify-service-by-email;Parameter inconsistency: 1-minute "warning load" is greater than "critical load"
[1542425106] Auto-save of retention data completed successfully.
[1542425629] SERVICE NOTIFICATION: nagiosadmin;smscapp2;HDD status;CRITICAL;notify-service-by-email;NRPE: Command 'check_dev/mapper/centos-home' not defined
[1542426520] SERVICE NOTIFICATION: nagiosadmin;localhost;HTTP;WARNING;notify-service-by-email;HTTP WARNING: HTTP/1.1 403 Forbidden - 5253 bytes in 0.002 second response time
[1542427198] SERVICE NOTIFICATION: nagiosadmin;prinary-server;HDD status;CRITICAL;notify-service-by-email;NRPE: Command 'check_dev/mapper/centos-home' not defined
[1542428193] SERVICE NOTIFICATION: nagiosadmin;pservercluster1;CPU Load;UNKNOWN;notify-service-by-email;Parameter inconsistency: 1-minute "warning load" is greater than "critical load"
[1542428706] Auto-save of retention data completed successfully.
[1542429229] SERVICE NOTIFICATION: nagiosadmin;smscapp2;HDD status;CRITICAL;notify-service-by-email;NRPE: Command 'check_dev/mapper/centos-home' not defined
[1542430120] SERVICE NOTIFICATION: nagiosadmin;localhost;HTTP;WARNING;notify-service-by-email;HTTP WARNING: HTTP/1.1 403 Forbidden - 5253 bytes in 0.002 second response time
[1542430798] SERVICE NOTIFICATION: nagiosadmin;prinary-server;HDD status;CRITICAL;notify-service-by-email;NRPE: Command 'check_dev/mapper/centos-home' not defined
[1542431793] SERVICE NOTIFICATION: nagiosadmin;pservercluster1;CPU Load;UNKNOWN;notify-service-by-email;Parameter inconsistency: 1-minute "warning load" is greater than "critical load"
[1542432306] Auto-save of retention data completed successfully.
[1542432829] SERVICE NOTIFICATION: nagiosadmin;smscapp2;HDD status;CRITICAL;notify-service-by-email;NRPE: Command 'check_dev/mapper/centos-home' not defined
[1542433720] SERVICE NOTIFICATION: nagiosadmin;localhost;HTTP;WARNING;notify-service-by-email;HTTP WARNING: HTTP/1.1 403 Forbidden - 5253 bytes in 0.002 second response time
[1542434398] SERVICE NOTIFICATION: nagiosadmin;prinary-server;HDD status;CRITICAL;notify-service-by-email;NRPE: Command 'check_dev/mapper/centos-home' not defined
[1542435393] SERVICE NOTIFICATION: nagiosadmin;pservercluster1;CPU Load;UNKNOWN;notify-service-by-email;Parameter inconsistency: 1-minute "warning load" is greater than "critical load"
[1542435906] Auto-save of retention data completed successfully.
[1542436429] SERVICE NOTIFICATION: nagiosadmin;smscapp2;HDD status;CRITICAL;notify-service-by-email;NRPE: Command 'check_dev/mapper/centos-home' not defined
[1542437320] SERVICE NOTIFICATION: nagiosadmin;localhost;HTTP;WARNING;notify-service-by-email;HTTP WARNING: HTTP/1.1 403 Forbidden - 5253 bytes in 0.001 second response time
[1542437998] SERVICE NOTIFICATION: nagiosadmin;prinary-server;HDD status;CRITICAL;notify-service-by-email;NRPE: Command 'check_dev/mapper/centos-home' not defined
[1542438391] SERVICE ALERT: pservercluster1;Current Users;WARNING;SOFT;1;USERS WARNING - 6 users currently logged in
[1542438511] SERVICE ALERT: pservercluster1;Current Users;WARNING;SOFT;2;USERS WARNING - 6 users currently logged in
[1542438631] SERVICE NOTIFICATION: nagiosadmin;pservercluster1;Current Users;WARNING;notify-service-by-email;USERS WARNING - 6 users currently logged in
[1542438631] SERVICE ALERT: pservercluster1;Current Users;WARNING;HARD;3;USERS WARNING - 6 users currently logged in
[1542438993] SERVICE NOTIFICATION: nagiosadmin;pservercluster1;CPU Load;UNKNOWN;notify-service-by-email;Parameter inconsistency: 1-minute "warning load" is greater than "critical load"
[1542439231] SERVICE NOTIFICATION: nagiosadmin;pservercluster1;Current Users;OK;notify-service-by-email;USERS OK - 5 users currently logged in
[1542439231] SERVICE ALERT: pservercluster1;Current Users;OK;HARD;1;USERS OK - 5 users currently logged in
[1542439506] Auto-save of retention data completed successfully.
[1542440029] SERVICE NOTIFICATION: nagiosadmin;smscapp2;HDD status;CRITICAL;notify-service-by-email;NRPE: Command 'check_dev/mapper/centos-home' not defined
[1542440920] SERVICE NOTIFICATION: nagiosadmin;localhost;HTTP;WARNING;notify-service-by-email;HTTP WARNING: HTTP/1.1 403 Forbidden - 5253 bytes in 0.001 second response time
[1542441598] SERVICE NOTIFICATION: nagiosadmin;prinary-server;HDD status;CRITICAL;notify-service-by-email;NRPE: Command 'check_dev/mapper/centos-home' not defined
[1542442593] SERVICE NOTIFICATION: nagiosadmin;pservercluster1;CPU Load;UNKNOWN;notify-service-by-email;Parameter inconsistency: 1-minute "warning load" is greater than "critical load"
[1542443106] Auto-save of retention data completed successfully.
[1542443629] SERVICE NOTIFICATION: nagiosadmin;smscapp2;HDD status;CRITICAL;notify-service-by-email;NRPE: Command 'check_dev/mapper/centos-home' not defined
[1542444520] SERVICE NOTIFICATION: nagiosadmin;localhost;HTTP;WARNING;notify-service-by-email;HTTP WARNING: HTTP/1.1 403 Forbidden - 5253 bytes in 0.002 second response time
[1542445198] SERVICE NOTIFICATION: nagiosadmin;prinary-server;HDD status;CRITICAL;notify-service-by-email;NRPE: Command 'check_dev/mapper/centos-home' not defined
[1542445831] SERVICE ALERT: pservercluster1;Current Users;WARNING;SOFT;1;USERS WARNING - 6 users currently logged in
[1542445951] SERVICE ALERT: pservercluster1;Current Users;WARNING;SOFT;2;USERS WARNING - 6 users currently logged in
[1542446071] SERVICE NOTIFICATION: nagiosadmin;pservercluster1;Current Users;WARNING;notify-service-by-email;USERS WARNING - 6 users currently logged in
[1542446071] SERVICE ALERT: pservercluster1;Current Users;WARNING;HARD;3;USERS WARNING - 6 users currently logged in
[1542446193] SERVICE NOTIFICATION: nagiosadmin;pservercluster1;CPU Load;UNKNOWN;notify-service-by-email;Parameter inconsistency: 1-minute "warning load" is greater than "critical load"
[1542446706] Auto-save of retention data completed successfully.
[1542447229] SERVICE NOTIFICATION: nagiosadmin;smscapp2;HDD status;CRITICAL;notify-service-by-email;NRPE: Command 'check_dev/mapper/centos-home' not defined
[1542448120] SERVICE NOTIFICATION: nagiosadmin;localhost;HTTP;WARNING;notify-service-by-email;HTTP WARNING: HTTP/1.1 403 Forbidden - 5253 bytes in 0.001 second response time
[1542448471] SERVICE FLAPPING ALERT: pservercluster1;Current Users;STARTED; Service appears to have started flapping (20.4% change >= 20.0% threshold)
[1542448471] SERVICE ALERT: pservercluster1;Current Users;OK;HARD;1;USERS OK - 5 users currently logged in
[1542448799] SERVICE NOTIFICATION: nagiosadmin;prinary-server;HDD status;CRITICAL;notify-service-by-email;NRPE: Command 'check_dev/mapper/centos-home' not defined
[1542449793] SERVICE NOTIFICATION: nagiosadmin;pservercluster1;CPU Load;UNKNOWN;notify-service-by-email;Parameter inconsistency: 1-minute "warning load" is greater than "critical load"
[1542450306] Auto-save of retention data completed successfully.
[1542450829] SERVICE NOTIFICATION: nagiosadmin;smscapp2;HDD status;CRITICAL;notify-service-by-email;NRPE: Command 'check_dev/mapper/centos-home' not defined
[1542451720] SERVICE NOTIFICATION: nagiosadmin;localhost;HTTP;WARNING;notify-service-by-email;HTTP WARNING: HTTP/1.1 403 Forbidden - 5253 bytes in 0.001 second response time
[1542452998] SERVICE NOTIFICATION: nagiosadmin;prinary-server;HDD status;CRITICAL;notify-service-by-email;NRPE: Command 'check_dev/mapper/centos-home' not defined
[1542453393] SERVICE NOTIFICATION: nagiosadmin;pservercluster1;CPU Load;UNKNOWN;notify-service-by-email;Parameter inconsistency: 1-minute "warning load" is greater than "critical load"
[1542453906] Auto-save of retention data completed successfully.
[1542454429] SERVICE NOTIFICATION: nagiosadmin;smscapp2;HDD status;CRITICAL;notify-service-by-email;NRPE: Command 'check_dev/mapper/centos-home' not defined
[1542455320] SERVICE NOTIFICATION: nagiosadmin;localhost;HTTP;WARNING;notify-service-by-email;HTTP WARNING: HTTP/1.1 403 Forbidden - 5253 bytes in 0.002 second response time
[1542456598] SERVICE NOTIFICATION: nagiosadmin;prinary-server;HDD status;CRITICAL;notify-service-by-email;NRPE: Command 'check_dev/mapper/centos-home' not defined
[1542456993] SERVICE NOTIFICATION: nagiosadmin;pservercluster1;CPU Load;UNKNOWN;notify-service-by-email;Parameter inconsistency: 1-minute "warning load" is greater than "critical load"
[1542457506] Auto-save of retention data completed successfully.
[1542458029] SERVICE NOTIFICATION: nagiosadmin;smscapp2;HDD status;CRITICAL;notify-service-by-email;NRPE: Command 'check_dev/mapper/centos-home' not defined
[1542458071] SERVICE FLAPPING ALERT: pservercluster1;Current Users;STOPPED; Service appears to have stopped flapping (4.1% change < 5.0% threshold)
[1542458920] SERVICE NOTIFICATION: nagiosadmin;localhost;HTTP;WARNING;notify-service-by-email;HTTP WARNING: HTTP/1.1 403 Forbidden - 5253 bytes in 0.002 second response time
[1542460198] SERVICE NOTIFICATION: nagiosadmin;prinary-server;HDD status;CRITICAL;notify-service-by-email;NRPE: Command 'check_dev/mapper/centos-home' not defined
[1542460593] SERVICE NOTIFICATION: nagiosadmin;pservercluster1;CPU Load;UNKNOWN;notify-service-by-email;Parameter inconsistency: 1-minute "warning load" is greater than "critical load"
[1542461106] Auto-save of retention data completed successfully.
[1542461629] SERVICE NOTIFICATION: nagiosadmin;smscapp2;HDD status;CRITICAL;notify-service-by-email;NRPE: Command 'check_dev/mapper/centos-home' not defined
[1542462520] SERVICE NOTIFICATION: nagiosadmin;localhost;HTTP;WARNING;notify-service-by-email;HTTP WARNING: HTTP/1.1 403 Forbidden - 5253 bytes in 0.001 second response time
[1542463798] SERVICE NOTIFICATION: nagiosadmin;prinary-server;HDD status;CRITICAL;notify-service-by-email;NRPE: Command 'check_dev/mapper/centos-home' not defined
[1542464193] SERVICE NOTIFICATION: nagiosadmin;pservercluster1;CPU Load;UNKNOWN;notify-service-by-email;Parameter inconsistency: 1-minute "warning load" is greater than "critical load"
[1542464706] Auto-save of retention data completed successfully.
[1542465229] SERVICE NOTIFICATION: nagiosadmin;smscapp2;HDD status;CRITICAL;notify-service-by-email;NRPE: Command 'check_dev/mapper/centos-home' not defined
[1542466120] SERVICE NOTIFICATION: nagiosadmin;localhost;HTTP;WARNING;notify-service-by-email;HTTP WARNING: HTTP/1.1 403 Forbidden - 5253 bytes in 0.002 second response time
[1542467398] SERVICE NOTIFICATION: nagiosadmin;prinary-server;HDD status;CRITICAL;notify-service-by-email;NRPE: Command 'check_dev/mapper/centos-home' not defined
[1542467793] SERVICE NOTIFICATION: nagiosadmin;pservercluster1;CPU Load;UNKNOWN;notify-service-by-email;Parameter inconsistency: 1-minute "warning load" is greater than "critical load"
[1542468306] Auto-save of retention data completed successfully.
[1542468829] SERVICE NOTIFICATION: nagiosadmin;smscapp2;HDD status;CRITICAL;notify-service-by-email;NRPE: Command 'check_dev/mapper/centos-home' not defined
[1542469720] SERVICE NOTIFICATION: nagiosadmin;localhost;HTTP;WARNING;notify-service-by-email;HTTP WARNING: HTTP/1.1 403 Forbidden - 5253 bytes in 0.002 second response time
[1542470998] SERVICE NOTIFICATION: nagiosadmin;prinary-server;HDD status;CRITICAL;notify-service-by-email;NRPE: Command 'check_dev/mapper/centos-home' not defined
[1542471393] SERVICE NOTIFICATION: nagiosadmin;pservercluster1;CPU Load;UNKNOWN;notify-service-by-email;Parameter inconsistency: 1-minute "warning load" is greater than "critical load"
[1542471906] Auto-save of retention data completed successfully.
[1542472429] SERVICE NOTIFICATION: nagiosadmin;smscapp2;HDD status;CRITICAL;notify-service-by-email;NRPE: Command 'check_dev/mapper/centos-home' not defined
[1542473320] SERVICE NOTIFICATION: nagiosadmin;localhost;HTTP;WARNING;notify-service-by-email;HTTP WARNING: HTTP/1.1 403 Forbidden - 5253 bytes in 0.002 second response time
[1542474598] SERVICE NOTIFICATION: nagiosadmin;prinary-server;HDD status;CRITICAL;notify-service-by-email;NRPE: Command 'check_dev/mapper/centos-home' not defined
[1542474993] SERVICE NOTIFICATION: nagiosadmin;pservercluster1;CPU Load;UNKNOWN;notify-service-by-email;Parameter inconsistency: 1-minute "warning load" is greater than "critical load"
[1542475506] Auto-save of retention data completed successfully.
[1542476029] SERVICE NOTIFICATION: nagiosadmin;smscapp2;HDD status;CRITICAL;notify-service-by-email;NRPE: Command 'check_dev/mapper/centos-home' not defined
[1542476920] SERVICE NOTIFICATION: nagiosadmin;localhost;HTTP;WARNING;notify-service-by-email;HTTP WARNING: HTTP/1.1 403 Forbidden - 5253 bytes in 0.001 second response time
[1542478198] SERVICE NOTIFICATION: nagiosadmin;prinary-server;HDD status;CRITICAL;notify-service-by-email;NRPE: Command 'check_dev/mapper/centos-home' not defined
[1542478593] SERVICE NOTIFICATION: nagiosadmin;pservercluster1;CPU Load;UNKNOWN;notify-service-by-email;Parameter inconsistency: 1-minute "warning load" is greater than "critical load"
[1542479106] Auto-save of retention data completed successfully.
