[1546281000] LOG ROTATION: DAILY
[1546281000] LOG VERSION: 2.0
[1546281000] CURRENT HOST STATE: db1;UP;HARD;1;PING OK - Packet loss = 0%, RTA = 0.43 ms
[1546281000] CURRENT HOST STATE: db2;UP;HARD;1;PING OK - Packet loss = 0%, RTA = 0.38 ms
[1546281000] CURRENT HOST STATE: primary-server;UP;HARD;1;PING OK - Packet loss = 0%, RTA = 0.44 ms
[1546281000] CURRENT HOST STATE: pservercluster1;UP;HARD;1;PING OK - Packet loss = 0%, RTA = 0.45 ms
[1546281000] CURRENT HOST STATE: pservercluster2;UP;HARD;1;PING OK - Packet loss = 0%, RTA = 0.31 ms
[1546281000] CURRENT HOST STATE: qservercluster1;UP;HARD;1;PING OK - Packet loss = 0%, RTA = 0.28 ms
[1546281000] CURRENT HOST STATE: qservercluster2;UP;HARD;1;PING OK - Packet loss = 0%, RTA = 0.18 ms
[1546281000] CURRENT HOST STATE: secondary-server;UP;HARD;1;PING OK - Packet loss = 0%, RTA = 0.44 ms
[1546281000] CURRENT HOST STATE: sig1;UP;HARD;1;PING OK - Packet loss = 0%, RTA = 0.45 ms
[1546281000] CURRENT HOST STATE: sig2;UP;HARD;1;PING OK - Packet loss = 0%, RTA = 0.47 ms
[1546281000] CURRENT HOST STATE: sig3;UP;HARD;1;PING OK - Packet loss = 0%, RTA = 0.45 ms
[1546281000] CURRENT HOST STATE: sig4;UP;HARD;1;PING OK - Packet loss = 0%, RTA = 0.43 ms
[1546281000] CURRENT HOST STATE: sig5;UP;HARD;1;PING OK - Packet loss = 0%, RTA = 0.43 ms
[1546281000] CURRENT HOST STATE: sig6;UP;HARD;1;PING OK - Packet loss = 0%, RTA = 0.45 ms
[1546281000] CURRENT HOST STATE: sigqscluster1;UP;HARD;1;PING OK - Packet loss = 0%, RTA = 0.32 ms
[1546281000] CURRENT HOST STATE: sigqscluster2;UP;HARD;1;PING OK - Packet loss = 0%, RTA = 0.29 ms
[1546281000] CURRENT HOST STATE: smscapp1;UP;HARD;1;PING OK - Packet loss = 0%, RTA = 0.33 ms
[1546281000] CURRENT HOST STATE: smscapp2;UP;HARD;1;PING OK - Packet loss = 0%, RTA = 0.26 ms
[1546281000] CURRENT HOST STATE: sservercluster1;UP;HARD;1;PING OK - Packet loss = 0%, RTA = 0.41 ms
[1546281000] CURRENT HOST STATE: sservercluster2;UP;HARD;1;PING OK - Packet loss = 0%, RTA = 0.44 ms
[1546281000] CURRENT HOST STATE: webserver1;UP;HARD;1;PING OK - Packet loss = 0%, RTA = 0.42 ms
[1546281000] CURRENT HOST STATE: webserver2;UP;HARD;1;PING OK - Packet loss = 0%, RTA = 0.08 ms
[1546281000] CURRENT HOST STATE: webservercluster1;UP;HARD;1;PING OK - Packet loss = 0%, RTA = 0.45 ms
[1546281000] CURRENT HOST STATE: webservercluster2;UP;HARD;1;PING OK - Packet loss = 0%, RTA = 0.43 ms
[1546281000] CURRENT SERVICE STATE: db1;CPU Load;OK;HARD;1;OK - load average: 0.00, 0.04, 0.06
[1546281000] CURRENT SERVICE STATE: db1;CPU_Procs;OK;HARD;1;CPU OK: 333 processes
[1546281000] CURRENT SERVICE STATE: db1;Current Users;OK;HARD;1;USERS OK - 5 users currently logged in
[1546281000] CURRENT SERVICE STATE: db1;HDD_Home status;OK;HARD;1;DISK OK - free space: /home 207814 MB (99% inode=99%):
[1546281000] CURRENT SERVICE STATE: db1;HDD_Root status;OK;HARD;1;DISK OK - free space: / 24303 MB (47% inode=99%):
[1546281000] CURRENT SERVICE STATE: db1;LocalService-NTPD SERVICE;OK;HARD;1;PROCS OK: 1 process with command name 'ntpd'
[1546281000] CURRENT SERVICE STATE: db1;Mariadb status;OK;HARD;1;PROCS OK: 1 process with command name 'mysqld'
[1546281000] CURRENT SERVICE STATE: db1;Memory;OK;HARD;1;OK - 48.2% (23775940 kB) free.
[1546281000] CURRENT SERVICE STATE: db1;Sensors Status;OK;HARD;1;SENSORS OK
[1546281000] CURRENT SERVICE STATE: db1;Total Processes;OK;HARD;1;PROCS OK: 336 processes
[1546281000] CURRENT SERVICE STATE: db2;CPU Load;OK;HARD;1;OK - load average: 0.08, 0.32, 0.26
[1546281000] CURRENT SERVICE STATE: db2;CPU_Procs;OK;HARD;1;CPU OK: 289 processes
[1546281000] CURRENT SERVICE STATE: db2;Current Users;OK;HARD;1;USERS OK - 0 users currently logged in
[1546281000] CURRENT SERVICE STATE: db2;HDD_Home status;OK;HARD;1;DISK OK - free space: /home 126621 MB (56% inode=99%):
[1546281000] CURRENT SERVICE STATE: db2;HDD_Root status;OK;HARD;1;DISK OK - free space: / 32369 MB (63% inode=99%):
[1546281000] CURRENT SERVICE STATE: db2;LocalService-NTPD SERVICE;OK;HARD;1;PROCS OK: 1 process with command name 'ntpd'
[1546281000] CURRENT SERVICE STATE: db2;Mariadb status;OK;HARD;1;PROCS OK: 1 process with command name 'mysqld'
[1546281000] CURRENT SERVICE STATE: db2;Memory;OK;HARD;1;OK - 20.8% (10260480 kB) free.
[1546281000] CURRENT SERVICE STATE: db2;Sensors Status;OK;HARD;1;SENSORS OK
[1546281000] CURRENT SERVICE STATE: db2;Total Processes;OK;HARD;1;PROCS OK: 289 processes
[1546281000] CURRENT SERVICE STATE: primary-server;CPU Load;OK;HARD;1;OK - load average: 0.00, 0.01, 0.05
[1546281000] CURRENT SERVICE STATE: primary-server;CPU_Procs;OK;HARD;1;CPU OK: 342 processes
[1546281000] CURRENT SERVICE STATE: primary-server;Current Users;OK;HARD;1;USERS OK - 2 users currently logged in
[1546281000] CURRENT SERVICE STATE: primary-server;HDD_Home status;OK;HARD;1;DISK OK - free space: /home 224700 MB (99% inode=99%):
[1546281000] CURRENT SERVICE STATE: primary-server;HDD_Root status;OK;HARD;1;DISK OK - free space: / 41271 MB (80% inode=99%):
[1546281000] CURRENT SERVICE STATE: primary-server;LocalService-NTPD SERVICE;OK;HARD;1;PROCS OK: 2 processes with command name 'ntpd'
[1546281000] CURRENT SERVICE STATE: primary-server;Memory;OK;HARD;1;OK - 70.5% (17271404 kB) free.
[1546281000] CURRENT SERVICE STATE: primary-server;Nginx Status;OK;HARD;1;NGINX OK -  0.087 sec. response time, Active: 0 (Writing: 0 Reading: 0 Waiting: 0) ReqPerSec: 0.000 ConnPerSec: 0.000 ReqPerConn: 0.000
[1546281000] CURRENT SERVICE STATE: primary-server;Sensors Status;OK;HARD;1;SENSORS OK
[1546281000] CURRENT SERVICE STATE: primary-server;Total Processes;OK;HARD;1;PROCS OK: 345 processes
[1546281000] CURRENT SERVICE STATE: pservercluster1;CPU Load;OK;HARD;1;OK - load average: 0.00, 0.01, 0.05
[1546281000] CURRENT SERVICE STATE: pservercluster1;CPU_Procs;OK;HARD;1;CPU OK: 303 processes
[1546281000] CURRENT SERVICE STATE: pservercluster1;Current Users;OK;HARD;1;USERS OK - 2 users currently logged in
[1546281000] CURRENT SERVICE STATE: pservercluster1;HDD_Home status;OK;HARD;1;DISK OK - free space: /home 220675 MB (99% inode=99%):
[1546281000] CURRENT SERVICE STATE: pservercluster1;HDD_Root status;OK;HARD;1;DISK OK - free space: / 41788 MB (81% inode=99%):
[1546281000] CURRENT SERVICE STATE: pservercluster1;LocalService-NTPD SERVICE;OK;HARD;1;PROCS OK: 2 processes with command name 'ntpd'
[1546281000] CURRENT SERVICE STATE: pservercluster1;Memory;OK;HARD;1;OK - 75.5% (18628508 kB) free.
[1546281000] CURRENT SERVICE STATE: pservercluster1;Sensors Status;OK;HARD;1;SENSORS OK
[1546281000] CURRENT SERVICE STATE: pservercluster1;Total Processes;OK;HARD;1;PROCS OK: 303 processes
[1546281000] CURRENT SERVICE STATE: pservercluster2;CPU Load;OK;HARD;1;OK - load average: 0.64, 0.62, 1.05
[1546281000] CURRENT SERVICE STATE: pservercluster2;CPU_Procs;CRITICAL;HARD;3;CPU CRITICAL: 2 crit, 3 warn out of 360 processes
[1546281000] CURRENT SERVICE STATE: pservercluster2;Current Users;OK;HARD;1;USERS OK - 13 users currently logged in
[1546281000] CURRENT SERVICE STATE: pservercluster2;HDD_Home status;OK;HARD;1;DISK OK - free space: /home 162575 MB (72% inode=99%):
[1546281000] CURRENT SERVICE STATE: pservercluster2;HDD_Root status;WARNING;HARD;3;DISK WARNING - free space: / 8186 MB (15% inode=98%):
[1546281000] CURRENT SERVICE STATE: pservercluster2;LocalService-NTPD SERVICE;OK;HARD;1;PROCS OK: 2 processes with command name 'ntpd'
[1546281000] CURRENT SERVICE STATE: pservercluster2;Memory;CRITICAL;HARD;3;CRITICAL - 5.9% (1452488 kB) free!
[1546281000] CURRENT SERVICE STATE: pservercluster2;Sensors Status;OK;HARD;1;SENSORS OK
[1546281000] CURRENT SERVICE STATE: pservercluster2;Total Processes;OK;HARD;1;PROCS OK: 360 processes
[1546281000] CURRENT SERVICE STATE: qservercluster1;CPU Load;OK;HARD;1;OK - load average: 6.07, 6.59, 6.77
[1546281000] CURRENT SERVICE STATE: qservercluster1;CPU_Procs;CRITICAL;HARD;3;CPU CRITICAL: 1 crit, 0 warn out of 299 processes
[1546281000] CURRENT SERVICE STATE: qservercluster1;Current Users;OK;HARD;1;USERS OK - 2 users currently logged in
[1546281000] CURRENT SERVICE STATE: qservercluster1;HDD_Home status;OK;HARD;1;DISK OK - free space: /home 224641 MB (99% inode=99%):
[1546281000] CURRENT SERVICE STATE: qservercluster1;HDD_Root status;OK;HARD;1;DISK OK - free space: / 41313 MB (80% inode=99%):
[1546281000] CURRENT SERVICE STATE: qservercluster1;LocalService-NTPD SERVICE;OK;HARD;1;PROCS OK: 1 process with command name 'ntpd'
[1546281000] CURRENT SERVICE STATE: qservercluster1;Memory;OK;HARD;1;OK - 93.8% (46201716 kB) free.
[1546281000] CURRENT SERVICE STATE: qservercluster1;Sensors Status;OK;HARD;1;SENSORS OK
[1546281000] CURRENT SERVICE STATE: qservercluster1;Total Processes;OK;HARD;1;PROCS OK: 300 processes
[1546281000] CURRENT SERVICE STATE: qservercluster2;CPU Load;OK;HARD;1;OK - load average: 3.53, 3.59, 3.59
[1546281000] CURRENT SERVICE STATE: qservercluster2;CPU_Procs;WARNING;HARD;3;CPU WARNING: 1 warn out of 304 processes
[1546281000] CURRENT SERVICE STATE: qservercluster2;Current Users;OK;HARD;1;USERS OK - 0 users currently logged in
[1546281000] CURRENT SERVICE STATE: qservercluster2;HDD_Home status;OK;HARD;1;DISK OK - free space: /home 224577 MB (99% inode=99%):
[1546281000] CURRENT SERVICE STATE: qservercluster2;HDD_Root status;OK;HARD;1;DISK OK - free space: / 40158 MB (78% inode=98%):
[1546281000] CURRENT SERVICE STATE: qservercluster2;LocalService-NTPD SERVICE;OK;HARD;1;PROCS OK: 1 process with command name 'ntpd'
[1546281000] CURRENT SERVICE STATE: qservercluster2;Memory;OK;HARD;1;OK - 95.4% (47003928 kB) free.
[1546281000] CURRENT SERVICE STATE: qservercluster2;Sensors Status;OK;HARD;1;SENSORS OK
[1546281000] CURRENT SERVICE STATE: qservercluster2;Total Processes;OK;HARD;1;PROCS OK: 302 processes
[1546281000] CURRENT SERVICE STATE: secondary-server;CPU Load;OK;HARD;1;OK - load average: 0.00, 0.01, 0.13
[1546281000] CURRENT SERVICE STATE: secondary-server;CPU_Procs;OK;HARD;1;CPU OK: 344 processes
[1546281000] CURRENT SERVICE STATE: secondary-server;Current Users;OK;HARD;1;USERS OK - 2 users currently logged in
[1546281000] CURRENT SERVICE STATE: secondary-server;HDD_Home status;OK;HARD;1;DISK OK - free space: /home 224704 MB (99% inode=99%):
[1546281000] CURRENT SERVICE STATE: secondary-server;HDD_Root status;OK;HARD;1;DISK OK - free space: / 41199 MB (80% inode=99%):
[1546281000] CURRENT SERVICE STATE: secondary-server;LocalService-NTPD SERVICE;OK;HARD;1;PROCS OK: 2 processes with command name 'ntpd'
[1546281000] CURRENT SERVICE STATE: secondary-server;Memory Status;OK;HARD;1;OK - 70.9% (17389600 kB) free.
[1546281000] CURRENT SERVICE STATE: secondary-server;Nginx Status;OK;HARD;1;NGINX OK -  0.122 sec. response time, Active: 0 (Writing: 0 Reading: 0 Waiting: 0) ReqPerSec: 0.000 ConnPerSec: 0.000 ReqPerConn: 0.000
[1546281000] CURRENT SERVICE STATE: secondary-server;Sensors Status;OK;HARD;1;SENSORS OK
[1546281000] CURRENT SERVICE STATE: secondary-server;Total Processes;OK;HARD;1;PROCS OK: 344 processes
[1546281000] CURRENT SERVICE STATE: sig1;CPU Load;OK;HARD;1;OK - load average: 0.01, 0.02, 0.05
[1546281000] CURRENT SERVICE STATE: sig1;CPU_Procs;OK;HARD;1;CPU OK: 311 processes
[1546281000] CURRENT SERVICE STATE: sig1;Current Users;OK;HARD;1;USERS OK - 0 users currently logged in
[1546281000] CURRENT SERVICE STATE: sig1;HDD_Home status;OK;HARD;1;DISK OK - free space: /home 201651 MB (89% inode=99%):
[1546281000] CURRENT SERVICE STATE: sig1;HDD_Root status;WARNING;HARD;3;DISK WARNING - free space: / 7686 MB (15% inode=97%):
[1546281000] CURRENT SERVICE STATE: sig1;LocalService-NTPD SERVICE;OK;HARD;1;PROCS OK: 1 process with command name 'ntpd'
[1546281000] CURRENT SERVICE STATE: sig1;Memory;OK;HARD;1;OK - 64.3% (10445752 kB) free.
[1546281000] CURRENT SERVICE STATE: sig1;Sensors Status;OK;HARD;1;SENSORS OK
[1546281000] CURRENT SERVICE STATE: sig1;Total Processes;OK;HARD;1;PROCS OK: 310 processes
[1546281000] CURRENT SERVICE STATE: sig2;CPU Load;OK;HARD;1;OK - load average: 0.00, 0.01, 0.05
[1546281000] CURRENT SERVICE STATE: sig2;CPU_Procs;OK;HARD;1;CPU OK: 316 processes
[1546281000] CURRENT SERVICE STATE: sig2;Current Users;OK;HARD;1;USERS OK - 0 users currently logged in
[1546281000] CURRENT SERVICE STATE: sig2;HDD_Home status;OK;HARD;1;DISK OK - free space: /home 216570 MB (96% inode=99%):
[1546281000] CURRENT SERVICE STATE: sig2;HDD_Root status;OK;HARD;1;DISK OK - free space: / 38569 MB (75% inode=98%):
[1546281000] CURRENT SERVICE STATE: sig2;LocalService-NTPD SERVICE;OK;HARD;1;PROCS OK: 1 process with command name 'ntpd'
[1546281000] CURRENT SERVICE STATE: sig2;Memory;OK;HARD;1;OK - 93.9% (15262920 kB) free.
[1546281000] CURRENT SERVICE STATE: sig2;Sensors Status;OK;HARD;1;SENSORS OK
[1546281000] CURRENT SERVICE STATE: sig2;Total Processes;OK;HARD;1;PROCS OK: 316 processes
[1546281000] CURRENT SERVICE STATE: sig3;CPU Load;OK;HARD;1;OK - load average: 0.91, 0.65, 0.32
[1546281000] CURRENT SERVICE STATE: sig3;CPU_Procs;OK;HARD;1;CPU OK: 348 processes
[1546281000] CURRENT SERVICE STATE: sig3;Current Users;OK;HARD;1;USERS OK - 1 users currently logged in
[1546281000] CURRENT SERVICE STATE: sig3;HDD_Home status;OK;HARD;1;DISK OK - free space: /home 220133 MB (97% inode=99%):
[1546281000] CURRENT SERVICE STATE: sig3;HDD_Root status;OK;HARD;1;DISK OK - free space: / 37989 MB (74% inode=98%):
[1546281000] CURRENT SERVICE STATE: sig3;LocalService-NTPD SERVICE;OK;HARD;1;PROCS OK: 1 process with command name 'ntpd'
[1546281000] CURRENT SERVICE STATE: sig3;Memory;OK;HARD;1;OK - 87.3% (14196696 kB) free.
[1546281000] CURRENT SERVICE STATE: sig3;Sensors Status;OK;HARD;1;SENSORS OK
[1546281000] CURRENT SERVICE STATE: sig3;Total Processes;OK;HARD;1;PROCS OK: 348 processes
[1546281000] CURRENT SERVICE STATE: sig4;CPU Load;OK;HARD;1;OK - load average: 0.00, 0.01, 0.05
[1546281000] CURRENT SERVICE STATE: sig4;CPU_Procs;OK;HARD;1;CPU OK: 311 processes
[1546281000] CURRENT SERVICE STATE: sig4;Current Users;OK;HARD;1;USERS OK - 0 users currently logged in
[1546281000] CURRENT SERVICE STATE: sig4;HDD_Home status;OK;HARD;1;DISK OK - free space: /home 221522 MB (98% inode=99%):
[1546281000] CURRENT SERVICE STATE: sig4;HDD_Root status;OK;HARD;1;DISK OK - free space: / 37584 MB (73% inode=98%):
[1546281000] CURRENT SERVICE STATE: sig4;LocalService-NTPD SERVICE;OK;HARD;1;PROCS OK: 1 process with command name 'ntpd'
[1546281000] CURRENT SERVICE STATE: sig4;Memory;OK;HARD;1;OK - 84.1% (13675792 kB) free.
[1546281000] CURRENT SERVICE STATE: sig4;Sensors Status;OK;HARD;1;SENSORS OK
[1546281000] CURRENT SERVICE STATE: sig4;Total Processes;OK;HARD;1;PROCS OK: 311 processes
[1546281000] CURRENT SERVICE STATE: sig5;CPU Load;OK;HARD;1;OK - load average: 0.00, 0.01, 0.05
[1546281000] CURRENT SERVICE STATE: sig5;CPU_Procs;OK;HARD;1;CPU OK: 296 processes
[1546281000] CURRENT SERVICE STATE: sig5;Current Users;OK;HARD;1;USERS OK - 0 users currently logged in
[1546281000] CURRENT SERVICE STATE: sig5;HDD_Home status;OK;HARD;1;DISK OK - free space: /home 221454 MB (98% inode=99%):
[1546281000] CURRENT SERVICE STATE: sig5;HDD_Root status;OK;HARD;1;DISK OK - free space: / 38811 MB (75% inode=98%):
[1546281000] CURRENT SERVICE STATE: sig5;LocalService-NTPD SERVICE;OK;HARD;1;PROCS OK: 1 process with command name 'ntpd'
[1546281000] CURRENT SERVICE STATE: sig5;Memory;OK;HARD;1;OK - 91.4% (14849488 kB) free.
[1546281000] CURRENT SERVICE STATE: sig5;Sensors Status;OK;HARD;1;SENSORS OK
[1546281000] CURRENT SERVICE STATE: sig5;Total Processes;OK;HARD;1;PROCS OK: 299 processes
[1546281000] CURRENT SERVICE STATE: sig6;CPU Load;OK;HARD;1;OK - load average: 0.00, 0.01, 0.05
[1546281000] CURRENT SERVICE STATE: sig6;CPU_Procs;OK;HARD;1;CPU OK: 313 processes
[1546281000] CURRENT SERVICE STATE: sig6;Current Users;OK;HARD;1;USERS OK - 0 users currently logged in
[1546281000] CURRENT SERVICE STATE: sig6;HDD_Home status;OK;HARD;1;DISK OK - free space: /home 221477 MB (98% inode=99%):
[1546281000] CURRENT SERVICE STATE: sig6;HDD_Root status;OK;HARD;1;DISK OK - free space: / 37945 MB (74% inode=98%):
[1546281000] CURRENT SERVICE STATE: sig6;LocalService-NTPD SERVICE;OK;HARD;1;PROCS OK: 2 processes with command name 'ntpd'
[1546281000] CURRENT SERVICE STATE: sig6;Memory;OK;HARD;1;OK - 92.1% (14964556 kB) free.
[1546281000] CURRENT SERVICE STATE: sig6;Sensors Status;OK;HARD;1;SENSORS OK
[1546281000] CURRENT SERVICE STATE: sig6;Total Processes;OK;HARD;1;PROCS OK: 313 processes
[1546281000] CURRENT SERVICE STATE: sigqscluster1;CPU Load;OK;HARD;1;OK - load average: 0.18, 0.27, 0.49
[1546281000] CURRENT SERVICE STATE: sigqscluster1;CPU_Procs;CRITICAL;HARD;3;CPU CRITICAL: 1 crit, 0 warn out of 339 processes
[1546281000] CURRENT SERVICE STATE: sigqscluster1;Current Users;OK;HARD;1;USERS OK - 2 users currently logged in
[1546281000] CURRENT SERVICE STATE: sigqscluster1;HDD_Home status;OK;HARD;1;DISK OK - free space: /home 224579 MB (99% inode=99%):
[1546281000] CURRENT SERVICE STATE: sigqscluster1;HDD_Root status;OK;HARD;1;DISK OK - free space: / 41191 MB (80% inode=99%):
[1546281000] CURRENT SERVICE STATE: sigqscluster1;LocalService-NTPD SERVICE;OK;HARD;1;PROCS OK: 2 processes with command name 'ntpd'
[1546281000] CURRENT SERVICE STATE: sigqscluster1;Memory;OK;HARD;1;OK - 91.9% (45277836 kB) free.
[1546281000] CURRENT SERVICE STATE: sigqscluster1;Sensors Status;OK;HARD;1;SENSORS OK
[1546281000] CURRENT SERVICE STATE: sigqscluster1;Total Processes;OK;HARD;1;PROCS OK: 336 processes
[1546281000] CURRENT SERVICE STATE: sigqscluster2;CPU Load;OK;HARD;1;OK - load average: 0.99, 1.06, 1.24
[1546281000] CURRENT SERVICE STATE: sigqscluster2;CPU_Procs;CRITICAL;HARD;3;CPU CRITICAL: 1 crit, 0 warn out of 335 processes
[1546281000] CURRENT SERVICE STATE: sigqscluster2;Current Users;OK;HARD;1;USERS OK - 2 users currently logged in
[1546281000] CURRENT SERVICE STATE: sigqscluster2;HDD_Home status;OK;HARD;1;DISK OK - free space: /home 224577 MB (99% inode=99%):
[1546281000] CURRENT SERVICE STATE: sigqscluster2;HDD_Root status;OK;HARD;1;DISK OK - free space: / 41197 MB (80% inode=99%):
[1546281000] CURRENT SERVICE STATE: sigqscluster2;LocalService-NTPD SERVICE;OK;HARD;1;PROCS OK: 2 processes with command name 'ntpd'
[1546281000] CURRENT SERVICE STATE: sigqscluster2;Memory;OK;HARD;1;OK - 91.8% (45231724 kB) free.
[1546281000] CURRENT SERVICE STATE: sigqscluster2;Sensors Status;OK;HARD;1;SENSORS OK
[1546281000] CURRENT SERVICE STATE: sigqscluster2;Total Processes;OK;HARD;1;PROCS OK: 336 processes
[1546281000] CURRENT SERVICE STATE: smscapp1;CPU Load;OK;HARD;1;OK - load average: 0.79, 0.87, 0.79
[1546281000] CURRENT SERVICE STATE: smscapp1;CPU_Procs;CRITICAL;HARD;3;CPU CRITICAL: 2 crit, 0 warn out of 305 processes
[1546281000] CURRENT SERVICE STATE: smscapp1;Current Users;OK;HARD;1;USERS OK - 5 users currently logged in
[1546281000] CURRENT SERVICE STATE: smscapp1;HDD_Home status;OK;HARD;1;DISK OK - free space: /home 158369 MB (70% inode=99%):
[1546281000] CURRENT SERVICE STATE: smscapp1;HDD_Root status;OK;HARD;1;DISK OK - free space: / 39155 MB (76% inode=98%):
[1546281000] CURRENT SERVICE STATE: smscapp1;LocalService-NTPD SERVICE;OK;HARD;1;PROCS OK: 2 processes with command name 'ntpd'
[1546281000] CURRENT SERVICE STATE: smscapp1;Memory;OK;HARD;1;OK - 52.4% (8513556 kB) free.
[1546281000] CURRENT SERVICE STATE: smscapp1;Sensors Status;OK;HARD;1;SENSORS OK
[1546281000] CURRENT SERVICE STATE: smscapp1;Total Processes;OK;HARD;1;PROCS OK: 303 processes
[1546281000] CURRENT SERVICE STATE: smscapp2;CPU Load;OK;HARD;1;OK - load average: 0.74, 0.73, 0.89
[1546281000] CURRENT SERVICE STATE: smscapp2;CPU_Procs;WARNING;HARD;3;CPU WARNING: 4 warn out of 335 processes
[1546281000] CURRENT SERVICE STATE: smscapp2;Current Users;OK;HARD;1;USERS OK - 2 users currently logged in
[1546281000] CURRENT SERVICE STATE: smscapp2;HDD_Home status;OK;HARD;1;DISK OK - free space: /home 134659 MB (59% inode=99%):
[1546281000] CURRENT SERVICE STATE: smscapp2;HDD_Root status;OK;HARD;1;DISK OK - free space: / 39003 MB (76% inode=98%):
[1546281000] CURRENT SERVICE STATE: smscapp2;LocalService-NTPD SERVICE;OK;HARD;1;PROCS OK: 2 processes with command name 'ntpd'
[1546281000] CURRENT SERVICE STATE: smscapp2;Memory;CRITICAL;HARD;3;CRITICAL - 1.0% (167280 kB) free!
[1546281000] CURRENT SERVICE STATE: smscapp2;Sensors Status;OK;HARD;1;SENSORS OK
[1546281000] CURRENT SERVICE STATE: smscapp2;Total Processes;OK;HARD;1;PROCS OK: 335 processes
[1546281000] CURRENT SERVICE STATE: sservercluster1;CPU Load;OK;HARD;1;OK - load average: 0.00, 0.01, 0.05
[1546281000] CURRENT SERVICE STATE: sservercluster1;CPU_Procs;OK;HARD;1;CPU OK: 281 processes
[1546281000] CURRENT SERVICE STATE: sservercluster1;Current Users;OK;HARD;1;USERS OK - 1 users currently logged in
[1546281000] CURRENT SERVICE STATE: sservercluster1;HDD_Home status;OK;HARD;1;DISK OK - free space: /home 220679 MB (99% inode=99%):
[1546281000] CURRENT SERVICE STATE: sservercluster1;HDD_Root status;OK;HARD;1;DISK OK - free space: / 41790 MB (81% inode=99%):
[1546281000] CURRENT SERVICE STATE: sservercluster1;LocalService-NTPD SERVICE;OK;HARD;1;PROCS OK: 2 processes with command name 'ntpd'
[1546281000] CURRENT SERVICE STATE: sservercluster1;Memory;OK;HARD;1;OK - 75.9% (18594208 kB) free.
[1546281000] CURRENT SERVICE STATE: sservercluster1;Sensors Status;OK;HARD;1;SENSORS OK
[1546281000] CURRENT SERVICE STATE: sservercluster1;Total Processes;OK;HARD;1;PROCS OK: 280 processes
[1546281000] CURRENT SERVICE STATE: sservercluster2;CPU Load;OK;HARD;1;OK - load average: 0.00, 0.01, 0.05
[1546281000] CURRENT SERVICE STATE: sservercluster2;CPU_Procs;OK;HARD;1;CPU OK: 299 processes
[1546281000] CURRENT SERVICE STATE: sservercluster2;Current Users;OK;HARD;1;USERS OK - 1 users currently logged in
[1546281000] CURRENT SERVICE STATE: sservercluster2;HDD_Home status;OK;HARD;1;DISK OK - free space: /home 219756 MB (99% inode=99%):
[1546281000] CURRENT SERVICE STATE: sservercluster2;HDD_Root status;OK;HARD;1;DISK OK - free space: / 41254 MB (80% inode=99%):
[1546281000] CURRENT SERVICE STATE: sservercluster2;LocalService-NTPD SERVICE;OK;HARD;1;PROCS OK: 1 process with command name 'ntpd'
[1546281000] CURRENT SERVICE STATE: sservercluster2;Memory;OK;HARD;1;OK - 93.8% (22993500 kB) free.
[1546281000] CURRENT SERVICE STATE: sservercluster2;Sensors Status;OK;HARD;1;SENSORS OK
[1546281000] CURRENT SERVICE STATE: sservercluster2;Total Processes;OK;HARD;1;PROCS OK: 303 processes
[1546281000] CURRENT SERVICE STATE: webserver1;CPU Load;OK;HARD;1;OK - load average: 0.01, 0.02, 0.05
[1546281000] CURRENT SERVICE STATE: webserver1;CPU_Procs;OK;HARD;1;CPU OK: 320 processes
[1546281000] CURRENT SERVICE STATE: webserver1;Current Users;OK;HARD;1;USERS OK - 0 users currently logged in
[1546281000] CURRENT SERVICE STATE: webserver1;HDD_Home status;OK;HARD;1;DISK OK - free space: /home 224832 MB (99% inode=99%):
[1546281000] CURRENT SERVICE STATE: webserver1;HDD_Root status;OK;HARD;1;DISK OK - free space: / 40982 MB (80% inode=99%):
[1546281000] CURRENT SERVICE STATE: webserver1;LocalService-NTPD SERVICE;OK;HARD;1;PROCS OK: 2 processes with command name 'ntpd'
[1546281000] CURRENT SERVICE STATE: webserver1;Memory;OK;HARD;1;OK - 93.8% (22962432 kB) free.
[1546281000] CURRENT SERVICE STATE: webserver1;Nginx_status;OK;HARD;1;NGINX OK -  0.078 sec. response time, Active: 0 (Writing: 0 Reading: 0 Waiting: 0) ReqPerSec: 0.000 ConnPerSec: 0.000 ReqPerConn: 0.000
[1546281000] CURRENT SERVICE STATE: webserver1;Sensors Status;OK;HARD;1;SENSORS OK
[1546281000] CURRENT SERVICE STATE: webserver1;Total Processes;OK;HARD;1;PROCS OK: 319 processes
[1546281000] CURRENT SERVICE STATE: webserver2;CPU_Procs;OK;HARD;1;CPU OK: 452 processes
[1546281000] CURRENT SERVICE STATE: webserver2;Current Load;OK;HARD;1;OK - load average: 1.01, 0.39, 0.18
[1546281000] CURRENT SERVICE STATE: webserver2;Current Users;OK;HARD;1;USERS OK - 25 users currently logged in
[1546281000] CURRENT SERVICE STATE: webserver2;HDD_Home status;OK;HARD;1;DISK OK - free space: /home 218070 MB (97.03% inode=100%):
[1546281000] CURRENT SERVICE STATE: webserver2;HTTP;OK;HARD;1;HTTP OK: HTTP/1.1 200 OK - 355 bytes in 0.001 second response time
[1546281000] CURRENT SERVICE STATE: webserver2;LocalService-NTPD SERVICE;OK;HARD;1;PROCS OK: 2 processes with command name 'ntpd'
[1546281000] CURRENT SERVICE STATE: webserver2;Memory;OK;HARD;1;OK - 29.9% (7323888 kB) free.
[1546281000] CURRENT SERVICE STATE: webserver2;PING;OK;HARD;1;PING OK - Packet loss = 0%, RTA = 0.07 ms
[1546281000] CURRENT SERVICE STATE: webserver2;Root Partition;OK;HARD;1;DISK OK - free space: / 39009 MB (76.22% inode=99%):
[1546281000] CURRENT SERVICE STATE: webserver2;SSH;OK;HARD;1;SSH OK - OpenSSH_7.4 (protocol 2.0)
[1546281000] CURRENT SERVICE STATE: webserver2;Sensors Status;OK;HARD;1;SENSORS OK
[1546281000] CURRENT SERVICE STATE: webserver2;Total Processes;OK;HARD;1;PROCS OK: 163 processes with STATE = RSZDT
[1546281000] CURRENT SERVICE STATE: webservercluster1;CPU Load;OK;HARD;1;OK - load average: 0.00, 0.03, 0.05
[1546281000] CURRENT SERVICE STATE: webservercluster1;CPU_Procs;OK;HARD;1;CPU OK: 297 processes
[1546281000] CURRENT SERVICE STATE: webservercluster1;Current Users;OK;HARD;1;USERS OK - 3 users currently logged in
[1546281000] CURRENT SERVICE STATE: webservercluster1;HDD_Home status;OK;HARD;1;DISK OK - free space: / 41060 MB (80% inode=99%):
[1546281000] CURRENT SERVICE STATE: webservercluster1;HDD_Root status;OK;HARD;1;DISK OK - free space: /home 224709 MB (99% inode=99%):
[1546281000] CURRENT SERVICE STATE: webservercluster1;LocalService-NTPD SERVICE;OK;HARD;1;PROCS OK: 1 process with command name 'ntpd'
[1546281000] CURRENT SERVICE STATE: webservercluster1;Memory;OK;HARD;1;OK - 56.4% (9170248 kB) free.
[1546281000] CURRENT SERVICE STATE: webservercluster1;Sensors Status;OK;HARD;1;SENSORS OK
[1546281000] CURRENT SERVICE STATE: webservercluster1;Total Processes;OK;HARD;1;PROCS OK: 297 processes
[1546281000] CURRENT SERVICE STATE: webservercluster2;CPU Load;OK;HARD;1;OK - load average: 0.00, 0.01, 0.05
[1546281000] CURRENT SERVICE STATE: webservercluster2;CPU_Procs;OK;HARD;1;CPU OK: 290 processes
[1546281000] CURRENT SERVICE STATE: webservercluster2;Current Users;OK;HARD;1;USERS OK - 1 users currently logged in
[1546281000] CURRENT SERVICE STATE: webservercluster2;HDD_Home status;OK;HARD;1;DISK OK - free space: /home 224709 MB (99% inode=99%):
[1546281000] CURRENT SERVICE STATE: webservercluster2;HDD_Root status;OK;HARD;1;DISK OK - free space: / 41146 MB (80% inode=99%):
[1546281000] CURRENT SERVICE STATE: webservercluster2;LocalService-NTPD SERVICE;OK;HARD;1;PROCS OK: 1 process with command name 'ntpd'
[1546281000] CURRENT SERVICE STATE: webservercluster2;Memory;OK;HARD;1;OK - 57.7% (9375208 kB) free.
[1546281000] CURRENT SERVICE STATE: webservercluster2;Sensors Status;OK;HARD;1;SENSORS OK
[1546281000] CURRENT SERVICE STATE: webservercluster2;Total Processes;OK;HARD;1;PROCS OK: 290 processes
[1546281741] SERVICE NOTIFICATION: nagiosadmin;qservercluster1;CPU_Procs;CRITICAL;notify-service-by-email;CPU CRITICAL: 1 crit, 0 warn out of 306 processes
[1546281924] SERVICE NOTIFICATION: nagiosadmin;smscapp2;Memory;CRITICAL;notify-service-by-email;CRITICAL - 1.0% (166188 kB) free!
[1546282083] SERVICE NOTIFICATION: nagiosadmin;smscapp1;CPU_Procs;CRITICAL;notify-service-by-email;CPU CRITICAL: 2 crit, 0 warn out of 302 processes
[1546282165] Auto-save of retention data completed successfully.
[1546282236] SERVICE NOTIFICATION: nagiosadmin;sigqscluster2;CPU_Procs;CRITICAL;notify-service-by-email;CPU CRITICAL: 1 crit, 0 warn out of 335 processes
[1546282646] SERVICE NOTIFICATION: nagiosadmin;pservercluster2;HDD_Root status;WARNING;notify-service-by-email;DISK WARNING - free space: / 8190 MB (16% inode=98%):
[1546282712] SERVICE NOTIFICATION: nagiosadmin;qservercluster2;CPU_Procs;WARNING;notify-service-by-email;CPU WARNING: 1 warn out of 306 processes
[1546283183] SERVICE NOTIFICATION: nagiosadmin;sigqscluster1;CPU_Procs;CRITICAL;notify-service-by-email;CPU CRITICAL: 1 crit, 0 warn out of 338 processes
[1546283914] SERVICE NOTIFICATION: nagiosadmin;smscapp2;CPU_Procs;WARNING;notify-service-by-email;CPU WARNING: 4 warn out of 333 processes
[1546283981] SERVICE NOTIFICATION: nagiosadmin;pservercluster2;Memory;CRITICAL;notify-service-by-email;CRITICAL - 5.4% (1314012 kB) free!
[1546284016] SERVICE NOTIFICATION: nagiosadmin;sig1;HDD_Root status;WARNING;notify-service-by-email;DISK WARNING - free space: / 7685 MB (15% inode=97%):
[1546284508] SERVICE NOTIFICATION: nagiosadmin;pservercluster2;CPU_Procs;CRITICAL;notify-service-by-email;CPU CRITICAL: 2 crit, 3 warn out of 353 processes
[1546285341] SERVICE NOTIFICATION: nagiosadmin;qservercluster1;CPU_Procs;CRITICAL;notify-service-by-email;CPU CRITICAL: 1 crit, 0 warn out of 301 processes
[1546285524] SERVICE NOTIFICATION: nagiosadmin;smscapp2;Memory;CRITICAL;notify-service-by-email;CRITICAL - 1.0% (164588 kB) free!
[1546285684] SERVICE NOTIFICATION: nagiosadmin;smscapp1;CPU_Procs;CRITICAL;notify-service-by-email;CPU CRITICAL: 2 crit, 0 warn out of 305 processes
[1546285765] Auto-save of retention data completed successfully.
[1546285837] SERVICE NOTIFICATION: nagiosadmin;sigqscluster2;CPU_Procs;CRITICAL;notify-service-by-email;CPU CRITICAL: 1 crit, 0 warn out of 335 processes
[1546286246] SERVICE NOTIFICATION: nagiosadmin;pservercluster2;HDD_Root status;WARNING;notify-service-by-email;DISK WARNING - free space: / 8190 MB (16% inode=98%):
[1546286312] SERVICE NOTIFICATION: nagiosadmin;qservercluster2;CPU_Procs;WARNING;notify-service-by-email;CPU WARNING: 1 warn out of 305 processes
[1546286783] SERVICE NOTIFICATION: nagiosadmin;sigqscluster1;CPU_Procs;CRITICAL;notify-service-by-email;CPU CRITICAL: 1 crit, 0 warn out of 337 processes
[1546286836] SERVICE ALERT: pservercluster2;CPU Load;CRITICAL;SOFT;1;CRITICAL - load average: 1.27, 46.35, 39.27
[1546286956] SERVICE ALERT: pservercluster2;CPU Load;CRITICAL;SOFT;2;CRITICAL - load average: 0.66, 31.22, 34.59
[1546287076] SERVICE ALERT: pservercluster2;CPU Load;CRITICAL;HARD;3;CRITICAL - load average: 0.47, 21.03, 30.44
[1546287514] SERVICE NOTIFICATION: nagiosadmin;smscapp2;CPU_Procs;WARNING;notify-service-by-email;CPU WARNING: 4 warn out of 334 processes
[1546287581] SERVICE NOTIFICATION: nagiosadmin;pservercluster2;Memory;CRITICAL;notify-service-by-email;CRITICAL - 6.1% (1489176 kB) free!
[1546287616] SERVICE NOTIFICATION: nagiosadmin;sig1;HDD_Root status;WARNING;notify-service-by-email;DISK WARNING - free space: / 7685 MB (15% inode=97%):
[1546287676] SERVICE ALERT: pservercluster2;CPU Load;WARNING;HARD;3;WARNING - load average: 0.58, 3.33, 16.23
[1546288108] SERVICE NOTIFICATION: nagiosadmin;pservercluster2;CPU_Procs;CRITICAL;notify-service-by-email;CPU CRITICAL: 2 crit, 3 warn out of 354 processes
[1546288876] SERVICE ALERT: pservercluster2;CPU Load;OK;HARD;1;OK - load average: 0.46, 0.61, 4.89
[1546288941] SERVICE NOTIFICATION: nagiosadmin;qservercluster1;CPU_Procs;CRITICAL;notify-service-by-email;CPU CRITICAL: 1 crit, 0 warn out of 301 processes
[1546289124] SERVICE NOTIFICATION: nagiosadmin;smscapp2;Memory;CRITICAL;notify-service-by-email;CRITICAL - 1.0% (164896 kB) free!
[1546289365] Auto-save of retention data completed successfully.
[1546289847] SERVICE NOTIFICATION: nagiosadmin;pservercluster2;HDD_Root status;WARNING;notify-service-by-email;DISK WARNING - free space: / 8190 MB (16% inode=98%):
[1546289883] SERVICE NOTIFICATION: nagiosadmin;smscapp1;CPU_Procs;CRITICAL;notify-service-by-email;CPU CRITICAL: 2 crit, 0 warn out of 307 processes
[1546289912] SERVICE NOTIFICATION: nagiosadmin;qservercluster2;CPU_Procs;WARNING;notify-service-by-email;CPU WARNING: 1 warn out of 303 processes
[1546290036] SERVICE NOTIFICATION: nagiosadmin;sigqscluster2;CPU_Procs;CRITICAL;notify-service-by-email;CPU CRITICAL: 1 crit, 0 warn out of 337 processes
[1546290384] SERVICE NOTIFICATION: nagiosadmin;sigqscluster1;CPU_Procs;CRITICAL;notify-service-by-email;CPU CRITICAL: 1 crit, 0 warn out of 338 processes
[1546291114] SERVICE NOTIFICATION: nagiosadmin;smscapp2;CPU_Procs;WARNING;notify-service-by-email;CPU WARNING: 4 warn out of 334 processes
[1546291181] SERVICE NOTIFICATION: nagiosadmin;pservercluster2;Memory;CRITICAL;notify-service-by-email;CRITICAL - 5.4% (1328388 kB) free!
[1546291216] SERVICE NOTIFICATION: nagiosadmin;sig1;HDD_Root status;WARNING;notify-service-by-email;DISK WARNING - free space: / 7685 MB (15% inode=97%):
[1546291708] SERVICE NOTIFICATION: nagiosadmin;pservercluster2;CPU_Procs;CRITICAL;notify-service-by-email;CPU CRITICAL: 2 crit, 3 warn out of 351 processes
[1546292541] SERVICE NOTIFICATION: nagiosadmin;qservercluster1;CPU_Procs;CRITICAL;notify-service-by-email;CPU CRITICAL: 1 crit, 0 warn out of 302 processes
[1546292724] SERVICE NOTIFICATION: nagiosadmin;smscapp2;Memory;CRITICAL;notify-service-by-email;CRITICAL - 1.0% (162012 kB) free!
[1546292965] Auto-save of retention data completed successfully.
[1546293483] SERVICE NOTIFICATION: nagiosadmin;smscapp1;CPU_Procs;CRITICAL;notify-service-by-email;CPU CRITICAL: 2 crit, 0 warn out of 305 processes
[1546293512] SERVICE NOTIFICATION: nagiosadmin;qservercluster2;CPU_Procs;WARNING;notify-service-by-email;CPU WARNING: 1 warn out of 304 processes
[1546293636] SERVICE NOTIFICATION: nagiosadmin;sigqscluster2;CPU_Procs;CRITICAL;notify-service-by-email;CPU CRITICAL: 1 crit, 0 warn out of 338 processes
[1546294022] SERVICE ALERT: webserver2;CPU_Procs;CRITICAL;SOFT;1;CPU CRITICAL: 1 crit, 0 warn out of 449 processes
[1546294046] SERVICE NOTIFICATION: nagiosadmin;pservercluster2;HDD_Root status;WARNING;notify-service-by-email;DISK WARNING - free space: / 8190 MB (16% inode=98%):
[1546294082] SERVICE ALERT: webserver2;CPU_Procs;OK;HARD;1;CPU OK: 448 processes
[1546294276] SERVICE ALERT: pservercluster2;CPU Load;CRITICAL;SOFT;1;CRITICAL - load average: 627.67, 157.53, 53.22
[1546294396] SERVICE ALERT: pservercluster2;CPU Load;CRITICAL;SOFT;2;CRITICAL - load average: 101.90, 121.61, 53.56
[1546294516] SERVICE ALERT: pservercluster2;CPU Load;CRITICAL;HARD;3;CRITICAL - load average: 14.19, 81.56, 47.13
[1546294583] SERVICE NOTIFICATION: nagiosadmin;sigqscluster1;CPU_Procs;CRITICAL;notify-service-by-email;CPU CRITICAL: 1 crit, 0 warn out of 340 processes
[1546294714] SERVICE NOTIFICATION: nagiosadmin;smscapp2;CPU_Procs;WARNING;notify-service-by-email;CPU WARNING: 4 warn out of 334 processes
[1546294781] SERVICE NOTIFICATION: nagiosadmin;pservercluster2;Memory;CRITICAL;notify-service-by-email;CRITICAL - 7.7% (1899048 kB) free!
[1546294816] SERVICE NOTIFICATION: nagiosadmin;sig1;HDD_Root status;WARNING;notify-service-by-email;DISK WARNING - free space: / 7685 MB (15% inode=97%):
[1546295308] SERVICE NOTIFICATION: nagiosadmin;pservercluster2;CPU_Procs;CRITICAL;notify-service-by-email;CPU CRITICAL: 2 crit, 3 warn out of 352 processes
[1546295716] SERVICE ALERT: pservercluster2;CPU Load;WARNING;HARD;3;WARNING - load average: 0.40, 1.95, 13.35
[1546296141] SERVICE NOTIFICATION: nagiosadmin;qservercluster1;CPU_Procs;CRITICAL;notify-service-by-email;CPU CRITICAL: 1 crit, 0 warn out of 304 processes
[1546296324] SERVICE NOTIFICATION: nagiosadmin;smscapp2;Memory;CRITICAL;notify-service-by-email;CRITICAL - 1.0% (163632 kB) free!
[1546296565] Auto-save of retention data completed successfully.
[1546296916] SERVICE ALERT: pservercluster2;CPU Load;OK;HARD;1;OK - load average: 0.87, 0.79, 4.20
[1546297083] SERVICE NOTIFICATION: nagiosadmin;smscapp1;CPU_Procs;CRITICAL;notify-service-by-email;CPU CRITICAL: 2 crit, 0 warn out of 306 processes
[1546297112] SERVICE NOTIFICATION: nagiosadmin;qservercluster2;CPU_Procs;WARNING;notify-service-by-email;CPU WARNING: 1 warn out of 303 processes
[1546297236] SERVICE NOTIFICATION: nagiosadmin;sigqscluster2;CPU_Procs;CRITICAL;notify-service-by-email;CPU CRITICAL: 1 crit, 0 warn out of 337 processes
[1546297646] SERVICE NOTIFICATION: nagiosadmin;pservercluster2;HDD_Root status;WARNING;notify-service-by-email;DISK WARNING - free space: / 8190 MB (16% inode=98%):
[1546298183] SERVICE NOTIFICATION: nagiosadmin;sigqscluster1;CPU_Procs;CRITICAL;notify-service-by-email;CPU CRITICAL: 1 crit, 0 warn out of 337 processes
[1546298314] SERVICE NOTIFICATION: nagiosadmin;smscapp2;CPU_Procs;WARNING;notify-service-by-email;CPU WARNING: 4 warn out of 333 processes
[1546298381] SERVICE NOTIFICATION: nagiosadmin;pservercluster2;Memory;CRITICAL;notify-service-by-email;CRITICAL - 7.1% (1732308 kB) free!
[1546298416] SERVICE NOTIFICATION: nagiosadmin;sig1;HDD_Root status;WARNING;notify-service-by-email;DISK WARNING - free space: / 7685 MB (15% inode=97%):
[1546298908] SERVICE NOTIFICATION: nagiosadmin;pservercluster2;CPU_Procs;CRITICAL;notify-service-by-email;CPU CRITICAL: 2 crit, 3 warn out of 353 processes
[1546299741] SERVICE NOTIFICATION: nagiosadmin;qservercluster1;CPU_Procs;CRITICAL;notify-service-by-email;CPU CRITICAL: 1 crit, 0 warn out of 301 processes
[1546299925] SERVICE NOTIFICATION: nagiosadmin;smscapp2;Memory;CRITICAL;notify-service-by-email;CRITICAL - 1.0% (164272 kB) free!
[1546300165] Auto-save of retention data completed successfully.
[1546300683] SERVICE NOTIFICATION: nagiosadmin;smscapp1;CPU_Procs;CRITICAL;notify-service-by-email;CPU CRITICAL: 2 crit, 0 warn out of 306 processes
[1546300712] SERVICE NOTIFICATION: nagiosadmin;qservercluster2;CPU_Procs;WARNING;notify-service-by-email;CPU WARNING: 1 warn out of 303 processes
[1546300836] SERVICE NOTIFICATION: nagiosadmin;sigqscluster2;CPU_Procs;CRITICAL;notify-service-by-email;CPU CRITICAL: 1 crit, 0 warn out of 338 processes
[1546301246] SERVICE NOTIFICATION: nagiosadmin;pservercluster2;HDD_Root status;WARNING;notify-service-by-email;DISK WARNING - free space: / 8190 MB (16% inode=98%):
[1546301783] SERVICE NOTIFICATION: nagiosadmin;sigqscluster1;CPU_Procs;CRITICAL;notify-service-by-email;CPU CRITICAL: 1 crit, 0 warn out of 336 processes
[1546301914] SERVICE NOTIFICATION: nagiosadmin;smscapp2;CPU_Procs;WARNING;notify-service-by-email;CPU WARNING: 4 warn out of 334 processes
[1546301981] SERVICE NOTIFICATION: nagiosadmin;pservercluster2;Memory;CRITICAL;notify-service-by-email;CRITICAL - 6.4% (1564340 kB) free!
[1546302016] SERVICE NOTIFICATION: nagiosadmin;sig1;HDD_Root status;WARNING;notify-service-by-email;DISK WARNING - free space: / 7698 MB (15% inode=97%):
[1546302316] SERVICE ALERT: pservercluster2;CPU Load;CRITICAL;SOFT;1;CRITICAL - load average: 9.80, 74.98, 45.84
[1546302436] SERVICE ALERT: pservercluster2;CPU Load;CRITICAL;SOFT;2;CRITICAL - load average: 1.78, 50.36, 40.35
[1546302508] SERVICE NOTIFICATION: nagiosadmin;pservercluster2;CPU_Procs;CRITICAL;notify-service-by-email;CPU CRITICAL: 2 crit, 3 warn out of 354 processes
[1546302556] SERVICE ALERT: pservercluster2;CPU Load;CRITICAL;HARD;3;CRITICAL - load average: 0.90, 33.95, 35.56
[1546303157] SERVICE ALERT: pservercluster2;CPU Load;WARNING;HARD;3;WARNING - load average: 0.80, 5.22, 18.98
[1546303341] SERVICE NOTIFICATION: nagiosadmin;qservercluster1;CPU_Procs;CRITICAL;notify-service-by-email;CPU CRITICAL: 1 crit, 0 warn out of 302 processes
[1546303765] Auto-save of retention data completed successfully.
[1546304124] SERVICE NOTIFICATION: nagiosadmin;smscapp2;Memory;CRITICAL;notify-service-by-email;CRITICAL - 1.0% (162548 kB) free!
[1546304283] SERVICE NOTIFICATION: nagiosadmin;smscapp1;CPU_Procs;CRITICAL;notify-service-by-email;CPU CRITICAL: 2 crit, 0 warn out of 305 processes
[1546304312] SERVICE NOTIFICATION: nagiosadmin;qservercluster2;CPU_Procs;WARNING;notify-service-by-email;CPU WARNING: 1 warn out of 302 processes
[1546304436] SERVICE NOTIFICATION: nagiosadmin;sigqscluster2;CPU_Procs;CRITICAL;notify-service-by-email;CPU CRITICAL: 1 crit, 0 warn out of 336 processes
[1546304846] SERVICE NOTIFICATION: nagiosadmin;pservercluster2;HDD_Root status;WARNING;notify-service-by-email;DISK WARNING - free space: / 8190 MB (16% inode=98%):
[1546304957] SERVICE ALERT: pservercluster2;CPU Load;OK;HARD;1;OK - load average: 0.85, 0.73, 3.34
[1546305383] SERVICE NOTIFICATION: nagiosadmin;sigqscluster1;CPU_Procs;CRITICAL;notify-service-by-email;CPU CRITICAL: 1 crit, 0 warn out of 337 processes
[1546305514] SERVICE NOTIFICATION: nagiosadmin;smscapp2;CPU_Procs;WARNING;notify-service-by-email;CPU WARNING: 4 warn out of 333 processes
[1546305581] SERVICE NOTIFICATION: nagiosadmin;pservercluster2;Memory;CRITICAL;notify-service-by-email;CRITICAL - 7.4% (1808068 kB) free!
[1546305616] SERVICE NOTIFICATION: nagiosadmin;sig1;HDD_Root status;WARNING;notify-service-by-email;DISK WARNING - free space: / 7695 MB (15% inode=97%):
[1546306108] SERVICE NOTIFICATION: nagiosadmin;pservercluster2;CPU_Procs;CRITICAL;notify-service-by-email;CPU CRITICAL: 2 crit, 3 warn out of 352 processes
[1546306941] SERVICE NOTIFICATION: nagiosadmin;qservercluster1;CPU_Procs;CRITICAL;notify-service-by-email;CPU CRITICAL: 1 crit, 0 warn out of 300 processes
[1546307365] Auto-save of retention data completed successfully.
[1546307725] SERVICE NOTIFICATION: nagiosadmin;smscapp2;Memory;CRITICAL;notify-service-by-email;CRITICAL - 1.4% (235336 kB) free!
[1546307883] SERVICE NOTIFICATION: nagiosadmin;smscapp1;CPU_Procs;CRITICAL;notify-service-by-email;CPU CRITICAL: 2 crit, 0 warn out of 305 processes
[1546307912] SERVICE NOTIFICATION: nagiosadmin;qservercluster2;CPU_Procs;WARNING;notify-service-by-email;CPU WARNING: 1 warn out of 304 processes
[1546308036] SERVICE NOTIFICATION: nagiosadmin;sigqscluster2;CPU_Procs;CRITICAL;notify-service-by-email;CPU CRITICAL: 1 crit, 0 warn out of 337 processes
[1546308446] SERVICE NOTIFICATION: nagiosadmin;pservercluster2;HDD_Root status;WARNING;notify-service-by-email;DISK WARNING - free space: / 8186 MB (15% inode=98%):
[1546308983] SERVICE NOTIFICATION: nagiosadmin;sigqscluster1;CPU_Procs;CRITICAL;notify-service-by-email;CPU CRITICAL: 1 crit, 0 warn out of 336 processes
[1546309114] SERVICE NOTIFICATION: nagiosadmin;smscapp2;CPU_Procs;WARNING;notify-service-by-email;CPU WARNING: 4 warn out of 334 processes
[1546309181] SERVICE NOTIFICATION: nagiosadmin;pservercluster2;Memory;CRITICAL;notify-service-by-email;CRITICAL - 6.5% (1595696 kB) free!
[1546309216] SERVICE NOTIFICATION: nagiosadmin;sig1;HDD_Root status;WARNING;notify-service-by-email;DISK WARNING - free space: / 7694 MB (15% inode=97%):
[1546309708] SERVICE NOTIFICATION: nagiosadmin;pservercluster2;CPU_Procs;CRITICAL;notify-service-by-email;CPU CRITICAL: 2 crit, 3 warn out of 401 processes
[1546309757] SERVICE ALERT: pservercluster2;CPU Load;CRITICAL;SOFT;1;CRITICAL - load average: 41.02, 101.42, 50.57
[1546309877] SERVICE ALERT: pservercluster2;CPU Load;CRITICAL;SOFT;2;CRITICAL - load average: 5.90, 68.01, 44.50
[1546309997] SERVICE ALERT: pservercluster2;CPU Load;CRITICAL;HARD;3;CRITICAL - load average: 1.39, 45.71, 39.17
[1546310541] SERVICE NOTIFICATION: nagiosadmin;qservercluster1;CPU_Procs;CRITICAL;notify-service-by-email;CPU CRITICAL: 1 crit, 0 warn out of 300 processes
[1546310965] Auto-save of retention data completed successfully.
[1546311197] SERVICE ALERT: pservercluster2;CPU Load;WARNING;HARD;3;WARNING - load average: 0.78, 1.56, 11.27
[1546311483] SERVICE NOTIFICATION: nagiosadmin;smscapp1;CPU_Procs;CRITICAL;notify-service-by-email;CPU CRITICAL: 2 crit, 0 warn out of 301 processes
[1546311512] SERVICE NOTIFICATION: nagiosadmin;qservercluster2;CPU_Procs;WARNING;notify-service-by-email;CPU WARNING: 1 warn out of 306 processes
[1546311636] SERVICE NOTIFICATION: nagiosadmin;sigqscluster2;CPU_Procs;CRITICAL;notify-service-by-email;CPU CRITICAL: 1 crit, 0 warn out of 336 processes
[1546311924] SERVICE NOTIFICATION: nagiosadmin;smscapp2;Memory;CRITICAL;notify-service-by-email;CRITICAL - 1.4% (234016 kB) free!
[1546312046] SERVICE NOTIFICATION: nagiosadmin;pservercluster2;HDD_Root status;WARNING;notify-service-by-email;DISK WARNING - free space: / 8190 MB (16% inode=98%):
[1546312397] SERVICE ALERT: pservercluster2;CPU Load;OK;HARD;1;OK - load average: 0.76, 0.73, 3.60
[1546312583] SERVICE NOTIFICATION: nagiosadmin;sigqscluster1;CPU_Procs;CRITICAL;notify-service-by-email;CPU CRITICAL: 1 crit, 0 warn out of 337 processes
[1546312714] SERVICE NOTIFICATION: nagiosadmin;smscapp2;CPU_Procs;WARNING;notify-service-by-email;CPU WARNING: 4 warn out of 334 processes
[1546312781] SERVICE NOTIFICATION: nagiosadmin;pservercluster2;Memory;CRITICAL;notify-service-by-email;CRITICAL - 7.4% (1820576 kB) free!
[1546312816] SERVICE NOTIFICATION: nagiosadmin;sig1;HDD_Root status;WARNING;notify-service-by-email;DISK WARNING - free space: / 7694 MB (15% inode=97%):
[1546313309] SERVICE NOTIFICATION: nagiosadmin;pservercluster2;CPU_Procs;CRITICAL;notify-service-by-email;CPU CRITICAL: 2 crit, 3 warn out of 354 processes
[1546314032] SERVICE ALERT: db2;CPU_Procs;CRITICAL;SOFT;1;CPU CRITICAL: 1 crit, 0 warn out of 290 processes
[1546314089] SERVICE ALERT: db2;Memory;WARNING;SOFT;1;WARNING - 19.9% (9820528 kB) free!
[1546314141] SERVICE NOTIFICATION: nagiosadmin;qservercluster1;CPU_Procs;CRITICAL;notify-service-by-email;CPU CRITICAL: 1 crit, 0 warn out of 301 processes
[1546314152] SERVICE ALERT: db2;CPU_Procs;CRITICAL;SOFT;2;CPU CRITICAL: 1 crit, 0 warn out of 291 processes
[1546314209] SERVICE ALERT: db2;Memory;WARNING;SOFT;2;WARNING - 17.1% (8420252 kB) free!
[1546314272] SERVICE NOTIFICATION: nagiosadmin;db2;CPU_Procs;CRITICAL;notify-service-by-email;CPU CRITICAL: 1 crit, 0 warn out of 291 processes
[1546314272] SERVICE ALERT: db2;CPU_Procs;CRITICAL;HARD;3;CPU CRITICAL: 1 crit, 0 warn out of 291 processes
[1546314329] SERVICE ALERT: db2;Memory;OK;HARD;1;OK - 20.8% (10260372 kB) free.
[1546314565] Auto-save of retention data completed successfully.
[1546314797] SERVICE ALERT: pservercluster2;CPU Load;WARNING;SOFT;1;WARNING - load average: 0.76, 10.13, 11.49
[1546314872] SERVICE NOTIFICATION: nagiosadmin;db2;CPU_Procs;OK;notify-service-by-email;CPU OK: 290 processes
[1546314872] SERVICE ALERT: db2;CPU_Procs;OK;HARD;1;CPU OK: 290 processes
[1546314917] SERVICE ALERT: pservercluster2;CPU Load;WARNING;SOFT;2;WARNING - load average: 0.62, 6.97, 10.16
[1546315037] SERVICE ALERT: pservercluster2;CPU Load;WARNING;HARD;3;WARNING - load average: 2.46, 6.54, 9.70
[1546315083] SERVICE NOTIFICATION: nagiosadmin;smscapp1;CPU_Procs;CRITICAL;notify-service-by-email;CPU CRITICAL: 2 crit, 0 warn out of 302 processes
[1546315112] SERVICE NOTIFICATION: nagiosadmin;qservercluster2;CPU_Procs;WARNING;notify-service-by-email;CPU WARNING: 1 warn out of 305 processes
[1546315236] SERVICE NOTIFICATION: nagiosadmin;sigqscluster2;CPU_Procs;CRITICAL;notify-service-by-email;CPU CRITICAL: 1 crit, 0 warn out of 336 processes
[1546315525] SERVICE NOTIFICATION: nagiosadmin;smscapp2;Memory;CRITICAL;notify-service-by-email;CRITICAL - 1.4% (220912 kB) free!
[1546315647] SERVICE NOTIFICATION: nagiosadmin;pservercluster2;HDD_Root status;WARNING;notify-service-by-email;DISK WARNING - free space: / 8190 MB (16% inode=98%):
[1546316183] SERVICE NOTIFICATION: nagiosadmin;sigqscluster1;CPU_Procs;CRITICAL;notify-service-by-email;CPU CRITICAL: 1 crit, 0 warn out of 338 processes
[1546316237] SERVICE ALERT: pservercluster2;CPU Load;OK;HARD;1;OK - load average: 0.53, 0.72, 3.12
[1546316314] SERVICE NOTIFICATION: nagiosadmin;smscapp2;CPU_Procs;WARNING;notify-service-by-email;CPU WARNING: 4 warn out of 334 processes
[1546316381] SERVICE NOTIFICATION: nagiosadmin;pservercluster2;Memory;CRITICAL;notify-service-by-email;CRITICAL - 7.4% (1818884 kB) free!
[1546316416] SERVICE NOTIFICATION: nagiosadmin;sig1;HDD_Root status;WARNING;notify-service-by-email;DISK WARNING - free space: / 7691 MB (15% inode=97%):
[1546317508] SERVICE NOTIFICATION: nagiosadmin;pservercluster2;CPU_Procs;CRITICAL;notify-service-by-email;CPU CRITICAL: 2 crit, 3 warn out of 353 processes
[1546317741] SERVICE NOTIFICATION: nagiosadmin;qservercluster1;CPU_Procs;CRITICAL;notify-service-by-email;CPU CRITICAL: 1 crit, 0 warn out of 302 processes
[1546318165] Auto-save of retention data completed successfully.
[1546318683] SERVICE NOTIFICATION: nagiosadmin;smscapp1;CPU_Procs;CRITICAL;notify-service-by-email;CPU CRITICAL: 2 crit, 0 warn out of 302 processes
[1546318712] SERVICE NOTIFICATION: nagiosadmin;qservercluster2;CPU_Procs;WARNING;notify-service-by-email;CPU WARNING: 1 warn out of 304 processes
[1546318836] SERVICE NOTIFICATION: nagiosadmin;sigqscluster2;CPU_Procs;CRITICAL;notify-service-by-email;CPU CRITICAL: 1 crit, 0 warn out of 336 processes
[1546319724] SERVICE NOTIFICATION: nagiosadmin;smscapp2;Memory;CRITICAL;notify-service-by-email;CRITICAL - 1.3% (206332 kB) free!
[1546319783] SERVICE NOTIFICATION: nagiosadmin;sigqscluster1;CPU_Procs;CRITICAL;notify-service-by-email;CPU CRITICAL: 1 crit, 0 warn out of 336 processes
[1546319846] SERVICE NOTIFICATION: nagiosadmin;pservercluster2;HDD_Root status;WARNING;notify-service-by-email;DISK WARNING - free space: / 8189 MB (16% inode=98%):
[1546319915] SERVICE NOTIFICATION: nagiosadmin;smscapp2;CPU_Procs;WARNING;notify-service-by-email;CPU WARNING: 4 warn out of 333 processes
[1546319981] SERVICE NOTIFICATION: nagiosadmin;pservercluster2;Memory;CRITICAL;notify-service-by-email;CRITICAL - 7.1% (1732592 kB) free!
[1546320016] SERVICE NOTIFICATION: nagiosadmin;sig1;HDD_Root status;WARNING;notify-service-by-email;DISK WARNING - free space: / 7683 MB (15% inode=97%):
[1546320872] SERVICE ALERT: db2;CPU_Procs;CRITICAL;SOFT;1;CPU CRITICAL: 1 crit, 0 warn out of 295 processes
[1546320992] SERVICE ALERT: db2;CPU_Procs;CRITICAL;SOFT;2;CPU CRITICAL: 1 crit, 0 warn out of 294 processes
[1546321108] SERVICE NOTIFICATION: nagiosadmin;pservercluster2;CPU_Procs;CRITICAL;notify-service-by-email;CPU CRITICAL: 2 crit, 3 warn out of 353 processes
[1546321112] SERVICE NOTIFICATION: nagiosadmin;db2;CPU_Procs;CRITICAL;notify-service-by-email;CPU CRITICAL: 1 crit, 0 warn out of 294 processes
[1546321112] SERVICE ALERT: db2;CPU_Procs;CRITICAL;HARD;3;CPU CRITICAL: 1 crit, 0 warn out of 294 processes
[1546321342] SERVICE NOTIFICATION: nagiosadmin;qservercluster1;CPU_Procs;CRITICAL;notify-service-by-email;CPU CRITICAL: 1 crit, 0 warn out of 300 processes
[1546321712] SERVICE FLAPPING ALERT: db2;CPU_Procs;STARTED; Service appears to have started flapping (21.8% change >= 20.0% threshold)
[1546321712] SERVICE ALERT: db2;CPU_Procs;OK;HARD;1;CPU OK: 291 processes
[1546321765] Auto-save of retention data completed successfully.
[1546322283] SERVICE NOTIFICATION: nagiosadmin;smscapp1;CPU_Procs;CRITICAL;notify-service-by-email;CPU CRITICAL: 2 crit, 0 warn out of 300 processes
[1546322312] SERVICE NOTIFICATION: nagiosadmin;qservercluster2;CPU_Procs;WARNING;notify-service-by-email;CPU WARNING: 1 warn out of 305 processes
[1546322437] SERVICE NOTIFICATION: nagiosadmin;sigqscluster2;CPU_Procs;CRITICAL;notify-service-by-email;CPU CRITICAL: 1 crit, 0 warn out of 337 processes
[1546322837] SERVICE ALERT: pservercluster2;CPU Load;CRITICAL;SOFT;1;CRITICAL - load average: 0.62, 28.41, 33.58
[1546322957] SERVICE ALERT: pservercluster2;CPU Load;CRITICAL;SOFT;2;CRITICAL - load average: 4.87, 21.29, 30.36
[1546323077] SERVICE ALERT: pservercluster2;CPU Load;CRITICAL;HARD;3;CRITICAL - load average: 1.52, 14.63, 26.83
[1546323324] SERVICE NOTIFICATION: nagiosadmin;smscapp2;Memory;CRITICAL;notify-service-by-email;CRITICAL - 1.3% (205464 kB) free!
[1546323383] SERVICE NOTIFICATION: nagiosadmin;sigqscluster1;CPU_Procs;CRITICAL;notify-service-by-email;CPU CRITICAL: 1 crit, 0 warn out of 338 processes
[1546323446] SERVICE NOTIFICATION: nagiosadmin;pservercluster2;HDD_Root status;WARNING;notify-service-by-email;DISK WARNING - free space: / 8190 MB (16% inode=98%):
[1546323581] SERVICE NOTIFICATION: nagiosadmin;pservercluster2;Memory;CRITICAL;notify-service-by-email;CRITICAL - 7.8% (1908172 kB) free!
[1546323616] SERVICE NOTIFICATION: nagiosadmin;sig1;HDD_Root status;WARNING;notify-service-by-email;DISK WARNING - free space: / 7673 MB (14% inode=97%):
[1546323678] SERVICE ALERT: pservercluster2;CPU Load;WARNING;HARD;3;WARNING - load average: 0.41, 2.40, 14.31
[1546324114] SERVICE NOTIFICATION: nagiosadmin;smscapp2;CPU_Procs;WARNING;notify-service-by-email;CPU WARNING: 4 warn out of 335 processes
[1546324708] SERVICE NOTIFICATION: nagiosadmin;pservercluster2;CPU_Procs;CRITICAL;notify-service-by-email;CPU CRITICAL: 2 crit, 3 warn out of 352 processes
[1546324878] SERVICE ALERT: pservercluster2;CPU Load;OK;HARD;1;OK - load average: 0.61, 0.74, 4.42
[1546325365] Auto-save of retention data completed successfully.
[1546325541] SERVICE NOTIFICATION: nagiosadmin;qservercluster1;CPU_Procs;CRITICAL;notify-service-by-email;CPU CRITICAL: 1 crit, 0 warn out of 300 processes
[1546325883] SERVICE NOTIFICATION: nagiosadmin;smscapp1;CPU_Procs;CRITICAL;notify-service-by-email;CPU CRITICAL: 2 crit, 0 warn out of 301 processes
[1546325912] SERVICE NOTIFICATION: nagiosadmin;qservercluster2;CPU_Procs;WARNING;notify-service-by-email;CPU WARNING: 1 warn out of 304 processes
[1546326636] SERVICE NOTIFICATION: nagiosadmin;sigqscluster2;CPU_Procs;CRITICAL;notify-service-by-email;CPU CRITICAL: 1 crit, 0 warn out of 334 processes
[1546326924] SERVICE NOTIFICATION: nagiosadmin;smscapp2;Memory;CRITICAL;notify-service-by-email;CRITICAL - 1.3% (206560 kB) free!
[1546326984] SERVICE NOTIFICATION: nagiosadmin;sigqscluster1;CPU_Procs;CRITICAL;notify-service-by-email;CPU CRITICAL: 1 crit, 0 warn out of 338 processes
[1546327046] SERVICE NOTIFICATION: nagiosadmin;pservercluster2;HDD_Root status;WARNING;notify-service-by-email;DISK WARNING - free space: / 8189 MB (16% inode=98%):
[1546327181] SERVICE NOTIFICATION: nagiosadmin;pservercluster2;Memory;CRITICAL;notify-service-by-email;CRITICAL - 7.1% (1736136 kB) free!
[1546327216] SERVICE NOTIFICATION: nagiosadmin;sig1;HDD_Root status;WARNING;notify-service-by-email;DISK WARNING - free space: / 7672 MB (14% inode=97%):
[1546327714] SERVICE NOTIFICATION: nagiosadmin;smscapp2;CPU_Procs;WARNING;notify-service-by-email;CPU WARNING: 4 warn out of 335 processes
[1546328308] SERVICE NOTIFICATION: nagiosadmin;pservercluster2;CPU_Procs;CRITICAL;notify-service-by-email;CPU CRITICAL: 2 crit, 3 warn out of 353 processes
[1546328965] Auto-save of retention data completed successfully.
[1546329141] SERVICE NOTIFICATION: nagiosadmin;qservercluster1;CPU_Procs;CRITICAL;notify-service-by-email;CPU CRITICAL: 1 crit, 0 warn out of 302 processes
[1546329484] SERVICE NOTIFICATION: nagiosadmin;smscapp1;CPU_Procs;CRITICAL;notify-service-by-email;CPU CRITICAL: 2 crit, 0 warn out of 301 processes
[1546329512] SERVICE NOTIFICATION: nagiosadmin;qservercluster2;CPU_Procs;WARNING;notify-service-by-email;CPU WARNING: 1 warn out of 305 processes
[1546330236] SERVICE NOTIFICATION: nagiosadmin;sigqscluster2;CPU_Procs;CRITICAL;notify-service-by-email;CPU CRITICAL: 1 crit, 0 warn out of 335 processes
[1546330524] SERVICE NOTIFICATION: nagiosadmin;smscapp2;Memory;CRITICAL;notify-service-by-email;CRITICAL - 1.3% (204552 kB) free!
[1546330646] SERVICE NOTIFICATION: nagiosadmin;pservercluster2;HDD_Root status;WARNING;notify-service-by-email;DISK WARNING - free space: / 8189 MB (16% inode=98%):
[1546330781] SERVICE NOTIFICATION: nagiosadmin;pservercluster2;Memory;CRITICAL;notify-service-by-email;CRITICAL - 6.3% (1537168 kB) free!
[1546330816] SERVICE NOTIFICATION: nagiosadmin;sig1;HDD_Root status;WARNING;notify-service-by-email;DISK WARNING - free space: / 7671 MB (14% inode=97%):
[1546331183] SERVICE NOTIFICATION: nagiosadmin;sigqscluster1;CPU_Procs;CRITICAL;notify-service-by-email;CPU CRITICAL: 1 crit, 0 warn out of 338 processes
[1546331314] SERVICE NOTIFICATION: nagiosadmin;smscapp2;CPU_Procs;WARNING;notify-service-by-email;CPU WARNING: 4 warn out of 334 processes
[1546331478] SERVICE ALERT: pservercluster2;CPU Load;CRITICAL;SOFT;1;CRITICAL - load average: 1.54, 49.37, 43.43
[1546331598] SERVICE ALERT: pservercluster2;CPU Load;CRITICAL;SOFT;2;CRITICAL - load average: 0.92, 33.37, 38.29
[1546331718] SERVICE ALERT: pservercluster2;CPU Load;CRITICAL;HARD;3;CRITICAL - load average: 0.51, 22.51, 33.72
[1546331908] SERVICE NOTIFICATION: nagiosadmin;pservercluster2;CPU_Procs;CRITICAL;notify-service-by-email;CPU CRITICAL: 2 crit, 3 warn out of 351 processes
[1546332318] SERVICE ALERT: pservercluster2;CPU Load;WARNING;HARD;3;WARNING - load average: 0.47, 3.41, 17.89
[1546332565] Auto-save of retention data completed successfully.
[1546332741] SERVICE NOTIFICATION: nagiosadmin;qservercluster1;CPU_Procs;CRITICAL;notify-service-by-email;CPU CRITICAL: 1 crit, 0 warn out of 300 processes
[1546333112] SERVICE FLAPPING ALERT: db2;CPU_Procs;STOPPED; Service appears to have stopped flapping (3.8% change < 5.0% threshold)
[1546333112] SERVICE NOTIFICATION: nagiosadmin;qservercluster2;CPU_Procs;WARNING;notify-service-by-email;CPU WARNING: 1 warn out of 306 processes
[1546333683] SERVICE NOTIFICATION: nagiosadmin;smscapp1;CPU_Procs;CRITICAL;notify-service-by-email;CPU CRITICAL: 2 crit, 0 warn out of 300 processes
[1546333836] SERVICE NOTIFICATION: nagiosadmin;sigqscluster2;CPU_Procs;CRITICAL;notify-service-by-email;CPU CRITICAL: 1 crit, 0 warn out of 334 processes
[1546334118] SERVICE ALERT: pservercluster2;CPU Load;OK;HARD;1;OK - load average: 0.64, 0.72, 3.17
[1546334124] SERVICE NOTIFICATION: nagiosadmin;smscapp2;Memory;CRITICAL;notify-service-by-email;CRITICAL - 1.2% (202876 kB) free!
[1546334246] SERVICE NOTIFICATION: nagiosadmin;pservercluster2;HDD_Root status;WARNING;notify-service-by-email;DISK WARNING - free space: / 8185 MB (15% inode=98%):
[1546334381] SERVICE NOTIFICATION: nagiosadmin;pservercluster2;Memory;CRITICAL;notify-service-by-email;CRITICAL - 7.3% (1789616 kB) free!
[1546334416] SERVICE NOTIFICATION: nagiosadmin;sig1;HDD_Root status;WARNING;notify-service-by-email;DISK WARNING - free space: / 7671 MB (14% inode=97%):
[1546334783] SERVICE NOTIFICATION: nagiosadmin;sigqscluster1;CPU_Procs;CRITICAL;notify-service-by-email;CPU CRITICAL: 1 crit, 0 warn out of 340 processes
[1546334912] SERVICE NOTIFICATION: nagiosadmin;qservercluster2;CPU_Procs;CRITICAL;notify-service-by-email;CPU CRITICAL: 1 crit, 0 warn out of 305 processes
[1546334912] SERVICE ALERT: qservercluster2;CPU_Procs;CRITICAL;HARD;3;CPU CRITICAL: 1 crit, 0 warn out of 305 processes
[1546334914] SERVICE NOTIFICATION: nagiosadmin;smscapp2;CPU_Procs;WARNING;notify-service-by-email;CPU WARNING: 4 warn out of 334 processes
[1546335508] SERVICE NOTIFICATION: nagiosadmin;pservercluster2;CPU_Procs;CRITICAL;notify-service-by-email;CPU CRITICAL: 2 crit, 3 warn out of 356 processes
[1546336165] Auto-save of retention data completed successfully.
[1546336341] SERVICE NOTIFICATION: nagiosadmin;qservercluster1;CPU_Procs;CRITICAL;notify-service-by-email;CPU CRITICAL: 1 crit, 0 warn out of 301 processes
[1546337129] SERVICE ALERT: db2;Memory;WARNING;SOFT;1;WARNING - 18.2% (8990832 kB) free!
[1546337249] SERVICE ALERT: db2;Memory;WARNING;SOFT;2;WARNING - 15.5% (7649176 kB) free!
[1546337283] SERVICE NOTIFICATION: nagiosadmin;smscapp1;CPU_Procs;CRITICAL;notify-service-by-email;CPU CRITICAL: 2 crit, 0 warn out of 300 processes
[1546337369] SERVICE ALERT: db2;Memory;OK;HARD;1;OK - 20.7% (10179388 kB) free.
[1546337436] SERVICE NOTIFICATION: nagiosadmin;sigqscluster2;CPU_Procs;CRITICAL;notify-service-by-email;CPU CRITICAL: 1 crit, 0 warn out of 336 processes
[1546337724] SERVICE NOTIFICATION: nagiosadmin;smscapp2;Memory;CRITICAL;notify-service-by-email;CRITICAL - 1.2% (202136 kB) free!
[1546337846] SERVICE NOTIFICATION: nagiosadmin;pservercluster2;HDD_Root status;WARNING;notify-service-by-email;DISK WARNING - free space: / 8189 MB (16% inode=98%):
[1546337981] SERVICE NOTIFICATION: nagiosadmin;pservercluster2;Memory;CRITICAL;notify-service-by-email;CRITICAL - 7.4% (1819220 kB) free!
[1546338016] SERVICE NOTIFICATION: nagiosadmin;sig1;HDD_Root status;WARNING;notify-service-by-email;DISK WARNING - free space: / 7669 MB (14% inode=97%):
[1546338383] SERVICE NOTIFICATION: nagiosadmin;sigqscluster1;CPU_Procs;CRITICAL;notify-service-by-email;CPU CRITICAL: 1 crit, 0 warn out of 337 processes
[1546338512] SERVICE NOTIFICATION: nagiosadmin;qservercluster2;CPU_Procs;CRITICAL;notify-service-by-email;CPU CRITICAL: 1 crit, 0 warn out of 302 processes
[1546338514] SERVICE NOTIFICATION: nagiosadmin;smscapp2;CPU_Procs;WARNING;notify-service-by-email;CPU WARNING: 4 warn out of 334 processes
[1546339108] SERVICE NOTIFICATION: nagiosadmin;pservercluster2;CPU_Procs;CRITICAL;notify-service-by-email;CPU CRITICAL: 2 crit, 4 warn out of 353 processes
[1546339765] Auto-save of retention data completed successfully.
[1546339941] SERVICE NOTIFICATION: nagiosadmin;qservercluster1;CPU_Procs;CRITICAL;notify-service-by-email;CPU CRITICAL: 1 crit, 0 warn out of 302 processes
[1546340883] SERVICE NOTIFICATION: nagiosadmin;smscapp1;CPU_Procs;CRITICAL;notify-service-by-email;CPU CRITICAL: 2 crit, 0 warn out of 300 processes
[1546341036] SERVICE NOTIFICATION: nagiosadmin;sigqscluster2;CPU_Procs;CRITICAL;notify-service-by-email;CPU CRITICAL: 1 crit, 0 warn out of 336 processes
[1546341324] SERVICE NOTIFICATION: nagiosadmin;smscapp2;Memory;CRITICAL;notify-service-by-email;CRITICAL - 1.3% (204172 kB) free!
[1546341447] SERVICE NOTIFICATION: nagiosadmin;pservercluster2;HDD_Root status;WARNING;notify-service-by-email;DISK WARNING - free space: / 8185 MB (15% inode=98%):
[1546341581] SERVICE NOTIFICATION: nagiosadmin;pservercluster2;Memory;CRITICAL;notify-service-by-email;CRITICAL - 5.3% (1300588 kB) free!
[1546341616] SERVICE NOTIFICATION: nagiosadmin;sig1;HDD_Root status;WARNING;notify-service-by-email;DISK WARNING - free space: / 7668 MB (14% inode=97%):
[1546341983] SERVICE NOTIFICATION: nagiosadmin;sigqscluster1;CPU_Procs;CRITICAL;notify-service-by-email;CPU CRITICAL: 1 crit, 0 warn out of 336 processes
[1546342112] SERVICE NOTIFICATION: nagiosadmin;qservercluster2;CPU_Procs;CRITICAL;notify-service-by-email;CPU CRITICAL: 1 crit, 0 warn out of 303 processes
[1546342114] SERVICE NOTIFICATION: nagiosadmin;smscapp2;CPU_Procs;WARNING;notify-service-by-email;CPU WARNING: 4 warn out of 335 processes
[1546342708] SERVICE NOTIFICATION: nagiosadmin;pservercluster2;CPU_Procs;CRITICAL;notify-service-by-email;CPU CRITICAL: 2 crit, 4 warn out of 355 processes
[1546343365] Auto-save of retention data completed successfully.
[1546343542] SERVICE NOTIFICATION: nagiosadmin;qservercluster1;CPU_Procs;CRITICAL;notify-service-by-email;CPU CRITICAL: 1 crit, 0 warn out of 299 processes
[1546344318] SERVICE FLAPPING ALERT: pservercluster2;CPU Load;STOPPED; Service appears to have stopped flapping (4.0% change < 5.0% threshold)
[1546344318] SERVICE NOTIFICATION: nagiosadmin;pservercluster2;CPU Load;OK;notify-service-by-email;OK - load average: 0.53, 0.63, 0.68
[1546344483] SERVICE NOTIFICATION: nagiosadmin;smscapp1;CPU_Procs;CRITICAL;notify-service-by-email;CPU CRITICAL: 2 crit, 0 warn out of 301 processes
[1546344636] SERVICE NOTIFICATION: nagiosadmin;sigqscluster2;CPU_Procs;CRITICAL;notify-service-by-email;CPU CRITICAL: 1 crit, 0 warn out of 336 processes
[1546344924] SERVICE NOTIFICATION: nagiosadmin;smscapp2;Memory;CRITICAL;notify-service-by-email;CRITICAL - 1.2% (201708 kB) free!
[1546345181] SERVICE NOTIFICATION: nagiosadmin;pservercluster2;Memory;CRITICAL;notify-service-by-email;CRITICAL - 5.9% (1448048 kB) free!
[1546345216] SERVICE NOTIFICATION: nagiosadmin;sig1;HDD_Root status;WARNING;notify-service-by-email;DISK WARNING - free space: / 7668 MB (14% inode=97%):
[1546345583] SERVICE NOTIFICATION: nagiosadmin;sigqscluster1;CPU_Procs;CRITICAL;notify-service-by-email;CPU CRITICAL: 1 crit, 0 warn out of 337 processes
[1546345646] SERVICE NOTIFICATION: nagiosadmin;pservercluster2;HDD_Root status;WARNING;notify-service-by-email;DISK WARNING - free space: / 8184 MB (15% inode=98%):
[1546345712] SERVICE NOTIFICATION: nagiosadmin;qservercluster2;CPU_Procs;CRITICAL;notify-service-by-email;CPU CRITICAL: 1 crit, 0 warn out of 305 processes
[1546345714] SERVICE NOTIFICATION: nagiosadmin;smscapp2;CPU_Procs;WARNING;notify-service-by-email;CPU WARNING: 4 warn out of 335 processes
[1546346308] SERVICE NOTIFICATION: nagiosadmin;pservercluster2;CPU_Procs;CRITICAL;notify-service-by-email;CPU CRITICAL: 2 crit, 4 warn out of 352 processes
[1546346965] Auto-save of retention data completed successfully.
[1546347741] SERVICE NOTIFICATION: nagiosadmin;qservercluster1;CPU_Procs;CRITICAL;notify-service-by-email;CPU CRITICAL: 1 crit, 0 warn out of 303 processes
[1546348083] SERVICE NOTIFICATION: nagiosadmin;smscapp1;CPU_Procs;CRITICAL;notify-service-by-email;CPU CRITICAL: 2 crit, 0 warn out of 300 processes
[1546348236] SERVICE NOTIFICATION: nagiosadmin;sigqscluster2;CPU_Procs;CRITICAL;notify-service-by-email;CPU CRITICAL: 1 crit, 0 warn out of 336 processes
[1546348524] SERVICE NOTIFICATION: nagiosadmin;smscapp2;Memory;CRITICAL;notify-service-by-email;CRITICAL - 1.2% (200764 kB) free!
[1546348781] SERVICE NOTIFICATION: nagiosadmin;pservercluster2;Memory;CRITICAL;notify-service-by-email;CRITICAL - 5.2% (1267836 kB) free!
[1546348816] SERVICE NOTIFICATION: nagiosadmin;sig1;HDD_Root status;WARNING;notify-service-by-email;DISK WARNING - free space: / 7667 MB (14% inode=97%):
[1546349183] SERVICE NOTIFICATION: nagiosadmin;sigqscluster1;CPU_Procs;CRITICAL;notify-service-by-email;CPU CRITICAL: 1 crit, 0 warn out of 338 processes
[1546349246] SERVICE NOTIFICATION: nagiosadmin;pservercluster2;HDD_Root status;WARNING;notify-service-by-email;DISK WARNING - free space: / 8184 MB (15% inode=98%):
[1546349312] SERVICE NOTIFICATION: nagiosadmin;qservercluster2;CPU_Procs;CRITICAL;notify-service-by-email;CPU CRITICAL: 1 crit, 0 warn out of 303 processes
[1546349314] SERVICE NOTIFICATION: nagiosadmin;smscapp2;CPU_Procs;WARNING;notify-service-by-email;CPU WARNING: 4 warn out of 334 processes
[1546349908] SERVICE NOTIFICATION: nagiosadmin;pservercluster2;CPU_Procs;CRITICAL;notify-service-by-email;CPU CRITICAL: 2 crit, 4 warn out of 354 processes
[1546350565] Auto-save of retention data completed successfully.
[1546351341] SERVICE NOTIFICATION: nagiosadmin;qservercluster1;CPU_Procs;CRITICAL;notify-service-by-email;CPU CRITICAL: 1 crit, 0 warn out of 303 processes
[1546351518] SERVICE ALERT: pservercluster2;CPU Load;CRITICAL;SOFT;1;CRITICAL - load average: 1.45, 40.69, 30.97
[1546351638] SERVICE ALERT: pservercluster2;CPU Load;CRITICAL;SOFT;2;CRITICAL - load average: 0.52, 27.34, 27.26
[1546351684] SERVICE NOTIFICATION: nagiosadmin;smscapp1;CPU_Procs;CRITICAL;notify-service-by-email;CPU CRITICAL: 2 crit, 0 warn out of 301 processes
[1546351758] SERVICE NOTIFICATION: nagiosadmin;pservercluster2;CPU Load;CRITICAL;notify-service-by-email;CRITICAL - load average: 0.35, 18.41, 24.00
[1546351758] SERVICE ALERT: pservercluster2;CPU Load;CRITICAL;HARD;3;CRITICAL - load average: 0.35, 18.41, 24.00
[1546351836] SERVICE NOTIFICATION: nagiosadmin;sigqscluster2;CPU_Procs;CRITICAL;notify-service-by-email;CPU CRITICAL: 1 crit, 0 warn out of 335 processes
[1546352124] SERVICE NOTIFICATION: nagiosadmin;smscapp2;Memory;CRITICAL;notify-service-by-email;CRITICAL - 1.2% (199304 kB) free!
[1546352358] SERVICE NOTIFICATION: nagiosadmin;pservercluster2;CPU Load;WARNING;notify-service-by-email;WARNING - load average: 0.40, 2.97, 12.87
[1546352358] SERVICE ALERT: pservercluster2;CPU Load;WARNING;HARD;3;WARNING - load average: 0.40, 2.97, 12.87
[1546352381] SERVICE NOTIFICATION: nagiosadmin;pservercluster2;Memory;CRITICAL;notify-service-by-email;CRITICAL - 5.9% (1444576 kB) free!
[1546352416] SERVICE NOTIFICATION: nagiosadmin;sig1;HDD_Root status;WARNING;notify-service-by-email;DISK WARNING - free space: / 7666 MB (14% inode=97%):
[1546352783] SERVICE NOTIFICATION: nagiosadmin;sigqscluster1;CPU_Procs;CRITICAL;notify-service-by-email;CPU CRITICAL: 1 crit, 0 warn out of 338 processes
[1546352846] SERVICE NOTIFICATION: nagiosadmin;pservercluster2;HDD_Root status;WARNING;notify-service-by-email;DISK WARNING - free space: / 8189 MB (16% inode=98%):
[1546352912] SERVICE NOTIFICATION: nagiosadmin;qservercluster2;CPU_Procs;CRITICAL;notify-service-by-email;CPU CRITICAL: 1 crit, 0 warn out of 307 processes
[1546352914] SERVICE NOTIFICATION: nagiosadmin;smscapp2;CPU_Procs;WARNING;notify-service-by-email;CPU WARNING: 4 warn out of 336 processes
[1546353508] SERVICE NOTIFICATION: nagiosadmin;pservercluster2;CPU_Procs;CRITICAL;notify-service-by-email;CPU CRITICAL: 2 crit, 4 warn out of 362 processes
[1546353558] SERVICE NOTIFICATION: nagiosadmin;pservercluster2;CPU Load;OK;notify-service-by-email;OK - load average: 0.65, 0.73, 4.04
[1546353558] SERVICE ALERT: pservercluster2;CPU Load;OK;HARD;1;OK - load average: 0.65, 0.73, 4.04
[1546354165] Auto-save of retention data completed successfully.
[1546354941] SERVICE NOTIFICATION: nagiosadmin;qservercluster1;CPU_Procs;CRITICAL;notify-service-by-email;CPU CRITICAL: 1 crit, 0 warn out of 301 processes
[1546355436] SERVICE NOTIFICATION: nagiosadmin;sigqscluster2;CPU_Procs;CRITICAL;notify-service-by-email;CPU CRITICAL: 1 crit, 0 warn out of 334 processes
[1546355724] SERVICE NOTIFICATION: nagiosadmin;smscapp2;Memory;CRITICAL;notify-service-by-email;CRITICAL - 1.2% (198340 kB) free!
[1546355883] SERVICE NOTIFICATION: nagiosadmin;smscapp1;CPU_Procs;CRITICAL;notify-service-by-email;CPU CRITICAL: 2 crit, 0 warn out of 302 processes
[1546355981] SERVICE NOTIFICATION: nagiosadmin;pservercluster2;Memory;CRITICAL;notify-service-by-email;CRITICAL - 5.2% (1273924 kB) free!
[1546356016] SERVICE NOTIFICATION: nagiosadmin;sig1;HDD_Root status;WARNING;notify-service-by-email;DISK WARNING - free space: / 7649 MB (14% inode=97%):
[1546356383] SERVICE NOTIFICATION: nagiosadmin;sigqscluster1;CPU_Procs;CRITICAL;notify-service-by-email;CPU CRITICAL: 1 crit, 0 warn out of 337 processes
[1546356446] SERVICE NOTIFICATION: nagiosadmin;pservercluster2;HDD_Root status;WARNING;notify-service-by-email;DISK WARNING - free space: / 8189 MB (16% inode=98%):
[1546356512] SERVICE NOTIFICATION: nagiosadmin;qservercluster2;CPU_Procs;CRITICAL;notify-service-by-email;CPU CRITICAL: 1 crit, 0 warn out of 304 processes
[1546356515] SERVICE NOTIFICATION: nagiosadmin;smscapp2;CPU_Procs;WARNING;notify-service-by-email;CPU WARNING: 4 warn out of 335 processes
[1546357108] SERVICE NOTIFICATION: nagiosadmin;pservercluster2;CPU_Procs;CRITICAL;notify-service-by-email;CPU CRITICAL: 2 crit, 4 warn out of 360 processes
[1546357765] Auto-save of retention data completed successfully.
[1546358541] SERVICE NOTIFICATION: nagiosadmin;qservercluster1;CPU_Procs;CRITICAL;notify-service-by-email;CPU CRITICAL: 1 crit, 0 warn out of 303 processes
[1546358958] SERVICE ALERT: pservercluster2;CPU Load;CRITICAL;SOFT;1;CRITICAL - load average: 578.61, 170.62, 59.18
[1546359036] SERVICE NOTIFICATION: nagiosadmin;sigqscluster2;CPU_Procs;CRITICAL;notify-service-by-email;CPU CRITICAL: 1 crit, 0 warn out of 334 processes
[1546359078] SERVICE ALERT: pservercluster2;CPU Load;CRITICAL;SOFT;2;CRITICAL - load average: 78.78, 114.43, 52.10
[1546359198] SERVICE FLAPPING ALERT: pservercluster2;CPU Load;STARTED; Service appears to have started flapping (20.8% change >= 20.0% threshold)
[1546359198] SERVICE ALERT: pservercluster2;CPU Load;CRITICAL;HARD;3;CRITICAL - load average: 11.33, 76.82, 45.87
[1546359324] SERVICE NOTIFICATION: nagiosadmin;smscapp2;Memory;CRITICAL;notify-service-by-email;CRITICAL - 1.2% (198472 kB) free!
[1546359483] SERVICE NOTIFICATION: nagiosadmin;smscapp1;CPU_Procs;CRITICAL;notify-service-by-email;CPU CRITICAL: 2 crit, 0 warn out of 301 processes
[1546359581] SERVICE NOTIFICATION: nagiosadmin;pservercluster2;Memory;CRITICAL;notify-service-by-email;CRITICAL - 5.8% (1431456 kB) free!
[1546359616] SERVICE NOTIFICATION: nagiosadmin;sig1;HDD_Root status;WARNING;notify-service-by-email;DISK WARNING - free space: / 7648 MB (14% inode=97%):
[1546359983] SERVICE NOTIFICATION: nagiosadmin;sigqscluster1;CPU_Procs;CRITICAL;notify-service-by-email;CPU CRITICAL: 1 crit, 0 warn out of 339 processes
[1546360046] SERVICE NOTIFICATION: nagiosadmin;pservercluster2;HDD_Root status;WARNING;notify-service-by-email;DISK WARNING - free space: / 8189 MB (16% inode=98%):
[1546360112] SERVICE NOTIFICATION: nagiosadmin;qservercluster2;CPU_Procs;CRITICAL;notify-service-by-email;CPU CRITICAL: 1 crit, 0 warn out of 305 processes
[1546360398] SERVICE ALERT: pservercluster2;CPU Load;WARNING;HARD;3;WARNING - load average: 0.57, 1.92, 13.00
[1546360709] SERVICE NOTIFICATION: nagiosadmin;pservercluster2;CPU_Procs;CRITICAL;notify-service-by-email;CPU CRITICAL: 2 crit, 4 warn out of 359 processes
[1546360714] SERVICE NOTIFICATION: nagiosadmin;smscapp2;CPU_Procs;WARNING;notify-service-by-email;CPU WARNING: 4 warn out of 333 processes
[1546361365] Auto-save of retention data completed successfully.
[1546361598] SERVICE ALERT: pservercluster2;CPU Load;OK;HARD;1;OK - load average: 0.55, 0.60, 3.98
[1546362141] SERVICE NOTIFICATION: nagiosadmin;qservercluster1;CPU_Procs;CRITICAL;notify-service-by-email;CPU CRITICAL: 1 crit, 0 warn out of 304 processes
[1546362636] SERVICE NOTIFICATION: nagiosadmin;sigqscluster2;CPU_Procs;CRITICAL;notify-service-by-email;CPU CRITICAL: 1 crit, 0 warn out of 334 processes
[1546362924] SERVICE NOTIFICATION: nagiosadmin;smscapp2;Memory;CRITICAL;notify-service-by-email;CRITICAL - 1.2% (197372 kB) free!
[1546363084] SERVICE NOTIFICATION: nagiosadmin;smscapp1;CPU_Procs;CRITICAL;notify-service-by-email;CPU CRITICAL: 2 crit, 0 warn out of 301 processes
[1546363181] SERVICE NOTIFICATION: nagiosadmin;pservercluster2;Memory;CRITICAL;notify-service-by-email;CRITICAL - 5.4% (1322504 kB) free!
[1546363217] SERVICE NOTIFICATION: nagiosadmin;sig1;HDD_Root status;WARNING;notify-service-by-email;DISK WARNING - free space: / 7648 MB (14% inode=97%):
[1546363583] SERVICE NOTIFICATION: nagiosadmin;sigqscluster1;CPU_Procs;CRITICAL;notify-service-by-email;CPU CRITICAL: 1 crit, 0 warn out of 340 processes
[1546363646] SERVICE NOTIFICATION: nagiosadmin;pservercluster2;HDD_Root status;WARNING;notify-service-by-email;DISK WARNING - free space: / 8189 MB (16% inode=98%):
[1546363713] SERVICE NOTIFICATION: nagiosadmin;qservercluster2;CPU_Procs;CRITICAL;notify-service-by-email;CPU CRITICAL: 1 crit, 0 warn out of 306 processes
[1546364314] SERVICE NOTIFICATION: nagiosadmin;smscapp2;CPU_Procs;WARNING;notify-service-by-email;CPU WARNING: 4 warn out of 333 processes
[1546364908] SERVICE NOTIFICATION: nagiosadmin;pservercluster2;CPU_Procs;CRITICAL;notify-service-by-email;CPU CRITICAL: 2 crit, 4 warn out of 355 processes
[1546364965] Auto-save of retention data completed successfully.
[1546365741] SERVICE NOTIFICATION: nagiosadmin;qservercluster1;CPU_Procs;CRITICAL;notify-service-by-email;CPU CRITICAL: 1 crit, 0 warn out of 302 processes
[1546366236] SERVICE NOTIFICATION: nagiosadmin;sigqscluster2;CPU_Procs;CRITICAL;notify-service-by-email;CPU CRITICAL: 1 crit, 0 warn out of 335 processes
[1546366524] SERVICE NOTIFICATION: nagiosadmin;smscapp2;Memory;CRITICAL;notify-service-by-email;CRITICAL - 1.2% (197076 kB) free!
[1546366781] SERVICE NOTIFICATION: nagiosadmin;pservercluster2;Memory;CRITICAL;notify-service-by-email;CRITICAL - 6.0% (1462704 kB) free!
[1546367183] SERVICE NOTIFICATION: nagiosadmin;sigqscluster1;CPU_Procs;CRITICAL;notify-service-by-email;CPU CRITICAL: 1 crit, 0 warn out of 339 processes
[1546367246] SERVICE NOTIFICATION: nagiosadmin;pservercluster2;HDD_Root status;WARNING;notify-service-by-email;DISK WARNING - free space: / 8189 MB (16% inode=98%):
[1546367283] SERVICE NOTIFICATION: nagiosadmin;smscapp1;CPU_Procs;CRITICAL;notify-service-by-email;CPU CRITICAL: 2 crit, 0 warn out of 299 processes
