[1546367400] LOG ROTATION: DAILY
[1546367400] LOG VERSION: 2.0
[1546367400] CURRENT HOST STATE: db1;UP;HARD;1;PING OK - Packet loss = 0%, RTA = 0.49 ms
[1546367400] CURRENT HOST STATE: db2;UP;HARD;1;PING OK - Packet loss = 0%, RTA = 0.45 ms
[1546367400] CURRENT HOST STATE: primary-server;UP;HARD;1;PING OK - Packet loss = 0%, RTA = 0.40 ms
[1546367400] CURRENT HOST STATE: pservercluster1;UP;HARD;1;PING OK - Packet loss = 0%, RTA = 0.43 ms
[1546367400] CURRENT HOST STATE: pservercluster2;UP;HARD;1;PING OK - Packet loss = 0%, RTA = 0.35 ms
[1546367400] CURRENT HOST STATE: qservercluster1;UP;HARD;1;PING OK - Packet loss = 0%, RTA = 0.29 ms
[1546367400] CURRENT HOST STATE: qservercluster2;UP;HARD;1;PING OK - Packet loss = 0%, RTA = 0.24 ms
[1546367400] CURRENT HOST STATE: secondary-server;UP;HARD;1;PING OK - Packet loss = 0%, RTA = 0.41 ms
[1546367400] CURRENT HOST STATE: sig1;UP;HARD;1;PING OK - Packet loss = 0%, RTA = 0.46 ms
[1546367400] CURRENT HOST STATE: sig2;UP;HARD;1;PING OK - Packet loss = 0%, RTA = 0.48 ms
[1546367400] CURRENT HOST STATE: sig3;UP;HARD;1;PING OK - Packet loss = 0%, RTA = 0.43 ms
[1546367400] CURRENT HOST STATE: sig4;UP;HARD;1;PING OK - Packet loss = 0%, RTA = 0.40 ms
[1546367400] CURRENT HOST STATE: sig5;UP;HARD;1;PING OK - Packet loss = 0%, RTA = 0.45 ms
[1546367400] CURRENT HOST STATE: sig6;UP;HARD;1;PING OK - Packet loss = 0%, RTA = 0.44 ms
[1546367400] CURRENT HOST STATE: sigqscluster1;UP;HARD;1;PING OK - Packet loss = 0%, RTA = 0.41 ms
[1546367400] CURRENT HOST STATE: sigqscluster2;UP;HARD;1;PING OK - Packet loss = 0%, RTA = 0.35 ms
[1546367400] CURRENT HOST STATE: smscapp1;UP;HARD;1;PING OK - Packet loss = 0%, RTA = 0.30 ms
[1546367400] CURRENT HOST STATE: smscapp2;UP;HARD;1;PING OK - Packet loss = 0%, RTA = 0.26 ms
[1546367400] CURRENT HOST STATE: sservercluster1;UP;HARD;1;PING OK - Packet loss = 0%, RTA = 0.41 ms
[1546367400] CURRENT HOST STATE: sservercluster2;UP;HARD;1;PING OK - Packet loss = 0%, RTA = 0.40 ms
[1546367400] CURRENT HOST STATE: webserver1;UP;HARD;1;PING OK - Packet loss = 0%, RTA = 0.45 ms
[1546367400] CURRENT HOST STATE: webserver2;UP;HARD;1;PING OK - Packet loss = 0%, RTA = 0.08 ms
[1546367400] CURRENT HOST STATE: webservercluster1;UP;HARD;1;PING OK - Packet loss = 0%, RTA = 0.48 ms
[1546367400] CURRENT HOST STATE: webservercluster2;UP;HARD;1;PING OK - Packet loss = 0%, RTA = 0.44 ms
[1546367400] CURRENT SERVICE STATE: db1;CPU Load;OK;HARD;1;OK - load average: 0.00, 0.01, 0.05
[1546367400] CURRENT SERVICE STATE: db1;CPU_Procs;OK;HARD;1;CPU OK: 332 processes
[1546367400] CURRENT SERVICE STATE: db1;Current Users;OK;HARD;1;USERS OK - 5 users currently logged in
[1546367400] CURRENT SERVICE STATE: db1;HDD_Home status;OK;HARD;1;DISK OK - free space: /home 207811 MB (99% inode=99%):
[1546367400] CURRENT SERVICE STATE: db1;HDD_Root status;OK;HARD;1;DISK OK - free space: / 24298 MB (47% inode=99%):
[1546367400] CURRENT SERVICE STATE: db1;LocalService-NTPD SERVICE;OK;HARD;1;PROCS OK: 1 process with command name 'ntpd'
[1546367400] CURRENT SERVICE STATE: db1;Mariadb status;OK;HARD;1;PROCS OK: 1 process with command name 'mysqld'
[1546367400] CURRENT SERVICE STATE: db1;Memory;OK;HARD;1;OK - 48.2% (23743056 kB) free.
[1546367400] CURRENT SERVICE STATE: db1;Sensors Status;OK;HARD;1;SENSORS OK
[1546367400] CURRENT SERVICE STATE: db1;Total Processes;OK;HARD;1;PROCS OK: 333 processes
[1546367400] CURRENT SERVICE STATE: db2;CPU Load;OK;HARD;1;OK - load average: 0.00, 0.01, 0.05
[1546367400] CURRENT SERVICE STATE: db2;CPU_Procs;OK;HARD;1;CPU OK: 291 processes
[1546367400] CURRENT SERVICE STATE: db2;Current Users;OK;HARD;1;USERS OK - 0 users currently logged in
[1546367400] CURRENT SERVICE STATE: db2;HDD_Home status;OK;HARD;1;DISK OK - free space: /home 126574 MB (56% inode=99%):
[1546367400] CURRENT SERVICE STATE: db2;HDD_Root status;OK;HARD;1;DISK OK - free space: / 32367 MB (63% inode=99%):
[1546367400] CURRENT SERVICE STATE: db2;LocalService-NTPD SERVICE;OK;HARD;1;PROCS OK: 1 process with command name 'ntpd'
[1546367400] CURRENT SERVICE STATE: db2;Mariadb status;OK;HARD;1;PROCS OK: 1 process with command name 'mysqld'
[1546367400] CURRENT SERVICE STATE: db2;Memory;OK;HARD;1;OK - 20.6% (10176096 kB) free.
[1546367400] CURRENT SERVICE STATE: db2;Sensors Status;OK;HARD;1;SENSORS OK
[1546367400] CURRENT SERVICE STATE: db2;Total Processes;OK;HARD;1;PROCS OK: 290 processes
[1546367400] CURRENT SERVICE STATE: primary-server;CPU Load;OK;HARD;1;OK - load average: 0.98, 0.90, 0.65
[1546367400] CURRENT SERVICE STATE: primary-server;CPU_Procs;OK;HARD;1;CPU OK: 341 processes
[1546367400] CURRENT SERVICE STATE: primary-server;Current Users;OK;HARD;1;USERS OK - 2 users currently logged in
[1546367400] CURRENT SERVICE STATE: primary-server;HDD_Home status;OK;HARD;1;DISK OK - free space: /home 224700 MB (99% inode=99%):
[1546367400] CURRENT SERVICE STATE: primary-server;HDD_Root status;OK;HARD;1;DISK OK - free space: / 41269 MB (80% inode=99%):
[1546367400] CURRENT SERVICE STATE: primary-server;LocalService-NTPD SERVICE;OK;HARD;1;PROCS OK: 2 processes with command name 'ntpd'
[1546367400] CURRENT SERVICE STATE: primary-server;Memory;OK;HARD;1;OK - 70.4% (17261268 kB) free.
[1546367400] CURRENT SERVICE STATE: primary-server;Nginx Status;OK;HARD;1;NGINX OK -  0.087 sec. response time, Active: 0 (Writing: 0 Reading: 0 Waiting: 0) ReqPerSec: 0.000 ConnPerSec: 0.000 ReqPerConn: 0.000
[1546367400] CURRENT SERVICE STATE: primary-server;Sensors Status;OK;HARD;1;SENSORS OK
[1546367400] CURRENT SERVICE STATE: primary-server;Total Processes;OK;HARD;1;PROCS OK: 343 processes
[1546367400] CURRENT SERVICE STATE: pservercluster1;CPU Load;OK;HARD;1;OK - load average: 0.00, 0.01, 0.05
[1546367400] CURRENT SERVICE STATE: pservercluster1;CPU_Procs;OK;HARD;1;CPU OK: 303 processes
[1546367400] CURRENT SERVICE STATE: pservercluster1;Current Users;OK;HARD;1;USERS OK - 2 users currently logged in
[1546367400] CURRENT SERVICE STATE: pservercluster1;HDD_Home status;OK;HARD;1;DISK OK - free space: /home 220675 MB (99% inode=99%):
[1546367400] CURRENT SERVICE STATE: pservercluster1;HDD_Root status;OK;HARD;1;DISK OK - free space: / 41784 MB (81% inode=99%):
[1546367400] CURRENT SERVICE STATE: pservercluster1;LocalService-NTPD SERVICE;OK;HARD;1;PROCS OK: 2 processes with command name 'ntpd'
[1546367400] CURRENT SERVICE STATE: pservercluster1;Memory;OK;HARD;1;OK - 75.5% (18621000 kB) free.
[1546367400] CURRENT SERVICE STATE: pservercluster1;Sensors Status;OK;HARD;1;SENSORS OK
[1546367400] CURRENT SERVICE STATE: pservercluster1;Total Processes;OK;HARD;1;PROCS OK: 303 processes
[1546367400] CURRENT SERVICE STATE: pservercluster2;CPU Load;OK;HARD;1;OK - load average: 0.58, 0.67, 0.73
[1546367400] CURRENT SERVICE STATE: pservercluster2;CPU_Procs;CRITICAL;HARD;3;CPU CRITICAL: 2 crit, 4 warn out of 357 processes
[1546367400] CURRENT SERVICE STATE: pservercluster2;Current Users;OK;HARD;1;USERS OK - 11 users currently logged in
[1546367400] CURRENT SERVICE STATE: pservercluster2;HDD_Home status;OK;HARD;1;DISK OK - free space: /home 162507 MB (72% inode=99%):
[1546367400] CURRENT SERVICE STATE: pservercluster2;HDD_Root status;WARNING;HARD;3;DISK WARNING - free space: / 8189 MB (16% inode=98%):
[1546367400] CURRENT SERVICE STATE: pservercluster2;LocalService-NTPD SERVICE;OK;HARD;1;PROCS OK: 2 processes with command name 'ntpd'
[1546367400] CURRENT SERVICE STATE: pservercluster2;Memory;CRITICAL;HARD;3;CRITICAL - 5.9% (1434856 kB) free!
[1546367400] CURRENT SERVICE STATE: pservercluster2;Sensors Status;OK;HARD;1;SENSORS OK
[1546367400] CURRENT SERVICE STATE: pservercluster2;Total Processes;OK;HARD;1;PROCS OK: 357 processes
[1546367400] CURRENT SERVICE STATE: qservercluster1;CPU Load;OK;HARD;1;OK - load average: 6.05, 6.11, 6.53
[1546367400] CURRENT SERVICE STATE: qservercluster1;CPU_Procs;CRITICAL;HARD;3;CPU CRITICAL: 1 crit, 0 warn out of 299 processes
[1546367400] CURRENT SERVICE STATE: qservercluster1;Current Users;OK;HARD;1;USERS OK - 2 users currently logged in
[1546367400] CURRENT SERVICE STATE: qservercluster1;HDD_Home status;OK;HARD;1;DISK OK - free space: /home 224641 MB (99% inode=99%):
[1546367400] CURRENT SERVICE STATE: qservercluster1;HDD_Root status;OK;HARD;1;DISK OK - free space: / 41303 MB (80% inode=99%):
[1546367400] CURRENT SERVICE STATE: qservercluster1;LocalService-NTPD SERVICE;OK;HARD;1;PROCS OK: 1 process with command name 'ntpd'
[1546367400] CURRENT SERVICE STATE: qservercluster1;Memory;OK;HARD;1;OK - 93.9% (46226332 kB) free.
[1546367400] CURRENT SERVICE STATE: qservercluster1;Sensors Status;OK;HARD;1;SENSORS OK
[1546367400] CURRENT SERVICE STATE: qservercluster1;Total Processes;OK;HARD;1;PROCS OK: 299 processes
[1546367400] CURRENT SERVICE STATE: qservercluster2;CPU Load;OK;HARD;1;OK - load average: 3.58, 3.39, 3.34
[1546367400] CURRENT SERVICE STATE: qservercluster2;CPU_Procs;CRITICAL;HARD;3;CPU CRITICAL: 1 crit, 0 warn out of 303 processes
[1546367400] CURRENT SERVICE STATE: qservercluster2;Current Users;OK;HARD;1;USERS OK - 0 users currently logged in
[1546367400] CURRENT SERVICE STATE: qservercluster2;HDD_Home status;OK;HARD;1;DISK OK - free space: /home 224577 MB (99% inode=99%):
[1546367400] CURRENT SERVICE STATE: qservercluster2;HDD_Root status;OK;HARD;1;DISK OK - free space: / 40157 MB (78% inode=98%):
[1546367400] CURRENT SERVICE STATE: qservercluster2;LocalService-NTPD SERVICE;OK;HARD;1;PROCS OK: 1 process with command name 'ntpd'
[1546367400] CURRENT SERVICE STATE: qservercluster2;Memory;OK;HARD;1;OK - 95.3% (46988384 kB) free.
[1546367400] CURRENT SERVICE STATE: qservercluster2;Sensors Status;OK;HARD;1;SENSORS OK
[1546367400] CURRENT SERVICE STATE: qservercluster2;Total Processes;OK;HARD;1;PROCS OK: 303 processes
[1546367400] CURRENT SERVICE STATE: secondary-server;CPU Load;OK;HARD;1;OK - load average: 0.02, 0.02, 0.05
[1546367400] CURRENT SERVICE STATE: secondary-server;CPU_Procs;OK;HARD;1;CPU OK: 343 processes
[1546367400] CURRENT SERVICE STATE: secondary-server;Current Users;OK;HARD;1;USERS OK - 2 users currently logged in
[1546367400] CURRENT SERVICE STATE: secondary-server;HDD_Home status;OK;HARD;1;DISK OK - free space: /home 224704 MB (99% inode=99%):
[1546367400] CURRENT SERVICE STATE: secondary-server;HDD_Root status;OK;HARD;1;DISK OK - free space: / 41199 MB (80% inode=99%):
[1546367400] CURRENT SERVICE STATE: secondary-server;LocalService-NTPD SERVICE;OK;HARD;1;PROCS OK: 2 processes with command name 'ntpd'
[1546367400] CURRENT SERVICE STATE: secondary-server;Memory Status;OK;HARD;1;OK - 70.9% (17385692 kB) free.
[1546367400] CURRENT SERVICE STATE: secondary-server;Nginx Status;OK;HARD;1;NGINX OK -  0.085 sec. response time, Active: 0 (Writing: 0 Reading: 0 Waiting: 0) ReqPerSec: 0.000 ConnPerSec: 0.000 ReqPerConn: 0.000
[1546367400] CURRENT SERVICE STATE: secondary-server;Sensors Status;OK;HARD;1;SENSORS OK
[1546367400] CURRENT SERVICE STATE: secondary-server;Total Processes;OK;HARD;1;PROCS OK: 342 processes
[1546367400] CURRENT SERVICE STATE: sig1;CPU Load;OK;HARD;1;OK - load average: 0.00, 0.01, 0.05
[1546367400] CURRENT SERVICE STATE: sig1;CPU_Procs;OK;HARD;1;CPU OK: 310 processes
[1546367400] CURRENT SERVICE STATE: sig1;Current Users;OK;HARD;1;USERS OK - 0 users currently logged in
[1546367400] CURRENT SERVICE STATE: sig1;HDD_Home status;OK;HARD;1;DISK OK - free space: /home 203691 MB (90% inode=99%):
[1546367400] CURRENT SERVICE STATE: sig1;HDD_Root status;WARNING;HARD;3;DISK WARNING - free space: / 7647 MB (14% inode=97%):
[1546367400] CURRENT SERVICE STATE: sig1;LocalService-NTPD SERVICE;OK;HARD;1;PROCS OK: 1 process with command name 'ntpd'
[1546367400] CURRENT SERVICE STATE: sig1;Memory;OK;HARD;1;OK - 62.7% (10189764 kB) free.
[1546367400] CURRENT SERVICE STATE: sig1;Sensors Status;OK;HARD;1;SENSORS OK
[1546367400] CURRENT SERVICE STATE: sig1;Total Processes;OK;HARD;1;PROCS OK: 310 processes
[1546367400] CURRENT SERVICE STATE: sig2;CPU Load;OK;HARD;1;OK - load average: 0.00, 0.02, 0.05
[1546367400] CURRENT SERVICE STATE: sig2;CPU_Procs;OK;HARD;1;CPU OK: 315 processes
[1546367400] CURRENT SERVICE STATE: sig2;Current Users;OK;HARD;1;USERS OK - 0 users currently logged in
[1546367400] CURRENT SERVICE STATE: sig2;HDD_Home status;OK;HARD;1;DISK OK - free space: /home 216569 MB (96% inode=99%):
[1546367400] CURRENT SERVICE STATE: sig2;HDD_Root status;OK;HARD;1;DISK OK - free space: / 38566 MB (75% inode=98%):
[1546367400] CURRENT SERVICE STATE: sig2;LocalService-NTPD SERVICE;OK;HARD;1;PROCS OK: 1 process with command name 'ntpd'
[1546367400] CURRENT SERVICE STATE: sig2;Memory;OK;HARD;1;OK - 92.8% (15075452 kB) free.
[1546367400] CURRENT SERVICE STATE: sig2;Sensors Status;OK;HARD;1;SENSORS OK
[1546367400] CURRENT SERVICE STATE: sig2;Total Processes;OK;HARD;1;PROCS OK: 316 processes
[1546367400] CURRENT SERVICE STATE: sig3;CPU Load;OK;HARD;1;OK - load average: 0.00, 0.22, 0.44
[1546367400] CURRENT SERVICE STATE: sig3;CPU_Procs;OK;HARD;1;CPU OK: 348 processes
[1546367400] CURRENT SERVICE STATE: sig3;Current Users;OK;HARD;1;USERS OK - 1 users currently logged in
[1546367400] CURRENT SERVICE STATE: sig3;HDD_Home status;OK;HARD;1;DISK OK - free space: /home 220133 MB (97% inode=99%):
[1546367400] CURRENT SERVICE STATE: sig3;HDD_Root status;OK;HARD;1;DISK OK - free space: / 37989 MB (74% inode=98%):
[1546367400] CURRENT SERVICE STATE: sig3;LocalService-NTPD SERVICE;OK;HARD;1;PROCS OK: 1 process with command name 'ntpd'
[1546367400] CURRENT SERVICE STATE: sig3;Memory;OK;HARD;1;OK - 87.3% (14181248 kB) free.
[1546367400] CURRENT SERVICE STATE: sig3;Sensors Status;OK;HARD;1;SENSORS OK
[1546367400] CURRENT SERVICE STATE: sig3;Total Processes;OK;HARD;1;PROCS OK: 348 processes
[1546367400] CURRENT SERVICE STATE: sig4;CPU Load;OK;HARD;1;OK - load average: 0.00, 0.01, 0.05
[1546367400] CURRENT SERVICE STATE: sig4;CPU_Procs;OK;HARD;1;CPU OK: 310 processes
[1546367400] CURRENT SERVICE STATE: sig4;Current Users;OK;HARD;1;USERS OK - 0 users currently logged in
[1546367400] CURRENT SERVICE STATE: sig4;HDD_Home status;OK;HARD;1;DISK OK - free space: /home 221453 MB (98% inode=99%):
[1546367400] CURRENT SERVICE STATE: sig4;HDD_Root status;OK;HARD;1;DISK OK - free space: / 37583 MB (73% inode=98%):
[1546367400] CURRENT SERVICE STATE: sig4;LocalService-NTPD SERVICE;OK;HARD;1;PROCS OK: 1 process with command name 'ntpd'
[1546367400] CURRENT SERVICE STATE: sig4;Memory;OK;HARD;1;OK - 83.7% (13600480 kB) free.
[1546367400] CURRENT SERVICE STATE: sig4;Sensors Status;OK;HARD;1;SENSORS OK
[1546367400] CURRENT SERVICE STATE: sig4;Total Processes;OK;HARD;1;PROCS OK: 310 processes
[1546367400] CURRENT SERVICE STATE: sig5;CPU Load;OK;HARD;1;OK - load average: 0.15, 0.06, 0.06
[1546367400] CURRENT SERVICE STATE: sig5;CPU_Procs;OK;HARD;1;CPU OK: 296 processes
[1546367400] CURRENT SERVICE STATE: sig5;Current Users;OK;HARD;1;USERS OK - 0 users currently logged in
[1546367400] CURRENT SERVICE STATE: sig5;HDD_Home status;OK;HARD;1;DISK OK - free space: /home 221454 MB (98% inode=99%):
[1546367400] CURRENT SERVICE STATE: sig5;HDD_Root status;OK;HARD;1;DISK OK - free space: / 38810 MB (75% inode=98%):
[1546367400] CURRENT SERVICE STATE: sig5;LocalService-NTPD SERVICE;OK;HARD;1;PROCS OK: 1 process with command name 'ntpd'
[1546367400] CURRENT SERVICE STATE: sig5;Memory;OK;HARD;1;OK - 91.3% (14840424 kB) free.
[1546367400] CURRENT SERVICE STATE: sig5;Sensors Status;OK;HARD;1;SENSORS OK
[1546367400] CURRENT SERVICE STATE: sig5;Total Processes;OK;HARD;1;PROCS OK: 300 processes
[1546367400] CURRENT SERVICE STATE: sig6;CPU Load;OK;HARD;1;OK - load average: 0.00, 0.01, 0.05
[1546367400] CURRENT SERVICE STATE: sig6;CPU_Procs;OK;HARD;1;CPU OK: 313 processes
[1546367400] CURRENT SERVICE STATE: sig6;Current Users;OK;HARD;1;USERS OK - 0 users currently logged in
[1546367400] CURRENT SERVICE STATE: sig6;HDD_Home status;OK;HARD;1;DISK OK - free space: /home 221477 MB (98% inode=99%):
[1546367400] CURRENT SERVICE STATE: sig6;HDD_Root status;OK;HARD;1;DISK OK - free space: / 37944 MB (74% inode=98%):
[1546367400] CURRENT SERVICE STATE: sig6;LocalService-NTPD SERVICE;OK;HARD;1;PROCS OK: 2 processes with command name 'ntpd'
[1546367400] CURRENT SERVICE STATE: sig6;Memory;OK;HARD;1;OK - 92.0% (14951252 kB) free.
[1546367400] CURRENT SERVICE STATE: sig6;Sensors Status;OK;HARD;1;SENSORS OK
[1546367400] CURRENT SERVICE STATE: sig6;Total Processes;OK;HARD;1;PROCS OK: 312 processes
[1546367400] CURRENT SERVICE STATE: sigqscluster1;CPU Load;OK;HARD;1;OK - load average: 0.25, 0.29, 0.36
[1546367400] CURRENT SERVICE STATE: sigqscluster1;CPU_Procs;CRITICAL;HARD;3;CPU CRITICAL: 1 crit, 0 warn out of 339 processes
[1546367400] CURRENT SERVICE STATE: sigqscluster1;Current Users;OK;HARD;1;USERS OK - 2 users currently logged in
[1546367400] CURRENT SERVICE STATE: sigqscluster1;HDD_Home status;OK;HARD;1;DISK OK - free space: /home 224579 MB (99% inode=99%):
[1546367400] CURRENT SERVICE STATE: sigqscluster1;HDD_Root status;OK;HARD;1;DISK OK - free space: / 41176 MB (80% inode=99%):
[1546367400] CURRENT SERVICE STATE: sigqscluster1;LocalService-NTPD SERVICE;OK;HARD;1;PROCS OK: 2 processes with command name 'ntpd'
[1546367400] CURRENT SERVICE STATE: sigqscluster1;Memory;OK;HARD;1;OK - 91.8% (45246608 kB) free.
[1546367400] CURRENT SERVICE STATE: sigqscluster1;Sensors Status;OK;HARD;1;SENSORS OK
[1546367400] CURRENT SERVICE STATE: sigqscluster1;Total Processes;OK;HARD;1;PROCS OK: 337 processes
[1546367400] CURRENT SERVICE STATE: sigqscluster2;CPU Load;OK;HARD;1;OK - load average: 0.80, 0.90, 0.99
[1546367400] CURRENT SERVICE STATE: sigqscluster2;CPU_Procs;CRITICAL;HARD;3;CPU CRITICAL: 1 crit, 0 warn out of 334 processes
[1546367400] CURRENT SERVICE STATE: sigqscluster2;Current Users;OK;HARD;1;USERS OK - 2 users currently logged in
[1546367400] CURRENT SERVICE STATE: sigqscluster2;HDD_Home status;OK;HARD;1;DISK OK - free space: /home 224577 MB (99% inode=99%):
[1546367400] CURRENT SERVICE STATE: sigqscluster2;HDD_Root status;OK;HARD;1;DISK OK - free space: / 41183 MB (80% inode=99%):
[1546367400] CURRENT SERVICE STATE: sigqscluster2;LocalService-NTPD SERVICE;OK;HARD;1;PROCS OK: 2 processes with command name 'ntpd'
[1546367400] CURRENT SERVICE STATE: sigqscluster2;Memory;OK;HARD;1;OK - 91.7% (45183536 kB) free.
[1546367400] CURRENT SERVICE STATE: sigqscluster2;Sensors Status;OK;HARD;1;SENSORS OK
[1546367400] CURRENT SERVICE STATE: sigqscluster2;Total Processes;OK;HARD;1;PROCS OK: 336 processes
[1546367400] CURRENT SERVICE STATE: smscapp1;CPU Load;OK;HARD;1;OK - load average: 0.86, 0.99, 1.03
[1546367400] CURRENT SERVICE STATE: smscapp1;CPU_Procs;CRITICAL;HARD;3;CPU CRITICAL: 2 crit, 0 warn out of 299 processes
[1546367400] CURRENT SERVICE STATE: smscapp1;Current Users;OK;HARD;1;USERS OK - 4 users currently logged in
[1546367400] CURRENT SERVICE STATE: smscapp1;HDD_Home status;OK;HARD;1;DISK OK - free space: /home 158127 MB (70% inode=99%):
[1546367400] CURRENT SERVICE STATE: smscapp1;HDD_Root status;OK;HARD;1;DISK OK - free space: / 39156 MB (76% inode=98%):
[1546367400] CURRENT SERVICE STATE: smscapp1;LocalService-NTPD SERVICE;OK;HARD;1;PROCS OK: 2 processes with command name 'ntpd'
[1546367400] CURRENT SERVICE STATE: smscapp1;Memory;OK;HARD;1;OK - 50.0% (8124736 kB) free.
[1546367400] CURRENT SERVICE STATE: smscapp1;Sensors Status;OK;HARD;1;SENSORS OK
[1546367400] CURRENT SERVICE STATE: smscapp1;Total Processes;OK;HARD;1;PROCS OK: 299 processes
[1546367400] CURRENT SERVICE STATE: smscapp2;CPU Load;OK;HARD;1;OK - load average: 0.54, 0.64, 0.73
[1546367400] CURRENT SERVICE STATE: smscapp2;CPU_Procs;WARNING;HARD;3;CPU WARNING: 4 warn out of 337 processes
[1546367400] CURRENT SERVICE STATE: smscapp2;Current Users;OK;HARD;1;USERS OK - 2 users currently logged in
[1546367400] CURRENT SERVICE STATE: smscapp2;HDD_Home status;OK;HARD;1;DISK OK - free space: /home 135132 MB (60% inode=99%):
[1546367400] CURRENT SERVICE STATE: smscapp2;HDD_Root status;OK;HARD;1;DISK OK - free space: / 39002 MB (76% inode=98%):
[1546367400] CURRENT SERVICE STATE: smscapp2;LocalService-NTPD SERVICE;OK;HARD;1;PROCS OK: 2 processes with command name 'ntpd'
[1546367400] CURRENT SERVICE STATE: smscapp2;Memory;CRITICAL;HARD;3;CRITICAL - 1.2% (197632 kB) free!
[1546367400] CURRENT SERVICE STATE: smscapp2;Sensors Status;OK;HARD;1;SENSORS OK
[1546367400] CURRENT SERVICE STATE: smscapp2;Total Processes;OK;HARD;1;PROCS OK: 335 processes
[1546367400] CURRENT SERVICE STATE: sservercluster1;CPU Load;OK;HARD;1;OK - load average: 0.00, 0.01, 0.05
[1546367400] CURRENT SERVICE STATE: sservercluster1;CPU_Procs;OK;HARD;1;CPU OK: 280 processes
[1546367400] CURRENT SERVICE STATE: sservercluster1;Current Users;OK;HARD;1;USERS OK - 1 users currently logged in
[1546367400] CURRENT SERVICE STATE: sservercluster1;HDD_Home status;OK;HARD;1;DISK OK - free space: /home 220679 MB (99% inode=99%):
[1546367400] CURRENT SERVICE STATE: sservercluster1;HDD_Root status;OK;HARD;1;DISK OK - free space: / 41787 MB (81% inode=99%):
[1546367400] CURRENT SERVICE STATE: sservercluster1;LocalService-NTPD SERVICE;OK;HARD;1;PROCS OK: 2 processes with command name 'ntpd'
[1546367400] CURRENT SERVICE STATE: sservercluster1;Memory;OK;HARD;1;OK - 75.8% (18589176 kB) free.
[1546367400] CURRENT SERVICE STATE: sservercluster1;Sensors Status;OK;HARD;1;SENSORS OK
[1546367400] CURRENT SERVICE STATE: sservercluster1;Total Processes;OK;HARD;1;PROCS OK: 280 processes
[1546367400] CURRENT SERVICE STATE: sservercluster2;CPU Load;OK;HARD;1;OK - load average: 0.00, 0.01, 0.05
[1546367400] CURRENT SERVICE STATE: sservercluster2;CPU_Procs;OK;HARD;1;CPU OK: 298 processes
[1546367400] CURRENT SERVICE STATE: sservercluster2;Current Users;OK;HARD;1;USERS OK - 1 users currently logged in
[1546367400] CURRENT SERVICE STATE: sservercluster2;HDD_Home status;OK;HARD;1;DISK OK - free space: /home 219756 MB (99% inode=99%):
[1546367400] CURRENT SERVICE STATE: sservercluster2;HDD_Root status;OK;HARD;1;DISK OK - free space: / 41252 MB (80% inode=99%):
[1546367400] CURRENT SERVICE STATE: sservercluster2;LocalService-NTPD SERVICE;OK;HARD;1;PROCS OK: 1 process with command name 'ntpd'
[1546367400] CURRENT SERVICE STATE: sservercluster2;Memory;OK;HARD;1;OK - 93.8% (22990992 kB) free.
[1546367400] CURRENT SERVICE STATE: sservercluster2;Sensors Status;OK;HARD;1;SENSORS OK
[1546367400] CURRENT SERVICE STATE: sservercluster2;Total Processes;OK;HARD;1;PROCS OK: 300 processes
[1546367400] CURRENT SERVICE STATE: webserver1;CPU Load;OK;HARD;1;OK - load average: 0.00, 0.01, 0.05
[1546367400] CURRENT SERVICE STATE: webserver1;CPU_Procs;OK;HARD;1;CPU OK: 320 processes
[1546367400] CURRENT SERVICE STATE: webserver1;Current Users;OK;HARD;1;USERS OK - 0 users currently logged in
[1546367400] CURRENT SERVICE STATE: webserver1;HDD_Home status;OK;HARD;1;DISK OK - free space: /home 224832 MB (99% inode=99%):
[1546367400] CURRENT SERVICE STATE: webserver1;HDD_Root status;OK;HARD;1;DISK OK - free space: / 40982 MB (80% inode=99%):
[1546367400] CURRENT SERVICE STATE: webserver1;LocalService-NTPD SERVICE;OK;HARD;1;PROCS OK: 2 processes with command name 'ntpd'
[1546367400] CURRENT SERVICE STATE: webserver1;Memory;OK;HARD;1;OK - 93.8% (22956908 kB) free.
[1546367400] CURRENT SERVICE STATE: webserver1;Nginx_status;OK;HARD;1;NGINX OK -  0.088 sec. response time, Active: 0 (Writing: 0 Reading: 0 Waiting: 0) ReqPerSec: 0.000 ConnPerSec: 0.000 ReqPerConn: 0.000
[1546367400] CURRENT SERVICE STATE: webserver1;Sensors Status;OK;HARD;1;SENSORS OK
[1546367400] CURRENT SERVICE STATE: webserver1;Total Processes;OK;HARD;1;PROCS OK: 319 processes
[1546367400] CURRENT SERVICE STATE: webserver2;CPU_Procs;OK;HARD;1;CPU OK: 448 processes
[1546367400] CURRENT SERVICE STATE: webserver2;Current Load;OK;HARD;1;OK - load average: 0.05, 0.48, 0.57
[1546367400] CURRENT SERVICE STATE: webserver2;Current Users;OK;HARD;1;USERS OK - 23 users currently logged in
[1546367400] CURRENT SERVICE STATE: webserver2;HDD_Home status;OK;HARD;1;DISK OK - free space: /home 218048 MB (97.02% inode=100%):
[1546367400] CURRENT SERVICE STATE: webserver2;HTTP;OK;HARD;1;HTTP OK: HTTP/1.1 200 OK - 355 bytes in 0.001 second response time
[1546367400] CURRENT SERVICE STATE: webserver2;LocalService-NTPD SERVICE;OK;HARD;1;PROCS OK: 2 processes with command name 'ntpd'
[1546367400] CURRENT SERVICE STATE: webserver2;Memory;OK;HARD;1;OK - 29.7% (7285240 kB) free.
[1546367400] CURRENT SERVICE STATE: webserver2;PING;OK;HARD;1;PING OK - Packet loss = 0%, RTA = 0.08 ms
[1546367400] CURRENT SERVICE STATE: webserver2;Root Partition;OK;HARD;1;DISK OK - free space: / 39131 MB (76.46% inode=99%):
[1546367400] CURRENT SERVICE STATE: webserver2;SSH;OK;HARD;1;SSH OK - OpenSSH_7.4 (protocol 2.0)
[1546367400] CURRENT SERVICE STATE: webserver2;Sensors Status;OK;HARD;1;SENSORS OK
[1546367400] CURRENT SERVICE STATE: webserver2;Total Processes;OK;HARD;1;PROCS OK: 163 processes with STATE = RSZDT
[1546367400] CURRENT SERVICE STATE: webservercluster1;CPU Load;OK;HARD;1;OK - load average: 0.00, 0.01, 0.05
[1546367400] CURRENT SERVICE STATE: webservercluster1;CPU_Procs;OK;HARD;1;CPU OK: 296 processes
[1546367400] CURRENT SERVICE STATE: webservercluster1;Current Users;OK;HARD;1;USERS OK - 3 users currently logged in
[1546367400] CURRENT SERVICE STATE: webservercluster1;HDD_Home status;OK;HARD;1;DISK OK - free space: / 41057 MB (80% inode=99%):
[1546367400] CURRENT SERVICE STATE: webservercluster1;HDD_Root status;OK;HARD;1;DISK OK - free space: /home 224709 MB (99% inode=99%):
[1546367400] CURRENT SERVICE STATE: webservercluster1;LocalService-NTPD SERVICE;OK;HARD;1;PROCS OK: 1 process with command name 'ntpd'
[1546367400] CURRENT SERVICE STATE: webservercluster1;Memory;OK;HARD;1;OK - 56.4% (9170376 kB) free.
[1546367400] CURRENT SERVICE STATE: webservercluster1;Sensors Status;OK;HARD;1;SENSORS OK
[1546367400] CURRENT SERVICE STATE: webservercluster1;Total Processes;OK;HARD;1;PROCS OK: 296 processes
[1546367400] CURRENT SERVICE STATE: webservercluster2;CPU Load;OK;HARD;1;OK - load average: 0.00, 0.01, 0.05
[1546367400] CURRENT SERVICE STATE: webservercluster2;CPU_Procs;OK;HARD;1;CPU OK: 289 processes
[1546367400] CURRENT SERVICE STATE: webservercluster2;Current Users;OK;HARD;1;USERS OK - 1 users currently logged in
[1546367400] CURRENT SERVICE STATE: webservercluster2;HDD_Home status;OK;HARD;1;DISK OK - free space: /home 224709 MB (99% inode=99%):
[1546367400] CURRENT SERVICE STATE: webservercluster2;HDD_Root status;OK;HARD;1;DISK OK - free space: / 41139 MB (80% inode=99%):
[1546367400] CURRENT SERVICE STATE: webservercluster2;LocalService-NTPD SERVICE;OK;HARD;1;PROCS OK: 1 process with command name 'ntpd'
[1546367400] CURRENT SERVICE STATE: webservercluster2;Memory;OK;HARD;1;OK - 57.6% (9370608 kB) free.
[1546367400] CURRENT SERVICE STATE: webservercluster2;Sensors Status;OK;HARD;1;SENSORS OK
[1546367400] CURRENT SERVICE STATE: webservercluster2;Total Processes;OK;HARD;1;PROCS OK: 289 processes
[1546367416] SERVICE NOTIFICATION: nagiosadmin;sig1;HDD_Root status;WARNING;notify-service-by-email;DISK WARNING - free space: / 7648 MB (14% inode=97%):
[1546367912] SERVICE NOTIFICATION: nagiosadmin;qservercluster2;CPU_Procs;CRITICAL;notify-service-by-email;CPU CRITICAL: 1 crit, 0 warn out of 305 processes
[1546367914] SERVICE NOTIFICATION: nagiosadmin;smscapp2;CPU_Procs;WARNING;notify-service-by-email;CPU WARNING: 4 warn out of 333 processes
[1546368508] SERVICE NOTIFICATION: nagiosadmin;pservercluster2;CPU_Procs;CRITICAL;notify-service-by-email;CPU CRITICAL: 2 crit, 4 warn out of 355 processes
[1546368565] Auto-save of retention data completed successfully.
[1546369341] SERVICE NOTIFICATION: nagiosadmin;qservercluster1;CPU_Procs;CRITICAL;notify-service-by-email;CPU CRITICAL: 1 crit, 0 warn out of 303 processes
[1546369837] SERVICE NOTIFICATION: nagiosadmin;sigqscluster2;CPU_Procs;CRITICAL;notify-service-by-email;CPU CRITICAL: 1 crit, 0 warn out of 335 processes
[1546370124] SERVICE NOTIFICATION: nagiosadmin;smscapp2;Memory;CRITICAL;notify-service-by-email;CRITICAL - 1.2% (196268 kB) free!
[1546370381] SERVICE NOTIFICATION: nagiosadmin;pservercluster2;Memory;CRITICAL;notify-service-by-email;CRITICAL - 5.2% (1280064 kB) free!
[1546370783] SERVICE NOTIFICATION: nagiosadmin;sigqscluster1;CPU_Procs;CRITICAL;notify-service-by-email;CPU CRITICAL: 1 crit, 0 warn out of 336 processes
[1546370846] SERVICE NOTIFICATION: nagiosadmin;pservercluster2;HDD_Root status;WARNING;notify-service-by-email;DISK WARNING - free space: / 8189 MB (16% inode=98%):
[1546370883] SERVICE NOTIFICATION: nagiosadmin;smscapp1;CPU_Procs;CRITICAL;notify-service-by-email;CPU CRITICAL: 2 crit, 0 warn out of 301 processes
[1546371016] SERVICE NOTIFICATION: nagiosadmin;sig1;HDD_Root status;WARNING;notify-service-by-email;DISK WARNING - free space: / 7648 MB (14% inode=97%):
[1546371512] SERVICE NOTIFICATION: nagiosadmin;qservercluster2;CPU_Procs;CRITICAL;notify-service-by-email;CPU CRITICAL: 1 crit, 0 warn out of 301 processes
[1546371514] SERVICE NOTIFICATION: nagiosadmin;smscapp2;CPU_Procs;WARNING;notify-service-by-email;CPU WARNING: 4 warn out of 333 processes
[1546372108] SERVICE NOTIFICATION: nagiosadmin;pservercluster2;CPU_Procs;CRITICAL;notify-service-by-email;CPU CRITICAL: 2 crit, 4 warn out of 356 processes
[1546372165] Auto-save of retention data completed successfully.
[1546372398] SERVICE FLAPPING ALERT: pservercluster2;CPU Load;STOPPED; Service appears to have stopped flapping (3.9% change < 5.0% threshold)
[1546372398] SERVICE NOTIFICATION: nagiosadmin;pservercluster2;CPU Load;OK;notify-service-by-email;OK - load average: 0.95, 0.83, 0.75
[1546372941] SERVICE NOTIFICATION: nagiosadmin;qservercluster1;CPU_Procs;CRITICAL;notify-service-by-email;CPU CRITICAL: 1 crit, 0 warn out of 303 processes
[1546373724] SERVICE NOTIFICATION: nagiosadmin;smscapp2;Memory;CRITICAL;notify-service-by-email;CRITICAL - 1.2% (194784 kB) free!
[1546373981] SERVICE NOTIFICATION: nagiosadmin;pservercluster2;Memory;CRITICAL;notify-service-by-email;CRITICAL - 4.6% (1115828 kB) free!
[1546374036] SERVICE NOTIFICATION: nagiosadmin;sigqscluster2;CPU_Procs;CRITICAL;notify-service-by-email;CPU CRITICAL: 1 crit, 0 warn out of 335 processes
[1546374198] SERVICE ALERT: pservercluster2;CPU Load;CRITICAL;SOFT;1;CRITICAL - load average: 86.40, 117.63, 52.97
[1546374318] SERVICE ALERT: pservercluster2;CPU Load;CRITICAL;SOFT;2;CRITICAL - load average: 11.99, 78.87, 46.60
[1546374384] SERVICE NOTIFICATION: nagiosadmin;sigqscluster1;CPU_Procs;CRITICAL;notify-service-by-email;CPU CRITICAL: 1 crit, 0 warn out of 338 processes
[1546374438] SERVICE NOTIFICATION: nagiosadmin;pservercluster2;CPU Load;CRITICAL;notify-service-by-email;CRITICAL - load average: 2.29, 53.00, 41.04
[1546374438] SERVICE ALERT: pservercluster2;CPU Load;CRITICAL;HARD;3;CRITICAL - load average: 2.29, 53.00, 41.04
[1546374446] SERVICE NOTIFICATION: nagiosadmin;pservercluster2;HDD_Root status;WARNING;notify-service-by-email;DISK WARNING - free space: / 8189 MB (16% inode=98%):
[1546374483] SERVICE NOTIFICATION: nagiosadmin;smscapp1;CPU_Procs;CRITICAL;notify-service-by-email;CPU CRITICAL: 2 crit, 0 warn out of 299 processes
[1546374616] SERVICE NOTIFICATION: nagiosadmin;sig1;HDD_Root status;WARNING;notify-service-by-email;DISK WARNING - free space: / 7647 MB (14% inode=97%):
[1546375112] SERVICE NOTIFICATION: nagiosadmin;qservercluster2;CPU_Procs;CRITICAL;notify-service-by-email;CPU CRITICAL: 1 crit, 0 warn out of 301 processes
[1546375114] SERVICE NOTIFICATION: nagiosadmin;smscapp2;CPU_Procs;WARNING;notify-service-by-email;CPU WARNING: 5 warn out of 333 processes
[1546375638] SERVICE NOTIFICATION: nagiosadmin;pservercluster2;CPU Load;WARNING;notify-service-by-email;WARNING - load average: 0.70, 2.83, 12.60
[1546375638] SERVICE ALERT: pservercluster2;CPU Load;WARNING;HARD;3;WARNING - load average: 0.70, 2.83, 12.60
[1546375708] SERVICE NOTIFICATION: nagiosadmin;pservercluster2;CPU_Procs;CRITICAL;notify-service-by-email;CPU CRITICAL: 2 crit, 4 warn out of 355 processes
[1546375765] Auto-save of retention data completed successfully.
[1546376541] SERVICE NOTIFICATION: nagiosadmin;qservercluster1;CPU_Procs;CRITICAL;notify-service-by-email;CPU CRITICAL: 1 crit, 0 warn out of 303 processes
[1546376838] SERVICE NOTIFICATION: nagiosadmin;pservercluster2;CPU Load;OK;notify-service-by-email;OK - load average: 0.50, 0.60, 3.90
[1546376838] SERVICE ALERT: pservercluster2;CPU Load;OK;HARD;1;OK - load average: 0.50, 0.60, 3.90
[1546377324] SERVICE NOTIFICATION: nagiosadmin;smscapp2;Memory;CRITICAL;notify-service-by-email;CRITICAL - 1.2% (193872 kB) free!
[1546377581] SERVICE NOTIFICATION: nagiosadmin;pservercluster2;Memory;CRITICAL;notify-service-by-email;CRITICAL - 5.5% (1353804 kB) free!
[1546377636] SERVICE NOTIFICATION: nagiosadmin;sigqscluster2;CPU_Procs;CRITICAL;notify-service-by-email;CPU CRITICAL: 1 crit, 0 warn out of 335 processes
[1546378046] SERVICE NOTIFICATION: nagiosadmin;pservercluster2;HDD_Root status;WARNING;notify-service-by-email;DISK WARNING - free space: / 8189 MB (16% inode=98%):
[1546378083] SERVICE NOTIFICATION: nagiosadmin;smscapp1;CPU_Procs;CRITICAL;notify-service-by-email;CPU CRITICAL: 2 crit, 0 warn out of 298 processes
[1546378216] SERVICE NOTIFICATION: nagiosadmin;sig1;HDD_Root status;WARNING;notify-service-by-email;DISK WARNING - free space: / 7678 MB (15% inode=97%):
[1546378583] SERVICE NOTIFICATION: nagiosadmin;sigqscluster1;CPU_Procs;CRITICAL;notify-service-by-email;CPU CRITICAL: 1 crit, 0 warn out of 338 processes
[1546378712] SERVICE NOTIFICATION: nagiosadmin;qservercluster2;CPU_Procs;CRITICAL;notify-service-by-email;CPU CRITICAL: 1 crit, 0 warn out of 304 processes
[1546378715] SERVICE NOTIFICATION: nagiosadmin;smscapp2;CPU_Procs;WARNING;notify-service-by-email;CPU WARNING: 5 warn out of 334 processes
[1546379308] SERVICE NOTIFICATION: nagiosadmin;pservercluster2;CPU_Procs;CRITICAL;notify-service-by-email;CPU CRITICAL: 2 crit, 4 warn out of 357 processes
[1546379365] Auto-save of retention data completed successfully.
[1546380141] SERVICE NOTIFICATION: nagiosadmin;qservercluster1;CPU_Procs;CRITICAL;notify-service-by-email;CPU CRITICAL: 1 crit, 0 warn out of 301 processes
[1546380925] SERVICE NOTIFICATION: nagiosadmin;smscapp2;Memory;CRITICAL;notify-service-by-email;CRITICAL - 1.2% (193840 kB) free!
[1546381181] SERVICE NOTIFICATION: nagiosadmin;pservercluster2;Memory;CRITICAL;notify-service-by-email;CRITICAL - 5.2% (1269288 kB) free!
[1546381236] SERVICE NOTIFICATION: nagiosadmin;sigqscluster2;CPU_Procs;CRITICAL;notify-service-by-email;CPU CRITICAL: 1 crit, 0 warn out of 335 processes
[1546381646] SERVICE NOTIFICATION: nagiosadmin;pservercluster2;HDD_Root status;WARNING;notify-service-by-email;DISK WARNING - free space: / 8189 MB (16% inode=98%):
[1546381683] SERVICE NOTIFICATION: nagiosadmin;smscapp1;CPU_Procs;CRITICAL;notify-service-by-email;CPU CRITICAL: 2 crit, 0 warn out of 300 processes
[1546381816] SERVICE NOTIFICATION: nagiosadmin;sig1;HDD_Root status;WARNING;notify-service-by-email;DISK WARNING - free space: / 7645 MB (14% inode=97%):
[1546382183] SERVICE NOTIFICATION: nagiosadmin;sigqscluster1;CPU_Procs;CRITICAL;notify-service-by-email;CPU CRITICAL: 1 crit, 0 warn out of 336 processes
[1546382312] SERVICE NOTIFICATION: nagiosadmin;qservercluster2;CPU_Procs;CRITICAL;notify-service-by-email;CPU CRITICAL: 1 crit, 0 warn out of 302 processes
[1546382908] SERVICE NOTIFICATION: nagiosadmin;pservercluster2;CPU_Procs;CRITICAL;notify-service-by-email;CPU CRITICAL: 2 crit, 4 warn out of 355 processes
[1546382914] SERVICE NOTIFICATION: nagiosadmin;smscapp2;CPU_Procs;WARNING;notify-service-by-email;CPU WARNING: 5 warn out of 333 processes
[1546382965] Auto-save of retention data completed successfully.
[1546383438] SERVICE ALERT: pservercluster2;CPU Load;CRITICAL;SOFT;1;CRITICAL - load average: 2.65, 54.87, 41.47
[1546383558] SERVICE ALERT: pservercluster2;CPU Load;CRITICAL;SOFT;2;CRITICAL - load average: 0.84, 36.88, 36.50
[1546383678] SERVICE NOTIFICATION: nagiosadmin;pservercluster2;CPU Load;CRITICAL;notify-service-by-email;CRITICAL - load average: 0.45, 24.81, 32.13
[1546383678] SERVICE ALERT: pservercluster2;CPU Load;CRITICAL;HARD;3;CRITICAL - load average: 0.45, 24.81, 32.13
[1546383741] SERVICE NOTIFICATION: nagiosadmin;qservercluster1;CPU_Procs;CRITICAL;notify-service-by-email;CPU CRITICAL: 1 crit, 0 warn out of 300 processes
[1546384278] SERVICE FLAPPING ALERT: pservercluster2;CPU Load;STARTED; Service appears to have started flapping (25.6% change >= 20.0% threshold)
[1546384278] SERVICE ALERT: pservercluster2;CPU Load;WARNING;HARD;3;WARNING - load average: 0.52, 3.84, 17.13
[1546384781] SERVICE NOTIFICATION: nagiosadmin;pservercluster2;Memory;CRITICAL;notify-service-by-email;CRITICAL - 5.7% (1401436 kB) free!
[1546384836] SERVICE NOTIFICATION: nagiosadmin;sigqscluster2;CPU_Procs;CRITICAL;notify-service-by-email;CPU CRITICAL: 1 crit, 0 warn out of 335 processes
[1546385124] SERVICE NOTIFICATION: nagiosadmin;smscapp2;Memory;CRITICAL;notify-service-by-email;CRITICAL - 1.2% (192544 kB) free!
[1546385246] SERVICE NOTIFICATION: nagiosadmin;pservercluster2;HDD_Root status;WARNING;notify-service-by-email;DISK WARNING - free space: / 8189 MB (16% inode=98%):
[1546385283] SERVICE NOTIFICATION: nagiosadmin;smscapp1;CPU_Procs;CRITICAL;notify-service-by-email;CPU CRITICAL: 2 crit, 0 warn out of 300 processes
[1546385416] SERVICE NOTIFICATION: nagiosadmin;sig1;HDD_Root status;WARNING;notify-service-by-email;DISK WARNING - free space: / 7645 MB (14% inode=97%):
[1546385783] SERVICE NOTIFICATION: nagiosadmin;sigqscluster1;CPU_Procs;CRITICAL;notify-service-by-email;CPU CRITICAL: 1 crit, 0 warn out of 336 processes
[1546385912] SERVICE NOTIFICATION: nagiosadmin;qservercluster2;CPU_Procs;CRITICAL;notify-service-by-email;CPU CRITICAL: 1 crit, 0 warn out of 301 processes
[1546386078] SERVICE ALERT: pservercluster2;CPU Load;OK;HARD;1;OK - load average: 0.52, 0.59, 3.01
[1546386508] SERVICE NOTIFICATION: nagiosadmin;pservercluster2;CPU_Procs;CRITICAL;notify-service-by-email;CPU CRITICAL: 2 crit, 4 warn out of 355 processes
[1546386514] SERVICE NOTIFICATION: nagiosadmin;smscapp2;CPU_Procs;WARNING;notify-service-by-email;CPU WARNING: 5 warn out of 334 processes
[1546386565] Auto-save of retention data completed successfully.
[1546387341] SERVICE NOTIFICATION: nagiosadmin;qservercluster1;CPU_Procs;CRITICAL;notify-service-by-email;CPU CRITICAL: 1 crit, 0 warn out of 301 processes
[1546388381] SERVICE NOTIFICATION: nagiosadmin;pservercluster2;Memory;CRITICAL;notify-service-by-email;CRITICAL - 5.0% (1235788 kB) free!
[1546388436] SERVICE NOTIFICATION: nagiosadmin;sigqscluster2;CPU_Procs;CRITICAL;notify-service-by-email;CPU CRITICAL: 1 crit, 0 warn out of 336 processes
[1546388724] SERVICE NOTIFICATION: nagiosadmin;smscapp2;Memory;CRITICAL;notify-service-by-email;CRITICAL - 1.2% (192240 kB) free!
[1546388846] SERVICE NOTIFICATION: nagiosadmin;pservercluster2;HDD_Root status;WARNING;notify-service-by-email;DISK WARNING - free space: / 8189 MB (16% inode=98%):
[1546388884] SERVICE NOTIFICATION: nagiosadmin;smscapp1;CPU_Procs;CRITICAL;notify-service-by-email;CPU CRITICAL: 2 crit, 0 warn out of 301 processes
[1546389016] SERVICE NOTIFICATION: nagiosadmin;sig1;HDD_Root status;WARNING;notify-service-by-email;DISK WARNING - free space: / 7644 MB (14% inode=97%):
[1546389383] SERVICE NOTIFICATION: nagiosadmin;sigqscluster1;CPU_Procs;CRITICAL;notify-service-by-email;CPU CRITICAL: 1 crit, 0 warn out of 339 processes
[1546389512] SERVICE NOTIFICATION: nagiosadmin;qservercluster2;CPU_Procs;CRITICAL;notify-service-by-email;CPU CRITICAL: 1 crit, 0 warn out of 301 processes
[1546390108] SERVICE NOTIFICATION: nagiosadmin;pservercluster2;CPU_Procs;CRITICAL;notify-service-by-email;CPU CRITICAL: 2 crit, 4 warn out of 355 processes
[1546390114] SERVICE NOTIFICATION: nagiosadmin;smscapp2;CPU_Procs;WARNING;notify-service-by-email;CPU WARNING: 5 warn out of 334 processes
[1546390165] Auto-save of retention data completed successfully.
[1546390942] SERVICE NOTIFICATION: nagiosadmin;qservercluster1;CPU_Procs;CRITICAL;notify-service-by-email;CPU CRITICAL: 1 crit, 0 warn out of 303 processes
[1546391981] SERVICE NOTIFICATION: nagiosadmin;pservercluster2;Memory;CRITICAL;notify-service-by-email;CRITICAL - 5.7% (1401672 kB) free!
[1546392036] SERVICE NOTIFICATION: nagiosadmin;sigqscluster2;CPU_Procs;CRITICAL;notify-service-by-email;CPU CRITICAL: 1 crit, 0 warn out of 334 processes
[1546392324] SERVICE NOTIFICATION: nagiosadmin;smscapp2;Memory;CRITICAL;notify-service-by-email;CRITICAL - 1.2% (190892 kB) free!
[1546392446] SERVICE NOTIFICATION: nagiosadmin;pservercluster2;HDD_Root status;WARNING;notify-service-by-email;DISK WARNING - free space: / 8189 MB (16% inode=98%):
[1546392616] SERVICE NOTIFICATION: nagiosadmin;sig1;HDD_Root status;WARNING;notify-service-by-email;DISK WARNING - free space: / 7644 MB (14% inode=97%):
[1546392983] SERVICE NOTIFICATION: nagiosadmin;sigqscluster1;CPU_Procs;CRITICAL;notify-service-by-email;CPU CRITICAL: 1 crit, 0 warn out of 338 processes
[1546393083] SERVICE NOTIFICATION: nagiosadmin;smscapp1;CPU_Procs;CRITICAL;notify-service-by-email;CPU CRITICAL: 2 crit, 0 warn out of 298 processes
[1546393112] SERVICE NOTIFICATION: nagiosadmin;qservercluster2;CPU_Procs;CRITICAL;notify-service-by-email;CPU CRITICAL: 1 crit, 0 warn out of 301 processes
[1546393708] SERVICE NOTIFICATION: nagiosadmin;pservercluster2;CPU_Procs;CRITICAL;notify-service-by-email;CPU CRITICAL: 2 crit, 4 warn out of 359 processes
[1546393714] SERVICE NOTIFICATION: nagiosadmin;smscapp2;CPU_Procs;WARNING;notify-service-by-email;CPU WARNING: 5 warn out of 333 processes
[1546393765] Auto-save of retention data completed successfully.
[1546395141] SERVICE NOTIFICATION: nagiosadmin;qservercluster1;CPU_Procs;CRITICAL;notify-service-by-email;CPU CRITICAL: 1 crit, 0 warn out of 301 processes
[1546395581] SERVICE NOTIFICATION: nagiosadmin;pservercluster2;Memory;CRITICAL;notify-service-by-email;CRITICAL - 5.0% (1228184 kB) free!
[1546395636] SERVICE NOTIFICATION: nagiosadmin;sigqscluster2;CPU_Procs;CRITICAL;notify-service-by-email;CPU CRITICAL: 1 crit, 0 warn out of 333 processes
[1546395924] SERVICE NOTIFICATION: nagiosadmin;smscapp2;Memory;CRITICAL;notify-service-by-email;CRITICAL - 1.6% (265536 kB) free!
[1546396046] SERVICE NOTIFICATION: nagiosadmin;pservercluster2;HDD_Root status;WARNING;notify-service-by-email;DISK WARNING - free space: / 8189 MB (16% inode=98%):
[1546396216] SERVICE NOTIFICATION: nagiosadmin;sig1;HDD_Root status;WARNING;notify-service-by-email;DISK WARNING - free space: / 7643 MB (14% inode=97%):
[1546396278] SERVICE FLAPPING ALERT: pservercluster2;CPU Load;STOPPED; Service appears to have stopped flapping (4.0% change < 5.0% threshold)
[1546396278] SERVICE NOTIFICATION: nagiosadmin;pservercluster2;CPU Load;OK;notify-service-by-email;OK - load average: 0.54, 0.68, 0.70
[1546396583] SERVICE NOTIFICATION: nagiosadmin;sigqscluster1;CPU_Procs;CRITICAL;notify-service-by-email;CPU CRITICAL: 1 crit, 0 warn out of 339 processes
[1546396683] SERVICE NOTIFICATION: nagiosadmin;smscapp1;CPU_Procs;CRITICAL;notify-service-by-email;CPU CRITICAL: 2 crit, 0 warn out of 300 processes
[1546396712] SERVICE NOTIFICATION: nagiosadmin;qservercluster2;CPU_Procs;CRITICAL;notify-service-by-email;CPU CRITICAL: 1 crit, 0 warn out of 302 processes
[1546397309] SERVICE NOTIFICATION: nagiosadmin;pservercluster2;CPU_Procs;CRITICAL;notify-service-by-email;CPU CRITICAL: 2 crit, 4 warn out of 356 processes
[1546397314] SERVICE NOTIFICATION: nagiosadmin;smscapp2;CPU_Procs;WARNING;notify-service-by-email;CPU WARNING: 5 warn out of 333 processes
[1546397365] Auto-save of retention data completed successfully.
[1546398678] SERVICE ALERT: pservercluster2;CPU Load;CRITICAL;SOFT;1;CRITICAL - load average: 0.89, 34.40, 35.61
[1546398742] SERVICE NOTIFICATION: nagiosadmin;qservercluster1;CPU_Procs;CRITICAL;notify-service-by-email;CPU CRITICAL: 1 crit, 0 warn out of 304 processes
[1546398798] SERVICE ALERT: pservercluster2;CPU Load;CRITICAL;SOFT;2;CRITICAL - load average: 0.67, 23.22, 31.37
[1546398918] SERVICE NOTIFICATION: nagiosadmin;pservercluster2;CPU Load;CRITICAL;notify-service-by-email;CRITICAL - load average: 4.44, 17.52, 28.26
[1546398918] SERVICE ALERT: pservercluster2;CPU Load;CRITICAL;HARD;3;CRITICAL - load average: 4.44, 17.52, 28.26
[1546399181] SERVICE NOTIFICATION: nagiosadmin;pservercluster2;Memory;CRITICAL;notify-service-by-email;CRITICAL - 5.8% (1432976 kB) free!
[1546399236] SERVICE NOTIFICATION: nagiosadmin;sigqscluster2;CPU_Procs;CRITICAL;notify-service-by-email;CPU CRITICAL: 1 crit, 0 warn out of 335 processes
[1546399519] SERVICE NOTIFICATION: nagiosadmin;pservercluster2;CPU Load;WARNING;notify-service-by-email;WARNING - load average: 0.68, 3.02, 15.24
[1546399519] SERVICE ALERT: pservercluster2;CPU Load;WARNING;HARD;3;WARNING - load average: 0.68, 3.02, 15.24
[1546399524] SERVICE NOTIFICATION: nagiosadmin;smscapp2;Memory;CRITICAL;notify-service-by-email;CRITICAL - 1.6% (263684 kB) free!
[1546399646] SERVICE NOTIFICATION: nagiosadmin;pservercluster2;HDD_Root status;WARNING;notify-service-by-email;DISK WARNING - free space: / 8189 MB (16% inode=98%):
[1546399816] SERVICE NOTIFICATION: nagiosadmin;sig1;HDD_Root status;WARNING;notify-service-by-email;DISK WARNING - free space: / 7643 MB (14% inode=97%):
[1546400184] SERVICE NOTIFICATION: nagiosadmin;sigqscluster1;CPU_Procs;CRITICAL;notify-service-by-email;CPU CRITICAL: 1 crit, 0 warn out of 338 processes
[1546400283] SERVICE NOTIFICATION: nagiosadmin;smscapp1;CPU_Procs;CRITICAL;notify-service-by-email;CPU CRITICAL: 2 crit, 0 warn out of 300 processes
[1546400312] SERVICE NOTIFICATION: nagiosadmin;qservercluster2;CPU_Procs;CRITICAL;notify-service-by-email;CPU CRITICAL: 1 crit, 0 warn out of 300 processes
[1546400719] SERVICE NOTIFICATION: nagiosadmin;pservercluster2;CPU Load;OK;notify-service-by-email;OK - load average: 0.31, 0.58, 4.62
[1546400719] SERVICE ALERT: pservercluster2;CPU Load;OK;HARD;1;OK - load average: 0.31, 0.58, 4.62
[1546400914] SERVICE NOTIFICATION: nagiosadmin;smscapp2;CPU_Procs;WARNING;notify-service-by-email;CPU WARNING: 5 warn out of 333 processes
[1546400965] Auto-save of retention data completed successfully.
[1546401508] SERVICE NOTIFICATION: nagiosadmin;pservercluster2;CPU_Procs;CRITICAL;notify-service-by-email;CPU CRITICAL: 2 crit, 4 warn out of 356 processes
[1546402781] SERVICE NOTIFICATION: nagiosadmin;pservercluster2;Memory;CRITICAL;notify-service-by-email;CRITICAL - 5.2% (1271080 kB) free!
[1546402836] SERVICE NOTIFICATION: nagiosadmin;sigqscluster2;CPU_Procs;CRITICAL;notify-service-by-email;CPU CRITICAL: 1 crit, 0 warn out of 335 processes
[1546402941] SERVICE NOTIFICATION: nagiosadmin;qservercluster1;CPU_Procs;CRITICAL;notify-service-by-email;CPU CRITICAL: 1 crit, 0 warn out of 301 processes
[1546403124] SERVICE NOTIFICATION: nagiosadmin;smscapp2;Memory;CRITICAL;notify-service-by-email;CRITICAL - 1.6% (262976 kB) free!
[1546403246] SERVICE NOTIFICATION: nagiosadmin;pservercluster2;HDD_Root status;WARNING;notify-service-by-email;DISK WARNING - free space: / 8189 MB (16% inode=98%):
[1546403416] SERVICE NOTIFICATION: nagiosadmin;sig1;HDD_Root status;WARNING;notify-service-by-email;DISK WARNING - free space: / 7643 MB (14% inode=97%):
[1546403883] SERVICE NOTIFICATION: nagiosadmin;smscapp1;CPU_Procs;CRITICAL;notify-service-by-email;CPU CRITICAL: 2 crit, 0 warn out of 298 processes
[1546403912] SERVICE NOTIFICATION: nagiosadmin;qservercluster2;CPU_Procs;CRITICAL;notify-service-by-email;CPU CRITICAL: 1 crit, 0 warn out of 301 processes
[1546404383] SERVICE NOTIFICATION: nagiosadmin;sigqscluster1;CPU_Procs;CRITICAL;notify-service-by-email;CPU CRITICAL: 1 crit, 0 warn out of 338 processes
[1546404514] SERVICE NOTIFICATION: nagiosadmin;smscapp2;CPU_Procs;WARNING;notify-service-by-email;CPU WARNING: 5 warn out of 333 processes
[1546404565] Auto-save of retention data completed successfully.
[1546405108] SERVICE NOTIFICATION: nagiosadmin;pservercluster2;CPU_Procs;CRITICAL;notify-service-by-email;CPU CRITICAL: 2 crit, 4 warn out of 363 processes
[1546406381] SERVICE NOTIFICATION: nagiosadmin;pservercluster2;Memory;CRITICAL;notify-service-by-email;CRITICAL - 5.7% (1400624 kB) free!
[1546406436] SERVICE NOTIFICATION: nagiosadmin;sigqscluster2;CPU_Procs;CRITICAL;notify-service-by-email;CPU CRITICAL: 1 crit, 0 warn out of 335 processes
[1546406541] SERVICE NOTIFICATION: nagiosadmin;qservercluster1;CPU_Procs;CRITICAL;notify-service-by-email;CPU CRITICAL: 1 crit, 0 warn out of 301 processes
[1546406719] SERVICE ALERT: pservercluster2;CPU Load;CRITICAL;SOFT;1;CRITICAL - load average: 1.30, 37.20, 30.19
[1546406724] SERVICE NOTIFICATION: nagiosadmin;smscapp2;Memory;CRITICAL;notify-service-by-email;CRITICAL - 1.6% (257928 kB) free!
[1546406839] SERVICE ALERT: pservercluster2;CPU Load;CRITICAL;SOFT;2;CRITICAL - load average: 0.68, 25.08, 26.60
[1546406846] SERVICE NOTIFICATION: nagiosadmin;pservercluster2;HDD_Root status;WARNING;notify-service-by-email;DISK WARNING - free space: / 8188 MB (16% inode=98%):
[1546406959] SERVICE FLAPPING ALERT: pservercluster2;CPU Load;STARTED; Service appears to have started flapping (20.4% change >= 20.0% threshold)
[1546406959] SERVICE ALERT: pservercluster2;CPU Load;CRITICAL;HARD;3;CRITICAL - load average: 0.73, 16.99, 23.44
[1546407016] SERVICE NOTIFICATION: nagiosadmin;sig1;HDD_Root status;WARNING;notify-service-by-email;DISK WARNING - free space: / 7640 MB (14% inode=97%):
[1546407483] SERVICE NOTIFICATION: nagiosadmin;smscapp1;CPU_Procs;CRITICAL;notify-service-by-email;CPU CRITICAL: 2 crit, 0 warn out of 296 processes
[1546407512] SERVICE NOTIFICATION: nagiosadmin;qservercluster2;CPU_Procs;CRITICAL;notify-service-by-email;CPU CRITICAL: 1 crit, 0 warn out of 302 processes
[1546407559] SERVICE ALERT: pservercluster2;CPU Load;WARNING;HARD;3;WARNING - load average: 1.37, 4.73, 13.49
[1546407983] SERVICE NOTIFICATION: nagiosadmin;sigqscluster1;CPU_Procs;CRITICAL;notify-service-by-email;CPU CRITICAL: 1 crit, 0 warn out of 337 processes
[1546408114] SERVICE NOTIFICATION: nagiosadmin;smscapp2;CPU_Procs;WARNING;notify-service-by-email;CPU WARNING: 5 warn out of 335 processes
[1546408165] Auto-save of retention data completed successfully.
[1546408708] SERVICE NOTIFICATION: nagiosadmin;pservercluster2;CPU_Procs;CRITICAL;notify-service-by-email;CPU CRITICAL: 1 crit, 4 warn out of 386 processes
[1546408759] SERVICE ALERT: pservercluster2;CPU Load;OK;HARD;1;OK - load average: 0.61, 0.83, 4.43
[1546409677] SERVICE ALERT: db1;Current Users;WARNING;SOFT;1;USERS WARNING - 6 users currently logged in
[1546409797] SERVICE ALERT: db1;Current Users;WARNING;SOFT;2;USERS WARNING - 6 users currently logged in
[1546409917] SERVICE NOTIFICATION: nagiosadmin;db1;Current Users;WARNING;notify-service-by-email;USERS WARNING - 6 users currently logged in
[1546409917] SERVICE ALERT: db1;Current Users;WARNING;HARD;3;USERS WARNING - 6 users currently logged in
[1546409981] SERVICE NOTIFICATION: nagiosadmin;pservercluster2;Memory;CRITICAL;notify-service-by-email;CRITICAL - 1.5% (365400 kB) free!
[1546410036] SERVICE NOTIFICATION: nagiosadmin;sigqscluster2;CPU_Procs;CRITICAL;notify-service-by-email;CPU CRITICAL: 1 crit, 0 warn out of 335 processes
[1546410141] SERVICE NOTIFICATION: nagiosadmin;qservercluster1;CPU_Procs;CRITICAL;notify-service-by-email;CPU CRITICAL: 1 crit, 0 warn out of 299 processes
[1546410324] SERVICE NOTIFICATION: nagiosadmin;smscapp2;Memory;CRITICAL;notify-service-by-email;CRITICAL - 1.6% (257448 kB) free!
[1546410446] SERVICE NOTIFICATION: nagiosadmin;pservercluster2;HDD_Root status;WARNING;notify-service-by-email;DISK WARNING - free space: / 8189 MB (16% inode=98%):
[1546410512] SERVICE ALERT: db2;CPU_Procs;CRITICAL;SOFT;1;CPU CRITICAL: 1 crit, 0 warn out of 290 processes
[1546410569] SERVICE ALERT: db2;Memory;WARNING;SOFT;1;WARNING - 17.2% (8496720 kB) free!
[1546410616] SERVICE NOTIFICATION: nagiosadmin;sig1;HDD_Root status;WARNING;notify-service-by-email;DISK WARNING - free space: / 7639 MB (14% inode=97%):
[1546410632] SERVICE ALERT: db2;CPU_Procs;CRITICAL;SOFT;2;CPU CRITICAL: 1 crit, 0 warn out of 292 processes
[1546410689] SERVICE ALERT: db2;Memory;OK;HARD;1;OK - 20.6% (10173048 kB) free.
[1546410752] SERVICE ALERT: db2;CPU_Procs;OK;HARD;1;CPU OK: 290 processes
[1546411083] SERVICE NOTIFICATION: nagiosadmin;smscapp1;CPU_Procs;CRITICAL;notify-service-by-email;CPU CRITICAL: 2 crit, 0 warn out of 300 processes
[1546411112] SERVICE NOTIFICATION: nagiosadmin;qservercluster2;CPU_Procs;CRITICAL;notify-service-by-email;CPU CRITICAL: 1 crit, 0 warn out of 302 processes
[1546411583] SERVICE NOTIFICATION: nagiosadmin;sigqscluster1;CPU_Procs;CRITICAL;notify-service-by-email;CPU CRITICAL: 1 crit, 0 warn out of 337 processes
[1546411714] SERVICE NOTIFICATION: nagiosadmin;smscapp2;CPU_Procs;WARNING;notify-service-by-email;CPU WARNING: 5 warn out of 335 processes
[1546411765] Auto-save of retention data completed successfully.
[1546412308] SERVICE NOTIFICATION: nagiosadmin;pservercluster2;CPU_Procs;CRITICAL;notify-service-by-email;CPU CRITICAL: 1 crit, 4 warn out of 376 processes
[1546413517] SERVICE NOTIFICATION: nagiosadmin;db1;Current Users;WARNING;notify-service-by-email;USERS WARNING - 6 users currently logged in
[1546413581] SERVICE NOTIFICATION: nagiosadmin;pservercluster2;Memory;CRITICAL;notify-service-by-email;CRITICAL - 0.8% (193060 kB) free!
[1546413596] SERVICE ALERT: pservercluster2;Current Users;WARNING;SOFT;1;USERS WARNING - 16 users currently logged in
[1546413636] SERVICE NOTIFICATION: nagiosadmin;sigqscluster2;CPU_Procs;CRITICAL;notify-service-by-email;CPU CRITICAL: 1 crit, 0 warn out of 335 processes
[1546413716] SERVICE ALERT: pservercluster2;Current Users;WARNING;SOFT;2;USERS WARNING - 16 users currently logged in
[1546413742] SERVICE NOTIFICATION: nagiosadmin;qservercluster1;CPU_Procs;CRITICAL;notify-service-by-email;CPU CRITICAL: 1 crit, 0 warn out of 303 processes
[1546413836] SERVICE NOTIFICATION: nagiosadmin;pservercluster2;Current Users;WARNING;notify-service-by-email;USERS WARNING - 16 users currently logged in
[1546413836] SERVICE ALERT: pservercluster2;Current Users;WARNING;HARD;3;USERS WARNING - 16 users currently logged in
[1546413924] SERVICE NOTIFICATION: nagiosadmin;smscapp2;Memory;CRITICAL;notify-service-by-email;CRITICAL - 1.1% (172912 kB) free!
[1546414055] SERVICE NOTIFICATION: nagiosadmin;pservercluster2;HDD_Root status;WARNING;notify-service-by-email;DISK WARNING - free space: / 8188 MB (16% inode=98%):
[1546414117] SERVICE NOTIFICATION: nagiosadmin;db1;Current Users;OK;notify-service-by-email;USERS OK - 5 users currently logged in
[1546414117] SERVICE ALERT: db1;Current Users;OK;HARD;1;USERS OK - 5 users currently logged in
[1546414216] SERVICE NOTIFICATION: nagiosadmin;sig1;HDD_Root status;WARNING;notify-service-by-email;DISK WARNING - free space: / 7638 MB (14% inode=97%):
[1546414683] SERVICE NOTIFICATION: nagiosadmin;smscapp1;CPU_Procs;CRITICAL;notify-service-by-email;CPU CRITICAL: 2 crit, 0 warn out of 299 processes
[1546414712] SERVICE NOTIFICATION: nagiosadmin;qservercluster2;CPU_Procs;CRITICAL;notify-service-by-email;CPU CRITICAL: 1 crit, 0 warn out of 301 processes
[1546415183] SERVICE NOTIFICATION: nagiosadmin;sigqscluster1;CPU_Procs;CRITICAL;notify-service-by-email;CPU CRITICAL: 1 crit, 0 warn out of 336 processes
[1546415314] SERVICE NOTIFICATION: nagiosadmin;smscapp2;CPU_Procs;WARNING;notify-service-by-email;CPU WARNING: 5 warn out of 335 processes
[1546415365] Auto-save of retention data completed successfully.
[1546415908] SERVICE NOTIFICATION: nagiosadmin;pservercluster2;CPU_Procs;CRITICAL;notify-service-by-email;CPU CRITICAL: 1 crit, 4 warn out of 380 processes
[1546416559] SERVICE ALERT: pservercluster2;CPU Load;CRITICAL;SOFT;1;CRITICAL - load average: 2.17, 42.78, 32.15
[1546416679] SERVICE ALERT: pservercluster2;CPU Load;CRITICAL;SOFT;2;CRITICAL - load average: 0.47, 28.69, 28.28
[1546416799] SERVICE ALERT: pservercluster2;CPU Load;CRITICAL;HARD;3;CRITICAL - load average: 0.57, 19.39, 24.92
[1546417181] SERVICE NOTIFICATION: nagiosadmin;pservercluster2;Memory;CRITICAL;notify-service-by-email;CRITICAL - 2.8% (696592 kB) free!
[1546417236] SERVICE NOTIFICATION: nagiosadmin;sigqscluster2;CPU_Procs;CRITICAL;notify-service-by-email;CPU CRITICAL: 1 crit, 0 warn out of 335 processes
[1546417399] SERVICE ALERT: pservercluster2;CPU Load;WARNING;HARD;3;WARNING - load average: 0.97, 3.22, 13.37
[1546417436] SERVICE NOTIFICATION: nagiosadmin;pservercluster2;Current Users;WARNING;notify-service-by-email;USERS WARNING - 17 users currently logged in
[1546417524] SERVICE NOTIFICATION: nagiosadmin;smscapp2;Memory;CRITICAL;notify-service-by-email;CRITICAL - 1.1% (171832 kB) free!
[1546417816] SERVICE NOTIFICATION: nagiosadmin;sig1;HDD_Root status;WARNING;notify-service-by-email;DISK WARNING - free space: / 7637 MB (14% inode=97%):
[1546417941] SERVICE NOTIFICATION: nagiosadmin;qservercluster1;CPU_Procs;CRITICAL;notify-service-by-email;CPU CRITICAL: 1 crit, 0 warn out of 301 processes
[1546418246] SERVICE NOTIFICATION: nagiosadmin;pservercluster2;HDD_Root status;WARNING;notify-service-by-email;DISK WARNING - free space: / 8184 MB (15% inode=98%):
[1546418283] SERVICE NOTIFICATION: nagiosadmin;smscapp1;CPU_Procs;CRITICAL;notify-service-by-email;CPU CRITICAL: 2 crit, 0 warn out of 297 processes
[1546418312] SERVICE NOTIFICATION: nagiosadmin;qservercluster2;CPU_Procs;CRITICAL;notify-service-by-email;CPU CRITICAL: 1 crit, 0 warn out of 300 processes
[1546418599] SERVICE ALERT: pservercluster2;CPU Load;OK;HARD;1;OK - load average: 0.77, 0.83, 4.21
[1546418783] SERVICE NOTIFICATION: nagiosadmin;sigqscluster1;CPU_Procs;CRITICAL;notify-service-by-email;CPU CRITICAL: 1 crit, 0 warn out of 336 processes
[1546418914] SERVICE NOTIFICATION: nagiosadmin;smscapp2;CPU_Procs;WARNING;notify-service-by-email;CPU WARNING: 5 warn out of 335 processes
[1546418965] Auto-save of retention data completed successfully.
[1546419236] SERVICE NOTIFICATION: nagiosadmin;pservercluster2;Current Users;OK;notify-service-by-email;USERS OK - 15 users currently logged in
[1546419236] SERVICE ALERT: pservercluster2;Current Users;OK;HARD;1;USERS OK - 15 users currently logged in
[1546419509] SERVICE NOTIFICATION: nagiosadmin;pservercluster2;CPU_Procs;CRITICAL;notify-service-by-email;CPU CRITICAL: 1 crit, 4 warn out of 375 processes
[1546420436] SERVICE ALERT: pservercluster2;Current Users;WARNING;SOFT;1;USERS WARNING - 16 users currently logged in
[1546420556] SERVICE ALERT: pservercluster2;Current Users;WARNING;SOFT;2;USERS WARNING - 16 users currently logged in
[1546420676] SERVICE NOTIFICATION: nagiosadmin;pservercluster2;Current Users;WARNING;notify-service-by-email;USERS WARNING - 16 users currently logged in
[1546420676] SERVICE ALERT: pservercluster2;Current Users;WARNING;HARD;3;USERS WARNING - 16 users currently logged in
[1546420781] SERVICE NOTIFICATION: nagiosadmin;pservercluster2;Memory;CRITICAL;notify-service-by-email;CRITICAL - 2.6% (649424 kB) free!
[1546420836] SERVICE NOTIFICATION: nagiosadmin;sigqscluster2;CPU_Procs;CRITICAL;notify-service-by-email;CPU CRITICAL: 1 crit, 0 warn out of 335 processes
[1546421124] SERVICE NOTIFICATION: nagiosadmin;smscapp2;Memory;CRITICAL;notify-service-by-email;CRITICAL - 1.1% (171432 kB) free!
[1546421416] SERVICE NOTIFICATION: nagiosadmin;sig1;HDD_Root status;WARNING;notify-service-by-email;DISK WARNING - free space: / 7635 MB (14% inode=97%):
[1546421541] SERVICE NOTIFICATION: nagiosadmin;qservercluster1;CPU_Procs;CRITICAL;notify-service-by-email;CPU CRITICAL: 1 crit, 0 warn out of 305 processes
[1546421846] SERVICE NOTIFICATION: nagiosadmin;pservercluster2;HDD_Root status;WARNING;notify-service-by-email;DISK WARNING - free space: / 8184 MB (15% inode=98%):
[1546421884] SERVICE NOTIFICATION: nagiosadmin;smscapp1;CPU_Procs;CRITICAL;notify-service-by-email;CPU CRITICAL: 2 crit, 0 warn out of 295 processes
[1546421912] SERVICE NOTIFICATION: nagiosadmin;qservercluster2;CPU_Procs;CRITICAL;notify-service-by-email;CPU CRITICAL: 1 crit, 0 warn out of 305 processes
[1546422383] SERVICE NOTIFICATION: nagiosadmin;sigqscluster1;CPU_Procs;CRITICAL;notify-service-by-email;CPU CRITICAL: 1 crit, 0 warn out of 338 processes
[1546422514] SERVICE NOTIFICATION: nagiosadmin;smscapp2;CPU_Procs;WARNING;notify-service-by-email;CPU WARNING: 5 warn out of 335 processes
[1546422565] Auto-save of retention data completed successfully.
[1546423289] SERVICE ALERT: db2;Memory;WARNING;SOFT;1;WARNING - 17.1% (8410672 kB) free!
[1546423352] SERVICE ALERT: db2;CPU_Procs;CRITICAL;SOFT;1;CPU CRITICAL: 1 crit, 0 warn out of 290 processes
[1546423409] SERVICE ALERT: db2;Memory;OK;HARD;1;OK - 20.6% (10173552 kB) free.
[1546423472] SERVICE ALERT: db2;CPU_Procs;OK;HARD;1;CPU OK: 289 processes
[1546423708] SERVICE NOTIFICATION: nagiosadmin;pservercluster2;CPU_Procs;CRITICAL;notify-service-by-email;CPU CRITICAL: 1 crit, 3 warn out of 381 processes
[1546424276] SERVICE NOTIFICATION: nagiosadmin;pservercluster2;Current Users;WARNING;notify-service-by-email;USERS WARNING - 18 users currently logged in
[1546424381] SERVICE NOTIFICATION: nagiosadmin;pservercluster2;Memory;CRITICAL;notify-service-by-email;CRITICAL - 1.5% (364228 kB) free!
[1546424436] SERVICE NOTIFICATION: nagiosadmin;sigqscluster2;CPU_Procs;CRITICAL;notify-service-by-email;CPU CRITICAL: 1 crit, 0 warn out of 335 processes
[1546424609] SERVICE ALERT: db2;Memory;WARNING;SOFT;1;WARNING - 14.6% (7176500 kB) free!
[1546424724] SERVICE NOTIFICATION: nagiosadmin;smscapp2;Memory;CRITICAL;notify-service-by-email;CRITICAL - 1.0% (165900 kB) free!
[1546424730] SERVICE ALERT: db2;Memory;OK;HARD;1;OK - 20.6% (10174208 kB) free.
[1546425016] SERVICE NOTIFICATION: nagiosadmin;sig1;HDD_Root status;WARNING;notify-service-by-email;DISK WARNING - free space: / 7635 MB (14% inode=97%):
[1546425141] SERVICE NOTIFICATION: nagiosadmin;qservercluster1;CPU_Procs;CRITICAL;notify-service-by-email;CPU CRITICAL: 1 crit, 0 warn out of 303 processes
[1546425446] SERVICE NOTIFICATION: nagiosadmin;pservercluster2;HDD_Root status;WARNING;notify-service-by-email;DISK WARNING - free space: / 8184 MB (15% inode=98%):
[1546425513] SERVICE NOTIFICATION: nagiosadmin;qservercluster2;CPU_Procs;CRITICAL;notify-service-by-email;CPU CRITICAL: 1 crit, 0 warn out of 301 processes
[1546425983] SERVICE NOTIFICATION: nagiosadmin;sigqscluster1;CPU_Procs;CRITICAL;notify-service-by-email;CPU CRITICAL: 1 crit, 0 warn out of 339 processes
[1546426083] SERVICE NOTIFICATION: nagiosadmin;smscapp1;CPU_Procs;CRITICAL;notify-service-by-email;CPU CRITICAL: 2 crit, 0 warn out of 298 processes
[1546426115] SERVICE NOTIFICATION: nagiosadmin;smscapp2;CPU_Procs;WARNING;notify-service-by-email;CPU WARNING: 5 warn out of 336 processes
[1546426165] Auto-save of retention data completed successfully.
[1546427276] SERVICE NOTIFICATION: nagiosadmin;pservercluster2;Current Users;OK;notify-service-by-email;USERS OK - 14 users currently logged in
[1546427276] SERVICE ALERT: pservercluster2;Current Users;OK;HARD;1;USERS OK - 14 users currently logged in
[1546427308] SERVICE NOTIFICATION: nagiosadmin;pservercluster2;CPU_Procs;CRITICAL;notify-service-by-email;CPU CRITICAL: 2 crit, 4 warn out of 371 processes
[1546427672] SERVICE ALERT: db2;CPU_Procs;CRITICAL;SOFT;1;CPU CRITICAL: 1 crit, 0 warn out of 291 processes
[1546427729] SERVICE ALERT: db2;Memory;WARNING;SOFT;1;WARNING - 17.9% (8828364 kB) free!
[1546427792] SERVICE ALERT: db2;CPU_Procs;CRITICAL;SOFT;2;CPU CRITICAL: 1 crit, 0 warn out of 290 processes
[1546427849] SERVICE ALERT: db2;Memory;WARNING;SOFT;2;WARNING - 14.8% (7296084 kB) free!
[1546427912] SERVICE ALERT: db2;CPU_Procs;OK;HARD;1;CPU OK: 288 processes
[1546427969] SERVICE ALERT: db2;Memory;OK;HARD;1;OK - 20.6% (10171644 kB) free.
[1546427981] SERVICE NOTIFICATION: nagiosadmin;pservercluster2;Memory;CRITICAL;notify-service-by-email;CRITICAL - 1.0% (249936 kB) free!
[1546428036] SERVICE NOTIFICATION: nagiosadmin;sigqscluster2;CPU_Procs;CRITICAL;notify-service-by-email;CPU CRITICAL: 1 crit, 0 warn out of 333 processes
[1546428324] SERVICE NOTIFICATION: nagiosadmin;smscapp2;Memory;CRITICAL;notify-service-by-email;CRITICAL - 1.0% (166964 kB) free!
[1546428616] SERVICE NOTIFICATION: nagiosadmin;sig1;HDD_Root status;WARNING;notify-service-by-email;DISK WARNING - free space: / 7635 MB (14% inode=97%):
[1546428742] SERVICE NOTIFICATION: nagiosadmin;qservercluster1;CPU_Procs;CRITICAL;notify-service-by-email;CPU CRITICAL: 1 crit, 0 warn out of 302 processes
[1546429046] SERVICE NOTIFICATION: nagiosadmin;pservercluster2;HDD_Root status;WARNING;notify-service-by-email;DISK WARNING - free space: / 8183 MB (15% inode=98%):
[1546429399] SERVICE FLAPPING ALERT: pservercluster2;CPU Load;STOPPED; Service appears to have stopped flapping (3.9% change < 5.0% threshold)
[1546429399] SERVICE NOTIFICATION: nagiosadmin;pservercluster2;CPU Load;OK;notify-service-by-email;OK - load average: 1.12, 1.14, 1.07
[1546429583] SERVICE NOTIFICATION: nagiosadmin;sigqscluster1;CPU_Procs;CRITICAL;notify-service-by-email;CPU CRITICAL: 1 crit, 0 warn out of 338 processes
[1546429683] SERVICE NOTIFICATION: nagiosadmin;smscapp1;CPU_Procs;CRITICAL;notify-service-by-email;CPU CRITICAL: 1 crit, 0 warn out of 299 processes
[1546429712] SERVICE NOTIFICATION: nagiosadmin;qservercluster2;CPU_Procs;CRITICAL;notify-service-by-email;CPU CRITICAL: 1 crit, 0 warn out of 302 processes
[1546429765] Auto-save of retention data completed successfully.
[1546430314] SERVICE NOTIFICATION: nagiosadmin;smscapp2;CPU_Procs;WARNING;notify-service-by-email;CPU WARNING: 5 warn out of 336 processes
[1546430908] SERVICE NOTIFICATION: nagiosadmin;pservercluster2;CPU_Procs;CRITICAL;notify-service-by-email;CPU CRITICAL: 2 crit, 4 warn out of 371 processes
[1546431581] SERVICE NOTIFICATION: nagiosadmin;pservercluster2;Memory;CRITICAL;notify-service-by-email;CRITICAL - 1.6% (383432 kB) free!
[1546431636] SERVICE NOTIFICATION: nagiosadmin;sigqscluster2;CPU_Procs;CRITICAL;notify-service-by-email;CPU CRITICAL: 1 crit, 0 warn out of 335 processes
[1546431924] SERVICE NOTIFICATION: nagiosadmin;smscapp2;Memory;CRITICAL;notify-service-by-email;CRITICAL - 1.0% (158848 kB) free!
[1546432216] SERVICE NOTIFICATION: nagiosadmin;sig1;HDD_Root status;WARNING;notify-service-by-email;DISK WARNING - free space: / 7634 MB (14% inode=97%):
[1546432646] SERVICE NOTIFICATION: nagiosadmin;pservercluster2;HDD_Root status;WARNING;notify-service-by-email;DISK WARNING - free space: / 8184 MB (15% inode=98%):
[1546432941] SERVICE NOTIFICATION: nagiosadmin;qservercluster1;CPU_Procs;CRITICAL;notify-service-by-email;CPU CRITICAL: 1 crit, 0 warn out of 301 processes
[1546433183] SERVICE NOTIFICATION: nagiosadmin;sigqscluster1;CPU_Procs;CRITICAL;notify-service-by-email;CPU CRITICAL: 1 crit, 0 warn out of 337 processes
[1546433283] SERVICE NOTIFICATION: nagiosadmin;smscapp1;CPU_Procs;CRITICAL;notify-service-by-email;CPU CRITICAL: 2 crit, 0 warn out of 298 processes
[1546433312] SERVICE NOTIFICATION: nagiosadmin;qservercluster2;CPU_Procs;CRITICAL;notify-service-by-email;CPU CRITICAL: 1 crit, 0 warn out of 302 processes
[1546433365] Auto-save of retention data completed successfully.
[1546433914] SERVICE NOTIFICATION: nagiosadmin;smscapp2;CPU_Procs;WARNING;notify-service-by-email;CPU WARNING: 5 warn out of 337 processes
[1546434476] SERVICE ALERT: pservercluster2;Current Users;WARNING;SOFT;1;USERS WARNING - 16 users currently logged in
[1546434508] SERVICE NOTIFICATION: nagiosadmin;pservercluster2;CPU_Procs;CRITICAL;notify-service-by-email;CPU CRITICAL: 2 crit, 4 warn out of 376 processes
[1546434596] SERVICE ALERT: pservercluster2;Current Users;WARNING;SOFT;2;USERS WARNING - 16 users currently logged in
[1546434716] SERVICE NOTIFICATION: nagiosadmin;pservercluster2;Current Users;WARNING;notify-service-by-email;USERS WARNING - 16 users currently logged in
[1546434716] SERVICE ALERT: pservercluster2;Current Users;WARNING;HARD;3;USERS WARNING - 16 users currently logged in
[1546435181] SERVICE NOTIFICATION: nagiosadmin;pservercluster2;Memory;CRITICAL;notify-service-by-email;CRITICAL - 0.8% (190932 kB) free!
[1546435236] SERVICE NOTIFICATION: nagiosadmin;sigqscluster2;CPU_Procs;CRITICAL;notify-service-by-email;CPU CRITICAL: 1 crit, 0 warn out of 335 processes
[1546435525] SERVICE NOTIFICATION: nagiosadmin;smscapp2;Memory;CRITICAL;notify-service-by-email;CRITICAL - 1.0% (154828 kB) free!
[1546435816] SERVICE NOTIFICATION: nagiosadmin;sig1;HDD_Root status;WARNING;notify-service-by-email;DISK WARNING - free space: / 7601 MB (14% inode=97%):
[1546436246] SERVICE NOTIFICATION: nagiosadmin;pservercluster2;HDD_Root status;WARNING;notify-service-by-email;DISK WARNING - free space: / 8188 MB (16% inode=98%):
[1546436541] SERVICE NOTIFICATION: nagiosadmin;qservercluster1;CPU_Procs;CRITICAL;notify-service-by-email;CPU CRITICAL: 1 crit, 0 warn out of 306 processes
[1546436784] SERVICE NOTIFICATION: nagiosadmin;sigqscluster1;CPU_Procs;CRITICAL;notify-service-by-email;CPU CRITICAL: 1 crit, 0 warn out of 337 processes
[1546436883] SERVICE NOTIFICATION: nagiosadmin;smscapp1;CPU_Procs;CRITICAL;notify-service-by-email;CPU CRITICAL: 2 crit, 0 warn out of 300 processes
[1546436912] SERVICE NOTIFICATION: nagiosadmin;qservercluster2;CPU_Procs;CRITICAL;notify-service-by-email;CPU CRITICAL: 1 crit, 0 warn out of 300 processes
[1546436965] Auto-save of retention data completed successfully.
[1546437515] SERVICE NOTIFICATION: nagiosadmin;smscapp2;CPU_Procs;WARNING;notify-service-by-email;CPU WARNING: 5 warn out of 337 processes
[1546438108] SERVICE NOTIFICATION: nagiosadmin;pservercluster2;CPU_Procs;CRITICAL;notify-service-by-email;CPU CRITICAL: 3 crit, 4 warn out of 381 processes
[1546438316] SERVICE NOTIFICATION: nagiosadmin;pservercluster2;Current Users;WARNING;notify-service-by-email;USERS WARNING - 16 users currently logged in
[1546438781] SERVICE NOTIFICATION: nagiosadmin;pservercluster2;Memory;CRITICAL;notify-service-by-email;CRITICAL - 1.6% (399200 kB) free!
[1546438836] SERVICE NOTIFICATION: nagiosadmin;sigqscluster2;CPU_Procs;CRITICAL;notify-service-by-email;CPU CRITICAL: 1 crit, 0 warn out of 334 processes
[1546439416] SERVICE NOTIFICATION: nagiosadmin;sig1;HDD_Root status;WARNING;notify-service-by-email;DISK WARNING - free space: / 7600 MB (14% inode=97%):
[1546439724] SERVICE NOTIFICATION: nagiosadmin;smscapp2;Memory;CRITICAL;notify-service-by-email;CRITICAL - 1.0% (155356 kB) free!
[1546439846] SERVICE NOTIFICATION: nagiosadmin;pservercluster2;HDD_Root status;WARNING;notify-service-by-email;DISK WARNING - free space: / 8188 MB (16% inode=98%):
[1546440116] SERVICE NOTIFICATION: nagiosadmin;pservercluster2;Current Users;OK;notify-service-by-email;USERS OK - 14 users currently logged in
[1546440116] SERVICE ALERT: pservercluster2;Current Users;OK;HARD;1;USERS OK - 14 users currently logged in
[1546440141] SERVICE NOTIFICATION: nagiosadmin;qservercluster1;CPU_Procs;CRITICAL;notify-service-by-email;CPU CRITICAL: 1 crit, 0 warn out of 301 processes
[1546440483] SERVICE NOTIFICATION: nagiosadmin;smscapp1;CPU_Procs;CRITICAL;notify-service-by-email;CPU CRITICAL: 2 crit, 0 warn out of 298 processes
[1546440512] SERVICE NOTIFICATION: nagiosadmin;qservercluster2;CPU_Procs;CRITICAL;notify-service-by-email;CPU CRITICAL: 1 crit, 0 warn out of 302 processes
[1546440565] Auto-save of retention data completed successfully.
[1546440983] SERVICE NOTIFICATION: nagiosadmin;sigqscluster1;CPU_Procs;CRITICAL;notify-service-by-email;CPU CRITICAL: 1 crit, 0 warn out of 339 processes
[1546441708] SERVICE NOTIFICATION: nagiosadmin;pservercluster2;CPU_Procs;CRITICAL;notify-service-by-email;CPU CRITICAL: 2 crit, 4 warn out of 372 processes
[1546441714] SERVICE NOTIFICATION: nagiosadmin;smscapp2;CPU_Procs;WARNING;notify-service-by-email;CPU WARNING: 5 warn out of 336 processes
[1546442381] SERVICE NOTIFICATION: nagiosadmin;pservercluster2;Memory;CRITICAL;notify-service-by-email;CRITICAL - 1.2% (290268 kB) free!
[1546442436] SERVICE NOTIFICATION: nagiosadmin;sigqscluster2;CPU_Procs;CRITICAL;notify-service-by-email;CPU CRITICAL: 1 crit, 0 warn out of 335 processes
[1546443016] SERVICE NOTIFICATION: nagiosadmin;sig1;HDD_Root status;WARNING;notify-service-by-email;DISK WARNING - free space: / 7599 MB (14% inode=97%):
[1546443325] SERVICE NOTIFICATION: nagiosadmin;smscapp2;Memory;CRITICAL;notify-service-by-email;CRITICAL - 5.5% (900612 kB) free!
[1546443446] SERVICE NOTIFICATION: nagiosadmin;pservercluster2;HDD_Root status;WARNING;notify-service-by-email;DISK WARNING - free space: / 8184 MB (15% inode=98%):
[1546443741] SERVICE NOTIFICATION: nagiosadmin;qservercluster1;CPU_Procs;CRITICAL;notify-service-by-email;CPU CRITICAL: 1 crit, 0 warn out of 300 processes
[1546444083] SERVICE NOTIFICATION: nagiosadmin;smscapp1;CPU_Procs;CRITICAL;notify-service-by-email;CPU CRITICAL: 1 crit, 0 warn out of 302 processes
[1546444113] SERVICE NOTIFICATION: nagiosadmin;qservercluster2;CPU_Procs;CRITICAL;notify-service-by-email;CPU CRITICAL: 1 crit, 0 warn out of 302 processes
[1546444165] Auto-save of retention data completed successfully.
[1546444583] SERVICE NOTIFICATION: nagiosadmin;sigqscluster1;CPU_Procs;CRITICAL;notify-service-by-email;CPU CRITICAL: 1 crit, 0 warn out of 339 processes
[1546444916] SERVICE ALERT: pservercluster2;Current Users;WARNING;SOFT;1;USERS WARNING - 16 users currently logged in
[1546445036] SERVICE ALERT: pservercluster2;Current Users;WARNING;SOFT;2;USERS WARNING - 16 users currently logged in
[1546445156] SERVICE ALERT: pservercluster2;Current Users;OK;HARD;1;USERS OK - 13 users currently logged in
[1546445309] SERVICE NOTIFICATION: nagiosadmin;pservercluster2;CPU_Procs;CRITICAL;notify-service-by-email;CPU CRITICAL: 2 crit, 4 warn out of 372 processes
[1546445314] SERVICE NOTIFICATION: nagiosadmin;smscapp2;CPU_Procs;WARNING;notify-service-by-email;CPU WARNING: 5 warn out of 339 processes
[1546445913] SERVICE ALERT: db2;CPU_Procs;CRITICAL;SOFT;1;CPU CRITICAL: 1 crit, 0 warn out of 290 processes
[1546445969] SERVICE ALERT: db2;Memory;WARNING;SOFT;1;WARNING - 19.2% (9453224 kB) free!
[1546445981] SERVICE NOTIFICATION: nagiosadmin;pservercluster2;Memory;CRITICAL;notify-service-by-email;CRITICAL - 0.8% (201940 kB) free!
[1546446033] SERVICE ALERT: db2;CPU_Procs;CRITICAL;SOFT;2;CPU CRITICAL: 1 crit, 0 warn out of 290 processes
[1546446036] SERVICE NOTIFICATION: nagiosadmin;sigqscluster2;CPU_Procs;CRITICAL;notify-service-by-email;CPU CRITICAL: 1 crit, 0 warn out of 335 processes
[1546446089] SERVICE ALERT: db2;Memory;WARNING;SOFT;2;WARNING - 16.1% (7919556 kB) free!
[1546446153] SERVICE ALERT: db2;CPU_Procs;OK;HARD;1;CPU OK: 290 processes
[1546446209] SERVICE ALERT: db2;Memory;OK;HARD;1;OK - 20.6% (10162580 kB) free.
[1546446616] SERVICE NOTIFICATION: nagiosadmin;sig1;HDD_Root status;WARNING;notify-service-by-email;DISK WARNING - free space: / 7598 MB (14% inode=97%):
[1546446799] SERVICE ALERT: pservercluster2;CPU Load;CRITICAL;SOFT;1;CRITICAL - load average: 24.88, 100.26, 54.49
[1546446919] SERVICE ALERT: pservercluster2;CPU Load;CRITICAL;SOFT;2;CRITICAL - load average: 4.11, 67.37, 47.99
[1546447039] SERVICE NOTIFICATION: nagiosadmin;pservercluster2;CPU Load;CRITICAL;notify-service-by-email;CRITICAL - load average: 1.42, 45.49, 42.32
[1546447039] SERVICE ALERT: pservercluster2;CPU Load;CRITICAL;HARD;3;CRITICAL - load average: 1.42, 45.49, 42.32
[1546447046] SERVICE NOTIFICATION: nagiosadmin;pservercluster2;HDD_Root status;WARNING;notify-service-by-email;DISK WARNING - free space: / 8183 MB (15% inode=98%):
[1546447341] SERVICE NOTIFICATION: nagiosadmin;qservercluster1;CPU_Procs;CRITICAL;notify-service-by-email;CPU CRITICAL: 1 crit, 0 warn out of 299 processes
[1546447524] SERVICE NOTIFICATION: nagiosadmin;smscapp2;Memory;CRITICAL;notify-service-by-email;CRITICAL - 5.5% (901092 kB) free!
[1546447683] SERVICE NOTIFICATION: nagiosadmin;smscapp1;CPU_Procs;CRITICAL;notify-service-by-email;CPU CRITICAL: 1 crit, 0 warn out of 301 processes
[1546447765] Auto-save of retention data completed successfully.
[1546448183] SERVICE NOTIFICATION: nagiosadmin;sigqscluster1;CPU_Procs;CRITICAL;notify-service-by-email;CPU CRITICAL: 1 crit, 0 warn out of 337 processes
[1546448239] SERVICE NOTIFICATION: nagiosadmin;pservercluster2;CPU Load;WARNING;notify-service-by-email;WARNING - load average: 0.86, 1.71, 12.31
[1546448239] SERVICE ALERT: pservercluster2;CPU Load;WARNING;HARD;3;WARNING - load average: 0.86, 1.71, 12.31
[1546448312] SERVICE NOTIFICATION: nagiosadmin;qservercluster2;CPU_Procs;CRITICAL;notify-service-by-email;CPU CRITICAL: 1 crit, 0 warn out of 305 processes
[1546448914] SERVICE NOTIFICATION: nagiosadmin;smscapp2;CPU_Procs;WARNING;notify-service-by-email;CPU WARNING: 5 warn out of 335 processes
[1546449439] SERVICE NOTIFICATION: nagiosadmin;pservercluster2;CPU Load;OK;notify-service-by-email;OK - load average: 0.87, 0.81, 3.96
[1546449439] SERVICE ALERT: pservercluster2;CPU Load;OK;HARD;1;OK - load average: 0.87, 0.81, 3.96
[1546449508] SERVICE NOTIFICATION: nagiosadmin;pservercluster2;CPU_Procs;CRITICAL;notify-service-by-email;CPU CRITICAL: 2 crit, 3 warn out of 372 processes
[1546449581] SERVICE NOTIFICATION: nagiosadmin;pservercluster2;Memory;CRITICAL;notify-service-by-email;CRITICAL - 2.5% (607924 kB) free!
[1546449636] SERVICE NOTIFICATION: nagiosadmin;sigqscluster2;CPU_Procs;CRITICAL;notify-service-by-email;CPU CRITICAL: 1 crit, 0 warn out of 335 processes
[1546450216] SERVICE NOTIFICATION: nagiosadmin;sig1;HDD_Root status;WARNING;notify-service-by-email;DISK WARNING - free space: / 7597 MB (14% inode=97%):
[1546450646] SERVICE NOTIFICATION: nagiosadmin;pservercluster2;HDD_Root status;WARNING;notify-service-by-email;DISK WARNING - free space: / 8182 MB (15% inode=98%):
[1546451124] SERVICE NOTIFICATION: nagiosadmin;smscapp2;Memory;CRITICAL;notify-service-by-email;CRITICAL - 5.5% (897820 kB) free!
[1546451283] SERVICE NOTIFICATION: nagiosadmin;smscapp1;CPU_Procs;CRITICAL;notify-service-by-email;CPU CRITICAL: 1 crit, 0 warn out of 299 processes
[1546451365] Auto-save of retention data completed successfully.
[1546451540] SERVICE NOTIFICATION: nagiosadmin;qservercluster1;CPU_Procs;CRITICAL;notify-service-by-email;CPU CRITICAL: 1 crit, 0 warn out of 299 processes
[1546451783] SERVICE NOTIFICATION: nagiosadmin;sigqscluster1;CPU_Procs;CRITICAL;notify-service-by-email;CPU CRITICAL: 1 crit, 0 warn out of 339 processes
[1546451912] SERVICE NOTIFICATION: nagiosadmin;qservercluster2;CPU_Procs;CRITICAL;notify-service-by-email;CPU CRITICAL: 1 crit, 0 warn out of 305 processes
[1546452514] SERVICE NOTIFICATION: nagiosadmin;smscapp2;CPU_Procs;WARNING;notify-service-by-email;CPU WARNING: 5 warn out of 336 processes
[1546453108] SERVICE NOTIFICATION: nagiosadmin;pservercluster2;CPU_Procs;CRITICAL;notify-service-by-email;CPU CRITICAL: 2 crit, 3 warn out of 376 processes
[1546453181] SERVICE NOTIFICATION: nagiosadmin;pservercluster2;Memory;CRITICAL;notify-service-by-email;CRITICAL - 5.9% (1437180 kB) free!
[1546453236] SERVICE NOTIFICATION: nagiosadmin;sigqscluster2;CPU_Procs;CRITICAL;notify-service-by-email;CPU CRITICAL: 1 crit, 0 warn out of 335 processes
