[1576434600] LOG ROTATION: DAILY
[1576434600] LOG VERSION: 2.0
[1576434600] CURRENT HOST STATE: db1-vm2;UP;HARD;1;PING OK - Packet loss = 0%, RTA = 0.44 ms
[1576434600] CURRENT HOST STATE: db2;UP;HARD;1;PING OK - Packet loss = 0%, RTA = 0.43 ms
[1576434600] CURRENT HOST STATE: primary-server;UP;HARD;1;PING OK - Packet loss = 0%, RTA = 0.41 ms
[1576434600] CURRENT HOST STATE: pservercluster1;UP;HARD;1;PING OK - Packet loss = 0%, RTA = 0.32 ms
[1576434600] CURRENT HOST STATE: pservercluster2;UP;HARD;1;PING OK - Packet loss = 0%, RTA = 0.27 ms
[1576434600] CURRENT HOST STATE: qservercluster1;UP;HARD;1;PING OK - Packet loss = 0%, RTA = 0.31 ms
[1576434600] CURRENT HOST STATE: qservercluster2;UP;HARD;1;PING OK - Packet loss = 0%, RTA = 0.31 ms
[1576434600] CURRENT HOST STATE: redis-1;UP;HARD;1;PING OK - Packet loss = 0%, RTA = 0.31 ms
[1576434600] CURRENT HOST STATE: redis-2;UP;HARD;1;PING OK - Packet loss = 0%, RTA = 0.32 ms
[1576434600] CURRENT HOST STATE: rq-1;UP;HARD;1;PING OK - Packet loss = 0%, RTA = 0.25 ms
[1576434600] CURRENT HOST STATE: rq-2;UP;HARD;1;PING OK - Packet loss = 0%, RTA = 0.30 ms
[1576434600] CURRENT HOST STATE: secondary-server;UP;HARD;1;PING OK - Packet loss = 0%, RTA = 0.36 ms
[1576434600] CURRENT HOST STATE: sig1-vm2;UP;HARD;1;PING OK - Packet loss = 0%, RTA = 0.67 ms
[1576434600] CURRENT HOST STATE: sig2-vm2;UP;HARD;1;PING OK - Packet loss = 0%, RTA = 0.48 ms
[1576434600] CURRENT HOST STATE: sig3-vm2;UP;HARD;1;PING OK - Packet loss = 0%, RTA = 0.33 ms
[1576434600] CURRENT HOST STATE: sig4-vm2;UP;HARD;1;PING OK - Packet loss = 0%, RTA = 0.51 ms
[1576434600] CURRENT HOST STATE: sig5-vm2;UP;HARD;1;PING OK - Packet loss = 0%, RTA = 0.45 ms
[1576434600] CURRENT HOST STATE: sig6-vm2;UP;HARD;1;PING OK - Packet loss = 0%, RTA = 0.44 ms
[1576434600] CURRENT HOST STATE: sigqscluster1;UP;HARD;1;PING OK - Packet loss = 0%, RTA = 0.44 ms
[1576434600] CURRENT HOST STATE: sigqscluster2;UP;HARD;1;PING OK - Packet loss = 0%, RTA = 0.25 ms
[1576434600] CURRENT HOST STATE: smscapp1;UP;HARD;1;PING OK - Packet loss = 0%, RTA = 0.31 ms
[1576434600] CURRENT HOST STATE: smscapp2;UP;HARD;1;PING OK - Packet loss = 0%, RTA = 0.34 ms
[1576434600] CURRENT HOST STATE: sservercluster1;UP;HARD;1;PING OK - Packet loss = 0%, RTA = 0.33 ms
[1576434600] CURRENT HOST STATE: sservercluster2;UP;HARD;1;PING OK - Packet loss = 0%, RTA = 0.40 ms
[1576434600] CURRENT HOST STATE: webserver1;UP;HARD;1;PING OK - Packet loss = 0%, RTA = 0.47 ms
[1576434600] CURRENT HOST STATE: webserver2;UP;HARD;1;PING OK - Packet loss = 0%, RTA = 0.06 ms
[1576434600] CURRENT HOST STATE: webservercluster1;UP;HARD;1;PING OK - Packet loss = 0%, RTA = 0.42 ms
[1576434600] CURRENT HOST STATE: webservercluster2;UP;HARD;1;PING OK - Packet loss = 0%, RTA = 0.25 ms
[1576434600] CURRENT SERVICE STATE: db1-vm2;CPU Load;OK;HARD;1;OK - load average: 0.45, 0.54, 0.67
[1576434600] CURRENT SERVICE STATE: db1-vm2;CPU_Procs;OK;HARD;1;CPU OK: 461 processes
[1576434600] CURRENT SERVICE STATE: db1-vm2;Current Users;OK;HARD;1;USERS OK - 0 users currently logged in
[1576434600] CURRENT SERVICE STATE: db1-vm2;HDD_Home status;OK;HARD;1;DISK OK - free space: /home 26899 MB (67% inode=99%):
[1576434600] CURRENT SERVICE STATE: db1-vm2;HDD_Root status;OK;HARD;1;DISK OK - free space: / 44598 MB (87% inode=99%):
[1576434600] CURRENT SERVICE STATE: db1-vm2;Memory;OK;HARD;1;OK - 90.2% (22254280 kB) free.
[1576434600] CURRENT SERVICE STATE: db1-vm2;OutOfMemory-killer--oom-killer;OK;HARD;1;Log check ok - 0 pattern matches found
[1576434600] CURRENT SERVICE STATE: db1-vm2;PING;OK;HARD;1;PING OK - Packet loss = 0%, RTA = 0.06 ms
[1576434600] CURRENT SERVICE STATE: db1-vm2;Total Processes;OK;HARD;1;PROCS OK: 460 processes
[1576434600] CURRENT SERVICE STATE: db2;CPU Load;OK;HARD;1;OK - load average: 0.00, 0.03, 0.14
[1576434600] CURRENT SERVICE STATE: db2;CPU_Procs;OK;HARD;1;CPU OK: 327 processes
[1576434600] CURRENT SERVICE STATE: db2;Current Users;OK;HARD;1;USERS OK - 2 users currently logged in
[1576434600] CURRENT SERVICE STATE: db2;HDD_Home status;OK;HARD;1;DISK OK - free space: /home 90216 MB (40% inode=99%):
[1576434600] CURRENT SERVICE STATE: db2;HDD_Root status;OK;HARD;1;DISK OK - free space: / 44480 MB (86% inode=99%):
[1576434600] CURRENT SERVICE STATE: db2;LocalService-NTPD SERVICE;OK;HARD;1;PROCS OK: 1 process with command name 'ntpd'
[1576434600] CURRENT SERVICE STATE: db2;Mariadb status;OK;HARD;1;PROCS OK: 1 process with command name 'mysqld'
[1576434600] CURRENT SERVICE STATE: db2;Memory;OK;HARD;1;OK - 56.5% (27848972 kB) free.
[1576434600] CURRENT SERVICE STATE: db2;Sensors Status;OK;HARD;1;SENSORS OK
[1576434600] CURRENT SERVICE STATE: db2;Total Processes;OK;HARD;1;PROCS OK: 327 processes
[1576434600] CURRENT SERVICE STATE: primary-server;CPU Load;OK;HARD;1;OK - load average: 0.08, 0.03, 0.11
[1576434600] CURRENT SERVICE STATE: primary-server;CPU_Procs;OK;HARD;1;CPU OK: 346 processes
[1576434600] CURRENT SERVICE STATE: primary-server;Current Users;OK;HARD;1;USERS OK - 3 users currently logged in
[1576434600] CURRENT SERVICE STATE: primary-server;HDD_Home status;OK;HARD;1;DISK OK - free space: /home 135165 MB (60% inode=99%):
[1576434600] CURRENT SERVICE STATE: primary-server;HDD_Root status;OK;HARD;1;DISK OK - free space: / 30068 MB (58% inode=99%):
[1576434600] CURRENT SERVICE STATE: primary-server;LocalService-NTPD SERVICE;OK;HARD;1;PROCS OK: 1 process with command name 'ntpd'
[1576434600] CURRENT SERVICE STATE: primary-server;Memory;OK;HARD;1;OK - 65.3% (16010860 kB) free.
[1576434600] CURRENT SERVICE STATE: primary-server;Nginx Access Log Status;OK;HARD;1;Log check ok - 0 pattern matches found
[1576434600] CURRENT SERVICE STATE: primary-server;Nginx Error Log Status;OK;HARD;1;Log check ok - 0 pattern matches found
[1576434600] CURRENT SERVICE STATE: primary-server;Nginx Status;OK;HARD;1;NGINX OK -  0.090 sec. response time, Active: 0 (Writing: 0 Reading: 0 Waiting: 0) ReqPerSec: 0.000 ConnPerSec: 0.000 ReqPerConn: 0.000
[1576434600] CURRENT SERVICE STATE: primary-server;Sensors Status;OK;HARD;1;SENSORS OK
[1576434600] CURRENT SERVICE STATE: primary-server;Total Processes;OK;HARD;1;PROCS OK: 346 processes
[1576434600] CURRENT SERVICE STATE: pservercluster1;CPU Load;OK;HARD;1;OK - load average: 0.53, 0.58, 0.55
[1576434600] CURRENT SERVICE STATE: pservercluster1;CPU_Procs;OK;HARD;1;CPU OK: 373 processes
[1576434600] CURRENT SERVICE STATE: pservercluster1;Current Users;OK;HARD;1;USERS OK - 9 users currently logged in
[1576434600] CURRENT SERVICE STATE: pservercluster1;HDD_Home status;OK;HARD;1;DISK OK - free space: /home 200854 MB (91% inode=99%):
[1576434600] CURRENT SERVICE STATE: pservercluster1;HDD_Root status;OK;HARD;1;DISK OK - free space: / 39519 MB (77% inode=99%):
[1576434600] CURRENT SERVICE STATE: pservercluster1;LocalService-NTPD SERVICE;OK;HARD;1;PROCS OK: 1 process with command name 'ntpd'
[1576434600] CURRENT SERVICE STATE: pservercluster1;Memory;WARNING;HARD;3;WARNING - 11.5% (2827512 kB) free!
[1576434600] CURRENT SERVICE STATE: pservercluster1;Sensors Status;OK;HARD;1;SENSORS OK
[1576434600] CURRENT SERVICE STATE: pservercluster1;Total Processes;OK;HARD;1;PROCS OK: 374 processes
[1576434600] CURRENT SERVICE STATE: pservercluster2;CPU Load;OK;HARD;1;OK - load average: 163.02, 102.08, 41.00
[1576434600] CURRENT SERVICE STATE: pservercluster2;CPU_Procs;OK;HARD;1;CPU OK: 363 processes
[1576434600] CURRENT SERVICE STATE: pservercluster2;Current Users;OK;HARD;1;USERS OK - 3 users currently logged in
[1576434600] CURRENT SERVICE STATE: pservercluster2;HDD_Home status;OK;HARD;1;DISK OK - free space: /home 167641 MB (74% inode=99%):
[1576434600] CURRENT SERVICE STATE: pservercluster2;HDD_Root status;OK;HARD;1;DISK OK - free space: / 37459 MB (73% inode=98%):
[1576434600] CURRENT SERVICE STATE: pservercluster2;LocalService-NTPD SERVICE;OK;HARD;1;PROCS OK: 1 process with command name 'ntpd'
[1576434600] CURRENT SERVICE STATE: pservercluster2;Memory;OK;HARD;1;OK - 82.7% (20268080 kB) free.
[1576434600] CURRENT SERVICE STATE: pservercluster2;Sensors Status;OK;HARD;1;SENSORS OK
[1576434600] CURRENT SERVICE STATE: pservercluster2;Total Processes;OK;HARD;1;PROCS OK: 365 processes
[1576434600] CURRENT SERVICE STATE: qservercluster1;CPU Load;OK;HARD;1;OK - load average: 3.39, 4.94, 5.87
[1576434600] CURRENT SERVICE STATE: qservercluster1;CPU_Procs;OK;HARD;1;CPU OK: 333 processes
[1576434600] CURRENT SERVICE STATE: qservercluster1;Current Users;OK;HARD;1;USERS OK - 1 users currently logged in
[1576434600] CURRENT SERVICE STATE: qservercluster1;HDD_Home status;OK;HARD;1;DISK OK - free space: /home 224641 MB (99% inode=99%):
[1576434600] CURRENT SERVICE STATE: qservercluster1;HDD_Root status;OK;HARD;1;DISK OK - free space: / 44497 MB (86% inode=99%):
[1576434600] CURRENT SERVICE STATE: qservercluster1;LocalService-NTPD SERVICE;OK;HARD;1;PROCS OK: 1 process with command name 'ntpd'
[1576434600] CURRENT SERVICE STATE: qservercluster1;Memory;OK;HARD;1;OK - 88.8% (43729296 kB) free.
[1576434600] CURRENT SERVICE STATE: qservercluster1;Sensors Status;OK;HARD;1;SENSORS OK
[1576434600] CURRENT SERVICE STATE: qservercluster1;Total Processes;OK;HARD;1;PROCS OK: 330 processes
[1576434600] CURRENT SERVICE STATE: qservercluster2;CPU Load;OK;HARD;1;OK - load average: 2.18, 2.09, 2.37
[1576434600] CURRENT SERVICE STATE: qservercluster2;CPU_Procs;OK;HARD;1;CPU OK: 538 processes
[1576434600] CURRENT SERVICE STATE: qservercluster2;Current Users;OK;HARD;1;USERS OK - 4 users currently logged in
[1576434600] CURRENT SERVICE STATE: qservercluster2;HDD_Home status;OK;HARD;1;DISK OK - free space: /home 170155 MB (75% inode=99%):
[1576434600] CURRENT SERVICE STATE: qservercluster2;HDD_Root status;OK;HARD;1;DISK OK - free space: / 27034 MB (52% inode=98%):
[1576434600] CURRENT SERVICE STATE: qservercluster2;LocalService-NTPD SERVICE;OK;HARD;1;PROCS OK: 1 process with command name 'ntpd'
[1576434600] CURRENT SERVICE STATE: qservercluster2;Memory;OK;HARD;1;OK - 54.5% (26862700 kB) free.
[1576434600] CURRENT SERVICE STATE: qservercluster2;Sensors Status;OK;HARD;1;SENSORS OK
[1576434600] CURRENT SERVICE STATE: qservercluster2;Total Processes;OK;HARD;1;PROCS OK: 540 processes
[1576434600] CURRENT SERVICE STATE: redis-1;CPU Load;OK;HARD;1;OK - load average: 0.40, 0.41, 0.47
[1576434600] CURRENT SERVICE STATE: redis-1;CPU_Procs;OK;HARD;1;CPU OK: 400 processes
[1576434600] CURRENT SERVICE STATE: redis-1;Current Users;OK;HARD;1;USERS OK - 1 users currently logged in
[1576434600] CURRENT SERVICE STATE: redis-1;HDD_Home status;OK;HARD;1;DISK OK - free space: /home 371163 MB (99% inode=99%):
[1576434600] CURRENT SERVICE STATE: redis-1;HDD_Root status;OK;HARD;1;DISK OK - free space: / 45137 MB (88% inode=99%):
[1576434600] CURRENT SERVICE STATE: redis-1;HDD_VNS1 status;OK;HARD;1;DISK OK - free space: /vns1 317075 MB (29% inode=99%):
[1576434600] CURRENT SERVICE STATE: redis-1;LocalService-NTPD SERVICE;OK;HARD;1;PROCS OK: 1 process with command name 'ntpd'
[1576434600] CURRENT SERVICE STATE: redis-1;Memory;OK;HARD;1;OK - 85.5% (112689116 kB) free.
[1576434600] CURRENT SERVICE STATE: redis-1;Sensors Status;OK;HARD;1;SENSORS OK
[1576434600] CURRENT SERVICE STATE: redis-1;Total Processes;OK;HARD;1;PROCS OK: 399 processes
[1576434600] CURRENT SERVICE STATE: redis-2;CPU Load;OK;HARD;1;OK - load average: 1.24, 1.22, 1.31
[1576434600] CURRENT SERVICE STATE: redis-2;CPU_Procs;OK;HARD;1;CPU OK: 381 processes
[1576434600] CURRENT SERVICE STATE: redis-2;Current Users;OK;HARD;1;USERS OK - 2 users currently logged in
[1576434600] CURRENT SERVICE STATE: redis-2;HDD_Home status;OK;HARD;1;DISK OK - free space: /home 331336 MB (88% inode=99%):
[1576434600] CURRENT SERVICE STATE: redis-2;HDD_Root status;OK;HARD;1;DISK OK - free space: / 45179 MB (88% inode=99%):
[1576434600] CURRENT SERVICE STATE: redis-2;HDD_VNS1 status;OK;HARD;1;DISK OK - free space: /vns1 1069171 MB (99% inode=99%):
[1576434600] CURRENT SERVICE STATE: redis-2;LocalService-NTPD SERVICE;OK;HARD;1;PROCS OK: 1 process with command name 'ntpd'
[1576434600] CURRENT SERVICE STATE: redis-2;Memory;OK;HARD;1;OK - 42.6% (56117408 kB) free.
[1576434600] CURRENT SERVICE STATE: redis-2;Sensors Status;OK;HARD;1;SENSORS OK
[1576434600] CURRENT SERVICE STATE: redis-2;Total Processes;OK;HARD;1;PROCS OK: 384 processes
[1576434600] CURRENT SERVICE STATE: rq-1;CPU Load;OK;HARD;1;OK - load average: 12.80, 14.51, 15.34
[1576434600] CURRENT SERVICE STATE: rq-1;CPU_Procs;OK;HARD;1;CPU OK: 356 processes
[1576434600] CURRENT SERVICE STATE: rq-1;Current Users;OK;HARD;1;USERS OK - 0 users currently logged in
[1576434600] CURRENT SERVICE STATE: rq-1;HDD_Home status;OK;HARD;1;DISK OK - free space: /home 400998 MB (99% inode=99%):
[1576434600] CURRENT SERVICE STATE: rq-1;HDD_Root status;OK;HARD;1;DISK OK - free space: / 42469 MB (82% inode=99%):
[1576434600] CURRENT SERVICE STATE: rq-1;HDD_VNS1 status;OK;HARD;1;DISK OK - free space: /rq1vns1 1068147 MB (99% inode=99%):
[1576434600] CURRENT SERVICE STATE: rq-1;LocalService-NTPD SERVICE;OK;HARD;1;PROCS OK: 1 process with command name 'ntpd'
[1576434600] CURRENT SERVICE STATE: rq-1;Memory;OK;HARD;1;OK - 81.5% (107372104 kB) free.
[1576434600] CURRENT SERVICE STATE: rq-1;Total Processes;OK;HARD;1;PROCS OK: 357 processes
[1576434600] CURRENT SERVICE STATE: rq-1;rq1-rabbitmqerror;OK;HARD;1;Log check ok - 0 pattern matches found
[1576434600] CURRENT SERVICE STATE: rq-2;CPU Load;OK;HARD;1;OK - load average: 14.25, 14.18, 14.83
[1576434600] CURRENT SERVICE STATE: rq-2;CPU_Procs;OK;HARD;1;CPU OK: 384 processes
[1576434600] CURRENT SERVICE STATE: rq-2;Current Users;OK;HARD;1;USERS OK - 1 users currently logged in
[1576434600] CURRENT SERVICE STATE: rq-2;HDD_Home status;OK;HARD;1;DISK OK - free space: /home 401206 MB (99% inode=99%):
[1576434600] CURRENT SERVICE STATE: rq-2;HDD_Root status;OK;HARD;1;DISK OK - free space: / 45531 MB (88% inode=99%):
[1576434600] CURRENT SERVICE STATE: rq-2;HDD_VNS1 status;OK;HARD;1;DISK OK - free space: /dev 64349 MB (100% inode=99%):
[1576434600] CURRENT SERVICE STATE: rq-2;LocalService-NTPD SERVICE;OK;HARD;1;PROCS OK: 2 processes with command name 'ntpd'
[1576434600] CURRENT SERVICE STATE: rq-2;Memory;OK;HARD;1;OK - 92.6% (122024740 kB) free.
[1576434600] CURRENT SERVICE STATE: rq-2;Total Processes;OK;HARD;1;PROCS OK: 387 processes
[1576434600] CURRENT SERVICE STATE: rq-2;rq2-rabbitmqerror;OK;HARD;1;Log check ok - 0 pattern matches found
[1576434600] CURRENT SERVICE STATE: secondary-server;CPU Load;OK;HARD;1;OK - load average: 0.00, 0.01, 0.05
[1576434600] CURRENT SERVICE STATE: secondary-server;CPU_Procs;OK;HARD;1;CPU OK: 346 processes
[1576434600] CURRENT SERVICE STATE: secondary-server;Current Users;OK;HARD;1;USERS OK - 4 users currently logged in
[1576434600] CURRENT SERVICE STATE: secondary-server;HDD_Home status;OK;HARD;1;DISK OK - free space: /home 115958 MB (51% inode=99%):
[1576434600] CURRENT SERVICE STATE: secondary-server;HDD_Root status;OK;HARD;1;DISK OK - free space: / 37274 MB (72% inode=99%):
[1576434600] CURRENT SERVICE STATE: secondary-server;LocalService-NTPD SERVICE;OK;HARD;1;PROCS OK: 1 process with command name 'ntpd'
[1576434600] CURRENT SERVICE STATE: secondary-server;Memory Status;OK;HARD;1;OK - 90.4% (22156552 kB) free.
[1576434600] CURRENT SERVICE STATE: secondary-server;Nginx Access Log Status;OK;HARD;1;Log check ok - 0 pattern matches found
[1576434600] CURRENT SERVICE STATE: secondary-server;Nginx Error Log Status;OK;HARD;1;Log check ok - 0 pattern matches found
[1576434600] CURRENT SERVICE STATE: secondary-server;Nginx Status;OK;HARD;1;NGINX OK -  0.087 sec. response time, Active: 0 (Writing: 0 Reading: 0 Waiting: 0) ReqPerSec: 0.000 ConnPerSec: 0.000 ReqPerConn: 0.000
[1576434600] CURRENT SERVICE STATE: secondary-server;Sensors Status;OK;HARD;1;SENSORS OK
[1576434600] CURRENT SERVICE STATE: secondary-server;Total Processes;OK;HARD;1;PROCS OK: 347 processes
[1576434600] CURRENT SERVICE STATE: sig1-vm2;CPU Load;OK;HARD;1;OK - load average: 0.00, 0.00, 0.00
[1576434600] CURRENT SERVICE STATE: sig1-vm2;CPU_Procs;OK;HARD;1;CPU OK: 266 processes
[1576434600] CURRENT SERVICE STATE: sig1-vm2;Current Users;OK;HARD;1;USERS OK - 0 users currently logged in
[1576434600] CURRENT SERVICE STATE: sig1-vm2;LocalService-NTPD SERVICE;OK;HARD;1;PROCS OK: 2 processes with command name 'ntpd'
[1576434600] CURRENT SERVICE STATE: sig1-vm2;Memory;OK;HARD;1;OK - 71.9% (11737508 kB) free.
[1576434600] CURRENT SERVICE STATE: sig1-vm2;Root status;OK;HARD;1;DISK OK - free space: / 125252 MB (93% inode=97%):
[1576434600] CURRENT SERVICE STATE: sig1-vm2;Total Processes;OK;HARD;1;PROCS OK: 263 processes
[1576434600] CURRENT SERVICE STATE: sig2-vm2;CPU Load;OK;HARD;1;OK - load average: 1.39, 0.89, 0.75
[1576434600] CURRENT SERVICE STATE: sig2-vm2;CPU_Procs;OK;HARD;1;CPU OK: 456 processes
[1576434600] CURRENT SERVICE STATE: sig2-vm2;Current Users;OK;HARD;1;USERS OK - 0 users currently logged in
[1576434600] CURRENT SERVICE STATE: sig2-vm2;HDD_Root status;OK;HARD;1;DISK OK - free space: / 124131 MB (89% inode=99%):
[1576434600] CURRENT SERVICE STATE: sig2-vm2;LocalService-NTPD SERVICE;OK;HARD;1;PROCS OK: 1 process with command name 'ntpd'
[1576434600] CURRENT SERVICE STATE: sig2-vm2;Memory;OK;HARD;1;OK - 89.9% (31329980 kB) free.
[1576434600] CURRENT SERVICE STATE: sig2-vm2;Total Processes;OK;HARD;1;PROCS OK: 456 processes
[1576434600] CURRENT SERVICE STATE: sig3-vm2;CPU Load;OK;HARD;1;OK - load average: 0.00, 0.00, 0.00
[1576434600] CURRENT SERVICE STATE: sig3-vm2;CPU_Procs;OK;HARD;1;CPU OK: 549 processes
[1576434600] CURRENT SERVICE STATE: sig3-vm2;Current Users;OK;HARD;1;USERS OK - 2 users currently logged in
[1576434600] CURRENT SERVICE STATE: sig3-vm2;HDD_Root status;OK;HARD;1;DISK OK - free space: / 90242 MB (75% inode=96%):
[1576434600] CURRENT SERVICE STATE: sig3-vm2;LocalService-NTPD SERVICE;OK;HARD;1;PROCS OK: 2 processes with command name 'ntpd'
[1576434600] CURRENT SERVICE STATE: sig3-vm2;Memory;OK;HARD;1;OK - 95.9% (22596780 kB) free.
[1576434600] CURRENT SERVICE STATE: sig3-vm2;Total Processes;OK;HARD;1;PROCS OK: 550 processes
[1576434600] CURRENT SERVICE STATE: sig4-vm2;CPU Load;OK;HARD;1;OK - load average: 0.00, 0.01, 0.05
[1576434600] CURRENT SERVICE STATE: sig4-vm2;CPU_Procs;OK;HARD;1;CPU OK: 222 processes
[1576434600] CURRENT SERVICE STATE: sig4-vm2;Current Users;OK;HARD;1;USERS OK - 0 users currently logged in
[1576434600] CURRENT SERVICE STATE: sig4-vm2;HDD_Root status;OK;HARD;1;DISK OK - free space: / 99672 MB (77% inode=99%):
[1576434600] CURRENT SERVICE STATE: sig4-vm2;LocalService-NTPD SERVICE;OK;HARD;1;PROCS OK: 1 process with command name 'ntpd'
[1576434600] CURRENT SERVICE STATE: sig4-vm2;Memory;OK;HARD;1;OK - 89.0% (31015736 kB) free.
[1576434600] CURRENT SERVICE STATE: sig4-vm2;Total Processes;OK;HARD;1;PROCS OK: 222 processes
[1576434600] CURRENT SERVICE STATE: sig5-vm2;CPU Load;OK;HARD;1;OK - load average: 0.90, 1.05, 1.03
[1576434600] CURRENT SERVICE STATE: sig5-vm2;CPU_Procs;OK;HARD;1;CPU OK: 461 processes
[1576434600] CURRENT SERVICE STATE: sig5-vm2;Current Users;OK;HARD;1;USERS OK - 0 users currently logged in
[1576434600] CURRENT SERVICE STATE: sig5-vm2;HDD_Root status;OK;HARD;1;DISK OK - free space: / 231795 MB (92% inode=99%):
[1576434600] CURRENT SERVICE STATE: sig5-vm2;LocalService-NTPD SERVICE;OK;HARD;1;PROCS OK: 1 process with command name 'ntpd'
[1576434600] CURRENT SERVICE STATE: sig5-vm2;Memory;OK;HARD;1;OK - 88.5% (30984060 kB) free.
[1576434600] CURRENT SERVICE STATE: sig5-vm2;Total Processes;OK;HARD;1;PROCS OK: 461 processes
[1576434600] CURRENT SERVICE STATE: sig6-vm2;CPU Load;OK;HARD;1;OK - load average: 1.04, 0.84, 0.80
[1576434600] CURRENT SERVICE STATE: sig6-vm2;CPU_Procs;OK;HARD;1;CPU OK: 498 processes
[1576434600] CURRENT SERVICE STATE: sig6-vm2;Current Users;OK;HARD;1;USERS OK - 2 users currently logged in
[1576434600] CURRENT SERVICE STATE: sig6-vm2;HDD_Root status;OK;HARD;1;DISK OK - free space: / 179810 MB (91% inode=99%):
[1576434600] CURRENT SERVICE STATE: sig6-vm2;LocalService-NTPD SERVICE;OK;HARD;1;PROCS OK: 1 process with command name 'ntpd'
[1576434600] CURRENT SERVICE STATE: sig6-vm2;Memory;OK;HARD;1;OK - 74.7% (16765440 kB) free.
[1576434600] CURRENT SERVICE STATE: sig6-vm2;OutOfMemory-killer--oom-killer;OK;HARD;1;Log check ok - 0 pattern matches found
[1576434600] CURRENT SERVICE STATE: sig6-vm2;Total Processes;OK;HARD;1;PROCS OK: 498 processes
[1576434600] CURRENT SERVICE STATE: sigqscluster1;CPU Load;OK;HARD;1;OK - load average: 0.90, 0.64, 0.37
[1576434600] CURRENT SERVICE STATE: sigqscluster1;CPU_Procs;OK;HARD;1;CPU OK: 354 processes
[1576434600] CURRENT SERVICE STATE: sigqscluster1;Current Users;OK;HARD;1;USERS OK - 7 users currently logged in
[1576434600] CURRENT SERVICE STATE: sigqscluster1;HDD_Home status;OK;HARD;1;DISK OK - free space: /home 224102 MB (99% inode=99%):
[1576434600] CURRENT SERVICE STATE: sigqscluster1;HDD_Root status;OK;HARD;1;DISK OK - free space: / 40059 MB (78% inode=99%):
[1576434600] CURRENT SERVICE STATE: sigqscluster1;LocalService-NTPD SERVICE;OK;HARD;1;PROCS OK: 1 process with command name 'ntpd'
[1576434600] CURRENT SERVICE STATE: sigqscluster1;Memory;OK;HARD;1;OK - 42.0% (20690500 kB) free.
[1576434600] CURRENT SERVICE STATE: sigqscluster1;Sensors Status;OK;HARD;1;SENSORS OK
[1576434600] CURRENT SERVICE STATE: sigqscluster1;Total Processes;OK;HARD;1;PROCS OK: 353 processes
[1576434600] CURRENT SERVICE STATE: sigqscluster2;CPU Load;OK;HARD;1;OK - load average: 13.51, 12.65, 12.15
[1576434600] CURRENT SERVICE STATE: sigqscluster2;CPU_Procs;OK;HARD;1;CPU OK: 300 processes
[1576434600] CURRENT SERVICE STATE: sigqscluster2;Current Users;OK;HARD;1;USERS OK - 0 users currently logged in
[1576434600] CURRENT SERVICE STATE: sigqscluster2;HDD_Home status;OK;HARD;1;DISK OK - free space: /home 208589 MB (99% inode=99%):
[1576434600] CURRENT SERVICE STATE: sigqscluster2;HDD_Root status;OK;HARD;1;DISK OK - free space: / 45526 MB (88% inode=99%):
[1576434600] CURRENT SERVICE STATE: sigqscluster2;LocalService-NTPD SERVICE;OK;HARD;1;PROCS OK: 1 process with command name 'ntpd'
[1576434600] CURRENT SERVICE STATE: sigqscluster2;Memory;OK;HARD;1;OK - 81.2% (39995848 kB) free.
[1576434600] CURRENT SERVICE STATE: sigqscluster2;Sensors Status;OK;HARD;1;SENSORS OK
[1576434600] CURRENT SERVICE STATE: sigqscluster2;Total Processes;OK;HARD;1;PROCS OK: 298 processes
[1576434600] CURRENT SERVICE STATE: sigqscluster2;sigqscluster2-rabbitmqerror;OK;HARD;1;Log check ok - 0 pattern matches found
[1576434600] CURRENT SERVICE STATE: smscapp1;CPU Load;OK;HARD;1;OK - load average: 3.41, 2.85, 2.52
[1576434600] CURRENT SERVICE STATE: smscapp1;CPU_Procs;OK;HARD;1;CPU OK: 640 processes
[1576434600] CURRENT SERVICE STATE: smscapp1;Current Users;OK;HARD;1;USERS OK - 3 users currently logged in
[1576434600] CURRENT SERVICE STATE: smscapp1;HDD_Home status;OK;HARD;1;DISK OK - free space: /home 148195 MB (65% inode=99%):
[1576434600] CURRENT SERVICE STATE: smscapp1;HDD_Root status;OK;HARD;1;DISK OK - free space: / 39057 MB (76% inode=98%):
[1576434600] CURRENT SERVICE STATE: smscapp1;LocalService-NTPD SERVICE;OK;HARD;1;PROCS OK: 1 process with command name 'ntpd'
[1576434600] CURRENT SERVICE STATE: smscapp1;Memory;OK;HARD;1;OK - 27.4% (13491100 kB) free.
[1576434600] CURRENT SERVICE STATE: smscapp1;Sensors Status;OK;HARD;1;SENSORS OK
[1576434600] CURRENT SERVICE STATE: smscapp1;Total Processes;OK;HARD;1;PROCS OK: 643 processes
[1576434600] CURRENT SERVICE STATE: smscapp2;CPU Load;OK;HARD;1;OK - load average: 3.21, 3.43, 3.62
[1576434600] CURRENT SERVICE STATE: smscapp2;CPU_Procs;OK;HARD;1;CPU OK: 2124 processes
[1576434600] CURRENT SERVICE STATE: smscapp2;Current Users;OK;HARD;1;USERS OK - 0 users currently logged in
[1576434600] CURRENT SERVICE STATE: smscapp2;HDD_Home status;OK;HARD;1;DISK OK - free space: /home 198828 MB (88% inode=99%):
[1576434600] CURRENT SERVICE STATE: smscapp2;HDD_Root status;OK;HARD;1;DISK OK - free space: / 38760 MB (75% inode=98%):
[1576434600] CURRENT SERVICE STATE: smscapp2;LocalService-NTPD SERVICE;OK;HARD;1;PROCS OK: 1 process with command name 'ntpd'
[1576434600] CURRENT SERVICE STATE: smscapp2;Memory;OK;HARD;1;OK - 56.2% (27680172 kB) free.
[1576434600] CURRENT SERVICE STATE: smscapp2;Sensors Status;OK;HARD;1;SENSORS OK
[1576434600] CURRENT SERVICE STATE: smscapp2;Total Processes;OK;HARD;1;PROCS OK: 2124 processes
[1576434600] CURRENT SERVICE STATE: sservercluster1;CPU Load;OK;HARD;1;OK - load average: 318.63, 112.28, 41.11
[1576434600] CURRENT SERVICE STATE: sservercluster1;CPU_Procs;OK;HARD;1;CPU OK: 379 processes
[1576434600] CURRENT SERVICE STATE: sservercluster1;Current Users;OK;HARD;1;USERS OK - 2 users currently logged in
[1576434600] CURRENT SERVICE STATE: sservercluster1;HDD_Home status;OK;HARD;1;DISK OK - free space: /home 156722 MB (71% inode=99%):
[1576434600] CURRENT SERVICE STATE: sservercluster1;HDD_Root status;OK;HARD;1;DISK OK - free space: / 40144 MB (78% inode=99%):
[1576434600] CURRENT SERVICE STATE: sservercluster1;LocalService-NTPD SERVICE;OK;HARD;1;PROCS OK: 1 process with command name 'ntpd'
[1576434600] CURRENT SERVICE STATE: sservercluster1;Memory;OK;HARD;1;OK - 79.8% (19554036 kB) free.
[1576434600] CURRENT SERVICE STATE: sservercluster1;Sensors Status;OK;HARD;1;SENSORS OK
[1576434600] CURRENT SERVICE STATE: sservercluster1;Total Processes;OK;HARD;1;PROCS OK: 382 processes
[1576434600] CURRENT SERVICE STATE: sservercluster2;CPU Load;OK;HARD;1;OK - load average: 0.72, 0.76, 0.79
[1576434600] CURRENT SERVICE STATE: sservercluster2;CPU_Procs;OK;HARD;1;CPU OK: 358 processes
[1576434600] CURRENT SERVICE STATE: sservercluster2;Current Users;OK;HARD;1;USERS OK - 3 users currently logged in
[1576434600] CURRENT SERVICE STATE: sservercluster2;HDD_Home status;OK;HARD;1;DISK OK - free space: /home 192946 MB (87% inode=99%):
[1576434600] CURRENT SERVICE STATE: sservercluster2;HDD_Root status;OK;HARD;1;DISK OK - free space: / 33249 MB (64% inode=98%):
[1576434600] CURRENT SERVICE STATE: sservercluster2;LocalService-NTPD SERVICE;OK;HARD;1;PROCS OK: 1 process with command name 'ntpd'
[1576434600] CURRENT SERVICE STATE: sservercluster2;Memory;OK;HARD;1;OK - 46.5% (11400520 kB) free.
[1576434600] CURRENT SERVICE STATE: sservercluster2;Sensors Status;OK;HARD;1;SENSORS OK
[1576434600] CURRENT SERVICE STATE: sservercluster2;Total Processes;OK;HARD;1;PROCS OK: 358 processes
[1576434600] CURRENT SERVICE STATE: webserver1;CPU Load;OK;HARD;1;OK - load average: 0.00, 0.02, 0.07
[1576434600] CURRENT SERVICE STATE: webserver1;CPU_Procs;OK;HARD;1;CPU OK: 362 processes
[1576434600] CURRENT SERVICE STATE: webserver1;Current Users;OK;HARD;1;USERS OK - 1 users currently logged in
[1576434600] CURRENT SERVICE STATE: webserver1;HDD_Home status;OK;HARD;1;DISK OK - free space: /home 224832 MB (99% inode=99%):
[1576434600] CURRENT SERVICE STATE: webserver1;HDD_Root status;OK;HARD;1;DISK OK - free space: / 40217 MB (78% inode=99%):
[1576434600] CURRENT SERVICE STATE: webserver1;LocalService-NTPD SERVICE;OK;HARD;1;PROCS OK: 1 process with command name 'ntpd'
[1576434600] CURRENT SERVICE STATE: webserver1;Memory;OK;HARD;1;OK - 84.7% (20725012 kB) free.
[1576434600] CURRENT SERVICE STATE: webserver1;Nginx_status;OK;HARD;1;NGINX OK -  0.088 sec. response time, Active: 1 (Writing: 1 Reading: 0 Waiting: 0) ReqPerSec: 0.003 ConnPerSec: 0.010 ReqPerConn: 0.973
[1576434600] CURRENT SERVICE STATE: webserver1;Sensors Status;OK;HARD;1;SENSORS OK
[1576434600] CURRENT SERVICE STATE: webserver1;Total Processes;OK;HARD;1;PROCS OK: 362 processes
[1576434600] CURRENT SERVICE STATE: webserver2;CPU_Procs;OK;HARD;1;CPU OK: 469 processes
[1576434600] CURRENT SERVICE STATE: webserver2;Current Load;OK;HARD;1;OK - load average: 0.03, 0.05, 0.05
[1576434600] CURRENT SERVICE STATE: webserver2;Current Users;OK;HARD;1;USERS OK - 30 users currently logged in
[1576434600] CURRENT SERVICE STATE: webserver2;HDD_Home status;OK;HARD;1;DISK OK - free space: /home 104799 MB (46.63% inode=100%):
[1576434600] CURRENT SERVICE STATE: webserver2;HTTP;OK;HARD;1;HTTP OK: HTTP/1.1 200 OK - 355 bytes in 0.001 second response time
[1576434600] CURRENT SERVICE STATE: webserver2;LocalService-NTPD SERVICE;OK;HARD;1;PROCS OK: 1 process with command name 'ntpd'
[1576434600] CURRENT SERVICE STATE: webserver2;Memory;OK;HARD;1;OK - 65.1% (15959508 kB) free.
[1576434600] CURRENT SERVICE STATE: webserver2;PING;OK;HARD;1;PING OK - Packet loss = 0%, RTA = 0.05 ms
[1576434600] CURRENT SERVICE STATE: webserver2;Root Partition;OK;HARD;1;DISK OK - free space: / 13448 MB (26.27% inode=99%):
[1576434600] CURRENT SERVICE STATE: webserver2;SSH;OK;HARD;1;SSH OK - OpenSSH_7.4 (protocol 2.0)
[1576434600] CURRENT SERVICE STATE: webserver2;Sensors Status;OK;HARD;1;SENSORS OK
[1576434600] CURRENT SERVICE STATE: webserver2;Total Processes;OK;HARD;1;PROCS OK: 163 processes with STATE = RSZDT
[1576434600] CURRENT SERVICE STATE: webservercluster1;CPU Load;OK;HARD;1;OK - load average: 0.01, 0.08, 0.06
[1576434600] CURRENT SERVICE STATE: webservercluster1;CPU_Procs;OK;HARD;1;CPU OK: 366 processes
[1576434600] CURRENT SERVICE STATE: webservercluster1;Current Users;OK;HARD;1;USERS OK - 2 users currently logged in
[1576434600] CURRENT SERVICE STATE: webservercluster1;HDD_Home status;OK;HARD;1;DISK OK - free space: / 20370 MB (39% inode=99%):
[1576434600] CURRENT SERVICE STATE: webservercluster1;HDD_Root status;OK;HARD;1;DISK OK - free space: /home 88475 MB (39% inode=99%):
[1576434600] CURRENT SERVICE STATE: webservercluster1;LocalService-NTPD SERVICE;OK;HARD;1;PROCS OK: 1 process with command name 'ntpd'
[1576434600] CURRENT SERVICE STATE: webservercluster1;Memory;OK;HARD;1;OK - 27.8% (4517976 kB) free.
[1576434600] CURRENT SERVICE STATE: webservercluster1;Sensors Status;OK;HARD;1;SENSORS OK
[1576434600] CURRENT SERVICE STATE: webservercluster1;Total Processes;OK;HARD;1;PROCS OK: 364 processes
[1576434600] CURRENT SERVICE STATE: webservercluster2;CPU Load;OK;HARD;1;OK - load average: 1.35, 1.33, 1.31
[1576434600] CURRENT SERVICE STATE: webservercluster2;CPU_Procs;WARNING;HARD;3;CPU WARNING: 1 warn out of 326 processes
[1576434600] CURRENT SERVICE STATE: webservercluster2;Current Users;OK;HARD;1;USERS OK - 2 users currently logged in
[1576434600] CURRENT SERVICE STATE: webservercluster2;HDD_Home status;OK;HARD;1;DISK OK - free space: /home 223972 MB (99% inode=99%):
[1576434600] CURRENT SERVICE STATE: webservercluster2;HDD_Root status;OK;HARD;1;DISK OK - free space: / 40136 MB (78% inode=99%):
[1576434600] CURRENT SERVICE STATE: webservercluster2;LocalService-NTPD SERVICE;OK;HARD;1;PROCS OK: 1 process with command name 'ntpd'
[1576434600] CURRENT SERVICE STATE: webservercluster2;Memory;OK;HARD;1;OK - 65.6% (10670872 kB) free.
[1576434600] CURRENT SERVICE STATE: webservercluster2;Sensors Status;OK;HARD;1;SENSORS OK
[1576434600] CURRENT SERVICE STATE: webservercluster2;Total Processes;OK;HARD;1;PROCS OK: 324 processes
[1576434974] SERVICE ALERT: primary-server;Nginx Error Log Status;CRITICAL;SOFT;1;(82) < 2019/12/16 00:04:24 [error] 20756#0: *17390077 recv() failed (104: Connection reset by peer) while proxying connection, client: 169.38.76.212, server: 0.0.0.0:13000, upstream: "10.147.212.155:13000", bytes from/to client:43/0, bytes from/to upstream:0/43
[1576435053] SERVICE ALERT: pservercluster2;CPU_Procs;WARNING;SOFT;1;CPU WARNING: 1 warn out of 370 processes
[1576435095] SERVICE ALERT: primary-server;Nginx Error Log Status;OK;HARD;1;Log check ok - 0 pattern matches found
[1576435173] SERVICE ALERT: pservercluster2;CPU_Procs;OK;HARD;1;CPU OK: 363 processes
[1576435397] SERVICE NOTIFICATION: nagiosadmin;pservercluster1;Memory;CRITICAL;notify-service-by-email;CRITICAL - 0.9% (214804 kB) free!
[1576435397] SERVICE ALERT: pservercluster1;Memory;CRITICAL;HARD;3;CRITICAL - 0.9% (214804 kB) free!
[1576435793] SERVICE NOTIFICATION: nagiosadmin;webservercluster2;CPU_Procs;WARNING;notify-service-by-email;CPU WARNING: 1 warn out of 320 processes
[1576436294] Auto-save of retention data completed successfully.
[1576436995] SERVICE ALERT: pservercluster2;Memory;WARNING;SOFT;1;WARNING - 14.6% (3579696 kB) free!
[1576437115] SERVICE ALERT: pservercluster2;Memory;WARNING;SOFT;2;WARNING - 14.6% (3577676 kB) free!
[1576437235] SERVICE NOTIFICATION: nagiosadmin;pservercluster2;Memory;WARNING;notify-service-by-email;WARNING - 14.6% (3567484 kB) free!
[1576437235] SERVICE ALERT: pservercluster2;Memory;WARNING;HARD;3;WARNING - 14.6% (3567484 kB) free!
[1576437797] SERVICE NOTIFICATION: nagiosadmin;pservercluster1;Memory;OK;notify-service-by-email;OK - 50.5% (12453612 kB) free.
[1576437797] SERVICE ALERT: pservercluster1;Memory;OK;HARD;1;OK - 50.5% (12453612 kB) free.
[1576438397] SERVICE ALERT: pservercluster1;Memory;WARNING;SOFT;1;WARNING - 16.4% (4055816 kB) free!
[1576438517] SERVICE ALERT: pservercluster1;Memory;CRITICAL;SOFT;2;CRITICAL - 0.8% (188804 kB) free!
[1576438637] SERVICE NOTIFICATION: nagiosadmin;pservercluster1;Memory;CRITICAL;notify-service-by-email;CRITICAL - 0.7% (163904 kB) free!
[1576438637] SERVICE ALERT: pservercluster1;Memory;CRITICAL;HARD;3;CRITICAL - 0.7% (163904 kB) free!
[1576439237] SERVICE FLAPPING ALERT: pservercluster1;Memory;STARTED; Service appears to have started flapping (23.8% change >= 20.0% threshold)
[1576439237] SERVICE ALERT: pservercluster1;Memory;WARNING;HARD;3;WARNING - 13.2% (3245840 kB) free!
[1576439393] SERVICE NOTIFICATION: nagiosadmin;webservercluster2;CPU_Procs;WARNING;notify-service-by-email;CPU WARNING: 1 warn out of 323 processes
[1576439450] SERVICE ALERT: redis-1;CPU_Procs;WARNING;SOFT;1;CPU WARNING: 1 warn out of 401 processes
[1576439571] SERVICE ALERT: redis-1;CPU_Procs;OK;HARD;1;CPU OK: 400 processes
[1576439838] SERVICE ALERT: pservercluster1;Memory;CRITICAL;HARD;3;CRITICAL - 0.7% (166388 kB) free!
[1576439894] Auto-save of retention data completed successfully.
[1576440058] SERVICE ALERT: sigqscluster1;Memory;WARNING;SOFT;1;WARNING - 18.4% (9080820 kB) free!
[1576440178] SERVICE ALERT: sigqscluster1;Memory;WARNING;SOFT;2;WARNING - 16.0% (7869040 kB) free!
[1576440298] SERVICE NOTIFICATION: nagiosadmin;sigqscluster1;Memory;WARNING;notify-service-by-email;WARNING - 16.0% (7871280 kB) free!
[1576440298] SERVICE ALERT: sigqscluster1;Memory;WARNING;HARD;3;WARNING - 16.0% (7871280 kB) free!
[1576440835] SERVICE NOTIFICATION: nagiosadmin;pservercluster2;Memory;WARNING;notify-service-by-email;WARNING - 13.9% (3410796 kB) free!
[1576442993] SERVICE NOTIFICATION: nagiosadmin;webservercluster2;CPU_Procs;WARNING;notify-service-by-email;CPU WARNING: 1 warn out of 322 processes
[1576443494] Auto-save of retention data completed successfully.
[1576443898] SERVICE NOTIFICATION: nagiosadmin;sigqscluster1;Memory;WARNING;notify-service-by-email;WARNING - 15.9% (7817344 kB) free!
[1576444038] SERVICE ALERT: pservercluster1;Memory;OK;HARD;1;OK - 55.5% (13690324 kB) free.
[1576444435] SERVICE NOTIFICATION: nagiosadmin;pservercluster2;Memory;WARNING;notify-service-by-email;WARNING - 13.3% (3270168 kB) free!
[1576446593] SERVICE NOTIFICATION: nagiosadmin;webservercluster2;CPU_Procs;WARNING;notify-service-by-email;CPU WARNING: 1 warn out of 324 processes
[1576447094] Auto-save of retention data completed successfully.
[1576447094] SERVICE ALERT: primary-server;Nginx Error Log Status;CRITICAL;SOFT;1;(55) < 2019/12/16 03:28:05 [error] 20756#0: *17422165 recv() failed (104: Connection reset by peer) while proxying connection, client: 103.209.99.7, server: 0.0.0.0:13000, upstream: "10.147.212.154:13000", bytes from/to client:43/0, bytes from/to upstream:0/43
[1576447214] SERVICE ALERT: primary-server;Nginx Error Log Status;CRITICAL;SOFT;2;(28) < 2019/12/16 03:30:14 [error] 20752#0: *17422351 recv() failed (104: Connection reset by peer) while proxying connection, client: 103.209.99.7, server: 0.0.0.0:13000, upstream: "10.147.212.142:13000", bytes from/to client:43/0, bytes from/to upstream:0/43
[1576447334] SERVICE ALERT: primary-server;Nginx Error Log Status;OK;HARD;1;Log check ok - 0 pattern matches found
[1576447498] SERVICE NOTIFICATION: nagiosadmin;sigqscluster1;Memory;WARNING;notify-service-by-email;WARNING - 15.8% (7762144 kB) free!
[1576447935] SERVICE ALERT: primary-server;Nginx Error Log Status;CRITICAL;SOFT;1;(25) < 2019/12/16 03:35:56 [error] 20756#0: *17423120 recv() failed (104: Connection reset by peer) while proxying connection, client: 169.38.76.212, server: 0.0.0.0:13000, upstream: "10.147.212.155:13000", bytes from/to client:43/0, bytes from/to upstream:0/43
[1576448036] SERVICE NOTIFICATION: nagiosadmin;pservercluster2;Memory;WARNING;notify-service-by-email;WARNING - 13.0% (3181580 kB) free!
[1576448055] SERVICE ALERT: primary-server;Nginx Error Log Status;OK;HARD;1;Log check ok - 0 pattern matches found
[1576448570] SERVICE ALERT: redis-1;CPU_Procs;CRITICAL;SOFT;1;CPU CRITICAL: 1 crit, 0 warn out of 401 processes
[1576448691] SERVICE ALERT: redis-1;CPU_Procs;OK;HARD;1;CPU OK: 400 processes
[1576450193] SERVICE NOTIFICATION: nagiosadmin;webservercluster2;CPU_Procs;WARNING;notify-service-by-email;CPU WARNING: 1 warn out of 323 processes
[1576450694] Auto-save of retention data completed successfully.
[1576451098] SERVICE NOTIFICATION: nagiosadmin;sigqscluster1;Memory;WARNING;notify-service-by-email;WARNING - 15.6% (7687416 kB) free!
[1576451838] SERVICE FLAPPING ALERT: pservercluster1;Memory;STOPPED; Service appears to have stopped flapping (4.5% change < 5.0% threshold)
[1576451838] SERVICE NOTIFICATION: nagiosadmin;pservercluster1;Memory;OK;notify-service-by-email;OK - 53.4% (13189292 kB) free.
[1576452235] SERVICE NOTIFICATION: nagiosadmin;pservercluster2;Memory;WARNING;notify-service-by-email;WARNING - 12.0% (2952188 kB) free!
[1576453793] SERVICE NOTIFICATION: nagiosadmin;webservercluster2;CPU_Procs;WARNING;notify-service-by-email;CPU WARNING: 1 warn out of 325 processes
[1576454294] Auto-save of retention data completed successfully.
[1576454698] SERVICE NOTIFICATION: nagiosadmin;sigqscluster1;Memory;WARNING;notify-service-by-email;WARNING - 15.5% (7626948 kB) free!
[1576455835] SERVICE NOTIFICATION: nagiosadmin;pservercluster2;Memory;WARNING;notify-service-by-email;WARNING - 11.0% (2693116 kB) free!
[1576456436] SERVICE NOTIFICATION: nagiosadmin;pservercluster2;Memory;CRITICAL;notify-service-by-email;CRITICAL - 0.8% (195840 kB) free!
[1576456436] SERVICE ALERT: pservercluster2;Memory;CRITICAL;HARD;3;CRITICAL - 0.8% (195840 kB) free!
[1576456638] SERVICE ALERT: pservercluster1;Memory;CRITICAL;SOFT;1;CRITICAL - 0.8% (198196 kB) free!
[1576456758] SERVICE ALERT: pservercluster1;Memory;CRITICAL;SOFT;2;CRITICAL - 0.8% (199720 kB) free!
[1576456878] SERVICE NOTIFICATION: nagiosadmin;pservercluster1;Memory;CRITICAL;notify-service-by-email;CRITICAL - 0.9% (214156 kB) free!
[1576456878] SERVICE ALERT: pservercluster1;Memory;CRITICAL;HARD;3;CRITICAL - 0.9% (214156 kB) free!
[1576457036] SERVICE NOTIFICATION: nagiosadmin;pservercluster2;Memory;OK;notify-service-by-email;OK - 82.4% (20195300 kB) free.
[1576457036] SERVICE ALERT: pservercluster2;Memory;OK;HARD;1;OK - 82.4% (20195300 kB) free.
[1576457329] EXTERNAL COMMAND: SCHEDULE_FORCED_SVC_CHECK;pservercluster1;Memory;1576457328
[1576457330] SERVICE NOTIFICATION: nagiosadmin;pservercluster1;Memory;OK;notify-service-by-email;OK - 91.8% (22656972 kB) free.
[1576457330] SERVICE ALERT: pservercluster1;Memory;OK;HARD;1;OK - 91.8% (22656972 kB) free.
[1576457332] EXTERNAL COMMAND: SCHEDULE_FORCED_SVC_CHECK;pservercluster1;Memory;1576457331
[1576457335] EXTERNAL COMMAND: SCHEDULE_FORCED_SVC_CHECK;pservercluster1;Memory;1576457334
[1576457393] SERVICE NOTIFICATION: nagiosadmin;webservercluster2;CPU_Procs;WARNING;notify-service-by-email;CPU WARNING: 1 warn out of 323 processes
[1576457894] Auto-save of retention data completed successfully.
[1576458298] SERVICE NOTIFICATION: nagiosadmin;sigqscluster1;Memory;WARNING;notify-service-by-email;WARNING - 15.2% (7495240 kB) free!
[1576459455] SERVICE ALERT: primary-server;Nginx Error Log Status;CRITICAL;SOFT;1;(35) < 2019/12/16 06:48:44 [error] 20756#0: *17453700 recv() failed (104: Connection reset by peer) while proxying connection, client: 103.209.99.7, server: 0.0.0.0:13000, upstream: "10.147.212.143:13000", bytes from/to client:43/0, bytes from/to upstream:0/43
[1576459575] SERVICE ALERT: primary-server;Nginx Error Log Status;OK;HARD;1;Log check ok - 0 pattern matches found
[1576460175] SERVICE ALERT: primary-server;Nginx Error Log Status;CRITICAL;SOFT;1;(58) < 2019/12/16 06:59:30 [error] 20756#0: *17455063 recv() failed (104: Connection reset by peer) while proxying connection, client: 103.209.99.7, server: 0.0.0.0:13000, upstream: "10.147.212.142:13000", bytes from/to client:43/0, bytes from/to upstream:0/43
[1576460295] SERVICE ALERT: primary-server;Nginx Error Log Status;CRITICAL;SOFT;2;(25) < 2019/12/16 07:07:11 [error] 20756#0: *17456139 recv() failed (104: Connection reset by peer) while proxying connection, client: 169.38.76.212, server: 0.0.0.0:13000, upstream: "10.147.212.155:13000", bytes from/to client:43/0, bytes from/to upstream:0/43
[1576460416] SERVICE ALERT: primary-server;Nginx Error Log Status;OK;HARD;1;Log check ok - 0 pattern matches found
[1576460993] SERVICE NOTIFICATION: nagiosadmin;webservercluster2;CPU_Procs;WARNING;notify-service-by-email;CPU WARNING: 1 warn out of 325 processes
[1576461494] Auto-save of retention data completed successfully.
[1576461898] SERVICE NOTIFICATION: nagiosadmin;sigqscluster1;Memory;WARNING;notify-service-by-email;WARNING - 14.5% (7162180 kB) free!
[1576464593] SERVICE NOTIFICATION: nagiosadmin;webservercluster2;CPU_Procs;WARNING;notify-service-by-email;CPU WARNING: 1 warn out of 322 processes
[1576465094] Auto-save of retention data completed successfully.
[1576465498] SERVICE NOTIFICATION: nagiosadmin;sigqscluster1;Memory;WARNING;notify-service-by-email;WARNING - 14.1% (6965296 kB) free!
[1576466542] SERVICE ALERT: webservercluster1;CPU_Procs;CRITICAL;SOFT;1;CPU CRITICAL: 1 crit, 0 warn out of 367 processes
[1576466662] SERVICE ALERT: webservercluster1;CPU_Procs;OK;HARD;1;CPU OK: 367 processes
[1576468193] SERVICE NOTIFICATION: nagiosadmin;webservercluster2;CPU_Procs;WARNING;notify-service-by-email;CPU WARNING: 1 warn out of 324 processes
[1576468694] Auto-save of retention data completed successfully.
[1576469099] SERVICE NOTIFICATION: nagiosadmin;sigqscluster1;Memory;WARNING;notify-service-by-email;WARNING - 13.3% (6550332 kB) free!
[1576471793] SERVICE NOTIFICATION: nagiosadmin;webservercluster2;CPU_Procs;WARNING;notify-service-by-email;CPU WARNING: 1 warn out of 323 processes
[1576471815] SERVICE ALERT: primary-server;Nginx Error Log Status;CRITICAL;SOFT;1;(24) < 2019/12/16 10:19:52 [error] 20757#0: *17486623 recv() failed (104: Connection reset by peer) while proxying connection, client: 169.38.76.212, server: 0.0.0.0:13000, upstream: "10.147.212.143:13000", bytes from/to client:43/0, bytes from/to upstream:0/43
[1576471935] SERVICE ALERT: primary-server;Nginx Error Log Status;OK;HARD;1;Log check ok - 0 pattern matches found
[1576472174] SERVICE ALERT: sservercluster1;Total Processes;CRITICAL;SOFT;1;PROCS CRITICAL: 1013 processes
[1576472294] Auto-save of retention data completed successfully.
[1576472295] SERVICE ALERT: sservercluster1;Total Processes;CRITICAL;SOFT;2;PROCS CRITICAL: 1015 processes
[1576472415] SERVICE ALERT: sservercluster1;Total Processes;OK;HARD;1;PROCS OK: 369 processes
[1576472536] SERVICE ALERT: primary-server;Nginx Error Log Status;CRITICAL;SOFT;1;(68) < 2019/12/16 10:27:59 [error] 20755#0: *17487596 recv() failed (104: Connection reset by peer) while proxying connection, client: 169.38.76.212, server: 0.0.0.0:13000, upstream: "10.147.212.142:13000", bytes from/to client:43/0, bytes from/to upstream:0/43
[1576472656] SERVICE ALERT: primary-server;Nginx Error Log Status;OK;HARD;1;Log check ok - 0 pattern matches found
[1576473087] SERVICE ALERT: secondary-server;CPU_Procs;CRITICAL;SOFT;1;CPU CRITICAL: 1 crit, 0 warn out of 344 processes
[1576473208] SERVICE ALERT: secondary-server;CPU_Procs;CRITICAL;SOFT;2;CPU CRITICAL: 1 crit, 0 warn out of 346 processes
[1576473256] SERVICE ALERT: primary-server;Nginx Error Log Status;CRITICAL;SOFT;1;(26) < 2019/12/16 10:38:48 [error] 20759#0: *17489195 recv() failed (104: Connection reset by peer) while proxying connection, client: 103.209.99.7, server: 0.0.0.0:13000, upstream: "10.147.212.155:13000", bytes from/to client:43/0, bytes from/to upstream:0/43
[1576473298] SERVICE NOTIFICATION: nagiosadmin;sigqscluster1;Memory;WARNING;notify-service-by-email;WARNING - 10.5% (5170844 kB) free!
[1576473328] SERVICE ALERT: secondary-server;CPU_Procs;OK;HARD;1;CPU OK: 344 processes
[1576473376] SERVICE ALERT: primary-server;Nginx Error Log Status;OK;HARD;1;Log check ok - 0 pattern matches found
[1576473536] SERVICE ALERT: pservercluster1;Memory;CRITICAL;SOFT;1;CRITICAL - 0.8% (191484 kB) free!
[1576473656] SERVICE ALERT: pservercluster1;Memory;CRITICAL;SOFT;2;CRITICAL - 0.8% (186144 kB) free!
[1576473776] SERVICE NOTIFICATION: nagiosadmin;pservercluster1;Memory;CRITICAL;notify-service-by-email;CRITICAL - 0.7% (171192 kB) free!
[1576473776] SERVICE ALERT: pservercluster1;Memory;CRITICAL;HARD;3;CRITICAL - 0.7% (171192 kB) free!
[1576474462] SERVICE ALERT: webservercluster1;CPU_Procs;WARNING;SOFT;1;CPU WARNING: 2 warn out of 372 processes
[1576474582] SERVICE ALERT: webservercluster1;CPU_Procs;OK;HARD;1;CPU OK: 366 processes
[1576474818] EXTERNAL COMMAND: SCHEDULE_FORCED_SVC_CHECK;pservercluster1;Memory;1576474816
[1576474818] SERVICE NOTIFICATION: nagiosadmin;pservercluster1;Memory;OK;notify-service-by-email;OK - 90.5% (22320880 kB) free.
[1576474818] SERVICE ALERT: pservercluster1;Memory;OK;HARD;1;OK - 90.5% (22320880 kB) free.
[1576474821] EXTERNAL COMMAND: SCHEDULE_FORCED_SVC_CHECK;pservercluster1;Memory;1576474820
[1576474826] EXTERNAL COMMAND: SCHEDULE_FORCED_SVC_CHECK;pservercluster1;Memory;1576474825
[1576475098] SERVICE NOTIFICATION: nagiosadmin;sigqscluster1;Memory;CRITICAL;notify-service-by-email;CRITICAL - 8.4% (4135824 kB) free!
[1576475098] SERVICE ALERT: sigqscluster1;Memory;CRITICAL;HARD;3;CRITICAL - 8.4% (4135824 kB) free!
[1576475393] SERVICE NOTIFICATION: nagiosadmin;webservercluster2;CPU_Procs;WARNING;notify-service-by-email;CPU WARNING: 1 warn out of 325 processes
[1576475894] Auto-save of retention data completed successfully.
[1576476836] SERVICE ALERT: pservercluster2;Memory;WARNING;SOFT;1;WARNING - 13.5% (3320012 kB) free!
[1576476956] SERVICE ALERT: pservercluster2;Memory;WARNING;SOFT;2;WARNING - 12.2% (3000568 kB) free!
[1576476983] SERVICE ALERT: webservercluster1;CPU_Procs;WARNING;SOFT;1;CPU WARNING: 2 warn out of 371 processes
[1576477076] SERVICE NOTIFICATION: nagiosadmin;pservercluster2;Memory;WARNING;notify-service-by-email;WARNING - 11.5% (2823072 kB) free!
[1576477076] SERVICE ALERT: pservercluster2;Memory;WARNING;HARD;3;WARNING - 11.5% (2823072 kB) free!
[1576477103] SERVICE ALERT: webservercluster1;CPU_Procs;OK;HARD;1;CPU OK: 365 processes
[1576477226] SERVICE ALERT: pservercluster1;Memory;WARNING;SOFT;1;WARNING - 15.1% (3733028 kB) free!
[1576477346] SERVICE ALERT: pservercluster1;Memory;WARNING;SOFT;2;WARNING - 14.9% (3671052 kB) free!
[1576477466] SERVICE NOTIFICATION: nagiosadmin;pservercluster1;Memory;WARNING;notify-service-by-email;WARNING - 14.6% (3596464 kB) free!
[1576477466] SERVICE ALERT: pservercluster1;Memory;WARNING;HARD;3;WARNING - 14.6% (3596464 kB) free!
[1576477676] SERVICE NOTIFICATION: nagiosadmin;pservercluster2;Memory;CRITICAL;notify-service-by-email;CRITICAL - 8.4% (2050084 kB) free!
[1576477676] SERVICE ALERT: pservercluster2;Memory;CRITICAL;HARD;3;CRITICAL - 8.4% (2050084 kB) free!
[1576478066] SERVICE FLAPPING ALERT: pservercluster1;Memory;STARTED; Service appears to have started flapping (22.8% change >= 20.0% threshold)
[1576478066] SERVICE ALERT: pservercluster1;Memory;CRITICAL;HARD;3;CRITICAL - 8.9% (2193392 kB) free!
[1576478095] EXTERNAL COMMAND: SCHEDULE_FORCED_SVC_CHECK;pservercluster2;Memory;1576478094
[1576478096] SERVICE NOTIFICATION: nagiosadmin;pservercluster2;Memory;OK;notify-service-by-email;OK - 90.9% (22275328 kB) free.
[1576478096] SERVICE ALERT: pservercluster2;Memory;OK;HARD;1;OK - 90.9% (22275328 kB) free.
[1576478102] EXTERNAL COMMAND: SCHEDULE_FORCED_SVC_CHECK;pservercluster2;Memory;1576478099
[1576478108] EXTERNAL COMMAND: SCHEDULE_FORCED_SVC_CHECK;pservercluster2;Memory;1576478107
[1576478140] EXTERNAL COMMAND: SCHEDULE_FORCED_SVC_CHECK;pservercluster1;Memory;1576478138
[1576478140] SERVICE ALERT: pservercluster1;Memory;OK;HARD;1;OK - 91.7% (22622944 kB) free.
[1576478145] EXTERNAL COMMAND: SCHEDULE_FORCED_SVC_CHECK;pservercluster1;Memory;1576478144
[1576478190] EXTERNAL COMMAND: SCHEDULE_FORCED_SVC_CHECK;sigqscluster1;Memory;1576478187
[1576478190] SERVICE NOTIFICATION: nagiosadmin;sigqscluster1;Memory;OK;notify-service-by-email;OK - 79.1% (39001388 kB) free.
[1576478190] SERVICE ALERT: sigqscluster1;Memory;OK;HARD;1;OK - 79.1% (39001388 kB) free.
[1576478196] EXTERNAL COMMAND: SCHEDULE_FORCED_SVC_CHECK;sigqscluster1;Memory;1576478193
[1576478303] SERVICE ALERT: webservercluster1;CPU_Procs;WARNING;SOFT;1;CPU WARNING: 4 warn out of 382 processes
[1576478423] SERVICE ALERT: webservercluster1;CPU_Procs;OK;HARD;1;CPU OK: 366 processes
[1576478993] SERVICE NOTIFICATION: nagiosadmin;webservercluster2;CPU_Procs;WARNING;notify-service-by-email;CPU WARNING: 1 warn out of 323 processes
[1576479494] Auto-save of retention data completed successfully.
[1576479871] SERVICE ALERT: primary-server;Nginx Access Log Status;CRITICAL;SOFT;1;(44) < 169.38.76.212 [16/Dec/2019:12:32:12 +0530] TCP 502 0 0 0.000 "backend_13000" "0" "0" "0.000"
[1576479976] SERVICE ALERT: primary-server;Nginx Error Log Status;CRITICAL;SOFT;1;(67) < 2019/12/16 12:32:12 [error] 20758#0: *17508000 no live upstreams while connecting to upstream, client: 169.38.76.212, server: 0.0.0.0:13000, upstream: "backend_13000", bytes from/to client:0/0, bytes from/to upstream:0/0
[1576479991] SERVICE ALERT: primary-server;Nginx Access Log Status;OK;HARD;1;Log check ok - 0 pattern matches found
[1576480097] SERVICE ALERT: primary-server;Nginx Error Log Status;OK;HARD;1;Log check ok - 0 pattern matches found
[1576481090] SERVICE ALERT: redis-1;CPU_Procs;WARNING;SOFT;1;CPU WARNING: 1 warn out of 401 processes
[1576481210] SERVICE ALERT: redis-1;CPU_Procs;OK;HARD;1;CPU OK: 400 processes
[1576482345] SERVICE ALERT: pservercluster1;Memory;CRITICAL;SOFT;1;CRITICAL - 9.8% (2413576 kB) free!
[1576482465] SERVICE ALERT: pservercluster1;Memory;CRITICAL;SOFT;2;CRITICAL - 9.4% (2308876 kB) free!
[1576482585] SERVICE ALERT: pservercluster1;Memory;CRITICAL;HARD;3;CRITICAL - 8.9% (2184680 kB) free!
[1576482593] SERVICE NOTIFICATION: nagiosadmin;webservercluster2;CPU_Procs;WARNING;notify-service-by-email;CPU WARNING: 1 warn out of 325 processes
[1576483094] Auto-save of retention data completed successfully.
[1576484486] SERVICE ALERT: sservercluster1;Memory;WARNING;SOFT;1;WARNING - 17.5% (4288180 kB) free!
[1576484606] SERVICE ALERT: sservercluster1;Memory;WARNING;SOFT;2;WARNING - 17.1% (4185024 kB) free!
[1576484679] SERVICE ALERT: smscapp1;Memory;WARNING;SOFT;1;WARNING - 19.3% (9532032 kB) free!
[1576484726] SERVICE NOTIFICATION: nagiosadmin;sservercluster1;Memory;WARNING;notify-service-by-email;WARNING - 16.6% (4064164 kB) free!
[1576484726] SERVICE ALERT: sservercluster1;Memory;WARNING;HARD;3;WARNING - 16.6% (4064164 kB) free!
[1576484799] SERVICE ALERT: smscapp1;Memory;WARNING;SOFT;2;WARNING - 18.8% (9280224 kB) free!
[1576484919] SERVICE NOTIFICATION: nagiosadmin;smscapp1;Memory;WARNING;notify-service-by-email;WARNING - 18.4% (9050112 kB) free!
[1576484919] SERVICE ALERT: smscapp1;Memory;WARNING;HARD;3;WARNING - 18.4% (9050112 kB) free!
[1576485308] SERVICE ALERT: pservercluster2;Memory;CRITICAL;SOFT;1;CRITICAL - 0.7% (177944 kB) free!
[1576485428] SERVICE ALERT: pservercluster2;Memory;CRITICAL;SOFT;2;CRITICAL - 0.8% (189524 kB) free!
[1576485548] SERVICE NOTIFICATION: nagiosadmin;pservercluster2;Memory;CRITICAL;notify-service-by-email;CRITICAL - 0.7% (175812 kB) free!
[1576485548] SERVICE ALERT: pservercluster2;Memory;CRITICAL;HARD;3;CRITICAL - 0.7% (175812 kB) free!
[1576485926] SERVICE NOTIFICATION: nagiosadmin;sservercluster1;Memory;CRITICAL;notify-service-by-email;CRITICAL - 9.7% (2387524 kB) free!
[1576485926] SERVICE ALERT: sservercluster1;Memory;CRITICAL;HARD;3;CRITICAL - 9.7% (2387524 kB) free!
[1576486096] SERVICE ALERT: primary-server;Nginx Error Log Status;CRITICAL;SOFT;1;(28) < 2019/12/16 14:09:48 [error] 20760#0: *17524416 recv() failed (104: Connection reset by peer) while proxying connection, client: 169.38.76.212, server: 0.0.0.0:13000, upstream: "10.147.212.142:13000", bytes from/to client:43/0, bytes from/to upstream:0/43
[1576486193] SERVICE NOTIFICATION: nagiosadmin;webservercluster2;CPU_Procs;WARNING;notify-service-by-email;CPU WARNING: 1 warn out of 317 processes
[1576486216] SERVICE ALERT: primary-server;Nginx Error Log Status;OK;HARD;1;Log check ok - 0 pattern matches found
[1576486694] Auto-save of retention data completed successfully.
[1576487319] SERVICE NOTIFICATION: nagiosadmin;smscapp1;Memory;CRITICAL;notify-service-by-email;CRITICAL - 9.2% (4540308 kB) free!
[1576487319] SERVICE ALERT: smscapp1;Memory;CRITICAL;HARD;3;CRITICAL - 9.2% (4540308 kB) free!
[1576487578] SERVICE ALERT: sig6-vm2;Memory;WARNING;SOFT;1;WARNING - 16.4% (3681108 kB) free!
[1576487698] SERVICE ALERT: sig6-vm2;Memory;WARNING;SOFT;2;WARNING - 15.6% (3511192 kB) free!
[1576487818] SERVICE NOTIFICATION: nagiosadmin;sig6-vm2;Memory;WARNING;notify-service-by-email;WARNING - 14.8% (3323480 kB) free!
[1576487818] SERVICE ALERT: sig6-vm2;Memory;WARNING;HARD;3;WARNING - 14.8% (3323480 kB) free!
[1576488395] EXTERNAL COMMAND: SCHEDULE_FORCED_SVC_CHECK;pservercluster1;Memory;1576488394
[1576488395] SERVICE ALERT: pservercluster1;Memory;OK;HARD;1;OK - 90.9% (22428888 kB) free.
[1576488418] SERVICE NOTIFICATION: nagiosadmin;sig6-vm2;Memory;CRITICAL;notify-service-by-email;CRITICAL - 9.9% (2215256 kB) free!
[1576488418] SERVICE ALERT: sig6-vm2;Memory;CRITICAL;HARD;3;CRITICAL - 9.9% (2215256 kB) free!
[1576488520] EXTERNAL COMMAND: SCHEDULE_FORCED_SVC_CHECK;pservercluster2;Memory;1576488519
[1576488521] SERVICE NOTIFICATION: nagiosadmin;pservercluster2;Memory;OK;notify-service-by-email;OK - 54.2% (13284404 kB) free.
[1576488521] SERVICE ALERT: pservercluster2;Memory;OK;HARD;1;OK - 54.2% (13284404 kB) free.
[1576488524] EXTERNAL COMMAND: SCHEDULE_FORCED_SVC_CHECK;pservercluster2;Memory;1576488523
[1576488527] EXTERNAL COMMAND: SCHEDULE_FORCED_SVC_CHECK;pservercluster2;Memory;1576488526
[1576488551] EXTERNAL COMMAND: SCHEDULE_FORCED_SVC_CHECK;sig6-vm2;Memory;1576488550
[1576488551] SERVICE NOTIFICATION: nagiosadmin;sig6-vm2;Memory;OK;notify-service-by-email;OK - 71.8% (16122108 kB) free.
[1576488551] SERVICE ALERT: sig6-vm2;Memory;OK;HARD;1;OK - 71.8% (16122108 kB) free.
[1576488555] EXTERNAL COMMAND: SCHEDULE_FORCED_SVC_CHECK;sig6-vm2;Memory;1576488554
[1576488580] EXTERNAL COMMAND: SCHEDULE_FORCED_SVC_CHECK;smscapp1;Memory;1576488578
[1576488580] SERVICE NOTIFICATION: nagiosadmin;smscapp1;Memory;OK;notify-service-by-email;OK - 35.2% (17331824 kB) free.
[1576488580] SERVICE ALERT: smscapp1;Memory;OK;HARD;1;OK - 35.2% (17331824 kB) free.
[1576488582] EXTERNAL COMMAND: SCHEDULE_FORCED_SVC_CHECK;smscapp1;Memory;1576488581
[1576488585] EXTERNAL COMMAND: SCHEDULE_FORCED_SVC_CHECK;smscapp1;Memory;1576488584
[1576488588] EXTERNAL COMMAND: SCHEDULE_FORCED_SVC_CHECK;smscapp1;Memory;1576488587
[1576488617] EXTERNAL COMMAND: SCHEDULE_FORCED_SVC_CHECK;sservercluster1;Memory;1576488615
[1576488617] SERVICE NOTIFICATION: nagiosadmin;sservercluster1;Memory;OK;notify-service-by-email;OK - 92.6% (22687124 kB) free.
[1576488617] SERVICE ALERT: sservercluster1;Memory;OK;HARD;1;OK - 92.6% (22687124 kB) free.
[1576488620] EXTERNAL COMMAND: SCHEDULE_FORCED_SVC_CHECK;sservercluster1;Memory;1576488619
[1576488622] EXTERNAL COMMAND: SCHEDULE_FORCED_SVC_CHECK;sservercluster1;Memory;1576488621
[1576488625] EXTERNAL COMMAND: SCHEDULE_FORCED_SVC_CHECK;sservercluster1;Memory;1576488624
[1576489793] SERVICE NOTIFICATION: nagiosadmin;webservercluster2;CPU_Procs;WARNING;notify-service-by-email;CPU WARNING: 1 warn out of 327 processes
[1576490068] SERVICE ALERT: sservercluster2;Memory;WARNING;SOFT;1;WARNING - 19.7% (4828272 kB) free!
[1576490188] SERVICE ALERT: sservercluster2;Memory;WARNING;SOFT;2;WARNING - 19.4% (4746576 kB) free!
[1576490294] Auto-save of retention data completed successfully.
[1576490308] SERVICE NOTIFICATION: nagiosadmin;sservercluster2;Memory;WARNING;notify-service-by-email;WARNING - 19.0% (4647996 kB) free!
[1576490308] SERVICE ALERT: sservercluster2;Memory;WARNING;HARD;3;WARNING - 19.0% (4647996 kB) free!
[1576490423] SERVICE ALERT: webservercluster1;CPU_Procs;CRITICAL;SOFT;1;CPU CRITICAL: 1 crit, 0 warn out of 371 processes
[1576490543] SERVICE ALERT: webservercluster1;CPU_Procs;OK;HARD;1;CPU OK: 368 processes
[1576490886] SERVICE ALERT: webservercluster1;Memory;CRITICAL;SOFT;1;CRITICAL - 1.6% (256444 kB) free!
[1576491006] SERVICE ALERT: webservercluster1;Memory;CRITICAL;SOFT;2;CRITICAL - 1.6% (262560 kB) free!
[1576491126] SERVICE NOTIFICATION: nagiosadmin;webservercluster1;Memory;CRITICAL;notify-service-by-email;CRITICAL - 1.6% (252680 kB) free!
[1576491126] SERVICE ALERT: webservercluster1;Memory;CRITICAL;HARD;3;CRITICAL - 1.6% (252680 kB) free!
[1576491395] SERVICE ALERT: pservercluster1;Memory;CRITICAL;SOFT;1;CRITICAL - 0.7% (177060 kB) free!
[1576491515] SERVICE ALERT: pservercluster1;Memory;CRITICAL;SOFT;2;CRITICAL - 0.7% (166808 kB) free!
[1576491635] SERVICE ALERT: pservercluster1;Memory;CRITICAL;HARD;3;CRITICAL - 0.8% (197636 kB) free!
[1576492216] SERVICE ALERT: primary-server;Nginx Error Log Status;CRITICAL;SOFT;1;(109) < 2019/12/16 15:59:56 [error] 20756#0: *17542101 recv() failed (104: Connection reset by peer) while proxying connection, client: 103.209.99.7, server: 0.0.0.0:13000, upstream: "10.147.212.154:13000", bytes from/to client:43/0, bytes from/to upstream:0/43
[1576492337] SERVICE ALERT: primary-server;Nginx Error Log Status;OK;HARD;1;Log check ok - 0 pattern matches found
[1576493308] SERVICE NOTIFICATION: nagiosadmin;sservercluster2;Memory;CRITICAL;notify-service-by-email;CRITICAL - 9.6% (2350888 kB) free!
[1576493308] SERVICE ALERT: sservercluster2;Memory;CRITICAL;HARD;3;CRITICAL - 9.6% (2350888 kB) free!
[1576493393] SERVICE NOTIFICATION: nagiosadmin;webservercluster2;CPU_Procs;WARNING;notify-service-by-email;CPU WARNING: 1 warn out of 326 processes
[1576493847] SERVICE ALERT: qservercluster2;Memory;WARNING;SOFT;1;WARNING - 19.8% (9774684 kB) free!
[1576493894] Auto-save of retention data completed successfully.
[1576493967] SERVICE ALERT: qservercluster2;Memory;WARNING;SOFT;2;WARNING - 19.7% (9698064 kB) free!
[1576494087] SERVICE NOTIFICATION: nagiosadmin;qservercluster2;Memory;WARNING;notify-service-by-email;WARNING - 19.5% (9611432 kB) free!
[1576494087] SERVICE ALERT: qservercluster2;Memory;WARNING;HARD;3;WARNING - 19.5% (9611432 kB) free!
[1576494396] SERVICE ALERT: sigqscluster1;Memory;CRITICAL;SOFT;1;CRITICAL - 4.8% (2382300 kB) free!
[1576494516] SERVICE ALERT: sigqscluster1;Memory;CRITICAL;SOFT;2;CRITICAL - 4.8% (2383524 kB) free!
[1576494636] SERVICE NOTIFICATION: nagiosadmin;sigqscluster1;Memory;CRITICAL;notify-service-by-email;CRITICAL - 4.8% (2383032 kB) free!
[1576494636] SERVICE ALERT: sigqscluster1;Memory;CRITICAL;HARD;3;CRITICAL - 4.8% (2383032 kB) free!
[1576494726] SERVICE NOTIFICATION: nagiosadmin;webservercluster1;Memory;CRITICAL;notify-service-by-email;CRITICAL - 2.6% (426528 kB) free!
[1576495188] SERVICE ALERT: smscapp1;Memory;CRITICAL;SOFT;1;CRITICAL - 1.2% (573016 kB) free!
[1576495308] SERVICE ALERT: smscapp1;Memory;CRITICAL;SOFT;2;CRITICAL - 0.8% (376412 kB) free!
[1576495429] SERVICE NOTIFICATION: nagiosadmin;smscapp1;Memory;CRITICAL;notify-service-by-email;CRITICAL - 0.5% (231664 kB) free!
[1576495429] SERVICE ALERT: smscapp1;Memory;CRITICAL;HARD;3;CRITICAL - 0.5% (231664 kB) free!
[1576496420] SERVICE ALERT: sservercluster2;Current Users;WARNING;SOFT;1;USERS WARNING - 6 users currently logged in
[1576496540] SERVICE ALERT: sservercluster2;Current Users;WARNING;SOFT;2;USERS WARNING - 6 users currently logged in
[1576496660] SERVICE NOTIFICATION: nagiosadmin;sservercluster2;Current Users;WARNING;notify-service-by-email;USERS WARNING - 6 users currently logged in
[1576496660] SERVICE ALERT: sservercluster2;Current Users;WARNING;HARD;3;USERS WARNING - 6 users currently logged in
[1576496908] SERVICE NOTIFICATION: nagiosadmin;sservercluster2;Memory;CRITICAL;notify-service-by-email;CRITICAL - 0.8% (186140 kB) free!
[1576496993] SERVICE NOTIFICATION: nagiosadmin;webservercluster2;CPU_Procs;WARNING;notify-service-by-email;CPU WARNING: 1 warn out of 327 processes
[1576497494] Auto-save of retention data completed successfully.
[1576497687] SERVICE NOTIFICATION: nagiosadmin;qservercluster2;Memory;WARNING;notify-service-by-email;WARNING - 14.2% (6982200 kB) free!
[1576497736] SERVICE ALERT: primary-server;Nginx Error Log Status;CRITICAL;SOFT;1;(30) < 2019/12/16 17:32:06 [error] 20756#0: *17557519 recv() failed (104: Connection reset by peer) while proxying connection, client: 103.209.99.7, server: 0.0.0.0:13000, upstream: "10.147.212.142:13000", bytes from/to client:43/0, bytes from/to upstream:0/43
[1576497856] SERVICE ALERT: primary-server;Nginx Error Log Status;OK;HARD;1;Log check ok - 0 pattern matches found
[1576498236] SERVICE NOTIFICATION: nagiosadmin;sigqscluster1;Memory;CRITICAL;notify-service-by-email;CRITICAL - 0.5% (254188 kB) free!
[1576498326] SERVICE NOTIFICATION: nagiosadmin;webservercluster1;Memory;CRITICAL;notify-service-by-email;CRITICAL - 2.4% (391212 kB) free!
[1576498917] EXTERNAL COMMAND: SCHEDULE_FORCED_SVC_CHECK;pservercluster1;Memory;1576498916
[1576498917] SERVICE ALERT: pservercluster1;Memory;OK;HARD;1;OK - 90.0% (22219348 kB) free.
[1576498927] EXTERNAL COMMAND: SCHEDULE_FORCED_SVC_CHECK;pservercluster1;Memory;1576498922
[1576498963] EXTERNAL COMMAND: SCHEDULE_FORCED_SVC_CHECK;sigqscluster1;Memory;1576498962
[1576498968] EXTERNAL COMMAND: SCHEDULE_FORCED_SVC_CHECK;sigqscluster1;Memory;1576498967
[1576498970] SERVICE NOTIFICATION: nagiosadmin;sigqscluster1;Memory;OK;notify-service-by-email;OK - 78.6% (38747352 kB) free.
[1576498970] SERVICE ALERT: sigqscluster1;Memory;OK;HARD;1;OK - 78.6% (38747352 kB) free.
[1576498975] EXTERNAL COMMAND: SCHEDULE_FORCED_SVC_CHECK;sigqscluster1;Memory;1576498973
[1576499008] EXTERNAL COMMAND: SCHEDULE_FORCED_SVC_CHECK;smscapp1;Memory;1576499007
[1576499009] SERVICE NOTIFICATION: nagiosadmin;smscapp1;Memory;OK;notify-service-by-email;OK - 27.5% (13532992 kB) free.
[1576499009] SERVICE ALERT: smscapp1;Memory;OK;HARD;1;OK - 27.5% (13532992 kB) free.
[1576499015] EXTERNAL COMMAND: SCHEDULE_FORCED_SVC_CHECK;smscapp1;Memory;1576499012
[1576499052] EXTERNAL COMMAND: SCHEDULE_FORCED_SVC_CHECK;sservercluster2;Memory;1576499051
[1576499052] SERVICE NOTIFICATION: nagiosadmin;sservercluster2;Memory;OK;notify-service-by-email;OK - 72.9% (17858952 kB) free.
[1576499052] SERVICE ALERT: sservercluster2;Memory;OK;HARD;1;OK - 72.9% (17858952 kB) free.
[1576499056] EXTERNAL COMMAND: SCHEDULE_FORCED_SVC_CHECK;sservercluster2;Memory;1576499055
[1576499090] EXTERNAL COMMAND: SCHEDULE_FORCED_SVC_CHECK;webservercluster1;Memory;1576499088
[1576499090] SERVICE NOTIFICATION: nagiosadmin;webservercluster1;Memory;OK;notify-service-by-email;OK - 91.6% (14894124 kB) free.
[1576499090] SERVICE ALERT: webservercluster1;Memory;OK;HARD;1;OK - 91.6% (14894124 kB) free.
[1576499094] EXTERNAL COMMAND: SCHEDULE_FORCED_SVC_CHECK;webservercluster1;Memory;1576499093
[1576499101] EXTERNAL COMMAND: SCHEDULE_FORCED_SVC_CHECK;webservercluster1;Memory;1576499097
[1576500260] SERVICE NOTIFICATION: nagiosadmin;sservercluster2;Current Users;WARNING;notify-service-by-email;USERS WARNING - 6 users currently logged in
[1576500527] SERVICE ALERT: pservercluster2;Memory;WARNING;SOFT;1;WARNING - 18.5% (4545860 kB) free!
[1576500593] SERVICE NOTIFICATION: nagiosadmin;webservercluster2;CPU_Procs;WARNING;notify-service-by-email;CPU WARNING: 1 warn out of 326 processes
[1576500648] SERVICE ALERT: pservercluster2;Memory;WARNING;SOFT;2;WARNING - 18.1% (4442380 kB) free!
[1576500687] SERVICE NOTIFICATION: nagiosadmin;qservercluster2;Memory;CRITICAL;notify-service-by-email;CRITICAL - 9.4% (4624020 kB) free!
[1576500687] SERVICE ALERT: qservercluster2;Memory;CRITICAL;HARD;3;CRITICAL - 9.4% (4624020 kB) free!
[1576500768] SERVICE NOTIFICATION: nagiosadmin;pservercluster2;Memory;WARNING;notify-service-by-email;WARNING - 17.7% (4335892 kB) free!
[1576500768] SERVICE ALERT: pservercluster2;Memory;WARNING;HARD;3;WARNING - 17.7% (4335892 kB) free!
[1576501094] Auto-save of retention data completed successfully.
[1576501327] SERVICE ALERT: pservercluster1;Memory;CRITICAL;SOFT;1;CRITICAL - 8.1% (1998500 kB) free!
[1576501447] SERVICE ALERT: pservercluster1;Memory;CRITICAL;SOFT;2;CRITICAL - 5.2% (1277140 kB) free!
[1576501567] SERVICE ALERT: pservercluster1;Memory;CRITICAL;HARD;3;CRITICAL - 4.9% (1203652 kB) free!
[1576501825] SERVICE ALERT: sservercluster1;Memory;WARNING;SOFT;1;WARNING - 20.0% (4894876 kB) free!
[1576501945] SERVICE ALERT: sservercluster1;Memory;WARNING;SOFT;2;WARNING - 19.4% (4760684 kB) free!
[1576502065] SERVICE NOTIFICATION: nagiosadmin;sservercluster1;Memory;WARNING;notify-service-by-email;WARNING - 18.8% (4614368 kB) free!
[1576502065] SERVICE ALERT: sservercluster1;Memory;WARNING;HARD;3;WARNING - 18.8% (4614368 kB) free!
[1576502656] SERVICE ALERT: primary-server;Nginx Error Log Status;CRITICAL;SOFT;1;(59) < 2019/12/16 18:49:48 [error] 20755#0: *17570978 no live upstreams while connecting to upstream, client: 103.209.99.7, server: 0.0.0.0:13000, upstream: "backend_13000", bytes from/to client:0/0, bytes from/to upstream:0/0
[1576502776] SERVICE ALERT: primary-server;Nginx Error Log Status;OK;HARD;1;Log check ok - 0 pattern matches found
[1576502791] SERVICE ALERT: primary-server;Nginx Access Log Status;CRITICAL;SOFT;1;(37) < 103.209.99.7 [16/Dec/2019:18:49:48 +0530] TCP 502 0 0 0.000 "backend_13000" "0" "0" "0.000"
[1576502912] SERVICE ALERT: primary-server;Nginx Access Log Status;OK;HARD;1;Log check ok - 0 pattern matches found
[1576503168] SERVICE NOTIFICATION: nagiosadmin;pservercluster2;Memory;CRITICAL;notify-service-by-email;CRITICAL - 7.2% (1759692 kB) free!
[1576503168] SERVICE ALERT: pservercluster2;Memory;CRITICAL;HARD;3;CRITICAL - 7.2% (1759692 kB) free!
[1576503860] SERVICE NOTIFICATION: nagiosadmin;sservercluster2;Current Users;WARNING;notify-service-by-email;USERS WARNING - 8 users currently logged in
[1576504193] SERVICE NOTIFICATION: nagiosadmin;webservercluster2;CPU_Procs;WARNING;notify-service-by-email;CPU WARNING: 1 warn out of 326 processes
[1576504287] SERVICE NOTIFICATION: nagiosadmin;qservercluster2;Memory;CRITICAL;notify-service-by-email;CRITICAL - 4.9% (2424592 kB) free!
[1576504465] SERVICE NOTIFICATION: nagiosadmin;sservercluster1;Memory;CRITICAL;notify-service-by-email;CRITICAL - 9.7% (2370196 kB) free!
[1576504465] SERVICE ALERT: sservercluster1;Memory;CRITICAL;HARD;3;CRITICAL - 9.7% (2370196 kB) free!
[1576504694] Auto-save of retention data completed successfully.
[1576504858] SERVICE ALERT: redis-2;Memory;WARNING;SOFT;1;WARNING - 18.9% (24938836 kB) free!
[1576504978] SERVICE ALERT: redis-2;Memory;OK;HARD;1;OK - 32.9% (43430032 kB) free.
[1576505171] EXTERNAL COMMAND: SCHEDULE_FORCED_SVC_CHECK;pservercluster1;Memory;1576505170
[1576505172] SERVICE ALERT: pservercluster1;Memory;OK;HARD;1;OK - 91.4% (22555788 kB) free.
[1576505174] EXTERNAL COMMAND: SCHEDULE_FORCED_SVC_CHECK;pservercluster1;Memory;1576505173
[1576505176] EXTERNAL COMMAND: SCHEDULE_FORCED_SVC_CHECK;pservercluster1;Memory;1576505175
[1576505209] EXTERNAL COMMAND: SCHEDULE_FORCED_SVC_CHECK;pservercluster2;Memory;1576505209
[1576505210] SERVICE NOTIFICATION: nagiosadmin;pservercluster2;Memory;OK;notify-service-by-email;OK - 79.2% (19409368 kB) free.
[1576505210] SERVICE ALERT: pservercluster2;Memory;OK;HARD;1;OK - 79.2% (19409368 kB) free.
[1576505212] EXTERNAL COMMAND: SCHEDULE_FORCED_SVC_CHECK;pservercluster2;Memory;1576505212
[1576505216] EXTERNAL COMMAND: SCHEDULE_FORCED_SVC_CHECK;pservercluster2;Memory;1576505215
[1576505246] EXTERNAL COMMAND: SCHEDULE_FORCED_SVC_CHECK;qservercluster2;Memory;1576505245
[1576505246] SERVICE NOTIFICATION: nagiosadmin;qservercluster2;Memory;OK;notify-service-by-email;OK - 29.0% (14292620 kB) free.
[1576505246] SERVICE ALERT: qservercluster2;Memory;OK;HARD;1;OK - 29.0% (14292620 kB) free.
[1576505248] EXTERNAL COMMAND: SCHEDULE_FORCED_SVC_CHECK;qservercluster2;Memory;1576505248
[1576505251] EXTERNAL COMMAND: SCHEDULE_FORCED_SVC_CHECK;qservercluster2;Memory;1576505250
[1576505253] EXTERNAL COMMAND: SCHEDULE_FORCED_SVC_CHECK;qservercluster2;Memory;1576505253
[1576505257] EXTERNAL COMMAND: SCHEDULE_FORCED_SVC_CHECK;qservercluster2;Memory;1576505256
[1576505281] EXTERNAL COMMAND: SCHEDULE_FORCED_SVC_CHECK;sservercluster1;Memory;1576505280
[1576505282] SERVICE NOTIFICATION: nagiosadmin;sservercluster1;Memory;OK;notify-service-by-email;OK - 87.9% (21549132 kB) free.
[1576505282] SERVICE ALERT: sservercluster1;Memory;OK;HARD;1;OK - 87.9% (21549132 kB) free.
[1576505284] EXTERNAL COMMAND: SCHEDULE_FORCED_SVC_CHECK;sservercluster1;Memory;1576505283
[1576505289] EXTERNAL COMMAND: SCHEDULE_FORCED_SVC_CHECK;sservercluster1;Memory;1576505287
[1576507460] SERVICE NOTIFICATION: nagiosadmin;sservercluster2;Current Users;WARNING;notify-service-by-email;USERS WARNING - 6 users currently logged in
[1576507793] SERVICE NOTIFICATION: nagiosadmin;webservercluster2;CPU_Procs;WARNING;notify-service-by-email;CPU WARNING: 1 warn out of 326 processes
[1576508166] SERVICE ALERT: webservercluster1;Total Processes;WARNING;SOFT;1;PROCS WARNING: 565 processes
[1576508176] SERVICE ALERT: pservercluster1;Memory;WARNING;SOFT;1;WARNING - 19.8% (4873796 kB) free!
[1576508286] SERVICE ALERT: webservercluster1;Total Processes;WARNING;SOFT;2;PROCS WARNING: 566 processes
[1576508294] Auto-save of retention data completed successfully.
[1576508296] SERVICE ALERT: pservercluster1;Memory;WARNING;SOFT;2;WARNING - 18.0% (4435004 kB) free!
[1576508406] SERVICE NOTIFICATION: nagiosadmin;webservercluster1;Total Processes;WARNING;notify-service-by-email;PROCS WARNING: 573 processes
[1576508406] SERVICE ALERT: webservercluster1;Total Processes;WARNING;HARD;3;PROCS WARNING: 573 processes
[1576508416] SERVICE ALERT: pservercluster1;Memory;WARNING;HARD;3;WARNING - 17.7% (4358864 kB) free!
[1576508777] SERVICE ALERT: primary-server;Nginx Error Log Status;CRITICAL;SOFT;1;(23) < 2019/12/16 20:28:40 [error] 20757#0: *17587039 recv() failed (104: Connection reset by peer) while proxying connection, client: 169.38.76.212, server: 0.0.0.0:13000, upstream: "10.147.212.142:13000", bytes from/to client:43/0, bytes from/to upstream:0/43
[1576508897] SERVICE ALERT: primary-server;Nginx Error Log Status;OK;HARD;1;Log check ok - 0 pattern matches found
[1576509606] SERVICE NOTIFICATION: nagiosadmin;webservercluster1;Total Processes;CRITICAL;notify-service-by-email;PROCS CRITICAL: 610 processes
[1576509606] SERVICE ALERT: webservercluster1;Total Processes;CRITICAL;HARD;3;PROCS CRITICAL: 610 processes
[1576510816] SERVICE ALERT: pservercluster1;Memory;CRITICAL;HARD;3;CRITICAL - 7.1% (1760768 kB) free!
[1576511060] SERVICE NOTIFICATION: nagiosadmin;sservercluster2;Current Users;WARNING;notify-service-by-email;USERS WARNING - 7 users currently logged in
[1576511393] SERVICE NOTIFICATION: nagiosadmin;webservercluster2;CPU_Procs;WARNING;notify-service-by-email;CPU WARNING: 1 warn out of 330 processes
[1576511894] Auto-save of retention data completed successfully.
[1576512488] EXTERNAL COMMAND: SCHEDULE_FORCED_SVC_CHECK;pservercluster1;Memory;1576512487
[1576512488] SERVICE ALERT: pservercluster1;Memory;OK;HARD;1;OK - 90.6% (22367148 kB) free.
[1576512490] EXTERNAL COMMAND: SCHEDULE_FORCED_SVC_CHECK;pservercluster1;Memory;1576512490
[1576512494] EXTERNAL COMMAND: SCHEDULE_FORCED_SVC_CHECK;pservercluster1;Memory;1576512493
[1576512498] EXTERNAL COMMAND: SCHEDULE_FORCED_SVC_CHECK;pservercluster1;Memory;1576512497
[1576513206] SERVICE NOTIFICATION: nagiosadmin;webservercluster1;Total Processes;CRITICAL;notify-service-by-email;PROCS CRITICAL: 728 processes
[1576514660] SERVICE NOTIFICATION: nagiosadmin;sservercluster2;Current Users;WARNING;notify-service-by-email;USERS WARNING - 6 users currently logged in
[1576514897] SERVICE ALERT: primary-server;Nginx Error Log Status;CRITICAL;SOFT;1;(99) < 2019/12/16 22:17:58 [error] 20758#0: *17604247 recv() failed (104: Connection reset by peer) while proxying connection, client: 103.209.99.7, server: 0.0.0.0:13000, upstream: "10.147.212.155:13000", bytes from/to client:43/0, bytes from/to upstream:0/43
[1576514993] SERVICE NOTIFICATION: nagiosadmin;webservercluster2;CPU_Procs;WARNING;notify-service-by-email;CPU WARNING: 1 warn out of 329 processes
[1576515017] SERVICE ALERT: primary-server;Nginx Error Log Status;OK;HARD;1;Log check ok - 0 pattern matches found
[1576515494] Auto-save of retention data completed successfully.
[1576516806] SERVICE NOTIFICATION: nagiosadmin;webservercluster1;Total Processes;CRITICAL;notify-service-by-email;PROCS CRITICAL: 860 processes
[1576518260] SERVICE NOTIFICATION: nagiosadmin;sservercluster2;Current Users;WARNING;notify-service-by-email;USERS WARNING - 6 users currently logged in
[1576518593] SERVICE NOTIFICATION: nagiosadmin;webservercluster2;CPU_Procs;WARNING;notify-service-by-email;CPU WARNING: 1 warn out of 324 processes
[1576519094] Auto-save of retention data completed successfully.
[1576520406] SERVICE NOTIFICATION: nagiosadmin;webservercluster1;Total Processes;CRITICAL;notify-service-by-email;PROCS CRITICAL: 877 processes
[1576520898] SERVICE FLAPPING ALERT: pservercluster1;Memory;STOPPED; Service appears to have stopped flapping (4.0% change < 5.0% threshold)
[1576520898] SERVICE NOTIFICATION: nagiosadmin;pservercluster1;Memory;OK;notify-service-by-email;OK - 68.0% (16789292 kB) free.
