[1579631400] LOG ROTATION: DAILY
[1579631400] LOG VERSION: 2.0
[1579631400] CURRENT HOST STATE: db1-vm2;UP;HARD;1;PING OK - Packet loss = 0%, RTA = 0.47 ms
[1579631400] CURRENT HOST STATE: db2;UP;HARD;1;PING OK - Packet loss = 0%, RTA = 0.41 ms
[1579631400] CURRENT HOST STATE: primary-server;UP;HARD;1;PING OK - Packet loss = 0%, RTA = 0.40 ms
[1579631400] CURRENT HOST STATE: pservercluster1;UP;HARD;1;PING OK - Packet loss = 0%, RTA = 0.38 ms
[1579631400] CURRENT HOST STATE: pservercluster2;UP;HARD;1;PING OK - Packet loss = 0%, RTA = 0.40 ms
[1579631400] CURRENT HOST STATE: qservercluster1;UP;HARD;1;PING OK - Packet loss = 0%, RTA = 0.31 ms
[1579631400] CURRENT HOST STATE: qservercluster2;UP;HARD;1;PING OK - Packet loss = 0%, RTA = 0.33 ms
[1579631400] CURRENT HOST STATE: redis-1;UP;HARD;1;PING OK - Packet loss = 0%, RTA = 0.33 ms
[1579631400] CURRENT HOST STATE: redis-2;UP;HARD;1;PING OK - Packet loss = 0%, RTA = 0.35 ms
[1579631400] CURRENT HOST STATE: rq-1;UP;HARD;1;PING OK - Packet loss = 0%, RTA = 0.27 ms
[1579631400] CURRENT HOST STATE: rq-2;UP;HARD;1;PING OK - Packet loss = 0%, RTA = 0.25 ms
[1579631400] CURRENT HOST STATE: secondary-server;UP;HARD;1;PING OK - Packet loss = 0%, RTA = 0.40 ms
[1579631400] CURRENT HOST STATE: sig1-vm2;UP;HARD;1;PING OK - Packet loss = 0%, RTA = 0.53 ms
[1579631400] CURRENT HOST STATE: sig2-vm2;UP;HARD;1;PING OK - Packet loss = 0%, RTA = 0.44 ms
[1579631400] CURRENT HOST STATE: sig3-vm2;UP;HARD;1;PING OK - Packet loss = 0%, RTA = 0.37 ms
[1579631400] CURRENT HOST STATE: sig4-vm2;UP;HARD;1;PING OK - Packet loss = 0%, RTA = 0.54 ms
[1579631400] CURRENT HOST STATE: sig5-vm2;UP;HARD;1;PING OK - Packet loss = 0%, RTA = 0.50 ms
[1579631400] CURRENT HOST STATE: sig6-vm2;UP;HARD;1;PING OK - Packet loss = 0%, RTA = 0.44 ms
[1579631400] CURRENT HOST STATE: sigqscluster1;UP;HARD;1;PING OK - Packet loss = 0%, RTA = 0.44 ms
[1579631400] CURRENT HOST STATE: sigqscluster2;UP;HARD;1;PING OK - Packet loss = 0%, RTA = 0.27 ms
[1579631400] CURRENT HOST STATE: smscapp1;UP;HARD;1;PING OK - Packet loss = 0%, RTA = 0.32 ms
[1579631400] CURRENT HOST STATE: smscapp2;UP;HARD;1;PING OK - Packet loss = 0%, RTA = 0.30 ms
[1579631400] CURRENT HOST STATE: sservercluster1;UP;HARD;1;PING OK - Packet loss = 0%, RTA = 0.32 ms
[1579631400] CURRENT HOST STATE: sservercluster2;UP;HARD;1;PING OK - Packet loss = 0%, RTA = 0.34 ms
[1579631400] CURRENT HOST STATE: webserver1;UP;HARD;1;PING OK - Packet loss = 0%, RTA = 0.48 ms
[1579631400] CURRENT HOST STATE: webserver2;UP;HARD;1;PING OK - Packet loss = 0%, RTA = 0.06 ms
[1579631400] CURRENT HOST STATE: webservercluster1;UP;HARD;1;PING OK - Packet loss = 0%, RTA = 0.44 ms
[1579631400] CURRENT HOST STATE: webservercluster2;UP;HARD;1;PING OK - Packet loss = 0%, RTA = 0.29 ms
[1579631400] CURRENT SERVICE STATE: db1-vm2;CPU Load;OK;HARD;1;OK - load average: 0.37, 0.65, 0.67
[1579631400] CURRENT SERVICE STATE: db1-vm2;CPU_Procs;OK;HARD;1;CPU OK: 461 processes
[1579631400] CURRENT SERVICE STATE: db1-vm2;Current Users;OK;HARD;1;USERS OK - 0 users currently logged in
[1579631400] CURRENT SERVICE STATE: db1-vm2;HDD_Home status;OK;HARD;1;DISK OK - free space: /home 26915 MB (67% inode=99%):
[1579631400] CURRENT SERVICE STATE: db1-vm2;HDD_Root status;OK;HARD;1;DISK OK - free space: / 44595 MB (87% inode=99%):
[1579631400] CURRENT SERVICE STATE: db1-vm2;Memory;OK;HARD;1;OK - 90.8% (22411908 kB) free.
[1579631400] CURRENT SERVICE STATE: db1-vm2;OutOfMemory-killer--oom-killer;OK;HARD;1;Log check ok - 0 pattern matches found
[1579631400] CURRENT SERVICE STATE: db1-vm2;PING;OK;HARD;1;PING OK - Packet loss = 0%, RTA = 0.06 ms
[1579631400] CURRENT SERVICE STATE: db1-vm2;Total Processes;OK;HARD;1;PROCS OK: 461 processes
[1579631400] CURRENT SERVICE STATE: db2;CPU Load;OK;HARD;1;OK - load average: 0.01, 0.03, 0.05
[1579631400] CURRENT SERVICE STATE: db2;CPU_Procs;OK;HARD;1;CPU OK: 337 processes
[1579631400] CURRENT SERVICE STATE: db2;Current Users;OK;HARD;1;USERS OK - 2 users currently logged in
[1579631400] CURRENT SERVICE STATE: db2;HDD_Home status;OK;HARD;1;DISK OK - free space: /home 90216 MB (40% inode=99%):
[1579631400] CURRENT SERVICE STATE: db2;HDD_Root status;OK;HARD;1;DISK OK - free space: / 44466 MB (86% inode=99%):
[1579631400] CURRENT SERVICE STATE: db2;LocalService-NTPD SERVICE;OK;HARD;1;PROCS OK: 1 process with command name 'ntpd'
[1579631400] CURRENT SERVICE STATE: db2;Mariadb status;OK;HARD;1;PROCS OK: 1 process with command name 'mysqld'
[1579631400] CURRENT SERVICE STATE: db2;Memory;OK;HARD;1;OK - 43.7% (21512524 kB) free.
[1579631400] CURRENT SERVICE STATE: db2;Sensors Status;OK;HARD;1;SENSORS OK
[1579631400] CURRENT SERVICE STATE: db2;Total Processes;OK;HARD;1;PROCS OK: 325 processes
[1579631400] CURRENT SERVICE STATE: primary-server;CPU Load;OK;HARD;1;OK - load average: 0.03, 0.04, 0.10
[1579631400] CURRENT SERVICE STATE: primary-server;CPU_Procs;OK;HARD;1;CPU OK: 344 processes
[1579631400] CURRENT SERVICE STATE: primary-server;Current Users;OK;HARD;1;USERS OK - 3 users currently logged in
[1579631400] CURRENT SERVICE STATE: primary-server;HDD_Home status;OK;HARD;1;DISK OK - free space: /home 128738 MB (57% inode=99%):
[1579631400] CURRENT SERVICE STATE: primary-server;HDD_Root status;OK;HARD;1;DISK OK - free space: / 30073 MB (58% inode=99%):
[1579631400] CURRENT SERVICE STATE: primary-server;LocalService-NTPD SERVICE;OK;HARD;1;PROCS OK: 1 process with command name 'ntpd'
[1579631400] CURRENT SERVICE STATE: primary-server;Memory;OK;HARD;1;OK - 36.0% (8826944 kB) free.
[1579631400] CURRENT SERVICE STATE: primary-server;Nginx Access Log Status;OK;HARD;1;Log check ok - 0 pattern matches found
[1579631400] CURRENT SERVICE STATE: primary-server;Nginx Error Log Status;OK;HARD;1;Log check ok - 0 pattern matches found
[1579631400] CURRENT SERVICE STATE: primary-server;Nginx Status;OK;HARD;1;NGINX OK -  0.088 sec. response time, Active: 0 (Writing: 0 Reading: 0 Waiting: 0) ReqPerSec: 0.000 ConnPerSec: 0.000 ReqPerConn: 0.000
[1579631400] CURRENT SERVICE STATE: primary-server;Sensors Status;OK;HARD;1;SENSORS OK
[1579631400] CURRENT SERVICE STATE: primary-server;Total Processes;OK;HARD;1;PROCS OK: 346 processes
[1579631400] CURRENT SERVICE STATE: pservercluster1;CPU Load;OK;HARD;1;OK - load average: 0.95, 6.11, 21.91
[1579631400] CURRENT SERVICE STATE: pservercluster1;CPU_Procs;OK;HARD;1;CPU OK: 350 processes
[1579631400] CURRENT SERVICE STATE: pservercluster1;Current Users;OK;HARD;1;USERS OK - 2 users currently logged in
[1579631400] CURRENT SERVICE STATE: pservercluster1;HDD_Home status;OK;HARD;1;DISK OK - free space: /home 167203 MB (75% inode=99%):
[1579631400] CURRENT SERVICE STATE: pservercluster1;HDD_Root status;OK;HARD;1;DISK OK - free space: / 39514 MB (77% inode=99%):
[1579631400] CURRENT SERVICE STATE: pservercluster1;LocalService-NTPD SERVICE;OK;HARD;1;PROCS OK: 1 process with command name 'ntpd'
[1579631400] CURRENT SERVICE STATE: pservercluster1;Memory;CRITICAL;HARD;3;CRITICAL - 5.7% (1413316 kB) free!
[1579631400] CURRENT SERVICE STATE: pservercluster1;Sensors Status;OK;HARD;1;SENSORS OK
[1579631400] CURRENT SERVICE STATE: pservercluster1;Total Processes;OK;HARD;1;PROCS OK: 349 processes
[1579631400] CURRENT SERVICE STATE: pservercluster2;CPU Load;OK;HARD;1;OK - load average: 1.74, 3.16, 12.00
[1579631400] CURRENT SERVICE STATE: pservercluster2;CPU_Procs;OK;HARD;1;CPU OK: 347 processes
[1579631400] CURRENT SERVICE STATE: pservercluster2;Current Users;OK;HARD;1;USERS OK - 3 users currently logged in
[1579631400] CURRENT SERVICE STATE: pservercluster2;HDD_Home status;OK;HARD;1;DISK OK - free space: /home 148793 MB (66% inode=99%):
[1579631400] CURRENT SERVICE STATE: pservercluster2;HDD_Root status;OK;HARD;1;DISK OK - free space: / 37451 MB (73% inode=98%):
[1579631400] CURRENT SERVICE STATE: pservercluster2;LocalService-NTPD SERVICE;OK;HARD;1;PROCS OK: 1 process with command name 'ntpd'
[1579631400] CURRENT SERVICE STATE: pservercluster2;Memory;OK;HARD;1;OK - 87.2% (21377880 kB) free.
[1579631400] CURRENT SERVICE STATE: pservercluster2;Sensors Status;OK;HARD;1;SENSORS OK
[1579631400] CURRENT SERVICE STATE: pservercluster2;Total Processes;OK;HARD;1;PROCS OK: 348 processes
[1579631400] CURRENT SERVICE STATE: qservercluster1;CPU Load;OK;HARD;1;OK - load average: 8.83, 8.67, 9.10
[1579631400] CURRENT SERVICE STATE: qservercluster1;CPU_Procs;OK;HARD;1;CPU OK: 330 processes
[1579631400] CURRENT SERVICE STATE: qservercluster1;Current Users;OK;HARD;1;USERS OK - 1 users currently logged in
[1579631400] CURRENT SERVICE STATE: qservercluster1;HDD_Home status;OK;HARD;1;DISK OK - free space: /home 224641 MB (99% inode=99%):
[1579631400] CURRENT SERVICE STATE: qservercluster1;HDD_Root status;OK;HARD;1;DISK OK - free space: / 44259 MB (86% inode=99%):
[1579631400] CURRENT SERVICE STATE: qservercluster1;LocalService-NTPD SERVICE;OK;HARD;1;PROCS OK: 1 process with command name 'ntpd'
[1579631400] CURRENT SERVICE STATE: qservercluster1;Memory;OK;HARD;1;OK - 84.9% (41812848 kB) free.
[1579631400] CURRENT SERVICE STATE: qservercluster1;Sensors Status;OK;HARD;1;SENSORS OK
[1579631400] CURRENT SERVICE STATE: qservercluster1;Total Processes;OK;HARD;1;PROCS OK: 331 processes
[1579631400] CURRENT SERVICE STATE: qservercluster2;CPU Load;OK;HARD;1;OK - load average: 2.27, 2.13, 2.22
[1579631400] CURRENT SERVICE STATE: qservercluster2;CPU_Procs;OK;HARD;1;CPU OK: 590 processes
[1579631400] CURRENT SERVICE STATE: qservercluster2;Current Users;OK;HARD;1;USERS OK - 3 users currently logged in
[1579631400] CURRENT SERVICE STATE: qservercluster2;HDD_Home status;OK;HARD;1;DISK OK - free space: /home 109171 MB (48% inode=99%):
[1579631400] CURRENT SERVICE STATE: qservercluster2;HDD_Root status;OK;HARD;1;DISK OK - free space: / 26994 MB (52% inode=98%):
[1579631400] CURRENT SERVICE STATE: qservercluster2;LocalService-NTPD SERVICE;OK;HARD;1;PROCS OK: 1 process with command name 'ntpd'
[1579631400] CURRENT SERVICE STATE: qservercluster2;Memory;OK;HARD;1;OK - 56.6% (27882452 kB) free.
[1579631400] CURRENT SERVICE STATE: qservercluster2;Sensors Status;OK;HARD;1;SENSORS OK
[1579631400] CURRENT SERVICE STATE: qservercluster2;Total Processes;OK;HARD;1;PROCS OK: 591 processes
[1579631400] CURRENT SERVICE STATE: redis-1;CPU Load;OK;HARD;1;OK - load average: 0.82, 0.70, 0.74
[1579631400] CURRENT SERVICE STATE: redis-1;CPU_Procs;OK;HARD;1;CPU OK: 401 processes
[1579631400] CURRENT SERVICE STATE: redis-1;Current Users;OK;HARD;1;USERS OK - 1 users currently logged in
[1579631400] CURRENT SERVICE STATE: redis-1;HDD_Home status;OK;HARD;1;DISK OK - free space: /home 363606 MB (97% inode=99%):
[1579631400] CURRENT SERVICE STATE: redis-1;HDD_Root status;OK;HARD;1;DISK OK - free space: / 45255 MB (88% inode=99%):
[1579631400] CURRENT SERVICE STATE: redis-1;HDD_VNS1 status;OK;HARD;1;DISK OK - free space: /vns1 487429 MB (45% inode=99%):
[1579631400] CURRENT SERVICE STATE: redis-1;LocalService-NTPD SERVICE;OK;HARD;1;PROCS OK: 1 process with command name 'ntpd'
[1579631400] CURRENT SERVICE STATE: redis-1;Memory;OK;HARD;1;OK - 45.5% (59993116 kB) free.
[1579631400] CURRENT SERVICE STATE: redis-1;Sensors Status;OK;HARD;1;SENSORS OK
[1579631400] CURRENT SERVICE STATE: redis-1;Total Processes;OK;HARD;1;PROCS OK: 405 processes
[1579631400] CURRENT SERVICE STATE: redis-2;CPU Load;OK;HARD;1;OK - load average: 1.00, 0.97, 1.04
[1579631400] CURRENT SERVICE STATE: redis-2;CPU_Procs;OK;HARD;1;CPU OK: 382 processes
[1579631400] CURRENT SERVICE STATE: redis-2;Current Users;OK;HARD;1;USERS OK - 2 users currently logged in
[1579631400] CURRENT SERVICE STATE: redis-2;HDD_Home status;OK;HARD;1;DISK OK - free space: /home 315955 MB (84% inode=99%):
[1579631400] CURRENT SERVICE STATE: redis-2;HDD_Root status;OK;HARD;1;DISK OK - free space: / 45299 MB (88% inode=99%):
[1579631400] CURRENT SERVICE STATE: redis-2;HDD_VNS1 status;OK;HARD;1;DISK OK - free space: /vns1 1069171 MB (99% inode=99%):
[1579631400] CURRENT SERVICE STATE: redis-2;LocalService-NTPD SERVICE;OK;HARD;1;PROCS OK: 1 process with command name 'ntpd'
[1579631400] CURRENT SERVICE STATE: redis-2;Memory;WARNING;SOFT;1;WARNING - 10.4% (13727912 kB) free!
[1579631400] CURRENT SERVICE STATE: redis-2;Sensors Status;OK;HARD;1;SENSORS OK
[1579631400] CURRENT SERVICE STATE: redis-2;Total Processes;OK;HARD;1;PROCS OK: 380 processes
[1579631400] CURRENT SERVICE STATE: rq-1;CPU Load;OK;HARD;1;OK - load average: 13.27, 14.85, 15.31
[1579631400] CURRENT SERVICE STATE: rq-1;CPU_Procs;OK;HARD;1;CPU OK: 357 processes
[1579631400] CURRENT SERVICE STATE: rq-1;Current Users;OK;HARD;1;USERS OK - 0 users currently logged in
[1579631400] CURRENT SERVICE STATE: rq-1;HDD_Home status;OK;HARD;1;DISK OK - free space: /home 400998 MB (99% inode=99%):
[1579631400] CURRENT SERVICE STATE: rq-1;HDD_Root status;OK;HARD;1;DISK OK - free space: / 42721 MB (83% inode=99%):
[1579631400] CURRENT SERVICE STATE: rq-1;HDD_VNS1 status;OK;HARD;1;DISK OK - free space: /rq1vns1 1068147 MB (99% inode=99%):
[1579631400] CURRENT SERVICE STATE: rq-1;LocalService-NTPD SERVICE;OK;HARD;1;PROCS OK: 1 process with command name 'ntpd'
[1579631400] CURRENT SERVICE STATE: rq-1;Memory;OK;HARD;1;OK - 78.7% (103748912 kB) free.
[1579631400] CURRENT SERVICE STATE: rq-1;Total Processes;OK;HARD;1;PROCS OK: 358 processes
[1579631400] CURRENT SERVICE STATE: rq-1;rq1-rabbitmqerror;OK;HARD;1;Log check ok - 0 pattern matches found
[1579631400] CURRENT SERVICE STATE: rq-2;CPU Load;OK;HARD;1;OK - load average: 12.08, 14.59, 14.74
[1579631400] CURRENT SERVICE STATE: rq-2;CPU_Procs;OK;HARD;1;CPU OK: 383 processes
[1579631400] CURRENT SERVICE STATE: rq-2;Current Users;OK;HARD;1;USERS OK - 1 users currently logged in
[1579631400] CURRENT SERVICE STATE: rq-2;HDD_Home status;OK;HARD;1;DISK OK - free space: /home 401206 MB (99% inode=99%):
[1579631400] CURRENT SERVICE STATE: rq-2;HDD_Root status;OK;HARD;1;DISK OK - free space: / 45501 MB (88% inode=99%):
[1579631400] CURRENT SERVICE STATE: rq-2;HDD_VNS1 status;OK;HARD;1;DISK OK - free space: /dev 64349 MB (100% inode=99%):
[1579631400] CURRENT SERVICE STATE: rq-2;LocalService-NTPD SERVICE;OK;HARD;1;PROCS OK: 2 processes with command name 'ntpd'
[1579631400] CURRENT SERVICE STATE: rq-2;Memory;OK;HARD;1;OK - 92.1% (121357332 kB) free.
[1579631400] CURRENT SERVICE STATE: rq-2;Total Processes;OK;HARD;1;PROCS OK: 383 processes
[1579631400] CURRENT SERVICE STATE: rq-2;rq2-rabbitmqerror;OK;HARD;1;Log check ok - 0 pattern matches found
[1579631400] CURRENT SERVICE STATE: secondary-server;CPU Load;OK;HARD;1;OK - load average: 0.66, 0.33, 0.16
[1579631400] CURRENT SERVICE STATE: secondary-server;CPU_Procs;OK;HARD;1;CPU OK: 342 processes
[1579631400] CURRENT SERVICE STATE: secondary-server;Current Users;OK;HARD;1;USERS OK - 3 users currently logged in
[1579631400] CURRENT SERVICE STATE: secondary-server;HDD_Home status;OK;HARD;1;DISK OK - free space: /home 113964 MB (50% inode=99%):
[1579631400] CURRENT SERVICE STATE: secondary-server;HDD_Root status;OK;HARD;1;DISK OK - free space: / 35200 MB (68% inode=99%):
[1579631400] CURRENT SERVICE STATE: secondary-server;LocalService-NTPD SERVICE;OK;HARD;1;PROCS OK: 1 process with command name 'ntpd'
[1579631400] CURRENT SERVICE STATE: secondary-server;Memory Status;OK;HARD;1;OK - 75.0% (18376628 kB) free.
[1579631400] CURRENT SERVICE STATE: secondary-server;Nginx Access Log Status;OK;HARD;1;Log check ok - 0 pattern matches found
[1579631400] CURRENT SERVICE STATE: secondary-server;Nginx Error Log Status;OK;HARD;1;Log check ok - 0 pattern matches found
[1579631400] CURRENT SERVICE STATE: secondary-server;Nginx Status;OK;HARD;1;NGINX OK -  0.086 sec. response time, Active: 0 (Writing: 0 Reading: 0 Waiting: 0) ReqPerSec: 0.000 ConnPerSec: 0.000 ReqPerConn: 0.000
[1579631400] CURRENT SERVICE STATE: secondary-server;Sensors Status;OK;HARD;1;SENSORS OK
[1579631400] CURRENT SERVICE STATE: secondary-server;Total Processes;OK;HARD;1;PROCS OK: 344 processes
[1579631400] CURRENT SERVICE STATE: sig1-vm2;CPU Load;OK;HARD;1;OK - load average: 0.00, 0.00, 0.00
[1579631400] CURRENT SERVICE STATE: sig1-vm2;CPU_Procs;OK;HARD;1;CPU OK: 263 processes
[1579631400] CURRENT SERVICE STATE: sig1-vm2;Current Users;OK;HARD;1;USERS OK - 0 users currently logged in
[1579631400] CURRENT SERVICE STATE: sig1-vm2;LocalService-NTPD SERVICE;OK;HARD;1;PROCS OK: 2 processes with command name 'ntpd'
[1579631400] CURRENT SERVICE STATE: sig1-vm2;Memory;OK;HARD;1;OK - 71.5% (11680956 kB) free.
[1579631400] CURRENT SERVICE STATE: sig1-vm2;Root status;OK;HARD;1;DISK OK - free space: / 125208 MB (93% inode=97%):
[1579631400] CURRENT SERVICE STATE: sig1-vm2;Total Processes;OK;HARD;1;PROCS OK: 266 processes
[1579631400] CURRENT SERVICE STATE: sig2-vm2;CPU Load;OK;HARD;1;OK - load average: 0.60, 0.71, 0.69
[1579631400] CURRENT SERVICE STATE: sig2-vm2;CPU_Procs;OK;HARD;1;CPU OK: 465 processes
[1579631400] CURRENT SERVICE STATE: sig2-vm2;Current Users;OK;HARD;1;USERS OK - 0 users currently logged in
[1579631400] CURRENT SERVICE STATE: sig2-vm2;HDD_Root status;OK;HARD;1;DISK OK - free space: / 124133 MB (89% inode=99%):
[1579631400] CURRENT SERVICE STATE: sig2-vm2;LocalService-NTPD SERVICE;OK;HARD;1;PROCS OK: 1 process with command name 'ntpd'
[1579631400] CURRENT SERVICE STATE: sig2-vm2;Memory;OK;HARD;1;OK - 89.7% (31243312 kB) free.
[1579631400] CURRENT SERVICE STATE: sig2-vm2;Total Processes;OK;HARD;1;PROCS OK: 463 processes
[1579631400] CURRENT SERVICE STATE: sig3-vm2;CPU Load;OK;HARD;1;OK - load average: 0.00, 0.00, 0.00
[1579631400] CURRENT SERVICE STATE: sig3-vm2;CPU_Procs;OK;HARD;1;CPU OK: 549 processes
[1579631400] CURRENT SERVICE STATE: sig3-vm2;Current Users;OK;HARD;1;USERS OK - 2 users currently logged in
[1579631400] CURRENT SERVICE STATE: sig3-vm2;HDD_Root status;OK;HARD;1;DISK OK - free space: / 90236 MB (75% inode=96%):
[1579631400] CURRENT SERVICE STATE: sig3-vm2;LocalService-NTPD SERVICE;OK;HARD;1;PROCS OK: 2 processes with command name 'ntpd'
[1579631400] CURRENT SERVICE STATE: sig3-vm2;Memory;OK;HARD;1;OK - 95.8% (22587616 kB) free.
[1579631400] CURRENT SERVICE STATE: sig3-vm2;Total Processes;OK;HARD;1;PROCS OK: 550 processes
[1579631400] CURRENT SERVICE STATE: sig4-vm2;CPU Load;OK;HARD;1;OK - load average: 0.03, 0.04, 0.05
[1579631400] CURRENT SERVICE STATE: sig4-vm2;CPU_Procs;OK;HARD;1;CPU OK: 222 processes
[1579631400] CURRENT SERVICE STATE: sig4-vm2;Current Users;OK;HARD;1;USERS OK - 0 users currently logged in
[1579631400] CURRENT SERVICE STATE: sig4-vm2;HDD_Root status;OK;HARD;1;DISK OK - free space: / 106775 MB (83% inode=99%):
[1579631400] CURRENT SERVICE STATE: sig4-vm2;LocalService-NTPD SERVICE;OK;HARD;1;PROCS OK: 1 process with command name 'ntpd'
[1579631400] CURRENT SERVICE STATE: sig4-vm2;Memory;OK;HARD;1;OK - 87.8% (30575420 kB) free.
[1579631400] CURRENT SERVICE STATE: sig4-vm2;Total Processes;OK;HARD;1;PROCS OK: 222 processes
[1579631400] CURRENT SERVICE STATE: sig5-vm2;CPU Load;OK;HARD;1;OK - load average: 0.50, 0.65, 0.74
[1579631400] CURRENT SERVICE STATE: sig5-vm2;CPU_Procs;OK;HARD;1;CPU OK: 462 processes
[1579631400] CURRENT SERVICE STATE: sig5-vm2;Current Users;OK;HARD;1;USERS OK - 0 users currently logged in
[1579631400] CURRENT SERVICE STATE: sig5-vm2;HDD_Root status;OK;HARD;1;DISK OK - free space: / 231785 MB (92% inode=99%):
[1579631400] CURRENT SERVICE STATE: sig5-vm2;LocalService-NTPD SERVICE;OK;HARD;1;PROCS OK: 1 process with command name 'ntpd'
[1579631400] CURRENT SERVICE STATE: sig5-vm2;Memory;OK;HARD;1;OK - 88.1% (30858420 kB) free.
[1579631400] CURRENT SERVICE STATE: sig5-vm2;Total Processes;OK;HARD;1;PROCS OK: 462 processes
[1579631400] CURRENT SERVICE STATE: sig6-vm2;CPU Load;OK;HARD;1;OK - load average: 0.67, 0.67, 0.72
[1579631400] CURRENT SERVICE STATE: sig6-vm2;CPU_Procs;OK;HARD;1;CPU OK: 498 processes
[1579631400] CURRENT SERVICE STATE: sig6-vm2;Current Users;OK;HARD;1;USERS OK - 2 users currently logged in
[1579631400] CURRENT SERVICE STATE: sig6-vm2;HDD_Root status;OK;HARD;1;DISK OK - free space: / 179786 MB (91% inode=99%):
[1579631400] CURRENT SERVICE STATE: sig6-vm2;LocalService-NTPD SERVICE;OK;HARD;1;PROCS OK: 1 process with command name 'ntpd'
[1579631400] CURRENT SERVICE STATE: sig6-vm2;Memory;OK;HARD;1;OK - 71.4% (16038304 kB) free.
[1579631400] CURRENT SERVICE STATE: sig6-vm2;OutOfMemory-killer--oom-killer;OK;HARD;1;Log check ok - 0 pattern matches found
[1579631400] CURRENT SERVICE STATE: sig6-vm2;Total Processes;OK;HARD;1;PROCS OK: 498 processes
[1579631400] CURRENT SERVICE STATE: sigqscluster1;CPU Load;OK;HARD;1;OK - load average: 0.01, 0.33, 0.62
[1579631400] CURRENT SERVICE STATE: sigqscluster1;CPU_Procs;OK;HARD;1;CPU OK: 353 processes
[1579631400] CURRENT SERVICE STATE: sigqscluster1;Current Users;OK;HARD;1;USERS OK - 6 users currently logged in
[1579631400] CURRENT SERVICE STATE: sigqscluster1;HDD_Home status;OK;HARD;1;DISK OK - free space: /home 224102 MB (99% inode=99%):
[1579631400] CURRENT SERVICE STATE: sigqscluster1;HDD_Root status;OK;HARD;1;DISK OK - free space: / 40043 MB (78% inode=99%):
[1579631400] CURRENT SERVICE STATE: sigqscluster1;LocalService-NTPD SERVICE;OK;HARD;1;PROCS OK: 1 process with command name 'ntpd'
[1579631400] CURRENT SERVICE STATE: sigqscluster1;Memory;OK;HARD;1;OK - 42.6% (20997708 kB) free.
[1579631400] CURRENT SERVICE STATE: sigqscluster1;Sensors Status;OK;HARD;1;SENSORS OK
[1579631400] CURRENT SERVICE STATE: sigqscluster1;Total Processes;OK;HARD;1;PROCS OK: 353 processes
[1579631400] CURRENT SERVICE STATE: sigqscluster2;CPU Load;OK;HARD;1;OK - load average: 11.66, 11.57, 11.82
[1579631400] CURRENT SERVICE STATE: sigqscluster2;CPU_Procs;OK;HARD;1;CPU OK: 299 processes
[1579631400] CURRENT SERVICE STATE: sigqscluster2;Current Users;OK;HARD;1;USERS OK - 0 users currently logged in
[1579631400] CURRENT SERVICE STATE: sigqscluster2;HDD_Home status;OK;HARD;1;DISK OK - free space: /home 208589 MB (99% inode=99%):
[1579631400] CURRENT SERVICE STATE: sigqscluster2;HDD_Root status;OK;HARD;1;DISK OK - free space: / 45503 MB (88% inode=99%):
[1579631400] CURRENT SERVICE STATE: sigqscluster2;LocalService-NTPD SERVICE;OK;HARD;1;PROCS OK: 1 process with command name 'ntpd'
[1579631400] CURRENT SERVICE STATE: sigqscluster2;Memory;OK;HARD;1;OK - 80.0% (39413048 kB) free.
[1579631400] CURRENT SERVICE STATE: sigqscluster2;Sensors Status;OK;HARD;1;SENSORS OK
[1579631400] CURRENT SERVICE STATE: sigqscluster2;Total Processes;OK;HARD;1;PROCS OK: 301 processes
[1579631400] CURRENT SERVICE STATE: sigqscluster2;sigqscluster2-rabbitmqerror;OK;HARD;1;Log check ok - 0 pattern matches found
[1579631400] CURRENT SERVICE STATE: smscapp1;CPU Load;OK;HARD;1;OK - load average: 2.32, 2.85, 3.03
[1579631400] CURRENT SERVICE STATE: smscapp1;CPU_Procs;OK;HARD;1;CPU OK: 668 processes
[1579631400] CURRENT SERVICE STATE: smscapp1;Current Users;OK;HARD;1;USERS OK - 2 users currently logged in
[1579631400] CURRENT SERVICE STATE: smscapp1;HDD_Home status;OK;HARD;1;DISK OK - free space: /home 110171 MB (49% inode=99%):
[1579631400] CURRENT SERVICE STATE: smscapp1;HDD_Root status;OK;HARD;1;DISK OK - free space: / 39076 MB (76% inode=98%):
[1579631400] CURRENT SERVICE STATE: smscapp1;LocalService-NTPD SERVICE;OK;HARD;1;PROCS OK: 1 process with command name 'ntpd'
[1579631400] CURRENT SERVICE STATE: smscapp1;Memory;OK;HARD;1;OK - 26.3% (12963912 kB) free.
[1579631400] CURRENT SERVICE STATE: smscapp1;Sensors Status;OK;HARD;1;SENSORS OK
[1579631400] CURRENT SERVICE STATE: smscapp1;Total Processes;OK;HARD;1;PROCS OK: 671 processes
[1579631400] CURRENT SERVICE STATE: smscapp2;CPU Load;OK;HARD;1;OK - load average: 3.48, 3.57, 3.85
[1579631400] CURRENT SERVICE STATE: smscapp2;CPU_Procs;OK;HARD;1;CPU OK: 2129 processes
[1579631400] CURRENT SERVICE STATE: smscapp2;Current Users;OK;HARD;1;USERS OK - 0 users currently logged in
[1579631400] CURRENT SERVICE STATE: smscapp2;HDD_Home status;OK;HARD;1;DISK OK - free space: /home 192932 MB (85% inode=99%):
[1579631400] CURRENT SERVICE STATE: smscapp2;HDD_Root status;OK;HARD;1;DISK OK - free space: / 38747 MB (75% inode=98%):
[1579631400] CURRENT SERVICE STATE: smscapp2;LocalService-NTPD SERVICE;OK;HARD;1;PROCS OK: 1 process with command name 'ntpd'
[1579631400] CURRENT SERVICE STATE: smscapp2;Memory;OK;HARD;1;OK - 35.0% (17230068 kB) free.
[1579631400] CURRENT SERVICE STATE: smscapp2;Sensors Status;OK;HARD;1;SENSORS OK
[1579631400] CURRENT SERVICE STATE: smscapp2;Total Processes;OK;HARD;1;PROCS OK: 2132 processes
[1579631400] CURRENT SERVICE STATE: sservercluster1;CPU Load;OK;HARD;1;OK - load average: 1.40, 8.28, 19.43
[1579631400] CURRENT SERVICE STATE: sservercluster1;CPU_Procs;OK;HARD;1;CPU OK: 321 processes
[1579631400] CURRENT SERVICE STATE: sservercluster1;Current Users;OK;HARD;1;USERS OK - 4 users currently logged in
[1579631400] CURRENT SERVICE STATE: sservercluster1;HDD_Home status;OK;HARD;1;DISK OK - free space: /home 150150 MB (68% inode=99%):
[1579631400] CURRENT SERVICE STATE: sservercluster1;HDD_Root status;OK;HARD;1;DISK OK - free space: / 40533 MB (79% inode=99%):
[1579631400] CURRENT SERVICE STATE: sservercluster1;LocalService-NTPD SERVICE;OK;HARD;1;PROCS OK: 1 process with command name 'ntpd'
[1579631400] CURRENT SERVICE STATE: sservercluster1;Memory;OK;HARD;1;OK - 74.6% (18278140 kB) free.
[1579631400] CURRENT SERVICE STATE: sservercluster1;Sensors Status;OK;HARD;1;SENSORS OK
[1579631400] CURRENT SERVICE STATE: sservercluster1;Total Processes;OK;HARD;1;PROCS OK: 321 processes
[1579631400] CURRENT SERVICE STATE: sservercluster2;CPU Load;OK;HARD;1;OK - load average: 0.73, 3.40, 13.82
[1579631400] CURRENT SERVICE STATE: sservercluster2;CPU_Procs;OK;HARD;1;CPU OK: 336 processes
[1579631400] CURRENT SERVICE STATE: sservercluster2;Current Users;OK;HARD;1;USERS OK - 2 users currently logged in
[1579631400] CURRENT SERVICE STATE: sservercluster2;HDD_Home status;OK;HARD;1;DISK OK - free space: /home 171293 MB (77% inode=99%):
[1579631400] CURRENT SERVICE STATE: sservercluster2;HDD_Root status;OK;HARD;1;DISK OK - free space: / 33231 MB (64% inode=98%):
[1579631400] CURRENT SERVICE STATE: sservercluster2;LocalService-NTPD SERVICE;OK;HARD;1;PROCS OK: 1 process with command name 'ntpd'
[1579631400] CURRENT SERVICE STATE: sservercluster2;Memory;WARNING;HARD;3;WARNING - 11.3% (2778588 kB) free!
[1579631400] CURRENT SERVICE STATE: sservercluster2;Sensors Status;OK;HARD;1;SENSORS OK
[1579631400] CURRENT SERVICE STATE: sservercluster2;Total Processes;OK;HARD;1;PROCS OK: 337 processes
[1579631400] CURRENT SERVICE STATE: webserver1;CPU Load;OK;HARD;1;OK - load average: 0.00, 0.01, 0.05
[1579631400] CURRENT SERVICE STATE: webserver1;CPU_Procs;OK;HARD;1;CPU OK: 362 processes
[1579631400] CURRENT SERVICE STATE: webserver1;Current Users;OK;HARD;1;USERS OK - 1 users currently logged in
[1579631400] CURRENT SERVICE STATE: webserver1;HDD_Home status;OK;HARD;1;DISK OK - free space: /home 224756 MB (99% inode=99%):
[1579631400] CURRENT SERVICE STATE: webserver1;HDD_Root status;OK;HARD;1;DISK OK - free space: / 40220 MB (78% inode=99%):
[1579631400] CURRENT SERVICE STATE: webserver1;LocalService-NTPD SERVICE;OK;HARD;1;PROCS OK: 1 process with command name 'ntpd'
[1579631400] CURRENT SERVICE STATE: webserver1;Memory;OK;HARD;1;OK - 83.2% (20365920 kB) free.
[1579631400] CURRENT SERVICE STATE: webserver1;Nginx_status;OK;HARD;1;NGINX OK -  0.086 sec. response time, Active: 1 (Writing: 1 Reading: 0 Waiting: 0) ReqPerSec: 0.003 ConnPerSec: 0.010 ReqPerConn: 0.952
[1579631400] CURRENT SERVICE STATE: webserver1;Sensors Status;OK;HARD;1;SENSORS OK
[1579631400] CURRENT SERVICE STATE: webserver1;Total Processes;OK;HARD;1;PROCS OK: 362 processes
[1579631400] CURRENT SERVICE STATE: webserver2;CPU_Procs;OK;HARD;1;CPU OK: 467 processes
[1579631400] CURRENT SERVICE STATE: webserver2;Current Load;OK;HARD;1;OK - load average: 0.01, 0.03, 0.06
[1579631400] CURRENT SERVICE STATE: webserver2;Current Users;OK;HARD;1;USERS OK - 24 users currently logged in
[1579631400] CURRENT SERVICE STATE: webserver2;HDD_Home status;OK;HARD;1;DISK OK - free space: /home 109530 MB (48.73% inode=100%):
[1579631400] CURRENT SERVICE STATE: webserver2;HTTP;OK;HARD;1;HTTP OK: HTTP/1.1 200 OK - 355 bytes in 0.001 second response time
[1579631400] CURRENT SERVICE STATE: webserver2;LocalService-NTPD SERVICE;OK;HARD;1;PROCS OK: 1 process with command name 'ntpd'
[1579631400] CURRENT SERVICE STATE: webserver2;Memory;OK;HARD;1;OK - 63.7% (15607748 kB) free.
[1579631400] CURRENT SERVICE STATE: webserver2;PING;OK;HARD;1;PING OK - Packet loss = 0%, RTA = 0.06 ms
[1579631400] CURRENT SERVICE STATE: webserver2;Root Partition;OK;HARD;1;DISK OK - free space: / 10959 MB (21.41% inode=99%):
[1579631400] CURRENT SERVICE STATE: webserver2;SSH;OK;HARD;1;SSH OK - OpenSSH_7.4 (protocol 2.0)
[1579631400] CURRENT SERVICE STATE: webserver2;Sensors Status;OK;HARD;1;SENSORS OK
[1579631400] CURRENT SERVICE STATE: webserver2;Total Processes;OK;HARD;1;PROCS OK: 167 processes with STATE = RSZDT
[1579631400] CURRENT SERVICE STATE: webservercluster1;CPU Load;OK;HARD;1;OK - load average: 0.16, 0.06, 0.06
[1579631400] CURRENT SERVICE STATE: webservercluster1;CPU_Procs;OK;HARD;1;CPU OK: 336 processes
[1579631400] CURRENT SERVICE STATE: webservercluster1;Current Users;OK;HARD;1;USERS OK - 2 users currently logged in
[1579631400] CURRENT SERVICE STATE: webservercluster1;HDD_Home status;OK;HARD;1;DISK OK - free space: / 20386 MB (39% inode=99%):
[1579631400] CURRENT SERVICE STATE: webservercluster1;HDD_Root status;OK;HARD;1;DISK OK - free space: /home 144737 MB (64% inode=99%):
[1579631400] CURRENT SERVICE STATE: webservercluster1;LocalService-NTPD SERVICE;OK;HARD;1;PROCS OK: 1 process with command name 'ntpd'
[1579631400] CURRENT SERVICE STATE: webservercluster1;Memory;WARNING;HARD;3;WARNING - 14.8% (2412144 kB) free!
[1579631400] CURRENT SERVICE STATE: webservercluster1;Sensors Status;OK;HARD;1;SENSORS OK
[1579631400] CURRENT SERVICE STATE: webservercluster1;Total Processes;OK;HARD;1;PROCS OK: 335 processes
[1579631400] CURRENT SERVICE STATE: webservercluster2;CPU Load;OK;HARD;1;OK - load average: 1.30, 1.08, 1.05
[1579631400] CURRENT SERVICE STATE: webservercluster2;CPU_Procs;OK;HARD;1;CPU OK: 301 processes
[1579631400] CURRENT SERVICE STATE: webservercluster2;Current Users;OK;HARD;1;USERS OK - 4 users currently logged in
[1579631400] CURRENT SERVICE STATE: webservercluster2;HDD_Home status;OK;HARD;1;DISK OK - free space: /home 222436 MB (98% inode=99%):
[1579631400] CURRENT SERVICE STATE: webservercluster2;HDD_Root status;OK;HARD;1;DISK OK - free space: / 40259 MB (78% inode=99%):
[1579631400] CURRENT SERVICE STATE: webservercluster2;LocalService-NTPD SERVICE;OK;HARD;1;PROCS OK: 1 process with command name 'ntpd'
[1579631400] CURRENT SERVICE STATE: webservercluster2;Memory;OK;HARD;1;OK - 42.5% (6915796 kB) free.
[1579631400] CURRENT SERVICE STATE: webservercluster2;Sensors Status;OK;HARD;1;SENSORS OK
[1579631400] CURRENT SERVICE STATE: webservercluster2;Total Processes;OK;HARD;1;PROCS OK: 296 processes
[1579631447] SERVICE ALERT: redis-2;Memory;OK;HARD;1;OK - 24.7% (32622628 kB) free.
[1579631738] SERVICE NOTIFICATION: nagiosadmin;sservercluster2;Memory;CRITICAL;notify-service-by-email;CRITICAL - 0.8% (198532 kB) free!
[1579631738] SERVICE ALERT: sservercluster2;Memory;CRITICAL;HARD;3;CRITICAL - 0.8% (198532 kB) free!
[1579631876] SERVICE FLAPPING ALERT: smscapp2;CPU Load;STOPPED; Service appears to have stopped flapping (3.8% change < 5.0% threshold)
[1579631966] SERVICE NOTIFICATION: nagiosadmin;webservercluster1;Memory;WARNING;notify-service-by-email;WARNING - 14.8% (2408052 kB) free!
[1579632177] SERVICE ALERT: sservercluster1;Memory;CRITICAL;SOFT;1;CRITICAL - 0.8% (197628 kB) free!
[1579632297] SERVICE ALERT: sservercluster1;Memory;CRITICAL;SOFT;2;CRITICAL - 0.8% (189608 kB) free!
[1579632417] SERVICE NOTIFICATION: nagiosadmin;sservercluster1;Memory;CRITICAL;notify-service-by-email;CRITICAL - 0.8% (189076 kB) free!
[1579632417] SERVICE ALERT: sservercluster1;Memory;CRITICAL;HARD;3;CRITICAL - 0.8% (189076 kB) free!
[1579632647] SERVICE ALERT: redis-2;Memory;WARNING;SOFT;1;WARNING - 11.1% (14658740 kB) free!
[1579632767] SERVICE ALERT: redis-2;Memory;OK;HARD;1;OK - 25.9% (34138892 kB) free.
[1579633094] Auto-save of retention data completed successfully.
[1579633316] SERVICE ALERT: sservercluster2;CPU_Procs;WARNING;SOFT;1;CPU WARNING: 1 warn out of 339 processes
[1579633367] SERVICE ALERT: redis-2;Memory;CRITICAL;SOFT;1;CRITICAL - 10.0% (13158956 kB) free!
[1579633436] SERVICE ALERT: sservercluster2;CPU_Procs;OK;HARD;1;CPU OK: 335 processes
[1579633461] SERVICE ALERT: webserver2;Memory;CRITICAL;SOFT;1;CRITICAL - 0.8% (185028 kB) free!
[1579633487] SERVICE ALERT: redis-2;Memory;OK;HARD;1;OK - 24.4% (32120824 kB) free.
[1579633522] SERVICE ALERT: webserver2;Memory;CRITICAL;SOFT;2;CRITICAL - 0.8% (194340 kB) free!
[1579633582] SERVICE ALERT: webserver2;Memory;OK;HARD;1;OK - 68.5% (16779424 kB) free.
[1579634147] SERVICE ALERT: pservercluster1;Memory;OK;HARD;1;OK - 40.0% (9871132 kB) free.
[1579634687] SERVICE ALERT: redis-2;Memory;WARNING;SOFT;1;WARNING - 11.0% (14487336 kB) free!
[1579634808] SERVICE ALERT: redis-2;Memory;OK;HARD;1;OK - 24.6% (32408112 kB) free.
[1579635305] SERVICE ALERT: redis-1;CPU_Procs;WARNING;SOFT;1;CPU WARNING: 1 warn out of 402 processes
[1579635338] SERVICE NOTIFICATION: nagiosadmin;sservercluster2;Memory;CRITICAL;notify-service-by-email;CRITICAL - 0.9% (225364 kB) free!
[1579635347] SERVICE ALERT: pservercluster1;Memory;WARNING;SOFT;1;WARNING - 18.8% (4634596 kB) free!
[1579635426] SERVICE ALERT: redis-1;CPU_Procs;OK;HARD;1;CPU OK: 400 processes
[1579635467] SERVICE ALERT: pservercluster1;Memory;WARNING;SOFT;2;WARNING - 12.8% (3159264 kB) free!
[1579635567] SERVICE NOTIFICATION: nagiosadmin;webservercluster1;Memory;WARNING;notify-service-by-email;WARNING - 14.8% (2408908 kB) free!
[1579635588] SERVICE ALERT: pservercluster1;Memory;CRITICAL;HARD;3;CRITICAL - 6.7% (1643808 kB) free!
[1579636007] SERVICE ALERT: redis-2;Memory;WARNING;SOFT;1;WARNING - 11.2% (14737036 kB) free!
[1579636017] SERVICE NOTIFICATION: nagiosadmin;sservercluster1;Memory;CRITICAL;notify-service-by-email;CRITICAL - 0.7% (170208 kB) free!
[1579636041] SERVICE ALERT: primary-server;Nginx Access Log Status;CRITICAL;SOFT;1;(705) < 49.50.86.152 [22/Jan/2020:01:17:16 +0530] TCP 502 0 0 0.000 "backend_3001" "0" "0" "0.000"
[1579636127] SERVICE ALERT: redis-2;Memory;OK;HARD;1;OK - 24.8% (32738584 kB) free.
[1579636161] SERVICE ALERT: primary-server;Nginx Access Log Status;CRITICAL;SOFT;2;(32) < 203.212.70.170 [22/Jan/2020:01:18:12 +0530] TCP 502 0 0 120.001 "10.147.212.154:3001, 10.147.212.143:3001, backend_3001" "0, 0, 0" "0, 0, 0" "60.000, 60.001, 0.000"
[1579636246] SERVICE ALERT: primary-server;Nginx Error Log Status;CRITICAL;SOFT;1;(2096) < 2020/01/22 01:19:12 [error] 21679#0: *25803242 upstream timed out (110: Connection timed out) while connecting to upstream, client: 172.105.59.173, server: 0.0.0.0:3001, upstream: "10.147.212.154:3001", bytes from/to client:0/0, bytes from/to upstream:0/0
[1579636282] SERVICE ALERT: primary-server;Nginx Access Log Status;OK;HARD;1;Log check ok - 0 pattern matches found
[1579636367] SERVICE ALERT: primary-server;Nginx Error Log Status;OK;HARD;1;Log check ok - 0 pattern matches found
[1579636694] Auto-save of retention data completed successfully.
[1579636939] SERVICE ALERT: sigqscluster1;Memory;WARNING;SOFT;1;WARNING - 11.2% (5511940 kB) free!
[1579637059] SERVICE ALERT: sigqscluster1;Memory;WARNING;SOFT;2;WARNING - 11.2% (5501720 kB) free!
[1579637179] SERVICE NOTIFICATION: nagiosadmin;sigqscluster1;Memory;WARNING;notify-service-by-email;WARNING - 11.2% (5501196 kB) free!
[1579637179] SERVICE ALERT: sigqscluster1;Memory;WARNING;HARD;3;WARNING - 11.2% (5501196 kB) free!
[1579638417] SERVICE NOTIFICATION: nagiosadmin;sservercluster1;Memory;OK;notify-service-by-email;OK - 44.6% (10941788 kB) free.
[1579638417] SERVICE ALERT: sservercluster1;Memory;OK;HARD;1;OK - 44.6% (10941788 kB) free.
[1579638938] SERVICE NOTIFICATION: nagiosadmin;sservercluster2;Memory;CRITICAL;notify-service-by-email;CRITICAL - 3.8% (930140 kB) free!
[1579639727] SERVICE ALERT: redis-2;Memory;WARNING;SOFT;1;WARNING - 11.4% (15005960 kB) free!
[1579639766] SERVICE NOTIFICATION: nagiosadmin;webservercluster1;Memory;WARNING;notify-service-by-email;WARNING - 14.7% (2394440 kB) free!
[1579639807] SERVICE ALERT: smscapp1;Memory;CRITICAL;SOFT;1;CRITICAL - 4.6% (2255392 kB) free!
[1579639847] SERVICE ALERT: redis-2;Memory;OK;HARD;1;OK - 23.8% (31413668 kB) free.
[1579639928] SERVICE ALERT: smscapp1;Memory;CRITICAL;SOFT;2;CRITICAL - 0.5% (243548 kB) free!
[1579640048] SERVICE NOTIFICATION: nagiosadmin;smscapp1;Memory;CRITICAL;notify-service-by-email;CRITICAL - 0.5% (227772 kB) free!
[1579640048] SERVICE ALERT: smscapp1;Memory;CRITICAL;HARD;3;CRITICAL - 0.5% (227772 kB) free!
[1579640075] SERVICE ALERT: qservercluster2;Memory;CRITICAL;SOFT;1;CRITICAL - 7.2% (3539096 kB) free!
[1579640195] SERVICE ALERT: qservercluster2;Memory;CRITICAL;SOFT;2;CRITICAL - 7.2% (3537584 kB) free!
[1579640294] Auto-save of retention data completed successfully.
[1579640315] SERVICE ALERT: qservercluster2;Memory;OK;HARD;1;OK - 80.8% (39800652 kB) free.
[1579640780] SERVICE NOTIFICATION: nagiosadmin;sigqscluster1;Memory;WARNING;notify-service-by-email;WARNING - 10.6% (5205800 kB) free!
[1579641248] SERVICE NOTIFICATION: nagiosadmin;smscapp1;Memory;OK;notify-service-by-email;OK - 85.4% (42093896 kB) free.
[1579641248] SERVICE ALERT: smscapp1;Memory;OK;HARD;1;OK - 85.4% (42093896 kB) free.
[1579642282] SERVICE ALERT: primary-server;Nginx Access Log Status;CRITICAL;SOFT;1;(3194) < 203.212.70.170 [22/Jan/2020:03:00:41 +0530] TCP 502 0 0 0.000 "backend_3001" "0" "0" "0.000"
[1579642366] SERVICE ALERT: primary-server;Nginx Error Log Status;CRITICAL;SOFT;1;(3886) < 2020/01/22 03:02:42 [error] 21677#0: *25820869 upstream timed out (110: Connection timed out) while connecting to upstream, client: 203.212.70.170, server: 0.0.0.0:3001, upstream: "10.147.212.154:3001", bytes from/to client:0/0, bytes from/to upstream:0/0
[1579642402] SERVICE ALERT: primary-server;Nginx Access Log Status;CRITICAL;SOFT;2;(235) < 203.212.70.170 [22/Jan/2020:03:01:42 +0530] TCP 502 0 0 0.000 "backend_3001" "0" "0" "0.000"
[1579642435] SERVICE ALERT: secondary-server;Nginx Access Log Status;CRITICAL;SOFT;1;(257) < 103.16.101.72 [22/Jan/2020:03:00:21 +0530] TCP 502 0 0 0.000 "backend3" "0" "0" "0.000"
[1579642487] SERVICE ALERT: primary-server;Nginx Error Log Status;CRITICAL;SOFT;2;(14) < 2020/01/22 03:03:26 [error] 21678#0: *25820740 recv() failed (104: Connection reset by peer) while proxying connection, client: 203.212.70.170, server: 0.0.0.0:3001, upstream: "10.147.212.142:3001", bytes from/to client:87/0, bytes from/to upstream:0/87
[1579642522] SERVICE ALERT: primary-server;Nginx Access Log Status;OK;HARD;1;Log check ok - 0 pattern matches found
[1579642538] SERVICE NOTIFICATION: nagiosadmin;sservercluster2;Memory;CRITICAL;notify-service-by-email;CRITICAL - 5.6% (1364492 kB) free!
[1579642556] SERVICE ALERT: secondary-server;Nginx Access Log Status;OK;HARD;1;Log check ok - 0 pattern matches found
[1579642607] SERVICE ALERT: primary-server;Nginx Error Log Status;OK;HARD;1;Log check ok - 0 pattern matches found
[1579642760] SERVICE ALERT: secondary-server;Nginx Error Log Status;CRITICAL;SOFT;1;(330) < 2020/01/22 03:01:32 [error] 18370#0: *42327443 upstream timed out (110: Connection timed out) while connecting to upstream, client: 103.16.101.72, server: 0.0.0.0:4000, upstream: "10.147.212.61:4000", bytes from/to client:0/0, bytes from/to upstream:0/0
[1579642880] SERVICE ALERT: secondary-server;Nginx Error Log Status;OK;HARD;1;Log check ok - 0 pattern matches found
[1579643366] SERVICE NOTIFICATION: nagiosadmin;webservercluster1;Memory;WARNING;notify-service-by-email;WARNING - 14.7% (2396580 kB) free!
[1579643894] Auto-save of retention data completed successfully.
[1579644680] SERVICE ALERT: secondary-server;Nginx Error Log Status;CRITICAL;SOFT;1;(1) < 2020/01/22 03:37:26 [error] 18370#0: *42330425 access forbidden by rule while initializing session, client: 103.255.146.164, server: 0.0.0.0:14001
[1579644800] SERVICE ALERT: secondary-server;Nginx Error Log Status;OK;HARD;1;Log check ok - 0 pattern matches found
[1579644979] SERVICE NOTIFICATION: nagiosadmin;sigqscluster1;Memory;WARNING;notify-service-by-email;WARNING - 10.4% (5142572 kB) free!
[1579646138] SERVICE NOTIFICATION: nagiosadmin;sservercluster2;Memory;CRITICAL;notify-service-by-email;CRITICAL - 3.9% (965240 kB) free!
[1579646388] SERVICE FLAPPING ALERT: pservercluster1;Memory;STOPPED; Service appears to have stopped flapping (3.9% change < 5.0% threshold)
[1579646388] SERVICE NOTIFICATION: nagiosadmin;pservercluster1;Memory;CRITICAL;notify-service-by-email;CRITICAL - 3.9% (972768 kB) free!
[1579646447] SERVICE ALERT: redis-2;Memory;WARNING;SOFT;1;WARNING - 19.1% (25165500 kB) free!
[1579646567] SERVICE ALERT: redis-2;Memory;WARNING;SOFT;2;WARNING - 15.2% (20087632 kB) free!
[1579646687] SERVICE NOTIFICATION: nagiosadmin;redis-2;Memory;WARNING;notify-service-by-email;WARNING - 12.0% (15839660 kB) free!
[1579646687] SERVICE ALERT: redis-2;Memory;WARNING;HARD;3;WARNING - 12.0% (15839660 kB) free!
[1579646966] SERVICE NOTIFICATION: nagiosadmin;webservercluster1;Memory;WARNING;notify-service-by-email;WARNING - 14.7% (2390260 kB) free!
[1579647494] Auto-save of retention data completed successfully.
[1579647887] SERVICE NOTIFICATION: nagiosadmin;redis-2;Memory;OK;notify-service-by-email;OK - 25.2% (33256492 kB) free.
[1579647887] SERVICE ALERT: redis-2;Memory;OK;HARD;1;OK - 25.2% (33256492 kB) free.
[1579648579] SERVICE NOTIFICATION: nagiosadmin;sigqscluster1;Memory;WARNING;notify-service-by-email;WARNING - 10.3% (5072516 kB) free!
[1579649739] SERVICE NOTIFICATION: nagiosadmin;sservercluster2;Memory;CRITICAL;notify-service-by-email;CRITICAL - 0.8% (187160 kB) free!
[1579649817] SERVICE ALERT: sservercluster1;Memory;CRITICAL;SOFT;1;CRITICAL - 0.8% (199208 kB) free!
[1579649938] SERVICE ALERT: sservercluster1;Memory;CRITICAL;SOFT;2;CRITICAL - 0.7% (164684 kB) free!
[1579649988] SERVICE NOTIFICATION: nagiosadmin;pservercluster1;Memory;CRITICAL;notify-service-by-email;CRITICAL - 0.8% (198616 kB) free!
[1579650058] SERVICE NOTIFICATION: nagiosadmin;sservercluster1;Memory;CRITICAL;notify-service-by-email;CRITICAL - 4.4% (1076360 kB) free!
[1579650058] SERVICE ALERT: sservercluster1;Memory;CRITICAL;HARD;3;CRITICAL - 4.4% (1076360 kB) free!
[1579650338] SERVICE NOTIFICATION: nagiosadmin;sservercluster2;Memory;OK;notify-service-by-email;OK - 87.2% (21385100 kB) free.
[1579650338] SERVICE ALERT: sservercluster2;Memory;OK;HARD;1;OK - 87.2% (21385100 kB) free.
[1579650567] SERVICE NOTIFICATION: nagiosadmin;webservercluster1;Memory;WARNING;notify-service-by-email;WARNING - 15.0% (2438204 kB) free!
[1579650588] SERVICE NOTIFICATION: nagiosadmin;pservercluster1;Memory;OK;notify-service-by-email;OK - 47.6% (11753060 kB) free.
[1579650588] SERVICE ALERT: pservercluster1;Memory;OK;HARD;1;OK - 47.6% (11753060 kB) free.
[1579650887] SERVICE ALERT: redis-2;Memory;WARNING;SOFT;1;WARNING - 18.3% (24183172 kB) free!
[1579651008] SERVICE ALERT: redis-2;Memory;OK;HARD;1;OK - 26.8% (35394020 kB) free.
[1579651094] Auto-save of retention data completed successfully.
[1579651522] SERVICE ALERT: primary-server;Nginx Access Log Status;CRITICAL;SOFT;1;(4) < 172.105.59.173 [22/Jan/2020:05:34:10 +0530] TCP 502 0 0 0.000 "backend_3001" "0" "0" "0.000"
[1579651579] SERVICE NOTIFICATION: nagiosadmin;sigqscluster1;Memory;CRITICAL;notify-service-by-email;CRITICAL - 10.0% (4949648 kB) free!
[1579651579] SERVICE ALERT: sigqscluster1;Memory;CRITICAL;HARD;3;CRITICAL - 10.0% (4949648 kB) free!
[1579651607] SERVICE ALERT: primary-server;Nginx Error Log Status;CRITICAL;SOFT;1;(610) < 2020/01/22 05:34:10 [error] 21680#0: *25837959 no live upstreams while connecting to upstream, client: 172.105.59.173, server: 0.0.0.0:3001, upstream: "backend_3001", bytes from/to client:0/0, bytes from/to upstream:0/0
[1579651642] SERVICE ALERT: primary-server;Nginx Access Log Status;OK;HARD;1;Log check ok - 0 pattern matches found
[1579651727] SERVICE ALERT: primary-server;Nginx Error Log Status;OK;HARD;1;Log check ok - 0 pattern matches found
[1579653407] SERVICE ALERT: redis-2;Memory;WARNING;SOFT;1;WARNING - 18.8% (24816392 kB) free!
[1579653527] SERVICE ALERT: redis-2;Memory;OK;HARD;1;OK - 26.9% (35408348 kB) free.
[1579653658] SERVICE NOTIFICATION: nagiosadmin;sservercluster1;Memory;CRITICAL;notify-service-by-email;CRITICAL - 1.4% (342316 kB) free!
[1579654694] Auto-save of retention data completed successfully.
[1579654766] SERVICE NOTIFICATION: nagiosadmin;webservercluster1;Memory;WARNING;notify-service-by-email;WARNING - 15.0% (2444640 kB) free!
[1579655179] SERVICE NOTIFICATION: nagiosadmin;sigqscluster1;Memory;CRITICAL;notify-service-by-email;CRITICAL - 10.0% (4906544 kB) free!
[1579655927] SERVICE ALERT: redis-2;Memory;WARNING;SOFT;1;WARNING - 18.8% (24730420 kB) free!
[1579656047] SERVICE ALERT: redis-2;Memory;OK;HARD;1;OK - 26.7% (35163920 kB) free.
[1579657258] SERVICE NOTIFICATION: nagiosadmin;sservercluster1;Memory;CRITICAL;notify-service-by-email;CRITICAL - 0.7% (172556 kB) free!
[1579658225] SERVICE ALERT: redis-1;CPU_Procs;WARNING;SOFT;1;CPU WARNING: 1 warn out of 401 processes
[1579658294] Auto-save of retention data completed successfully.
[1579658345] SERVICE ALERT: redis-1;CPU_Procs;OK;HARD;1;CPU OK: 400 processes
[1579658366] SERVICE NOTIFICATION: nagiosadmin;webservercluster1;Memory;WARNING;notify-service-by-email;WARNING - 15.0% (2444584 kB) free!
[1579658447] SERVICE ALERT: redis-2;Memory;WARNING;SOFT;1;WARNING - 19.0% (25027516 kB) free!
[1579658568] SERVICE ALERT: redis-2;Memory;OK;HARD;1;OK - 26.5% (34874768 kB) free.
[1579658779] SERVICE NOTIFICATION: nagiosadmin;sigqscluster1;Memory;CRITICAL;notify-service-by-email;CRITICAL - 9.5% (4658436 kB) free!
[1579659527] SERVICE ALERT: primary-server;Nginx Error Log Status;CRITICAL;SOFT;1;(441) < 2020/01/22 07:48:38 [error] 21678#0: *25852837 upstream timed out (110: Connection timed out) while connecting to upstream, client: 203.212.70.170, server: 0.0.0.0:3001, upstream: "10.147.212.155:3001", bytes from/to client:0/0, bytes from/to upstream:0/0
[1579659647] SERVICE ALERT: primary-server;Nginx Error Log Status;CRITICAL;SOFT;2;(1) < 2020/01/22 07:49:00 [error] 21682#0: *25852715 recv() failed (104: Connection reset by peer) while proxying connection, client: 203.212.70.170, server: 0.0.0.0:3001, upstream: "10.147.212.155:3001", bytes from/to client:70/17, bytes from/to upstream:17/70
[1579659767] SERVICE ALERT: primary-server;Nginx Error Log Status;OK;HARD;1;Log check ok - 0 pattern matches found
[1579660042] SERVICE ALERT: primary-server;Nginx Access Log Status;CRITICAL;SOFT;1;(15) < 203.212.70.170 [22/Jan/2020:07:48:03 +0530] TCP 502 0 0 0.000 "backend_3001" "0" "0" "0.000"
[1579660162] SERVICE ALERT: primary-server;Nginx Access Log Status;OK;HARD;1;Log check ok - 0 pattern matches found
[1579660367] SERVICE ALERT: redis-2;Memory;WARNING;SOFT;1;WARNING - 20.0% (26413692 kB) free!
[1579660487] SERVICE ALERT: redis-2;Memory;WARNING;SOFT;2;WARNING - 17.1% (22561752 kB) free!
[1579660607] SERVICE ALERT: redis-2;Memory;OK;HARD;1;OK - 25.7% (33907132 kB) free.
[1579660858] SERVICE NOTIFICATION: nagiosadmin;sservercluster1;Memory;CRITICAL;notify-service-by-email;CRITICAL - 3.9% (963844 kB) free!
[1579661894] Auto-save of retention data completed successfully.
[1579661966] SERVICE NOTIFICATION: nagiosadmin;webservercluster1;Memory;WARNING;notify-service-by-email;WARNING - 15.0% (2438548 kB) free!
[1579662379] SERVICE NOTIFICATION: nagiosadmin;sigqscluster1;Memory;CRITICAL;notify-service-by-email;CRITICAL - 8.8% (4341696 kB) free!
[1579662407] SERVICE ALERT: redis-2;Memory;WARNING;SOFT;1;WARNING - 17.2% (22688364 kB) free!
[1579662527] SERVICE ALERT: redis-2;Memory;OK;HARD;1;OK - 25.8% (34042792 kB) free.
[1579664276] SERVICE ALERT: smscapp2;CPU Load;CRITICAL;SOFT;1;CRITICAL - load average: 59.66, 101.08, 51.37
[1579664327] SERVICE ALERT: redis-2;Memory;WARNING;SOFT;1;WARNING - 17.5% (23008804 kB) free!
[1579664397] SERVICE ALERT: smscapp2;CPU Load;CRITICAL;SOFT;2;CRITICAL - load average: 16.25, 70.46, 46.38
[1579664447] SERVICE ALERT: redis-2;Memory;WARNING;SOFT;2;WARNING - 14.4% (19019256 kB) free!
[1579664458] SERVICE NOTIFICATION: nagiosadmin;sservercluster1;Memory;CRITICAL;notify-service-by-email;CRITICAL - 0.8% (184428 kB) free!
[1579664520] SERVICE NOTIFICATION: nagiosadmin;smscapp2;CPU Load;CRITICAL;notify-service-by-email;CRITICAL - load average: 12.96, 50.98, 42.15
[1579664520] SERVICE ALERT: smscapp2;CPU Load;CRITICAL;HARD;3;CRITICAL - load average: 12.96, 50.98, 42.15
[1579664567] SERVICE ALERT: redis-2;Memory;OK;HARD;1;OK - 24.3% (32091440 kB) free.
[1579665494] Auto-save of retention data completed successfully.
[1579665563] SERVICE ALERT: primary-server;Nginx Access Log Status;CRITICAL;SOFT;1;(1) < 203.212.70.170 [22/Jan/2020:09:24:11 +0530] TCP 502 0 0 63.004 "10.147.212.154:3001, 10.147.212.142:3001, backend_3001" "0, 0, 0" "0, 0, 0" "3.004, 60.000, 0.000"
[1579665566] SERVICE NOTIFICATION: nagiosadmin;webservercluster1;Memory;WARNING;notify-service-by-email;WARNING - 14.9% (2428956 kB) free!
[1579665683] SERVICE ALERT: primary-server;Nginx Access Log Status;OK;HARD;1;Log check ok - 0 pattern matches found
[1579665767] SERVICE ALERT: primary-server;Nginx Error Log Status;CRITICAL;SOFT;1;(677) < 2020/01/22 09:26:22 [error] 21677#0: *25864668 upstream timed out (110: Connection timed out) while connecting to upstream, client: 182.18.144.246, server: 0.0.0.0:3001, upstream: "10.147.212.142:3001", bytes from/to client:0/0, bytes from/to upstream:0/0
[1579665887] SERVICE ALERT: primary-server;Nginx Error Log Status;OK;HARD;1;Log check ok - 0 pattern matches found
[1579665980] SERVICE NOTIFICATION: nagiosadmin;sigqscluster1;Memory;CRITICAL;notify-service-by-email;CRITICAL - 7.2% (3568648 kB) free!
[1579666321] SERVICE NOTIFICATION: nagiosadmin;smscapp2;CPU Load;WARNING;notify-service-by-email;WARNING - load average: 9.36, 11.97, 36.46
[1579666321] SERVICE ALERT: smscapp2;CPU Load;WARNING;HARD;3;WARNING - load average: 9.36, 11.97, 36.46
[1579666921] SERVICE NOTIFICATION: nagiosadmin;smscapp2;CPU Load;OK;notify-service-by-email;OK - load average: 10.03, 11.17, 24.59
[1579666921] SERVICE ALERT: smscapp2;CPU Load;OK;HARD;1;OK - load average: 10.03, 11.17, 24.59
[1579667109] SERVICE ALERT: primary-server;Memory;WARNING;SOFT;1;WARNING - 19.3% (4731472 kB) free!
[1579667229] SERVICE ALERT: primary-server;Memory;WARNING;SOFT;2;WARNING - 19.2% (4698648 kB) free!
[1579667349] SERVICE NOTIFICATION: nagiosadmin;primary-server;Memory;WARNING;notify-service-by-email;WARNING - 19.0% (4661004 kB) free!
[1579667349] SERVICE ALERT: primary-server;Memory;WARNING;HARD;3;WARNING - 19.0% (4661004 kB) free!
[1579667521] SERVICE ALERT: smscapp2;CPU Load;CRITICAL;SOFT;1;CRITICAL - load average: 195.95, 50.03, 30.17
[1579667641] SERVICE ALERT: smscapp2;CPU Load;CRITICAL;SOFT;2;CRITICAL - load average: 639.00, 270.83, 113.59
[1579667761] SERVICE FLAPPING ALERT: smscapp2;CPU Load;STARTED; Service appears to have started flapping (23.9% change >= 20.0% threshold)
[1579667761] SERVICE ALERT: smscapp2;CPU Load;CRITICAL;HARD;3;CRITICAL - load average: 497.95, 366.52, 169.28
[1579668058] SERVICE NOTIFICATION: nagiosadmin;sservercluster1;Memory;CRITICAL;notify-service-by-email;CRITICAL - 0.7% (180980 kB) free!
[1579669094] Auto-save of retention data completed successfully.
[1579669166] SERVICE NOTIFICATION: nagiosadmin;webservercluster1;Memory;WARNING;notify-service-by-email;WARNING - 15.0% (2431988 kB) free!
[1579669189] SERVICE ALERT: pservercluster1;Memory;CRITICAL;SOFT;1;CRITICAL - 0.8% (197636 kB) free!
[1579669283] SERVICE ALERT: primary-server;Nginx Access Log Status;CRITICAL;SOFT;1;(5) < 203.212.70.170 [22/Jan/2020:10:30:11 +0530] TCP 502 0 0 60.001 "10.147.212.154:3001, backend_3001" "0, 0" "0, 0" "60.001, 0.000"
[1579669309] SERVICE ALERT: pservercluster1;Memory;CRITICAL;SOFT;2;CRITICAL - 0.7% (182380 kB) free!
[1579669403] SERVICE ALERT: primary-server;Nginx Access Log Status;OK;HARD;1;Log check ok - 0 pattern matches found
[1579669429] SERVICE NOTIFICATION: nagiosadmin;pservercluster1;Memory;CRITICAL;notify-service-by-email;CRITICAL - 0.8% (193116 kB) free!
[1579669429] SERVICE ALERT: pservercluster1;Memory;CRITICAL;HARD;3;CRITICAL - 0.8% (193116 kB) free!
[1579669488] SERVICE ALERT: primary-server;Nginx Error Log Status;CRITICAL;SOFT;1;(725) < 2020/01/22 10:32:08 [error] 21681#0: *25871156 upstream timed out (110: Connection timed out) while connecting to upstream, client: 203.212.70.170, server: 0.0.0.0:3001, upstream: "10.147.212.154:3001", bytes from/to client:0/0, bytes from/to upstream:0/0
[1579669608] SERVICE ALERT: primary-server;Nginx Error Log Status;OK;HARD;1;Log check ok - 0 pattern matches found
[1579669749] SERVICE NOTIFICATION: nagiosadmin;primary-server;Memory;CRITICAL;notify-service-by-email;CRITICAL - 9.8% (2398232 kB) free!
[1579669749] SERVICE ALERT: primary-server;Memory;CRITICAL;HARD;3;CRITICAL - 9.8% (2398232 kB) free!
[1579670179] SERVICE NOTIFICATION: nagiosadmin;sigqscluster1;Memory;CRITICAL;notify-service-by-email;CRITICAL - 1.5% (731076 kB) free!
[1579670208] SERVICE ALERT: primary-server;Nginx Error Log Status;CRITICAL;SOFT;1;(8) < 2020/01/22 10:45:17 [error] 21677#0: *25873464 connect() failed (111: Connection refused) while connecting to upstream, client: 103.16.101.72, server: 0.0.0.0:13000, upstream: "10.147.212.155:13000", bytes from/to client:0/0, bytes from/to upstream:0/0
[1579670328] SERVICE ALERT: primary-server;Nginx Error Log Status;OK;HARD;1;Log check ok - 0 pattern matches found
[1579670485] EXTERNAL COMMAND: SCHEDULE_FORCED_SVC_CHECK;primary-server;Memory;1579670454
[1579670485] SERVICE NOTIFICATION: nagiosadmin;primary-server;Memory;OK;notify-service-by-email;OK - 88.9% (21783964 kB) free.
[1579670485] SERVICE ALERT: primary-server;Memory;OK;HARD;1;OK - 88.9% (21783964 kB) free.
[1579670488] EXTERNAL COMMAND: SCHEDULE_FORCED_SVC_CHECK;primary-server;Memory;1579670487
[1579670513] EXTERNAL COMMAND: SCHEDULE_FORCED_SVC_CHECK;pservercluster1;Memory;1579670511
[1579670513] SERVICE NOTIFICATION: nagiosadmin;pservercluster1;Memory;OK;notify-service-by-email;OK - 91.4% (22561616 kB) free.
[1579670513] SERVICE ALERT: pservercluster1;Memory;OK;HARD;1;OK - 91.4% (22561616 kB) free.
[1579670517] EXTERNAL COMMAND: SCHEDULE_FORCED_SVC_CHECK;pservercluster1;Memory;1579670516
[1579670565] EXTERNAL COMMAND: SCHEDULE_FORCED_SVC_CHECK;sigqscluster1;Memory;1579670544
[1579670565] SERVICE NOTIFICATION: nagiosadmin;sigqscluster1;Memory;OK;notify-service-by-email;OK - 81.8% (40315544 kB) free.
[1579670565] SERVICE ALERT: sigqscluster1;Memory;OK;HARD;1;OK - 81.8% (40315544 kB) free.
[1579670568] EXTERNAL COMMAND: SCHEDULE_FORCED_SVC_CHECK;sigqscluster1;Memory;1579670567
[1579670598] EXTERNAL COMMAND: SCHEDULE_FORCED_SVC_CHECK;sservercluster1;Memory;1579670596
[1579670598] SERVICE NOTIFICATION: nagiosadmin;sservercluster1;Memory;OK;notify-service-by-email;OK - 93.8% (22979160 kB) free.
[1579670598] SERVICE ALERT: sservercluster1;Memory;OK;HARD;1;OK - 93.8% (22979160 kB) free.
[1579670600] SERVICE ALERT: secondary-server;Nginx Error Log Status;CRITICAL;SOFT;1;(1) < 2020/01/22 10:48:45 [error] 18365#0: *42384080 recv() failed (104: Connection reset by peer) while proxying connection, client: 49.50.86.152, server: 0.0.0.0:4000, upstream: "10.147.212.49:4000", bytes from/to client:223/17, bytes from/to upstream:17/223
[1579670616] EXTERNAL COMMAND: SCHEDULE_FORCED_SVC_CHECK;sservercluster1;Memory;1579670615
[1579670720] SERVICE ALERT: secondary-server;Nginx Error Log Status;OK;HARD;1;Log check ok - 0 pattern matches found
[1579671961] SERVICE ALERT: smscapp2;CPU Load;WARNING;HARD;3;WARNING - load average: 18.91, 18.86, 37.93
[1579672173] EXTERNAL COMMAND: SCHEDULE_FORCED_SVC_CHECK;webservercluster1;Memory;1579672157
[1579672174] SERVICE NOTIFICATION: nagiosadmin;webservercluster1;Memory;OK;notify-service-by-email;OK - 88.3% (14351068 kB) free.
[1579672174] SERVICE ALERT: webservercluster1;Memory;OK;HARD;1;OK - 88.3% (14351068 kB) free.
[1579672178] EXTERNAL COMMAND: SCHEDULE_FORCED_SVC_CHECK;webservercluster1;Memory;1579672176
[1579672317] SERVICE ALERT: pservercluster1;Memory;WARNING;SOFT;1;WARNING - 11.5% (2825940 kB) free!
[1579672409] EXTERNAL COMMAND: SCHEDULE_FORCED_SVC_CHECK;pservercluster1;Memory;1579672406
[1579672409] SERVICE ALERT: pservercluster1;Memory;OK;HARD;1;OK - 91.1% (22478188 kB) free.
[1579672413] EXTERNAL COMMAND: SCHEDULE_FORCED_SVC_CHECK;pservercluster1;Memory;1579672412
[1579672416] EXTERNAL COMMAND: SCHEDULE_FORCED_SVC_CHECK;pservercluster1;Memory;1579672415
[1579672446] SERVICE ALERT: sig6-vm2;Memory;WARNING;SOFT;1;WARNING - 19.2% (4307792 kB) free!
[1579672561] SERVICE ALERT: smscapp2;CPU Load;OK;HARD;1;OK - load average: 24.86, 21.83, 29.99
[1579672566] SERVICE ALERT: sig6-vm2;Memory;WARNING;SOFT;2;WARNING - 17.3% (3879824 kB) free!
[1579672687] SERVICE NOTIFICATION: nagiosadmin;sig6-vm2;Memory;WARNING;notify-service-by-email;WARNING - 15.5% (3489408 kB) free!
[1579672687] SERVICE ALERT: sig6-vm2;Memory;WARNING;HARD;3;WARNING - 15.5% (3489408 kB) free!
[1579672694] Auto-save of retention data completed successfully.
[1579673287] SERVICE NOTIFICATION: nagiosadmin;sig6-vm2;Memory;CRITICAL;notify-service-by-email;CRITICAL - 7.6% (1713872 kB) free!
[1579673287] SERVICE ALERT: sig6-vm2;Memory;CRITICAL;HARD;3;CRITICAL - 7.6% (1713872 kB) free!
[1579673589] EXTERNAL COMMAND: SCHEDULE_FORCED_SVC_CHECK;sig6-vm2;Memory;1579673587
[1579673589] SERVICE NOTIFICATION: nagiosadmin;sig6-vm2;Memory;OK;notify-service-by-email;OK - 74.2% (16650300 kB) free.
[1579673589] SERVICE ALERT: sig6-vm2;Memory;OK;HARD;1;OK - 74.2% (16650300 kB) free.
[1579673593] EXTERNAL COMMAND: SCHEDULE_FORCED_SVC_CHECK;sig6-vm2;Memory;1579673592
[1579673596] EXTERNAL COMMAND: SCHEDULE_FORCED_SVC_CHECK;sig6-vm2;Memory;1579673595
[1579673600] EXTERNAL COMMAND: SCHEDULE_FORCED_SVC_CHECK;sig6-vm2;Memory;1579673599
[1579675022] SERVICE ALERT: db1-vm2;Memory;WARNING;SOFT;1;WARNING - 16.4% (4035976 kB) free!
[1579675142] SERVICE ALERT: db1-vm2;Memory;WARNING;SOFT;2;WARNING - 14.9% (3684852 kB) free!
[1579675262] SERVICE NOTIFICATION: nagiosadmin;db1-vm2;Memory;WARNING;notify-service-by-email;WARNING - 13.4% (3318904 kB) free!
[1579675262] SERVICE ALERT: db1-vm2;Memory;WARNING;HARD;3;WARNING - 13.4% (3318904 kB) free!
[1579675862] SERVICE NOTIFICATION: nagiosadmin;db1-vm2;Memory;OK;notify-service-by-email;OK - 93.2% (22997484 kB) free.
[1579675862] SERVICE ALERT: db1-vm2;Memory;OK;HARD;1;OK - 93.2% (22997484 kB) free.
[1579676294] Auto-save of retention data completed successfully.
[1579676616] SERVICE ALERT: pservercluster1;Memory;CRITICAL;SOFT;1;CRITICAL - 4.1% (1000040 kB) free!
[1579676736] SERVICE ALERT: pservercluster1;Memory;CRITICAL;SOFT;2;CRITICAL - 3.4% (836828 kB) free!
[1579676856] SERVICE NOTIFICATION: nagiosadmin;pservercluster1;Memory;CRITICAL;notify-service-by-email;CRITICAL - 2.8% (681532 kB) free!
[1579676856] SERVICE ALERT: pservercluster1;Memory;CRITICAL;HARD;3;CRITICAL - 2.8% (681532 kB) free!
[1579677126] EXTERNAL COMMAND: SCHEDULE_FORCED_SVC_CHECK;pservercluster1;Memory;1579677125
[1579677127] SERVICE FLAPPING ALERT: pservercluster1;Memory;STARTED; Service appears to have started flapping (20.9% change >= 20.0% threshold)
[1579677127] SERVICE ALERT: pservercluster1;Memory;OK;HARD;1;OK - 90.6% (22354324 kB) free.
[1579678128] SERVICE ALERT: primary-server;Nginx Error Log Status;CRITICAL;SOFT;1;(32) < 2020/01/22 12:58:40 [error] 6237#0: *25879895 access forbidden by rule while initializing session, client: 103.209.99.7, server: 0.0.0.0:13000
[1579678248] SERVICE ALERT: primary-server;Nginx Error Log Status;CRITICAL;SOFT;2;(13) < 2020/01/22 13:00:40 [error] 6243#0: *25879977 access forbidden by rule while initializing session, client: 103.209.99.7, server: 0.0.0.0:13000
[1579678368] SERVICE NOTIFICATION: nagiosadmin;primary-server;Nginx Error Log Status;CRITICAL;notify-service-by-email;(14) < 2020/01/22 13:02:40 [error] 6243#0: *25880087 access forbidden by rule while initializing session, client: 103.209.99.7, server: 0.0.0.0:13000
[1579678368] SERVICE ALERT: primary-server;Nginx Error Log Status;CRITICAL;HARD;3;(14) < 2020/01/22 13:02:40 [error] 6243#0: *25880087 access forbidden by rule while initializing session, client: 103.209.99.7, server: 0.0.0.0:13000
[1579678745] SERVICE ALERT: redis-1;CPU_Procs;WARNING;SOFT;1;CPU WARNING: 1 warn out of 401 processes
[1579678865] SERVICE ALERT: redis-1;CPU_Procs;OK;HARD;1;CPU OK: 401 processes
[1579679567] SERVICE ALERT: redis-2;Memory;WARNING;SOFT;1;WARNING - 13.1% (17263892 kB) free!
[1579679687] SERVICE ALERT: redis-2;Memory;OK;HARD;1;OK - 27.2% (35819380 kB) free.
[1579679894] Auto-save of retention data completed successfully.
[1579680887] SERVICE ALERT: redis-2;Memory;WARNING;SOFT;1;WARNING - 11.0% (14482160 kB) free!
[1579680938] SERVICE ALERT: sservercluster2;Memory;WARNING;SOFT;1;WARNING - 19.5% (4770160 kB) free!
[1579681008] SERVICE ALERT: redis-2;Memory;OK;HARD;1;OK - 25.0% (32951808 kB) free.
[1579681058] SERVICE ALERT: sservercluster2;Memory;WARNING;SOFT;2;WARNING - 19.0% (4655092 kB) free!
[1579681178] SERVICE NOTIFICATION: nagiosadmin;sservercluster2;Memory;WARNING;notify-service-by-email;WARNING - 18.6% (4565436 kB) free!
[1579681178] SERVICE ALERT: sservercluster2;Memory;WARNING;HARD;3;WARNING - 18.6% (4565436 kB) free!
[1579681327] SERVICE ALERT: pservercluster1;Memory;WARNING;SOFT;1;WARNING - 19.9% (4902952 kB) free!
[1579681447] SERVICE ALERT: pservercluster1;Memory;WARNING;SOFT;2;WARNING - 19.2% (4742264 kB) free!
[1579681568] SERVICE ALERT: pservercluster1;Memory;WARNING;HARD;3;WARNING - 18.6% (4592624 kB) free!
[1579681968] SERVICE NOTIFICATION: nagiosadmin;primary-server;Nginx Error Log Status;CRITICAL;notify-service-by-email;(63) < 2020/01/22 14:02:42 [error] 7423#0: *25882530 access forbidden by rule while initializing session, client: 103.209.99.7, server: 0.0.0.0:13000
[1579682016] SERVICE ALERT: sservercluster1;Memory;WARNING;SOFT;1;WARNING - 16.4% (4009396 kB) free!
[1579682136] SERVICE ALERT: sservercluster1;Memory;WARNING;SOFT;2;WARNING - 15.8% (3877636 kB) free!
[1579682207] SERVICE ALERT: redis-2;Memory;WARNING;SOFT;1;WARNING - 10.2% (13485688 kB) free!
[1579682256] SERVICE NOTIFICATION: nagiosadmin;sservercluster1;Memory;WARNING;notify-service-by-email;WARNING - 15.1% (3700520 kB) free!
[1579682256] SERVICE ALERT: sservercluster1;Memory;WARNING;HARD;3;WARNING - 15.1% (3700520 kB) free!
[1579682327] SERVICE ALERT: redis-2;Memory;OK;HARD;1;OK - 25.0% (32908068 kB) free.
[1579682568] SERVICE ALERT: sigqscluster1;Memory;WARNING;SOFT;1;WARNING - 15.6% (7709696 kB) free!
[1579682688] SERVICE ALERT: sigqscluster1;Memory;WARNING;SOFT;2;WARNING - 15.6% (7698764 kB) free!
[1579682768] SERVICE ALERT: pservercluster1;Memory;CRITICAL;HARD;3;CRITICAL - 1.5% (363552 kB) free!
[1579682808] SERVICE NOTIFICATION: nagiosadmin;sigqscluster1;Memory;WARNING;notify-service-by-email;WARNING - 16.7% (8239764 kB) free!
[1579682808] SERVICE ALERT: sigqscluster1;Memory;WARNING;HARD;3;WARNING - 16.7% (8239764 kB) free!
[1579682927] SERVICE ALERT: redis-2;Memory;CRITICAL;SOFT;1;CRITICAL - 8.4% (11081924 kB) free!
[1579683047] SERVICE ALERT: redis-2;Memory;OK;HARD;1;OK - 32.0% (42206676 kB) free.
[1579683456] SERVICE NOTIFICATION: nagiosadmin;sservercluster1;Memory;CRITICAL;notify-service-by-email;CRITICAL - 8.0% (1953696 kB) free!
[1579683456] SERVICE ALERT: sservercluster1;Memory;CRITICAL;HARD;3;CRITICAL - 8.0% (1953696 kB) free!
[1579683494] Auto-save of retention data completed successfully.
[1579683578] SERVICE NOTIFICATION: nagiosadmin;sservercluster2;Memory;CRITICAL;notify-service-by-email;CRITICAL - 10.0% (2462696 kB) free!
[1579683578] SERVICE ALERT: sservercluster2;Memory;CRITICAL;HARD;3;CRITICAL - 10.0% (2462696 kB) free!
[1579683647] SERVICE ALERT: redis-2;Memory;WARNING;SOFT;1;WARNING - 15.9% (20957292 kB) free!
[1579683767] SERVICE ALERT: redis-2;Memory;OK;HARD;1;OK - 30.7% (40516172 kB) free.
[1579683800] SERVICE ALERT: sig6-vm2;Memory;WARNING;SOFT;1;WARNING - 17.1% (3840260 kB) free!
[1579683920] SERVICE ALERT: sig6-vm2;Memory;WARNING;SOFT;2;WARNING - 15.6% (3513524 kB) free!
[1579683961] SERVICE FLAPPING ALERT: smscapp2;CPU Load;STOPPED; Service appears to have stopped flapping (3.8% change < 5.0% threshold)
[1579683961] SERVICE NOTIFICATION: nagiosadmin;smscapp2;CPU Load;OK;notify-service-by-email;OK - load average: 17.28, 16.35, 16.38
[1579684041] SERVICE NOTIFICATION: nagiosadmin;sig6-vm2;Memory;WARNING;notify-service-by-email;WARNING - 14.1% (3166624 kB) free!
[1579684041] SERVICE ALERT: sig6-vm2;Memory;WARNING;HARD;3;WARNING - 14.1% (3166624 kB) free!
[1579684367] SERVICE ALERT: redis-2;Memory;WARNING;SOFT;1;WARNING - 14.4% (18941700 kB) free!
[1579684487] SERVICE ALERT: redis-2;Memory;OK;HARD;1;OK - 30.1% (39714476 kB) free.
[1579684641] SERVICE NOTIFICATION: nagiosadmin;sig6-vm2;Memory;CRITICAL;notify-service-by-email;CRITICAL - 7.7% (1737164 kB) free!
[1579684641] SERVICE ALERT: sig6-vm2;Memory;CRITICAL;HARD;3;CRITICAL - 7.7% (1737164 kB) free!
[1579685087] SERVICE ALERT: redis-2;Memory;WARNING;SOFT;1;WARNING - 13.5% (17812428 kB) free!
[1579685207] SERVICE ALERT: redis-2;Memory;OK;HARD;1;OK - 29.4% (38802588 kB) free.
[1579685488] SERVICE ALERT: primary-server;Memory;WARNING;SOFT;1;WARNING - 17.3% (4234084 kB) free!
[1579685568] SERVICE NOTIFICATION: nagiosadmin;primary-server;Nginx Error Log Status;CRITICAL;notify-service-by-email;(65) < 2020/01/22 15:02:43 [error] 7418#0: *25884917 access forbidden by rule while initializing session, client: 103.209.99.7, server: 0.0.0.0:13000
[1579685608] SERVICE ALERT: primary-server;Memory;WARNING;SOFT;2;WARNING - 16.7% (4083648 kB) free!
[1579685728] SERVICE NOTIFICATION: nagiosadmin;primary-server;Memory;WARNING;notify-service-by-email;WARNING - 16.1% (3943832 kB) free!
[1579685728] SERVICE ALERT: primary-server;Memory;WARNING;HARD;3;WARNING - 16.1% (3943832 kB) free!
[1579685807] SERVICE ALERT: redis-2;Memory;WARNING;SOFT;1;WARNING - 12.9% (16975332 kB) free!
[1579685841] SERVICE NOTIFICATION: nagiosadmin;sig6-vm2;Memory;OK;notify-service-by-email;OK - 74.6% (16751060 kB) free.
[1579685841] SERVICE ALERT: sig6-vm2;Memory;OK;HARD;1;OK - 74.6% (16751060 kB) free.
[1579685927] SERVICE ALERT: redis-2;Memory;OK;HARD;1;OK - 29.2% (38556640 kB) free.
[1579686125] EXTERNAL COMMAND: SCHEDULE_FORCED_SVC_CHECK;pservercluster1;Memory;1579686124
[1579686126] SERVICE ALERT: pservercluster1;Memory;OK;HARD;1;OK - 87.8% (21665132 kB) free.
[1579686127] EXTERNAL COMMAND: SCHEDULE_FORCED_SVC_CHECK;pservercluster1;Memory;1579686127
[1579686168] EXTERNAL COMMAND: SCHEDULE_FORCED_SVC_CHECK;sservercluster1;Memory;1579686166
[1579686170] SERVICE NOTIFICATION: nagiosadmin;sservercluster1;Memory;OK;notify-service-by-email;OK - 87.0% (21333888 kB) free.
[1579686170] SERVICE ALERT: sservercluster1;Memory;OK;HARD;1;OK - 87.0% (21333888 kB) free.
[1579686193] EXTERNAL COMMAND: SCHEDULE_FORCED_SVC_CHECK;sservercluster1;Memory;1579686191
[1579686223] EXTERNAL COMMAND: SCHEDULE_FORCED_SVC_CHECK;sservercluster2;Memory;1579686221
[1579686223] SERVICE NOTIFICATION: nagiosadmin;sservercluster2;Memory;OK;notify-service-by-email;OK - 89.4% (21924748 kB) free.
[1579686223] SERVICE ALERT: sservercluster2;Memory;OK;HARD;1;OK - 89.4% (21924748 kB) free.
[1579686227] EXTERNAL COMMAND: SCHEDULE_FORCED_SVC_CHECK;sservercluster2;Memory;1579686226
[1579686253] EXTERNAL COMMAND: SCHEDULE_FORCED_SVC_CHECK;sigqscluster1;Memory;1579686251
[1579686254] SERVICE NOTIFICATION: nagiosadmin;sigqscluster1;Memory;OK;notify-service-by-email;OK - 81.6% (40199172 kB) free.
[1579686254] SERVICE ALERT: sigqscluster1;Memory;OK;HARD;1;OK - 81.6% (40199172 kB) free.
[1579686257] EXTERNAL COMMAND: SCHEDULE_FORCED_SVC_CHECK;sigqscluster1;Memory;1579686256
[1579686287] EXTERNAL COMMAND: SCHEDULE_FORCED_SVC_CHECK;primary-server;Memory;1579686286
[1579686287] SERVICE NOTIFICATION: nagiosadmin;primary-server;Memory;OK;notify-service-by-email;OK - 88.9% (21788228 kB) free.
[1579686287] SERVICE ALERT: primary-server;Memory;OK;HARD;1;OK - 88.9% (21788228 kB) free.
[1579686527] SERVICE ALERT: redis-2;Memory;WARNING;SOFT;1;WARNING - 13.1% (17225252 kB) free!
[1579686648] SERVICE ALERT: redis-2;Memory;OK;HARD;1;OK - 28.5% (37578836 kB) free.
[1579686727] SERVICE ALERT: pservercluster1;Memory;CRITICAL;SOFT;1;CRITICAL - 0.8% (188592 kB) free!
[1579686788] EXTERNAL COMMAND: SCHEDULE_FORCED_SVC_CHECK;pservercluster1;Memory;1579686787
[1579686789] SERVICE ALERT: pservercluster1;Memory;OK;HARD;1;OK - 81.4% (20095156 kB) free.
[1579686792] EXTERNAL COMMAND: SCHEDULE_FORCED_SVC_CHECK;pservercluster1;Memory;1579686791
[1579686795] EXTERNAL COMMAND: SCHEDULE_FORCED_SVC_CHECK;pservercluster1;Memory;1579686794
[1579686800] EXTERNAL COMMAND: SCHEDULE_FORCED_SVC_CHECK;pservercluster1;Memory;1579686797
[1579687094] Auto-save of retention data completed successfully.
[1579687247] SERVICE ALERT: redis-2;Memory;WARNING;SOFT;1;WARNING - 12.3% (16181816 kB) free!
[1579687367] SERVICE ALERT: redis-2;Memory;OK;HARD;1;OK - 27.9% (36719308 kB) free.
[1579687400] SERVICE ALERT: pservercluster1;Memory;WARNING;SOFT;1;WARNING - 19.1% (4723868 kB) free!
[1579687521] SERVICE ALERT: pservercluster1;Memory;CRITICAL;SOFT;2;CRITICAL - 2.6% (640520 kB) free!
[1579687641] SERVICE ALERT: pservercluster1;Memory;CRITICAL;HARD;3;CRITICAL - 0.8% (190932 kB) free!
[1579687842] SERVICE ALERT: webservercluster1;CPU_Procs;WARNING;SOFT;1;CPU WARNING: 1 warn out of 334 processes
[1579687962] SERVICE ALERT: webservercluster1;CPU_Procs;OK;HARD;1;CPU OK: 336 processes
[1579687967] SERVICE ALERT: redis-2;Memory;WARNING;SOFT;1;WARNING - 12.3% (16234408 kB) free!
[1579688087] SERVICE ALERT: redis-2;Memory;OK;HARD;1;OK - 27.4% (36067976 kB) free.
[1579688593] SERVICE ALERT: sservercluster1;Memory;WARNING;SOFT;1;WARNING - 19.7% (4825036 kB) free!
[1579688687] SERVICE ALERT: redis-2;Memory;WARNING;SOFT;1;WARNING - 11.3% (14867024 kB) free!
[1579688713] SERVICE ALERT: sservercluster1;Memory;WARNING;SOFT;2;WARNING - 19.3% (4733640 kB) free!
[1579688807] SERVICE ALERT: redis-2;Memory;OK;HARD;1;OK - 26.8% (35281072 kB) free.
[1579688833] SERVICE FLAPPING ALERT: sservercluster1;Memory;STARTED; Service appears to have started flapping (21.4% change >= 20.0% threshold)
[1579688833] SERVICE ALERT: sservercluster1;Memory;WARNING;HARD;3;WARNING - 18.8% (4618028 kB) free!
[1579689168] SERVICE NOTIFICATION: nagiosadmin;primary-server;Nginx Error Log Status;CRITICAL;notify-service-by-email;(65) < 2020/01/22 16:02:45 [error] 7421#0: *25887275 access forbidden by rule while initializing session, client: 103.209.99.7, server: 0.0.0.0:13000
[1579689407] SERVICE ALERT: redis-2;Memory;WARNING;SOFT;1;WARNING - 10.8% (14188428 kB) free!
[1579689527] SERVICE ALERT: redis-2;Memory;OK;HARD;1;OK - 26.0% (34296452 kB) free.
[1579690127] SERVICE ALERT: redis-2;Memory;WARNING;SOFT;1;WARNING - 10.1% (13298628 kB) free!
[1579690186] EXTERNAL COMMAND: SCHEDULE_FORCED_SVC_CHECK;pservercluster1;Memory;1579690185
[1579690186] SERVICE ALERT: pservercluster1;Memory;OK;HARD;1;OK - 88.3% (21784588 kB) free.
[1579690189] EXTERNAL COMMAND: SCHEDULE_FORCED_SVC_CHECK;pservercluster1;Memory;1579690188
[1579690247] SERVICE ALERT: redis-2;Memory;CRITICAL;SOFT;2;CRITICAL - 7.2% (9495152 kB) free!
[1579690367] SERVICE ALERT: redis-2;Memory;OK;HARD;1;OK - 21.1% (27878604 kB) free.
[1579690634] SERVICE ALERT: sservercluster1;Memory;CRITICAL;HARD;3;CRITICAL - 8.1% (1982616 kB) free!
[1579690694] Auto-save of retention data completed successfully.
[1579690962] SERVICE ALERT: webservercluster1;CPU_Procs;WARNING;SOFT;1;CPU WARNING: 1 warn out of 341 processes
[1579690967] SERVICE ALERT: redis-2;Memory;CRITICAL;SOFT;1;CRITICAL - 0.3% (383016 kB) free!
[1579691048] SERVICE ALERT: smscapp1;Memory;WARNING;SOFT;1;WARNING - 19.2% (9453092 kB) free!
[1579691082] SERVICE ALERT: webservercluster1;CPU_Procs;WARNING;SOFT;2;CPU WARNING: 1 warn out of 342 processes
[1579691088] SERVICE ALERT: redis-2;Memory;CRITICAL;SOFT;2;CRITICAL - 0.3% (379092 kB) free!
[1579691131] EXTERNAL COMMAND: SCHEDULE_FORCED_SVC_CHECK;redis-2;Memory;1579691130
[1579691131] SERVICE ALERT: redis-2;Memory;OK;HARD;1;OK - 52.6% (69381324 kB) free.
[1579691134] EXTERNAL COMMAND: SCHEDULE_FORCED_SVC_CHECK;redis-2;Memory;1579691133
[1579691136] EXTERNAL COMMAND: SCHEDULE_FORCED_SVC_CHECK;redis-2;Memory;1579691135
[1579691138] EXTERNAL COMMAND: SCHEDULE_FORCED_SVC_CHECK;redis-2;Memory;1579691137
[1579691158] EXTERNAL COMMAND: SCHEDULE_FORCED_SVC_CHECK;sservercluster1;Memory;1579691157
[1579691159] SERVICE ALERT: sservercluster1;Memory;OK;HARD;1;OK - 91.0% (22309348 kB) free.
[1579691161] EXTERNAL COMMAND: SCHEDULE_FORCED_SVC_CHECK;sservercluster1;Memory;1579691160
[1579691164] EXTERNAL COMMAND: SCHEDULE_FORCED_SVC_CHECK;sservercluster1;Memory;1579691163
[1579691167] EXTERNAL COMMAND: SCHEDULE_FORCED_SVC_CHECK;sservercluster1;Memory;1579691166
[1579691168] SERVICE ALERT: smscapp1;Memory;WARNING;SOFT;2;WARNING - 18.7% (9235716 kB) free!
[1579691202] SERVICE ALERT: webservercluster1;CPU_Procs;OK;HARD;1;CPU OK: 341 processes
[1579691203] EXTERNAL COMMAND: SCHEDULE_FORCED_SVC_CHECK;smscapp1;Memory;1579691202
[1579691204] SERVICE ALERT: smscapp1;Memory;OK;HARD;1;OK - 92.4% (45512280 kB) free.
[1579691208] EXTERNAL COMMAND: SCHEDULE_FORCED_SVC_CHECK;smscapp1;Memory;1579691207
[1579691915] SERVICE ALERT: qservercluster2;Memory;WARNING;SOFT;1;WARNING - 19.9% (9796256 kB) free!
[1579692035] SERVICE ALERT: qservercluster2;Memory;WARNING;SOFT;2;WARNING - 19.6% (9643744 kB) free!
[1579692155] SERVICE NOTIFICATION: nagiosadmin;qservercluster2;Memory;WARNING;notify-service-by-email;WARNING - 19.3% (9510196 kB) free!
[1579692155] SERVICE ALERT: qservercluster2;Memory;WARNING;HARD;3;WARNING - 19.3% (9510196 kB) free!
[1579692768] SERVICE NOTIFICATION: nagiosadmin;primary-server;Nginx Error Log Status;CRITICAL;notify-service-by-email;(444) < 2020/01/22 17:02:47 [error] 7420#0: *25890590 access forbidden by rule while initializing session, client: 103.209.99.7, server: 0.0.0.0:13000
[1579692803] SERVICE ALERT: primary-server;Nginx Access Log Status;CRITICAL;SOFT;1;(369) < 103.255.146.164 [22/Jan/2020:17:02:18 +0530] TCP 502 0 0 0.000 "10.147.212.142:3000" "0" "0" "0.000"
[1579692923] SERVICE ALERT: primary-server;Nginx Access Log Status;OK;HARD;1;Log check ok - 0 pattern matches found
[1579693538] SERVICE ALERT: redis-2;Memory;WARNING;SOFT;1;WARNING - 12.6% (16579140 kB) free!
[1579693659] SERVICE ALERT: redis-2;Memory;OK;HARD;1;OK - 38.2% (50420876 kB) free.
[1579694258] SERVICE ALERT: redis-2;Memory;WARNING;SOFT;1;WARNING - 16.7% (22072712 kB) free!
[1579694294] Auto-save of retention data completed successfully.
[1579694378] SERVICE ALERT: redis-2;Memory;WARNING;SOFT;2;WARNING - 13.2% (17411316 kB) free!
[1579694498] SERVICE ALERT: redis-2;Memory;OK;HARD;1;OK - 37.5% (49449968 kB) free.
[1579694657] SERVICE ALERT: sigqscluster1;Memory;WARNING;SOFT;1;WARNING - 17.0% (8361464 kB) free!
[1579694778] SERVICE ALERT: sigqscluster1;Memory;WARNING;SOFT;2;WARNING - 17.0% (8354068 kB) free!
[1579694898] SERVICE NOTIFICATION: nagiosadmin;sigqscluster1;Memory;WARNING;notify-service-by-email;WARNING - 16.9% (8337032 kB) free!
[1579694898] SERVICE ALERT: sigqscluster1;Memory;WARNING;HARD;3;WARNING - 16.9% (8337032 kB) free!
[1579695098] SERVICE ALERT: redis-2;Memory;WARNING;SOFT;1;WARNING - 15.8% (20877072 kB) free!
[1579695218] SERVICE ALERT: redis-2;Memory;WARNING;SOFT;2;WARNING - 12.4% (16406708 kB) free!
[1579695338] SERVICE ALERT: redis-2;Memory;OK;HARD;1;OK - 34.5% (45531128 kB) free.
[1579695755] SERVICE NOTIFICATION: nagiosadmin;qservercluster2;Memory;WARNING;notify-service-by-email;WARNING - 12.6% (6198084 kB) free!
[1579695938] SERVICE ALERT: redis-2;Memory;WARNING;SOFT;1;WARNING - 12.2% (16146608 kB) free!
[1579696041] SERVICE ALERT: sig6-vm2;Memory;WARNING;SOFT;1;WARNING - 17.2% (3860748 kB) free!
[1579696058] SERVICE ALERT: redis-2;Memory;WARNING;SOFT;2;WARNING - 19.5% (25697016 kB) free!
[1579696161] SERVICE ALERT: sig6-vm2;Memory;WARNING;SOFT;2;WARNING - 16.3% (3649120 kB) free!
[1579696178] SERVICE ALERT: redis-2;Memory;OK;HARD;1;OK - 23.3% (30668348 kB) free.
[1579696281] SERVICE ALERT: sig6-vm2;Memory;OK;HARD;1;OK - 74.6% (16743356 kB) free.
[1579696368] SERVICE NOTIFICATION: nagiosadmin;primary-server;Nginx Error Log Status;CRITICAL;notify-service-by-email;(103) < 2020/01/22 18:02:40 [error] 7422#0: *25893322 access forbidden by rule while initializing session, client: 54.254.180.107, server: 0.0.0.0:13000
[1579696778] SERVICE ALERT: redis-2;Memory;CRITICAL;SOFT;1;CRITICAL - 6.3% (8363700 kB) free!
[1579696898] SERVICE ALERT: redis-2;Memory;OK;HARD;1;OK - 26.4% (34758572 kB) free.
[1579697389] SERVICE ALERT: pservercluster1;Memory;CRITICAL;SOFT;1;CRITICAL - 0.8% (204728 kB) free!
[1579697498] SERVICE ALERT: redis-2;Memory;CRITICAL;SOFT;1;CRITICAL - 8.3% (10944356 kB) free!
[1579697509] SERVICE ALERT: pservercluster1;Memory;CRITICAL;SOFT;2;CRITICAL - 0.8% (189700 kB) free!
[1579697555] SERVICE NOTIFICATION: nagiosadmin;qservercluster2;Memory;CRITICAL;notify-service-by-email;CRITICAL - 10.0% (4921460 kB) free!
[1579697555] SERVICE ALERT: qservercluster2;Memory;CRITICAL;HARD;3;CRITICAL - 10.0% (4921460 kB) free!
[1579697618] SERVICE ALERT: redis-2;Memory;OK;HARD;1;OK - 23.7% (31254576 kB) free.
[1579697629] SERVICE ALERT: pservercluster1;Memory;CRITICAL;HARD;3;CRITICAL - 0.7% (166524 kB) free!
[1579697894] Auto-save of retention data completed successfully.
[1579698218] SERVICE ALERT: redis-2;Memory;WARNING;SOFT;1;WARNING - 10.1% (13258964 kB) free!
[1579698339] SERVICE ALERT: redis-2;Memory;CRITICAL;SOFT;2;CRITICAL - 7.0% (9248500 kB) free!
[1579698459] SERVICE ALERT: redis-2;Memory;OK;HARD;1;OK - 26.3% (34642956 kB) free.
[1579698498] SERVICE NOTIFICATION: nagiosadmin;sigqscluster1;Memory;WARNING;notify-service-by-email;WARNING - 10.9% (5388072 kB) free!
[1579698921] SERVICE ALERT: rq-1;rq1-rabbitmqerror;CRITICAL;SOFT;1;(2) < webmachine error: path="/api/bindings/%2f/e/amq.direct/q/1180_n"
[1579698967] SERVICE ALERT: sservercluster1;Memory;CRITICAL;SOFT;1;CRITICAL - 0.7% (167680 kB) free!
[1579699042] SERVICE ALERT: rq-1;rq1-rabbitmqerror;OK;HARD;1;Log check ok - 0 pattern matches found
[1579699059] SERVICE ALERT: redis-2;Memory;CRITICAL;SOFT;1;CRITICAL - 8.1% (10713376 kB) free!
[1579699087] SERVICE ALERT: sservercluster1;Memory;CRITICAL;SOFT;2;CRITICAL - 0.8% (206012 kB) free!
[1579699179] SERVICE ALERT: redis-2;Memory;CRITICAL;SOFT;2;CRITICAL - 4.9% (6404988 kB) free!
[1579699207] SERVICE ALERT: sservercluster1;Memory;CRITICAL;HARD;3;CRITICAL - 0.7% (177820 kB) free!
[1579699299] SERVICE ALERT: redis-2;Memory;OK;HARD;1;OK - 25.5% (33652416 kB) free.
[1579699427] SERVICE ALERT: sservercluster2;Memory;CRITICAL;SOFT;1;CRITICAL - 0.8% (193832 kB) free!
[1579699547] SERVICE ALERT: sservercluster2;Memory;CRITICAL;SOFT;2;CRITICAL - 0.7% (177260 kB) free!
[1579699667] SERVICE NOTIFICATION: nagiosadmin;sservercluster2;Memory;CRITICAL;notify-service-by-email;CRITICAL - 0.7% (169400 kB) free!
[1579699667] SERVICE ALERT: sservercluster2;Memory;CRITICAL;HARD;3;CRITICAL - 0.7% (169400 kB) free!
[1579699899] SERVICE ALERT: redis-2;Memory;CRITICAL;SOFT;1;CRITICAL - 7.9% (10361800 kB) free!
[1579699968] SERVICE NOTIFICATION: nagiosadmin;primary-server;Nginx Error Log Status;CRITICAL;notify-service-by-email;(102) < 2020/01/22 19:02:42 [error] 7419#0: *25895849 access forbidden by rule while initializing session, client: 103.209.99.7, server: 0.0.0.0:13000
[1579700019] SERVICE ALERT: redis-2;Memory;CRITICAL;SOFT;2;CRITICAL - 4.5% (5976476 kB) free!
[1579700139] SERVICE ALERT: redis-2;Memory;OK;HARD;1;OK - 23.7% (31198712 kB) free.
[1579700739] SERVICE ALERT: redis-2;Memory;CRITICAL;SOFT;1;CRITICAL - 4.5% (5997284 kB) free!
[1579700859] SERVICE ALERT: redis-2;Memory;OK;HARD;1;OK - 24.8% (32690672 kB) free.
[1579700898] SERVICE NOTIFICATION: nagiosadmin;sigqscluster1;Memory;CRITICAL;notify-service-by-email;CRITICAL - 9.0% (4452172 kB) free!
[1579700898] SERVICE ALERT: sigqscluster1;Memory;CRITICAL;HARD;3;CRITICAL - 9.0% (4452172 kB) free!
[1579701156] SERVICE NOTIFICATION: nagiosadmin;qservercluster2;Memory;CRITICAL;notify-service-by-email;CRITICAL - 5.5% (2687732 kB) free!
[1579701459] SERVICE ALERT: redis-2;Memory;CRITICAL;SOFT;1;CRITICAL - 5.7% (7498996 kB) free!
[1579701494] Auto-save of retention data completed successfully.
[1579701579] SERVICE ALERT: redis-2;Memory;CRITICAL;SOFT;2;CRITICAL - 2.5% (3342788 kB) free!
[1579701699] SERVICE ALERT: redis-2;Memory;OK;HARD;1;OK - 24.0% (31643868 kB) free.
[1579702299] SERVICE ALERT: redis-2;Memory;CRITICAL;SOFT;1;CRITICAL - 5.2% (6903104 kB) free!
[1579702419] SERVICE ALERT: redis-2;Memory;CRITICAL;SOFT;2;CRITICAL - 2.0% (2574632 kB) free!
[1579702540] SERVICE ALERT: redis-2;Memory;OK;HARD;1;OK - 23.4% (30865552 kB) free.
[1579702662] EXTERNAL COMMAND: SCHEDULE_FORCED_SVC_CHECK;pservercluster1;Memory;1579702661
[1579702663] SERVICE ALERT: pservercluster1;Memory;OK;HARD;1;OK - 91.6% (22605084 kB) free.
[1579702665] EXTERNAL COMMAND: SCHEDULE_FORCED_SVC_CHECK;pservercluster1;Memory;1579702664
[1579702668] EXTERNAL COMMAND: SCHEDULE_FORCED_SVC_CHECK;pservercluster1;Memory;1579702667
[1579702695] EXTERNAL COMMAND: SCHEDULE_FORCED_SVC_CHECK;qservercluster2;Memory;1579702694
[1579702695] SERVICE NOTIFICATION: nagiosadmin;qservercluster2;Memory;OK;notify-service-by-email;OK - 26.6% (13088348 kB) free.
[1579702695] SERVICE ALERT: qservercluster2;Memory;OK;HARD;1;OK - 26.6% (13088348 kB) free.
[1579702697] EXTERNAL COMMAND: SCHEDULE_FORCED_SVC_CHECK;qservercluster2;Memory;1579702696
[1579702733] EXTERNAL COMMAND: SCHEDULE_FORCED_SVC_CHECK;sigqscluster1;Memory;1579702732
[1579702734] SERVICE NOTIFICATION: nagiosadmin;sigqscluster1;Memory;OK;notify-service-by-email;OK - 79.0% (38924892 kB) free.
[1579702734] SERVICE ALERT: sigqscluster1;Memory;OK;HARD;1;OK - 79.0% (38924892 kB) free.
[1579702737] EXTERNAL COMMAND: SCHEDULE_FORCED_SVC_CHECK;sigqscluster1;Memory;1579702736
[1579702740] EXTERNAL COMMAND: SCHEDULE_FORCED_SVC_CHECK;sigqscluster1;Memory;1579702739
[1579702765] EXTERNAL COMMAND: SCHEDULE_FORCED_SVC_CHECK;sservercluster1;Memory;1579702764
[1579702765] SERVICE ALERT: sservercluster1;Memory;OK;HARD;1;OK - 73.1% (17922240 kB) free.
[1579702768] EXTERNAL COMMAND: SCHEDULE_FORCED_SVC_CHECK;sservercluster1;Memory;1579702767
[1579702793] EXTERNAL COMMAND: SCHEDULE_FORCED_SVC_CHECK;sservercluster2;Memory;1579702792
[1579702793] SERVICE NOTIFICATION: nagiosadmin;sservercluster2;Memory;OK;notify-service-by-email;OK - 91.5% (22428488 kB) free.
[1579702793] SERVICE ALERT: sservercluster2;Memory;OK;HARD;1;OK - 91.5% (22428488 kB) free.
[1579702796] EXTERNAL COMMAND: SCHEDULE_FORCED_SVC_CHECK;sservercluster2;Memory;1579702795
[1579702798] EXTERNAL COMMAND: SCHEDULE_FORCED_SVC_CHECK;sservercluster2;Memory;1579702798
[1579703139] SERVICE ALERT: redis-2;Memory;CRITICAL;SOFT;1;CRITICAL - 3.2% (4213908 kB) free!
[1579703259] SERVICE ALERT: redis-2;Memory;CRITICAL;SOFT;2;CRITICAL - 0.3% (408480 kB) free!
[1579703379] SERVICE ALERT: redis-2;Memory;OK;HARD;1;OK - 23.4% (30908092 kB) free.
[1579703569] SERVICE NOTIFICATION: nagiosadmin;primary-server;Nginx Error Log Status;CRITICAL;notify-service-by-email;(106) < 2020/01/22 20:02:44 [error] 7423#0: *25898191 access forbidden by rule while initializing session, client: 103.209.99.7, server: 0.0.0.0:13000
[1579703979] SERVICE ALERT: redis-2;Memory;CRITICAL;SOFT;1;CRITICAL - 4.7% (6249904 kB) free!
[1579704099] SERVICE ALERT: redis-2;Memory;CRITICAL;SOFT;2;CRITICAL - 1.8% (2391236 kB) free!
[1579704219] SERVICE ALERT: redis-2;Memory;OK;HARD;1;OK - 22.3% (29334968 kB) free.
[1579704468] SERVICE ALERT: pservercluster1;Memory;CRITICAL;SOFT;1;CRITICAL - 3.0% (739008 kB) free!
[1579704588] SERVICE ALERT: pservercluster1;Memory;CRITICAL;SOFT;2;CRITICAL - 2.9% (715940 kB) free!
[1579704708] SERVICE ALERT: pservercluster1;Memory;CRITICAL;HARD;3;CRITICAL - 2.8% (698388 kB) free!
[1579704819] SERVICE ALERT: redis-2;Memory;CRITICAL;SOFT;1;CRITICAL - 5.3% (6979292 kB) free!
[1579704939] SERVICE ALERT: redis-2;Memory;CRITICAL;SOFT;2;CRITICAL - 2.4% (3164108 kB) free!
[1579705059] SERVICE ALERT: redis-2;Memory;OK;HARD;1;OK - 21.9% (28852804 kB) free.
[1579705094] Auto-save of retention data completed successfully.
[1579705659] SERVICE ALERT: redis-2;Memory;CRITICAL;SOFT;1;CRITICAL - 4.6% (6078572 kB) free!
[1579705779] SERVICE ALERT: redis-2;Memory;OK;HARD;1;OK - 23.1% (30499740 kB) free.
[1579706379] SERVICE ALERT: redis-2;Memory;CRITICAL;SOFT;1;CRITICAL - 6.7% (8887924 kB) free!
[1579706499] SERVICE ALERT: redis-2;Memory;CRITICAL;SOFT;2;CRITICAL - 3.9% (5165952 kB) free!
[1579706619] SERVICE ALERT: redis-2;Memory;OK;HARD;1;OK - 23.0% (30347288 kB) free.
[1579707220] SERVICE ALERT: redis-2;Memory;CRITICAL;SOFT;1;CRITICAL - 5.8% (7644492 kB) free!
[1579707340] SERVICE ALERT: redis-2;Memory;CRITICAL;SOFT;2;CRITICAL - 3.0% (4006024 kB) free!
[1579707460] SERVICE ALERT: redis-2;Memory;OK;HARD;1;OK - 21.6% (28530956 kB) free.
[1579707769] SERVICE NOTIFICATION: nagiosadmin;primary-server;Nginx Error Log Status;CRITICAL;notify-service-by-email;(104) < 2020/01/22 21:12:48 [error] 7423#0: *25900843 access forbidden by rule while initializing session, client: 103.209.99.7, server: 0.0.0.0:13000
[1579708060] SERVICE ALERT: redis-2;Memory;CRITICAL;SOFT;1;CRITICAL - 4.8% (6338696 kB) free!
[1579708180] SERVICE ALERT: redis-2;Memory;OK;HARD;1;OK - 22.9% (30121676 kB) free.
[1579708694] Auto-save of retention data completed successfully.
[1579708780] SERVICE ALERT: redis-2;Memory;CRITICAL;SOFT;1;CRITICAL - 3.6% (4690872 kB) free!
[1579708900] SERVICE ALERT: redis-2;Memory;CRITICAL;SOFT;2;CRITICAL - 0.9% (1210720 kB) free!
[1579709020] SERVICE ALERT: redis-2;Memory;OK;HARD;1;OK - 22.3% (29424716 kB) free.
[1579709030] EXTERNAL COMMAND: SCHEDULE_FORCED_SVC_CHECK;pservercluster1;Memory;1579709029
[1579709030] SERVICE ALERT: pservercluster1;Memory;OK;HARD;1;OK - 91.0% (22449520 kB) free.
[1579709033] EXTERNAL COMMAND: SCHEDULE_FORCED_SVC_CHECK;pservercluster1;Memory;1579709032
[1579709036] EXTERNAL COMMAND: SCHEDULE_FORCED_SVC_CHECK;pservercluster1;Memory;1579709035
[1579709039] EXTERNAL COMMAND: SCHEDULE_FORCED_SVC_CHECK;pservercluster1;Memory;1579709038
[1579709620] SERVICE ALERT: redis-2;Memory;CRITICAL;SOFT;1;CRITICAL - 4.3% (5626144 kB) free!
[1579709740] SERVICE ALERT: redis-2;Memory;WARNING;SOFT;2;WARNING - 14.5% (19089872 kB) free!
[1579709860] SERVICE NOTIFICATION: nagiosadmin;redis-2;Memory;WARNING;notify-service-by-email;WARNING - 20.0% (26429444 kB) free!
[1579709860] SERVICE ALERT: redis-2;Memory;WARNING;HARD;3;WARNING - 20.0% (26429444 kB) free!
[1579710460] SERVICE NOTIFICATION: nagiosadmin;redis-2;Memory;CRITICAL;notify-service-by-email;CRITICAL - 3.4% (4538316 kB) free!
[1579710460] SERVICE ALERT: redis-2;Memory;CRITICAL;HARD;3;CRITICAL - 3.4% (4538316 kB) free!
[1579710568] SERVICE FLAPPING ALERT: sservercluster1;Memory;STOPPED; Service appears to have stopped flapping (4.4% change < 5.0% threshold)
[1579710568] SERVICE NOTIFICATION: nagiosadmin;sservercluster1;Memory;OK;notify-service-by-email;OK - 66.0% (16174780 kB) free.
[1579711369] SERVICE NOTIFICATION: nagiosadmin;primary-server;Nginx Error Log Status;CRITICAL;notify-service-by-email;(103) < 2020/01/22 22:12:48 [error] 7421#0: *25903070 access forbidden by rule while initializing session, client: 54.254.180.107, server: 0.0.0.0:13000
[1579711660] SERVICE NOTIFICATION: nagiosadmin;redis-2;Memory;WARNING;notify-service-by-email;WARNING - 13.0% (17175152 kB) free!
[1579711660] SERVICE ALERT: redis-2;Memory;WARNING;HARD;3;WARNING - 13.0% (17175152 kB) free!
[1579712294] Auto-save of retention data completed successfully.
[1579712860] SERVICE FLAPPING ALERT: redis-2;Memory;STARTED; Service appears to have started flapping (23.6% change >= 20.0% threshold)
[1579712860] SERVICE ALERT: redis-2;Memory;CRITICAL;HARD;3;CRITICAL - 2.5% (3301512 kB) free!
[1579713065] SERVICE ALERT: redis-1;CPU_Procs;WARNING;SOFT;1;CPU WARNING: 1 warn out of 401 processes
[1579713186] SERVICE ALERT: redis-1;CPU_Procs;OK;HARD;1;CPU OK: 400 processes
[1579714060] SERVICE ALERT: redis-2;Memory;WARNING;HARD;3;WARNING - 10.4% (13769044 kB) free!
[1579714439] SERVICE FLAPPING ALERT: pservercluster1;Memory;STOPPED; Service appears to have stopped flapping (4.7% change < 5.0% threshold)
[1579715260] SERVICE ALERT: redis-2;Memory;OK;HARD;1;OK - 20.6% (27120800 kB) free.
[1579715569] SERVICE NOTIFICATION: nagiosadmin;primary-server;Nginx Error Log Status;CRITICAL;notify-service-by-email;(103) < 2020/01/22 23:22:46 [error] 7421#0: *25905721 access forbidden by rule while initializing session, client: 103.209.99.7, server: 0.0.0.0:13000
[1579715860] SERVICE ALERT: redis-2;Memory;CRITICAL;SOFT;1;CRITICAL - 4.5% (5942692 kB) free!
[1579715894] Auto-save of retention data completed successfully.
[1579715980] SERVICE ALERT: redis-2;Memory;OK;HARD;1;OK - 22.2% (29209852 kB) free.
[1579716580] SERVICE ALERT: redis-2;Memory;CRITICAL;SOFT;1;CRITICAL - 5.5% (7218196 kB) free!
[1579716605] SERVICE ALERT: smscapp2;Memory;CRITICAL;SOFT;1;CRITICAL - 0.5% (223128 kB) free!
[1579716680] SERVICE ALERT: redis-1;Memory;WARNING;SOFT;1;WARNING - 20.0% (26359968 kB) free!
[1579716700] SERVICE ALERT: redis-2;Memory;OK;HARD;1;OK - 22.2% (29222584 kB) free.
[1579716725] SERVICE ALERT: smscapp2;Memory;CRITICAL;SOFT;2;CRITICAL - 0.5% (235620 kB) free!
[1579716800] SERVICE ALERT: redis-1;Memory;WARNING;SOFT;2;WARNING - 15.4% (20292536 kB) free!
[1579716845] SERVICE NOTIFICATION: nagiosadmin;smscapp2;Memory;CRITICAL;notify-service-by-email;CRITICAL - 0.5% (248420 kB) free!
[1579716845] SERVICE ALERT: smscapp2;Memory;CRITICAL;HARD;3;CRITICAL - 0.5% (248420 kB) free!
[1579716920] SERVICE NOTIFICATION: nagiosadmin;redis-1;Memory;CRITICAL;notify-service-by-email;CRITICAL - 9.5% (12545520 kB) free!
[1579716920] SERVICE ALERT: redis-1;Memory;CRITICAL;HARD;3;CRITICAL - 9.5% (12545520 kB) free!
[1579717300] SERVICE ALERT: redis-2;Memory;CRITICAL;SOFT;1;CRITICAL - 6.3% (8240152 kB) free!
[1579717385] SERVICE ALERT: redis-1;CPU_Procs;WARNING;SOFT;1;CPU WARNING: 1 warn out of 402 processes
[1579717420] SERVICE ALERT: redis-2;Memory;OK;HARD;1;OK - 22.1% (29193532 kB) free.
[1579717505] SERVICE ALERT: redis-1;CPU_Procs;OK;HARD;1;CPU OK: 401 processes
