[1579977000] LOG ROTATION: DAILY
[1579977000] LOG VERSION: 2.0
[1579977000] CURRENT HOST STATE: db1-vm2;UP;HARD;1;PING OK - Packet loss = 0%, RTA = 0.43 ms
[1579977000] CURRENT HOST STATE: db2;UP;HARD;1;PING OK - Packet loss = 0%, RTA = 0.37 ms
[1579977000] CURRENT HOST STATE: primary-server;UP;HARD;1;PING OK - Packet loss = 0%, RTA = 0.36 ms
[1579977000] CURRENT HOST STATE: pservercluster1;UP;HARD;1;PING OK - Packet loss = 0%, RTA = 0.41 ms
[1579977000] CURRENT HOST STATE: pservercluster2;UP;HARD;1;PING OK - Packet loss = 0%, RTA = 0.34 ms
[1579977000] CURRENT HOST STATE: qservercluster1;UP;HARD;1;PING OK - Packet loss = 0%, RTA = 0.34 ms
[1579977000] CURRENT HOST STATE: qservercluster2;UP;HARD;1;PING OK - Packet loss = 0%, RTA = 0.34 ms
[1579977000] CURRENT HOST STATE: redis-1;UP;HARD;1;PING OK - Packet loss = 0%, RTA = 0.33 ms
[1579977000] CURRENT HOST STATE: redis-2;UP;HARD;1;PING OK - Packet loss = 0%, RTA = 0.33 ms
[1579977000] CURRENT HOST STATE: rq-1;UP;HARD;1;PING OK - Packet loss = 0%, RTA = 0.28 ms
[1579977000] CURRENT HOST STATE: rq-2;UP;HARD;1;PING OK - Packet loss = 0%, RTA = 0.28 ms
[1579977000] CURRENT HOST STATE: secondary-server;UP;HARD;1;PING OK - Packet loss = 0%, RTA = 0.34 ms
[1579977000] CURRENT HOST STATE: sig1-vm2;UP;HARD;1;PING OK - Packet loss = 0%, RTA = 0.67 ms
[1579977000] CURRENT HOST STATE: sig2-vm2;UP;HARD;1;PING OK - Packet loss = 0%, RTA = 0.44 ms
[1579977000] CURRENT HOST STATE: sig3-vm2;UP;HARD;1;PING OK - Packet loss = 0%, RTA = 0.43 ms
[1579977000] CURRENT HOST STATE: sig4-vm2;UP;HARD;1;PING OK - Packet loss = 0%, RTA = 0.66 ms
[1579977000] CURRENT HOST STATE: sig5-vm2;UP;HARD;1;PING OK - Packet loss = 0%, RTA = 0.41 ms
[1579977000] CURRENT HOST STATE: sig6-vm2;UP;HARD;1;PING OK - Packet loss = 0%, RTA = 0.49 ms
[1579977000] CURRENT HOST STATE: sigqscluster1;UP;HARD;1;PING OK - Packet loss = 0%, RTA = 0.40 ms
[1579977000] CURRENT HOST STATE: sigqscluster2;UP;HARD;1;PING OK - Packet loss = 0%, RTA = 0.33 ms
[1579977000] CURRENT HOST STATE: smscapp1;UP;HARD;1;PING OK - Packet loss = 0%, RTA = 0.34 ms
[1579977000] CURRENT HOST STATE: smscapp2;UP;HARD;1;PING OK - Packet loss = 0%, RTA = 0.35 ms
[1579977000] CURRENT HOST STATE: sservercluster1;UP;HARD;1;PING OK - Packet loss = 0%, RTA = 0.28 ms
[1579977000] CURRENT HOST STATE: sservercluster2;UP;HARD;1;PING OK - Packet loss = 0%, RTA = 0.36 ms
[1579977000] CURRENT HOST STATE: webserver1;UP;HARD;1;PING OK - Packet loss = 0%, RTA = 0.47 ms
[1579977000] CURRENT HOST STATE: webserver2;UP;HARD;1;PING OK - Packet loss = 0%, RTA = 0.06 ms
[1579977000] CURRENT HOST STATE: webservercluster1;UP;HARD;1;PING OK - Packet loss = 0%, RTA = 0.42 ms
[1579977000] CURRENT HOST STATE: webservercluster2;UP;HARD;1;PING OK - Packet loss = 0%, RTA = 0.31 ms
[1579977000] CURRENT SERVICE STATE: db1-vm2;CPU Load;OK;HARD;1;OK - load average: 0.82, 0.59, 0.54
[1579977000] CURRENT SERVICE STATE: db1-vm2;CPU_Procs;OK;HARD;1;CPU OK: 461 processes
[1579977000] CURRENT SERVICE STATE: db1-vm2;Current Users;OK;HARD;1;USERS OK - 0 users currently logged in
[1579977000] CURRENT SERVICE STATE: db1-vm2;HDD_Home status;OK;HARD;1;DISK OK - free space: /home 26987 MB (67% inode=99%):
[1579977000] CURRENT SERVICE STATE: db1-vm2;HDD_Root status;OK;HARD;1;DISK OK - free space: / 45105 MB (88% inode=99%):
[1579977000] CURRENT SERVICE STATE: db1-vm2;Memory;OK;HARD;1;OK - 91.9% (22674224 kB) free.
[1579977000] CURRENT SERVICE STATE: db1-vm2;OutOfMemory-killer--oom-killer;OK;HARD;1;Log check ok - 0 pattern matches found
[1579977000] CURRENT SERVICE STATE: db1-vm2;PING;OK;HARD;1;PING OK - Packet loss = 0%, RTA = 0.06 ms
[1579977000] CURRENT SERVICE STATE: db1-vm2;Total Processes;OK;HARD;1;PROCS OK: 461 processes
[1579977000] CURRENT SERVICE STATE: db2;CPU Load;OK;HARD;1;OK - load average: 0.14, 0.06, 0.06
[1579977000] CURRENT SERVICE STATE: db2;CPU_Procs;OK;HARD;1;CPU OK: 336 processes
[1579977000] CURRENT SERVICE STATE: db2;Current Users;OK;HARD;1;USERS OK - 2 users currently logged in
[1579977000] CURRENT SERVICE STATE: db2;HDD_Home status;OK;HARD;1;DISK OK - free space: /home 78243 MB (34% inode=99%):
[1579977000] CURRENT SERVICE STATE: db2;HDD_Root status;OK;HARD;1;DISK OK - free space: / 44450 MB (86% inode=99%):
[1579977000] CURRENT SERVICE STATE: db2;LocalService-NTPD SERVICE;OK;HARD;1;PROCS OK: 1 process with command name 'ntpd'
[1579977000] CURRENT SERVICE STATE: db2;Mariadb status;OK;HARD;1;PROCS OK: 1 process with command name 'mysqld'
[1579977000] CURRENT SERVICE STATE: db2;Memory;OK;HARD;1;OK - 28.6% (14093272 kB) free.
[1579977000] CURRENT SERVICE STATE: db2;Sensors Status;OK;HARD;1;SENSORS OK
[1579977000] CURRENT SERVICE STATE: db2;Total Processes;OK;HARD;1;PROCS OK: 329 processes
[1579977000] CURRENT SERVICE STATE: primary-server;CPU Load;OK;HARD;1;OK - load average: 0.00, 0.02, 0.05
[1579977000] CURRENT SERVICE STATE: primary-server;CPU_Procs;OK;HARD;1;CPU OK: 362 processes
[1579977000] CURRENT SERVICE STATE: primary-server;Current Users;OK;HARD;1;USERS OK - 3 users currently logged in
[1579977000] CURRENT SERVICE STATE: primary-server;HDD_Home status;OK;HARD;1;DISK OK - free space: /home 138453 MB (61% inode=99%):
[1579977000] CURRENT SERVICE STATE: primary-server;HDD_Root status;OK;HARD;1;DISK OK - free space: / 29988 MB (58% inode=99%):
[1579977000] CURRENT SERVICE STATE: primary-server;LocalService-NTPD SERVICE;OK;HARD;1;PROCS OK: 1 process with command name 'ntpd'
[1579977000] CURRENT SERVICE STATE: primary-server;Memory;OK;HARD;1;OK - 51.4% (12602764 kB) free.
[1579977000] CURRENT SERVICE STATE: primary-server;Nginx Access Log Status;OK;HARD;1;Log check ok - 0 pattern matches found
[1579977000] CURRENT SERVICE STATE: primary-server;Nginx Error Log Status;CRITICAL;HARD;3;(103) < 2020/01/25 23:52:49 [error] 18340#0: *26743937 access forbidden by rule while initializing session, client: 103.209.99.7, server: 0.0.0.0:13000
[1579977000] CURRENT SERVICE STATE: primary-server;Nginx Status;OK;HARD;1;NGINX OK -  0.089 sec. response time, Active: 0 (Writing: 0 Reading: 0 Waiting: 0) ReqPerSec: 0.000 ConnPerSec: 0.000 ReqPerConn: 0.000
[1579977000] CURRENT SERVICE STATE: primary-server;Sensors Status;OK;HARD;1;SENSORS OK
[1579977000] CURRENT SERVICE STATE: primary-server;Total Processes;OK;HARD;1;PROCS OK: 361 processes
[1579977000] CURRENT SERVICE STATE: pservercluster1;CPU Load;OK;HARD;1;OK - load average: 1.00, 0.89, 0.86
[1579977000] CURRENT SERVICE STATE: pservercluster1;CPU_Procs;OK;HARD;1;CPU OK: 354 processes
[1579977000] CURRENT SERVICE STATE: pservercluster1;Current Users;OK;HARD;1;USERS OK - 2 users currently logged in
[1579977000] CURRENT SERVICE STATE: pservercluster1;HDD_Home status;OK;HARD;1;DISK OK - free space: /home 184612 MB (83% inode=99%):
[1579977000] CURRENT SERVICE STATE: pservercluster1;HDD_Root status;OK;HARD;1;DISK OK - free space: / 39507 MB (77% inode=99%):
[1579977000] CURRENT SERVICE STATE: pservercluster1;LocalService-NTPD SERVICE;OK;HARD;1;PROCS OK: 1 process with command name 'ntpd'
[1579977000] CURRENT SERVICE STATE: pservercluster1;Memory;OK;HARD;1;OK - 77.7% (19179968 kB) free.
[1579977000] CURRENT SERVICE STATE: pservercluster1;Sensors Status;OK;HARD;1;SENSORS OK
[1579977000] CURRENT SERVICE STATE: pservercluster1;Total Processes;OK;HARD;1;PROCS OK: 354 processes
[1579977000] CURRENT SERVICE STATE: pservercluster2;CPU Load;OK;HARD;1;OK - load average: 1.40, 1.54, 1.49
[1579977000] CURRENT SERVICE STATE: pservercluster2;CPU_Procs;OK;HARD;1;CPU OK: 359 processes
[1579977000] CURRENT SERVICE STATE: pservercluster2;Current Users;OK;HARD;1;USERS OK - 3 users currently logged in
[1579977000] CURRENT SERVICE STATE: pservercluster2;HDD_Home status;OK;HARD;1;DISK OK - free space: /home 179485 MB (79% inode=99%):
[1579977000] CURRENT SERVICE STATE: pservercluster2;HDD_Root status;OK;HARD;1;DISK OK - free space: / 37453 MB (73% inode=98%):
[1579977000] CURRENT SERVICE STATE: pservercluster2;LocalService-NTPD SERVICE;OK;HARD;1;PROCS OK: 1 process with command name 'ntpd'
[1579977000] CURRENT SERVICE STATE: pservercluster2;Memory;OK;HARD;1;OK - 87.2% (21377880 kB) free.
[1579977000] CURRENT SERVICE STATE: pservercluster2;Sensors Status;OK;HARD;1;SENSORS OK
[1579977000] CURRENT SERVICE STATE: pservercluster2;Total Processes;OK;HARD;1;PROCS OK: 357 processes
[1579977000] CURRENT SERVICE STATE: qservercluster1;CPU Load;OK;HARD;1;OK - load average: 11.15, 8.79, 8.43
[1579977000] CURRENT SERVICE STATE: qservercluster1;CPU_Procs;OK;HARD;1;CPU OK: 330 processes
[1579977000] CURRENT SERVICE STATE: qservercluster1;Current Users;OK;HARD;1;USERS OK - 1 users currently logged in
[1579977000] CURRENT SERVICE STATE: qservercluster1;HDD_Home status;OK;HARD;1;DISK OK - free space: /home 224641 MB (99% inode=99%):
[1579977000] CURRENT SERVICE STATE: qservercluster1;HDD_Root status;OK;HARD;1;DISK OK - free space: / 44319 MB (86% inode=99%):
[1579977000] CURRENT SERVICE STATE: qservercluster1;LocalService-NTPD SERVICE;OK;HARD;1;PROCS OK: 1 process with command name 'ntpd'
[1579977000] CURRENT SERVICE STATE: qservercluster1;Memory;OK;HARD;1;OK - 84.9% (41803916 kB) free.
[1579977000] CURRENT SERVICE STATE: qservercluster1;Sensors Status;OK;HARD;1;SENSORS OK
[1579977000] CURRENT SERVICE STATE: qservercluster1;Total Processes;OK;HARD;1;PROCS OK: 330 processes
[1579977000] CURRENT SERVICE STATE: qservercluster2;CPU Load;OK;HARD;1;OK - load average: 2.11, 2.09, 2.07
[1579977000] CURRENT SERVICE STATE: qservercluster2;CPU_Procs;OK;HARD;1;CPU OK: 594 processes
[1579977000] CURRENT SERVICE STATE: qservercluster2;Current Users;OK;HARD;1;USERS OK - 2 users currently logged in
[1579977000] CURRENT SERVICE STATE: qservercluster2;HDD_Home status;OK;HARD;1;DISK OK - free space: /home 131977 MB (58% inode=99%):
[1579977000] CURRENT SERVICE STATE: qservercluster2;HDD_Root status;OK;HARD;1;DISK OK - free space: / 26960 MB (52% inode=98%):
[1579977000] CURRENT SERVICE STATE: qservercluster2;LocalService-NTPD SERVICE;OK;HARD;1;PROCS OK: 1 process with command name 'ntpd'
[1579977000] CURRENT SERVICE STATE: qservercluster2;Memory;WARNING;HARD;3;WARNING - 18.1% (8920416 kB) free!
[1579977000] CURRENT SERVICE STATE: qservercluster2;Sensors Status;OK;HARD;1;SENSORS OK
[1579977000] CURRENT SERVICE STATE: qservercluster2;Total Processes;OK;HARD;1;PROCS OK: 592 processes
[1579977000] CURRENT SERVICE STATE: redis-1;CPU Load;OK;HARD;1;OK - load average: 0.20, 0.30, 0.46
[1579977000] CURRENT SERVICE STATE: redis-1;CPU_Procs;OK;HARD;1;CPU OK: 402 processes
[1579977000] CURRENT SERVICE STATE: redis-1;Current Users;OK;HARD;1;USERS OK - 1 users currently logged in
[1579977000] CURRENT SERVICE STATE: redis-1;HDD_Home status;OK;HARD;1;DISK OK - free space: /home 369775 MB (99% inode=99%):
[1579977000] CURRENT SERVICE STATE: redis-1;HDD_Root status;OK;HARD;1;DISK OK - free space: / 45245 MB (88% inode=99%):
[1579977000] CURRENT SERVICE STATE: redis-1;HDD_VNS1 status;OK;HARD;1;DISK OK - free space: /vns1 454568 MB (42% inode=99%):
[1579977000] CURRENT SERVICE STATE: redis-1;LocalService-NTPD SERVICE;OK;HARD;1;PROCS OK: 1 process with command name 'ntpd'
[1579977000] CURRENT SERVICE STATE: redis-1;Memory;OK;HARD;1;OK - 32.7% (43048544 kB) free.
[1579977000] CURRENT SERVICE STATE: redis-1;Sensors Status;OK;HARD;1;SENSORS OK
[1579977000] CURRENT SERVICE STATE: redis-1;Total Processes;OK;HARD;1;PROCS OK: 401 processes
[1579977000] CURRENT SERVICE STATE: redis-2;CPU Load;OK;HARD;1;OK - load average: 2.07, 1.55, 1.16
[1579977000] CURRENT SERVICE STATE: redis-2;CPU_Procs;OK;HARD;1;CPU OK: 383 processes
[1579977000] CURRENT SERVICE STATE: redis-2;Current Users;OK;HARD;1;USERS OK - 2 users currently logged in
[1579977000] CURRENT SERVICE STATE: redis-2;HDD_Home status;OK;HARD;1;DISK OK - free space: /home 332929 MB (89% inode=99%):
[1579977000] CURRENT SERVICE STATE: redis-2;HDD_Root status;OK;HARD;1;DISK OK - free space: / 45298 MB (88% inode=99%):
[1579977000] CURRENT SERVICE STATE: redis-2;HDD_VNS1 status;OK;HARD;1;DISK OK - free space: /vns1 1069171 MB (99% inode=99%):
[1579977000] CURRENT SERVICE STATE: redis-2;LocalService-NTPD SERVICE;OK;HARD;1;PROCS OK: 1 process with command name 'ntpd'
[1579977000] CURRENT SERVICE STATE: redis-2;Memory;OK;HARD;1;OK - 37.5% (49477160 kB) free.
[1579977000] CURRENT SERVICE STATE: redis-2;Sensors Status;OK;HARD;1;SENSORS OK
[1579977000] CURRENT SERVICE STATE: redis-2;Total Processes;OK;HARD;1;PROCS OK: 379 processes
[1579977000] CURRENT SERVICE STATE: rq-1;CPU Load;OK;HARD;1;OK - load average: 12.24, 14.69, 15.45
[1579977000] CURRENT SERVICE STATE: rq-1;CPU_Procs;OK;HARD;1;CPU OK: 357 processes
[1579977000] CURRENT SERVICE STATE: rq-1;Current Users;OK;HARD;1;USERS OK - 0 users currently logged in
[1579977000] CURRENT SERVICE STATE: rq-1;HDD_Home status;OK;HARD;1;DISK OK - free space: /home 400998 MB (99% inode=99%):
[1579977000] CURRENT SERVICE STATE: rq-1;HDD_Root status;OK;HARD;1;DISK OK - free space: / 42519 MB (83% inode=99%):
[1579977000] CURRENT SERVICE STATE: rq-1;HDD_VNS1 status;OK;HARD;1;DISK OK - free space: /rq1vns1 1068147 MB (99% inode=99%):
[1579977000] CURRENT SERVICE STATE: rq-1;LocalService-NTPD SERVICE;OK;HARD;1;PROCS OK: 1 process with command name 'ntpd'
[1579977000] CURRENT SERVICE STATE: rq-1;Memory;OK;HARD;1;OK - 78.7% (103724844 kB) free.
[1579977000] CURRENT SERVICE STATE: rq-1;Total Processes;OK;HARD;1;PROCS OK: 356 processes
[1579977000] CURRENT SERVICE STATE: rq-1;rq1-rabbitmqerror;OK;HARD;1;Log check ok - 0 pattern matches found
[1579977000] CURRENT SERVICE STATE: rq-2;CPU Load;OK;HARD;1;OK - load average: 16.44, 16.22, 15.92
[1579977000] CURRENT SERVICE STATE: rq-2;CPU_Procs;OK;HARD;1;CPU OK: 382 processes
[1579977000] CURRENT SERVICE STATE: rq-2;Current Users;OK;HARD;1;USERS OK - 1 users currently logged in
[1579977000] CURRENT SERVICE STATE: rq-2;HDD_Home status;OK;HARD;1;DISK OK - free space: /home 401206 MB (99% inode=99%):
[1579977000] CURRENT SERVICE STATE: rq-2;HDD_Root status;OK;HARD;1;DISK OK - free space: / 45467 MB (88% inode=99%):
[1579977000] CURRENT SERVICE STATE: rq-2;HDD_VNS1 status;OK;HARD;1;DISK OK - free space: /dev 64349 MB (100% inode=99%):
[1579977000] CURRENT SERVICE STATE: rq-2;LocalService-NTPD SERVICE;OK;HARD;1;PROCS OK: 2 processes with command name 'ntpd'
[1579977000] CURRENT SERVICE STATE: rq-2;Memory;OK;HARD;1;OK - 91.9% (121174880 kB) free.
[1579977000] CURRENT SERVICE STATE: rq-2;Total Processes;OK;HARD;1;PROCS OK: 383 processes
[1579977000] CURRENT SERVICE STATE: rq-2;rq2-rabbitmqerror;OK;HARD;1;Log check ok - 0 pattern matches found
[1579977000] CURRENT SERVICE STATE: secondary-server;CPU Load;OK;HARD;1;OK - load average: 0.86, 0.81, 0.50
[1579977000] CURRENT SERVICE STATE: secondary-server;CPU_Procs;OK;HARD;1;CPU OK: 342 processes
[1579977000] CURRENT SERVICE STATE: secondary-server;Current Users;OK;HARD;1;USERS OK - 4 users currently logged in
[1579977000] CURRENT SERVICE STATE: secondary-server;HDD_Home status;OK;HARD;1;DISK OK - free space: /home 145083 MB (64% inode=99%):
[1579977000] CURRENT SERVICE STATE: secondary-server;HDD_Root status;OK;HARD;1;DISK OK - free space: / 35186 MB (68% inode=99%):
[1579977000] CURRENT SERVICE STATE: secondary-server;LocalService-NTPD SERVICE;OK;HARD;1;PROCS OK: 1 process with command name 'ntpd'
[1579977000] CURRENT SERVICE STATE: secondary-server;Memory Status;OK;HARD;1;OK - 73.6% (18046168 kB) free.
[1579977000] CURRENT SERVICE STATE: secondary-server;Nginx Access Log Status;OK;HARD;1;Log check ok - 0 pattern matches found
[1579977000] CURRENT SERVICE STATE: secondary-server;Nginx Error Log Status;OK;HARD;1;Log check ok - 0 pattern matches found
[1579977000] CURRENT SERVICE STATE: secondary-server;Nginx Status;OK;HARD;1;NGINX OK -  0.084 sec. response time, Active: 0 (Writing: 0 Reading: 0 Waiting: 0) ReqPerSec: 0.000 ConnPerSec: 0.000 ReqPerConn: 0.000
[1579977000] CURRENT SERVICE STATE: secondary-server;Sensors Status;OK;HARD;1;SENSORS OK
[1579977000] CURRENT SERVICE STATE: secondary-server;Total Processes;OK;HARD;1;PROCS OK: 343 processes
[1579977000] CURRENT SERVICE STATE: sig1-vm2;CPU Load;OK;HARD;1;OK - load average: 0.08, 0.04, 0.00
[1579977000] CURRENT SERVICE STATE: sig1-vm2;CPU_Procs;OK;HARD;1;CPU OK: 263 processes
[1579977000] CURRENT SERVICE STATE: sig1-vm2;Current Users;OK;HARD;1;USERS OK - 0 users currently logged in
[1579977000] CURRENT SERVICE STATE: sig1-vm2;LocalService-NTPD SERVICE;OK;HARD;1;PROCS OK: 2 processes with command name 'ntpd'
[1579977000] CURRENT SERVICE STATE: sig1-vm2;Memory;OK;HARD;1;OK - 71.2% (11636308 kB) free.
[1579977000] CURRENT SERVICE STATE: sig1-vm2;Root status;OK;HARD;1;DISK OK - free space: / 125167 MB (93% inode=97%):
[1579977000] CURRENT SERVICE STATE: sig1-vm2;Total Processes;OK;HARD;1;PROCS OK: 266 processes
[1579977000] CURRENT SERVICE STATE: sig2-vm2;CPU Load;OK;HARD;1;OK - load average: 0.46, 0.55, 0.52
[1579977000] CURRENT SERVICE STATE: sig2-vm2;CPU_Procs;OK;HARD;1;CPU OK: 459 processes
[1579977000] CURRENT SERVICE STATE: sig2-vm2;Current Users;OK;HARD;1;USERS OK - 0 users currently logged in
[1579977000] CURRENT SERVICE STATE: sig2-vm2;HDD_Root status;OK;HARD;1;DISK OK - free space: / 124704 MB (90% inode=99%):
[1579977000] CURRENT SERVICE STATE: sig2-vm2;LocalService-NTPD SERVICE;OK;HARD;1;PROCS OK: 1 process with command name 'ntpd'
[1579977000] CURRENT SERVICE STATE: sig2-vm2;Memory;OK;HARD;1;OK - 90.6% (31548744 kB) free.
[1579977000] CURRENT SERVICE STATE: sig2-vm2;Total Processes;OK;HARD;1;PROCS OK: 464 processes
[1579977000] CURRENT SERVICE STATE: sig3-vm2;CPU Load;OK;HARD;1;OK - load average: 0.03, 0.01, 0.00
[1579977000] CURRENT SERVICE STATE: sig3-vm2;CPU_Procs;OK;HARD;1;CPU OK: 549 processes
[1579977000] CURRENT SERVICE STATE: sig3-vm2;Current Users;OK;HARD;1;USERS OK - 2 users currently logged in
[1579977000] CURRENT SERVICE STATE: sig3-vm2;HDD_Root status;OK;HARD;1;DISK OK - free space: / 90305 MB (75% inode=96%):
[1579977000] CURRENT SERVICE STATE: sig3-vm2;LocalService-NTPD SERVICE;OK;HARD;1;PROCS OK: 2 processes with command name 'ntpd'
[1579977000] CURRENT SERVICE STATE: sig3-vm2;Memory;OK;HARD;1;OK - 96.1% (22654964 kB) free.
[1579977000] CURRENT SERVICE STATE: sig3-vm2;Total Processes;OK;HARD;1;PROCS OK: 550 processes
[1579977000] CURRENT SERVICE STATE: sig4-vm2;CPU Load;OK;HARD;1;OK - load average: 0.00, 0.01, 0.05
[1579977000] CURRENT SERVICE STATE: sig4-vm2;CPU_Procs;OK;HARD;1;CPU OK: 222 processes
[1579977000] CURRENT SERVICE STATE: sig4-vm2;Current Users;OK;HARD;1;USERS OK - 0 users currently logged in
[1579977000] CURRENT SERVICE STATE: sig4-vm2;HDD_Root status;OK;HARD;1;DISK OK - free space: / 106727 MB (83% inode=99%):
[1579977000] CURRENT SERVICE STATE: sig4-vm2;LocalService-NTPD SERVICE;OK;HARD;1;PROCS OK: 1 process with command name 'ntpd'
[1579977000] CURRENT SERVICE STATE: sig4-vm2;Memory;OK;HARD;1;OK - 87.5% (30488280 kB) free.
[1579977000] CURRENT SERVICE STATE: sig4-vm2;Total Processes;OK;HARD;1;PROCS OK: 222 processes
[1579977000] CURRENT SERVICE STATE: sig5-vm2;CPU Load;OK;HARD;1;OK - load average: 0.57, 0.79, 0.71
[1579977000] CURRENT SERVICE STATE: sig5-vm2;CPU_Procs;OK;HARD;1;CPU OK: 461 processes
[1579977000] CURRENT SERVICE STATE: sig5-vm2;Current Users;OK;HARD;1;USERS OK - 0 users currently logged in
[1579977000] CURRENT SERVICE STATE: sig5-vm2;HDD_Root status;OK;HARD;1;DISK OK - free space: / 232359 MB (92% inode=99%):
[1579977000] CURRENT SERVICE STATE: sig5-vm2;LocalService-NTPD SERVICE;OK;HARD;1;PROCS OK: 1 process with command name 'ntpd'
[1579977000] CURRENT SERVICE STATE: sig5-vm2;Memory;OK;HARD;1;OK - 88.8% (31117592 kB) free.
[1579977000] CURRENT SERVICE STATE: sig5-vm2;Total Processes;OK;HARD;1;PROCS OK: 461 processes
[1579977000] CURRENT SERVICE STATE: sig6-vm2;CPU Load;OK;HARD;1;OK - load average: 0.84, 0.78, 0.67
[1579977000] CURRENT SERVICE STATE: sig6-vm2;CPU_Procs;OK;HARD;1;CPU OK: 498 processes
[1579977000] CURRENT SERVICE STATE: sig6-vm2;Current Users;OK;HARD;1;USERS OK - 2 users currently logged in
[1579977000] CURRENT SERVICE STATE: sig6-vm2;HDD_Root status;OK;HARD;1;DISK OK - free space: / 180323 MB (92% inode=99%):
[1579977000] CURRENT SERVICE STATE: sig6-vm2;LocalService-NTPD SERVICE;OK;HARD;1;PROCS OK: 1 process with command name 'ntpd'
[1579977000] CURRENT SERVICE STATE: sig6-vm2;Memory;OK;HARD;1;OK - 71.2% (15997388 kB) free.
[1579977000] CURRENT SERVICE STATE: sig6-vm2;OutOfMemory-killer--oom-killer;OK;HARD;1;Log check ok - 0 pattern matches found
[1579977000] CURRENT SERVICE STATE: sig6-vm2;Total Processes;OK;HARD;1;PROCS OK: 498 processes
[1579977000] CURRENT SERVICE STATE: sigqscluster1;CPU Load;OK;HARD;1;OK - load average: 0.00, 0.04, 0.27
[1579977000] CURRENT SERVICE STATE: sigqscluster1;CPU_Procs;OK;HARD;1;CPU OK: 350 processes
[1579977000] CURRENT SERVICE STATE: sigqscluster1;Current Users;OK;HARD;1;USERS OK - 4 users currently logged in
[1579977000] CURRENT SERVICE STATE: sigqscluster1;HDD_Home status;OK;HARD;1;DISK OK - free space: /home 224102 MB (99% inode=99%):
[1579977000] CURRENT SERVICE STATE: sigqscluster1;HDD_Root status;OK;HARD;1;DISK OK - free space: / 40024 MB (78% inode=99%):
[1579977000] CURRENT SERVICE STATE: sigqscluster1;LocalService-NTPD SERVICE;OK;HARD;1;PROCS OK: 1 process with command name 'ntpd'
[1579977000] CURRENT SERVICE STATE: sigqscluster1;Memory;OK;HARD;1;OK - 46.3% (22793900 kB) free.
[1579977000] CURRENT SERVICE STATE: sigqscluster1;Sensors Status;OK;HARD;1;SENSORS OK
[1579977000] CURRENT SERVICE STATE: sigqscluster1;Total Processes;OK;HARD;1;PROCS OK: 350 processes
[1579977000] CURRENT SERVICE STATE: sigqscluster2;CPU Load;OK;HARD;1;OK - load average: 11.13, 11.97, 11.99
[1579977000] CURRENT SERVICE STATE: sigqscluster2;CPU_Procs;OK;HARD;1;CPU OK: 303 processes
[1579977000] CURRENT SERVICE STATE: sigqscluster2;Current Users;OK;HARD;1;USERS OK - 0 users currently logged in
[1579977000] CURRENT SERVICE STATE: sigqscluster2;HDD_Home status;OK;HARD;1;DISK OK - free space: /home 208589 MB (99% inode=99%):
[1579977000] CURRENT SERVICE STATE: sigqscluster2;HDD_Root status;OK;HARD;1;DISK OK - free space: / 45469 MB (88% inode=99%):
[1579977000] CURRENT SERVICE STATE: sigqscluster2;LocalService-NTPD SERVICE;OK;HARD;1;PROCS OK: 1 process with command name 'ntpd'
[1579977000] CURRENT SERVICE STATE: sigqscluster2;Memory;OK;HARD;1;OK - 79.7% (39285832 kB) free.
[1579977000] CURRENT SERVICE STATE: sigqscluster2;Sensors Status;OK;HARD;1;SENSORS OK
[1579977000] CURRENT SERVICE STATE: sigqscluster2;Total Processes;OK;HARD;1;PROCS OK: 298 processes
[1579977000] CURRENT SERVICE STATE: sigqscluster2;sigqscluster2-rabbitmqerror;OK;HARD;1;Log check ok - 0 pattern matches found
[1579977000] CURRENT SERVICE STATE: smscapp1;CPU Load;OK;HARD;1;OK - load average: 2.50, 2.46, 2.70
[1579977000] CURRENT SERVICE STATE: smscapp1;CPU_Procs;OK;HARD;1;CPU OK: 693 processes
[1579977000] CURRENT SERVICE STATE: smscapp1;Current Users;OK;HARD;1;USERS OK - 1 users currently logged in
[1579977000] CURRENT SERVICE STATE: smscapp1;HDD_Home status;OK;HARD;1;DISK OK - free space: /home 117490 MB (52% inode=99%):
[1579977000] CURRENT SERVICE STATE: smscapp1;HDD_Root status;OK;HARD;1;DISK OK - free space: / 39084 MB (76% inode=98%):
[1579977000] CURRENT SERVICE STATE: smscapp1;LocalService-NTPD SERVICE;OK;HARD;1;PROCS OK: 1 process with command name 'ntpd'
[1579977000] CURRENT SERVICE STATE: smscapp1;Memory;OK;HARD;1;OK - 85.1% (41921824 kB) free.
[1579977000] CURRENT SERVICE STATE: smscapp1;Sensors Status;OK;HARD;1;SENSORS OK
[1579977000] CURRENT SERVICE STATE: smscapp1;Total Processes;OK;HARD;1;PROCS OK: 694 processes
[1579977000] CURRENT SERVICE STATE: smscapp2;CPU Load;OK;HARD;1;OK - load average: 2.91, 2.97, 3.17
[1579977000] CURRENT SERVICE STATE: smscapp2;CPU_Procs;OK;HARD;1;CPU OK: 2124 processes
[1579977000] CURRENT SERVICE STATE: smscapp2;Current Users;OK;HARD;1;USERS OK - 0 users currently logged in
[1579977000] CURRENT SERVICE STATE: smscapp2;HDD_Home status;OK;HARD;1;DISK OK - free space: /home 169721 MB (75% inode=99%):
[1579977000] CURRENT SERVICE STATE: smscapp2;HDD_Root status;OK;HARD;1;DISK OK - free space: / 38756 MB (75% inode=98%):
[1579977000] CURRENT SERVICE STATE: smscapp2;LocalService-NTPD SERVICE;OK;HARD;1;PROCS OK: 1 process with command name 'ntpd'
[1579977000] CURRENT SERVICE STATE: smscapp2;Memory;CRITICAL;HARD;3;CRITICAL - 0.5% (239252 kB) free!
[1579977000] CURRENT SERVICE STATE: smscapp2;Sensors Status;OK;HARD;1;SENSORS OK
[1579977000] CURRENT SERVICE STATE: smscapp2;Total Processes;OK;HARD;1;PROCS OK: 2127 processes
[1579977000] CURRENT SERVICE STATE: sservercluster1;CPU Load;OK;HARD;1;OK - load average: 1.95, 1.62, 1.62
[1579977000] CURRENT SERVICE STATE: sservercluster1;CPU_Procs;OK;HARD;1;CPU OK: 323 processes
[1579977000] CURRENT SERVICE STATE: sservercluster1;Current Users;OK;HARD;1;USERS OK - 2 users currently logged in
[1579977000] CURRENT SERVICE STATE: sservercluster1;HDD_Home status;OK;HARD;1;DISK OK - free space: /home 186063 MB (84% inode=99%):
[1579977000] CURRENT SERVICE STATE: sservercluster1;HDD_Root status;OK;HARD;1;DISK OK - free space: / 40525 MB (79% inode=99%):
[1579977000] CURRENT SERVICE STATE: sservercluster1;LocalService-NTPD SERVICE;OK;HARD;1;PROCS OK: 1 process with command name 'ntpd'
[1579977000] CURRENT SERVICE STATE: sservercluster1;Memory;WARNING;HARD;3;WARNING - 16.0% (3924816 kB) free!
[1579977000] CURRENT SERVICE STATE: sservercluster1;Sensors Status;OK;HARD;1;SENSORS OK
[1579977000] CURRENT SERVICE STATE: sservercluster1;Total Processes;OK;HARD;1;PROCS OK: 326 processes
[1579977000] CURRENT SERVICE STATE: sservercluster2;CPU Load;OK;HARD;1;OK - load average: 1.83, 1.75, 1.69
[1579977000] CURRENT SERVICE STATE: sservercluster2;CPU_Procs;CRITICAL;HARD;3;CPU CRITICAL: 1 crit, 0 warn out of 348 processes
[1579977000] CURRENT SERVICE STATE: sservercluster2;Current Users;OK;HARD;1;USERS OK - 3 users currently logged in
[1579977000] CURRENT SERVICE STATE: sservercluster2;HDD_Home status;OK;HARD;1;DISK OK - free space: /home 187909 MB (85% inode=99%):
[1579977000] CURRENT SERVICE STATE: sservercluster2;HDD_Root status;OK;HARD;1;DISK OK - free space: / 33226 MB (64% inode=98%):
[1579977000] CURRENT SERVICE STATE: sservercluster2;LocalService-NTPD SERVICE;OK;HARD;1;PROCS OK: 1 process with command name 'ntpd'
[1579977000] CURRENT SERVICE STATE: sservercluster2;Memory;CRITICAL;HARD;3;CRITICAL - 0.8% (185392 kB) free!
[1579977000] CURRENT SERVICE STATE: sservercluster2;Sensors Status;OK;HARD;1;SENSORS OK
[1579977000] CURRENT SERVICE STATE: sservercluster2;Total Processes;OK;HARD;1;PROCS OK: 350 processes
[1579977000] CURRENT SERVICE STATE: webserver1;CPU Load;OK;HARD;1;OK - load average: 0.64, 0.56, 0.31
[1579977000] CURRENT SERVICE STATE: webserver1;CPU_Procs;OK;HARD;1;CPU OK: 360 processes
[1579977000] CURRENT SERVICE STATE: webserver1;Current Users;OK;HARD;1;USERS OK - 1 users currently logged in
[1579977000] CURRENT SERVICE STATE: webserver1;HDD_Home status;OK;HARD;1;DISK OK - free space: /home 224756 MB (99% inode=99%):
[1579977000] CURRENT SERVICE STATE: webserver1;HDD_Root status;OK;HARD;1;DISK OK - free space: / 40214 MB (78% inode=99%):
[1579977000] CURRENT SERVICE STATE: webserver1;LocalService-NTPD SERVICE;OK;HARD;1;PROCS OK: 1 process with command name 'ntpd'
[1579977000] CURRENT SERVICE STATE: webserver1;Memory;OK;HARD;1;OK - 83.2% (20356860 kB) free.
[1579977000] CURRENT SERVICE STATE: webserver1;Nginx_status;OK;HARD;1;NGINX OK -  0.088 sec. response time, Active: 1 (Writing: 1 Reading: 0 Waiting: 0) ReqPerSec: 0.003 ConnPerSec: 0.010 ReqPerConn: 0.954
[1579977000] CURRENT SERVICE STATE: webserver1;Sensors Status;OK;HARD;1;SENSORS OK
[1579977000] CURRENT SERVICE STATE: webserver1;Total Processes;OK;HARD;1;PROCS OK: 361 processes
[1579977000] CURRENT SERVICE STATE: webserver2;CPU_Procs;OK;HARD;1;CPU OK: 444 processes
[1579977000] CURRENT SERVICE STATE: webserver2;Current Load;OK;HARD;1;OK - load average: 0.00, 0.02, 0.05
[1579977000] CURRENT SERVICE STATE: webserver2;Current Users;OK;HARD;1;USERS OK - 20 users currently logged in
[1579977000] CURRENT SERVICE STATE: webserver2;HDD_Home status;OK;HARD;1;DISK OK - free space: /home 106988 MB (47.60% inode=100%):
[1579977000] CURRENT SERVICE STATE: webserver2;HTTP;OK;HARD;1;HTTP OK: HTTP/1.1 200 OK - 355 bytes in 0.001 second response time
[1579977000] CURRENT SERVICE STATE: webserver2;LocalService-NTPD SERVICE;OK;HARD;1;PROCS OK: 1 process with command name 'ntpd'
[1579977000] CURRENT SERVICE STATE: webserver2;Memory;OK;HARD;1;OK - 66.0% (16186020 kB) free.
[1579977000] CURRENT SERVICE STATE: webserver2;PING;OK;HARD;1;PING OK - Packet loss = 0%, RTA = 0.06 ms
[1579977000] CURRENT SERVICE STATE: webserver2;Root Partition;OK;HARD;1;DISK OK - free space: / 10903 MB (21.30% inode=99%):
[1579977000] CURRENT SERVICE STATE: webserver2;SSH;OK;HARD;1;SSH OK - OpenSSH_7.4 (protocol 2.0)
[1579977000] CURRENT SERVICE STATE: webserver2;Sensors Status;OK;HARD;1;SENSORS OK
[1579977000] CURRENT SERVICE STATE: webserver2;Total Processes;OK;HARD;1;PROCS OK: 163 processes with STATE = RSZDT
[1579977000] CURRENT SERVICE STATE: webservercluster1;CPU Load;OK;HARD;1;OK - load average: 0.00, 0.01, 0.05
[1579977000] CURRENT SERVICE STATE: webservercluster1;CPU_Procs;OK;HARD;1;CPU OK: 328 processes
[1579977000] CURRENT SERVICE STATE: webservercluster1;Current Users;OK;HARD;1;USERS OK - 2 users currently logged in
[1579977000] CURRENT SERVICE STATE: webservercluster1;HDD_Home status;OK;HARD;1;DISK OK - free space: / 20332 MB (39% inode=99%):
[1579977000] CURRENT SERVICE STATE: webservercluster1;HDD_Root status;OK;HARD;1;DISK OK - free space: /home 131570 MB (58% inode=99%):
[1579977000] CURRENT SERVICE STATE: webservercluster1;LocalService-NTPD SERVICE;OK;HARD;1;PROCS OK: 1 process with command name 'ntpd'
[1579977000] CURRENT SERVICE STATE: webservercluster1;Memory;OK;HARD;1;OK - 88.0% (14300448 kB) free.
[1579977000] CURRENT SERVICE STATE: webservercluster1;Sensors Status;OK;HARD;1;SENSORS OK
[1579977000] CURRENT SERVICE STATE: webservercluster1;Total Processes;OK;HARD;1;PROCS OK: 328 processes
[1579977000] CURRENT SERVICE STATE: webservercluster2;CPU Load;OK;HARD;1;OK - load average: 0.97, 0.87, 0.84
[1579977000] CURRENT SERVICE STATE: webservercluster2;CPU_Procs;OK;HARD;1;CPU OK: 296 processes
[1579977000] CURRENT SERVICE STATE: webservercluster2;Current Users;OK;HARD;1;USERS OK - 4 users currently logged in
[1579977000] CURRENT SERVICE STATE: webservercluster2;HDD_Home status;OK;HARD;1;DISK OK - free space: /home 224144 MB (99% inode=99%):
[1579977000] CURRENT SERVICE STATE: webservercluster2;HDD_Root status;OK;HARD;1;DISK OK - free space: / 40093 MB (78% inode=99%):
[1579977000] CURRENT SERVICE STATE: webservercluster2;LocalService-NTPD SERVICE;OK;HARD;1;PROCS OK: 1 process with command name 'ntpd'
[1579977000] CURRENT SERVICE STATE: webservercluster2;Memory;OK;HARD;1;OK - 63.0% (10242808 kB) free.
[1579977000] CURRENT SERVICE STATE: webservercluster2;Sensors Status;OK;HARD;1;SENSORS OK
[1579977000] CURRENT SERVICE STATE: webservercluster2;Total Processes;OK;HARD;1;PROCS OK: 296 processes
[1579977268] SERVICE NOTIFICATION: nagiosadmin;qservercluster2;Memory;WARNING;notify-service-by-email;WARNING - 18.1% (8906436 kB) free!
[1579977359] SERVICE ALERT: pservercluster2;CPU_Procs;WARNING;SOFT;1;CPU WARNING: 1 warn out of 368 processes
[1579977480] SERVICE ALERT: pservercluster2;CPU_Procs;OK;HARD;1;CPU OK: 357 processes
[1579977481] SERVICE ALERT: sservercluster2;CPU_Procs;OK;HARD;1;CPU OK: 357 processes
[1579977489] SERVICE NOTIFICATION: nagiosadmin;smscapp2;Memory;OK;notify-service-by-email;OK - 61.9% (30483716 kB) free.
[1579977489] SERVICE ALERT: smscapp2;Memory;OK;HARD;1;OK - 61.9% (30483716 kB) free.
[1579977507] SERVICE ALERT: pservercluster1;Memory;CRITICAL;SOFT;1;CRITICAL - 0.8% (191524 kB) free!
[1579977628] SERVICE ALERT: pservercluster1;Memory;CRITICAL;SOFT;2;CRITICAL - 0.8% (187064 kB) free!
[1579977748] SERVICE ALERT: pservercluster1;Memory;CRITICAL;HARD;3;CRITICAL - 0.7% (180404 kB) free!
[1579978297] SERVICE NOTIFICATION: nagiosadmin;sservercluster1;Memory;WARNING;notify-service-by-email;WARNING - 12.4% (3029792 kB) free!
[1579978681] SERVICE ALERT: sservercluster2;CPU_Procs;CRITICAL;SOFT;1;CPU CRITICAL: 1 crit, 0 warn out of 349 processes
[1579978694] Auto-save of retention data completed successfully.
[1579978801] SERVICE ALERT: sservercluster2;CPU_Procs;CRITICAL;SOFT;2;CPU CRITICAL: 1 crit, 0 warn out of 351 processes
[1579978921] SERVICE ALERT: sservercluster2;CPU_Procs;OK;HARD;1;CPU OK: 349 processes
[1579979548] SERVICE ALERT: pservercluster1;Memory;OK;HARD;1;OK - 49.7% (12267388 kB) free.
[1579980697] SERVICE NOTIFICATION: nagiosadmin;sservercluster1;Memory;CRITICAL;notify-service-by-email;CRITICAL - 0.7% (163640 kB) free!
[1579980697] SERVICE ALERT: sservercluster1;Memory;CRITICAL;HARD;3;CRITICAL - 0.7% (163640 kB) free!
[1579980721] SERVICE ALERT: sservercluster2;CPU_Procs;CRITICAL;SOFT;1;CPU CRITICAL: 1 crit, 0 warn out of 352 processes
[1579980769] SERVICE NOTIFICATION: nagiosadmin;primary-server;Nginx Error Log Status;CRITICAL;notify-service-by-email;(105) < 2020/01/26 01:02:44 [error] 18341#0: *26746582 access forbidden by rule while initializing session, client: 54.254.180.107, server: 0.0.0.0:13000
[1579980841] SERVICE ALERT: sservercluster2;CPU_Procs;CRITICAL;SOFT;2;CPU CRITICAL: 1 crit, 0 warn out of 348 processes
[1579980868] SERVICE NOTIFICATION: nagiosadmin;qservercluster2;Memory;WARNING;notify-service-by-email;WARNING - 18.0% (8864308 kB) free!
[1579980961] SERVICE ALERT: sservercluster2;CPU_Procs;OK;HARD;1;CPU OK: 346 processes
[1579981349] SERVICE ALERT: pservercluster1;Memory;CRITICAL;SOFT;1;CRITICAL - 5.4% (1328380 kB) free!
[1579981380] SERVICE FLAPPING ALERT: sservercluster2;Memory;STOPPED; Service appears to have stopped flapping (4.0% change < 5.0% threshold)
[1579981380] SERVICE NOTIFICATION: nagiosadmin;sservercluster2;Memory;CRITICAL;notify-service-by-email;CRITICAL - 0.7% (180372 kB) free!
[1579981469] SERVICE ALERT: pservercluster1;Memory;CRITICAL;SOFT;2;CRITICAL - 0.7% (176516 kB) free!
[1579981561] SERVICE ALERT: sservercluster2;CPU_Procs;CRITICAL;SOFT;1;CPU CRITICAL: 1 crit, 0 warn out of 346 processes
[1579981589] SERVICE ALERT: pservercluster1;Memory;CRITICAL;HARD;3;CRITICAL - 0.9% (230548 kB) free!
[1579981681] SERVICE ALERT: sservercluster2;CPU_Procs;CRITICAL;SOFT;2;CPU CRITICAL: 1 crit, 0 warn out of 346 processes
[1579981768] SERVICE ALERT: secondary-server;Nginx Error Log Status;CRITICAL;SOFT;1;(13) < 2020/01/26 01:17:44 [error] 18368#0: *43833196 recv() failed (104: Connection reset by peer) while proxying connection, client: 103.16.101.72, server: 0.0.0.0:4000, upstream: "10.147.212.37:4000", bytes from/to client:46/0, bytes from/to upstream:0/46
[1579981801] SERVICE ALERT: sservercluster2;CPU_Procs;OK;HARD;1;CPU OK: 352 processes
[1579981888] SERVICE ALERT: secondary-server;Nginx Error Log Status;OK;HARD;1;Log check ok - 0 pattern matches found
[1579982178] SERVICE ALERT: sigqscluster1;Memory;WARNING;SOFT;1;WARNING - 19.6% (9642980 kB) free!
[1579982294] Auto-save of retention data completed successfully.
[1579982298] SERVICE ALERT: sigqscluster1;Memory;WARNING;SOFT;2;WARNING - 19.6% (9647084 kB) free!
[1579982418] SERVICE NOTIFICATION: nagiosadmin;sigqscluster1;Memory;WARNING;notify-service-by-email;WARNING - 19.5% (9626092 kB) free!
[1579982418] SERVICE ALERT: sigqscluster1;Memory;WARNING;HARD;3;WARNING - 19.5% (9626092 kB) free!
[1579983001] SERVICE ALERT: sservercluster2;CPU_Procs;CRITICAL;SOFT;1;CPU CRITICAL: 1 crit, 0 warn out of 345 processes
[1579983121] SERVICE ALERT: sservercluster2;CPU_Procs;OK;HARD;1;CPU OK: 347 processes
[1579983697] SERVICE NOTIFICATION: nagiosadmin;sservercluster1;Memory;OK;notify-service-by-email;OK - 45.4% (11127884 kB) free.
[1579983697] SERVICE ALERT: sservercluster1;Memory;OK;HARD;1;OK - 45.4% (11127884 kB) free.
[1579984321] SERVICE ALERT: sservercluster2;CPU_Procs;CRITICAL;SOFT;1;CPU CRITICAL: 1 crit, 0 warn out of 354 processes
[1579984369] SERVICE NOTIFICATION: nagiosadmin;primary-server;Nginx Error Log Status;CRITICAL;notify-service-by-email;(103) < 2020/01/26 02:02:43 [error] 18342#0: *26748944 access forbidden by rule while initializing session, client: 103.209.99.7, server: 0.0.0.0:13000
[1579984441] SERVICE ALERT: sservercluster2;CPU_Procs;CRITICAL;SOFT;2;CPU CRITICAL: 1 crit, 0 warn out of 348 processes
[1579984468] SERVICE NOTIFICATION: nagiosadmin;qservercluster2;Memory;WARNING;notify-service-by-email;WARNING - 17.9% (8837196 kB) free!
[1579984562] SERVICE ALERT: sservercluster2;CPU_Procs;CRITICAL;HARD;3;CPU CRITICAL: 1 crit, 0 warn out of 347 processes
[1579984980] SERVICE NOTIFICATION: nagiosadmin;sservercluster2;Memory;CRITICAL;notify-service-by-email;CRITICAL - 0.7% (172352 kB) free!
[1579985162] SERVICE ALERT: sservercluster2;CPU_Procs;OK;HARD;1;CPU OK: 347 processes
[1579985668] SERVICE NOTIFICATION: nagiosadmin;qservercluster2;Memory;OK;notify-service-by-email;OK - 59.1% (29116632 kB) free.
[1579985668] SERVICE ALERT: qservercluster2;Memory;OK;HARD;1;OK - 59.1% (29116632 kB) free.
[1579985829] SERVICE ALERT: smscapp1;Memory;WARNING;SOFT;1;WARNING - 19.7% (9695724 kB) free!
[1579985894] Auto-save of retention data completed successfully.
[1579985949] SERVICE ALERT: smscapp1;Memory;OK;HARD;1;OK - 89.6% (44144172 kB) free.
[1579986019] SERVICE NOTIFICATION: nagiosadmin;sigqscluster1;Memory;WARNING;notify-service-by-email;WARNING - 19.3% (9532964 kB) free!
[1579987562] SERVICE ALERT: sservercluster2;CPU_Procs;CRITICAL;SOFT;1;CPU CRITICAL: 1 crit, 0 warn out of 348 processes
[1579987683] SERVICE ALERT: sservercluster2;CPU_Procs;OK;HARD;1;CPU OK: 349 processes
[1579987888] SERVICE ALERT: secondary-server;Nginx Error Log Status;CRITICAL;SOFT;1;(431) < 2020/01/26 03:00:32 [error] 18361#0: *43851655 no live upstreams while connecting to upstream, client: 103.16.101.72, server: 0.0.0.0:4000, upstream: "backend3", bytes from/to client:0/0, bytes from/to upstream:0/0
[1579987890] SERVICE ALERT: primary-server;Nginx Access Log Status;CRITICAL;SOFT;1;(2301) < 172.105.59.173 [26/Jan/2020:03:00:32 +0530] TCP 502 0 0 0.000 "backend_3001" "0" "0" "0.000"
[1579987969] SERVICE NOTIFICATION: nagiosadmin;primary-server;Nginx Error Log Status;CRITICAL;notify-service-by-email;(3107) < 2020/01/26 03:02:47 [error] 18345#0: *26755996 upstream timed out (110: Connection timed out) while connecting to upstream, client: 49.50.86.152, server: 0.0.0.0:3001, upstream: "10.147.212.142:3001", bytes from/to client:0/0, bytes from/to upstream:0/0
[1579988008] SERVICE ALERT: secondary-server;Nginx Error Log Status;OK;HARD;1;Log check ok - 0 pattern matches found
[1579988011] SERVICE ALERT: primary-server;Nginx Access Log Status;CRITICAL;SOFT;2;(162) < 49.50.86.152 [26/Jan/2020:03:02:03 +0530] TCP 502 0 0 0.000 "backend_3001" "0" "0" "0.000"
[1579988131] SERVICE ALERT: primary-server;Nginx Access Log Status;OK;HARD;1;Log check ok - 0 pattern matches found
[1579988160] SERVICE ALERT: secondary-server;Nginx Access Log Status;CRITICAL;SOFT;1;(351) < 103.16.101.72 [26/Jan/2020:03:00:32 +0530] TCP 502 0 0 0.000 "backend3" "0" "0" "0.000"
[1579988281] SERVICE ALERT: secondary-server;Nginx Access Log Status;OK;HARD;1;Log check ok - 0 pattern matches found
[1579988580] SERVICE NOTIFICATION: nagiosadmin;sservercluster2;Memory;CRITICAL;notify-service-by-email;CRITICAL - 0.7% (174156 kB) free!
[1579989482] SERVICE ALERT: sservercluster2;CPU_Procs;CRITICAL;SOFT;1;CPU CRITICAL: 1 crit, 0 warn out of 347 processes
[1579989494] Auto-save of retention data completed successfully.
[1579989602] SERVICE ALERT: sservercluster2;CPU_Procs;CRITICAL;SOFT;2;CPU CRITICAL: 1 crit, 0 warn out of 356 processes
[1579989722] SERVICE ALERT: sservercluster2;CPU_Procs;CRITICAL;HARD;3;CPU CRITICAL: 1 crit, 0 warn out of 348 processes
[1579990218] SERVICE NOTIFICATION: nagiosadmin;sigqscluster1;Memory;WARNING;notify-service-by-email;WARNING - 19.1% (9403968 kB) free!
[1579990322] SERVICE ALERT: sservercluster2;CPU_Procs;OK;HARD;1;CPU OK: 349 processes
[1579990773] SERVICE ALERT: rq-1;rq1-rabbitmqerror;CRITICAL;SOFT;1;CHECK_NRPE: Socket timeout after 10 seconds.
[1579990893] SERVICE ALERT: rq-1;rq1-rabbitmqerror;OK;HARD;1;Log check ok - 0 pattern matches found
[1579990923] SERVICE ALERT: sservercluster2;CPU_Procs;CRITICAL;SOFT;1;CPU CRITICAL: 1 crit, 0 warn out of 349 processes
[1579991043] SERVICE ALERT: sservercluster2;CPU_Procs;OK;HARD;1;CPU OK: 348 processes
[1579991569] SERVICE NOTIFICATION: nagiosadmin;primary-server;Nginx Error Log Status;CRITICAL;notify-service-by-email;(103) < 2020/01/26 04:02:44 [error] 18347#0: *26758769 access forbidden by rule while initializing session, client: 103.209.99.7, server: 0.0.0.0:13000
[1579991789] SERVICE FLAPPING ALERT: pservercluster1;Memory;STOPPED; Service appears to have stopped flapping (4.0% change < 5.0% threshold)
[1579991789] SERVICE NOTIFICATION: nagiosadmin;pservercluster1;Memory;CRITICAL;notify-service-by-email;CRITICAL - 3.8% (935828 kB) free!
[1579992180] SERVICE NOTIFICATION: nagiosadmin;sservercluster2;Memory;CRITICAL;notify-service-by-email;CRITICAL - 0.7% (181252 kB) free!
[1579993094] Auto-save of retention data completed successfully.
[1579993819] SERVICE NOTIFICATION: nagiosadmin;sigqscluster1;Memory;WARNING;notify-service-by-email;WARNING - 19.0% (9358540 kB) free!
[1579994643] SERVICE ALERT: sservercluster2;CPU_Procs;CRITICAL;SOFT;1;CPU CRITICAL: 1 crit, 0 warn out of 347 processes
[1579994763] SERVICE ALERT: sservercluster2;CPU_Procs;CRITICAL;SOFT;2;CPU CRITICAL: 1 crit, 0 warn out of 349 processes
[1579994883] SERVICE ALERT: sservercluster2;CPU_Procs;OK;HARD;1;CPU OK: 348 processes
[1579995098] SERVICE ALERT: sservercluster1;Memory;CRITICAL;SOFT;1;CRITICAL - 0.8% (189508 kB) free!
[1579995169] SERVICE NOTIFICATION: nagiosadmin;primary-server;Nginx Error Log Status;CRITICAL;notify-service-by-email;(104) < 2020/01/26 05:02:45 [error] 18344#0: *26761036 access forbidden by rule while initializing session, client: 103.209.99.7, server: 0.0.0.0:13000
[1579995218] SERVICE ALERT: sservercluster1;Memory;CRITICAL;SOFT;2;CRITICAL - 0.8% (187992 kB) free!
[1579995338] SERVICE NOTIFICATION: nagiosadmin;sservercluster1;Memory;CRITICAL;notify-service-by-email;CRITICAL - 0.8% (195912 kB) free!
[1579995338] SERVICE ALERT: sservercluster1;Memory;CRITICAL;HARD;3;CRITICAL - 0.8% (195912 kB) free!
[1579995390] SERVICE NOTIFICATION: nagiosadmin;pservercluster1;Memory;CRITICAL;notify-service-by-email;CRITICAL - 0.7% (181600 kB) free!
[1579995483] SERVICE ALERT: sservercluster2;CPU_Procs;WARNING;SOFT;1;CPU WARNING: 1 warn out of 346 processes
[1579995603] SERVICE ALERT: sservercluster2;CPU_Procs;OK;HARD;1;CPU OK: 353 processes
[1579995780] SERVICE NOTIFICATION: nagiosadmin;sservercluster2;Memory;CRITICAL;notify-service-by-email;CRITICAL - 0.7% (179980 kB) free!
[1579995989] SERVICE NOTIFICATION: nagiosadmin;pservercluster1;Memory;OK;notify-service-by-email;OK - 51.1% (12613712 kB) free.
[1579995989] SERVICE ALERT: pservercluster1;Memory;OK;HARD;1;OK - 51.1% (12613712 kB) free.
[1579996203] SERVICE ALERT: sservercluster2;CPU_Procs;CRITICAL;SOFT;1;CPU CRITICAL: 1 crit, 1 warn out of 354 processes
[1579996323] SERVICE ALERT: sservercluster2;CPU_Procs;OK;HARD;1;CPU OK: 345 processes
[1579996694] Auto-save of retention data completed successfully.
[1579996924] SERVICE ALERT: sservercluster2;CPU_Procs;WARNING;SOFT;1;CPU WARNING: 1 warn out of 348 processes
[1579997044] SERVICE ALERT: sservercluster2;CPU_Procs;OK;HARD;1;CPU OK: 346 processes
[1579997644] SERVICE ALERT: sservercluster2;CPU_Procs;CRITICAL;SOFT;1;CPU CRITICAL: 1 crit, 0 warn out of 347 processes
[1579997764] SERVICE ALERT: sservercluster2;CPU_Procs;CRITICAL;SOFT;2;CPU CRITICAL: 1 crit, 0 warn out of 347 processes
[1579997884] SERVICE ALERT: sservercluster2;CPU_Procs;WARNING;HARD;3;CPU WARNING: 1 warn out of 346 processes
[1579998018] SERVICE NOTIFICATION: nagiosadmin;sigqscluster1;Memory;WARNING;notify-service-by-email;WARNING - 18.9% (9299732 kB) free!
[1579998484] SERVICE ALERT: sservercluster2;CPU_Procs;CRITICAL;HARD;3;CPU CRITICAL: 1 crit, 0 warn out of 347 processes
[1579998769] SERVICE NOTIFICATION: nagiosadmin;primary-server;Nginx Error Log Status;CRITICAL;notify-service-by-email;(105) < 2020/01/26 06:02:47 [error] 18347#0: *26763287 access forbidden by rule while initializing session, client: 54.254.180.107, server: 0.0.0.0:13000
[1579998938] SERVICE NOTIFICATION: nagiosadmin;sservercluster1;Memory;CRITICAL;notify-service-by-email;CRITICAL - 1.1% (260196 kB) free!
[1579999261] EXTERNAL COMMAND: SCHEDULE_FORCED_SVC_CHECK;sservercluster1;Memory;1579999260
[1579999262] SERVICE NOTIFICATION: nagiosadmin;sservercluster1;Memory;OK;notify-service-by-email;OK - 90.6% (22204812 kB) free.
[1579999262] SERVICE ALERT: sservercluster1;Memory;OK;HARD;1;OK - 90.6% (22204812 kB) free.
[1579999264] EXTERNAL COMMAND: SCHEDULE_FORCED_SVC_CHECK;sservercluster1;Memory;1579999263
[1579999268] EXTERNAL COMMAND: SCHEDULE_FORCED_SVC_CHECK;sservercluster1;Memory;1579999267
[1579999302] EXTERNAL COMMAND: SCHEDULE_FORCED_SVC_CHECK;sservercluster2;Memory;1579999300
[1579999302] SERVICE NOTIFICATION: nagiosadmin;sservercluster2;Memory;OK;notify-service-by-email;OK - 86.6% (21216144 kB) free.
[1579999302] SERVICE ALERT: sservercluster2;Memory;OK;HARD;1;OK - 86.6% (21216144 kB) free.
[1579999306] EXTERNAL COMMAND: SCHEDULE_FORCED_SVC_CHECK;sservercluster2;Memory;1579999304
[1579999310] EXTERNAL COMMAND: SCHEDULE_FORCED_SVC_CHECK;sservercluster2;Memory;1579999309
[1579999910] SERVICE ALERT: sservercluster2;Memory;CRITICAL;SOFT;1;CRITICAL - 0.9% (222544 kB) free!
[1580000030] SERVICE ALERT: sservercluster2;Memory;CRITICAL;SOFT;2;CRITICAL - 0.8% (187756 kB) free!
[1580000150] SERVICE NOTIFICATION: nagiosadmin;sservercluster2;Memory;CRITICAL;notify-service-by-email;CRITICAL - 0.8% (188960 kB) free!
[1580000150] SERVICE ALERT: sservercluster2;Memory;CRITICAL;HARD;3;CRITICAL - 0.8% (188960 kB) free!
[1580000294] Auto-save of retention data completed successfully.
[1580001484] SERVICE ALERT: sservercluster2;CPU_Procs;OK;HARD;1;CPU OK: 348 processes
[1580001619] SERVICE NOTIFICATION: nagiosadmin;sigqscluster1;Memory;WARNING;notify-service-by-email;WARNING - 18.7% (9226716 kB) free!
[1580002369] SERVICE NOTIFICATION: nagiosadmin;primary-server;Nginx Error Log Status;CRITICAL;notify-service-by-email;(105) < 2020/01/26 07:02:47 [error] 18348#0: *26765561 access forbidden by rule while initializing session, client: 103.209.99.7, server: 0.0.0.0:13000
[1580002684] SERVICE ALERT: sservercluster2;CPU_Procs;CRITICAL;SOFT;1;CPU CRITICAL: 1 crit, 0 warn out of 347 processes
[1580002805] SERVICE ALERT: sservercluster2;CPU_Procs;CRITICAL;SOFT;2;CPU CRITICAL: 1 crit, 0 warn out of 354 processes
[1580002925] SERVICE ALERT: sservercluster2;CPU_Procs;OK;HARD;1;CPU OK: 351 processes
[1580003750] SERVICE NOTIFICATION: nagiosadmin;sservercluster2;Memory;CRITICAL;notify-service-by-email;CRITICAL - 0.7% (169248 kB) free!
[1580003894] Auto-save of retention data completed successfully.
[1580004125] SERVICE ALERT: sservercluster2;CPU_Procs;CRITICAL;SOFT;1;CPU CRITICAL: 1 crit, 0 warn out of 351 processes
[1580004245] SERVICE ALERT: sservercluster2;CPU_Procs;CRITICAL;SOFT;2;CPU CRITICAL: 1 crit, 0 warn out of 348 processes
[1580004365] SERVICE ALERT: sservercluster2;CPU_Procs;CRITICAL;HARD;3;CPU CRITICAL: 1 crit, 0 warn out of 347 processes
[1580004965] SERVICE ALERT: sservercluster2;CPU_Procs;OK;HARD;1;CPU OK: 349 processes
[1580005818] SERVICE NOTIFICATION: nagiosadmin;sigqscluster1;Memory;WARNING;notify-service-by-email;WARNING - 17.7% (8725856 kB) free!
[1580005969] SERVICE NOTIFICATION: nagiosadmin;primary-server;Nginx Error Log Status;CRITICAL;notify-service-by-email;(103) < 2020/01/26 08:02:48 [error] 18344#0: *26767807 access forbidden by rule while initializing session, client: 103.209.99.7, server: 0.0.0.0:13000
[1580006165] SERVICE ALERT: sservercluster2;CPU_Procs;CRITICAL;SOFT;1;CPU CRITICAL: 1 crit, 0 warn out of 348 processes
[1580006230] EXTERNAL COMMAND: SCHEDULE_FORCED_SVC_CHECK;sservercluster2;Memory;1580006228
[1580006230] SERVICE NOTIFICATION: nagiosadmin;sservercluster2;Memory;OK;notify-service-by-email;OK - 87.3% (21405084 kB) free.
[1580006230] SERVICE ALERT: sservercluster2;Memory;OK;HARD;1;OK - 87.3% (21405084 kB) free.
[1580006234] EXTERNAL COMMAND: SCHEDULE_FORCED_SVC_CHECK;sservercluster2;Memory;1580006232
[1580006238] EXTERNAL COMMAND: SCHEDULE_FORCED_SVC_CHECK;sservercluster2;Memory;1580006237
[1580006286] SERVICE ALERT: sservercluster2;CPU_Procs;OK;HARD;1;CPU OK: 348 processes
[1580006838] SERVICE ALERT: sservercluster2;Memory;CRITICAL;SOFT;1;CRITICAL - 0.8% (187056 kB) free!
[1580006885] SERVICE ALERT: sservercluster2;CPU_Procs;CRITICAL;SOFT;1;CPU CRITICAL: 1 crit, 0 warn out of 346 processes
[1580006958] SERVICE ALERT: sservercluster2;Memory;CRITICAL;SOFT;2;CRITICAL - 0.7% (168904 kB) free!
[1580007005] SERVICE ALERT: sservercluster2;CPU_Procs;CRITICAL;SOFT;2;CPU CRITICAL: 1 crit, 0 warn out of 351 processes
[1580007078] SERVICE FLAPPING ALERT: sservercluster2;Memory;STARTED; Service appears to have started flapping (20.5% change >= 20.0% threshold)
[1580007078] SERVICE ALERT: sservercluster2;Memory;CRITICAL;HARD;3;CRITICAL - 0.9% (213012 kB) free!
[1580007125] SERVICE ALERT: sservercluster2;CPU_Procs;WARNING;HARD;3;CPU WARNING: 1 warn out of 348 processes
[1580007494] Auto-save of retention data completed successfully.
[1580007725] SERVICE ALERT: sservercluster2;CPU_Procs;OK;HARD;1;CPU OK: 351 processes
[1580008925] SERVICE ALERT: sservercluster2;CPU_Procs;CRITICAL;SOFT;1;CPU CRITICAL: 1 crit, 0 warn out of 348 processes
[1580009046] SERVICE ALERT: sservercluster2;CPU_Procs;OK;HARD;1;CPU OK: 348 processes
[1580009419] SERVICE NOTIFICATION: nagiosadmin;sigqscluster1;Memory;WARNING;notify-service-by-email;WARNING - 16.7% (8227548 kB) free!
[1580009569] SERVICE NOTIFICATION: nagiosadmin;primary-server;Nginx Error Log Status;CRITICAL;notify-service-by-email;(104) < 2020/01/26 09:02:49 [error] 18349#0: *26770085 access forbidden by rule while initializing session, client: 103.209.99.7, server: 0.0.0.0:13000
[1580010208] SERVICE ALERT: secondary-server;Nginx Error Log Status;CRITICAL;SOFT;1;(37) < 2020/01/26 09:06:54 [error] 18364#0: *43931727 connect() failed (111: Connection refused) while connecting to upstream, client: 49.50.86.152, server: 0.0.0.0:4000, upstream: "10.147.212.61:4000", bytes from/to client:0/0, bytes from/to upstream:0/0
[1580010328] SERVICE ALERT: secondary-server;Nginx Error Log Status;OK;HARD;1;Log check ok - 0 pattern matches found
[1580010925] EXTERNAL COMMAND: SCHEDULE_FORCED_SVC_CHECK;sservercluster2;Memory;1580010923
[1580010925] EXTERNAL COMMAND: SCHEDULE_FORCED_SVC_CHECK;sservercluster2;Memory;1580010923
[1580010925] SERVICE ALERT: sservercluster2;Memory;OK;HARD;1;OK - 85.7% (21017212 kB) free.
[1580010929] EXTERNAL COMMAND: SCHEDULE_FORCED_SVC_CHECK;sservercluster2;Memory;1580010928
[1580011094] Auto-save of retention data completed successfully.
[1580011445] SERVICE ALERT: sservercluster2;CPU_Procs;CRITICAL;SOFT;1;CPU CRITICAL: 1 crit, 0 warn out of 350 processes
[1580011529] SERVICE ALERT: sservercluster2;Memory;CRITICAL;SOFT;1;CRITICAL - 0.7% (178984 kB) free!
[1580011565] SERVICE ALERT: sservercluster2;CPU_Procs;OK;HARD;1;CPU OK: 347 processes
[1580011650] SERVICE ALERT: sservercluster2;Memory;CRITICAL;SOFT;2;CRITICAL - 0.7% (169328 kB) free!
[1580011770] SERVICE ALERT: sservercluster2;Memory;CRITICAL;HARD;3;CRITICAL - 0.7% (178964 kB) free!
[1580012165] SERVICE ALERT: sservercluster2;CPU_Procs;CRITICAL;SOFT;1;CPU CRITICAL: 1 crit, 0 warn out of 347 processes
[1580012285] SERVICE ALERT: sservercluster2;CPU_Procs;OK;HARD;1;CPU OK: 348 processes
[1580012886] SERVICE ALERT: sservercluster2;CPU_Procs;CRITICAL;SOFT;1;CPU CRITICAL: 1 crit, 0 warn out of 348 processes
[1580013006] SERVICE ALERT: sservercluster2;CPU_Procs;CRITICAL;SOFT;2;CPU CRITICAL: 1 crit, 0 warn out of 351 processes
[1580013126] SERVICE ALERT: sservercluster2;CPU_Procs;CRITICAL;HARD;3;CPU CRITICAL: 1 crit, 0 warn out of 351 processes
[1580013169] SERVICE NOTIFICATION: nagiosadmin;primary-server;Nginx Error Log Status;CRITICAL;notify-service-by-email;(104) < 2020/01/26 10:02:40 [error] 18346#0: *26772370 access forbidden by rule while initializing session, client: 103.209.99.7, server: 0.0.0.0:13000
[1580013618] SERVICE NOTIFICATION: nagiosadmin;sigqscluster1;Memory;WARNING;notify-service-by-email;WARNING - 14.5% (7132592 kB) free!
[1580014694] Auto-save of retention data completed successfully.
[1580015189] SERVICE ALERT: pservercluster1;Memory;WARNING;SOFT;1;WARNING - 18.9% (4652800 kB) free!
[1580015309] SERVICE ALERT: pservercluster1;Memory;WARNING;SOFT;2;WARNING - 18.6% (4601324 kB) free!
[1580015429] SERVICE NOTIFICATION: nagiosadmin;pservercluster1;Memory;WARNING;notify-service-by-email;WARNING - 18.4% (4532636 kB) free!
[1580015429] SERVICE ALERT: pservercluster1;Memory;WARNING;HARD;3;WARNING - 18.4% (4532636 kB) free!
[1580016769] SERVICE NOTIFICATION: nagiosadmin;primary-server;Nginx Error Log Status;CRITICAL;notify-service-by-email;(103) < 2020/01/26 11:02:42 [error] 18345#0: *26774657 access forbidden by rule while initializing session, client: 103.209.99.7, server: 0.0.0.0:13000
[1580016910] EXTERNAL COMMAND: SCHEDULE_FORCED_SVC_CHECK;sservercluster2;Memory;1580016909
[1580016911] SERVICE ALERT: sservercluster2;Memory;OK;HARD;1;OK - 87.8% (21514332 kB) free.
[1580016914] EXTERNAL COMMAND: SCHEDULE_FORCED_SVC_CHECK;sservercluster2;Memory;1580016913
[1580016918] EXTERNAL COMMAND: SCHEDULE_FORCED_SVC_CHECK;sservercluster2;Memory;1580016917
[1580017219] SERVICE NOTIFICATION: nagiosadmin;sigqscluster1;Memory;CRITICAL;notify-service-by-email;CRITICAL - 9.4% (4645500 kB) free!
[1580017219] SERVICE ALERT: sigqscluster1;Memory;CRITICAL;HARD;3;CRITICAL - 9.4% (4645500 kB) free!
[1580017326] SERVICE ALERT: sservercluster2;CPU_Procs;WARNING;HARD;3;CPU WARNING: 1 warn out of 352 processes
[1580017519] SERVICE ALERT: sservercluster2;Memory;CRITICAL;SOFT;1;CRITICAL - 0.7% (166408 kB) free!
[1580017639] SERVICE ALERT: sservercluster2;Memory;CRITICAL;SOFT;2;CRITICAL - 0.8% (191464 kB) free!
[1580017736] SERVICE ALERT: primary-server;Memory;CRITICAL;SOFT;1;CRITICAL - 0.7% (167360 kB) free!
[1580017759] SERVICE ALERT: sservercluster2;Memory;CRITICAL;HARD;3;CRITICAL - 0.7% (174824 kB) free!
[1580017829] SERVICE NOTIFICATION: nagiosadmin;pservercluster1;Memory;CRITICAL;notify-service-by-email;CRITICAL - 8.5% (2096032 kB) free!
[1580017829] SERVICE ALERT: pservercluster1;Memory;CRITICAL;HARD;3;CRITICAL - 8.5% (2096032 kB) free!
[1580017856] SERVICE ALERT: primary-server;Memory;CRITICAL;SOFT;2;CRITICAL - 0.7% (180672 kB) free!
[1580017926] SERVICE ALERT: sservercluster2;CPU_Procs;CRITICAL;HARD;3;CPU CRITICAL: 1 crit, 0 warn out of 348 processes
[1580017976] SERVICE NOTIFICATION: nagiosadmin;primary-server;Memory;CRITICAL;notify-service-by-email;CRITICAL - 0.7% (181168 kB) free!
[1580017976] SERVICE ALERT: primary-server;Memory;CRITICAL;HARD;3;CRITICAL - 0.7% (181168 kB) free!
[1580018294] Auto-save of retention data completed successfully.
[1580020369] SERVICE NOTIFICATION: nagiosadmin;primary-server;Nginx Error Log Status;CRITICAL;notify-service-by-email;(103) < 2020/01/26 12:02:44 [error] 18341#0: *26776920 access forbidden by rule while initializing session, client: 103.209.99.7, server: 0.0.0.0:13000
[1580020692] EXTERNAL COMMAND: SCHEDULE_FORCED_SVC_CHECK;pservercluster1;Memory;1580020690
[1580020692] SERVICE NOTIFICATION: nagiosadmin;pservercluster1;Memory;OK;notify-service-by-email;OK - 86.8% (21412604 kB) free.
[1580020692] SERVICE ALERT: pservercluster1;Memory;OK;HARD;1;OK - 86.8% (21412604 kB) free.
[1580020695] EXTERNAL COMMAND: SCHEDULE_FORCED_SVC_CHECK;pservercluster1;Memory;1580020694
[1580020698] EXTERNAL COMMAND: SCHEDULE_FORCED_SVC_CHECK;pservercluster1;Memory;1580020697
[1580020725] EXTERNAL COMMAND: SCHEDULE_FORCED_SVC_CHECK;primary-server;Memory;1580020724
[1580020725] SERVICE NOTIFICATION: nagiosadmin;primary-server;Memory;OK;notify-service-by-email;OK - 89.2% (21864316 kB) free.
[1580020725] SERVICE ALERT: primary-server;Memory;OK;HARD;1;OK - 89.2% (21864316 kB) free.
[1580020727] EXTERNAL COMMAND: SCHEDULE_FORCED_SVC_CHECK;primary-server;Memory;1580020726
[1580020762] EXTERNAL COMMAND: SCHEDULE_FORCED_SVC_CHECK;sigqscluster1;Memory;1580020761
[1580020763] SERVICE NOTIFICATION: nagiosadmin;sigqscluster1;Memory;OK;notify-service-by-email;OK - 81.6% (40219136 kB) free.
[1580020763] SERVICE ALERT: sigqscluster1;Memory;OK;HARD;1;OK - 81.6% (40219136 kB) free.
[1580020766] EXTERNAL COMMAND: SCHEDULE_FORCED_SVC_CHECK;sigqscluster1;Memory;1580020764
[1580020770] EXTERNAL COMMAND: SCHEDULE_FORCED_SVC_CHECK;sigqscluster1;Memory;1580020769
[1580020795] EXTERNAL COMMAND: SCHEDULE_FORCED_SVC_CHECK;sservercluster2;Memory;1580020794
[1580020795] SERVICE ALERT: sservercluster2;Memory;OK;HARD;1;OK - 88.9% (21792304 kB) free.
[1580020798] EXTERNAL COMMAND: SCHEDULE_FORCED_SVC_CHECK;sservercluster2;Memory;1580020797
[1580021398] SERVICE ALERT: sservercluster2;Memory;CRITICAL;SOFT;1;CRITICAL - 0.7% (175008 kB) free!
[1580021518] SERVICE ALERT: sservercluster2;Memory;CRITICAL;SOFT;2;CRITICAL - 0.7% (180688 kB) free!
[1580021638] SERVICE ALERT: sservercluster2;Memory;CRITICAL;HARD;3;CRITICAL - 0.8% (183984 kB) free!
[1580021894] Auto-save of retention data completed successfully.
[1580023969] SERVICE NOTIFICATION: nagiosadmin;primary-server;Nginx Error Log Status;CRITICAL;notify-service-by-email;(106) < 2020/01/26 13:02:45 [error] 18346#0: *26779206 access forbidden by rule while initializing session, client: 103.209.99.7, server: 0.0.0.0:13000
[1580025120] EXTERNAL COMMAND: SCHEDULE_FORCED_SVC_CHECK;sservercluster2;Memory;1580025118
[1580025120] SERVICE ALERT: sservercluster2;Memory;OK;HARD;1;OK - 87.9% (21552152 kB) free.
[1580025123] EXTERNAL COMMAND: SCHEDULE_FORCED_SVC_CHECK;sservercluster2;Memory;1580025122
[1580025126] EXTERNAL COMMAND: SCHEDULE_FORCED_SVC_CHECK;sservercluster2;Memory;1580025125
[1580025126] SERVICE ALERT: sservercluster2;CPU_Procs;OK;HARD;1;CPU OK: 349 processes
[1580025131] EXTERNAL COMMAND: SCHEDULE_FORCED_SVC_CHECK;sservercluster2;Memory;1580025130
[1580025494] Auto-save of retention data completed successfully.
[1580025731] SERVICE ALERT: sservercluster2;Memory;CRITICAL;SOFT;1;CRITICAL - 0.7% (179380 kB) free!
[1580025851] SERVICE ALERT: sservercluster2;Memory;CRITICAL;SOFT;2;CRITICAL - 0.8% (186504 kB) free!
[1580025971] SERVICE ALERT: sservercluster2;Memory;CRITICAL;HARD;3;CRITICAL - 0.7% (182392 kB) free!
[1580026098] SERVICE ALERT: pservercluster1;Memory;WARNING;SOFT;1;WARNING - 14.4% (3548728 kB) free!
[1580026218] SERVICE ALERT: pservercluster1;Memory;WARNING;SOFT;2;WARNING - 14.3% (3522232 kB) free!
[1580026326] SERVICE ALERT: sservercluster2;CPU_Procs;WARNING;SOFT;1;CPU WARNING: 1 warn out of 349 processes
[1580026338] SERVICE NOTIFICATION: nagiosadmin;pservercluster1;Memory;WARNING;notify-service-by-email;WARNING - 14.1% (3490240 kB) free!
[1580026338] SERVICE ALERT: pservercluster1;Memory;WARNING;HARD;3;WARNING - 14.1% (3490240 kB) free!
[1580026446] SERVICE ALERT: sservercluster2;CPU_Procs;WARNING;SOFT;2;CPU WARNING: 1 warn out of 349 processes
[1580026566] SERVICE ALERT: sservercluster2;CPU_Procs;WARNING;HARD;3;CPU WARNING: 1 warn out of 348 processes
[1580026985] SERVICE ALERT: redis-1;CPU_Procs;WARNING;SOFT;1;CPU WARNING: 1 warn out of 402 processes
[1580027105] SERVICE ALERT: redis-1;CPU_Procs;OK;HARD;1;CPU OK: 399 processes
[1580027166] SERVICE ALERT: sservercluster2;CPU_Procs;CRITICAL;HARD;3;CPU CRITICAL: 1 crit, 1 warn out of 350 processes
[1580027569] SERVICE NOTIFICATION: nagiosadmin;primary-server;Nginx Error Log Status;CRITICAL;notify-service-by-email;(105) < 2020/01/26 14:02:49 [error] 18344#0: *26781474 access forbidden by rule while initializing session, client: 54.254.180.107, server: 0.0.0.0:13000
[1580028138] SERVICE FLAPPING ALERT: pservercluster1;Memory;STARTED; Service appears to have started flapping (20.3% change >= 20.0% threshold)
[1580028138] SERVICE ALERT: pservercluster1;Memory;CRITICAL;HARD;3;CRITICAL - 6.6% (1631980 kB) free!
[1580028305] SERVICE ALERT: redis-1;CPU_Procs;WARNING;SOFT;1;CPU WARNING: 1 warn out of 401 processes
[1580028425] SERVICE ALERT: redis-1;CPU_Procs;OK;HARD;1;CPU OK: 398 processes
[1580029026] SERVICE ALERT: redis-1;CPU_Procs;WARNING;SOFT;1;CPU WARNING: 1 warn out of 402 processes
[1580029094] Auto-save of retention data completed successfully.
[1580029146] SERVICE ALERT: redis-1;CPU_Procs;OK;HARD;1;CPU OK: 401 processes
[1580031068] SERVICE ALERT: sservercluster1;Memory;WARNING;SOFT;1;WARNING - 18.0% (4404476 kB) free!
[1580031169] SERVICE NOTIFICATION: nagiosadmin;primary-server;Nginx Error Log Status;CRITICAL;notify-service-by-email;(104) < 2020/01/26 15:02:47 [error] 18347#0: *26783746 access forbidden by rule while initializing session, client: 54.254.180.107, server: 0.0.0.0:13000
[1580031188] SERVICE ALERT: sservercluster1;Memory;WARNING;SOFT;2;WARNING - 17.5% (4287396 kB) free!
[1580031308] SERVICE NOTIFICATION: nagiosadmin;sservercluster1;Memory;WARNING;notify-service-by-email;WARNING - 17.2% (4211100 kB) free!
[1580031308] SERVICE ALERT: sservercluster1;Memory;WARNING;HARD;3;WARNING - 17.2% (4211100 kB) free!
[1580032177] EXTERNAL COMMAND: SCHEDULE_FORCED_SVC_CHECK;pservercluster1;Memory;1580032176
[1580032177] SERVICE ALERT: pservercluster1;Memory;OK;HARD;1;OK - 85.6% (21121684 kB) free.
[1580032205] EXTERNAL COMMAND: SCHEDULE_FORCED_SVC_CHECK;sservercluster2;Memory;1580032203
[1580032205] SERVICE ALERT: sservercluster2;Memory;OK;HARD;1;OK - 94.2% (23095564 kB) free.
[1580032207] EXTERNAL COMMAND: SCHEDULE_FORCED_SVC_CHECK;sservercluster2;Memory;1580032206
[1580032210] EXTERNAL COMMAND: SCHEDULE_FORCED_SVC_CHECK;sservercluster2;Memory;1580032209
[1580032573] SERVICE ALERT: sservercluster2;Current Users;WARNING;SOFT;1;USERS WARNING - 6 users currently logged in
[1580032693] SERVICE ALERT: sservercluster2;Current Users;WARNING;SOFT;2;USERS WARNING - 6 users currently logged in
[1580032694] Auto-save of retention data completed successfully.
[1580032813] SERVICE NOTIFICATION: nagiosadmin;sservercluster2;Current Users;WARNING;notify-service-by-email;USERS WARNING - 6 users currently logged in
[1580032813] SERVICE ALERT: sservercluster2;Current Users;WARNING;HARD;3;USERS WARNING - 6 users currently logged in
[1580034042] SERVICE ALERT: webservercluster1;CPU_Procs;WARNING;SOFT;1;CPU WARNING: 1 warn out of 329 processes
[1580034162] SERVICE ALERT: webservercluster1;CPU_Procs;OK;HARD;1;CPU OK: 327 processes
[1580034308] SERVICE NOTIFICATION: nagiosadmin;sservercluster1;Memory;CRITICAL;notify-service-by-email;CRITICAL - 8.6% (2110172 kB) free!
[1580034308] SERVICE ALERT: sservercluster1;Memory;CRITICAL;HARD;3;CRITICAL - 8.6% (2110172 kB) free!
[1580034769] SERVICE NOTIFICATION: nagiosadmin;primary-server;Nginx Error Log Status;CRITICAL;notify-service-by-email;(102) < 2020/01/26 16:02:41 [error] 18349#0: *26786003 access forbidden by rule while initializing session, client: 103.209.99.7, server: 0.0.0.0:13000
[1580036294] Auto-save of retention data completed successfully.
[1580036413] SERVICE NOTIFICATION: nagiosadmin;sservercluster2;Current Users;WARNING;notify-service-by-email;USERS WARNING - 6 users currently logged in
[1580037010] SERVICE FLAPPING ALERT: sservercluster2;Memory;STOPPED; Service appears to have stopped flapping (4.9% change < 5.0% threshold)
[1580037010] SERVICE NOTIFICATION: nagiosadmin;sservercluster2;Memory;OK;notify-service-by-email;OK - 83.6% (20488348 kB) free.
[1580037278] SERVICE ALERT: qservercluster2;Memory;WARNING;SOFT;1;WARNING - 19.6% (9644676 kB) free!
[1580037398] SERVICE ALERT: qservercluster2;Memory;WARNING;SOFT;2;WARNING - 19.4% (9583196 kB) free!
[1580037518] SERVICE NOTIFICATION: nagiosadmin;qservercluster2;Memory;WARNING;notify-service-by-email;WARNING - 19.3% (9518464 kB) free!
[1580037518] SERVICE ALERT: qservercluster2;Memory;WARNING;HARD;3;WARNING - 19.3% (9518464 kB) free!
[1580037908] SERVICE NOTIFICATION: nagiosadmin;sservercluster1;Memory;CRITICAL;notify-service-by-email;CRITICAL - 0.7% (175732 kB) free!
[1580038369] SERVICE NOTIFICATION: nagiosadmin;primary-server;Nginx Error Log Status;CRITICAL;notify-service-by-email;(103) < 2020/01/26 17:02:43 [error] 18344#0: *26788268 access forbidden by rule while initializing session, client: 103.209.99.7, server: 0.0.0.0:13000
[1580038566] SERVICE FLAPPING ALERT: sservercluster2;CPU_Procs;STOPPED; Service appears to have stopped flapping (3.8% change < 5.0% threshold)
[1580038566] SERVICE NOTIFICATION: nagiosadmin;sservercluster2;CPU_Procs;CRITICAL;notify-service-by-email;CPU CRITICAL: 1 crit, 0 warn out of 350 processes
[1580039894] Auto-save of retention data completed successfully.
[1580039977] SERVICE FLAPPING ALERT: pservercluster1;Memory;STOPPED; Service appears to have stopped flapping (4.5% change < 5.0% threshold)
[1580039977] SERVICE NOTIFICATION: nagiosadmin;pservercluster1;Memory;OK;notify-service-by-email;OK - 41.9% (10346184 kB) free.
[1580040013] SERVICE NOTIFICATION: nagiosadmin;sservercluster2;Current Users;WARNING;notify-service-by-email;USERS WARNING - 6 users currently logged in
[1580041118] SERVICE NOTIFICATION: nagiosadmin;qservercluster2;Memory;WARNING;notify-service-by-email;WARNING - 15.3% (7524776 kB) free!
[1580041149] SERVICE ALERT: smscapp1;Memory;WARNING;SOFT;1;WARNING - 19.9% (9808896 kB) free!
[1580041269] SERVICE ALERT: smscapp1;Memory;WARNING;SOFT;2;WARNING - 19.7% (9704576 kB) free!
[1580041389] SERVICE NOTIFICATION: nagiosadmin;smscapp1;Memory;WARNING;notify-service-by-email;WARNING - 19.5% (9590420 kB) free!
[1580041389] SERVICE ALERT: smscapp1;Memory;WARNING;HARD;3;WARNING - 19.5% (9590420 kB) free!
[1580041508] SERVICE NOTIFICATION: nagiosadmin;sservercluster1;Memory;CRITICAL;notify-service-by-email;CRITICAL - 0.7% (165948 kB) free!
[1580041569] EXTERNAL COMMAND: SCHEDULE_FORCED_SVC_CHECK;sservercluster1;Memory;1580041568
[1580041569] SERVICE NOTIFICATION: nagiosadmin;sservercluster1;Memory;OK;notify-service-by-email;OK - 79.4% (19471348 kB) free.
[1580041569] SERVICE ALERT: sservercluster1;Memory;OK;HARD;1;OK - 79.4% (19471348 kB) free.
[1580041571] EXTERNAL COMMAND: SCHEDULE_FORCED_SVC_CHECK;sservercluster1;Memory;1580041571
[1580041574] EXTERNAL COMMAND: SCHEDULE_FORCED_SVC_CHECK;sservercluster1;Memory;1580041574
[1580041578] EXTERNAL COMMAND: SCHEDULE_FORCED_SVC_CHECK;sservercluster1;Memory;1580041577
[1580041727] SERVICE ALERT: primary-server;Memory;WARNING;SOFT;1;WARNING - 19.9% (4874408 kB) free!
[1580041847] SERVICE ALERT: primary-server;Memory;WARNING;SOFT;2;WARNING - 19.5% (4777300 kB) free!
[1580041967] SERVICE NOTIFICATION: nagiosadmin;primary-server;Memory;WARNING;notify-service-by-email;WARNING - 19.0% (4660752 kB) free!
[1580041967] SERVICE ALERT: primary-server;Memory;WARNING;HARD;3;WARNING - 19.0% (4660752 kB) free!
[1580041970] SERVICE NOTIFICATION: nagiosadmin;primary-server;Nginx Error Log Status;CRITICAL;notify-service-by-email;(484) < 2020/01/26 18:02:48 [error] 18343#0: *26791156 access forbidden by rule while initializing session, client: 54.254.180.107, server: 0.0.0.0:13000
[1580042131] SERVICE ALERT: primary-server;Nginx Access Log Status;CRITICAL;SOFT;1;(247) < 185.255.8.58 [26/Jan/2020:18:00:57 +0530] TCP 502 0 0 0.000 "backend_13001" "0" "0" "0.000"
[1580042166] SERVICE NOTIFICATION: nagiosadmin;sservercluster2;CPU_Procs;CRITICAL;notify-service-by-email;CPU CRITICAL: 1 crit, 0 warn out of 341 processes
[1580042251] SERVICE ALERT: primary-server;Nginx Access Log Status;OK;HARD;1;Log check ok - 0 pattern matches found
[1580043494] Auto-save of retention data completed successfully.
[1580043613] SERVICE NOTIFICATION: nagiosadmin;sservercluster2;Current Users;WARNING;notify-service-by-email;USERS WARNING - 6 users currently logged in
[1580044146] SERVICE ALERT: redis-1;CPU_Procs;WARNING;SOFT;1;CPU WARNING: 1 warn out of 401 processes
[1580044266] SERVICE ALERT: redis-1;CPU_Procs;OK;HARD;1;CPU OK: 401 processes
[1580044718] SERVICE NOTIFICATION: nagiosadmin;qservercluster2;Memory;WARNING;notify-service-by-email;WARNING - 11.6% (5730232 kB) free!
[1580044989] SERVICE NOTIFICATION: nagiosadmin;smscapp1;Memory;WARNING;notify-service-by-email;WARNING - 13.7% (6767528 kB) free!
[1580045567] SERVICE NOTIFICATION: nagiosadmin;primary-server;Memory;CRITICAL;notify-service-by-email;CRITICAL - 10.0% (2461652 kB) free!
[1580045567] SERVICE ALERT: primary-server;Memory;CRITICAL;HARD;3;CRITICAL - 10.0% (2461652 kB) free!
[1580045766] SERVICE NOTIFICATION: nagiosadmin;sservercluster2;CPU_Procs;OK;notify-service-by-email;CPU OK: 342 processes
[1580045766] SERVICE ALERT: sservercluster2;CPU_Procs;OK;HARD;1;CPU OK: 342 processes
[1580045851] SERVICE ALERT: primary-server;Nginx Access Log Status;CRITICAL;SOFT;1;(6) < 203.212.70.170 [26/Jan/2020:19:00:09 +0530] TCP 502 0 0 120.000 "10.147.212.155:3001, 10.147.212.143:3001, backend_3001" "0, 0, 0" "0, 0, 0" "60.000, 60.000, 0.000"
[1580045972] SERVICE ALERT: primary-server;Nginx Access Log Status;OK;HARD;1;Log check ok - 0 pattern matches found
[1580046170] SERVICE NOTIFICATION: nagiosadmin;primary-server;Nginx Error Log Status;CRITICAL;notify-service-by-email;(104) < 2020/01/26 19:12:48 [error] 18347#0: *26795110 access forbidden by rule while initializing session, client: 103.209.99.7, server: 0.0.0.0:13000
[1580047094] Auto-save of retention data completed successfully.
[1580047177] SERVICE ALERT: pservercluster1;Memory;WARNING;SOFT;1;WARNING - 17.8% (4391360 kB) free!
[1580047213] SERVICE NOTIFICATION: nagiosadmin;sservercluster2;Current Users;WARNING;notify-service-by-email;USERS WARNING - 6 users currently logged in
[1580047297] SERVICE ALERT: pservercluster1;Memory;WARNING;SOFT;2;WARNING - 14.9% (3675324 kB) free!
[1580047418] SERVICE NOTIFICATION: nagiosadmin;pservercluster1;Memory;WARNING;notify-service-by-email;WARNING - 14.9% (3664676 kB) free!
[1580047418] SERVICE ALERT: pservercluster1;Memory;WARNING;HARD;3;WARNING - 14.9% (3664676 kB) free!
[1580047718] SERVICE NOTIFICATION: nagiosadmin;qservercluster2;Memory;CRITICAL;notify-service-by-email;CRITICAL - 10.0% (4939176 kB) free!
[1580047718] SERVICE ALERT: qservercluster2;Memory;CRITICAL;HARD;3;CRITICAL - 10.0% (4939176 kB) free!
[1580048589] SERVICE NOTIFICATION: nagiosadmin;smscapp1;Memory;WARNING;notify-service-by-email;WARNING - 11.1% (5465184 kB) free!
[1580049168] SERVICE NOTIFICATION: nagiosadmin;primary-server;Memory;CRITICAL;notify-service-by-email;CRITICAL - 7.0% (1715500 kB) free!
[1580049770] SERVICE NOTIFICATION: nagiosadmin;primary-server;Nginx Error Log Status;CRITICAL;notify-service-by-email;(104) < 2020/01/26 20:12:40 [error] 18338#0: *26797370 access forbidden by rule while initializing session, client: 103.209.99.7, server: 0.0.0.0:13000
[1580050694] Auto-save of retention data completed successfully.
[1580050813] SERVICE NOTIFICATION: nagiosadmin;sservercluster2;Current Users;WARNING;notify-service-by-email;USERS WARNING - 6 users currently logged in
[1580051018] SERVICE NOTIFICATION: nagiosadmin;pservercluster1;Memory;CRITICAL;notify-service-by-email;CRITICAL - 9.7% (2393048 kB) free!
[1580051018] SERVICE ALERT: pservercluster1;Memory;CRITICAL;HARD;3;CRITICAL - 9.7% (2393048 kB) free!
[1580051318] SERVICE NOTIFICATION: nagiosadmin;qservercluster2;Memory;CRITICAL;notify-service-by-email;CRITICAL - 9.2% (4535336 kB) free!
[1580052189] SERVICE NOTIFICATION: nagiosadmin;smscapp1;Memory;CRITICAL;notify-service-by-email;CRITICAL - 10.0% (4925068 kB) free!
[1580052189] SERVICE ALERT: smscapp1;Memory;CRITICAL;HARD;3;CRITICAL - 10.0% (4925068 kB) free!
[1580052666] SERVICE ALERT: redis-1;CPU_Procs;WARNING;SOFT;1;CPU WARNING: 1 warn out of 403 processes
[1580052768] SERVICE NOTIFICATION: nagiosadmin;primary-server;Memory;CRITICAL;notify-service-by-email;CRITICAL - 5.7% (1405096 kB) free!
[1580052786] SERVICE ALERT: redis-1;CPU_Procs;WARNING;SOFT;2;CPU WARNING: 1 warn out of 401 processes
[1580052906] SERVICE ALERT: redis-1;CPU_Procs;OK;HARD;1;CPU OK: 401 processes
[1580053813] SERVICE NOTIFICATION: nagiosadmin;sservercluster2;Current Users;OK;notify-service-by-email;USERS OK - 5 users currently logged in
[1580053813] SERVICE ALERT: sservercluster2;Current Users;OK;HARD;1;USERS OK - 5 users currently logged in
[1580053970] SERVICE NOTIFICATION: nagiosadmin;primary-server;Nginx Error Log Status;CRITICAL;notify-service-by-email;(105) < 2020/01/26 21:22:44 [error] 18341#0: *26800008 access forbidden by rule while initializing session, client: 103.209.99.7, server: 0.0.0.0:13000
[1580054294] Auto-save of retention data completed successfully.
[1580054619] SERVICE NOTIFICATION: nagiosadmin;pservercluster1;Memory;CRITICAL;notify-service-by-email;CRITICAL - 7.3% (1809892 kB) free!
[1580054918] SERVICE NOTIFICATION: nagiosadmin;qservercluster2;Memory;CRITICAL;notify-service-by-email;CRITICAL - 8.5% (4210732 kB) free!
[1580055788] EXTERNAL COMMAND: SCHEDULE_FORCED_SVC_CHECK;pservercluster1;Memory;1580055781
[1580055789] SERVICE NOTIFICATION: nagiosadmin;pservercluster1;Memory;OK;notify-service-by-email;OK - 87.6% (21614644 kB) free.
[1580055789] SERVICE ALERT: pservercluster1;Memory;OK;HARD;1;OK - 87.6% (21614644 kB) free.
[1580055789] SERVICE NOTIFICATION: nagiosadmin;smscapp1;Memory;CRITICAL;notify-service-by-email;CRITICAL - 9.0% (4413316 kB) free!
[1580055791] EXTERNAL COMMAND: SCHEDULE_FORCED_SVC_CHECK;pservercluster1;Memory;1580055790
[1580055794] EXTERNAL COMMAND: SCHEDULE_FORCED_SVC_CHECK;pservercluster1;Memory;1580055794
[1580055798] EXTERNAL COMMAND: SCHEDULE_FORCED_SVC_CHECK;pservercluster1;Memory;1580055797
[1580055820] EXTERNAL COMMAND: SCHEDULE_FORCED_SVC_CHECK;qservercluster2;Memory;1580055819
[1580055820] SERVICE NOTIFICATION: nagiosadmin;qservercluster2;Memory;OK;notify-service-by-email;OK - 30.8% (15164576 kB) free.
[1580055820] SERVICE ALERT: qservercluster2;Memory;OK;HARD;1;OK - 30.8% (15164576 kB) free.
[1580055823] EXTERNAL COMMAND: SCHEDULE_FORCED_SVC_CHECK;qservercluster2;Memory;1580055822
[1580055825] EXTERNAL COMMAND: SCHEDULE_FORCED_SVC_CHECK;qservercluster2;Memory;1580055824
[1580055829] EXTERNAL COMMAND: SCHEDULE_FORCED_SVC_CHECK;qservercluster2;Memory;1580055828
[1580055852] EXTERNAL COMMAND: SCHEDULE_FORCED_SVC_CHECK;smscapp1;Memory;1580055851
[1580055852] SERVICE NOTIFICATION: nagiosadmin;smscapp1;Memory;OK;notify-service-by-email;OK - 33.9% (16685700 kB) free.
[1580055852] SERVICE ALERT: smscapp1;Memory;OK;HARD;1;OK - 33.9% (16685700 kB) free.
[1580055856] EXTERNAL COMMAND: SCHEDULE_FORCED_SVC_CHECK;smscapp1;Memory;1580055855
[1580055859] EXTERNAL COMMAND: SCHEDULE_FORCED_SVC_CHECK;smscapp1;Memory;1580055858
[1580055883] EXTERNAL COMMAND: SCHEDULE_FORCED_SVC_CHECK;primary-server;Memory;1580055882
[1580055884] SERVICE NOTIFICATION: nagiosadmin;primary-server;Memory;OK;notify-service-by-email;OK - 89.2% (21864128 kB) free.
[1580055884] SERVICE ALERT: primary-server;Memory;OK;HARD;1;OK - 89.2% (21864128 kB) free.
[1580055886] EXTERNAL COMMAND: SCHEDULE_FORCED_SVC_CHECK;primary-server;Memory;1580055885
[1580055890] EXTERNAL COMMAND: SCHEDULE_FORCED_SVC_CHECK;primary-server;Memory;1580055889
[1580057570] SERVICE NOTIFICATION: nagiosadmin;primary-server;Nginx Error Log Status;CRITICAL;notify-service-by-email;(104) < 2020/01/26 22:22:47 [error] 18343#0: *26802286 access forbidden by rule while initializing session, client: 54.254.180.107, server: 0.0.0.0:13000
[1580057894] Auto-save of retention data completed successfully.
[1580061170] SERVICE NOTIFICATION: nagiosadmin;primary-server;Nginx Error Log Status;CRITICAL;notify-service-by-email;(106) < 2020/01/26 23:22:47 [error] 18348#0: *26804533 access forbidden by rule while initializing session, client: 103.209.99.7, server: 0.0.0.0:13000
[1580061494] Auto-save of retention data completed successfully.
[1580062090] SERVICE ALERT: smscapp2;Memory;CRITICAL;SOFT;1;CRITICAL - 0.8% (392232 kB) free!
[1580062170] SERVICE ALERT: sigqscluster1;Memory;WARNING;SOFT;1;WARNING - 20.0% (9863088 kB) free!
[1580062210] SERVICE ALERT: smscapp2;Memory;CRITICAL;SOFT;2;CRITICAL - 0.4% (217596 kB) free!
[1580062290] SERVICE ALERT: sigqscluster1;Memory;WARNING;SOFT;2;WARNING - 20.0% (9862480 kB) free!
[1580062330] SERVICE NOTIFICATION: nagiosadmin;smscapp2;Memory;CRITICAL;notify-service-by-email;CRITICAL - 0.5% (221908 kB) free!
[1580062330] SERVICE ALERT: smscapp2;Memory;CRITICAL;HARD;3;CRITICAL - 0.5% (221908 kB) free!
[1580062410] SERVICE NOTIFICATION: nagiosadmin;sigqscluster1;Memory;WARNING;notify-service-by-email;WARNING - 20.0% (9862492 kB) free!
[1580062410] SERVICE ALERT: sigqscluster1;Memory;WARNING;HARD;3;WARNING - 20.0% (9862492 kB) free!
[1580062520] SERVICE ALERT: redis-1;Memory;WARNING;SOFT;1;WARNING - 18.7% (24710364 kB) free!
[1580062640] SERVICE ALERT: redis-1;Memory;WARNING;SOFT;2;WARNING - 18.7% (24709796 kB) free!
[1580062760] SERVICE NOTIFICATION: nagiosadmin;redis-1;Memory;WARNING;notify-service-by-email;WARNING - 18.7% (24707384 kB) free!
[1580062760] SERVICE ALERT: redis-1;Memory;WARNING;HARD;3;WARNING - 18.7% (24707384 kB) free!
