[1580149800] LOG ROTATION: DAILY
[1580149800] LOG VERSION: 2.0
[1580149800] CURRENT HOST STATE: db1-vm2;UP;HARD;1;PING OK - Packet loss = 0%, RTA = 0.37 ms
[1580149800] CURRENT HOST STATE: db2;UP;HARD;1;PING OK - Packet loss = 0%, RTA = 0.36 ms
[1580149800] CURRENT HOST STATE: primary-server;UP;HARD;1;PING OK - Packet loss = 0%, RTA = 0.40 ms
[1580149800] CURRENT HOST STATE: pservercluster1;UP;HARD;1;PING OK - Packet loss = 0%, RTA = 0.50 ms
[1580149800] CURRENT HOST STATE: pservercluster2;UP;HARD;1;PING OK - Packet loss = 0%, RTA = 0.28 ms
[1580149800] CURRENT HOST STATE: qservercluster1;UP;HARD;1;PING OK - Packet loss = 0%, RTA = 0.24 ms
[1580149800] CURRENT HOST STATE: qservercluster2;UP;HARD;1;PING OK - Packet loss = 0%, RTA = 0.30 ms
[1580149800] CURRENT HOST STATE: redis-1;UP;HARD;1;PING OK - Packet loss = 0%, RTA = 0.33 ms
[1580149800] CURRENT HOST STATE: redis-2;UP;HARD;1;PING OK - Packet loss = 0%, RTA = 0.31 ms
[1580149800] CURRENT HOST STATE: rq-1;UP;HARD;1;PING OK - Packet loss = 0%, RTA = 0.29 ms
[1580149800] CURRENT HOST STATE: rq-2;UP;HARD;1;PING OK - Packet loss = 0%, RTA = 0.25 ms
[1580149800] CURRENT HOST STATE: secondary-server;UP;HARD;1;PING OK - Packet loss = 0%, RTA = 0.34 ms
[1580149800] CURRENT HOST STATE: sig1-vm2;UP;HARD;1;PING OK - Packet loss = 0%, RTA = 0.72 ms
[1580149800] CURRENT HOST STATE: sig2-vm2;UP;HARD;1;PING OK - Packet loss = 0%, RTA = 0.42 ms
[1580149800] CURRENT HOST STATE: sig3-vm2;UP;HARD;1;PING OK - Packet loss = 0%, RTA = 0.38 ms
[1580149800] CURRENT HOST STATE: sig4-vm2;UP;HARD;1;PING OK - Packet loss = 0%, RTA = 0.54 ms
[1580149800] CURRENT HOST STATE: sig5-vm2;UP;HARD;1;PING OK - Packet loss = 0%, RTA = 0.38 ms
[1580149800] CURRENT HOST STATE: sig6-vm2;UP;HARD;1;PING OK - Packet loss = 0%, RTA = 0.40 ms
[1580149800] CURRENT HOST STATE: sigqscluster1;UP;HARD;1;PING OK - Packet loss = 0%, RTA = 0.41 ms
[1580149800] CURRENT HOST STATE: sigqscluster2;UP;HARD;1;PING OK - Packet loss = 0%, RTA = 0.25 ms
[1580149800] CURRENT HOST STATE: smscapp1;UP;HARD;1;PING OK - Packet loss = 0%, RTA = 0.34 ms
[1580149800] CURRENT HOST STATE: smscapp2;UP;HARD;1;PING OK - Packet loss = 0%, RTA = 0.32 ms
[1580149800] CURRENT HOST STATE: sservercluster1;UP;HARD;1;PING OK - Packet loss = 0%, RTA = 0.30 ms
[1580149800] CURRENT HOST STATE: sservercluster2;UP;HARD;1;PING OK - Packet loss = 0%, RTA = 0.38 ms
[1580149800] CURRENT HOST STATE: webserver1;UP;HARD;1;PING OK - Packet loss = 0%, RTA = 0.46 ms
[1580149800] CURRENT HOST STATE: webserver2;UP;HARD;1;PING OK - Packet loss = 0%, RTA = 0.06 ms
[1580149800] CURRENT HOST STATE: webservercluster1;UP;HARD;1;PING OK - Packet loss = 0%, RTA = 0.44 ms
[1580149800] CURRENT HOST STATE: webservercluster2;UP;HARD;1;PING OK - Packet loss = 0%, RTA = 0.30 ms
[1580149800] CURRENT SERVICE STATE: db1-vm2;CPU Load;OK;HARD;1;OK - load average: 0.86, 0.68, 0.62
[1580149800] CURRENT SERVICE STATE: db1-vm2;CPU_Procs;OK;HARD;1;CPU OK: 461 processes
[1580149800] CURRENT SERVICE STATE: db1-vm2;Current Users;OK;HARD;1;USERS OK - 0 users currently logged in
[1580149800] CURRENT SERVICE STATE: db1-vm2;HDD_Home status;OK;HARD;1;DISK OK - free space: /home 26979 MB (67% inode=99%):
[1580149800] CURRENT SERVICE STATE: db1-vm2;HDD_Root status;OK;HARD;1;DISK OK - free space: / 45108 MB (88% inode=99%):
[1580149800] CURRENT SERVICE STATE: db1-vm2;Memory;OK;HARD;1;OK - 90.9% (22431868 kB) free.
[1580149800] CURRENT SERVICE STATE: db1-vm2;OutOfMemory-killer--oom-killer;OK;HARD;1;Log check ok - 0 pattern matches found
[1580149800] CURRENT SERVICE STATE: db1-vm2;PING;OK;HARD;1;PING OK - Packet loss = 0%, RTA = 0.06 ms
[1580149800] CURRENT SERVICE STATE: db1-vm2;Total Processes;OK;HARD;1;PROCS OK: 461 processes
[1580149800] CURRENT SERVICE STATE: db2;CPU Load;OK;HARD;1;OK - load average: 0.08, 0.06, 0.25
[1580149800] CURRENT SERVICE STATE: db2;CPU_Procs;OK;HARD;1;CPU OK: 335 processes
[1580149800] CURRENT SERVICE STATE: db2;Current Users;OK;HARD;1;USERS OK - 2 users currently logged in
[1580149800] CURRENT SERVICE STATE: db2;HDD_Home status;OK;HARD;1;DISK OK - free space: /home 78243 MB (34% inode=99%):
[1580149800] CURRENT SERVICE STATE: db2;HDD_Root status;OK;HARD;1;DISK OK - free space: / 44466 MB (86% inode=99%):
[1580149800] CURRENT SERVICE STATE: db2;LocalService-NTPD SERVICE;OK;HARD;1;PROCS OK: 1 process with command name 'ntpd'
[1580149800] CURRENT SERVICE STATE: db2;Mariadb status;OK;HARD;1;PROCS OK: 1 process with command name 'mysqld'
[1580149800] CURRENT SERVICE STATE: db2;Memory;OK;HARD;1;OK - 28.5% (14065948 kB) free.
[1580149800] CURRENT SERVICE STATE: db2;Sensors Status;OK;HARD;1;SENSORS OK
[1580149800] CURRENT SERVICE STATE: db2;Total Processes;OK;HARD;1;PROCS OK: 327 processes
[1580149800] CURRENT SERVICE STATE: primary-server;CPU Load;OK;HARD;1;OK - load average: 0.00, 0.02, 0.14
[1580149800] CURRENT SERVICE STATE: primary-server;CPU_Procs;OK;HARD;1;CPU OK: 344 processes
[1580149800] CURRENT SERVICE STATE: primary-server;Current Users;OK;HARD;1;USERS OK - 3 users currently logged in
[1580149800] CURRENT SERVICE STATE: primary-server;HDD_Home status;OK;HARD;1;DISK OK - free space: /home 105116 MB (46% inode=99%):
[1580149800] CURRENT SERVICE STATE: primary-server;HDD_Root status;OK;HARD;1;DISK OK - free space: / 30083 MB (58% inode=99%):
[1580149800] CURRENT SERVICE STATE: primary-server;LocalService-NTPD SERVICE;OK;HARD;1;PROCS OK: 1 process with command name 'ntpd'
[1580149800] CURRENT SERVICE STATE: primary-server;Memory;OK;HARD;1;OK - 47.3% (11600224 kB) free.
[1580149800] CURRENT SERVICE STATE: primary-server;Nginx Access Log Status;OK;HARD;1;Log check ok - 0 pattern matches found
[1580149800] CURRENT SERVICE STATE: primary-server;Nginx Error Log Status;CRITICAL;HARD;3;(103) < 2020/01/27 23:52:42 [error] 18346#0: *26883394 access forbidden by rule while initializing session, client: 103.209.99.7, server: 0.0.0.0:13000
[1580149800] CURRENT SERVICE STATE: primary-server;Nginx Status;OK;HARD;1;NGINX OK -  0.091 sec. response time, Active: 0 (Writing: 0 Reading: 0 Waiting: 0) ReqPerSec: 0.000 ConnPerSec: 0.000 ReqPerConn: 0.000
[1580149800] CURRENT SERVICE STATE: primary-server;Sensors Status;OK;HARD;1;SENSORS OK
[1580149800] CURRENT SERVICE STATE: primary-server;Total Processes;OK;HARD;1;PROCS OK: 345 processes
[1580149800] CURRENT SERVICE STATE: pservercluster1;CPU Load;OK;HARD;1;OK - load average: 0.67, 0.72, 0.83
[1580149800] CURRENT SERVICE STATE: pservercluster1;CPU_Procs;OK;HARD;1;CPU OK: 359 processes
[1580149800] CURRENT SERVICE STATE: pservercluster1;Current Users;OK;HARD;1;USERS OK - 2 users currently logged in
[1580149800] CURRENT SERVICE STATE: pservercluster1;HDD_Home status;OK;HARD;1;DISK OK - free space: /home 183601 MB (83% inode=99%):
[1580149800] CURRENT SERVICE STATE: pservercluster1;HDD_Root status;OK;HARD;1;DISK OK - free space: / 39510 MB (77% inode=99%):
[1580149800] CURRENT SERVICE STATE: pservercluster1;LocalService-NTPD SERVICE;OK;HARD;1;PROCS OK: 1 process with command name 'ntpd'
[1580149800] CURRENT SERVICE STATE: pservercluster1;Memory;CRITICAL;HARD;3;CRITICAL - 0.7% (164388 kB) free!
[1580149800] CURRENT SERVICE STATE: pservercluster1;Sensors Status;OK;HARD;1;SENSORS OK
[1580149800] CURRENT SERVICE STATE: pservercluster1;Total Processes;OK;HARD;1;PROCS OK: 358 processes
[1580149800] CURRENT SERVICE STATE: pservercluster2;CPU Load;OK;HARD;1;OK - load average: 1.30, 1.58, 1.64
[1580149800] CURRENT SERVICE STATE: pservercluster2;CPU_Procs;OK;HARD;1;CPU OK: 358 processes
[1580149800] CURRENT SERVICE STATE: pservercluster2;Current Users;OK;HARD;1;USERS OK - 3 users currently logged in
[1580149800] CURRENT SERVICE STATE: pservercluster2;HDD_Home status;OK;HARD;1;DISK OK - free space: /home 168152 MB (74% inode=99%):
[1580149800] CURRENT SERVICE STATE: pservercluster2;HDD_Root status;OK;HARD;1;DISK OK - free space: / 37454 MB (73% inode=98%):
[1580149800] CURRENT SERVICE STATE: pservercluster2;LocalService-NTPD SERVICE;OK;HARD;1;PROCS OK: 1 process with command name 'ntpd'
[1580149800] CURRENT SERVICE STATE: pservercluster2;Memory;OK;HARD;1;OK - 87.2% (21377880 kB) free.
[1580149800] CURRENT SERVICE STATE: pservercluster2;Sensors Status;OK;HARD;1;SENSORS OK
[1580149800] CURRENT SERVICE STATE: pservercluster2;Total Processes;OK;HARD;1;PROCS OK: 357 processes
[1580149800] CURRENT SERVICE STATE: qservercluster1;CPU Load;OK;HARD;1;OK - load average: 10.95, 12.01, 10.99
[1580149800] CURRENT SERVICE STATE: qservercluster1;CPU_Procs;OK;HARD;1;CPU OK: 332 processes
[1580149800] CURRENT SERVICE STATE: qservercluster1;Current Users;OK;HARD;1;USERS OK - 1 users currently logged in
[1580149800] CURRENT SERVICE STATE: qservercluster1;HDD_Home status;OK;HARD;1;DISK OK - free space: /home 224641 MB (99% inode=99%):
[1580149800] CURRENT SERVICE STATE: qservercluster1;HDD_Root status;OK;HARD;1;DISK OK - free space: / 44502 MB (86% inode=99%):
[1580149800] CURRENT SERVICE STATE: qservercluster1;LocalService-NTPD SERVICE;OK;HARD;1;PROCS OK: 1 process with command name 'ntpd'
[1580149800] CURRENT SERVICE STATE: qservercluster1;Memory;OK;HARD;1;OK - 86.4% (42562128 kB) free.
[1580149800] CURRENT SERVICE STATE: qservercluster1;Sensors Status;OK;HARD;1;SENSORS OK
[1580149800] CURRENT SERVICE STATE: qservercluster1;Total Processes;OK;HARD;1;PROCS OK: 332 processes
[1580149800] CURRENT SERVICE STATE: qservercluster2;CPU Load;OK;HARD;1;OK - load average: 2.43, 3.10, 3.03
[1580149800] CURRENT SERVICE STATE: qservercluster2;CPU_Procs;OK;HARD;1;CPU OK: 610 processes
[1580149800] CURRENT SERVICE STATE: qservercluster2;Current Users;OK;HARD;1;USERS OK - 2 users currently logged in
[1580149800] CURRENT SERVICE STATE: qservercluster2;HDD_Home status;OK;HARD;1;DISK OK - free space: /home 120008 MB (53% inode=99%):
[1580149800] CURRENT SERVICE STATE: qservercluster2;HDD_Root status;OK;HARD;1;DISK OK - free space: / 27034 MB (52% inode=98%):
[1580149800] CURRENT SERVICE STATE: qservercluster2;LocalService-NTPD SERVICE;OK;HARD;1;PROCS OK: 1 process with command name 'ntpd'
[1580149800] CURRENT SERVICE STATE: qservercluster2;Memory;OK;HARD;1;OK - 35.1% (17316376 kB) free.
[1580149800] CURRENT SERVICE STATE: qservercluster2;Sensors Status;OK;HARD;1;SENSORS OK
[1580149800] CURRENT SERVICE STATE: qservercluster2;Total Processes;OK;HARD;1;PROCS OK: 610 processes
[1580149800] CURRENT SERVICE STATE: redis-1;CPU Load;OK;HARD;1;OK - load average: 0.64, 0.56, 0.73
[1580149800] CURRENT SERVICE STATE: redis-1;CPU_Procs;OK;HARD;1;CPU OK: 403 processes
[1580149800] CURRENT SERVICE STATE: redis-1;Current Users;OK;HARD;1;USERS OK - 1 users currently logged in
[1580149800] CURRENT SERVICE STATE: redis-1;HDD_Home status;OK;HARD;1;DISK OK - free space: /home 365455 MB (97% inode=99%):
[1580149800] CURRENT SERVICE STATE: redis-1;HDD_Root status;OK;HARD;1;DISK OK - free space: / 45248 MB (88% inode=99%):
[1580149800] CURRENT SERVICE STATE: redis-1;HDD_VNS1 status;OK;HARD;1;DISK OK - free space: /vns1 435449 MB (40% inode=99%):
[1580149800] CURRENT SERVICE STATE: redis-1;LocalService-NTPD SERVICE;OK;HARD;1;PROCS OK: 1 process with command name 'ntpd'
[1580149800] CURRENT SERVICE STATE: redis-1;Memory;WARNING;HARD;3;WARNING - 14.3% (18909692 kB) free!
[1580149800] CURRENT SERVICE STATE: redis-1;Sensors Status;OK;HARD;1;SENSORS OK
[1580149800] CURRENT SERVICE STATE: redis-1;Total Processes;OK;HARD;1;PROCS OK: 402 processes
[1580149800] CURRENT SERVICE STATE: redis-2;CPU Load;OK;HARD;1;OK - load average: 0.81, 0.93, 0.94
[1580149800] CURRENT SERVICE STATE: redis-2;CPU_Procs;OK;HARD;1;CPU OK: 379 processes
[1580149800] CURRENT SERVICE STATE: redis-2;Current Users;OK;HARD;1;USERS OK - 2 users currently logged in
[1580149800] CURRENT SERVICE STATE: redis-2;HDD_Home status;OK;HARD;1;DISK OK - free space: /home 341086 MB (91% inode=99%):
[1580149800] CURRENT SERVICE STATE: redis-2;HDD_Root status;OK;HARD;1;DISK OK - free space: / 45298 MB (88% inode=99%):
[1580149800] CURRENT SERVICE STATE: redis-2;HDD_VNS1 status;OK;HARD;1;DISK OK - free space: /vns1 1069171 MB (99% inode=99%):
[1580149800] CURRENT SERVICE STATE: redis-2;LocalService-NTPD SERVICE;OK;HARD;1;PROCS OK: 1 process with command name 'ntpd'
[1580149800] CURRENT SERVICE STATE: redis-2;Memory;OK;HARD;1;OK - 36.0% (47403660 kB) free.
[1580149800] CURRENT SERVICE STATE: redis-2;Sensors Status;OK;HARD;1;SENSORS OK
[1580149800] CURRENT SERVICE STATE: redis-2;Total Processes;OK;HARD;1;PROCS OK: 379 processes
[1580149800] CURRENT SERVICE STATE: rq-1;CPU Load;OK;HARD;1;OK - load average: 12.29, 15.29, 15.73
[1580149800] CURRENT SERVICE STATE: rq-1;CPU_Procs;OK;HARD;1;CPU OK: 356 processes
[1580149800] CURRENT SERVICE STATE: rq-1;Current Users;OK;HARD;1;USERS OK - 0 users currently logged in
[1580149800] CURRENT SERVICE STATE: rq-1;HDD_Home status;OK;HARD;1;DISK OK - free space: /home 400998 MB (99% inode=99%):
[1580149800] CURRENT SERVICE STATE: rq-1;HDD_Root status;OK;HARD;1;DISK OK - free space: / 42837 MB (83% inode=99%):
[1580149800] CURRENT SERVICE STATE: rq-1;HDD_VNS1 status;OK;HARD;1;DISK OK - free space: /rq1vns1 1068147 MB (99% inode=99%):
[1580149800] CURRENT SERVICE STATE: rq-1;LocalService-NTPD SERVICE;OK;HARD;1;PROCS OK: 1 process with command name 'ntpd'
[1580149800] CURRENT SERVICE STATE: rq-1;Memory;OK;HARD;1;OK - 78.4% (103317280 kB) free.
[1580149800] CURRENT SERVICE STATE: rq-1;Total Processes;OK;HARD;1;PROCS OK: 358 processes
[1580149800] CURRENT SERVICE STATE: rq-1;rq1-rabbitmqerror;OK;HARD;1;Log check ok - 0 pattern matches found
[1580149800] CURRENT SERVICE STATE: rq-2;CPU Load;OK;HARD;1;OK - load average: 16.07, 14.80, 15.03
[1580149800] CURRENT SERVICE STATE: rq-2;CPU_Procs;OK;HARD;1;CPU OK: 386 processes
[1580149800] CURRENT SERVICE STATE: rq-2;Current Users;OK;HARD;1;USERS OK - 1 users currently logged in
[1580149800] CURRENT SERVICE STATE: rq-2;HDD_Home status;OK;HARD;1;DISK OK - free space: /home 401206 MB (99% inode=99%):
[1580149800] CURRENT SERVICE STATE: rq-2;HDD_Root status;OK;HARD;1;DISK OK - free space: / 45494 MB (88% inode=99%):
[1580149800] CURRENT SERVICE STATE: rq-2;HDD_VNS1 status;OK;HARD;1;DISK OK - free space: /dev 64349 MB (100% inode=99%):
[1580149800] CURRENT SERVICE STATE: rq-2;LocalService-NTPD SERVICE;OK;HARD;1;PROCS OK: 2 processes with command name 'ntpd'
[1580149800] CURRENT SERVICE STATE: rq-2;Memory;OK;HARD;1;OK - 91.9% (121100820 kB) free.
[1580149800] CURRENT SERVICE STATE: rq-2;Total Processes;OK;HARD;1;PROCS OK: 385 processes
[1580149800] CURRENT SERVICE STATE: rq-2;rq2-rabbitmqerror;OK;HARD;1;Log check ok - 0 pattern matches found
[1580149800] CURRENT SERVICE STATE: secondary-server;CPU Load;OK;HARD;1;OK - load average: 0.00, 0.01, 0.08
[1580149800] CURRENT SERVICE STATE: secondary-server;CPU_Procs;OK;HARD;1;CPU OK: 345 processes
[1580149800] CURRENT SERVICE STATE: secondary-server;Current Users;OK;HARD;1;USERS OK - 4 users currently logged in
[1580149800] CURRENT SERVICE STATE: secondary-server;HDD_Home status;OK;HARD;1;DISK OK - free space: /home 140578 MB (62% inode=99%):
[1580149800] CURRENT SERVICE STATE: secondary-server;HDD_Root status;OK;HARD;1;DISK OK - free space: / 35093 MB (68% inode=99%):
[1580149800] CURRENT SERVICE STATE: secondary-server;LocalService-NTPD SERVICE;OK;HARD;1;PROCS OK: 1 process with command name 'ntpd'
[1580149800] CURRENT SERVICE STATE: secondary-server;Memory Status;OK;HARD;1;OK - 56.2% (13776420 kB) free.
[1580149800] CURRENT SERVICE STATE: secondary-server;Nginx Access Log Status;OK;HARD;1;Log check ok - 0 pattern matches found
[1580149800] CURRENT SERVICE STATE: secondary-server;Nginx Error Log Status;OK;HARD;1;Log check ok - 0 pattern matches found
[1580149800] CURRENT SERVICE STATE: secondary-server;Nginx Status;OK;HARD;1;NGINX OK -  0.091 sec. response time, Active: 0 (Writing: 0 Reading: 0 Waiting: 0) ReqPerSec: 0.000 ConnPerSec: 0.000 ReqPerConn: 0.000
[1580149800] CURRENT SERVICE STATE: secondary-server;Sensors Status;OK;HARD;1;SENSORS OK
[1580149800] CURRENT SERVICE STATE: secondary-server;Total Processes;OK;HARD;1;PROCS OK: 345 processes
[1580149800] CURRENT SERVICE STATE: sig1-vm2;CPU Load;OK;HARD;1;OK - load average: 0.00, 0.01, 0.00
[1580149800] CURRENT SERVICE STATE: sig1-vm2;CPU_Procs;OK;HARD;1;CPU OK: 266 processes
[1580149800] CURRENT SERVICE STATE: sig1-vm2;Current Users;OK;HARD;1;USERS OK - 0 users currently logged in
[1580149800] CURRENT SERVICE STATE: sig1-vm2;LocalService-NTPD SERVICE;OK;HARD;1;PROCS OK: 2 processes with command name 'ntpd'
[1580149800] CURRENT SERVICE STATE: sig1-vm2;Memory;OK;HARD;1;OK - 71.5% (11682048 kB) free.
[1580149800] CURRENT SERVICE STATE: sig1-vm2;Root status;OK;HARD;1;DISK OK - free space: / 125214 MB (93% inode=97%):
[1580149800] CURRENT SERVICE STATE: sig1-vm2;Total Processes;OK;HARD;1;PROCS OK: 263 processes
[1580149800] CURRENT SERVICE STATE: sig2-vm2;CPU Load;OK;HARD;1;OK - load average: 0.54, 0.48, 0.52
[1580149800] CURRENT SERVICE STATE: sig2-vm2;CPU_Procs;OK;HARD;1;CPU OK: 457 processes
[1580149800] CURRENT SERVICE STATE: sig2-vm2;Current Users;OK;HARD;1;USERS OK - 0 users currently logged in
[1580149800] CURRENT SERVICE STATE: sig2-vm2;HDD_Root status;OK;HARD;1;DISK OK - free space: / 124131 MB (89% inode=99%):
[1580149800] CURRENT SERVICE STATE: sig2-vm2;LocalService-NTPD SERVICE;OK;HARD;1;PROCS OK: 1 process with command name 'ntpd'
[1580149800] CURRENT SERVICE STATE: sig2-vm2;Memory;OK;HARD;1;OK - 89.8% (31295408 kB) free.
[1580149800] CURRENT SERVICE STATE: sig2-vm2;Total Processes;OK;HARD;1;PROCS OK: 456 processes
[1580149800] CURRENT SERVICE STATE: sig3-vm2;CPU Load;OK;HARD;1;OK - load average: 0.00, 0.00, 0.00
[1580149800] CURRENT SERVICE STATE: sig3-vm2;CPU_Procs;OK;HARD;1;CPU OK: 549 processes
[1580149800] CURRENT SERVICE STATE: sig3-vm2;Current Users;OK;HARD;1;USERS OK - 2 users currently logged in
[1580149800] CURRENT SERVICE STATE: sig3-vm2;HDD_Root status;OK;HARD;1;DISK OK - free space: / 90294 MB (75% inode=96%):
[1580149800] CURRENT SERVICE STATE: sig3-vm2;LocalService-NTPD SERVICE;OK;HARD;1;PROCS OK: 2 processes with command name 'ntpd'
[1580149800] CURRENT SERVICE STATE: sig3-vm2;Memory;OK;HARD;1;OK - 96.1% (22641980 kB) free.
[1580149800] CURRENT SERVICE STATE: sig3-vm2;Total Processes;OK;HARD;1;PROCS OK: 550 processes
[1580149800] CURRENT SERVICE STATE: sig4-vm2;CPU Load;OK;HARD;1;OK - load average: 0.03, 0.03, 0.05
[1580149800] CURRENT SERVICE STATE: sig4-vm2;CPU_Procs;OK;HARD;1;CPU OK: 222 processes
[1580149800] CURRENT SERVICE STATE: sig4-vm2;Current Users;OK;HARD;1;USERS OK - 0 users currently logged in
[1580149800] CURRENT SERVICE STATE: sig4-vm2;HDD_Root status;OK;HARD;1;DISK OK - free space: / 106781 MB (83% inode=99%):
[1580149800] CURRENT SERVICE STATE: sig4-vm2;LocalService-NTPD SERVICE;OK;HARD;1;PROCS OK: 1 process with command name 'ntpd'
[1580149800] CURRENT SERVICE STATE: sig4-vm2;Memory;OK;HARD;1;OK - 87.6% (30506212 kB) free.
[1580149800] CURRENT SERVICE STATE: sig4-vm2;Total Processes;OK;HARD;1;PROCS OK: 222 processes
[1580149800] CURRENT SERVICE STATE: sig5-vm2;CPU Load;OK;HARD;1;OK - load average: 0.94, 0.89, 0.84
[1580149800] CURRENT SERVICE STATE: sig5-vm2;CPU_Procs;OK;HARD;1;CPU OK: 461 processes
[1580149800] CURRENT SERVICE STATE: sig5-vm2;Current Users;OK;HARD;1;USERS OK - 0 users currently logged in
[1580149800] CURRENT SERVICE STATE: sig5-vm2;HDD_Root status;OK;HARD;1;DISK OK - free space: / 231799 MB (92% inode=99%):
[1580149800] CURRENT SERVICE STATE: sig5-vm2;LocalService-NTPD SERVICE;OK;HARD;1;PROCS OK: 1 process with command name 'ntpd'
[1580149800] CURRENT SERVICE STATE: sig5-vm2;Memory;OK;HARD;1;OK - 88.3% (30908812 kB) free.
[1580149800] CURRENT SERVICE STATE: sig5-vm2;Total Processes;OK;HARD;1;PROCS OK: 461 processes
[1580149800] CURRENT SERVICE STATE: sig6-vm2;CPU Load;OK;HARD;1;OK - load average: 0.28, 0.49, 0.55
[1580149800] CURRENT SERVICE STATE: sig6-vm2;CPU_Procs;OK;HARD;1;CPU OK: 498 processes
[1580149800] CURRENT SERVICE STATE: sig6-vm2;Current Users;OK;HARD;1;USERS OK - 2 users currently logged in
[1580149800] CURRENT SERVICE STATE: sig6-vm2;HDD_Root status;OK;HARD;1;DISK OK - free space: / 180306 MB (92% inode=99%):
[1580149800] CURRENT SERVICE STATE: sig6-vm2;LocalService-NTPD SERVICE;OK;HARD;1;PROCS OK: 1 process with command name 'ntpd'
[1580149800] CURRENT SERVICE STATE: sig6-vm2;Memory;OK;HARD;1;OK - 70.2% (15773036 kB) free.
[1580149800] CURRENT SERVICE STATE: sig6-vm2;OutOfMemory-killer--oom-killer;OK;HARD;1;Log check ok - 0 pattern matches found
[1580149800] CURRENT SERVICE STATE: sig6-vm2;Total Processes;OK;HARD;1;PROCS OK: 498 processes
[1580149800] CURRENT SERVICE STATE: sigqscluster1;CPU Load;OK;HARD;1;OK - load average: 0.71, 0.25, 0.19
[1580149800] CURRENT SERVICE STATE: sigqscluster1;CPU_Procs;OK;HARD;1;CPU OK: 351 processes
[1580149800] CURRENT SERVICE STATE: sigqscluster1;Current Users;OK;HARD;1;USERS OK - 5 users currently logged in
[1580149800] CURRENT SERVICE STATE: sigqscluster1;HDD_Home status;OK;HARD;1;DISK OK - free space: /home 224102 MB (99% inode=99%):
[1580149800] CURRENT SERVICE STATE: sigqscluster1;HDD_Root status;OK;HARD;1;DISK OK - free space: / 40050 MB (78% inode=99%):
[1580149800] CURRENT SERVICE STATE: sigqscluster1;LocalService-NTPD SERVICE;OK;HARD;1;PROCS OK: 1 process with command name 'ntpd'
[1580149800] CURRENT SERVICE STATE: sigqscluster1;Memory;OK;HARD;1;OK - 40.0% (19725340 kB) free.
[1580149800] CURRENT SERVICE STATE: sigqscluster1;Sensors Status;OK;HARD;1;SENSORS OK
[1580149800] CURRENT SERVICE STATE: sigqscluster1;Total Processes;OK;HARD;1;PROCS OK: 351 processes
[1580149800] CURRENT SERVICE STATE: sigqscluster2;CPU Load;OK;HARD;1;OK - load average: 11.36, 12.10, 12.04
[1580149800] CURRENT SERVICE STATE: sigqscluster2;CPU_Procs;OK;HARD;1;CPU OK: 298 processes
[1580149800] CURRENT SERVICE STATE: sigqscluster2;Current Users;OK;HARD;1;USERS OK - 0 users currently logged in
[1580149800] CURRENT SERVICE STATE: sigqscluster2;HDD_Home status;OK;HARD;1;DISK OK - free space: /home 208589 MB (99% inode=99%):
[1580149800] CURRENT SERVICE STATE: sigqscluster2;HDD_Root status;OK;HARD;1;DISK OK - free space: / 45502 MB (88% inode=99%):
[1580149800] CURRENT SERVICE STATE: sigqscluster2;LocalService-NTPD SERVICE;OK;HARD;1;PROCS OK: 1 process with command name 'ntpd'
[1580149800] CURRENT SERVICE STATE: sigqscluster2;Memory;OK;HARD;1;OK - 79.7% (39263692 kB) free.
[1580149800] CURRENT SERVICE STATE: sigqscluster2;Sensors Status;OK;HARD;1;SENSORS OK
[1580149800] CURRENT SERVICE STATE: sigqscluster2;Total Processes;OK;HARD;1;PROCS OK: 302 processes
[1580149800] CURRENT SERVICE STATE: sigqscluster2;sigqscluster2-rabbitmqerror;OK;HARD;1;Log check ok - 0 pattern matches found
[1580149800] CURRENT SERVICE STATE: smscapp1;CPU Load;OK;HARD;1;OK - load average: 2.56, 2.60, 2.49
[1580149800] CURRENT SERVICE STATE: smscapp1;CPU_Procs;OK;HARD;1;CPU OK: 684 processes
[1580149800] CURRENT SERVICE STATE: smscapp1;Current Users;OK;HARD;1;USERS OK - 1 users currently logged in
[1580149800] CURRENT SERVICE STATE: smscapp1;HDD_Home status;OK;HARD;1;DISK OK - free space: /home 107449 MB (47% inode=99%):
[1580149800] CURRENT SERVICE STATE: smscapp1;HDD_Root status;OK;HARD;1;DISK OK - free space: / 39076 MB (76% inode=98%):
[1580149800] CURRENT SERVICE STATE: smscapp1;LocalService-NTPD SERVICE;OK;HARD;1;PROCS OK: 1 process with command name 'ntpd'
[1580149800] CURRENT SERVICE STATE: smscapp1;Memory;OK;HARD;1;OK - 88.3% (43530800 kB) free.
[1580149800] CURRENT SERVICE STATE: smscapp1;Sensors Status;OK;HARD;1;SENSORS OK
[1580149800] CURRENT SERVICE STATE: smscapp1;Total Processes;OK;HARD;1;PROCS OK: 684 processes
[1580149800] CURRENT SERVICE STATE: smscapp2;CPU Load;OK;HARD;1;OK - load average: 2.52, 3.13, 3.49
[1580149800] CURRENT SERVICE STATE: smscapp2;CPU_Procs;OK;HARD;1;CPU OK: 2118 processes
[1580149800] CURRENT SERVICE STATE: smscapp2;Current Users;OK;HARD;1;USERS OK - 0 users currently logged in
[1580149800] CURRENT SERVICE STATE: smscapp2;HDD_Home status;OK;HARD;1;DISK OK - free space: /home 161970 MB (72% inode=99%):
[1580149800] CURRENT SERVICE STATE: smscapp2;HDD_Root status;OK;HARD;1;DISK OK - free space: / 38760 MB (75% inode=98%):
[1580149800] CURRENT SERVICE STATE: smscapp2;LocalService-NTPD SERVICE;OK;HARD;1;PROCS OK: 1 process with command name 'ntpd'
[1580149800] CURRENT SERVICE STATE: smscapp2;Memory;CRITICAL;HARD;3;CRITICAL - 0.5% (247524 kB) free!
[1580149800] CURRENT SERVICE STATE: smscapp2;Sensors Status;OK;HARD;1;SENSORS OK
[1580149800] CURRENT SERVICE STATE: smscapp2;Total Processes;OK;HARD;1;PROCS OK: 2120 processes
[1580149800] CURRENT SERVICE STATE: sservercluster1;CPU Load;OK;HARD;1;OK - load average: 1.57, 1.59, 1.68
[1580149800] CURRENT SERVICE STATE: sservercluster1;CPU_Procs;OK;HARD;1;CPU OK: 328 processes
[1580149800] CURRENT SERVICE STATE: sservercluster1;Current Users;OK;HARD;1;USERS OK - 2 users currently logged in
[1580149800] CURRENT SERVICE STATE: sservercluster1;HDD_Home status;OK;HARD;1;DISK OK - free space: /home 175548 MB (79% inode=99%):
[1580149800] CURRENT SERVICE STATE: sservercluster1;HDD_Root status;OK;HARD;1;DISK OK - free space: / 40532 MB (79% inode=99%):
[1580149800] CURRENT SERVICE STATE: sservercluster1;LocalService-NTPD SERVICE;OK;HARD;1;PROCS OK: 1 process with command name 'ntpd'
[1580149800] CURRENT SERVICE STATE: sservercluster1;Memory;OK;HARD;1;OK - 49.8% (12195804 kB) free.
[1580149800] CURRENT SERVICE STATE: sservercluster1;Sensors Status;OK;HARD;1;SENSORS OK
[1580149800] CURRENT SERVICE STATE: sservercluster1;Total Processes;OK;HARD;1;PROCS OK: 327 processes
[1580149800] CURRENT SERVICE STATE: sservercluster2;CPU Load;OK;HARD;1;OK - load average: 1.70, 1.77, 1.78
[1580149800] CURRENT SERVICE STATE: sservercluster2;CPU_Procs;CRITICAL;HARD;3;CPU CRITICAL: 1 crit, 0 warn out of 347 processes
[1580149800] CURRENT SERVICE STATE: sservercluster2;Current Users;OK;HARD;1;USERS OK - 3 users currently logged in
[1580149800] CURRENT SERVICE STATE: sservercluster2;HDD_Home status;OK;HARD;1;DISK OK - free space: /home 189841 MB (86% inode=99%):
[1580149800] CURRENT SERVICE STATE: sservercluster2;HDD_Root status;OK;HARD;1;DISK OK - free space: / 33226 MB (64% inode=98%):
[1580149800] CURRENT SERVICE STATE: sservercluster2;LocalService-NTPD SERVICE;OK;HARD;1;PROCS OK: 1 process with command name 'ntpd'
[1580149800] CURRENT SERVICE STATE: sservercluster2;Memory;CRITICAL;HARD;3;CRITICAL - 0.7% (182508 kB) free!
[1580149800] CURRENT SERVICE STATE: sservercluster2;Sensors Status;OK;HARD;1;SENSORS OK
[1580149800] CURRENT SERVICE STATE: sservercluster2;Total Processes;OK;HARD;1;PROCS OK: 346 processes
[1580149800] CURRENT SERVICE STATE: webserver1;CPU Load;OK;HARD;1;OK - load average: 0.00, 0.01, 0.10
[1580149800] CURRENT SERVICE STATE: webserver1;CPU_Procs;OK;HARD;1;CPU OK: 363 processes
[1580149800] CURRENT SERVICE STATE: webserver1;Current Users;OK;HARD;1;USERS OK - 1 users currently logged in
[1580149800] CURRENT SERVICE STATE: webserver1;HDD_Home status;OK;HARD;1;DISK OK - free space: /home 224756 MB (99% inode=99%):
[1580149800] CURRENT SERVICE STATE: webserver1;HDD_Root status;OK;HARD;1;DISK OK - free space: / 40217 MB (78% inode=99%):
[1580149800] CURRENT SERVICE STATE: webserver1;LocalService-NTPD SERVICE;OK;HARD;1;PROCS OK: 1 process with command name 'ntpd'
[1580149800] CURRENT SERVICE STATE: webserver1;Memory;OK;HARD;1;OK - 83.2% (20355620 kB) free.
[1580149800] CURRENT SERVICE STATE: webserver1;Nginx_status;OK;HARD;1;NGINX OK -  0.086 sec. response time, Active: 1 (Writing: 1 Reading: 0 Waiting: 0) ReqPerSec: 0.003 ConnPerSec: 0.010 ReqPerConn: 0.952
[1580149800] CURRENT SERVICE STATE: webserver1;Sensors Status;OK;HARD;1;SENSORS OK
[1580149800] CURRENT SERVICE STATE: webserver1;Total Processes;OK;HARD;1;PROCS OK: 362 processes
[1580149800] CURRENT SERVICE STATE: webserver2;CPU_Procs;OK;HARD;1;CPU OK: 450 processes
[1580149800] CURRENT SERVICE STATE: webserver2;Current Load;OK;HARD;1;OK - load average: 0.04, 0.03, 0.05
[1580149800] CURRENT SERVICE STATE: webserver2;Current Users;OK;HARD;1;USERS OK - 23 users currently logged in
[1580149800] CURRENT SERVICE STATE: webserver2;HDD_Home status;OK;HARD;1;DISK OK - free space: /home 105777 MB (47.06% inode=100%):
[1580149800] CURRENT SERVICE STATE: webserver2;HTTP;OK;HARD;1;HTTP OK: HTTP/1.1 200 OK - 355 bytes in 0.001 second response time
[1580149800] CURRENT SERVICE STATE: webserver2;LocalService-NTPD SERVICE;OK;HARD;1;PROCS OK: 1 process with command name 'ntpd'
[1580149800] CURRENT SERVICE STATE: webserver2;Memory;OK;HARD;1;OK - 62.2% (15245316 kB) free.
[1580149800] CURRENT SERVICE STATE: webserver2;PING;OK;HARD;1;PING OK - Packet loss = 0%, RTA = 0.06 ms
[1580149800] CURRENT SERVICE STATE: webserver2;Root Partition;OK;HARD;1;DISK OK - free space: / 10894 MB (21.28% inode=99%):
[1580149800] CURRENT SERVICE STATE: webserver2;SSH;OK;HARD;1;SSH OK - OpenSSH_7.4 (protocol 2.0)
[1580149800] CURRENT SERVICE STATE: webserver2;Sensors Status;OK;HARD;1;SENSORS OK
[1580149800] CURRENT SERVICE STATE: webserver2;Total Processes;OK;HARD;1;PROCS OK: 164 processes with STATE = RSZDT
[1580149800] CURRENT SERVICE STATE: webservercluster1;CPU Load;OK;HARD;1;OK - load average: 0.12, 0.06, 0.05
[1580149800] CURRENT SERVICE STATE: webservercluster1;CPU_Procs;OK;HARD;1;CPU OK: 340 processes
[1580149800] CURRENT SERVICE STATE: webservercluster1;Current Users;OK;HARD;1;USERS OK - 4 users currently logged in
[1580149800] CURRENT SERVICE STATE: webservercluster1;HDD_Home status;OK;HARD;1;DISK OK - free space: / 19985 MB (39% inode=99%):
[1580149800] CURRENT SERVICE STATE: webservercluster1;HDD_Root status;OK;HARD;1;DISK OK - free space: /home 131698 MB (58% inode=99%):
[1580149800] CURRENT SERVICE STATE: webservercluster1;LocalService-NTPD SERVICE;OK;HARD;1;PROCS OK: 1 process with command name 'ntpd'
[1580149800] CURRENT SERVICE STATE: webservercluster1;Memory;OK;HARD;1;OK - 35.4% (5754124 kB) free.
[1580149800] CURRENT SERVICE STATE: webservercluster1;Sensors Status;OK;HARD;1;SENSORS OK
[1580149800] CURRENT SERVICE STATE: webservercluster1;Total Processes;OK;HARD;1;PROCS OK: 334 processes
[1580149800] CURRENT SERVICE STATE: webservercluster2;CPU Load;OK;HARD;1;OK - load average: 0.78, 0.70, 0.78
[1580149800] CURRENT SERVICE STATE: webservercluster2;CPU_Procs;OK;HARD;1;CPU OK: 292 processes
[1580149800] CURRENT SERVICE STATE: webservercluster2;Current Users;OK;HARD;1;USERS OK - 2 users currently logged in
[1580149800] CURRENT SERVICE STATE: webservercluster2;HDD_Home status;OK;HARD;1;DISK OK - free space: /home 223773 MB (99% inode=99%):
[1580149800] CURRENT SERVICE STATE: webservercluster2;HDD_Root status;OK;HARD;1;DISK OK - free space: / 39976 MB (78% inode=99%):
[1580149800] CURRENT SERVICE STATE: webservercluster2;LocalService-NTPD SERVICE;OK;HARD;1;PROCS OK: 1 process with command name 'ntpd'
[1580149800] CURRENT SERVICE STATE: webservercluster2;Memory;OK;HARD;1;OK - 56.7% (9218412 kB) free.
[1580149800] CURRENT SERVICE STATE: webservercluster2;Sensors Status;OK;HARD;1;SENSORS OK
[1580149800] CURRENT SERVICE STATE: webservercluster2;Total Processes;OK;HARD;1;PROCS OK: 292 processes
[1580150167] SERVICE ALERT: sservercluster2;CPU_Procs;OK;HARD;1;CPU OK: 355 processes
[1580150172] SERVICE NOTIFICATION: nagiosadmin;smscapp2;Memory;OK;notify-service-by-email;OK - 61.4% (30272416 kB) free.
[1580150172] SERVICE ALERT: smscapp2;Memory;OK;HARD;1;OK - 61.4% (30272416 kB) free.
[1580150570] SERVICE NOTIFICATION: nagiosadmin;primary-server;Nginx Error Log Status;CRITICAL;notify-service-by-email;(103) < 2020/01/28 00:12:45 [error] 18340#0: *26884151 access forbidden by rule while initializing session, client: 103.209.99.7, server: 0.0.0.0:13000
[1580150619] SERVICE ALERT: sservercluster1;Memory;CRITICAL;SOFT;1;CRITICAL - 0.8% (187896 kB) free!
[1580150739] SERVICE ALERT: sservercluster1;Memory;CRITICAL;SOFT;2;CRITICAL - 0.7% (181836 kB) free!
[1580150768] SERVICE ALERT: sservercluster2;CPU_Procs;CRITICAL;SOFT;1;CPU CRITICAL: 1 crit, 0 warn out of 345 processes
[1580150859] SERVICE NOTIFICATION: nagiosadmin;sservercluster1;Memory;CRITICAL;notify-service-by-email;CRITICAL - 0.7% (175168 kB) free!
[1580150859] SERVICE ALERT: sservercluster1;Memory;CRITICAL;HARD;3;CRITICAL - 0.7% (175168 kB) free!
[1580150888] SERVICE ALERT: sservercluster2;CPU_Procs;OK;HARD;1;CPU OK: 345 processes
[1580151429] SERVICE NOTIFICATION: nagiosadmin;pservercluster1;Memory;CRITICAL;notify-service-by-email;CRITICAL - 0.8% (186496 kB) free!
[1580151488] SERVICE ALERT: sservercluster2;CPU_Procs;WARNING;SOFT;1;CPU WARNING: 1 warn out of 350 processes
[1580151494] Auto-save of retention data completed successfully.
[1580151608] SERVICE ALERT: sservercluster2;CPU_Procs;CRITICAL;SOFT;2;CPU CRITICAL: 1 crit, 0 warn out of 355 processes
[1580151729] SERVICE ALERT: sservercluster2;CPU_Procs;CRITICAL;HARD;3;CPU CRITICAL: 1 crit, 0 warn out of 352 processes
[1580151731] SERVICE NOTIFICATION: nagiosadmin;sservercluster2;Memory;CRITICAL;notify-service-by-email;CRITICAL - 0.7% (178148 kB) free!
[1580152329] SERVICE ALERT: sservercluster2;CPU_Procs;OK;HARD;1;CPU OK: 346 processes
[1580152630] SERVICE NOTIFICATION: nagiosadmin;pservercluster1;Memory;OK;notify-service-by-email;OK - 40.8% (10069804 kB) free.
[1580152630] SERVICE ALERT: pservercluster1;Memory;OK;HARD;1;OK - 40.8% (10069804 kB) free.
[1580153000] SERVICE NOTIFICATION: nagiosadmin;redis-1;Memory;WARNING;notify-service-by-email;WARNING - 17.6% (23203288 kB) free!
[1580153529] SERVICE ALERT: sservercluster2;CPU_Procs;CRITICAL;SOFT;1;CPU CRITICAL: 1 crit, 0 warn out of 355 processes
[1580153649] SERVICE ALERT: sservercluster2;CPU_Procs;OK;HARD;1;CPU OK: 349 processes
[1580154170] SERVICE NOTIFICATION: nagiosadmin;primary-server;Nginx Error Log Status;CRITICAL;notify-service-by-email;(105) < 2020/01/28 01:12:47 [error] 18344#0: *26886425 access forbidden by rule while initializing session, client: 103.209.99.7, server: 0.0.0.0:13000
[1580154249] SERVICE ALERT: sservercluster2;CPU_Procs;CRITICAL;SOFT;1;CPU CRITICAL: 1 crit, 0 warn out of 347 processes
[1580154370] SERVICE ALERT: sservercluster2;CPU_Procs;OK;HARD;1;CPU OK: 345 processes
[1580154430] SERVICE ALERT: pservercluster1;Memory;CRITICAL;SOFT;1;CRITICAL - 0.8% (201900 kB) free!
[1580154459] SERVICE NOTIFICATION: nagiosadmin;sservercluster1;Memory;CRITICAL;notify-service-by-email;CRITICAL - 0.8% (194912 kB) free!
[1580154550] SERVICE ALERT: pservercluster1;Memory;CRITICAL;SOFT;2;CRITICAL - 0.8% (186192 kB) free!
[1580154670] SERVICE NOTIFICATION: nagiosadmin;pservercluster1;Memory;CRITICAL;notify-service-by-email;CRITICAL - 0.8% (198456 kB) free!
[1580154670] SERVICE ALERT: pservercluster1;Memory;CRITICAL;HARD;3;CRITICAL - 0.8% (198456 kB) free!
[1580154987] SERVICE ALERT: sigqscluster1;Memory;WARNING;SOFT;1;WARNING - 14.2% (7009372 kB) free!
[1580155094] Auto-save of retention data completed successfully.
[1580155107] SERVICE ALERT: sigqscluster1;Memory;WARNING;SOFT;2;WARNING - 14.2% (7008056 kB) free!
[1580155227] SERVICE NOTIFICATION: nagiosadmin;sigqscluster1;Memory;WARNING;notify-service-by-email;WARNING - 14.2% (6991184 kB) free!
[1580155227] SERVICE ALERT: sigqscluster1;Memory;WARNING;HARD;3;WARNING - 14.2% (6991184 kB) free!
[1580155331] SERVICE NOTIFICATION: nagiosadmin;sservercluster2;Memory;CRITICAL;notify-service-by-email;CRITICAL - 1.0% (241456 kB) free!
[1580156259] SERVICE NOTIFICATION: nagiosadmin;sservercluster1;Memory;OK;notify-service-by-email;OK - 41.2% (10104548 kB) free.
[1580156259] SERVICE ALERT: sservercluster1;Memory;OK;HARD;1;OK - 41.2% (10104548 kB) free.
[1580156600] SERVICE NOTIFICATION: nagiosadmin;redis-1;Memory;WARNING;notify-service-by-email;WARNING - 18.0% (23738304 kB) free!
[1580156673] EXTERNAL COMMAND: SCHEDULE_FORCED_SVC_CHECK;pservercluster1;Memory;1580156671
[1580156673] SERVICE NOTIFICATION: nagiosadmin;pservercluster1;Memory;OK;notify-service-by-email;OK - 83.5% (20607688 kB) free.
[1580156673] SERVICE ALERT: pservercluster1;Memory;OK;HARD;1;OK - 83.5% (20607688 kB) free.
[1580156676] EXTERNAL COMMAND: SCHEDULE_FORCED_SVC_CHECK;pservercluster1;Memory;1580156675
[1580156680] EXTERNAL COMMAND: SCHEDULE_FORCED_SVC_CHECK;pservercluster1;Memory;1580156679
[1580156684] EXTERNAL COMMAND: SCHEDULE_FORCED_SVC_CHECK;pservercluster1;Memory;1580156683
[1580156744] EXTERNAL COMMAND: SCHEDULE_FORCED_SVC_CHECK;sservercluster2;Memory;1580156743
[1580156745] SERVICE NOTIFICATION: nagiosadmin;sservercluster2;Memory;OK;notify-service-by-email;OK - 93.0% (22794216 kB) free.
[1580156745] SERVICE ALERT: sservercluster2;Memory;OK;HARD;1;OK - 93.0% (22794216 kB) free.
[1580156748] EXTERNAL COMMAND: SCHEDULE_FORCED_SVC_CHECK;sservercluster2;Memory;1580156747
[1580156790] EXTERNAL COMMAND: SCHEDULE_FORCED_SVC_CHECK;primary-server;Nginx Error Log Status;1580156789
[1580156794] EXTERNAL COMMAND: SCHEDULE_FORCED_SVC_CHECK;primary-server;Nginx Error Log Status;1580156792
[1580156794] SERVICE NOTIFICATION: nagiosadmin;primary-server;Nginx Error Log Status;OK;notify-service-by-email;Log check ok - 0 pattern matches found
[1580156794] SERVICE ALERT: primary-server;Nginx Error Log Status;OK;HARD;1;Log check ok - 0 pattern matches found
[1580156797] EXTERNAL COMMAND: SCHEDULE_FORCED_SVC_CHECK;primary-server;Nginx Error Log Status;1580156796
[1580156798] SERVICE ALERT: primary-server;Nginx Error Log Status;CRITICAL;SOFT;1;(1) < 2020/01/28 01:56:34 [error] 18345#0: *26888214 access forbidden by rule while initializing session, client: 103.209.99.7, server: 0.0.0.0:13000
[1580156918] SERVICE ALERT: primary-server;Nginx Error Log Status;CRITICAL;SOFT;2;(20) < 2020/01/28 01:58:35 [error] 18341#0: *26888288 access forbidden by rule while initializing session, client: 103.209.99.7, server: 0.0.0.0:13000
[1580157038] SERVICE NOTIFICATION: nagiosadmin;primary-server;Nginx Error Log Status;CRITICAL;notify-service-by-email;(20) < 2020/01/28 02:00:35 [error] 18346#0: *26888368 access forbidden by rule while initializing session, client: 103.209.99.7, server: 0.0.0.0:13000
[1580157038] SERVICE ALERT: primary-server;Nginx Error Log Status;CRITICAL;HARD;3;(20) < 2020/01/28 02:00:35 [error] 18346#0: *26888368 access forbidden by rule while initializing session, client: 103.209.99.7, server: 0.0.0.0:13000
[1580158484] SERVICE ALERT: pservercluster1;Memory;CRITICAL;SOFT;1;CRITICAL - 0.7% (172684 kB) free!
[1580158604] SERVICE ALERT: pservercluster1;Memory;CRITICAL;SOFT;2;CRITICAL - 3.4% (834896 kB) free!
[1580158694] Auto-save of retention data completed successfully.
[1580158724] SERVICE FLAPPING ALERT: pservercluster1;Memory;STARTED; Service appears to have started flapping (21.2% change >= 20.0% threshold)
[1580158724] SERVICE ALERT: pservercluster1;Memory;CRITICAL;HARD;3;CRITICAL - 0.7% (180728 kB) free!
[1580158827] SERVICE NOTIFICATION: nagiosadmin;sigqscluster1;Memory;WARNING;notify-service-by-email;WARNING - 14.1% (6931684 kB) free!
[1580160200] SERVICE NOTIFICATION: nagiosadmin;redis-1;Memory;WARNING;notify-service-by-email;WARNING - 19.5% (25719952 kB) free!
[1580160638] SERVICE NOTIFICATION: nagiosadmin;primary-server;Nginx Error Log Status;CRITICAL;notify-service-by-email;(3477) < 2020/01/28 03:00:35 [error] 18346#0: *26897289 access forbidden by rule while initializing session, client: 103.209.99.7, server: 0.0.0.0:13000
[1580160692] SERVICE ALERT: primary-server;Nginx Access Log Status;CRITICAL;SOFT;1;(3309) < 172.105.59.173 [28/Jan/2020:03:01:32 +0530] TCP 502 0 0 60.001 "10.147.212.154:3001, backend_3001" "0, 0" "0, 0" "60.001, 0.000"
[1580160812] SERVICE ALERT: primary-server;Nginx Access Log Status;CRITICAL;SOFT;2;(60) < 49.50.64.122 [28/Jan/2020:03:01:42 +0530] TCP 502 0 0 0.000 "backend_3001" "0" "0" "0.000"
[1580160932] SERVICE ALERT: primary-server;Nginx Access Log Status;OK;HARD;1;Log check ok - 0 pattern matches found
[1580161169] SERVICE ALERT: secondary-server;Nginx Error Log Status;CRITICAL;SOFT;1;(226) < 2020/01/28 03:01:31 [error] 18360#0: *44576043 upstream timed out (110: Connection timed out) while connecting to upstream, client: 103.16.101.72, server: 0.0.0.0:4000, upstream: "10.147.212.49:4000", bytes from/to client:0/0, bytes from/to upstream:0/0
[1580161201] SERVICE ALERT: secondary-server;Nginx Access Log Status;CRITICAL;SOFT;1;(179) < 103.16.101.72 [28/Jan/2020:03:00:21 +0530] TCP 502 0 0 0.000 "backend3" "0" "0" "0.000"
[1580161289] SERVICE ALERT: secondary-server;Nginx Error Log Status;OK;HARD;1;Log check ok - 0 pattern matches found
[1580161322] SERVICE ALERT: secondary-server;Nginx Access Log Status;OK;HARD;1;Log check ok - 0 pattern matches found
[1580162294] Auto-save of retention data completed successfully.
[1580162427] SERVICE NOTIFICATION: nagiosadmin;sigqscluster1;Memory;WARNING;notify-service-by-email;WARNING - 14.0% (6891492 kB) free!
[1580163800] SERVICE NOTIFICATION: nagiosadmin;redis-1;Memory;WARNING;notify-service-by-email;WARNING - 19.5% (25703484 kB) free!
[1580163969] SERVICE FLAPPING ALERT: sservercluster2;CPU_Procs;STOPPED; Service appears to have stopped flapping (3.8% change < 5.0% threshold)
[1580164238] SERVICE NOTIFICATION: nagiosadmin;primary-server;Nginx Error Log Status;CRITICAL;notify-service-by-email;(103) < 2020/01/28 04:00:35 [error] 18345#0: *26900487 access forbidden by rule while initializing session, client: 103.209.99.7, server: 0.0.0.0:13000
[1580165894] Auto-save of retention data completed successfully.
[1580165946] SERVICE ALERT: redis-1;CPU_Procs;WARNING;SOFT;1;CPU WARNING: 1 warn out of 403 processes
[1580166027] SERVICE NOTIFICATION: nagiosadmin;sigqscluster1;Memory;WARNING;notify-service-by-email;WARNING - 13.9% (6847028 kB) free!
[1580166066] SERVICE ALERT: redis-1;CPU_Procs;OK;HARD;1;CPU OK: 400 processes
[1580167124] SERVICE FLAPPING ALERT: pservercluster1;Memory;STOPPED; Service appears to have stopped flapping (4.4% change < 5.0% threshold)
[1580167124] SERVICE NOTIFICATION: nagiosadmin;pservercluster1;Memory;CRITICAL;notify-service-by-email;CRITICAL - 5.0% (1233728 kB) free!
[1580167400] SERVICE NOTIFICATION: nagiosadmin;redis-1;Memory;WARNING;notify-service-by-email;WARNING - 19.7% (25990160 kB) free!
[1580167838] SERVICE NOTIFICATION: nagiosadmin;primary-server;Nginx Error Log Status;CRITICAL;notify-service-by-email;(104) < 2020/01/28 05:00:36 [error] 18345#0: *26902763 access forbidden by rule while initializing session, client: 103.209.99.7, server: 0.0.0.0:13000
[1580168259] SERVICE ALERT: sservercluster1;Memory;CRITICAL;SOFT;1;CRITICAL - 0.7% (180076 kB) free!
[1580168380] SERVICE ALERT: sservercluster1;Memory;CRITICAL;SOFT;2;CRITICAL - 0.7% (176980 kB) free!
[1580168500] SERVICE NOTIFICATION: nagiosadmin;sservercluster1;Memory;CRITICAL;notify-service-by-email;CRITICAL - 0.8% (194220 kB) free!
[1580168500] SERVICE ALERT: sservercluster1;Memory;CRITICAL;HARD;3;CRITICAL - 0.8% (194220 kB) free!
[1580168925] SERVICE NOTIFICATION: nagiosadmin;pservercluster1;Memory;OK;notify-service-by-email;OK - 88.1% (21731016 kB) free.
[1580168925] SERVICE ALERT: pservercluster1;Memory;OK;HARD;1;OK - 88.1% (21731016 kB) free.
[1580169494] Auto-save of retention data completed successfully.
[1580169627] SERVICE NOTIFICATION: nagiosadmin;sigqscluster1;Memory;WARNING;notify-service-by-email;WARNING - 13.7% (6762700 kB) free!
[1580171000] SERVICE NOTIFICATION: nagiosadmin;redis-1;Memory;WARNING;notify-service-by-email;WARNING - 19.9% (26202776 kB) free!
[1580171438] SERVICE NOTIFICATION: nagiosadmin;primary-server;Nginx Error Log Status;CRITICAL;notify-service-by-email;(103) < 2020/01/28 06:00:36 [error] 18341#0: *26905006 access forbidden by rule while initializing session, client: 54.254.180.107, server: 0.0.0.0:13000
[1580172100] SERVICE NOTIFICATION: nagiosadmin;sservercluster1;Memory;CRITICAL;notify-service-by-email;CRITICAL - 0.7% (181272 kB) free!
[1580172200] SERVICE NOTIFICATION: nagiosadmin;redis-1;Memory;OK;notify-service-by-email;OK - 39.4% (51978700 kB) free.
[1580172200] SERVICE ALERT: redis-1;Memory;OK;HARD;1;OK - 39.4% (51978700 kB) free.
[1580173094] Auto-save of retention data completed successfully.
[1580173227] SERVICE NOTIFICATION: nagiosadmin;sigqscluster1;Memory;WARNING;notify-service-by-email;WARNING - 13.7% (6733676 kB) free!
[1580175039] SERVICE NOTIFICATION: nagiosadmin;primary-server;Nginx Error Log Status;CRITICAL;notify-service-by-email;(105) < 2020/01/28 07:00:36 [error] 18348#0: *26907272 access forbidden by rule while initializing session, client: 103.209.99.7, server: 0.0.0.0:13000
[1580175700] SERVICE NOTIFICATION: nagiosadmin;sservercluster1;Memory;CRITICAL;notify-service-by-email;CRITICAL - 0.7% (182208 kB) free!
[1580176694] Auto-save of retention data completed successfully.
[1580176827] SERVICE NOTIFICATION: nagiosadmin;sigqscluster1;Memory;WARNING;notify-service-by-email;WARNING - 13.2% (6513928 kB) free!
[1580179238] SERVICE NOTIFICATION: nagiosadmin;primary-server;Nginx Error Log Status;CRITICAL;notify-service-by-email;(104) < 2020/01/28 08:10:38 [error] 18341#0: *26909913 access forbidden by rule while initializing session, client: 103.209.99.7, server: 0.0.0.0:13000
[1580179300] SERVICE NOTIFICATION: nagiosadmin;sservercluster1;Memory;CRITICAL;notify-service-by-email;CRITICAL - 0.8% (189052 kB) free!
[1580180294] Auto-save of retention data completed successfully.
[1580180427] SERVICE NOTIFICATION: nagiosadmin;sigqscluster1;Memory;WARNING;notify-service-by-email;WARNING - 12.7% (6245428 kB) free!
[1580182838] SERVICE NOTIFICATION: nagiosadmin;primary-server;Nginx Error Log Status;CRITICAL;notify-service-by-email;(105) < 2020/01/28 09:10:38 [error] 18348#0: *26912411 access forbidden by rule while initializing session, client: 103.209.99.7, server: 0.0.0.0:13000
[1580182866] SERVICE ALERT: redis-1;CPU_Procs;WARNING;SOFT;1;CPU WARNING: 1 warn out of 402 processes
[1580182900] SERVICE NOTIFICATION: nagiosadmin;sservercluster1;Memory;CRITICAL;notify-service-by-email;CRITICAL - 0.8% (188284 kB) free!
[1580182986] SERVICE ALERT: redis-1;CPU_Procs;OK;HARD;1;CPU OK: 400 processes
[1580183894] Auto-save of retention data completed successfully.
[1580184027] SERVICE NOTIFICATION: nagiosadmin;sigqscluster1;Memory;WARNING;notify-service-by-email;WARNING - 11.8% (5805060 kB) free!
[1580186438] SERVICE NOTIFICATION: nagiosadmin;primary-server;Nginx Error Log Status;CRITICAL;notify-service-by-email;(102) < 2020/01/28 10:10:28 [error] 18344#0: *26914741 access forbidden by rule while initializing session, client: 103.209.99.7, server: 0.0.0.0:13000
[1580186500] SERVICE NOTIFICATION: nagiosadmin;sservercluster1;Memory;CRITICAL;notify-service-by-email;CRITICAL - 0.8% (196116 kB) free!
[1580187028] SERVICE NOTIFICATION: nagiosadmin;sigqscluster1;Memory;CRITICAL;notify-service-by-email;CRITICAL - 9.8% (4826776 kB) free!
[1580187028] SERVICE ALERT: sigqscluster1;Memory;CRITICAL;HARD;3;CRITICAL - 9.8% (4826776 kB) free!
[1580187494] Auto-save of retention data completed successfully.
[1580190038] SERVICE NOTIFICATION: nagiosadmin;primary-server;Nginx Error Log Status;CRITICAL;notify-service-by-email;(104) < 2020/01/28 11:10:32 [error] 18341#0: *26917109 access forbidden by rule while initializing session, client: 54.254.180.107, server: 0.0.0.0:13000
[1580190100] SERVICE NOTIFICATION: nagiosadmin;sservercluster1;Memory;CRITICAL;notify-service-by-email;CRITICAL - 0.8% (190352 kB) free!
[1580190628] SERVICE NOTIFICATION: nagiosadmin;sigqscluster1;Memory;CRITICAL;notify-service-by-email;CRITICAL - 2.9% (1406180 kB) free!
[1580190693] SERVICE ALERT: rq-1;rq1-rabbitmqerror;CRITICAL;SOFT;1;(2) < webmachine error: path="/api/bindings/%2f/e/amq.direct/q/1181_n"
[1580190813] SERVICE ALERT: rq-1;rq1-rabbitmqerror;OK;HARD;1;Log check ok - 0 pattern matches found
[1580190933] SERVICE ALERT: primary-server;Nginx Access Log Status;CRITICAL;SOFT;1;(30) < 203.212.70.170 [28/Jan/2020:11:21:51 +0530] TCP 502 0 0 120.000 "10.147.212.142:3001, 10.147.212.155:3001, backend_3001" "0, 0, 0" "0, 0, 0" "60.000, 60.000, 0.000"
[1580191053] SERVICE ALERT: primary-server;Nginx Access Log Status;OK;HARD;1;Log check ok - 0 pattern matches found
[1580191094] Auto-save of retention data completed successfully.
[1580192015] EXTERNAL COMMAND: SCHEDULE_FORCED_SVC_CHECK;sigqscluster1;Memory;1580192014
[1580192015] SERVICE NOTIFICATION: nagiosadmin;sigqscluster1;Memory;OK;notify-service-by-email;OK - 81.4% (40109572 kB) free.
[1580192015] SERVICE ALERT: sigqscluster1;Memory;OK;HARD;1;OK - 81.4% (40109572 kB) free.
[1580192018] EXTERNAL COMMAND: SCHEDULE_FORCED_SVC_CHECK;sigqscluster1;Memory;1580192017
[1580192078] EXTERNAL COMMAND: SCHEDULE_FORCED_SVC_CHECK;sservercluster1;Memory;1580192075
[1580192078] SERVICE NOTIFICATION: nagiosadmin;sservercluster1;Memory;OK;notify-service-by-email;OK - 89.5% (21946360 kB) free.
[1580192078] SERVICE ALERT: sservercluster1;Memory;OK;HARD;1;OK - 89.5% (21946360 kB) free.
[1580192083] EXTERNAL COMMAND: SCHEDULE_FORCED_SVC_CHECK;sservercluster1;Memory;1580192081
[1580192087] EXTERNAL COMMAND: SCHEDULE_FORCED_SVC_CHECK;sservercluster1;Memory;1580192086
[1580192586] SERVICE ALERT: redis-1;CPU_Procs;WARNING;SOFT;1;CPU WARNING: 1 warn out of 403 processes
[1580192706] SERVICE ALERT: redis-1;CPU_Procs;OK;HARD;1;CPU OK: 401 processes
[1580193638] SERVICE NOTIFICATION: nagiosadmin;primary-server;Nginx Error Log Status;CRITICAL;notify-service-by-email;(102) < 2020/01/28 12:10:33 [error] 18344#0: *26921590 access forbidden by rule while initializing session, client: 54.254.180.107, server: 0.0.0.0:13000
[1580194125] SERVICE ALERT: pservercluster1;Memory;CRITICAL;SOFT;1;CRITICAL - 1.7% (416660 kB) free!
[1580194245] SERVICE ALERT: pservercluster1;Memory;CRITICAL;SOFT;2;CRITICAL - 1.2% (293256 kB) free!
[1580194365] SERVICE NOTIFICATION: nagiosadmin;pservercluster1;Memory;CRITICAL;notify-service-by-email;CRITICAL - 0.7% (170860 kB) free!
[1580194365] SERVICE ALERT: pservercluster1;Memory;CRITICAL;HARD;3;CRITICAL - 0.7% (170860 kB) free!
[1580194694] Auto-save of retention data completed successfully.
[1580195819] EXTERNAL COMMAND: SCHEDULE_FORCED_SVC_CHECK;pservercluster1;Memory;1580195818
[1580195820] SERVICE NOTIFICATION: nagiosadmin;pservercluster1;Memory;OK;notify-service-by-email;OK - 86.3% (21287772 kB) free.
[1580195820] SERVICE ALERT: pservercluster1;Memory;OK;HARD;1;OK - 86.3% (21287772 kB) free.
[1580195822] EXTERNAL COMMAND: SCHEDULE_FORCED_SVC_CHECK;pservercluster1;Memory;1580195821
[1580195825] EXTERNAL COMMAND: SCHEDULE_FORCED_SVC_CHECK;pservercluster1;Memory;1580195824
[1580195828] EXTERNAL COMMAND: SCHEDULE_FORCED_SVC_CHECK;pservercluster1;Memory;1580195827
[1580197238] SERVICE NOTIFICATION: nagiosadmin;primary-server;Nginx Error Log Status;CRITICAL;notify-service-by-email;(104) < 2020/01/28 13:10:30 [error] 18342#0: *26924272 access forbidden by rule while initializing session, client: 103.209.99.7, server: 0.0.0.0:13000
[1580198146] SERVICE ALERT: primary-server;Memory;WARNING;SOFT;1;WARNING - 19.2% (4714336 kB) free!
[1580198266] SERVICE ALERT: primary-server;Memory;WARNING;SOFT;2;WARNING - 18.8% (4608072 kB) free!
[1580198294] Auto-save of retention data completed successfully.
[1580198387] SERVICE NOTIFICATION: nagiosadmin;primary-server;Memory;WARNING;notify-service-by-email;WARNING - 18.6% (4550664 kB) free!
[1580198387] SERVICE ALERT: primary-server;Memory;WARNING;HARD;3;WARNING - 18.6% (4550664 kB) free!
[1580199306] SERVICE ALERT: redis-1;CPU_Procs;WARNING;SOFT;1;CPU WARNING: 1 warn out of 403 processes
[1580199426] SERVICE ALERT: redis-1;CPU_Procs;OK;HARD;1;CPU OK: 398 processes
[1580200465] EXTERNAL COMMAND: SCHEDULE_FORCED_SVC_CHECK;primary-server;Memory;1580200406
[1580200465] SERVICE NOTIFICATION: nagiosadmin;primary-server;Memory;OK;notify-service-by-email;OK - 88.5% (21699032 kB) free.
[1580200465] SERVICE ALERT: primary-server;Memory;OK;HARD;1;OK - 88.5% (21699032 kB) free.
[1580200838] SERVICE NOTIFICATION: nagiosadmin;primary-server;Nginx Error Log Status;CRITICAL;notify-service-by-email;(104) < 2020/01/28 14:10:33 [error] 18344#0: *26926945 access forbidden by rule while initializing session, client: 103.209.99.7, server: 0.0.0.0:13000
[1580201228] SERVICE ALERT: pservercluster1;Memory;WARNING;SOFT;1;WARNING - 15.4% (3789196 kB) free!
[1580201348] SERVICE ALERT: pservercluster1;Memory;WARNING;SOFT;2;WARNING - 14.9% (3676588 kB) free!
[1580201468] SERVICE NOTIFICATION: nagiosadmin;pservercluster1;Memory;WARNING;notify-service-by-email;WARNING - 14.4% (3548652 kB) free!
[1580201468] SERVICE ALERT: pservercluster1;Memory;WARNING;HARD;3;WARNING - 14.4% (3548652 kB) free!
[1580201489] SERVICE ALERT: secondary-server;Nginx Error Log Status;CRITICAL;SOFT;1;(4) < 2020/01/28 14:12:22 [error] 18370#0: *44762382 open() "/usr/share/nginx/html/api/whoami" failed (2: No such file or directory), client: 183.82.105.122, server: 148qservercluster1.com, request: "GET /api/whoami HTTP/1.1", host: "qservercluster1.com:8091", referrer: "http://qservercluster1.com:8091/"
[1580201610] SERVICE ALERT: secondary-server;Nginx Error Log Status;OK;HARD;1;Log check ok - 0 pattern matches found
[1580201894] Auto-save of retention data completed successfully.
[1580202068] SERVICE FLAPPING ALERT: pservercluster1;Memory;STARTED; Service appears to have started flapping (21.1% change >= 20.0% threshold)
[1580202068] SERVICE ALERT: pservercluster1;Memory;CRITICAL;HARD;3;CRITICAL - 3.8% (943648 kB) free!
[1580202348] SERVICE ALERT: sservercluster2;Memory;CRITICAL;SOFT;1;CRITICAL - 0.7% (180628 kB) free!
[1580202369] SERVICE ALERT: sservercluster2;CPU_Procs;CRITICAL;SOFT;1;CPU CRITICAL: 1 crit, 0 warn out of 351 processes
[1580202406] SERVICE ALERT: primary-server;CPU_Procs;CRITICAL;SOFT;1;CPU CRITICAL: 1 crit, 0 warn out of 348 processes
[1580202469] SERVICE ALERT: sservercluster2;Memory;CRITICAL;SOFT;2;CRITICAL - 0.8% (197444 kB) free!
[1580202489] SERVICE ALERT: sservercluster2;CPU_Procs;CRITICAL;SOFT;2;CPU CRITICAL: 1 crit, 0 warn out of 350 processes
[1580202527] SERVICE ALERT: primary-server;CPU_Procs;CRITICAL;SOFT;2;CPU CRITICAL: 1 crit, 0 warn out of 348 processes
[1580202589] SERVICE NOTIFICATION: nagiosadmin;sservercluster2;Memory;CRITICAL;notify-service-by-email;CRITICAL - 0.8% (199516 kB) free!
[1580202589] SERVICE ALERT: sservercluster2;Memory;CRITICAL;HARD;3;CRITICAL - 0.8% (199516 kB) free!
[1580202610] SERVICE NOTIFICATION: nagiosadmin;sservercluster2;CPU_Procs;CRITICAL;notify-service-by-email;CPU CRITICAL: 1 crit, 0 warn out of 354 processes
[1580202610] SERVICE ALERT: sservercluster2;CPU_Procs;CRITICAL;HARD;3;CPU CRITICAL: 1 crit, 0 warn out of 354 processes
[1580202647] SERVICE ALERT: primary-server;CPU_Procs;OK;HARD;1;CPU OK: 348 processes
[1580202887] SERVICE ALERT: sservercluster1;Memory;CRITICAL;SOFT;1;CRITICAL - 3.2% (776564 kB) free!
[1580203007] SERVICE ALERT: sservercluster1;Memory;CRITICAL;SOFT;2;CRITICAL - 0.8% (184600 kB) free!
[1580203127] SERVICE NOTIFICATION: nagiosadmin;sservercluster1;Memory;CRITICAL;notify-service-by-email;CRITICAL - 0.8% (190136 kB) free!
[1580203127] SERVICE ALERT: sservercluster1;Memory;CRITICAL;HARD;3;CRITICAL - 0.8% (190136 kB) free!
[1580203210] SERVICE NOTIFICATION: nagiosadmin;sservercluster2;CPU_Procs;OK;notify-service-by-email;CPU OK: 351 processes
[1580203210] SERVICE ALERT: sservercluster2;CPU_Procs;OK;HARD;1;CPU OK: 351 processes
[1580203493] EXTERNAL COMMAND: SCHEDULE_FORCED_SVC_CHECK;pservercluster1;Memory;1580203491
[1580203493] SERVICE ALERT: pservercluster1;Memory;OK;HARD;1;OK - 85.4% (21074588 kB) free.
[1580203497] EXTERNAL COMMAND: SCHEDULE_FORCED_SVC_CHECK;pservercluster1;Memory;1580203496
[1580203550] EXTERNAL COMMAND: SCHEDULE_FORCED_SVC_CHECK;sservercluster1;Memory;1580203547
[1580203551] SERVICE NOTIFICATION: nagiosadmin;sservercluster1;Memory;OK;notify-service-by-email;OK - 88.7% (21739480 kB) free.
[1580203551] SERVICE ALERT: sservercluster1;Memory;OK;HARD;1;OK - 88.7% (21739480 kB) free.
[1580203553] EXTERNAL COMMAND: SCHEDULE_FORCED_SVC_CHECK;sservercluster1;Memory;1580203552
[1580203556] EXTERNAL COMMAND: SCHEDULE_FORCED_SVC_CHECK;sservercluster1;Memory;1580203555
[1580203559] EXTERNAL COMMAND: SCHEDULE_FORCED_SVC_CHECK;sservercluster1;Memory;1580203558
[1580203718] EXTERNAL COMMAND: SCHEDULE_FORCED_SVC_CHECK;sservercluster2;Memory;1580203717
[1580203719] SERVICE NOTIFICATION: nagiosadmin;sservercluster2;Memory;OK;notify-service-by-email;OK - 88.4% (21663156 kB) free.
[1580203719] SERVICE ALERT: sservercluster2;Memory;OK;HARD;1;OK - 88.4% (21663156 kB) free.
[1580203721] EXTERNAL COMMAND: SCHEDULE_FORCED_SVC_CHECK;sservercluster2;Memory;1580203720
[1580203724] EXTERNAL COMMAND: SCHEDULE_FORCED_SVC_CHECK;sservercluster2;Memory;1580203724
[1580203735] EXTERNAL COMMAND: SCHEDULE_FORCED_SVC_CHECK;sservercluster2;Memory;1580203734
[1580204438] SERVICE NOTIFICATION: nagiosadmin;primary-server;Nginx Error Log Status;CRITICAL;notify-service-by-email;(102) < 2020/01/28 15:10:37 [error] 18345#0: *26929569 access forbidden by rule while initializing session, client: 103.209.99.7, server: 0.0.0.0:13000
[1580205402] SERVICE ALERT: webservercluster1;CPU_Procs;WARNING;SOFT;1;CPU WARNING: 1 warn out of 340 processes
[1580205494] Auto-save of retention data completed successfully.
[1580205522] SERVICE ALERT: webservercluster1;CPU_Procs;OK;HARD;1;CPU OK: 343 processes
[1580205613] SERVICE ALERT: sservercluster2;Current Users;WARNING;SOFT;1;USERS WARNING - 6 users currently logged in
[1580205733] SERVICE ALERT: sservercluster2;Current Users;WARNING;SOFT;2;USERS WARNING - 6 users currently logged in
[1580205853] SERVICE NOTIFICATION: nagiosadmin;sservercluster2;Current Users;WARNING;notify-service-by-email;USERS WARNING - 6 users currently logged in
[1580205853] SERVICE ALERT: sservercluster2;Current Users;WARNING;HARD;3;USERS WARNING - 6 users currently logged in
[1580205897] SERVICE ALERT: pservercluster1;Memory;CRITICAL;SOFT;1;CRITICAL - 0.7% (174388 kB) free!
[1580205959] SERVICE ALERT: sservercluster1;Memory;CRITICAL;SOFT;1;CRITICAL - 0.7% (178388 kB) free!
[1580206017] SERVICE ALERT: pservercluster1;Memory;CRITICAL;SOFT;2;CRITICAL - 0.7% (180748 kB) free!
[1580206079] SERVICE ALERT: sservercluster1;Memory;CRITICAL;SOFT;2;CRITICAL - 0.7% (178524 kB) free!
[1580206105] EXTERNAL COMMAND: SCHEDULE_FORCED_SVC_CHECK;pservercluster1;Memory;1580206098
[1580206106] SERVICE ALERT: pservercluster1;Memory;OK;HARD;1;OK - 85.1% (20999088 kB) free.
[1580206109] EXTERNAL COMMAND: SCHEDULE_FORCED_SVC_CHECK;pservercluster1;Memory;1580206107
[1580206148] EXTERNAL COMMAND: SCHEDULE_FORCED_SVC_CHECK;sservercluster1;Memory;1580206145
[1580206149] SERVICE ALERT: sservercluster1;Memory;OK;HARD;1;OK - 87.6% (21476436 kB) free.
[1580206152] EXTERNAL COMMAND: SCHEDULE_FORCED_SVC_CHECK;sservercluster1;Memory;1580206151
[1580206156] EXTERNAL COMMAND: SCHEDULE_FORCED_SVC_CHECK;sservercluster1;Memory;1580206154
[1580206160] EXTERNAL COMMAND: SCHEDULE_FORCED_SVC_CHECK;sservercluster1;Memory;1580206159
[1580206409] SERVICE ALERT: secondary-server;Nginx Error Log Status;CRITICAL;SOFT;1;(26) < 2020/01/28 15:43:17 [error] 18355#0: *44811793 connect() failed (111: Connection refused) while connecting to upstream, client: 103.16.101.72, server: 0.0.0.0:4000, upstream: "10.147.212.38:4000", bytes from/to client:0/0, bytes from/to upstream:0/0
[1580206453] SERVICE NOTIFICATION: nagiosadmin;sservercluster2;Current Users;OK;notify-service-by-email;USERS OK - 5 users currently logged in
[1580206453] SERVICE ALERT: sservercluster2;Current Users;OK;HARD;1;USERS OK - 5 users currently logged in
[1580206529] SERVICE ALERT: secondary-server;Nginx Error Log Status;OK;HARD;1;Log check ok - 0 pattern matches found
[1580207830] SERVICE ALERT: smscapp1;Memory;WARNING;SOFT;1;WARNING - 19.5% (9620952 kB) free!
[1580207950] SERVICE ALERT: smscapp1;Memory;WARNING;SOFT;2;WARNING - 19.1% (9434656 kB) free!
[1580208038] SERVICE NOTIFICATION: nagiosadmin;primary-server;Nginx Error Log Status;CRITICAL;notify-service-by-email;(104) < 2020/01/28 16:10:35 [error] 18342#0: *26933029 access forbidden by rule while initializing session, client: 54.254.180.107, server: 0.0.0.0:13000
[1580208070] SERVICE NOTIFICATION: nagiosadmin;smscapp1;Memory;WARNING;notify-service-by-email;WARNING - 18.7% (9199588 kB) free!
[1580208070] SERVICE ALERT: smscapp1;Memory;WARNING;HARD;3;WARNING - 18.7% (9199588 kB) free!
[1580208213] SERVICE ALERT: rq-1;rq1-rabbitmqerror;CRITICAL;SOFT;1;(2) < webmachine error: path="/api/bindings/%2f/e/amq.direct/q/1183_n"
[1580208334] SERVICE ALERT: rq-1;rq1-rabbitmqerror;OK;HARD;1;Log check ok - 0 pattern matches found
[1580208929] SERVICE ALERT: secondary-server;Nginx Error Log Status;CRITICAL;SOFT;1;(2) < 2020/01/28 16:25:07 [error] 18370#0: *44837973 upstream timed out (110: Connection timed out) while reading response header from upstream, client: 183.82.105.122, server: webserver2.com, request: "POST /temtapp/index.php/consolidate/lrnreport HTTP/1.0", upstream: "http://10.147.212.40:80/temtapp/index.php/consolidate/lrnreport", host: "altsmsc.tesync.net", referrer: "http://altsmsc.tesync.net/temtapp/index.php/consolidate/lrnreport"
[1580209049] SERVICE ALERT: secondary-server;Nginx Error Log Status;OK;HARD;1;Log check ok - 0 pattern matches found
[1580209094] Auto-save of retention data completed successfully.
[1580209109] SERVICE ALERT: pservercluster1;Memory;WARNING;SOFT;1;WARNING - 17.8% (4403072 kB) free!
[1580209229] SERVICE ALERT: pservercluster1;Memory;WARNING;SOFT;2;WARNING - 15.2% (3741296 kB) free!
[1580209349] SERVICE ALERT: pservercluster1;Memory;WARNING;HARD;3;WARNING - 11.2% (2771236 kB) free!
[1580209418] SERVICE ALERT: sigqscluster1;Memory;WARNING;SOFT;1;WARNING - 17.5% (8616940 kB) free!
[1580209538] SERVICE ALERT: sigqscluster1;Memory;WARNING;SOFT;2;WARNING - 17.5% (8617976 kB) free!
[1580209658] SERVICE NOTIFICATION: nagiosadmin;sigqscluster1;Memory;WARNING;notify-service-by-email;WARNING - 17.5% (8617792 kB) free!
[1580209658] SERVICE ALERT: sigqscluster1;Memory;WARNING;HARD;3;WARNING - 17.5% (8617792 kB) free!
[1580209949] SERVICE ALERT: pservercluster1;Memory;CRITICAL;HARD;3;CRITICAL - 7.5% (1839716 kB) free!
[1580210354] EXTERNAL COMMAND: SCHEDULE_FORCED_SVC_CHECK;pservercluster1;Memory;1580210353
[1580210355] SERVICE ALERT: pservercluster1;Memory;OK;HARD;1;OK - 83.5% (20594028 kB) free.
[1580210357] EXTERNAL COMMAND: SCHEDULE_FORCED_SVC_CHECK;pservercluster1;Memory;1580210356
[1580210396] EXTERNAL COMMAND: SCHEDULE_SVC_CHECK;smscapp1;Memory;1580210395
[1580210396] SERVICE NOTIFICATION: nagiosadmin;smscapp1;Memory;OK;notify-service-by-email;OK - 90.1% (44393652 kB) free.
[1580210396] SERVICE ALERT: smscapp1;Memory;OK;HARD;1;OK - 90.1% (44393652 kB) free.
[1580210401] EXTERNAL COMMAND: SCHEDULE_FORCED_SVC_CHECK;smscapp1;Memory;1580210399
[1580210424] EXTERNAL COMMAND: SCHEDULE_FORCED_SVC_CHECK;sigqscluster1;Memory;1580210423
[1580210424] SERVICE NOTIFICATION: nagiosadmin;sigqscluster1;Memory;OK;notify-service-by-email;OK - 81.4% (40091564 kB) free.
[1580210424] SERVICE ALERT: sigqscluster1;Memory;OK;HARD;1;OK - 81.4% (40091564 kB) free.
[1580210427] EXTERNAL COMMAND: SCHEDULE_FORCED_SVC_CHECK;sigqscluster1;Memory;1580210426
[1580211453] SERVICE ALERT: primary-server;Nginx Access Log Status;CRITICAL;SOFT;1;(361) < 49.50.64.122 [28/Jan/2020:17:01:17 +0530] TCP 502 0 0 120.000 "10.147.212.142:3001, 10.147.212.143:3001, backend_3001" "0, 0, 0" "0, 0, 0" "60.000, 60.000, 0.000"
[1580211574] SERVICE ALERT: primary-server;Nginx Access Log Status;OK;HARD;1;Log check ok - 0 pattern matches found
[1580211638] SERVICE NOTIFICATION: nagiosadmin;primary-server;Nginx Error Log Status;CRITICAL;notify-service-by-email;(935) < 2020/01/28 17:10:37 [error] 18342#0: *26939157 connect() failed (111: Connection refused) while connecting to upstream, client: 103.255.146.164, server: 0.0.0.0:3000, upstream: "10.147.212.142:3000", bytes from/to client:0/0, bytes from/to upstream:0/0
[1580212157] SERVICE ALERT: pservercluster1;Memory;WARNING;SOFT;1;WARNING - 17.1% (4227668 kB) free!
[1580212173] SERVICE ALERT: primary-server;Nginx Access Log Status;CRITICAL;SOFT;1;(690) < 103.255.146.164 [28/Jan/2020:17:10:37 +0530] TCP 502 0 0 0.001 "10.147.212.142:3000" "0" "0" "0.001"
[1580212277] SERVICE ALERT: pservercluster1;Memory;WARNING;SOFT;2;WARNING - 16.9% (4168808 kB) free!
[1580212293] SERVICE ALERT: primary-server;Nginx Access Log Status;CRITICAL;SOFT;2;(3473) < 103.255.146.164 [28/Jan/2020:17:21:29 +0530] TCP 502 0 0 0.000 "10.147.212.142:3000" "0" "0" "0.000"
[1580212397] SERVICE ALERT: pservercluster1;Memory;WARNING;HARD;3;WARNING - 16.7% (4129812 kB) free!
[1580212413] SERVICE NOTIFICATION: nagiosadmin;primary-server;Nginx Access Log Status;CRITICAL;notify-service-by-email;(8831) < 103.255.146.164 [28/Jan/2020:17:23:33 +0530] TCP 502 0 0 0.000 "10.147.212.142:3000" "0" "0" "0.000"
[1580212413] SERVICE ALERT: primary-server;Nginx Access Log Status;CRITICAL;HARD;3;(8831) < 103.255.146.164 [28/Jan/2020:17:23:33 +0530] TCP 502 0 0 0.000 "10.147.212.142:3000" "0" "0" "0.000"
[1580212694] Auto-save of retention data completed successfully.
[1580212735] SERVICE ALERT: sservercluster2;Memory;WARNING;SOFT;1;WARNING - 19.9% (4881712 kB) free!
[1580212855] SERVICE ALERT: sservercluster2;Memory;WARNING;SOFT;2;WARNING - 19.7% (4840116 kB) free!
[1580212975] SERVICE ALERT: sservercluster2;Memory;OK;HARD;1;OK - 21.2% (5206852 kB) free.
[1580212997] SERVICE ALERT: pservercluster1;Memory;CRITICAL;HARD;3;CRITICAL - 1.5% (374200 kB) free!
[1580213305] EXTERNAL COMMAND: SCHEDULE_FORCED_SVC_CHECK;pservercluster1;Memory;1580213269
[1580213306] SERVICE ALERT: pservercluster1;Memory;OK;HARD;1;OK - 89.3% (22045080 kB) free.
[1580213309] EXTERNAL COMMAND: SCHEDULE_FORCED_SVC_CHECK;pservercluster1;Memory;1580213308
[1580214213] SERVICE NOTIFICATION: nagiosadmin;primary-server;Nginx Access Log Status;OK;notify-service-by-email;Log check ok - 0 pattern matches found
[1580214213] SERVICE ALERT: primary-server;Nginx Access Log Status;OK;HARD;1;Log check ok - 0 pattern matches found
[1580215026] SERVICE ALERT: redis-1;CPU_Procs;WARNING;SOFT;1;CPU WARNING: 1 warn out of 401 processes
[1580215146] SERVICE ALERT: redis-1;CPU_Procs;OK;HARD;1;CPU OK: 399 processes
[1580215239] SERVICE NOTIFICATION: nagiosadmin;primary-server;Nginx Error Log Status;CRITICAL;notify-service-by-email;(103) < 2020/01/28 18:10:36 [error] 18348#0: *27109681 access forbidden by rule while initializing session, client: 103.209.99.7, server: 0.0.0.0:13000
[1580215429] SERVICE ALERT: qservercluster2;Memory;WARNING;SOFT;1;WARNING - 19.5% (9623076 kB) free!
[1580215453] SERVICE ALERT: sservercluster2;Current Users;WARNING;SOFT;1;USERS WARNING - 6 users currently logged in
[1580215549] SERVICE ALERT: qservercluster2;Memory;WARNING;SOFT;2;WARNING - 19.4% (9548272 kB) free!
[1580215573] SERVICE ALERT: sservercluster2;Current Users;WARNING;SOFT;2;USERS WARNING - 6 users currently logged in
[1580215622] EXTERNAL COMMAND: SCHEDULE_FORCED_SVC_CHECK;qservercluster2;Memory;1580215621
[1580215622] SERVICE ALERT: qservercluster2;Memory;OK;HARD;1;OK - 89.0% (43851124 kB) free.
[1580215626] EXTERNAL COMMAND: SCHEDULE_FORCED_SVC_CHECK;qservercluster2;Memory;1580215624
[1580215630] EXTERNAL COMMAND: SCHEDULE_FORCED_SVC_CHECK;qservercluster2;Memory;1580215628
[1580215693] SERVICE ALERT: sservercluster2;Current Users;OK;HARD;1;USERS OK - 5 users currently logged in
[1580215975] SERVICE ALERT: sservercluster2;Memory;WARNING;SOFT;1;WARNING - 19.7% (4820552 kB) free!
[1580216096] SERVICE ALERT: sservercluster2;Memory;WARNING;SOFT;2;WARNING - 19.6% (4802916 kB) free!
[1580216216] SERVICE NOTIFICATION: nagiosadmin;sservercluster2;Memory;WARNING;notify-service-by-email;WARNING - 19.5% (4781668 kB) free!
[1580216216] SERVICE ALERT: sservercluster2;Memory;WARNING;HARD;3;WARNING - 19.5% (4781668 kB) free!
[1580216294] Auto-save of retention data completed successfully.
[1580216456] EXTERNAL COMMAND: SCHEDULE_FORCED_SVC_CHECK;sservercluster2;Memory;1580216454
[1580216456] SERVICE NOTIFICATION: nagiosadmin;sservercluster2;Memory;OK;notify-service-by-email;OK - 90.5% (22180424 kB) free.
[1580216456] SERVICE ALERT: sservercluster2;Memory;OK;HARD;1;OK - 90.5% (22180424 kB) free.
[1580216458] EXTERNAL COMMAND: SCHEDULE_FORCED_SVC_CHECK;sservercluster2;Memory;1580216458
[1580216893] SERVICE ALERT: sservercluster2;Current Users;WARNING;SOFT;1;USERS WARNING - 6 users currently logged in
[1580217013] SERVICE ALERT: sservercluster2;Current Users;WARNING;SOFT;2;USERS WARNING - 6 users currently logged in
[1580217133] SERVICE NOTIFICATION: nagiosadmin;sservercluster2;Current Users;WARNING;notify-service-by-email;USERS WARNING - 6 users currently logged in
[1580217133] SERVICE ALERT: sservercluster2;Current Users;WARNING;HARD;3;USERS WARNING - 6 users currently logged in
[1580217559] SERVICE ALERT: webservercluster1;Memory;WARNING;SOFT;1;WARNING - 11.4% (1850508 kB) free!
[1580217679] SERVICE ALERT: webservercluster1;Memory;WARNING;SOFT;2;WARNING - 11.4% (1852684 kB) free!
[1580217799] SERVICE NOTIFICATION: nagiosadmin;webservercluster1;Memory;WARNING;notify-service-by-email;WARNING - 11.4% (1855360 kB) free!
[1580217799] SERVICE ALERT: webservercluster1;Memory;WARNING;HARD;3;WARNING - 11.4% (1855360 kB) free!
[1580218839] SERVICE NOTIFICATION: nagiosadmin;primary-server;Nginx Error Log Status;CRITICAL;notify-service-by-email;(103) < 2020/01/28 19:10:29 [error] 18345#0: *27112408 access forbidden by rule while initializing session, client: 54.254.180.107, server: 0.0.0.0:13000
[1580219133] SERVICE ALERT: rq-1;rq1-rabbitmqerror;CRITICAL;SOFT;1;(2) < webmachine error: path="/api/bindings/%2f/e/amq.direct/q/1184_n"
[1580219254] SERVICE ALERT: rq-1;rq1-rabbitmqerror;OK;HARD;1;Log check ok - 0 pattern matches found
[1580219533] SERVICE NOTIFICATION: nagiosadmin;sservercluster2;Current Users;OK;notify-service-by-email;USERS OK - 5 users currently logged in
[1580219533] SERVICE ALERT: sservercluster2;Current Users;OK;HARD;1;USERS OK - 5 users currently logged in
[1580219894] Auto-save of retention data completed successfully.
[1580221399] SERVICE NOTIFICATION: nagiosadmin;webservercluster1;Memory;WARNING;notify-service-by-email;WARNING - 11.3% (1843220 kB) free!
[1580223039] SERVICE NOTIFICATION: nagiosadmin;primary-server;Nginx Error Log Status;CRITICAL;notify-service-by-email;(105) < 2020/01/28 20:20:32 [error] 18345#0: *27115506 access forbidden by rule while initializing session, client: 54.254.180.107, server: 0.0.0.0:13000
[1580223494] Auto-save of retention data completed successfully.
[1580224109] SERVICE ALERT: pservercluster1;Memory;WARNING;SOFT;1;WARNING - 17.8% (4387288 kB) free!
[1580224229] SERVICE ALERT: pservercluster1;Memory;WARNING;SOFT;2;WARNING - 17.7% (4369372 kB) free!
[1580224349] SERVICE ALERT: pservercluster1;Memory;WARNING;HARD;3;WARNING - 17.6% (4350756 kB) free!
[1580224649] SERVICE ALERT: secondary-server;Nginx Error Log Status;CRITICAL;SOFT;1;(3) < 2020/01/28 20:40:14 [error] 18370#0: *44977675 access forbidden by rule while initializing session, client: 103.255.146.164, server: 0.0.0.0:14001
[1580224653] SERVICE ALERT: rq-1;rq1-rabbitmqerror;CRITICAL;SOFT;1;(2) < webmachine error: path="/api/bindings/%2f/e/amq.direct/q/1185_n"
[1580224769] SERVICE ALERT: secondary-server;Nginx Error Log Status;OK;HARD;1;Log check ok - 0 pattern matches found
[1580224773] SERVICE ALERT: rq-1;rq1-rabbitmqerror;OK;HARD;1;Log check ok - 0 pattern matches found
[1580224999] SERVICE NOTIFICATION: nagiosadmin;webservercluster1;Memory;WARNING;notify-service-by-email;WARNING - 11.4% (1849736 kB) free!
[1580227094] Auto-save of retention data completed successfully.
[1580227239] SERVICE NOTIFICATION: nagiosadmin;primary-server;Nginx Error Log Status;CRITICAL;notify-service-by-email;(74) < 2020/01/28 21:30:09 [error] 18343#0: *27118419 access forbidden by rule while initializing session, client: 54.254.180.107, server: 0.0.0.0:13000
[1580228599] SERVICE NOTIFICATION: nagiosadmin;webservercluster1;Memory;WARNING;notify-service-by-email;WARNING - 11.5% (1861564 kB) free!
[1580230349] SERVICE FLAPPING ALERT: pservercluster1;Memory;STOPPED; Service appears to have stopped flapping (4.9% change < 5.0% threshold)
[1580230349] SERVICE NOTIFICATION: nagiosadmin;pservercluster1;Memory;WARNING;notify-service-by-email;WARNING - 10.5% (2601676 kB) free!
[1580230413] SERVICE ALERT: primary-server;Nginx Access Log Status;CRITICAL;SOFT;1;(3) < 203.212.70.170 [28/Jan/2020:22:16:44 +0530] TCP 502 0 0 63.007 "10.147.212.155:3001, 10.147.212.154:3001, backend_3001" "0, 0, 0" "0, 0, 0" "3.007, 60.000, 0.000"
[1580230533] SERVICE ALERT: primary-server;Nginx Access Log Status;OK;HARD;1;Log check ok - 0 pattern matches found
[1580230694] Auto-save of retention data completed successfully.
[1580230839] SERVICE NOTIFICATION: nagiosadmin;primary-server;Nginx Error Log Status;CRITICAL;notify-service-by-email;(103) < 2020/01/28 22:30:38 [error] 18342#0: *27121890 access forbidden by rule while initializing session, client: 103.209.99.7, server: 0.0.0.0:13000
[1580230949] SERVICE NOTIFICATION: nagiosadmin;pservercluster1;Memory;CRITICAL;notify-service-by-email;CRITICAL - 9.1% (2254860 kB) free!
[1580230949] SERVICE ALERT: pservercluster1;Memory;CRITICAL;HARD;3;CRITICAL - 9.1% (2254860 kB) free!
[1580232199] SERVICE NOTIFICATION: nagiosadmin;webservercluster1;Memory;WARNING;notify-service-by-email;WARNING - 11.4% (1849372 kB) free!
[1580234294] Auto-save of retention data completed successfully.
[1580234439] SERVICE NOTIFICATION: nagiosadmin;primary-server;Nginx Error Log Status;CRITICAL;notify-service-by-email;(103) < 2020/01/28 23:30:35 [error] 18341#0: *27124327 access forbidden by rule while initializing session, client: 54.254.180.107, server: 0.0.0.0:13000
[1580234550] SERVICE NOTIFICATION: nagiosadmin;pservercluster1;Memory;CRITICAL;notify-service-by-email;CRITICAL - 6.5% (1605584 kB) free!
[1580234772] SERVICE ALERT: smscapp2;Memory;WARNING;SOFT;1;WARNING - 15.5% (7629744 kB) free!
[1580234892] SERVICE ALERT: smscapp2;Memory;CRITICAL;SOFT;2;CRITICAL - 0.4% (216280 kB) free!
[1580235012] SERVICE NOTIFICATION: nagiosadmin;smscapp2;Memory;CRITICAL;notify-service-by-email;CRITICAL - 0.5% (235472 kB) free!
[1580235012] SERVICE ALERT: smscapp2;Memory;CRITICAL;HARD;3;CRITICAL - 0.5% (235472 kB) free!
[1580235200] SERVICE ALERT: redis-1;Memory;CRITICAL;SOFT;1;CRITICAL - 5.8% (7658404 kB) free!
[1580235320] SERVICE ALERT: redis-1;Memory;CRITICAL;SOFT;2;CRITICAL - 0.3% (395472 kB) free!
[1580235440] SERVICE NOTIFICATION: nagiosadmin;redis-1;Memory;CRITICAL;notify-service-by-email;CRITICAL - 0.9% (1157908 kB) free!
[1580235440] SERVICE ALERT: redis-1;Memory;CRITICAL;HARD;3;CRITICAL - 0.9% (1157908 kB) free!
[1580235800] SERVICE NOTIFICATION: nagiosadmin;webservercluster1;Memory;WARNING;notify-service-by-email;WARNING - 11.3% (1842088 kB) free!
[1580236120] EXTERNAL COMMAND: SCHEDULE_FORCED_SVC_CHECK;pservercluster1;Memory;1580236118
[1580236120] SERVICE NOTIFICATION: nagiosadmin;pservercluster1;Memory;OK;notify-service-by-email;OK - 86.1% (21250568 kB) free.
[1580236120] SERVICE ALERT: pservercluster1;Memory;OK;HARD;1;OK - 86.1% (21250568 kB) free.
[1580236124] EXTERNAL COMMAND: SCHEDULE_FORCED_SVC_CHECK;pservercluster1;Memory;1580236122
[1580236129] EXTERNAL COMMAND: SCHEDULE_FORCED_SVC_CHECK;pservercluster1;Memory;1580236127
[1580236178] EXTERNAL COMMAND: SCHEDULE_FORCED_SVC_CHECK;smscapp2;Memory;1580236176
[1580236178] SERVICE NOTIFICATION: nagiosadmin;smscapp2;Memory;OK;notify-service-by-email;OK - 60.9% (30025892 kB) free.
[1580236178] SERVICE ALERT: smscapp2;Memory;OK;HARD;1;OK - 60.9% (30025892 kB) free.
[1580236182] EXTERNAL COMMAND: SCHEDULE_FORCED_SVC_CHECK;smscapp2;Memory;1580236180
[1580236186] EXTERNAL COMMAND: SCHEDULE_FORCED_SVC_CHECK;smscapp2;Memory;1580236184
[1580236190] EXTERNAL COMMAND: SCHEDULE_FORCED_SVC_CHECK;smscapp2;Memory;1580236189
