[1545849000] LOG ROTATION: DAILY
[1545849000] LOG VERSION: 2.0
[1545849000] CURRENT HOST STATE: db1;UP;HARD;1;PING OK - Packet loss = 0%, RTA = 0.46 ms
[1545849000] CURRENT HOST STATE: db2;UP;HARD;1;PING OK - Packet loss = 0%, RTA = 0.40 ms
[1545849000] CURRENT HOST STATE: primary-server;UP;HARD;1;PING OK - Packet loss = 0%, RTA = 0.41 ms
[1545849000] CURRENT HOST STATE: pservercluster1;UP;HARD;1;PING OK - Packet loss = 0%, RTA = 0.40 ms
[1545849000] CURRENT HOST STATE: pservercluster2;UP;HARD;1;PING OK - Packet loss = 0%, RTA = 0.30 ms
[1545849000] CURRENT HOST STATE: qservercluster1;UP;HARD;1;PING OK - Packet loss = 0%, RTA = 0.29 ms
[1545849000] CURRENT HOST STATE: qservercluster2;UP;HARD;1;PING OK - Packet loss = 0%, RTA = 0.41 ms
[1545849000] CURRENT HOST STATE: secondary-server;UP;HARD;1;PING OK - Packet loss = 0%, RTA = 0.50 ms
[1545849000] CURRENT HOST STATE: sig1;UP;HARD;1;PING OK - Packet loss = 0%, RTA = 0.46 ms
[1545849000] CURRENT HOST STATE: sig2;UP;HARD;1;PING OK - Packet loss = 0%, RTA = 0.46 ms
[1545849000] CURRENT HOST STATE: sig3;UP;HARD;1;PING OK - Packet loss = 0%, RTA = 0.48 ms
[1545849000] CURRENT HOST STATE: sig4;UP;HARD;1;PING OK - Packet loss = 0%, RTA = 0.43 ms
[1545849000] CURRENT HOST STATE: sig5;UP;HARD;1;PING OK - Packet loss = 0%, RTA = 0.41 ms
[1545849000] CURRENT HOST STATE: sig6;UP;HARD;1;PING OK - Packet loss = 0%, RTA = 0.43 ms
[1545849000] CURRENT HOST STATE: sigqscluster1;UP;HARD;1;PING OK - Packet loss = 0%, RTA = 0.39 ms
[1545849000] CURRENT HOST STATE: sigqscluster2;UP;HARD;1;PING OK - Packet loss = 0%, RTA = 0.33 ms
[1545849000] CURRENT HOST STATE: smscapp1;UP;HARD;1;PING OK - Packet loss = 0%, RTA = 0.31 ms
[1545849000] CURRENT HOST STATE: smscapp2;UP;HARD;1;PING OK - Packet loss = 0%, RTA = 0.31 ms
[1545849000] CURRENT HOST STATE: sservercluster1;UP;HARD;1;PING OK - Packet loss = 0%, RTA = 0.43 ms
[1545849000] CURRENT HOST STATE: sservercluster2;UP;HARD;1;PING OK - Packet loss = 0%, RTA = 0.46 ms
[1545849000] CURRENT HOST STATE: webserver1;UP;HARD;1;PING OK - Packet loss = 0%, RTA = 0.43 ms
[1545849000] CURRENT HOST STATE: webserver2;UP;HARD;1;PING OK - Packet loss = 0%, RTA = 0.08 ms
[1545849000] CURRENT HOST STATE: webservercluster1;UP;HARD;1;PING OK - Packet loss = 0%, RTA = 0.40 ms
[1545849000] CURRENT HOST STATE: webservercluster2;UP;HARD;1;PING OK - Packet loss = 0%, RTA = 0.39 ms
[1545849000] CURRENT SERVICE STATE: db1;CPU Load;OK;HARD;1;OK - load average: 0.00, 0.01, 0.05
[1545849000] CURRENT SERVICE STATE: db1;CPU_Procs;OK;HARD;1;CPU OK: 323 processes
[1545849000] CURRENT SERVICE STATE: db1;Current Users;OK;HARD;1;USERS OK - 2 users currently logged in
[1545849000] CURRENT SERVICE STATE: db1;HDD_Home status;OK;HARD;1;DISK OK - free space: /home 200937 MB (96% inode=99%):
[1545849000] CURRENT SERVICE STATE: db1;HDD_Root status;OK;HARD;1;DISK OK - free space: / 25841 MB (50% inode=99%):
[1545849000] CURRENT SERVICE STATE: db1;LocalService-NTPD SERVICE;OK;HARD;1;PROCS OK: 1 process with command name 'ntpd'
[1545849000] CURRENT SERVICE STATE: db1;Mariadb status;OK;HARD;1;PROCS OK: 1 process with command name 'mysqld'
[1545849000] CURRENT SERVICE STATE: db1;Memory;OK;HARD;1;OK - 28.8% (14184216 kB) free.
[1545849000] CURRENT SERVICE STATE: db1;Sensors Status;OK;HARD;1;SENSORS OK
[1545849000] CURRENT SERVICE STATE: db1;Total Processes;OK;HARD;1;PROCS OK: 324 processes
[1545849000] CURRENT SERVICE STATE: db2;CPU Load;OK;HARD;1;OK - load average: 0.00, 0.01, 0.05
[1545849000] CURRENT SERVICE STATE: db2;CPU_Procs;OK;HARD;1;CPU OK: 291 processes
[1545849000] CURRENT SERVICE STATE: db2;Current Users;OK;HARD;1;USERS OK - 1 users currently logged in
[1545849000] CURRENT SERVICE STATE: db2;HDD_Home status;OK;HARD;1;DISK OK - free space: /home 126726 MB (56% inode=99%):
[1545849000] CURRENT SERVICE STATE: db2;HDD_Root status;OK;HARD;1;DISK OK - free space: / 32908 MB (64% inode=99%):
[1545849000] CURRENT SERVICE STATE: db2;LocalService-NTPD SERVICE;OK;HARD;1;PROCS OK: 1 process with command name 'ntpd'
[1545849000] CURRENT SERVICE STATE: db2;Mariadb status;OK;HARD;1;PROCS OK: 1 process with command name 'mysqld'
[1545849000] CURRENT SERVICE STATE: db2;Memory;OK;HARD;1;OK - 22.2% (10962072 kB) free.
[1545849000] CURRENT SERVICE STATE: db2;Sensors Status;OK;HARD;1;SENSORS OK
[1545849000] CURRENT SERVICE STATE: db2;Total Processes;OK;HARD;1;PROCS OK: 292 processes
[1545849000] CURRENT SERVICE STATE: primary-server;CPU Load;OK;HARD;1;OK - load average: 0.00, 0.01, 0.14
[1545849000] CURRENT SERVICE STATE: primary-server;CPU_Procs;OK;HARD;1;CPU OK: 343 processes
[1545849000] CURRENT SERVICE STATE: primary-server;Current Users;OK;HARD;1;USERS OK - 2 users currently logged in
[1545849000] CURRENT SERVICE STATE: primary-server;HDD_Home status;OK;HARD;1;DISK OK - free space: /home 224700 MB (99% inode=99%):
[1545849000] CURRENT SERVICE STATE: primary-server;HDD_Root status;OK;HARD;1;DISK OK - free space: / 41270 MB (80% inode=99%):
[1545849000] CURRENT SERVICE STATE: primary-server;LocalService-NTPD SERVICE;OK;HARD;1;PROCS OK: 2 processes with command name 'ntpd'
[1545849000] CURRENT SERVICE STATE: primary-server;Memory;OK;HARD;1;OK - 70.7% (17320544 kB) free.
[1545849000] CURRENT SERVICE STATE: primary-server;Nginx Status;OK;HARD;1;NGINX OK -  0.085 sec. response time, Active: 0 (Writing: 0 Reading: 0 Waiting: 0) ReqPerSec: 0.000 ConnPerSec: 0.000 ReqPerConn: 0.000
[1545849000] CURRENT SERVICE STATE: primary-server;Sensors Status;OK;HARD;1;SENSORS OK
[1545849000] CURRENT SERVICE STATE: primary-server;Total Processes;OK;HARD;1;PROCS OK: 345 processes
[1545849000] CURRENT SERVICE STATE: pservercluster1;CPU Load;OK;HARD;1;OK - load average: 0.06, 0.03, 0.05
[1545849000] CURRENT SERVICE STATE: pservercluster1;CPU_Procs;OK;HARD;1;CPU OK: 304 processes
[1545849000] CURRENT SERVICE STATE: pservercluster1;Current Users;OK;HARD;1;USERS OK - 2 users currently logged in
[1545849000] CURRENT SERVICE STATE: pservercluster1;HDD_Home status;OK;HARD;1;DISK OK - free space: /home 220675 MB (99% inode=99%):
[1545849000] CURRENT SERVICE STATE: pservercluster1;HDD_Root status;OK;HARD;1;DISK OK - free space: / 41805 MB (81% inode=99%):
[1545849000] CURRENT SERVICE STATE: pservercluster1;LocalService-NTPD SERVICE;OK;HARD;1;PROCS OK: 2 processes with command name 'ntpd'
[1545849000] CURRENT SERVICE STATE: pservercluster1;Memory;OK;HARD;1;OK - 75.8% (18694956 kB) free.
[1545849000] CURRENT SERVICE STATE: pservercluster1;Sensors Status;OK;HARD;1;SENSORS OK
[1545849000] CURRENT SERVICE STATE: pservercluster1;Total Processes;OK;HARD;1;PROCS OK: 304 processes
[1545849000] CURRENT SERVICE STATE: pservercluster2;CPU Load;OK;HARD;1;OK - load average: 0.68, 0.83, 0.87
[1545849000] CURRENT SERVICE STATE: pservercluster2;CPU_Procs;CRITICAL;HARD;3;CPU CRITICAL: 2 crit, 3 warn out of 352 processes
[1545849000] CURRENT SERVICE STATE: pservercluster2;Current Users;OK;HARD;1;USERS OK - 11 users currently logged in
[1545849000] CURRENT SERVICE STATE: pservercluster2;HDD_Home status;OK;HARD;1;DISK OK - free space: /home 175918 MB (78% inode=99%):
[1545849000] CURRENT SERVICE STATE: pservercluster2;HDD_Root status;WARNING;HARD;3;DISK WARNING - free space: / 8192 MB (16% inode=98%):
[1545849000] CURRENT SERVICE STATE: pservercluster2;LocalService-NTPD SERVICE;OK;HARD;1;PROCS OK: 2 processes with command name 'ntpd'
[1545849000] CURRENT SERVICE STATE: pservercluster2;Memory;OK;HARD;1;OK - 21.5% (5264952 kB) free.
[1545849000] CURRENT SERVICE STATE: pservercluster2;Sensors Status;OK;HARD;1;SENSORS OK
[1545849000] CURRENT SERVICE STATE: pservercluster2;Total Processes;OK;HARD;1;PROCS OK: 349 processes
[1545849000] CURRENT SERVICE STATE: qservercluster1;CPU Load;WARNING;HARD;3;WARNING - load average: 11.85, 12.38, 12.34
[1545849000] CURRENT SERVICE STATE: qservercluster1;CPU_Procs;CRITICAL;HARD;3;CPU CRITICAL: 1 crit, 0 warn out of 304 processes
[1545849000] CURRENT SERVICE STATE: qservercluster1;Current Users;OK;HARD;1;USERS OK - 2 users currently logged in
[1545849000] CURRENT SERVICE STATE: qservercluster1;HDD_Home status;OK;HARD;1;DISK OK - free space: /home 224641 MB (99% inode=99%):
[1545849000] CURRENT SERVICE STATE: qservercluster1;HDD_Root status;OK;HARD;1;DISK OK - free space: / 41272 MB (80% inode=99%):
[1545849000] CURRENT SERVICE STATE: qservercluster1;LocalService-NTPD SERVICE;OK;HARD;1;PROCS OK: 1 process with command name 'ntpd'
[1545849000] CURRENT SERVICE STATE: qservercluster1;Memory;OK;HARD;1;OK - 92.0% (45324100 kB) free.
[1545849000] CURRENT SERVICE STATE: qservercluster1;Sensors Status;OK;HARD;1;SENSORS OK
[1545849000] CURRENT SERVICE STATE: qservercluster1;Total Processes;OK;HARD;1;PROCS OK: 305 processes
[1545849000] CURRENT SERVICE STATE: qservercluster2;CPU Load;OK;HARD;1;OK - load average: 0.00, 0.04, 0.10
[1545849000] CURRENT SERVICE STATE: qservercluster2;CPU_Procs;OK;HARD;1;CPU OK: 302 processes
[1545849000] CURRENT SERVICE STATE: qservercluster2;Current Users;OK;HARD;1;USERS OK - 0 users currently logged in
[1545849000] CURRENT SERVICE STATE: qservercluster2;HDD_Home status;OK;HARD;1;DISK OK - free space: /home 224577 MB (99% inode=99%):
[1545849000] CURRENT SERVICE STATE: qservercluster2;HDD_Root status;OK;HARD;1;DISK OK - free space: / 40161 MB (78% inode=98%):
[1545849000] CURRENT SERVICE STATE: qservercluster2;LocalService-NTPD SERVICE;OK;HARD;1;PROCS OK: 1 process with command name 'ntpd'
[1545849000] CURRENT SERVICE STATE: qservercluster2;Memory;OK;HARD;1;OK - 95.5% (47048568 kB) free.
[1545849000] CURRENT SERVICE STATE: qservercluster2;Sensors Status;OK;HARD;1;SENSORS OK
[1545849000] CURRENT SERVICE STATE: qservercluster2;Total Processes;OK;HARD;1;PROCS OK: 302 processes
[1545849000] CURRENT SERVICE STATE: secondary-server;CPU Load;OK;HARD;1;OK - load average: 0.98, 0.89, 0.60
[1545849000] CURRENT SERVICE STATE: secondary-server;CPU_Procs;OK;HARD;1;CPU OK: 342 processes
[1545849000] CURRENT SERVICE STATE: secondary-server;Current Users;OK;HARD;1;USERS OK - 2 users currently logged in
[1545849000] CURRENT SERVICE STATE: secondary-server;HDD_Home status;OK;HARD;1;DISK OK - free space: /home 224704 MB (99% inode=99%):
[1545849000] CURRENT SERVICE STATE: secondary-server;HDD_Root status;OK;HARD;1;DISK OK - free space: / 41201 MB (80% inode=99%):
[1545849000] CURRENT SERVICE STATE: secondary-server;LocalService-NTPD SERVICE;OK;HARD;1;PROCS OK: 2 processes with command name 'ntpd'
[1545849000] CURRENT SERVICE STATE: secondary-server;Memory Status;OK;HARD;1;OK - 71.2% (17438980 kB) free.
[1545849000] CURRENT SERVICE STATE: secondary-server;Nginx Status;OK;HARD;1;NGINX OK -  0.084 sec. response time, Active: 0 (Writing: 0 Reading: 0 Waiting: 0) ReqPerSec: 0.000 ConnPerSec: 0.000 ReqPerConn: 0.000
[1545849000] CURRENT SERVICE STATE: secondary-server;Sensors Status;OK;HARD;1;SENSORS OK
[1545849000] CURRENT SERVICE STATE: secondary-server;Total Processes;OK;HARD;1;PROCS OK: 342 processes
[1545849000] CURRENT SERVICE STATE: sig1;CPU Load;OK;HARD;1;OK - load average: 0.00, 0.01, 0.05
[1545849000] CURRENT SERVICE STATE: sig1;CPU_Procs;OK;HARD;1;CPU OK: 297 processes
[1545849000] CURRENT SERVICE STATE: sig1;Current Users;OK;HARD;1;USERS OK - 0 users currently logged in
[1545849000] CURRENT SERVICE STATE: sig1;HDD_Home status;OK;HARD;1;DISK OK - free space: /home 203646 MB (90% inode=99%):
[1545849000] CURRENT SERVICE STATE: sig1;HDD_Root status;WARNING;HARD;3;DISK WARNING - free space: / 8353 MB (16% inode=98%):
[1545849000] CURRENT SERVICE STATE: sig1;LocalService-NTPD SERVICE;OK;HARD;1;PROCS OK: 1 process with command name 'ntpd'
[1545849000] CURRENT SERVICE STATE: sig1;Memory;CRITICAL;HARD;3;CRITICAL - 3.0% (483624 kB) free!
[1545849000] CURRENT SERVICE STATE: sig1;Sensors Status;OK;HARD;1;SENSORS OK
[1545849000] CURRENT SERVICE STATE: sig1;Total Processes;OK;HARD;1;PROCS OK: 295 processes
[1545849000] CURRENT SERVICE STATE: sig2;CPU Load;OK;HARD;1;OK - load average: 0.00, 0.01, 0.05
[1545849000] CURRENT SERVICE STATE: sig2;CPU_Procs;OK;HARD;1;CPU OK: 298 processes
[1545849000] CURRENT SERVICE STATE: sig2;Current Users;OK;HARD;1;USERS OK - 0 users currently logged in
[1545849000] CURRENT SERVICE STATE: sig2;HDD_Home status;OK;HARD;1;DISK OK - free space: /home 217052 MB (96% inode=99%):
[1545849000] CURRENT SERVICE STATE: sig2;HDD_Root status;OK;HARD;1;DISK OK - free space: / 33998 MB (66% inode=98%):
[1545849000] CURRENT SERVICE STATE: sig2;LocalService-NTPD SERVICE;OK;HARD;1;PROCS OK: 1 process with command name 'ntpd'
[1545849000] CURRENT SERVICE STATE: sig2;Memory;OK;HARD;1;OK - 43.9% (7133684 kB) free.
[1545849000] CURRENT SERVICE STATE: sig2;Sensors Status;OK;HARD;1;SENSORS OK
[1545849000] CURRENT SERVICE STATE: sig2;Total Processes;OK;HARD;1;PROCS OK: 301 processes
[1545849000] CURRENT SERVICE STATE: sig3;CPU Load;OK;HARD;1;OK - load average: 0.05, 0.04, 0.08
[1545849000] CURRENT SERVICE STATE: sig3;CPU_Procs;OK;HARD;1;CPU OK: 334 processes
[1545849000] CURRENT SERVICE STATE: sig3;Current Users;OK;HARD;1;USERS OK - 1 users currently logged in
[1545849000] CURRENT SERVICE STATE: sig3;HDD_Home status;OK;HARD;1;DISK OK - free space: /home 220133 MB (97% inode=99%):
[1545849000] CURRENT SERVICE STATE: sig3;HDD_Root status;OK;HARD;1;DISK OK - free space: / 37982 MB (74% inode=98%):
[1545849000] CURRENT SERVICE STATE: sig3;LocalService-NTPD SERVICE;OK;HARD;1;PROCS OK: 1 process with command name 'ntpd'
[1545849000] CURRENT SERVICE STATE: sig3;Memory;OK;HARD;1;OK - 87.8% (14262452 kB) free.
[1545849000] CURRENT SERVICE STATE: sig3;Sensors Status;OK;HARD;1;SENSORS OK
[1545849000] CURRENT SERVICE STATE: sig3;Total Processes;OK;HARD;1;PROCS OK: 335 processes
[1545849000] CURRENT SERVICE STATE: sig4;CPU Load;OK;HARD;1;OK - load average: 0.00, 0.01, 0.05
[1545849000] CURRENT SERVICE STATE: sig4;CPU_Procs;OK;HARD;1;CPU OK: 298 processes
[1545849000] CURRENT SERVICE STATE: sig4;Current Users;OK;HARD;1;USERS OK - 0 users currently logged in
[1545849000] CURRENT SERVICE STATE: sig4;HDD_Home status;OK;HARD;1;DISK OK - free space: /home 221797 MB (98% inode=99%):
[1545849000] CURRENT SERVICE STATE: sig4;HDD_Root status;OK;HARD;1;DISK OK - free space: / 37593 MB (73% inode=98%):
[1545849000] CURRENT SERVICE STATE: sig4;LocalService-NTPD SERVICE;OK;HARD;1;PROCS OK: 1 process with command name 'ntpd'
[1545849000] CURRENT SERVICE STATE: sig4;Memory;OK;HARD;1;OK - 86.6% (14080580 kB) free.
[1545849000] CURRENT SERVICE STATE: sig4;Sensors Status;OK;HARD;1;SENSORS OK
[1545849000] CURRENT SERVICE STATE: sig4;Total Processes;OK;HARD;1;PROCS OK: 298 processes
[1545849000] CURRENT SERVICE STATE: sig5;CPU Load;OK;HARD;1;OK - load average: 0.00, 0.01, 0.05
[1545849000] CURRENT SERVICE STATE: sig5;CPU_Procs;OK;HARD;1;CPU OK: 295 processes
[1545849000] CURRENT SERVICE STATE: sig5;Current Users;OK;HARD;1;USERS OK - 0 users currently logged in
[1545849000] CURRENT SERVICE STATE: sig5;HDD_Home status;OK;HARD;1;DISK OK - free space: /home 221455 MB (98% inode=99%):
[1545849000] CURRENT SERVICE STATE: sig5;HDD_Root status;OK;HARD;1;DISK OK - free space: / 38805 MB (75% inode=98%):
[1545849000] CURRENT SERVICE STATE: sig5;LocalService-NTPD SERVICE;OK;HARD;1;PROCS OK: 1 process with command name 'ntpd'
[1545849000] CURRENT SERVICE STATE: sig5;Memory;OK;HARD;1;OK - 91.6% (14892924 kB) free.
[1545849000] CURRENT SERVICE STATE: sig5;Sensors Status;OK;HARD;1;SENSORS OK
[1545849000] CURRENT SERVICE STATE: sig5;Total Processes;OK;HARD;1;PROCS OK: 297 processes
[1545849000] CURRENT SERVICE STATE: sig6;CPU Load;OK;HARD;1;OK - load average: 0.00, 0.01, 0.05
[1545849000] CURRENT SERVICE STATE: sig6;CPU_Procs;OK;HARD;1;CPU OK: 297 processes
[1545849000] CURRENT SERVICE STATE: sig6;Current Users;OK;HARD;1;USERS OK - 0 users currently logged in
[1545849000] CURRENT SERVICE STATE: sig6;HDD_Home status;OK;HARD;1;DISK OK - free space: /home 221450 MB (98% inode=99%):
[1545849000] CURRENT SERVICE STATE: sig6;HDD_Root status;OK;HARD;1;DISK OK - free space: / 37953 MB (74% inode=98%):
[1545849000] CURRENT SERVICE STATE: sig6;LocalService-NTPD SERVICE;OK;HARD;1;PROCS OK: 2 processes with command name 'ntpd'
[1545849000] CURRENT SERVICE STATE: sig6;Memory;OK;HARD;1;OK - 92.7% (15058840 kB) free.
[1545849000] CURRENT SERVICE STATE: sig6;Sensors Status;OK;HARD;1;SENSORS OK
[1545849000] CURRENT SERVICE STATE: sig6;Total Processes;OK;HARD;1;PROCS OK: 296 processes
[1545849000] CURRENT SERVICE STATE: sigqscluster1;CPU Load;OK;HARD;1;OK - load average: 0.99, 0.46, 0.33
[1545849000] CURRENT SERVICE STATE: sigqscluster1;CPU_Procs;CRITICAL;HARD;3;CPU CRITICAL: 1 crit, 0 warn out of 340 processes
[1545849000] CURRENT SERVICE STATE: sigqscluster1;Current Users;OK;HARD;1;USERS OK - 2 users currently logged in
[1545849000] CURRENT SERVICE STATE: sigqscluster1;HDD_Home status;OK;HARD;1;DISK OK - free space: /home 224579 MB (99% inode=99%):
[1545849000] CURRENT SERVICE STATE: sigqscluster1;HDD_Root status;OK;HARD;1;DISK OK - free space: / 41175 MB (80% inode=99%):
[1545849000] CURRENT SERVICE STATE: sigqscluster1;LocalService-NTPD SERVICE;OK;HARD;1;PROCS OK: 2 processes with command name 'ntpd'
[1545849000] CURRENT SERVICE STATE: sigqscluster1;Memory;OK;HARD;1;OK - 92.3% (45467544 kB) free.
[1545849000] CURRENT SERVICE STATE: sigqscluster1;Sensors Status;OK;HARD;1;SENSORS OK
[1545849000] CURRENT SERVICE STATE: sigqscluster1;Total Processes;OK;HARD;1;PROCS OK: 340 processes
[1545849000] CURRENT SERVICE STATE: sigqscluster2;CPU Load;OK;HARD;1;OK - load average: 1.34, 0.93, 0.80
[1545849000] CURRENT SERVICE STATE: sigqscluster2;CPU_Procs;CRITICAL;HARD;3;CPU CRITICAL: 1 crit, 0 warn out of 334 processes
[1545849000] CURRENT SERVICE STATE: sigqscluster2;Current Users;OK;HARD;1;USERS OK - 2 users currently logged in
[1545849000] CURRENT SERVICE STATE: sigqscluster2;HDD_Home status;OK;HARD;1;DISK OK - free space: /home 224577 MB (99% inode=99%):
[1545849000] CURRENT SERVICE STATE: sigqscluster2;HDD_Root status;OK;HARD;1;DISK OK - free space: / 41176 MB (80% inode=99%):
[1545849000] CURRENT SERVICE STATE: sigqscluster2;LocalService-NTPD SERVICE;OK;HARD;1;PROCS OK: 2 processes with command name 'ntpd'
[1545849000] CURRENT SERVICE STATE: sigqscluster2;Memory;OK;HARD;1;OK - 92.1% (45407148 kB) free.
[1545849000] CURRENT SERVICE STATE: sigqscluster2;Sensors Status;OK;HARD;1;SENSORS OK
[1545849000] CURRENT SERVICE STATE: sigqscluster2;Total Processes;OK;HARD;1;PROCS OK: 335 processes
[1545849000] CURRENT SERVICE STATE: smscapp1;CPU Load;OK;HARD;1;OK - load average: 0.97, 1.04, 1.09
[1545849000] CURRENT SERVICE STATE: smscapp1;CPU_Procs;CRITICAL;HARD;3;CPU CRITICAL: 4 crit, 1 warn out of 300 processes
[1545849000] CURRENT SERVICE STATE: smscapp1;Current Users;OK;HARD;1;USERS OK - 2 users currently logged in
[1545849000] CURRENT SERVICE STATE: smscapp1;HDD_Home status;OK;HARD;1;DISK OK - free space: /home 146046 MB (64% inode=99%):
[1545849000] CURRENT SERVICE STATE: smscapp1;HDD_Root status;OK;HARD;1;DISK OK - free space: / 39180 MB (76% inode=98%):
[1545849000] CURRENT SERVICE STATE: smscapp1;LocalService-NTPD SERVICE;OK;HARD;1;PROCS OK: 2 processes with command name 'ntpd'
[1545849000] CURRENT SERVICE STATE: smscapp1;Memory;CRITICAL;HARD;3;CRITICAL - 6.6% (1079584 kB) free!
[1545849000] CURRENT SERVICE STATE: smscapp1;Sensors Status;OK;HARD;1;SENSORS OK
[1545849000] CURRENT SERVICE STATE: smscapp1;Total Processes;OK;HARD;1;PROCS OK: 300 processes
[1545849000] CURRENT SERVICE STATE: smscapp2;CPU Load;OK;HARD;1;OK - load average: 1.35, 1.18, 0.88
[1545849000] CURRENT SERVICE STATE: smscapp2;CPU_Procs;WARNING;HARD;3;CPU WARNING: 1 warn out of 332 processes
[1545849000] CURRENT SERVICE STATE: smscapp2;Current Users;OK;HARD;1;USERS OK - 2 users currently logged in
[1545849000] CURRENT SERVICE STATE: smscapp2;HDD_Home status;OK;HARD;1;DISK OK - free space: /home 127688 MB (56% inode=99%):
[1545849000] CURRENT SERVICE STATE: smscapp2;HDD_Root status;OK;HARD;1;DISK OK - free space: / 39004 MB (76% inode=98%):
[1545849000] CURRENT SERVICE STATE: smscapp2;LocalService-NTPD SERVICE;OK;HARD;1;PROCS OK: 2 processes with command name 'ntpd'
[1545849000] CURRENT SERVICE STATE: smscapp2;Memory;CRITICAL;HARD;3;CRITICAL - 1.0% (164344 kB) free!
[1545849000] CURRENT SERVICE STATE: smscapp2;Sensors Status;OK;HARD;1;SENSORS OK
[1545849000] CURRENT SERVICE STATE: smscapp2;Total Processes;OK;HARD;1;PROCS OK: 332 processes
[1545849000] CURRENT SERVICE STATE: sservercluster1;CPU Load;OK;HARD;1;OK - load average: 0.00, 0.01, 0.05
[1545849000] CURRENT SERVICE STATE: sservercluster1;CPU_Procs;OK;HARD;1;CPU OK: 272 processes
[1545849000] CURRENT SERVICE STATE: sservercluster1;Current Users;OK;HARD;1;USERS OK - 1 users currently logged in
[1545849000] CURRENT SERVICE STATE: sservercluster1;HDD_Home status;OK;HARD;1;DISK OK - free space: /home 220679 MB (99% inode=99%):
[1545849000] CURRENT SERVICE STATE: sservercluster1;HDD_Root status;OK;HARD;1;DISK OK - free space: / 41854 MB (81% inode=99%):
[1545849000] CURRENT SERVICE STATE: sservercluster1;LocalService-NTPD SERVICE;OK;HARD;1;PROCS OK: 2 processes with command name 'ntpd'
[1545849000] CURRENT SERVICE STATE: sservercluster1;Memory;OK;HARD;1;OK - 76.5% (18739020 kB) free.
[1545849000] CURRENT SERVICE STATE: sservercluster1;Sensors Status;OK;HARD;1;SENSORS OK
[1545849000] CURRENT SERVICE STATE: sservercluster1;Total Processes;OK;HARD;1;PROCS OK: 272 processes
[1545849000] CURRENT SERVICE STATE: sservercluster2;CPU Load;OK;HARD;1;OK - load average: 0.00, 0.01, 0.05
[1545849000] CURRENT SERVICE STATE: sservercluster2;CPU_Procs;OK;HARD;1;CPU OK: 299 processes
[1545849000] CURRENT SERVICE STATE: sservercluster2;Current Users;OK;HARD;1;USERS OK - 1 users currently logged in
[1545849000] CURRENT SERVICE STATE: sservercluster2;HDD_Home status;OK;HARD;1;DISK OK - free space: /home 219756 MB (99% inode=99%):
[1545849000] CURRENT SERVICE STATE: sservercluster2;HDD_Root status;OK;HARD;1;DISK OK - free space: / 41254 MB (80% inode=99%):
[1545849000] CURRENT SERVICE STATE: sservercluster2;LocalService-NTPD SERVICE;OK;HARD;1;PROCS OK: 1 process with command name 'ntpd'
[1545849000] CURRENT SERVICE STATE: sservercluster2;Memory;OK;HARD;1;OK - 93.9% (23025340 kB) free.
[1545849000] CURRENT SERVICE STATE: sservercluster2;Sensors Status;OK;HARD;1;SENSORS OK
[1545849000] CURRENT SERVICE STATE: sservercluster2;Total Processes;OK;HARD;1;PROCS OK: 301 processes
[1545849000] CURRENT SERVICE STATE: webserver1;CPU Load;OK;HARD;1;OK - load average: 0.00, 0.01, 0.05
[1545849000] CURRENT SERVICE STATE: webserver1;CPU_Procs;OK;HARD;1;CPU OK: 319 processes
[1545849000] CURRENT SERVICE STATE: webserver1;Current Users;OK;HARD;1;USERS OK - 0 users currently logged in
[1545849000] CURRENT SERVICE STATE: webserver1;HDD_Home status;OK;HARD;1;DISK OK - free space: /home 224832 MB (99% inode=99%):
[1545849000] CURRENT SERVICE STATE: webserver1;HDD_Root status;OK;HARD;1;DISK OK - free space: / 40985 MB (80% inode=99%):
[1545849000] CURRENT SERVICE STATE: webserver1;LocalService-NTPD SERVICE;OK;HARD;1;PROCS OK: 2 processes with command name 'ntpd'
[1545849000] CURRENT SERVICE STATE: webserver1;Memory;OK;HARD;1;OK - 94.1% (23022056 kB) free.
[1545849000] CURRENT SERVICE STATE: webserver1;Nginx_status;OK;HARD;1;NGINX OK -  0.084 sec. response time, Active: 0 (Writing: 0 Reading: 0 Waiting: 0) ReqPerSec: 0.000 ConnPerSec: 0.000 ReqPerConn: 0.000
[1545849000] CURRENT SERVICE STATE: webserver1;Sensors Status;OK;HARD;1;SENSORS OK
[1545849000] CURRENT SERVICE STATE: webserver1;Total Processes;OK;HARD;1;PROCS OK: 319 processes
[1545849000] CURRENT SERVICE STATE: webserver2;CPU_Procs;OK;HARD;1;CPU OK: 421 processes
[1545849000] CURRENT SERVICE STATE: webserver2;Current Load;OK;HARD;1;OK - load average: 0.01, 0.02, 0.13
[1545849000] CURRENT SERVICE STATE: webserver2;Current Users;OK;HARD;1;USERS OK - 18 users currently logged in
[1545849000] CURRENT SERVICE STATE: webserver2;HDD_Home status;OK;HARD;1;DISK OK - free space: /home 218653 MB (97.29% inode=100%):
[1545849000] CURRENT SERVICE STATE: webserver2;HTTP;OK;HARD;1;HTTP OK: HTTP/1.1 200 OK - 355 bytes in 0.001 second response time
[1545849000] CURRENT SERVICE STATE: webserver2;LocalService-NTPD SERVICE;OK;HARD;1;PROCS OK: 2 processes with command name 'ntpd'
[1545849000] CURRENT SERVICE STATE: webserver2;Memory;OK;HARD;1;OK - 33.0% (8077272 kB) free.
[1545849000] CURRENT SERVICE STATE: webserver2;PING;OK;HARD;1;PING OK - Packet loss = 0%, RTA = 0.07 ms
[1545849000] CURRENT SERVICE STATE: webserver2;Root Partition;OK;HARD;1;DISK OK - free space: / 39179 MB (76.55% inode=99%):
[1545849000] CURRENT SERVICE STATE: webserver2;SSH;OK;HARD;1;SSH OK - OpenSSH_7.4 (protocol 2.0)
[1545849000] CURRENT SERVICE STATE: webserver2;Sensors Status;OK;HARD;1;SENSORS OK
[1545849000] CURRENT SERVICE STATE: webserver2;Total Processes;OK;HARD;1;PROCS OK: 157 processes with STATE = RSZDT
[1545849000] CURRENT SERVICE STATE: webservercluster1;CPU Load;OK;HARD;1;OK - load average: 0.00, 0.01, 0.05
[1545849000] CURRENT SERVICE STATE: webservercluster1;CPU_Procs;OK;HARD;1;CPU OK: 283 processes
[1545849000] CURRENT SERVICE STATE: webservercluster1;Current Users;OK;HARD;1;USERS OK - 1 users currently logged in
[1545849000] CURRENT SERVICE STATE: webservercluster1;HDD_Home status;OK;HARD;1;DISK OK - free space: / 41258 MB (80% inode=99%):
[1545849000] CURRENT SERVICE STATE: webservercluster1;HDD_Root status;OK;HARD;1;DISK OK - free space: /home 224709 MB (99% inode=99%):
[1545849000] CURRENT SERVICE STATE: webservercluster1;LocalService-NTPD SERVICE;OK;HARD;1;PROCS OK: 1 process with command name 'ntpd'
[1545849000] CURRENT SERVICE STATE: webservercluster1;Memory;OK;HARD;1;OK - 58.3% (9479616 kB) free.
[1545849000] CURRENT SERVICE STATE: webservercluster1;Sensors Status;OK;HARD;1;SENSORS OK
[1545849000] CURRENT SERVICE STATE: webservercluster1;Total Processes;OK;HARD;1;PROCS OK: 281 processes
[1545849000] CURRENT SERVICE STATE: webservercluster2;CPU Load;OK;HARD;1;OK - load average: 0.00, 0.01, 0.05
[1545849000] CURRENT SERVICE STATE: webservercluster2;CPU_Procs;OK;HARD;1;CPU OK: 282 processes
[1545849000] CURRENT SERVICE STATE: webservercluster2;Current Users;OK;HARD;1;USERS OK - 1 users currently logged in
[1545849000] CURRENT SERVICE STATE: webservercluster2;HDD_Home status;OK;HARD;1;DISK OK - free space: /home 224709 MB (99% inode=99%):
[1545849000] CURRENT SERVICE STATE: webservercluster2;HDD_Root status;OK;HARD;1;DISK OK - free space: / 41208 MB (80% inode=99%):
[1545849000] CURRENT SERVICE STATE: webservercluster2;LocalService-NTPD SERVICE;OK;HARD;1;PROCS OK: 1 process with command name 'ntpd'
[1545849000] CURRENT SERVICE STATE: webservercluster2;Memory;OK;HARD;1;OK - 58.6% (9517124 kB) free.
[1545849000] CURRENT SERVICE STATE: webservercluster2;Sensors Status;OK;HARD;1;SENSORS OK
[1545849000] CURRENT SERVICE STATE: webservercluster2;Total Processes;OK;HARD;1;PROCS OK: 282 processes
[1545849119] SERVICE NOTIFICATION: nagiosadmin;smscapp1;CPU_Procs;CRITICAL;notify-service-by-email;CPU CRITICAL: 4 crit, 1 warn out of 301 processes
[1545849140] SERVICE NOTIFICATION: nagiosadmin;qservercluster1;CPU_Procs;CRITICAL;notify-service-by-email;CPU CRITICAL: 1 crit, 0 warn out of 308 processes
[1545850046] SERVICE NOTIFICATION: nagiosadmin;pservercluster2;HDD_Root status;WARNING;notify-service-by-email;DISK WARNING - free space: / 8191 MB (16% inode=98%):
[1545850165] Auto-save of retention data completed successfully.
[1545850463] SERVICE ALERT: db2;CPU_Procs;CRITICAL;SOFT;1;CPU CRITICAL: 1 crit, 0 warn out of 295 processes
[1545850524] SERVICE ALERT: db2;Memory;WARNING;SOFT;1;WARNING - 18.2% (8948764 kB) free!
[1545850583] SERVICE ALERT: db2;CPU_Procs;CRITICAL;SOFT;2;CPU CRITICAL: 1 crit, 0 warn out of 296 processes
[1545850644] SERVICE ALERT: db2;Memory;OK;HARD;1;OK - 22.2% (10962664 kB) free.
[1545850703] SERVICE ALERT: db2;CPU_Procs;OK;HARD;1;CPU OK: 293 processes
[1545850870] SERVICE NOTIFICATION: nagiosadmin;smscapp1;Memory;CRITICAL;notify-service-by-email;CRITICAL - 6.6% (1068336 kB) free!
[1545850883] SERVICE NOTIFICATION: nagiosadmin;smscapp2;Memory;CRITICAL;notify-service-by-email;CRITICAL - 1.0% (154416 kB) free!
[1545851039] SERVICE NOTIFICATION: nagiosadmin;sig1;Memory;CRITICAL;notify-service-by-email;CRITICAL - 3.0% (481092 kB) free!
[1545851183] SERVICE NOTIFICATION: nagiosadmin;sigqscluster1;CPU_Procs;CRITICAL;notify-service-by-email;CPU CRITICAL: 1 crit, 0 warn out of 338 processes
[1545851435] SERVICE NOTIFICATION: nagiosadmin;sigqscluster2;CPU_Procs;CRITICAL;notify-service-by-email;CPU CRITICAL: 1 crit, 0 warn out of 334 processes
[1545852011] SERVICE NOTIFICATION: nagiosadmin;sig1;HDD_Root status;WARNING;notify-service-by-email;DISK WARNING - free space: / 8354 MB (16% inode=98%):
[1545852102] SERVICE NOTIFICATION: nagiosadmin;qservercluster1;CPU Load;WARNING;notify-service-by-email;WARNING - load average: 13.38, 13.53, 13.35
[1545852148] SERVICE NOTIFICATION: nagiosadmin;smscapp2;CPU_Procs;WARNING;notify-service-by-email;CPU WARNING: 1 warn out of 336 processes
[1545852405] SERVICE ALERT: webserver2;CPU_Procs;WARNING;SOFT;1;CPU WARNING: 1 warn out of 424 processes
[1545852465] SERVICE ALERT: webserver2;CPU_Procs;OK;HARD;1;CPU OK: 425 processes
[1545852507] SERVICE NOTIFICATION: nagiosadmin;pservercluster2;CPU_Procs;CRITICAL;notify-service-by-email;CPU CRITICAL: 2 crit, 3 warn out of 351 processes
[1545852559] SERVICE ALERT: db1;CPU_Procs;CRITICAL;SOFT;1;CPU CRITICAL: 1 crit, 0 warn out of 325 processes
[1545852679] SERVICE ALERT: db1;CPU_Procs;OK;HARD;1;CPU OK: 324 processes
[1545852719] SERVICE NOTIFICATION: nagiosadmin;smscapp1;CPU_Procs;CRITICAL;notify-service-by-email;CPU CRITICAL: 4 crit, 1 warn out of 306 processes
[1545852740] SERVICE NOTIFICATION: nagiosadmin;qservercluster1;CPU_Procs;CRITICAL;notify-service-by-email;CPU CRITICAL: 1 crit, 0 warn out of 306 processes
[1545853646] SERVICE NOTIFICATION: nagiosadmin;pservercluster2;HDD_Root status;WARNING;notify-service-by-email;DISK WARNING - free space: / 8192 MB (16% inode=98%):
[1545853765] Auto-save of retention data completed successfully.
[1545854483] SERVICE NOTIFICATION: nagiosadmin;smscapp2;Memory;CRITICAL;notify-service-by-email;CRITICAL - 1.0% (169740 kB) free!
[1545854639] SERVICE NOTIFICATION: nagiosadmin;sig1;Memory;CRITICAL;notify-service-by-email;CRITICAL - 3.0% (481180 kB) free!
[1545854783] SERVICE NOTIFICATION: nagiosadmin;sigqscluster1;CPU_Procs;CRITICAL;notify-service-by-email;CPU CRITICAL: 1 crit, 0 warn out of 338 processes
[1545855035] SERVICE NOTIFICATION: nagiosadmin;sigqscluster2;CPU_Procs;CRITICAL;notify-service-by-email;CPU CRITICAL: 1 crit, 0 warn out of 336 processes
[1545855069] SERVICE NOTIFICATION: nagiosadmin;smscapp1;Memory;CRITICAL;notify-service-by-email;CRITICAL - 6.6% (1066620 kB) free!
[1545855611] SERVICE NOTIFICATION: nagiosadmin;sig1;HDD_Root status;WARNING;notify-service-by-email;DISK WARNING - free space: / 8354 MB (16% inode=98%):
[1545855702] SERVICE NOTIFICATION: nagiosadmin;qservercluster1;CPU Load;WARNING;notify-service-by-email;WARNING - load average: 13.33, 12.81, 12.71
[1545855748] SERVICE NOTIFICATION: nagiosadmin;smscapp2;CPU_Procs;WARNING;notify-service-by-email;CPU WARNING: 1 warn out of 334 processes
[1545856107] SERVICE NOTIFICATION: nagiosadmin;pservercluster2;CPU_Procs;CRITICAL;notify-service-by-email;CPU CRITICAL: 2 crit, 3 warn out of 351 processes
[1545856319] SERVICE NOTIFICATION: nagiosadmin;smscapp1;CPU_Procs;CRITICAL;notify-service-by-email;CPU CRITICAL: 4 crit, 1 warn out of 302 processes
[1545856341] SERVICE NOTIFICATION: nagiosadmin;qservercluster1;CPU_Procs;CRITICAL;notify-service-by-email;CPU CRITICAL: 1 crit, 0 warn out of 306 processes
[1545857247] SERVICE NOTIFICATION: nagiosadmin;pservercluster2;HDD_Root status;WARNING;notify-service-by-email;DISK WARNING - free space: / 8192 MB (16% inode=98%):
[1545857365] Auto-save of retention data completed successfully.
[1545858084] SERVICE NOTIFICATION: nagiosadmin;smscapp2;Memory;CRITICAL;notify-service-by-email;CRITICAL - 1.0% (166840 kB) free!
[1545858240] SERVICE NOTIFICATION: nagiosadmin;sig1;Memory;CRITICAL;notify-service-by-email;CRITICAL - 2.9% (471788 kB) free!
[1545858383] SERVICE NOTIFICATION: nagiosadmin;sigqscluster1;CPU_Procs;CRITICAL;notify-service-by-email;CPU CRITICAL: 1 crit, 0 warn out of 337 processes
[1545858635] SERVICE NOTIFICATION: nagiosadmin;sigqscluster2;CPU_Procs;CRITICAL;notify-service-by-email;CPU CRITICAL: 1 crit, 0 warn out of 335 processes
[1545858670] SERVICE NOTIFICATION: nagiosadmin;smscapp1;Memory;CRITICAL;notify-service-by-email;CRITICAL - 6.6% (1066656 kB) free!
[1545859211] SERVICE NOTIFICATION: nagiosadmin;sig1;HDD_Root status;WARNING;notify-service-by-email;DISK WARNING - free space: / 8354 MB (16% inode=98%):
[1545859302] SERVICE NOTIFICATION: nagiosadmin;qservercluster1;CPU Load;WARNING;notify-service-by-email;WARNING - load average: 11.41, 12.42, 12.66
[1545859348] SERVICE NOTIFICATION: nagiosadmin;smscapp2;CPU_Procs;WARNING;notify-service-by-email;CPU WARNING: 1 warn out of 334 processes
[1545859708] SERVICE NOTIFICATION: nagiosadmin;pservercluster2;CPU_Procs;CRITICAL;notify-service-by-email;CPU CRITICAL: 2 crit, 3 warn out of 350 processes
[1545859920] SERVICE NOTIFICATION: nagiosadmin;smscapp1;CPU_Procs;CRITICAL;notify-service-by-email;CPU CRITICAL: 4 crit, 1 warn out of 302 processes
[1545860540] SERVICE NOTIFICATION: nagiosadmin;qservercluster1;CPU_Procs;CRITICAL;notify-service-by-email;CPU CRITICAL: 1 crit, 0 warn out of 305 processes
[1545860965] Auto-save of retention data completed successfully.
[1545861446] SERVICE NOTIFICATION: nagiosadmin;pservercluster2;HDD_Root status;WARNING;notify-service-by-email;DISK WARNING - free space: / 8191 MB (16% inode=98%):
[1545861983] SERVICE NOTIFICATION: nagiosadmin;sigqscluster1;CPU_Procs;CRITICAL;notify-service-by-email;CPU CRITICAL: 1 crit, 0 warn out of 337 processes
[1545862235] SERVICE NOTIFICATION: nagiosadmin;sigqscluster2;CPU_Procs;CRITICAL;notify-service-by-email;CPU CRITICAL: 1 crit, 0 warn out of 336 processes
[1545862283] SERVICE NOTIFICATION: nagiosadmin;smscapp2;Memory;CRITICAL;notify-service-by-email;CRITICAL - 1.0% (162808 kB) free!
[1545862439] SERVICE NOTIFICATION: nagiosadmin;sig1;Memory;CRITICAL;notify-service-by-email;CRITICAL - 2.9% (471112 kB) free!
[1545862811] SERVICE NOTIFICATION: nagiosadmin;sig1;HDD_Root status;WARNING;notify-service-by-email;DISK WARNING - free space: / 8352 MB (16% inode=98%):
[1545862869] SERVICE NOTIFICATION: nagiosadmin;smscapp1;Memory;CRITICAL;notify-service-by-email;CRITICAL - 6.4% (1033768 kB) free!
[1545862902] SERVICE NOTIFICATION: nagiosadmin;qservercluster1;CPU Load;WARNING;notify-service-by-email;WARNING - load average: 12.32, 12.30, 12.35
[1545862948] SERVICE NOTIFICATION: nagiosadmin;smscapp2;CPU_Procs;WARNING;notify-service-by-email;CPU WARNING: 1 warn out of 332 processes
[1545863907] SERVICE NOTIFICATION: nagiosadmin;pservercluster2;CPU_Procs;CRITICAL;notify-service-by-email;CPU CRITICAL: 2 crit, 3 warn out of 349 processes
[1545864119] SERVICE NOTIFICATION: nagiosadmin;smscapp1;CPU_Procs;CRITICAL;notify-service-by-email;CPU CRITICAL: 4 crit, 1 warn out of 299 processes
[1545864140] SERVICE NOTIFICATION: nagiosadmin;qservercluster1;CPU_Procs;CRITICAL;notify-service-by-email;CPU CRITICAL: 1 crit, 0 warn out of 308 processes
[1545864565] Auto-save of retention data completed successfully.
[1545865046] SERVICE NOTIFICATION: nagiosadmin;pservercluster2;HDD_Root status;WARNING;notify-service-by-email;DISK WARNING - free space: / 8190 MB (16% inode=98%):
[1545865583] SERVICE NOTIFICATION: nagiosadmin;sigqscluster1;CPU_Procs;CRITICAL;notify-service-by-email;CPU CRITICAL: 1 crit, 0 warn out of 339 processes
[1545865836] SERVICE NOTIFICATION: nagiosadmin;sigqscluster2;CPU_Procs;CRITICAL;notify-service-by-email;CPU CRITICAL: 1 crit, 0 warn out of 335 processes
[1545865883] SERVICE NOTIFICATION: nagiosadmin;smscapp2;Memory;CRITICAL;notify-service-by-email;CRITICAL - 1.0% (158760 kB) free!
[1545866040] SERVICE NOTIFICATION: nagiosadmin;sig1;Memory;CRITICAL;notify-service-by-email;CRITICAL - 2.9% (468492 kB) free!
[1545866411] SERVICE NOTIFICATION: nagiosadmin;sig1;HDD_Root status;WARNING;notify-service-by-email;DISK WARNING - free space: / 8352 MB (16% inode=98%):
[1545866469] SERVICE NOTIFICATION: nagiosadmin;smscapp1;Memory;CRITICAL;notify-service-by-email;CRITICAL - 6.4% (1032892 kB) free!
[1545866502] SERVICE NOTIFICATION: nagiosadmin;qservercluster1;CPU Load;WARNING;notify-service-by-email;WARNING - load average: 11.99, 12.90, 12.68
[1545866548] SERVICE NOTIFICATION: nagiosadmin;smscapp2;CPU_Procs;WARNING;notify-service-by-email;CPU WARNING: 1 warn out of 332 processes
[1545867507] SERVICE NOTIFICATION: nagiosadmin;pservercluster2;CPU_Procs;CRITICAL;notify-service-by-email;CPU CRITICAL: 2 crit, 3 warn out of 348 processes
[1545867719] SERVICE NOTIFICATION: nagiosadmin;smscapp1;CPU_Procs;CRITICAL;notify-service-by-email;CPU CRITICAL: 4 crit, 1 warn out of 299 processes
[1545867740] SERVICE NOTIFICATION: nagiosadmin;qservercluster1;CPU_Procs;CRITICAL;notify-service-by-email;CPU CRITICAL: 1 crit, 0 warn out of 309 processes
[1545868165] Auto-save of retention data completed successfully.
[1545868646] SERVICE NOTIFICATION: nagiosadmin;pservercluster2;HDD_Root status;WARNING;notify-service-by-email;DISK WARNING - free space: / 8191 MB (16% inode=98%):
[1545869183] SERVICE NOTIFICATION: nagiosadmin;sigqscluster1;CPU_Procs;CRITICAL;notify-service-by-email;CPU CRITICAL: 1 crit, 0 warn out of 337 processes
[1545869483] SERVICE NOTIFICATION: nagiosadmin;smscapp2;Memory;CRITICAL;notify-service-by-email;CRITICAL - 1.0% (156008 kB) free!
[1545870012] SERVICE NOTIFICATION: nagiosadmin;sig1;HDD_Root status;WARNING;notify-service-by-email;DISK WARNING - free space: / 8351 MB (16% inode=98%):
[1545870035] SERVICE NOTIFICATION: nagiosadmin;sigqscluster2;CPU_Procs;CRITICAL;notify-service-by-email;CPU CRITICAL: 1 crit, 0 warn out of 335 processes
[1545870069] SERVICE NOTIFICATION: nagiosadmin;smscapp1;Memory;CRITICAL;notify-service-by-email;CRITICAL - 6.3% (1032064 kB) free!
[1545870102] SERVICE NOTIFICATION: nagiosadmin;qservercluster1;CPU Load;WARNING;notify-service-by-email;WARNING - load average: 13.39, 13.59, 13.25
[1545870148] SERVICE NOTIFICATION: nagiosadmin;smscapp2;CPU_Procs;WARNING;notify-service-by-email;CPU WARNING: 1 warn out of 334 processes
[1545870239] SERVICE NOTIFICATION: nagiosadmin;sig1;Memory;CRITICAL;notify-service-by-email;CRITICAL - 2.9% (466920 kB) free!
[1545871107] SERVICE NOTIFICATION: nagiosadmin;pservercluster2;CPU_Procs;CRITICAL;notify-service-by-email;CPU CRITICAL: 2 crit, 3 warn out of 348 processes
[1545871319] SERVICE NOTIFICATION: nagiosadmin;smscapp1;CPU_Procs;CRITICAL;notify-service-by-email;CPU CRITICAL: 4 crit, 1 warn out of 300 processes
[1545871340] SERVICE NOTIFICATION: nagiosadmin;qservercluster1;CPU_Procs;CRITICAL;notify-service-by-email;CPU CRITICAL: 1 crit, 0 warn out of 305 processes
[1545871765] Auto-save of retention data completed successfully.
[1545872247] SERVICE NOTIFICATION: nagiosadmin;pservercluster2;HDD_Root status;WARNING;notify-service-by-email;DISK WARNING - free space: / 8191 MB (16% inode=98%):
[1545872783] SERVICE NOTIFICATION: nagiosadmin;sigqscluster1;CPU_Procs;CRITICAL;notify-service-by-email;CPU CRITICAL: 1 crit, 0 warn out of 340 processes
[1545873083] SERVICE NOTIFICATION: nagiosadmin;smscapp2;Memory;CRITICAL;notify-service-by-email;CRITICAL - 0.9% (147736 kB) free!
[1545873635] SERVICE NOTIFICATION: nagiosadmin;sigqscluster2;CPU_Procs;CRITICAL;notify-service-by-email;CPU CRITICAL: 1 crit, 0 warn out of 335 processes
[1545873669] SERVICE NOTIFICATION: nagiosadmin;smscapp1;Memory;CRITICAL;notify-service-by-email;CRITICAL - 6.3% (1031936 kB) free!
[1545873702] SERVICE NOTIFICATION: nagiosadmin;qservercluster1;CPU Load;WARNING;notify-service-by-email;WARNING - load average: 11.54, 12.28, 12.63
[1545873748] SERVICE NOTIFICATION: nagiosadmin;smscapp2;CPU_Procs;WARNING;notify-service-by-email;CPU WARNING: 1 warn out of 334 processes
[1545873840] SERVICE NOTIFICATION: nagiosadmin;sig1;Memory;CRITICAL;notify-service-by-email;CRITICAL - 2.9% (465764 kB) free!
[1545874211] SERVICE NOTIFICATION: nagiosadmin;sig1;HDD_Root status;WARNING;notify-service-by-email;DISK WARNING - free space: / 8350 MB (16% inode=98%):
[1545874707] SERVICE NOTIFICATION: nagiosadmin;pservercluster2;CPU_Procs;CRITICAL;notify-service-by-email;CPU CRITICAL: 2 crit, 3 warn out of 349 processes
[1545874919] SERVICE NOTIFICATION: nagiosadmin;smscapp1;CPU_Procs;CRITICAL;notify-service-by-email;CPU CRITICAL: 4 crit, 1 warn out of 299 processes
[1545874940] SERVICE NOTIFICATION: nagiosadmin;qservercluster1;CPU_Procs;CRITICAL;notify-service-by-email;CPU CRITICAL: 1 crit, 0 warn out of 311 processes
[1545875365] Auto-save of retention data completed successfully.
[1545876383] SERVICE NOTIFICATION: nagiosadmin;sigqscluster1;CPU_Procs;CRITICAL;notify-service-by-email;CPU CRITICAL: 1 crit, 0 warn out of 336 processes
[1545876446] SERVICE NOTIFICATION: nagiosadmin;pservercluster2;HDD_Root status;WARNING;notify-service-by-email;DISK WARNING - free space: / 8191 MB (16% inode=98%):
[1545876683] SERVICE NOTIFICATION: nagiosadmin;smscapp2;Memory;CRITICAL;notify-service-by-email;CRITICAL - 1.4% (232716 kB) free!
[1545877235] SERVICE NOTIFICATION: nagiosadmin;sigqscluster2;CPU_Procs;CRITICAL;notify-service-by-email;CPU CRITICAL: 1 crit, 0 warn out of 336 processes
[1545877269] SERVICE NOTIFICATION: nagiosadmin;smscapp1;Memory;CRITICAL;notify-service-by-email;CRITICAL - 6.3% (1030508 kB) free!
[1545877303] SERVICE NOTIFICATION: nagiosadmin;qservercluster1;CPU Load;WARNING;notify-service-by-email;WARNING - load average: 12.09, 12.11, 12.31
[1545877348] SERVICE NOTIFICATION: nagiosadmin;smscapp2;CPU_Procs;WARNING;notify-service-by-email;CPU WARNING: 1 warn out of 333 processes
[1545877811] SERVICE NOTIFICATION: nagiosadmin;sig1;HDD_Root status;WARNING;notify-service-by-email;DISK WARNING - free space: / 8349 MB (16% inode=98%):
[1545878039] SERVICE NOTIFICATION: nagiosadmin;sig1;Memory;CRITICAL;notify-service-by-email;CRITICAL - 2.9% (464612 kB) free!
[1545878307] SERVICE NOTIFICATION: nagiosadmin;pservercluster2;CPU_Procs;CRITICAL;notify-service-by-email;CPU CRITICAL: 2 crit, 3 warn out of 349 processes
[1545878519] SERVICE NOTIFICATION: nagiosadmin;smscapp1;CPU_Procs;CRITICAL;notify-service-by-email;CPU CRITICAL: 4 crit, 1 warn out of 300 processes
[1545878540] SERVICE NOTIFICATION: nagiosadmin;qservercluster1;CPU_Procs;CRITICAL;notify-service-by-email;CPU CRITICAL: 1 crit, 0 warn out of 307 processes
[1545878965] Auto-save of retention data completed successfully.
[1545879984] SERVICE NOTIFICATION: nagiosadmin;sigqscluster1;CPU_Procs;CRITICAL;notify-service-by-email;CPU CRITICAL: 1 crit, 0 warn out of 337 processes
[1545880046] SERVICE NOTIFICATION: nagiosadmin;pservercluster2;HDD_Root status;WARNING;notify-service-by-email;DISK WARNING - free space: / 8190 MB (16% inode=98%):
[1545880283] SERVICE NOTIFICATION: nagiosadmin;smscapp2;Memory;CRITICAL;notify-service-by-email;CRITICAL - 1.4% (229856 kB) free!
[1545880835] SERVICE NOTIFICATION: nagiosadmin;sigqscluster2;CPU_Procs;CRITICAL;notify-service-by-email;CPU CRITICAL: 1 crit, 0 warn out of 337 processes
[1545880869] SERVICE NOTIFICATION: nagiosadmin;smscapp1;Memory;CRITICAL;notify-service-by-email;CRITICAL - 6.3% (1030944 kB) free!
[1545880948] SERVICE NOTIFICATION: nagiosadmin;smscapp2;CPU_Procs;WARNING;notify-service-by-email;CPU WARNING: 1 warn out of 332 processes
[1545881411] SERVICE NOTIFICATION: nagiosadmin;sig1;HDD_Root status;WARNING;notify-service-by-email;DISK WARNING - free space: / 8348 MB (16% inode=98%):
[1545881502] SERVICE NOTIFICATION: nagiosadmin;qservercluster1;CPU Load;WARNING;notify-service-by-email;WARNING - load average: 12.10, 12.51, 12.48
[1545881640] SERVICE NOTIFICATION: nagiosadmin;sig1;Memory;CRITICAL;notify-service-by-email;CRITICAL - 2.8% (462848 kB) free!
[1545881907] SERVICE NOTIFICATION: nagiosadmin;pservercluster2;CPU_Procs;CRITICAL;notify-service-by-email;CPU CRITICAL: 2 crit, 3 warn out of 349 processes
[1545882119] SERVICE NOTIFICATION: nagiosadmin;smscapp1;CPU_Procs;CRITICAL;notify-service-by-email;CPU CRITICAL: 4 crit, 1 warn out of 299 processes
[1545882140] SERVICE NOTIFICATION: nagiosadmin;qservercluster1;CPU_Procs;CRITICAL;notify-service-by-email;CPU CRITICAL: 1 crit, 0 warn out of 308 processes
[1545882565] Auto-save of retention data completed successfully.
[1545883646] SERVICE NOTIFICATION: nagiosadmin;pservercluster2;HDD_Root status;WARNING;notify-service-by-email;DISK WARNING - free space: / 8190 MB (16% inode=98%):
[1545883883] SERVICE NOTIFICATION: nagiosadmin;smscapp2;Memory;CRITICAL;notify-service-by-email;CRITICAL - 1.4% (224868 kB) free!
[1545884183] SERVICE NOTIFICATION: nagiosadmin;sigqscluster1;CPU_Procs;CRITICAL;notify-service-by-email;CPU CRITICAL: 1 crit, 0 warn out of 338 processes
[1545884435] SERVICE NOTIFICATION: nagiosadmin;sigqscluster2;CPU_Procs;CRITICAL;notify-service-by-email;CPU CRITICAL: 1 crit, 0 warn out of 336 processes
[1545884469] SERVICE NOTIFICATION: nagiosadmin;smscapp1;Memory;CRITICAL;notify-service-by-email;CRITICAL - 6.3% (1030652 kB) free!
[1545884548] SERVICE NOTIFICATION: nagiosadmin;smscapp2;CPU_Procs;WARNING;notify-service-by-email;CPU WARNING: 1 warn out of 333 processes
[1545885011] SERVICE NOTIFICATION: nagiosadmin;sig1;HDD_Root status;WARNING;notify-service-by-email;DISK WARNING - free space: / 8347 MB (16% inode=98%):
[1545885102] SERVICE NOTIFICATION: nagiosadmin;qservercluster1;CPU Load;WARNING;notify-service-by-email;WARNING - load average: 13.19, 12.99, 12.99
[1545885445] SERVICE ALERT: db2;Memory;WARNING;SOFT;1;WARNING - 18.7% (9231176 kB) free!
[1545885503] SERVICE ALERT: db2;CPU_Procs;CRITICAL;SOFT;1;CPU CRITICAL: 1 crit, 0 warn out of 293 processes
[1545885507] SERVICE NOTIFICATION: nagiosadmin;pservercluster2;CPU_Procs;CRITICAL;notify-service-by-email;CPU CRITICAL: 2 crit, 3 warn out of 348 processes
[1545885565] SERVICE ALERT: db2;Memory;OK;HARD;1;OK - 22.2% (10960240 kB) free.
[1545885623] SERVICE ALERT: db2;CPU_Procs;OK;HARD;1;CPU OK: 293 processes
[1545885680] SERVICE ALERT: db1;CPU_Procs;CRITICAL;SOFT;1;CPU CRITICAL: 1 crit, 0 warn out of 325 processes
[1545885719] SERVICE NOTIFICATION: nagiosadmin;smscapp1;CPU_Procs;CRITICAL;notify-service-by-email;CPU CRITICAL: 4 crit, 1 warn out of 301 processes
[1545885740] SERVICE NOTIFICATION: nagiosadmin;qservercluster1;CPU_Procs;CRITICAL;notify-service-by-email;CPU CRITICAL: 1 crit, 0 warn out of 313 processes
[1545885800] SERVICE ALERT: db1;CPU_Procs;CRITICAL;SOFT;2;CPU CRITICAL: 1 crit, 0 warn out of 325 processes
[1545885839] SERVICE NOTIFICATION: nagiosadmin;sig1;Memory;CRITICAL;notify-service-by-email;CRITICAL - 2.8% (449132 kB) free!
[1545885920] SERVICE ALERT: db1;CPU_Procs;OK;HARD;1;CPU OK: 324 processes
[1545886165] Auto-save of retention data completed successfully.
[1545887120] SERVICE ALERT: db1;CPU_Procs;CRITICAL;SOFT;1;CPU CRITICAL: 1 crit, 0 warn out of 326 processes
[1545887240] SERVICE ALERT: db1;CPU_Procs;CRITICAL;SOFT;2;CPU CRITICAL: 1 crit, 0 warn out of 325 processes
[1545887247] SERVICE NOTIFICATION: nagiosadmin;pservercluster2;HDD_Root status;WARNING;notify-service-by-email;DISK WARNING - free space: / 8191 MB (16% inode=98%):
[1545887260] SERVICE ALERT: pservercluster2;Memory;WARNING;SOFT;1;WARNING - 19.9% (4885420 kB) free!
[1545887360] SERVICE ALERT: db1;CPU_Procs;OK;HARD;1;CPU OK: 324 processes
[1545887380] SERVICE ALERT: pservercluster2;Memory;WARNING;SOFT;2;WARNING - 19.9% (4875964 kB) free!
[1545887483] SERVICE NOTIFICATION: nagiosadmin;smscapp2;Memory;CRITICAL;notify-service-by-email;CRITICAL - 1.2% (188368 kB) free!
[1545887500] SERVICE ALERT: pservercluster2;Memory;OK;HARD;1;OK - 20.3% (4975212 kB) free.
[1545887783] SERVICE NOTIFICATION: nagiosadmin;sigqscluster1;CPU_Procs;CRITICAL;notify-service-by-email;CPU CRITICAL: 1 crit, 0 warn out of 338 processes
[1545888035] SERVICE NOTIFICATION: nagiosadmin;sigqscluster2;CPU_Procs;CRITICAL;notify-service-by-email;CPU CRITICAL: 1 crit, 0 warn out of 335 processes
[1545888069] SERVICE NOTIFICATION: nagiosadmin;smscapp1;Memory;CRITICAL;notify-service-by-email;CRITICAL - 3.8% (624736 kB) free!
[1545888148] SERVICE NOTIFICATION: nagiosadmin;smscapp2;CPU_Procs;OK;notify-service-by-email;CPU OK: 337 processes
[1545888148] SERVICE ALERT: smscapp2;CPU_Procs;OK;HARD;1;CPU OK: 337 processes
[1545888611] SERVICE NOTIFICATION: nagiosadmin;sig1;HDD_Root status;WARNING;notify-service-by-email;DISK WARNING - free space: / 8347 MB (16% inode=98%):
[1545888700] SERVICE ALERT: pservercluster2;Memory;WARNING;SOFT;1;WARNING - 19.9% (4879452 kB) free!
[1545888702] SERVICE NOTIFICATION: nagiosadmin;qservercluster1;CPU Load;WARNING;notify-service-by-email;WARNING - load average: 12.36, 12.39, 12.47
[1545888820] SERVICE ALERT: pservercluster2;Memory;WARNING;SOFT;2;WARNING - 19.9% (4881972 kB) free!
[1545888941] SERVICE ALERT: pservercluster2;Memory;OK;HARD;1;OK - 20.1% (4926476 kB) free.
[1545889107] SERVICE NOTIFICATION: nagiosadmin;pservercluster2;CPU_Procs;CRITICAL;notify-service-by-email;CPU CRITICAL: 2 crit, 3 warn out of 357 processes
[1545889160] SERVICE ALERT: db1;CPU_Procs;CRITICAL;SOFT;1;CPU CRITICAL: 1 crit, 0 warn out of 325 processes
[1545889272] SERVICE ALERT: pservercluster2;CPU Load;CRITICAL;SOFT;1;CRITICAL - load average: 70.23, 71.33, 30.83
[1545889281] SERVICE ALERT: db1;CPU_Procs;OK;HARD;1;CPU OK: 325 processes
[1545889319] SERVICE NOTIFICATION: nagiosadmin;smscapp1;CPU_Procs;CRITICAL;notify-service-by-email;CPU CRITICAL: 4 crit, 1 warn out of 307 processes
[1545889340] SERVICE NOTIFICATION: nagiosadmin;qservercluster1;CPU_Procs;CRITICAL;notify-service-by-email;CPU CRITICAL: 1 crit, 0 warn out of 309 processes
[1545889392] SERVICE ALERT: pservercluster2;CPU Load;CRITICAL;SOFT;2;CRITICAL - load average: 10.72, 48.15, 27.24
[1545889439] SERVICE NOTIFICATION: nagiosadmin;sig1;Memory;CRITICAL;notify-service-by-email;CRITICAL - 1.5% (241808 kB) free!
[1545889513] SERVICE NOTIFICATION: nagiosadmin;pservercluster2;CPU Load;CRITICAL;notify-service-by-email;CRITICAL - load average: 2.30, 32.55, 24.06
[1545889513] SERVICE ALERT: pservercluster2;CPU Load;CRITICAL;HARD;3;CRITICAL - load average: 2.30, 32.55, 24.06
[1545889765] Auto-save of retention data completed successfully.
[1545889880] SERVICE ALERT: db1;CPU_Procs;CRITICAL;SOFT;1;CPU CRITICAL: 1 crit, 0 warn out of 326 processes
[1545889949] SERVICE ALERT: smscapp2;CPU_Procs;WARNING;SOFT;1;CPU WARNING: 1 warn out of 338 processes
[1545890000] SERVICE ALERT: db1;CPU_Procs;CRITICAL;SOFT;2;CPU CRITICAL: 1 crit, 0 warn out of 325 processes
[1545890069] SERVICE ALERT: smscapp2;CPU_Procs;WARNING;SOFT;2;CPU WARNING: 1 warn out of 338 processes
[1545890113] SERVICE NOTIFICATION: nagiosadmin;pservercluster2;CPU Load;WARNING;notify-service-by-email;WARNING - load average: 1.27, 5.35, 13.11
[1545890113] SERVICE ALERT: pservercluster2;CPU Load;WARNING;HARD;3;WARNING - load average: 1.27, 5.35, 13.11
[1545890120] SERVICE ALERT: db1;CPU_Procs;OK;HARD;1;CPU OK: 325 processes
[1545890140] SERVICE ALERT: pservercluster2;Memory;WARNING;SOFT;1;WARNING - 19.8% (4861704 kB) free!
[1545890189] SERVICE NOTIFICATION: nagiosadmin;smscapp2;CPU_Procs;WARNING;notify-service-by-email;CPU WARNING: 1 warn out of 338 processes
[1545890189] SERVICE ALERT: smscapp2;CPU_Procs;WARNING;HARD;3;CPU WARNING: 1 warn out of 338 processes
[1545890260] SERVICE ALERT: pservercluster2;Memory;WARNING;SOFT;2;WARNING - 19.8% (4857440 kB) free!
[1545890380] SERVICE NOTIFICATION: nagiosadmin;pservercluster2;Memory;WARNING;notify-service-by-email;WARNING - 19.8% (4857492 kB) free!
[1545890380] SERVICE ALERT: pservercluster2;Memory;WARNING;HARD;3;WARNING - 19.8% (4857492 kB) free!
[1545890789] SERVICE NOTIFICATION: nagiosadmin;smscapp2;CPU_Procs;OK;notify-service-by-email;CPU OK: 337 processes
[1545890789] SERVICE ALERT: smscapp2;CPU_Procs;OK;HARD;1;CPU OK: 337 processes
[1545891083] SERVICE NOTIFICATION: nagiosadmin;smscapp2;Memory;CRITICAL;notify-service-by-email;CRITICAL - 1.2% (194112 kB) free!
[1545891313] SERVICE NOTIFICATION: nagiosadmin;pservercluster2;CPU Load;OK;notify-service-by-email;OK - load average: 0.81, 1.00, 4.30
[1545891313] SERVICE ALERT: pservercluster2;CPU Load;OK;HARD;1;OK - load average: 0.81, 1.00, 4.30
[1545891383] SERVICE NOTIFICATION: nagiosadmin;sigqscluster1;CPU_Procs;CRITICAL;notify-service-by-email;CPU CRITICAL: 1 crit, 0 warn out of 339 processes
[1545891446] SERVICE NOTIFICATION: nagiosadmin;pservercluster2;HDD_Root status;WARNING;notify-service-by-email;DISK WARNING - free space: / 8191 MB (16% inode=98%):
[1545891635] SERVICE NOTIFICATION: nagiosadmin;sigqscluster2;CPU_Procs;CRITICAL;notify-service-by-email;CPU CRITICAL: 1 crit, 0 warn out of 335 processes
[1545891669] SERVICE NOTIFICATION: nagiosadmin;smscapp1;Memory;CRITICAL;notify-service-by-email;CRITICAL - 3.5% (576928 kB) free!
[1545892180] SERVICE NOTIFICATION: nagiosadmin;pservercluster2;Memory;OK;notify-service-by-email;OK - 20.4% (4995392 kB) free.
[1545892180] SERVICE ALERT: pservercluster2;Memory;OK;HARD;1;OK - 20.4% (4995392 kB) free.
[1545892186] SERVICE ALERT: pservercluster2;Current Users;WARNING;SOFT;1;USERS WARNING - 16 users currently logged in
[1545892211] SERVICE NOTIFICATION: nagiosadmin;sig1;HDD_Root status;WARNING;notify-service-by-email;DISK WARNING - free space: / 8347 MB (16% inode=98%):
[1545892302] SERVICE NOTIFICATION: nagiosadmin;qservercluster1;CPU Load;WARNING;notify-service-by-email;WARNING - load average: 12.58, 12.66, 12.69
[1545892306] SERVICE ALERT: pservercluster2;Current Users;WARNING;SOFT;2;USERS WARNING - 16 users currently logged in
[1545892426] SERVICE NOTIFICATION: nagiosadmin;pservercluster2;Current Users;WARNING;notify-service-by-email;USERS WARNING - 16 users currently logged in
[1545892426] SERVICE ALERT: pservercluster2;Current Users;WARNING;HARD;3;USERS WARNING - 16 users currently logged in
[1545892707] SERVICE NOTIFICATION: nagiosadmin;pservercluster2;CPU_Procs;CRITICAL;notify-service-by-email;CPU CRITICAL: 2 crit, 3 warn out of 362 processes
[1545892919] SERVICE NOTIFICATION: nagiosadmin;smscapp1;CPU_Procs;CRITICAL;notify-service-by-email;CPU CRITICAL: 4 crit, 1 warn out of 306 processes
[1545892940] SERVICE NOTIFICATION: nagiosadmin;qservercluster1;CPU_Procs;CRITICAL;notify-service-by-email;CPU CRITICAL: 1 crit, 0 warn out of 312 processes
[1545893039] SERVICE NOTIFICATION: nagiosadmin;sig1;Memory;CRITICAL;notify-service-by-email;CRITICAL - 1.4% (224788 kB) free!
[1545893365] Auto-save of retention data completed successfully.
[1545893721] SERVICE ALERT: db1;CPU_Procs;CRITICAL;SOFT;1;CPU CRITICAL: 1 crit, 0 warn out of 326 processes
[1545893841] SERVICE ALERT: db1;CPU_Procs;OK;HARD;1;CPU OK: 325 processes
[1545893965] SERVICE ALERT: db2;Memory;WARNING;SOFT;1;WARNING - 16.4% (8058232 kB) free!
[1545893980] SERVICE ALERT: pservercluster2;Memory;WARNING;SOFT;1;WARNING - 20.0% (4911416 kB) free!
[1545894085] SERVICE ALERT: db2;Memory;OK;HARD;1;OK - 22.2% (10953788 kB) free.
[1545894100] SERVICE ALERT: pservercluster2;Memory;OK;HARD;1;OK - 20.1% (4915040 kB) free.
[1545894441] SERVICE ALERT: db1;CPU_Procs;CRITICAL;SOFT;1;CPU CRITICAL: 1 crit, 0 warn out of 326 processes
[1545894561] SERVICE ALERT: db1;CPU_Procs;CRITICAL;SOFT;2;CPU CRITICAL: 1 crit, 0 warn out of 325 processes
[1545894681] SERVICE ALERT: db1;CPU_Procs;OK;HARD;1;CPU OK: 326 processes
[1545894683] SERVICE NOTIFICATION: nagiosadmin;smscapp2;Memory;CRITICAL;notify-service-by-email;CRITICAL - 1.2% (195344 kB) free!
[1545894700] SERVICE ALERT: pservercluster2;Memory;WARNING;SOFT;1;WARNING - 19.7% (4828636 kB) free!
[1545894820] SERVICE ALERT: pservercluster2;Memory;WARNING;SOFT;2;WARNING - 19.7% (4830428 kB) free!
[1545894941] SERVICE NOTIFICATION: nagiosadmin;pservercluster2;Memory;WARNING;notify-service-by-email;WARNING - 19.7% (4826272 kB) free!
[1545894941] SERVICE ALERT: pservercluster2;Memory;WARNING;HARD;3;WARNING - 19.7% (4826272 kB) free!
[1545894983] SERVICE NOTIFICATION: nagiosadmin;sigqscluster1;CPU_Procs;CRITICAL;notify-service-by-email;CPU CRITICAL: 1 crit, 0 warn out of 336 processes
[1545895046] SERVICE NOTIFICATION: nagiosadmin;pservercluster2;HDD_Root status;WARNING;notify-service-by-email;DISK WARNING - free space: / 8191 MB (16% inode=98%):
[1545895236] SERVICE NOTIFICATION: nagiosadmin;sigqscluster2;CPU_Procs;CRITICAL;notify-service-by-email;CPU CRITICAL: 1 crit, 0 warn out of 336 processes
[1545895270] SERVICE NOTIFICATION: nagiosadmin;smscapp1;Memory;CRITICAL;notify-service-by-email;CRITICAL - 2.8% (451272 kB) free!
[1545895541] SERVICE FLAPPING ALERT: pservercluster2;Memory;STARTED; Service appears to have started flapping (23.2% change >= 20.0% threshold)
[1545895541] SERVICE ALERT: pservercluster2;Memory;OK;HARD;1;OK - 21.9% (5367708 kB) free.
[1545895811] SERVICE NOTIFICATION: nagiosadmin;sig1;HDD_Root status;WARNING;notify-service-by-email;DISK WARNING - free space: / 8347 MB (16% inode=98%):
[1545895902] SERVICE NOTIFICATION: nagiosadmin;qservercluster1;CPU Load;WARNING;notify-service-by-email;WARNING - load average: 12.88, 12.87, 12.85
[1545896026] SERVICE NOTIFICATION: nagiosadmin;pservercluster2;Current Users;WARNING;notify-service-by-email;USERS WARNING - 16 users currently logged in
[1545896307] SERVICE NOTIFICATION: nagiosadmin;pservercluster2;CPU_Procs;CRITICAL;notify-service-by-email;CPU CRITICAL: 3 crit, 2 warn out of 362 processes
[1545896519] SERVICE NOTIFICATION: nagiosadmin;smscapp1;CPU_Procs;CRITICAL;notify-service-by-email;CPU CRITICAL: 4 crit, 1 warn out of 307 processes
[1545896540] SERVICE NOTIFICATION: nagiosadmin;qservercluster1;CPU_Procs;CRITICAL;notify-service-by-email;CPU CRITICAL: 1 crit, 0 warn out of 308 processes
[1545896639] SERVICE NOTIFICATION: nagiosadmin;sig1;Memory;CRITICAL;notify-service-by-email;CRITICAL - 1.0% (155984 kB) free!
[1545896965] Auto-save of retention data completed successfully.
[1545897681] SERVICE ALERT: db1;CPU_Procs;CRITICAL;SOFT;1;CPU CRITICAL: 1 crit, 0 warn out of 328 processes
[1545897802] SERVICE ALERT: db1;CPU_Procs;OK;HARD;1;CPU OK: 325 processes
[1545897990] SERVICE ALERT: smscapp2;CPU_Procs;WARNING;SOFT;1;CPU WARNING: 1 warn out of 339 processes
[1545898110] SERVICE ALERT: smscapp2;CPU_Procs;WARNING;SOFT;2;CPU WARNING: 1 warn out of 339 processes
[1545898223] SERVICE ALERT: db2;CPU_Procs;CRITICAL;SOFT;1;CPU CRITICAL: 1 crit, 0 warn out of 294 processes
[1545898230] SERVICE NOTIFICATION: nagiosadmin;smscapp2;CPU_Procs;WARNING;notify-service-by-email;CPU WARNING: 1 warn out of 339 processes
[1545898230] SERVICE ALERT: smscapp2;CPU_Procs;WARNING;HARD;3;CPU WARNING: 1 warn out of 339 processes
[1545898284] SERVICE NOTIFICATION: nagiosadmin;smscapp2;Memory;CRITICAL;notify-service-by-email;CRITICAL - 1.2% (202424 kB) free!
[1545898344] SERVICE ALERT: db2;CPU_Procs;CRITICAL;SOFT;2;CPU CRITICAL: 1 crit, 0 warn out of 294 processes
[1545898401] SERVICE ALERT: db1;CPU_Procs;CRITICAL;SOFT;1;CPU CRITICAL: 1 crit, 0 warn out of 326 processes
[1545898464] SERVICE ALERT: db2;CPU_Procs;OK;HARD;1;CPU OK: 293 processes
[1545898521] SERVICE ALERT: db1;CPU_Procs;OK;HARD;1;CPU OK: 325 processes
[1545898583] SERVICE NOTIFICATION: nagiosadmin;sigqscluster1;CPU_Procs;CRITICAL;notify-service-by-email;CPU CRITICAL: 1 crit, 0 warn out of 337 processes
[1545898646] SERVICE NOTIFICATION: nagiosadmin;pservercluster2;HDD_Root status;WARNING;notify-service-by-email;DISK WARNING - free space: / 8191 MB (16% inode=98%):
[1545898885] SERVICE ALERT: db2;Memory;WARNING;SOFT;1;WARNING - 19.3% (9510832 kB) free!
[1545899005] SERVICE ALERT: db2;Memory;WARNING;SOFT;2;WARNING - 16.0% (7894056 kB) free!
[1545899121] SERVICE ALERT: db1;CPU_Procs;CRITICAL;SOFT;1;CPU CRITICAL: 1 crit, 0 warn out of 326 processes
[1545899125] SERVICE ALERT: db2;Memory;OK;HARD;1;OK - 22.2% (10945136 kB) free.
[1545899141] SERVICE ALERT: pservercluster2;Memory;WARNING;SOFT;1;WARNING - 20.0% (4907864 kB) free!
[1545899241] SERVICE ALERT: db1;CPU_Procs;CRITICAL;SOFT;2;CPU CRITICAL: 1 crit, 0 warn out of 325 processes
[1545899261] SERVICE ALERT: pservercluster2;Memory;WARNING;SOFT;2;WARNING - 20.0% (4903048 kB) free!
[1545899361] SERVICE NOTIFICATION: nagiosadmin;db1;CPU_Procs;CRITICAL;notify-service-by-email;CPU CRITICAL: 1 crit, 0 warn out of 325 processes
[1545899361] SERVICE ALERT: db1;CPU_Procs;CRITICAL;HARD;3;CPU CRITICAL: 1 crit, 0 warn out of 325 processes
[1545899381] SERVICE ALERT: pservercluster2;Memory;WARNING;HARD;3;WARNING - 19.9% (4888084 kB) free!
[1545899411] SERVICE NOTIFICATION: nagiosadmin;sig1;HDD_Root status;WARNING;notify-service-by-email;DISK WARNING - free space: / 8151 MB (15% inode=98%):
[1545899435] SERVICE NOTIFICATION: nagiosadmin;sigqscluster2;CPU_Procs;CRITICAL;notify-service-by-email;CPU CRITICAL: 1 crit, 0 warn out of 339 processes
[1545899469] SERVICE NOTIFICATION: nagiosadmin;smscapp1;Memory;CRITICAL;notify-service-by-email;CRITICAL - 1.1% (184548 kB) free!
[1545899502] SERVICE NOTIFICATION: nagiosadmin;qservercluster1;CPU Load;WARNING;notify-service-by-email;WARNING - load average: 14.00, 13.28, 13.01
[1545899627] SERVICE NOTIFICATION: nagiosadmin;pservercluster2;Current Users;WARNING;notify-service-by-email;USERS WARNING - 16 users currently logged in
[1545899907] SERVICE NOTIFICATION: nagiosadmin;pservercluster2;CPU_Procs;CRITICAL;notify-service-by-email;CPU CRITICAL: 3 crit, 2 warn out of 363 processes
[1545899961] SERVICE NOTIFICATION: nagiosadmin;db1;CPU_Procs;OK;notify-service-by-email;CPU OK: 324 processes
[1545899961] SERVICE ALERT: db1;CPU_Procs;OK;HARD;1;CPU OK: 324 processes
[1545900119] SERVICE NOTIFICATION: nagiosadmin;smscapp1;CPU_Procs;CRITICAL;notify-service-by-email;CPU CRITICAL: 4 crit, 1 warn out of 307 processes
[1545900141] SERVICE NOTIFICATION: nagiosadmin;qservercluster1;CPU_Procs;CRITICAL;notify-service-by-email;CPU CRITICAL: 1 crit, 0 warn out of 307 processes
[1545900239] SERVICE NOTIFICATION: nagiosadmin;sig1;Memory;CRITICAL;notify-service-by-email;CRITICAL - 0.9% (154132 kB) free!
[1545900561] SERVICE ALERT: db1;CPU_Procs;CRITICAL;SOFT;1;CPU CRITICAL: 1 crit, 0 warn out of 325 processes
[1545900565] Auto-save of retention data completed successfully.
[1545900681] SERVICE ALERT: db1;CPU_Procs;CRITICAL;SOFT;2;CPU CRITICAL: 1 crit, 0 warn out of 325 processes
[1545900801] SERVICE ALERT: db1;CPU_Procs;OK;HARD;1;CPU OK: 324 processes
[1545900826] SERVICE NOTIFICATION: nagiosadmin;pservercluster2;Current Users;OK;notify-service-by-email;USERS OK - 15 users currently logged in
[1545900826] SERVICE ALERT: pservercluster2;Current Users;OK;HARD;1;USERS OK - 15 users currently logged in
[1545901831] SERVICE NOTIFICATION: nagiosadmin;smscapp2;CPU_Procs;WARNING;notify-service-by-email;CPU WARNING: 1 warn out of 340 processes
[1545902183] SERVICE NOTIFICATION: nagiosadmin;sigqscluster1;CPU_Procs;CRITICAL;notify-service-by-email;CPU CRITICAL: 1 crit, 0 warn out of 338 processes
[1545902247] SERVICE NOTIFICATION: nagiosadmin;pservercluster2;HDD_Root status;WARNING;notify-service-by-email;DISK WARNING - free space: / 8191 MB (16% inode=98%):
[1545902483] SERVICE NOTIFICATION: nagiosadmin;smscapp2;Memory;CRITICAL;notify-service-by-email;CRITICAL - 1.2% (198532 kB) free!
[1545902601] SERVICE ALERT: db1;CPU_Procs;CRITICAL;SOFT;1;CPU CRITICAL: 1 crit, 0 warn out of 325 processes
[1545902721] SERVICE ALERT: db1;CPU_Procs;OK;HARD;1;CPU OK: 324 processes
[1545903011] SERVICE NOTIFICATION: nagiosadmin;sig1;HDD_Root status;WARNING;notify-service-by-email;DISK WARNING - free space: / 8152 MB (15% inode=98%):
[1545903035] SERVICE NOTIFICATION: nagiosadmin;sigqscluster2;CPU_Procs;CRITICAL;notify-service-by-email;CPU CRITICAL: 1 crit, 0 warn out of 338 processes
[1545903069] SERVICE NOTIFICATION: nagiosadmin;smscapp1;Memory;CRITICAL;notify-service-by-email;CRITICAL - 1.0% (165440 kB) free!
[1545903102] SERVICE NOTIFICATION: nagiosadmin;qservercluster1;CPU Load;WARNING;notify-service-by-email;WARNING - load average: 11.64, 12.06, 12.41
[1545903507] SERVICE NOTIFICATION: nagiosadmin;pservercluster2;CPU_Procs;CRITICAL;notify-service-by-email;CPU CRITICAL: 3 crit, 2 warn out of 361 processes
[1545903720] SERVICE NOTIFICATION: nagiosadmin;smscapp1;CPU_Procs;CRITICAL;notify-service-by-email;CPU CRITICAL: 4 crit, 1 warn out of 307 processes
[1545903839] SERVICE NOTIFICATION: nagiosadmin;sig1;Memory;CRITICAL;notify-service-by-email;CRITICAL - 1.5% (241900 kB) free!
[1545903864] SERVICE ALERT: db2;CPU_Procs;CRITICAL;SOFT;1;CPU CRITICAL: 1 crit, 0 warn out of 293 processes
[1545903984] SERVICE ALERT: db2;CPU_Procs;CRITICAL;SOFT;2;CPU CRITICAL: 1 crit, 0 warn out of 293 processes
[1545904104] SERVICE ALERT: db2;CPU_Procs;OK;HARD;1;CPU OK: 292 processes
[1545904165] Auto-save of retention data completed successfully.
[1545904340] SERVICE NOTIFICATION: nagiosadmin;qservercluster1;CPU_Procs;CRITICAL;notify-service-by-email;CPU CRITICAL: 1 crit, 0 warn out of 310 processes
[1545904426] SERVICE ALERT: pservercluster2;Current Users;WARNING;SOFT;1;USERS WARNING - 16 users currently logged in
[1545904521] SERVICE ALERT: db1;CPU_Procs;CRITICAL;SOFT;1;CPU CRITICAL: 1 crit, 0 warn out of 326 processes
[1545904526] SERVICE ALERT: db2;Memory;WARNING;SOFT;1;WARNING - 19.0% (9374520 kB) free!
[1545904546] SERVICE ALERT: pservercluster2;Current Users;WARNING;SOFT;2;USERS WARNING - 16 users currently logged in
[1545904641] SERVICE ALERT: db1;CPU_Procs;OK;HARD;1;CPU OK: 324 processes
[1545904646] SERVICE ALERT: db2;Memory;OK;HARD;1;OK - 22.2% (10943184 kB) free.
[1545904666] SERVICE NOTIFICATION: nagiosadmin;pservercluster2;Current Users;WARNING;notify-service-by-email;USERS WARNING - 16 users currently logged in
[1545904666] SERVICE ALERT: pservercluster2;Current Users;WARNING;HARD;3;USERS WARNING - 16 users currently logged in
[1545905241] SERVICE ALERT: db1;CPU_Procs;CRITICAL;SOFT;1;CPU CRITICAL: 1 crit, 0 warn out of 325 processes
[1545905361] SERVICE ALERT: db1;CPU_Procs;CRITICAL;SOFT;2;CPU CRITICAL: 1 crit, 0 warn out of 326 processes
[1545905482] SERVICE NOTIFICATION: nagiosadmin;db1;CPU_Procs;CRITICAL;notify-service-by-email;CPU CRITICAL: 1 crit, 0 warn out of 327 processes
[1545905482] SERVICE ALERT: db1;CPU_Procs;CRITICAL;HARD;3;CPU CRITICAL: 1 crit, 0 warn out of 327 processes
[1545905783] SERVICE NOTIFICATION: nagiosadmin;sigqscluster1;CPU_Procs;CRITICAL;notify-service-by-email;CPU CRITICAL: 1 crit, 0 warn out of 339 processes
[1545905846] SERVICE ALERT: db2;Memory;WARNING;SOFT;1;WARNING - 17.2% (8483156 kB) free!
[1545905966] SERVICE ALERT: db2;Memory;OK;HARD;1;OK - 22.2% (10932864 kB) free.
[1545906030] SERVICE NOTIFICATION: nagiosadmin;smscapp2;CPU_Procs;WARNING;notify-service-by-email;CPU WARNING: 1 warn out of 343 processes
[1545906082] SERVICE FLAPPING ALERT: db1;CPU_Procs;STARTED; Service appears to have started flapping (22.4% change >= 20.0% threshold)
[1545906082] SERVICE ALERT: db1;CPU_Procs;OK;HARD;1;CPU OK: 324 processes
[1545906083] SERVICE NOTIFICATION: nagiosadmin;smscapp2;Memory;CRITICAL;notify-service-by-email;CRITICAL - 1.2% (196236 kB) free!
[1545906446] SERVICE NOTIFICATION: nagiosadmin;pservercluster2;HDD_Root status;WARNING;notify-service-by-email;DISK WARNING - free space: / 8190 MB (16% inode=98%):
[1545906611] SERVICE NOTIFICATION: nagiosadmin;sig1;HDD_Root status;WARNING;notify-service-by-email;DISK WARNING - free space: / 8152 MB (15% inode=98%):
[1545906635] SERVICE NOTIFICATION: nagiosadmin;sigqscluster2;CPU_Procs;CRITICAL;notify-service-by-email;CPU CRITICAL: 1 crit, 0 warn out of 335 processes
[1545906669] SERVICE NOTIFICATION: nagiosadmin;smscapp1;Memory;CRITICAL;notify-service-by-email;CRITICAL - 1.1% (179912 kB) free!
[1545906682] SERVICE ALERT: db1;CPU_Procs;CRITICAL;SOFT;1;CPU CRITICAL: 1 crit, 0 warn out of 327 processes
[1545906702] SERVICE NOTIFICATION: nagiosadmin;qservercluster1;CPU Load;WARNING;notify-service-by-email;WARNING - load average: 12.13, 12.37, 12.45
[1545906802] SERVICE ALERT: db1;CPU_Procs;OK;HARD;1;CPU OK: 326 processes
[1545907107] SERVICE NOTIFICATION: nagiosadmin;pservercluster2;CPU_Procs;CRITICAL;notify-service-by-email;CPU CRITICAL: 3 crit, 3 warn out of 367 processes
[1545907439] SERVICE NOTIFICATION: nagiosadmin;sig1;Memory;CRITICAL;notify-service-by-email;CRITICAL - 1.2% (190744 kB) free!
[1545907666] SERVICE NOTIFICATION: nagiosadmin;pservercluster2;Current Users;OK;notify-service-by-email;USERS OK - 14 users currently logged in
[1545907666] SERVICE ALERT: pservercluster2;Current Users;OK;HARD;1;USERS OK - 14 users currently logged in
[1545907765] Auto-save of retention data completed successfully.
[1545907781] SERVICE FLAPPING ALERT: pservercluster2;Memory;STOPPED; Service appears to have stopped flapping (4.4% change < 5.0% threshold)
[1545907781] SERVICE NOTIFICATION: nagiosadmin;pservercluster2;Memory;WARNING;notify-service-by-email;WARNING - 14.6% (3567928 kB) free!
[1545907919] SERVICE NOTIFICATION: nagiosadmin;smscapp1;CPU_Procs;CRITICAL;notify-service-by-email;CPU CRITICAL: 4 crit, 1 warn out of 308 processes
[1545907940] SERVICE NOTIFICATION: nagiosadmin;qservercluster1;CPU_Procs;CRITICAL;notify-service-by-email;CPU CRITICAL: 1 crit, 0 warn out of 307 processes
[1545909383] SERVICE NOTIFICATION: nagiosadmin;sigqscluster1;CPU_Procs;CRITICAL;notify-service-by-email;CPU CRITICAL: 1 crit, 0 warn out of 339 processes
[1545909630] SERVICE NOTIFICATION: nagiosadmin;smscapp2;CPU_Procs;WARNING;notify-service-by-email;CPU WARNING: 1 warn out of 339 processes
[1545909683] SERVICE NOTIFICATION: nagiosadmin;smscapp2;Memory;CRITICAL;notify-service-by-email;CRITICAL - 1.1% (171572 kB) free!
[1545910046] SERVICE NOTIFICATION: nagiosadmin;pservercluster2;HDD_Root status;WARNING;notify-service-by-email;DISK WARNING - free space: / 8190 MB (16% inode=98%):
[1545910211] SERVICE NOTIFICATION: nagiosadmin;sig1;HDD_Root status;WARNING;notify-service-by-email;DISK WARNING - free space: / 8925 MB (17% inode=98%):
[1545910235] SERVICE NOTIFICATION: nagiosadmin;sigqscluster2;CPU_Procs;CRITICAL;notify-service-by-email;CPU CRITICAL: 1 crit, 0 warn out of 338 processes
[1545910270] SERVICE NOTIFICATION: nagiosadmin;smscapp1;Memory;CRITICAL;notify-service-by-email;CRITICAL - 1.0% (169792 kB) free!
[1545910302] SERVICE NOTIFICATION: nagiosadmin;qservercluster1;CPU Load;WARNING;notify-service-by-email;WARNING - load average: 12.51, 12.61, 12.53
[1545910707] SERVICE NOTIFICATION: nagiosadmin;pservercluster2;CPU_Procs;CRITICAL;notify-service-by-email;CPU CRITICAL: 4 crit, 2 warn out of 364 processes
[1545911039] SERVICE NOTIFICATION: nagiosadmin;sig1;Memory;CRITICAL;notify-service-by-email;CRITICAL - 1.2% (188412 kB) free!
[1545911304] SERVICE ALERT: db2;CPU_Procs;CRITICAL;SOFT;1;CPU CRITICAL: 1 crit, 0 warn out of 293 processes
[1545911365] Auto-save of retention data completed successfully.
[1545911366] SERVICE ALERT: db2;Memory;WARNING;SOFT;1;WARNING - 18.4% (9087408 kB) free!
[1545911381] SERVICE NOTIFICATION: nagiosadmin;pservercluster2;Memory;WARNING;notify-service-by-email;WARNING - 15.8% (3865676 kB) free!
[1545911425] SERVICE ALERT: db2;CPU_Procs;CRITICAL;SOFT;2;CPU CRITICAL: 1 crit, 0 warn out of 295 processes
[1545911486] SERVICE ALERT: db2;Memory;OK;HARD;1;OK - 22.2% (10934800 kB) free.
[1545911519] SERVICE NOTIFICATION: nagiosadmin;smscapp1;CPU_Procs;CRITICAL;notify-service-by-email;CPU CRITICAL: 4 crit, 2 warn out of 307 processes
[1545911540] SERVICE NOTIFICATION: nagiosadmin;qservercluster1;CPU_Procs;CRITICAL;notify-service-by-email;CPU CRITICAL: 1 crit, 0 warn out of 312 processes
[1545911545] SERVICE ALERT: db2;CPU_Procs;OK;HARD;1;CPU OK: 293 processes
[1545912669] SERVICE NOTIFICATION: nagiosadmin;smscapp1;Memory;OK;notify-service-by-email;OK - 26.5% (4307184 kB) free.
[1545912669] SERVICE ALERT: smscapp1;Memory;OK;HARD;1;OK - 26.5% (4307184 kB) free.
[1545912983] SERVICE NOTIFICATION: nagiosadmin;sigqscluster1;CPU_Procs;CRITICAL;notify-service-by-email;CPU CRITICAL: 1 crit, 0 warn out of 338 processes
[1545913230] SERVICE NOTIFICATION: nagiosadmin;smscapp2;CPU_Procs;WARNING;notify-service-by-email;CPU WARNING: 1 warn out of 340 processes
[1545913283] SERVICE NOTIFICATION: nagiosadmin;smscapp2;Memory;CRITICAL;notify-service-by-email;CRITICAL - 1.1% (183084 kB) free!
[1545913286] SERVICE ALERT: db2;Memory;WARNING;SOFT;1;WARNING - 17.0% (8364964 kB) free!
[1545913402] SERVICE ALERT: db1;CPU_Procs;CRITICAL;SOFT;1;CPU CRITICAL: 1 crit, 0 warn out of 328 processes
[1545913406] SERVICE ALERT: db2;Memory;OK;HARD;1;OK - 22.2% (10932488 kB) free.
[1545913522] SERVICE ALERT: db1;CPU_Procs;OK;HARD;1;CPU OK: 327 processes
[1545913646] SERVICE NOTIFICATION: nagiosadmin;pservercluster2;HDD_Root status;WARNING;notify-service-by-email;DISK WARNING - free space: / 8186 MB (15% inode=98%):
[1545913811] SERVICE NOTIFICATION: nagiosadmin;sig1;HDD_Root status;WARNING;notify-service-by-email;DISK WARNING - free space: / 8923 MB (17% inode=98%):
[1545913835] SERVICE NOTIFICATION: nagiosadmin;sigqscluster2;CPU_Procs;CRITICAL;notify-service-by-email;CPU CRITICAL: 1 crit, 0 warn out of 337 processes
[1545913902] SERVICE NOTIFICATION: nagiosadmin;qservercluster1;CPU Load;WARNING;notify-service-by-email;WARNING - load average: 12.38, 12.50, 12.49
[1545914308] SERVICE NOTIFICATION: nagiosadmin;pservercluster2;CPU_Procs;CRITICAL;notify-service-by-email;CPU CRITICAL: 3 crit, 3 warn out of 356 processes
[1545914639] SERVICE NOTIFICATION: nagiosadmin;sig1;Memory;CRITICAL;notify-service-by-email;CRITICAL - 1.1% (178744 kB) free!
[1545914722] SERVICE ALERT: db1;CPU_Procs;CRITICAL;SOFT;1;CPU CRITICAL: 1 crit, 0 warn out of 328 processes
[1545914843] SERVICE ALERT: db1;CPU_Procs;OK;HARD;1;CPU OK: 327 processes
[1545914965] Auto-save of retention data completed successfully.
[1545914981] SERVICE NOTIFICATION: nagiosadmin;pservercluster2;Memory;WARNING;notify-service-by-email;WARNING - 14.9% (3661004 kB) free!
[1545915119] SERVICE NOTIFICATION: nagiosadmin;smscapp1;CPU_Procs;CRITICAL;notify-service-by-email;CPU CRITICAL: 4 crit, 1 warn out of 309 processes
[1545915140] SERVICE NOTIFICATION: nagiosadmin;qservercluster1;CPU_Procs;CRITICAL;notify-service-by-email;CPU CRITICAL: 1 crit, 0 warn out of 312 processes
[1545916583] SERVICE NOTIFICATION: nagiosadmin;sigqscluster1;CPU_Procs;CRITICAL;notify-service-by-email;CPU CRITICAL: 1 crit, 0 warn out of 338 processes
[1545916830] SERVICE NOTIFICATION: nagiosadmin;smscapp2;CPU_Procs;WARNING;notify-service-by-email;CPU WARNING: 1 warn out of 340 processes
[1545916883] SERVICE NOTIFICATION: nagiosadmin;smscapp2;Memory;CRITICAL;notify-service-by-email;CRITICAL - 1.1% (177836 kB) free!
[1545917246] SERVICE NOTIFICATION: nagiosadmin;pservercluster2;HDD_Root status;WARNING;notify-service-by-email;DISK WARNING - free space: / 8186 MB (15% inode=98%):
[1545917411] SERVICE NOTIFICATION: nagiosadmin;sig1;HDD_Root status;WARNING;notify-service-by-email;DISK WARNING - free space: / 8901 MB (17% inode=98%):
[1545917435] SERVICE NOTIFICATION: nagiosadmin;sigqscluster2;CPU_Procs;CRITICAL;notify-service-by-email;CPU CRITICAL: 1 crit, 0 warn out of 336 processes
[1545917503] SERVICE NOTIFICATION: nagiosadmin;qservercluster1;CPU Load;WARNING;notify-service-by-email;WARNING - load average: 11.32, 11.97, 12.20
[1545917545] SERVICE ALERT: db2;CPU_Procs;CRITICAL;SOFT;1;CPU CRITICAL: 1 crit, 0 warn out of 292 processes
[1545917665] SERVICE ALERT: db2;CPU_Procs;CRITICAL;SOFT;2;CPU CRITICAL: 1 crit, 0 warn out of 292 processes
[1545917785] SERVICE NOTIFICATION: nagiosadmin;db2;CPU_Procs;CRITICAL;notify-service-by-email;CPU CRITICAL: 1 crit, 0 warn out of 290 processes
[1545917785] SERVICE ALERT: db2;CPU_Procs;CRITICAL;HARD;3;CPU CRITICAL: 1 crit, 0 warn out of 290 processes
[1545917842] SERVICE FLAPPING ALERT: db1;CPU_Procs;STOPPED; Service appears to have stopped flapping (3.8% change < 5.0% threshold)
[1545918240] SERVICE NOTIFICATION: nagiosadmin;sig1;Memory;CRITICAL;notify-service-by-email;CRITICAL - 1.3% (211760 kB) free!
[1545918385] SERVICE NOTIFICATION: nagiosadmin;db2;CPU_Procs;OK;notify-service-by-email;CPU OK: 289 processes
[1545918385] SERVICE ALERT: db2;CPU_Procs;OK;HARD;1;CPU OK: 289 processes
[1545918507] SERVICE NOTIFICATION: nagiosadmin;pservercluster2;CPU_Procs;CRITICAL;notify-service-by-email;CPU CRITICAL: 5 crit, 2 warn out of 359 processes
[1545918565] Auto-save of retention data completed successfully.
[1545918581] SERVICE NOTIFICATION: nagiosadmin;pservercluster2;Memory;WARNING;notify-service-by-email;WARNING - 14.4% (3536976 kB) free!
[1545918720] SERVICE NOTIFICATION: nagiosadmin;smscapp1;CPU_Procs;CRITICAL;notify-service-by-email;CPU CRITICAL: 4 crit, 1 warn out of 308 processes
[1545918741] SERVICE NOTIFICATION: nagiosadmin;qservercluster1;CPU_Procs;CRITICAL;notify-service-by-email;CPU CRITICAL: 1 crit, 0 warn out of 315 processes
[1545918806] SERVICE ALERT: db2;Memory;WARNING;SOFT;1;WARNING - 19.4% (9553792 kB) free!
[1545918926] SERVICE ALERT: db2;Memory;WARNING;SOFT;2;WARNING - 16.2% (7972900 kB) free!
[1545919046] SERVICE ALERT: db2;Memory;OK;HARD;1;OK - 21.7% (10715372 kB) free.
[1545919831] SERVICE NOTIFICATION: nagiosadmin;smscapp2;CPU_Procs;OK;notify-service-by-email;CPU OK: 340 processes
[1545919831] SERVICE ALERT: smscapp2;CPU_Procs;OK;HARD;1;CPU OK: 340 processes
[1545920183] SERVICE NOTIFICATION: nagiosadmin;sigqscluster1;CPU_Procs;CRITICAL;notify-service-by-email;CPU CRITICAL: 1 crit, 0 warn out of 338 processes
[1545920243] SERVICE ALERT: db1;CPU_Procs;CRITICAL;SOFT;1;CPU CRITICAL: 1 crit, 0 warn out of 327 processes
[1545920363] SERVICE ALERT: db1;CPU_Procs;OK;HARD;1;CPU OK: 326 processes
[1545920483] SERVICE NOTIFICATION: nagiosadmin;smscapp2;Memory;CRITICAL;notify-service-by-email;CRITICAL - 1.0% (164048 kB) free!
[1545920846] SERVICE NOTIFICATION: nagiosadmin;pservercluster2;HDD_Root status;WARNING;notify-service-by-email;DISK WARNING - free space: / 8190 MB (16% inode=98%):
[1545921011] SERVICE NOTIFICATION: nagiosadmin;sig1;HDD_Root status;WARNING;notify-service-by-email;DISK WARNING - free space: / 8901 MB (17% inode=98%):
[1545921035] SERVICE NOTIFICATION: nagiosadmin;sigqscluster2;CPU_Procs;CRITICAL;notify-service-by-email;CPU CRITICAL: 1 crit, 0 warn out of 336 processes
[1545921702] SERVICE NOTIFICATION: nagiosadmin;qservercluster1;CPU Load;WARNING;notify-service-by-email;WARNING - load average: 13.32, 13.01, 12.89
[1545922107] SERVICE NOTIFICATION: nagiosadmin;pservercluster2;CPU_Procs;CRITICAL;notify-service-by-email;CPU CRITICAL: 5 crit, 2 warn out of 360 processes
[1545922165] Auto-save of retention data completed successfully.
[1545922181] SERVICE NOTIFICATION: nagiosadmin;pservercluster2;Memory;WARNING;notify-service-by-email;WARNING - 14.4% (3521440 kB) free!
[1545922439] SERVICE NOTIFICATION: nagiosadmin;sig1;Memory;CRITICAL;notify-service-by-email;CRITICAL - 1.3% (208956 kB) free!
[1545922919] SERVICE NOTIFICATION: nagiosadmin;smscapp1;CPU_Procs;CRITICAL;notify-service-by-email;CPU CRITICAL: 4 crit, 1 warn out of 314 processes
[1545922940] SERVICE NOTIFICATION: nagiosadmin;qservercluster1;CPU_Procs;CRITICAL;notify-service-by-email;CPU CRITICAL: 1 crit, 0 warn out of 316 processes
[1545923363] SERVICE ALERT: db1;CPU_Procs;CRITICAL;SOFT;1;CPU CRITICAL: 1 crit, 0 warn out of 328 processes
[1545923483] SERVICE ALERT: db1;CPU_Procs;OK;HARD;1;CPU OK: 327 processes
[1545923783] SERVICE NOTIFICATION: nagiosadmin;sigqscluster1;CPU_Procs;CRITICAL;notify-service-by-email;CPU CRITICAL: 1 crit, 0 warn out of 339 processes
[1545924083] SERVICE NOTIFICATION: nagiosadmin;smscapp2;Memory;CRITICAL;notify-service-by-email;CRITICAL - 1.0% (158600 kB) free!
[1545924446] SERVICE NOTIFICATION: nagiosadmin;pservercluster2;HDD_Root status;WARNING;notify-service-by-email;DISK WARNING - free space: / 8190 MB (16% inode=98%):
[1545924611] SERVICE NOTIFICATION: nagiosadmin;sig1;HDD_Root status;WARNING;notify-service-by-email;DISK WARNING - free space: / 8899 MB (17% inode=98%):
[1545924635] SERVICE NOTIFICATION: nagiosadmin;sigqscluster2;CPU_Procs;CRITICAL;notify-service-by-email;CPU CRITICAL: 1 crit, 0 warn out of 336 processes
[1545925302] SERVICE NOTIFICATION: nagiosadmin;qservercluster1;CPU Load;WARNING;notify-service-by-email;WARNING - load average: 12.46, 12.21, 12.31
[1545925707] SERVICE NOTIFICATION: nagiosadmin;pservercluster2;CPU_Procs;CRITICAL;notify-service-by-email;CPU CRITICAL: 5 crit, 2 warn out of 359 processes
[1545925765] Auto-save of retention data completed successfully.
[1545925781] SERVICE NOTIFICATION: nagiosadmin;pservercluster2;Memory;WARNING;notify-service-by-email;WARNING - 14.0% (3433372 kB) free!
[1545926040] SERVICE NOTIFICATION: nagiosadmin;sig1;Memory;CRITICAL;notify-service-by-email;CRITICAL - 1.3% (206692 kB) free!
[1545926519] SERVICE NOTIFICATION: nagiosadmin;smscapp1;CPU_Procs;CRITICAL;notify-service-by-email;CPU CRITICAL: 4 crit, 1 warn out of 315 processes
[1545926540] SERVICE NOTIFICATION: nagiosadmin;qservercluster1;CPU_Procs;CRITICAL;notify-service-by-email;CPU CRITICAL: 1 crit, 0 warn out of 313 processes
[1545927383] SERVICE NOTIFICATION: nagiosadmin;sigqscluster1;CPU_Procs;CRITICAL;notify-service-by-email;CPU CRITICAL: 1 crit, 0 warn out of 338 processes
[1545927683] SERVICE NOTIFICATION: nagiosadmin;smscapp2;Memory;CRITICAL;notify-service-by-email;CRITICAL - 1.0% (165448 kB) free!
[1545928046] SERVICE NOTIFICATION: nagiosadmin;pservercluster2;HDD_Root status;WARNING;notify-service-by-email;DISK WARNING - free space: / 8188 MB (16% inode=98%):
[1545928211] SERVICE NOTIFICATION: nagiosadmin;sig1;HDD_Root status;WARNING;notify-service-by-email;DISK WARNING - free space: / 8898 MB (17% inode=98%):
[1545928236] SERVICE NOTIFICATION: nagiosadmin;sigqscluster2;CPU_Procs;CRITICAL;notify-service-by-email;CPU CRITICAL: 1 crit, 0 warn out of 339 processes
[1545928902] SERVICE NOTIFICATION: nagiosadmin;qservercluster1;CPU Load;WARNING;notify-service-by-email;WARNING - load average: 11.89, 12.51, 12.62
[1545929307] SERVICE NOTIFICATION: nagiosadmin;pservercluster2;CPU_Procs;CRITICAL;notify-service-by-email;CPU CRITICAL: 5 crit, 2 warn out of 350 processes
[1545929365] Auto-save of retention data completed successfully.
[1545929381] SERVICE NOTIFICATION: nagiosadmin;pservercluster2;Memory;WARNING;notify-service-by-email;WARNING - 14.0% (3426532 kB) free!
[1545930119] SERVICE NOTIFICATION: nagiosadmin;smscapp1;CPU_Procs;CRITICAL;notify-service-by-email;CPU CRITICAL: 4 crit, 1 warn out of 304 processes
[1545930140] SERVICE NOTIFICATION: nagiosadmin;qservercluster1;CPU_Procs;CRITICAL;notify-service-by-email;CPU CRITICAL: 1 crit, 0 warn out of 311 processes
[1545930239] SERVICE NOTIFICATION: nagiosadmin;sig1;Memory;CRITICAL;notify-service-by-email;CRITICAL - 1.3% (205756 kB) free!
[1545930983] SERVICE NOTIFICATION: nagiosadmin;sigqscluster1;CPU_Procs;CRITICAL;notify-service-by-email;CPU CRITICAL: 1 crit, 0 warn out of 337 processes
[1545931283] SERVICE NOTIFICATION: nagiosadmin;smscapp2;Memory;CRITICAL;notify-service-by-email;CRITICAL - 1.0% (163436 kB) free!
[1545931646] SERVICE NOTIFICATION: nagiosadmin;pservercluster2;HDD_Root status;WARNING;notify-service-by-email;DISK WARNING - free space: / 8190 MB (16% inode=98%):
[1545931811] SERVICE NOTIFICATION: nagiosadmin;sig1;HDD_Root status;WARNING;notify-service-by-email;DISK WARNING - free space: / 8897 MB (17% inode=98%):
[1545932435] SERVICE NOTIFICATION: nagiosadmin;sigqscluster2;CPU_Procs;CRITICAL;notify-service-by-email;CPU CRITICAL: 1 crit, 0 warn out of 335 processes
[1545932502] SERVICE NOTIFICATION: nagiosadmin;qservercluster1;CPU Load;WARNING;notify-service-by-email;WARNING - load average: 14.61, 12.74, 12.38
[1545932907] SERVICE NOTIFICATION: nagiosadmin;pservercluster2;CPU_Procs;CRITICAL;notify-service-by-email;CPU CRITICAL: 5 crit, 2 warn out of 350 processes
[1545932965] Auto-save of retention data completed successfully.
[1545932981] SERVICE NOTIFICATION: nagiosadmin;pservercluster2;Memory;WARNING;notify-service-by-email;WARNING - 13.9% (3395956 kB) free!
[1545933720] SERVICE NOTIFICATION: nagiosadmin;smscapp1;CPU_Procs;CRITICAL;notify-service-by-email;CPU CRITICAL: 4 crit, 1 warn out of 302 processes
[1545933740] SERVICE NOTIFICATION: nagiosadmin;qservercluster1;CPU_Procs;CRITICAL;notify-service-by-email;CPU CRITICAL: 1 crit, 0 warn out of 308 processes
[1545933840] SERVICE NOTIFICATION: nagiosadmin;sig1;Memory;CRITICAL;notify-service-by-email;CRITICAL - 1.3% (204728 kB) free!
[1545934583] SERVICE NOTIFICATION: nagiosadmin;sigqscluster1;CPU_Procs;CRITICAL;notify-service-by-email;CPU CRITICAL: 1 crit, 0 warn out of 338 processes
[1545934883] SERVICE NOTIFICATION: nagiosadmin;smscapp2;Memory;CRITICAL;notify-service-by-email;CRITICAL - 1.0% (160124 kB) free!
[1545935246] SERVICE NOTIFICATION: nagiosadmin;pservercluster2;HDD_Root status;WARNING;notify-service-by-email;DISK WARNING - free space: / 8190 MB (16% inode=98%):
