[1573410600] LOG ROTATION: DAILY
[1573410600] LOG VERSION: 2.0
[1573410600] CURRENT HOST STATE: db2;UP;HARD;1;PING OK - Packet loss = 0%, RTA = 0.37 ms
[1573410600] CURRENT HOST STATE: primary-server;UP;HARD;1;PING OK - Packet loss = 0%, RTA = 0.41 ms
[1573410600] CURRENT HOST STATE: pservercluster1;UP;HARD;1;PING OK - Packet loss = 0%, RTA = 2.26 ms
[1573410600] CURRENT HOST STATE: pservercluster2;UP;HARD;1;PING OK - Packet loss = 0%, RTA = 0.32 ms
[1573410600] CURRENT HOST STATE: qservercluster1;UP;HARD;1;PING OK - Packet loss = 0%, RTA = 0.28 ms
[1573410600] CURRENT HOST STATE: qservercluster2;UP;HARD;1;PING OK - Packet loss = 0%, RTA = 0.29 ms
[1573410600] CURRENT HOST STATE: redis-1;UP;HARD;1;PING OK - Packet loss = 0%, RTA = 0.33 ms
[1573410600] CURRENT HOST STATE: redis-2;UP;HARD;1;PING OK - Packet loss = 0%, RTA = 0.43 ms
[1573410600] CURRENT HOST STATE: rq-1;UP;HARD;1;PING OK - Packet loss = 0%, RTA = 0.28 ms
[1573410600] CURRENT HOST STATE: rq-2;UP;HARD;1;PING OK - Packet loss = 0%, RTA = 0.30 ms
[1573410600] CURRENT HOST STATE: secondary-server;UP;HARD;1;PING OK - Packet loss = 0%, RTA = 0.33 ms
[1573410600] CURRENT HOST STATE: sig1-vm2;UP;HARD;1;PING OK - Packet loss = 0%, RTA = 0.49 ms
[1573410600] CURRENT HOST STATE: sig2-vm2;UP;HARD;1;PING OK - Packet loss = 0%, RTA = 0.30 ms
[1573410600] CURRENT HOST STATE: sig3-vm2;UP;HARD;1;PING OK - Packet loss = 0%, RTA = 0.33 ms
[1573410600] CURRENT HOST STATE: sig4-vm2;UP;HARD;1;PING OK - Packet loss = 0%, RTA = 0.50 ms
[1573410600] CURRENT HOST STATE: sig5-vm2;UP;HARD;1;PING OK - Packet loss = 0%, RTA = 0.48 ms
[1573410600] CURRENT HOST STATE: sig6-vm2;UP;HARD;1;PING OK - Packet loss = 0%, RTA = 0.41 ms
[1573410600] CURRENT HOST STATE: sigqscluster1;UP;HARD;1;PING OK - Packet loss = 0%, RTA = 0.45 ms
[1573410600] CURRENT HOST STATE: sigqscluster2;UP;HARD;1;PING OK - Packet loss = 0%, RTA = 0.30 ms
[1573410600] CURRENT HOST STATE: smscapp1;UP;HARD;1;PING OK - Packet loss = 0%, RTA = 0.29 ms
[1573410600] CURRENT HOST STATE: smscapp2;UP;HARD;1;PING OK - Packet loss = 0%, RTA = 0.24 ms
[1573410600] CURRENT HOST STATE: sservercluster1;UP;HARD;1;PING OK - Packet loss = 0%, RTA = 0.32 ms
[1573410600] CURRENT HOST STATE: sservercluster2;UP;HARD;1;PING OK - Packet loss = 0%, RTA = 0.29 ms
[1573410600] CURRENT HOST STATE: webserver1;UP;HARD;1;PING OK - Packet loss = 0%, RTA = 0.50 ms
[1573410600] CURRENT HOST STATE: webserver2;UP;HARD;1;PING OK - Packet loss = 0%, RTA = 0.06 ms
[1573410600] CURRENT HOST STATE: webservercluster1;UP;HARD;1;PING OK - Packet loss = 0%, RTA = 0.42 ms
[1573410600] CURRENT HOST STATE: webservercluster2;UP;HARD;1;PING OK - Packet loss = 0%, RTA = 0.28 ms
[1573410600] CURRENT SERVICE STATE: db2;CPU Load;OK;HARD;1;OK - load average: 0.05, 0.04, 0.05
[1573410600] CURRENT SERVICE STATE: db2;CPU_Procs;OK;HARD;1;CPU OK: 326 processes
[1573410600] CURRENT SERVICE STATE: db2;Current Users;OK;HARD;1;USERS OK - 2 users currently logged in
[1573410600] CURRENT SERVICE STATE: db2;HDD_Home status;OK;HARD;1;DISK OK - free space: /home 90228 MB (40% inode=99%):
[1573410600] CURRENT SERVICE STATE: db2;HDD_Root status;OK;HARD;1;DISK OK - free space: / 44494 MB (86% inode=99%):
[1573410600] CURRENT SERVICE STATE: db2;LocalService-NTPD SERVICE;OK;HARD;1;PROCS OK: 1 process with command name 'ntpd'
[1573410600] CURRENT SERVICE STATE: db2;Mariadb status;OK;HARD;1;PROCS OK: 1 process with command name 'mysqld'
[1573410600] CURRENT SERVICE STATE: db2;Memory;OK;HARD;1;OK - 45.8% (22574456 kB) free.
[1573410600] CURRENT SERVICE STATE: db2;Sensors Status;OK;HARD;1;SENSORS OK
[1573410600] CURRENT SERVICE STATE: db2;Total Processes;OK;HARD;1;PROCS OK: 326 processes
[1573410600] CURRENT SERVICE STATE: primary-server;CPU Load;OK;HARD;1;OK - load average: 0.15, 0.05, 0.06
[1573410600] CURRENT SERVICE STATE: primary-server;CPU_Procs;OK;HARD;1;CPU OK: 342 processes
[1573410600] CURRENT SERVICE STATE: primary-server;Current Users;OK;HARD;1;USERS OK - 3 users currently logged in
[1573410600] CURRENT SERVICE STATE: primary-server;HDD_Home status;OK;HARD;1;DISK OK - free space: /home 113911 MB (50% inode=99%):
[1573410600] CURRENT SERVICE STATE: primary-server;HDD_Root status;OK;HARD;1;DISK OK - free space: / 32064 MB (62% inode=99%):
[1573410600] CURRENT SERVICE STATE: primary-server;LocalService-NTPD SERVICE;OK;HARD;1;PROCS OK: 1 process with command name 'ntpd'
[1573410600] CURRENT SERVICE STATE: primary-server;Memory;OK;HARD;1;OK - 34.0% (8321548 kB) free.
[1573410600] CURRENT SERVICE STATE: primary-server;Nginx Access Log Status;OK;HARD;1;Log check ok - 0 pattern matches found
[1573410600] CURRENT SERVICE STATE: primary-server;Nginx Error Log Status;OK;HARD;1;Log check ok - 0 pattern matches found
[1573410600] CURRENT SERVICE STATE: primary-server;Nginx Status;OK;HARD;1;NGINX OK -  0.084 sec. response time, Active: 0 (Writing: 0 Reading: 0 Waiting: 0) ReqPerSec: 0.000 ConnPerSec: 0.000 ReqPerConn: 0.000
[1573410600] CURRENT SERVICE STATE: primary-server;Sensors Status;OK;HARD;1;SENSORS OK
[1573410600] CURRENT SERVICE STATE: primary-server;Total Processes;OK;HARD;1;PROCS OK: 343 processes
[1573410600] CURRENT SERVICE STATE: pservercluster1;CPU Load;OK;HARD;1;OK - load average: 1.02, 1.60, 1.71
[1573410600] CURRENT SERVICE STATE: pservercluster1;CPU_Procs;OK;HARD;1;CPU OK: 368 processes
[1573410600] CURRENT SERVICE STATE: pservercluster1;Current Users;OK;HARD;1;USERS OK - 10 users currently logged in
[1573410600] CURRENT SERVICE STATE: pservercluster1;HDD_Home status;OK;HARD;1;DISK OK - free space: /home 185850 MB (84% inode=99%):
[1573410600] CURRENT SERVICE STATE: pservercluster1;HDD_Root status;OK;HARD;1;DISK OK - free space: / 40228 MB (78% inode=99%):
[1573410600] CURRENT SERVICE STATE: pservercluster1;LocalService-NTPD SERVICE;OK;HARD;1;PROCS OK: 1 process with command name 'ntpd'
[1573410600] CURRENT SERVICE STATE: pservercluster1;Memory;CRITICAL;HARD;3;CRITICAL - 0.8% (200324 kB) free!
[1573410600] CURRENT SERVICE STATE: pservercluster1;Sensors Status;OK;HARD;1;SENSORS OK
[1573410600] CURRENT SERVICE STATE: pservercluster1;Total Processes;OK;HARD;1;PROCS OK: 370 processes
[1573410600] CURRENT SERVICE STATE: pservercluster2;CPU Load;OK;HARD;1;OK - load average: 1.08, 1.07, 1.01
[1573410600] CURRENT SERVICE STATE: pservercluster2;CPU_Procs;OK;HARD;1;CPU OK: 361 processes
[1573410600] CURRENT SERVICE STATE: pservercluster2;Current Users;OK;HARD;1;USERS OK - 5 users currently logged in
[1573410600] CURRENT SERVICE STATE: pservercluster2;HDD_Home status;OK;HARD;1;DISK OK - free space: /home 172516 MB (76% inode=99%):
[1573410600] CURRENT SERVICE STATE: pservercluster2;HDD_Root status;OK;HARD;1;DISK OK - free space: / 38731 MB (75% inode=98%):
[1573410600] CURRENT SERVICE STATE: pservercluster2;LocalService-NTPD SERVICE;OK;HARD;1;PROCS OK: 1 process with command name 'ntpd'
[1573410600] CURRENT SERVICE STATE: pservercluster2;Memory;OK;HARD;1;OK - 58.6% (14364044 kB) free.
[1573410600] CURRENT SERVICE STATE: pservercluster2;Sensors Status;OK;HARD;1;SENSORS OK
[1573410600] CURRENT SERVICE STATE: pservercluster2;Total Processes;OK;HARD;1;PROCS OK: 360 processes
[1573410600] CURRENT SERVICE STATE: qservercluster1;CPU Load;OK;HARD;1;OK - load average: 13.40, 13.92, 13.91
[1573410600] CURRENT SERVICE STATE: qservercluster1;CPU_Procs;OK;HARD;1;CPU OK: 330 processes
[1573410600] CURRENT SERVICE STATE: qservercluster1;Current Users;OK;HARD;1;USERS OK - 1 users currently logged in
[1573410600] CURRENT SERVICE STATE: qservercluster1;HDD_Home status;OK;HARD;1;DISK OK - free space: /home 224641 MB (99% inode=99%):
[1573410600] CURRENT SERVICE STATE: qservercluster1;HDD_Root status;OK;HARD;1;DISK OK - free space: / 44513 MB (86% inode=99%):
[1573410600] CURRENT SERVICE STATE: qservercluster1;LocalService-NTPD SERVICE;OK;HARD;1;PROCS OK: 1 process with command name 'ntpd'
[1573410600] CURRENT SERVICE STATE: qservercluster1;Memory;OK;HARD;1;OK - 87.4% (43059280 kB) free.
[1573410600] CURRENT SERVICE STATE: qservercluster1;Sensors Status;OK;HARD;1;SENSORS OK
[1573410600] CURRENT SERVICE STATE: qservercluster1;Total Processes;OK;HARD;1;PROCS OK: 330 processes
[1573410600] CURRENT SERVICE STATE: qservercluster2;CPU Load;OK;HARD;1;OK - load average: 1.26, 1.21, 1.26
[1573410600] CURRENT SERVICE STATE: qservercluster2;CPU_Procs;OK;HARD;1;CPU OK: 514 processes
[1573410600] CURRENT SERVICE STATE: qservercluster2;Current Users;OK;HARD;1;USERS OK - 1 users currently logged in
[1573410600] CURRENT SERVICE STATE: qservercluster2;HDD_Home status;OK;HARD;1;DISK OK - free space: /home 145955 MB (64% inode=99%):
[1573410600] CURRENT SERVICE STATE: qservercluster2;HDD_Root status;OK;HARD;1;DISK OK - free space: / 27079 MB (52% inode=98%):
[1573410600] CURRENT SERVICE STATE: qservercluster2;LocalService-NTPD SERVICE;OK;HARD;1;PROCS OK: 1 process with command name 'ntpd'
[1573410600] CURRENT SERVICE STATE: qservercluster2;Memory;OK;HARD;1;OK - 80.3% (39593820 kB) free.
[1573410600] CURRENT SERVICE STATE: qservercluster2;Sensors Status;OK;HARD;1;SENSORS OK
[1573410600] CURRENT SERVICE STATE: qservercluster2;Total Processes;OK;HARD;1;PROCS OK: 514 processes
[1573410600] CURRENT SERVICE STATE: redis-1;CPU Load;OK;HARD;1;OK - load average: 0.69, 0.50, 0.54
[1573410600] CURRENT SERVICE STATE: redis-1;CPU_Procs;OK;HARD;1;CPU OK: 400 processes
[1573410600] CURRENT SERVICE STATE: redis-1;Current Users;OK;HARD;1;USERS OK - 1 users currently logged in
[1573410600] CURRENT SERVICE STATE: redis-1;HDD_Home status;OK;HARD;1;DISK OK - free space: /home 369273 MB (98% inode=99%):
[1573410600] CURRENT SERVICE STATE: redis-1;HDD_Root status;OK;HARD;1;DISK OK - free space: / 44237 MB (86% inode=99%):
[1573410600] CURRENT SERVICE STATE: redis-1;HDD_VNS1 status;OK;HARD;1;DISK OK - free space: /vns1 361198 MB (33% inode=99%):
[1573410600] CURRENT SERVICE STATE: redis-1;LocalService-NTPD SERVICE;OK;HARD;1;PROCS OK: 1 process with command name 'ntpd'
[1573410600] CURRENT SERVICE STATE: redis-1;Memory;OK;HARD;1;OK - 49.0% (64611144 kB) free.
[1573410600] CURRENT SERVICE STATE: redis-1;Sensors Status;OK;HARD;1;SENSORS OK
[1573410600] CURRENT SERVICE STATE: redis-1;Total Processes;OK;HARD;1;PROCS OK: 402 processes
[1573410600] CURRENT SERVICE STATE: redis-2;CPU Load;OK;HARD;1;OK - load average: 1.98, 1.38, 1.18
[1573410600] CURRENT SERVICE STATE: redis-2;CPU_Procs;OK;HARD;1;CPU OK: 382 processes
[1573410600] CURRENT SERVICE STATE: redis-2;Current Users;OK;HARD;1;USERS OK - 2 users currently logged in
[1573410600] CURRENT SERVICE STATE: redis-2;HDD_Home status;OK;HARD;1;DISK OK - free space: /home 323592 MB (86% inode=99%):
[1573410600] CURRENT SERVICE STATE: redis-2;HDD_Root status;OK;HARD;1;DISK OK - free space: / 44282 MB (86% inode=99%):
[1573410600] CURRENT SERVICE STATE: redis-2;HDD_VNS1 status;OK;HARD;1;DISK OK - free space: /vns1 1069171 MB (99% inode=99%):
[1573410600] CURRENT SERVICE STATE: redis-2;LocalService-NTPD SERVICE;OK;HARD;1;PROCS OK: 1 process with command name 'ntpd'
[1573410600] CURRENT SERVICE STATE: redis-2;Memory;OK;HARD;1;OK - 30.6% (40386612 kB) free.
[1573410600] CURRENT SERVICE STATE: redis-2;Sensors Status;OK;HARD;1;SENSORS OK
[1573410600] CURRENT SERVICE STATE: redis-2;Total Processes;OK;HARD;1;PROCS OK: 384 processes
[1573410600] CURRENT SERVICE STATE: rq-1;CPU Load;OK;HARD;1;OK - load average: 16.66, 15.12, 15.38
[1573410600] CURRENT SERVICE STATE: rq-1;CPU_Procs;OK;HARD;1;CPU OK: 364 processes
[1573410600] CURRENT SERVICE STATE: rq-1;Current Users;OK;HARD;1;USERS OK - 1 users currently logged in
[1573410600] CURRENT SERVICE STATE: rq-1;HDD_Home status;OK;HARD;1;DISK OK - free space: /home 401020 MB (99% inode=99%):
[1573410600] CURRENT SERVICE STATE: rq-1;HDD_Root status;OK;HARD;1;DISK OK - free space: / 42403 MB (82% inode=99%):
[1573410600] CURRENT SERVICE STATE: rq-1;HDD_VNS1 status;OK;HARD;1;DISK OK - free space: /rq1vns1 1068147 MB (99% inode=99%):
[1573410600] CURRENT SERVICE STATE: rq-1;LocalService-NTPD SERVICE;OK;HARD;1;PROCS OK: 1 process with command name 'ntpd'
[1573410600] CURRENT SERVICE STATE: rq-1;Memory;OK;HARD;1;OK - 81.8% (107886932 kB) free.
[1573410600] CURRENT SERVICE STATE: rq-1;Total Processes;OK;HARD;1;PROCS OK: 359 processes
[1573410600] CURRENT SERVICE STATE: rq-1;rq1-rabbitmqerror;OK;HARD;1;Log check ok - 0 pattern matches found
[1573410600] CURRENT SERVICE STATE: rq-2;CPU Load;OK;HARD;1;OK - load average: 15.52, 15.62, 15.61
[1573410600] CURRENT SERVICE STATE: rq-2;CPU_Procs;OK;HARD;1;CPU OK: 347 processes
[1573410600] CURRENT SERVICE STATE: rq-2;Current Users;OK;HARD;1;USERS OK - 0 users currently logged in
[1573410600] CURRENT SERVICE STATE: rq-2;HDD_Home status;OK;HARD;1;DISK OK - free space: /home 401211 MB (99% inode=99%):
[1573410600] CURRENT SERVICE STATE: rq-2;HDD_Root status;OK;HARD;1;DISK OK - free space: / 45428 MB (88% inode=99%):
[1573410600] CURRENT SERVICE STATE: rq-2;HDD_VNS1 status;OK;HARD;1;DISK OK - free space: /dev 64349 MB (100% inode=99%):
[1573410600] CURRENT SERVICE STATE: rq-2;LocalService-NTPD SERVICE;OK;HARD;1;PROCS OK: 2 processes with command name 'ntpd'
[1573410600] CURRENT SERVICE STATE: rq-2;Memory;OK;HARD;1;OK - 94.7% (124897760 kB) free.
[1573410600] CURRENT SERVICE STATE: rq-2;Total Processes;OK;HARD;1;PROCS OK: 345 processes
[1573410600] CURRENT SERVICE STATE: rq-2;rq2-rabbitmqerror;OK;HARD;1;Log check ok - 0 pattern matches found
[1573410600] CURRENT SERVICE STATE: secondary-server;CPU Load;OK;HARD;1;OK - load average: 0.74, 0.61, 0.36
[1573410600] CURRENT SERVICE STATE: secondary-server;CPU_Procs;OK;HARD;1;CPU OK: 342 processes
[1573410600] CURRENT SERVICE STATE: secondary-server;Current Users;OK;HARD;1;USERS OK - 3 users currently logged in
[1573410600] CURRENT SERVICE STATE: secondary-server;HDD_Home status;OK;HARD;1;DISK OK - free space: /home 135794 MB (60% inode=99%):
[1573410600] CURRENT SERVICE STATE: secondary-server;HDD_Root status;OK;HARD;1;DISK OK - free space: / 37551 MB (73% inode=99%):
[1573410600] CURRENT SERVICE STATE: secondary-server;LocalService-NTPD SERVICE;OK;HARD;1;PROCS OK: 1 process with command name 'ntpd'
[1573410600] CURRENT SERVICE STATE: secondary-server;Memory Status;OK;HARD;1;OK - 88.4% (21668128 kB) free.
[1573410600] CURRENT SERVICE STATE: secondary-server;Nginx Access Log Status;OK;HARD;1;Log check ok - 0 pattern matches found
[1573410600] CURRENT SERVICE STATE: secondary-server;Nginx Error Log Status;OK;HARD;1;Log check ok - 0 pattern matches found
[1573410600] CURRENT SERVICE STATE: secondary-server;Nginx Status;OK;HARD;1;NGINX OK -  0.091 sec. response time, Active: 0 (Writing: 0 Reading: 0 Waiting: 0) ReqPerSec: 0.000 ConnPerSec: 0.000 ReqPerConn: 0.000
[1573410600] CURRENT SERVICE STATE: secondary-server;Sensors Status;OK;HARD;1;SENSORS OK
[1573410600] CURRENT SERVICE STATE: secondary-server;Total Processes;OK;HARD;1;PROCS OK: 341 processes
[1573410600] CURRENT SERVICE STATE: sig1-vm2;CPU Load;OK;HARD;1;OK - load average: 0.00, 0.00, 0.00
[1573410600] CURRENT SERVICE STATE: sig1-vm2;CPU_Procs;OK;HARD;1;CPU OK: 264 processes
[1573410600] CURRENT SERVICE STATE: sig1-vm2;Current Users;OK;HARD;1;USERS OK - 0 users currently logged in
[1573410600] CURRENT SERVICE STATE: sig1-vm2;LocalService-NTPD SERVICE;OK;HARD;1;PROCS OK: 2 processes with command name 'ntpd'
[1573410600] CURRENT SERVICE STATE: sig1-vm2;Memory;OK;HARD;1;OK - 84.5% (13797260 kB) free.
[1573410600] CURRENT SERVICE STATE: sig1-vm2;Root status;OK;HARD;1;DISK OK - free space: / 127186 MB (94% inode=97%):
[1573410600] CURRENT SERVICE STATE: sig1-vm2;Total Processes;OK;HARD;1;PROCS OK: 267 processes
[1573410600] CURRENT SERVICE STATE: sig2-vm2;CPU Load;OK;HARD;1;OK - load average: 0.46, 0.70, 0.82
[1573410600] CURRENT SERVICE STATE: sig2-vm2;CPU_Procs;OK;HARD;1;CPU OK: 456 processes
[1573410600] CURRENT SERVICE STATE: sig2-vm2;Current Users;OK;HARD;1;USERS OK - 0 users currently logged in
[1573410600] CURRENT SERVICE STATE: sig2-vm2;HDD_Root status;OK;HARD;1;DISK OK - free space: / 122954 MB (88% inode=99%):
[1573410600] CURRENT SERVICE STATE: sig2-vm2;LocalService-NTPD SERVICE;OK;HARD;1;PROCS OK: 1 process with command name 'ntpd'
[1573410600] CURRENT SERVICE STATE: sig2-vm2;Memory;OK;HARD;1;OK - 88.1% (30707268 kB) free.
[1573410600] CURRENT SERVICE STATE: sig2-vm2;Total Processes;OK;HARD;1;PROCS OK: 459 processes
[1573410600] CURRENT SERVICE STATE: sig3-vm2;CPU Load;OK;HARD;1;OK - load average: 0.00, 0.00, 0.00
[1573410600] CURRENT SERVICE STATE: sig3-vm2;CPU_Procs;OK;HARD;1;CPU OK: 549 processes
[1573410600] CURRENT SERVICE STATE: sig3-vm2;Current Users;OK;HARD;1;USERS OK - 2 users currently logged in
[1573410600] CURRENT SERVICE STATE: sig3-vm2;HDD_Root status;OK;HARD;1;DISK OK - free space: / 90163 MB (75% inode=96%):
[1573410600] CURRENT SERVICE STATE: sig3-vm2;LocalService-NTPD SERVICE;OK;HARD;1;PROCS OK: 2 processes with command name 'ntpd'
[1573410600] CURRENT SERVICE STATE: sig3-vm2;Memory;OK;HARD;1;OK - 95.5% (22518020 kB) free.
[1573410600] CURRENT SERVICE STATE: sig3-vm2;Total Processes;OK;HARD;1;PROCS OK: 550 processes
[1573410600] CURRENT SERVICE STATE: sig4-vm2;CPU Load;OK;HARD;1;OK - load average: 0.00, 0.01, 0.05
[1573410600] CURRENT SERVICE STATE: sig4-vm2;CPU_Procs;OK;HARD;1;CPU OK: 220 processes
[1573410600] CURRENT SERVICE STATE: sig4-vm2;Current Users;OK;HARD;1;USERS OK - 0 users currently logged in
[1573410600] CURRENT SERVICE STATE: sig4-vm2;HDD_Root status;OK;HARD;1;DISK OK - free space: / 52453 MB (40% inode=99%):
[1573410600] CURRENT SERVICE STATE: sig4-vm2;LocalService-NTPD SERVICE;OK;HARD;1;PROCS OK: 1 process with command name 'ntpd'
[1573410600] CURRENT SERVICE STATE: sig4-vm2;Memory;OK;HARD;1;OK - 90.2% (31425976 kB) free.
[1573410600] CURRENT SERVICE STATE: sig4-vm2;Total Processes;OK;HARD;1;PROCS OK: 220 processes
[1573410600] CURRENT SERVICE STATE: sig5-vm2;CPU Load;OK;HARD;1;OK - load average: 0.92, 1.04, 1.13
[1573410600] CURRENT SERVICE STATE: sig5-vm2;CPU_Procs;OK;HARD;1;CPU OK: 461 processes
[1573410600] CURRENT SERVICE STATE: sig5-vm2;Current Users;OK;HARD;1;USERS OK - 0 users currently logged in
[1573410600] CURRENT SERVICE STATE: sig5-vm2;HDD_Root status;OK;HARD;1;DISK OK - free space: / 230637 MB (91% inode=99%):
[1573410600] CURRENT SERVICE STATE: sig5-vm2;LocalService-NTPD SERVICE;OK;HARD;1;PROCS OK: 1 process with command name 'ntpd'
[1573410600] CURRENT SERVICE STATE: sig5-vm2;Memory;OK;HARD;1;OK - 86.3% (30235096 kB) free.
[1573410600] CURRENT SERVICE STATE: sig5-vm2;Total Processes;OK;HARD;1;PROCS OK: 464 processes
[1573410600] CURRENT SERVICE STATE: sig6-vm2;CPU Load;OK;HARD;1;OK - load average: 1.20, 1.31, 1.31
[1573410600] CURRENT SERVICE STATE: sig6-vm2;CPU_Procs;OK;HARD;1;CPU OK: 508 processes
[1573410600] CURRENT SERVICE STATE: sig6-vm2;Current Users;OK;HARD;1;USERS OK - 2 users currently logged in
[1573410600] CURRENT SERVICE STATE: sig6-vm2;HDD_Root status;OK;HARD;1;DISK OK - free space: / 178791 MB (91% inode=99%):
[1573410600] CURRENT SERVICE STATE: sig6-vm2;LocalService-NTPD SERVICE;OK;HARD;1;PROCS OK: 1 process with command name 'ntpd'
[1573410600] CURRENT SERVICE STATE: sig6-vm2;Memory;OK;HARD;1;OK - 55.6% (12486040 kB) free.
[1573410600] CURRENT SERVICE STATE: sig6-vm2;Total Processes;OK;HARD;1;PROCS OK: 507 processes
[1573410600] CURRENT SERVICE STATE: sigqscluster1;CPU Load;OK;HARD;1;OK - load average: 1.29, 1.61, 2.15
[1573410600] CURRENT SERVICE STATE: sigqscluster1;CPU_Procs;OK;HARD;1;CPU OK: 364 processes
[1573410600] CURRENT SERVICE STATE: sigqscluster1;Current Users;OK;HARD;1;USERS OK - 9 users currently logged in
[1573410600] CURRENT SERVICE STATE: sigqscluster1;HDD_Home status;OK;HARD;1;DISK OK - free space: /home 224102 MB (99% inode=99%):
[1573410600] CURRENT SERVICE STATE: sigqscluster1;HDD_Root status;OK;HARD;1;DISK OK - free space: / 41018 MB (80% inode=99%):
[1573410600] CURRENT SERVICE STATE: sigqscluster1;LocalService-NTPD SERVICE;OK;HARD;1;PROCS OK: 1 process with command name 'ntpd'
[1573410600] CURRENT SERVICE STATE: sigqscluster1;Memory;CRITICAL;HARD;3;CRITICAL - 0.5% (253300 kB) free!
[1573410600] CURRENT SERVICE STATE: sigqscluster1;Sensors Status;OK;HARD;1;SENSORS OK
[1573410600] CURRENT SERVICE STATE: sigqscluster1;Total Processes;OK;HARD;1;PROCS OK: 362 processes
[1573410600] CURRENT SERVICE STATE: sigqscluster2;CPU Load;OK;HARD;1;OK - load average: 11.78, 11.87, 11.69
[1573410600] CURRENT SERVICE STATE: sigqscluster2;CPU_Procs;OK;HARD;1;CPU OK: 299 processes
[1573410600] CURRENT SERVICE STATE: sigqscluster2;Current Users;OK;HARD;1;USERS OK - 0 users currently logged in
[1573410600] CURRENT SERVICE STATE: sigqscluster2;HDD_Home status;OK;HARD;1;DISK OK - free space: /home 208589 MB (99% inode=99%):
[1573410600] CURRENT SERVICE STATE: sigqscluster2;HDD_Root status;OK;HARD;1;DISK OK - free space: / 45392 MB (88% inode=99%):
[1573410600] CURRENT SERVICE STATE: sigqscluster2;LocalService-NTPD SERVICE;OK;HARD;1;PROCS OK: 1 process with command name 'ntpd'
[1573410600] CURRENT SERVICE STATE: sigqscluster2;Memory;OK;HARD;1;OK - 85.0% (41909676 kB) free.
[1573410600] CURRENT SERVICE STATE: sigqscluster2;Sensors Status;OK;HARD;1;SENSORS OK
[1573410600] CURRENT SERVICE STATE: sigqscluster2;Total Processes;OK;HARD;1;PROCS OK: 298 processes
[1573410600] CURRENT SERVICE STATE: sigqscluster2;sigqscluster2-rabbitmqerror;OK;HARD;1;Log check ok - 0 pattern matches found
[1573410600] CURRENT SERVICE STATE: smscapp1;CPU Load;OK;HARD;1;OK - load average: 1.06, 1.40, 1.60
[1573410600] CURRENT SERVICE STATE: smscapp1;CPU_Procs;OK;HARD;1;CPU OK: 649 processes
[1573410600] CURRENT SERVICE STATE: smscapp1;Current Users;OK;HARD;1;USERS OK - 2 users currently logged in
[1573410600] CURRENT SERVICE STATE: smscapp1;HDD_Home status;OK;HARD;1;DISK OK - free space: /home 140766 MB (62% inode=99%):
[1573410600] CURRENT SERVICE STATE: smscapp1;HDD_Root status;OK;HARD;1;DISK OK - free space: / 39127 MB (76% inode=98%):
[1573410600] CURRENT SERVICE STATE: smscapp1;LocalService-NTPD SERVICE;OK;HARD;1;PROCS OK: 1 process with command name 'ntpd'
[1573410600] CURRENT SERVICE STATE: smscapp1;Memory;OK;HARD;1;OK - 65.1% (32102524 kB) free.
[1573410600] CURRENT SERVICE STATE: smscapp1;Sensors Status;OK;HARD;1;SENSORS OK
[1573410600] CURRENT SERVICE STATE: smscapp1;Total Processes;OK;HARD;1;PROCS OK: 651 processes
[1573410600] CURRENT SERVICE STATE: smscapp2;CPU Load;OK;HARD;1;OK - load average: 4.58, 4.00, 3.81
[1573410600] CURRENT SERVICE STATE: smscapp2;CPU_Procs;OK;HARD;1;CPU OK: 1145 processes
[1573410600] CURRENT SERVICE STATE: smscapp2;Current Users;OK;HARD;1;USERS OK - 0 users currently logged in
[1573410600] CURRENT SERVICE STATE: smscapp2;HDD_Home status;OK;HARD;1;DISK OK - free space: /home 174509 MB (77% inode=99%):
[1573410600] CURRENT SERVICE STATE: smscapp2;HDD_Root status;OK;HARD;1;DISK OK - free space: / 38723 MB (75% inode=98%):
[1573410600] CURRENT SERVICE STATE: smscapp2;LocalService-NTPD SERVICE;OK;HARD;1;PROCS OK: 1 process with command name 'ntpd'
[1573410600] CURRENT SERVICE STATE: smscapp2;Memory;WARNING;HARD;3;WARNING - 19.2% (9476492 kB) free!
[1573410600] CURRENT SERVICE STATE: smscapp2;Sensors Status;OK;HARD;1;SENSORS OK
[1573410600] CURRENT SERVICE STATE: smscapp2;Total Processes;OK;HARD;1;PROCS OK: 1147 processes
[1573410600] CURRENT SERVICE STATE: sservercluster1;CPU Load;OK;HARD;1;OK - load average: 1.35, 1.26, 1.43
[1573410600] CURRENT SERVICE STATE: sservercluster1;CPU_Procs;OK;HARD;1;CPU OK: 337 processes
[1573410600] CURRENT SERVICE STATE: sservercluster1;Current Users;OK;HARD;1;USERS OK - 4 users currently logged in
[1573410600] CURRENT SERVICE STATE: sservercluster1;HDD_Home status;OK;HARD;1;DISK OK - free space: /home 157685 MB (71% inode=99%):
[1573410600] CURRENT SERVICE STATE: sservercluster1;HDD_Root status;OK;HARD;1;DISK OK - free space: / 41323 MB (80% inode=99%):
[1573410600] CURRENT SERVICE STATE: sservercluster1;LocalService-NTPD SERVICE;OK;HARD;1;PROCS OK: 1 process with command name 'ntpd'
[1573410600] CURRENT SERVICE STATE: sservercluster1;Memory;OK;HARD;1;OK - 39.9% (9771652 kB) free.
[1573410600] CURRENT SERVICE STATE: sservercluster1;Sensors Status;OK;HARD;1;SENSORS OK
[1573410600] CURRENT SERVICE STATE: sservercluster1;Total Processes;OK;HARD;1;PROCS OK: 338 processes
[1573410600] CURRENT SERVICE STATE: sservercluster2;CPU Load;OK;HARD;1;OK - load average: 0.85, 0.91, 1.03
[1573410600] CURRENT SERVICE STATE: sservercluster2;CPU_Procs;OK;HARD;1;CPU OK: 339 processes
[1573410600] CURRENT SERVICE STATE: sservercluster2;Current Users;OK;HARD;1;USERS OK - 3 users currently logged in
[1573410600] CURRENT SERVICE STATE: sservercluster2;HDD_Home status;OK;HARD;1;DISK OK - free space: /home 179533 MB (81% inode=99%):
[1573410600] CURRENT SERVICE STATE: sservercluster2;HDD_Root status;OK;HARD;1;DISK OK - free space: / 35625 MB (69% inode=98%):
[1573410600] CURRENT SERVICE STATE: sservercluster2;LocalService-NTPD SERVICE;OK;HARD;1;PROCS OK: 1 process with command name 'ntpd'
[1573410600] CURRENT SERVICE STATE: sservercluster2;Memory;OK;HARD;1;OK - 52.2% (12782624 kB) free.
[1573410600] CURRENT SERVICE STATE: sservercluster2;Sensors Status;OK;HARD;1;SENSORS OK
[1573410600] CURRENT SERVICE STATE: sservercluster2;Total Processes;OK;HARD;1;PROCS OK: 339 processes
[1573410600] CURRENT SERVICE STATE: webserver1;CPU Load;OK;HARD;1;OK - load average: 0.95, 0.60, 0.30
[1573410600] CURRENT SERVICE STATE: webserver1;CPU_Procs;OK;HARD;1;CPU OK: 358 processes
[1573410600] CURRENT SERVICE STATE: webserver1;Current Users;OK;HARD;1;USERS OK - 1 users currently logged in
[1573410600] CURRENT SERVICE STATE: webserver1;HDD_Home status;OK;HARD;1;DISK OK - free space: /home 224832 MB (99% inode=99%):
[1573410600] CURRENT SERVICE STATE: webserver1;HDD_Root status;OK;HARD;1;DISK OK - free space: / 40272 MB (78% inode=99%):
[1573410600] CURRENT SERVICE STATE: webserver1;LocalService-NTPD SERVICE;OK;HARD;1;PROCS OK: 1 process with command name 'ntpd'
[1573410600] CURRENT SERVICE STATE: webserver1;Memory;OK;HARD;1;OK - 89.3% (21862720 kB) free.
[1573410600] CURRENT SERVICE STATE: webserver1;Nginx_status;OK;HARD;1;NGINX OK -  0.088 sec. response time, Active: 1 (Writing: 1 Reading: 0 Waiting: 0) ReqPerSec: 0.002 ConnPerSec: 0.002 ReqPerConn: 1.035
[1573410600] CURRENT SERVICE STATE: webserver1;Sensors Status;OK;HARD;1;SENSORS OK
[1573410600] CURRENT SERVICE STATE: webserver1;Total Processes;OK;HARD;1;PROCS OK: 360 processes
[1573410600] CURRENT SERVICE STATE: webserver2;CPU_Procs;OK;HARD;1;CPU OK: 503 processes
[1573410600] CURRENT SERVICE STATE: webserver2;Current Load;OK;HARD;1;OK - load average: 0.05, 0.06, 0.05
[1573410600] CURRENT SERVICE STATE: webserver2;Current Users;OK;HARD;1;USERS OK - 42 users currently logged in
[1573410600] CURRENT SERVICE STATE: webserver2;HDD_Home status;OK;HARD;1;DISK OK - free space: /home 74767 MB (33.26% inode=100%):
[1573410600] CURRENT SERVICE STATE: webserver2;HTTP;OK;HARD;1;HTTP OK: HTTP/1.1 200 OK - 355 bytes in 0.001 second response time
[1573410600] CURRENT SERVICE STATE: webserver2;LocalService-NTPD SERVICE;OK;HARD;1;PROCS OK: 1 process with command name 'ntpd'
[1573410600] CURRENT SERVICE STATE: webserver2;Memory;OK;HARD;1;OK - 62.3% (15271140 kB) free.
[1573410600] CURRENT SERVICE STATE: webserver2;PING;OK;HARD;1;PING OK - Packet loss = 0%, RTA = 0.06 ms
[1573410600] CURRENT SERVICE STATE: webserver2;Root Partition;OK;HARD;1;DISK OK - free space: / 19633 MB (38.36% inode=99%):
[1573410600] CURRENT SERVICE STATE: webserver2;SSH;OK;HARD;1;SSH OK - OpenSSH_7.4 (protocol 2.0)
[1573410600] CURRENT SERVICE STATE: webserver2;Sensors Status;OK;HARD;1;SENSORS OK
[1573410600] CURRENT SERVICE STATE: webserver2;Total Processes;OK;HARD;1;PROCS OK: 157 processes with STATE = RSZDT
[1573410600] CURRENT SERVICE STATE: webservercluster1;CPU Load;OK;HARD;1;OK - load average: 0.00, 0.01, 0.05
[1573410600] CURRENT SERVICE STATE: webservercluster1;CPU_Procs;OK;HARD;1;CPU OK: 338 processes
[1573410600] CURRENT SERVICE STATE: webservercluster1;Current Users;OK;HARD;1;USERS OK - 3 users currently logged in
[1573410600] CURRENT SERVICE STATE: webservercluster1;HDD_Home status;OK;HARD;1;DISK OK - free space: / 22561 MB (44% inode=99%):
[1573410600] CURRENT SERVICE STATE: webservercluster1;HDD_Root status;OK;HARD;1;DISK OK - free space: /home 88638 MB (39% inode=99%):
[1573410600] CURRENT SERVICE STATE: webservercluster1;LocalService-NTPD SERVICE;OK;HARD;1;PROCS OK: 1 process with command name 'ntpd'
[1573410600] CURRENT SERVICE STATE: webservercluster1;Memory;OK;HARD;1;OK - 71.7% (11655828 kB) free.
[1573410600] CURRENT SERVICE STATE: webservercluster1;Sensors Status;OK;HARD;1;SENSORS OK
[1573410600] CURRENT SERVICE STATE: webservercluster1;Total Processes;OK;HARD;1;PROCS OK: 330 processes
[1573410600] CURRENT SERVICE STATE: webservercluster2;CPU Load;OK;HARD;1;OK - load average: 1.31, 1.15, 1.16
[1573410600] CURRENT SERVICE STATE: webservercluster2;CPU_Procs;OK;HARD;1;CPU OK: 299 processes
[1573410600] CURRENT SERVICE STATE: webservercluster2;Current Users;OK;HARD;1;USERS OK - 2 users currently logged in
[1573410600] CURRENT SERVICE STATE: webservercluster2;HDD_Home status;OK;HARD;1;DISK OK - free space: /home 224002 MB (99% inode=99%):
[1573410600] CURRENT SERVICE STATE: webservercluster2;HDD_Root status;OK;HARD;1;DISK OK - free space: / 40326 MB (78% inode=99%):
[1573410600] CURRENT SERVICE STATE: webservercluster2;LocalService-NTPD SERVICE;OK;HARD;1;PROCS OK: 1 process with command name 'ntpd'
[1573410600] CURRENT SERVICE STATE: webservercluster2;Memory;OK;HARD;1;OK - 62.9% (10218112 kB) free.
[1573410600] CURRENT SERVICE STATE: webservercluster2;Sensors Status;OK;HARD;1;SENSORS OK
[1573410600] CURRENT SERVICE STATE: webservercluster2;Total Processes;OK;HARD;1;PROCS OK: 296 processes
[1573410827] Auto-save of retention data completed successfully.
[1573410831] SERVICE NOTIFICATION: nagiosadmin;smscapp2;Memory;OK;notify-service-by-email;OK - 92.9% (45773164 kB) free.
[1573410831] SERVICE ALERT: smscapp2;Memory;OK;HARD;1;OK - 92.9% (45773164 kB) free.
[1573411062] SERVICE ALERT: sservercluster2;Memory;CRITICAL;SOFT;1;CRITICAL - 0.8% (190976 kB) free!
[1573411182] SERVICE ALERT: sservercluster2;Memory;CRITICAL;SOFT;2;CRITICAL - 0.7% (166536 kB) free!
[1573411302] SERVICE NOTIFICATION: nagiosadmin;sservercluster2;Memory;CRITICAL;notify-service-by-email;CRITICAL - 0.8% (194380 kB) free!
[1573411302] SERVICE ALERT: sservercluster2;Memory;CRITICAL;HARD;3;CRITICAL - 0.8% (194380 kB) free!
[1573411430] SERVICE ALERT: sservercluster1;Memory;CRITICAL;SOFT;1;CRITICAL - 0.7% (178128 kB) free!
[1573411550] SERVICE ALERT: sservercluster1;Memory;CRITICAL;SOFT;2;CRITICAL - 0.7% (176048 kB) free!
[1573411670] SERVICE NOTIFICATION: nagiosadmin;sservercluster1;Memory;CRITICAL;notify-service-by-email;CRITICAL - 0.7% (165040 kB) free!
[1573411670] SERVICE ALERT: sservercluster1;Memory;CRITICAL;HARD;3;CRITICAL - 0.7% (165040 kB) free!
[1573412535] SERVICE ALERT: webserver2;Memory;WARNING;SOFT;1;WARNING - 17.5% (4281768 kB) free!
[1573412539] SERVICE ALERT: pservercluster2;Memory;WARNING;SOFT;1;WARNING - 19.0% (4668852 kB) free!
[1573412595] SERVICE ALERT: webserver2;Memory;OK;HARD;1;OK - 67.5% (16531988 kB) free.
[1573412659] SERVICE ALERT: pservercluster2;Memory;WARNING;SOFT;2;WARNING - 13.2% (3226176 kB) free!
[1573412711] EXTERNAL COMMAND: SCHEDULE_FORCED_HOST_CHECK;pservercluster1;1573412710
[1573412743] EXTERNAL COMMAND: SCHEDULE_FORCED_HOST_CHECK;pservercluster2;1573412742
[1573412747] SERVICE ALERT: sigqscluster1;Memory;OK;HARD;1;OK - 77.7% (38278960 kB) free.
[1573412780] SERVICE ALERT: pservercluster2;Memory;OK;HARD;1;OK - 91.1% (22338868 kB) free.
[1573412809] EXTERNAL COMMAND: SCHEDULE_FORCED_HOST_CHECK;sservercluster1;1573412808
[1573412870] SERVICE NOTIFICATION: nagiosadmin;sservercluster1;Memory;OK;notify-service-by-email;OK - 52.9% (12960020 kB) free.
[1573412870] SERVICE ALERT: sservercluster1;Memory;OK;HARD;1;OK - 52.9% (12960020 kB) free.
[1573413103] SERVICE NOTIFICATION: nagiosadmin;sservercluster2;Memory;OK;notify-service-by-email;OK - 92.6% (22688480 kB) free.
[1573413103] SERVICE ALERT: sservercluster2;Memory;OK;HARD;1;OK - 92.6% (22688480 kB) free.
[1573414350] SERVICE ALERT: pservercluster1;Memory;OK;HARD;1;OK - 22.6% (5580256 kB) free.
[1573414427] Auto-save of retention data completed successfully.
[1573414950] SERVICE ALERT: pservercluster1;Memory;CRITICAL;SOFT;1;CRITICAL - 0.8% (195920 kB) free!
[1573415070] SERVICE ALERT: pservercluster1;Memory;CRITICAL;SOFT;2;CRITICAL - 0.7% (179568 kB) free!
[1573415148] SERVICE ALERT: sigqscluster1;Memory;WARNING;SOFT;1;WARNING - 15.3% (7550216 kB) free!
[1573415190] SERVICE ALERT: pservercluster1;Memory;CRITICAL;HARD;3;CRITICAL - 0.8% (192916 kB) free!
[1573415268] SERVICE ALERT: sigqscluster1;Memory;WARNING;SOFT;2;WARNING - 12.1% (5953700 kB) free!
[1573415388] SERVICE ALERT: sigqscluster1;Memory;CRITICAL;HARD;3;CRITICAL - 9.5% (4671284 kB) free!
[1573416588] SERVICE ALERT: sigqscluster1;Memory;OK;HARD;1;OK - 81.1% (39949136 kB) free.
[1573416991] SERVICE ALERT: pservercluster1;Memory;WARNING;HARD;3;WARNING - 16.0% (3945004 kB) free!
[1573417591] SERVICE ALERT: pservercluster1;Memory;CRITICAL;HARD;3;CRITICAL - 0.8% (193208 kB) free!
[1573418027] Auto-save of retention data completed successfully.
[1573419734] SERVICE ALERT: smscapp1;Memory;CRITICAL;SOFT;1;CRITICAL - 0.4% (219172 kB) free!
[1573419854] SERVICE ALERT: smscapp1;Memory;CRITICAL;SOFT;2;CRITICAL - 0.4% (214864 kB) free!
[1573419974] SERVICE ALERT: smscapp1;Memory;OK;HARD;1;OK - 91.2% (44944404 kB) free.
[1573420591] SERVICE ALERT: pservercluster1;Memory;WARNING;HARD;3;WARNING - 16.9% (4180176 kB) free!
[1573421075] SERVICE ALERT: redis-1;CPU_Procs;WARNING;SOFT;1;CPU WARNING: 1 warn out of 402 processes
[1573421195] SERVICE ALERT: redis-1;CPU_Procs;OK;HARD;1;CPU OK: 400 processes
[1573421627] Auto-save of retention data completed successfully.
[1573422096] SERVICE ALERT: secondary-server;Nginx Error Log Status;CRITICAL;SOFT;1;(4) < 2019/11/11 03:11:22 [error] 23644#0: *2268167 upstream timed out (110: Connection timed out) while connecting to upstream, client: 103.16.101.72, server: 0.0.0.0:4000, upstream: "10.147.212.49:4000", bytes from/to client:0/0, bytes from/to upstream:0/0
[1573422216] SERVICE ALERT: secondary-server;Nginx Error Log Status;OK;HARD;1;Log check ok - 0 pattern matches found
[1573422392] SERVICE ALERT: pservercluster1;Memory;OK;HARD;1;OK - 94.4% (23285620 kB) free.
[1573425227] Auto-save of retention data completed successfully.
[1573425231] SERVICE ALERT: webservercluster2;CPU_Procs;WARNING;SOFT;1;CPU WARNING: 1 warn out of 299 processes
[1573425351] SERVICE ALERT: webservercluster2;CPU_Procs;OK;HARD;1;CPU OK: 304 processes
[1573427388] SERVICE FLAPPING ALERT: sigqscluster1;Memory;STOPPED; Service appears to have stopped flapping (3.9% change < 5.0% threshold)
[1573427388] SERVICE NOTIFICATION: nagiosadmin;sigqscluster1;Memory;OK;notify-service-by-email;OK - 39.8% (19615964 kB) free.
[1573428827] Auto-save of retention data completed successfully.
[1573432427] Auto-save of retention data completed successfully.
[1573432592] SERVICE ALERT: pservercluster1;Memory;CRITICAL;SOFT;1;CRITICAL - 0.7% (167368 kB) free!
[1573432670] SERVICE ALERT: sservercluster1;Memory;CRITICAL;SOFT;1;CRITICAL - 0.7% (178116 kB) free!
[1573432712] SERVICE ALERT: pservercluster1;Memory;CRITICAL;SOFT;2;CRITICAL - 0.7% (173336 kB) free!
[1573432790] SERVICE ALERT: sservercluster1;Memory;CRITICAL;SOFT;2;CRITICAL - 0.7% (177664 kB) free!
[1573432833] SERVICE ALERT: pservercluster1;Memory;CRITICAL;HARD;3;CRITICAL - 0.7% (180976 kB) free!
[1573432910] SERVICE NOTIFICATION: nagiosadmin;sservercluster1;Memory;WARNING;notify-service-by-email;WARNING - 10.8% (2644144 kB) free!
[1573432910] SERVICE ALERT: sservercluster1;Memory;WARNING;HARD;3;WARNING - 10.8% (2644144 kB) free!
[1573433080] EXTERNAL COMMAND: SCHEDULE_FORCED_SVC_CHECK;pservercluster1;Memory;1573433078
[1573433080] SERVICE ALERT: pservercluster1;Memory;OK;HARD;1;OK - 92.6% (22844372 kB) free.
[1573433084] EXTERNAL COMMAND: SCHEDULE_FORCED_SVC_CHECK;pservercluster1;Memory;1573433083
[1573433089] EXTERNAL COMMAND: SCHEDULE_FORCED_SVC_CHECK;pservercluster1;Memory;1573433088
[1573433510] SERVICE NOTIFICATION: nagiosadmin;sservercluster1;Memory;OK;notify-service-by-email;OK - 50.2% (12309672 kB) free.
[1573433510] SERVICE ALERT: sservercluster1;Memory;OK;HARD;1;OK - 50.2% (12309672 kB) free.
[1573436027] Auto-save of retention data completed successfully.
[1573439627] Auto-save of retention data completed successfully.
[1573443227] Auto-save of retention data completed successfully.
[1573443289] SERVICE FLAPPING ALERT: pservercluster1;Memory;STOPPED; Service appears to have stopped flapping (3.8% change < 5.0% threshold)
[1573443289] SERVICE NOTIFICATION: nagiosadmin;pservercluster1;Memory;OK;notify-service-by-email;OK - 71.6% (17657460 kB) free.
[1573446396] SERVICE ALERT: redis-1;CPU_Procs;WARNING;SOFT;1;CPU WARNING: 1 warn out of 403 processes
[1573446516] SERVICE ALERT: redis-1;CPU_Procs;OK;HARD;1;CPU OK: 404 processes
[1573446827] Auto-save of retention data completed successfully.
[1573448890] SERVICE ALERT: webservercluster1;CPU_Procs;WARNING;SOFT;1;CPU WARNING: 1 warn out of 327 processes
[1573448917] SERVICE ALERT: primary-server;Nginx Error Log Status;CRITICAL;SOFT;1;(4) < 2019/11/11 10:30:19 [error] 24129#0: *5539705 connect() failed (111: Connection refused) while connecting to upstream, client: 103.255.146.164, server: 0.0.0.0:3000, upstream: "10.147.212.142:3000", bytes from/to client:0/0, bytes from/to upstream:0/0
[1573449010] SERVICE ALERT: webservercluster1;CPU_Procs;OK;HARD;1;CPU OK: 330 processes
[1573449037] SERVICE ALERT: primary-server;Nginx Error Log Status;OK;HARD;1;Log check ok - 0 pattern matches found
[1573449289] SERVICE ALERT: pservercluster1;Memory;CRITICAL;SOFT;1;CRITICAL - 0.8% (193288 kB) free!
[1573449409] SERVICE ALERT: pservercluster1;Memory;CRITICAL;SOFT;2;CRITICAL - 0.7% (174436 kB) free!
[1573449529] SERVICE NOTIFICATION: nagiosadmin;pservercluster1;Memory;CRITICAL;notify-service-by-email;CRITICAL - 0.7% (173308 kB) free!
[1573449529] SERVICE ALERT: pservercluster1;Memory;CRITICAL;HARD;3;CRITICAL - 0.7% (173308 kB) free!
[1573449689] EXTERNAL COMMAND: SCHEDULE_FORCED_SVC_CHECK;pservercluster1;Memory;1573449687
[1573449689] SERVICE NOTIFICATION: nagiosadmin;pservercluster1;Memory;OK;notify-service-by-email;OK - 86.0% (21228760 kB) free.
[1573449689] SERVICE ALERT: pservercluster1;Memory;OK;HARD;1;OK - 86.0% (21228760 kB) free.
[1573449695] EXTERNAL COMMAND: SCHEDULE_FORCED_SVC_CHECK;pservercluster1;Memory;1573449694
[1573450116] SERVICE ALERT: redis-1;CPU_Procs;WARNING;SOFT;1;CPU WARNING: 1 warn out of 403 processes
[1573450236] SERVICE ALERT: redis-1;CPU_Procs;OK;HARD;1;CPU OK: 400 processes
[1573450295] SERVICE ALERT: pservercluster1;Memory;CRITICAL;SOFT;1;CRITICAL - 0.8% (187076 kB) free!
[1573450416] SERVICE ALERT: pservercluster1;Memory;CRITICAL;SOFT;2;CRITICAL - 0.7% (182996 kB) free!
[1573450427] Auto-save of retention data completed successfully.
[1573450536] SERVICE NOTIFICATION: nagiosadmin;pservercluster1;Memory;CRITICAL;notify-service-by-email;CRITICAL - 0.8% (189136 kB) free!
[1573450536] SERVICE ALERT: pservercluster1;Memory;CRITICAL;HARD;3;CRITICAL - 0.8% (189136 kB) free!
[1573450897] EXTERNAL COMMAND: SCHEDULE_FORCED_SVC_CHECK;pservercluster1;Memory;1573450895
[1573450897] SERVICE FLAPPING ALERT: pservercluster1;Memory;STARTED; Service appears to have started flapping (23.9% change >= 20.0% threshold)
[1573450897] SERVICE ALERT: pservercluster1;Memory;OK;HARD;1;OK - 90.2% (22255564 kB) free.
[1573450903] EXTERNAL COMMAND: SCHEDULE_FORCED_SVC_CHECK;pservercluster1;Memory;1573450901
[1573450908] EXTERNAL COMMAND: SCHEDULE_FORCED_SVC_CHECK;pservercluster1;Memory;1573450907
[1573450919] SERVICE ALERT: sig6-vm2;Memory;WARNING;SOFT;1;WARNING - 14.6% (3275852 kB) free!
[1573451039] SERVICE ALERT: sig6-vm2;Memory;WARNING;SOFT;2;WARNING - 13.2% (2965140 kB) free!
[1573451160] SERVICE ALERT: sig6-vm2;Memory;OK;HARD;1;OK - 57.2% (12844556 kB) free.
[1573451511] SERVICE ALERT: sservercluster1;Memory;WARNING;SOFT;1;WARNING - 18.9% (4628380 kB) free!
[1573451631] SERVICE ALERT: sservercluster1;Memory;WARNING;SOFT;2;WARNING - 18.2% (4469136 kB) free!
[1573451751] SERVICE NOTIFICATION: nagiosadmin;sservercluster1;Memory;WARNING;notify-service-by-email;WARNING - 17.6% (4313816 kB) free!
[1573451751] SERVICE ALERT: sservercluster1;Memory;WARNING;HARD;3;WARNING - 17.6% (4313816 kB) free!
[1573452660] SERVICE ALERT: redis-2;Memory;WARNING;SOFT;1;WARNING - 19.6% (25789472 kB) free!
[1573452780] SERVICE ALERT: redis-2;Memory;WARNING;SOFT;2;WARNING - 16.0% (21038948 kB) free!
[1573452900] SERVICE NOTIFICATION: nagiosadmin;redis-2;Memory;WARNING;notify-service-by-email;WARNING - 12.4% (16358200 kB) free!
[1573452900] SERVICE ALERT: redis-2;Memory;WARNING;HARD;3;WARNING - 12.4% (16358200 kB) free!
[1573453210] SERVICE ALERT: webservercluster1;CPU_Procs;WARNING;SOFT;1;CPU WARNING: 1 warn out of 329 processes
[1573453308] SERVICE ALERT: pservercluster1;Memory;CRITICAL;SOFT;1;CRITICAL - 0.8% (195252 kB) free!
[1573453330] SERVICE ALERT: webservercluster1;CPU_Procs;OK;HARD;1;CPU OK: 328 processes
[1573453428] SERVICE ALERT: pservercluster1;Memory;CRITICAL;SOFT;2;CRITICAL - 0.7% (166212 kB) free!
[1573453548] SERVICE ALERT: pservercluster1;Memory;CRITICAL;HARD;3;CRITICAL - 0.7% (178688 kB) free!
[1573453836] SERVICE ALERT: redis-1;CPU_Procs;WARNING;SOFT;1;CPU WARNING: 1 warn out of 403 processes
[1573453957] SERVICE ALERT: redis-1;CPU_Procs;OK;HARD;1;CPU OK: 403 processes
[1573454027] Auto-save of retention data completed successfully.
[1573454151] SERVICE NOTIFICATION: nagiosadmin;sservercluster1;Memory;CRITICAL;notify-service-by-email;CRITICAL - 7.8% (1904492 kB) free!
[1573454151] SERVICE ALERT: sservercluster1;Memory;CRITICAL;HARD;3;CRITICAL - 7.8% (1904492 kB) free!
[1573454337] EXTERNAL COMMAND: SCHEDULE_FORCED_SVC_CHECK;pservercluster1;Memory;1573454331
[1573454338] SERVICE ALERT: pservercluster1;Memory;OK;HARD;1;OK - 90.5% (22344804 kB) free.
[1573454347] EXTERNAL COMMAND: SCHEDULE_FORCED_SVC_CHECK;pservercluster1;Memory;1573454344
[1573454405] EXTERNAL COMMAND: SCHEDULE_FORCED_SVC_CHECK;sservercluster1;Memory;1573454403
[1573454406] SERVICE NOTIFICATION: nagiosadmin;sservercluster1;Memory;OK;notify-service-by-email;OK - 52.6% (12895508 kB) free.
[1573454406] SERVICE ALERT: sservercluster1;Memory;OK;HARD;1;OK - 52.6% (12895508 kB) free.
[1573454701] SERVICE NOTIFICATION: nagiosadmin;redis-2;Memory;OK;notify-service-by-email;OK - 32.8% (43188652 kB) free.
[1573454701] SERVICE ALERT: redis-2;Memory;OK;HARD;1;OK - 32.8% (43188652 kB) free.
[1573454988] SERVICE ALERT: sigqscluster1;Memory;WARNING;SOFT;1;WARNING - 18.9% (9330864 kB) free!
[1573455108] SERVICE ALERT: sigqscluster1;Memory;WARNING;SOFT;2;WARNING - 18.9% (9331708 kB) free!
[1573455228] SERVICE NOTIFICATION: nagiosadmin;sigqscluster1;Memory;WARNING;notify-service-by-email;WARNING - 18.9% (9331360 kB) free!
[1573455228] SERVICE ALERT: sigqscluster1;Memory;WARNING;HARD;3;WARNING - 18.9% (9331360 kB) free!
[1573456147] SERVICE ALERT: pservercluster1;Memory;CRITICAL;SOFT;1;CRITICAL - 0.8% (193036 kB) free!
[1573456267] SERVICE ALERT: pservercluster1;Memory;CRITICAL;SOFT;2;CRITICAL - 0.7% (173136 kB) free!
[1573456387] SERVICE ALERT: pservercluster1;Memory;CRITICAL;HARD;3;CRITICAL - 0.8% (190596 kB) free!
[1573457180] SERVICE ALERT: pservercluster2;Memory;WARNING;SOFT;1;WARNING - 20.0% (4907652 kB) free!
[1573457300] SERVICE ALERT: pservercluster2;Memory;WARNING;SOFT;2;WARNING - 19.4% (4756836 kB) free!
[1573457420] SERVICE NOTIFICATION: nagiosadmin;pservercluster2;Memory;WARNING;notify-service-by-email;WARNING - 18.8% (4607724 kB) free!
[1573457420] SERVICE ALERT: pservercluster2;Memory;WARNING;HARD;3;WARNING - 18.8% (4607724 kB) free!
[1573457627] Auto-save of retention data completed successfully.
[1573457986] EXTERNAL COMMAND: SCHEDULE_FORCED_SVC_CHECK;pservercluster1;Memory;1573457984
[1573457986] SERVICE ALERT: pservercluster1;Memory;OK;HARD;1;OK - 75.3% (18587200 kB) free.
[1573458106] SERVICE ALERT: sig4-vm2;CPU_Procs;WARNING;SOFT;1;CPU WARNING: 2 warn out of 224 processes
[1573458226] SERVICE ALERT: sig4-vm2;CPU_Procs;CRITICAL;SOFT;2;CPU CRITICAL: 1 crit, 0 warn out of 230 processes
[1573458347] SERVICE NOTIFICATION: nagiosadmin;sig4-vm2;CPU_Procs;CRITICAL;notify-service-by-email;CPU CRITICAL: 1 crit, 0 warn out of 232 processes
[1573458347] SERVICE ALERT: sig4-vm2;CPU_Procs;CRITICAL;HARD;3;CPU CRITICAL: 1 crit, 0 warn out of 232 processes
[1573458621] SERVICE NOTIFICATION: nagiosadmin;pservercluster2;Memory;OK;notify-service-by-email;OK - 89.5% (21929148 kB) free.
[1573458621] SERVICE ALERT: pservercluster2;Memory;OK;HARD;1;OK - 89.5% (21929148 kB) free.
[1573458828] SERVICE NOTIFICATION: nagiosadmin;sigqscluster1;Memory;WARNING;notify-service-by-email;WARNING - 12.1% (5963652 kB) free!
[1573459187] SERVICE ALERT: pservercluster1;Memory;CRITICAL;SOFT;1;CRITICAL - 0.7% (176352 kB) free!
[1573459307] SERVICE ALERT: pservercluster1;Memory;CRITICAL;SOFT;2;CRITICAL - 0.7% (171244 kB) free!
[1573459427] SERVICE ALERT: pservercluster1;Memory;CRITICAL;HARD;3;CRITICAL - 0.7% (174128 kB) free!
[1573459429] SERVICE NOTIFICATION: nagiosadmin;sigqscluster1;Memory;CRITICAL;notify-service-by-email;CRITICAL - 8.8% (4345804 kB) free!
[1573459429] SERVICE ALERT: sigqscluster1;Memory;CRITICAL;HARD;3;CRITICAL - 8.8% (4345804 kB) free!
[1573460174] SERVICE ALERT: smscapp1;Memory;WARNING;SOFT;1;WARNING - 19.7% (9705820 kB) free!
[1573460294] SERVICE ALERT: smscapp1;Memory;WARNING;SOFT;2;WARNING - 19.1% (9421768 kB) free!
[1573460414] SERVICE NOTIFICATION: nagiosadmin;smscapp1;Memory;WARNING;notify-service-by-email;WARNING - 18.5% (9129908 kB) free!
[1573460414] SERVICE ALERT: smscapp1;Memory;WARNING;HARD;3;WARNING - 18.5% (9129908 kB) free!
[1573461227] Auto-save of retention data completed successfully.
[1573461359] SERVICE ALERT: sig6-vm2;Memory;WARNING;SOFT;1;WARNING - 18.0% (4051848 kB) free!
[1573461479] SERVICE ALERT: sig6-vm2;Memory;WARNING;SOFT;2;WARNING - 17.1% (3842156 kB) free!
[1573461599] SERVICE NOTIFICATION: nagiosadmin;sig6-vm2;Memory;WARNING;notify-service-by-email;WARNING - 16.0% (3602368 kB) free!
[1573461599] SERVICE ALERT: sig6-vm2;Memory;WARNING;HARD;3;WARNING - 16.0% (3602368 kB) free!
[1573461947] SERVICE NOTIFICATION: nagiosadmin;sig4-vm2;CPU_Procs;CRITICAL;notify-service-by-email;CPU CRITICAL: 1 crit, 0 warn out of 229 processes
[1573461962] EXTERNAL COMMAND: SCHEDULE_FORCED_SVC_CHECK;pservercluster1;Memory;1573461961
[1573461963] SERVICE ALERT: pservercluster1;Memory;OK;HARD;1;OK - 89.0% (21954780 kB) free.
[1573461969] EXTERNAL COMMAND: SCHEDULE_FORCED_SVC_CHECK;pservercluster1;Memory;1573461967
[1573461979] EXTERNAL COMMAND: SCHEDULE_FORCED_SVC_CHECK;sig6-vm2;Memory;1573461977
[1573461979] SERVICE NOTIFICATION: nagiosadmin;sig6-vm2;Memory;OK;notify-service-by-email;OK - 56.5% (12688984 kB) free.
[1573461979] SERVICE ALERT: sig6-vm2;Memory;OK;HARD;1;OK - 56.5% (12688984 kB) free.
[1573461991] EXTERNAL COMMAND: SCHEDULE_FORCED_SVC_CHECK;sig6-vm2;Memory;1573461989
[1573462000] EXTERNAL COMMAND: SCHEDULE_FORCED_SVC_CHECK;sigqscluster1;Memory;1573461998
[1573462000] SERVICE NOTIFICATION: nagiosadmin;sigqscluster1;Memory;OK;notify-service-by-email;OK - 81.1% (39981924 kB) free.
[1573462000] SERVICE ALERT: sigqscluster1;Memory;OK;HARD;1;OK - 81.1% (39981924 kB) free.
[1573462006] EXTERNAL COMMAND: SCHEDULE_FORCED_SVC_CHECK;sigqscluster1;Memory;1573462004
[1573462030] EXTERNAL COMMAND: SCHEDULE_FORCED_SVC_CHECK;sig4-vm2;CPU_Procs;1573462029
[1573462035] EXTERNAL COMMAND: SCHEDULE_FORCED_SVC_CHECK;sig4-vm2;CPU_Procs;1573462034
[1573462039] EXTERNAL COMMAND: SCHEDULE_FORCED_SVC_CHECK;sig4-vm2;CPU_Procs;1573462038
[1573462045] EXTERNAL COMMAND: SCHEDULE_FORCED_SVC_CHECK;sig4-vm2;CPU_Procs;1573462044
[1573462050] EXTERNAL COMMAND: SCHEDULE_FORCED_SVC_CHECK;sig4-vm2;CPU_Procs;1573462048
[1573462226] SERVICE ALERT: primary-server;Memory;WARNING;SOFT;1;WARNING - 20.0% (4901004 kB) free!
[1573462347] SERVICE ALERT: primary-server;Memory;WARNING;SOFT;2;WARNING - 19.9% (4878820 kB) free!
[1573462467] SERVICE NOTIFICATION: nagiosadmin;primary-server;Memory;WARNING;notify-service-by-email;WARNING - 19.8% (4860724 kB) free!
[1573462467] SERVICE ALERT: primary-server;Memory;WARNING;HARD;3;WARNING - 19.8% (4860724 kB) free!
[1573462814] SERVICE NOTIFICATION: nagiosadmin;smscapp1;Memory;CRITICAL;notify-service-by-email;CRITICAL - 8.6% (4240244 kB) free!
[1573462814] SERVICE ALERT: smscapp1;Memory;CRITICAL;HARD;3;CRITICAL - 8.6% (4240244 kB) free!
[1573463169] SERVICE ALERT: pservercluster1;Memory;CRITICAL;SOFT;1;CRITICAL - 9.9% (2431428 kB) free!
[1573463289] SERVICE ALERT: pservercluster1;Memory;CRITICAL;SOFT;2;CRITICAL - 9.5% (2340320 kB) free!
[1573463409] SERVICE ALERT: pservercluster1;Memory;CRITICAL;HARD;3;CRITICAL - 9.1% (2251060 kB) free!
[1573464006] SERVICE ALERT: sservercluster1;Memory;WARNING;SOFT;1;WARNING - 18.5% (4544376 kB) free!
[1573464037] SERVICE ALERT: primary-server;Nginx Error Log Status;CRITICAL;SOFT;1;(2) < 2019/11/11 14:45:30 [error] 24130#0: *5459011 recv() failed (104: Connection reset by peer) while proxying connection, client: 103.255.146.164, server: 0.0.0.0:3000, upstream: "10.147.212.154:3000", bytes from/to client:22315/22900, bytes from/to upstream:22900/22315
[1573464126] SERVICE ALERT: sservercluster1;Memory;WARNING;SOFT;2;WARNING - 18.0% (4416584 kB) free!
[1573464157] SERVICE ALERT: primary-server;Nginx Error Log Status;OK;HARD;1;Log check ok - 0 pattern matches found
[1573464246] SERVICE NOTIFICATION: nagiosadmin;sservercluster1;Memory;WARNING;notify-service-by-email;WARNING - 17.6% (4311636 kB) free!
[1573464246] SERVICE ALERT: sservercluster1;Memory;WARNING;HARD;3;WARNING - 17.6% (4311636 kB) free!
[1573464757] SERVICE ALERT: primary-server;Nginx Error Log Status;CRITICAL;SOFT;1;(10) < 2019/11/11 14:56:58 [error] 24131#0: *5589334 connect() failed (111: Connection refused) while connecting to upstream, client: 169.38.76.212, server: 0.0.0.0:13000, upstream: "10.147.212.143:13000", bytes from/to client:0/0, bytes from/to upstream:0/0
[1573464827] Auto-save of retention data completed successfully.
[1573464877] SERVICE ALERT: primary-server;Nginx Error Log Status;OK;HARD;1;Log check ok - 0 pattern matches found
[1573465214] SERVICE NOTIFICATION: nagiosadmin;smscapp1;Memory;OK;notify-service-by-email;OK - 95.9% (47247012 kB) free.
[1573465214] SERVICE ALERT: smscapp1;Memory;OK;HARD;1;OK - 95.9% (47247012 kB) free.
[1573465477] SERVICE ALERT: primary-server;Nginx Error Log Status;CRITICAL;SOFT;1;(23) < 2019/11/11 15:13:38 [error] 24132#0: *5589885 recv() failed (104: Connection reset by peer) while proxying connection, client: 103.16.101.72, server: 0.0.0.0:13000, upstream: "10.147.212.155:13000", bytes from/to client:43/0, bytes from/to upstream:0/43
[1573465598] SERVICE ALERT: primary-server;Nginx Error Log Status;CRITICAL;SOFT;2;(16) < 2019/11/11 15:16:22 [error] 24130#0: *5590035 recv() failed (104: Connection reset by peer) while proxying connection, client: 103.16.101.72, server: 0.0.0.0:13000, upstream: "10.147.212.155:13000", bytes from/to client:43/0, bytes from/to upstream:0/43
[1573465650] SERVICE NOTIFICATION: nagiosadmin;sig4-vm2;CPU_Procs;CRITICAL;notify-service-by-email;CPU CRITICAL: 1 crit, 0 warn out of 231 processes
[1573465718] SERVICE ALERT: primary-server;Nginx Error Log Status;OK;HARD;1;Log check ok - 0 pattern matches found
[1573466067] SERVICE NOTIFICATION: nagiosadmin;primary-server;Memory;WARNING;notify-service-by-email;WARNING - 17.3% (4242864 kB) free!
[1573466250] SERVICE NOTIFICATION: nagiosadmin;sig4-vm2;CPU_Procs;OK;notify-service-by-email;CPU OK: 231 processes
[1573466250] SERVICE ALERT: sig4-vm2;CPU_Procs;OK;HARD;1;CPU OK: 231 processes
[1573466318] SERVICE ALERT: primary-server;Nginx Error Log Status;CRITICAL;SOFT;1;(20) < 2019/11/11 15:24:08 [error] 24130#0: *5590367 recv() failed (104: Connection reset by peer) while proxying connection, client: 94.237.68.73, server: 0.0.0.0:13000, upstream: "10.147.212.142:13000", bytes from/to client:39/0, bytes from/to upstream:0/39
[1573466438] SERVICE ALERT: primary-server;Nginx Error Log Status;OK;HARD;1;Log check ok - 0 pattern matches found
[1573466616] SERVICE ALERT: secondary-server;Nginx Error Log Status;CRITICAL;SOFT;1;(194) < 2019/11/11 15:32:43 [error] 23643#0: *2345144 upstream timed out (110: Connection timed out) while connecting to upstream, client: 103.16.101.72, server: 0.0.0.0:4000, upstream: "10.147.212.49:4000", bytes from/to client:0/0, bytes from/to upstream:0/0
[1573466646] SERVICE NOTIFICATION: nagiosadmin;sservercluster1;Memory;CRITICAL;notify-service-by-email;CRITICAL - 8.5% (2087860 kB) free!
[1573466646] SERVICE ALERT: sservercluster1;Memory;CRITICAL;HARD;3;CRITICAL - 8.5% (2087860 kB) free!
[1573466701] SERVICE ALERT: redis-2;Memory;WARNING;SOFT;1;WARNING - 19.8% (26137928 kB) free!
[1573466737] SERVICE ALERT: secondary-server;Nginx Error Log Status;OK;HARD;1;Log check ok - 0 pattern matches found
[1573466821] SERVICE ALERT: redis-2;Memory;WARNING;SOFT;2;WARNING - 16.2% (21373836 kB) free!
[1573466850] SERVICE ALERT: sig4-vm2;CPU_Procs;CRITICAL;SOFT;1;CPU CRITICAL: 1 crit, 0 warn out of 238 processes
[1573466941] SERVICE NOTIFICATION: nagiosadmin;redis-2;Memory;WARNING;notify-service-by-email;WARNING - 12.7% (16806600 kB) free!
[1573466941] SERVICE ALERT: redis-2;Memory;WARNING;HARD;3;WARNING - 12.7% (16806600 kB) free!
[1573466970] SERVICE ALERT: sig4-vm2;CPU_Procs;CRITICAL;SOFT;2;CPU CRITICAL: 1 crit, 0 warn out of 235 processes
[1573467090] SERVICE NOTIFICATION: nagiosadmin;sig4-vm2;CPU_Procs;CRITICAL;notify-service-by-email;CPU CRITICAL: 1 crit, 0 warn out of 231 processes
[1573467090] SERVICE ALERT: sig4-vm2;CPU_Procs;CRITICAL;HARD;3;CPU CRITICAL: 1 crit, 0 warn out of 231 processes
[1573467541] SERVICE NOTIFICATION: nagiosadmin;redis-2;Memory;OK;notify-service-by-email;OK - 20.8% (27427296 kB) free.
[1573467541] SERVICE ALERT: redis-2;Memory;OK;HARD;1;OK - 20.8% (27427296 kB) free.
[1573468427] Auto-save of retention data completed successfully.
[1573468606] SERVICE ALERT: sigqscluster1;Memory;CRITICAL;SOFT;1;CRITICAL - 0.5% (224888 kB) free!
[1573468726] SERVICE ALERT: sigqscluster1;Memory;CRITICAL;SOFT;2;CRITICAL - 0.5% (239708 kB) free!
[1573468821] SERVICE ALERT: pservercluster2;Memory;CRITICAL;SOFT;1;CRITICAL - 2.2% (535856 kB) free!
[1573468846] SERVICE NOTIFICATION: nagiosadmin;sigqscluster1;Memory;CRITICAL;notify-service-by-email;CRITICAL - 0.5% (237656 kB) free!
[1573468846] SERVICE ALERT: sigqscluster1;Memory;CRITICAL;HARD;3;CRITICAL - 0.5% (237656 kB) free!
[1573468941] SERVICE ALERT: pservercluster2;Memory;CRITICAL;SOFT;2;CRITICAL - 1.6% (382340 kB) free!
[1573469061] SERVICE NOTIFICATION: nagiosadmin;pservercluster2;Memory;CRITICAL;notify-service-by-email;CRITICAL - 1.0% (247164 kB) free!
[1573469061] SERVICE ALERT: pservercluster2;Memory;CRITICAL;HARD;3;CRITICAL - 1.0% (247164 kB) free!
[1573469341] SERVICE ALERT: redis-2;Memory;WARNING;SOFT;1;WARNING - 20.0% (26396036 kB) free!
[1573469461] SERVICE ALERT: redis-2;Memory;WARNING;SOFT;2;WARNING - 16.8% (22151224 kB) free!
[1573469581] SERVICE ALERT: redis-2;Memory;OK;HARD;1;OK - 30.9% (40710308 kB) free.
[1573469667] SERVICE NOTIFICATION: nagiosadmin;primary-server;Memory;WARNING;notify-service-by-email;WARNING - 15.2% (3729060 kB) free!
[1573470246] SERVICE NOTIFICATION: nagiosadmin;sservercluster1;Memory;CRITICAL;notify-service-by-email;CRITICAL - 0.7% (163996 kB) free!
[1573470690] SERVICE NOTIFICATION: nagiosadmin;sig4-vm2;CPU_Procs;CRITICAL;notify-service-by-email;CPU CRITICAL: 1 crit, 0 warn out of 233 processes
[1573471077] EXTERNAL COMMAND: SCHEDULE_FORCED_SVC_CHECK;pservercluster1;Memory;1573471076
[1573471078] SERVICE ALERT: pservercluster1;Memory;OK;HARD;1;OK - 81.5% (20120436 kB) free.
[1573471081] EXTERNAL COMMAND: SCHEDULE_FORCED_SVC_CHECK;pservercluster1;Memory;1573471080
[1573471085] EXTERNAL COMMAND: SCHEDULE_FORCED_SVC_CHECK;pservercluster1;Memory;1573471084
[1573471088] EXTERNAL COMMAND: SCHEDULE_FORCED_SVC_CHECK;pservercluster1;Memory;1573471087
[1573471115] EXTERNAL COMMAND: SCHEDULE_FORCED_SVC_CHECK;pservercluster2;Memory;1573471114
[1573471116] SERVICE NOTIFICATION: nagiosadmin;pservercluster2;Memory;OK;notify-service-by-email;OK - 93.3% (22862364 kB) free.
[1573471116] SERVICE ALERT: pservercluster2;Memory;OK;HARD;1;OK - 93.3% (22862364 kB) free.
[1573471118] EXTERNAL COMMAND: SCHEDULE_FORCED_SVC_CHECK;pservercluster2;Memory;1573471118
[1573471170] EXTERNAL COMMAND: SCHEDULE_FORCED_SVC_CHECK;sigqscluster1;Memory;1573471169
[1573471170] SERVICE NOTIFICATION: nagiosadmin;sigqscluster1;Memory;OK;notify-service-by-email;OK - 80.2% (39525196 kB) free.
[1573471170] SERVICE ALERT: sigqscluster1;Memory;OK;HARD;1;OK - 80.2% (39525196 kB) free.
[1573471174] EXTERNAL COMMAND: SCHEDULE_FORCED_SVC_CHECK;sigqscluster1;Memory;1573471173
[1573471178] EXTERNAL COMMAND: SCHEDULE_FORCED_SVC_CHECK;sigqscluster1;Memory;1573471177
[1573471209] EXTERNAL COMMAND: SCHEDULE_FORCED_SVC_CHECK;sservercluster1;Memory;1573471208
[1573471210] SERVICE NOTIFICATION: nagiosadmin;sservercluster1;Memory;OK;notify-service-by-email;OK - 55.8% (13688108 kB) free.
[1573471210] SERVICE ALERT: sservercluster1;Memory;OK;HARD;1;OK - 55.8% (13688108 kB) free.
[1573471214] EXTERNAL COMMAND: SCHEDULE_FORCED_SVC_CHECK;sservercluster1;Memory;1573471213
[1573471217] EXTERNAL COMMAND: SCHEDULE_FORCED_SVC_CHECK;sservercluster1;Memory;1573471216
[1573471250] EXTERNAL COMMAND: SCHEDULE_FORCED_SVC_CHECK;primary-server;Memory;1573471249
[1573471250] SERVICE NOTIFICATION: nagiosadmin;primary-server;Memory;OK;notify-service-by-email;OK - 92.5% (22666428 kB) free.
[1573471250] SERVICE ALERT: primary-server;Memory;OK;HARD;1;OK - 92.5% (22666428 kB) free.
[1573471253] EXTERNAL COMMAND: SCHEDULE_FORCED_SVC_CHECK;primary-server;Memory;1573471252
[1573471260] EXTERNAL COMMAND: SCHEDULE_FORCED_SVC_CHECK;primary-server;Memory;1573471259
[1573471688] SERVICE ALERT: pservercluster1;Memory;CRITICAL;SOFT;1;CRITICAL - 0.8% (202788 kB) free!
[1573471809] SERVICE ALERT: pservercluster1;Memory;CRITICAL;SOFT;2;CRITICAL - 0.8% (192376 kB) free!
[1573471929] SERVICE ALERT: pservercluster1;Memory;OK;HARD;1;OK - 34.1% (8422180 kB) free.
[1573472027] Auto-save of retention data completed successfully.
[1573472191] SERVICE ALERT: sig6-vm2;Memory;WARNING;SOFT;1;WARNING - 17.3% (3886088 kB) free!
[1573472311] SERVICE ALERT: sig6-vm2;Memory;WARNING;SOFT;2;WARNING - 16.2% (3639164 kB) free!
[1573472378] SERVICE ALERT: sigqscluster1;Memory;CRITICAL;SOFT;1;CRITICAL - 0.5% (247020 kB) free!
[1573472431] SERVICE NOTIFICATION: nagiosadmin;sig6-vm2;Memory;WARNING;notify-service-by-email;WARNING - 15.0% (3363364 kB) free!
[1573472431] SERVICE ALERT: sig6-vm2;Memory;WARNING;HARD;3;WARNING - 15.0% (3363364 kB) free!
[1573472498] SERVICE ALERT: sigqscluster1;Memory;CRITICAL;SOFT;2;CRITICAL - 0.4% (213240 kB) free!
[1573472529] SERVICE ALERT: pservercluster1;Memory;CRITICAL;SOFT;1;CRITICAL - 0.8% (194188 kB) free!
[1573472618] SERVICE NOTIFICATION: nagiosadmin;sigqscluster1;Memory;CRITICAL;notify-service-by-email;CRITICAL - 0.5% (241052 kB) free!
[1573472618] SERVICE ALERT: sigqscluster1;Memory;CRITICAL;HARD;3;CRITICAL - 0.5% (241052 kB) free!
[1573472649] SERVICE ALERT: pservercluster1;Memory;CRITICAL;SOFT;2;CRITICAL - 0.7% (180324 kB) free!
[1573472769] SERVICE ALERT: pservercluster1;Memory;CRITICAL;HARD;3;CRITICAL - 0.8% (189512 kB) free!
[1573473031] SERVICE NOTIFICATION: nagiosadmin;sig6-vm2;Memory;CRITICAL;notify-service-by-email;CRITICAL - 7.8% (1762620 kB) free!
[1573473031] SERVICE ALERT: sig6-vm2;Memory;CRITICAL;HARD;3;CRITICAL - 7.8% (1762620 kB) free!
[1573473130] SERVICE ALERT: webservercluster1;CPU_Procs;WARNING;SOFT;1;CPU WARNING: 1 warn out of 338 processes
[1573473181] SERVICE ALERT: redis-2;Memory;WARNING;SOFT;1;WARNING - 12.2% (16129136 kB) free!
[1573473251] SERVICE ALERT: webservercluster1;CPU_Procs;OK;HARD;1;CPU OK: 336 processes
[1573473301] SERVICE ALERT: redis-2;Memory;OK;HARD;1;OK - 27.3% (35965592 kB) free.
[1573474231] SERVICE NOTIFICATION: nagiosadmin;sig6-vm2;Memory;OK;notify-service-by-email;OK - 52.7% (11842832 kB) free.
[1573474231] SERVICE ALERT: sig6-vm2;Memory;OK;HARD;1;OK - 52.7% (11842832 kB) free.
[1573474290] SERVICE NOTIFICATION: nagiosadmin;sig4-vm2;CPU_Procs;CRITICAL;notify-service-by-email;CPU CRITICAL: 1 crit, 0 warn out of 229 processes
[1573475627] Auto-save of retention data completed successfully.
[1573475701] SERVICE ALERT: redis-2;Memory;WARNING;SOFT;1;WARNING - 12.6% (16667600 kB) free!
[1573475821] SERVICE ALERT: redis-2;Memory;OK;HARD;1;OK - 26.0% (34263904 kB) free.
[1573476090] SERVICE NOTIFICATION: nagiosadmin;sig4-vm2;CPU_Procs;OK;notify-service-by-email;CPU OK: 236 processes
[1573476090] SERVICE ALERT: sig4-vm2;CPU_Procs;OK;HARD;1;CPU OK: 236 processes
[1573476218] SERVICE NOTIFICATION: nagiosadmin;sigqscluster1;Memory;CRITICAL;notify-service-by-email;CRITICAL - 0.5% (239252 kB) free!
[1573476617] SERVICE ALERT: sservercluster1;Memory;WARNING;SOFT;1;WARNING - 19.2% (4705220 kB) free!
[1573476690] SERVICE ALERT: sig4-vm2;CPU_Procs;CRITICAL;SOFT;1;CPU CRITICAL: 1 crit, 0 warn out of 234 processes
[1573476737] SERVICE ALERT: sservercluster1;Memory;WARNING;SOFT;2;WARNING - 18.7% (4590852 kB) free!
[1573476810] SERVICE ALERT: sig4-vm2;CPU_Procs;CRITICAL;SOFT;2;CPU CRITICAL: 1 crit, 0 warn out of 233 processes
[1573476857] SERVICE NOTIFICATION: nagiosadmin;sservercluster1;Memory;WARNING;notify-service-by-email;WARNING - 18.0% (4423184 kB) free!
[1573476857] SERVICE ALERT: sservercluster1;Memory;WARNING;HARD;3;WARNING - 18.0% (4423184 kB) free!
[1573476930] SERVICE FLAPPING ALERT: sig4-vm2;CPU_Procs;STARTED; Service appears to have started flapping (20.5% change >= 20.0% threshold)
[1573476930] SERVICE ALERT: sig4-vm2;CPU_Procs;CRITICAL;HARD;3;CPU CRITICAL: 1 crit, 0 warn out of 237 processes
[1573478821] SERVICE ALERT: redis-2;Memory;WARNING;SOFT;1;WARNING - 11.8% (15525972 kB) free!
[1573478941] SERVICE ALERT: redis-2;Memory;OK;HARD;1;OK - 24.6% (32455512 kB) free.
[1573479227] Auto-save of retention data completed successfully.
[1573479258] SERVICE NOTIFICATION: nagiosadmin;sservercluster1;Memory;CRITICAL;notify-service-by-email;CRITICAL - 7.6% (1860900 kB) free!
[1573479258] SERVICE ALERT: sservercluster1;Memory;CRITICAL;HARD;3;CRITICAL - 7.6% (1860900 kB) free!
[1573479818] SERVICE NOTIFICATION: nagiosadmin;sigqscluster1;Memory;CRITICAL;notify-service-by-email;CRITICAL - 0.5% (241404 kB) free!
[1573480012] SERVICE ALERT: primary-server;Current Users;WARNING;SOFT;1;USERS WARNING - 6 users currently logged in
[1573480132] SERVICE ALERT: primary-server;Current Users;WARNING;SOFT;2;USERS WARNING - 6 users currently logged in
[1573480252] SERVICE NOTIFICATION: nagiosadmin;primary-server;Current Users;WARNING;notify-service-by-email;USERS WARNING - 6 users currently logged in
[1573480252] SERVICE ALERT: primary-server;Current Users;WARNING;HARD;3;USERS WARNING - 6 users currently logged in
[1573480530] SERVICE ALERT: sig4-vm2;CPU_Procs;OK;HARD;1;CPU OK: 229 processes
[1573480741] SERVICE ALERT: redis-2;Memory;WARNING;SOFT;1;WARNING - 10.8% (14225772 kB) free!
[1573480861] SERVICE ALERT: redis-2;Memory;OK;HARD;1;OK - 23.7% (31306040 kB) free.
[1573481769] SERVICE FLAPPING ALERT: pservercluster1;Memory;STOPPED; Service appears to have stopped flapping (4.3% change < 5.0% threshold)
[1573481769] SERVICE NOTIFICATION: nagiosadmin;pservercluster1;Memory;CRITICAL;notify-service-by-email;CRITICAL - 0.8% (194496 kB) free!
[1573482827] Auto-save of retention data completed successfully.
[1573482858] SERVICE NOTIFICATION: nagiosadmin;sservercluster1;Memory;CRITICAL;notify-service-by-email;CRITICAL - 0.7% (179348 kB) free!
[1573482930] SERVICE ALERT: sig4-vm2;CPU_Procs;WARNING;SOFT;1;CPU WARNING: 1 warn out of 223 processes
[1573483050] SERVICE ALERT: sig4-vm2;CPU_Procs;WARNING;SOFT;2;CPU WARNING: 1 warn out of 223 processes
[1573483170] SERVICE ALERT: sig4-vm2;CPU_Procs;WARNING;HARD;3;CPU WARNING: 1 warn out of 227 processes
[1573483418] SERVICE NOTIFICATION: nagiosadmin;sigqscluster1;Memory;CRITICAL;notify-service-by-email;CRITICAL - 0.4% (217052 kB) free!
[1573483771] SERVICE ALERT: sig4-vm2;CPU_Procs;OK;HARD;1;CPU OK: 224 processes
[1573483852] SERVICE NOTIFICATION: nagiosadmin;primary-server;Current Users;WARNING;notify-service-by-email;USERS WARNING - 6 users currently logged in
[1573484556] SERVICE ALERT: redis-1;CPU_Procs;WARNING;SOFT;1;CPU WARNING: 1 warn out of 402 processes
[1573484676] SERVICE ALERT: redis-1;CPU_Procs;OK;HARD;1;CPU OK: 400 processes
[1573485369] SERVICE NOTIFICATION: nagiosadmin;pservercluster1;Memory;CRITICAL;notify-service-by-email;CRITICAL - 0.8% (188708 kB) free!
[1573485661] SERVICE ALERT: redis-2;Memory;WARNING;SOFT;1;WARNING - 19.5% (25677492 kB) free!
[1573485781] SERVICE ALERT: redis-2;Memory;OK;HARD;1;OK - 31.7% (41822628 kB) free.
[1573486427] Auto-save of retention data completed successfully.
[1573486458] SERVICE NOTIFICATION: nagiosadmin;sservercluster1;Memory;CRITICAL;notify-service-by-email;CRITICAL - 0.7% (168384 kB) free!
[1573487018] SERVICE NOTIFICATION: nagiosadmin;sigqscluster1;Memory;CRITICAL;notify-service-by-email;CRITICAL - 0.4% (211668 kB) free!
[1573487452] SERVICE NOTIFICATION: nagiosadmin;primary-server;Current Users;WARNING;notify-service-by-email;USERS WARNING - 6 users currently logged in
[1573487581] SERVICE ALERT: redis-2;Memory;WARNING;SOFT;1;WARNING - 19.3% (25505652 kB) free!
[1573487701] SERVICE ALERT: redis-2;Memory;OK;HARD;1;OK - 31.6% (41661696 kB) free.
[1573488519] SERVICE ALERT: pservercluster2;Memory;CRITICAL;SOFT;1;CRITICAL - 5.6% (1368648 kB) free!
[1573488639] SERVICE ALERT: pservercluster2;Memory;CRITICAL;SOFT;2;CRITICAL - 0.7% (180040 kB) free!
[1573488759] SERVICE NOTIFICATION: nagiosadmin;pservercluster2;Memory;CRITICAL;notify-service-by-email;CRITICAL - 0.8% (187216 kB) free!
[1573488759] SERVICE ALERT: pservercluster2;Memory;CRITICAL;HARD;3;CRITICAL - 0.8% (187216 kB) free!
[1573488969] SERVICE NOTIFICATION: nagiosadmin;pservercluster1;Memory;CRITICAL;notify-service-by-email;CRITICAL - 0.8% (191244 kB) free!
[1573490027] Auto-save of retention data completed successfully.
[1573490058] SERVICE NOTIFICATION: nagiosadmin;sservercluster1;Memory;CRITICAL;notify-service-by-email;CRITICAL - 0.7% (167200 kB) free!
[1573490619] SERVICE NOTIFICATION: nagiosadmin;sigqscluster1;Memory;CRITICAL;notify-service-by-email;CRITICAL - 0.5% (233720 kB) free!
[1573490676] SERVICE ALERT: redis-1;CPU_Procs;WARNING;SOFT;1;CPU WARNING: 1 warn out of 401 processes
[1573490796] SERVICE ALERT: redis-1;CPU_Procs;OK;HARD;1;CPU OK: 399 processes
[1573491052] SERVICE NOTIFICATION: nagiosadmin;primary-server;Current Users;WARNING;notify-service-by-email;USERS WARNING - 6 users currently logged in
[1573491761] SERVICE ALERT: pservercluster2;Total Processes;CRITICAL;SOFT;1;PROCS CRITICAL: 1325 processes
[1573491881] SERVICE ALERT: pservercluster2;Total Processes;CRITICAL;SOFT;2;PROCS CRITICAL: 1325 processes
[1573492002] SERVICE ALERT: pservercluster2;Total Processes;OK;HARD;1;PROCS OK: 363 processes
[1573492359] SERVICE NOTIFICATION: nagiosadmin;pservercluster2;Memory;CRITICAL;notify-service-by-email;CRITICAL - 0.8% (189800 kB) free!
[1573492570] SERVICE NOTIFICATION: nagiosadmin;pservercluster1;Memory;CRITICAL;notify-service-by-email;CRITICAL - 0.8% (191156 kB) free!
[1573492596] SERVICE ALERT: redis-1;CPU_Procs;WARNING;SOFT;1;CPU WARNING: 1 warn out of 401 processes
[1573492716] SERVICE ALERT: redis-1;CPU_Procs;OK;HARD;1;CPU OK: 399 processes
[1573493627] Auto-save of retention data completed successfully.
[1573493658] SERVICE NOTIFICATION: nagiosadmin;sservercluster1;Memory;CRITICAL;notify-service-by-email;CRITICAL - 0.8% (185224 kB) free!
[1573494231] SERVICE ALERT: smscapp2;Memory;WARNING;SOFT;1;WARNING - 16.8% (8259172 kB) free!
[1573494304] SERVICE ALERT: redis-1;Memory;WARNING;SOFT;1;WARNING - 12.6% (16603508 kB) free!
[1573494351] SERVICE ALERT: smscapp2;Memory;WARNING;SOFT;2;WARNING - 16.7% (8240948 kB) free!
[1573494424] SERVICE ALERT: redis-1;Memory;WARNING;SOFT;2;WARNING - 13.5% (17854720 kB) free!
[1573494471] SERVICE NOTIFICATION: nagiosadmin;smscapp2;Memory;WARNING;notify-service-by-email;WARNING - 16.7% (8214348 kB) free!
[1573494471] SERVICE ALERT: smscapp2;Memory;WARNING;HARD;3;WARNING - 16.7% (8214348 kB) free!
[1573494545] SERVICE NOTIFICATION: nagiosadmin;redis-1;Memory;WARNING;notify-service-by-email;WARNING - 13.5% (17848536 kB) free!
[1573494545] SERVICE ALERT: redis-1;Memory;WARNING;HARD;3;WARNING - 13.5% (17848536 kB) free!
[1573494652] SERVICE NOTIFICATION: nagiosadmin;primary-server;Current Users;WARNING;notify-service-by-email;USERS WARNING - 6 users currently logged in
[1573494818] SERVICE NOTIFICATION: nagiosadmin;sigqscluster1;Memory;CRITICAL;notify-service-by-email;CRITICAL - 0.5% (257864 kB) free!
[1573495171] SERVICE FLAPPING ALERT: sig4-vm2;CPU_Procs;STOPPED; Service appears to have stopped flapping (3.8% change < 5.0% threshold)
[1573495171] SERVICE NOTIFICATION: nagiosadmin;sig4-vm2;CPU_Procs;OK;notify-service-by-email;CPU OK: 225 processes
[1573495959] SERVICE NOTIFICATION: nagiosadmin;pservercluster2;Memory;CRITICAL;notify-service-by-email;CRITICAL - 0.7% (181124 kB) free!
[1573496769] SERVICE NOTIFICATION: nagiosadmin;pservercluster1;Memory;CRITICAL;notify-service-by-email;CRITICAL - 0.8% (193112 kB) free!
