[1577125800] LOG ROTATION: DAILY
[1577125800] LOG VERSION: 2.0
[1577125800] CURRENT HOST STATE: db1-vm2;UP;HARD;1;PING OK - Packet loss = 0%, RTA = 0.44 ms
[1577125800] CURRENT HOST STATE: db2;UP;HARD;1;PING OK - Packet loss = 0%, RTA = 0.37 ms
[1577125800] CURRENT HOST STATE: primary-server;UP;HARD;1;PING OK - Packet loss = 0%, RTA = 0.45 ms
[1577125800] CURRENT HOST STATE: pservercluster1;UP;HARD;1;PING OK - Packet loss = 0%, RTA = 0.40 ms
[1577125800] CURRENT HOST STATE: pservercluster2;UP;HARD;1;PING OK - Packet loss = 0%, RTA = 0.35 ms
[1577125800] CURRENT HOST STATE: qservercluster1;UP;HARD;1;PING OK - Packet loss = 0%, RTA = 0.35 ms
[1577125800] CURRENT HOST STATE: qservercluster2;UP;HARD;1;PING OK - Packet loss = 0%, RTA = 0.32 ms
[1577125800] CURRENT HOST STATE: redis-1;UP;HARD;1;PING OK - Packet loss = 0%, RTA = 0.34 ms
[1577125800] CURRENT HOST STATE: redis-2;UP;HARD;1;PING OK - Packet loss = 0%, RTA = 0.31 ms
[1577125800] CURRENT HOST STATE: rq-1;UP;HARD;1;PING OK - Packet loss = 0%, RTA = 0.24 ms
[1577125800] CURRENT HOST STATE: rq-2;UP;HARD;1;PING OK - Packet loss = 0%, RTA = 0.27 ms
[1577125800] CURRENT HOST STATE: secondary-server;UP;HARD;1;PING OK - Packet loss = 0%, RTA = 0.38 ms
[1577125800] CURRENT HOST STATE: sig1-vm2;UP;HARD;1;PING OK - Packet loss = 0%, RTA = 0.61 ms
[1577125800] CURRENT HOST STATE: sig2-vm2;UP;HARD;1;PING OK - Packet loss = 0%, RTA = 0.45 ms
[1577125800] CURRENT HOST STATE: sig3-vm2;UP;HARD;1;PING OK - Packet loss = 0%, RTA = 0.45 ms
[1577125800] CURRENT HOST STATE: sig4-vm2;UP;HARD;1;PING OK - Packet loss = 0%, RTA = 0.61 ms
[1577125800] CURRENT HOST STATE: sig5-vm2;UP;HARD;1;PING OK - Packet loss = 0%, RTA = 0.50 ms
[1577125800] CURRENT HOST STATE: sig6-vm2;UP;HARD;1;PING OK - Packet loss = 0%, RTA = 0.46 ms
[1577125800] CURRENT HOST STATE: sigqscluster1;UP;HARD;1;PING OK - Packet loss = 0%, RTA = 0.43 ms
[1577125800] CURRENT HOST STATE: sigqscluster2;UP;HARD;1;PING OK - Packet loss = 0%, RTA = 0.31 ms
[1577125800] CURRENT HOST STATE: smscapp1;UP;HARD;1;PING OK - Packet loss = 0%, RTA = 0.28 ms
[1577125800] CURRENT HOST STATE: smscapp2;UP;HARD;1;PING OK - Packet loss = 0%, RTA = 0.31 ms
[1577125800] CURRENT HOST STATE: sservercluster1;UP;HARD;1;PING OK - Packet loss = 0%, RTA = 0.29 ms
[1577125800] CURRENT HOST STATE: sservercluster2;UP;HARD;1;PING OK - Packet loss = 0%, RTA = 0.40 ms
[1577125800] CURRENT HOST STATE: webserver1;UP;HARD;1;PING OK - Packet loss = 0%, RTA = 0.49 ms
[1577125800] CURRENT HOST STATE: webserver2;UP;HARD;1;PING OK - Packet loss = 0%, RTA = 0.06 ms
[1577125800] CURRENT HOST STATE: webservercluster1;UP;HARD;1;PING OK - Packet loss = 0%, RTA = 0.43 ms
[1577125800] CURRENT HOST STATE: webservercluster2;UP;HARD;1;PING OK - Packet loss = 0%, RTA = 0.32 ms
[1577125800] CURRENT SERVICE STATE: db1-vm2;CPU Load;OK;HARD;1;OK - load average: 0.98, 0.83, 0.79
[1577125800] CURRENT SERVICE STATE: db1-vm2;CPU_Procs;OK;HARD;1;CPU OK: 461 processes
[1577125800] CURRENT SERVICE STATE: db1-vm2;Current Users;OK;HARD;1;USERS OK - 0 users currently logged in
[1577125800] CURRENT SERVICE STATE: db1-vm2;HDD_Home status;OK;HARD;1;DISK OK - free space: /home 26771 MB (67% inode=99%):
[1577125800] CURRENT SERVICE STATE: db1-vm2;HDD_Root status;OK;HARD;1;DISK OK - free space: / 43572 MB (85% inode=99%):
[1577125800] CURRENT SERVICE STATE: db1-vm2;Memory;OK;HARD;1;OK - 88.5% (21839364 kB) free.
[1577125800] CURRENT SERVICE STATE: db1-vm2;OutOfMemory-killer--oom-killer;OK;HARD;1;Log check ok - 0 pattern matches found
[1577125800] CURRENT SERVICE STATE: db1-vm2;PING;OK;HARD;1;PING OK - Packet loss = 0%, RTA = 0.05 ms
[1577125800] CURRENT SERVICE STATE: db1-vm2;Total Processes;OK;HARD;1;PROCS OK: 461 processes
[1577125800] CURRENT SERVICE STATE: db2;CPU Load;OK;HARD;1;OK - load average: 0.00, 0.01, 0.05
[1577125800] CURRENT SERVICE STATE: db2;CPU_Procs;OK;HARD;1;CPU OK: 328 processes
[1577125800] CURRENT SERVICE STATE: db2;Current Users;OK;HARD;1;USERS OK - 2 users currently logged in
[1577125800] CURRENT SERVICE STATE: db2;HDD_Home status;OK;HARD;1;DISK OK - free space: /home 90216 MB (40% inode=99%):
[1577125800] CURRENT SERVICE STATE: db2;HDD_Root status;OK;HARD;1;DISK OK - free space: / 44471 MB (86% inode=99%):
[1577125800] CURRENT SERVICE STATE: db2;LocalService-NTPD SERVICE;OK;HARD;1;PROCS OK: 1 process with command name 'ntpd'
[1577125800] CURRENT SERVICE STATE: db2;Mariadb status;OK;HARD;1;PROCS OK: 1 process with command name 'mysqld'
[1577125800] CURRENT SERVICE STATE: db2;Memory;OK;HARD;1;OK - 55.9% (27537476 kB) free.
[1577125800] CURRENT SERVICE STATE: db2;Sensors Status;OK;HARD;1;SENSORS OK
[1577125800] CURRENT SERVICE STATE: db2;Total Processes;OK;HARD;1;PROCS OK: 327 processes
[1577125800] CURRENT SERVICE STATE: primary-server;CPU Load;OK;HARD;1;OK - load average: 0.05, 0.05, 0.08
[1577125800] CURRENT SERVICE STATE: primary-server;CPU_Procs;OK;HARD;1;CPU OK: 346 processes
[1577125800] CURRENT SERVICE STATE: primary-server;Current Users;OK;HARD;1;USERS OK - 3 users currently logged in
[1577125800] CURRENT SERVICE STATE: primary-server;HDD_Home status;OK;HARD;1;DISK OK - free space: /home 125239 MB (55% inode=99%):
[1577125800] CURRENT SERVICE STATE: primary-server;HDD_Root status;OK;HARD;1;DISK OK - free space: / 30066 MB (58% inode=99%):
[1577125800] CURRENT SERVICE STATE: primary-server;LocalService-NTPD SERVICE;OK;HARD;1;PROCS OK: 1 process with command name 'ntpd'
[1577125800] CURRENT SERVICE STATE: primary-server;Memory;OK;HARD;1;OK - 60.7% (14871260 kB) free.
[1577125800] CURRENT SERVICE STATE: primary-server;Nginx Access Log Status;OK;HARD;1;Log check ok - 0 pattern matches found
[1577125800] CURRENT SERVICE STATE: primary-server;Nginx Error Log Status;CRITICAL;HARD;3;(6) < 2019/12/23 23:55:45 [error] 20756#0: *19432453 connect() failed (111: Connection refused) while connecting to upstream, client: 183.82.105.122, server: 0.0.0.0:3000, upstream: "10.147.212.154:3000", bytes from/to client:0/0, bytes from/to upstream:0/0
[1577125800] CURRENT SERVICE STATE: primary-server;Nginx Status;OK;HARD;1;NGINX OK -  0.089 sec. response time, Active: 0 (Writing: 0 Reading: 0 Waiting: 0) ReqPerSec: 0.000 ConnPerSec: 0.000 ReqPerConn: 0.000
[1577125800] CURRENT SERVICE STATE: primary-server;Sensors Status;OK;HARD;1;SENSORS OK
[1577125800] CURRENT SERVICE STATE: primary-server;Total Processes;OK;HARD;1;PROCS OK: 345 processes
[1577125800] CURRENT SERVICE STATE: pservercluster1;CPU Load;OK;HARD;1;OK - load average: 0.34, 0.42, 0.48
[1577125800] CURRENT SERVICE STATE: pservercluster1;CPU_Procs;OK;HARD;1;CPU OK: 372 processes
[1577125800] CURRENT SERVICE STATE: pservercluster1;Current Users;OK;HARD;1;USERS OK - 9 users currently logged in
[1577125800] CURRENT SERVICE STATE: pservercluster1;HDD_Home status;OK;HARD;1;DISK OK - free space: /home 183079 MB (82% inode=99%):
[1577125800] CURRENT SERVICE STATE: pservercluster1;HDD_Root status;OK;HARD;1;DISK OK - free space: / 39513 MB (77% inode=99%):
[1577125800] CURRENT SERVICE STATE: pservercluster1;LocalService-NTPD SERVICE;OK;HARD;1;PROCS OK: 1 process with command name 'ntpd'
[1577125800] CURRENT SERVICE STATE: pservercluster1;Memory;OK;HARD;1;OK - 63.4% (15643448 kB) free.
[1577125800] CURRENT SERVICE STATE: pservercluster1;Sensors Status;OK;HARD;1;SENSORS OK
[1577125800] CURRENT SERVICE STATE: pservercluster1;Total Processes;OK;HARD;1;PROCS OK: 378 processes
[1577125800] CURRENT SERVICE STATE: pservercluster2;CPU Load;OK;HARD;1;OK - load average: 1.00, 1.08, 1.12
[1577125800] CURRENT SERVICE STATE: pservercluster2;CPU_Procs;OK;HARD;1;CPU OK: 359 processes
[1577125800] CURRENT SERVICE STATE: pservercluster2;Current Users;OK;HARD;1;USERS OK - 5 users currently logged in
[1577125800] CURRENT SERVICE STATE: pservercluster2;HDD_Home status;OK;HARD;1;DISK OK - free space: /home 155522 MB (69% inode=99%):
[1577125800] CURRENT SERVICE STATE: pservercluster2;HDD_Root status;OK;HARD;1;DISK OK - free space: / 37463 MB (73% inode=98%):
[1577125800] CURRENT SERVICE STATE: pservercluster2;LocalService-NTPD SERVICE;OK;HARD;1;PROCS OK: 1 process with command name 'ntpd'
[1577125800] CURRENT SERVICE STATE: pservercluster2;Memory;OK;HARD;1;OK - 51.8% (12692592 kB) free.
[1577125800] CURRENT SERVICE STATE: pservercluster2;Sensors Status;OK;HARD;1;SENSORS OK
[1577125800] CURRENT SERVICE STATE: pservercluster2;Total Processes;OK;HARD;1;PROCS OK: 361 processes
[1577125800] CURRENT SERVICE STATE: qservercluster1;CPU Load;OK;HARD;1;OK - load average: 5.00, 5.44, 5.79
[1577125800] CURRENT SERVICE STATE: qservercluster1;CPU_Procs;OK;HARD;1;CPU OK: 333 processes
[1577125800] CURRENT SERVICE STATE: qservercluster1;Current Users;OK;HARD;1;USERS OK - 1 users currently logged in
[1577125800] CURRENT SERVICE STATE: qservercluster1;HDD_Home status;OK;HARD;1;DISK OK - free space: /home 224641 MB (99% inode=99%):
[1577125800] CURRENT SERVICE STATE: qservercluster1;HDD_Root status;OK;HARD;1;DISK OK - free space: / 44440 MB (86% inode=99%):
[1577125800] CURRENT SERVICE STATE: qservercluster1;LocalService-NTPD SERVICE;OK;HARD;1;PROCS OK: 1 process with command name 'ntpd'
[1577125800] CURRENT SERVICE STATE: qservercluster1;Memory;OK;HARD;1;OK - 88.8% (43736316 kB) free.
[1577125800] CURRENT SERVICE STATE: qservercluster1;Sensors Status;OK;HARD;1;SENSORS OK
[1577125800] CURRENT SERVICE STATE: qservercluster1;Total Processes;OK;HARD;1;PROCS OK: 330 processes
[1577125800] CURRENT SERVICE STATE: qservercluster2;CPU Load;OK;HARD;1;OK - load average: 1.82, 1.89, 2.06
[1577125800] CURRENT SERVICE STATE: qservercluster2;CPU_Procs;OK;HARD;1;CPU OK: 537 processes
[1577125800] CURRENT SERVICE STATE: qservercluster2;Current Users;OK;HARD;1;USERS OK - 4 users currently logged in
[1577125800] CURRENT SERVICE STATE: qservercluster2;HDD_Home status;OK;HARD;1;DISK OK - free space: /home 102796 MB (45% inode=99%):
[1577125800] CURRENT SERVICE STATE: qservercluster2;HDD_Root status;OK;HARD;1;DISK OK - free space: / 26993 MB (52% inode=98%):
[1577125800] CURRENT SERVICE STATE: qservercluster2;LocalService-NTPD SERVICE;OK;HARD;1;PROCS OK: 1 process with command name 'ntpd'
[1577125800] CURRENT SERVICE STATE: qservercluster2;Memory;OK;HARD;1;OK - 87.7% (43236572 kB) free.
[1577125800] CURRENT SERVICE STATE: qservercluster2;Sensors Status;OK;HARD;1;SENSORS OK
[1577125800] CURRENT SERVICE STATE: qservercluster2;Total Processes;OK;HARD;1;PROCS OK: 537 processes
[1577125800] CURRENT SERVICE STATE: redis-1;CPU Load;OK;HARD;1;OK - load average: 0.62, 0.55, 0.58
[1577125800] CURRENT SERVICE STATE: redis-1;CPU_Procs;OK;HARD;1;CPU OK: 401 processes
[1577125800] CURRENT SERVICE STATE: redis-1;Current Users;OK;HARD;1;USERS OK - 1 users currently logged in
[1577125800] CURRENT SERVICE STATE: redis-1;HDD_Home status;OK;HARD;1;DISK OK - free space: /home 369391 MB (98% inode=99%):
[1577125800] CURRENT SERVICE STATE: redis-1;HDD_Root status;OK;HARD;1;DISK OK - free space: / 45254 MB (88% inode=99%):
[1577125800] CURRENT SERVICE STATE: redis-1;HDD_VNS1 status;OK;HARD;1;DISK OK - free space: /vns1 367774 MB (34% inode=99%):
[1577125800] CURRENT SERVICE STATE: redis-1;LocalService-NTPD SERVICE;OK;HARD;1;PROCS OK: 1 process with command name 'ntpd'
[1577125800] CURRENT SERVICE STATE: redis-1;Memory;OK;HARD;1;OK - 70.8% (93386664 kB) free.
[1577125800] CURRENT SERVICE STATE: redis-1;Sensors Status;OK;HARD;1;SENSORS OK
[1577125800] CURRENT SERVICE STATE: redis-1;Total Processes;OK;HARD;1;PROCS OK: 402 processes
[1577125800] CURRENT SERVICE STATE: redis-2;CPU Load;OK;HARD;1;OK - load average: 0.94, 0.89, 1.04
[1577125800] CURRENT SERVICE STATE: redis-2;CPU_Procs;OK;HARD;1;CPU OK: 380 processes
[1577125800] CURRENT SERVICE STATE: redis-2;Current Users;OK;HARD;1;USERS OK - 2 users currently logged in
[1577125800] CURRENT SERVICE STATE: redis-2;HDD_Home status;OK;HARD;1;DISK OK - free space: /home 328790 MB (88% inode=99%):
[1577125800] CURRENT SERVICE STATE: redis-2;HDD_Root status;OK;HARD;1;DISK OK - free space: / 45305 MB (88% inode=99%):
[1577125800] CURRENT SERVICE STATE: redis-2;HDD_VNS1 status;OK;HARD;1;DISK OK - free space: /vns1 1069171 MB (99% inode=99%):
[1577125800] CURRENT SERVICE STATE: redis-2;LocalService-NTPD SERVICE;OK;HARD;1;PROCS OK: 1 process with command name 'ntpd'
[1577125800] CURRENT SERVICE STATE: redis-2;Memory;OK;HARD;1;OK - 42.5% (56081900 kB) free.
[1577125800] CURRENT SERVICE STATE: redis-2;Sensors Status;OK;HARD;1;SENSORS OK
[1577125800] CURRENT SERVICE STATE: redis-2;Total Processes;OK;HARD;1;PROCS OK: 380 processes
[1577125800] CURRENT SERVICE STATE: rq-1;CPU Load;OK;HARD;1;OK - load average: 14.85, 14.71, 15.20
[1577125800] CURRENT SERVICE STATE: rq-1;CPU_Procs;OK;HARD;1;CPU OK: 356 processes
[1577125800] CURRENT SERVICE STATE: rq-1;Current Users;OK;HARD;1;USERS OK - 0 users currently logged in
[1577125800] CURRENT SERVICE STATE: rq-1;HDD_Home status;OK;HARD;1;DISK OK - free space: /home 400998 MB (99% inode=99%):
[1577125800] CURRENT SERVICE STATE: rq-1;HDD_Root status;OK;HARD;1;DISK OK - free space: / 42599 MB (83% inode=99%):
[1577125800] CURRENT SERVICE STATE: rq-1;HDD_VNS1 status;OK;HARD;1;DISK OK - free space: /rq1vns1 1068147 MB (99% inode=99%):
[1577125800] CURRENT SERVICE STATE: rq-1;LocalService-NTPD SERVICE;OK;HARD;1;PROCS OK: 1 process with command name 'ntpd'
[1577125800] CURRENT SERVICE STATE: rq-1;Memory;OK;HARD;1;OK - 81.5% (107380500 kB) free.
[1577125800] CURRENT SERVICE STATE: rq-1;Total Processes;OK;HARD;1;PROCS OK: 356 processes
[1577125800] CURRENT SERVICE STATE: rq-1;rq1-rabbitmqerror;OK;HARD;1;Log check ok - 0 pattern matches found
[1577125800] CURRENT SERVICE STATE: rq-2;CPU Load;OK;HARD;1;OK - load average: 13.79, 13.81, 14.66
[1577125800] CURRENT SERVICE STATE: rq-2;CPU_Procs;OK;HARD;1;CPU OK: 389 processes
[1577125800] CURRENT SERVICE STATE: rq-2;Current Users;OK;HARD;1;USERS OK - 1 users currently logged in
[1577125800] CURRENT SERVICE STATE: rq-2;HDD_Home status;OK;HARD;1;DISK OK - free space: /home 401206 MB (99% inode=99%):
[1577125800] CURRENT SERVICE STATE: rq-2;HDD_Root status;OK;HARD;1;DISK OK - free space: / 45520 MB (88% inode=99%):
[1577125800] CURRENT SERVICE STATE: rq-2;HDD_VNS1 status;OK;HARD;1;DISK OK - free space: /dev 64349 MB (100% inode=99%):
[1577125800] CURRENT SERVICE STATE: rq-2;LocalService-NTPD SERVICE;OK;HARD;1;PROCS OK: 2 processes with command name 'ntpd'
[1577125800] CURRENT SERVICE STATE: rq-2;Memory;OK;HARD;1;OK - 92.4% (121857780 kB) free.
[1577125800] CURRENT SERVICE STATE: rq-2;Total Processes;OK;HARD;1;PROCS OK: 391 processes
[1577125800] CURRENT SERVICE STATE: rq-2;rq2-rabbitmqerror;OK;HARD;1;Log check ok - 0 pattern matches found
[1577125800] CURRENT SERVICE STATE: secondary-server;CPU Load;OK;HARD;1;OK - load average: 0.56, 0.20, 0.10
[1577125800] CURRENT SERVICE STATE: secondary-server;CPU_Procs;OK;HARD;1;CPU OK: 343 processes
[1577125800] CURRENT SERVICE STATE: secondary-server;Current Users;OK;HARD;1;USERS OK - 3 users currently logged in
[1577125800] CURRENT SERVICE STATE: secondary-server;HDD_Home status;OK;HARD;1;DISK OK - free space: /home 99847 MB (44% inode=99%):
[1577125800] CURRENT SERVICE STATE: secondary-server;HDD_Root status;OK;HARD;1;DISK OK - free space: / 37228 MB (72% inode=99%):
[1577125800] CURRENT SERVICE STATE: secondary-server;LocalService-NTPD SERVICE;OK;HARD;1;PROCS OK: 1 process with command name 'ntpd'
[1577125800] CURRENT SERVICE STATE: secondary-server;Memory Status;OK;HARD;1;OK - 53.8% (13176824 kB) free.
[1577125800] CURRENT SERVICE STATE: secondary-server;Nginx Access Log Status;OK;HARD;1;Log check ok - 0 pattern matches found
[1577125800] CURRENT SERVICE STATE: secondary-server;Nginx Error Log Status;OK;HARD;1;Log check ok - 0 pattern matches found
[1577125800] CURRENT SERVICE STATE: secondary-server;Nginx Status;OK;HARD;1;NGINX OK -  0.087 sec. response time, Active: 0 (Writing: 0 Reading: 0 Waiting: 0) ReqPerSec: 0.000 ConnPerSec: 0.000 ReqPerConn: 0.000
[1577125800] CURRENT SERVICE STATE: secondary-server;Sensors Status;OK;HARD;1;SENSORS OK
[1577125800] CURRENT SERVICE STATE: secondary-server;Total Processes;OK;HARD;1;PROCS OK: 343 processes
[1577125800] CURRENT SERVICE STATE: sig1-vm2;CPU Load;OK;HARD;1;OK - load average: 0.00, 0.00, 0.00
[1577125800] CURRENT SERVICE STATE: sig1-vm2;CPU_Procs;OK;HARD;1;CPU OK: 266 processes
[1577125800] CURRENT SERVICE STATE: sig1-vm2;Current Users;OK;HARD;1;USERS OK - 0 users currently logged in
[1577125800] CURRENT SERVICE STATE: sig1-vm2;LocalService-NTPD SERVICE;OK;HARD;1;PROCS OK: 2 processes with command name 'ntpd'
[1577125800] CURRENT SERVICE STATE: sig1-vm2;Memory;OK;HARD;1;OK - 71.7% (11718604 kB) free.
[1577125800] CURRENT SERVICE STATE: sig1-vm2;Root status;OK;HARD;1;DISK OK - free space: / 125237 MB (93% inode=97%):
[1577125800] CURRENT SERVICE STATE: sig1-vm2;Total Processes;OK;HARD;1;PROCS OK: 263 processes
[1577125800] CURRENT SERVICE STATE: sig2-vm2;CPU Load;OK;HARD;1;OK - load average: 0.61, 0.66, 0.74
[1577125800] CURRENT SERVICE STATE: sig2-vm2;CPU_Procs;OK;HARD;1;CPU OK: 456 processes
[1577125800] CURRENT SERVICE STATE: sig2-vm2;Current Users;OK;HARD;1;USERS OK - 0 users currently logged in
[1577125800] CURRENT SERVICE STATE: sig2-vm2;HDD_Root status;OK;HARD;1;DISK OK - free space: / 122981 MB (89% inode=99%):
[1577125800] CURRENT SERVICE STATE: sig2-vm2;LocalService-NTPD SERVICE;OK;HARD;1;PROCS OK: 1 process with command name 'ntpd'
[1577125800] CURRENT SERVICE STATE: sig2-vm2;Memory;OK;HARD;1;OK - 88.5% (30829460 kB) free.
[1577125800] CURRENT SERVICE STATE: sig2-vm2;Total Processes;OK;HARD;1;PROCS OK: 459 processes
[1577125800] CURRENT SERVICE STATE: sig3-vm2;CPU Load;OK;HARD;1;OK - load average: 0.00, 0.00, 0.00
[1577125800] CURRENT SERVICE STATE: sig3-vm2;CPU_Procs;OK;HARD;1;CPU OK: 549 processes
[1577125800] CURRENT SERVICE STATE: sig3-vm2;Current Users;OK;HARD;1;USERS OK - 2 users currently logged in
[1577125800] CURRENT SERVICE STATE: sig3-vm2;HDD_Root status;OK;HARD;1;DISK OK - free space: / 90245 MB (75% inode=96%):
[1577125800] CURRENT SERVICE STATE: sig3-vm2;LocalService-NTPD SERVICE;OK;HARD;1;PROCS OK: 2 processes with command name 'ntpd'
[1577125800] CURRENT SERVICE STATE: sig3-vm2;Memory;OK;HARD;1;OK - 95.9% (22601336 kB) free.
[1577125800] CURRENT SERVICE STATE: sig3-vm2;Total Processes;OK;HARD;1;PROCS OK: 550 processes
[1577125800] CURRENT SERVICE STATE: sig4-vm2;CPU Load;OK;HARD;1;OK - load average: 0.05, 0.05, 0.05
[1577125800] CURRENT SERVICE STATE: sig4-vm2;CPU_Procs;OK;HARD;1;CPU OK: 223 processes
[1577125800] CURRENT SERVICE STATE: sig4-vm2;Current Users;OK;HARD;1;USERS OK - 0 users currently logged in
[1577125800] CURRENT SERVICE STATE: sig4-vm2;HDD_Root status;OK;HARD;1;DISK OK - free space: / 99664 MB (77% inode=99%):
[1577125800] CURRENT SERVICE STATE: sig4-vm2;LocalService-NTPD SERVICE;OK;HARD;1;PROCS OK: 1 process with command name 'ntpd'
[1577125800] CURRENT SERVICE STATE: sig4-vm2;Memory;OK;HARD;1;OK - 89.0% (30993312 kB) free.
[1577125800] CURRENT SERVICE STATE: sig4-vm2;Total Processes;OK;HARD;1;PROCS OK: 223 processes
[1577125800] CURRENT SERVICE STATE: sig5-vm2;CPU Load;OK;HARD;1;OK - load average: 1.05, 0.91, 0.97
[1577125800] CURRENT SERVICE STATE: sig5-vm2;CPU_Procs;OK;HARD;1;CPU OK: 461 processes
[1577125800] CURRENT SERVICE STATE: sig5-vm2;Current Users;OK;HARD;1;USERS OK - 0 users currently logged in
[1577125800] CURRENT SERVICE STATE: sig5-vm2;HDD_Root status;OK;HARD;1;DISK OK - free space: / 230628 MB (91% inode=99%):
[1577125800] CURRENT SERVICE STATE: sig5-vm2;LocalService-NTPD SERVICE;OK;HARD;1;PROCS OK: 1 process with command name 'ntpd'
[1577125800] CURRENT SERVICE STATE: sig5-vm2;Memory;OK;HARD;1;OK - 86.8% (30409304 kB) free.
[1577125800] CURRENT SERVICE STATE: sig5-vm2;Total Processes;OK;HARD;1;PROCS OK: 461 processes
[1577125800] CURRENT SERVICE STATE: sig6-vm2;CPU Load;OK;HARD;1;OK - load average: 1.56, 1.14, 0.96
[1577125800] CURRENT SERVICE STATE: sig6-vm2;CPU_Procs;OK;HARD;1;CPU OK: 502 processes
[1577125800] CURRENT SERVICE STATE: sig6-vm2;Current Users;OK;HARD;1;USERS OK - 2 users currently logged in
[1577125800] CURRENT SERVICE STATE: sig6-vm2;HDD_Root status;OK;HARD;1;DISK OK - free space: / 178636 MB (91% inode=99%):
[1577125800] CURRENT SERVICE STATE: sig6-vm2;LocalService-NTPD SERVICE;OK;HARD;1;PROCS OK: 1 process with command name 'ntpd'
[1577125800] CURRENT SERVICE STATE: sig6-vm2;Memory;OK;HARD;1;OK - 71.3% (16007704 kB) free.
[1577125800] CURRENT SERVICE STATE: sig6-vm2;OutOfMemory-killer--oom-killer;OK;HARD;1;Log check ok - 0 pattern matches found
[1577125800] CURRENT SERVICE STATE: sig6-vm2;Total Processes;OK;HARD;1;PROCS OK: 498 processes
[1577125800] CURRENT SERVICE STATE: sigqscluster1;CPU Load;OK;HARD;1;OK - load average: 0.03, 0.45, 0.61
[1577125800] CURRENT SERVICE STATE: sigqscluster1;CPU_Procs;OK;HARD;1;CPU OK: 353 processes
[1577125800] CURRENT SERVICE STATE: sigqscluster1;Current Users;OK;HARD;1;USERS OK - 5 users currently logged in
[1577125800] CURRENT SERVICE STATE: sigqscluster1;HDD_Home status;OK;HARD;1;DISK OK - free space: /home 224102 MB (99% inode=99%):
[1577125800] CURRENT SERVICE STATE: sigqscluster1;HDD_Root status;OK;HARD;1;DISK OK - free space: / 40058 MB (78% inode=99%):
[1577125800] CURRENT SERVICE STATE: sigqscluster1;LocalService-NTPD SERVICE;OK;HARD;1;PROCS OK: 1 process with command name 'ntpd'
[1577125800] CURRENT SERVICE STATE: sigqscluster1;Memory;OK;HARD;1;OK - 21.3% (10503664 kB) free.
[1577125800] CURRENT SERVICE STATE: sigqscluster1;Sensors Status;OK;HARD;1;SENSORS OK
[1577125800] CURRENT SERVICE STATE: sigqscluster1;Total Processes;OK;HARD;1;PROCS OK: 351 processes
[1577125800] CURRENT SERVICE STATE: sigqscluster2;CPU Load;OK;HARD;1;OK - load average: 10.85, 11.04, 11.29
[1577125800] CURRENT SERVICE STATE: sigqscluster2;CPU_Procs;OK;HARD;1;CPU OK: 300 processes
[1577125800] CURRENT SERVICE STATE: sigqscluster2;Current Users;OK;HARD;1;USERS OK - 0 users currently logged in
[1577125800] CURRENT SERVICE STATE: sigqscluster2;HDD_Home status;OK;HARD;1;DISK OK - free space: /home 208589 MB (99% inode=99%):
[1577125800] CURRENT SERVICE STATE: sigqscluster2;HDD_Root status;OK;HARD;1;DISK OK - free space: / 45523 MB (88% inode=99%):
[1577125800] CURRENT SERVICE STATE: sigqscluster2;LocalService-NTPD SERVICE;OK;HARD;1;PROCS OK: 1 process with command name 'ntpd'
[1577125800] CURRENT SERVICE STATE: sigqscluster2;Memory;OK;HARD;1;OK - 80.8% (39824908 kB) free.
[1577125800] CURRENT SERVICE STATE: sigqscluster2;Sensors Status;OK;HARD;1;SENSORS OK
[1577125800] CURRENT SERVICE STATE: sigqscluster2;Total Processes;OK;HARD;1;PROCS OK: 302 processes
[1577125800] CURRENT SERVICE STATE: sigqscluster2;sigqscluster2-rabbitmqerror;OK;HARD;1;Log check ok - 0 pattern matches found
[1577125800] CURRENT SERVICE STATE: smscapp1;CPU Load;OK;HARD;1;OK - load average: 2.50, 3.05, 3.05
[1577125800] CURRENT SERVICE STATE: smscapp1;CPU_Procs;OK;HARD;1;CPU OK: 636 processes
[1577125800] CURRENT SERVICE STATE: smscapp1;Current Users;OK;HARD;1;USERS OK - 3 users currently logged in
[1577125800] CURRENT SERVICE STATE: smscapp1;HDD_Home status;OK;HARD;1;DISK OK - free space: /home 93308 MB (41% inode=99%):
[1577125800] CURRENT SERVICE STATE: smscapp1;HDD_Root status;OK;HARD;1;DISK OK - free space: / 39087 MB (76% inode=98%):
[1577125800] CURRENT SERVICE STATE: smscapp1;LocalService-NTPD SERVICE;OK;HARD;1;PROCS OK: 1 process with command name 'ntpd'
[1577125800] CURRENT SERVICE STATE: smscapp1;Memory;OK;HARD;1;OK - 86.7% (42725928 kB) free.
[1577125800] CURRENT SERVICE STATE: smscapp1;Sensors Status;OK;HARD;1;SENSORS OK
[1577125800] CURRENT SERVICE STATE: smscapp1;Total Processes;OK;HARD;1;PROCS OK: 636 processes
[1577125800] CURRENT SERVICE STATE: smscapp2;CPU Load;OK;HARD;1;OK - load average: 3.30, 3.79, 3.93
[1577125800] CURRENT SERVICE STATE: smscapp2;CPU_Procs;OK;HARD;1;CPU OK: 2124 processes
[1577125800] CURRENT SERVICE STATE: smscapp2;Current Users;OK;HARD;1;USERS OK - 0 users currently logged in
[1577125800] CURRENT SERVICE STATE: smscapp2;HDD_Home status;OK;HARD;1;DISK OK - free space: /home 138885 MB (61% inode=99%):
[1577125800] CURRENT SERVICE STATE: smscapp2;HDD_Root status;OK;HARD;1;DISK OK - free space: / 38762 MB (75% inode=98%):
[1577125800] CURRENT SERVICE STATE: smscapp2;LocalService-NTPD SERVICE;OK;HARD;1;PROCS OK: 1 process with command name 'ntpd'
[1577125800] CURRENT SERVICE STATE: smscapp2;Memory;OK;HARD;1;OK - 53.1% (26183884 kB) free.
[1577125800] CURRENT SERVICE STATE: smscapp2;Sensors Status;OK;HARD;1;SENSORS OK
[1577125800] CURRENT SERVICE STATE: smscapp2;Total Processes;OK;HARD;1;PROCS OK: 2122 processes
[1577125800] CURRENT SERVICE STATE: sservercluster1;CPU Load;OK;HARD;1;OK - load average: 0.86, 0.94, 1.12
[1577125800] CURRENT SERVICE STATE: sservercluster1;CPU_Procs;OK;HARD;1;CPU OK: 325 processes
[1577125800] CURRENT SERVICE STATE: sservercluster1;Current Users;OK;HARD;1;USERS OK - 2 users currently logged in
[1577125800] CURRENT SERVICE STATE: sservercluster1;HDD_Home status;OK;HARD;1;DISK OK - free space: /home 147894 MB (67% inode=99%):
[1577125800] CURRENT SERVICE STATE: sservercluster1;HDD_Root status;OK;HARD;1;DISK OK - free space: / 40520 MB (79% inode=99%):
[1577125800] CURRENT SERVICE STATE: sservercluster1;LocalService-NTPD SERVICE;OK;HARD;1;PROCS OK: 1 process with command name 'ntpd'
[1577125800] CURRENT SERVICE STATE: sservercluster1;Memory;OK;HARD;1;OK - 43.5% (10670812 kB) free.
[1577125800] CURRENT SERVICE STATE: sservercluster1;Sensors Status;OK;HARD;1;SENSORS OK
[1577125800] CURRENT SERVICE STATE: sservercluster1;Total Processes;OK;HARD;1;PROCS OK: 324 processes
[1577125800] CURRENT SERVICE STATE: sservercluster2;CPU Load;OK;HARD;1;OK - load average: 0.41, 0.45, 0.48
[1577125800] CURRENT SERVICE STATE: sservercluster2;CPU_Procs;OK;HARD;1;CPU OK: 346 processes
[1577125800] CURRENT SERVICE STATE: sservercluster2;Current Users;OK;HARD;1;USERS OK - 5 users currently logged in
[1577125800] CURRENT SERVICE STATE: sservercluster2;HDD_Home status;OK;HARD;1;DISK OK - free space: /home 186647 MB (84% inode=99%):
[1577125800] CURRENT SERVICE STATE: sservercluster2;HDD_Root status;OK;HARD;1;DISK OK - free space: / 33242 MB (64% inode=98%):
[1577125800] CURRENT SERVICE STATE: sservercluster2;LocalService-NTPD SERVICE;OK;HARD;1;PROCS OK: 1 process with command name 'ntpd'
[1577125800] CURRENT SERVICE STATE: sservercluster2;Memory;OK;HARD;1;OK - 88.4% (21663576 kB) free.
[1577125800] CURRENT SERVICE STATE: sservercluster2;Sensors Status;OK;HARD;1;SENSORS OK
[1577125800] CURRENT SERVICE STATE: sservercluster2;Total Processes;OK;HARD;1;PROCS OK: 344 processes
[1577125800] CURRENT SERVICE STATE: webserver1;CPU Load;OK;HARD;1;OK - load average: 0.02, 0.02, 0.05
[1577125800] CURRENT SERVICE STATE: webserver1;CPU_Procs;OK;HARD;1;CPU OK: 362 processes
[1577125800] CURRENT SERVICE STATE: webserver1;Current Users;OK;HARD;1;USERS OK - 1 users currently logged in
[1577125800] CURRENT SERVICE STATE: webserver1;HDD_Home status;OK;HARD;1;DISK OK - free space: /home 224832 MB (99% inode=99%):
[1577125800] CURRENT SERVICE STATE: webserver1;HDD_Root status;OK;HARD;1;DISK OK - free space: / 40222 MB (78% inode=99%):
[1577125800] CURRENT SERVICE STATE: webserver1;LocalService-NTPD SERVICE;OK;HARD;1;PROCS OK: 1 process with command name 'ntpd'
[1577125800] CURRENT SERVICE STATE: webserver1;Memory;OK;HARD;1;OK - 84.5% (20684772 kB) free.
[1577125800] CURRENT SERVICE STATE: webserver1;Nginx_status;OK;HARD;1;NGINX OK -  0.089 sec. response time, Active: 1 (Writing: 1 Reading: 0 Waiting: 0) ReqPerSec: 0.003 ConnPerSec: 0.010 ReqPerConn: 0.968
[1577125800] CURRENT SERVICE STATE: webserver1;Sensors Status;OK;HARD;1;SENSORS OK
[1577125800] CURRENT SERVICE STATE: webserver1;Total Processes;OK;HARD;1;PROCS OK: 361 processes
[1577125800] CURRENT SERVICE STATE: webserver2;CPU_Procs;OK;HARD;1;CPU OK: 518 processes
[1577125800] CURRENT SERVICE STATE: webserver2;Current Load;OK;HARD;1;OK - load average: 0.05, 0.05, 0.05
[1577125800] CURRENT SERVICE STATE: webserver2;Current Users;OK;HARD;1;USERS OK - 41 users currently logged in
[1577125800] CURRENT SERVICE STATE: webserver2;HDD_Home status;OK;HARD;1;DISK OK - free space: /home 93391 MB (41.55% inode=100%):
[1577125800] CURRENT SERVICE STATE: webserver2;HTTP;OK;HARD;1;HTTP OK: HTTP/1.1 200 OK - 355 bytes in 0.001 second response time
[1577125800] CURRENT SERVICE STATE: webserver2;LocalService-NTPD SERVICE;OK;HARD;1;PROCS OK: 1 process with command name 'ntpd'
[1577125800] CURRENT SERVICE STATE: webserver2;Memory;OK;HARD;1;OK - 57.1% (13983648 kB) free.
[1577125800] CURRENT SERVICE STATE: webserver2;PING;OK;HARD;1;PING OK - Packet loss = 0%, RTA = 0.06 ms
[1577125800] CURRENT SERVICE STATE: webserver2;Root Partition;OK;HARD;1;DISK OK - free space: / 13330 MB (26.04% inode=99%):
[1577125800] CURRENT SERVICE STATE: webserver2;SSH;OK;HARD;1;SSH OK - OpenSSH_7.4 (protocol 2.0)
[1577125800] CURRENT SERVICE STATE: webserver2;Sensors Status;OK;HARD;1;SENSORS OK
[1577125800] CURRENT SERVICE STATE: webserver2;Total Processes;OK;HARD;1;PROCS OK: 165 processes with STATE = RSZDT
[1577125800] CURRENT SERVICE STATE: webservercluster1;CPU Load;OK;HARD;1;OK - load average: 0.00, 0.01, 0.05
[1577125800] CURRENT SERVICE STATE: webservercluster1;CPU_Procs;OK;HARD;1;CPU OK: 1335 processes
[1577125800] CURRENT SERVICE STATE: webservercluster1;Current Users;OK;HARD;1;USERS OK - 3 users currently logged in
[1577125800] CURRENT SERVICE STATE: webservercluster1;HDD_Home status;OK;HARD;1;DISK OK - free space: / 20417 MB (39% inode=99%):
[1577125800] CURRENT SERVICE STATE: webservercluster1;HDD_Root status;OK;HARD;1;DISK OK - free space: /home 64693 MB (28% inode=99%):
[1577125800] CURRENT SERVICE STATE: webservercluster1;LocalService-NTPD SERVICE;OK;HARD;1;PROCS OK: 1 process with command name 'ntpd'
[1577125800] CURRENT SERVICE STATE: webservercluster1;Memory;CRITICAL;HARD;3;CRITICAL - 1.2% (190208 kB) free!
[1577125800] CURRENT SERVICE STATE: webservercluster1;Sensors Status;OK;HARD;1;SENSORS OK
[1577125800] CURRENT SERVICE STATE: webservercluster1;Total Processes;CRITICAL;HARD;3;PROCS CRITICAL: 1336 processes
[1577125800] CURRENT SERVICE STATE: webservercluster2;CPU Load;OK;HARD;1;OK - load average: 1.85, 1.91, 1.88
[1577125800] CURRENT SERVICE STATE: webservercluster2;CPU_Procs;CRITICAL;HARD;3;CPU CRITICAL: 1 crit, 0 warn out of 312 processes
[1577125800] CURRENT SERVICE STATE: webservercluster2;Current Users;OK;HARD;1;USERS OK - 3 users currently logged in
[1577125800] CURRENT SERVICE STATE: webservercluster2;HDD_Home status;OK;HARD;1;DISK OK - free space: /home 222537 MB (99% inode=99%):
[1577125800] CURRENT SERVICE STATE: webservercluster2;HDD_Root status;OK;HARD;1;DISK OK - free space: / 40163 MB (78% inode=99%):
[1577125800] CURRENT SERVICE STATE: webservercluster2;LocalService-NTPD SERVICE;OK;HARD;1;PROCS OK: 1 process with command name 'ntpd'
[1577125800] CURRENT SERVICE STATE: webservercluster2;Memory;OK;HARD;1;OK - 48.4% (7870972 kB) free.
[1577125800] CURRENT SERVICE STATE: webservercluster2;Sensors Status;OK;HARD;1;SENSORS OK
[1577125800] CURRENT SERVICE STATE: webservercluster2;Total Processes;OK;HARD;1;PROCS OK: 306 processes
[1577126217] SERVICE ALERT: sservercluster1;Memory;CRITICAL;SOFT;1;CRITICAL - 0.7% (182016 kB) free!
[1577126337] SERVICE ALERT: sservercluster1;Memory;CRITICAL;SOFT;2;CRITICAL - 0.7% (173360 kB) free!
[1577126457] SERVICE NOTIFICATION: nagiosadmin;sservercluster1;Memory;CRITICAL;notify-service-by-email;CRITICAL - 0.7% (177772 kB) free!
[1577126457] SERVICE ALERT: sservercluster1;Memory;CRITICAL;HARD;3;CRITICAL - 0.7% (177772 kB) free!
[1577126727] SERVICE ALERT: pservercluster1;Memory;CRITICAL;SOFT;1;CRITICAL - 0.8% (193200 kB) free!
[1577126748] SERVICE ALERT: pservercluster2;Memory;CRITICAL;SOFT;1;CRITICAL - 0.8% (197712 kB) free!
[1577126847] SERVICE ALERT: pservercluster1;Memory;CRITICAL;SOFT;2;CRITICAL - 0.8% (191160 kB) free!
[1577126868] SERVICE ALERT: pservercluster2;Memory;CRITICAL;SOFT;2;CRITICAL - 0.8% (189956 kB) free!
[1577126967] SERVICE NOTIFICATION: nagiosadmin;pservercluster1;Memory;CRITICAL;notify-service-by-email;CRITICAL - 0.8% (190624 kB) free!
[1577126967] SERVICE ALERT: pservercluster1;Memory;CRITICAL;HARD;3;CRITICAL - 0.8% (190624 kB) free!
[1577126988] SERVICE NOTIFICATION: nagiosadmin;pservercluster2;Memory;CRITICAL;notify-service-by-email;CRITICAL - 0.8% (184480 kB) free!
[1577126988] SERVICE ALERT: pservercluster2;Memory;CRITICAL;HARD;3;CRITICAL - 0.8% (184480 kB) free!
[1577127494] Auto-save of retention data completed successfully.
[1577127567] SERVICE NOTIFICATION: nagiosadmin;pservercluster1;Memory;OK;notify-service-by-email;OK - 22.0% (5419456 kB) free.
[1577127567] SERVICE ALERT: pservercluster1;Memory;OK;HARD;1;OK - 22.0% (5419456 kB) free.
[1577127601] SERVICE NOTIFICATION: nagiosadmin;webservercluster2;CPU_Procs;CRITICAL;notify-service-by-email;CPU CRITICAL: 1 crit, 0 warn out of 343 processes
[1577128002] SERVICE NOTIFICATION: nagiosadmin;webservercluster1;Total Processes;CRITICAL;notify-service-by-email;PROCS CRITICAL: 1459 processes
[1577128328] SERVICE NOTIFICATION: nagiosadmin;webservercluster1;Memory;CRITICAL;notify-service-by-email;CRITICAL - 1.1% (172380 kB) free!
[1577129788] SERVICE ALERT: sigqscluster1;Memory;WARNING;SOFT;1;WARNING - 16.5% (8136340 kB) free!
[1577129885] SERVICE NOTIFICATION: nagiosadmin;primary-server;Nginx Error Log Status;CRITICAL;notify-service-by-email;(6) < 2019/12/24 01:05:45 [error] 20756#0: *19447371 connect() failed (111: Connection refused) while connecting to upstream, client: 183.82.105.122, server: 0.0.0.0:3000, upstream: "10.147.212.155:3000", bytes from/to client:0/0, bytes from/to upstream:0/0
[1577129908] SERVICE ALERT: sigqscluster1;Memory;WARNING;SOFT;2;WARNING - 15.4% (7588452 kB) free!
[1577129967] SERVICE ALERT: pservercluster1;Memory;WARNING;SOFT;1;WARNING - 11.0% (2721228 kB) free!
[1577130028] SERVICE NOTIFICATION: nagiosadmin;sigqscluster1;Memory;WARNING;notify-service-by-email;WARNING - 13.0% (6382264 kB) free!
[1577130028] SERVICE ALERT: sigqscluster1;Memory;WARNING;HARD;3;WARNING - 13.0% (6382264 kB) free!
[1577130058] SERVICE NOTIFICATION: nagiosadmin;sservercluster1;Memory;CRITICAL;notify-service-by-email;CRITICAL - 0.7% (176200 kB) free!
[1577130087] SERVICE ALERT: pservercluster1;Memory;CRITICAL;SOFT;2;CRITICAL - 4.5% (1100064 kB) free!
[1577130207] SERVICE NOTIFICATION: nagiosadmin;pservercluster1;Memory;CRITICAL;notify-service-by-email;CRITICAL - 0.8% (197960 kB) free!
[1577130207] SERVICE ALERT: pservercluster1;Memory;CRITICAL;HARD;3;CRITICAL - 0.8% (197960 kB) free!
[1577130588] SERVICE NOTIFICATION: nagiosadmin;pservercluster2;Memory;CRITICAL;notify-service-by-email;CRITICAL - 0.7% (169608 kB) free!
[1577130628] SERVICE NOTIFICATION: nagiosadmin;sigqscluster1;Memory;CRITICAL;notify-service-by-email;CRITICAL - 4.0% (1959280 kB) free!
[1577130628] SERVICE ALERT: sigqscluster1;Memory;CRITICAL;HARD;3;CRITICAL - 4.0% (1959280 kB) free!
[1577131094] Auto-save of retention data completed successfully.
[1577131201] SERVICE NOTIFICATION: nagiosadmin;webservercluster2;CPU_Procs;CRITICAL;notify-service-by-email;CPU CRITICAL: 1 crit, 0 warn out of 304 processes
[1577131857] SERVICE NOTIFICATION: nagiosadmin;sservercluster1;Memory;OK;notify-service-by-email;OK - 42.3% (10366804 kB) free.
[1577131857] SERVICE ALERT: sservercluster1;Memory;OK;HARD;1;OK - 42.3% (10366804 kB) free.
[1577132201] SERVICE NOTIFICATION: nagiosadmin;webservercluster1;Total Processes;CRITICAL;notify-service-by-email;PROCS CRITICAL: 1625 processes
[1577132527] SERVICE NOTIFICATION: nagiosadmin;webservercluster1;Memory;CRITICAL;notify-service-by-email;CRITICAL - 1.0% (165756 kB) free!
[1577133807] SERVICE NOTIFICATION: nagiosadmin;pservercluster1;Memory;CRITICAL;notify-service-by-email;CRITICAL - 0.7% (173292 kB) free!
[1577134085] SERVICE NOTIFICATION: nagiosadmin;primary-server;Nginx Error Log Status;CRITICAL;notify-service-by-email;(9) < 2019/12/24 02:15:36 [error] 20756#0: *19462280 connect() failed (111: Connection refused) while connecting to upstream, client: 103.255.146.164, server: 0.0.0.0:3000, upstream: "10.147.212.154:3000", bytes from/to client:0/0, bytes from/to upstream:0/0
[1577134188] SERVICE NOTIFICATION: nagiosadmin;pservercluster2;Memory;CRITICAL;notify-service-by-email;CRITICAL - 0.7% (167176 kB) free!
[1577134228] SERVICE NOTIFICATION: nagiosadmin;sigqscluster1;Memory;CRITICAL;notify-service-by-email;CRITICAL - 0.9% (454448 kB) free!
[1577134694] Auto-save of retention data completed successfully.
[1577134801] SERVICE NOTIFICATION: nagiosadmin;webservercluster2;CPU_Procs;CRITICAL;notify-service-by-email;CPU CRITICAL: 1 crit, 0 warn out of 307 processes
[1577135801] SERVICE NOTIFICATION: nagiosadmin;webservercluster1;Total Processes;CRITICAL;notify-service-by-email;PROCS CRITICAL: 1664 processes
[1577136128] SERVICE NOTIFICATION: nagiosadmin;webservercluster1;Memory;CRITICAL;notify-service-by-email;CRITICAL - 1.6% (253396 kB) free!
[1577136173] SERVICE ALERT: redis-1;CPU_Procs;WARNING;SOFT;1;CPU WARNING: 1 warn out of 403 processes
[1577136293] SERVICE ALERT: redis-1;CPU_Procs;OK;HARD;1;CPU OK: 402 processes
[1577137407] SERVICE NOTIFICATION: nagiosadmin;pservercluster1;Memory;CRITICAL;notify-service-by-email;CRITICAL - 0.8% (193848 kB) free!
[1577137788] SERVICE NOTIFICATION: nagiosadmin;pservercluster2;Memory;CRITICAL;notify-service-by-email;CRITICAL - 0.7% (180128 kB) free!
[1577137828] SERVICE NOTIFICATION: nagiosadmin;sigqscluster1;Memory;CRITICAL;notify-service-by-email;CRITICAL - 0.6% (283732 kB) free!
[1577138285] SERVICE NOTIFICATION: nagiosadmin;primary-server;Nginx Error Log Status;CRITICAL;notify-service-by-email;(6) < 2019/12/24 03:25:45 [error] 20756#0: *19477314 connect() failed (111: Connection refused) while connecting to upstream, client: 183.82.105.122, server: 0.0.0.0:3000, upstream: "10.147.212.155:3000", bytes from/to client:0/0, bytes from/to upstream:0/0
[1577138294] Auto-save of retention data completed successfully.
[1577138401] SERVICE NOTIFICATION: nagiosadmin;webservercluster2;CPU_Procs;CRITICAL;notify-service-by-email;CPU CRITICAL: 1 crit, 0 warn out of 306 processes
[1577139401] SERVICE NOTIFICATION: nagiosadmin;webservercluster1;Total Processes;CRITICAL;notify-service-by-email;PROCS CRITICAL: 1645 processes
[1577140327] SERVICE NOTIFICATION: nagiosadmin;webservercluster1;Memory;CRITICAL;notify-service-by-email;CRITICAL - 2.3% (370604 kB) free!
[1577141007] SERVICE NOTIFICATION: nagiosadmin;pservercluster1;Memory;CRITICAL;notify-service-by-email;CRITICAL - 0.8% (201244 kB) free!
[1577141388] SERVICE NOTIFICATION: nagiosadmin;pservercluster2;Memory;CRITICAL;notify-service-by-email;CRITICAL - 0.7% (166532 kB) free!
[1577141428] SERVICE NOTIFICATION: nagiosadmin;sigqscluster1;Memory;CRITICAL;notify-service-by-email;CRITICAL - 0.5% (253056 kB) free!
[1577141894] Auto-save of retention data completed successfully.
[1577142001] SERVICE NOTIFICATION: nagiosadmin;webservercluster2;CPU_Procs;CRITICAL;notify-service-by-email;CPU CRITICAL: 1 crit, 0 warn out of 307 processes
[1577142485] SERVICE NOTIFICATION: nagiosadmin;primary-server;Nginx Error Log Status;CRITICAL;notify-service-by-email;(17) < 2019/12/24 04:35:45 [error] 20756#0: *19489684 connect() failed (111: Connection refused) while connecting to upstream, client: 183.82.105.122, server: 0.0.0.0:3000, upstream: "10.147.212.155:3000", bytes from/to client:0/0, bytes from/to upstream:0/0
[1577142738] SERVICE ALERT: pservercluster1;CPU Load;CRITICAL;SOFT;1;CRITICAL - load average: 974.36, 724.61, 345.50
[1577142807] SERVICE NOTIFICATION: nagiosadmin;pservercluster1;Memory;WARNING;notify-service-by-email;WARNING - 10.6% (2605176 kB) free!
[1577142807] SERVICE ALERT: pservercluster1;Memory;WARNING;HARD;3;WARNING - 10.6% (2605176 kB) free!
[1577142858] SERVICE ALERT: pservercluster1;CPU Load;CRITICAL;SOFT;2;CRITICAL - load average: 169.18, 518.61, 317.62
[1577142978] SERVICE ALERT: pservercluster1;CPU Load;OK;HARD;1;OK - load average: 23.58, 347.28, 279.20
[1577143001] SERVICE NOTIFICATION: nagiosadmin;webservercluster1;Total Processes;CRITICAL;notify-service-by-email;PROCS CRITICAL: 1592 processes
[1577143927] SERVICE NOTIFICATION: nagiosadmin;webservercluster1;Memory;CRITICAL;notify-service-by-email;CRITICAL - 3.3% (544120 kB) free!
[1577144988] SERVICE NOTIFICATION: nagiosadmin;pservercluster2;Memory;CRITICAL;notify-service-by-email;CRITICAL - 3.1% (770972 kB) free!
[1577145028] SERVICE NOTIFICATION: nagiosadmin;sigqscluster1;Memory;CRITICAL;notify-service-by-email;CRITICAL - 0.5% (232664 kB) free!
[1577145207] SERVICE NOTIFICATION: nagiosadmin;pservercluster1;Memory;CRITICAL;notify-service-by-email;CRITICAL - 10.0% (2473336 kB) free!
[1577145207] SERVICE ALERT: pservercluster1;Memory;CRITICAL;HARD;3;CRITICAL - 10.0% (2473336 kB) free!
[1577145494] Auto-save of retention data completed successfully.
[1577145601] SERVICE NOTIFICATION: nagiosadmin;webservercluster2;CPU_Procs;CRITICAL;notify-service-by-email;CPU CRITICAL: 1 crit, 0 warn out of 310 processes
[1577146601] SERVICE NOTIFICATION: nagiosadmin;webservercluster1;Total Processes;CRITICAL;notify-service-by-email;PROCS CRITICAL: 1497 processes
[1577146684] SERVICE NOTIFICATION: nagiosadmin;primary-server;Nginx Error Log Status;CRITICAL;notify-service-by-email;(9) < 2019/12/24 05:46:36 [error] 20756#0: *19503048 connect() failed (111: Connection refused) while connecting to upstream, client: 183.82.105.122, server: 0.0.0.0:3000, upstream: "10.147.212.155:3000", bytes from/to client:0/0, bytes from/to upstream:0/0
[1577147457] SERVICE ALERT: sservercluster1;Memory;CRITICAL;SOFT;1;CRITICAL - 0.8% (188948 kB) free!
[1577147527] SERVICE NOTIFICATION: nagiosadmin;webservercluster1;Memory;CRITICAL;notify-service-by-email;CRITICAL - 5.1% (825612 kB) free!
[1577147577] SERVICE ALERT: sservercluster1;Memory;CRITICAL;SOFT;2;CRITICAL - 0.9% (226780 kB) free!
[1577147698] SERVICE NOTIFICATION: nagiosadmin;sservercluster1;Memory;CRITICAL;notify-service-by-email;CRITICAL - 0.8% (190512 kB) free!
[1577147698] SERVICE ALERT: sservercluster1;Memory;CRITICAL;HARD;3;CRITICAL - 0.8% (190512 kB) free!
[1577147986] EXTERNAL COMMAND: SCHEDULE_FORCED_SVC_CHECK;pservercluster1;Memory;1577147985
[1577147987] SERVICE NOTIFICATION: nagiosadmin;pservercluster1;Memory;OK;notify-service-by-email;OK - 89.1% (21998244 kB) free.
[1577147987] SERVICE ALERT: pservercluster1;Memory;OK;HARD;1;OK - 89.1% (21998244 kB) free.
[1577147990] EXTERNAL COMMAND: SCHEDULE_FORCED_SVC_CHECK;pservercluster1;Memory;1577147989
[1577147994] EXTERNAL COMMAND: SCHEDULE_FORCED_SVC_CHECK;pservercluster1;Memory;1577147993
[1577147998] EXTERNAL COMMAND: SCHEDULE_FORCED_SVC_CHECK;pservercluster1;Memory;1577147997
[1577148028] EXTERNAL COMMAND: SCHEDULE_FORCED_SVC_CHECK;pservercluster2;Memory;1577148027
[1577148029] SERVICE NOTIFICATION: nagiosadmin;pservercluster2;Memory;OK;notify-service-by-email;OK - 91.3% (22389844 kB) free.
[1577148029] SERVICE ALERT: pservercluster2;Memory;OK;HARD;1;OK - 91.3% (22389844 kB) free.
[1577148032] EXTERNAL COMMAND: SCHEDULE_FORCED_SVC_CHECK;pservercluster2;Memory;1577148030
[1577148035] EXTERNAL COMMAND: SCHEDULE_FORCED_SVC_CHECK;pservercluster2;Memory;1577148034
[1577148067] EXTERNAL COMMAND: SCHEDULE_FORCED_SVC_CHECK;sigqscluster1;Memory;1577148066
[1577148067] SERVICE NOTIFICATION: nagiosadmin;sigqscluster1;Memory;OK;notify-service-by-email;OK - 78.3% (38603884 kB) free.
[1577148067] SERVICE ALERT: sigqscluster1;Memory;OK;HARD;1;OK - 78.3% (38603884 kB) free.
[1577148071] EXTERNAL COMMAND: SCHEDULE_FORCED_SVC_CHECK;sigqscluster1;Memory;1577148070
[1577148074] EXTERNAL COMMAND: SCHEDULE_FORCED_SVC_CHECK;sigqscluster1;Memory;1577148073
[1577148078] EXTERNAL COMMAND: SCHEDULE_FORCED_SVC_CHECK;sigqscluster1;Memory;1577148076
[1577148109] EXTERNAL COMMAND: SCHEDULE_FORCED_SVC_CHECK;sservercluster1;Memory;1577148108
[1577148109] SERVICE NOTIFICATION: nagiosadmin;sservercluster1;Memory;OK;notify-service-by-email;OK - 90.8% (22262512 kB) free.
[1577148109] SERVICE ALERT: sservercluster1;Memory;OK;HARD;1;OK - 90.8% (22262512 kB) free.
[1577148112] EXTERNAL COMMAND: SCHEDULE_FORCED_SVC_CHECK;sservercluster1;Memory;1577148111
[1577148115] EXTERNAL COMMAND: SCHEDULE_FORCED_SVC_CHECK;sservercluster1;Memory;1577148114
[1577148146] EXTERNAL COMMAND: SCHEDULE_FORCED_SVC_CHECK;webservercluster1;Memory;1577148146
[1577148147] SERVICE NOTIFICATION: nagiosadmin;webservercluster1;Memory;OK;notify-service-by-email;OK - 69.5% (11294112 kB) free.
[1577148147] SERVICE ALERT: webservercluster1;Memory;OK;HARD;1;OK - 69.5% (11294112 kB) free.
[1577148150] EXTERNAL COMMAND: SCHEDULE_FORCED_SVC_CHECK;webservercluster1;Memory;1577148148
[1577148153] EXTERNAL COMMAND: SCHEDULE_FORCED_SVC_CHECK;webservercluster1;Memory;1577148152
[1577148157] EXTERNAL COMMAND: SCHEDULE_FORCED_SVC_CHECK;webservercluster1;Memory;1577148156
[1577149094] Auto-save of retention data completed successfully.
[1577149201] SERVICE NOTIFICATION: nagiosadmin;webservercluster2;CPU_Procs;CRITICAL;notify-service-by-email;CPU CRITICAL: 1 crit, 0 warn out of 308 processes
[1577150201] SERVICE NOTIFICATION: nagiosadmin;webservercluster1;Total Processes;CRITICAL;notify-service-by-email;PROCS CRITICAL: 1388 processes
[1577150285] SERVICE NOTIFICATION: nagiosadmin;primary-server;Nginx Error Log Status;CRITICAL;notify-service-by-email;(9) < 2019/12/24 06:45:36 [error] 20756#0: *19515594 connect() failed (111: Connection refused) while connecting to upstream, client: 103.255.146.164, server: 0.0.0.0:3000, upstream: "10.147.212.154:3000", bytes from/to client:0/0, bytes from/to upstream:0/0
[1577150693] SERVICE ALERT: redis-1;CPU_Procs;WARNING;SOFT;1;CPU WARNING: 1 warn out of 400 processes
[1577150813] SERVICE ALERT: redis-1;CPU_Procs;OK;HARD;1;CPU OK: 402 processes
[1577152694] Auto-save of retention data completed successfully.
[1577152801] SERVICE NOTIFICATION: nagiosadmin;webservercluster2;CPU_Procs;CRITICAL;notify-service-by-email;CPU CRITICAL: 1 crit, 0 warn out of 339 processes
[1577153801] SERVICE NOTIFICATION: nagiosadmin;webservercluster1;Total Processes;CRITICAL;notify-service-by-email;PROCS CRITICAL: 1242 processes
[1577153885] SERVICE NOTIFICATION: nagiosadmin;primary-server;Nginx Error Log Status;CRITICAL;notify-service-by-email;(12) < 2019/12/24 07:45:43 [error] 20758#0: *19528413 connect() failed (111: Connection refused) while connecting to upstream, client: 103.255.146.164, server: 0.0.0.0:3000, upstream: "10.147.212.154:3000", bytes from/to client:0/0, bytes from/to upstream:0/0
[1577154388] SERVICE ALERT: webservercluster1;CPU_Procs;WARNING;SOFT;1;CPU WARNING: 1 warn out of 1222 processes
[1577154508] SERVICE ALERT: webservercluster1;CPU_Procs;OK;HARD;1;CPU OK: 1213 processes
[1577154715] SERVICE ALERT: sservercluster1;Memory;CRITICAL;SOFT;1;CRITICAL - 0.8% (189804 kB) free!
[1577154836] SERVICE ALERT: sservercluster1;Memory;CRITICAL;SOFT;2;CRITICAL - 0.8% (192524 kB) free!
[1577154956] SERVICE NOTIFICATION: nagiosadmin;sservercluster1;Memory;CRITICAL;notify-service-by-email;CRITICAL - 0.9% (213228 kB) free!
[1577154956] SERVICE ALERT: sservercluster1;Memory;CRITICAL;HARD;3;CRITICAL - 0.9% (213228 kB) free!
[1577154980] EXTERNAL COMMAND: SCHEDULE_FORCED_SVC_CHECK;sservercluster1;Memory;1577154979
[1577154980] SERVICE FLAPPING ALERT: sservercluster1;Memory;STARTED; Service appears to have started flapping (21.1% change >= 20.0% threshold)
[1577154980] SERVICE ALERT: sservercluster1;Memory;OK;HARD;1;OK - 93.3% (22863916 kB) free.
[1577154984] EXTERNAL COMMAND: SCHEDULE_FORCED_SVC_CHECK;sservercluster1;Memory;1577154983
[1577154987] EXTERNAL COMMAND: SCHEDULE_FORCED_SVC_CHECK;sservercluster1;Memory;1577154986
[1577155587] SERVICE ALERT: sservercluster1;Memory;CRITICAL;SOFT;1;CRITICAL - 0.9% (212028 kB) free!
[1577155707] SERVICE ALERT: sservercluster1;Memory;CRITICAL;SOFT;2;CRITICAL - 0.8% (192092 kB) free!
[1577155827] SERVICE ALERT: sservercluster1;Memory;CRITICAL;HARD;3;CRITICAL - 0.7% (176508 kB) free!
[1577156294] Auto-save of retention data completed successfully.
[1577156401] SERVICE NOTIFICATION: nagiosadmin;webservercluster2;CPU_Procs;CRITICAL;notify-service-by-email;CPU CRITICAL: 1 crit, 0 warn out of 317 processes
[1577157401] SERVICE NOTIFICATION: nagiosadmin;webservercluster1;Total Processes;CRITICAL;notify-service-by-email;PROCS CRITICAL: 1053 processes
[1577157485] SERVICE NOTIFICATION: nagiosadmin;primary-server;Nginx Error Log Status;CRITICAL;notify-service-by-email;(9) < 2019/12/24 08:46:37 [error] 20756#0: *19541379 connect() failed (111: Connection refused) while connecting to upstream, client: 183.82.105.122, server: 0.0.0.0:3000, upstream: "10.147.212.155:3000", bytes from/to client:0/0, bytes from/to upstream:0/0
[1577158607] EXTERNAL COMMAND: SCHEDULE_FORCED_SVC_CHECK;sservercluster1;Memory;1577158606
[1577158608] SERVICE ALERT: sservercluster1;Memory;OK;HARD;1;OK - 93.0% (22801752 kB) free.
[1577158611] EXTERNAL COMMAND: SCHEDULE_FORCED_SVC_CHECK;sservercluster1;Memory;1577158610
[1577158616] EXTERNAL COMMAND: SCHEDULE_FORCED_SVC_CHECK;sservercluster1;Memory;1577158614
[1577159730] SERVICE ALERT: secondary-server;CPU_Procs;CRITICAL;SOFT;1;CPU CRITICAL: 1 crit, 0 warn out of 344 processes
[1577159850] SERVICE ALERT: secondary-server;CPU_Procs;CRITICAL;SOFT;2;CPU CRITICAL: 1 crit, 0 warn out of 344 processes
[1577159894] Auto-save of retention data completed successfully.
[1577159957] SERVICE ALERT: secondary-server;Memory Status;WARNING;SOFT;1;WARNING - 19.9% (4888972 kB) free!
[1577159970] SERVICE NOTIFICATION: nagiosadmin;secondary-server;CPU_Procs;CRITICAL;notify-service-by-email;CPU CRITICAL: 1 crit, 0 warn out of 345 processes
[1577159970] SERVICE ALERT: secondary-server;CPU_Procs;CRITICAL;HARD;3;CPU CRITICAL: 1 crit, 0 warn out of 345 processes
[1577160001] SERVICE NOTIFICATION: nagiosadmin;webservercluster2;CPU_Procs;CRITICAL;notify-service-by-email;CPU CRITICAL: 1 crit, 0 warn out of 316 processes
[1577160077] SERVICE ALERT: secondary-server;Memory Status;WARNING;SOFT;2;WARNING - 17.9% (4380696 kB) free!
[1577160197] SERVICE NOTIFICATION: nagiosadmin;secondary-server;Memory Status;WARNING;notify-service-by-email;WARNING - 17.9% (4378672 kB) free!
[1577160197] SERVICE ALERT: secondary-server;Memory Status;WARNING;HARD;3;WARNING - 17.9% (4378672 kB) free!
[1577160401] SERVICE NOTIFICATION: nagiosadmin;webservercluster1;Total Processes;OK;notify-service-by-email;PROCS OK: 470 processes
[1577160401] SERVICE ALERT: webservercluster1;Total Processes;OK;HARD;1;PROCS OK: 470 processes
[1577160570] SERVICE NOTIFICATION: nagiosadmin;secondary-server;CPU_Procs;OK;notify-service-by-email;CPU OK: 341 processes
[1577160570] SERVICE ALERT: secondary-server;CPU_Procs;OK;HARD;1;CPU OK: 341 processes
[1577160797] SERVICE NOTIFICATION: nagiosadmin;secondary-server;Memory Status;OK;notify-service-by-email;OK - 47.0% (11520216 kB) free.
[1577160797] SERVICE ALERT: secondary-server;Memory Status;OK;HARD;1;OK - 47.0% (11520216 kB) free.
[1577161086] SERVICE NOTIFICATION: nagiosadmin;primary-server;Nginx Error Log Status;CRITICAL;notify-service-by-email;(15) < 2019/12/24 09:46:37 [error] 20757#0: *19554119 connect() failed (111: Connection refused) while connecting to upstream, client: 183.82.105.122, server: 0.0.0.0:3000, upstream: "10.147.212.154:3000", bytes from/to client:0/0, bytes from/to upstream:0/0
[1577162998] SERVICE ALERT: pservercluster1;Memory;WARNING;SOFT;1;WARNING - 16.7% (4123920 kB) free!
[1577163118] SERVICE ALERT: pservercluster1;Memory;WARNING;SOFT;2;WARNING - 16.4% (4035272 kB) free!
[1577163238] SERVICE NOTIFICATION: nagiosadmin;pservercluster1;Memory;WARNING;notify-service-by-email;WARNING - 16.0% (3936364 kB) free!
[1577163238] SERVICE ALERT: pservercluster1;Memory;WARNING;HARD;3;WARNING - 16.0% (3936364 kB) free!
[1577163494] Auto-save of retention data completed successfully.
[1577163601] SERVICE NOTIFICATION: nagiosadmin;webservercluster2;CPU_Procs;CRITICAL;notify-service-by-email;CPU CRITICAL: 1 crit, 0 warn out of 344 processes
[1577163838] SERVICE NOTIFICATION: nagiosadmin;pservercluster1;Memory;CRITICAL;notify-service-by-email;CRITICAL - 6.5% (1607816 kB) free!
[1577163838] SERVICE ALERT: pservercluster1;Memory;CRITICAL;HARD;3;CRITICAL - 6.5% (1607816 kB) free!
[1577165286] SERVICE NOTIFICATION: nagiosadmin;primary-server;Nginx Error Log Status;CRITICAL;notify-service-by-email;(9) < 2019/12/24 10:56:14 [error] 20757#0: *19568778 connect() failed (111: Connection refused) while connecting to upstream, client: 103.255.146.164, server: 0.0.0.0:3000, upstream: "10.147.212.154:3000", bytes from/to client:0/0, bytes from/to upstream:0/0
[1577165786] EXTERNAL COMMAND: SCHEDULE_FORCED_SVC_CHECK;pservercluster1;Memory;1577165785
[1577165787] SERVICE NOTIFICATION: nagiosadmin;pservercluster1;Memory;OK;notify-service-by-email;OK - 88.2% (21759608 kB) free.
[1577165787] SERVICE ALERT: pservercluster1;Memory;OK;HARD;1;OK - 88.2% (21759608 kB) free.
[1577165789] EXTERNAL COMMAND: SCHEDULE_FORCED_SVC_CHECK;pservercluster1;Memory;1577165788
[1577165793] EXTERNAL COMMAND: SCHEDULE_FORCED_SVC_CHECK;pservercluster1;Memory;1577165792
[1577165798] EXTERNAL COMMAND: SCHEDULE_FORCED_SVC_CHECK;pservercluster1;Memory;1577165796
[1577166416] SERVICE FLAPPING ALERT: sservercluster1;Memory;STOPPED; Service appears to have stopped flapping (4.3% change < 5.0% threshold)
[1577167094] Auto-save of retention data completed successfully.
[1577167201] SERVICE NOTIFICATION: nagiosadmin;webservercluster2;CPU_Procs;CRITICAL;notify-service-by-email;CPU CRITICAL: 1 crit, 0 warn out of 305 processes
[1577169398] SERVICE ALERT: pservercluster1;Memory;WARNING;SOFT;1;WARNING - 19.4% (4781132 kB) free!
[1577169485] SERVICE NOTIFICATION: nagiosadmin;primary-server;Nginx Error Log Status;CRITICAL;notify-service-by-email;(44) < 2019/12/24 12:07:55 [error] 20756#0: *19584335 connect() failed (111: Connection refused) while connecting to upstream, client: 103.255.146.164, server: 0.0.0.0:3000, upstream: "10.147.212.154:3000", bytes from/to client:0/0, bytes from/to upstream:0/0
[1577169508] SERVICE ALERT: webservercluster1;CPU_Procs;CRITICAL;SOFT;1;CPU CRITICAL: 1 crit, 0 warn out of 335 processes
[1577169518] SERVICE ALERT: pservercluster1;Memory;WARNING;SOFT;2;WARNING - 18.9% (4665788 kB) free!
[1577169628] SERVICE ALERT: webservercluster1;CPU_Procs;OK;HARD;1;CPU OK: 334 processes
[1577169638] SERVICE FLAPPING ALERT: pservercluster1;Memory;STARTED; Service appears to have started flapping (20.3% change >= 20.0% threshold)
[1577169638] SERVICE ALERT: pservercluster1;Memory;WARNING;HARD;3;WARNING - 14.4% (3550196 kB) free!
[1577170238] SERVICE ALERT: pservercluster1;Memory;CRITICAL;HARD;3;CRITICAL - 9.2% (2270760 kB) free!
[1577170694] Auto-save of retention data completed successfully.
[1577170801] SERVICE NOTIFICATION: nagiosadmin;webservercluster2;CPU_Procs;CRITICAL;notify-service-by-email;CPU CRITICAL: 1 crit, 0 warn out of 302 processes
[1577173085] SERVICE NOTIFICATION: nagiosadmin;primary-server;Nginx Error Log Status;CRITICAL;notify-service-by-email;(39) < 2019/12/24 13:06:14 [error] 20757#0: *19597117 connect() failed (111: Connection refused) while connecting to upstream, client: 103.255.146.164, server: 0.0.0.0:3000, upstream: "10.147.212.155:3000", bytes from/to client:0/0, bytes from/to upstream:0/0
[1577173407] EXTERNAL COMMAND: SCHEDULE_FORCED_SVC_CHECK;pservercluster1;Memory;1577173406
[1577173407] SERVICE ALERT: pservercluster1;Memory;OK;HARD;1;OK - 87.4% (21565044 kB) free.
[1577173410] EXTERNAL COMMAND: SCHEDULE_FORCED_SVC_CHECK;pservercluster1;Memory;1577173409
[1577173415] EXTERNAL COMMAND: SCHEDULE_FORCED_SVC_CHECK;pservercluster1;Memory;1577173414
[1577173835] SERVICE ALERT: pservercluster2;Memory;WARNING;SOFT;1;WARNING - 18.5% (4524704 kB) free!
[1577173955] SERVICE ALERT: pservercluster2;Memory;WARNING;SOFT;2;WARNING - 18.0% (4404216 kB) free!
[1577174075] SERVICE NOTIFICATION: nagiosadmin;pservercluster2;Memory;WARNING;notify-service-by-email;WARNING - 17.5% (4289556 kB) free!
[1577174075] SERVICE ALERT: pservercluster2;Memory;WARNING;HARD;3;WARNING - 17.5% (4289556 kB) free!
[1577174294] Auto-save of retention data completed successfully.
[1577174401] SERVICE NOTIFICATION: nagiosadmin;webservercluster2;CPU_Procs;CRITICAL;notify-service-by-email;CPU CRITICAL: 1 crit, 0 warn out of 302 processes
[1577176475] SERVICE NOTIFICATION: nagiosadmin;pservercluster2;Memory;CRITICAL;notify-service-by-email;CRITICAL - 7.1% (1730192 kB) free!
[1577176475] SERVICE ALERT: pservercluster2;Memory;CRITICAL;HARD;3;CRITICAL - 7.1% (1730192 kB) free!
[1577176685] SERVICE NOTIFICATION: nagiosadmin;primary-server;Nginx Error Log Status;CRITICAL;notify-service-by-email;(42) < 2019/12/24 14:07:00 [error] 20760#0: *19610382 connect() failed (111: Connection refused) while connecting to upstream, client: 103.255.146.164, server: 0.0.0.0:3000, upstream: "10.147.212.154:3000", bytes from/to client:0/0, bytes from/to upstream:0/0
[1577177428] SERVICE ALERT: webservercluster1;CPU_Procs;WARNING;SOFT;1;CPU WARNING: 1 warn out of 348 processes
[1577177478] SERVICE ALERT: sigqscluster1;Memory;WARNING;SOFT;1;WARNING - 19.8% (9771440 kB) free!
[1577177548] SERVICE ALERT: webservercluster1;CPU_Procs;OK;HARD;1;CPU OK: 343 processes
[1577177598] SERVICE ALERT: sigqscluster1;Memory;WARNING;SOFT;2;WARNING - 19.8% (9771316 kB) free!
[1577177718] SERVICE NOTIFICATION: nagiosadmin;sigqscluster1;Memory;WARNING;notify-service-by-email;WARNING - 19.2% (9480708 kB) free!
[1577177718] SERVICE ALERT: sigqscluster1;Memory;WARNING;HARD;3;WARNING - 19.2% (9480708 kB) free!
[1577177894] Auto-save of retention data completed successfully.
[1577178001] SERVICE NOTIFICATION: nagiosadmin;webservercluster2;CPU_Procs;CRITICAL;notify-service-by-email;CPU CRITICAL: 1 crit, 0 warn out of 309 processes
[1577180015] SERVICE ALERT: pservercluster1;Memory;WARNING;SOFT;1;WARNING - 16.6% (4091520 kB) free!
[1577180075] SERVICE NOTIFICATION: nagiosadmin;pservercluster2;Memory;CRITICAL;notify-service-by-email;CRITICAL - 0.8% (189592 kB) free!
[1577180135] SERVICE ALERT: pservercluster1;Memory;WARNING;SOFT;2;WARNING - 16.0% (3952100 kB) free!
[1577180255] SERVICE ALERT: pservercluster1;Memory;WARNING;HARD;3;WARNING - 15.4% (3802696 kB) free!
[1577180285] SERVICE NOTIFICATION: nagiosadmin;primary-server;Nginx Error Log Status;CRITICAL;notify-service-by-email;(48) < 2019/12/24 15:07:47 [error] 20758#0: *19623734 connect() failed (111: Connection refused) while connecting to upstream, client: 103.255.146.164, server: 0.0.0.0:3000, upstream: "10.147.212.154:3000", bytes from/to client:0/0, bytes from/to upstream:0/0
[1577180816] SERVICE ALERT: sservercluster1;Memory;WARNING;SOFT;1;WARNING - 19.6% (4814560 kB) free!
[1577180855] SERVICE ALERT: pservercluster1;Memory;CRITICAL;HARD;3;CRITICAL - 1.2% (299464 kB) free!
[1577180936] SERVICE ALERT: sservercluster1;Memory;WARNING;SOFT;2;WARNING - 19.2% (4707236 kB) free!
[1577180948] EXTERNAL COMMAND: SCHEDULE_FORCED_SVC_CHECK;pservercluster1;Memory;1577180947
[1577180948] SERVICE ALERT: pservercluster1;Memory;OK;HARD;1;OK - 86.2% (21283328 kB) free.
[1577180952] EXTERNAL COMMAND: SCHEDULE_FORCED_SVC_CHECK;pservercluster1;Memory;1577180951
[1577180955] EXTERNAL COMMAND: SCHEDULE_FORCED_SVC_CHECK;pservercluster1;Memory;1577180954
[1577180983] EXTERNAL COMMAND: SCHEDULE_FORCED_SVC_CHECK;pservercluster2;Memory;1577180982
[1577180984] SERVICE NOTIFICATION: nagiosadmin;pservercluster2;Memory;OK;notify-service-by-email;OK - 63.6% (15584008 kB) free.
[1577180984] SERVICE ALERT: pservercluster2;Memory;OK;HARD;1;OK - 63.6% (15584008 kB) free.
[1577180986] EXTERNAL COMMAND: SCHEDULE_FORCED_SVC_CHECK;pservercluster2;Memory;1577180985
[1577181056] SERVICE NOTIFICATION: nagiosadmin;sservercluster1;Memory;WARNING;notify-service-by-email;WARNING - 18.7% (4587904 kB) free!
[1577181056] SERVICE ALERT: sservercluster1;Memory;WARNING;HARD;3;WARNING - 18.7% (4587904 kB) free!
[1577181318] SERVICE NOTIFICATION: nagiosadmin;sigqscluster1;Memory;WARNING;notify-service-by-email;WARNING - 13.0% (6427736 kB) free!
[1577181494] Auto-save of retention data completed successfully.
[1577181601] SERVICE NOTIFICATION: nagiosadmin;webservercluster2;CPU_Procs;CRITICAL;notify-service-by-email;CPU CRITICAL: 1 crit, 0 warn out of 302 processes
[1577181918] SERVICE NOTIFICATION: nagiosadmin;sigqscluster1;Memory;CRITICAL;notify-service-by-email;CRITICAL - 9.6% (4752692 kB) free!
[1577181918] SERVICE ALERT: sigqscluster1;Memory;CRITICAL;HARD;3;CRITICAL - 9.6% (4752692 kB) free!
[1577183778] SERVICE ALERT: pservercluster1;CPU Load;CRITICAL;SOFT;1;CRITICAL - load average: 1032.13, 883.81, 464.28
[1577183785] SERVICE ALERT: smscapp1;Memory;WARNING;SOFT;1;WARNING - 17.7% (8720332 kB) free!
[1577183813] SERVICE ALERT: redis-1;CPU_Procs;WARNING;SOFT;1;CPU WARNING: 1 warn out of 402 processes
[1577183886] SERVICE NOTIFICATION: nagiosadmin;primary-server;Nginx Error Log Status;CRITICAL;notify-service-by-email;(1565) < 2019/12/24 16:07:57 [error] 20760#0: *19632451 recv() failed (104: Connection reset by peer) while proxying connection, client: 103.209.99.7, server: 0.0.0.0:13000, upstream: "10.147.212.143:13000", bytes from/to client:43/0, bytes from/to upstream:0/43
[1577183898] SERVICE ALERT: pservercluster1;CPU Load;CRITICAL;SOFT;2;CRITICAL - load average: 194.75, 639.03, 427.65
[1577183898] SERVICE ALERT: pservercluster1;Total Processes;CRITICAL;SOFT;1;PROCS CRITICAL: 735 processes
[1577183905] SERVICE ALERT: smscapp1;Memory;WARNING;SOFT;2;WARNING - 17.3% (8512924 kB) free!
[1577183933] SERVICE ALERT: redis-1;CPU_Procs;OK;HARD;1;CPU OK: 401 processes
[1577184018] SERVICE NOTIFICATION: nagiosadmin;pservercluster1;CPU Load;WARNING;notify-service-by-email;WARNING - load average: 27.62, 428.07, 375.97
[1577184018] SERVICE ALERT: pservercluster1;CPU Load;WARNING;HARD;3;WARNING - load average: 27.62, 428.07, 375.97
[1577184018] SERVICE ALERT: pservercluster1;Total Processes;OK;HARD;1;PROCS OK: 530 processes
[1577184025] SERVICE NOTIFICATION: nagiosadmin;smscapp1;Memory;WARNING;notify-service-by-email;WARNING - 16.9% (8313912 kB) free!
[1577184025] SERVICE ALERT: smscapp1;Memory;WARNING;HARD;3;WARNING - 16.9% (8313912 kB) free!
[1577184280] SERVICE ALERT: primary-server;Nginx Access Log Status;CRITICAL;SOFT;1;(1440) < 103.255.146.164 [24/Dec/2019:16:06:52 +0530] TCP 502 0 0 0.000 "backend_3000" "0" "0" "0.000"
[1577184401] SERVICE ALERT: primary-server;Nginx Access Log Status;OK;HARD;1;Log check ok - 0 pattern matches found
[1577184618] SERVICE NOTIFICATION: nagiosadmin;pservercluster1;CPU Load;OK;notify-service-by-email;OK - load average: 0.94, 58.32, 197.53
[1577184618] SERVICE ALERT: pservercluster1;CPU Load;OK;HARD;1;OK - load average: 0.94, 58.32, 197.53
[1577184657] SERVICE NOTIFICATION: nagiosadmin;sservercluster1;Memory;CRITICAL;notify-service-by-email;CRITICAL - 9.6% (2349008 kB) free!
[1577184657] SERVICE ALERT: sservercluster1;Memory;CRITICAL;HARD;3;CRITICAL - 9.6% (2349008 kB) free!
[1577185094] Auto-save of retention data completed successfully.
[1577185155] SERVICE ALERT: pservercluster1;Memory;WARNING;SOFT;1;WARNING - 16.3% (4031820 kB) free!
[1577185201] SERVICE NOTIFICATION: nagiosadmin;webservercluster2;CPU_Procs;CRITICAL;notify-service-by-email;CPU CRITICAL: 1 crit, 0 warn out of 308 processes
[1577185275] SERVICE ALERT: pservercluster1;Memory;WARNING;SOFT;2;WARNING - 12.0% (2972280 kB) free!
[1577185395] SERVICE ALERT: pservercluster1;Memory;WARNING;HARD;3;WARNING - 10.8% (2669012 kB) free!
[1577185518] SERVICE NOTIFICATION: nagiosadmin;sigqscluster1;Memory;CRITICAL;notify-service-by-email;CRITICAL - 1.0% (511156 kB) free!
[1577185995] SERVICE ALERT: pservercluster1;Memory;CRITICAL;HARD;3;CRITICAL - 9.4% (2313152 kB) free!
[1577186201] SERVICE ALERT: webservercluster1;Total Processes;WARNING;SOFT;1;PROCS WARNING: 552 processes
[1577186321] SERVICE ALERT: webservercluster1;Total Processes;WARNING;SOFT;2;PROCS WARNING: 554 processes
[1577186333] SERVICE ALERT: redis-1;CPU_Procs;WARNING;SOFT;1;CPU WARNING: 1 warn out of 402 processes
[1577186395] EXTERNAL COMMAND: SCHEDULE_FORCED_SVC_CHECK;pservercluster1;Memory;1577186394
[1577186395] SERVICE ALERT: pservercluster1;Memory;OK;HARD;1;OK - 92.2% (22748396 kB) free.
[1577186442] SERVICE NOTIFICATION: nagiosadmin;webservercluster1;Total Processes;WARNING;notify-service-by-email;PROCS WARNING: 559 processes
[1577186442] SERVICE ALERT: webservercluster1;Total Processes;WARNING;HARD;3;PROCS WARNING: 559 processes
[1577186453] SERVICE ALERT: redis-1;CPU_Procs;OK;HARD;1;CPU OK: 401 processes
[1577186550] EXTERNAL COMMAND: SCHEDULE_FORCED_SVC_CHECK;sigqscluster1;Memory;1577186546
[1577186550] SERVICE NOTIFICATION: nagiosadmin;sigqscluster1;Memory;OK;notify-service-by-email;OK - 78.3% (38590708 kB) free.
[1577186550] SERVICE ALERT: sigqscluster1;Memory;OK;HARD;1;OK - 78.3% (38590708 kB) free.
[1577186552] EXTERNAL COMMAND: SCHEDULE_FORCED_SVC_CHECK;sigqscluster1;Memory;1577186551
[1577186555] EXTERNAL COMMAND: SCHEDULE_FORCED_SVC_CHECK;sigqscluster1;Memory;1577186554
[1577186582] EXTERNAL COMMAND: SCHEDULE_FORCED_SVC_CHECK;sservercluster1;Memory;1577186581
[1577186582] SERVICE NOTIFICATION: nagiosadmin;sservercluster1;Memory;OK;notify-service-by-email;OK - 55.9% (13689440 kB) free.
[1577186582] SERVICE ALERT: sservercluster1;Memory;OK;HARD;1;OK - 55.9% (13689440 kB) free.
[1577186584] EXTERNAL COMMAND: SCHEDULE_FORCED_SVC_CHECK;sservercluster1;Memory;1577186584
[1577186587] EXTERNAL COMMAND: SCHEDULE_FORCED_SVC_CHECK;sservercluster1;Memory;1577186586
[1577187625] SERVICE NOTIFICATION: nagiosadmin;smscapp1;Memory;CRITICAL;notify-service-by-email;CRITICAL - 8.9% (4377240 kB) free!
[1577187625] SERVICE ALERT: smscapp1;Memory;CRITICAL;HARD;3;CRITICAL - 8.9% (4377240 kB) free!
[1577188086] SERVICE NOTIFICATION: nagiosadmin;primary-server;Nginx Error Log Status;CRITICAL;notify-service-by-email;(36) < 2019/12/24 17:18:02 [error] 20757#0: *19649156 connect() failed (111: Connection refused) while connecting to upstream, client: 103.255.146.164, server: 0.0.0.0:3000, upstream: "10.147.212.154:3000", bytes from/to client:0/0, bytes from/to upstream:0/0
[1577188242] SERVICE NOTIFICATION: nagiosadmin;webservercluster1;Total Processes;CRITICAL;notify-service-by-email;PROCS CRITICAL: 619 processes
[1577188242] SERVICE ALERT: webservercluster1;Total Processes;CRITICAL;HARD;3;PROCS CRITICAL: 619 processes
[1577188357] SERVICE ALERT: webservercluster1;Memory;WARNING;SOFT;1;WARNING - 19.9% (3240348 kB) free!
[1577188477] SERVICE ALERT: webservercluster1;Memory;WARNING;SOFT;2;WARNING - 19.6% (3188112 kB) free!
[1577188597] SERVICE NOTIFICATION: nagiosadmin;webservercluster1;Memory;WARNING;notify-service-by-email;WARNING - 19.6% (3193592 kB) free!
[1577188597] SERVICE ALERT: webservercluster1;Memory;WARNING;HARD;3;WARNING - 19.6% (3193592 kB) free!
[1577188617] SERVICE ALERT: sservercluster2;Memory;WARNING;SOFT;1;WARNING - 19.8% (4862332 kB) free!
[1577188694] Auto-save of retention data completed successfully.
[1577188737] SERVICE ALERT: sservercluster2;Memory;WARNING;SOFT;2;WARNING - 19.5% (4787576 kB) free!
[1577188795] SERVICE ALERT: pservercluster1;Memory;WARNING;SOFT;1;WARNING - 13.1% (3231000 kB) free!
[1577188802] SERVICE NOTIFICATION: nagiosadmin;webservercluster2;CPU_Procs;CRITICAL;notify-service-by-email;CPU CRITICAL: 1 crit, 0 warn out of 303 processes
[1577188857] SERVICE NOTIFICATION: nagiosadmin;sservercluster2;Memory;WARNING;notify-service-by-email;WARNING - 19.3% (4727184 kB) free!
[1577188857] SERVICE ALERT: sservercluster2;Memory;WARNING;HARD;3;WARNING - 19.3% (4727184 kB) free!
[1577188915] SERVICE ALERT: pservercluster1;Memory;CRITICAL;SOFT;2;CRITICAL - 4.0% (993100 kB) free!
[1577189035] SERVICE ALERT: pservercluster1;Memory;CRITICAL;HARD;3;CRITICAL - 0.8% (187752 kB) free!
[1577189866] EXTERNAL COMMAND: SCHEDULE_FORCED_SVC_CHECK;pservercluster1;Memory;1577189864
[1577189866] SERVICE ALERT: pservercluster1;Memory;OK;HARD;1;OK - 91.6% (22600288 kB) free.
[1577189868] EXTERNAL COMMAND: SCHEDULE_FORCED_SVC_CHECK;pservercluster1;Memory;1577189868
[1577189872] EXTERNAL COMMAND: SCHEDULE_FORCED_SVC_CHECK;pservercluster1;Memory;1577189871
[1577189875] EXTERNAL COMMAND: SCHEDULE_FORCED_SVC_CHECK;pservercluster1;Memory;1577189874
[1577189903] EXTERNAL COMMAND: SCHEDULE_FORCED_SVC_CHECK;smscapp1;Memory;1577189902
[1577189903] SERVICE NOTIFICATION: nagiosadmin;smscapp1;Memory;OK;notify-service-by-email;OK - 48.5% (23906528 kB) free.
[1577189903] SERVICE ALERT: smscapp1;Memory;OK;HARD;1;OK - 48.5% (23906528 kB) free.
[1577189906] EXTERNAL COMMAND: SCHEDULE_FORCED_SVC_CHECK;smscapp1;Memory;1577189904
[1577191808] SERVICE ALERT: redis-1;Memory;CRITICAL;SOFT;1;CRITICAL - 7.4% (9694212 kB) free!
[1577191843] SERVICE NOTIFICATION: nagiosadmin;webservercluster1;Total Processes;CRITICAL;notify-service-by-email;PROCS CRITICAL: 760 processes
[1577191928] SERVICE ALERT: redis-1;Memory;CRITICAL;SOFT;2;CRITICAL - 0.3% (398728 kB) free!
[1577192048] SERVICE NOTIFICATION: nagiosadmin;redis-1;Memory;CRITICAL;notify-service-by-email;CRITICAL - 0.3% (437972 kB) free!
[1577192048] SERVICE ALERT: redis-1;Memory;CRITICAL;HARD;3;CRITICAL - 0.3% (437972 kB) free!
[1577192197] SERVICE NOTIFICATION: nagiosadmin;webservercluster1;Memory;CRITICAL;notify-service-by-email;CRITICAL - 1.3% (210192 kB) free!
[1577192197] SERVICE ALERT: webservercluster1;Memory;CRITICAL;HARD;3;CRITICAL - 1.3% (210192 kB) free!
[1577192286] SERVICE NOTIFICATION: nagiosadmin;primary-server;Nginx Error Log Status;CRITICAL;notify-service-by-email;(27) < 2019/12/24 18:27:28 [error] 20756#0: *19663972 connect() failed (111: Connection refused) while connecting to upstream, client: 103.255.146.164, server: 0.0.0.0:3000, upstream: "10.147.212.154:3000", bytes from/to client:0/0, bytes from/to upstream:0/0
[1577192294] Auto-save of retention data completed successfully.
[1577192457] SERVICE NOTIFICATION: nagiosadmin;sservercluster2;Memory;WARNING;notify-service-by-email;WARNING - 10.8% (2650160 kB) free!
[1577192798] SERVICE NOTIFICATION: nagiosadmin;webservercluster1;Memory;OK;notify-service-by-email;OK - 22.4% (3643192 kB) free.
[1577192798] SERVICE ALERT: webservercluster1;Memory;OK;HARD;1;OK - 22.4% (3643192 kB) free.
[1577193001] SERVICE NOTIFICATION: nagiosadmin;webservercluster2;CPU_Procs;CRITICAL;notify-service-by-email;CPU CRITICAL: 1 crit, 0 warn out of 313 processes
[1577193057] SERVICE NOTIFICATION: nagiosadmin;sservercluster2;Memory;CRITICAL;notify-service-by-email;CRITICAL - 10.0% (2443876 kB) free!
[1577193057] SERVICE ALERT: sservercluster2;Memory;CRITICAL;HARD;3;CRITICAL - 10.0% (2443876 kB) free!
[1577193398] SERVICE ALERT: webservercluster1;Memory;CRITICAL;SOFT;1;CRITICAL - 1.6% (253728 kB) free!
[1577193518] SERVICE ALERT: webservercluster1;Memory;CRITICAL;SOFT;2;CRITICAL - 1.5% (241992 kB) free!
[1577193638] SERVICE FLAPPING ALERT: webservercluster1;Memory;STARTED; Service appears to have started flapping (23.6% change >= 20.0% threshold)
[1577193638] SERVICE ALERT: webservercluster1;Memory;CRITICAL;HARD;3;CRITICAL - 1.7% (269428 kB) free!
[1577195648] SERVICE NOTIFICATION: nagiosadmin;redis-1;Memory;CRITICAL;notify-service-by-email;CRITICAL - 5.7% (7459476 kB) free!
[1577195894] Auto-save of retention data completed successfully.
[1577196042] SERVICE NOTIFICATION: nagiosadmin;webservercluster1;Total Processes;CRITICAL;notify-service-by-email;PROCS CRITICAL: 939 processes
[1577196475] SERVICE ALERT: pservercluster1;Memory;CRITICAL;SOFT;1;CRITICAL - 0.8% (187948 kB) free!
[1577196486] SERVICE NOTIFICATION: nagiosadmin;primary-server;Nginx Error Log Status;CRITICAL;notify-service-by-email;(26) < 2019/12/24 19:36:30 [error] 20756#0: *19678622 connect() failed (111: Connection refused) while connecting to upstream, client: 103.255.146.164, server: 0.0.0.0:3000, upstream: "10.147.212.154:3000", bytes from/to client:0/0, bytes from/to upstream:0/0
[1577196595] SERVICE ALERT: pservercluster1;Memory;CRITICAL;SOFT;2;CRITICAL - 0.7% (164160 kB) free!
[1577196602] SERVICE NOTIFICATION: nagiosadmin;webservercluster2;CPU_Procs;CRITICAL;notify-service-by-email;CPU CRITICAL: 1 crit, 0 warn out of 314 processes
[1577196657] SERVICE NOTIFICATION: nagiosadmin;sservercluster2;Memory;CRITICAL;notify-service-by-email;CRITICAL - 2.6% (625316 kB) free!
[1577196716] SERVICE ALERT: pservercluster1;Memory;CRITICAL;HARD;3;CRITICAL - 0.8% (192588 kB) free!
[1577199038] SERVICE ALERT: webservercluster1;Memory;WARNING;HARD;3;WARNING - 13.9% (2266088 kB) free!
[1577199042] SERVICE NOTIFICATION: nagiosadmin;webservercluster1;Total Processes;OK;notify-service-by-email;PROCS OK: 338 processes
[1577199042] SERVICE ALERT: webservercluster1;Total Processes;OK;HARD;1;PROCS OK: 338 processes
[1577199248] SERVICE NOTIFICATION: nagiosadmin;redis-1;Memory;CRITICAL;notify-service-by-email;CRITICAL - 6.4% (8450928 kB) free!
[1577199355] SERVICE ALERT: qservercluster2;Memory;WARNING;SOFT;1;WARNING - 19.5% (9620760 kB) free!
[1577199475] SERVICE ALERT: qservercluster2;Memory;WARNING;SOFT;2;WARNING - 19.4% (9562116 kB) free!
[1577199494] Auto-save of retention data completed successfully.
[1577199595] SERVICE NOTIFICATION: nagiosadmin;qservercluster2;Memory;WARNING;notify-service-by-email;WARNING - 19.3% (9506224 kB) free!
[1577199595] SERVICE ALERT: qservercluster2;Memory;WARNING;HARD;3;WARNING - 19.3% (9506224 kB) free!
[1577199658] EXTERNAL COMMAND: SCHEDULE_FORCED_SVC_CHECK;pservercluster1;Memory;1577199653
[1577199659] SERVICE ALERT: pservercluster1;Memory;OK;HARD;1;OK - 90.0% (22206844 kB) free.
[1577199662] EXTERNAL COMMAND: SCHEDULE_FORCED_SVC_CHECK;pservercluster1;Memory;1577199661
[1577199665] EXTERNAL COMMAND: SCHEDULE_FORCED_SVC_CHECK;pservercluster1;Memory;1577199664
[1577199700] EXTERNAL COMMAND: SCHEDULE_FORCED_SVC_CHECK;redis-1;Memory;1577199699
[1577199700] SERVICE NOTIFICATION: nagiosadmin;redis-1;Memory;OK;notify-service-by-email;OK - 23.0% (30256856 kB) free.
[1577199700] SERVICE ALERT: redis-1;Memory;OK;HARD;1;OK - 23.0% (30256856 kB) free.
[1577199704] EXTERNAL COMMAND: SCHEDULE_FORCED_SVC_CHECK;redis-1;Memory;1577199703
[1577199707] EXTERNAL COMMAND: SCHEDULE_FORCED_SVC_CHECK;redis-1;Memory;1577199706
[1577199743] EXTERNAL COMMAND: SCHEDULE_FORCED_SVC_CHECK;sservercluster2;Memory;1577199742
[1577199743] SERVICE NOTIFICATION: nagiosadmin;sservercluster2;Memory;OK;notify-service-by-email;OK - 56.3% (13807796 kB) free.
[1577199743] SERVICE ALERT: sservercluster2;Memory;OK;HARD;1;OK - 56.3% (13807796 kB) free.
[1577199746] EXTERNAL COMMAND: SCHEDULE_FORCED_SVC_CHECK;sservercluster2;Memory;1577199745
[1577200186] SERVICE ALERT: pservercluster2;Memory;WARNING;SOFT;1;WARNING - 19.4% (4756044 kB) free!
[1577200306] SERVICE ALERT: pservercluster2;Memory;WARNING;SOFT;2;WARNING - 19.1% (4679320 kB) free!
[1577200426] SERVICE NOTIFICATION: nagiosadmin;pservercluster2;Memory;WARNING;notify-service-by-email;WARNING - 18.8% (4611804 kB) free!
[1577200426] SERVICE ALERT: pservercluster2;Memory;WARNING;HARD;3;WARNING - 18.8% (4611804 kB) free!
[1577200686] SERVICE NOTIFICATION: nagiosadmin;primary-server;Nginx Error Log Status;CRITICAL;notify-service-by-email;(9) < 2019/12/24 20:46:14 [error] 20750#0: *19693312 connect() failed (111: Connection refused) while connecting to upstream, client: 103.255.146.164, server: 0.0.0.0:3000, upstream: "10.147.212.155:3000", bytes from/to client:0/0, bytes from/to upstream:0/0
[1577200801] SERVICE NOTIFICATION: nagiosadmin;webservercluster2;CPU_Procs;CRITICAL;notify-service-by-email;CPU CRITICAL: 1 crit, 0 warn out of 312 processes
[1577203094] Auto-save of retention data completed successfully.
[1577203196] SERVICE NOTIFICATION: nagiosadmin;qservercluster2;Memory;WARNING;notify-service-by-email;WARNING - 16.6% (8163620 kB) free!
[1577203355] SERVICE ALERT: sigqscluster1;Memory;WARNING;SOFT;1;WARNING - 18.4% (9091476 kB) free!
[1577203475] SERVICE ALERT: sigqscluster1;Memory;WARNING;SOFT;2;WARNING - 18.4% (9090832 kB) free!
[1577203595] SERVICE NOTIFICATION: nagiosadmin;sigqscluster1;Memory;WARNING;notify-service-by-email;WARNING - 18.4% (9089976 kB) free!
[1577203595] SERVICE ALERT: sigqscluster1;Memory;WARNING;HARD;3;WARNING - 18.4% (9089976 kB) free!
[1577204026] SERVICE NOTIFICATION: nagiosadmin;pservercluster2;Memory;WARNING;notify-service-by-email;WARNING - 13.2% (3228452 kB) free!
[1577204401] SERVICE NOTIFICATION: nagiosadmin;webservercluster2;CPU_Procs;CRITICAL;notify-service-by-email;CPU CRITICAL: 1 crit, 0 warn out of 311 processes
[1577204885] SERVICE NOTIFICATION: nagiosadmin;primary-server;Nginx Error Log Status;CRITICAL;notify-service-by-email;(3) < 2019/12/24 21:55:45 [error] 20756#0: *19707969 connect() failed (111: Connection refused) while connecting to upstream, client: 183.82.105.122, server: 0.0.0.0:3000, upstream: "10.147.212.154:3000", bytes from/to client:0/0, bytes from/to upstream:0/0
[1577205638] SERVICE FLAPPING ALERT: webservercluster1;Memory;STOPPED; Service appears to have stopped flapping (4.8% change < 5.0% threshold)
[1577205638] SERVICE NOTIFICATION: nagiosadmin;webservercluster1;Memory;WARNING;notify-service-by-email;WARNING - 14.0% (2271640 kB) free!
[1577206694] Auto-save of retention data completed successfully.
[1577207195] SERVICE NOTIFICATION: nagiosadmin;sigqscluster1;Memory;WARNING;notify-service-by-email;WARNING - 17.0% (8380780 kB) free!
[1577207395] SERVICE NOTIFICATION: nagiosadmin;qservercluster2;Memory;WARNING;notify-service-by-email;WARNING - 15.7% (7718952 kB) free!
[1577207465] SERVICE FLAPPING ALERT: pservercluster1;Memory;STOPPED; Service appears to have stopped flapping (4.3% change < 5.0% threshold)
[1577207465] SERVICE NOTIFICATION: nagiosadmin;pservercluster1;Memory;OK;notify-service-by-email;OK - 57.8% (14266256 kB) free.
[1577207587] SERVICE ALERT: sservercluster1;Memory;WARNING;SOFT;1;WARNING - 19.4% (4764028 kB) free!
[1577207626] SERVICE NOTIFICATION: nagiosadmin;pservercluster2;Memory;WARNING;notify-service-by-email;WARNING - 10.7% (2611264 kB) free!
[1577207707] SERVICE ALERT: sservercluster1;Memory;WARNING;SOFT;2;WARNING - 19.3% (4733324 kB) free!
[1577207827] SERVICE NOTIFICATION: nagiosadmin;sservercluster1;Memory;WARNING;notify-service-by-email;WARNING - 19.2% (4694572 kB) free!
[1577207827] SERVICE ALERT: sservercluster1;Memory;WARNING;HARD;3;WARNING - 19.2% (4694572 kB) free!
[1577208001] SERVICE NOTIFICATION: nagiosadmin;webservercluster2;CPU_Procs;CRITICAL;notify-service-by-email;CPU CRITICAL: 1 crit, 0 warn out of 309 processes
[1577208485] SERVICE NOTIFICATION: nagiosadmin;primary-server;Nginx Error Log Status;CRITICAL;notify-service-by-email;(6) < 2019/12/24 22:55:45 [error] 20756#0: *19720678 connect() failed (111: Connection refused) while connecting to upstream, client: 183.82.105.122, server: 0.0.0.0:3000, upstream: "10.147.212.155:3000", bytes from/to client:0/0, bytes from/to upstream:0/0
[1577208748] SERVICE ALERT: webservercluster1;CPU_Procs;WARNING;SOFT;1;CPU WARNING: 1 warn out of 336 processes
[1577208826] SERVICE NOTIFICATION: nagiosadmin;pservercluster2;Memory;CRITICAL;notify-service-by-email;CRITICAL - 9.8% (2404696 kB) free!
[1577208826] SERVICE ALERT: pservercluster2;Memory;CRITICAL;HARD;3;CRITICAL - 9.8% (2404696 kB) free!
[1577208868] SERVICE ALERT: webservercluster1;CPU_Procs;OK;HARD;1;CPU OK: 336 processes
[1577209238] SERVICE NOTIFICATION: nagiosadmin;webservercluster1;Memory;WARNING;notify-service-by-email;WARNING - 13.9% (2267224 kB) free!
[1577210294] Auto-save of retention data completed successfully.
[1577210795] SERVICE NOTIFICATION: nagiosadmin;sigqscluster1;Memory;WARNING;notify-service-by-email;WARNING - 16.3% (8052072 kB) free!
[1577210995] SERVICE NOTIFICATION: nagiosadmin;qservercluster2;Memory;WARNING;notify-service-by-email;WARNING - 15.2% (7491440 kB) free!
[1577211427] SERVICE NOTIFICATION: nagiosadmin;sservercluster1;Memory;WARNING;notify-service-by-email;WARNING - 13.5% (3315388 kB) free!
[1577211601] SERVICE NOTIFICATION: nagiosadmin;webservercluster2;CPU_Procs;CRITICAL;notify-service-by-email;CPU CRITICAL: 1 crit, 0 warn out of 311 processes
[1577212085] SERVICE NOTIFICATION: nagiosadmin;primary-server;Nginx Error Log Status;CRITICAL;notify-service-by-email;(9) < 2019/12/24 23:56:14 [error] 20758#0: *19733445 connect() failed (111: Connection refused) while connecting to upstream, client: 103.255.146.164, server: 0.0.0.0:3000, upstream: "10.147.212.155:3000", bytes from/to client:0/0, bytes from/to upstream:0/0
