[1542277362] Nagios 4.4.2 starting... (PID=2983)
[1542277362] Local time is Thu Nov 15 15:52:42 IST 2018
[1542277362] LOG VERSION: 2.0
[1542277362] qh: Socket '/usr/local/nagios/var/rw/nagios.qh' successfully initialized
[1542277362] qh: core query handler registered
[1542277362] qh: echo service query handler registered
[1542277362] qh: help for the query handler registered
[1542277362] wproc: Successfully registered manager as @wproc with query handler
[1542277362] wproc: Registry request: name=Core Worker 2984;pid=2984
[1542277362] wproc: Registry request: name=Core Worker 2986;pid=2986
[1542277362] wproc: Registry request: name=Core Worker 2987;pid=2987
[1542277362] wproc: Registry request: name=Core Worker 2985;pid=2985
[1542277362] wproc: Registry request: name=Core Worker 2988;pid=2988
[1542277362] wproc: Registry request: name=Core Worker 2989;pid=2989
[1542277362] wproc: Registry request: name=Core Worker 2991;pid=2991
[1542277362] wproc: Registry request: name=Core Worker 2992;pid=2992
[1542277362] wproc: Registry request: name=Core Worker 2990;pid=2990
[1542277362] wproc: Registry request: name=Core Worker 2994;pid=2994
[1542277362] wproc: Registry request: name=Core Worker 2993;pid=2993
[1542277362] wproc: Registry request: name=Core Worker 2995;pid=2995
[1542277362] wproc: Registry request: name=Core Worker 2997;pid=2997
[1542277362] wproc: Registry request: name=Core Worker 2996;pid=2996
[1542277362] wproc: Registry request: name=Core Worker 2998;pid=2998
[1542277362] wproc: Registry request: name=Core Worker 2999;pid=2999
[1542277362] wproc: Registry request: name=Core Worker 3000;pid=3000
[1542277362] wproc: Registry request: name=Core Worker 3002;pid=3002
[1542277362] wproc: Registry request: name=Core Worker 3001;pid=3001
[1542277362] wproc: Registry request: name=Core Worker 3005;pid=3005
[1542277362] wproc: Registry request: name=Core Worker 3003;pid=3003
[1542277362] wproc: Registry request: name=Core Worker 3004;pid=3004
[1542277362] wproc: Registry request: name=Core Worker 3006;pid=3006
[1542277362] wproc: Registry request: name=Core Worker 3007;pid=3007
[1542277372] Successfully launched command file worker with pid 3174
[1542277474] SERVICE ALERT: localhost;HTTP;WARNING;SOFT;1;HTTP WARNING: HTTP/1.1 403 Forbidden - 5242 bytes in 0.002 second response time
[1542277534] SERVICE ALERT: localhost;HTTP;WARNING;SOFT;2;HTTP WARNING: HTTP/1.1 403 Forbidden - 5242 bytes in 0.002 second response time
[1542277594] SERVICE ALERT: localhost;HTTP;WARNING;SOFT;3;HTTP WARNING: HTTP/1.1 403 Forbidden - 5242 bytes in 0.001 second response time
[1542277654] SERVICE ALERT: localhost;HTTP;WARNING;HARD;4;HTTP WARNING: HTTP/1.1 403 Forbidden - 5242 bytes in 0.001 second response time
[1542278077] Caught SIGTERM, shutting down...
[1542278077] Caught SIGTERM, shutting down...
[1542278077] Caught SIGTERM, shutting down...
[1542278077] Successfully shutdown... (PID=2983)
[1542278077] Nagios 4.4.2 starting... (PID=15051)
[1542278077] Local time is Thu Nov 15 16:04:37 IST 2018
[1542278077] LOG VERSION: 2.0
[1542278077] qh: Socket '/usr/local/nagios/var/rw/nagios.qh' successfully initialized
[1542278077] qh: core query handler registered
[1542278077] qh: echo service query handler registered
[1542278077] qh: help for the query handler registered
[1542278077] wproc: Successfully registered manager as @wproc with query handler
[1542278077] wproc: Registry request: name=Core Worker 15053;pid=15053
[1542278077] wproc: Registry request: name=Core Worker 15054;pid=15054
[1542278077] wproc: Registry request: name=Core Worker 15055;pid=15055
[1542278077] wproc: Registry request: name=Core Worker 15056;pid=15056
[1542278077] wproc: Registry request: name=Core Worker 15057;pid=15057
[1542278077] wproc: Registry request: name=Core Worker 15052;pid=15052
[1542278077] wproc: Registry request: name=Core Worker 15058;pid=15058
[1542278077] wproc: Registry request: name=Core Worker 15059;pid=15059
[1542278077] wproc: Registry request: name=Core Worker 15060;pid=15060
[1542278077] wproc: Registry request: name=Core Worker 15063;pid=15063
[1542278077] wproc: Registry request: name=Core Worker 15066;pid=15066
[1542278077] wproc: Registry request: name=Core Worker 15065;pid=15065
[1542278077] wproc: Registry request: name=Core Worker 15061;pid=15061
[1542278077] wproc: Registry request: name=Core Worker 15068;pid=15068
[1542278077] wproc: Registry request: name=Core Worker 15062;pid=15062
[1542278077] wproc: Registry request: name=Core Worker 15064;pid=15064
[1542278077] wproc: Registry request: name=Core Worker 15069;pid=15069
[1542278077] wproc: Registry request: name=Core Worker 15067;pid=15067
[1542278077] wproc: Registry request: name=Core Worker 15072;pid=15072
[1542278077] wproc: Registry request: name=Core Worker 15070;pid=15070
[1542278077] wproc: Registry request: name=Core Worker 15071;pid=15071
[1542278077] wproc: Registry request: name=Core Worker 15073;pid=15073
[1542278077] wproc: Registry request: name=Core Worker 15074;pid=15074
[1542278077] wproc: Registry request: name=Core Worker 15075;pid=15075
[1542278087] Successfully launched command file worker with pid 15241
[1542278213] EXTERNAL COMMAND: SCHEDULE_FORCED_SVC_CHECK;localhost;SSH;1542278212
[1542278232] EXTERNAL COMMAND: ENABLE_SVC_NOTIFICATIONS;localhost;SSH
[1542278320] EXTERNAL COMMAND: SCHEDULE_FORCED_SVC_CHECK;localhost;HTTP;1542278319
[1542278334] EXTERNAL COMMAND: ENABLE_SVC_NOTIFICATIONS;localhost;HTTP
[1542278620] SERVICE NOTIFICATION: nagiosadmin;localhost;HTTP;WARNING;notify-service-by-email;HTTP WARNING: HTTP/1.1 403 Forbidden - 5253 bytes in 0.002 second response time
[1542278637] SERVICE ALERT: localhost;Current Users;WARNING;SOFT;1;USERS WARNING - 21 users currently logged in
[1542278697] SERVICE ALERT: localhost;Current Users;WARNING;SOFT;2;USERS WARNING - 21 users currently logged in
[1542278757] SERVICE ALERT: localhost;Current Users;WARNING;SOFT;3;USERS WARNING - 21 users currently logged in
[1542278817] SERVICE NOTIFICATION: nagiosadmin;localhost;Current Users;WARNING;notify-service-by-email;USERS WARNING - 21 users currently logged in
[1542278817] SERVICE ALERT: localhost;Current Users;WARNING;HARD;4;USERS WARNING - 21 users currently logged in
[1542279117] SERVICE NOTIFICATION: nagiosadmin;localhost;Current Users;OK;notify-service-by-email;USERS OK - 20 users currently logged in
[1542279117] SERVICE ALERT: localhost;Current Users;OK;HARD;1;USERS OK - 20 users currently logged in
[1542280317] SERVICE ALERT: localhost;Current Users;WARNING;SOFT;1;USERS WARNING - 21 users currently logged in
[1542280377] SERVICE ALERT: localhost;Current Users;WARNING;SOFT;2;USERS WARNING - 21 users currently logged in
[1542280437] SERVICE ALERT: localhost;Current Users;WARNING;SOFT;3;USERS WARNING - 21 users currently logged in
[1542280497] SERVICE NOTIFICATION: nagiosadmin;localhost;Current Users;WARNING;notify-service-by-email;USERS WARNING - 21 users currently logged in
[1542280497] SERVICE ALERT: localhost;Current Users;WARNING;HARD;4;USERS WARNING - 21 users currently logged in
[1542281677] Auto-save of retention data completed successfully.
[1542282221] SERVICE NOTIFICATION: nagiosadmin;localhost;HTTP;WARNING;notify-service-by-email;HTTP WARNING: HTTP/1.1 403 Forbidden - 5253 bytes in 0.002 second response time
[1542284097] SERVICE NOTIFICATION: nagiosadmin;localhost;Current Users;WARNING;notify-service-by-email;USERS WARNING - 26 users currently logged in
[1542285277] Auto-save of retention data completed successfully.
[1542285821] SERVICE NOTIFICATION: nagiosadmin;localhost;HTTP;WARNING;notify-service-by-email;HTTP WARNING: HTTP/1.1 403 Forbidden - 5253 bytes in 0.002 second response time
[1542287112] Caught SIGTERM, shutting down...
[1542287112] Caught SIGTERM, shutting down...
[1542287112] Caught SIGTERM, shutting down...
[1542287112] Successfully shutdown... (PID=15051)
[1542287112] Nagios 4.4.2 starting... (PID=10874)
[1542287112] Local time is Thu Nov 15 18:35:12 IST 2018
[1542287112] LOG VERSION: 2.0
[1542287112] qh: Socket '/usr/local/nagios/var/rw/nagios.qh' successfully initialized
[1542287112] qh: core query handler registered
[1542287112] qh: echo service query handler registered
[1542287112] qh: help for the query handler registered
[1542287112] wproc: Successfully registered manager as @wproc with query handler
[1542287112] wproc: Registry request: name=Core Worker 10875;pid=10875
[1542287112] wproc: Registry request: name=Core Worker 10876;pid=10876
[1542287112] wproc: Registry request: name=Core Worker 10877;pid=10877
[1542287112] wproc: Registry request: name=Core Worker 10878;pid=10878
[1542287112] wproc: Registry request: name=Core Worker 10879;pid=10879
[1542287112] wproc: Registry request: name=Core Worker 10880;pid=10880
[1542287112] wproc: Registry request: name=Core Worker 10883;pid=10883
[1542287112] wproc: Registry request: name=Core Worker 10884;pid=10884
[1542287112] wproc: Registry request: name=Core Worker 10881;pid=10881
[1542287112] wproc: Registry request: name=Core Worker 10885;pid=10885
[1542287112] wproc: Registry request: name=Core Worker 10882;pid=10882
[1542287112] wproc: Registry request: name=Core Worker 10886;pid=10886
[1542287112] wproc: Registry request: name=Core Worker 10887;pid=10887
[1542287112] wproc: Registry request: name=Core Worker 10888;pid=10888
[1542287112] wproc: Registry request: name=Core Worker 10889;pid=10889
[1542287112] wproc: Registry request: name=Core Worker 10890;pid=10890
[1542287112] wproc: Registry request: name=Core Worker 10891;pid=10891
[1542287112] wproc: Registry request: name=Core Worker 10895;pid=10895
[1542287112] wproc: Registry request: name=Core Worker 10893;pid=10893
[1542287112] wproc: Registry request: name=Core Worker 10894;pid=10894
[1542287112] wproc: Registry request: name=Core Worker 10896;pid=10896
[1542287112] wproc: Registry request: name=Core Worker 10897;pid=10897
[1542287112] wproc: Registry request: name=Core Worker 10899;pid=10899
[1542287112] wproc: Registry request: name=Core Worker 10898;pid=10898
[1542287113] Caught SIGTERM, shutting down...
[1542287113] Caught SIGTERM, shutting down...
[1542287122] Successfully launched command file worker with pid 11075
[1542287122] Successfully shutdown... (PID=10874)
[1542287122] Nagios 4.4.2 starting... (PID=11083)
[1542287122] Local time is Thu Nov 15 18:35:22 IST 2018
[1542287122] LOG VERSION: 2.0
[1542287122] qh: Socket '/usr/local/nagios/var/rw/nagios.qh' successfully initialized
[1542287122] qh: core query handler registered
[1542287122] qh: echo service query handler registered
[1542287122] qh: help for the query handler registered
[1542287122] wproc: Successfully registered manager as @wproc with query handler
[1542287122] wproc: Registry request: name=Core Worker 11084;pid=11084
[1542287122] wproc: Registry request: name=Core Worker 11085;pid=11085
[1542287122] wproc: Registry request: name=Core Worker 11087;pid=11087
[1542287122] wproc: Registry request: name=Core Worker 11086;pid=11086
[1542287122] wproc: Registry request: name=Core Worker 11088;pid=11088
[1542287122] wproc: Registry request: name=Core Worker 11089;pid=11089
[1542287122] wproc: Registry request: name=Core Worker 11091;pid=11091
[1542287122] wproc: Registry request: name=Core Worker 11092;pid=11092
[1542287122] wproc: Registry request: name=Core Worker 11093;pid=11093
[1542287122] wproc: Registry request: name=Core Worker 11090;pid=11090
[1542287122] wproc: Registry request: name=Core Worker 11094;pid=11094
[1542287122] wproc: Registry request: name=Core Worker 11096;pid=11096
[1542287122] wproc: Registry request: name=Core Worker 11097;pid=11097
[1542287122] wproc: Registry request: name=Core Worker 11095;pid=11095
[1542287122] wproc: Registry request: name=Core Worker 11099;pid=11099
[1542287122] wproc: Registry request: name=Core Worker 11100;pid=11100
[1542287122] wproc: Registry request: name=Core Worker 11098;pid=11098
[1542287122] wproc: Registry request: name=Core Worker 11103;pid=11103
[1542287122] wproc: Registry request: name=Core Worker 11101;pid=11101
[1542287122] wproc: Registry request: name=Core Worker 11102;pid=11102
[1542287122] wproc: Registry request: name=Core Worker 11105;pid=11105
[1542287122] wproc: Registry request: name=Core Worker 11104;pid=11104
[1542287122] wproc: Registry request: name=Core Worker 11107;pid=11107
[1542287122] wproc: Registry request: name=Core Worker 11106;pid=11106
[1542287132] Successfully launched command file worker with pid 11282
[1542287275] Caught SIGTERM, shutting down...
[1542287275] Caught SIGTERM, shutting down...
[1542287275] Caught SIGTERM, shutting down...
[1542287275] Successfully shutdown... (PID=11083)
[1542287275] Nagios 4.4.2 starting... (PID=13636)
[1542287275] Local time is Thu Nov 15 18:37:55 IST 2018
[1542287275] LOG VERSION: 2.0
[1542287275] qh: Socket '/usr/local/nagios/var/rw/nagios.qh' successfully initialized
[1542287275] qh: core query handler registered
[1542287275] qh: echo service query handler registered
[1542287275] qh: help for the query handler registered
[1542287275] wproc: Successfully registered manager as @wproc with query handler
[1542287275] wproc: Registry request: name=Core Worker 13637;pid=13637
[1542287275] wproc: Registry request: name=Core Worker 13638;pid=13638
[1542287275] wproc: Registry request: name=Core Worker 13639;pid=13639
[1542287275] wproc: Registry request: name=Core Worker 13640;pid=13640
[1542287275] wproc: Registry request: name=Core Worker 13641;pid=13641
[1542287275] wproc: Registry request: name=Core Worker 13642;pid=13642
[1542287275] wproc: Registry request: name=Core Worker 13643;pid=13643
[1542287275] wproc: Registry request: name=Core Worker 13644;pid=13644
[1542287275] wproc: Registry request: name=Core Worker 13646;pid=13646
[1542287275] wproc: Registry request: name=Core Worker 13647;pid=13647
[1542287275] wproc: Registry request: name=Core Worker 13648;pid=13648
[1542287275] wproc: Registry request: name=Core Worker 13649;pid=13649
[1542287275] wproc: Registry request: name=Core Worker 13645;pid=13645
[1542287275] wproc: Registry request: name=Core Worker 13652;pid=13652
[1542287275] wproc: Registry request: name=Core Worker 13651;pid=13651
[1542287275] wproc: Registry request: name=Core Worker 13650;pid=13650
[1542287275] wproc: Registry request: name=Core Worker 13653;pid=13653
[1542287275] wproc: Registry request: name=Core Worker 13655;pid=13655
[1542287275] wproc: Registry request: name=Core Worker 13654;pid=13654
[1542287275] wproc: Registry request: name=Core Worker 13657;pid=13657
[1542287275] wproc: Registry request: name=Core Worker 13658;pid=13658
[1542287275] wproc: Registry request: name=Core Worker 13656;pid=13656
[1542287275] wproc: Registry request: name=Core Worker 13660;pid=13660
[1542287275] wproc: Registry request: name=Core Worker 13659;pid=13659
[1542287285] Successfully launched command file worker with pid 13827
[1542287367] SERVICE ALERT: prinary-server;FTP Monitoring;CRITICAL;SOFT;1;NRPE: Command 'check_ftp' not defined
[1542287431] SERVICE ALERT: prinary-server;SSH Monitoring;CRITICAL;SOFT;1;NRPE: Command 'check_ssh' not defined
[1542287487] SERVICE ALERT: prinary-server;FTP Monitoring;CRITICAL;SOFT;2;NRPE: Command 'check_ftp' not defined
[1542287495] SERVICE ALERT: prinary-server;Total Processes;CRITICAL;SOFT;1;PROCS CRITICAL: 330 processes
[1542287551] SERVICE ALERT: prinary-server;SSH Monitoring;CRITICAL;SOFT;2;NRPE: Command 'check_ssh' not defined
[1542287607] SERVICE NOTIFICATION: nagiosadmin;prinary-server;FTP Monitoring;CRITICAL;notify-service-by-email;NRPE: Command 'check_ftp' not defined
[1542287607] SERVICE ALERT: prinary-server;FTP Monitoring;CRITICAL;HARD;3;NRPE: Command 'check_ftp' not defined
[1542287615] SERVICE ALERT: prinary-server;Total Processes;CRITICAL;SOFT;2;PROCS CRITICAL: 329 processes
[1542287665] Caught SIGTERM, shutting down...
[1542287665] Caught SIGTERM, shutting down...
[1542287665] Caught SIGTERM, shutting down...
[1542287665] Successfully shutdown... (PID=13636)
[1542287665] Nagios 4.4.2 starting... (PID=20407)
[1542287665] Local time is Thu Nov 15 18:44:25 IST 2018
[1542287665] LOG VERSION: 2.0
[1542287665] qh: Socket '/usr/local/nagios/var/rw/nagios.qh' successfully initialized
[1542287665] qh: core query handler registered
[1542287665] qh: echo service query handler registered
[1542287665] qh: help for the query handler registered
[1542287665] wproc: Successfully registered manager as @wproc with query handler
[1542287665] wproc: Registry request: name=Core Worker 20408;pid=20408
[1542287665] wproc: Registry request: name=Core Worker 20409;pid=20409
[1542287665] wproc: Registry request: name=Core Worker 20410;pid=20410
[1542287665] wproc: Registry request: name=Core Worker 20412;pid=20412
[1542287665] wproc: Registry request: name=Core Worker 20414;pid=20414
[1542287665] wproc: Registry request: name=Core Worker 20415;pid=20415
[1542287665] wproc: Registry request: name=Core Worker 20413;pid=20413
[1542287665] wproc: Registry request: name=Core Worker 20411;pid=20411
[1542287665] wproc: Registry request: name=Core Worker 20416;pid=20416
[1542287665] wproc: Registry request: name=Core Worker 20419;pid=20419
[1542287665] wproc: Registry request: name=Core Worker 20420;pid=20420
[1542287665] wproc: Registry request: name=Core Worker 20418;pid=20418
[1542287665] wproc: Registry request: name=Core Worker 20417;pid=20417
[1542287665] wproc: Registry request: name=Core Worker 20421;pid=20421
[1542287665] wproc: Registry request: name=Core Worker 20423;pid=20423
[1542287665] wproc: Registry request: name=Core Worker 20422;pid=20422
[1542287665] wproc: Registry request: name=Core Worker 20424;pid=20424
[1542287665] wproc: Registry request: name=Core Worker 20425;pid=20425
[1542287665] wproc: Registry request: name=Core Worker 20428;pid=20428
[1542287665] wproc: Registry request: name=Core Worker 20427;pid=20427
[1542287665] wproc: Registry request: name=Core Worker 20429;pid=20429
[1542287665] wproc: Registry request: name=Core Worker 20426;pid=20426
[1542287665] wproc: Registry request: name=Core Worker 20430;pid=20430
[1542287665] wproc: Registry request: name=Core Worker 20431;pid=20431
[1542287675] Successfully launched command file worker with pid 20630
[1542287675] SERVICE NOTIFICATION: nagiosadmin;prinary-server;SSH Monitoring;CRITICAL;notify-service-by-email;NRPE: Command 'check_ssh' not defined
[1542287675] SERVICE ALERT: prinary-server;SSH Monitoring;CRITICAL;HARD;3;NRPE: Command 'check_ssh' not defined
[1542287697] SERVICE NOTIFICATION: nagiosadmin;localhost;Current Users;WARNING;notify-service-by-email;USERS WARNING - 24 users currently logged in
[1542287728] SERVICE ALERT: prinary-server;HDD status;CRITICAL;SOFT;1;NRPE: Command 'check_disk' not defined
[1542287735] SERVICE NOTIFICATION: nagiosadmin;prinary-server;Total Processes;CRITICAL;notify-service-by-email;PROCS CRITICAL: 327 processes
[1542287735] SERVICE ALERT: prinary-server;Total Processes;CRITICAL;HARD;3;PROCS CRITICAL: 327 processes
[1542287848] SERVICE ALERT: prinary-server;HDD status;CRITICAL;SOFT;2;NRPE: Command 'check_disk' not defined
[1542287968] SERVICE NOTIFICATION: nagiosadmin;prinary-server;HDD status;CRITICAL;notify-service-by-email;NRPE: Command 'check_disk' not defined
[1542287968] SERVICE ALERT: prinary-server;HDD status;CRITICAL;HARD;3;NRPE: Command 'check_disk' not defined
[1542288708] Caught SIGTERM, shutting down...
[1542288708] Caught SIGTERM, shutting down...
[1542288708] Caught SIGTERM, shutting down...
[1542288708] Successfully shutdown... (PID=20407)
[1542288708] Nagios 4.4.2 starting... (PID=5396)
[1542288708] Local time is Thu Nov 15 19:01:48 IST 2018
[1542288708] LOG VERSION: 2.0
[1542288708] qh: Socket '/usr/local/nagios/var/rw/nagios.qh' successfully initialized
[1542288708] qh: core query handler registered
[1542288708] qh: echo service query handler registered
[1542288708] qh: help for the query handler registered
[1542288708] wproc: Successfully registered manager as @wproc with query handler
[1542288708] wproc: Registry request: name=Core Worker 5398;pid=5398
[1542288708] wproc: Registry request: name=Core Worker 5397;pid=5397
[1542288708] wproc: Registry request: name=Core Worker 5399;pid=5399
[1542288708] wproc: Registry request: name=Core Worker 5402;pid=5402
[1542288708] wproc: Registry request: name=Core Worker 5403;pid=5403
[1542288708] wproc: Registry request: name=Core Worker 5401;pid=5401
[1542288708] wproc: Registry request: name=Core Worker 5400;pid=5400
[1542288708] wproc: Registry request: name=Core Worker 5407;pid=5407
[1542288708] wproc: Registry request: name=Core Worker 5405;pid=5405
[1542288708] wproc: Registry request: name=Core Worker 5406;pid=5406
[1542288708] wproc: Registry request: name=Core Worker 5404;pid=5404
[1542288708] wproc: Registry request: name=Core Worker 5411;pid=5411
[1542288708] wproc: Registry request: name=Core Worker 5409;pid=5409
[1542288708] wproc: Registry request: name=Core Worker 5408;pid=5408
[1542288708] wproc: Registry request: name=Core Worker 5410;pid=5410
[1542288708] wproc: Registry request: name=Core Worker 5412;pid=5412
[1542288708] wproc: Registry request: name=Core Worker 5413;pid=5413
[1542288708] wproc: Registry request: name=Core Worker 5416;pid=5416
[1542288708] wproc: Registry request: name=Core Worker 5414;pid=5414
[1542288708] wproc: Registry request: name=Core Worker 5417;pid=5417
[1542288708] wproc: Registry request: name=Core Worker 5415;pid=5415
[1542288708] wproc: Registry request: name=Core Worker 5418;pid=5418
[1542288708] wproc: Registry request: name=Core Worker 5419;pid=5419
[1542288708] wproc: Registry request: name=Core Worker 5420;pid=5420
[1542288718] Successfully launched command file worker with pid 5588
[1542289421] SERVICE NOTIFICATION: nagiosadmin;localhost;HTTP;WARNING;notify-service-by-email;HTTP WARNING: HTTP/1.1 403 Forbidden - 5253 bytes in 0.002 second response time
[1542291275] SERVICE NOTIFICATION: nagiosadmin;prinary-server;SSH Monitoring;CRITICAL;notify-service-by-email;NRPE: Command 'check_ssh' not defined
[1542291297] SERVICE NOTIFICATION: nagiosadmin;localhost;Current Users;WARNING;notify-service-by-email;USERS WARNING - 22 users currently logged in
[1542291335] SERVICE NOTIFICATION: nagiosadmin;prinary-server;Total Processes;CRITICAL;notify-service-by-email;PROCS CRITICAL: 328 processes
[1542291568] SERVICE NOTIFICATION: nagiosadmin;prinary-server;HDD status;CRITICAL;notify-service-by-email;NRPE: Command 'check_disk' not defined
[1542292177] Caught SIGTERM, shutting down...
[1542292177] Caught SIGTERM, shutting down...
[1542292177] Caught SIGTERM, shutting down...
[1542292177] Successfully shutdown... (PID=5396)
[1542292177] Nagios 4.4.2 starting... (PID=31116)
[1542292177] Local time is Thu Nov 15 19:59:37 IST 2018
[1542292177] LOG VERSION: 2.0
[1542292177] qh: Socket '/usr/local/nagios/var/rw/nagios.qh' successfully initialized
[1542292177] qh: core query handler registered
[1542292177] qh: echo service query handler registered
[1542292177] qh: help for the query handler registered
[1542292177] wproc: Successfully registered manager as @wproc with query handler
[1542292177] wproc: Registry request: name=Core Worker 31119;pid=31119
[1542292177] wproc: Registry request: name=Core Worker 31118;pid=31118
[1542292177] wproc: Registry request: name=Core Worker 31120;pid=31120
[1542292177] wproc: Registry request: name=Core Worker 31117;pid=31117
[1542292177] wproc: Registry request: name=Core Worker 31122;pid=31122
[1542292177] wproc: Registry request: name=Core Worker 31121;pid=31121
[1542292177] wproc: Registry request: name=Core Worker 31123;pid=31123
[1542292177] wproc: Registry request: name=Core Worker 31126;pid=31126
[1542292177] wproc: Registry request: name=Core Worker 31127;pid=31127
[1542292177] wproc: Registry request: name=Core Worker 31124;pid=31124
[1542292177] wproc: Registry request: name=Core Worker 31128;pid=31128
[1542292177] wproc: Registry request: name=Core Worker 31125;pid=31125
[1542292177] wproc: Registry request: name=Core Worker 31129;pid=31129
[1542292177] wproc: Registry request: name=Core Worker 31130;pid=31130
[1542292177] wproc: Registry request: name=Core Worker 31132;pid=31132
[1542292177] wproc: Registry request: name=Core Worker 31133;pid=31133
[1542292177] wproc: Registry request: name=Core Worker 31131;pid=31131
[1542292177] wproc: Registry request: name=Core Worker 31136;pid=31136
[1542292177] wproc: Registry request: name=Core Worker 31134;pid=31134
[1542292177] wproc: Registry request: name=Core Worker 31135;pid=31135
[1542292177] wproc: Registry request: name=Core Worker 31138;pid=31138
[1542292177] wproc: Registry request: name=Core Worker 31139;pid=31139
[1542292177] wproc: Registry request: name=Core Worker 31140;pid=31140
[1542292177] wproc: Registry request: name=Core Worker 31137;pid=31137
[1542292187] Successfully launched command file worker with pid 31316
[1542292820] Caught SIGTERM, shutting down...
[1542292820] Caught SIGTERM, shutting down...
[1542292820] Caught SIGTERM, shutting down...
[1542292820] Successfully shutdown... (PID=31116)
[1542292820] Nagios 4.4.2 starting... (PID=9590)
[1542292820] Local time is Thu Nov 15 20:10:20 IST 2018
[1542292820] LOG VERSION: 2.0
[1542292820] qh: Socket '/usr/local/nagios/var/rw/nagios.qh' successfully initialized
[1542292820] qh: core query handler registered
[1542292820] qh: echo service query handler registered
[1542292820] qh: help for the query handler registered
[1542292820] wproc: Successfully registered manager as @wproc with query handler
[1542292820] wproc: Registry request: name=Core Worker 9592;pid=9592
[1542292820] wproc: Registry request: name=Core Worker 9591;pid=9591
[1542292820] wproc: Registry request: name=Core Worker 9593;pid=9593
[1542292820] wproc: Registry request: name=Core Worker 9596;pid=9596
[1542292820] wproc: Registry request: name=Core Worker 9595;pid=9595
[1542292820] wproc: Registry request: name=Core Worker 9594;pid=9594
[1542292820] wproc: Registry request: name=Core Worker 9598;pid=9598
[1542292820] wproc: Registry request: name=Core Worker 9597;pid=9597
[1542292820] wproc: Registry request: name=Core Worker 9600;pid=9600
[1542292820] wproc: Registry request: name=Core Worker 9601;pid=9601
[1542292820] wproc: Registry request: name=Core Worker 9603;pid=9603
[1542292820] wproc: Registry request: name=Core Worker 9599;pid=9599
[1542292820] wproc: Registry request: name=Core Worker 9602;pid=9602
[1542292820] wproc: Registry request: name=Core Worker 9606;pid=9606
[1542292820] wproc: Registry request: name=Core Worker 9605;pid=9605
[1542292820] wproc: Registry request: name=Core Worker 9608;pid=9608
[1542292820] wproc: Registry request: name=Core Worker 9604;pid=9604
[1542292820] wproc: Registry request: name=Core Worker 9607;pid=9607
[1542292820] wproc: Registry request: name=Core Worker 9610;pid=9610
[1542292820] wproc: Registry request: name=Core Worker 9609;pid=9609
[1542292820] wproc: Registry request: name=Core Worker 9613;pid=9613
[1542292820] wproc: Registry request: name=Core Worker 9611;pid=9611
[1542292820] wproc: Registry request: name=Core Worker 9612;pid=9612
[1542292820] wproc: Registry request: name=Core Worker 9614;pid=9614
[1542292830] Successfully launched command file worker with pid 9780
[1542293021] SERVICE NOTIFICATION: nagiosadmin;localhost;HTTP;WARNING;notify-service-by-email;HTTP WARNING: HTTP/1.1 403 Forbidden - 5253 bytes in 0.002 second response time
[1542294875] SERVICE NOTIFICATION: nagiosadmin;prinary-server;SSH Monitoring;CRITICAL;notify-service-by-email;NRPE: Command 'check_ssh' not defined
[1542294897] SERVICE NOTIFICATION: nagiosadmin;localhost;Current Users;WARNING;notify-service-by-email;USERS WARNING - 22 users currently logged in
[1542294935] SERVICE NOTIFICATION: nagiosadmin;prinary-server;Total Processes;CRITICAL;notify-service-by-email;PROCS CRITICAL: 327 processes
[1542295168] SERVICE NOTIFICATION: nagiosadmin;prinary-server;HDD status;CRITICAL;notify-service-by-email;NRPE: Command 'check_disk' not defined
[1542296420] Auto-save of retention data completed successfully.
[1542296621] SERVICE NOTIFICATION: nagiosadmin;localhost;HTTP;WARNING;notify-service-by-email;HTTP WARNING: HTTP/1.1 403 Forbidden - 5253 bytes in 0.001 second response time
[1542298475] SERVICE NOTIFICATION: nagiosadmin;prinary-server;SSH Monitoring;CRITICAL;notify-service-by-email;NRPE: Command 'check_ssh' not defined
[1542298497] SERVICE NOTIFICATION: nagiosadmin;localhost;Current Users;WARNING;notify-service-by-email;USERS WARNING - 22 users currently logged in
[1542298535] SERVICE NOTIFICATION: nagiosadmin;prinary-server;Total Processes;CRITICAL;notify-service-by-email;PROCS CRITICAL: 328 processes
[1542298768] SERVICE NOTIFICATION: nagiosadmin;prinary-server;HDD status;CRITICAL;notify-service-by-email;NRPE: Command 'check_disk' not defined
[1542300020] Auto-save of retention data completed successfully.
[1542300221] SERVICE NOTIFICATION: nagiosadmin;localhost;HTTP;WARNING;notify-service-by-email;HTTP WARNING: HTTP/1.1 403 Forbidden - 5253 bytes in 0.002 second response time
[1542302075] SERVICE NOTIFICATION: nagiosadmin;prinary-server;SSH Monitoring;CRITICAL;notify-service-by-email;NRPE: Command 'check_ssh' not defined
[1542302097] SERVICE NOTIFICATION: nagiosadmin;localhost;Current Users;WARNING;notify-service-by-email;USERS WARNING - 24 users currently logged in
[1542302135] SERVICE NOTIFICATION: nagiosadmin;prinary-server;Total Processes;CRITICAL;notify-service-by-email;PROCS CRITICAL: 328 processes
[1542302368] SERVICE NOTIFICATION: nagiosadmin;prinary-server;HDD status;CRITICAL;notify-service-by-email;NRPE: Command 'check_disk' not defined
[1542303297] SERVICE NOTIFICATION: nagiosadmin;localhost;Current Users;OK;notify-service-by-email;USERS OK - 18 users currently logged in
[1542303297] SERVICE ALERT: localhost;Current Users;OK;HARD;1;USERS OK - 18 users currently logged in
[1542303620] Auto-save of retention data completed successfully.
[1542303821] SERVICE NOTIFICATION: nagiosadmin;localhost;HTTP;WARNING;notify-service-by-email;HTTP WARNING: HTTP/1.1 403 Forbidden - 5253 bytes in 0.002 second response time
[1542305675] SERVICE NOTIFICATION: nagiosadmin;prinary-server;SSH Monitoring;CRITICAL;notify-service-by-email;NRPE: Command 'check_ssh' not defined
[1542305736] SERVICE NOTIFICATION: nagiosadmin;prinary-server;Total Processes;CRITICAL;notify-service-by-email;PROCS CRITICAL: 328 processes
[1542305968] SERVICE NOTIFICATION: nagiosadmin;prinary-server;HDD status;CRITICAL;notify-service-by-email;NRPE: Command 'check_disk' not defined
[1542341648] Caught SIGTERM, shutting down...
