[1580236200] LOG ROTATION: DAILY
[1580236200] LOG VERSION: 2.0
[1580236200] CURRENT HOST STATE: db1-vm2;UP;HARD;1;PING OK - Packet loss = 0%, RTA = 0.47 ms
[1580236200] CURRENT HOST STATE: db2;UP;HARD;1;PING OK - Packet loss = 0%, RTA = 0.42 ms
[1580236200] CURRENT HOST STATE: primary-server;UP;HARD;1;PING OK - Packet loss = 0%, RTA = 0.44 ms
[1580236200] CURRENT HOST STATE: pservercluster1;UP;HARD;1;PING OK - Packet loss = 0%, RTA = 0.39 ms
[1580236200] CURRENT HOST STATE: pservercluster2;UP;HARD;1;PING OK - Packet loss = 0%, RTA = 0.30 ms
[1580236200] CURRENT HOST STATE: qservercluster1;UP;HARD;1;PING OK - Packet loss = 0%, RTA = 0.28 ms
[1580236200] CURRENT HOST STATE: qservercluster2;UP;HARD;1;PING OK - Packet loss = 0%, RTA = 0.28 ms
[1580236200] CURRENT HOST STATE: redis-1;UP;HARD;1;PING OK - Packet loss = 0%, RTA = 0.29 ms
[1580236200] CURRENT HOST STATE: redis-2;UP;HARD;1;PING OK - Packet loss = 0%, RTA = 0.33 ms
[1580236200] CURRENT HOST STATE: rq-1;UP;HARD;1;PING OK - Packet loss = 0%, RTA = 0.29 ms
[1580236200] CURRENT HOST STATE: rq-2;UP;HARD;1;PING OK - Packet loss = 0%, RTA = 0.30 ms
[1580236200] CURRENT HOST STATE: secondary-server;UP;HARD;1;PING OK - Packet loss = 0%, RTA = 0.40 ms
[1580236200] CURRENT HOST STATE: sig1-vm2;UP;HARD;1;PING OK - Packet loss = 0%, RTA = 0.53 ms
[1580236200] CURRENT HOST STATE: sig2-vm2;UP;HARD;1;PING OK - Packet loss = 0%, RTA = 0.45 ms
[1580236200] CURRENT HOST STATE: sig3-vm2;UP;HARD;1;PING OK - Packet loss = 0%, RTA = 0.45 ms
[1580236200] CURRENT HOST STATE: sig4-vm2;UP;HARD;1;PING OK - Packet loss = 0%, RTA = 0.58 ms
[1580236200] CURRENT HOST STATE: sig5-vm2;UP;HARD;1;PING OK - Packet loss = 0%, RTA = 0.44 ms
[1580236200] CURRENT HOST STATE: sig6-vm2;UP;HARD;1;PING OK - Packet loss = 0%, RTA = 0.49 ms
[1580236200] CURRENT HOST STATE: sigqscluster1;UP;HARD;1;PING OK - Packet loss = 0%, RTA = 0.45 ms
[1580236200] CURRENT HOST STATE: sigqscluster2;UP;HARD;1;PING OK - Packet loss = 0%, RTA = 0.27 ms
[1580236200] CURRENT HOST STATE: smscapp1;UP;HARD;1;PING OK - Packet loss = 0%, RTA = 0.32 ms
[1580236200] CURRENT HOST STATE: smscapp2;UP;HARD;1;PING OK - Packet loss = 0%, RTA = 0.33 ms
[1580236200] CURRENT HOST STATE: sservercluster1;UP;HARD;1;PING OK - Packet loss = 0%, RTA = 0.30 ms
[1580236200] CURRENT HOST STATE: sservercluster2;UP;HARD;1;PING OK - Packet loss = 0%, RTA = 0.33 ms
[1580236200] CURRENT HOST STATE: webserver1;UP;HARD;1;PING OK - Packet loss = 0%, RTA = 0.47 ms
[1580236200] CURRENT HOST STATE: webserver2;UP;HARD;1;PING OK - Packet loss = 0%, RTA = 0.05 ms
[1580236200] CURRENT HOST STATE: webservercluster1;UP;HARD;1;PING OK - Packet loss = 0%, RTA = 0.42 ms
[1580236200] CURRENT HOST STATE: webservercluster2;UP;HARD;1;PING OK - Packet loss = 0%, RTA = 0.31 ms
[1580236200] CURRENT SERVICE STATE: db1-vm2;CPU Load;OK;HARD;1;OK - load average: 0.71, 0.62, 0.61
[1580236200] CURRENT SERVICE STATE: db1-vm2;CPU_Procs;OK;HARD;1;CPU OK: 462 processes
[1580236200] CURRENT SERVICE STATE: db1-vm2;Current Users;OK;HARD;1;USERS OK - 0 users currently logged in
[1580236200] CURRENT SERVICE STATE: db1-vm2;HDD_Home status;OK;HARD;1;DISK OK - free space: /home 26987 MB (67% inode=99%):
[1580236200] CURRENT SERVICE STATE: db1-vm2;HDD_Root status;OK;HARD;1;DISK OK - free space: / 45108 MB (88% inode=99%):
[1580236200] CURRENT SERVICE STATE: db1-vm2;Memory;OK;HARD;1;OK - 90.9% (22443300 kB) free.
[1580236200] CURRENT SERVICE STATE: db1-vm2;OutOfMemory-killer--oom-killer;OK;HARD;1;Log check ok - 0 pattern matches found
[1580236200] CURRENT SERVICE STATE: db1-vm2;PING;OK;HARD;1;PING OK - Packet loss = 0%, RTA = 0.05 ms
[1580236200] CURRENT SERVICE STATE: db1-vm2;Total Processes;OK;HARD;1;PROCS OK: 462 processes
[1580236200] CURRENT SERVICE STATE: db2;CPU Load;OK;HARD;1;OK - load average: 0.12, 0.07, 0.08
[1580236200] CURRENT SERVICE STATE: db2;CPU_Procs;OK;HARD;1;CPU OK: 334 processes
[1580236200] CURRENT SERVICE STATE: db2;Current Users;OK;HARD;1;USERS OK - 2 users currently logged in
[1580236200] CURRENT SERVICE STATE: db2;HDD_Home status;OK;HARD;1;DISK OK - free space: /home 78243 MB (34% inode=99%):
[1580236200] CURRENT SERVICE STATE: db2;HDD_Root status;OK;HARD;1;DISK OK - free space: / 44469 MB (86% inode=99%):
[1580236200] CURRENT SERVICE STATE: db2;LocalService-NTPD SERVICE;OK;HARD;1;PROCS OK: 1 process with command name 'ntpd'
[1580236200] CURRENT SERVICE STATE: db2;Mariadb status;OK;HARD;1;PROCS OK: 1 process with command name 'mysqld'
[1580236200] CURRENT SERVICE STATE: db2;Memory;OK;HARD;1;OK - 28.5% (14066220 kB) free.
[1580236200] CURRENT SERVICE STATE: db2;Sensors Status;OK;HARD;1;SENSORS OK
[1580236200] CURRENT SERVICE STATE: db2;Total Processes;OK;HARD;1;PROCS OK: 325 processes
[1580236200] CURRENT SERVICE STATE: primary-server;CPU Load;OK;HARD;1;OK - load average: 0.01, 0.05, 0.09
[1580236200] CURRENT SERVICE STATE: primary-server;CPU_Procs;OK;HARD;1;CPU OK: 344 processes
[1580236200] CURRENT SERVICE STATE: primary-server;Current Users;OK;HARD;1;USERS OK - 3 users currently logged in
[1580236200] CURRENT SERVICE STATE: primary-server;HDD_Home status;OK;HARD;1;DISK OK - free space: /home 127134 MB (56% inode=99%):
[1580236200] CURRENT SERVICE STATE: primary-server;HDD_Root status;OK;HARD;1;DISK OK - free space: / 30013 MB (58% inode=99%):
[1580236200] CURRENT SERVICE STATE: primary-server;LocalService-NTPD SERVICE;OK;HARD;1;PROCS OK: 1 process with command name 'ntpd'
[1580236200] CURRENT SERVICE STATE: primary-server;Memory;OK;HARD;1;OK - 40.5% (9929952 kB) free.
[1580236200] CURRENT SERVICE STATE: primary-server;Nginx Access Log Status;OK;HARD;1;Log check ok - 0 pattern matches found
[1580236200] CURRENT SERVICE STATE: primary-server;Nginx Error Log Status;CRITICAL;HARD;3;(102) < 2020/01/28 23:50:34 [error] 18340#0: *27125094 access forbidden by rule while initializing session, client: 103.209.99.7, server: 0.0.0.0:13000
[1580236200] CURRENT SERVICE STATE: primary-server;Nginx Status;OK;HARD;1;NGINX OK -  0.087 sec. response time, Active: 0 (Writing: 0 Reading: 0 Waiting: 0) ReqPerSec: 0.000 ConnPerSec: 0.000 ReqPerConn: 0.000
[1580236200] CURRENT SERVICE STATE: primary-server;Sensors Status;OK;HARD;1;SENSORS OK
[1580236200] CURRENT SERVICE STATE: primary-server;Total Processes;OK;HARD;1;PROCS OK: 344 processes
[1580236200] CURRENT SERVICE STATE: pservercluster1;CPU Load;OK;HARD;1;OK - load average: 1.18, 1.08, 0.99
[1580236200] CURRENT SERVICE STATE: pservercluster1;CPU_Procs;OK;HARD;1;CPU OK: 347 processes
[1580236200] CURRENT SERVICE STATE: pservercluster1;Current Users;OK;HARD;1;USERS OK - 2 users currently logged in
[1580236200] CURRENT SERVICE STATE: pservercluster1;HDD_Home status;OK;HARD;1;DISK OK - free space: /home 181950 MB (82% inode=99%):
[1580236200] CURRENT SERVICE STATE: pservercluster1;HDD_Root status;OK;HARD;1;DISK OK - free space: / 39510 MB (77% inode=99%):
[1580236200] CURRENT SERVICE STATE: pservercluster1;LocalService-NTPD SERVICE;OK;HARD;1;PROCS OK: 1 process with command name 'ntpd'
[1580236200] CURRENT SERVICE STATE: pservercluster1;Memory;OK;HARD;1;OK - 86.1% (21247752 kB) free.
[1580236200] CURRENT SERVICE STATE: pservercluster1;Sensors Status;OK;HARD;1;SENSORS OK
[1580236200] CURRENT SERVICE STATE: pservercluster1;Total Processes;OK;HARD;1;PROCS OK: 347 processes
[1580236200] CURRENT SERVICE STATE: pservercluster2;CPU Load;OK;HARD;1;OK - load average: 1.03, 1.03, 1.03
[1580236200] CURRENT SERVICE STATE: pservercluster2;CPU_Procs;OK;HARD;1;CPU OK: 347 processes
[1580236200] CURRENT SERVICE STATE: pservercluster2;Current Users;OK;HARD;1;USERS OK - 3 users currently logged in
[1580236200] CURRENT SERVICE STATE: pservercluster2;HDD_Home status;OK;HARD;1;DISK OK - free space: /home 165611 MB (73% inode=99%):
[1580236200] CURRENT SERVICE STATE: pservercluster2;HDD_Root status;OK;HARD;1;DISK OK - free space: / 37455 MB (73% inode=98%):
[1580236200] CURRENT SERVICE STATE: pservercluster2;LocalService-NTPD SERVICE;OK;HARD;1;PROCS OK: 1 process with command name 'ntpd'
[1580236200] CURRENT SERVICE STATE: pservercluster2;Memory;OK;HARD;1;OK - 87.2% (21377880 kB) free.
[1580236200] CURRENT SERVICE STATE: pservercluster2;Sensors Status;OK;HARD;1;SENSORS OK
[1580236200] CURRENT SERVICE STATE: pservercluster2;Total Processes;OK;HARD;1;PROCS OK: 350 processes
[1580236200] CURRENT SERVICE STATE: qservercluster1;CPU Load;OK;HARD;1;OK - load average: 6.48, 7.18, 8.06
[1580236200] CURRENT SERVICE STATE: qservercluster1;CPU_Procs;OK;HARD;1;CPU OK: 329 processes
[1580236200] CURRENT SERVICE STATE: qservercluster1;Current Users;OK;HARD;1;USERS OK - 1 users currently logged in
[1580236200] CURRENT SERVICE STATE: qservercluster1;HDD_Home status;OK;HARD;1;DISK OK - free space: /home 224641 MB (99% inode=99%):
[1580236200] CURRENT SERVICE STATE: qservercluster1;HDD_Root status;OK;HARD;1;DISK OK - free space: / 44469 MB (86% inode=99%):
[1580236200] CURRENT SERVICE STATE: qservercluster1;LocalService-NTPD SERVICE;OK;HARD;1;PROCS OK: 1 process with command name 'ntpd'
[1580236200] CURRENT SERVICE STATE: qservercluster1;Memory;OK;HARD;1;OK - 87.9% (43289468 kB) free.
[1580236200] CURRENT SERVICE STATE: qservercluster1;Sensors Status;OK;HARD;1;SENSORS OK
[1580236200] CURRENT SERVICE STATE: qservercluster1;Total Processes;OK;HARD;1;PROCS OK: 328 processes
[1580236200] CURRENT SERVICE STATE: qservercluster2;CPU Load;OK;HARD;1;OK - load average: 1.75, 1.96, 2.20
[1580236200] CURRENT SERVICE STATE: qservercluster2;CPU_Procs;OK;HARD;1;CPU OK: 597 processes
[1580236200] CURRENT SERVICE STATE: qservercluster2;Current Users;OK;HARD;1;USERS OK - 2 users currently logged in
[1580236200] CURRENT SERVICE STATE: qservercluster2;HDD_Home status;OK;HARD;1;DISK OK - free space: /home 108919 MB (48% inode=99%):
[1580236200] CURRENT SERVICE STATE: qservercluster2;HDD_Root status;OK;HARD;1;DISK OK - free space: / 26987 MB (52% inode=98%):
[1580236200] CURRENT SERVICE STATE: qservercluster2;LocalService-NTPD SERVICE;OK;HARD;1;PROCS OK: 1 process with command name 'ntpd'
[1580236200] CURRENT SERVICE STATE: qservercluster2;Memory;OK;HARD;1;OK - 79.5% (39180672 kB) free.
[1580236200] CURRENT SERVICE STATE: qservercluster2;Sensors Status;OK;HARD;1;SENSORS OK
[1580236200] CURRENT SERVICE STATE: qservercluster2;Total Processes;OK;HARD;1;PROCS OK: 599 processes
[1580236200] CURRENT SERVICE STATE: redis-1;CPU Load;OK;HARD;1;OK - load average: 0.33, 0.57, 0.77
[1580236200] CURRENT SERVICE STATE: redis-1;CPU_Procs;OK;HARD;1;CPU OK: 402 processes
[1580236200] CURRENT SERVICE STATE: redis-1;Current Users;OK;HARD;1;USERS OK - 1 users currently logged in
[1580236200] CURRENT SERVICE STATE: redis-1;HDD_Home status;OK;HARD;1;DISK OK - free space: /home 369493 MB (99% inode=99%):
[1580236200] CURRENT SERVICE STATE: redis-1;HDD_Root status;OK;HARD;1;DISK OK - free space: / 45247 MB (88% inode=99%):
[1580236200] CURRENT SERVICE STATE: redis-1;HDD_VNS1 status;OK;HARD;1;DISK OK - free space: /vns1 414816 MB (38% inode=99%):
[1580236200] CURRENT SERVICE STATE: redis-1;LocalService-NTPD SERVICE;OK;HARD;1;PROCS OK: 1 process with command name 'ntpd'
[1580236200] CURRENT SERVICE STATE: redis-1;Memory;CRITICAL;HARD;3;CRITICAL - 1.5% (1913652 kB) free!
[1580236200] CURRENT SERVICE STATE: redis-1;Sensors Status;OK;HARD;1;SENSORS OK
[1580236200] CURRENT SERVICE STATE: redis-1;Total Processes;OK;HARD;1;PROCS OK: 401 processes
[1580236200] CURRENT SERVICE STATE: redis-2;CPU Load;OK;HARD;1;OK - load average: 0.50, 0.85, 0.94
[1580236200] CURRENT SERVICE STATE: redis-2;CPU_Procs;OK;HARD;1;CPU OK: 383 processes
[1580236200] CURRENT SERVICE STATE: redis-2;Current Users;OK;HARD;1;USERS OK - 2 users currently logged in
[1580236200] CURRENT SERVICE STATE: redis-2;HDD_Home status;OK;HARD;1;DISK OK - free space: /home 343575 MB (92% inode=99%):
[1580236200] CURRENT SERVICE STATE: redis-2;HDD_Root status;OK;HARD;1;DISK OK - free space: / 45306 MB (88% inode=99%):
[1580236200] CURRENT SERVICE STATE: redis-2;HDD_VNS1 status;OK;HARD;1;DISK OK - free space: /vns1 1069171 MB (99% inode=99%):
[1580236200] CURRENT SERVICE STATE: redis-2;LocalService-NTPD SERVICE;OK;HARD;1;PROCS OK: 1 process with command name 'ntpd'
[1580236200] CURRENT SERVICE STATE: redis-2;Memory;OK;HARD;1;OK - 34.4% (45317484 kB) free.
[1580236200] CURRENT SERVICE STATE: redis-2;Sensors Status;OK;HARD;1;SENSORS OK
[1580236200] CURRENT SERVICE STATE: redis-2;Total Processes;OK;HARD;1;PROCS OK: 380 processes
[1580236200] CURRENT SERVICE STATE: rq-1;CPU Load;OK;HARD;1;OK - load average: 17.07, 17.60, 16.76
[1580236200] CURRENT SERVICE STATE: rq-1;CPU_Procs;OK;HARD;1;CPU OK: 357 processes
[1580236200] CURRENT SERVICE STATE: rq-1;Current Users;OK;HARD;1;USERS OK - 0 users currently logged in
[1580236200] CURRENT SERVICE STATE: rq-1;HDD_Home status;OK;HARD;1;DISK OK - free space: /home 400998 MB (99% inode=99%):
[1580236200] CURRENT SERVICE STATE: rq-1;HDD_Root status;OK;HARD;1;DISK OK - free space: / 42628 MB (83% inode=99%):
[1580236200] CURRENT SERVICE STATE: rq-1;HDD_VNS1 status;OK;HARD;1;DISK OK - free space: /rq1vns1 1068147 MB (99% inode=99%):
[1580236200] CURRENT SERVICE STATE: rq-1;LocalService-NTPD SERVICE;OK;HARD;1;PROCS OK: 1 process with command name 'ntpd'
[1580236200] CURRENT SERVICE STATE: rq-1;Memory;OK;HARD;1;OK - 81.6% (107575160 kB) free.
[1580236200] CURRENT SERVICE STATE: rq-1;Total Processes;OK;HARD;1;PROCS OK: 358 processes
[1580236200] CURRENT SERVICE STATE: rq-1;rq1-rabbitmqerror;OK;HARD;1;Log check ok - 0 pattern matches found
[1580236200] CURRENT SERVICE STATE: rq-2;CPU Load;OK;HARD;1;OK - load average: 16.42, 16.06, 15.98
[1580236200] CURRENT SERVICE STATE: rq-2;CPU_Procs;OK;HARD;1;CPU OK: 384 processes
[1580236200] CURRENT SERVICE STATE: rq-2;Current Users;OK;HARD;1;USERS OK - 1 users currently logged in
[1580236200] CURRENT SERVICE STATE: rq-2;HDD_Home status;OK;HARD;1;DISK OK - free space: /home 401206 MB (99% inode=99%):
[1580236200] CURRENT SERVICE STATE: rq-2;HDD_Root status;OK;HARD;1;DISK OK - free space: / 45487 MB (88% inode=99%):
[1580236200] CURRENT SERVICE STATE: rq-2;HDD_VNS1 status;OK;HARD;1;DISK OK - free space: /dev 64349 MB (100% inode=99%):
[1580236200] CURRENT SERVICE STATE: rq-2;LocalService-NTPD SERVICE;OK;HARD;1;PROCS OK: 2 processes with command name 'ntpd'
[1580236200] CURRENT SERVICE STATE: rq-2;Memory;OK;HARD;1;OK - 91.8% (121017092 kB) free.
[1580236200] CURRENT SERVICE STATE: rq-2;Total Processes;OK;HARD;1;PROCS OK: 384 processes
[1580236200] CURRENT SERVICE STATE: rq-2;rq2-rabbitmqerror;OK;HARD;1;Log check ok - 0 pattern matches found
[1580236200] CURRENT SERVICE STATE: secondary-server;CPU Load;OK;HARD;1;OK - load average: 0.01, 0.02, 0.05
[1580236200] CURRENT SERVICE STATE: secondary-server;CPU_Procs;OK;HARD;1;CPU OK: 344 processes
[1580236200] CURRENT SERVICE STATE: secondary-server;Current Users;OK;HARD;1;USERS OK - 4 users currently logged in
[1580236200] CURRENT SERVICE STATE: secondary-server;HDD_Home status;OK;HARD;1;DISK OK - free space: /home 138549 MB (61% inode=99%):
[1580236200] CURRENT SERVICE STATE: secondary-server;HDD_Root status;OK;HARD;1;DISK OK - free space: / 35159 MB (68% inode=99%):
[1580236200] CURRENT SERVICE STATE: secondary-server;LocalService-NTPD SERVICE;OK;HARD;1;PROCS OK: 1 process with command name 'ntpd'
[1580236200] CURRENT SERVICE STATE: secondary-server;Memory Status;OK;HARD;1;OK - 45.1% (11042588 kB) free.
[1580236200] CURRENT SERVICE STATE: secondary-server;Nginx Access Log Status;OK;HARD;1;Log check ok - 0 pattern matches found
[1580236200] CURRENT SERVICE STATE: secondary-server;Nginx Error Log Status;OK;HARD;1;Log check ok - 0 pattern matches found
[1580236200] CURRENT SERVICE STATE: secondary-server;Nginx Status;OK;HARD;1;NGINX OK -  0.087 sec. response time, Active: 0 (Writing: 0 Reading: 0 Waiting: 0) ReqPerSec: 0.000 ConnPerSec: 0.000 ReqPerConn: 0.000
[1580236200] CURRENT SERVICE STATE: secondary-server;Sensors Status;OK;HARD;1;SENSORS OK
[1580236200] CURRENT SERVICE STATE: secondary-server;Total Processes;OK;HARD;1;PROCS OK: 346 processes
[1580236200] CURRENT SERVICE STATE: sig1-vm2;CPU Load;OK;HARD;1;OK - load average: 0.00, 0.01, 0.00
[1580236200] CURRENT SERVICE STATE: sig1-vm2;CPU_Procs;OK;HARD;1;CPU OK: 266 processes
[1580236200] CURRENT SERVICE STATE: sig1-vm2;Current Users;OK;HARD;1;USERS OK - 0 users currently logged in
[1580236200] CURRENT SERVICE STATE: sig1-vm2;LocalService-NTPD SERVICE;OK;HARD;1;PROCS OK: 2 processes with command name 'ntpd'
[1580236200] CURRENT SERVICE STATE: sig1-vm2;Memory;OK;HARD;1;OK - 71.5% (11673136 kB) free.
[1580236200] CURRENT SERVICE STATE: sig1-vm2;Root status;OK;HARD;1;DISK OK - free space: / 125204 MB (93% inode=97%):
[1580236200] CURRENT SERVICE STATE: sig1-vm2;Total Processes;OK;HARD;1;PROCS OK: 263 processes
[1580236200] CURRENT SERVICE STATE: sig2-vm2;CPU Load;OK;HARD;1;OK - load average: 0.39, 0.63, 0.63
[1580236200] CURRENT SERVICE STATE: sig2-vm2;CPU_Procs;OK;HARD;1;CPU OK: 461 processes
[1580236200] CURRENT SERVICE STATE: sig2-vm2;Current Users;OK;HARD;1;USERS OK - 0 users currently logged in
[1580236200] CURRENT SERVICE STATE: sig2-vm2;HDD_Root status;OK;HARD;1;DISK OK - free space: / 124133 MB (89% inode=99%):
[1580236200] CURRENT SERVICE STATE: sig2-vm2;LocalService-NTPD SERVICE;OK;HARD;1;PROCS OK: 1 process with command name 'ntpd'
[1580236200] CURRENT SERVICE STATE: sig2-vm2;Memory;OK;HARD;1;OK - 90.1% (31387644 kB) free.
[1580236200] CURRENT SERVICE STATE: sig2-vm2;Total Processes;OK;HARD;1;PROCS OK: 457 processes
[1580236200] CURRENT SERVICE STATE: sig3-vm2;CPU Load;OK;HARD;1;OK - load average: 0.00, 0.00, 0.00
[1580236200] CURRENT SERVICE STATE: sig3-vm2;CPU_Procs;OK;HARD;1;CPU OK: 549 processes
[1580236200] CURRENT SERVICE STATE: sig3-vm2;Current Users;OK;HARD;1;USERS OK - 2 users currently logged in
[1580236200] CURRENT SERVICE STATE: sig3-vm2;HDD_Root status;OK;HARD;1;DISK OK - free space: / 90275 MB (75% inode=96%):
[1580236200] CURRENT SERVICE STATE: sig3-vm2;LocalService-NTPD SERVICE;OK;HARD;1;PROCS OK: 2 processes with command name 'ntpd'
[1580236200] CURRENT SERVICE STATE: sig3-vm2;Memory;OK;HARD;1;OK - 96.0% (22624264 kB) free.
[1580236200] CURRENT SERVICE STATE: sig3-vm2;Total Processes;OK;HARD;1;PROCS OK: 550 processes
[1580236200] CURRENT SERVICE STATE: sig4-vm2;CPU Load;OK;HARD;1;OK - load average: 0.00, 0.01, 0.05
[1580236200] CURRENT SERVICE STATE: sig4-vm2;CPU_Procs;OK;HARD;1;CPU OK: 222 processes
[1580236200] CURRENT SERVICE STATE: sig4-vm2;Current Users;OK;HARD;1;USERS OK - 0 users currently logged in
[1580236200] CURRENT SERVICE STATE: sig4-vm2;HDD_Root status;OK;HARD;1;DISK OK - free space: / 106773 MB (83% inode=99%):
[1580236200] CURRENT SERVICE STATE: sig4-vm2;LocalService-NTPD SERVICE;OK;HARD;1;PROCS OK: 1 process with command name 'ntpd'
[1580236200] CURRENT SERVICE STATE: sig4-vm2;Memory;OK;HARD;1;OK - 87.5% (30499212 kB) free.
[1580236200] CURRENT SERVICE STATE: sig4-vm2;Total Processes;OK;HARD;1;PROCS OK: 221 processes
[1580236200] CURRENT SERVICE STATE: sig5-vm2;CPU Load;OK;HARD;1;OK - load average: 1.10, 0.99, 0.86
[1580236200] CURRENT SERVICE STATE: sig5-vm2;CPU_Procs;OK;HARD;1;CPU OK: 460 processes
[1580236200] CURRENT SERVICE STATE: sig5-vm2;Current Users;OK;HARD;1;USERS OK - 0 users currently logged in
[1580236200] CURRENT SERVICE STATE: sig5-vm2;HDD_Root status;OK;HARD;1;DISK OK - free space: / 231786 MB (92% inode=99%):
[1580236200] CURRENT SERVICE STATE: sig5-vm2;LocalService-NTPD SERVICE;OK;HARD;1;PROCS OK: 1 process with command name 'ntpd'
[1580236200] CURRENT SERVICE STATE: sig5-vm2;Memory;OK;HARD;1;OK - 88.1% (30856632 kB) free.
[1580236200] CURRENT SERVICE STATE: sig5-vm2;Total Processes;OK;HARD;1;PROCS OK: 464 processes
[1580236200] CURRENT SERVICE STATE: sig6-vm2;CPU Load;OK;HARD;1;OK - load average: 0.30, 0.51, 0.62
[1580236200] CURRENT SERVICE STATE: sig6-vm2;CPU_Procs;OK;HARD;1;CPU OK: 498 processes
[1580236200] CURRENT SERVICE STATE: sig6-vm2;Current Users;OK;HARD;1;USERS OK - 2 users currently logged in
[1580236200] CURRENT SERVICE STATE: sig6-vm2;HDD_Root status;OK;HARD;1;DISK OK - free space: / 180306 MB (92% inode=99%):
[1580236200] CURRENT SERVICE STATE: sig6-vm2;LocalService-NTPD SERVICE;OK;HARD;1;PROCS OK: 1 process with command name 'ntpd'
[1580236200] CURRENT SERVICE STATE: sig6-vm2;Memory;OK;HARD;1;OK - 69.9% (15704132 kB) free.
[1580236200] CURRENT SERVICE STATE: sig6-vm2;OutOfMemory-killer--oom-killer;OK;HARD;1;Log check ok - 0 pattern matches found
[1580236200] CURRENT SERVICE STATE: sig6-vm2;Total Processes;OK;HARD;1;PROCS OK: 498 processes
[1580236200] CURRENT SERVICE STATE: sigqscluster1;CPU Load;OK;HARD;1;OK - load average: 0.10, 0.53, 0.72
[1580236200] CURRENT SERVICE STATE: sigqscluster1;CPU_Procs;OK;HARD;1;CPU OK: 349 processes
[1580236200] CURRENT SERVICE STATE: sigqscluster1;Current Users;OK;HARD;1;USERS OK - 4 users currently logged in
[1580236200] CURRENT SERVICE STATE: sigqscluster1;HDD_Home status;OK;HARD;1;DISK OK - free space: /home 224102 MB (99% inode=99%):
[1580236200] CURRENT SERVICE STATE: sigqscluster1;HDD_Root status;OK;HARD;1;DISK OK - free space: / 40043 MB (78% inode=99%):
[1580236200] CURRENT SERVICE STATE: sigqscluster1;LocalService-NTPD SERVICE;OK;HARD;1;PROCS OK: 1 process with command name 'ntpd'
[1580236200] CURRENT SERVICE STATE: sigqscluster1;Memory;OK;HARD;1;OK - 30.1% (14855028 kB) free.
[1580236200] CURRENT SERVICE STATE: sigqscluster1;Sensors Status;OK;HARD;1;SENSORS OK
[1580236200] CURRENT SERVICE STATE: sigqscluster1;Total Processes;OK;HARD;1;PROCS OK: 349 processes
[1580236200] CURRENT SERVICE STATE: sigqscluster2;CPU Load;OK;HARD;1;OK - load average: 12.74, 12.35, 11.99
[1580236200] CURRENT SERVICE STATE: sigqscluster2;CPU_Procs;OK;HARD;1;CPU OK: 298 processes
[1580236200] CURRENT SERVICE STATE: sigqscluster2;Current Users;OK;HARD;1;USERS OK - 0 users currently logged in
[1580236200] CURRENT SERVICE STATE: sigqscluster2;HDD_Home status;OK;HARD;1;DISK OK - free space: /home 208589 MB (99% inode=99%):
[1580236200] CURRENT SERVICE STATE: sigqscluster2;HDD_Root status;OK;HARD;1;DISK OK - free space: / 45490 MB (88% inode=99%):
[1580236200] CURRENT SERVICE STATE: sigqscluster2;LocalService-NTPD SERVICE;OK;HARD;1;PROCS OK: 1 process with command name 'ntpd'
[1580236200] CURRENT SERVICE STATE: sigqscluster2;Memory;OK;HARD;1;OK - 79.6% (39232360 kB) free.
[1580236200] CURRENT SERVICE STATE: sigqscluster2;Sensors Status;OK;HARD;1;SENSORS OK
[1580236200] CURRENT SERVICE STATE: sigqscluster2;Total Processes;OK;HARD;1;PROCS OK: 302 processes
[1580236200] CURRENT SERVICE STATE: sigqscluster2;sigqscluster2-rabbitmqerror;OK;HARD;1;Log check ok - 0 pattern matches found
[1580236200] CURRENT SERVICE STATE: smscapp1;CPU Load;OK;HARD;1;OK - load average: 4.13, 3.81, 3.28
[1580236200] CURRENT SERVICE STATE: smscapp1;CPU_Procs;OK;HARD;1;CPU OK: 686 processes
[1580236200] CURRENT SERVICE STATE: smscapp1;Current Users;OK;HARD;1;USERS OK - 1 users currently logged in
[1580236200] CURRENT SERVICE STATE: smscapp1;HDD_Home status;OK;HARD;1;DISK OK - free space: /home 96180 MB (42% inode=99%):
[1580236200] CURRENT SERVICE STATE: smscapp1;HDD_Root status;OK;HARD;1;DISK OK - free space: / 39088 MB (76% inode=98%):
[1580236200] CURRENT SERVICE STATE: smscapp1;LocalService-NTPD SERVICE;OK;HARD;1;PROCS OK: 1 process with command name 'ntpd'
[1580236200] CURRENT SERVICE STATE: smscapp1;Memory;OK;HARD;1;OK - 64.5% (31794948 kB) free.
[1580236200] CURRENT SERVICE STATE: smscapp1;Sensors Status;OK;HARD;1;SENSORS OK
[1580236200] CURRENT SERVICE STATE: smscapp1;Total Processes;OK;HARD;1;PROCS OK: 688 processes
[1580236200] CURRENT SERVICE STATE: smscapp2;CPU Load;OK;HARD;1;OK - load average: 2.57, 3.23, 3.63
[1580236200] CURRENT SERVICE STATE: smscapp2;CPU_Procs;OK;HARD;1;CPU OK: 2119 processes
[1580236200] CURRENT SERVICE STATE: smscapp2;Current Users;OK;HARD;1;USERS OK - 0 users currently logged in
[1580236200] CURRENT SERVICE STATE: smscapp2;HDD_Home status;OK;HARD;1;DISK OK - free space: /home 136695 MB (60% inode=99%):
[1580236200] CURRENT SERVICE STATE: smscapp2;HDD_Root status;OK;HARD;1;DISK OK - free space: / 38755 MB (75% inode=98%):
[1580236200] CURRENT SERVICE STATE: smscapp2;LocalService-NTPD SERVICE;OK;HARD;1;PROCS OK: 1 process with command name 'ntpd'
[1580236200] CURRENT SERVICE STATE: smscapp2;Memory;OK;HARD;1;OK - 60.9% (30022640 kB) free.
[1580236200] CURRENT SERVICE STATE: smscapp2;Sensors Status;OK;HARD;1;SENSORS OK
[1580236200] CURRENT SERVICE STATE: smscapp2;Total Processes;OK;HARD;1;PROCS OK: 2119 processes
[1580236200] CURRENT SERVICE STATE: sservercluster1;CPU Load;OK;HARD;1;OK - load average: 1.36, 1.44, 1.53
[1580236200] CURRENT SERVICE STATE: sservercluster1;CPU_Procs;OK;HARD;1;CPU OK: 319 processes
[1580236200] CURRENT SERVICE STATE: sservercluster1;Current Users;OK;HARD;1;USERS OK - 2 users currently logged in
[1580236200] CURRENT SERVICE STATE: sservercluster1;HDD_Home status;OK;HARD;1;DISK OK - free space: /home 163508 MB (74% inode=99%):
[1580236200] CURRENT SERVICE STATE: sservercluster1;HDD_Root status;OK;HARD;1;DISK OK - free space: / 40530 MB (79% inode=99%):
[1580236200] CURRENT SERVICE STATE: sservercluster1;LocalService-NTPD SERVICE;OK;HARD;1;PROCS OK: 1 process with command name 'ntpd'
[1580236200] CURRENT SERVICE STATE: sservercluster1;Memory;OK;HARD;1;OK - 27.7% (6781556 kB) free.
[1580236200] CURRENT SERVICE STATE: sservercluster1;Sensors Status;OK;HARD;1;SENSORS OK
[1580236200] CURRENT SERVICE STATE: sservercluster1;Total Processes;OK;HARD;1;PROCS OK: 319 processes
[1580236200] CURRENT SERVICE STATE: sservercluster2;CPU Load;OK;HARD;1;OK - load average: 1.03, 0.98, 0.92
[1580236200] CURRENT SERVICE STATE: sservercluster2;CPU_Procs;OK;HARD;1;CPU OK: 339 processes
[1580236200] CURRENT SERVICE STATE: sservercluster2;Current Users;OK;HARD;1;USERS OK - 2 users currently logged in
[1580236200] CURRENT SERVICE STATE: sservercluster2;HDD_Home status;OK;HARD;1;DISK OK - free space: /home 183729 MB (83% inode=99%):
[1580236200] CURRENT SERVICE STATE: sservercluster2;HDD_Root status;OK;HARD;1;DISK OK - free space: / 33222 MB (64% inode=98%):
[1580236200] CURRENT SERVICE STATE: sservercluster2;LocalService-NTPD SERVICE;OK;HARD;1;PROCS OK: 1 process with command name 'ntpd'
[1580236200] CURRENT SERVICE STATE: sservercluster2;Memory;OK;HARD;1;OK - 77.1% (18886552 kB) free.
[1580236200] CURRENT SERVICE STATE: sservercluster2;Sensors Status;OK;HARD;1;SENSORS OK
[1580236200] CURRENT SERVICE STATE: sservercluster2;Total Processes;OK;HARD;1;PROCS OK: 336 processes
[1580236200] CURRENT SERVICE STATE: webserver1;CPU Load;OK;HARD;1;OK - load average: 0.00, 0.01, 0.05
[1580236200] CURRENT SERVICE STATE: webserver1;CPU_Procs;OK;HARD;1;CPU OK: 360 processes
[1580236200] CURRENT SERVICE STATE: webserver1;Current Users;OK;HARD;1;USERS OK - 1 users currently logged in
[1580236200] CURRENT SERVICE STATE: webserver1;HDD_Home status;OK;HARD;1;DISK OK - free space: /home 224756 MB (99% inode=99%):
[1580236200] CURRENT SERVICE STATE: webserver1;HDD_Root status;OK;HARD;1;DISK OK - free space: / 40214 MB (78% inode=99%):
[1580236200] CURRENT SERVICE STATE: webserver1;LocalService-NTPD SERVICE;OK;HARD;1;PROCS OK: 1 process with command name 'ntpd'
[1580236200] CURRENT SERVICE STATE: webserver1;Memory;OK;HARD;1;OK - 83.1% (20342240 kB) free.
[1580236200] CURRENT SERVICE STATE: webserver1;Nginx_status;OK;HARD;1;NGINX OK -  0.086 sec. response time, Active: 1 (Writing: 1 Reading: 0 Waiting: 0) ReqPerSec: 0.003 ConnPerSec: 0.010 ReqPerConn: 0.953
[1580236200] CURRENT SERVICE STATE: webserver1;Sensors Status;OK;HARD;1;SENSORS OK
[1580236200] CURRENT SERVICE STATE: webserver1;Total Processes;OK;HARD;1;PROCS OK: 360 processes
[1580236200] CURRENT SERVICE STATE: webserver2;CPU_Procs;OK;HARD;1;CPU OK: 461 processes
[1580236200] CURRENT SERVICE STATE: webserver2;Current Load;OK;HARD;1;OK - load average: 0.15, 0.07, 0.06
[1580236200] CURRENT SERVICE STATE: webserver2;Current Users;OK;HARD;1;USERS OK - 24 users currently logged in
[1580236200] CURRENT SERVICE STATE: webserver2;HDD_Home status;OK;HARD;1;DISK OK - free space: /home 104838 MB (46.64% inode=100%):
[1580236200] CURRENT SERVICE STATE: webserver2;HTTP;OK;HARD;1;HTTP OK: HTTP/1.1 200 OK - 355 bytes in 0.001 second response time
[1580236200] CURRENT SERVICE STATE: webserver2;LocalService-NTPD SERVICE;OK;HARD;1;PROCS OK: 1 process with command name 'ntpd'
[1580236200] CURRENT SERVICE STATE: webserver2;Memory;OK;HARD;1;OK - 62.6% (15340712 kB) free.
[1580236200] CURRENT SERVICE STATE: webserver2;PING;OK;HARD;1;PING OK - Packet loss = 0%, RTA = 0.06 ms
[1580236200] CURRENT SERVICE STATE: webserver2;Root Partition;OK;HARD;1;DISK OK - free space: / 10893 MB (21.28% inode=99%):
[1580236200] CURRENT SERVICE STATE: webserver2;SSH;OK;HARD;1;SSH OK - OpenSSH_7.4 (protocol 2.0)
[1580236200] CURRENT SERVICE STATE: webserver2;Sensors Status;OK;HARD;1;SENSORS OK
[1580236200] CURRENT SERVICE STATE: webserver2;Total Processes;OK;HARD;1;PROCS OK: 166 processes with STATE = RSZDT
[1580236200] CURRENT SERVICE STATE: webservercluster1;CPU Load;OK;HARD;1;OK - load average: 0.10, 0.06, 0.05
[1580236200] CURRENT SERVICE STATE: webservercluster1;CPU_Procs;OK;HARD;1;CPU OK: 334 processes
[1580236200] CURRENT SERVICE STATE: webservercluster1;Current Users;OK;HARD;1;USERS OK - 2 users currently logged in
[1580236200] CURRENT SERVICE STATE: webservercluster1;HDD_Home status;OK;HARD;1;DISK OK - free space: / 19967 MB (39% inode=99%):
[1580236200] CURRENT SERVICE STATE: webservercluster1;HDD_Root status;OK;HARD;1;DISK OK - free space: /home 132382 MB (58% inode=99%):
[1580236200] CURRENT SERVICE STATE: webservercluster1;LocalService-NTPD SERVICE;OK;HARD;1;PROCS OK: 1 process with command name 'ntpd'
[1580236200] CURRENT SERVICE STATE: webservercluster1;Memory;WARNING;HARD;3;WARNING - 11.3% (1842088 kB) free!
[1580236200] CURRENT SERVICE STATE: webservercluster1;Sensors Status;OK;HARD;1;SENSORS OK
[1580236200] CURRENT SERVICE STATE: webservercluster1;Total Processes;OK;HARD;1;PROCS OK: 327 processes
[1580236200] CURRENT SERVICE STATE: webservercluster2;CPU Load;OK;HARD;1;OK - load average: 0.51, 0.60, 0.70
[1580236200] CURRENT SERVICE STATE: webservercluster2;CPU_Procs;OK;HARD;1;CPU OK: 295 processes
[1580236200] CURRENT SERVICE STATE: webservercluster2;Current Users;OK;HARD;1;USERS OK - 3 users currently logged in
[1580236200] CURRENT SERVICE STATE: webservercluster2;HDD_Home status;OK;HARD;1;DISK OK - free space: /home 223529 MB (99% inode=99%):
[1580236200] CURRENT SERVICE STATE: webservercluster2;HDD_Root status;OK;HARD;1;DISK OK - free space: / 39965 MB (78% inode=99%):
[1580236200] CURRENT SERVICE STATE: webservercluster2;LocalService-NTPD SERVICE;OK;HARD;1;PROCS OK: 1 process with command name 'ntpd'
[1580236200] CURRENT SERVICE STATE: webservercluster2;Memory;OK;HARD;1;OK - 54.9% (8916000 kB) free.
[1580236200] CURRENT SERVICE STATE: webservercluster2;Sensors Status;OK;HARD;1;SENSORS OK
[1580236200] CURRENT SERVICE STATE: webservercluster2;Total Processes;OK;HARD;1;PROCS OK: 292 processes
[1580236729] SERVICE ALERT: pservercluster1;Memory;CRITICAL;SOFT;1;CRITICAL - 0.7% (182944 kB) free!
[1580236761] SERVICE ALERT: sservercluster1;Memory;CRITICAL;SOFT;1;CRITICAL - 0.7% (176900 kB) free!
[1580236769] SERVICE ALERT: secondary-server;Nginx Error Log Status;CRITICAL;SOFT;1;(32) < 2020/01/29 00:01:01 [error] 18362#0: *45043131 connect() failed (111: Connection refused) while connecting to upstream, client: 103.16.101.72, server: 0.0.0.0:4000, upstream: "10.147.212.49:4000", bytes from/to client:0/0, bytes from/to upstream:0/0
[1580236849] SERVICE ALERT: pservercluster1;Memory;CRITICAL;SOFT;2;CRITICAL - 0.8% (193372 kB) free!
[1580236858] SERVICE ALERT: sservercluster2;Memory;CRITICAL;SOFT;1;CRITICAL - 6.1% (1502068 kB) free!
[1580236881] SERVICE ALERT: sservercluster1;Memory;CRITICAL;SOFT;2;CRITICAL - 0.8% (188492 kB) free!
[1580236889] SERVICE ALERT: secondary-server;Nginx Error Log Status;OK;HARD;1;Log check ok - 0 pattern matches found
[1580236969] SERVICE NOTIFICATION: nagiosadmin;pservercluster1;Memory;CRITICAL;notify-service-by-email;CRITICAL - 0.8% (196124 kB) free!
[1580236969] SERVICE ALERT: pservercluster1;Memory;CRITICAL;HARD;3;CRITICAL - 0.8% (196124 kB) free!
[1580236978] SERVICE ALERT: sservercluster2;Memory;CRITICAL;SOFT;2;CRITICAL - 6.1% (1503372 kB) free!
[1580237001] SERVICE NOTIFICATION: nagiosadmin;sservercluster1;Memory;CRITICAL;notify-service-by-email;CRITICAL - 0.7% (182476 kB) free!
[1580237001] SERVICE ALERT: sservercluster1;Memory;CRITICAL;HARD;3;CRITICAL - 0.7% (182476 kB) free!
[1580237098] SERVICE NOTIFICATION: nagiosadmin;sservercluster2;Memory;CRITICAL;notify-service-by-email;CRITICAL - 6.2% (1510696 kB) free!
[1580237098] SERVICE ALERT: sservercluster2;Memory;CRITICAL;HARD;3;CRITICAL - 6.2% (1510696 kB) free!
[1580237894] Auto-save of retention data completed successfully.
[1580238040] SERVICE NOTIFICATION: nagiosadmin;primary-server;Nginx Error Log Status;CRITICAL;notify-service-by-email;(106) < 2020/01/29 00:30:38 [error] 18340#0: *27126587 access forbidden by rule while initializing session, client: 54.254.180.107, server: 0.0.0.0:13000
[1580238772] SERVICE FLAPPING ALERT: pservercluster1;Memory;STARTED; Service appears to have started flapping (21.8% change >= 20.0% threshold)
[1580238772] SERVICE ALERT: pservercluster1;Memory;OK;HARD;1;OK - 46.3% (11413480 kB) free.
[1580239040] SERVICE NOTIFICATION: nagiosadmin;redis-1;Memory;CRITICAL;notify-service-by-email;CRITICAL - 3.6% (4781636 kB) free!
[1580239999] SERVICE NOTIFICATION: nagiosadmin;webservercluster1;Memory;WARNING;notify-service-by-email;WARNING - 11.3% (1840064 kB) free!
[1580240375] EXTERNAL COMMAND: SCHEDULE_FORCED_SVC_CHECK;sservercluster2;Memory;1580240374
[1580240376] SERVICE NOTIFICATION: nagiosadmin;sservercluster2;Memory;OK;notify-service-by-email;OK - 88.5% (21685704 kB) free.
[1580240376] SERVICE ALERT: sservercluster2;Memory;OK;HARD;1;OK - 88.5% (21685704 kB) free.
[1580240379] EXTERNAL COMMAND: SCHEDULE_FORCED_SVC_CHECK;sservercluster2;Memory;1580240377
[1580240415] EXTERNAL COMMAND: SCHEDULE_FORCED_SVC_CHECK;sservercluster1;Memory;1580240414
[1580240415] SERVICE NOTIFICATION: nagiosadmin;sservercluster1;Memory;OK;notify-service-by-email;OK - 89.0% (21810372 kB) free.
[1580240415] SERVICE ALERT: sservercluster1;Memory;OK;HARD;1;OK - 89.0% (21810372 kB) free.
[1580240418] EXTERNAL COMMAND: SCHEDULE_FORCED_SVC_CHECK;sservercluster1;Memory;1580240417
[1580240477] EXTERNAL COMMAND: SCHEDULE_FORCED_SVC_CHECK;redis-1;Memory;1580240476
[1580240477] SERVICE NOTIFICATION: nagiosadmin;redis-1;Memory;OK;notify-service-by-email;OK - 89.9% (118491944 kB) free.
[1580240477] SERVICE ALERT: redis-1;Memory;OK;HARD;1;OK - 89.9% (118491944 kB) free.
[1580240520] EXTERNAL COMMAND: SCHEDULE_FORCED_SVC_CHECK;primary-server;Nginx Error Log Status;1580240519
[1580240523] EXTERNAL COMMAND: SCHEDULE_FORCED_SVC_CHECK;primary-server;Nginx Error Log Status;1580240522
[1580240523] SERVICE NOTIFICATION: nagiosadmin;primary-server;Nginx Error Log Status;OK;notify-service-by-email;Log check ok - 0 pattern matches found
[1580240523] SERVICE ALERT: primary-server;Nginx Error Log Status;OK;HARD;1;Log check ok - 0 pattern matches found
[1580240527] EXTERNAL COMMAND: SCHEDULE_FORCED_SVC_CHECK;primary-server;Nginx Error Log Status;1580240526
[1580240572] SERVICE ALERT: pservercluster1;Memory;CRITICAL;SOFT;1;CRITICAL - 0.8% (201768 kB) free!
[1580240692] SERVICE ALERT: pservercluster1;Memory;CRITICAL;SOFT;2;CRITICAL - 0.7% (170384 kB) free!
[1580240812] SERVICE ALERT: pservercluster1;Memory;CRITICAL;HARD;3;CRITICAL - 0.7% (171072 kB) free!
[1580241018] SERVICE ALERT: sservercluster1;Memory;CRITICAL;SOFT;1;CRITICAL - 3.4% (826640 kB) free!
[1580241027] SERVICE ALERT: sigqscluster1;Memory;WARNING;SOFT;1;WARNING - 13.1% (6478700 kB) free!
[1580241127] SERVICE ALERT: primary-server;Nginx Error Log Status;CRITICAL;SOFT;1;(120) < 2020/01/29 01:22:00 [error] 18345#0: *27128594 access forbidden by rule while initializing session, client: 103.209.99.7, server: 0.0.0.0:13000
[1580241138] SERVICE ALERT: sservercluster1;Memory;CRITICAL;SOFT;2;CRITICAL - 0.8% (194632 kB) free!
[1580241147] SERVICE ALERT: sigqscluster1;Memory;WARNING;SOFT;2;WARNING - 11.4% (5596632 kB) free!
[1580241248] SERVICE ALERT: primary-server;Nginx Error Log Status;CRITICAL;SOFT;2;(20) < 2020/01/29 01:24:01 [error] 18345#0: *27128664 access forbidden by rule while initializing session, client: 103.209.99.7, server: 0.0.0.0:13000
[1580241258] SERVICE NOTIFICATION: nagiosadmin;sservercluster1;Memory;CRITICAL;notify-service-by-email;CRITICAL - 0.7% (179188 kB) free!
[1580241258] SERVICE ALERT: sservercluster1;Memory;CRITICAL;HARD;3;CRITICAL - 0.7% (179188 kB) free!
[1580241267] SERVICE NOTIFICATION: nagiosadmin;sigqscluster1;Memory;CRITICAL;notify-service-by-email;CRITICAL - 7.5% (3681824 kB) free!
[1580241267] SERVICE ALERT: sigqscluster1;Memory;CRITICAL;HARD;3;CRITICAL - 7.5% (3681824 kB) free!
[1580241368] SERVICE NOTIFICATION: nagiosadmin;primary-server;Nginx Error Log Status;CRITICAL;notify-service-by-email;(21) < 2020/01/29 01:26:01 [error] 18348#0: *27128738 access forbidden by rule while initializing session, client: 103.209.99.7, server: 0.0.0.0:13000
[1580241368] SERVICE ALERT: primary-server;Nginx Error Log Status;CRITICAL;HARD;3;(21) < 2020/01/29 01:26:01 [error] 18348#0: *27128738 access forbidden by rule while initializing session, client: 103.209.99.7, server: 0.0.0.0:13000
[1580241494] Auto-save of retention data completed successfully.
[1580243058] SERVICE FLAPPING ALERT: sservercluster1;Memory;STARTED; Service appears to have started flapping (22.5% change >= 20.0% threshold)
[1580243058] SERVICE ALERT: sservercluster1;Memory;OK;HARD;1;OK - 82.5% (20220384 kB) free.
[1580243600] SERVICE NOTIFICATION: nagiosadmin;webservercluster1;Memory;WARNING;notify-service-by-email;WARNING - 11.6% (1884336 kB) free!
[1580244867] SERVICE NOTIFICATION: nagiosadmin;sigqscluster1;Memory;CRITICAL;notify-service-by-email;CRITICAL - 7.3% (3607920 kB) free!
[1580244968] SERVICE NOTIFICATION: nagiosadmin;primary-server;Nginx Error Log Status;CRITICAL;notify-service-by-email;(105) < 2020/01/29 02:26:01 [error] 18342#0: *27130982 access forbidden by rule while initializing session, client: 103.209.99.7, server: 0.0.0.0:13000
[1580245094] Auto-save of retention data completed successfully.
[1580247089] SERVICE ALERT: secondary-server;Nginx Error Log Status;CRITICAL;SOFT;1;(294) < 2020/01/29 03:00:32 [error] 18360#0: *45091551 no live upstreams while connecting to upstream, client: 103.16.101.72, server: 0.0.0.0:4000, upstream: "backend3", bytes from/to client:0/0, bytes from/to upstream:0/0
[1580247123] SERVICE ALERT: secondary-server;Nginx Access Log Status;CRITICAL;SOFT;1;(244) < 103.16.101.72 [29/Jan/2020:03:00:32 +0530] TCP 502 0 0 0.000 "backend3" "0" "0" "0.000"
[1580247209] SERVICE ALERT: secondary-server;Nginx Error Log Status;CRITICAL;SOFT;2;(7) < 2020/01/29 03:01:32 [error] 18357#0: *45091586 upstream timed out (110: Connection timed out) while connecting to upstream, client: 103.16.101.72, server: 0.0.0.0:4000, upstream: "10.147.212.49:4000", bytes from/to client:0/0, bytes from/to upstream:0/0
[1580247244] SERVICE ALERT: secondary-server;Nginx Access Log Status;OK;HARD;1;Log check ok - 0 pattern matches found
[1580247329] SERVICE ALERT: secondary-server;Nginx Error Log Status;OK;HARD;1;Log check ok - 0 pattern matches found
[1580247333] SERVICE ALERT: primary-server;Nginx Access Log Status;CRITICAL;SOFT;1;(2578) < 172.105.59.173 [29/Jan/2020:03:02:32 +0530] TCP 502 0 0 120.002 "10.147.212.155:3001, 10.147.212.154:3001, backend_3001" "0, 0, 0" "0, 0, 0" "60.001, 60.001, 0.000"
[1580247454] SERVICE ALERT: primary-server;Nginx Access Log Status;OK;HARD;1;Log check ok - 0 pattern matches found
[1580247799] SERVICE NOTIFICATION: nagiosadmin;webservercluster1;Memory;WARNING;notify-service-by-email;WARNING - 11.6% (1882960 kB) free!
[1580248467] SERVICE NOTIFICATION: nagiosadmin;sigqscluster1;Memory;CRITICAL;notify-service-by-email;CRITICAL - 7.2% (3562200 kB) free!
[1580248569] SERVICE NOTIFICATION: nagiosadmin;primary-server;Nginx Error Log Status;CRITICAL;notify-service-by-email;(103) < 2020/01/29 03:26:02 [error] 18341#0: *27139187 access forbidden by rule while initializing session, client: 54.254.180.107, server: 0.0.0.0:13000
[1580248694] Auto-save of retention data completed successfully.
[1580251012] SERVICE FLAPPING ALERT: pservercluster1;Memory;STOPPED; Service appears to have stopped flapping (4.0% change < 5.0% threshold)
[1580251012] SERVICE NOTIFICATION: nagiosadmin;pservercluster1;Memory;CRITICAL;notify-service-by-email;CRITICAL - 3.0% (741040 kB) free!
[1580251400] SERVICE NOTIFICATION: nagiosadmin;webservercluster1;Memory;WARNING;notify-service-by-email;WARNING - 11.6% (1881268 kB) free!
[1580252067] SERVICE NOTIFICATION: nagiosadmin;sigqscluster1;Memory;CRITICAL;notify-service-by-email;CRITICAL - 7.1% (3504364 kB) free!
[1580252294] Auto-save of retention data completed successfully.
[1580252768] SERVICE NOTIFICATION: nagiosadmin;primary-server;Nginx Error Log Status;CRITICAL;notify-service-by-email;(103) < 2020/01/29 04:36:03 [error] 18342#0: *27141831 access forbidden by rule while initializing session, client: 103.209.99.7, server: 0.0.0.0:13000
[1580253258] SERVICE FLAPPING ALERT: sservercluster1;Memory;STOPPED; Service appears to have stopped flapping (4.0% change < 5.0% threshold)
[1580254459] SERVICE ALERT: sservercluster1;Memory;CRITICAL;SOFT;1;CRITICAL - 0.7% (180564 kB) free!
[1580254579] SERVICE ALERT: sservercluster1;Memory;CRITICAL;SOFT;2;CRITICAL - 0.7% (164468 kB) free!
[1580254612] SERVICE NOTIFICATION: nagiosadmin;pservercluster1;Memory;CRITICAL;notify-service-by-email;CRITICAL - 0.7% (178052 kB) free!
[1580254699] SERVICE NOTIFICATION: nagiosadmin;sservercluster1;Memory;CRITICAL;notify-service-by-email;CRITICAL - 0.7% (174464 kB) free!
[1580254699] SERVICE ALERT: sservercluster1;Memory;CRITICAL;HARD;3;CRITICAL - 0.7% (174464 kB) free!
[1580255212] SERVICE NOTIFICATION: nagiosadmin;pservercluster1;Memory;OK;notify-service-by-email;OK - 47.7% (11773328 kB) free.
[1580255212] SERVICE ALERT: pservercluster1;Memory;OK;HARD;1;OK - 47.7% (11773328 kB) free.
[1580255599] SERVICE NOTIFICATION: nagiosadmin;webservercluster1;Memory;WARNING;notify-service-by-email;WARNING - 11.5% (1870304 kB) free!
[1580255667] SERVICE NOTIFICATION: nagiosadmin;sigqscluster1;Memory;CRITICAL;notify-service-by-email;CRITICAL - 7.0% (3427212 kB) free!
[1580255894] Auto-save of retention data completed successfully.
[1580256368] SERVICE NOTIFICATION: nagiosadmin;primary-server;Nginx Error Log Status;CRITICAL;notify-service-by-email;(104) < 2020/01/29 05:36:03 [error] 18343#0: *27144107 access forbidden by rule while initializing session, client: 103.209.99.7, server: 0.0.0.0:13000
[1580258299] SERVICE NOTIFICATION: nagiosadmin;sservercluster1;Memory;CRITICAL;notify-service-by-email;CRITICAL - 0.8% (205068 kB) free!
[1580259199] SERVICE NOTIFICATION: nagiosadmin;webservercluster1;Memory;WARNING;notify-service-by-email;WARNING - 11.5% (1870916 kB) free!
[1580259267] SERVICE NOTIFICATION: nagiosadmin;sigqscluster1;Memory;CRITICAL;notify-service-by-email;CRITICAL - 6.9% (3392480 kB) free!
[1580259494] Auto-save of retention data completed successfully.
[1580259968] SERVICE NOTIFICATION: nagiosadmin;primary-server;Nginx Error Log Status;CRITICAL;notify-service-by-email;(106) < 2020/01/29 06:36:03 [error] 18346#0: *27146372 access forbidden by rule while initializing session, client: 103.209.99.7, server: 0.0.0.0:13000
[1580261899] SERVICE NOTIFICATION: nagiosadmin;sservercluster1;Memory;CRITICAL;notify-service-by-email;CRITICAL - 0.8% (189592 kB) free!
[1580262799] SERVICE NOTIFICATION: nagiosadmin;webservercluster1;Memory;WARNING;notify-service-by-email;WARNING - 11.5% (1867276 kB) free!
[1580262867] SERVICE NOTIFICATION: nagiosadmin;sigqscluster1;Memory;CRITICAL;notify-service-by-email;CRITICAL - 6.5% (3182076 kB) free!
[1580263094] Auto-save of retention data completed successfully.
[1580263568] SERVICE NOTIFICATION: nagiosadmin;primary-server;Nginx Error Log Status;CRITICAL;notify-service-by-email;(103) < 2020/01/29 07:36:03 [error] 18341#0: *27148624 access forbidden by rule while initializing session, client: 103.209.99.7, server: 0.0.0.0:13000
[1580264129] SERVICE ALERT: secondary-server;Nginx Error Log Status;CRITICAL;SOFT;1;(1) < 2020/01/29 07:45:03 [error] 18363#0: *45168541 access forbidden by rule while initializing session, client: 103.255.146.164, server: 0.0.0.0:14001
[1580264249] SERVICE ALERT: secondary-server;Nginx Error Log Status;OK;HARD;1;Log check ok - 0 pattern matches found
[1580265499] SERVICE NOTIFICATION: nagiosadmin;sservercluster1;Memory;CRITICAL;notify-service-by-email;CRITICAL - 3.2% (786540 kB) free!
[1580266050] SERVICE ALERT: secondary-server;Nginx Error Log Status;CRITICAL;SOFT;1;(41) < 2020/01/29 08:13:27 [error] 18365#0: *45179078 connect() failed (111: Connection refused) while connecting to upstream, client: 103.16.101.72, server: 0.0.0.0:4000, upstream: "10.147.212.37:4000", bytes from/to client:0/0, bytes from/to upstream:0/0
[1580266170] SERVICE ALERT: secondary-server;Nginx Error Log Status;OK;HARD;1;Log check ok - 0 pattern matches found
[1580266400] SERVICE NOTIFICATION: nagiosadmin;webservercluster1;Memory;WARNING;notify-service-by-email;WARNING - 11.5% (1875488 kB) free!
[1580266468] SERVICE NOTIFICATION: nagiosadmin;sigqscluster1;Memory;CRITICAL;notify-service-by-email;CRITICAL - 6.2% (3057504 kB) free!
[1580266694] Auto-save of retention data completed successfully.
[1580267177] SERVICE NOTIFICATION: nagiosadmin;primary-server;Nginx Error Log Status;CRITICAL;notify-service-by-email;(103) < 2020/01/29 08:36:15 [error] 18344#0: *27151201 access forbidden by rule while initializing session, client: 54.254.180.107, server: 0.0.0.0:13000
[1580269099] SERVICE NOTIFICATION: nagiosadmin;sservercluster1;Memory;CRITICAL;notify-service-by-email;CRITICAL - 2.5% (614772 kB) free!
[1580270294] Auto-save of retention data completed successfully.
[1580270599] SERVICE NOTIFICATION: nagiosadmin;webservercluster1;Memory;WARNING;notify-service-by-email;WARNING - 11.5% (1868900 kB) free!
[1580270667] SERVICE NOTIFICATION: nagiosadmin;sigqscluster1;Memory;CRITICAL;notify-service-by-email;CRITICAL - 4.3% (2128152 kB) free!
[1580270777] SERVICE NOTIFICATION: nagiosadmin;primary-server;Nginx Error Log Status;CRITICAL;notify-service-by-email;(102) < 2020/01/29 09:36:14 [error] 18343#0: *27153484 access forbidden by rule while initializing session, client: 103.209.99.7, server: 0.0.0.0:13000
[1580271369] EXTERNAL COMMAND: SCHEDULE_FORCED_SVC_CHECK;sigqscluster1;Memory;1580271367
[1580271369] SERVICE NOTIFICATION: nagiosadmin;sigqscluster1;Memory;OK;notify-service-by-email;OK - 81.3% (40079632 kB) free.
[1580271369] SERVICE ALERT: sigqscluster1;Memory;OK;HARD;1;OK - 81.3% (40079632 kB) free.
[1580271372] EXTERNAL COMMAND: SCHEDULE_FORCED_SVC_CHECK;sigqscluster1;Memory;1580271371
[1580271375] EXTERNAL COMMAND: SCHEDULE_FORCED_SVC_CHECK;sigqscluster1;Memory;1580271374
[1580271423] EXTERNAL COMMAND: SCHEDULE_FORCED_SVC_CHECK;sservercluster1;Memory;1580271422
[1580271424] SERVICE NOTIFICATION: nagiosadmin;sservercluster1;Memory;OK;notify-service-by-email;OK - 89.9% (22037160 kB) free.
[1580271424] SERVICE ALERT: sservercluster1;Memory;OK;HARD;1;OK - 89.9% (22037160 kB) free.
[1580271428] EXTERNAL COMMAND: SCHEDULE_FORCED_SVC_CHECK;sservercluster1;Memory;1580271426
[1580271465] EXTERNAL COMMAND: SCHEDULE_FORCED_SVC_CHECK;webservercluster1;Memory;1580271463
[1580271466] SERVICE NOTIFICATION: nagiosadmin;webservercluster1;Memory;OK;notify-service-by-email;OK - 87.5% (14224164 kB) free.
[1580271466] SERVICE ALERT: webservercluster1;Memory;OK;HARD;1;OK - 87.5% (14224164 kB) free.
[1580273212] SERVICE ALERT: pservercluster1;Memory;CRITICAL;SOFT;1;CRITICAL - 9.0% (2227428 kB) free!
[1580273332] SERVICE ALERT: pservercluster1;Memory;CRITICAL;SOFT;2;CRITICAL - 8.6% (2110496 kB) free!
[1580273452] SERVICE NOTIFICATION: nagiosadmin;pservercluster1;Memory;CRITICAL;notify-service-by-email;CRITICAL - 8.3% (2057128 kB) free!
[1580273452] SERVICE ALERT: pservercluster1;Memory;CRITICAL;HARD;3;CRITICAL - 8.3% (2057128 kB) free!
[1580273473] EXTERNAL COMMAND: SCHEDULE_FORCED_SVC_CHECK;pservercluster1;Memory;1580273471
[1580273474] SERVICE NOTIFICATION: nagiosadmin;pservercluster1;Memory;OK;notify-service-by-email;OK - 87.4% (21569600 kB) free.
[1580273474] SERVICE ALERT: pservercluster1;Memory;OK;HARD;1;OK - 87.4% (21569600 kB) free.
[1580273477] EXTERNAL COMMAND: SCHEDULE_FORCED_SVC_CHECK;pservercluster1;Memory;1580273476
[1580273880] SERVICE ALERT: pservercluster2;CPU_Procs;WARNING;SOFT;1;CPU WARNING: 1 warn out of 358 processes
[1580273894] Auto-save of retention data completed successfully.
[1580274000] SERVICE ALERT: pservercluster2;CPU_Procs;OK;HARD;1;CPU OK: 360 processes
[1580274377] SERVICE NOTIFICATION: nagiosadmin;primary-server;Nginx Error Log Status;CRITICAL;notify-service-by-email;(104) < 2020/01/29 10:36:16 [error] 18343#0: *27155756 access forbidden by rule while initializing session, client: 103.209.99.7, server: 0.0.0.0:13000
[1580274600] SERVICE ALERT: pservercluster2;CPU_Procs;WARNING;SOFT;1;CPU WARNING: 1 warn out of 356 processes
[1580274721] SERVICE ALERT: pservercluster2;CPU_Procs;OK;HARD;1;CPU OK: 354 processes
[1580277494] Auto-save of retention data completed successfully.
[1580277677] SERVICE ALERT: pservercluster1;Memory;WARNING;SOFT;1;WARNING - 20.0% (4942224 kB) free!
[1580277797] SERVICE ALERT: pservercluster1;Memory;WARNING;SOFT;2;WARNING - 17.1% (4222308 kB) free!
[1580277917] SERVICE NOTIFICATION: nagiosadmin;pservercluster1;Memory;WARNING;notify-service-by-email;WARNING - 16.7% (4112900 kB) free!
[1580277917] SERVICE ALERT: pservercluster1;Memory;WARNING;HARD;3;WARNING - 16.7% (4112900 kB) free!
[1580277977] SERVICE NOTIFICATION: nagiosadmin;primary-server;Nginx Error Log Status;CRITICAL;notify-service-by-email;(104) < 2020/01/29 11:36:17 [error] 18347#0: *27158061 access forbidden by rule while initializing session, client: 103.209.99.7, server: 0.0.0.0:13000
[1580278395] EXTERNAL COMMAND: SCHEDULE_FORCED_SVC_CHECK;pservercluster1;Memory;1580278386
[1580278396] SERVICE FLAPPING ALERT: pservercluster1;Memory;STARTED; Service appears to have started flapping (22.4% change >= 20.0% threshold)
[1580278396] SERVICE ALERT: pservercluster1;Memory;OK;HARD;1;OK - 87.1% (21490344 kB) free.
[1580279853] SERVICE ALERT: primary-server;Nginx Access Log Status;CRITICAL;SOFT;1;(13) < 203.212.70.170 [29/Jan/2020:12:02:49 +0530] TCP 502 0 0 120.001 "10.147.212.154:3001, 10.147.212.142:3001, backend_3001" "0, 0, 0" "0, 0, 0" "60.001, 60.000, 0.000"
[1580279946] SERVICE ALERT: redis-1;CPU_Procs;WARNING;SOFT;1;CPU WARNING: 1 warn out of 401 processes
[1580279973] SERVICE ALERT: primary-server;Nginx Access Log Status;OK;HARD;1;Log check ok - 0 pattern matches found
[1580280066] SERVICE ALERT: redis-1;CPU_Procs;OK;HARD;1;CPU OK: 401 processes
[1580281094] Auto-save of retention data completed successfully.
[1580281577] SERVICE NOTIFICATION: nagiosadmin;primary-server;Nginx Error Log Status;CRITICAL;notify-service-by-email;(104) < 2020/01/29 12:36:09 [error] 18347#0: *27162527 access forbidden by rule while initializing session, client: 54.254.180.107, server: 0.0.0.0:13000
[1580282665] SERVICE ALERT: primary-server;Memory;WARNING;SOFT;1;WARNING - 18.4% (4512332 kB) free!
[1580282785] SERVICE ALERT: primary-server;Memory;WARNING;SOFT;2;WARNING - 17.7% (4331716 kB) free!
[1580282905] SERVICE NOTIFICATION: nagiosadmin;primary-server;Memory;WARNING;notify-service-by-email;WARNING - 16.9% (4146404 kB) free!
[1580282905] SERVICE ALERT: primary-server;Memory;WARNING;HARD;3;WARNING - 16.9% (4146404 kB) free!
[1580283196] SERVICE ALERT: pservercluster1;Memory;CRITICAL;SOFT;1;CRITICAL - 0.8% (187080 kB) free!
[1580283316] SERVICE ALERT: pservercluster1;Memory;CRITICAL;SOFT;2;CRITICAL - 0.7% (175596 kB) free!
[1580283436] SERVICE ALERT: pservercluster1;Memory;CRITICAL;HARD;3;CRITICAL - 0.7% (165124 kB) free!
[1580283585] EXTERNAL COMMAND: SCHEDULE_FORCED_SVC_CHECK;pservercluster1;Memory;1580283582
[1580283586] SERVICE ALERT: pservercluster1;Memory;OK;HARD;1;OK - 86.2% (21278540 kB) free.
[1580283589] EXTERNAL COMMAND: SCHEDULE_FORCED_SVC_CHECK;pservercluster1;Memory;1580283588
[1580283704] EXTERNAL COMMAND: SCHEDULE_FORCED_SVC_CHECK;primary-server;Memory;1580283703
[1580283704] SERVICE NOTIFICATION: nagiosadmin;primary-server;Memory;OK;notify-service-by-email;OK - 88.8% (21752764 kB) free.
[1580283704] SERVICE ALERT: primary-server;Memory;OK;HARD;1;OK - 88.8% (21752764 kB) free.
[1580283707] EXTERNAL COMMAND: SCHEDULE_FORCED_SVC_CHECK;primary-server;Memory;1580283706
[1580283710] EXTERNAL COMMAND: SCHEDULE_FORCED_SVC_CHECK;primary-server;Memory;1580283709
[1580284694] Auto-save of retention data completed successfully.
[1580285177] SERVICE NOTIFICATION: nagiosadmin;primary-server;Nginx Error Log Status;CRITICAL;notify-service-by-email;(102) < 2020/01/29 13:36:13 [error] 18343#0: *27164953 access forbidden by rule while initializing session, client: 54.254.180.107, server: 0.0.0.0:13000
[1580285796] SERVICE ALERT: smscapp1;Total Processes;CRITICAL;SOFT;1;PROCS CRITICAL: 733 processes
[1580285917] SERVICE ALERT: smscapp1;Total Processes;CRITICAL;SOFT;2;PROCS CRITICAL: 732 processes
[1580286037] SERVICE NOTIFICATION: nagiosadmin;smscapp1;Total Processes;CRITICAL;notify-service-by-email;PROCS CRITICAL: 733 processes
[1580286037] SERVICE ALERT: smscapp1;Total Processes;CRITICAL;HARD;3;PROCS CRITICAL: 733 processes
[1580286522] SERVICE ALERT: webservercluster1;CPU_Procs;WARNING;SOFT;1;CPU WARNING: 1 warn out of 342 processes
[1580286642] SERVICE ALERT: webservercluster1;CPU_Procs;OK;HARD;1;CPU OK: 340 processes
[1580287170] SERVICE ALERT: secondary-server;Nginx Error Log Status;CRITICAL;SOFT;1;(148) < 2020/01/29 14:05:28 [error] 18367#0: *45330471 upstream timed out (110: Connection timed out) while connecting to upstream, client: 103.16.101.72, server: 0.0.0.0:4000, upstream: "10.147.212.37:4000", bytes from/to client:0/0, bytes from/to upstream:0/0
[1580287189] SERVICE ALERT: pservercluster1;Memory;WARNING;SOFT;1;WARNING - 12.5% (3089924 kB) free!
[1580287290] SERVICE ALERT: secondary-server;Nginx Error Log Status;OK;HARD;1;Log check ok - 0 pattern matches found
[1580287309] SERVICE ALERT: pservercluster1;Memory;CRITICAL;SOFT;2;CRITICAL - 4.0% (994124 kB) free!
[1580287346] EXTERNAL COMMAND: SCHEDULE_FORCED_SVC_CHECK;pservercluster1;Memory;1580287331
[1580287346] SERVICE ALERT: pservercluster1;Memory;OK;HARD;1;OK - 84.4% (20816928 kB) free.
[1580287628] SERVICE ALERT: sservercluster1;Memory;CRITICAL;SOFT;1;CRITICAL - 0.7% (183452 kB) free!
[1580287748] SERVICE ALERT: sservercluster1;Memory;CRITICAL;SOFT;2;CRITICAL - 0.8% (193872 kB) free!
[1580287774] SERVICE ALERT: primary-server;Nginx Access Log Status;CRITICAL;SOFT;1;(2) < 49.50.86.152 [29/Jan/2020:14:13:21 +0530] TCP 502 0 0 0.000 "backend_3001" "0" "0" "0.000"
[1580287869] SERVICE NOTIFICATION: nagiosadmin;sservercluster1;Memory;CRITICAL;notify-service-by-email;CRITICAL - 0.7% (173996 kB) free!
[1580287869] SERVICE ALERT: sservercluster1;Memory;CRITICAL;HARD;3;CRITICAL - 0.7% (173996 kB) free!
[1580287891] SERVICE ALERT: secondary-server;Nginx Error Log Status;CRITICAL;SOFT;1;(77) < 2020/01/29 14:12:52 [error] 18357#0: *45335216 connect() failed (111: Connection refused) while connecting to upstream, client: 103.16.101.72, server: 0.0.0.0:4000, upstream: "10.147.212.37:4000", bytes from/to client:0/0, bytes from/to upstream:0/0
[1580287894] SERVICE ALERT: primary-server;Nginx Access Log Status;OK;HARD;1;Log check ok - 0 pattern matches found
[1580287907] EXTERNAL COMMAND: SCHEDULE_FORCED_SVC_CHECK;sservercluster1;Memory;1580287906
[1580287907] SERVICE NOTIFICATION: nagiosadmin;sservercluster1;Memory;OK;notify-service-by-email;OK - 88.8% (21756572 kB) free.
[1580287907] SERVICE ALERT: sservercluster1;Memory;OK;HARD;1;OK - 88.8% (21756572 kB) free.
[1580288011] SERVICE ALERT: secondary-server;Nginx Error Log Status;OK;HARD;1;Log check ok - 0 pattern matches found
[1580288294] Auto-save of retention data completed successfully.
[1580288379] SERVICE ALERT: sservercluster2;Memory;WARNING;SOFT;1;WARNING - 19.6% (4814348 kB) free!
[1580288401] SERVICE ALERT: smscapp1;Memory;WARNING;SOFT;1;WARNING - 19.2% (9448200 kB) free!
[1580288499] SERVICE ALERT: sservercluster2;Memory;WARNING;SOFT;2;WARNING - 19.4% (4764784 kB) free!
[1580288507] SERVICE ALERT: sservercluster1;Memory;CRITICAL;SOFT;1;CRITICAL - 0.7% (174808 kB) free!
[1580288521] SERVICE ALERT: smscapp1;Memory;WARNING;SOFT;2;WARNING - 18.9% (9330240 kB) free!
[1580288619] SERVICE NOTIFICATION: nagiosadmin;sservercluster2;Memory;WARNING;notify-service-by-email;WARNING - 19.2% (4707996 kB) free!
[1580288619] SERVICE ALERT: sservercluster2;Memory;WARNING;HARD;3;WARNING - 19.2% (4707996 kB) free!
[1580288628] SERVICE ALERT: sservercluster1;Memory;CRITICAL;SOFT;2;CRITICAL - 0.8% (187540 kB) free!
[1580288641] SERVICE NOTIFICATION: nagiosadmin;smscapp1;Memory;WARNING;notify-service-by-email;WARNING - 18.7% (9201804 kB) free!
[1580288641] SERVICE ALERT: smscapp1;Memory;WARNING;HARD;3;WARNING - 18.7% (9201804 kB) free!
[1580288748] SERVICE NOTIFICATION: nagiosadmin;sservercluster1;Memory;CRITICAL;notify-service-by-email;CRITICAL - 0.7% (170872 kB) free!
[1580288748] SERVICE ALERT: sservercluster1;Memory;CRITICAL;HARD;3;CRITICAL - 0.7% (170872 kB) free!
[1580288775] SERVICE ALERT: sigqscluster1;Memory;WARNING;SOFT;1;WARNING - 17.4% (8596868 kB) free!
[1580288777] SERVICE NOTIFICATION: nagiosadmin;primary-server;Nginx Error Log Status;CRITICAL;notify-service-by-email;(105) < 2020/01/29 14:36:09 [error] 18340#0: *27168544 access forbidden by rule while initializing session, client: 103.209.99.7, server: 0.0.0.0:13000
[1580288895] SERVICE ALERT: sigqscluster1;Memory;WARNING;SOFT;2;WARNING - 17.4% (8596652 kB) free!
[1580289015] SERVICE NOTIFICATION: nagiosadmin;sigqscluster1;Memory;WARNING;notify-service-by-email;WARNING - 17.4% (8597408 kB) free!
[1580289015] SERVICE ALERT: sigqscluster1;Memory;WARNING;HARD;3;WARNING - 17.4% (8597408 kB) free!
[1580289147] SERVICE ALERT: pservercluster1;Memory;CRITICAL;SOFT;1;CRITICAL - 0.8% (190220 kB) free!
[1580289267] SERVICE ALERT: pservercluster1;Memory;CRITICAL;SOFT;2;CRITICAL - 0.7% (181900 kB) free!
[1580289387] SERVICE ALERT: pservercluster1;Memory;CRITICAL;HARD;3;CRITICAL - 0.7% (180632 kB) free!
[1580289637] SERVICE NOTIFICATION: nagiosadmin;smscapp1;Total Processes;CRITICAL;notify-service-by-email;PROCS CRITICAL: 731 processes
[1580290411] SERVICE ALERT: secondary-server;Nginx Error Log Status;CRITICAL;SOFT;1;(24) < 2020/01/29 14:55:03 [error] 18369#0: *45357193 connect() failed (111: Connection refused) while connecting to upstream, client: 103.16.101.72, server: 0.0.0.0:4000, upstream: "10.147.212.61:4000", bytes from/to client:0/0, bytes from/to upstream:0/0
[1580290531] SERVICE ALERT: secondary-server;Nginx Error Log Status;OK;HARD;1;Log check ok - 0 pattern matches found
[1580290894] SERVICE ALERT: primary-server;Nginx Access Log Status;CRITICAL;SOFT;1;(956) < 103.255.146.164 [29/Jan/2020:15:11:09 +0530] TCP 502 0 0 0.000 "10.147.212.142:3000" "0" "0" "0.000"
[1580291015] SERVICE ALERT: primary-server;Nginx Access Log Status;OK;HARD;1;Log check ok - 0 pattern matches found
[1580291894] Auto-save of retention data completed successfully.
[1580292219] SERVICE NOTIFICATION: nagiosadmin;sservercluster2;Memory;WARNING;notify-service-by-email;WARNING - 14.8% (3622744 kB) free!
[1580292241] SERVICE NOTIFICATION: nagiosadmin;smscapp1;Memory;WARNING;notify-service-by-email;WARNING - 12.2% (6033772 kB) free!
[1580292348] SERVICE NOTIFICATION: nagiosadmin;sservercluster1;Memory;CRITICAL;notify-service-by-email;CRITICAL - 0.8% (186380 kB) free!
[1580292377] SERVICE NOTIFICATION: nagiosadmin;primary-server;Nginx Error Log Status;CRITICAL;notify-service-by-email;(104) < 2020/01/29 15:36:13 [error] 18347#0: *27174226 access forbidden by rule while initializing session, client: 54.254.180.107, server: 0.0.0.0:13000
[1580292615] SERVICE NOTIFICATION: nagiosadmin;sigqscluster1;Memory;WARNING;notify-service-by-email;WARNING - 13.1% (6461000 kB) free!
[1580292618] EXTERNAL COMMAND: SCHEDULE_FORCED_SVC_CHECK;pservercluster1;Memory;1580292617
[1580292618] SERVICE ALERT: pservercluster1;Memory;OK;HARD;1;OK - 86.5% (21345868 kB) free.
[1580292620] EXTERNAL COMMAND: SCHEDULE_FORCED_SVC_CHECK;pservercluster1;Memory;1580292620
[1580292622] EXTERNAL COMMAND: SCHEDULE_FORCED_SVC_CHECK;pservercluster1;Memory;1580292622
[1580292627] EXTERNAL COMMAND: SCHEDULE_FORCED_SVC_CHECK;pservercluster1;Memory;1580292626
[1580292627] EXTERNAL COMMAND: SCHEDULE_FORCED_SVC_CHECK;pservercluster1;Memory;1580292626
[1580292630] EXTERNAL COMMAND: SCHEDULE_FORCED_SVC_CHECK;pservercluster1;Memory;1580292629
[1580292660] EXTERNAL COMMAND: SCHEDULE_FORCED_SVC_CHECK;sservercluster1;Memory;1580292660
[1580292661] SERVICE FLAPPING ALERT: sservercluster1;Memory;STARTED; Service appears to have started flapping (21.8% change >= 20.0% threshold)
[1580292661] SERVICE ALERT: sservercluster1;Memory;OK;HARD;1;OK - 70.5% (17273476 kB) free.
[1580292663] EXTERNAL COMMAND: SCHEDULE_FORCED_SVC_CHECK;sservercluster1;Memory;1580292662
[1580292666] EXTERNAL COMMAND: SCHEDULE_FORCED_SVC_CHECK;sservercluster1;Memory;1580292666
[1580292669] EXTERNAL COMMAND: SCHEDULE_FORCED_SVC_CHECK;sservercluster1;Memory;1580292669
[1580292815] SERVICE ALERT: primary-server;Nginx Access Log Status;CRITICAL;SOFT;1;(36) < 92.42.104.166 [29/Jan/2020:15:43:12 +0530] TCP 502 0 0 0.000 "backend_13001" "0" "0" "0.000"
[1580292935] SERVICE ALERT: primary-server;Nginx Access Log Status;OK;HARD;1;Log check ok - 0 pattern matches found
[1580293231] SERVICE ALERT: pservercluster1;Memory;CRITICAL;SOFT;1;CRITICAL - 3.6% (899872 kB) free!
[1580293237] SERVICE NOTIFICATION: nagiosadmin;smscapp1;Total Processes;CRITICAL;notify-service-by-email;PROCS CRITICAL: 730 processes
[1580293351] SERVICE ALERT: pservercluster1;Memory;CRITICAL;SOFT;2;CRITICAL - 3.4% (849972 kB) free!
[1580293441] SERVICE NOTIFICATION: nagiosadmin;smscapp1;Memory;CRITICAL;notify-service-by-email;CRITICAL - 9.6% (4742756 kB) free!
[1580293441] SERVICE ALERT: smscapp1;Memory;CRITICAL;HARD;3;CRITICAL - 9.6% (4742756 kB) free!
[1580293471] SERVICE ALERT: pservercluster1;Memory;CRITICAL;HARD;3;CRITICAL - 3.1% (763416 kB) free!
[1580293531] SERVICE ALERT: secondary-server;Nginx Error Log Status;CRITICAL;SOFT;1;(5) < 2020/01/29 15:51:56 [error] 18370#0: *45359663 recv() failed (104: Connection reset by peer) while proxying connection, client: 49.50.86.152, server: 0.0.0.0:4000, upstream: "10.147.212.61:4000", bytes from/to client:341809/5212963, bytes from/to upstream:5212963/341809
[1580293651] SERVICE ALERT: secondary-server;Nginx Error Log Status;OK;HARD;1;Log check ok - 0 pattern matches found
[1580294136] SERVICE ALERT: primary-server;Nginx Access Log Status;CRITICAL;SOFT;1;(99) < 203.212.70.170 [29/Jan/2020:16:02:56 +0530] TCP 502 0 0 120.001 "10.147.212.142:3001, 10.147.212.155:3001, backend_3001" "0, 0, 0" "0, 0, 0" "60.000, 60.001, 0.000"
[1580294251] SERVICE ALERT: secondary-server;Nginx Error Log Status;CRITICAL;SOFT;1;(5) < 2020/01/29 16:00:49 [error] 18360#0: *45385118 connect() failed (111: Connection refused) while connecting to upstream, client: 103.67.237.219, server: 0.0.0.0:4000, upstream: "10.147.212.61:4000", bytes from/to client:0/0, bytes from/to upstream:0/0
[1580294256] SERVICE ALERT: primary-server;Nginx Access Log Status;OK;HARD;1;Log check ok - 0 pattern matches found
[1580294371] SERVICE ALERT: secondary-server;Nginx Error Log Status;OK;HARD;1;Log check ok - 0 pattern matches found
[1580295466] SERVICE ALERT: webservercluster1;Memory;WARNING;SOFT;1;WARNING - 16.7% (2708924 kB) free!
[1580295494] Auto-save of retention data completed successfully.
[1580295571] SERVICE ALERT: secondary-server;Nginx Error Log Status;CRITICAL;SOFT;1;(2) < 2020/01/29 16:25:10 [error] 10215#0: *45395100 upstream timed out (110: Connection timed out) while reading response header from upstream, client: 183.82.105.122, server: webserver2.com, request: "GET / HTTP/1.0", upstream: "http://10.147.212.40:80/", host: "altsmsc.tesync.net"
[1580295586] SERVICE ALERT: webservercluster1;Memory;WARNING;SOFT;2;WARNING - 16.6% (2705716 kB) free!
[1580295615] SERVICE NOTIFICATION: nagiosadmin;sigqscluster1;Memory;CRITICAL;notify-service-by-email;CRITICAL - 9.2% (4557188 kB) free!
[1580295615] SERVICE ALERT: sigqscluster1;Memory;CRITICAL;HARD;3;CRITICAL - 9.2% (4557188 kB) free!
[1580295691] SERVICE ALERT: secondary-server;Nginx Error Log Status;OK;HARD;1;Log check ok - 0 pattern matches found
[1580295706] SERVICE NOTIFICATION: nagiosadmin;webservercluster1;Memory;WARNING;notify-service-by-email;WARNING - 16.5% (2675816 kB) free!
[1580295706] SERVICE ALERT: webservercluster1;Memory;WARNING;HARD;3;WARNING - 16.5% (2675816 kB) free!
[1580295819] SERVICE NOTIFICATION: nagiosadmin;sservercluster2;Memory;WARNING;notify-service-by-email;WARNING - 11.4% (2789368 kB) free!
[1580295977] SERVICE NOTIFICATION: nagiosadmin;primary-server;Nginx Error Log Status;CRITICAL;notify-service-by-email;(101) < 2020/01/29 16:36:12 [error] 18346#0: *27179001 access forbidden by rule while initializing session, client: 103.209.99.7, server: 0.0.0.0:13000
[1580296837] SERVICE NOTIFICATION: nagiosadmin;smscapp1;Total Processes;CRITICAL;notify-service-by-email;PROCS CRITICAL: 728 processes
[1580296842] SERVICE ALERT: webservercluster1;CPU_Procs;WARNING;SOFT;1;CPU WARNING: 1 warn out of 349 processes
[1580296962] SERVICE ALERT: webservercluster1;CPU_Procs;OK;HARD;1;CPU OK: 350 processes
[1580297019] SERVICE NOTIFICATION: nagiosadmin;sservercluster2;Memory;CRITICAL;notify-service-by-email;CRITICAL - 9.5% (2329356 kB) free!
[1580297019] SERVICE ALERT: sservercluster2;Memory;CRITICAL;HARD;3;CRITICAL - 9.5% (2329356 kB) free!
[1580297041] SERVICE NOTIFICATION: nagiosadmin;smscapp1;Memory;CRITICAL;notify-service-by-email;CRITICAL - 0.9% (439468 kB) free!
[1580298669] SERVICE FLAPPING ALERT: sservercluster1;Memory;STOPPED; Service appears to have stopped flapping (4.5% change < 5.0% threshold)
[1580298828] EXTERNAL COMMAND: SCHEDULE_FORCED_SVC_CHECK;pservercluster1;Memory;1580298828
[1580298829] SERVICE ALERT: pservercluster1;Memory;OK;HARD;1;OK - 87.3% (21538172 kB) free.
[1580298831] EXTERNAL COMMAND: SCHEDULE_FORCED_SVC_CHECK;pservercluster1;Memory;1580298830
[1580298834] EXTERNAL COMMAND: SCHEDULE_FORCED_SVC_CHECK;pservercluster1;Memory;1580298833
[1580298837] EXTERNAL COMMAND: SCHEDULE_FORCED_SVC_CHECK;pservercluster1;Memory;1580298836
[1580298860] EXTERNAL COMMAND: SCHEDULE_FORCED_SVC_CHECK;sigqscluster1;Memory;1580298859
[1580298860] SERVICE NOTIFICATION: nagiosadmin;sigqscluster1;Memory;OK;notify-service-by-email;OK - 57.5% (28335508 kB) free.
[1580298860] SERVICE ALERT: sigqscluster1;Memory;OK;HARD;1;OK - 57.5% (28335508 kB) free.
[1580298862] EXTERNAL COMMAND: SCHEDULE_FORCED_SVC_CHECK;sigqscluster1;Memory;1580298861
[1580298865] EXTERNAL COMMAND: SCHEDULE_FORCED_SVC_CHECK;sigqscluster1;Memory;1580298864
[1580298867] EXTERNAL COMMAND: SCHEDULE_FORCED_SVC_CHECK;sigqscluster1;Memory;1580298867
[1580298901] EXTERNAL COMMAND: SCHEDULE_FORCED_SVC_CHECK;smscapp1;Memory;1580298900
[1580298902] SERVICE NOTIFICATION: nagiosadmin;smscapp1;Memory;OK;notify-service-by-email;OK - 27.6% (13615868 kB) free.
[1580298902] SERVICE ALERT: smscapp1;Memory;OK;HARD;1;OK - 27.6% (13615868 kB) free.
[1580298905] EXTERNAL COMMAND: SCHEDULE_FORCED_SVC_CHECK;smscapp1;Memory;1580298904
[1580298909] EXTERNAL COMMAND: SCHEDULE_FORCED_SVC_CHECK;smscapp1;Memory;1580298908
[1580298937] EXTERNAL COMMAND: SCHEDULE_FORCED_SVC_CHECK;sservercluster2;Memory;1580298936
[1580298937] SERVICE NOTIFICATION: nagiosadmin;sservercluster2;Memory;OK;notify-service-by-email;OK - 68.6% (16806648 kB) free.
[1580298937] SERVICE ALERT: sservercluster2;Memory;OK;HARD;1;OK - 68.6% (16806648 kB) free.
[1580299094] Auto-save of retention data completed successfully.
[1580299306] SERVICE NOTIFICATION: nagiosadmin;webservercluster1;Memory;WARNING;notify-service-by-email;WARNING - 11.4% (1858108 kB) free!
[1580299577] SERVICE NOTIFICATION: nagiosadmin;primary-server;Nginx Error Log Status;CRITICAL;notify-service-by-email;(105) < 2020/01/29 17:36:12 [error] 18344#0: *27181492 access forbidden by rule while initializing session, client: 103.209.99.7, server: 0.0.0.0:13000
[1580300037] SERVICE ALERT: pservercluster1;Memory;WARNING;SOFT;1;WARNING - 16.1% (3963580 kB) free!
[1580300157] SERVICE ALERT: pservercluster1;Memory;WARNING;SOFT;2;WARNING - 15.9% (3935084 kB) free!
[1580300278] SERVICE ALERT: pservercluster1;Memory;WARNING;HARD;3;WARNING - 15.7% (3867776 kB) free!
[1580300437] SERVICE NOTIFICATION: nagiosadmin;smscapp1;Total Processes;CRITICAL;notify-service-by-email;PROCS CRITICAL: 726 processes
[1580300469] SERVICE ALERT: sservercluster1;Memory;WARNING;SOFT;1;WARNING - 19.7% (4818028 kB) free!
[1580300491] SERVICE ALERT: secondary-server;Nginx Error Log Status;CRITICAL;SOFT;1;(1) < 2020/01/29 17:42:53 [error] 10216#0: *45429249 upstream timed out (110: Connection timed out) while reading response header from upstream, client: 183.82.105.122, server: webserver2.com, request: "GET / HTTP/1.0", upstream: "http://10.147.212.40:80/", host: "altsmsc.tesync.net"
[1580300589] SERVICE ALERT: sservercluster1;Memory;WARNING;SOFT;2;WARNING - 19.0% (4667544 kB) free!
[1580300611] SERVICE ALERT: secondary-server;Nginx Error Log Status;OK;HARD;1;Log check ok - 0 pattern matches found
[1580300709] SERVICE NOTIFICATION: nagiosadmin;sservercluster1;Memory;WARNING;notify-service-by-email;WARNING - 18.3% (4496284 kB) free!
[1580300709] SERVICE ALERT: sservercluster1;Memory;WARNING;HARD;3;WARNING - 18.3% (4496284 kB) free!
[1580301478] SERVICE ALERT: pservercluster1;Memory;CRITICAL;HARD;3;CRITICAL - 5.8% (1425088 kB) free!
[1580301611] SERVICE ALERT: sservercluster2;CPU_Procs;WARNING;SOFT;1;CPU WARNING: 1 warn out of 352 processes
[1580301732] SERVICE ALERT: sservercluster2;CPU_Procs;OK;HARD;1;CPU OK: 343 processes
[1580302694] Auto-save of retention data completed successfully.
[1580302906] SERVICE NOTIFICATION: nagiosadmin;webservercluster1;Memory;WARNING;notify-service-by-email;WARNING - 10.7% (1731120 kB) free!
[1580303109] SERVICE NOTIFICATION: nagiosadmin;sservercluster1;Memory;CRITICAL;notify-service-by-email;CRITICAL - 9.4% (2303292 kB) free!
[1580303109] SERVICE ALERT: sservercluster1;Memory;CRITICAL;HARD;3;CRITICAL - 9.4% (2303292 kB) free!
[1580303177] SERVICE NOTIFICATION: nagiosadmin;primary-server;Nginx Error Log Status;CRITICAL;notify-service-by-email;(105) < 2020/01/29 18:36:14 [error] 18349#0: *27183880 access forbidden by rule while initializing session, client: 54.254.180.107, server: 0.0.0.0:13000
[1580304037] SERVICE NOTIFICATION: nagiosadmin;smscapp1;Total Processes;CRITICAL;notify-service-by-email;PROCS CRITICAL: 722 processes
[1580304706] SERVICE NOTIFICATION: nagiosadmin;webservercluster1;Memory;CRITICAL;notify-service-by-email;CRITICAL - 9.3% (1510128 kB) free!
[1580304706] SERVICE ALERT: webservercluster1;Memory;CRITICAL;HARD;3;CRITICAL - 9.3% (1510128 kB) free!
[1580305866] SERVICE ALERT: redis-1;CPU_Procs;WARNING;SOFT;1;CPU WARNING: 1 warn out of 401 processes
[1580305906] SERVICE NOTIFICATION: nagiosadmin;webservercluster1;Memory;WARNING;notify-service-by-email;WARNING - 10.2% (1659244 kB) free!
[1580305906] SERVICE ALERT: webservercluster1;Memory;WARNING;HARD;3;WARNING - 10.2% (1659244 kB) free!
[1580305986] SERVICE ALERT: redis-1;CPU_Procs;OK;HARD;1;CPU OK: 400 processes
[1580306294] Auto-save of retention data completed successfully.
[1580306709] SERVICE NOTIFICATION: nagiosadmin;sservercluster1;Memory;CRITICAL;notify-service-by-email;CRITICAL - 2.3% (563624 kB) free!
[1580306778] SERVICE NOTIFICATION: nagiosadmin;primary-server;Nginx Error Log Status;CRITICAL;notify-service-by-email;(103) < 2020/01/29 19:36:17 [error] 18345#0: *27186300 access forbidden by rule while initializing session, client: 54.254.180.107, server: 0.0.0.0:13000
[1580307107] SERVICE FLAPPING ALERT: webservercluster1;Memory;STARTED; Service appears to have started flapping (21.7% change >= 20.0% threshold)
[1580307107] SERVICE ALERT: webservercluster1;Memory;CRITICAL;HARD;3;CRITICAL - 10.0% (1633400 kB) free!
[1580307638] SERVICE NOTIFICATION: nagiosadmin;smscapp1;Total Processes;CRITICAL;notify-service-by-email;PROCS CRITICAL: 724 processes
[1580309894] Auto-save of retention data completed successfully.
[1580310107] SERVICE ALERT: webservercluster1;Memory;WARNING;HARD;3;WARNING - 16.1% (2615028 kB) free!
[1580310309] SERVICE NOTIFICATION: nagiosadmin;sservercluster1;Memory;CRITICAL;notify-service-by-email;CRITICAL - 0.8% (192580 kB) free!
[1580310378] SERVICE NOTIFICATION: nagiosadmin;primary-server;Nginx Error Log Status;CRITICAL;notify-service-by-email;(105) < 2020/01/29 20:36:14 [error] 18345#0: *27189308 access forbidden by rule while initializing session, client: 103.209.99.7, server: 0.0.0.0:13000
[1580311238] SERVICE NOTIFICATION: nagiosadmin;smscapp1;Total Processes;CRITICAL;notify-service-by-email;PROCS CRITICAL: 721 processes
[1580312278] SERVICE FLAPPING ALERT: pservercluster1;Memory;STOPPED; Service appears to have stopped flapping (3.9% change < 5.0% threshold)
[1580312278] SERVICE NOTIFICATION: nagiosadmin;pservercluster1;Memory;CRITICAL;notify-service-by-email;CRITICAL - 0.7% (166004 kB) free!
[1580313494] Auto-save of retention data completed successfully.
[1580313716] EXTERNAL COMMAND: SCHEDULE_FORCED_SVC_CHECK;pservercluster1;Memory;1580313715
[1580313717] SERVICE NOTIFICATION: nagiosadmin;pservercluster1;Memory;OK;notify-service-by-email;OK - 87.8% (21677184 kB) free.
[1580313717] SERVICE ALERT: pservercluster1;Memory;OK;HARD;1;OK - 87.8% (21677184 kB) free.
[1580313719] EXTERNAL COMMAND: SCHEDULE_FORCED_SVC_CHECK;pservercluster1;Memory;1580313718
[1580313743] EXTERNAL COMMAND: SCHEDULE_FORCED_SVC_CHECK;sservercluster1;Memory;1580313741
[1580313743] SERVICE NOTIFICATION: nagiosadmin;sservercluster1;Memory;OK;notify-service-by-email;OK - 89.1% (21833528 kB) free.
[1580313743] SERVICE ALERT: sservercluster1;Memory;OK;HARD;1;OK - 89.1% (21833528 kB) free.
[1580313746] EXTERNAL COMMAND: SCHEDULE_FORCED_SVC_CHECK;sservercluster1;Memory;1580313745
[1580313749] EXTERNAL COMMAND: SCHEDULE_FORCED_SVC_CHECK;sservercluster1;Memory;1580313748
[1580313811] SERVICE ALERT: secondary-server;Nginx Error Log Status;CRITICAL;SOFT;1;(86) < 2020/01/29 21:33:19 [error] 10218#0: *45519037 connect() failed (111: Connection refused) while connecting to upstream, client: 103.16.101.72, server: 0.0.0.0:4000, upstream: "10.147.212.38:4000", bytes from/to client:0/0, bytes from/to upstream:0/0
[1580313867] SERVICE ALERT: pservercluster1;Total Processes;CRITICAL;SOFT;1;PROCS CRITICAL: 610 processes
[1580313931] SERVICE ALERT: secondary-server;Nginx Error Log Status;OK;HARD;1;Log check ok - 0 pattern matches found
[1580313978] SERVICE NOTIFICATION: nagiosadmin;primary-server;Nginx Error Log Status;CRITICAL;notify-service-by-email;(270) < 2020/01/29 21:36:15 [error] 18345#0: *27192358 access forbidden by rule while initializing session, client: 103.209.99.7, server: 0.0.0.0:13000
[1580313987] SERVICE ALERT: pservercluster1;Total Processes;OK;HARD;1;PROCS OK: 351 processes
[1580315438] SERVICE NOTIFICATION: nagiosadmin;smscapp1;Total Processes;CRITICAL;notify-service-by-email;PROCS CRITICAL: 726 processes
[1580315586] SERVICE ALERT: redis-1;CPU_Procs;WARNING;SOFT;1;CPU WARNING: 1 warn out of 401 processes
[1580315706] SERVICE ALERT: redis-1;CPU_Procs;OK;HARD;1;CPU OK: 401 processes
[1580316332] SERVICE ALERT: secondary-server;Nginx Error Log Status;CRITICAL;SOFT;1;(1) < 2020/01/29 22:09:38 [error] 10222#0: *45531575 access forbidden by rule while initializing session, client: 103.255.146.164, server: 0.0.0.0:14001
[1580316452] SERVICE ALERT: secondary-server;Nginx Error Log Status;OK;HARD;1;Log check ok - 0 pattern matches found
[1580317094] Auto-save of retention data completed successfully.
[1580318178] SERVICE NOTIFICATION: nagiosadmin;primary-server;Nginx Error Log Status;CRITICAL;notify-service-by-email;(100) < 2020/01/29 22:46:17 [error] 18344#0: *27195247 access forbidden by rule while initializing session, client: 103.209.99.7, server: 0.0.0.0:13000
[1580319038] SERVICE NOTIFICATION: nagiosadmin;smscapp1;Total Processes;CRITICAL;notify-service-by-email;PROCS CRITICAL: 722 processes
[1580319107] SERVICE FLAPPING ALERT: webservercluster1;Memory;STOPPED; Service appears to have stopped flapping (4.3% change < 5.0% threshold)
[1580319107] SERVICE NOTIFICATION: nagiosadmin;webservercluster1;Memory;WARNING;notify-service-by-email;WARNING - 16.1% (2612412 kB) free!
[1580320694] Auto-save of retention data completed successfully.
[1580321230] SERVICE ALERT: qservercluster2;Memory;WARNING;SOFT;1;WARNING - 20.0% (9873632 kB) free!
[1580321350] SERVICE ALERT: qservercluster2;Memory;WARNING;SOFT;2;WARNING - 20.0% (9872252 kB) free!
[1580321390] SERVICE ALERT: smscapp2;Memory;CRITICAL;SOFT;1;CRITICAL - 0.4% (219192 kB) free!
[1580321470] SERVICE NOTIFICATION: nagiosadmin;qservercluster2;Memory;WARNING;notify-service-by-email;WARNING - 20.0% (9870104 kB) free!
[1580321470] SERVICE ALERT: qservercluster2;Memory;WARNING;HARD;3;WARNING - 20.0% (9870104 kB) free!
[1580321510] SERVICE ALERT: smscapp2;Memory;CRITICAL;SOFT;2;CRITICAL - 0.5% (242508 kB) free!
[1580321630] SERVICE NOTIFICATION: nagiosadmin;smscapp2;Memory;CRITICAL;notify-service-by-email;CRITICAL - 0.4% (218804 kB) free!
[1580321630] SERVICE ALERT: smscapp2;Memory;CRITICAL;HARD;3;CRITICAL - 0.4% (218804 kB) free!
[1580321778] SERVICE NOTIFICATION: nagiosadmin;primary-server;Nginx Error Log Status;CRITICAL;notify-service-by-email;(99) < 2020/01/29 23:46:13 [error] 18339#0: *27197500 access forbidden by rule while initializing session, client: 54.254.180.107, server: 0.0.0.0:13000
[1580322428] EXTERNAL COMMAND: SCHEDULE_FORCED_SVC_CHECK;smscapp2;Memory;1580322427
[1580322428] SERVICE NOTIFICATION: nagiosadmin;smscapp2;Memory;OK;notify-service-by-email;OK - 60.8% (29981652 kB) free.
[1580322428] SERVICE ALERT: smscapp2;Memory;OK;HARD;1;OK - 60.8% (29981652 kB) free.
[1580322432] EXTERNAL COMMAND: SCHEDULE_FORCED_SVC_CHECK;smscapp2;Memory;1580322431
[1580322435] EXTERNAL COMMAND: SCHEDULE_FORCED_SVC_CHECK;smscapp2;Memory;1580322434
[1580322439] EXTERNAL COMMAND: SCHEDULE_FORCED_SVC_CHECK;smscapp2;Memory;1580322437
[1580322480] EXTERNAL COMMAND: SCHEDULE_FORCED_SVC_CHECK;smscapp1;Total Processes;1580322479
[1580322483] EXTERNAL COMMAND: SCHEDULE_FORCED_SVC_CHECK;smscapp1;Total Processes;1580322482
[1580322487] EXTERNAL COMMAND: SCHEDULE_FORCED_SVC_CHECK;smscapp1;Total Processes;1580322486
[1580322492] EXTERNAL COMMAND: SCHEDULE_FORCED_SVC_CHECK;smscapp1;Total Processes;1580322491
[1580322497] EXTERNAL COMMAND: SCHEDULE_FORCED_SVC_CHECK;smscapp1;Total Processes;1580322496
[1580322507] EXTERNAL COMMAND: SCHEDULE_FORCED_SVC_CHECK;smscapp1;Total Processes;1580322505
[1580322510] EXTERNAL COMMAND: SCHEDULE_FORCED_SVC_CHECK;smscapp1;Total Processes;1580322509
[1580322513] EXTERNAL COMMAND: SCHEDULE_FORCED_SVC_CHECK;smscapp1;Total Processes;1580322512
[1580322517] EXTERNAL COMMAND: SCHEDULE_FORCED_SVC_CHECK;smscapp1;Total Processes;1580322516
[1580322555] EXTERNAL COMMAND: SCHEDULE_FORCED_SVC_CHECK;primary-server;Nginx Error Log Status;1580322554
[1580322558] EXTERNAL COMMAND: SCHEDULE_FORCED_SVC_CHECK;primary-server;Nginx Error Log Status;1580322558
[1580322563] EXTERNAL COMMAND: SCHEDULE_FORCED_SVC_CHECK;primary-server;Nginx Error Log Status;1580322562
[1580322566] EXTERNAL COMMAND: SCHEDULE_FORCED_SVC_CHECK;primary-server;Nginx Error Log Status;1580322565
[1580322566] SERVICE NOTIFICATION: nagiosadmin;primary-server;Nginx Error Log Status;OK;notify-service-by-email;Log check ok - 0 pattern matches found
[1580322566] SERVICE ALERT: primary-server;Nginx Error Log Status;OK;HARD;1;Log check ok - 0 pattern matches found
[1580322569] EXTERNAL COMMAND: SCHEDULE_FORCED_SVC_CHECK;primary-server;Nginx Error Log Status;1580322568
[1580322570] SERVICE ALERT: primary-server;Nginx Error Log Status;CRITICAL;SOFT;1;(1) < 2020/01/29 23:59:28 [error] 18342#0: *27197998 access forbidden by rule while initializing session, client: 54.254.180.107, server: 0.0.0.0:13000
