[1544466600] LOG ROTATION: DAILY
[1544466600] LOG VERSION: 2.0
[1544466600] CURRENT HOST STATE: db1;UP;HARD;1;PING OK - Packet loss = 0%, RTA = 0.48 ms
[1544466600] CURRENT HOST STATE: db2;UP;HARD;1;PING OK - Packet loss = 0%, RTA = 0.42 ms
[1544466600] CURRENT HOST STATE: primary-server;UP;HARD;1;PING OK - Packet loss = 0%, RTA = 0.44 ms
[1544466600] CURRENT HOST STATE: pservercluster1;UP;HARD;1;PING OK - Packet loss = 0%, RTA = 0.32 ms
[1544466600] CURRENT HOST STATE: pservercluster2;UP;HARD;1;PING OK - Packet loss = 0%, RTA = 0.44 ms
[1544466600] CURRENT HOST STATE: qservercluster1;UP;HARD;1;PING OK - Packet loss = 0%, RTA = 0.30 ms
[1544466600] CURRENT HOST STATE: qservercluster2;UP;HARD;1;PING OK - Packet loss = 0%, RTA = 0.40 ms
[1544466600] CURRENT HOST STATE: secondary-server;UP;HARD;1;PING OK - Packet loss = 0%, RTA = 0.45 ms
[1544466600] CURRENT HOST STATE: sig1;UP;HARD;1;PING OK - Packet loss = 0%, RTA = 0.48 ms
[1544466600] CURRENT HOST STATE: sig2;UP;HARD;1;PING OK - Packet loss = 0%, RTA = 0.50 ms
[1544466600] CURRENT HOST STATE: sig3;UP;HARD;1;PING OK - Packet loss = 0%, RTA = 0.45 ms
[1544466600] CURRENT HOST STATE: sig4;UP;HARD;1;PING OK - Packet loss = 0%, RTA = 0.42 ms
[1544466600] CURRENT HOST STATE: sig5;UP;HARD;1;PING OK - Packet loss = 0%, RTA = 0.44 ms
[1544466600] CURRENT HOST STATE: sig6;UP;HARD;1;PING OK - Packet loss = 0%, RTA = 0.42 ms
[1544466600] CURRENT HOST STATE: sigqscluster1;UP;HARD;1;PING OK - Packet loss = 0%, RTA = 0.35 ms
[1544466600] CURRENT HOST STATE: sigqscluster2;UP;HARD;1;PING OK - Packet loss = 0%, RTA = 0.37 ms
[1544466600] CURRENT HOST STATE: smscapp1;UP;HARD;1;PING OK - Packet loss = 0%, RTA = 0.25 ms
[1544466600] CURRENT HOST STATE: smscapp2;UP;HARD;1;PING OK - Packet loss = 0%, RTA = 0.35 ms
[1544466600] CURRENT HOST STATE: sservercluster1;UP;HARD;1;PING OK - Packet loss = 0%, RTA = 0.44 ms
[1544466600] CURRENT HOST STATE: sservercluster2;UP;HARD;1;PING OK - Packet loss = 0%, RTA = 0.44 ms
[1544466600] CURRENT HOST STATE: webserver1;UP;HARD;1;PING OK - Packet loss = 0%, RTA = 0.46 ms
[1544466600] CURRENT HOST STATE: webserver2;UP;HARD;1;PING OK - Packet loss = 0%, RTA = 0.08 ms
[1544466600] CURRENT HOST STATE: webservercluster1;UP;HARD;1;PING OK - Packet loss = 0%, RTA = 0.44 ms
[1544466600] CURRENT HOST STATE: webservercluster2;UP;HARD;1;PING OK - Packet loss = 0%, RTA = 0.41 ms
[1544466600] CURRENT SERVICE STATE: db1;CPU Load;OK;HARD;1;OK - load average: 0.00, 0.01, 0.05
[1544466600] CURRENT SERVICE STATE: db1;CPU_Procs;OK;HARD;1;CPU OK: 326 processes
[1544466600] CURRENT SERVICE STATE: db1;Current Users;OK;HARD;1;USERS OK - 3 users currently logged in
[1544466600] CURRENT SERVICE STATE: db1;HDD_Home status;OK;HARD;1;DISK OK - free space: /home 205677 MB (98% inode=99%):
[1544466600] CURRENT SERVICE STATE: db1;HDD_Root status;OK;HARD;1;DISK OK - free space: / 29479 MB (57% inode=99%):
[1544466600] CURRENT SERVICE STATE: db1;LocalService-NTPD SERVICE;OK;HARD;1;PROCS OK: 1 process with command name 'ntpd'
[1544466600] CURRENT SERVICE STATE: db1;Mariadb status;OK;HARD;1;PROCS OK: 1 process with command name 'mysqld'
[1544466600] CURRENT SERVICE STATE: db1;Memory;OK;HARD;1;OK - 57.0% (28081940 kB) free.
[1544466600] CURRENT SERVICE STATE: db1;Sensors Status;OK;HARD;1;SENSORS OK
[1544466600] CURRENT SERVICE STATE: db1;Total Processes;OK;HARD;1;PROCS OK: 326 processes
[1544466600] CURRENT SERVICE STATE: db2;CPU Load;OK;HARD;1;OK - load average: 0.01, 0.02, 0.05
[1544466600] CURRENT SERVICE STATE: db2;CPU_Procs;OK;HARD;1;CPU OK: 291 processes
[1544466600] CURRENT SERVICE STATE: db2;Current Users;OK;HARD;1;USERS OK - 0 users currently logged in
[1544466600] CURRENT SERVICE STATE: db2;HDD_Home status;OK;HARD;1;DISK OK - free space: /home 127397 MB (56% inode=99%):
[1544466600] CURRENT SERVICE STATE: db2;HDD_Root status;OK;HARD;1;DISK OK - free space: / 34557 MB (67% inode=99%):
[1544466600] CURRENT SERVICE STATE: db2;LocalService-NTPD SERVICE;OK;HARD;1;PROCS OK: 1 process with command name 'ntpd'
[1544466600] CURRENT SERVICE STATE: db2;Mariadb status;OK;HARD;1;PROCS OK: 1 process with command name 'mysqld'
[1544466600] CURRENT SERVICE STATE: db2;Memory;OK;HARD;1;OK - 27.6% (13582596 kB) free.
[1544466600] CURRENT SERVICE STATE: db2;Sensors Status;OK;HARD;1;SENSORS OK
[1544466600] CURRENT SERVICE STATE: db2;Total Processes;OK;HARD;1;PROCS OK: 290 processes
[1544466600] CURRENT SERVICE STATE: primary-server;CPU Load;OK;HARD;1;OK - load average: 0.82, 0.81, 0.53
[1544466600] CURRENT SERVICE STATE: primary-server;CPU_Procs;OK;HARD;1;CPU OK: 343 processes
[1544466600] CURRENT SERVICE STATE: primary-server;Current Users;OK;HARD;1;USERS OK - 2 users currently logged in
[1544466600] CURRENT SERVICE STATE: primary-server;HDD_Home status;OK;HARD;1;DISK OK - free space: /home 224702 MB (99% inode=99%):
[1544466600] CURRENT SERVICE STATE: primary-server;HDD_Root status;OK;HARD;1;DISK OK - free space: / 41187 MB (80% inode=99%):
[1544466600] CURRENT SERVICE STATE: primary-server;LocalService-NTPD SERVICE;OK;HARD;1;PROCS OK: 2 processes with command name 'ntpd'
[1544466600] CURRENT SERVICE STATE: primary-server;Memory;OK;HARD;1;OK - 70.7% (17318628 kB) free.
[1544466600] CURRENT SERVICE STATE: primary-server;Nginx Status;OK;HARD;1;NGINX OK -  0.089 sec. response time, Active: 0 (Writing: 0 Reading: 0 Waiting: 0) ReqPerSec: 0.000 ConnPerSec: 0.000 ReqPerConn: 0.000
[1544466600] CURRENT SERVICE STATE: primary-server;Sensors Status;OK;HARD;1;SENSORS OK
[1544466600] CURRENT SERVICE STATE: primary-server;Total Processes;OK;HARD;1;PROCS OK: 344 processes
[1544466600] CURRENT SERVICE STATE: pservercluster1;CPU Load;OK;HARD;1;OK - load average: 0.38, 0.34, 0.32
[1544466600] CURRENT SERVICE STATE: pservercluster1;CPU_Procs;OK;HARD;1;CPU OK: 310 processes
[1544466600] CURRENT SERVICE STATE: pservercluster1;Current Users;OK;HARD;1;USERS OK - 10 users currently logged in
[1544466600] CURRENT SERVICE STATE: pservercluster1;HDD_Home status;OK;HARD;1;DISK OK - free space: /home 176986 MB (78% inode=99%):
[1544466600] CURRENT SERVICE STATE: pservercluster1;HDD_Root status;OK;HARD;1;DISK OK - free space: / 37799 MB (73% inode=99%):
[1544466600] CURRENT SERVICE STATE: pservercluster1;LocalService-NTPD SERVICE;OK;HARD;1;PROCS OK: 2 processes with command name 'ntpd'
[1544466600] CURRENT SERVICE STATE: pservercluster1;Memory;OK;HARD;1;OK - 90.0% (22046680 kB) free.
[1544466600] CURRENT SERVICE STATE: pservercluster1;Sensors Status;OK;HARD;1;SENSORS OK
[1544466600] CURRENT SERVICE STATE: pservercluster1;Total Processes;OK;HARD;1;PROCS OK: 311 processes
[1544466600] CURRENT SERVICE STATE: pservercluster2;CPU Load;OK;HARD;1;OK - load average: 0.00, 0.01, 0.05
[1544466600] CURRENT SERVICE STATE: pservercluster2;CPU_Procs;CRITICAL;HARD;3;CPU CRITICAL: 1 crit, 0 warn out of 320 processes
[1544466600] CURRENT SERVICE STATE: pservercluster2;Current Users;OK;HARD;1;USERS OK - 8 users currently logged in
[1544466600] CURRENT SERVICE STATE: pservercluster2;HDD_Home status;OK;HARD;1;DISK OK - free space: /home 200055 MB (89% inode=99%):
[1544466600] CURRENT SERVICE STATE: pservercluster2;HDD_Root status;OK;HARD;1;DISK OK - free space: / 14039 MB (27% inode=98%):
[1544466600] CURRENT SERVICE STATE: pservercluster2;LocalService-NTPD SERVICE;OK;HARD;1;PROCS OK: 2 processes with command name 'ntpd'
[1544466600] CURRENT SERVICE STATE: pservercluster2;Memory;OK;HARD;1;OK - 60.5% (14835808 kB) free.
[1544466600] CURRENT SERVICE STATE: pservercluster2;Sensors Status;OK;HARD;1;SENSORS OK
[1544466600] CURRENT SERVICE STATE: pservercluster2;Total Processes;OK;HARD;1;PROCS OK: 320 processes
[1544466600] CURRENT SERVICE STATE: qservercluster1;CPU Load;WARNING;HARD;3;WARNING - load average: 13.20, 13.33, 13.33
[1544466600] CURRENT SERVICE STATE: qservercluster1;CPU_Procs;CRITICAL;HARD;3;CPU CRITICAL: 1 crit, 0 warn out of 305 processes
[1544466600] CURRENT SERVICE STATE: qservercluster1;Current Users;OK;HARD;1;USERS OK - 2 users currently logged in
[1544466600] CURRENT SERVICE STATE: qservercluster1;HDD_Home status;OK;HARD;1;DISK OK - free space: /home 224641 MB (99% inode=99%):
[1544466600] CURRENT SERVICE STATE: qservercluster1;HDD_Root status;OK;HARD;1;DISK OK - free space: / 41331 MB (80% inode=99%):
[1544466600] CURRENT SERVICE STATE: qservercluster1;LocalService-NTPD SERVICE;OK;HARD;1;PROCS OK: 1 process with command name 'ntpd'
[1544466600] CURRENT SERVICE STATE: qservercluster1;Memory;OK;HARD;1;OK - 91.8% (45220804 kB) free.
[1544466600] CURRENT SERVICE STATE: qservercluster1;Sensors Status;OK;HARD;1;SENSORS OK
[1544466600] CURRENT SERVICE STATE: qservercluster1;Total Processes;OK;HARD;1;PROCS OK: 308 processes
[1544466600] CURRENT SERVICE STATE: qservercluster2;CPU Load;OK;HARD;1;OK - load average: 0.00, 0.01, 0.06
[1544466600] CURRENT SERVICE STATE: qservercluster2;CPU_Procs;OK;HARD;1;CPU OK: 302 processes
[1544466600] CURRENT SERVICE STATE: qservercluster2;Current Users;OK;HARD;1;USERS OK - 0 users currently logged in
[1544466600] CURRENT SERVICE STATE: qservercluster2;HDD_Home status;OK;HARD;1;DISK OK - free space: /home 224577 MB (99% inode=99%):
[1544466600] CURRENT SERVICE STATE: qservercluster2;HDD_Root status;OK;HARD;1;DISK OK - free space: / 40170 MB (78% inode=98%):
[1544466600] CURRENT SERVICE STATE: qservercluster2;LocalService-NTPD SERVICE;OK;HARD;1;PROCS OK: 1 process with command name 'ntpd'
[1544466600] CURRENT SERVICE STATE: qservercluster2;Memory;OK;HARD;1;OK - 95.8% (47195712 kB) free.
[1544466600] CURRENT SERVICE STATE: qservercluster2;Sensors Status;OK;HARD;1;SENSORS OK
[1544466600] CURRENT SERVICE STATE: qservercluster2;Total Processes;OK;HARD;1;PROCS OK: 302 processes
[1544466600] CURRENT SERVICE STATE: secondary-server;CPU Load;OK;HARD;1;OK - load average: 0.03, 0.03, 0.06
[1544466600] CURRENT SERVICE STATE: secondary-server;CPU_Procs;OK;HARD;1;CPU OK: 344 processes
[1544466600] CURRENT SERVICE STATE: secondary-server;Current Users;OK;HARD;1;USERS OK - 2 users currently logged in
[1544466600] CURRENT SERVICE STATE: secondary-server;HDD_Home status;OK;HARD;1;DISK OK - free space: /home 224704 MB (99% inode=99%):
[1544466600] CURRENT SERVICE STATE: secondary-server;HDD_Root status;OK;HARD;1;DISK OK - free space: / 41211 MB (80% inode=99%):
[1544466600] CURRENT SERVICE STATE: secondary-server;LocalService-NTPD SERVICE;OK;HARD;1;PROCS OK: 2 processes with command name 'ntpd'
[1544466600] CURRENT SERVICE STATE: secondary-server;Memory Status;OK;HARD;1;OK - 71.5% (17533644 kB) free.
[1544466600] CURRENT SERVICE STATE: secondary-server;Nginx Status;OK;HARD;1;NGINX OK -  0.094 sec. response time, Active: 0 (Writing: 0 Reading: 0 Waiting: 0) ReqPerSec: 0.000 ConnPerSec: 0.000 ReqPerConn: 0.000
[1544466600] CURRENT SERVICE STATE: secondary-server;Sensors Status;OK;HARD;1;SENSORS OK
[1544466600] CURRENT SERVICE STATE: secondary-server;Total Processes;OK;HARD;1;PROCS OK: 343 processes
[1544466600] CURRENT SERVICE STATE: sig1;CPU Load;OK;HARD;1;OK - load average: 0.00, 0.01, 0.05
[1544466600] CURRENT SERVICE STATE: sig1;CPU_Procs;OK;HARD;1;CPU OK: 296 processes
[1544466600] CURRENT SERVICE STATE: sig1;Current Users;OK;HARD;1;USERS OK - 0 users currently logged in
[1544466600] CURRENT SERVICE STATE: sig1;HDD_Home status;OK;HARD;1;DISK OK - free space: /home 206882 MB (92% inode=99%):
[1544466600] CURRENT SERVICE STATE: sig1;HDD_Root status;OK;HARD;1;DISK OK - free space: / 12705 MB (24% inode=98%):
[1544466600] CURRENT SERVICE STATE: sig1;LocalService-NTPD SERVICE;OK;HARD;1;PROCS OK: 2 processes with command name 'ntpd'
[1544466600] CURRENT SERVICE STATE: sig1;Memory;CRITICAL;HARD;3;CRITICAL - 1.0% (157936 kB) free!
[1544466600] CURRENT SERVICE STATE: sig1;Sensors Status;OK;HARD;1;SENSORS OK
[1544466600] CURRENT SERVICE STATE: sig1;Total Processes;OK;HARD;1;PROCS OK: 296 processes
[1544466600] CURRENT SERVICE STATE: sig2;CPU Load;OK;HARD;1;OK - load average: 0.00, 0.01, 0.05
[1544466600] CURRENT SERVICE STATE: sig2;CPU_Procs;OK;HARD;1;CPU OK: 297 processes
[1544466600] CURRENT SERVICE STATE: sig2;Current Users;OK;HARD;1;USERS OK - 0 users currently logged in
[1544466600] CURRENT SERVICE STATE: sig2;HDD_Home status;OK;HARD;1;DISK OK - free space: /home 219768 MB (97% inode=99%):
[1544466600] CURRENT SERVICE STATE: sig2;HDD_Root status;OK;HARD;1;DISK OK - free space: / 38578 MB (75% inode=98%):
[1544466600] CURRENT SERVICE STATE: sig2;LocalService-NTPD SERVICE;OK;HARD;1;PROCS OK: 1 process with command name 'ntpd'
[1544466600] CURRENT SERVICE STATE: sig2;Memory;OK;HARD;1;OK - 93.4% (15177884 kB) free.
[1544466600] CURRENT SERVICE STATE: sig2;Sensors Status;OK;HARD;1;SENSORS OK
[1544466600] CURRENT SERVICE STATE: sig2;Total Processes;OK;HARD;1;PROCS OK: 298 processes
[1544466600] CURRENT SERVICE STATE: sig3;CPU Load;OK;HARD;1;OK - load average: 0.00, 0.01, 0.05
[1544466600] CURRENT SERVICE STATE: sig3;CPU_Procs;OK;HARD;1;CPU OK: 295 processes
[1544466600] CURRENT SERVICE STATE: sig3;Current Users;OK;HARD;1;USERS OK - 0 users currently logged in
[1544466600] CURRENT SERVICE STATE: sig3;HDD_Home status;OK;HARD;1;DISK OK - free space: /home 220138 MB (97% inode=99%):
[1544466600] CURRENT SERVICE STATE: sig3;HDD_Root status;OK;HARD;1;DISK OK - free space: / 37916 MB (74% inode=98%):
[1544466600] CURRENT SERVICE STATE: sig3;LocalService-NTPD SERVICE;OK;HARD;1;PROCS OK: 2 processes with command name 'ntpd'
[1544466600] CURRENT SERVICE STATE: sig3;Memory;OK;HARD;1;OK - 93.2% (15140524 kB) free.
[1544466600] CURRENT SERVICE STATE: sig3;Sensors Status;OK;HARD;1;SENSORS OK
[1544466600] CURRENT SERVICE STATE: sig3;Total Processes;OK;HARD;1;PROCS OK: 296 processes
[1544466600] CURRENT SERVICE STATE: sig4;CPU Load;OK;HARD;1;OK - load average: 0.00, 0.01, 0.05
[1544466600] CURRENT SERVICE STATE: sig4;CPU_Procs;OK;HARD;1;CPU OK: 296 processes
[1544466600] CURRENT SERVICE STATE: sig4;Current Users;OK;HARD;1;USERS OK - 0 users currently logged in
[1544466600] CURRENT SERVICE STATE: sig4;HDD_Home status;OK;HARD;1;DISK OK - free space: /home 222710 MB (99% inode=99%):
[1544466600] CURRENT SERVICE STATE: sig4;HDD_Root status;OK;HARD;1;DISK OK - free space: / 37518 MB (73% inode=98%):
[1544466600] CURRENT SERVICE STATE: sig4;LocalService-NTPD SERVICE;OK;HARD;1;PROCS OK: 2 processes with command name 'ntpd'
[1544466600] CURRENT SERVICE STATE: sig4;Memory;OK;HARD;1;OK - 88.1% (14314032 kB) free.
[1544466600] CURRENT SERVICE STATE: sig4;Sensors Status;OK;HARD;1;SENSORS OK
[1544466600] CURRENT SERVICE STATE: sig4;Total Processes;OK;HARD;1;PROCS OK: 296 processes
[1544466600] CURRENT SERVICE STATE: sig5;CPU Load;OK;HARD;1;OK - load average: 0.00, 0.01, 0.05
[1544466600] CURRENT SERVICE STATE: sig5;CPU_Procs;OK;HARD;1;CPU OK: 283 processes
[1544466600] CURRENT SERVICE STATE: sig5;Current Users;OK;HARD;1;USERS OK - 0 users currently logged in
[1544466600] CURRENT SERVICE STATE: sig5;HDD_Home status;OK;HARD;1;DISK OK - free space: /home 221455 MB (98% inode=99%):
[1544466600] CURRENT SERVICE STATE: sig5;HDD_Root status;OK;HARD;1;DISK OK - free space: / 38806 MB (75% inode=98%):
[1544466600] CURRENT SERVICE STATE: sig5;LocalService-NTPD SERVICE;OK;HARD;1;PROCS OK: 2 processes with command name 'ntpd'
[1544466600] CURRENT SERVICE STATE: sig5;Memory;OK;HARD;1;OK - 94.5% (15354312 kB) free.
[1544466600] CURRENT SERVICE STATE: sig5;Sensors Status;OK;HARD;1;SENSORS OK
[1544466600] CURRENT SERVICE STATE: sig5;Total Processes;OK;HARD;1;PROCS OK: 284 processes
[1544466600] CURRENT SERVICE STATE: sig6;CPU Load;OK;HARD;1;OK - load average: 0.00, 0.01, 0.05
[1544466600] CURRENT SERVICE STATE: sig6;CPU_Procs;OK;HARD;1;CPU OK: 296 processes
[1544466600] CURRENT SERVICE STATE: sig6;Current Users;OK;HARD;1;USERS OK - 0 users currently logged in
[1544466600] CURRENT SERVICE STATE: sig6;HDD_Home status;OK;HARD;1;DISK OK - free space: /home 221533 MB (98% inode=99%):
[1544466600] CURRENT SERVICE STATE: sig6;HDD_Root status;OK;HARD;1;DISK OK - free space: / 38043 MB (74% inode=98%):
[1544466600] CURRENT SERVICE STATE: sig6;LocalService-NTPD SERVICE;OK;HARD;1;PROCS OK: 2 processes with command name 'ntpd'
[1544466600] CURRENT SERVICE STATE: sig6;Memory;OK;HARD;1;OK - 91.7% (14905572 kB) free.
[1544466600] CURRENT SERVICE STATE: sig6;Sensors Status;OK;HARD;1;SENSORS OK
[1544466600] CURRENT SERVICE STATE: sig6;Total Processes;OK;HARD;1;PROCS OK: 296 processes
[1544466600] CURRENT SERVICE STATE: sigqscluster1;CPU Load;OK;HARD;1;OK - load average: 0.29, 0.24, 0.32
[1544466600] CURRENT SERVICE STATE: sigqscluster1;CPU_Procs;CRITICAL;HARD;3;CPU CRITICAL: 1 crit, 0 warn out of 340 processes
[1544466600] CURRENT SERVICE STATE: sigqscluster1;Current Users;OK;HARD;1;USERS OK - 2 users currently logged in
[1544466600] CURRENT SERVICE STATE: sigqscluster1;HDD_Home status;OK;HARD;1;DISK OK - free space: /home 224579 MB (99% inode=99%):
[1544466600] CURRENT SERVICE STATE: sigqscluster1;HDD_Root status;OK;HARD;1;DISK OK - free space: / 41206 MB (80% inode=99%):
[1544466600] CURRENT SERVICE STATE: sigqscluster1;LocalService-NTPD SERVICE;OK;HARD;1;PROCS OK: 2 processes with command name 'ntpd'
[1544466600] CURRENT SERVICE STATE: sigqscluster1;Memory;OK;HARD;1;OK - 93.8% (46225692 kB) free.
[1544466600] CURRENT SERVICE STATE: sigqscluster1;Sensors Status;OK;HARD;1;SENSORS OK
[1544466600] CURRENT SERVICE STATE: sigqscluster1;Total Processes;OK;HARD;1;PROCS OK: 339 processes
[1544466600] CURRENT SERVICE STATE: sigqscluster2;CPU Load;OK;HARD;1;OK - load average: 0.67, 0.63, 0.67
[1544466600] CURRENT SERVICE STATE: sigqscluster2;CPU_Procs;CRITICAL;HARD;3;CPU CRITICAL: 1 crit, 0 warn out of 335 processes
[1544466600] CURRENT SERVICE STATE: sigqscluster2;Current Users;OK;HARD;1;USERS OK - 2 users currently logged in
[1544466600] CURRENT SERVICE STATE: sigqscluster2;HDD_Home status;OK;HARD;1;DISK OK - free space: /home 224577 MB (99% inode=99%):
[1544466600] CURRENT SERVICE STATE: sigqscluster2;HDD_Root status;OK;HARD;1;DISK OK - free space: / 41203 MB (80% inode=99%):
[1544466600] CURRENT SERVICE STATE: sigqscluster2;LocalService-NTPD SERVICE;OK;HARD;1;PROCS OK: 2 processes with command name 'ntpd'
[1544466600] CURRENT SERVICE STATE: sigqscluster2;Memory;OK;HARD;1;OK - 93.6% (46145800 kB) free.
[1544466600] CURRENT SERVICE STATE: sigqscluster2;Sensors Status;OK;HARD;1;SENSORS OK
[1544466600] CURRENT SERVICE STATE: sigqscluster2;Total Processes;OK;HARD;1;PROCS OK: 334 processes
[1544466600] CURRENT SERVICE STATE: smscapp1;CPU Load;OK;HARD;1;OK - load average: 2.26, 2.28, 1.95
[1544466600] CURRENT SERVICE STATE: smscapp1;CPU_Procs;CRITICAL;HARD;3;CPU CRITICAL: 4 crit, 1 warn out of 341 processes
[1544466600] CURRENT SERVICE STATE: smscapp1;Current Users;OK;HARD;1;USERS OK - 6 users currently logged in
[1544466600] CURRENT SERVICE STATE: smscapp1;HDD_Home status;OK;HARD;1;DISK OK - free space: /home 174681 MB (77% inode=99%):
[1544466600] CURRENT SERVICE STATE: smscapp1;HDD_Root status;OK;HARD;1;DISK OK - free space: / 39188 MB (76% inode=98%):
[1544466600] CURRENT SERVICE STATE: smscapp1;LocalService-NTPD SERVICE;OK;HARD;1;PROCS OK: 1 process with command name 'ntpd'
[1544466600] CURRENT SERVICE STATE: smscapp1;Memory;WARNING;HARD;3;WARNING - 15.9% (2576780 kB) free!
[1544466600] CURRENT SERVICE STATE: smscapp1;Sensors Status;OK;HARD;1;SENSORS OK
[1544466600] CURRENT SERVICE STATE: smscapp1;Total Processes;OK;HARD;1;PROCS OK: 344 processes
[1544466600] CURRENT SERVICE STATE: smscapp2;CPU Load;OK;HARD;1;OK - load average: 0.22, 0.23, 0.45
[1544466600] CURRENT SERVICE STATE: smscapp2;CPU_Procs;WARNING;HARD;3;CPU WARNING: 2 warn out of 334 processes
[1544466600] CURRENT SERVICE STATE: smscapp2;Current Users;OK;HARD;1;USERS OK - 2 users currently logged in
[1544466600] CURRENT SERVICE STATE: smscapp2;HDD_Home status;OK;HARD;1;DISK OK - free space: /home 147320 MB (65% inode=99%):
[1544466600] CURRENT SERVICE STATE: smscapp2;HDD_Root status;OK;HARD;1;DISK OK - free space: / 39007 MB (76% inode=98%):
[1544466600] CURRENT SERVICE STATE: smscapp2;LocalService-NTPD SERVICE;OK;HARD;1;PROCS OK: 1 process with command name 'ntpd'
[1544466600] CURRENT SERVICE STATE: smscapp2;Memory;OK;HARD;1;OK - 35.1% (5709216 kB) free.
[1544466600] CURRENT SERVICE STATE: smscapp2;Sensors Status;OK;HARD;1;SENSORS OK
[1544466600] CURRENT SERVICE STATE: smscapp2;Total Processes;OK;HARD;1;PROCS OK: 331 processes
[1544466600] CURRENT SERVICE STATE: sservercluster1;CPU Load;OK;HARD;1;OK - load average: 0.00, 0.01, 0.05
[1544466600] CURRENT SERVICE STATE: sservercluster1;CPU_Procs;OK;HARD;1;CPU OK: 296 processes
[1544466600] CURRENT SERVICE STATE: sservercluster1;Current Users;OK;HARD;1;USERS OK - 2 users currently logged in
[1544466600] CURRENT SERVICE STATE: sservercluster1;HDD_Home status;OK;HARD;1;DISK OK - free space: /home 222385 MB (98% inode=99%):
[1544466600] CURRENT SERVICE STATE: sservercluster1;HDD_Root status;OK;HARD;1;DISK OK - free space: / 38489 MB (75% inode=98%):
[1544466600] CURRENT SERVICE STATE: sservercluster1;LocalService-NTPD SERVICE;OK;HARD;1;PROCS OK: 2 processes with command name 'ntpd'
[1544466600] CURRENT SERVICE STATE: sservercluster1;Memory;OK;HARD;1;OK - 59.7% (14629244 kB) free.
[1544466600] CURRENT SERVICE STATE: sservercluster1;Sensors Status;OK;HARD;1;SENSORS OK
[1544466600] CURRENT SERVICE STATE: sservercluster1;Total Processes;OK;HARD;1;PROCS OK: 298 processes
[1544466600] CURRENT SERVICE STATE: sservercluster2;CPU Load;OK;HARD;1;OK - load average: 0.00, 0.01, 0.05
[1544466600] CURRENT SERVICE STATE: sservercluster2;CPU_Procs;OK;HARD;1;CPU OK: 300 processes
[1544466600] CURRENT SERVICE STATE: sservercluster2;Current Users;OK;HARD;1;USERS OK - 1 users currently logged in
[1544466600] CURRENT SERVICE STATE: sservercluster2;HDD_Home status;OK;HARD;1;DISK OK - free space: /home 219758 MB (99% inode=99%):
[1544466600] CURRENT SERVICE STATE: sservercluster2;HDD_Root status;OK;HARD;1;DISK OK - free space: / 41287 MB (80% inode=99%):
[1544466600] CURRENT SERVICE STATE: sservercluster2;LocalService-NTPD SERVICE;OK;HARD;1;PROCS OK: 2 processes with command name 'ntpd'
[1544466600] CURRENT SERVICE STATE: sservercluster2;Memory;OK;HARD;1;OK - 94.7% (23221636 kB) free.
[1544466600] CURRENT SERVICE STATE: sservercluster2;Sensors Status;OK;HARD;1;SENSORS OK
[1544466600] CURRENT SERVICE STATE: sservercluster2;Total Processes;OK;HARD;1;PROCS OK: 303 processes
[1544466600] CURRENT SERVICE STATE: webserver1;CPU Load;OK;HARD;1;OK - load average: 0.01, 0.37, 0.50
[1544466600] CURRENT SERVICE STATE: webserver1;CPU_Procs;OK;HARD;1;CPU OK: 358 processes
[1544466600] CURRENT SERVICE STATE: webserver1;Current Users;OK;HARD;1;USERS OK - 2 users currently logged in
[1544466600] CURRENT SERVICE STATE: webserver1;HDD_Home status;OK;HARD;1;DISK OK - free space: /home 224832 MB (99% inode=99%):
[1544466600] CURRENT SERVICE STATE: webserver1;HDD_Root status;OK;HARD;1;DISK OK - free space: / 41131 MB (80% inode=99%):
[1544466600] CURRENT SERVICE STATE: webserver1;LocalService-NTPD SERVICE;OK;HARD;1;PROCS OK: 2 processes with command name 'ntpd'
[1544466600] CURRENT SERVICE STATE: webserver1;Memory;OK;HARD;1;OK - 69.5% (17019280 kB) free.
[1544466600] CURRENT SERVICE STATE: webserver1;Nginx_status;OK;HARD;1;NGINX OK -  0.092 sec. response time, Active: 0 (Writing: 0 Reading: 0 Waiting: 0) ReqPerSec: 0.000 ConnPerSec: 0.000 ReqPerConn: 0.000
[1544466600] CURRENT SERVICE STATE: webserver1;Sensors Status;OK;HARD;1;SENSORS OK
[1544466600] CURRENT SERVICE STATE: webserver1;Total Processes;OK;HARD;1;PROCS OK: 359 processes
[1544466600] CURRENT SERVICE STATE: webserver2;CPU_Procs;OK;HARD;1;CPU OK: 442 processes
[1544466600] CURRENT SERVICE STATE: webserver2;Current Load;OK;HARD;1;OK - load average: 0.96, 0.88, 0.63
[1544466600] CURRENT SERVICE STATE: webserver2;Current Users;OK;HARD;1;USERS OK - 26 users currently logged in
[1544466600] CURRENT SERVICE STATE: webserver2;HDD_Home status;OK;HARD;1;DISK OK - free space: /home 220337 MB (98.04% inode=100%):
[1544466600] CURRENT SERVICE STATE: webserver2;HTTP;OK;HARD;1;HTTP OK: HTTP/1.1 200 OK - 355 bytes in 0.001 second response time
[1544466600] CURRENT SERVICE STATE: webserver2;LocalService-NTPD SERVICE;OK;HARD;1;PROCS OK: 2 processes with command name 'ntpd'
[1544466600] CURRENT SERVICE STATE: webserver2;Memory;OK;HARD;1;OK - 42.3% (10362512 kB) free.
[1544466600] CURRENT SERVICE STATE: webserver2;PING;OK;HARD;1;PING OK - Packet loss = 0%, RTA = 0.09 ms
[1544466600] CURRENT SERVICE STATE: webserver2;Root Partition;OK;HARD;1;DISK OK - free space: / 39489 MB (77.16% inode=99%):
[1544466600] CURRENT SERVICE STATE: webserver2;SSH;OK;HARD;1;SSH OK - OpenSSH_7.4 (protocol 2.0)
[1544466600] CURRENT SERVICE STATE: webserver2;Sensors Status;OK;HARD;1;SENSORS OK
[1544466600] CURRENT SERVICE STATE: webserver2;Total Processes;OK;HARD;1;PROCS OK: 157 processes with STATE = RSZDT
[1544466600] CURRENT SERVICE STATE: webservercluster1;CPU Load;OK;HARD;1;OK - load average: 0.00, 0.01, 0.05
[1544466600] CURRENT SERVICE STATE: webservercluster1;CPU_Procs;OK;HARD;1;CPU OK: 249 processes
[1544466600] CURRENT SERVICE STATE: webservercluster1;Current Users;OK;HARD;1;USERS OK - 1 users currently logged in
[1544466600] CURRENT SERVICE STATE: webservercluster1;HDD_Home status;OK;HARD;1;DISK OK - free space: /home 224705 MB (99% inode=99%):
[1544466600] CURRENT SERVICE STATE: webservercluster1;HDD_Root status;OK;HARD;1;DISK OK - free space: / 39849 MB (77% inode=99%):
[1544466600] CURRENT SERVICE STATE: webservercluster1;LocalService-NTPD SERVICE;OK;HARD;1;PROCS OK: 1 process with command name 'ntpd'
[1544466600] CURRENT SERVICE STATE: webservercluster1;Memory;OK;HARD;1;OK - 42.6% (6922060 kB) free.
[1544466600] CURRENT SERVICE STATE: webservercluster1;Sensors Status;OK;HARD;1;SENSORS OK
[1544466600] CURRENT SERVICE STATE: webservercluster1;Total Processes;OK;HARD;1;PROCS OK: 249 processes
[1544466600] CURRENT SERVICE STATE: webservercluster2;CPU Load;OK;HARD;1;OK - load average: 0.00, 0.01, 0.15
[1544466600] CURRENT SERVICE STATE: webservercluster2;CPU_Procs;OK;HARD;1;CPU OK: 336 processes
[1544466600] CURRENT SERVICE STATE: webservercluster2;Current Users;OK;HARD;1;USERS OK - 3 users currently logged in
[1544466600] CURRENT SERVICE STATE: webservercluster2;HDD_Home status;OK;HARD;1;DISK OK - free space: /home 224704 MB (99% inode=99%):
[1544466600] CURRENT SERVICE STATE: webservercluster2;HDD_Root status;OK;HARD;1;DISK OK - free space: / 41065 MB (80% inode=99%):
[1544466600] CURRENT SERVICE STATE: webservercluster2;LocalService-NTPD SERVICE;OK;HARD;1;PROCS OK: 2 processes with command name 'ntpd'
[1544466600] CURRENT SERVICE STATE: webservercluster2;Memory;OK;HARD;1;OK - 55.6% (9035040 kB) free.
[1544466600] CURRENT SERVICE STATE: webservercluster2;Sensors Status;OK;HARD;1;SENSORS OK
[1544466600] CURRENT SERVICE STATE: webservercluster2;Total Processes;OK;HARD;1;PROCS OK: 335 processes
[1544466844] Auto-save of retention data completed successfully.
[1544467337] SERVICE NOTIFICATION: nagiosadmin;qservercluster1;CPU_Procs;CRITICAL;notify-service-by-email;CPU CRITICAL: 1 crit, 0 warn out of 306 processes
[1544467627] SERVICE NOTIFICATION: nagiosadmin;smscapp1;Memory;WARNING;notify-service-by-email;WARNING - 15.8% (2575696 kB) free!
[1544467900] SERVICE NOTIFICATION: nagiosadmin;qservercluster1;CPU Load;WARNING;notify-service-by-email;WARNING - load average: 13.00, 13.23, 13.12
[1544467919] SERVICE NOTIFICATION: nagiosadmin;smscapp1;CPU_Procs;CRITICAL;notify-service-by-email;CPU CRITICAL: 4 crit, 1 warn out of 340 processes
[1544468432] SERVICE NOTIFICATION: nagiosadmin;sigqscluster2;CPU_Procs;CRITICAL;notify-service-by-email;CPU CRITICAL: 1 crit, 0 warn out of 339 processes
[1544468778] SERVICE NOTIFICATION: nagiosadmin;sigqscluster1;CPU_Procs;CRITICAL;notify-service-by-email;CPU CRITICAL: 1 crit, 0 warn out of 338 processes
[1544469641] SERVICE ALERT: pservercluster1;CPU_Procs;WARNING;SOFT;1;CPU WARNING: 1 warn out of 310 processes
[1544469762] SERVICE ALERT: pservercluster1;CPU_Procs;WARNING;SOFT;2;CPU WARNING: 1 warn out of 311 processes
[1544469838] SERVICE NOTIFICATION: nagiosadmin;sig1;Memory;CRITICAL;notify-service-by-email;CRITICAL - 0.9% (153176 kB) free!
[1544469882] SERVICE NOTIFICATION: nagiosadmin;pservercluster1;CPU_Procs;WARNING;notify-service-by-email;CPU WARNING: 1 warn out of 311 processes
[1544469882] SERVICE ALERT: pservercluster1;CPU_Procs;WARNING;HARD;3;CPU WARNING: 1 warn out of 311 processes
[1544470081] SERVICE NOTIFICATION: nagiosadmin;smscapp2;CPU_Procs;WARNING;notify-service-by-email;CPU WARNING: 2 warn out of 336 processes
[1544470105] SERVICE NOTIFICATION: nagiosadmin;pservercluster2;CPU_Procs;CRITICAL;notify-service-by-email;CPU CRITICAL: 1 crit, 0 warn out of 321 processes
[1544470444] Auto-save of retention data completed successfully.
[1544470938] SERVICE NOTIFICATION: nagiosadmin;qservercluster1;CPU_Procs;CRITICAL;notify-service-by-email;CPU CRITICAL: 1 crit, 0 warn out of 307 processes
[1544471227] SERVICE NOTIFICATION: nagiosadmin;smscapp1;Memory;WARNING;notify-service-by-email;WARNING - 15.8% (2575796 kB) free!
[1544471500] SERVICE NOTIFICATION: nagiosadmin;qservercluster1;CPU Load;WARNING;notify-service-by-email;WARNING - load average: 13.53, 13.60, 13.52
[1544471519] SERVICE NOTIFICATION: nagiosadmin;smscapp1;CPU_Procs;CRITICAL;notify-service-by-email;CPU CRITICAL: 4 crit, 1 warn out of 340 processes
[1544472032] SERVICE NOTIFICATION: nagiosadmin;sigqscluster2;CPU_Procs;CRITICAL;notify-service-by-email;CPU CRITICAL: 1 crit, 0 warn out of 338 processes
[1544472378] SERVICE NOTIFICATION: nagiosadmin;sigqscluster1;CPU_Procs;CRITICAL;notify-service-by-email;CPU CRITICAL: 1 crit, 0 warn out of 339 processes
[1544473438] SERVICE NOTIFICATION: nagiosadmin;sig1;Memory;CRITICAL;notify-service-by-email;CRITICAL - 0.9% (147848 kB) free!
[1544473482] SERVICE NOTIFICATION: nagiosadmin;pservercluster1;CPU_Procs;WARNING;notify-service-by-email;CPU WARNING: 1 warn out of 311 processes
[1544473681] SERVICE NOTIFICATION: nagiosadmin;smscapp2;CPU_Procs;WARNING;notify-service-by-email;CPU WARNING: 2 warn out of 344 processes
[1544473706] SERVICE NOTIFICATION: nagiosadmin;pservercluster2;CPU_Procs;CRITICAL;notify-service-by-email;CPU CRITICAL: 1 crit, 0 warn out of 319 processes
[1544474044] Auto-save of retention data completed successfully.
[1544474827] SERVICE NOTIFICATION: nagiosadmin;smscapp1;Memory;WARNING;notify-service-by-email;WARNING - 15.8% (2575416 kB) free!
[1544475100] SERVICE NOTIFICATION: nagiosadmin;qservercluster1;CPU Load;WARNING;notify-service-by-email;WARNING - load average: 13.31, 13.28, 13.35
[1544475120] SERVICE NOTIFICATION: nagiosadmin;smscapp1;CPU_Procs;CRITICAL;notify-service-by-email;CPU CRITICAL: 4 crit, 1 warn out of 341 processes
[1544475137] SERVICE NOTIFICATION: nagiosadmin;qservercluster1;CPU_Procs;CRITICAL;notify-service-by-email;CPU CRITICAL: 1 crit, 0 warn out of 307 processes
[1544475586] SERVICE ALERT: db2;CPU_Procs;CRITICAL;SOFT;1;CPU CRITICAL: 1 crit, 0 warn out of 292 processes
[1544475632] SERVICE NOTIFICATION: nagiosadmin;sigqscluster2;CPU_Procs;CRITICAL;notify-service-by-email;CPU CRITICAL: 1 crit, 0 warn out of 337 processes
[1544475706] SERVICE ALERT: db2;CPU_Procs;CRITICAL;SOFT;2;CPU CRITICAL: 1 crit, 0 warn out of 294 processes
[1544475826] SERVICE NOTIFICATION: nagiosadmin;db2;CPU_Procs;CRITICAL;notify-service-by-email;CPU CRITICAL: 1 crit, 0 warn out of 292 processes
[1544475826] SERVICE ALERT: db2;CPU_Procs;CRITICAL;HARD;3;CPU CRITICAL: 1 crit, 0 warn out of 292 processes
[1544475978] SERVICE NOTIFICATION: nagiosadmin;sigqscluster1;CPU_Procs;CRITICAL;notify-service-by-email;CPU CRITICAL: 1 crit, 0 warn out of 337 processes
[1544476426] SERVICE NOTIFICATION: nagiosadmin;db2;CPU_Procs;OK;notify-service-by-email;CPU OK: 288 processes
[1544476426] SERVICE ALERT: db2;CPU_Procs;OK;HARD;1;CPU OK: 288 processes
[1544477038] SERVICE NOTIFICATION: nagiosadmin;sig1;Memory;CRITICAL;notify-service-by-email;CRITICAL - 1.2% (189428 kB) free!
[1544477082] SERVICE NOTIFICATION: nagiosadmin;pservercluster1;CPU_Procs;WARNING;notify-service-by-email;CPU WARNING: 1 warn out of 312 processes
[1544477281] SERVICE NOTIFICATION: nagiosadmin;smscapp2;CPU_Procs;WARNING;notify-service-by-email;CPU WARNING: 2 warn out of 333 processes
[1544477644] Auto-save of retention data completed successfully.
[1544477905] SERVICE NOTIFICATION: nagiosadmin;pservercluster2;CPU_Procs;CRITICAL;notify-service-by-email;CPU CRITICAL: 1 crit, 0 warn out of 319 processes
[1544478428] SERVICE NOTIFICATION: nagiosadmin;smscapp1;Memory;WARNING;notify-service-by-email;WARNING - 15.8% (2570336 kB) free!
[1544478700] SERVICE NOTIFICATION: nagiosadmin;qservercluster1;CPU Load;WARNING;notify-service-by-email;WARNING - load average: 13.40, 13.67, 13.63
[1544478737] SERVICE NOTIFICATION: nagiosadmin;qservercluster1;CPU_Procs;CRITICAL;notify-service-by-email;CPU CRITICAL: 1 crit, 0 warn out of 306 processes
[1544479232] SERVICE NOTIFICATION: nagiosadmin;sigqscluster2;CPU_Procs;CRITICAL;notify-service-by-email;CPU CRITICAL: 1 crit, 0 warn out of 339 processes
[1544479319] SERVICE NOTIFICATION: nagiosadmin;smscapp1;CPU_Procs;CRITICAL;notify-service-by-email;CPU CRITICAL: 4 crit, 1 warn out of 341 processes
[1544479578] SERVICE NOTIFICATION: nagiosadmin;sigqscluster1;CPU_Procs;CRITICAL;notify-service-by-email;CPU CRITICAL: 1 crit, 0 warn out of 338 processes
[1544480638] SERVICE NOTIFICATION: nagiosadmin;sig1;Memory;CRITICAL;notify-service-by-email;CRITICAL - 1.2% (187420 kB) free!
[1544480682] SERVICE NOTIFICATION: nagiosadmin;pservercluster1;CPU_Procs;WARNING;notify-service-by-email;CPU WARNING: 1 warn out of 311 processes
[1544480882] SERVICE NOTIFICATION: nagiosadmin;smscapp2;CPU_Procs;WARNING;notify-service-by-email;CPU WARNING: 2 warn out of 333 processes
[1544481244] Auto-save of retention data completed successfully.
[1544481505] SERVICE NOTIFICATION: nagiosadmin;pservercluster2;CPU_Procs;CRITICAL;notify-service-by-email;CPU CRITICAL: 1 crit, 0 warn out of 318 processes
[1544482300] SERVICE NOTIFICATION: nagiosadmin;qservercluster1;CPU Load;WARNING;notify-service-by-email;WARNING - load average: 13.01, 13.16, 13.28
[1544482337] SERVICE NOTIFICATION: nagiosadmin;qservercluster1;CPU_Procs;CRITICAL;notify-service-by-email;CPU CRITICAL: 1 crit, 0 warn out of 305 processes
[1544482627] SERVICE NOTIFICATION: nagiosadmin;smscapp1;Memory;WARNING;notify-service-by-email;WARNING - 15.8% (2570348 kB) free!
[1544482833] SERVICE NOTIFICATION: nagiosadmin;sigqscluster2;CPU_Procs;CRITICAL;notify-service-by-email;CPU CRITICAL: 1 crit, 0 warn out of 339 processes
[1544482919] SERVICE NOTIFICATION: nagiosadmin;smscapp1;CPU_Procs;CRITICAL;notify-service-by-email;CPU CRITICAL: 4 crit, 1 warn out of 343 processes
[1544483178] SERVICE NOTIFICATION: nagiosadmin;sigqscluster1;CPU_Procs;CRITICAL;notify-service-by-email;CPU CRITICAL: 1 crit, 0 warn out of 337 processes
[1544484238] SERVICE NOTIFICATION: nagiosadmin;sig1;Memory;CRITICAL;notify-service-by-email;CRITICAL - 1.1% (185836 kB) free!
[1544484282] SERVICE NOTIFICATION: nagiosadmin;pservercluster1;CPU_Procs;WARNING;notify-service-by-email;CPU WARNING: 1 warn out of 311 processes
[1544484844] Auto-save of retention data completed successfully.
[1544485081] SERVICE NOTIFICATION: nagiosadmin;smscapp2;CPU_Procs;WARNING;notify-service-by-email;CPU WARNING: 2 warn out of 332 processes
[1544485106] SERVICE NOTIFICATION: nagiosadmin;pservercluster2;CPU_Procs;CRITICAL;notify-service-by-email;CPU CRITICAL: 1 crit, 0 warn out of 318 processes
[1544485900] SERVICE NOTIFICATION: nagiosadmin;qservercluster1;CPU Load;WARNING;notify-service-by-email;WARNING - load average: 13.68, 13.24, 13.14
[1544485937] SERVICE NOTIFICATION: nagiosadmin;qservercluster1;CPU_Procs;CRITICAL;notify-service-by-email;CPU CRITICAL: 1 crit, 0 warn out of 308 processes
[1544486227] SERVICE NOTIFICATION: nagiosadmin;smscapp1;Memory;WARNING;notify-service-by-email;WARNING - 15.8% (2568916 kB) free!
[1544486519] SERVICE NOTIFICATION: nagiosadmin;smscapp1;CPU_Procs;CRITICAL;notify-service-by-email;CPU CRITICAL: 4 crit, 1 warn out of 341 processes
[1544486778] SERVICE NOTIFICATION: nagiosadmin;sigqscluster1;CPU_Procs;CRITICAL;notify-service-by-email;CPU CRITICAL: 1 crit, 0 warn out of 337 processes
[1544487032] SERVICE NOTIFICATION: nagiosadmin;sigqscluster2;CPU_Procs;CRITICAL;notify-service-by-email;CPU CRITICAL: 1 crit, 0 warn out of 335 processes
[1544487838] SERVICE NOTIFICATION: nagiosadmin;sig1;Memory;CRITICAL;notify-service-by-email;CRITICAL - 1.1% (183864 kB) free!
[1544487882] SERVICE NOTIFICATION: nagiosadmin;pservercluster1;CPU_Procs;WARNING;notify-service-by-email;CPU WARNING: 1 warn out of 310 processes
[1544488444] Auto-save of retention data completed successfully.
[1544488681] SERVICE NOTIFICATION: nagiosadmin;smscapp2;CPU_Procs;WARNING;notify-service-by-email;CPU WARNING: 2 warn out of 333 processes
[1544489305] SERVICE NOTIFICATION: nagiosadmin;pservercluster2;CPU_Procs;CRITICAL;notify-service-by-email;CPU CRITICAL: 1 crit, 0 warn out of 318 processes
[1544489500] SERVICE NOTIFICATION: nagiosadmin;qservercluster1;CPU Load;WARNING;notify-service-by-email;WARNING - load average: 13.76, 13.42, 13.37
[1544489537] SERVICE NOTIFICATION: nagiosadmin;qservercluster1;CPU_Procs;CRITICAL;notify-service-by-email;CPU CRITICAL: 1 crit, 0 warn out of 305 processes
[1544489827] SERVICE NOTIFICATION: nagiosadmin;smscapp1;Memory;WARNING;notify-service-by-email;WARNING - 15.8% (2570532 kB) free!
[1544490119] SERVICE NOTIFICATION: nagiosadmin;smscapp1;CPU_Procs;CRITICAL;notify-service-by-email;CPU CRITICAL: 4 crit, 1 warn out of 343 processes
[1544490378] SERVICE NOTIFICATION: nagiosadmin;sigqscluster1;CPU_Procs;CRITICAL;notify-service-by-email;CPU CRITICAL: 1 crit, 0 warn out of 336 processes
[1544490632] SERVICE NOTIFICATION: nagiosadmin;sigqscluster2;CPU_Procs;CRITICAL;notify-service-by-email;CPU CRITICAL: 1 crit, 0 warn out of 336 processes
[1544491438] SERVICE NOTIFICATION: nagiosadmin;sig1;Memory;CRITICAL;notify-service-by-email;CRITICAL - 1.1% (184128 kB) free!
[1544491482] SERVICE NOTIFICATION: nagiosadmin;pservercluster1;CPU_Procs;WARNING;notify-service-by-email;CPU WARNING: 1 warn out of 310 processes
[1544492044] Auto-save of retention data completed successfully.
[1544492281] SERVICE NOTIFICATION: nagiosadmin;smscapp2;CPU_Procs;WARNING;notify-service-by-email;CPU WARNING: 2 warn out of 332 processes
[1544492905] SERVICE NOTIFICATION: nagiosadmin;pservercluster2;CPU_Procs;CRITICAL;notify-service-by-email;CPU CRITICAL: 1 crit, 0 warn out of 318 processes
[1544493100] SERVICE NOTIFICATION: nagiosadmin;qservercluster1;CPU Load;WARNING;notify-service-by-email;WARNING - load average: 12.25, 12.98, 13.17
[1544493137] SERVICE NOTIFICATION: nagiosadmin;qservercluster1;CPU_Procs;CRITICAL;notify-service-by-email;CPU CRITICAL: 1 crit, 0 warn out of 305 processes
[1544493427] SERVICE NOTIFICATION: nagiosadmin;smscapp1;Memory;WARNING;notify-service-by-email;WARNING - 15.8% (2570784 kB) free!
[1544493719] SERVICE NOTIFICATION: nagiosadmin;smscapp1;CPU_Procs;CRITICAL;notify-service-by-email;CPU CRITICAL: 4 crit, 1 warn out of 341 processes
[1544493978] SERVICE NOTIFICATION: nagiosadmin;sigqscluster1;CPU_Procs;CRITICAL;notify-service-by-email;CPU CRITICAL: 1 crit, 0 warn out of 339 processes
[1544494232] SERVICE NOTIFICATION: nagiosadmin;sigqscluster2;CPU_Procs;CRITICAL;notify-service-by-email;CPU CRITICAL: 1 crit, 0 warn out of 335 processes
[1544495038] SERVICE NOTIFICATION: nagiosadmin;sig1;Memory;CRITICAL;notify-service-by-email;CRITICAL - 1.1% (181888 kB) free!
[1544495082] SERVICE NOTIFICATION: nagiosadmin;pservercluster1;CPU_Procs;WARNING;notify-service-by-email;CPU WARNING: 1 warn out of 311 processes
[1544495644] Auto-save of retention data completed successfully.
[1544495881] SERVICE NOTIFICATION: nagiosadmin;smscapp2;CPU_Procs;WARNING;notify-service-by-email;CPU WARNING: 2 warn out of 332 processes
[1544496505] SERVICE NOTIFICATION: nagiosadmin;pservercluster2;CPU_Procs;CRITICAL;notify-service-by-email;CPU CRITICAL: 1 crit, 0 warn out of 318 processes
[1544496700] SERVICE NOTIFICATION: nagiosadmin;qservercluster1;CPU Load;WARNING;notify-service-by-email;WARNING - load average: 13.99, 13.79, 13.56
[1544496738] SERVICE NOTIFICATION: nagiosadmin;qservercluster1;CPU_Procs;CRITICAL;notify-service-by-email;CPU CRITICAL: 1 crit, 0 warn out of 306 processes
[1544497027] SERVICE NOTIFICATION: nagiosadmin;smscapp1;Memory;WARNING;notify-service-by-email;WARNING - 15.8% (2570604 kB) free!
[1544497319] SERVICE NOTIFICATION: nagiosadmin;smscapp1;CPU_Procs;CRITICAL;notify-service-by-email;CPU CRITICAL: 4 crit, 1 warn out of 339 processes
[1544497578] SERVICE NOTIFICATION: nagiosadmin;sigqscluster1;CPU_Procs;CRITICAL;notify-service-by-email;CPU CRITICAL: 1 crit, 0 warn out of 338 processes
[1544497833] SERVICE NOTIFICATION: nagiosadmin;sigqscluster2;CPU_Procs;CRITICAL;notify-service-by-email;CPU CRITICAL: 1 crit, 0 warn out of 334 processes
[1544498639] SERVICE NOTIFICATION: nagiosadmin;sig1;Memory;CRITICAL;notify-service-by-email;CRITICAL - 1.1% (180344 kB) free!
[1544498682] SERVICE NOTIFICATION: nagiosadmin;pservercluster1;CPU_Procs;WARNING;notify-service-by-email;CPU WARNING: 1 warn out of 310 processes
[1544499244] Auto-save of retention data completed successfully.
[1544499481] SERVICE NOTIFICATION: nagiosadmin;smscapp2;CPU_Procs;WARNING;notify-service-by-email;CPU WARNING: 2 warn out of 333 processes
[1544500105] SERVICE NOTIFICATION: nagiosadmin;pservercluster2;CPU_Procs;CRITICAL;notify-service-by-email;CPU CRITICAL: 1 crit, 0 warn out of 318 processes
[1544500300] SERVICE NOTIFICATION: nagiosadmin;qservercluster1;CPU Load;WARNING;notify-service-by-email;WARNING - load average: 13.78, 13.53, 13.40
[1544500627] SERVICE NOTIFICATION: nagiosadmin;smscapp1;Memory;WARNING;notify-service-by-email;WARNING - 15.8% (2570396 kB) free!
[1544500919] SERVICE NOTIFICATION: nagiosadmin;smscapp1;CPU_Procs;CRITICAL;notify-service-by-email;CPU CRITICAL: 4 crit, 1 warn out of 341 processes
[1544500937] SERVICE NOTIFICATION: nagiosadmin;qservercluster1;CPU_Procs;CRITICAL;notify-service-by-email;CPU CRITICAL: 1 crit, 0 warn out of 307 processes
[1544501082] SERVICE NOTIFICATION: nagiosadmin;pservercluster1;CPU_Procs;CRITICAL;notify-service-by-email;CPU CRITICAL: 1 crit, 1 warn out of 311 processes
[1544501082] SERVICE ALERT: pservercluster1;CPU_Procs;CRITICAL;HARD;3;CPU CRITICAL: 1 crit, 1 warn out of 311 processes
[1544501178] SERVICE NOTIFICATION: nagiosadmin;sigqscluster1;CPU_Procs;CRITICAL;notify-service-by-email;CPU CRITICAL: 1 crit, 0 warn out of 338 processes
[1544502032] SERVICE NOTIFICATION: nagiosadmin;sigqscluster2;CPU_Procs;CRITICAL;notify-service-by-email;CPU CRITICAL: 1 crit, 0 warn out of 333 processes
[1544502826] SERVICE ALERT: db2;CPU_Procs;CRITICAL;SOFT;1;CPU CRITICAL: 1 crit, 0 warn out of 292 processes
[1544502838] SERVICE NOTIFICATION: nagiosadmin;sig1;Memory;CRITICAL;notify-service-by-email;CRITICAL - 1.1% (174276 kB) free!
[1544502844] Auto-save of retention data completed successfully.
[1544502947] SERVICE ALERT: db2;CPU_Procs;CRITICAL;SOFT;2;CPU CRITICAL: 1 crit, 0 warn out of 292 processes
[1544503067] SERVICE ALERT: db2;CPU_Procs;OK;HARD;1;CPU OK: 289 processes
[1544503081] SERVICE NOTIFICATION: nagiosadmin;smscapp2;CPU_Procs;WARNING;notify-service-by-email;CPU WARNING: 4 warn out of 331 processes
[1544503705] SERVICE NOTIFICATION: nagiosadmin;pservercluster2;CPU_Procs;CRITICAL;notify-service-by-email;CPU CRITICAL: 1 crit, 1 warn out of 327 processes
[1544503900] SERVICE NOTIFICATION: nagiosadmin;qservercluster1;CPU Load;WARNING;notify-service-by-email;WARNING - load average: 12.83, 12.78, 13.05
[1544504227] SERVICE NOTIFICATION: nagiosadmin;smscapp1;Memory;WARNING;notify-service-by-email;WARNING - 15.2% (2465296 kB) free!
[1544504519] SERVICE NOTIFICATION: nagiosadmin;smscapp1;CPU_Procs;CRITICAL;notify-service-by-email;CPU CRITICAL: 3 crit, 1 warn out of 340 processes
[1544504537] SERVICE NOTIFICATION: nagiosadmin;qservercluster1;CPU_Procs;CRITICAL;notify-service-by-email;CPU CRITICAL: 1 crit, 0 warn out of 306 processes
[1544504682] SERVICE NOTIFICATION: nagiosadmin;pservercluster1;CPU_Procs;CRITICAL;notify-service-by-email;CPU CRITICAL: 1 crit, 1 warn out of 314 processes
[1544504778] SERVICE NOTIFICATION: nagiosadmin;sigqscluster1;CPU_Procs;CRITICAL;notify-service-by-email;CPU CRITICAL: 1 crit, 0 warn out of 338 processes
[1544504867] SERVICE ALERT: db2;CPU_Procs;CRITICAL;SOFT;1;CPU CRITICAL: 1 crit, 0 warn out of 292 processes
[1544504987] SERVICE ALERT: db2;CPU_Procs;CRITICAL;SOFT;2;CPU CRITICAL: 1 crit, 0 warn out of 292 processes
[1544505107] SERVICE ALERT: db2;CPU_Procs;OK;HARD;1;CPU OK: 292 processes
[1544505632] SERVICE NOTIFICATION: nagiosadmin;sigqscluster2;CPU_Procs;CRITICAL;notify-service-by-email;CPU CRITICAL: 1 crit, 0 warn out of 334 processes
[1544506438] SERVICE NOTIFICATION: nagiosadmin;sig1;Memory;CRITICAL;notify-service-by-email;CRITICAL - 1.0% (163540 kB) free!
[1544506444] Auto-save of retention data completed successfully.
[1544506681] SERVICE NOTIFICATION: nagiosadmin;smscapp2;CPU_Procs;WARNING;notify-service-by-email;CPU WARNING: 2 warn out of 335 processes
[1544507222] SERVICE ALERT: webserver2;Current Users;WARNING;SOFT;1;USERS WARNING - 45 users currently logged in
[1544507282] SERVICE ALERT: webserver2;Current Users;WARNING;SOFT;2;USERS WARNING - 45 users currently logged in
[1544507305] SERVICE NOTIFICATION: nagiosadmin;pservercluster2;CPU_Procs;CRITICAL;notify-service-by-email;CPU CRITICAL: 1 crit, 1 warn out of 328 processes
[1544507342] SERVICE ALERT: webserver2;Current Users;WARNING;SOFT;3;USERS WARNING - 44 users currently logged in
[1544507402] SERVICE NOTIFICATION: nagiosadmin;webserver2;Current Users;WARNING;notify-service-by-email;USERS WARNING - 44 users currently logged in
[1544507402] SERVICE ALERT: webserver2;Current Users;WARNING;HARD;4;USERS WARNING - 44 users currently logged in
[1544507500] SERVICE NOTIFICATION: nagiosadmin;qservercluster1;CPU Load;WARNING;notify-service-by-email;WARNING - load average: 14.63, 14.16, 13.84
[1544507827] SERVICE NOTIFICATION: nagiosadmin;smscapp1;Memory;WARNING;notify-service-by-email;WARNING - 15.1% (2448056 kB) free!
[1544507881] SERVICE NOTIFICATION: nagiosadmin;smscapp2;CPU_Procs;OK;notify-service-by-email;CPU OK: 335 processes
[1544507881] SERVICE ALERT: smscapp2;CPU_Procs;OK;HARD;1;CPU OK: 335 processes
[1544508119] SERVICE NOTIFICATION: nagiosadmin;smscapp1;CPU_Procs;CRITICAL;notify-service-by-email;CPU CRITICAL: 4 crit, 1 warn out of 344 processes
[1544508137] SERVICE NOTIFICATION: nagiosadmin;qservercluster1;CPU_Procs;CRITICAL;notify-service-by-email;CPU CRITICAL: 1 crit, 0 warn out of 308 processes
[1544508282] SERVICE NOTIFICATION: nagiosadmin;pservercluster1;CPU_Procs;CRITICAL;notify-service-by-email;CPU CRITICAL: 1 crit, 0 warn out of 323 processes
[1544508378] SERVICE NOTIFICATION: nagiosadmin;sigqscluster1;CPU_Procs;CRITICAL;notify-service-by-email;CPU CRITICAL: 1 crit, 0 warn out of 337 processes
[1544508481] SERVICE ALERT: smscapp2;CPU_Procs;WARNING;SOFT;1;CPU WARNING: 1 warn out of 336 processes
[1544508601] SERVICE ALERT: smscapp2;CPU_Procs;WARNING;SOFT;2;CPU WARNING: 1 warn out of 337 processes
[1544508707] SERVICE ALERT: db2;CPU_Procs;CRITICAL;SOFT;1;CPU CRITICAL: 1 crit, 0 warn out of 297 processes
[1544508722] SERVICE NOTIFICATION: nagiosadmin;smscapp2;CPU_Procs;WARNING;notify-service-by-email;CPU WARNING: 1 warn out of 337 processes
[1544508722] SERVICE ALERT: smscapp2;CPU_Procs;WARNING;HARD;3;CPU WARNING: 1 warn out of 337 processes
[1544508827] SERVICE ALERT: db2;CPU_Procs;CRITICAL;SOFT;2;CPU CRITICAL: 1 crit, 0 warn out of 297 processes
[1544508947] SERVICE ALERT: db2;CPU_Procs;OK;HARD;1;CPU OK: 295 processes
[1544509232] SERVICE NOTIFICATION: nagiosadmin;sigqscluster2;CPU_Procs;CRITICAL;notify-service-by-email;CPU CRITICAL: 1 crit, 0 warn out of 335 processes
[1544509628] SERVICE NOTIFICATION: nagiosadmin;smscapp1;Memory;OK;notify-service-by-email;OK - 41.2% (6703344 kB) free.
[1544509628] SERVICE ALERT: smscapp1;Memory;OK;HARD;1;OK - 41.2% (6703344 kB) free.
[1544510038] SERVICE NOTIFICATION: nagiosadmin;sig1;Memory;CRITICAL;notify-service-by-email;CRITICAL - 1.0% (157556 kB) free!
[1544510044] Auto-save of retention data completed successfully.
[1544510082] SERVICE NOTIFICATION: nagiosadmin;pservercluster1;CPU_Procs;OK;notify-service-by-email;CPU OK: 322 processes
[1544510082] SERVICE ALERT: pservercluster1;CPU_Procs;OK;HARD;1;CPU OK: 322 processes
[1544510522] SERVICE NOTIFICATION: nagiosadmin;smscapp2;CPU_Procs;OK;notify-service-by-email;CPU OK: 332 processes
[1544510522] SERVICE ALERT: smscapp2;CPU_Procs;OK;HARD;1;CPU OK: 332 processes
[1544510682] SERVICE ALERT: pservercluster1;CPU_Procs;WARNING;SOFT;1;CPU WARNING: 1 warn out of 322 processes
[1544510802] SERVICE ALERT: pservercluster1;CPU_Procs;OK;HARD;1;CPU OK: 324 processes
[1544510905] SERVICE NOTIFICATION: nagiosadmin;pservercluster2;CPU_Procs;CRITICAL;notify-service-by-email;CPU CRITICAL: 1 crit, 0 warn out of 320 processes
[1544511002] SERVICE NOTIFICATION: nagiosadmin;webserver2;Current Users;WARNING;notify-service-by-email;USERS WARNING - 45 users currently logged in
[1544511100] SERVICE NOTIFICATION: nagiosadmin;qservercluster1;CPU Load;WARNING;notify-service-by-email;WARNING - load average: 12.78, 11.90, 11.70
[1544511122] SERVICE ALERT: smscapp2;CPU_Procs;WARNING;SOFT;1;CPU WARNING: 2 warn out of 339 processes
[1544511242] SERVICE ALERT: smscapp2;CPU_Procs;WARNING;SOFT;2;CPU WARNING: 2 warn out of 339 processes
[1544511362] SERVICE FLAPPING ALERT: smscapp2;CPU_Procs;STARTED; Service appears to have started flapping (23.7% change >= 20.0% threshold)
[1544511362] SERVICE ALERT: smscapp2;CPU_Procs;WARNING;HARD;3;CPU WARNING: 2 warn out of 339 processes
[1544511403] SERVICE ALERT: pservercluster1;CPU_Procs;CRITICAL;SOFT;1;CPU CRITICAL: 1 crit, 0 warn out of 325 processes
[1544511523] SERVICE ALERT: pservercluster1;CPU_Procs;CRITICAL;SOFT;2;CPU CRITICAL: 1 crit, 0 warn out of 326 processes
[1544511643] SERVICE NOTIFICATION: nagiosadmin;pservercluster1;CPU_Procs;CRITICAL;notify-service-by-email;CPU CRITICAL: 1 crit, 0 warn out of 328 processes
[1544511643] SERVICE ALERT: pservercluster1;CPU_Procs;CRITICAL;HARD;3;CPU CRITICAL: 1 crit, 0 warn out of 328 processes
[1544511719] SERVICE NOTIFICATION: nagiosadmin;smscapp1;CPU_Procs;CRITICAL;notify-service-by-email;CPU CRITICAL: 4 crit, 1 warn out of 342 processes
[1544511737] SERVICE NOTIFICATION: nagiosadmin;qservercluster1;CPU_Procs;CRITICAL;notify-service-by-email;CPU CRITICAL: 1 crit, 0 warn out of 310 processes
[1544511978] SERVICE NOTIFICATION: nagiosadmin;sigqscluster1;CPU_Procs;CRITICAL;notify-service-by-email;CPU CRITICAL: 1 crit, 0 warn out of 337 processes
[1544512832] SERVICE NOTIFICATION: nagiosadmin;sigqscluster2;CPU_Procs;CRITICAL;notify-service-by-email;CPU CRITICAL: 1 crit, 0 warn out of 333 processes
[1544513638] SERVICE NOTIFICATION: nagiosadmin;sig1;Memory;CRITICAL;notify-service-by-email;CRITICAL - 1.0% (155496 kB) free!
[1544513644] Auto-save of retention data completed successfully.
[1544514505] SERVICE NOTIFICATION: nagiosadmin;pservercluster2;CPU_Procs;CRITICAL;notify-service-by-email;CPU CRITICAL: 1 crit, 0 warn out of 323 processes
[1544514602] SERVICE NOTIFICATION: nagiosadmin;webserver2;Current Users;WARNING;notify-service-by-email;USERS WARNING - 45 users currently logged in
[1544514700] SERVICE NOTIFICATION: nagiosadmin;qservercluster1;CPU Load;WARNING;notify-service-by-email;WARNING - load average: 12.34, 13.02, 13.24
[1544515244] SERVICE NOTIFICATION: nagiosadmin;pservercluster1;CPU_Procs;CRITICAL;notify-service-by-email;CPU CRITICAL: 1 crit, 1 warn out of 328 processes
[1544515319] SERVICE NOTIFICATION: nagiosadmin;smscapp1;CPU_Procs;CRITICAL;notify-service-by-email;CPU CRITICAL: 4 crit, 1 warn out of 339 processes
[1544515337] SERVICE NOTIFICATION: nagiosadmin;qservercluster1;CPU_Procs;CRITICAL;notify-service-by-email;CPU CRITICAL: 1 crit, 0 warn out of 309 processes
[1544515578] SERVICE NOTIFICATION: nagiosadmin;sigqscluster1;CPU_Procs;CRITICAL;notify-service-by-email;CPU CRITICAL: 1 crit, 0 warn out of 337 processes
[1544516432] SERVICE NOTIFICATION: nagiosadmin;sigqscluster2;CPU_Procs;CRITICAL;notify-service-by-email;CPU CRITICAL: 1 crit, 0 warn out of 335 processes
[1544517238] SERVICE NOTIFICATION: nagiosadmin;sig1;Memory;CRITICAL;notify-service-by-email;CRITICAL - 0.9% (152332 kB) free!
[1544517244] Auto-save of retention data completed successfully.
[1544517947] SERVICE ALERT: db2;CPU_Procs;CRITICAL;SOFT;1;CPU CRITICAL: 1 crit, 0 warn out of 296 processes
[1544518067] SERVICE ALERT: db2;CPU_Procs;OK;HARD;1;CPU OK: 295 processes
[1544518105] SERVICE NOTIFICATION: nagiosadmin;pservercluster2;CPU_Procs;CRITICAL;notify-service-by-email;CPU CRITICAL: 1 crit, 0 warn out of 323 processes
[1544518202] SERVICE NOTIFICATION: nagiosadmin;webserver2;Current Users;WARNING;notify-service-by-email;USERS WARNING - 45 users currently logged in
[1544518300] SERVICE NOTIFICATION: nagiosadmin;qservercluster1;CPU Load;WARNING;notify-service-by-email;WARNING - load average: 13.19, 13.30, 13.43
[1544518919] SERVICE NOTIFICATION: nagiosadmin;smscapp1;CPU_Procs;CRITICAL;notify-service-by-email;CPU CRITICAL: 4 crit, 1 warn out of 342 processes
[1544518937] SERVICE NOTIFICATION: nagiosadmin;qservercluster1;CPU_Procs;CRITICAL;notify-service-by-email;CPU CRITICAL: 1 crit, 0 warn out of 305 processes
[1544519178] SERVICE NOTIFICATION: nagiosadmin;sigqscluster1;CPU_Procs;CRITICAL;notify-service-by-email;CPU CRITICAL: 1 crit, 0 warn out of 337 processes
[1544519443] SERVICE NOTIFICATION: nagiosadmin;pservercluster1;CPU_Procs;CRITICAL;notify-service-by-email;CPU CRITICAL: 2 crit, 0 warn out of 324 processes
[1544520033] SERVICE NOTIFICATION: nagiosadmin;sigqscluster2;CPU_Procs;CRITICAL;notify-service-by-email;CPU CRITICAL: 1 crit, 0 warn out of 336 processes
[1544520468] SERVICE ALERT: db2;CPU_Procs;CRITICAL;SOFT;1;CPU CRITICAL: 1 crit, 0 warn out of 299 processes
[1544520588] SERVICE ALERT: db2;CPU_Procs;CRITICAL;SOFT;2;CPU CRITICAL: 1 crit, 0 warn out of 299 processes
[1544520708] SERVICE ALERT: db2;CPU_Procs;OK;HARD;1;CPU OK: 294 processes
[1544520838] SERVICE NOTIFICATION: nagiosadmin;sig1;Memory;CRITICAL;notify-service-by-email;CRITICAL - 1.1% (178608 kB) free!
[1544520844] Auto-save of retention data completed successfully.
[1544521705] SERVICE NOTIFICATION: nagiosadmin;pservercluster2;CPU_Procs;CRITICAL;notify-service-by-email;CPU CRITICAL: 1 crit, 0 warn out of 324 processes
[1544521803] SERVICE NOTIFICATION: nagiosadmin;webserver2;Current Users;WARNING;notify-service-by-email;USERS WARNING - 46 users currently logged in
[1544521900] SERVICE NOTIFICATION: nagiosadmin;qservercluster1;CPU Load;WARNING;notify-service-by-email;WARNING - load average: 13.23, 13.64, 13.61
[1544522519] SERVICE NOTIFICATION: nagiosadmin;smscapp1;CPU_Procs;CRITICAL;notify-service-by-email;CPU CRITICAL: 4 crit, 1 warn out of 345 processes
[1544522537] SERVICE NOTIFICATION: nagiosadmin;qservercluster1;CPU_Procs;CRITICAL;notify-service-by-email;CPU CRITICAL: 1 crit, 0 warn out of 307 processes
[1544522762] SERVICE FLAPPING ALERT: smscapp2;CPU_Procs;STOPPED; Service appears to have stopped flapping (3.8% change < 5.0% threshold)
[1544522762] SERVICE NOTIFICATION: nagiosadmin;smscapp2;CPU_Procs;WARNING;notify-service-by-email;CPU WARNING: 2 warn out of 340 processes
[1544522778] SERVICE NOTIFICATION: nagiosadmin;sigqscluster1;CPU_Procs;CRITICAL;notify-service-by-email;CPU CRITICAL: 1 crit, 0 warn out of 337 processes
[1544523043] SERVICE NOTIFICATION: nagiosadmin;pservercluster1;CPU_Procs;CRITICAL;notify-service-by-email;CPU CRITICAL: 1 crit, 1 warn out of 326 processes
[1544523633] SERVICE NOTIFICATION: nagiosadmin;sigqscluster2;CPU_Procs;CRITICAL;notify-service-by-email;CPU CRITICAL: 1 crit, 0 warn out of 335 processes
[1544524438] SERVICE NOTIFICATION: nagiosadmin;sig1;Memory;WARNING;notify-service-by-email;WARNING - 16.4% (2657748 kB) free!
[1544524438] SERVICE ALERT: sig1;Memory;WARNING;HARD;3;WARNING - 16.4% (2657748 kB) free!
[1544524444] Auto-save of retention data completed successfully.
[1544525305] SERVICE NOTIFICATION: nagiosadmin;pservercluster2;CPU_Procs;CRITICAL;notify-service-by-email;CPU CRITICAL: 1 crit, 0 warn out of 321 processes
[1544525403] SERVICE NOTIFICATION: nagiosadmin;webserver2;Current Users;WARNING;notify-service-by-email;USERS WARNING - 47 users currently logged in
[1544525500] SERVICE NOTIFICATION: nagiosadmin;qservercluster1;CPU Load;WARNING;notify-service-by-email;WARNING - load average: 12.61, 12.82, 13.14
[1544526119] SERVICE NOTIFICATION: nagiosadmin;smscapp1;CPU_Procs;CRITICAL;notify-service-by-email;CPU CRITICAL: 4 crit, 1 warn out of 343 processes
[1544526137] SERVICE NOTIFICATION: nagiosadmin;qservercluster1;CPU_Procs;CRITICAL;notify-service-by-email;CPU CRITICAL: 1 crit, 0 warn out of 310 processes
[1544526363] SERVICE NOTIFICATION: nagiosadmin;smscapp2;CPU_Procs;WARNING;notify-service-by-email;CPU WARNING: 1 warn out of 342 processes
[1544526378] SERVICE NOTIFICATION: nagiosadmin;sigqscluster1;CPU_Procs;CRITICAL;notify-service-by-email;CPU CRITICAL: 1 crit, 0 warn out of 337 processes
[1544526643] SERVICE NOTIFICATION: nagiosadmin;pservercluster1;CPU_Procs;CRITICAL;notify-service-by-email;CPU CRITICAL: 1 crit, 0 warn out of 328 processes
[1544526962] SERVICE NOTIFICATION: nagiosadmin;smscapp2;CPU_Procs;OK;notify-service-by-email;CPU OK: 341 processes
[1544526962] SERVICE ALERT: smscapp2;CPU_Procs;OK;HARD;1;CPU OK: 341 processes
[1544527233] SERVICE NOTIFICATION: nagiosadmin;sigqscluster2;CPU_Procs;CRITICAL;notify-service-by-email;CPU CRITICAL: 1 crit, 0 warn out of 335 processes
[1544527308] SERVICE ALERT: db2;CPU_Procs;CRITICAL;SOFT;1;CPU CRITICAL: 1 crit, 0 warn out of 300 processes
[1544527428] SERVICE ALERT: db2;CPU_Procs;CRITICAL;SOFT;2;CPU CRITICAL: 1 crit, 0 warn out of 299 processes
[1544527548] SERVICE ALERT: db2;CPU_Procs;OK;HARD;1;CPU OK: 301 processes
[1544528038] SERVICE NOTIFICATION: nagiosadmin;sig1;Memory;WARNING;notify-service-by-email;WARNING - 16.3% (2653068 kB) free!
[1544528044] Auto-save of retention data completed successfully.
[1544528905] SERVICE NOTIFICATION: nagiosadmin;pservercluster2;CPU_Procs;CRITICAL;notify-service-by-email;CPU CRITICAL: 1 crit, 0 warn out of 321 processes
[1544529003] SERVICE NOTIFICATION: nagiosadmin;webserver2;Current Users;WARNING;notify-service-by-email;USERS WARNING - 47 users currently logged in
[1544529100] SERVICE NOTIFICATION: nagiosadmin;qservercluster1;CPU Load;WARNING;notify-service-by-email;WARNING - load average: 13.66, 13.33, 13.09
[1544529719] SERVICE NOTIFICATION: nagiosadmin;smscapp1;CPU_Procs;CRITICAL;notify-service-by-email;CPU CRITICAL: 4 crit, 1 warn out of 344 processes
[1544529738] SERVICE NOTIFICATION: nagiosadmin;qservercluster1;CPU_Procs;CRITICAL;notify-service-by-email;CPU CRITICAL: 1 crit, 0 warn out of 312 processes
[1544529978] SERVICE NOTIFICATION: nagiosadmin;sigqscluster1;CPU_Procs;CRITICAL;notify-service-by-email;CPU CRITICAL: 1 crit, 0 warn out of 338 processes
[1544530244] SERVICE NOTIFICATION: nagiosadmin;pservercluster1;CPU_Procs;CRITICAL;notify-service-by-email;CPU CRITICAL: 1 crit, 0 warn out of 325 processes
[1544530834] SERVICE NOTIFICATION: nagiosadmin;sigqscluster2;CPU_Procs;CRITICAL;notify-service-by-email;CPU CRITICAL: 1 crit, 0 warn out of 336 processes
[1544531638] SERVICE NOTIFICATION: nagiosadmin;sig1;Memory;WARNING;notify-service-by-email;WARNING - 16.3% (2650184 kB) free!
[1544531644] Auto-save of retention data completed successfully.
[1544532506] SERVICE NOTIFICATION: nagiosadmin;pservercluster2;CPU_Procs;CRITICAL;notify-service-by-email;CPU CRITICAL: 1 crit, 1 warn out of 329 processes
[1544532549] Warning: Return code of 255 for check of service 'HDD_Home status' on host 'sig3' was out of bounds.
[1544532549] SERVICE ALERT: sig3;HDD_Home status;CRITICAL;SOFT;1;(Return code of 255 for service 'HDD_Home status' on host 'sig3' was out of bounds)
[1544532567] wproc: Core Worker 16610: job 8747 (pid=21954) timed out. Killing it
[1544532567] wproc: CHECK job 8747 from worker Core Worker 16610 timed out after 30.01s
[1544532567] wproc:   host=sig3; service=(null);
[1544532567] wproc:   early_timeout=1; exited_ok=0; wait_status=0; error_code=62;
[1544532567] Warning: Check of host 'sig3' timed out after 30.01 seconds
[1544532567] HOST ALERT: sig3;DOWN;SOFT;1;(Host check timed out after 30.01 seconds)
[1544532567] wproc: Core Worker 16610: job 8747 (pid=21954): Dormant child reaped
[1544532603] SERVICE NOTIFICATION: nagiosadmin;webserver2;Current Users;WARNING;notify-service-by-email;USERS WARNING - 50 users currently logged in
[1544532616] Warning: Return code of 255 for check of service 'Current Users' on host 'sig3' was out of bounds.
[1544532616] SERVICE ALERT: sig3;Current Users;CRITICAL;HARD;1;(Return code of 255 for service 'Current Users' on host 'sig3' was out of bounds)
[1544532631] HOST ALERT: sig3;UP;SOFT;1;PING OK - Packet loss = 0%, RTA = 0.42 ms
[1544532669] SERVICE ALERT: sig3;HDD_Home status;OK;HARD;1;DISK OK - free space: /home 220138 MB (97% inode=99%):
[1544532700] SERVICE NOTIFICATION: nagiosadmin;qservercluster1;CPU Load;WARNING;notify-service-by-email;WARNING - load average: 12.52, 12.71, 12.73
[1544532736] SERVICE NOTIFICATION: nagiosadmin;sig3;Current Users;OK;notify-service-by-email;USERS OK - 1 users currently logged in
[1544532736] SERVICE ALERT: sig3;Current Users;OK;HARD;1;USERS OK - 1 users currently logged in
[1544532948] SERVICE ALERT: db2;CPU_Procs;CRITICAL;SOFT;1;CPU CRITICAL: 1 crit, 0 warn out of 302 processes
[1544532962] SERVICE ALERT: smscapp2;CPU_Procs;WARNING;SOFT;1;CPU WARNING: 3 warn out of 343 processes
[1544533069] SERVICE ALERT: db2;CPU_Procs;OK;HARD;1;CPU OK: 302 processes
[1544533082] SERVICE ALERT: smscapp2;CPU_Procs;WARNING;SOFT;2;CPU WARNING: 3 warn out of 343 processes
[1544533202] SERVICE NOTIFICATION: nagiosadmin;smscapp2;CPU_Procs;WARNING;notify-service-by-email;CPU WARNING: 3 warn out of 346 processes
[1544533202] SERVICE ALERT: smscapp2;CPU_Procs;WARNING;HARD;3;CPU WARNING: 3 warn out of 346 processes
[1544533243] SERVICE NOTIFICATION: nagiosadmin;pservercluster1;CPU_Procs;OK;notify-service-by-email;CPU OK: 325 processes
[1544533243] SERVICE ALERT: pservercluster1;CPU_Procs;OK;HARD;1;CPU OK: 325 processes
[1544533319] SERVICE NOTIFICATION: nagiosadmin;smscapp1;CPU_Procs;CRITICAL;notify-service-by-email;CPU CRITICAL: 4 crit, 1 warn out of 344 processes
[1544533578] SERVICE NOTIFICATION: nagiosadmin;sigqscluster1;CPU_Procs;CRITICAL;notify-service-by-email;CPU CRITICAL: 1 crit, 0 warn out of 336 processes
[1544533900] SERVICE ALERT: sig4;HDD_Home status;CRITICAL;SOFT;1;CHECK_NRPE: Socket timeout after 10 seconds.
[1544533930] wproc: Core Worker 16599: job 8776 (pid=13493) timed out. Killing it
[1544533930] wproc: CHECK job 8776 from worker Core Worker 16599 timed out after 30.01s
[1544533930] wproc:   host=sig4; service=(null);
[1544533930] wproc:   early_timeout=1; exited_ok=0; wait_status=0; error_code=62;
[1544533930] Warning: Check of host 'sig4' timed out after 30.01 seconds
[1544533930] HOST ALERT: sig4;DOWN;SOFT;1;(Host check timed out after 30.01 seconds)
[1544533930] wproc: Core Worker 16599: job 8776 (pid=13493): Dormant child reaped
[1544533931] Warning: Return code of 255 for check of service 'Sensors Status' on host 'sig4' was out of bounds.
[1544533931] SERVICE ALERT: sig4;Sensors Status;CRITICAL;HARD;1;(Return code of 255 for service 'Sensors Status' on host 'sig4' was out of bounds)
[1544533937] SERVICE NOTIFICATION: nagiosadmin;qservercluster1;CPU_Procs;CRITICAL;notify-service-by-email;CPU CRITICAL: 1 crit, 0 warn out of 311 processes
[1544533940] Warning: Return code of 255 for check of service 'Total Processes' on host 'sig4' was out of bounds.
[1544533940] SERVICE ALERT: sig4;Total Processes;CRITICAL;HARD;1;(Return code of 255 for service 'Total Processes' on host 'sig4' was out of bounds)
[1544533948] Warning: Return code of 255 for check of service 'CPU_Procs' on host 'sig4' was out of bounds.
[1544533948] SERVICE ALERT: sig4;CPU_Procs;CRITICAL;HARD;1;(Return code of 255 for service 'CPU_Procs' on host 'sig4' was out of bounds)
[1544533948] Warning: Return code of 255 for check of service 'LocalService-NTPD SERVICE' on host 'sig4' was out of bounds.
[1544533948] SERVICE ALERT: sig4;LocalService-NTPD SERVICE;CRITICAL;HARD;1;(Return code of 255 for service 'LocalService-NTPD SERVICE' on host 'sig4' was out of bounds)
[1544534021] SERVICE ALERT: sig4;HDD_Home status;OK;HARD;1;DISK OK - free space: /home 222674 MB (99% inode=99%):
[1544534025] HOST ALERT: sig4;UP;SOFT;1;PING OK - Packet loss = 0%, RTA = 0.41 ms
[1544534051] SERVICE ALERT: sig4;Sensors Status;OK;HARD;1;SENSORS OK
[1544534060] SERVICE ALERT: sig4;Total Processes;OK;HARD;1;PROCS OK: 305 processes
[1544534068] SERVICE ALERT: sig4;LocalService-NTPD SERVICE;OK;HARD;1;PROCS OK: 2 processes with command name 'ntpd'
[1544534068] SERVICE ALERT: sig4;CPU_Procs;WARNING;SOFT;1;CPU WARNING: 1 warn out of 308 processes
[1544534668] SERVICE ALERT: sig4;CPU_Procs;OK;HARD;1;CPU OK: 300 processes
[1544535033] SERVICE NOTIFICATION: nagiosadmin;sigqscluster2;CPU_Procs;CRITICAL;notify-service-by-email;CPU CRITICAL: 1 crit, 0 warn out of 339 processes
[1544535043] SERVICE ALERT: pservercluster1;CPU_Procs;WARNING;SOFT;1;CPU WARNING: 1 warn out of 324 processes
[1544535164] SERVICE ALERT: pservercluster1;CPU_Procs;WARNING;SOFT;2;CPU WARNING: 1 warn out of 324 processes
[1544535238] SERVICE NOTIFICATION: nagiosadmin;sig1;Memory;WARNING;notify-service-by-email;WARNING - 15.8% (2572332 kB) free!
[1544535244] Auto-save of retention data completed successfully.
[1544535284] SERVICE NOTIFICATION: nagiosadmin;pservercluster1;CPU_Procs;WARNING;notify-service-by-email;CPU WARNING: 1 warn out of 321 processes
[1544535284] SERVICE ALERT: pservercluster1;CPU_Procs;WARNING;HARD;3;CPU WARNING: 1 warn out of 321 processes
[1544536203] SERVICE NOTIFICATION: nagiosadmin;webserver2;Current Users;WARNING;notify-service-by-email;USERS WARNING - 46 users currently logged in
[1544536300] SERVICE NOTIFICATION: nagiosadmin;qservercluster1;CPU Load;WARNING;notify-service-by-email;WARNING - load average: 12.80, 13.56, 13.44
[1544536484] SERVICE NOTIFICATION: nagiosadmin;pservercluster1;CPU_Procs;CRITICAL;notify-service-by-email;CPU CRITICAL: 1 crit, 0 warn out of 323 processes
[1544536484] SERVICE ALERT: pservercluster1;CPU_Procs;CRITICAL;HARD;3;CPU CRITICAL: 1 crit, 0 warn out of 323 processes
[1544536705] SERVICE NOTIFICATION: nagiosadmin;pservercluster2;CPU_Procs;CRITICAL;notify-service-by-email;CPU CRITICAL: 1 crit, 1 warn out of 325 processes
[1544536771] SERVICE ALERT: sig4;HDD_Root status;CRITICAL;SOFT;1;CHECK_NRPE: Socket timeout after 10 seconds.
[1544536772] HOST ALERT: sig4;DOWN;SOFT;1;CRITICAL - Host Unreachable (10.147.212.56)
[1544536780] Warning: Return code of 255 for check of service 'CPU Load' on host 'sig4' was out of bounds.
[1544536780] SERVICE ALERT: sig4;CPU Load;CRITICAL;HARD;1;(Return code of 255 for service 'CPU Load' on host 'sig4' was out of bounds)
[1544536802] SERVICE NOTIFICATION: nagiosadmin;smscapp2;CPU_Procs;WARNING;notify-service-by-email;CPU WARNING: 2 warn out of 340 processes
[1544536836] HOST ALERT: sig4;UP;SOFT;1;PING OK - Packet loss = 0%, RTA = 0.49 ms
[1544536891] SERVICE ALERT: sig4;HDD_Root status;OK;HARD;1;DISK OK - free space: / 37641 MB (73% inode=98%):
[1544536901] SERVICE ALERT: sig4;CPU Load;OK;HARD;1;OK - load average: 0.30, 0.17, 0.06
[1544536919] SERVICE NOTIFICATION: nagiosadmin;smscapp1;CPU_Procs;CRITICAL;notify-service-by-email;CPU CRITICAL: 4 crit, 1 warn out of 346 processes
[1544537179] SERVICE NOTIFICATION: nagiosadmin;sigqscluster1;CPU_Procs;CRITICAL;notify-service-by-email;CPU CRITICAL: 1 crit, 0 warn out of 337 processes
[1544537501] SERVICE ALERT: sig4;HDD_Root status;CRITICAL;SOFT;1;CHECK_NRPE: Socket timeout after 10 seconds.
[1544537510] SERVICE ALERT: sig4;CPU Load;CRITICAL;SOFT;1;CHECK_NRPE: Socket timeout after 10 seconds.
[1544537531] wproc: Core Worker 16599: job 8848 (pid=12154) timed out. Killing it
[1544537531] wproc: CHECK job 8848 from worker Core Worker 16599 timed out after 30.04s
[1544537531] wproc:   host=sig4; service=(null);
[1544537531] wproc:   early_timeout=1; exited_ok=0; wait_status=0; error_code=62;
[1544537531] Warning: Check of host 'sig4' timed out after 30.04 seconds
[1544537531] HOST ALERT: sig4;DOWN;SOFT;1;(Host check timed out after 30.04 seconds)
[1544537531] wproc: Core Worker 16599: job 8848 (pid=12154): Dormant child reaped
[1544537537] SERVICE NOTIFICATION: nagiosadmin;qservercluster1;CPU_Procs;CRITICAL;notify-service-by-email;CPU CRITICAL: 1 crit, 0 warn out of 308 processes
[1544537621] SERVICE ALERT: sig4;HDD_Root status;OK;HARD;1;DISK OK - free space: / 37603 MB (73% inode=98%):
[1544537624] HOST ALERT: sig4;UP;SOFT;1;PING OK - Packet loss = 0%, RTA = 0.45 ms
[1544537630] SERVICE ALERT: sig4;CPU Load;OK;HARD;1;OK - load average: 0.42, 0.13, 0.05
[1544538633] SERVICE NOTIFICATION: nagiosadmin;sigqscluster2;CPU_Procs;CRITICAL;notify-service-by-email;CPU CRITICAL: 1 crit, 0 warn out of 343 processes
[1544538838] SERVICE NOTIFICATION: nagiosadmin;sig1;Memory;WARNING;notify-service-by-email;WARNING - 15.8% (2569568 kB) free!
[1544538844] Auto-save of retention data completed successfully.
[1544539485] SERVICE FLAPPING ALERT: pservercluster1;CPU_Procs;STARTED; Service appears to have started flapping (22.1% change >= 20.0% threshold)
[1544539485] SERVICE ALERT: pservercluster1;CPU_Procs;WARNING;HARD;3;CPU WARNING: 1 warn out of 311 processes
[1544539803] SERVICE NOTIFICATION: nagiosadmin;webserver2;Current Users;OK;notify-service-by-email;USERS OK - 37 users currently logged in
[1544539803] SERVICE ALERT: webserver2;Current Users;OK;HARD;1;USERS OK - 37 users currently logged in
[1544539900] SERVICE NOTIFICATION: nagiosadmin;qservercluster1;CPU Load;WARNING;notify-service-by-email;WARNING - load average: 14.01, 13.34, 13.20
[1544540085] SERVICE ALERT: pservercluster1;CPU_Procs;CRITICAL;HARD;3;CPU CRITICAL: 1 crit, 0 warn out of 309 processes
[1544540305] SERVICE NOTIFICATION: nagiosadmin;pservercluster2;CPU_Procs;CRITICAL;notify-service-by-email;CPU CRITICAL: 1 crit, 1 warn out of 324 processes
[1544540402] SERVICE NOTIFICATION: nagiosadmin;smscapp2;CPU_Procs;WARNING;notify-service-by-email;CPU WARNING: 2 warn out of 339 processes
[1544540519] SERVICE NOTIFICATION: nagiosadmin;smscapp1;CPU_Procs;CRITICAL;notify-service-by-email;CPU CRITICAL: 4 crit, 1 warn out of 343 processes
[1544541137] SERVICE NOTIFICATION: nagiosadmin;qservercluster1;CPU_Procs;CRITICAL;notify-service-by-email;CPU CRITICAL: 1 crit, 0 warn out of 310 processes
[1544541379] SERVICE NOTIFICATION: nagiosadmin;sigqscluster1;CPU_Procs;CRITICAL;notify-service-by-email;CPU CRITICAL: 1 crit, 0 warn out of 337 processes
[1544542233] SERVICE NOTIFICATION: nagiosadmin;sigqscluster2;CPU_Procs;CRITICAL;notify-service-by-email;CPU CRITICAL: 1 crit, 0 warn out of 335 processes
[1544542438] SERVICE NOTIFICATION: nagiosadmin;sig1;Memory;WARNING;notify-service-by-email;WARNING - 15.8% (2571552 kB) free!
[1544542444] Auto-save of retention data completed successfully.
[1544542669] SERVICE ALERT: db2;CPU_Procs;CRITICAL;SOFT;1;CPU CRITICAL: 1 crit, 0 warn out of 290 processes
[1544542789] SERVICE ALERT: db2;CPU_Procs;CRITICAL;SOFT;2;CPU CRITICAL: 1 crit, 0 warn out of 292 processes
[1544542909] SERVICE NOTIFICATION: nagiosadmin;db2;CPU_Procs;CRITICAL;notify-service-by-email;CPU CRITICAL: 1 crit, 0 warn out of 292 processes
[1544542909] SERVICE ALERT: db2;CPU_Procs;CRITICAL;HARD;3;CPU CRITICAL: 1 crit, 0 warn out of 292 processes
[1544543500] SERVICE NOTIFICATION: nagiosadmin;qservercluster1;CPU Load;WARNING;notify-service-by-email;WARNING - load average: 13.75, 13.82, 13.70
[1544543509] SERVICE NOTIFICATION: nagiosadmin;db2;CPU_Procs;OK;notify-service-by-email;CPU OK: 291 processes
[1544543509] SERVICE ALERT: db2;CPU_Procs;OK;HARD;1;CPU OK: 291 processes
[1544543905] SERVICE NOTIFICATION: nagiosadmin;pservercluster2;CPU_Procs;CRITICAL;notify-service-by-email;CPU CRITICAL: 1 crit, 1 warn out of 325 processes
[1544544003] SERVICE NOTIFICATION: nagiosadmin;smscapp2;CPU_Procs;WARNING;notify-service-by-email;CPU WARNING: 2 warn out of 335 processes
[1544544120] SERVICE NOTIFICATION: nagiosadmin;smscapp1;CPU_Procs;CRITICAL;notify-service-by-email;CPU CRITICAL: 4 crit, 1 warn out of 342 processes
[1544544737] SERVICE NOTIFICATION: nagiosadmin;qservercluster1;CPU_Procs;CRITICAL;notify-service-by-email;CPU CRITICAL: 1 crit, 0 warn out of 309 processes
[1544545578] SERVICE NOTIFICATION: nagiosadmin;sigqscluster1;CPU_Procs;CRITICAL;notify-service-by-email;CPU CRITICAL: 1 crit, 0 warn out of 341 processes
[1544545834] SERVICE NOTIFICATION: nagiosadmin;sigqscluster2;CPU_Procs;CRITICAL;notify-service-by-email;CPU CRITICAL: 1 crit, 0 warn out of 338 processes
[1544546038] SERVICE NOTIFICATION: nagiosadmin;sig1;Memory;WARNING;notify-service-by-email;WARNING - 15.8% (2569004 kB) free!
[1544546044] Auto-save of retention data completed successfully.
[1544547100] SERVICE NOTIFICATION: nagiosadmin;qservercluster1;CPU Load;WARNING;notify-service-by-email;WARNING - load average: 13.99, 13.75, 13.68
[1544547505] SERVICE NOTIFICATION: nagiosadmin;pservercluster2;CPU_Procs;CRITICAL;notify-service-by-email;CPU CRITICAL: 2 crit, 0 warn out of 324 processes
[1544548202] SERVICE NOTIFICATION: nagiosadmin;smscapp2;CPU_Procs;WARNING;notify-service-by-email;CPU WARNING: 2 warn out of 332 processes
[1544548319] SERVICE NOTIFICATION: nagiosadmin;smscapp1;CPU_Procs;CRITICAL;notify-service-by-email;CPU CRITICAL: 4 crit, 1 warn out of 341 processes
[1544548337] SERVICE NOTIFICATION: nagiosadmin;qservercluster1;CPU_Procs;CRITICAL;notify-service-by-email;CPU CRITICAL: 1 crit, 0 warn out of 309 processes
[1544548350] SERVICE ALERT: pservercluster1;CPU Load;CRITICAL;SOFT;1;CRITICAL - load average: 207.42, 299.23, 136.46
[1544548470] SERVICE ALERT: pservercluster1;CPU Load;CRITICAL;SOFT;2;CRITICAL - load average: 28.90, 200.60, 120.06
[1544548590] SERVICE NOTIFICATION: nagiosadmin;pservercluster1;CPU Load;CRITICAL;notify-service-by-email;CRITICAL - load average: 4.80, 134.54, 105.61
[1544548590] SERVICE ALERT: pservercluster1;CPU Load;CRITICAL;HARD;3;CRITICAL - load average: 4.80, 134.54, 105.61
[1544549178] SERVICE NOTIFICATION: nagiosadmin;sigqscluster1;CPU_Procs;CRITICAL;notify-service-by-email;CPU CRITICAL: 1 crit, 0 warn out of 338 processes
[1544549638] SERVICE NOTIFICATION: nagiosadmin;sig1;Memory;WARNING;notify-service-by-email;WARNING - 15.8% (2567716 kB) free!
[1544549644] Auto-save of retention data completed successfully.
[1544550033] SERVICE NOTIFICATION: nagiosadmin;sigqscluster2;CPU_Procs;CRITICAL;notify-service-by-email;CPU CRITICAL: 1 crit, 0 warn out of 335 processes
[1544550390] SERVICE NOTIFICATION: nagiosadmin;pservercluster1;CPU Load;WARNING;notify-service-by-email;WARNING - load average: 0.98, 1.19, 15.89
[1544550390] SERVICE ALERT: pservercluster1;CPU Load;WARNING;HARD;3;WARNING - load average: 0.98, 1.19, 15.89
[1544550700] SERVICE NOTIFICATION: nagiosadmin;qservercluster1;CPU Load;WARNING;notify-service-by-email;WARNING - load average: 13.01, 13.28, 13.31
[1544550709] SERVICE ALERT: db2;CPU_Procs;CRITICAL;SOFT;1;CPU CRITICAL: 1 crit, 0 warn out of 294 processes
[1544550830] SERVICE ALERT: db2;CPU_Procs;OK;HARD;1;CPU OK: 293 processes
[1544551105] SERVICE NOTIFICATION: nagiosadmin;pservercluster2;CPU_Procs;CRITICAL;notify-service-by-email;CPU CRITICAL: 2 crit, 0 warn out of 324 processes
[1544551485] SERVICE FLAPPING ALERT: pservercluster1;CPU_Procs;STOPPED; Service appears to have stopped flapping (3.8% change < 5.0% threshold)
[1544551485] SERVICE NOTIFICATION: nagiosadmin;pservercluster1;CPU_Procs;CRITICAL;notify-service-by-email;CPU CRITICAL: 1 crit, 0 warn out of 305 processes
[1544551590] SERVICE NOTIFICATION: nagiosadmin;pservercluster1;CPU Load;OK;notify-service-by-email;OK - load average: 0.65, 0.80, 4.98
[1544551590] SERVICE ALERT: pservercluster1;CPU Load;OK;HARD;1;OK - load average: 0.65, 0.80, 4.98
[1544551803] SERVICE NOTIFICATION: nagiosadmin;smscapp2;CPU_Procs;WARNING;notify-service-by-email;CPU WARNING: 2 warn out of 333 processes
[1544551919] SERVICE NOTIFICATION: nagiosadmin;smscapp1;CPU_Procs;CRITICAL;notify-service-by-email;CPU CRITICAL: 4 crit, 1 warn out of 341 processes
[1544551937] SERVICE NOTIFICATION: nagiosadmin;qservercluster1;CPU_Procs;CRITICAL;notify-service-by-email;CPU CRITICAL: 1 crit, 0 warn out of 306 processes
[1544552778] SERVICE NOTIFICATION: nagiosadmin;sigqscluster1;CPU_Procs;CRITICAL;notify-service-by-email;CPU CRITICAL: 1 crit, 0 warn out of 340 processes
