[1575743400] LOG ROTATION: DAILY
[1575743400] LOG VERSION: 2.0
[1575743400] CURRENT HOST STATE: db1-vm2;UP;HARD;1;PING OK - Packet loss = 0%, RTA = 0.47 ms
[1575743400] CURRENT HOST STATE: db2;UP;HARD;1;PING OK - Packet loss = 0%, RTA = 0.40 ms
[1575743400] CURRENT HOST STATE: primary-server;UP;HARD;1;PING OK - Packet loss = 0%, RTA = 0.42 ms
[1575743400] CURRENT HOST STATE: pservercluster1;UP;HARD;1;PING OK - Packet loss = 0%, RTA = 0.38 ms
[1575743400] CURRENT HOST STATE: pservercluster2;UP;HARD;1;PING OK - Packet loss = 0%, RTA = 0.31 ms
[1575743400] CURRENT HOST STATE: qservercluster1;UP;HARD;1;PING OK - Packet loss = 0%, RTA = 0.34 ms
[1575743400] CURRENT HOST STATE: qservercluster2;UP;HARD;1;PING OK - Packet loss = 0%, RTA = 0.32 ms
[1575743400] CURRENT HOST STATE: redis-1;UP;HARD;1;PING OK - Packet loss = 0%, RTA = 0.32 ms
[1575743400] CURRENT HOST STATE: redis-2;UP;HARD;1;PING OK - Packet loss = 0%, RTA = 0.38 ms
[1575743400] CURRENT HOST STATE: rq-1;UP;HARD;1;PING OK - Packet loss = 0%, RTA = 0.25 ms
[1575743400] CURRENT HOST STATE: rq-2;UP;HARD;1;PING OK - Packet loss = 0%, RTA = 0.24 ms
[1575743400] CURRENT HOST STATE: secondary-server;UP;HARD;1;PING OK - Packet loss = 0%, RTA = 0.35 ms
[1575743400] CURRENT HOST STATE: sig1-vm2;UP;HARD;1;PING OK - Packet loss = 0%, RTA = 0.51 ms
[1575743400] CURRENT HOST STATE: sig2-vm2;UP;HARD;1;PING OK - Packet loss = 0%, RTA = 0.47 ms
[1575743400] CURRENT HOST STATE: sig3-vm2;UP;HARD;1;PING OK - Packet loss = 0%, RTA = 0.43 ms
[1575743400] CURRENT HOST STATE: sig4-vm2;UP;HARD;1;PING OK - Packet loss = 0%, RTA = 0.46 ms
[1575743400] CURRENT HOST STATE: sig5-vm2;UP;HARD;1;PING OK - Packet loss = 0%, RTA = 0.47 ms
[1575743400] CURRENT HOST STATE: sig6-vm2;UP;HARD;1;PING OK - Packet loss = 0%, RTA = 0.47 ms
[1575743400] CURRENT HOST STATE: sigqscluster1;UP;HARD;1;PING OK - Packet loss = 0%, RTA = 0.47 ms
[1575743400] CURRENT HOST STATE: sigqscluster2;UP;HARD;1;PING OK - Packet loss = 0%, RTA = 0.28 ms
[1575743400] CURRENT HOST STATE: smscapp1;UP;HARD;1;PING OK - Packet loss = 0%, RTA = 0.31 ms
[1575743400] CURRENT HOST STATE: smscapp2;UP;HARD;1;PING OK - Packet loss = 0%, RTA = 0.33 ms
[1575743400] CURRENT HOST STATE: sservercluster1;UP;HARD;1;PING OK - Packet loss = 0%, RTA = 0.28 ms
[1575743400] CURRENT HOST STATE: sservercluster2;UP;HARD;1;PING OK - Packet loss = 0%, RTA = 0.37 ms
[1575743400] CURRENT HOST STATE: webserver1;UP;HARD;1;PING OK - Packet loss = 0%, RTA = 0.49 ms
[1575743400] CURRENT HOST STATE: webserver2;UP;HARD;1;PING OK - Packet loss = 0%, RTA = 0.06 ms
[1575743400] CURRENT HOST STATE: webservercluster1;UP;HARD;1;PING OK - Packet loss = 0%, RTA = 0.41 ms
[1575743400] CURRENT HOST STATE: webservercluster2;UP;HARD;1;PING OK - Packet loss = 0%, RTA = 0.26 ms
[1575743400] CURRENT SERVICE STATE: db1-vm2;CPU Load;OK;HARD;1;OK - load average: 0.75, 0.62, 0.67
[1575743400] CURRENT SERVICE STATE: db1-vm2;CPU_Procs;OK;HARD;1;CPU OK: 460 processes
[1575743400] CURRENT SERVICE STATE: db1-vm2;Current Users;OK;HARD;1;USERS OK - 0 users currently logged in
[1575743400] CURRENT SERVICE STATE: db1-vm2;HDD_Home status;OK;HARD;1;DISK OK - free space: /home 26739 MB (66% inode=99%):
[1575743400] CURRENT SERVICE STATE: db1-vm2;HDD_Root status;OK;HARD;1;DISK OK - free space: / 43572 MB (85% inode=99%):
[1575743400] CURRENT SERVICE STATE: db1-vm2;Memory;OK;HARD;1;OK - 87.1% (21492116 kB) free.
[1575743400] CURRENT SERVICE STATE: db1-vm2;OutOfMemory-killer--oom-killer;OK;HARD;1;Log check ok - 0 pattern matches found
[1575743400] CURRENT SERVICE STATE: db1-vm2;PING;OK;HARD;1;PING OK - Packet loss = 0%, RTA = 0.06 ms
[1575743400] CURRENT SERVICE STATE: db1-vm2;Total Processes;OK;HARD;1;PROCS OK: 461 processes
[1575743400] CURRENT SERVICE STATE: db2;CPU Load;OK;HARD;1;OK - load average: 0.00, 0.13, 0.38
[1575743400] CURRENT SERVICE STATE: db2;CPU_Procs;OK;HARD;1;CPU OK: 327 processes
[1575743400] CURRENT SERVICE STATE: db2;Current Users;OK;HARD;1;USERS OK - 2 users currently logged in
[1575743400] CURRENT SERVICE STATE: db2;HDD_Home status;OK;HARD;1;DISK OK - free space: /home 90228 MB (40% inode=99%):
[1575743400] CURRENT SERVICE STATE: db2;HDD_Root status;OK;HARD;1;DISK OK - free space: / 44481 MB (86% inode=99%):
[1575743400] CURRENT SERVICE STATE: db2;LocalService-NTPD SERVICE;OK;HARD;1;PROCS OK: 1 process with command name 'ntpd'
[1575743400] CURRENT SERVICE STATE: db2;Mariadb status;OK;HARD;1;PROCS OK: 1 process with command name 'mysqld'
[1575743400] CURRENT SERVICE STATE: db2;Memory;OK;HARD;1;OK - 44.6% (21984900 kB) free.
[1575743400] CURRENT SERVICE STATE: db2;Sensors Status;OK;HARD;1;SENSORS OK
[1575743400] CURRENT SERVICE STATE: db2;Total Processes;OK;HARD;1;PROCS OK: 327 processes
[1575743400] CURRENT SERVICE STATE: primary-server;CPU Load;OK;HARD;1;OK - load average: 0.06, 0.07, 0.25
[1575743400] CURRENT SERVICE STATE: primary-server;CPU_Procs;OK;HARD;1;CPU OK: 340 processes
[1575743400] CURRENT SERVICE STATE: primary-server;Current Users;OK;HARD;1;USERS OK - 2 users currently logged in
[1575743400] CURRENT SERVICE STATE: primary-server;HDD_Home status;OK;HARD;1;DISK OK - free space: /home 140204 MB (62% inode=99%):
[1575743400] CURRENT SERVICE STATE: primary-server;HDD_Root status;OK;HARD;1;DISK OK - free space: / 30039 MB (58% inode=99%):
[1575743400] CURRENT SERVICE STATE: primary-server;LocalService-NTPD SERVICE;OK;HARD;1;PROCS OK: 1 process with command name 'ntpd'
[1575743400] CURRENT SERVICE STATE: primary-server;Memory;OK;HARD;1;OK - 87.7% (21504380 kB) free.
[1575743400] CURRENT SERVICE STATE: primary-server;Nginx Access Log Status;OK;HARD;1;Log check ok - 0 pattern matches found
[1575743400] CURRENT SERVICE STATE: primary-server;Nginx Error Log Status;OK;HARD;1;Log check ok - 0 pattern matches found
[1575743400] CURRENT SERVICE STATE: primary-server;Nginx Status;OK;HARD;1;NGINX OK -  0.086 sec. response time, Active: 0 (Writing: 0 Reading: 0 Waiting: 0) ReqPerSec: 0.000 ConnPerSec: 0.000 ReqPerConn: 0.000
[1575743400] CURRENT SERVICE STATE: primary-server;Sensors Status;OK;HARD;1;SENSORS OK
[1575743400] CURRENT SERVICE STATE: primary-server;Total Processes;OK;HARD;1;PROCS OK: 340 processes
[1575743400] CURRENT SERVICE STATE: pservercluster1;CPU Load;OK;HARD;1;OK - load average: 0.30, 0.43, 0.89
[1575743400] CURRENT SERVICE STATE: pservercluster1;CPU_Procs;OK;HARD;1;CPU OK: 352 processes
[1575743400] CURRENT SERVICE STATE: pservercluster1;Current Users;OK;HARD;1;USERS OK - 2 users currently logged in
[1575743400] CURRENT SERVICE STATE: pservercluster1;HDD_Home status;OK;HARD;1;DISK OK - free space: /home 187597 MB (84% inode=99%):
[1575743400] CURRENT SERVICE STATE: pservercluster1;HDD_Root status;OK;HARD;1;DISK OK - free space: / 40224 MB (78% inode=99%):
[1575743400] CURRENT SERVICE STATE: pservercluster1;LocalService-NTPD SERVICE;OK;HARD;1;PROCS OK: 1 process with command name 'ntpd'
[1575743400] CURRENT SERVICE STATE: pservercluster1;Memory;CRITICAL;HARD;3;CRITICAL - 0.7% (166196 kB) free!
[1575743400] CURRENT SERVICE STATE: pservercluster1;Sensors Status;OK;HARD;1;SENSORS OK
[1575743400] CURRENT SERVICE STATE: pservercluster1;Total Processes;OK;HARD;1;PROCS OK: 353 processes
[1575743400] CURRENT SERVICE STATE: pservercluster2;CPU Load;OK;HARD;1;OK - load average: 0.99, 1.06, 2.23
[1575743400] CURRENT SERVICE STATE: pservercluster2;CPU_Procs;OK;HARD;1;CPU OK: 356 processes
[1575743400] CURRENT SERVICE STATE: pservercluster2;Current Users;OK;HARD;1;USERS OK - 3 users currently logged in
[1575743400] CURRENT SERVICE STATE: pservercluster2;HDD_Home status;OK;HARD;1;DISK OK - free space: /home 154961 MB (68% inode=99%):
[1575743400] CURRENT SERVICE STATE: pservercluster2;HDD_Root status;OK;HARD;1;DISK OK - free space: / 38718 MB (75% inode=98%):
[1575743400] CURRENT SERVICE STATE: pservercluster2;LocalService-NTPD SERVICE;OK;HARD;1;PROCS OK: 1 process with command name 'ntpd'
[1575743400] CURRENT SERVICE STATE: pservercluster2;Memory;CRITICAL;HARD;3;CRITICAL - 1.4% (335584 kB) free!
[1575743400] CURRENT SERVICE STATE: pservercluster2;Sensors Status;OK;HARD;1;SENSORS OK
[1575743400] CURRENT SERVICE STATE: pservercluster2;Total Processes;OK;HARD;1;PROCS OK: 356 processes
[1575743400] CURRENT SERVICE STATE: qservercluster1;CPU Load;OK;HARD;1;OK - load average: 9.64, 7.53, 6.33
[1575743400] CURRENT SERVICE STATE: qservercluster1;CPU_Procs;OK;HARD;1;CPU OK: 331 processes
[1575743400] CURRENT SERVICE STATE: qservercluster1;Current Users;OK;HARD;1;USERS OK - 1 users currently logged in
[1575743400] CURRENT SERVICE STATE: qservercluster1;HDD_Home status;OK;HARD;1;DISK OK - free space: /home 224641 MB (99% inode=99%):
[1575743400] CURRENT SERVICE STATE: qservercluster1;HDD_Root status;OK;HARD;1;DISK OK - free space: / 43232 MB (84% inode=99%):
[1575743400] CURRENT SERVICE STATE: qservercluster1;LocalService-NTPD SERVICE;OK;HARD;1;PROCS OK: 1 process with command name 'ntpd'
[1575743400] CURRENT SERVICE STATE: qservercluster1;Memory;OK;HARD;1;OK - 85.5% (42110220 kB) free.
[1575743400] CURRENT SERVICE STATE: qservercluster1;Sensors Status;OK;HARD;1;SENSORS OK
[1575743400] CURRENT SERVICE STATE: qservercluster1;Total Processes;OK;HARD;1;PROCS OK: 329 processes
[1575743400] CURRENT SERVICE STATE: qservercluster2;CPU Load;OK;HARD;1;OK - load average: 3.11, 3.56, 3.16
[1575743400] CURRENT SERVICE STATE: qservercluster2;CPU_Procs;OK;HARD;1;CPU OK: 554 processes
[1575743400] CURRENT SERVICE STATE: qservercluster2;Current Users;OK;HARD;1;USERS OK - 3 users currently logged in
[1575743400] CURRENT SERVICE STATE: qservercluster2;HDD_Home status;OK;HARD;1;DISK OK - free space: /home 132184 MB (58% inode=99%):
[1575743400] CURRENT SERVICE STATE: qservercluster2;HDD_Root status;OK;HARD;1;DISK OK - free space: / 27045 MB (52% inode=98%):
[1575743400] CURRENT SERVICE STATE: qservercluster2;LocalService-NTPD SERVICE;OK;HARD;1;PROCS OK: 1 process with command name 'ntpd'
[1575743400] CURRENT SERVICE STATE: qservercluster2;Memory;OK;HARD;1;OK - 59.1% (29105968 kB) free.
[1575743400] CURRENT SERVICE STATE: qservercluster2;Sensors Status;OK;HARD;1;SENSORS OK
[1575743400] CURRENT SERVICE STATE: qservercluster2;Total Processes;OK;HARD;1;PROCS OK: 555 processes
[1575743400] CURRENT SERVICE STATE: redis-1;CPU Load;OK;HARD;1;OK - load average: 0.62, 0.50, 0.62
[1575743400] CURRENT SERVICE STATE: redis-1;CPU_Procs;OK;HARD;1;CPU OK: 402 processes
[1575743400] CURRENT SERVICE STATE: redis-1;Current Users;OK;HARD;1;USERS OK - 1 users currently logged in
[1575743400] CURRENT SERVICE STATE: redis-1;HDD_Home status;OK;HARD;1;DISK OK - free space: /home 369312 MB (98% inode=99%):
[1575743400] CURRENT SERVICE STATE: redis-1;HDD_Root status;OK;HARD;1;DISK OK - free space: / 44646 MB (87% inode=99%):
[1575743400] CURRENT SERVICE STATE: redis-1;HDD_VNS1 status;OK;HARD;1;DISK OK - free space: /vns1 267406 MB (25% inode=99%):
[1575743400] CURRENT SERVICE STATE: redis-1;LocalService-NTPD SERVICE;OK;HARD;1;PROCS OK: 1 process with command name 'ntpd'
[1575743400] CURRENT SERVICE STATE: redis-1;Memory;OK;HARD;1;OK - 69.8% (92011120 kB) free.
[1575743400] CURRENT SERVICE STATE: redis-1;Sensors Status;OK;HARD;1;SENSORS OK
[1575743400] CURRENT SERVICE STATE: redis-1;Total Processes;OK;HARD;1;PROCS OK: 401 processes
[1575743400] CURRENT SERVICE STATE: redis-2;CPU Load;OK;HARD;1;OK - load average: 1.87, 1.92, 1.78
[1575743400] CURRENT SERVICE STATE: redis-2;CPU_Procs;OK;HARD;1;CPU OK: 381 processes
[1575743400] CURRENT SERVICE STATE: redis-2;Current Users;OK;HARD;1;USERS OK - 2 users currently logged in
[1575743400] CURRENT SERVICE STATE: redis-2;HDD_Home status;OK;HARD;1;DISK OK - free space: /home 313453 MB (83% inode=99%):
[1575743400] CURRENT SERVICE STATE: redis-2;HDD_Root status;OK;HARD;1;DISK OK - free space: / 44696 MB (87% inode=99%):
[1575743400] CURRENT SERVICE STATE: redis-2;HDD_VNS1 status;OK;HARD;1;DISK OK - free space: /vns1 1069171 MB (99% inode=99%):
[1575743400] CURRENT SERVICE STATE: redis-2;LocalService-NTPD SERVICE;OK;HARD;1;PROCS OK: 1 process with command name 'ntpd'
[1575743400] CURRENT SERVICE STATE: redis-2;Memory;OK;HARD;1;OK - 32.8% (43214152 kB) free.
[1575743400] CURRENT SERVICE STATE: redis-2;Sensors Status;OK;HARD;1;SENSORS OK
[1575743400] CURRENT SERVICE STATE: redis-2;Total Processes;OK;HARD;1;PROCS OK: 381 processes
[1575743400] CURRENT SERVICE STATE: rq-1;CPU Load;OK;HARD;1;OK - load average: 15.10, 15.80, 15.97
[1575743400] CURRENT SERVICE STATE: rq-1;CPU_Procs;OK;HARD;1;CPU OK: 357 processes
[1575743400] CURRENT SERVICE STATE: rq-1;Current Users;OK;HARD;1;USERS OK - 0 users currently logged in
[1575743400] CURRENT SERVICE STATE: rq-1;HDD_Home status;OK;HARD;1;DISK OK - free space: /home 400998 MB (99% inode=99%):
[1575743400] CURRENT SERVICE STATE: rq-1;HDD_Root status;OK;HARD;1;DISK OK - free space: / 41562 MB (81% inode=99%):
[1575743400] CURRENT SERVICE STATE: rq-1;HDD_VNS1 status;OK;HARD;1;DISK OK - free space: /rq1vns1 1068147 MB (99% inode=99%):
[1575743400] CURRENT SERVICE STATE: rq-1;LocalService-NTPD SERVICE;OK;HARD;1;PROCS OK: 1 process with command name 'ntpd'
[1575743400] CURRENT SERVICE STATE: rq-1;Memory;OK;HARD;1;OK - 80.9% (106700736 kB) free.
[1575743400] CURRENT SERVICE STATE: rq-1;Total Processes;OK;HARD;1;PROCS OK: 357 processes
[1575743400] CURRENT SERVICE STATE: rq-1;rq1-rabbitmqerror;OK;HARD;1;Log check ok - 0 pattern matches found
[1575743400] CURRENT SERVICE STATE: rq-2;CPU Load;OK;HARD;1;OK - load average: 12.00, 15.23, 16.50
[1575743400] CURRENT SERVICE STATE: rq-2;CPU_Procs;OK;HARD;1;CPU OK: 386 processes
[1575743400] CURRENT SERVICE STATE: rq-2;Current Users;OK;HARD;1;USERS OK - 1 users currently logged in
[1575743400] CURRENT SERVICE STATE: rq-2;HDD_Home status;OK;HARD;1;DISK OK - free space: /home 401206 MB (99% inode=99%):
[1575743400] CURRENT SERVICE STATE: rq-2;HDD_Root status;OK;HARD;1;DISK OK - free space: / 45513 MB (88% inode=99%):
[1575743400] CURRENT SERVICE STATE: rq-2;HDD_VNS1 status;OK;HARD;1;DISK OK - free space: /dev 64349 MB (100% inode=99%):
[1575743400] CURRENT SERVICE STATE: rq-2;LocalService-NTPD SERVICE;OK;HARD;1;PROCS OK: 2 processes with command name 'ntpd'
[1575743400] CURRENT SERVICE STATE: rq-2;Memory;OK;HARD;1;OK - 92.7% (122147312 kB) free.
[1575743400] CURRENT SERVICE STATE: rq-2;Total Processes;OK;HARD;1;PROCS OK: 385 processes
[1575743400] CURRENT SERVICE STATE: rq-2;rq2-rabbitmqerror;OK;HARD;1;Log check ok - 0 pattern matches found
[1575743400] CURRENT SERVICE STATE: secondary-server;CPU Load;OK;HARD;1;OK - load average: 0.06, 0.04, 0.13
[1575743400] CURRENT SERVICE STATE: secondary-server;CPU_Procs;OK;HARD;1;CPU OK: 339 processes
[1575743400] CURRENT SERVICE STATE: secondary-server;Current Users;OK;HARD;1;USERS OK - 2 users currently logged in
[1575743400] CURRENT SERVICE STATE: secondary-server;HDD_Home status;OK;HARD;1;DISK OK - free space: /home 165160 MB (73% inode=99%):
[1575743400] CURRENT SERVICE STATE: secondary-server;HDD_Root status;OK;HARD;1;DISK OK - free space: / 37297 MB (72% inode=99%):
[1575743400] CURRENT SERVICE STATE: secondary-server;LocalService-NTPD SERVICE;OK;HARD;1;PROCS OK: 1 process with command name 'ntpd'
[1575743400] CURRENT SERVICE STATE: secondary-server;Memory Status;OK;HARD;1;OK - 68.2% (16713460 kB) free.
[1575743400] CURRENT SERVICE STATE: secondary-server;Nginx Access Log Status;OK;HARD;1;Log check ok - 0 pattern matches found
[1575743400] CURRENT SERVICE STATE: secondary-server;Nginx Error Log Status;OK;HARD;1;Log check ok - 0 pattern matches found
[1575743400] CURRENT SERVICE STATE: secondary-server;Nginx Status;OK;HARD;1;NGINX OK -  0.088 sec. response time, Active: 0 (Writing: 0 Reading: 0 Waiting: 0) ReqPerSec: 0.000 ConnPerSec: 0.000 ReqPerConn: 0.000
[1575743400] CURRENT SERVICE STATE: secondary-server;Sensors Status;OK;HARD;1;SENSORS OK
[1575743400] CURRENT SERVICE STATE: secondary-server;Total Processes;OK;HARD;1;PROCS OK: 338 processes
[1575743400] CURRENT SERVICE STATE: sig1-vm2;CPU Load;OK;HARD;1;OK - load average: 0.01, 0.01, 0.00
[1575743400] CURRENT SERVICE STATE: sig1-vm2;CPU_Procs;OK;HARD;1;CPU OK: 266 processes
[1575743400] CURRENT SERVICE STATE: sig1-vm2;Current Users;OK;HARD;1;USERS OK - 0 users currently logged in
[1575743400] CURRENT SERVICE STATE: sig1-vm2;LocalService-NTPD SERVICE;OK;HARD;1;PROCS OK: 2 processes with command name 'ntpd'
[1575743400] CURRENT SERVICE STATE: sig1-vm2;Memory;OK;HARD;1;OK - 71.5% (11685436 kB) free.
[1575743400] CURRENT SERVICE STATE: sig1-vm2;Root status;OK;HARD;1;DISK OK - free space: / 125198 MB (93% inode=97%):
[1575743400] CURRENT SERVICE STATE: sig1-vm2;Total Processes;OK;HARD;1;PROCS OK: 263 processes
[1575743400] CURRENT SERVICE STATE: sig2-vm2;CPU Load;OK;HARD;1;OK - load average: 0.36, 0.61, 0.74
[1575743400] CURRENT SERVICE STATE: sig2-vm2;CPU_Procs;OK;HARD;1;CPU OK: 457 processes
[1575743400] CURRENT SERVICE STATE: sig2-vm2;Current Users;OK;HARD;1;USERS OK - 0 users currently logged in
[1575743400] CURRENT SERVICE STATE: sig2-vm2;HDD_Root status;OK;HARD;1;DISK OK - free space: / 122944 MB (88% inode=99%):
[1575743400] CURRENT SERVICE STATE: sig2-vm2;LocalService-NTPD SERVICE;OK;HARD;1;PROCS OK: 1 process with command name 'ntpd'
[1575743400] CURRENT SERVICE STATE: sig2-vm2;Memory;OK;HARD;1;OK - 87.8% (30601584 kB) free.
[1575743400] CURRENT SERVICE STATE: sig2-vm2;Total Processes;OK;HARD;1;PROCS OK: 457 processes
[1575743400] CURRENT SERVICE STATE: sig3-vm2;CPU Load;OK;HARD;1;OK - load average: 0.00, 0.00, 0.00
[1575743400] CURRENT SERVICE STATE: sig3-vm2;CPU_Procs;OK;HARD;1;CPU OK: 549 processes
[1575743400] CURRENT SERVICE STATE: sig3-vm2;Current Users;OK;HARD;1;USERS OK - 2 users currently logged in
[1575743400] CURRENT SERVICE STATE: sig3-vm2;HDD_Root status;OK;HARD;1;DISK OK - free space: / 90179 MB (75% inode=96%):
[1575743400] CURRENT SERVICE STATE: sig3-vm2;LocalService-NTPD SERVICE;OK;HARD;1;PROCS OK: 2 processes with command name 'ntpd'
[1575743400] CURRENT SERVICE STATE: sig3-vm2;Memory;OK;HARD;1;OK - 95.6% (22538092 kB) free.
[1575743400] CURRENT SERVICE STATE: sig3-vm2;Total Processes;OK;HARD;1;PROCS OK: 550 processes
[1575743400] CURRENT SERVICE STATE: sig4-vm2;CPU Load;OK;HARD;1;OK - load average: 0.00, 0.01, 0.05
[1575743400] CURRENT SERVICE STATE: sig4-vm2;CPU_Procs;OK;HARD;1;CPU OK: 222 processes
[1575743400] CURRENT SERVICE STATE: sig4-vm2;Current Users;OK;HARD;1;USERS OK - 0 users currently logged in
[1575743400] CURRENT SERVICE STATE: sig4-vm2;HDD_Root status;OK;HARD;1;DISK OK - free space: / 99618 MB (77% inode=99%):
[1575743400] CURRENT SERVICE STATE: sig4-vm2;LocalService-NTPD SERVICE;OK;HARD;1;PROCS OK: 1 process with command name 'ntpd'
[1575743400] CURRENT SERVICE STATE: sig4-vm2;Memory;OK;HARD;1;OK - 89.3% (31120112 kB) free.
[1575743400] CURRENT SERVICE STATE: sig4-vm2;Total Processes;OK;HARD;1;PROCS OK: 222 processes
[1575743400] CURRENT SERVICE STATE: sig5-vm2;CPU Load;OK;HARD;1;OK - load average: 0.34, 0.72, 0.94
[1575743400] CURRENT SERVICE STATE: sig5-vm2;CPU_Procs;OK;HARD;1;CPU OK: 462 processes
[1575743400] CURRENT SERVICE STATE: sig5-vm2;Current Users;OK;HARD;1;USERS OK - 0 users currently logged in
[1575743400] CURRENT SERVICE STATE: sig5-vm2;HDD_Root status;OK;HARD;1;DISK OK - free space: / 230611 MB (91% inode=99%):
[1575743400] CURRENT SERVICE STATE: sig5-vm2;LocalService-NTPD SERVICE;OK;HARD;1;PROCS OK: 1 process with command name 'ntpd'
[1575743400] CURRENT SERVICE STATE: sig5-vm2;Memory;OK;HARD;1;OK - 85.6% (29991580 kB) free.
[1575743400] CURRENT SERVICE STATE: sig5-vm2;Total Processes;OK;HARD;1;PROCS OK: 463 processes
[1575743400] CURRENT SERVICE STATE: sig6-vm2;CPU Load;OK;HARD;1;OK - load average: 0.57, 0.65, 0.76
[1575743400] CURRENT SERVICE STATE: sig6-vm2;CPU_Procs;OK;HARD;1;CPU OK: 498 processes
[1575743400] CURRENT SERVICE STATE: sig6-vm2;Current Users;OK;HARD;1;USERS OK - 2 users currently logged in
[1575743400] CURRENT SERVICE STATE: sig6-vm2;HDD_Root status;OK;HARD;1;DISK OK - free space: / 178573 MB (91% inode=99%):
[1575743400] CURRENT SERVICE STATE: sig6-vm2;LocalService-NTPD SERVICE;OK;HARD;1;PROCS OK: 1 process with command name 'ntpd'
[1575743400] CURRENT SERVICE STATE: sig6-vm2;Memory;OK;HARD;1;OK - 72.9% (16373460 kB) free.
[1575743400] CURRENT SERVICE STATE: sig6-vm2;OutOfMemory-killer--oom-killer;OK;HARD;1;Log check ok - 0 pattern matches found
[1575743400] CURRENT SERVICE STATE: sig6-vm2;Total Processes;OK;HARD;1;PROCS OK: 498 processes
[1575743400] CURRENT SERVICE STATE: sigqscluster1;CPU Load;OK;HARD;1;OK - load average: 0.00, 0.03, 0.14
[1575743400] CURRENT SERVICE STATE: sigqscluster1;CPU_Procs;OK;HARD;1;CPU OK: 344 processes
[1575743400] CURRENT SERVICE STATE: sigqscluster1;Current Users;OK;HARD;1;USERS OK - 2 users currently logged in
[1575743400] CURRENT SERVICE STATE: sigqscluster1;HDD_Home status;OK;HARD;1;DISK OK - free space: /home 224102 MB (99% inode=99%):
[1575743400] CURRENT SERVICE STATE: sigqscluster1;HDD_Root status;OK;HARD;1;DISK OK - free space: / 39996 MB (78% inode=99%):
[1575743400] CURRENT SERVICE STATE: sigqscluster1;LocalService-NTPD SERVICE;OK;HARD;1;PROCS OK: 1 process with command name 'ntpd'
[1575743400] CURRENT SERVICE STATE: sigqscluster1;Memory;WARNING;HARD;3;WARNING - 12.0% (5923804 kB) free!
[1575743400] CURRENT SERVICE STATE: sigqscluster1;Sensors Status;OK;HARD;1;SENSORS OK
[1575743400] CURRENT SERVICE STATE: sigqscluster1;Total Processes;OK;HARD;1;PROCS OK: 344 processes
[1575743400] CURRENT SERVICE STATE: sigqscluster2;CPU Load;OK;HARD;1;OK - load average: 11.72, 11.56, 11.40
[1575743400] CURRENT SERVICE STATE: sigqscluster2;CPU_Procs;OK;HARD;1;CPU OK: 301 processes
[1575743400] CURRENT SERVICE STATE: sigqscluster2;Current Users;OK;HARD;1;USERS OK - 0 users currently logged in
[1575743400] CURRENT SERVICE STATE: sigqscluster2;HDD_Home status;OK;HARD;1;DISK OK - free space: /home 208589 MB (99% inode=99%):
[1575743400] CURRENT SERVICE STATE: sigqscluster2;HDD_Root status;OK;HARD;1;DISK OK - free space: / 45354 MB (88% inode=99%):
[1575743400] CURRENT SERVICE STATE: sigqscluster2;LocalService-NTPD SERVICE;OK;HARD;1;PROCS OK: 1 process with command name 'ntpd'
[1575743400] CURRENT SERVICE STATE: sigqscluster2;Memory;OK;HARD;1;OK - 81.2% (40037420 kB) free.
[1575743400] CURRENT SERVICE STATE: sigqscluster2;Sensors Status;OK;HARD;1;SENSORS OK
[1575743400] CURRENT SERVICE STATE: sigqscluster2;Total Processes;OK;HARD;1;PROCS OK: 300 processes
[1575743400] CURRENT SERVICE STATE: sigqscluster2;sigqscluster2-rabbitmqerror;OK;HARD;1;Log check ok - 0 pattern matches found
[1575743400] CURRENT SERVICE STATE: smscapp1;CPU Load;OK;HARD;1;OK - load average: 2.70, 2.54, 2.36
[1575743400] CURRENT SERVICE STATE: smscapp1;CPU_Procs;OK;HARD;1;CPU OK: 648 processes
[1575743400] CURRENT SERVICE STATE: smscapp1;Current Users;OK;HARD;1;USERS OK - 2 users currently logged in
[1575743400] CURRENT SERVICE STATE: smscapp1;HDD_Home status;OK;HARD;1;DISK OK - free space: /home 125460 MB (55% inode=99%):
[1575743400] CURRENT SERVICE STATE: smscapp1;HDD_Root status;OK;HARD;1;DISK OK - free space: / 39093 MB (76% inode=98%):
[1575743400] CURRENT SERVICE STATE: smscapp1;LocalService-NTPD SERVICE;OK;HARD;1;PROCS OK: 1 process with command name 'ntpd'
[1575743400] CURRENT SERVICE STATE: smscapp1;Memory;OK;HARD;1;OK - 68.7% (33863932 kB) free.
[1575743400] CURRENT SERVICE STATE: smscapp1;Sensors Status;OK;HARD;1;SENSORS OK
[1575743400] CURRENT SERVICE STATE: smscapp1;Total Processes;OK;HARD;1;PROCS OK: 647 processes
[1575743400] CURRENT SERVICE STATE: smscapp2;CPU Load;OK;HARD;1;OK - load average: 2.97, 3.97, 4.25
[1575743400] CURRENT SERVICE STATE: smscapp2;CPU_Procs;OK;HARD;1;CPU OK: 2126 processes
[1575743400] CURRENT SERVICE STATE: smscapp2;Current Users;OK;HARD;1;USERS OK - 0 users currently logged in
[1575743400] CURRENT SERVICE STATE: smscapp2;HDD_Home status;OK;HARD;1;DISK OK - free space: /home 53767 MB (23% inode=99%):
[1575743400] CURRENT SERVICE STATE: smscapp2;HDD_Root status;OK;HARD;1;DISK OK - free space: / 38755 MB (75% inode=98%):
[1575743400] CURRENT SERVICE STATE: smscapp2;LocalService-NTPD SERVICE;OK;HARD;1;PROCS OK: 1 process with command name 'ntpd'
[1575743400] CURRENT SERVICE STATE: smscapp2;Memory;OK;HARD;1;OK - 32.6% (16073580 kB) free.
[1575743400] CURRENT SERVICE STATE: smscapp2;Sensors Status;OK;HARD;1;SENSORS OK
[1575743400] CURRENT SERVICE STATE: smscapp2;Total Processes;OK;HARD;1;PROCS OK: 2124 processes
[1575743400] CURRENT SERVICE STATE: sservercluster1;CPU Load;OK;HARD;1;OK - load average: 9.62, 22.02, 11.82
[1575743400] CURRENT SERVICE STATE: sservercluster1;CPU_Procs;OK;HARD;1;CPU OK: 355 processes
[1575743400] CURRENT SERVICE STATE: sservercluster1;Current Users;OK;HARD;1;USERS OK - 3 users currently logged in
[1575743400] CURRENT SERVICE STATE: sservercluster1;HDD_Home status;OK;HARD;1;DISK OK - free space: /home 162753 MB (73% inode=99%):
[1575743400] CURRENT SERVICE STATE: sservercluster1;HDD_Root status;OK;HARD;1;DISK OK - free space: / 41301 MB (80% inode=99%):
[1575743400] CURRENT SERVICE STATE: sservercluster1;LocalService-NTPD SERVICE;OK;HARD;1;PROCS OK: 1 process with command name 'ntpd'
[1575743400] CURRENT SERVICE STATE: sservercluster1;Memory;OK;HARD;1;OK - 22.7% (5570880 kB) free.
[1575743400] CURRENT SERVICE STATE: sservercluster1;Sensors Status;OK;HARD;1;SENSORS OK
[1575743400] CURRENT SERVICE STATE: sservercluster1;Total Processes;OK;HARD;1;PROCS OK: 354 processes
[1575743400] CURRENT SERVICE STATE: sservercluster2;CPU Load;OK;HARD;1;OK - load average: 1.69, 11.72, 7.89
[1575743400] CURRENT SERVICE STATE: sservercluster2;CPU_Procs;OK;HARD;1;CPU OK: 344 processes
[1575743400] CURRENT SERVICE STATE: sservercluster2;Current Users;OK;HARD;1;USERS OK - 2 users currently logged in
[1575743400] CURRENT SERVICE STATE: sservercluster2;HDD_Home status;OK;HARD;1;DISK OK - free space: /home 178572 MB (80% inode=99%):
[1575743400] CURRENT SERVICE STATE: sservercluster2;HDD_Root status;OK;HARD;1;DISK OK - free space: / 35466 MB (69% inode=98%):
[1575743400] CURRENT SERVICE STATE: sservercluster2;LocalService-NTPD SERVICE;OK;HARD;1;PROCS OK: 1 process with command name 'ntpd'
[1575743400] CURRENT SERVICE STATE: sservercluster2;Memory;OK;HARD;1;OK - 70.9% (17388620 kB) free.
[1575743400] CURRENT SERVICE STATE: sservercluster2;Sensors Status;OK;HARD;1;SENSORS OK
[1575743400] CURRENT SERVICE STATE: sservercluster2;Total Processes;OK;HARD;1;PROCS OK: 397 processes
[1575743400] CURRENT SERVICE STATE: webserver1;CPU Load;OK;HARD;1;OK - load average: 0.00, 0.02, 0.16
[1575743400] CURRENT SERVICE STATE: webserver1;CPU_Procs;OK;HARD;1;CPU OK: 360 processes
[1575743400] CURRENT SERVICE STATE: webserver1;Current Users;OK;HARD;1;USERS OK - 1 users currently logged in
[1575743400] CURRENT SERVICE STATE: webserver1;HDD_Home status;OK;HARD;1;DISK OK - free space: /home 224832 MB (99% inode=99%):
[1575743400] CURRENT SERVICE STATE: webserver1;HDD_Root status;OK;HARD;1;DISK OK - free space: / 40275 MB (78% inode=99%):
[1575743400] CURRENT SERVICE STATE: webserver1;LocalService-NTPD SERVICE;OK;HARD;1;PROCS OK: 1 process with command name 'ntpd'
[1575743400] CURRENT SERVICE STATE: webserver1;Memory;OK;HARD;1;OK - 88.6% (21674484 kB) free.
[1575743400] CURRENT SERVICE STATE: webserver1;Nginx_status;OK;HARD;1;NGINX OK -  0.111 sec. response time, Active: 1 (Writing: 1 Reading: 0 Waiting: 0) ReqPerSec: 0.003 ConnPerSec: 0.010 ReqPerConn: 0.982
[1575743400] CURRENT SERVICE STATE: webserver1;Sensors Status;OK;HARD;1;SENSORS OK
[1575743400] CURRENT SERVICE STATE: webserver1;Total Processes;OK;HARD;1;PROCS OK: 364 processes
[1575743400] CURRENT SERVICE STATE: webserver2;CPU_Procs;OK;HARD;1;CPU OK: 391 processes
[1575743400] CURRENT SERVICE STATE: webserver2;Current Load;OK;HARD;1;OK - load average: 0.02, 0.06, 0.05
[1575743400] CURRENT SERVICE STATE: webserver2;Current Users;OK;HARD;1;USERS OK - 13 users currently logged in
[1575743400] CURRENT SERVICE STATE: webserver2;HDD_Home status;OK;HARD;1;DISK OK - free space: /home 112067 MB (49.86% inode=100%):
[1575743400] CURRENT SERVICE STATE: webserver2;HTTP;OK;HARD;1;HTTP OK: HTTP/1.1 200 OK - 355 bytes in 0.001 second response time
[1575743400] CURRENT SERVICE STATE: webserver2;LocalService-NTPD SERVICE;OK;HARD;1;PROCS OK: 1 process with command name 'ntpd'
[1575743400] CURRENT SERVICE STATE: webserver2;Memory;OK;HARD;1;OK - 54.8% (13436452 kB) free.
[1575743400] CURRENT SERVICE STATE: webserver2;PING;OK;HARD;1;PING OK - Packet loss = 0%, RTA = 0.06 ms
[1575743400] CURRENT SERVICE STATE: webserver2;Root Partition;OK;HARD;1;DISK OK - free space: / 18624 MB (36.39% inode=99%):
[1575743400] CURRENT SERVICE STATE: webserver2;SSH;OK;HARD;1;SSH OK - OpenSSH_7.4 (protocol 2.0)
[1575743400] CURRENT SERVICE STATE: webserver2;Sensors Status;OK;HARD;1;SENSORS OK
[1575743400] CURRENT SERVICE STATE: webserver2;Total Processes;OK;HARD;1;PROCS OK: 162 processes with STATE = RSZDT
[1575743400] CURRENT SERVICE STATE: webservercluster1;CPU Load;OK;HARD;1;OK - load average: 0.00, 0.01, 0.05
[1575743400] CURRENT SERVICE STATE: webservercluster1;CPU_Procs;OK;HARD;1;CPU OK: 378 processes
[1575743400] CURRENT SERVICE STATE: webservercluster1;Current Users;OK;HARD;1;USERS OK - 2 users currently logged in
[1575743400] CURRENT SERVICE STATE: webservercluster1;HDD_Home status;OK;HARD;1;DISK OK - free space: / 22330 MB (43% inode=99%):
[1575743400] CURRENT SERVICE STATE: webservercluster1;HDD_Root status;OK;HARD;1;DISK OK - free space: /home 97360 MB (43% inode=99%):
[1575743400] CURRENT SERVICE STATE: webservercluster1;LocalService-NTPD SERVICE;OK;HARD;1;PROCS OK: 1 process with command name 'ntpd'
[1575743400] CURRENT SERVICE STATE: webservercluster1;Memory;OK;HARD;1;OK - 72.7% (11824948 kB) free.
[1575743400] CURRENT SERVICE STATE: webservercluster1;Sensors Status;OK;HARD;1;SENSORS OK
[1575743400] CURRENT SERVICE STATE: webservercluster1;Total Processes;OK;HARD;1;PROCS OK: 373 processes
[1575743400] CURRENT SERVICE STATE: webservercluster2;CPU Load;OK;HARD;1;OK - load average: 1.40, 1.31, 1.29
[1575743400] CURRENT SERVICE STATE: webservercluster2;CPU_Procs;OK;HARD;1;CPU OK: 320 processes
[1575743400] CURRENT SERVICE STATE: webservercluster2;Current Users;OK;HARD;1;USERS OK - 1 users currently logged in
[1575743400] CURRENT SERVICE STATE: webservercluster2;HDD_Home status;OK;HARD;1;DISK OK - free space: /home 223630 MB (99% inode=99%):
[1575743400] CURRENT SERVICE STATE: webservercluster2;HDD_Root status;OK;HARD;1;DISK OK - free space: / 40187 MB (78% inode=99%):
[1575743400] CURRENT SERVICE STATE: webservercluster2;LocalService-NTPD SERVICE;OK;HARD;1;PROCS OK: 1 process with command name 'ntpd'
[1575743400] CURRENT SERVICE STATE: webservercluster2;Memory;OK;HARD;1;OK - 46.4% (7545156 kB) free.
[1575743400] CURRENT SERVICE STATE: webservercluster2;Sensors Status;OK;HARD;1;SENSORS OK
[1575743400] CURRENT SERVICE STATE: webservercluster2;Total Processes;OK;HARD;1;PROCS OK: 323 processes
[1575743915] SERVICE ALERT: primary-server;Nginx Error Log Status;CRITICAL;SOFT;1;(35) < 2019/12/08 00:02:12 [error] 24130#0: *14321307 recv() failed (104: Connection reset by peer) while proxying connection, client: 180.179.244.32, server: 0.0.0.0:13000, upstream: "10.147.212.142:13000", bytes from/to client:42/0, bytes from/to upstream:0/42
[1575744035] SERVICE ALERT: primary-server;Nginx Error Log Status;OK;HARD;1;Log check ok - 0 pattern matches found
[1575744037] SERVICE ALERT: sservercluster1;Memory;CRITICAL;SOFT;1;CRITICAL - 0.8% (189360 kB) free!
[1575744066] SERVICE ALERT: sservercluster2;Memory;CRITICAL;SOFT;1;CRITICAL - 0.8% (190048 kB) free!
[1575744157] SERVICE ALERT: sservercluster1;Memory;CRITICAL;SOFT;2;CRITICAL - 0.8% (187232 kB) free!
[1575744187] SERVICE ALERT: sservercluster2;Memory;CRITICAL;SOFT;2;CRITICAL - 0.8% (187104 kB) free!
[1575744277] SERVICE NOTIFICATION: nagiosadmin;sservercluster1;Memory;CRITICAL;notify-service-by-email;CRITICAL - 0.8% (198052 kB) free!
[1575744277] SERVICE ALERT: sservercluster1;Memory;CRITICAL;HARD;3;CRITICAL - 0.8% (198052 kB) free!
[1575744307] SERVICE NOTIFICATION: nagiosadmin;sservercluster2;Memory;CRITICAL;notify-service-by-email;CRITICAL - 0.8% (189208 kB) free!
[1575744307] SERVICE ALERT: sservercluster2;Memory;CRITICAL;HARD;3;CRITICAL - 0.8% (189208 kB) free!
[1575744635] SERVICE ALERT: primary-server;Nginx Error Log Status;CRITICAL;SOFT;1;(42) < 2019/12/08 00:15:07 [error] 24130#0: *14324819 recv() failed (104: Connection reset by peer) while proxying connection, client: 180.179.244.32, server: 0.0.0.0:13000, upstream: "10.147.212.143:13000", bytes from/to client:42/0, bytes from/to upstream:0/42
[1575744736] SERVICE NOTIFICATION: nagiosadmin;pservercluster2;Memory;CRITICAL;notify-service-by-email;CRITICAL - 2.0% (483808 kB) free!
[1575744755] SERVICE ALERT: primary-server;Nginx Error Log Status;OK;HARD;1;Log check ok - 0 pattern matches found
[1575745094] Auto-save of retention data completed successfully.
[1575746005] SERVICE NOTIFICATION: nagiosadmin;sigqscluster1;Memory;WARNING;notify-service-by-email;WARNING - 11.3% (5572608 kB) free!
[1575746526] SERVICE NOTIFICATION: nagiosadmin;pservercluster1;Memory;CRITICAL;notify-service-by-email;CRITICAL - 0.7% (165280 kB) free!
[1575746557] SERVICE ALERT: primary-server;Nginx Error Log Status;CRITICAL;SOFT;1;(78) < 2019/12/08 00:51:11 [error] 24130#0: *14334414 recv() failed (104: Connection reset by peer) while proxying connection, client: 180.179.244.32, server: 0.0.0.0:13000, upstream: "10.147.212.155:13000", bytes from/to client:42/0, bytes from/to upstream:0/42
[1575746677] SERVICE ALERT: primary-server;Nginx Error Log Status;OK;HARD;1;Log check ok - 0 pattern matches found
[1575747126] SERVICE NOTIFICATION: nagiosadmin;pservercluster1;Memory;OK;notify-service-by-email;OK - 31.7% (7818504 kB) free.
[1575747126] SERVICE ALERT: pservercluster1;Memory;OK;HARD;1;OK - 31.7% (7818504 kB) free.
[1575747205] SERVICE NOTIFICATION: nagiosadmin;sigqscluster1;Memory;CRITICAL;notify-service-by-email;CRITICAL - 9.6% (4714676 kB) free!
[1575747205] SERVICE ALERT: sigqscluster1;Memory;CRITICAL;HARD;3;CRITICAL - 9.6% (4714676 kB) free!
[1575747277] SERVICE ALERT: primary-server;Nginx Error Log Status;CRITICAL;SOFT;1;(31) < 2019/12/08 01:00:57 [error] 24130#0: *14336978 recv() failed (104: Connection reset by peer) while proxying connection, client: 103.209.99.7, server: 0.0.0.0:13000, upstream: "10.147.212.142:13000", bytes from/to client:43/0, bytes from/to upstream:0/43
[1575747397] SERVICE ALERT: primary-server;Nginx Error Log Status;OK;HARD;1;Log check ok - 0 pattern matches found
[1575747726] SERVICE ALERT: pservercluster1;Memory;CRITICAL;SOFT;1;CRITICAL - 0.8% (191368 kB) free!
[1575747846] SERVICE ALERT: pservercluster1;Memory;CRITICAL;SOFT;2;CRITICAL - 0.8% (207040 kB) free!
[1575747877] SERVICE NOTIFICATION: nagiosadmin;sservercluster1;Memory;CRITICAL;notify-service-by-email;CRITICAL - 1.3% (311896 kB) free!
[1575747908] SERVICE NOTIFICATION: nagiosadmin;sservercluster2;Memory;CRITICAL;notify-service-by-email;CRITICAL - 1.7% (415040 kB) free!
[1575747966] SERVICE NOTIFICATION: nagiosadmin;pservercluster1;Memory;CRITICAL;notify-service-by-email;CRITICAL - 0.8% (190944 kB) free!
[1575747966] SERVICE ALERT: pservercluster1;Memory;CRITICAL;HARD;3;CRITICAL - 0.8% (190944 kB) free!
[1575747997] SERVICE ALERT: primary-server;Nginx Error Log Status;CRITICAL;SOFT;1;(44) < 2019/12/08 01:16:11 [error] 24130#0: *14341182 recv() failed (104: Connection reset by peer) while proxying connection, client: 94.237.65.17, server: 0.0.0.0:13000, upstream: "10.147.212.154:13000", bytes from/to client:47/0, bytes from/to upstream:0/47
[1575748117] SERVICE ALERT: primary-server;Nginx Error Log Status;OK;HARD;1;Log check ok - 0 pattern matches found
[1575748338] SERVICE NOTIFICATION: nagiosadmin;pservercluster2;Memory;CRITICAL;notify-service-by-email;CRITICAL - 1.9% (471656 kB) free!
[1575748607] SERVICE ALERT: redis-1;CPU_Procs;WARNING;SOFT;1;CPU WARNING: 1 warn out of 401 processes
[1575748694] Auto-save of retention data completed successfully.
[1575748728] SERVICE ALERT: redis-1;CPU_Procs;OK;HARD;1;CPU OK: 400 processes
[1575749917] SERVICE ALERT: primary-server;Nginx Error Log Status;CRITICAL;SOFT;1;(40) < 2019/12/08 01:46:19 [error] 24130#0: *14349161 recv() failed (104: Connection reset by peer) while proxying connection, client: 103.209.99.7, server: 0.0.0.0:13000, upstream: "10.147.212.154:13000", bytes from/to client:43/0, bytes from/to upstream:0/43
[1575750037] SERVICE ALERT: primary-server;Nginx Error Log Status;CRITICAL;SOFT;2;(37) < 2019/12/08 01:49:50 [error] 24130#0: *14349999 recv() failed (104: Connection reset by peer) while proxying connection, client: 180.179.244.32, server: 0.0.0.0:13000, upstream: "10.147.212.155:13000", bytes from/to client:42/0, bytes from/to upstream:0/42
[1575750157] SERVICE ALERT: primary-server;Nginx Error Log Status;OK;HARD;1;Log check ok - 0 pattern matches found
[1575750757] SERVICE ALERT: primary-server;Nginx Error Log Status;CRITICAL;SOFT;1;(37) < 2019/12/08 02:01:00 [error] 24130#0: *14352685 recv() failed (104: Connection reset by peer) while proxying connection, client: 180.179.244.32, server: 0.0.0.0:13000, upstream: "10.147.212.142:13000", bytes from/to client:42/0, bytes from/to upstream:0/42
[1575750805] SERVICE NOTIFICATION: nagiosadmin;sigqscluster1;Memory;CRITICAL;notify-service-by-email;CRITICAL - 0.5% (228452 kB) free!
[1575750877] SERVICE ALERT: primary-server;Nginx Error Log Status;OK;HARD;1;Log check ok - 0 pattern matches found
[1575751477] SERVICE NOTIFICATION: nagiosadmin;sservercluster1;Memory;CRITICAL;notify-service-by-email;CRITICAL - 1.3% (318360 kB) free!
[1575751478] SERVICE ALERT: primary-server;Nginx Error Log Status;CRITICAL;SOFT;1;(43) < 2019/12/08 02:08:54 [error] 24130#0: *14354886 recv() failed (104: Connection reset by peer) while proxying connection, client: 180.179.244.32, server: 0.0.0.0:13000, upstream: "10.147.212.143:13000", bytes from/to client:42/0, bytes from/to upstream:0/42
[1575751566] SERVICE NOTIFICATION: nagiosadmin;pservercluster1;Memory;CRITICAL;notify-service-by-email;CRITICAL - 0.8% (202388 kB) free!
[1575751598] SERVICE ALERT: primary-server;Nginx Error Log Status;OK;HARD;1;Log check ok - 0 pattern matches found
[1575751938] SERVICE NOTIFICATION: nagiosadmin;pservercluster2;Memory;CRITICAL;notify-service-by-email;CRITICAL - 1.9% (467764 kB) free!
[1575752107] SERVICE NOTIFICATION: nagiosadmin;sservercluster2;Memory;CRITICAL;notify-service-by-email;CRITICAL - 1.7% (427112 kB) free!
[1575752294] Auto-save of retention data completed successfully.
[1575752405] SERVICE ALERT: smscapp1;Memory;CRITICAL;SOFT;1;CRITICAL - 0.4% (212632 kB) free!
[1575752525] SERVICE ALERT: smscapp1;Memory;CRITICAL;SOFT;2;CRITICAL - 0.5% (242816 kB) free!
[1575752645] SERVICE ALERT: smscapp1;Memory;OK;HARD;1;OK - 86.7% (42720168 kB) free.
[1575752926] SERVICE ALERT: redis-2;Memory;WARNING;SOFT;1;WARNING - 19.7% (25977888 kB) free!
[1575753046] SERVICE ALERT: redis-2;Memory;OK;HARD;1;OK - 34.7% (45676340 kB) free.
[1575753367] SERVICE NOTIFICATION: nagiosadmin;pservercluster1;Memory;OK;notify-service-by-email;OK - 43.9% (10833184 kB) free.
[1575753367] SERVICE ALERT: pservercluster1;Memory;OK;HARD;1;OK - 43.9% (10833184 kB) free.
[1575753398] SERVICE ALERT: primary-server;Nginx Error Log Status;CRITICAL;SOFT;1;(43) < 2019/12/08 02:46:34 [error] 24132#0: *14365066 recv() failed (104: Connection reset by peer) while proxying connection, client: 94.237.68.73, server: 0.0.0.0:13000, upstream: "10.147.212.155:13000", bytes from/to client:39/0, bytes from/to upstream:0/39
[1575753518] SERVICE ALERT: primary-server;Nginx Error Log Status;CRITICAL;SOFT;2;(37) < 2019/12/08 02:47:10 [error] 24130#0: *14365094 recv() failed (104: Connection reset by peer) while proxying connection, client: 103.209.99.7, server: 0.0.0.0:13000, upstream: "10.147.212.155:13000", bytes from/to client:43/0, bytes from/to upstream:0/43
[1575753638] SERVICE ALERT: primary-server;Nginx Error Log Status;OK;HARD;1;Log check ok - 0 pattern matches found
[1575754239] SERVICE ALERT: primary-server;Nginx Error Log Status;CRITICAL;SOFT;1;(35) < 2019/12/08 02:58:27 [error] 24130#0: *14368053 recv() failed (104: Connection reset by peer) while proxying connection, client: 169.38.76.212, server: 0.0.0.0:13000, upstream: "10.147.212.142:13000", bytes from/to client:43/0, bytes from/to upstream:0/43
[1575754359] SERVICE ALERT: primary-server;Nginx Error Log Status;OK;HARD;1;Log check ok - 0 pattern matches found
[1575754405] SERVICE NOTIFICATION: nagiosadmin;sigqscluster1;Memory;CRITICAL;notify-service-by-email;CRITICAL - 0.5% (234248 kB) free!
[1575754727] SERVICE ALERT: redis-1;CPU_Procs;WARNING;SOFT;1;CPU WARNING: 1 warn out of 402 processes
[1575754847] SERVICE ALERT: redis-1;CPU_Procs;OK;HARD;1;CPU OK: 401 processes
[1575754959] SERVICE ALERT: primary-server;Nginx Error Log Status;CRITICAL;SOFT;1;(45) < 2019/12/08 03:05:40 [error] 24130#0: *14369710 recv() failed (104: Connection reset by peer) while proxying connection, client: 180.179.244.32, server: 0.0.0.0:13000, upstream: "10.147.212.143:13000", bytes from/to client:42/0, bytes from/to upstream:0/42
[1575755077] SERVICE NOTIFICATION: nagiosadmin;sservercluster1;Memory;CRITICAL;notify-service-by-email;CRITICAL - 1.6% (389580 kB) free!
[1575755079] SERVICE ALERT: primary-server;Nginx Error Log Status;OK;HARD;1;Log check ok - 0 pattern matches found
[1575755538] SERVICE NOTIFICATION: nagiosadmin;pservercluster2;Memory;CRITICAL;notify-service-by-email;CRITICAL - 1.9% (454176 kB) free!
[1575755708] SERVICE NOTIFICATION: nagiosadmin;sservercluster2;Memory;CRITICAL;notify-service-by-email;CRITICAL - 1.8% (438400 kB) free!
[1575755894] Auto-save of retention data completed successfully.
[1575756476] SERVICE ALERT: rq-1;rq1-rabbitmqerror;CRITICAL;SOFT;1;CHECK_NRPE: Socket timeout after 10 seconds.
[1575756596] SERVICE ALERT: rq-1;rq1-rabbitmqerror;OK;HARD;1;Log check ok - 0 pattern matches found
[1575756879] SERVICE ALERT: primary-server;Nginx Error Log Status;CRITICAL;SOFT;1;(79) < 2019/12/08 03:44:37 [error] 24130#0: *14380254 recv() failed (104: Connection reset by peer) while proxying connection, client: 103.209.99.7, server: 0.0.0.0:13000, upstream: "10.147.212.155:13000", bytes from/to client:43/0, bytes from/to upstream:0/43
[1575757000] SERVICE ALERT: primary-server;Nginx Error Log Status;CRITICAL;SOFT;2;(2) < 2019/12/08 03:45:07 [error] 24130#0: *14380196 recv() failed (104: Connection reset by peer) while proxying connection, client: 103.209.99.7, server: 0.0.0.0:13000, upstream: "10.147.212.155:13000", bytes from/to client:43/0, bytes from/to upstream:0/43
[1575757120] SERVICE ALERT: primary-server;Nginx Error Log Status;OK;HARD;1;Log check ok - 0 pattern matches found
[1575757720] SERVICE ALERT: primary-server;Nginx Error Log Status;CRITICAL;SOFT;1;(38) < 2019/12/08 03:55:59 [error] 24130#0: *14383233 recv() failed (104: Connection reset by peer) while proxying connection, client: 103.209.99.7, server: 0.0.0.0:13000, upstream: "10.147.212.142:13000", bytes from/to client:43/0, bytes from/to upstream:0/43
[1575757840] SERVICE ALERT: primary-server;Nginx Error Log Status;OK;HARD;1;Log check ok - 0 pattern matches found
[1575758005] SERVICE NOTIFICATION: nagiosadmin;sigqscluster1;Memory;CRITICAL;notify-service-by-email;CRITICAL - 0.5% (227744 kB) free!
[1575758440] SERVICE ALERT: primary-server;Nginx Error Log Status;CRITICAL;SOFT;1;(42) < 2019/12/08 04:02:40 [error] 24126#0: *14384954 recv() failed (104: Connection reset by peer) while proxying connection, client: 94.237.65.17, server: 0.0.0.0:13000, upstream: "10.147.212.143:13000", bytes from/to client:39/0, bytes from/to upstream:0/39
[1575758560] SERVICE ALERT: primary-server;Nginx Error Log Status;OK;HARD;1;Log check ok - 0 pattern matches found
[1575758677] SERVICE NOTIFICATION: nagiosadmin;sservercluster1;Memory;CRITICAL;notify-service-by-email;CRITICAL - 1.6% (391276 kB) free!
[1575759138] SERVICE NOTIFICATION: nagiosadmin;pservercluster2;Memory;CRITICAL;notify-service-by-email;CRITICAL - 2.0% (490900 kB) free!
[1575759494] Auto-save of retention data completed successfully.
[1575759907] SERVICE NOTIFICATION: nagiosadmin;sservercluster2;Memory;CRITICAL;notify-service-by-email;CRITICAL - 1.6% (404352 kB) free!
[1575760360] SERVICE ALERT: primary-server;Nginx Error Log Status;CRITICAL;SOFT;1;(75) < 2019/12/08 04:42:35 [error] 24130#0: *14395575 recv() failed (104: Connection reset by peer) while proxying connection, client: 180.179.244.32, server: 0.0.0.0:13000, upstream: "10.147.212.155:13000", bytes from/to client:42/0, bytes from/to upstream:0/42
[1575760480] SERVICE ALERT: primary-server;Nginx Error Log Status;OK;HARD;1;Log check ok - 0 pattern matches found
[1575761080] SERVICE ALERT: primary-server;Nginx Error Log Status;CRITICAL;SOFT;1;(36) < 2019/12/08 04:53:56 [error] 24122#0: *14398604 recv() failed (104: Connection reset by peer) while proxying connection, client: 169.38.76.212, server: 0.0.0.0:13000, upstream: "10.147.212.142:13000", bytes from/to client:43/0, bytes from/to upstream:0/43
[1575761200] SERVICE ALERT: primary-server;Nginx Error Log Status;OK;HARD;1;Log check ok - 0 pattern matches found
[1575761605] SERVICE NOTIFICATION: nagiosadmin;sigqscluster1;Memory;CRITICAL;notify-service-by-email;CRITICAL - 0.5% (236160 kB) free!
[1575761800] SERVICE ALERT: primary-server;Nginx Error Log Status;CRITICAL;SOFT;1;(34) < 2019/12/08 05:01:43 [error] 24130#0: *14400639 recv() failed (104: Connection reset by peer) while proxying connection, client: 94.237.68.73, server: 0.0.0.0:13000, upstream: "10.147.212.143:13000", bytes from/to client:39/0, bytes from/to upstream:0/39
[1575761920] SERVICE ALERT: primary-server;Nginx Error Log Status;OK;HARD;1;Log check ok - 0 pattern matches found
[1575762277] SERVICE NOTIFICATION: nagiosadmin;sservercluster1;Memory;CRITICAL;notify-service-by-email;CRITICAL - 1.6% (390348 kB) free!
[1575762738] SERVICE NOTIFICATION: nagiosadmin;pservercluster2;Memory;CRITICAL;notify-service-by-email;CRITICAL - 1.9% (455396 kB) free!
[1575763094] Auto-save of retention data completed successfully.
[1575763507] SERVICE NOTIFICATION: nagiosadmin;sservercluster2;Memory;CRITICAL;notify-service-by-email;CRITICAL - 1.7% (412140 kB) free!
[1575764320] SERVICE ALERT: primary-server;Nginx Error Log Status;CRITICAL;SOFT;1;(72) < 2019/12/08 05:40:13 [error] 24130#0: *14410775 recv() failed (104: Connection reset by peer) while proxying connection, client: 180.179.244.32, server: 0.0.0.0:13000, upstream: "10.147.212.154:13000", bytes from/to client:42/0, bytes from/to upstream:0/42
[1575764440] SERVICE ALERT: primary-server;Nginx Error Log Status;OK;HARD;1;Log check ok - 0 pattern matches found
[1575765040] SERVICE ALERT: primary-server;Nginx Error Log Status;CRITICAL;SOFT;1;(77) < 2019/12/08 05:58:34 [error] 24130#0: *14415752 recv() failed (104: Connection reset by peer) while proxying connection, client: 180.179.244.32, server: 0.0.0.0:13000, upstream: "10.147.212.143:13000", bytes from/to client:42/0, bytes from/to upstream:0/42
[1575765160] SERVICE ALERT: primary-server;Nginx Error Log Status;OK;HARD;1;Log check ok - 0 pattern matches found
[1575765205] SERVICE NOTIFICATION: nagiosadmin;sigqscluster1;Memory;CRITICAL;notify-service-by-email;CRITICAL - 0.4% (220944 kB) free!
[1575765367] SERVICE ALERT: pservercluster1;Memory;CRITICAL;SOFT;1;CRITICAL - 0.7% (169840 kB) free!
[1575765487] SERVICE ALERT: pservercluster1;Memory;CRITICAL;SOFT;2;CRITICAL - 8.6% (2117736 kB) free!
[1575765608] SERVICE NOTIFICATION: nagiosadmin;pservercluster1;Memory;CRITICAL;notify-service-by-email;CRITICAL - 0.7% (178316 kB) free!
[1575765608] SERVICE ALERT: pservercluster1;Memory;CRITICAL;HARD;3;CRITICAL - 0.7% (178316 kB) free!
[1575765702] EXTERNAL COMMAND: SCHEDULE_FORCED_SVC_CHECK;pservercluster1;Memory;1575765700
[1575765702] SERVICE NOTIFICATION: nagiosadmin;pservercluster1;Memory;OK;notify-service-by-email;OK - 77.1% (19019232 kB) free.
[1575765702] SERVICE ALERT: pservercluster1;Memory;OK;HARD;1;OK - 77.1% (19019232 kB) free.
[1575765706] EXTERNAL COMMAND: SCHEDULE_FORCED_SVC_CHECK;pservercluster1;Memory;1575765705
[1575765738] SERVICE NOTIFICATION: nagiosadmin;pservercluster2;Memory;OK;notify-service-by-email;OK - 25.8% (6333012 kB) free.
[1575765738] SERVICE ALERT: pservercluster2;Memory;OK;HARD;1;OK - 25.8% (6333012 kB) free.
[1575765747] EXTERNAL COMMAND: SCHEDULE_FORCED_SVC_CHECK;pservercluster2;Memory;1575765745
[1575765781] EXTERNAL COMMAND: SCHEDULE_FORCED_SVC_CHECK;sigqscluster1;Memory;1575765780
[1575765811] EXTERNAL COMMAND: SCHEDULE_FORCED_SVC_CHECK;sigqscluster1;Memory;1575765809
[1575765811] SERVICE NOTIFICATION: nagiosadmin;sigqscluster1;Memory;OK;notify-service-by-email;OK - 79.6% (39240112 kB) free.
[1575765811] SERVICE ALERT: sigqscluster1;Memory;OK;HARD;1;OK - 79.6% (39240112 kB) free.
[1575765814] EXTERNAL COMMAND: SCHEDULE_FORCED_SVC_CHECK;sigqscluster1;Memory;1575765813
[1575765823] EXTERNAL COMMAND: SCHEDULE_FORCED_SVC_CHECK;sservercluster1;Memory;1575765821
[1575765823] SERVICE NOTIFICATION: nagiosadmin;sservercluster1;Memory;OK;notify-service-by-email;OK - 67.0% (16412692 kB) free.
[1575765823] SERVICE ALERT: sservercluster1;Memory;OK;HARD;1;OK - 67.0% (16412692 kB) free.
[1575765826] EXTERNAL COMMAND: SCHEDULE_FORCED_SVC_CHECK;sservercluster1;Memory;1575765825
[1575765857] EXTERNAL COMMAND: SCHEDULE_FORCED_SVC_CHECK;sservercluster2;Memory;1575765856
[1575765857] SERVICE NOTIFICATION: nagiosadmin;sservercluster2;Memory;OK;notify-service-by-email;OK - 94.3% (23104884 kB) free.
[1575765857] SERVICE ALERT: sservercluster2;Memory;OK;HARD;1;OK - 94.3% (23104884 kB) free.
[1575765861] EXTERNAL COMMAND: SCHEDULE_FORCED_SVC_CHECK;sservercluster2;Memory;1575765859
[1575765865] EXTERNAL COMMAND: SCHEDULE_FORCED_SVC_CHECK;sservercluster2;Memory;1575765864
[1575766306] SERVICE ALERT: pservercluster1;Memory;CRITICAL;SOFT;1;CRITICAL - 0.8% (203340 kB) free!
[1575766426] SERVICE ALERT: pservercluster1;Memory;CRITICAL;SOFT;2;CRITICAL - 0.8% (195200 kB) free!
[1575766546] SERVICE NOTIFICATION: nagiosadmin;pservercluster1;Memory;CRITICAL;notify-service-by-email;CRITICAL - 0.8% (194608 kB) free!
[1575766546] SERVICE ALERT: pservercluster1;Memory;CRITICAL;HARD;3;CRITICAL - 0.8% (194608 kB) free!
[1575766694] Auto-save of retention data completed successfully.
[1575767560] SERVICE ALERT: primary-server;Nginx Error Log Status;CRITICAL;SOFT;1;(79) < 2019/12/08 06:38:03 [error] 24130#0: *14426225 recv() failed (104: Connection reset by peer) while proxying connection, client: 180.179.244.32, server: 0.0.0.0:13000, upstream: "10.147.212.155:13000", bytes from/to client:42/0, bytes from/to upstream:0/42
[1575767680] SERVICE ALERT: primary-server;Nginx Error Log Status;OK;HARD;1;Log check ok - 0 pattern matches found
[1575768280] SERVICE ALERT: primary-server;Nginx Error Log Status;CRITICAL;SOFT;1;(37) < 2019/12/08 06:49:26 [error] 24130#0: *14429246 recv() failed (104: Connection reset by peer) while proxying connection, client: 169.38.76.212, server: 0.0.0.0:13000, upstream: "10.147.212.142:13000", bytes from/to client:43/0, bytes from/to upstream:0/43
[1575768331] SERVICE ALERT: pservercluster2;CPU_Procs;WARNING;SOFT;1;CPU WARNING: 1 warn out of 355 processes
[1575768400] SERVICE ALERT: primary-server;Nginx Error Log Status;CRITICAL;SOFT;2;(38) < 2019/12/08 06:56:34 [error] 24130#0: *14431088 recv() failed (104: Connection reset by peer) while proxying connection, client: 169.38.76.212, server: 0.0.0.0:13000, upstream: "10.147.212.143:13000", bytes from/to client:43/0, bytes from/to upstream:0/43
[1575768451] SERVICE ALERT: pservercluster2;CPU_Procs;OK;HARD;1;CPU OK: 370 processes
[1575768520] SERVICE NOTIFICATION: nagiosadmin;primary-server;Nginx Error Log Status;CRITICAL;notify-service-by-email;(1) < 2019/12/08 06:56:46 [error] 24130#0: *14431120 recv() failed (104: Connection reset by peer) while proxying connection, client: 180.179.244.32, server: 0.0.0.0:13000, upstream: "10.147.212.143:13000", bytes from/to client:42/0, bytes from/to upstream:0/42
[1575768520] SERVICE ALERT: primary-server;Nginx Error Log Status;CRITICAL;HARD;3;(1) < 2019/12/08 06:56:46 [error] 24130#0: *14431120 recv() failed (104: Connection reset by peer) while proxying connection, client: 180.179.244.32, server: 0.0.0.0:13000, upstream: "10.147.212.143:13000", bytes from/to client:42/0, bytes from/to upstream:0/42
[1575768825] EXTERNAL COMMAND: SCHEDULE_FORCED_SVC_CHECK;pservercluster1;Memory;1575768822
[1575768825] SERVICE FLAPPING ALERT: pservercluster1;Memory;STARTED; Service appears to have started flapping (22.8% change >= 20.0% threshold)
[1575768825] SERVICE ALERT: pservercluster1;Memory;OK;HARD;1;OK - 92.5% (22835636 kB) free.
[1575768829] EXTERNAL COMMAND: SCHEDULE_FORCED_SVC_CHECK;pservercluster1;Memory;1575768828
[1575768833] EXTERNAL COMMAND: SCHEDULE_FORCED_SVC_CHECK;pservercluster1;Memory;1575768832
[1575768837] EXTERNAL COMMAND: SCHEDULE_FORCED_SVC_CHECK;pservercluster1;Memory;1575768836
[1575769121] SERVICE NOTIFICATION: nagiosadmin;primary-server;Nginx Error Log Status;OK;notify-service-by-email;Log check ok - 0 pattern matches found
[1575769121] SERVICE ALERT: primary-server;Nginx Error Log Status;OK;HARD;1;Log check ok - 0 pattern matches found
[1575770294] Auto-save of retention data completed successfully.
[1575770447] SERVICE ALERT: redis-1;CPU_Procs;WARNING;SOFT;1;CPU WARNING: 1 warn out of 403 processes
[1575770567] SERVICE ALERT: redis-1;CPU_Procs;OK;HARD;1;CPU OK: 402 processes
[1575770921] SERVICE ALERT: primary-server;Nginx Error Log Status;CRITICAL;SOFT;1;(78) < 2019/12/08 07:35:51 [error] 24130#0: *14441499 recv() failed (104: Connection reset by peer) while proxying connection, client: 180.179.244.32, server: 0.0.0.0:13000, upstream: "10.147.212.155:13000", bytes from/to client:42/0, bytes from/to upstream:0/42
[1575771041] SERVICE ALERT: primary-server;Nginx Error Log Status;OK;HARD;1;Log check ok - 0 pattern matches found
[1575771641] SERVICE ALERT: primary-server;Nginx Error Log Status;CRITICAL;SOFT;1;(38) < 2019/12/08 07:46:49 [error] 24130#0: *14444392 recv() failed (104: Connection reset by peer) while proxying connection, client: 180.179.244.32, server: 0.0.0.0:13000, upstream: "10.147.212.142:13000", bytes from/to client:42/0, bytes from/to upstream:0/42
[1575771761] SERVICE ALERT: primary-server;Nginx Error Log Status;OK;HARD;1;Log check ok - 0 pattern matches found
[1575772361] SERVICE ALERT: primary-server;Nginx Error Log Status;CRITICAL;SOFT;1;(34) < 2019/12/08 07:55:58 [error] 24132#0: *14446790 recv() failed (104: Connection reset by peer) while proxying connection, client: 169.38.76.212, server: 0.0.0.0:13000, upstream: "10.147.212.143:13000", bytes from/to client:43/0, bytes from/to upstream:0/43
[1575772482] SERVICE ALERT: primary-server;Nginx Error Log Status;OK;HARD;1;Log check ok - 0 pattern matches found
[1575773894] Auto-save of retention data completed successfully.
[1575774281] SERVICE ALERT: primary-server;Nginx Error Log Status;CRITICAL;SOFT;1;(84) < 2019/12/08 08:32:57 [error] 24130#0: *14456576 recv() failed (104: Connection reset by peer) while proxying connection, client: 180.179.244.32, server: 0.0.0.0:13000, upstream: "10.147.212.155:13000", bytes from/to client:42/0, bytes from/to upstream:0/42
[1575774401] SERVICE ALERT: primary-server;Nginx Error Log Status;OK;HARD;1;Log check ok - 0 pattern matches found
[1575775001] SERVICE ALERT: primary-server;Nginx Error Log Status;CRITICAL;SOFT;1;(34) < 2019/12/08 08:45:16 [error] 24124#0: *14459834 recv() failed (104: Connection reset by peer) while proxying connection, client: 180.179.244.32, server: 0.0.0.0:13000, upstream: "10.147.212.142:13000", bytes from/to client:42/0, bytes from/to upstream:0/42
[1575775121] SERVICE ALERT: primary-server;Nginx Error Log Status;OK;HARD;1;Log check ok - 0 pattern matches found
[1575775722] SERVICE ALERT: primary-server;Nginx Error Log Status;CRITICAL;SOFT;1;(39) < 2019/12/08 08:53:59 [error] 24130#0: *14462110 recv() failed (104: Connection reset by peer) while proxying connection, client: 180.179.244.32, server: 0.0.0.0:13000, upstream: "10.147.212.143:13000", bytes from/to client:42/0, bytes from/to upstream:0/42
[1575775842] SERVICE ALERT: primary-server;Nginx Error Log Status;OK;HARD;1;Log check ok - 0 pattern matches found
[1575776637] SERVICE FLAPPING ALERT: pservercluster1;Memory;STOPPED; Service appears to have stopped flapping (4.1% change < 5.0% threshold)
[1575777494] Auto-save of retention data completed successfully.
[1575777642] SERVICE ALERT: primary-server;Nginx Error Log Status;CRITICAL;SOFT;1;(76) < 2019/12/08 09:30:40 [error] 24130#0: *14471787 recv() failed (104: Connection reset by peer) while proxying connection, client: 169.38.76.212, server: 0.0.0.0:13000, upstream: "10.147.212.155:13000", bytes from/to client:43/0, bytes from/to upstream:0/43
[1575777762] SERVICE ALERT: primary-server;Nginx Error Log Status;CRITICAL;SOFT;2;(3) < 2019/12/08 09:30:52 [error] 24134#0: *14471817 recv() failed (104: Connection reset by peer) while proxying connection, client: 94.237.65.17, server: 0.0.0.0:13000, upstream: "10.147.212.155:13000", bytes from/to client:39/0, bytes from/to upstream:0/39
[1575777882] SERVICE ALERT: primary-server;Nginx Error Log Status;OK;HARD;1;Log check ok - 0 pattern matches found
[1575778482] SERVICE ALERT: primary-server;Nginx Error Log Status;CRITICAL;SOFT;1;(42) < 2019/12/08 09:42:08 [error] 24133#0: *14474791 recv() failed (104: Connection reset by peer) while proxying connection, client: 103.209.99.7, server: 0.0.0.0:13000, upstream: "10.147.212.142:13000", bytes from/to client:43/0, bytes from/to upstream:0/43
[1575778603] SERVICE ALERT: primary-server;Nginx Error Log Status;OK;HARD;1;Log check ok - 0 pattern matches found
[1575779202] SERVICE ALERT: primary-server;Nginx Error Log Status;CRITICAL;SOFT;1;(41) < 2019/12/08 09:52:49 [error] 24130#0: *14477367 recv() failed (104: Connection reset by peer) while proxying connection, client: 180.179.244.32, server: 0.0.0.0:13000, upstream: "10.147.212.143:13000", bytes from/to client:42/0, bytes from/to upstream:0/42
[1575779322] SERVICE ALERT: primary-server;Nginx Error Log Status;OK;HARD;1;Log check ok - 0 pattern matches found
[1575781094] Auto-save of retention data completed successfully.
[1575781106] SERVICE ALERT: sservercluster2;CPU_Procs;CRITICAL;SOFT;1;CPU CRITICAL: 1 crit, 0 warn out of 346 processes
[1575781122] SERVICE ALERT: primary-server;Nginx Error Log Status;CRITICAL;SOFT;1;(82) < 2019/12/08 10:28:42 [error] 24130#0: *14487039 recv() failed (104: Connection reset by peer) while proxying connection, client: 169.38.76.212, server: 0.0.0.0:13000, upstream: "10.147.212.155:13000", bytes from/to client:43/0, bytes from/to upstream:0/43
[1575781226] SERVICE ALERT: sservercluster2;CPU_Procs;OK;HARD;1;CPU OK: 402 processes
[1575781242] SERVICE ALERT: primary-server;Nginx Error Log Status;CRITICAL;SOFT;2;(5) < 2019/12/08 10:29:02 [error] 24132#0: *14486959 recv() failed (104: Connection reset by peer) while proxying connection, client: 103.209.99.7, server: 0.0.0.0:13000, upstream: "10.147.212.155:13000", bytes from/to client:43/0, bytes from/to upstream:0/43
[1575781363] SERVICE ALERT: primary-server;Nginx Error Log Status;OK;HARD;1;Log check ok - 0 pattern matches found
[1575781962] SERVICE ALERT: primary-server;Nginx Error Log Status;CRITICAL;SOFT;1;(40) < 2019/12/08 10:41:27 [error] 24131#0: *14490191 recv() failed (104: Connection reset by peer) while proxying connection, client: 103.209.99.7, server: 0.0.0.0:13000, upstream: "10.147.212.142:13000", bytes from/to client:43/0, bytes from/to upstream:0/43
[1575782037] SERVICE ALERT: pservercluster1;Memory;WARNING;SOFT;1;WARNING - 19.6% (4844280 kB) free!
[1575782082] SERVICE ALERT: primary-server;Nginx Error Log Status;OK;HARD;1;Log check ok - 0 pattern matches found
[1575782157] SERVICE ALERT: pservercluster1;Memory;WARNING;SOFT;2;WARNING - 19.3% (4769536 kB) free!
[1575782277] SERVICE NOTIFICATION: nagiosadmin;pservercluster1;Memory;WARNING;notify-service-by-email;WARNING - 18.9% (4664244 kB) free!
[1575782277] SERVICE ALERT: pservercluster1;Memory;WARNING;HARD;3;WARNING - 18.9% (4664244 kB) free!
[1575782682] SERVICE ALERT: primary-server;Nginx Error Log Status;CRITICAL;SOFT;1;(44) < 2019/12/08 10:49:42 [error] 24132#0: *14492294 recv() failed (104: Connection reset by peer) while proxying connection, client: 103.209.99.7, server: 0.0.0.0:13000, upstream: "10.147.212.143:13000", bytes from/to client:43/0, bytes from/to upstream:0/43
[1575782802] SERVICE ALERT: primary-server;Nginx Error Log Status;OK;HARD;1;Log check ok - 0 pattern matches found
[1575784078] SERVICE NOTIFICATION: nagiosadmin;pservercluster1;Memory;CRITICAL;notify-service-by-email;CRITICAL - 3.7% (914372 kB) free!
[1575784078] SERVICE ALERT: pservercluster1;Memory;CRITICAL;HARD;3;CRITICAL - 3.7% (914372 kB) free!
[1575784603] SERVICE ALERT: primary-server;Nginx Error Log Status;CRITICAL;SOFT;1;(41) < 2019/12/08 11:25:31 [error] 24130#0: *14501485 recv() failed (104: Connection reset by peer) while proxying connection, client: 169.38.76.212, server: 0.0.0.0:13000, upstream: "10.147.212.154:13000", bytes from/to client:43/0, bytes from/to upstream:0/43
[1575784694] Auto-save of retention data completed successfully.
[1575784723] SERVICE ALERT: primary-server;Nginx Error Log Status;CRITICAL;SOFT;2;(40) < 2019/12/08 11:28:19 [error] 24132#0: *14502293 recv() failed (104: Connection reset by peer) while proxying connection, client: 180.179.244.32, server: 0.0.0.0:13000, upstream: "10.147.212.155:13000", bytes from/to client:42/0, bytes from/to upstream:0/42
[1575784843] SERVICE ALERT: primary-server;Nginx Error Log Status;OK;HARD;1;Log check ok - 0 pattern matches found
[1575785014] SERVICE ALERT: sigqscluster1;Memory;CRITICAL;SOFT;1;CRITICAL - 3.1% (1547492 kB) free!
[1575785134] SERVICE ALERT: sigqscluster1;Memory;CRITICAL;SOFT;2;CRITICAL - 0.7% (337776 kB) free!
[1575785254] SERVICE NOTIFICATION: nagiosadmin;sigqscluster1;Memory;CRITICAL;notify-service-by-email;CRITICAL - 0.4% (214160 kB) free!
[1575785254] SERVICE ALERT: sigqscluster1;Memory;CRITICAL;HARD;3;CRITICAL - 0.4% (214160 kB) free!
[1575785443] SERVICE ALERT: primary-server;Nginx Error Log Status;CRITICAL;SOFT;1;(43) < 2019/12/08 11:39:59 [error] 24130#0: *14505327 recv() failed (104: Connection reset by peer) while proxying connection, client: 180.179.244.32, server: 0.0.0.0:13000, upstream: "10.147.212.142:13000", bytes from/to client:42/0, bytes from/to upstream:0/42
[1575785563] SERVICE ALERT: primary-server;Nginx Error Log Status;OK;HARD;1;Log check ok - 0 pattern matches found
[1575786163] SERVICE ALERT: primary-server;Nginx Error Log Status;CRITICAL;SOFT;1;(42) < 2019/12/08 11:48:12 [error] 24130#0: *14507428 recv() failed (104: Connection reset by peer) while proxying connection, client: 169.38.76.212, server: 0.0.0.0:13000, upstream: "10.147.212.143:13000", bytes from/to client:43/0, bytes from/to upstream:0/43
[1575786283] SERVICE ALERT: primary-server;Nginx Error Log Status;OK;HARD;1;Log check ok - 0 pattern matches found
[1575786990] EXTERNAL COMMAND: SCHEDULE_FORCED_SVC_CHECK;pservercluster1;Memory;1575786989
[1575786990] SERVICE NOTIFICATION: nagiosadmin;pservercluster1;Memory;OK;notify-service-by-email;OK - 91.9% (22669740 kB) free.
[1575786990] SERVICE ALERT: pservercluster1;Memory;OK;HARD;1;OK - 91.9% (22669740 kB) free.
[1575786994] EXTERNAL COMMAND: SCHEDULE_FORCED_SVC_CHECK;pservercluster1;Memory;1575786993
[1575786997] EXTERNAL COMMAND: SCHEDULE_FORCED_SVC_CHECK;pservercluster1;Memory;1575786996
[1575787027] EXTERNAL COMMAND: SCHEDULE_FORCED_SVC_CHECK;sigqscluster1;Memory;1575787026
[1575787028] SERVICE NOTIFICATION: nagiosadmin;sigqscluster1;Memory;OK;notify-service-by-email;OK - 79.6% (39250648 kB) free.
[1575787028] SERVICE ALERT: sigqscluster1;Memory;OK;HARD;1;OK - 79.6% (39250648 kB) free.
[1575787031] EXTERNAL COMMAND: SCHEDULE_FORCED_SVC_CHECK;sigqscluster1;Memory;1575787030
[1575787035] EXTERNAL COMMAND: SCHEDULE_FORCED_SVC_CHECK;sigqscluster1;Memory;1575787034
[1575788083] SERVICE ALERT: primary-server;Nginx Error Log Status;CRITICAL;SOFT;1;(44) < 2019/12/08 12:24:15 [error] 24133#0: *14516664 recv() failed (104: Connection reset by peer) while proxying connection, client: 103.209.99.7, server: 0.0.0.0:13000, upstream: "10.147.212.154:13000", bytes from/to client:43/0, bytes from/to upstream:0/43
[1575788203] SERVICE ALERT: primary-server;Nginx Error Log Status;CRITICAL;SOFT;2;(36) < 2019/12/08 12:26:42 [error] 24131#0: *14517573 recv() failed (104: Connection reset by peer) while proxying connection, client: 103.209.99.7, server: 0.0.0.0:13000, upstream: "10.147.212.155:13000", bytes from/to client:43/0, bytes from/to upstream:0/43
[1575788294] Auto-save of retention data completed successfully.
[1575788323] SERVICE NOTIFICATION: nagiosadmin;primary-server;Nginx Error Log Status;CRITICAL;notify-service-by-email;(7) < 2019/12/08 12:27:08 [error] 24135#0: *14517527 recv() failed (104: Connection reset by peer) while proxying connection, client: 180.179.244.32, server: 0.0.0.0:13000, upstream: "10.147.212.155:13000", bytes from/to client:42/0, bytes from/to upstream:0/42
[1575788323] SERVICE ALERT: primary-server;Nginx Error Log Status;CRITICAL;HARD;3;(7) < 2019/12/08 12:27:08 [error] 24135#0: *14517527 recv() failed (104: Connection reset by peer) while proxying connection, client: 180.179.244.32, server: 0.0.0.0:13000, upstream: "10.147.212.155:13000", bytes from/to client:42/0, bytes from/to upstream:0/42
[1575788797] SERVICE ALERT: pservercluster1;Memory;CRITICAL;SOFT;1;CRITICAL - 0.7% (176144 kB) free!
[1575788917] SERVICE ALERT: pservercluster1;Memory;CRITICAL;SOFT;2;CRITICAL - 0.7% (166208 kB) free!
[1575789037] SERVICE FLAPPING ALERT: pservercluster1;Memory;STARTED; Service appears to have started flapping (21.3% change >= 20.0% threshold)
[1575789037] SERVICE ALERT: pservercluster1;Memory;CRITICAL;HARD;3;CRITICAL - 0.7% (177968 kB) free!
[1575789435] SERVICE ALERT: sigqscluster1;Memory;WARNING;SOFT;1;WARNING - 11.0% (5401460 kB) free!
[1575789555] SERVICE ALERT: sigqscluster1;Memory;WARNING;SOFT;2;WARNING - 11.0% (5402756 kB) free!
[1575789675] SERVICE NOTIFICATION: nagiosadmin;sigqscluster1;Memory;WARNING;notify-service-by-email;WARNING - 11.0% (5402560 kB) free!
[1575789675] SERVICE ALERT: sigqscluster1;Memory;WARNING;HARD;3;WARNING - 11.0% (5402560 kB) free!
[1575790124] SERVICE NOTIFICATION: nagiosadmin;primary-server;Nginx Error Log Status;OK;notify-service-by-email;Log check ok - 0 pattern matches found
[1575790124] SERVICE ALERT: primary-server;Nginx Error Log Status;OK;HARD;1;Log check ok - 0 pattern matches found
[1575790426] SERVICE ALERT: sservercluster1;Memory;WARNING;SOFT;1;WARNING - 18.0% (4417312 kB) free!
[1575790546] SERVICE ALERT: sservercluster1;Memory;WARNING;SOFT;2;WARNING - 17.4% (4255268 kB) free!
[1575790566] EXTERNAL COMMAND: SCHEDULE_FORCED_SVC_CHECK;pservercluster1;Memory;1575790565
[1575790567] SERVICE ALERT: pservercluster1;Memory;OK;HARD;1;OK - 91.9% (22673396 kB) free.
[1575790572] EXTERNAL COMMAND: SCHEDULE_FORCED_SVC_CHECK;pservercluster1;Memory;1575790570
[1575790576] EXTERNAL COMMAND: SCHEDULE_FORCED_SVC_CHECK;pservercluster1;Memory;1575790575
[1575790666] SERVICE NOTIFICATION: nagiosadmin;sservercluster1;Memory;WARNING;notify-service-by-email;WARNING - 16.7% (4087568 kB) free!
[1575790666] SERVICE ALERT: sservercluster1;Memory;WARNING;HARD;3;WARNING - 16.7% (4087568 kB) free!
[1575790875] SERVICE FLAPPING ALERT: sigqscluster1;Memory;STARTED; Service appears to have started flapping (22.2% change >= 20.0% threshold)
[1575790875] SERVICE ALERT: sigqscluster1;Memory;OK;HARD;1;OK - 42.3% (20840632 kB) free.
[1575791548] SERVICE ALERT: pservercluster2;Memory;WARNING;SOFT;1;WARNING - 18.9% (4640548 kB) free!
[1575791668] SERVICE ALERT: pservercluster2;Memory;WARNING;SOFT;2;WARNING - 18.5% (4541640 kB) free!
[1575791788] SERVICE NOTIFICATION: nagiosadmin;pservercluster2;Memory;WARNING;notify-service-by-email;WARNING - 18.2% (4462596 kB) free!
[1575791788] SERVICE ALERT: pservercluster2;Memory;WARNING;HARD;3;WARNING - 18.2% (4462596 kB) free!
[1575791894] Auto-save of retention data completed successfully.
[1575791924] SERVICE ALERT: primary-server;Nginx Error Log Status;CRITICAL;SOFT;1;(78) < 2019/12/08 13:26:43 [error] 24132#0: *14532928 recv() failed (104: Connection reset by peer) while proxying connection, client: 103.209.99.7, server: 0.0.0.0:13000, upstream: "10.147.212.155:13000", bytes from/to client:43/0, bytes from/to upstream:0/43
[1575792044] SERVICE ALERT: primary-server;Nginx Error Log Status;OK;HARD;1;Log check ok - 0 pattern matches found
[1575792467] SERVICE NOTIFICATION: nagiosadmin;sservercluster1;Memory;CRITICAL;notify-service-by-email;CRITICAL - 8.9% (2175224 kB) free!
[1575792467] SERVICE ALERT: sservercluster1;Memory;CRITICAL;HARD;3;CRITICAL - 8.9% (2175224 kB) free!
[1575792644] SERVICE ALERT: primary-server;Nginx Error Log Status;CRITICAL;SOFT;1;(42) < 2019/12/08 13:36:36 [error] 24134#0: *14535464 recv() failed (104: Connection reset by peer) while proxying connection, client: 94.237.65.17, server: 0.0.0.0:13000, upstream: "10.147.212.142:13000", bytes from/to client:39/0, bytes from/to upstream:0/39
[1575792675] SERVICE ALERT: sigqscluster1;Memory;WARNING;SOFT;1;WARNING - 10.2% (5048396 kB) free!
[1575792764] SERVICE ALERT: primary-server;Nginx Error Log Status;OK;HARD;1;Log check ok - 0 pattern matches found
[1575792795] SERVICE ALERT: sigqscluster1;Memory;CRITICAL;SOFT;2;CRITICAL - 5.4% (2670320 kB) free!
[1575792915] SERVICE ALERT: sigqscluster1;Memory;CRITICAL;HARD;3;CRITICAL - 0.5% (235592 kB) free!
[1575792976] SERVICE ALERT: pservercluster1;Memory;CRITICAL;SOFT;1;CRITICAL - 0.7% (176940 kB) free!
[1575793096] SERVICE ALERT: pservercluster1;Memory;CRITICAL;SOFT;2;CRITICAL - 0.7% (163528 kB) free!
[1575793216] SERVICE ALERT: pservercluster1;Memory;CRITICAL;HARD;3;CRITICAL - 0.8% (185208 kB) free!
[1575793364] SERVICE ALERT: primary-server;Nginx Error Log Status;CRITICAL;SOFT;1;(42) < 2019/12/08 13:45:14 [error] 24131#0: *14537684 recv() failed (104: Connection reset by peer) while proxying connection, client: 180.179.244.32, server: 0.0.0.0:13000, upstream: "10.147.212.143:13000", bytes from/to client:42/0, bytes from/to upstream:0/42
[1575793485] SERVICE ALERT: primary-server;Nginx Error Log Status;OK;HARD;1;Log check ok - 0 pattern matches found
[1575793671] SERVICE ALERT: smscapp2;HDD_Home status;WARNING;SOFT;1;DISK WARNING - free space: /home 46013 MB (20% inode=99%):
[1575793791] SERVICE ALERT: smscapp2;HDD_Home status;WARNING;SOFT;2;DISK WARNING - free space: /home 45447 MB (20% inode=99%):
[1575793911] SERVICE ALERT: smscapp2;HDD_Home status;OK;HARD;1;DISK OK - free space: /home 49194 MB (21% inode=99%):
[1575794511] SERVICE ALERT: smscapp2;HDD_Home status;WARNING;SOFT;1;DISK WARNING - free space: /home 47091 MB (20% inode=99%):
[1575794631] SERVICE ALERT: smscapp2;HDD_Home status;WARNING;SOFT;2;DISK WARNING - free space: /home 45970 MB (20% inode=99%):
[1575794751] SERVICE NOTIFICATION: nagiosadmin;smscapp2;HDD_Home status;WARNING;notify-service-by-email;DISK WARNING - free space: /home 45882 MB (20% inode=99%):
[1575794751] SERVICE ALERT: smscapp2;HDD_Home status;WARNING;HARD;3;DISK WARNING - free space: /home 45882 MB (20% inode=99%):
[1575794788] SERVICE NOTIFICATION: nagiosadmin;pservercluster2;Memory;CRITICAL;notify-service-by-email;CRITICAL - 8.1% (1988900 kB) free!
[1575794788] SERVICE ALERT: pservercluster2;Memory;CRITICAL;HARD;3;CRITICAL - 8.1% (1988900 kB) free!
[1575795284] SERVICE ALERT: primary-server;Nginx Error Log Status;CRITICAL;SOFT;1;(50) < 2019/12/08 14:19:50 [error] 24131#0: *14546585 recv() failed (104: Connection reset by peer) while proxying connection, client: 180.179.244.32, server: 0.0.0.0:13000, upstream: "10.147.212.154:13000", bytes from/to client:42/0, bytes from/to upstream:0/42
[1575795404] SERVICE ALERT: primary-server;Nginx Error Log Status;CRITICAL;SOFT;2;(37) < 2019/12/08 14:25:41 [error] 24126#0: *14548232 recv() failed (104: Connection reset by peer) while proxying connection, client: 169.38.76.212, server: 0.0.0.0:13000, upstream: "10.147.212.155:13000", bytes from/to client:43/0, bytes from/to upstream:0/43
[1575795494] Auto-save of retention data completed successfully.
[1575795524] SERVICE ALERT: primary-server;Nginx Error Log Status;OK;HARD;1;Log check ok - 0 pattern matches found
[1575796067] SERVICE NOTIFICATION: nagiosadmin;sservercluster1;Memory;CRITICAL;notify-service-by-email;CRITICAL - 0.8% (188892 kB) free!
[1575796124] SERVICE ALERT: primary-server;Nginx Error Log Status;CRITICAL;SOFT;1;(40) < 2019/12/08 14:35:17 [error] 24132#0: *14550704 recv() failed (104: Connection reset by peer) while proxying connection, client: 103.209.99.7, server: 0.0.0.0:13000, upstream: "10.147.212.142:13000", bytes from/to client:43/0, bytes from/to upstream:0/43
[1575796245] SERVICE ALERT: primary-server;Nginx Error Log Status;OK;HARD;1;Log check ok - 0 pattern matches found
[1575796844] SERVICE ALERT: primary-server;Nginx Error Log Status;CRITICAL;SOFT;1;(43) < 2019/12/08 14:43:57 [error] 24131#0: *14552696 recv() failed (104: Connection reset by peer) while proxying connection, client: 103.209.99.7, server: 0.0.0.0:13000, upstream: "10.147.212.143:13000", bytes from/to client:43/0, bytes from/to upstream:0/43
[1575796964] SERVICE ALERT: primary-server;Nginx Error Log Status;OK;HARD;1;Log check ok - 0 pattern matches found
[1575798351] SERVICE NOTIFICATION: nagiosadmin;smscapp2;HDD_Home status;WARNING;notify-service-by-email;DISK WARNING - free space: /home 32055 MB (14% inode=99%):
[1575798388] SERVICE NOTIFICATION: nagiosadmin;pservercluster2;Memory;CRITICAL;notify-service-by-email;CRITICAL - 0.7% (164008 kB) free!
[1575798764] SERVICE ALERT: primary-server;Nginx Error Log Status;CRITICAL;SOFT;1;(46) < 2019/12/08 15:18:25 [error] 24130#0: *14561696 recv() failed (104: Connection reset by peer) while proxying connection, client: 169.38.76.212, server: 0.0.0.0:13000, upstream: "10.147.212.154:13000", bytes from/to client:43/0, bytes from/to upstream:0/43
[1575798884] SERVICE ALERT: primary-server;Nginx Error Log Status;CRITICAL;SOFT;2;(43) < 2019/12/08 15:24:06 [error] 24130#0: *14563278 recv() failed (104: Connection reset by peer) while proxying connection, client: 180.179.244.32, server: 0.0.0.0:13000, upstream: "10.147.212.155:13000", bytes from/to client:42/0, bytes from/to upstream:0/42
[1575799005] SERVICE ALERT: primary-server;Nginx Error Log Status;OK;HARD;1;Log check ok - 0 pattern matches found
[1575799094] Auto-save of retention data completed successfully.
[1575799604] SERVICE ALERT: primary-server;Nginx Error Log Status;CRITICAL;SOFT;1;(41) < 2019/12/08 15:34:19 [error] 24131#0: *14565925 recv() failed (104: Connection reset by peer) while proxying connection, client: 103.209.99.7, server: 0.0.0.0:13000, upstream: "10.147.212.142:13000", bytes from/to client:43/0, bytes from/to upstream:0/43
[1575799667] SERVICE NOTIFICATION: nagiosadmin;sservercluster1;Memory;CRITICAL;notify-service-by-email;CRITICAL - 0.7% (179668 kB) free!
[1575799724] SERVICE ALERT: primary-server;Nginx Error Log Status;OK;HARD;1;Log check ok - 0 pattern matches found
[1575800324] SERVICE ALERT: primary-server;Nginx Error Log Status;CRITICAL;SOFT;1;(41) < 2019/12/08 15:41:19 [error] 24130#0: *14567680 recv() failed (104: Connection reset by peer) while proxying connection, client: 180.179.244.32, server: 0.0.0.0:13000, upstream: "10.147.212.143:13000", bytes from/to client:42/0, bytes from/to upstream:0/42
[1575800444] SERVICE ALERT: primary-server;Nginx Error Log Status;OK;HARD;1;Log check ok - 0 pattern matches found
[1575800715] SERVICE ALERT: sigqscluster1;Memory;WARNING;HARD;3;WARNING - 15.8% (7791680 kB) free!
[1575801316] SERVICE ALERT: sigqscluster1;Memory;CRITICAL;HARD;3;CRITICAL - 3.0% (1460940 kB) free!
[1575801616] SERVICE FLAPPING ALERT: pservercluster1;Memory;STOPPED; Service appears to have stopped flapping (4.4% change < 5.0% threshold)
[1575801616] SERVICE NOTIFICATION: nagiosadmin;pservercluster1;Memory;CRITICAL;notify-service-by-email;CRITICAL - 0.8% (186616 kB) free!
[1575801845] SERVICE ALERT: smscapp1;Memory;WARNING;SOFT;1;WARNING - 19.7% (9694644 kB) free!
[1575801951] SERVICE NOTIFICATION: nagiosadmin;smscapp2;HDD_Home status;WARNING;notify-service-by-email;DISK WARNING - free space: /home 29905 MB (13% inode=99%):
[1575801965] SERVICE ALERT: smscapp1;Memory;WARNING;SOFT;2;WARNING - 19.5% (9591548 kB) free!
[1575801988] SERVICE NOTIFICATION: nagiosadmin;pservercluster2;Memory;CRITICAL;notify-service-by-email;CRITICAL - 0.7% (178200 kB) free!
[1575802085] SERVICE NOTIFICATION: nagiosadmin;smscapp1;Memory;WARNING;notify-service-by-email;WARNING - 19.2% (9483212 kB) free!
[1575802085] SERVICE ALERT: smscapp1;Memory;WARNING;HARD;3;WARNING - 19.2% (9483212 kB) free!
[1575802244] SERVICE ALERT: primary-server;Nginx Error Log Status;CRITICAL;SOFT;1;(42) < 2019/12/08 16:18:00 [error] 24134#0: *14577182 recv() failed (104: Connection reset by peer) while proxying connection, client: 169.38.76.212, server: 0.0.0.0:13000, upstream: "10.147.212.154:13000", bytes from/to client:43/0, bytes from/to upstream:0/43
[1575802365] SERVICE ALERT: primary-server;Nginx Error Log Status;CRITICAL;SOFT;2;(42) < 2019/12/08 16:22:25 [error] 24132#0: *14578428 recv() failed (104: Connection reset by peer) while proxying connection, client: 180.179.244.32, server: 0.0.0.0:13000, upstream: "10.147.212.155:13000", bytes from/to client:42/0, bytes from/to upstream:0/42
[1575802485] SERVICE ALERT: primary-server;Nginx Error Log Status;OK;HARD;1;Log check ok - 0 pattern matches found
[1575802694] Auto-save of retention data completed successfully.
[1575803085] SERVICE ALERT: primary-server;Nginx Error Log Status;CRITICAL;SOFT;1;(36) < 2019/12/08 16:33:31 [error] 24130#0: *14581319 recv() failed (104: Connection reset by peer) while proxying connection, client: 180.179.244.32, server: 0.0.0.0:13000, upstream: "10.147.212.142:13000", bytes from/to client:42/0, bytes from/to upstream:0/42
[1575803205] SERVICE ALERT: primary-server;Nginx Error Log Status;OK;HARD;1;Log check ok - 0 pattern matches found
[1575803267] SERVICE NOTIFICATION: nagiosadmin;sservercluster1;Memory;CRITICAL;notify-service-by-email;CRITICAL - 0.7% (176444 kB) free!
[1575803805] SERVICE ALERT: primary-server;Nginx Error Log Status;CRITICAL;SOFT;1;(47) < 2019/12/08 16:38:51 [error] 24130#0: *14582623 recv() failed (104: Connection reset by peer) while proxying connection, client: 180.179.244.32, server: 0.0.0.0:13000, upstream: "10.147.212.143:13000", bytes from/to client:42/0, bytes from/to upstream:0/42
[1575803925] SERVICE ALERT: primary-server;Nginx Error Log Status;OK;HARD;1;Log check ok - 0 pattern matches found
[1575805216] SERVICE NOTIFICATION: nagiosadmin;pservercluster1;Memory;CRITICAL;notify-service-by-email;CRITICAL - 0.7% (182248 kB) free!
[1575805367] SERVICE ALERT: redis-1;CPU_Procs;WARNING;SOFT;1;CPU WARNING: 1 warn out of 402 processes
[1575805487] SERVICE ALERT: redis-1;CPU_Procs;OK;HARD;1;CPU OK: 400 processes
[1575805551] SERVICE NOTIFICATION: nagiosadmin;smscapp2;HDD_Home status;WARNING;notify-service-by-email;DISK WARNING - free space: /home 29683 MB (13% inode=99%):
[1575805588] SERVICE NOTIFICATION: nagiosadmin;pservercluster2;Memory;CRITICAL;notify-service-by-email;CRITICAL - 0.7% (172512 kB) free!
[1575805685] SERVICE NOTIFICATION: nagiosadmin;smscapp1;Memory;WARNING;notify-service-by-email;WARNING - 14.9% (7348684 kB) free!
[1575805725] SERVICE ALERT: primary-server;Nginx Error Log Status;CRITICAL;SOFT;1;(44) < 2019/12/08 17:16:06 [error] 24132#0: *14592414 recv() failed (104: Connection reset by peer) while proxying connection, client: 180.179.244.32, server: 0.0.0.0:13000, upstream: "10.147.212.154:13000", bytes from/to client:42/0, bytes from/to upstream:0/42
[1575805845] SERVICE ALERT: primary-server;Nginx Error Log Status;CRITICAL;SOFT;2;(39) < 2019/12/08 17:20:15 [error] 24130#0: *14593428 recv() failed (104: Connection reset by peer) while proxying connection, client: 103.209.99.7, server: 0.0.0.0:13000, upstream: "10.147.212.155:13000", bytes from/to client:43/0, bytes from/to upstream:0/43
[1575805965] SERVICE ALERT: primary-server;Nginx Error Log Status;OK;HARD;1;Log check ok - 0 pattern matches found
[1575806294] Auto-save of retention data completed successfully.
[1575806497] EXTERNAL COMMAND: SCHEDULE_FORCED_SVC_CHECK;pservercluster1;Memory;1575806496
[1575806497] SERVICE NOTIFICATION: nagiosadmin;pservercluster1;Memory;OK;notify-service-by-email;OK - 90.7% (22392744 kB) free.
[1575806497] SERVICE ALERT: pservercluster1;Memory;OK;HARD;1;OK - 90.7% (22392744 kB) free.
[1575806500] EXTERNAL COMMAND: SCHEDULE_FORCED_SVC_CHECK;pservercluster1;Memory;1575806499
[1575806503] EXTERNAL COMMAND: SCHEDULE_FORCED_SVC_CHECK;pservercluster1;Memory;1575806502
[1575806508] EXTERNAL COMMAND: SCHEDULE_FORCED_SVC_CHECK;pservercluster1;Memory;1575806506
[1575806529] EXTERNAL COMMAND: SCHEDULE_FORCED_SVC_CHECK;pservercluster2;Memory;1575806528
[1575806529] SERVICE NOTIFICATION: nagiosadmin;pservercluster2;Memory;OK;notify-service-by-email;OK - 90.6% (22195996 kB) free.
[1575806529] SERVICE ALERT: pservercluster2;Memory;OK;HARD;1;OK - 90.6% (22195996 kB) free.
[1575806533] EXTERNAL COMMAND: SCHEDULE_FORCED_SVC_CHECK;pservercluster2;Memory;1575806531
[1575806536] EXTERNAL COMMAND: SCHEDULE_FORCED_SVC_CHECK;pservercluster2;Memory;1575806535
[1575806561] EXTERNAL COMMAND: SCHEDULE_FORCED_SVC_CHECK;sigqscluster1;Memory;1575806560
[1575806561] SERVICE ALERT: sigqscluster1;Memory;OK;HARD;1;OK - 79.3% (39091556 kB) free.
[1575806564] EXTERNAL COMMAND: SCHEDULE_FORCED_SVC_CHECK;sigqscluster1;Memory;1575806563
[1575806565] SERVICE ALERT: primary-server;Nginx Error Log Status;CRITICAL;SOFT;1;(40) < 2019/12/08 17:32:28 [error] 24131#0: *14596661 recv() failed (104: Connection reset by peer) while proxying connection, client: 169.38.76.212, server: 0.0.0.0:13000, upstream: "10.147.212.142:13000", bytes from/to client:43/0, bytes from/to upstream:0/43
[1575806625] EXTERNAL COMMAND: SCHEDULE_FORCED_SVC_CHECK;smscapp1;Memory;1575806624
[1575806626] SERVICE NOTIFICATION: nagiosadmin;smscapp1;Memory;OK;notify-service-by-email;OK - 87.1% (42927684 kB) free.
[1575806626] SERVICE ALERT: smscapp1;Memory;OK;HARD;1;OK - 87.1% (42927684 kB) free.
[1575806631] EXTERNAL COMMAND: SCHEDULE_FORCED_SVC_CHECK;smscapp1;Memory;1575806630
[1575806635] EXTERNAL COMMAND: SCHEDULE_FORCED_SVC_CHECK;smscapp1;Memory;1575806634
[1575806677] EXTERNAL COMMAND: SCHEDULE_FORCED_SVC_CHECK;sservercluster1;Memory;1575806676
[1575806677] SERVICE NOTIFICATION: nagiosadmin;sservercluster1;Memory;OK;notify-service-by-email;OK - 76.7% (18789280 kB) free.
[1575806677] SERVICE ALERT: sservercluster1;Memory;OK;HARD;1;OK - 76.7% (18789280 kB) free.
[1575806681] EXTERNAL COMMAND: SCHEDULE_FORCED_SVC_CHECK;sservercluster1;Memory;1575806680
[1575806685] EXTERNAL COMMAND: SCHEDULE_FORCED_SVC_CHECK;sservercluster1;Memory;1575806684
[1575806685] SERVICE ALERT: primary-server;Nginx Error Log Status;OK;HARD;1;Log check ok - 0 pattern matches found
[1575807285] SERVICE ALERT: primary-server;Nginx Error Log Status;CRITICAL;SOFT;1;(42) < 2019/12/08 17:36:40 [error] 24131#0: *14597708 recv() failed (104: Connection reset by peer) while proxying connection, client: 103.209.99.7, server: 0.0.0.0:13000, upstream: "10.147.212.143:13000", bytes from/to client:43/0, bytes from/to upstream:0/43
[1575807406] SERVICE ALERT: primary-server;Nginx Error Log Status;OK;HARD;1;Log check ok - 0 pattern matches found
[1575807708] SERVICE ALERT: pservercluster1;Memory;CRITICAL;SOFT;1;CRITICAL - 0.7% (171724 kB) free!
[1575807828] SERVICE ALERT: pservercluster1;Memory;CRITICAL;SOFT;2;CRITICAL - 0.7% (183160 kB) free!
[1575807948] SERVICE NOTIFICATION: nagiosadmin;pservercluster1;Memory;CRITICAL;notify-service-by-email;CRITICAL - 0.7% (176768 kB) free!
[1575807948] SERVICE ALERT: pservercluster1;Memory;CRITICAL;HARD;3;CRITICAL - 0.7% (176768 kB) free!
[1575808364] SERVICE ALERT: sigqscluster1;Memory;CRITICAL;SOFT;1;CRITICAL - 5.0% (2468552 kB) free!
[1575808484] SERVICE ALERT: sigqscluster1;Memory;CRITICAL;SOFT;2;CRITICAL - 0.5% (239340 kB) free!
[1575808552] SERVICE NOTIFICATION: nagiosadmin;smscapp2;HDD_Home status;OK;notify-service-by-email;DISK OK - free space: /home 197117 MB (87% inode=99%):
[1575808552] SERVICE ALERT: smscapp2;HDD_Home status;OK;HARD;1;DISK OK - free space: /home 197117 MB (87% inode=99%):
[1575808604] SERVICE ALERT: sigqscluster1;Memory;CRITICAL;HARD;3;CRITICAL - 0.5% (224192 kB) free!
[1575808605] SERVICE ALERT: primary-server;Nginx Error Log Status;CRITICAL;SOFT;1;(134) < 2019/12/08 18:00:20 [error] 24132#0: *14604255 no live upstreams while connecting to upstream, client: 210.212.235.210, server: 0.0.0.0:13000, upstream: "backend_13000", bytes from/to client:0/0, bytes from/to upstream:0/0
[1575808637] SERVICE ALERT: primary-server;Nginx Access Log Status;CRITICAL;SOFT;1;(85) < 210.212.235.210 [08/Dec/2019:18:00:20 +0530] TCP 502 0 0 0.000 "backend_13000" "0" "0" "0.000"
[1575808725] SERVICE ALERT: primary-server;Nginx Error Log Status;OK;HARD;1;Log check ok - 0 pattern matches found
[1575808757] SERVICE ALERT: primary-server;Nginx Access Log Status;OK;HARD;1;Log check ok - 0 pattern matches found
[1575809894] Auto-save of retention data completed successfully.
[1575810949] SERVICE NOTIFICATION: nagiosadmin;pservercluster1;Memory;OK;notify-service-by-email;OK - 40.0% (9871788 kB) free.
[1575810949] SERVICE ALERT: pservercluster1;Memory;OK;HARD;1;OK - 40.0% (9871788 kB) free.
[1575811004] SERVICE ALERT: sigqscluster1;Memory;OK;HARD;1;OK - 42.2% (20802040 kB) free.
[1575812149] SERVICE ALERT: pservercluster1;Memory;WARNING;SOFT;1;WARNING - 19.4% (4787108 kB) free!
[1575812269] SERVICE ALERT: pservercluster1;Memory;OK;HARD;1;OK - 21.2% (5237196 kB) free.
[1575812325] SERVICE ALERT: primary-server;Nginx Error Log Status;CRITICAL;SOFT;1;(92) < 2019/12/08 19:00:13 [error] 24130#0: *14619729 recv() failed (104: Connection reset by peer) while proxying connection, client: 103.209.99.7, server: 0.0.0.0:13000, upstream: "10.147.212.154:13000", bytes from/to client:43/0, bytes from/to upstream:0/43
[1575812445] SERVICE ALERT: primary-server;Nginx Error Log Status;OK;HARD;1;Log check ok - 0 pattern matches found
[1575812869] SERVICE ALERT: pservercluster1;Memory;CRITICAL;SOFT;1;CRITICAL - 9.9% (2451804 kB) free!
[1575812989] SERVICE ALERT: pservercluster1;Memory;CRITICAL;SOFT;2;CRITICAL - 9.9% (2438804 kB) free!
[1575813109] SERVICE FLAPPING ALERT: pservercluster1;Memory;STARTED; Service appears to have started flapping (21.8% change >= 20.0% threshold)
[1575813109] SERVICE ALERT: pservercluster1;Memory;CRITICAL;HARD;3;CRITICAL - 9.9% (2440488 kB) free!
[1575813494] Auto-save of retention data completed successfully.
[1575815445] SERVICE ALERT: primary-server;Nginx Error Log Status;CRITICAL;SOFT;1;(167) < 2019/12/08 20:00:03 [error] 24130#0: *14635430 recv() failed (104: Connection reset by peer) while proxying connection, client: 169.38.76.212, server: 0.0.0.0:13000, upstream: "10.147.212.143:13000", bytes from/to client:43/0, bytes from/to upstream:0/43
[1575815565] SERVICE ALERT: primary-server;Nginx Error Log Status;OK;HARD;1;Log check ok - 0 pattern matches found
[1575817094] Auto-save of retention data completed successfully.
[1575818566] SERVICE ALERT: primary-server;Nginx Error Log Status;CRITICAL;SOFT;1;(39) < 2019/12/08 20:52:40 [error] 24130#0: *14649646 recv() failed (104: Connection reset by peer) while proxying connection, client: 180.179.244.32, server: 0.0.0.0:13000, upstream: "10.147.212.142:13000", bytes from/to client:42/0, bytes from/to upstream:0/42
[1575818686] SERVICE ALERT: primary-server;Nginx Error Log Status;CRITICAL;SOFT;2;(44) < 2019/12/08 20:54:13 [error] 24130#0: *14650028 recv() failed (104: Connection reset by peer) while proxying connection, client: 180.179.244.32, server: 0.0.0.0:13000, upstream: "10.147.212.155:13000", bytes from/to client:42/0, bytes from/to upstream:0/42
[1575818806] SERVICE NOTIFICATION: nagiosadmin;primary-server;Nginx Error Log Status;CRITICAL;notify-service-by-email;(38) < 2019/12/08 20:56:44 [error] 24130#0: *14650611 recv() failed (104: Connection reset by peer) while proxying connection, client: 169.38.76.212, server: 0.0.0.0:13000, upstream: "10.147.212.154:13000", bytes from/to client:43/0, bytes from/to upstream:0/43
[1575818806] SERVICE ALERT: primary-server;Nginx Error Log Status;CRITICAL;HARD;3;(38) < 2019/12/08 20:56:44 [error] 24130#0: *14650611 recv() failed (104: Connection reset by peer) while proxying connection, client: 169.38.76.212, server: 0.0.0.0:13000, upstream: "10.147.212.154:13000", bytes from/to client:43/0, bytes from/to upstream:0/43
[1575820006] SERVICE NOTIFICATION: nagiosadmin;primary-server;Nginx Error Log Status;OK;notify-service-by-email;Log check ok - 0 pattern matches found
[1575820006] SERVICE ALERT: primary-server;Nginx Error Log Status;OK;HARD;1;Log check ok - 0 pattern matches found
[1575820605] SERVICE FLAPPING ALERT: sigqscluster1;Memory;STOPPED; Service appears to have stopped flapping (4.1% change < 5.0% threshold)
[1575820694] Auto-save of retention data completed successfully.
[1575822407] SERVICE ALERT: primary-server;Nginx Error Log Status;CRITICAL;SOFT;1;(113) < 2019/12/08 21:55:26 [error] 24130#0: *14665646 recv() failed (104: Connection reset by peer) while proxying connection, client: 169.38.76.212, server: 0.0.0.0:13000, upstream: "10.147.212.154:13000", bytes from/to client:43/0, bytes from/to upstream:0/43
[1575822527] SERVICE ALERT: primary-server;Nginx Error Log Status;CRITICAL;SOFT;2;(37) < 2019/12/08 21:57:38 [error] 24130#0: *14666312 recv() failed (104: Connection reset by peer) while proxying connection, client: 180.179.244.32, server: 0.0.0.0:13000, upstream: "10.147.212.143:13000", bytes from/to client:42/0, bytes from/to upstream:0/42
[1575822647] SERVICE ALERT: primary-server;Nginx Error Log Status;OK;HARD;1;Log check ok - 0 pattern matches found
[1575823309] SERVICE FLAPPING ALERT: pservercluster1;Memory;STOPPED; Service appears to have stopped flapping (4.0% change < 5.0% threshold)
[1575823309] SERVICE NOTIFICATION: nagiosadmin;pservercluster1;Memory;CRITICAL;notify-service-by-email;CRITICAL - 0.9% (221680 kB) free!
[1575824294] Auto-save of retention data completed successfully.
[1575825648] SERVICE ALERT: primary-server;Nginx Error Log Status;CRITICAL;SOFT;1;(35) < 2019/12/08 22:49:36 [error] 24121#0: *14680179 recv() failed (104: Connection reset by peer) while proxying connection, client: 180.179.244.32, server: 0.0.0.0:13000, upstream: "10.147.212.142:13000", bytes from/to client:42/0, bytes from/to upstream:0/42
[1575825768] SERVICE ALERT: primary-server;Nginx Error Log Status;CRITICAL;SOFT;2;(73) < 2019/12/08 22:52:33 [error] 24130#0: *14680888 recv() failed (104: Connection reset by peer) while proxying connection, client: 185.255.8.58, server: 0.0.0.0:13000, upstream: "10.147.212.155:13000", bytes from/to client:39/0, bytes from/to upstream:0/39
[1575825888] SERVICE ALERT: primary-server;Nginx Error Log Status;OK;HARD;1;Log check ok - 0 pattern matches found
[1575826488] SERVICE ALERT: primary-server;Nginx Error Log Status;CRITICAL;SOFT;1;(39) < 2019/12/08 22:56:09 [error] 24130#0: *14681715 recv() failed (104: Connection reset by peer) while proxying connection, client: 94.237.68.73, server: 0.0.0.0:13000, upstream: "10.147.212.143:13000", bytes from/to client:39/0, bytes from/to upstream:0/39
[1575826608] SERVICE ALERT: primary-server;Nginx Error Log Status;OK;HARD;1;Log check ok - 0 pattern matches found
[1575826909] SERVICE NOTIFICATION: nagiosadmin;pservercluster1;Memory;CRITICAL;notify-service-by-email;CRITICAL - 1.0% (241692 kB) free!
[1575827894] Auto-save of retention data completed successfully.
[1575829008] SERVICE ALERT: primary-server;Nginx Error Log Status;CRITICAL;SOFT;1;(39) < 2019/12/08 23:46:44 [error] 24130#0: *14695253 recv() failed (104: Connection reset by peer) while proxying connection, client: 94.237.68.73, server: 0.0.0.0:13000, upstream: "10.147.212.142:13000", bytes from/to client:39/0, bytes from/to upstream:0/39
[1575829128] SERVICE ALERT: primary-server;Nginx Error Log Status;OK;HARD;1;Log check ok - 0 pattern matches found
[1575829728] SERVICE ALERT: primary-server;Nginx Error Log Status;CRITICAL;SOFT;1;(88) < 2019/12/08 23:53:46 [error] 24130#0: *14696911 recv() failed (104: Connection reset by peer) while proxying connection, client: 169.38.76.212, server: 0.0.0.0:13000, upstream: "10.147.212.143:13000", bytes from/to client:43/0, bytes from/to upstream:0/43
