[1542479400] LOG ROTATION: DAILY
[1542479400] LOG VERSION: 2.0
[1542479400] CURRENT HOST STATE: localhost;UP;HARD;1;PING OK - Packet loss = 0%, RTA = 0.08 ms
[1542479400] CURRENT HOST STATE: prinary-server;UP;HARD;1;PING OK - Packet loss = 0%, RTA = 0.40 ms
[1542479400] CURRENT HOST STATE: pservercluster1;UP;HARD;1;PING OK - Packet loss = 0%, RTA = 0.32 ms
[1542479400] CURRENT HOST STATE: pservercluster2;UP;HARD;1;PING OK - Packet loss = 0%, RTA = 0.46 ms
[1542479400] CURRENT HOST STATE: secondary-server;UP;HARD;1;PING OK - Packet loss = 0%, RTA = 0.41 ms
[1542479400] CURRENT HOST STATE: smscapp2;UP;HARD;1;PING OK - Packet loss = 0%, RTA = 0.41 ms
[1542479400] CURRENT HOST STATE: sservercluster1;UP;HARD;1;PING OK - Packet loss = 0%, RTA = 0.40 ms
[1542479400] CURRENT HOST STATE: webserver1;UP;HARD;1;PING OK - Packet loss = 0%, RTA = 0.46 ms
[1542479400] CURRENT HOST STATE: webservercluster1;UP;HARD;1;PING OK - Packet loss = 0%, RTA = 0.43 ms
[1542479400] CURRENT HOST STATE: webservercluster2;UP;HARD;1;PING OK - Packet loss = 0%, RTA = 0.40 ms
[1542479400] CURRENT SERVICE STATE: localhost;Current Load;OK;HARD;1;OK - load average: 0.00, 0.01, 0.05
[1542479400] CURRENT SERVICE STATE: localhost;Current Users;OK;HARD;1;USERS OK - 10 users currently logged in
[1542479400] CURRENT SERVICE STATE: localhost;HTTP;WARNING;HARD;4;HTTP WARNING: HTTP/1.1 403 Forbidden - 5253 bytes in 0.002 second response time
[1542479400] CURRENT SERVICE STATE: localhost;PING;OK;HARD;1;PING OK - Packet loss = 0%, RTA = 0.08 ms
[1542479400] CURRENT SERVICE STATE: localhost;Root Partition;OK;HARD;1;DISK OK - free space: / 40738 MB (79.60% inode=99%):
[1542479400] CURRENT SERVICE STATE: localhost;SSH;OK;HARD;1;SSH OK - OpenSSH_7.4 (protocol 2.0)
[1542479400] CURRENT SERVICE STATE: localhost;Swap Usage;OK;HARD;1;SWAP OK - 100% free (8063 MB out of 8063 MB)
[1542479400] CURRENT SERVICE STATE: localhost;Total Processes;OK;HARD;1;PROCS OK: 157 processes with STATE = RSZDT
[1542479400] CURRENT SERVICE STATE: prinary-server;CPU Load;OK;HARD;1;OK - load average: 0.00, 0.01, 0.05
[1542479400] CURRENT SERVICE STATE: prinary-server;Current Users;OK;HARD;1;USERS OK - 2 users currently logged in
[1542479400] CURRENT SERVICE STATE: prinary-server;HDD status;CRITICAL;HARD;3;NRPE: Command 'check_dev/mapper/centos-home' not defined
[1542479400] CURRENT SERVICE STATE: prinary-server;LocalService-NTPD SERVICE;OK;HARD;1;PROCS OK: 2 processes with command name 'ntpd'
[1542479400] CURRENT SERVICE STATE: prinary-server;Total Processes;OK;HARD;1;PROCS OK: 327 processes
[1542479400] CURRENT SERVICE STATE: pservercluster1;CPU Load;UNKNOWN;HARD;3;Parameter inconsistency: 1-minute "warning load" is greater than "critical load"
[1542479400] CURRENT SERVICE STATE: pservercluster1;Current Users;OK;HARD;1;USERS OK - 3 users currently logged in
[1542479400] CURRENT SERVICE STATE: pservercluster1;HDD status;OK;HARD;1;DISK OK - free space: /home 217485 MB (96% inode=99%):
[1542479400] CURRENT SERVICE STATE: pservercluster1;LocalService-NTPD SERVICE;OK;HARD;1;PROCS OK: 2 processes with command name 'ntpd'
[1542479400] CURRENT SERVICE STATE: pservercluster1;Total Processes;OK;HARD;1;PROCS OK: 338 processes
[1542479400] CURRENT SERVICE STATE: pservercluster2;CPU Load;OK;HARD;1;OK - load average: 0.92, 0.61, 0.32
[1542479400] CURRENT SERVICE STATE: pservercluster2;Current Users;OK;HARD;1;USERS OK - 1 users currently logged in
[1542479400] CURRENT SERVICE STATE: pservercluster2;HDD status;OK;HARD;1;DISK OK - free space: /home 224704 MB (99% inode=99%):
[1542479400] CURRENT SERVICE STATE: pservercluster2;LocalService-NTPD SERVICE;OK;HARD;1;PROCS OK: 2 processes with command name 'ntpd'
[1542479400] CURRENT SERVICE STATE: pservercluster2;Total Processes;OK;HARD;1;PROCS OK: 323 processes
[1542479400] CURRENT SERVICE STATE: secondary-server;CPU Load;OK;HARD;1;OK - load average: 0.00, 0.03, 0.22
[1542479400] CURRENT SERVICE STATE: secondary-server;Current Users;OK;HARD;1;USERS OK - 2 users currently logged in
[1542479400] CURRENT SERVICE STATE: secondary-server;HDD status;OK;HARD;1;DISK OK - free space: /home 224704 MB (99% inode=99%):
[1542479400] CURRENT SERVICE STATE: secondary-server;LocalService-NTPD SERVICE;OK;HARD;1;PROCS OK: 2 processes with command name 'ntpd'
[1542479400] CURRENT SERVICE STATE: secondary-server;Total Processes;OK;HARD;1;PROCS OK: 344 processes
[1542479400] CURRENT SERVICE STATE: smscapp2;CPU Load;OK;HARD;1;OK - load average: 0.00, 0.01, 0.05
[1542479400] CURRENT SERVICE STATE: smscapp2;Current Users;OK;HARD;1;USERS OK - 2 users currently logged in
[1542479400] CURRENT SERVICE STATE: smscapp2;HDD status;CRITICAL;HARD;3;NRPE: Command 'check_dev/mapper/centos-home' not defined
[1542479400] CURRENT SERVICE STATE: smscapp2;LocalService-NTPD SERVICE;OK;HARD;1;PROCS OK: 2 processes with command name 'ntpd'
[1542479400] CURRENT SERVICE STATE: smscapp2;Total Processes;OK;HARD;1;PROCS OK: 325 processes
[1542479400] CURRENT SERVICE STATE: sservercluster1;CPU Load;OK;HARD;1;OK - load average: 0.00, 0.02, 0.17
[1542479400] CURRENT SERVICE STATE: sservercluster1;Current Users;OK;HARD;1;USERS OK - 2 users currently logged in
[1542479400] CURRENT SERVICE STATE: sservercluster1;HDD status;OK;HARD;1;DISK OK - free space: /home 224008 MB (99% inode=99%):
[1542479400] CURRENT SERVICE STATE: sservercluster1;LocalService-NTPD SERVICE;OK;HARD;1;PROCS OK: 2 processes with command name 'ntpd'
[1542479400] CURRENT SERVICE STATE: sservercluster1;Total Processes;OK;HARD;1;PROCS OK: 331 processes
[1542479400] CURRENT SERVICE STATE: webserver1;CPU Load;OK;HARD;1;OK - load average: 0.00, 0.01, 0.05
[1542479400] CURRENT SERVICE STATE: webserver1;Current Users;OK;HARD;1;USERS OK - 2 users currently logged in
[1542479400] CURRENT SERVICE STATE: webserver1;HDD status;OK;HARD;1;DISK OK - free space: /home 224832 MB (99% inode=99%):
[1542479400] CURRENT SERVICE STATE: webserver1;LocalService-NTPD SERVICE;OK;HARD;1;PROCS OK: 2 processes with command name 'ntpd'
[1542479400] CURRENT SERVICE STATE: webserver1;Total Processes;OK;HARD;1;PROCS OK: 345 processes
[1542479400] CURRENT SERVICE STATE: webservercluster1;CPU Load;OK;HARD;1;OK - load average: 0.00, 0.10, 0.33
[1542479400] CURRENT SERVICE STATE: webservercluster1;Current Users;OK;HARD;1;USERS OK - 2 users currently logged in
[1542479400] CURRENT SERVICE STATE: webservercluster1;HDD status;OK;HARD;1;DISK OK - free space: /home 224705 MB (99% inode=99%):
[1542479400] CURRENT SERVICE STATE: webservercluster1;LocalService-NTPD SERVICE;OK;HARD;1;PROCS OK: 1 process with command name 'ntpd'
[1542479400] CURRENT SERVICE STATE: webservercluster1;Total Processes;OK;HARD;1;PROCS OK: 334 processes
[1542479400] CURRENT SERVICE STATE: webservercluster2;CPU Load;OK;HARD;1;OK - load average: 0.74, 0.81, 0.61
[1542479400] CURRENT SERVICE STATE: webservercluster2;Current Users;OK;HARD;1;USERS OK - 2 users currently logged in
[1542479400] CURRENT SERVICE STATE: webservercluster2;HDD status;OK;HARD;1;DISK OK - free space: /home 224705 MB (99% inode=99%):
[1542479400] CURRENT SERVICE STATE: webservercluster2;LocalService-NTPD SERVICE;OK;HARD;1;PROCS OK: 2 processes with command name 'ntpd'
[1542479400] CURRENT SERVICE STATE: webservercluster2;Total Processes;OK;HARD;1;PROCS OK: 335 processes
[1542479629] SERVICE NOTIFICATION: nagiosadmin;smscapp2;HDD status;CRITICAL;notify-service-by-email;NRPE: Command 'check_dev/mapper/centos-home' not defined
[1542480520] SERVICE NOTIFICATION: nagiosadmin;localhost;HTTP;WARNING;notify-service-by-email;HTTP WARNING: HTTP/1.1 403 Forbidden - 5253 bytes in 0.001 second response time
[1542481798] SERVICE NOTIFICATION: nagiosadmin;prinary-server;HDD status;CRITICAL;notify-service-by-email;NRPE: Command 'check_dev/mapper/centos-home' not defined
[1542482193] SERVICE NOTIFICATION: nagiosadmin;pservercluster1;CPU Load;UNKNOWN;notify-service-by-email;Parameter inconsistency: 1-minute "warning load" is greater than "critical load"
[1542482706] Auto-save of retention data completed successfully.
[1542483229] SERVICE NOTIFICATION: nagiosadmin;smscapp2;HDD status;CRITICAL;notify-service-by-email;NRPE: Command 'check_dev/mapper/centos-home' not defined
[1542484120] SERVICE NOTIFICATION: nagiosadmin;localhost;HTTP;WARNING;notify-service-by-email;HTTP WARNING: HTTP/1.1 403 Forbidden - 5253 bytes in 0.001 second response time
[1542485398] SERVICE NOTIFICATION: nagiosadmin;prinary-server;HDD status;CRITICAL;notify-service-by-email;NRPE: Command 'check_dev/mapper/centos-home' not defined
[1542485793] SERVICE NOTIFICATION: nagiosadmin;pservercluster1;CPU Load;UNKNOWN;notify-service-by-email;Parameter inconsistency: 1-minute "warning load" is greater than "critical load"
[1542486306] Auto-save of retention data completed successfully.
[1542486829] SERVICE NOTIFICATION: nagiosadmin;smscapp2;HDD status;CRITICAL;notify-service-by-email;NRPE: Command 'check_dev/mapper/centos-home' not defined
[1542487720] SERVICE NOTIFICATION: nagiosadmin;localhost;HTTP;WARNING;notify-service-by-email;HTTP WARNING: HTTP/1.1 403 Forbidden - 5253 bytes in 0.002 second response time
[1542488998] SERVICE NOTIFICATION: nagiosadmin;prinary-server;HDD status;CRITICAL;notify-service-by-email;NRPE: Command 'check_dev/mapper/centos-home' not defined
[1542489393] SERVICE NOTIFICATION: nagiosadmin;pservercluster1;CPU Load;UNKNOWN;notify-service-by-email;Parameter inconsistency: 1-minute "warning load" is greater than "critical load"
[1542489906] Auto-save of retention data completed successfully.
[1542490429] SERVICE NOTIFICATION: nagiosadmin;smscapp2;HDD status;CRITICAL;notify-service-by-email;NRPE: Command 'check_dev/mapper/centos-home' not defined
[1542491320] SERVICE NOTIFICATION: nagiosadmin;localhost;HTTP;WARNING;notify-service-by-email;HTTP WARNING: HTTP/1.1 403 Forbidden - 5253 bytes in 0.002 second response time
[1542492598] SERVICE NOTIFICATION: nagiosadmin;prinary-server;HDD status;CRITICAL;notify-service-by-email;NRPE: Command 'check_dev/mapper/centos-home' not defined
[1542492994] SERVICE NOTIFICATION: nagiosadmin;pservercluster1;CPU Load;UNKNOWN;notify-service-by-email;Parameter inconsistency: 1-minute "warning load" is greater than "critical load"
[1542493506] Auto-save of retention data completed successfully.
[1542494029] SERVICE NOTIFICATION: nagiosadmin;smscapp2;HDD status;CRITICAL;notify-service-by-email;NRPE: Command 'check_dev/mapper/centos-home' not defined
[1542494920] SERVICE NOTIFICATION: nagiosadmin;localhost;HTTP;WARNING;notify-service-by-email;HTTP WARNING: HTTP/1.1 403 Forbidden - 5253 bytes in 0.001 second response time
[1542496198] SERVICE NOTIFICATION: nagiosadmin;prinary-server;HDD status;CRITICAL;notify-service-by-email;NRPE: Command 'check_dev/mapper/centos-home' not defined
[1542497106] Auto-save of retention data completed successfully.
[1542497193] SERVICE NOTIFICATION: nagiosadmin;pservercluster1;CPU Load;UNKNOWN;notify-service-by-email;Parameter inconsistency: 1-minute "warning load" is greater than "critical load"
[1542497629] SERVICE NOTIFICATION: nagiosadmin;smscapp2;HDD status;CRITICAL;notify-service-by-email;NRPE: Command 'check_dev/mapper/centos-home' not defined
[1542498520] SERVICE NOTIFICATION: nagiosadmin;localhost;HTTP;WARNING;notify-service-by-email;HTTP WARNING: HTTP/1.1 403 Forbidden - 5253 bytes in 0.002 second response time
[1542499798] SERVICE NOTIFICATION: nagiosadmin;prinary-server;HDD status;CRITICAL;notify-service-by-email;NRPE: Command 'check_dev/mapper/centos-home' not defined
[1542500706] Auto-save of retention data completed successfully.
[1542500793] SERVICE NOTIFICATION: nagiosadmin;pservercluster1;CPU Load;UNKNOWN;notify-service-by-email;Parameter inconsistency: 1-minute "warning load" is greater than "critical load"
[1542501229] SERVICE NOTIFICATION: nagiosadmin;smscapp2;HDD status;CRITICAL;notify-service-by-email;NRPE: Command 'check_dev/mapper/centos-home' not defined
[1542502120] SERVICE NOTIFICATION: nagiosadmin;localhost;HTTP;WARNING;notify-service-by-email;HTTP WARNING: HTTP/1.1 403 Forbidden - 5253 bytes in 0.002 second response time
[1542503398] SERVICE NOTIFICATION: nagiosadmin;prinary-server;HDD status;CRITICAL;notify-service-by-email;NRPE: Command 'check_dev/mapper/centos-home' not defined
[1542504306] Auto-save of retention data completed successfully.
[1542504393] SERVICE NOTIFICATION: nagiosadmin;pservercluster1;CPU Load;UNKNOWN;notify-service-by-email;Parameter inconsistency: 1-minute "warning load" is greater than "critical load"
[1542504829] SERVICE NOTIFICATION: nagiosadmin;smscapp2;HDD status;CRITICAL;notify-service-by-email;NRPE: Command 'check_dev/mapper/centos-home' not defined
[1542505720] SERVICE NOTIFICATION: nagiosadmin;localhost;HTTP;WARNING;notify-service-by-email;HTTP WARNING: HTTP/1.1 403 Forbidden - 5253 bytes in 0.002 second response time
[1542506998] SERVICE NOTIFICATION: nagiosadmin;prinary-server;HDD status;CRITICAL;notify-service-by-email;NRPE: Command 'check_dev/mapper/centos-home' not defined
[1542507906] Auto-save of retention data completed successfully.
[1542507993] SERVICE NOTIFICATION: nagiosadmin;pservercluster1;CPU Load;UNKNOWN;notify-service-by-email;Parameter inconsistency: 1-minute "warning load" is greater than "critical load"
[1542508429] SERVICE NOTIFICATION: nagiosadmin;smscapp2;HDD status;CRITICAL;notify-service-by-email;NRPE: Command 'check_dev/mapper/centos-home' not defined
[1542509320] SERVICE NOTIFICATION: nagiosadmin;localhost;HTTP;WARNING;notify-service-by-email;HTTP WARNING: HTTP/1.1 403 Forbidden - 5253 bytes in 0.001 second response time
[1542510598] SERVICE NOTIFICATION: nagiosadmin;prinary-server;HDD status;CRITICAL;notify-service-by-email;NRPE: Command 'check_dev/mapper/centos-home' not defined
[1542511506] Auto-save of retention data completed successfully.
[1542511593] SERVICE NOTIFICATION: nagiosadmin;pservercluster1;CPU Load;UNKNOWN;notify-service-by-email;Parameter inconsistency: 1-minute "warning load" is greater than "critical load"
[1542512029] SERVICE NOTIFICATION: nagiosadmin;smscapp2;HDD status;CRITICAL;notify-service-by-email;NRPE: Command 'check_dev/mapper/centos-home' not defined
[1542512920] SERVICE NOTIFICATION: nagiosadmin;localhost;HTTP;WARNING;notify-service-by-email;HTTP WARNING: HTTP/1.1 403 Forbidden - 5253 bytes in 0.002 second response time
[1542514198] SERVICE NOTIFICATION: nagiosadmin;prinary-server;HDD status;CRITICAL;notify-service-by-email;NRPE: Command 'check_dev/mapper/centos-home' not defined
[1542515106] Auto-save of retention data completed successfully.
[1542515193] SERVICE NOTIFICATION: nagiosadmin;pservercluster1;CPU Load;UNKNOWN;notify-service-by-email;Parameter inconsistency: 1-minute "warning load" is greater than "critical load"
[1542515629] SERVICE NOTIFICATION: nagiosadmin;smscapp2;HDD status;CRITICAL;notify-service-by-email;NRPE: Command 'check_dev/mapper/centos-home' not defined
[1542516520] SERVICE NOTIFICATION: nagiosadmin;localhost;HTTP;WARNING;notify-service-by-email;HTTP WARNING: HTTP/1.1 403 Forbidden - 5253 bytes in 0.002 second response time
[1542517798] SERVICE NOTIFICATION: nagiosadmin;prinary-server;HDD status;CRITICAL;notify-service-by-email;NRPE: Command 'check_dev/mapper/centos-home' not defined
[1542518706] Auto-save of retention data completed successfully.
[1542518793] SERVICE NOTIFICATION: nagiosadmin;pservercluster1;CPU Load;UNKNOWN;notify-service-by-email;Parameter inconsistency: 1-minute "warning load" is greater than "critical load"
[1542519229] SERVICE NOTIFICATION: nagiosadmin;smscapp2;HDD status;CRITICAL;notify-service-by-email;NRPE: Command 'check_dev/mapper/centos-home' not defined
[1542520120] SERVICE NOTIFICATION: nagiosadmin;localhost;HTTP;WARNING;notify-service-by-email;HTTP WARNING: HTTP/1.1 403 Forbidden - 5253 bytes in 0.001 second response time
[1542521398] SERVICE NOTIFICATION: nagiosadmin;prinary-server;HDD status;CRITICAL;notify-service-by-email;NRPE: Command 'check_dev/mapper/centos-home' not defined
[1542522306] Auto-save of retention data completed successfully.
[1542522393] SERVICE NOTIFICATION: nagiosadmin;pservercluster1;CPU Load;UNKNOWN;notify-service-by-email;Parameter inconsistency: 1-minute "warning load" is greater than "critical load"
[1542522829] SERVICE NOTIFICATION: nagiosadmin;smscapp2;HDD status;CRITICAL;notify-service-by-email;NRPE: Command 'check_dev/mapper/centos-home' not defined
[1542523720] SERVICE NOTIFICATION: nagiosadmin;localhost;HTTP;WARNING;notify-service-by-email;HTTP WARNING: HTTP/1.1 403 Forbidden - 5253 bytes in 0.001 second response time
[1542524998] SERVICE NOTIFICATION: nagiosadmin;prinary-server;HDD status;CRITICAL;notify-service-by-email;NRPE: Command 'check_dev/mapper/centos-home' not defined
[1542525906] Auto-save of retention data completed successfully.
[1542525993] SERVICE NOTIFICATION: nagiosadmin;pservercluster1;CPU Load;UNKNOWN;notify-service-by-email;Parameter inconsistency: 1-minute "warning load" is greater than "critical load"
[1542526429] SERVICE NOTIFICATION: nagiosadmin;smscapp2;HDD status;CRITICAL;notify-service-by-email;NRPE: Command 'check_dev/mapper/centos-home' not defined
[1542527320] SERVICE NOTIFICATION: nagiosadmin;localhost;HTTP;WARNING;notify-service-by-email;HTTP WARNING: HTTP/1.1 403 Forbidden - 5253 bytes in 0.001 second response time
[1542528599] SERVICE NOTIFICATION: nagiosadmin;prinary-server;HDD status;CRITICAL;notify-service-by-email;NRPE: Command 'check_dev/mapper/centos-home' not defined
[1542529506] Auto-save of retention data completed successfully.
[1542529593] SERVICE NOTIFICATION: nagiosadmin;pservercluster1;CPU Load;UNKNOWN;notify-service-by-email;Parameter inconsistency: 1-minute "warning load" is greater than "critical load"
[1542530029] SERVICE NOTIFICATION: nagiosadmin;smscapp2;HDD status;CRITICAL;notify-service-by-email;NRPE: Command 'check_dev/mapper/centos-home' not defined
[1542530920] SERVICE NOTIFICATION: nagiosadmin;localhost;HTTP;WARNING;notify-service-by-email;HTTP WARNING: HTTP/1.1 403 Forbidden - 5253 bytes in 0.001 second response time
[1542532798] SERVICE NOTIFICATION: nagiosadmin;prinary-server;HDD status;CRITICAL;notify-service-by-email;NRPE: Command 'check_dev/mapper/centos-home' not defined
[1542533106] Auto-save of retention data completed successfully.
[1542533193] SERVICE NOTIFICATION: nagiosadmin;pservercluster1;CPU Load;UNKNOWN;notify-service-by-email;Parameter inconsistency: 1-minute "warning load" is greater than "critical load"
[1542533629] SERVICE NOTIFICATION: nagiosadmin;smscapp2;HDD status;CRITICAL;notify-service-by-email;NRPE: Command 'check_dev/mapper/centos-home' not defined
[1542534520] SERVICE NOTIFICATION: nagiosadmin;localhost;HTTP;WARNING;notify-service-by-email;HTTP WARNING: HTTP/1.1 403 Forbidden - 5253 bytes in 0.002 second response time
[1542536398] SERVICE NOTIFICATION: nagiosadmin;prinary-server;HDD status;CRITICAL;notify-service-by-email;NRPE: Command 'check_dev/mapper/centos-home' not defined
[1542536706] Auto-save of retention data completed successfully.
[1542536793] SERVICE NOTIFICATION: nagiosadmin;pservercluster1;CPU Load;UNKNOWN;notify-service-by-email;Parameter inconsistency: 1-minute "warning load" is greater than "critical load"
[1542537229] SERVICE NOTIFICATION: nagiosadmin;smscapp2;HDD status;CRITICAL;notify-service-by-email;NRPE: Command 'check_dev/mapper/centos-home' not defined
[1542538120] SERVICE NOTIFICATION: nagiosadmin;localhost;HTTP;WARNING;notify-service-by-email;HTTP WARNING: HTTP/1.1 403 Forbidden - 5253 bytes in 0.001 second response time
[1542539998] SERVICE NOTIFICATION: nagiosadmin;prinary-server;HDD status;CRITICAL;notify-service-by-email;NRPE: Command 'check_dev/mapper/centos-home' not defined
[1542540306] Auto-save of retention data completed successfully.
[1542540393] SERVICE NOTIFICATION: nagiosadmin;pservercluster1;CPU Load;UNKNOWN;notify-service-by-email;Parameter inconsistency: 1-minute "warning load" is greater than "critical load"
[1542540829] SERVICE NOTIFICATION: nagiosadmin;smscapp2;HDD status;CRITICAL;notify-service-by-email;NRPE: Command 'check_dev/mapper/centos-home' not defined
[1542541720] SERVICE NOTIFICATION: nagiosadmin;localhost;HTTP;WARNING;notify-service-by-email;HTTP WARNING: HTTP/1.1 403 Forbidden - 5253 bytes in 0.001 second response time
[1542543598] SERVICE NOTIFICATION: nagiosadmin;prinary-server;HDD status;CRITICAL;notify-service-by-email;NRPE: Command 'check_dev/mapper/centos-home' not defined
[1542543906] Auto-save of retention data completed successfully.
[1542543993] SERVICE NOTIFICATION: nagiosadmin;pservercluster1;CPU Load;UNKNOWN;notify-service-by-email;Parameter inconsistency: 1-minute "warning load" is greater than "critical load"
[1542544429] SERVICE NOTIFICATION: nagiosadmin;smscapp2;HDD status;CRITICAL;notify-service-by-email;NRPE: Command 'check_dev/mapper/centos-home' not defined
[1542545320] SERVICE NOTIFICATION: nagiosadmin;localhost;HTTP;WARNING;notify-service-by-email;HTTP WARNING: HTTP/1.1 403 Forbidden - 5253 bytes in 0.002 second response time
[1542547198] SERVICE NOTIFICATION: nagiosadmin;prinary-server;HDD status;CRITICAL;notify-service-by-email;NRPE: Command 'check_dev/mapper/centos-home' not defined
[1542547506] Auto-save of retention data completed successfully.
[1542547593] SERVICE NOTIFICATION: nagiosadmin;pservercluster1;CPU Load;UNKNOWN;notify-service-by-email;Parameter inconsistency: 1-minute "warning load" is greater than "critical load"
[1542548029] SERVICE NOTIFICATION: nagiosadmin;smscapp2;HDD status;CRITICAL;notify-service-by-email;NRPE: Command 'check_dev/mapper/centos-home' not defined
[1542548920] SERVICE NOTIFICATION: nagiosadmin;localhost;HTTP;WARNING;notify-service-by-email;HTTP WARNING: HTTP/1.1 403 Forbidden - 5253 bytes in 0.002 second response time
[1542550798] SERVICE NOTIFICATION: nagiosadmin;prinary-server;HDD status;CRITICAL;notify-service-by-email;NRPE: Command 'check_dev/mapper/centos-home' not defined
[1542551106] Auto-save of retention data completed successfully.
[1542551193] SERVICE NOTIFICATION: nagiosadmin;pservercluster1;CPU Load;UNKNOWN;notify-service-by-email;Parameter inconsistency: 1-minute "warning load" is greater than "critical load"
[1542551629] SERVICE NOTIFICATION: nagiosadmin;smscapp2;HDD status;CRITICAL;notify-service-by-email;NRPE: Command 'check_dev/mapper/centos-home' not defined
[1542552520] SERVICE NOTIFICATION: nagiosadmin;localhost;HTTP;WARNING;notify-service-by-email;HTTP WARNING: HTTP/1.1 403 Forbidden - 5253 bytes in 0.001 second response time
[1542554398] SERVICE NOTIFICATION: nagiosadmin;prinary-server;HDD status;CRITICAL;notify-service-by-email;NRPE: Command 'check_dev/mapper/centos-home' not defined
[1542554706] Auto-save of retention data completed successfully.
[1542554793] SERVICE NOTIFICATION: nagiosadmin;pservercluster1;CPU Load;UNKNOWN;notify-service-by-email;Parameter inconsistency: 1-minute "warning load" is greater than "critical load"
[1542555231] SERVICE NOTIFICATION: nagiosadmin;smscapp2;HDD status;CRITICAL;notify-service-by-email;NRPE: Command 'check_dev/mapper/centos-home' not defined
[1542556120] SERVICE NOTIFICATION: nagiosadmin;localhost;HTTP;WARNING;notify-service-by-email;HTTP WARNING: HTTP/1.1 403 Forbidden - 5253 bytes in 0.002 second response time
[1542557998] SERVICE NOTIFICATION: nagiosadmin;prinary-server;HDD status;CRITICAL;notify-service-by-email;NRPE: Command 'check_dev/mapper/centos-home' not defined
[1542558306] Auto-save of retention data completed successfully.
[1542558393] SERVICE NOTIFICATION: nagiosadmin;pservercluster1;CPU Load;UNKNOWN;notify-service-by-email;Parameter inconsistency: 1-minute "warning load" is greater than "critical load"
[1542558831] SERVICE NOTIFICATION: nagiosadmin;smscapp2;HDD status;CRITICAL;notify-service-by-email;NRPE: Command 'check_dev/mapper/centos-home' not defined
[1542559720] SERVICE NOTIFICATION: nagiosadmin;localhost;HTTP;WARNING;notify-service-by-email;HTTP WARNING: HTTP/1.1 403 Forbidden - 5253 bytes in 0.002 second response time
[1542561598] SERVICE NOTIFICATION: nagiosadmin;prinary-server;HDD status;CRITICAL;notify-service-by-email;NRPE: Command 'check_dev/mapper/centos-home' not defined
[1542561906] Auto-save of retention data completed successfully.
[1542561993] SERVICE NOTIFICATION: nagiosadmin;pservercluster1;CPU Load;UNKNOWN;notify-service-by-email;Parameter inconsistency: 1-minute "warning load" is greater than "critical load"
[1542562431] SERVICE NOTIFICATION: nagiosadmin;smscapp2;HDD status;CRITICAL;notify-service-by-email;NRPE: Command 'check_dev/mapper/centos-home' not defined
[1542563320] SERVICE NOTIFICATION: nagiosadmin;localhost;HTTP;WARNING;notify-service-by-email;HTTP WARNING: HTTP/1.1 403 Forbidden - 5253 bytes in 0.001 second response time
[1542565198] SERVICE NOTIFICATION: nagiosadmin;prinary-server;HDD status;CRITICAL;notify-service-by-email;NRPE: Command 'check_dev/mapper/centos-home' not defined
[1542565506] Auto-save of retention data completed successfully.
[1542565593] SERVICE NOTIFICATION: nagiosadmin;pservercluster1;CPU Load;UNKNOWN;notify-service-by-email;Parameter inconsistency: 1-minute "warning load" is greater than "critical load"
