[1546453800] LOG ROTATION: DAILY
[1546453800] LOG VERSION: 2.0
[1546453800] CURRENT HOST STATE: db1;UP;HARD;1;PING OK - Packet loss = 0%, RTA = 0.44 ms
[1546453800] CURRENT HOST STATE: db2;UP;HARD;1;PING OK - Packet loss = 0%, RTA = 0.41 ms
[1546453800] CURRENT HOST STATE: primary-server;UP;HARD;1;PING OK - Packet loss = 0%, RTA = 0.38 ms
[1546453800] CURRENT HOST STATE: pservercluster1;UP;HARD;1;PING OK - Packet loss = 0%, RTA = 0.45 ms
[1546453800] CURRENT HOST STATE: pservercluster2;UP;HARD;1;PING OK - Packet loss = 0%, RTA = 0.34 ms
[1546453800] CURRENT HOST STATE: qservercluster1;UP;HARD;1;PING OK - Packet loss = 0%, RTA = 0.30 ms
[1546453800] CURRENT HOST STATE: qservercluster2;UP;HARD;1;PING OK - Packet loss = 0%, RTA = 0.29 ms
[1546453800] CURRENT HOST STATE: secondary-server;UP;HARD;1;PING OK - Packet loss = 0%, RTA = 0.44 ms
[1546453800] CURRENT HOST STATE: sig1;UP;HARD;1;PING OK - Packet loss = 0%, RTA = 0.45 ms
[1546453800] CURRENT HOST STATE: sig2;UP;HARD;1;PING OK - Packet loss = 0%, RTA = 0.48 ms
[1546453800] CURRENT HOST STATE: sig3;UP;HARD;1;PING OK - Packet loss = 0%, RTA = 0.45 ms
[1546453800] CURRENT HOST STATE: sig4;UP;HARD;1;PING OK - Packet loss = 0%, RTA = 0.43 ms
[1546453800] CURRENT HOST STATE: sig5;UP;HARD;1;PING OK - Packet loss = 0%, RTA = 0.45 ms
[1546453800] CURRENT HOST STATE: sig6;UP;HARD;1;PING OK - Packet loss = 0%, RTA = 0.45 ms
[1546453800] CURRENT HOST STATE: sigqscluster1;UP;HARD;1;PING OK - Packet loss = 0%, RTA = 0.40 ms
[1546453800] CURRENT HOST STATE: sigqscluster2;UP;HARD;1;PING OK - Packet loss = 0%, RTA = 0.29 ms
[1546453800] CURRENT HOST STATE: smscapp1;UP;HARD;1;PING OK - Packet loss = 0%, RTA = 0.29 ms
[1546453800] CURRENT HOST STATE: smscapp2;UP;HARD;1;PING OK - Packet loss = 0%, RTA = 0.26 ms
[1546453800] CURRENT HOST STATE: sservercluster1;UP;HARD;1;PING OK - Packet loss = 0%, RTA = 0.43 ms
[1546453800] CURRENT HOST STATE: sservercluster2;UP;HARD;1;PING OK - Packet loss = 0%, RTA = 0.43 ms
[1546453800] CURRENT HOST STATE: webserver1;UP;HARD;1;PING OK - Packet loss = 0%, RTA = 0.47 ms
[1546453800] CURRENT HOST STATE: webserver2;UP;HARD;1;PING OK - Packet loss = 0%, RTA = 0.07 ms
[1546453800] CURRENT HOST STATE: webservercluster1;UP;HARD;1;PING OK - Packet loss = 0%, RTA = 0.43 ms
[1546453800] CURRENT HOST STATE: webservercluster2;UP;HARD;1;PING OK - Packet loss = 0%, RTA = 0.44 ms
[1546453800] CURRENT SERVICE STATE: db1;CPU Load;OK;HARD;1;OK - load average: 0.08, 0.03, 0.05
[1546453800] CURRENT SERVICE STATE: db1;CPU_Procs;OK;HARD;1;CPU OK: 326 processes
[1546453800] CURRENT SERVICE STATE: db1;Current Users;OK;HARD;1;USERS OK - 3 users currently logged in
[1546453800] CURRENT SERVICE STATE: db1;HDD_Home status;OK;HARD;1;DISK OK - free space: /home 207778 MB (99% inode=99%):
[1546453800] CURRENT SERVICE STATE: db1;HDD_Root status;OK;HARD;1;DISK OK - free space: / 24286 MB (47% inode=99%):
[1546453800] CURRENT SERVICE STATE: db1;LocalService-NTPD SERVICE;OK;HARD;1;PROCS OK: 1 process with command name 'ntpd'
[1546453800] CURRENT SERVICE STATE: db1;Mariadb status;OK;HARD;1;PROCS OK: 1 process with command name 'mysqld'
[1546453800] CURRENT SERVICE STATE: db1;Memory;OK;HARD;1;OK - 48.1% (23687772 kB) free.
[1546453800] CURRENT SERVICE STATE: db1;Sensors Status;OK;HARD;1;SENSORS OK
[1546453800] CURRENT SERVICE STATE: db1;Total Processes;OK;HARD;1;PROCS OK: 327 processes
[1546453800] CURRENT SERVICE STATE: db2;CPU Load;OK;HARD;1;OK - load average: 0.03, 0.27, 0.28
[1546453800] CURRENT SERVICE STATE: db2;CPU_Procs;OK;HARD;1;CPU OK: 290 processes
[1546453800] CURRENT SERVICE STATE: db2;Current Users;OK;HARD;1;USERS OK - 0 users currently logged in
[1546453800] CURRENT SERVICE STATE: db2;HDD_Home status;OK;HARD;1;DISK OK - free space: /home 126574 MB (56% inode=99%):
[1546453800] CURRENT SERVICE STATE: db2;HDD_Root status;OK;HARD;1;DISK OK - free space: / 32373 MB (63% inode=99%):
[1546453800] CURRENT SERVICE STATE: db2;LocalService-NTPD SERVICE;OK;HARD;1;PROCS OK: 1 process with command name 'ntpd'
[1546453800] CURRENT SERVICE STATE: db2;Mariadb status;OK;HARD;1;PROCS OK: 1 process with command name 'mysqld'
[1546453800] CURRENT SERVICE STATE: db2;Memory;OK;HARD;1;OK - 20.6% (10164480 kB) free.
[1546453800] CURRENT SERVICE STATE: db2;Sensors Status;OK;HARD;1;SENSORS OK
[1546453800] CURRENT SERVICE STATE: db2;Total Processes;OK;HARD;1;PROCS OK: 291 processes
[1546453800] CURRENT SERVICE STATE: primary-server;CPU Load;OK;HARD;1;OK - load average: 0.00, 0.01, 0.18
[1546453800] CURRENT SERVICE STATE: primary-server;CPU_Procs;OK;HARD;1;CPU OK: 344 processes
[1546453800] CURRENT SERVICE STATE: primary-server;Current Users;OK;HARD;1;USERS OK - 2 users currently logged in
[1546453800] CURRENT SERVICE STATE: primary-server;HDD_Home status;OK;HARD;1;DISK OK - free space: /home 224700 MB (99% inode=99%):
[1546453800] CURRENT SERVICE STATE: primary-server;HDD_Root status;OK;HARD;1;DISK OK - free space: / 41270 MB (80% inode=99%):
[1546453800] CURRENT SERVICE STATE: primary-server;LocalService-NTPD SERVICE;OK;HARD;1;PROCS OK: 2 processes with command name 'ntpd'
[1546453800] CURRENT SERVICE STATE: primary-server;Memory;OK;HARD;1;OK - 70.4% (17259068 kB) free.
[1546453800] CURRENT SERVICE STATE: primary-server;Nginx Status;OK;HARD;1;NGINX OK -  0.086 sec. response time, Active: 0 (Writing: 0 Reading: 0 Waiting: 0) ReqPerSec: 0.000 ConnPerSec: 0.000 ReqPerConn: 0.000
[1546453800] CURRENT SERVICE STATE: primary-server;Sensors Status;OK;HARD;1;SENSORS OK
[1546453800] CURRENT SERVICE STATE: primary-server;Total Processes;OK;HARD;1;PROCS OK: 344 processes
[1546453800] CURRENT SERVICE STATE: pservercluster1;CPU Load;OK;HARD;1;OK - load average: 0.00, 0.01, 0.05
[1546453800] CURRENT SERVICE STATE: pservercluster1;CPU_Procs;OK;HARD;1;CPU OK: 304 processes
[1546453800] CURRENT SERVICE STATE: pservercluster1;Current Users;OK;HARD;1;USERS OK - 2 users currently logged in
[1546453800] CURRENT SERVICE STATE: pservercluster1;HDD_Home status;OK;HARD;1;DISK OK - free space: /home 220675 MB (99% inode=99%):
[1546453800] CURRENT SERVICE STATE: pservercluster1;HDD_Root status;OK;HARD;1;DISK OK - free space: / 41778 MB (81% inode=99%):
[1546453800] CURRENT SERVICE STATE: pservercluster1;LocalService-NTPD SERVICE;OK;HARD;1;PROCS OK: 2 processes with command name 'ntpd'
[1546453800] CURRENT SERVICE STATE: pservercluster1;Memory;OK;HARD;1;OK - 75.4% (18610780 kB) free.
[1546453800] CURRENT SERVICE STATE: pservercluster1;Sensors Status;OK;HARD;1;SENSORS OK
[1546453800] CURRENT SERVICE STATE: pservercluster1;Total Processes;OK;HARD;1;PROCS OK: 303 processes
[1546453800] CURRENT SERVICE STATE: pservercluster2;CPU Load;OK;HARD;1;OK - load average: 0.89, 0.89, 0.97
[1546453800] CURRENT SERVICE STATE: pservercluster2;CPU_Procs;CRITICAL;HARD;3;CPU CRITICAL: 2 crit, 3 warn out of 378 processes
[1546453800] CURRENT SERVICE STATE: pservercluster2;Current Users;OK;HARD;1;USERS OK - 15 users currently logged in
[1546453800] CURRENT SERVICE STATE: pservercluster2;HDD_Home status;OK;HARD;1;DISK OK - free space: /home 118142 MB (52% inode=99%):
[1546453800] CURRENT SERVICE STATE: pservercluster2;HDD_Root status;WARNING;HARD;3;DISK WARNING - free space: / 8187 MB (15% inode=98%):
[1546453800] CURRENT SERVICE STATE: pservercluster2;LocalService-NTPD SERVICE;OK;HARD;1;PROCS OK: 2 processes with command name 'ntpd'
[1546453800] CURRENT SERVICE STATE: pservercluster2;Memory;CRITICAL;HARD;3;CRITICAL - 5.8% (1412500 kB) free!
[1546453800] CURRENT SERVICE STATE: pservercluster2;Sensors Status;OK;HARD;1;SENSORS OK
[1546453800] CURRENT SERVICE STATE: pservercluster2;Total Processes;OK;HARD;1;PROCS OK: 378 processes
[1546453800] CURRENT SERVICE STATE: qservercluster1;CPU Load;OK;HARD;1;OK - load average: 7.56, 7.26, 7.17
[1546453800] CURRENT SERVICE STATE: qservercluster1;CPU_Procs;CRITICAL;HARD;3;CPU CRITICAL: 1 crit, 0 warn out of 302 processes
[1546453800] CURRENT SERVICE STATE: qservercluster1;Current Users;OK;HARD;1;USERS OK - 2 users currently logged in
[1546453800] CURRENT SERVICE STATE: qservercluster1;HDD_Home status;OK;HARD;1;DISK OK - free space: /home 224641 MB (99% inode=99%):
[1546453800] CURRENT SERVICE STATE: qservercluster1;HDD_Root status;OK;HARD;1;DISK OK - free space: / 41305 MB (80% inode=99%):
[1546453800] CURRENT SERVICE STATE: qservercluster1;LocalService-NTPD SERVICE;OK;HARD;1;PROCS OK: 1 process with command name 'ntpd'
[1546453800] CURRENT SERVICE STATE: qservercluster1;Memory;OK;HARD;1;OK - 93.7% (46148204 kB) free.
[1546453800] CURRENT SERVICE STATE: qservercluster1;Sensors Status;OK;HARD;1;SENSORS OK
[1546453800] CURRENT SERVICE STATE: qservercluster1;Total Processes;OK;HARD;1;PROCS OK: 300 processes
[1546453800] CURRENT SERVICE STATE: qservercluster2;CPU Load;OK;HARD;1;OK - load average: 3.55, 3.62, 3.56
[1546453800] CURRENT SERVICE STATE: qservercluster2;CPU_Procs;CRITICAL;HARD;3;CPU CRITICAL: 1 crit, 0 warn out of 305 processes
[1546453800] CURRENT SERVICE STATE: qservercluster2;Current Users;OK;HARD;1;USERS OK - 0 users currently logged in
[1546453800] CURRENT SERVICE STATE: qservercluster2;HDD_Home status;OK;HARD;1;DISK OK - free space: /home 224577 MB (99% inode=99%):
[1546453800] CURRENT SERVICE STATE: qservercluster2;HDD_Root status;OK;HARD;1;DISK OK - free space: / 40157 MB (78% inode=98%):
[1546453800] CURRENT SERVICE STATE: qservercluster2;LocalService-NTPD SERVICE;OK;HARD;1;PROCS OK: 1 process with command name 'ntpd'
[1546453800] CURRENT SERVICE STATE: qservercluster2;Memory;OK;HARD;1;OK - 95.3% (46987128 kB) free.
[1546453800] CURRENT SERVICE STATE: qservercluster2;Sensors Status;OK;HARD;1;SENSORS OK
[1546453800] CURRENT SERVICE STATE: qservercluster2;Total Processes;OK;HARD;1;PROCS OK: 302 processes
[1546453800] CURRENT SERVICE STATE: secondary-server;CPU Load;OK;HARD;1;OK - load average: 0.90, 0.73, 0.43
[1546453800] CURRENT SERVICE STATE: secondary-server;CPU_Procs;OK;HARD;1;CPU OK: 344 processes
[1546453800] CURRENT SERVICE STATE: secondary-server;Current Users;OK;HARD;1;USERS OK - 2 users currently logged in
[1546453800] CURRENT SERVICE STATE: secondary-server;HDD_Home status;OK;HARD;1;DISK OK - free space: /home 224704 MB (99% inode=99%):
[1546453800] CURRENT SERVICE STATE: secondary-server;HDD_Root status;OK;HARD;1;DISK OK - free space: / 41199 MB (80% inode=99%):
[1546453800] CURRENT SERVICE STATE: secondary-server;LocalService-NTPD SERVICE;OK;HARD;1;PROCS OK: 2 processes with command name 'ntpd'
[1546453800] CURRENT SERVICE STATE: secondary-server;Memory Status;OK;HARD;1;OK - 70.9% (17374696 kB) free.
[1546453800] CURRENT SERVICE STATE: secondary-server;Nginx Status;OK;HARD;1;NGINX OK -  0.090 sec. response time, Active: 0 (Writing: 0 Reading: 0 Waiting: 0) ReqPerSec: 0.000 ConnPerSec: 0.000 ReqPerConn: 0.000
[1546453800] CURRENT SERVICE STATE: secondary-server;Sensors Status;OK;HARD;1;SENSORS OK
[1546453800] CURRENT SERVICE STATE: secondary-server;Total Processes;OK;HARD;1;PROCS OK: 344 processes
[1546453800] CURRENT SERVICE STATE: sig1;CPU Load;OK;HARD;1;OK - load average: 0.00, 0.01, 0.05
[1546453800] CURRENT SERVICE STATE: sig1;CPU_Procs;OK;HARD;1;CPU OK: 313 processes
[1546453800] CURRENT SERVICE STATE: sig1;Current Users;OK;HARD;1;USERS OK - 1 users currently logged in
[1546453800] CURRENT SERVICE STATE: sig1;HDD_Home status;OK;HARD;1;DISK OK - free space: /home 201635 MB (89% inode=99%):
[1546453800] CURRENT SERVICE STATE: sig1;HDD_Root status;WARNING;HARD;3;DISK WARNING - free space: / 7595 MB (14% inode=97%):
[1546453800] CURRENT SERVICE STATE: sig1;LocalService-NTPD SERVICE;OK;HARD;1;PROCS OK: 1 process with command name 'ntpd'
[1546453800] CURRENT SERVICE STATE: sig1;Memory;OK;HARD;1;OK - 62.5% (10152228 kB) free.
[1546453800] CURRENT SERVICE STATE: sig1;Sensors Status;OK;HARD;1;SENSORS OK
[1546453800] CURRENT SERVICE STATE: sig1;Total Processes;OK;HARD;1;PROCS OK: 313 processes
[1546453800] CURRENT SERVICE STATE: sig2;CPU Load;OK;HARD;1;OK - load average: 0.00, 0.01, 0.05
[1546453800] CURRENT SERVICE STATE: sig2;CPU_Procs;OK;HARD;1;CPU OK: 315 processes
[1546453800] CURRENT SERVICE STATE: sig2;Current Users;OK;HARD;1;USERS OK - 0 users currently logged in
[1546453800] CURRENT SERVICE STATE: sig2;HDD_Home status;OK;HARD;1;DISK OK - free space: /home 215544 MB (95% inode=99%):
[1546453800] CURRENT SERVICE STATE: sig2;HDD_Root status;OK;HARD;1;DISK OK - free space: / 38564 MB (75% inode=98%):
[1546453800] CURRENT SERVICE STATE: sig2;LocalService-NTPD SERVICE;OK;HARD;1;PROCS OK: 1 process with command name 'ntpd'
[1546453800] CURRENT SERVICE STATE: sig2;Memory;OK;HARD;1;OK - 92.7% (15068060 kB) free.
[1546453800] CURRENT SERVICE STATE: sig2;Sensors Status;OK;HARD;1;SENSORS OK
[1546453800] CURRENT SERVICE STATE: sig2;Total Processes;OK;HARD;1;PROCS OK: 315 processes
[1546453800] CURRENT SERVICE STATE: sig3;CPU Load;OK;HARD;1;OK - load average: 0.00, 0.01, 0.11
[1546453800] CURRENT SERVICE STATE: sig3;CPU_Procs;OK;HARD;1;CPU OK: 348 processes
[1546453800] CURRENT SERVICE STATE: sig3;Current Users;OK;HARD;1;USERS OK - 1 users currently logged in
[1546453800] CURRENT SERVICE STATE: sig3;HDD_Home status;OK;HARD;1;DISK OK - free space: /home 220133 MB (97% inode=99%):
[1546453800] CURRENT SERVICE STATE: sig3;HDD_Root status;OK;HARD;1;DISK OK - free space: / 37987 MB (74% inode=98%):
[1546453800] CURRENT SERVICE STATE: sig3;LocalService-NTPD SERVICE;OK;HARD;1;PROCS OK: 1 process with command name 'ntpd'
[1546453800] CURRENT SERVICE STATE: sig3;Memory;OK;HARD;1;OK - 87.2% (14174644 kB) free.
[1546453800] CURRENT SERVICE STATE: sig3;Sensors Status;OK;HARD;1;SENSORS OK
[1546453800] CURRENT SERVICE STATE: sig3;Total Processes;OK;HARD;1;PROCS OK: 348 processes
[1546453800] CURRENT SERVICE STATE: sig4;CPU Load;OK;HARD;1;OK - load average: 0.00, 0.01, 0.05
[1546453800] CURRENT SERVICE STATE: sig4;CPU_Procs;OK;HARD;1;CPU OK: 312 processes
[1546453800] CURRENT SERVICE STATE: sig4;Current Users;OK;HARD;1;USERS OK - 0 users currently logged in
[1546453800] CURRENT SERVICE STATE: sig4;HDD_Home status;OK;HARD;1;DISK OK - free space: /home 221396 MB (98% inode=99%):
[1546453800] CURRENT SERVICE STATE: sig4;HDD_Root status;OK;HARD;1;DISK OK - free space: / 37582 MB (73% inode=98%):
[1546453800] CURRENT SERVICE STATE: sig4;LocalService-NTPD SERVICE;OK;HARD;1;PROCS OK: 1 process with command name 'ntpd'
[1546453800] CURRENT SERVICE STATE: sig4;Memory;OK;HARD;1;OK - 83.4% (13557476 kB) free.
[1546453800] CURRENT SERVICE STATE: sig4;Sensors Status;OK;HARD;1;SENSORS OK
[1546453800] CURRENT SERVICE STATE: sig4;Total Processes;OK;HARD;1;PROCS OK: 310 processes
[1546453800] CURRENT SERVICE STATE: sig5;CPU Load;OK;HARD;1;OK - load average: 0.00, 0.01, 0.05
[1546453800] CURRENT SERVICE STATE: sig5;CPU_Procs;OK;HARD;1;CPU OK: 297 processes
[1546453800] CURRENT SERVICE STATE: sig5;Current Users;OK;HARD;1;USERS OK - 0 users currently logged in
[1546453800] CURRENT SERVICE STATE: sig5;HDD_Home status;OK;HARD;1;DISK OK - free space: /home 221454 MB (98% inode=99%):
[1546453800] CURRENT SERVICE STATE: sig5;HDD_Root status;OK;HARD;1;DISK OK - free space: / 38809 MB (75% inode=98%):
[1546453800] CURRENT SERVICE STATE: sig5;LocalService-NTPD SERVICE;OK;HARD;1;PROCS OK: 1 process with command name 'ntpd'
[1546453800] CURRENT SERVICE STATE: sig5;Memory;OK;HARD;1;OK - 91.2% (14826164 kB) free.
[1546453800] CURRENT SERVICE STATE: sig5;Sensors Status;OK;HARD;1;SENSORS OK
[1546453800] CURRENT SERVICE STATE: sig5;Total Processes;OK;HARD;1;PROCS OK: 300 processes
[1546453800] CURRENT SERVICE STATE: sig6;CPU Load;OK;HARD;1;OK - load average: 0.00, 0.02, 0.05
[1546453800] CURRENT SERVICE STATE: sig6;CPU_Procs;OK;HARD;1;CPU OK: 314 processes
[1546453800] CURRENT SERVICE STATE: sig6;Current Users;OK;HARD;1;USERS OK - 0 users currently logged in
[1546453800] CURRENT SERVICE STATE: sig6;HDD_Home status;OK;HARD;1;DISK OK - free space: /home 221477 MB (98% inode=99%):
[1546453800] CURRENT SERVICE STATE: sig6;HDD_Root status;OK;HARD;1;DISK OK - free space: / 37943 MB (74% inode=98%):
[1546453800] CURRENT SERVICE STATE: sig6;LocalService-NTPD SERVICE;OK;HARD;1;PROCS OK: 2 processes with command name 'ntpd'
[1546453800] CURRENT SERVICE STATE: sig6;Memory;OK;HARD;1;OK - 91.9% (14931996 kB) free.
[1546453800] CURRENT SERVICE STATE: sig6;Sensors Status;OK;HARD;1;SENSORS OK
[1546453800] CURRENT SERVICE STATE: sig6;Total Processes;OK;HARD;1;PROCS OK: 313 processes
[1546453800] CURRENT SERVICE STATE: sigqscluster1;CPU Load;OK;HARD;1;OK - load average: 0.33, 0.27, 0.28
[1546453800] CURRENT SERVICE STATE: sigqscluster1;CPU_Procs;CRITICAL;HARD;3;CPU CRITICAL: 1 crit, 0 warn out of 340 processes
[1546453800] CURRENT SERVICE STATE: sigqscluster1;Current Users;OK;HARD;1;USERS OK - 2 users currently logged in
[1546453800] CURRENT SERVICE STATE: sigqscluster1;HDD_Home status;OK;HARD;1;DISK OK - free space: /home 224579 MB (99% inode=99%):
[1546453800] CURRENT SERVICE STATE: sigqscluster1;HDD_Root status;OK;HARD;1;DISK OK - free space: / 41172 MB (80% inode=99%):
[1546453800] CURRENT SERVICE STATE: sigqscluster1;LocalService-NTPD SERVICE;OK;HARD;1;PROCS OK: 2 processes with command name 'ntpd'
[1546453800] CURRENT SERVICE STATE: sigqscluster1;Memory;OK;HARD;1;OK - 91.7% (45180840 kB) free.
[1546453800] CURRENT SERVICE STATE: sigqscluster1;Sensors Status;OK;HARD;1;SENSORS OK
[1546453800] CURRENT SERVICE STATE: sigqscluster1;Total Processes;OK;HARD;1;PROCS OK: 337 processes
[1546453800] CURRENT SERVICE STATE: sigqscluster2;CPU Load;OK;HARD;1;OK - load average: 0.97, 0.98, 0.96
[1546453800] CURRENT SERVICE STATE: sigqscluster2;CPU_Procs;CRITICAL;HARD;3;CPU CRITICAL: 1 crit, 0 warn out of 335 processes
[1546453800] CURRENT SERVICE STATE: sigqscluster2;Current Users;OK;HARD;1;USERS OK - 2 users currently logged in
[1546453800] CURRENT SERVICE STATE: sigqscluster2;HDD_Home status;OK;HARD;1;DISK OK - free space: /home 224577 MB (99% inode=99%):
[1546453800] CURRENT SERVICE STATE: sigqscluster2;HDD_Root status;OK;HARD;1;DISK OK - free space: / 41181 MB (80% inode=99%):
[1546453800] CURRENT SERVICE STATE: sigqscluster2;LocalService-NTPD SERVICE;OK;HARD;1;PROCS OK: 2 processes with command name 'ntpd'
[1546453800] CURRENT SERVICE STATE: sigqscluster2;Memory;OK;HARD;1;OK - 91.6% (45127216 kB) free.
[1546453800] CURRENT SERVICE STATE: sigqscluster2;Sensors Status;OK;HARD;1;SENSORS OK
[1546453800] CURRENT SERVICE STATE: sigqscluster2;Total Processes;OK;HARD;1;PROCS OK: 335 processes
[1546453800] CURRENT SERVICE STATE: smscapp1;CPU Load;OK;HARD;1;OK - load average: 1.12, 0.92, 0.83
[1546453800] CURRENT SERVICE STATE: smscapp1;CPU_Procs;CRITICAL;HARD;3;CPU CRITICAL: 1 crit, 0 warn out of 299 processes
[1546453800] CURRENT SERVICE STATE: smscapp1;Current Users;OK;HARD;1;USERS OK - 3 users currently logged in
[1546453800] CURRENT SERVICE STATE: smscapp1;HDD_Home status;OK;HARD;1;DISK OK - free space: /home 157535 MB (70% inode=99%):
[1546453800] CURRENT SERVICE STATE: smscapp1;HDD_Root status;OK;HARD;1;DISK OK - free space: / 39154 MB (76% inode=98%):
[1546453800] CURRENT SERVICE STATE: smscapp1;LocalService-NTPD SERVICE;OK;HARD;1;PROCS OK: 2 processes with command name 'ntpd'
[1546453800] CURRENT SERVICE STATE: smscapp1;Memory;OK;HARD;1;OK - 46.2% (7511092 kB) free.
[1546453800] CURRENT SERVICE STATE: smscapp1;Sensors Status;OK;HARD;1;SENSORS OK
[1546453800] CURRENT SERVICE STATE: smscapp1;Total Processes;OK;HARD;1;PROCS OK: 297 processes
[1546453800] CURRENT SERVICE STATE: smscapp2;CPU Load;OK;HARD;1;OK - load average: 1.29, 1.00, 0.82
[1546453800] CURRENT SERVICE STATE: smscapp2;CPU_Procs;WARNING;HARD;3;CPU WARNING: 5 warn out of 336 processes
[1546453800] CURRENT SERVICE STATE: smscapp2;Current Users;OK;HARD;1;USERS OK - 3 users currently logged in
[1546453800] CURRENT SERVICE STATE: smscapp2;HDD_Home status;OK;HARD;1;DISK OK - free space: /home 135575 MB (60% inode=99%):
[1546453800] CURRENT SERVICE STATE: smscapp2;HDD_Root status;OK;HARD;1;DISK OK - free space: / 39001 MB (76% inode=98%):
[1546453800] CURRENT SERVICE STATE: smscapp2;LocalService-NTPD SERVICE;OK;HARD;1;PROCS OK: 2 processes with command name 'ntpd'
[1546453800] CURRENT SERVICE STATE: smscapp2;Memory;CRITICAL;HARD;3;CRITICAL - 5.4% (885612 kB) free!
[1546453800] CURRENT SERVICE STATE: smscapp2;Sensors Status;OK;HARD;1;SENSORS OK
[1546453800] CURRENT SERVICE STATE: smscapp2;Total Processes;OK;HARD;1;PROCS OK: 336 processes
[1546453800] CURRENT SERVICE STATE: sservercluster1;CPU Load;OK;HARD;1;OK - load average: 0.00, 0.01, 0.05
[1546453800] CURRENT SERVICE STATE: sservercluster1;CPU_Procs;OK;HARD;1;CPU OK: 282 processes
[1546453800] CURRENT SERVICE STATE: sservercluster1;Current Users;OK;HARD;1;USERS OK - 1 users currently logged in
[1546453800] CURRENT SERVICE STATE: sservercluster1;HDD_Home status;OK;HARD;1;DISK OK - free space: /home 220679 MB (99% inode=99%):
[1546453800] CURRENT SERVICE STATE: sservercluster1;HDD_Root status;OK;HARD;1;DISK OK - free space: / 41784 MB (81% inode=99%):
[1546453800] CURRENT SERVICE STATE: sservercluster1;LocalService-NTPD SERVICE;OK;HARD;1;PROCS OK: 2 processes with command name 'ntpd'
[1546453800] CURRENT SERVICE STATE: sservercluster1;Memory;OK;HARD;1;OK - 75.8% (18577684 kB) free.
[1546453800] CURRENT SERVICE STATE: sservercluster1;Sensors Status;OK;HARD;1;SENSORS OK
[1546453800] CURRENT SERVICE STATE: sservercluster1;Total Processes;OK;HARD;1;PROCS OK: 281 processes
[1546453800] CURRENT SERVICE STATE: sservercluster2;CPU Load;OK;HARD;1;OK - load average: 0.00, 0.01, 0.05
[1546453800] CURRENT SERVICE STATE: sservercluster2;CPU_Procs;OK;HARD;1;CPU OK: 299 processes
[1546453800] CURRENT SERVICE STATE: sservercluster2;Current Users;OK;HARD;1;USERS OK - 1 users currently logged in
[1546453800] CURRENT SERVICE STATE: sservercluster2;HDD_Home status;OK;HARD;1;DISK OK - free space: /home 219756 MB (99% inode=99%):
[1546453800] CURRENT SERVICE STATE: sservercluster2;HDD_Root status;OK;HARD;1;DISK OK - free space: / 41252 MB (80% inode=99%):
[1546453800] CURRENT SERVICE STATE: sservercluster2;LocalService-NTPD SERVICE;OK;HARD;1;PROCS OK: 1 process with command name 'ntpd'
[1546453800] CURRENT SERVICE STATE: sservercluster2;Memory;OK;HARD;1;OK - 93.8% (22988600 kB) free.
[1546453800] CURRENT SERVICE STATE: sservercluster2;Sensors Status;OK;HARD;1;SENSORS OK
[1546453800] CURRENT SERVICE STATE: sservercluster2;Total Processes;OK;HARD;1;PROCS OK: 301 processes
[1546453800] CURRENT SERVICE STATE: webserver1;CPU Load;OK;HARD;1;OK - load average: 0.12, 0.05, 0.05
[1546453800] CURRENT SERVICE STATE: webserver1;CPU_Procs;OK;HARD;1;CPU OK: 319 processes
[1546453800] CURRENT SERVICE STATE: webserver1;Current Users;OK;HARD;1;USERS OK - 0 users currently logged in
[1546453800] CURRENT SERVICE STATE: webserver1;HDD_Home status;OK;HARD;1;DISK OK - free space: /home 224832 MB (99% inode=99%):
[1546453800] CURRENT SERVICE STATE: webserver1;HDD_Root status;OK;HARD;1;DISK OK - free space: / 40980 MB (80% inode=99%):
[1546453800] CURRENT SERVICE STATE: webserver1;LocalService-NTPD SERVICE;OK;HARD;1;PROCS OK: 2 processes with command name 'ntpd'
[1546453800] CURRENT SERVICE STATE: webserver1;Memory;OK;HARD;1;OK - 93.7% (22938596 kB) free.
[1546453800] CURRENT SERVICE STATE: webserver1;Nginx_status;OK;HARD;1;NGINX OK -  0.083 sec. response time, Active: 0 (Writing: 0 Reading: 0 Waiting: 0) ReqPerSec: 0.000 ConnPerSec: 0.000 ReqPerConn: 0.000
[1546453800] CURRENT SERVICE STATE: webserver1;Sensors Status;OK;HARD;1;SENSORS OK
[1546453800] CURRENT SERVICE STATE: webserver1;Total Processes;OK;HARD;1;PROCS OK: 320 processes
[1546453800] CURRENT SERVICE STATE: webserver2;CPU_Procs;OK;HARD;1;CPU OK: 448 processes
[1546453800] CURRENT SERVICE STATE: webserver2;Current Load;OK;HARD;1;OK - load average: 0.00, 0.02, 0.14
[1546453800] CURRENT SERVICE STATE: webserver2;Current Users;OK;HARD;1;USERS OK - 23 users currently logged in
[1546453800] CURRENT SERVICE STATE: webserver2;HDD_Home status;OK;HARD;1;DISK OK - free space: /home 218041 MB (97.01% inode=100%):
[1546453800] CURRENT SERVICE STATE: webserver2;HTTP;OK;HARD;1;HTTP OK: HTTP/1.1 200 OK - 355 bytes in 0.001 second response time
[1546453800] CURRENT SERVICE STATE: webserver2;LocalService-NTPD SERVICE;OK;HARD;1;PROCS OK: 2 processes with command name 'ntpd'
[1546453800] CURRENT SERVICE STATE: webserver2;Memory;OK;HARD;1;OK - 29.6% (7257084 kB) free.
[1546453800] CURRENT SERVICE STATE: webserver2;PING;OK;HARD;1;PING OK - Packet loss = 0%, RTA = 0.07 ms
[1546453800] CURRENT SERVICE STATE: webserver2;Root Partition;OK;HARD;1;DISK OK - free space: / 38995 MB (76.20% inode=99%):
[1546453800] CURRENT SERVICE STATE: webserver2;SSH;OK;HARD;1;SSH OK - OpenSSH_7.4 (protocol 2.0)
[1546453800] CURRENT SERVICE STATE: webserver2;Sensors Status;OK;HARD;1;SENSORS OK
[1546453800] CURRENT SERVICE STATE: webserver2;Total Processes;OK;HARD;1;PROCS OK: 161 processes with STATE = RSZDT
[1546453800] CURRENT SERVICE STATE: webservercluster1;CPU Load;OK;HARD;1;OK - load average: 0.00, 0.01, 0.05
[1546453800] CURRENT SERVICE STATE: webservercluster1;CPU_Procs;OK;HARD;1;CPU OK: 292 processes
[1546453800] CURRENT SERVICE STATE: webservercluster1;Current Users;OK;HARD;1;USERS OK - 1 users currently logged in
[1546453800] CURRENT SERVICE STATE: webservercluster1;HDD_Home status;OK;HARD;1;DISK OK - free space: / 40955 MB (80% inode=99%):
[1546453800] CURRENT SERVICE STATE: webservercluster1;HDD_Root status;OK;HARD;1;DISK OK - free space: /home 224709 MB (99% inode=99%):
[1546453800] CURRENT SERVICE STATE: webservercluster1;LocalService-NTPD SERVICE;OK;HARD;1;PROCS OK: 1 process with command name 'ntpd'
[1546453800] CURRENT SERVICE STATE: webservercluster1;Memory;OK;HARD;1;OK - 55.8% (9066104 kB) free.
[1546453800] CURRENT SERVICE STATE: webservercluster1;Sensors Status;OK;HARD;1;SENSORS OK
[1546453800] CURRENT SERVICE STATE: webservercluster1;Total Processes;OK;HARD;1;PROCS OK: 291 processes
[1546453800] CURRENT SERVICE STATE: webservercluster2;CPU Load;OK;HARD;1;OK - load average: 0.00, 0.01, 0.05
[1546453800] CURRENT SERVICE STATE: webservercluster2;CPU_Procs;OK;HARD;1;CPU OK: 289 processes
[1546453800] CURRENT SERVICE STATE: webservercluster2;Current Users;OK;HARD;1;USERS OK - 1 users currently logged in
[1546453800] CURRENT SERVICE STATE: webservercluster2;HDD_Home status;OK;HARD;1;DISK OK - free space: /home 224709 MB (99% inode=99%):
[1546453800] CURRENT SERVICE STATE: webservercluster2;HDD_Root status;OK;HARD;1;DISK OK - free space: / 41141 MB (80% inode=99%):
[1546453800] CURRENT SERVICE STATE: webservercluster2;LocalService-NTPD SERVICE;OK;HARD;1;PROCS OK: 1 process with command name 'ntpd'
[1546453800] CURRENT SERVICE STATE: webservercluster2;Memory;OK;HARD;1;OK - 57.6% (9369080 kB) free.
[1546453800] CURRENT SERVICE STATE: webservercluster2;Sensors Status;OK;HARD;1;SENSORS OK
[1546453800] CURRENT SERVICE STATE: webservercluster2;Total Processes;OK;HARD;1;PROCS OK: 288 processes
[1546453816] SERVICE NOTIFICATION: nagiosadmin;sig1;HDD_Root status;WARNING;notify-service-by-email;DISK WARNING - free space: / 7595 MB (14% inode=97%):
[1546454246] SERVICE NOTIFICATION: nagiosadmin;pservercluster2;HDD_Root status;WARNING;notify-service-by-email;DISK WARNING - free space: / 8187 MB (15% inode=98%):
[1546454724] SERVICE NOTIFICATION: nagiosadmin;smscapp2;Memory;CRITICAL;notify-service-by-email;CRITICAL - 5.4% (885028 kB) free!
[1546454839] SERVICE ALERT: pservercluster2;CPU Load;CRITICAL;SOFT;1;CRITICAL - load average: 6.53, 75.92, 50.01
[1546454883] SERVICE NOTIFICATION: nagiosadmin;smscapp1;CPU_Procs;CRITICAL;notify-service-by-email;CPU CRITICAL: 1 crit, 0 warn out of 298 processes
[1546454959] SERVICE ALERT: pservercluster2;CPU Load;CRITICAL;SOFT;2;CRITICAL - load average: 1.63, 51.07, 44.04
[1546454965] Auto-save of retention data completed successfully.
[1546455079] SERVICE FLAPPING ALERT: pservercluster2;CPU Load;STARTED; Service appears to have started flapping (20.7% change >= 20.0% threshold)
[1546455079] SERVICE ALERT: pservercluster2;CPU Load;CRITICAL;HARD;3;CRITICAL - load average: 0.75, 34.42, 38.80
[1546455140] SERVICE NOTIFICATION: nagiosadmin;qservercluster1;CPU_Procs;CRITICAL;notify-service-by-email;CPU CRITICAL: 1 crit, 0 warn out of 300 processes
[1546455324] SERVICE NOTIFICATION: nagiosadmin;smscapp2;Memory;WARNING;notify-service-by-email;WARNING - 14.1% (2289596 kB) free!
[1546455324] SERVICE ALERT: smscapp2;Memory;WARNING;HARD;3;WARNING - 14.1% (2289596 kB) free!
[1546455383] SERVICE NOTIFICATION: nagiosadmin;sigqscluster1;CPU_Procs;CRITICAL;notify-service-by-email;CPU CRITICAL: 1 crit, 0 warn out of 338 processes
[1546455484] SERVICE NOTIFICATION: nagiosadmin;smscapp1;CPU_Procs;OK;notify-service-by-email;CPU OK: 296 processes
[1546455484] SERVICE ALERT: smscapp1;CPU_Procs;OK;HARD;1;CPU OK: 296 processes
[1546455512] SERVICE NOTIFICATION: nagiosadmin;qservercluster2;CPU_Procs;CRITICAL;notify-service-by-email;CPU CRITICAL: 1 crit, 0 warn out of 306 processes
[1546456084] SERVICE ALERT: smscapp1;CPU_Procs;CRITICAL;SOFT;1;CPU CRITICAL: 1 crit, 0 warn out of 295 processes
[1546456114] SERVICE NOTIFICATION: nagiosadmin;smscapp2;CPU_Procs;WARNING;notify-service-by-email;CPU WARNING: 5 warn out of 335 processes
[1546456204] SERVICE ALERT: smscapp1;CPU_Procs;CRITICAL;SOFT;2;CPU CRITICAL: 1 crit, 0 warn out of 297 processes
[1546456279] SERVICE ALERT: pservercluster2;CPU Load;WARNING;HARD;3;WARNING - load average: 1.26, 1.69, 11.41
[1546456324] SERVICE NOTIFICATION: nagiosadmin;smscapp1;CPU_Procs;CRITICAL;notify-service-by-email;CPU CRITICAL: 1 crit, 0 warn out of 297 processes
[1546456324] SERVICE ALERT: smscapp1;CPU_Procs;CRITICAL;HARD;3;CPU CRITICAL: 1 crit, 0 warn out of 297 processes
[1546456556] SERVICE ALERT: pservercluster2;Current Users;WARNING;SOFT;1;USERS WARNING - 16 users currently logged in
[1546456676] SERVICE ALERT: pservercluster2;Current Users;OK;HARD;1;USERS OK - 15 users currently logged in
[1546456708] SERVICE NOTIFICATION: nagiosadmin;pservercluster2;CPU_Procs;CRITICAL;notify-service-by-email;CPU CRITICAL: 2 crit, 3 warn out of 377 processes
[1546456766] SERVICE ALERT: db1;CPU_Procs;CRITICAL;SOFT;1;CPU CRITICAL: 1 crit, 0 warn out of 328 processes
[1546456781] SERVICE NOTIFICATION: nagiosadmin;pservercluster2;Memory;CRITICAL;notify-service-by-email;CRITICAL - 6.4% (1558740 kB) free!
[1546456836] SERVICE NOTIFICATION: nagiosadmin;sigqscluster2;CPU_Procs;CRITICAL;notify-service-by-email;CPU CRITICAL: 1 crit, 0 warn out of 335 processes
[1546456886] SERVICE ALERT: db1;CPU_Procs;OK;HARD;1;CPU OK: 327 processes
[1546457416] SERVICE NOTIFICATION: nagiosadmin;sig1;HDD_Root status;WARNING;notify-service-by-email;DISK WARNING - free space: / 7594 MB (14% inode=97%):
[1546457479] SERVICE ALERT: pservercluster2;CPU Load;OK;HARD;1;OK - load average: 0.82, 1.05, 3.89
[1546457553] SERVICE ALERT: db2;CPU_Procs;CRITICAL;SOFT;1;CPU CRITICAL: 1 crit, 0 warn out of 293 processes
[1546457673] SERVICE ALERT: db2;CPU_Procs;OK;HARD;1;CPU OK: 290 processes
[1546457846] SERVICE NOTIFICATION: nagiosadmin;pservercluster2;HDD_Root status;WARNING;notify-service-by-email;DISK WARNING - free space: / 8187 MB (15% inode=98%):
[1546457876] SERVICE ALERT: pservercluster2;Current Users;WARNING;SOFT;1;USERS WARNING - 16 users currently logged in
[1546457996] SERVICE ALERT: pservercluster2;Current Users;WARNING;SOFT;2;USERS WARNING - 16 users currently logged in
[1546458116] SERVICE NOTIFICATION: nagiosadmin;pservercluster2;Current Users;WARNING;notify-service-by-email;USERS WARNING - 16 users currently logged in
[1546458116] SERVICE ALERT: pservercluster2;Current Users;WARNING;HARD;3;USERS WARNING - 16 users currently logged in
[1546458565] Auto-save of retention data completed successfully.
[1546458740] SERVICE NOTIFICATION: nagiosadmin;qservercluster1;CPU_Procs;CRITICAL;notify-service-by-email;CPU CRITICAL: 1 crit, 0 warn out of 301 processes
[1546458924] SERVICE NOTIFICATION: nagiosadmin;smscapp2;Memory;WARNING;notify-service-by-email;WARNING - 14.0% (2278568 kB) free!
[1546458983] SERVICE NOTIFICATION: nagiosadmin;sigqscluster1;CPU_Procs;CRITICAL;notify-service-by-email;CPU CRITICAL: 1 crit, 0 warn out of 338 processes
[1546459112] SERVICE NOTIFICATION: nagiosadmin;qservercluster2;CPU_Procs;CRITICAL;notify-service-by-email;CPU CRITICAL: 1 crit, 0 warn out of 305 processes
[1546459714] SERVICE NOTIFICATION: nagiosadmin;smscapp2;CPU_Procs;WARNING;notify-service-by-email;CPU WARNING: 5 warn out of 335 processes
[1546459925] SERVICE NOTIFICATION: nagiosadmin;smscapp1;CPU_Procs;CRITICAL;notify-service-by-email;CPU CRITICAL: 1 crit, 0 warn out of 294 processes
[1546460308] SERVICE NOTIFICATION: nagiosadmin;pservercluster2;CPU_Procs;CRITICAL;notify-service-by-email;CPU CRITICAL: 2 crit, 3 warn out of 369 processes
[1546460381] SERVICE NOTIFICATION: nagiosadmin;pservercluster2;Memory;CRITICAL;notify-service-by-email;CRITICAL - 6.7% (1648528 kB) free!
[1546460436] SERVICE NOTIFICATION: nagiosadmin;sigqscluster2;CPU_Procs;CRITICAL;notify-service-by-email;CPU CRITICAL: 1 crit, 0 warn out of 335 processes
[1546461016] SERVICE NOTIFICATION: nagiosadmin;sig1;HDD_Root status;WARNING;notify-service-by-email;DISK WARNING - free space: / 7591 MB (14% inode=97%):
[1546461446] SERVICE NOTIFICATION: nagiosadmin;pservercluster2;HDD_Root status;WARNING;notify-service-by-email;DISK WARNING - free space: / 8187 MB (15% inode=98%):
[1546461716] SERVICE NOTIFICATION: nagiosadmin;pservercluster2;Current Users;WARNING;notify-service-by-email;USERS WARNING - 16 users currently logged in
[1546462165] Auto-save of retention data completed successfully.
[1546462340] SERVICE NOTIFICATION: nagiosadmin;qservercluster1;CPU_Procs;CRITICAL;notify-service-by-email;CPU CRITICAL: 1 crit, 0 warn out of 301 processes
[1546462524] SERVICE NOTIFICATION: nagiosadmin;smscapp2;Memory;WARNING;notify-service-by-email;WARNING - 14.0% (2282256 kB) free!
[1546462583] SERVICE NOTIFICATION: nagiosadmin;sigqscluster1;CPU_Procs;CRITICAL;notify-service-by-email;CPU CRITICAL: 1 crit, 0 warn out of 338 processes
[1546462712] SERVICE NOTIFICATION: nagiosadmin;qservercluster2;CPU_Procs;CRITICAL;notify-service-by-email;CPU CRITICAL: 1 crit, 0 warn out of 306 processes
[1546462916] SERVICE NOTIFICATION: nagiosadmin;pservercluster2;Current Users;OK;notify-service-by-email;USERS OK - 11 users currently logged in
[1546462916] SERVICE ALERT: pservercluster2;Current Users;OK;HARD;1;USERS OK - 11 users currently logged in
[1546463314] SERVICE NOTIFICATION: nagiosadmin;smscapp2;CPU_Procs;WARNING;notify-service-by-email;CPU WARNING: 5 warn out of 333 processes
[1546463908] SERVICE NOTIFICATION: nagiosadmin;pservercluster2;CPU_Procs;CRITICAL;notify-service-by-email;CPU CRITICAL: 2 crit, 3 warn out of 356 processes
[1546463981] SERVICE NOTIFICATION: nagiosadmin;pservercluster2;Memory;CRITICAL;notify-service-by-email;CRITICAL - 6.3% (1538932 kB) free!
[1546464036] SERVICE NOTIFICATION: nagiosadmin;sigqscluster2;CPU_Procs;CRITICAL;notify-service-by-email;CPU CRITICAL: 1 crit, 0 warn out of 335 processes
[1546464124] SERVICE NOTIFICATION: nagiosadmin;smscapp1;CPU_Procs;CRITICAL;notify-service-by-email;CPU CRITICAL: 1 crit, 0 warn out of 295 processes
[1546464616] SERVICE NOTIFICATION: nagiosadmin;sig1;HDD_Root status;WARNING;notify-service-by-email;DISK WARNING - free space: / 7590 MB (14% inode=97%):
[1546465046] SERVICE NOTIFICATION: nagiosadmin;pservercluster2;HDD_Root status;WARNING;notify-service-by-email;DISK WARNING - free space: / 8187 MB (15% inode=98%):
[1546465765] Auto-save of retention data completed successfully.
[1546465940] SERVICE NOTIFICATION: nagiosadmin;qservercluster1;CPU_Procs;CRITICAL;notify-service-by-email;CPU CRITICAL: 1 crit, 0 warn out of 301 processes
[1546466124] SERVICE NOTIFICATION: nagiosadmin;smscapp2;Memory;WARNING;notify-service-by-email;WARNING - 14.0% (2280000 kB) free!
[1546466183] SERVICE NOTIFICATION: nagiosadmin;sigqscluster1;CPU_Procs;CRITICAL;notify-service-by-email;CPU CRITICAL: 1 crit, 0 warn out of 339 processes
[1546466312] SERVICE NOTIFICATION: nagiosadmin;qservercluster2;CPU_Procs;CRITICAL;notify-service-by-email;CPU CRITICAL: 1 crit, 0 warn out of 306 processes
[1546466914] SERVICE NOTIFICATION: nagiosadmin;smscapp2;CPU_Procs;WARNING;notify-service-by-email;CPU WARNING: 5 warn out of 334 processes
[1546467079] SERVICE ALERT: pservercluster2;CPU Load;CRITICAL;SOFT;1;CRITICAL - load average: 8.94, 64.29, 39.15
[1546467199] SERVICE ALERT: pservercluster2;CPU Load;CRITICAL;SOFT;2;CRITICAL - load average: 1.92, 43.29, 34.50
[1546467319] SERVICE ALERT: pservercluster2;CPU Load;CRITICAL;HARD;3;CRITICAL - load average: 0.95, 29.22, 30.41
[1546467508] SERVICE NOTIFICATION: nagiosadmin;pservercluster2;CPU_Procs;CRITICAL;notify-service-by-email;CPU CRITICAL: 2 crit, 3 warn out of 356 processes
[1546467581] SERVICE NOTIFICATION: nagiosadmin;pservercluster2;Memory;CRITICAL;notify-service-by-email;CRITICAL - 6.2% (1522016 kB) free!
[1546467636] SERVICE NOTIFICATION: nagiosadmin;sigqscluster2;CPU_Procs;CRITICAL;notify-service-by-email;CPU CRITICAL: 1 crit, 0 warn out of 334 processes
[1546467724] SERVICE NOTIFICATION: nagiosadmin;smscapp1;CPU_Procs;CRITICAL;notify-service-by-email;CPU CRITICAL: 1 crit, 0 warn out of 295 processes
[1546467919] SERVICE ALERT: pservercluster2;CPU Load;WARNING;HARD;3;WARNING - load average: 0.62, 4.54, 16.28
[1546468216] SERVICE NOTIFICATION: nagiosadmin;sig1;HDD_Root status;WARNING;notify-service-by-email;DISK WARNING - free space: / 7589 MB (14% inode=97%):
[1546468646] SERVICE NOTIFICATION: nagiosadmin;pservercluster2;HDD_Root status;WARNING;notify-service-by-email;DISK WARNING - free space: / 8187 MB (15% inode=98%):
[1546469119] SERVICE ALERT: pservercluster2;CPU Load;OK;HARD;1;OK - load average: 0.52, 0.69, 4.95
[1546469365] Auto-save of retention data completed successfully.
[1546469540] SERVICE NOTIFICATION: nagiosadmin;qservercluster1;CPU_Procs;CRITICAL;notify-service-by-email;CPU CRITICAL: 1 crit, 0 warn out of 301 processes
[1546469724] SERVICE NOTIFICATION: nagiosadmin;smscapp2;Memory;WARNING;notify-service-by-email;WARNING - 14.0% (2281972 kB) free!
[1546469783] SERVICE NOTIFICATION: nagiosadmin;sigqscluster1;CPU_Procs;CRITICAL;notify-service-by-email;CPU CRITICAL: 1 crit, 0 warn out of 338 processes
[1546469912] SERVICE NOTIFICATION: nagiosadmin;qservercluster2;CPU_Procs;CRITICAL;notify-service-by-email;CPU CRITICAL: 1 crit, 0 warn out of 305 processes
[1546470515] SERVICE NOTIFICATION: nagiosadmin;smscapp2;CPU_Procs;WARNING;notify-service-by-email;CPU WARNING: 5 warn out of 333 processes
[1546471109] SERVICE NOTIFICATION: nagiosadmin;pservercluster2;CPU_Procs;CRITICAL;notify-service-by-email;CPU CRITICAL: 2 crit, 3 warn out of 355 processes
[1546471181] SERVICE NOTIFICATION: nagiosadmin;pservercluster2;Memory;CRITICAL;notify-service-by-email;CRITICAL - 5.7% (1387548 kB) free!
[1546471236] SERVICE NOTIFICATION: nagiosadmin;sigqscluster2;CPU_Procs;CRITICAL;notify-service-by-email;CPU CRITICAL: 1 crit, 0 warn out of 334 processes
[1546471324] SERVICE NOTIFICATION: nagiosadmin;smscapp1;CPU_Procs;CRITICAL;notify-service-by-email;CPU CRITICAL: 1 crit, 0 warn out of 295 processes
[1546471816] SERVICE NOTIFICATION: nagiosadmin;sig1;HDD_Root status;WARNING;notify-service-by-email;DISK WARNING - free space: / 7590 MB (14% inode=97%):
[1546472246] SERVICE NOTIFICATION: nagiosadmin;pservercluster2;HDD_Root status;WARNING;notify-service-by-email;DISK WARNING - free space: / 8187 MB (15% inode=98%):
[1546472965] Auto-save of retention data completed successfully.
[1546473140] SERVICE NOTIFICATION: nagiosadmin;qservercluster1;CPU_Procs;CRITICAL;notify-service-by-email;CPU CRITICAL: 1 crit, 0 warn out of 299 processes
[1546473324] SERVICE NOTIFICATION: nagiosadmin;smscapp2;Memory;WARNING;notify-service-by-email;WARNING - 14.0% (2279248 kB) free!
[1546473383] SERVICE NOTIFICATION: nagiosadmin;sigqscluster1;CPU_Procs;CRITICAL;notify-service-by-email;CPU CRITICAL: 1 crit, 0 warn out of 339 processes
[1546473512] SERVICE NOTIFICATION: nagiosadmin;qservercluster2;CPU_Procs;CRITICAL;notify-service-by-email;CPU CRITICAL: 1 crit, 0 warn out of 305 processes
[1546474519] SERVICE ALERT: pservercluster2;CPU Load;CRITICAL;SOFT;1;CRITICAL - load average: 1.17, 37.52, 33.15
[1546474639] SERVICE ALERT: pservercluster2;CPU Load;CRITICAL;SOFT;2;CRITICAL - load average: 1.07, 25.37, 29.22
[1546474714] SERVICE NOTIFICATION: nagiosadmin;smscapp2;CPU_Procs;WARNING;notify-service-by-email;CPU WARNING: 5 warn out of 333 processes
[1546474760] SERVICE ALERT: pservercluster2;CPU Load;CRITICAL;HARD;3;CRITICAL - load average: 0.58, 17.15, 25.74
[1546474781] SERVICE NOTIFICATION: nagiosadmin;pservercluster2;Memory;CRITICAL;notify-service-by-email;CRITICAL - 6.2% (1513012 kB) free!
[1546474836] SERVICE NOTIFICATION: nagiosadmin;sigqscluster2;CPU_Procs;CRITICAL;notify-service-by-email;CPU CRITICAL: 1 crit, 0 warn out of 335 processes
[1546474924] SERVICE NOTIFICATION: nagiosadmin;smscapp1;CPU_Procs;CRITICAL;notify-service-by-email;CPU CRITICAL: 1 crit, 0 warn out of 296 processes
[1546475308] SERVICE NOTIFICATION: nagiosadmin;pservercluster2;CPU_Procs;CRITICAL;notify-service-by-email;CPU CRITICAL: 2 crit, 3 warn out of 356 processes
[1546475360] SERVICE ALERT: pservercluster2;CPU Load;WARNING;HARD;3;WARNING - load average: 0.59, 2.97, 13.87
[1546475417] SERVICE NOTIFICATION: nagiosadmin;sig1;HDD_Root status;WARNING;notify-service-by-email;DISK WARNING - free space: / 7588 MB (14% inode=97%):
[1546475846] SERVICE NOTIFICATION: nagiosadmin;pservercluster2;HDD_Root status;WARNING;notify-service-by-email;DISK WARNING - free space: / 8187 MB (15% inode=98%):
[1546476560] SERVICE ALERT: pservercluster2;CPU Load;OK;HARD;1;OK - load average: 0.80, 0.75, 4.31
[1546476565] Auto-save of retention data completed successfully.
[1546476740] SERVICE NOTIFICATION: nagiosadmin;qservercluster1;CPU_Procs;CRITICAL;notify-service-by-email;CPU CRITICAL: 1 crit, 0 warn out of 299 processes
[1546476924] SERVICE NOTIFICATION: nagiosadmin;smscapp2;Memory;WARNING;notify-service-by-email;WARNING - 14.0% (2279428 kB) free!
[1546476983] SERVICE NOTIFICATION: nagiosadmin;sigqscluster1;CPU_Procs;CRITICAL;notify-service-by-email;CPU CRITICAL: 1 crit, 1 warn out of 338 processes
[1546477112] SERVICE NOTIFICATION: nagiosadmin;qservercluster2;CPU_Procs;CRITICAL;notify-service-by-email;CPU CRITICAL: 1 crit, 0 warn out of 303 processes
[1546478314] SERVICE NOTIFICATION: nagiosadmin;smscapp2;CPU_Procs;WARNING;notify-service-by-email;CPU WARNING: 5 warn out of 333 processes
[1546478381] SERVICE NOTIFICATION: nagiosadmin;pservercluster2;Memory;CRITICAL;notify-service-by-email;CRITICAL - 5.5% (1356204 kB) free!
[1546478436] SERVICE NOTIFICATION: nagiosadmin;sigqscluster2;CPU_Procs;CRITICAL;notify-service-by-email;CPU CRITICAL: 1 crit, 0 warn out of 334 processes
[1546478524] SERVICE NOTIFICATION: nagiosadmin;smscapp1;CPU_Procs;CRITICAL;notify-service-by-email;CPU CRITICAL: 1 crit, 0 warn out of 297 processes
[1546478908] SERVICE NOTIFICATION: nagiosadmin;pservercluster2;CPU_Procs;CRITICAL;notify-service-by-email;CPU CRITICAL: 2 crit, 3 warn out of 356 processes
[1546479446] SERVICE NOTIFICATION: nagiosadmin;pservercluster2;HDD_Root status;WARNING;notify-service-by-email;DISK WARNING - free space: / 8187 MB (15% inode=98%):
[1546479616] SERVICE NOTIFICATION: nagiosadmin;sig1;HDD_Root status;WARNING;notify-service-by-email;DISK WARNING - free space: / 7589 MB (14% inode=97%):
[1546480165] Auto-save of retention data completed successfully.
[1546480340] SERVICE NOTIFICATION: nagiosadmin;qservercluster1;CPU_Procs;CRITICAL;notify-service-by-email;CPU CRITICAL: 1 crit, 0 warn out of 300 processes
[1546480524] SERVICE NOTIFICATION: nagiosadmin;smscapp2;Memory;WARNING;notify-service-by-email;WARNING - 14.0% (2280392 kB) free!
[1546480583] SERVICE NOTIFICATION: nagiosadmin;sigqscluster1;CPU_Procs;CRITICAL;notify-service-by-email;CPU CRITICAL: 1 crit, 0 warn out of 340 processes
[1546480712] SERVICE NOTIFICATION: nagiosadmin;qservercluster2;CPU_Procs;CRITICAL;notify-service-by-email;CPU CRITICAL: 1 crit, 0 warn out of 306 processes
[1546481360] SERVICE ALERT: pservercluster2;CPU Load;CRITICAL;SOFT;1;CRITICAL - load average: 110.43, 23.45, 8.13
[1546481480] SERVICE ALERT: pservercluster2;CPU Load;CRITICAL;SOFT;2;CRITICAL - load average: 162.25, 129.87, 53.47
[1546481600] SERVICE ALERT: pservercluster2;CPU Load;CRITICAL;HARD;3;CRITICAL - load average: 22.64, 87.21, 47.10
[1546481914] SERVICE NOTIFICATION: nagiosadmin;smscapp2;CPU_Procs;WARNING;notify-service-by-email;CPU WARNING: 5 warn out of 334 processes
[1546481981] SERVICE NOTIFICATION: nagiosadmin;pservercluster2;Memory;CRITICAL;notify-service-by-email;CRITICAL - 5.9% (1439496 kB) free!
[1546482036] SERVICE NOTIFICATION: nagiosadmin;sigqscluster2;CPU_Procs;CRITICAL;notify-service-by-email;CPU CRITICAL: 1 crit, 0 warn out of 335 processes
[1546482125] SERVICE NOTIFICATION: nagiosadmin;smscapp1;CPU_Procs;CRITICAL;notify-service-by-email;CPU CRITICAL: 1 crit, 0 warn out of 297 processes
[1546482508] SERVICE NOTIFICATION: nagiosadmin;pservercluster2;CPU_Procs;CRITICAL;notify-service-by-email;CPU CRITICAL: 2 crit, 3 warn out of 359 processes
[1546482800] SERVICE ALERT: pservercluster2;CPU Load;WARNING;HARD;3;WARNING - load average: 0.81, 2.29, 13.47
[1546483046] SERVICE NOTIFICATION: nagiosadmin;pservercluster2;HDD_Root status;WARNING;notify-service-by-email;DISK WARNING - free space: / 8187 MB (15% inode=98%):
[1546483216] SERVICE NOTIFICATION: nagiosadmin;sig1;HDD_Root status;WARNING;notify-service-by-email;DISK WARNING - free space: / 7588 MB (14% inode=97%):
[1546483765] Auto-save of retention data completed successfully.
[1546483940] SERVICE NOTIFICATION: nagiosadmin;qservercluster1;CPU_Procs;CRITICAL;notify-service-by-email;CPU CRITICAL: 1 crit, 0 warn out of 299 processes
[1546484000] SERVICE ALERT: pservercluster2;CPU Load;OK;HARD;1;OK - load average: 0.85, 0.91, 4.31
[1546484124] SERVICE NOTIFICATION: nagiosadmin;smscapp2;Memory;WARNING;notify-service-by-email;WARNING - 14.0% (2269624 kB) free!
[1546484183] SERVICE NOTIFICATION: nagiosadmin;sigqscluster1;CPU_Procs;CRITICAL;notify-service-by-email;CPU CRITICAL: 1 crit, 0 warn out of 338 processes
[1546484312] SERVICE NOTIFICATION: nagiosadmin;qservercluster2;CPU_Procs;CRITICAL;notify-service-by-email;CPU CRITICAL: 1 crit, 0 warn out of 307 processes
[1546485514] SERVICE NOTIFICATION: nagiosadmin;smscapp2;CPU_Procs;WARNING;notify-service-by-email;CPU WARNING: 5 warn out of 334 processes
[1546485581] SERVICE NOTIFICATION: nagiosadmin;pservercluster2;Memory;CRITICAL;notify-service-by-email;CRITICAL - 5.2% (1267180 kB) free!
[1546485636] SERVICE NOTIFICATION: nagiosadmin;sigqscluster2;CPU_Procs;CRITICAL;notify-service-by-email;CPU CRITICAL: 1 crit, 0 warn out of 334 processes
[1546486108] SERVICE NOTIFICATION: nagiosadmin;pservercluster2;CPU_Procs;CRITICAL;notify-service-by-email;CPU CRITICAL: 2 crit, 3 warn out of 358 processes
[1546486324] SERVICE NOTIFICATION: nagiosadmin;smscapp1;CPU_Procs;CRITICAL;notify-service-by-email;CPU CRITICAL: 1 crit, 0 warn out of 298 processes
[1546486646] SERVICE NOTIFICATION: nagiosadmin;pservercluster2;HDD_Root status;WARNING;notify-service-by-email;DISK WARNING - free space: / 8187 MB (15% inode=98%):
[1546486816] SERVICE NOTIFICATION: nagiosadmin;sig1;HDD_Root status;WARNING;notify-service-by-email;DISK WARNING - free space: / 7587 MB (14% inode=97%):
[1546487365] Auto-save of retention data completed successfully.
[1546487540] SERVICE NOTIFICATION: nagiosadmin;qservercluster1;CPU_Procs;CRITICAL;notify-service-by-email;CPU CRITICAL: 1 crit, 0 warn out of 300 processes
[1546487724] SERVICE NOTIFICATION: nagiosadmin;smscapp2;Memory;WARNING;notify-service-by-email;WARNING - 14.0% (2269492 kB) free!
[1546487783] SERVICE NOTIFICATION: nagiosadmin;sigqscluster1;CPU_Procs;CRITICAL;notify-service-by-email;CPU CRITICAL: 1 crit, 0 warn out of 338 processes
[1546487912] SERVICE NOTIFICATION: nagiosadmin;qservercluster2;CPU_Procs;CRITICAL;notify-service-by-email;CPU CRITICAL: 1 crit, 0 warn out of 303 processes
[1546489114] SERVICE NOTIFICATION: nagiosadmin;smscapp2;CPU_Procs;WARNING;notify-service-by-email;CPU WARNING: 5 warn out of 334 processes
[1546489181] SERVICE NOTIFICATION: nagiosadmin;pservercluster2;Memory;CRITICAL;notify-service-by-email;CRITICAL - 5.8% (1426208 kB) free!
[1546489236] SERVICE NOTIFICATION: nagiosadmin;sigqscluster2;CPU_Procs;CRITICAL;notify-service-by-email;CPU CRITICAL: 1 crit, 0 warn out of 335 processes
[1546489709] SERVICE NOTIFICATION: nagiosadmin;pservercluster2;CPU_Procs;CRITICAL;notify-service-by-email;CPU CRITICAL: 2 crit, 3 warn out of 358 processes
[1546489924] SERVICE NOTIFICATION: nagiosadmin;smscapp1;CPU_Procs;CRITICAL;notify-service-by-email;CPU CRITICAL: 1 crit, 0 warn out of 295 processes
[1546490246] SERVICE NOTIFICATION: nagiosadmin;pservercluster2;HDD_Root status;WARNING;notify-service-by-email;DISK WARNING - free space: / 8187 MB (15% inode=98%):
[1546490416] SERVICE NOTIFICATION: nagiosadmin;sig1;HDD_Root status;WARNING;notify-service-by-email;DISK WARNING - free space: / 7586 MB (14% inode=97%):
[1546490965] Auto-save of retention data completed successfully.
[1546491140] SERVICE NOTIFICATION: nagiosadmin;qservercluster1;CPU_Procs;CRITICAL;notify-service-by-email;CPU CRITICAL: 1 crit, 0 warn out of 299 processes
[1546491324] SERVICE NOTIFICATION: nagiosadmin;smscapp2;Memory;WARNING;notify-service-by-email;WARNING - 14.0% (2271060 kB) free!
[1546491383] SERVICE NOTIFICATION: nagiosadmin;sigqscluster1;CPU_Procs;CRITICAL;notify-service-by-email;CPU CRITICAL: 1 crit, 0 warn out of 338 processes
[1546491512] SERVICE NOTIFICATION: nagiosadmin;qservercluster2;CPU_Procs;CRITICAL;notify-service-by-email;CPU CRITICAL: 1 crit, 0 warn out of 303 processes
[1546492714] SERVICE NOTIFICATION: nagiosadmin;smscapp2;CPU_Procs;WARNING;notify-service-by-email;CPU WARNING: 5 warn out of 333 processes
[1546492781] SERVICE NOTIFICATION: nagiosadmin;pservercluster2;Memory;CRITICAL;notify-service-by-email;CRITICAL - 5.1% (1240928 kB) free!
[1546492836] SERVICE NOTIFICATION: nagiosadmin;sigqscluster2;CPU_Procs;CRITICAL;notify-service-by-email;CPU CRITICAL: 1 crit, 0 warn out of 335 processes
[1546493309] SERVICE NOTIFICATION: nagiosadmin;pservercluster2;CPU_Procs;WARNING;notify-service-by-email;CPU WARNING: 3 warn out of 363 processes
[1546493309] SERVICE ALERT: pservercluster2;CPU_Procs;WARNING;HARD;3;CPU WARNING: 3 warn out of 363 processes
[1546493524] SERVICE NOTIFICATION: nagiosadmin;smscapp1;CPU_Procs;CRITICAL;notify-service-by-email;CPU CRITICAL: 1 crit, 0 warn out of 305 processes
[1546493609] SERVICE ALERT: db2;Memory;WARNING;SOFT;1;WARNING - 16.4% (8078548 kB) free!
[1546493673] SERVICE ALERT: db2;CPU_Procs;CRITICAL;SOFT;1;CPU CRITICAL: 1 crit, 0 warn out of 293 processes
[1546493729] SERVICE ALERT: db2;Memory;OK;HARD;1;OK - 20.6% (10162512 kB) free.
[1546493793] SERVICE ALERT: db2;CPU_Procs;OK;HARD;1;CPU OK: 290 processes
[1546493846] SERVICE NOTIFICATION: nagiosadmin;pservercluster2;HDD_Root status;WARNING;notify-service-by-email;DISK WARNING - free space: / 8181 MB (15% inode=98%):
[1546493909] SERVICE NOTIFICATION: nagiosadmin;pservercluster2;CPU_Procs;CRITICAL;notify-service-by-email;CPU CRITICAL: 1 crit, 4 warn out of 370 processes
[1546493909] SERVICE ALERT: pservercluster2;CPU_Procs;CRITICAL;HARD;3;CPU CRITICAL: 1 crit, 4 warn out of 370 processes
[1546494016] SERVICE NOTIFICATION: nagiosadmin;sig1;HDD_Root status;WARNING;notify-service-by-email;DISK WARNING - free space: / 7585 MB (14% inode=97%):
[1546494565] Auto-save of retention data completed successfully.
[1546494740] SERVICE NOTIFICATION: nagiosadmin;qservercluster1;CPU_Procs;CRITICAL;notify-service-by-email;CPU CRITICAL: 1 crit, 0 warn out of 298 processes
[1546494800] SERVICE FLAPPING ALERT: pservercluster2;CPU Load;STOPPED; Service appears to have stopped flapping (3.9% change < 5.0% threshold)
[1546494800] SERVICE NOTIFICATION: nagiosadmin;pservercluster2;CPU Load;OK;notify-service-by-email;OK - load average: 1.02, 0.82, 0.78
[1546494924] SERVICE NOTIFICATION: nagiosadmin;smscapp2;Memory;WARNING;notify-service-by-email;WARNING - 13.9% (2263104 kB) free!
[1546494984] SERVICE NOTIFICATION: nagiosadmin;sigqscluster1;CPU_Procs;CRITICAL;notify-service-by-email;CPU CRITICAL: 1 crit, 0 warn out of 339 processes
[1546495112] SERVICE NOTIFICATION: nagiosadmin;qservercluster2;CPU_Procs;CRITICAL;notify-service-by-email;CPU CRITICAL: 1 crit, 0 warn out of 305 processes
[1546495916] SERVICE ALERT: pservercluster2;Current Users;WARNING;SOFT;1;USERS WARNING - 16 users currently logged in
[1546496000] SERVICE ALERT: pservercluster2;CPU Load;CRITICAL;SOFT;1;CRITICAL - load average: 175.99, 145.14, 60.03
[1546496036] SERVICE ALERT: pservercluster2;Current Users;WARNING;SOFT;2;USERS WARNING - 16 users currently logged in
[1546496120] SERVICE ALERT: pservercluster2;CPU Load;CRITICAL;SOFT;2;CRITICAL - load average: 24.54, 97.38, 52.84
[1546496156] SERVICE NOTIFICATION: nagiosadmin;pservercluster2;Current Users;WARNING;notify-service-by-email;USERS WARNING - 17 users currently logged in
[1546496156] SERVICE ALERT: pservercluster2;Current Users;WARNING;HARD;3;USERS WARNING - 17 users currently logged in
[1546496241] SERVICE NOTIFICATION: nagiosadmin;pservercluster2;CPU Load;CRITICAL;notify-service-by-email;CRITICAL - load average: 4.26, 65.51, 46.56
[1546496241] SERVICE ALERT: pservercluster2;CPU Load;CRITICAL;HARD;3;CRITICAL - load average: 4.26, 65.51, 46.56
[1546496314] SERVICE NOTIFICATION: nagiosadmin;smscapp2;CPU_Procs;WARNING;notify-service-by-email;CPU WARNING: 5 warn out of 335 processes
[1546496381] SERVICE NOTIFICATION: nagiosadmin;pservercluster2;Memory;CRITICAL;notify-service-by-email;CRITICAL - 5.6% (1364944 kB) free!
[1546496436] SERVICE NOTIFICATION: nagiosadmin;sigqscluster2;CPU_Procs;CRITICAL;notify-service-by-email;CPU CRITICAL: 1 crit, 0 warn out of 335 processes
[1546496729] SERVICE ALERT: db2;Memory;WARNING;SOFT;1;WARNING - 15.9% (7817504 kB) free!
[1546496849] SERVICE ALERT: db2;Memory;OK;HARD;1;OK - 20.6% (10160532 kB) free.
[1546497124] SERVICE NOTIFICATION: nagiosadmin;smscapp1;CPU_Procs;CRITICAL;notify-service-by-email;CPU CRITICAL: 1 crit, 0 warn out of 299 processes
[1546497356] SERVICE NOTIFICATION: nagiosadmin;pservercluster2;Current Users;OK;notify-service-by-email;USERS OK - 11 users currently logged in
[1546497356] SERVICE ALERT: pservercluster2;Current Users;OK;HARD;1;USERS OK - 11 users currently logged in
[1546497441] SERVICE NOTIFICATION: nagiosadmin;pservercluster2;CPU Load;WARNING;notify-service-by-email;WARNING - load average: 0.65, 1.88, 13.33
[1546497441] SERVICE ALERT: pservercluster2;CPU Load;WARNING;HARD;3;WARNING - load average: 0.65, 1.88, 13.33
[1546497446] SERVICE NOTIFICATION: nagiosadmin;pservercluster2;HDD_Root status;WARNING;notify-service-by-email;DISK WARNING - free space: / 8186 MB (15% inode=98%):
[1546497509] SERVICE NOTIFICATION: nagiosadmin;pservercluster2;CPU_Procs;CRITICAL;notify-service-by-email;CPU CRITICAL: 2 crit, 3 warn out of 361 processes
[1546497616] SERVICE NOTIFICATION: nagiosadmin;sig1;HDD_Root status;WARNING;notify-service-by-email;DISK WARNING - free space: / 7584 MB (14% inode=97%):
[1546498165] Auto-save of retention data completed successfully.
[1546498340] SERVICE NOTIFICATION: nagiosadmin;qservercluster1;CPU_Procs;CRITICAL;notify-service-by-email;CPU CRITICAL: 1 crit, 0 warn out of 299 processes
[1546498524] SERVICE NOTIFICATION: nagiosadmin;smscapp2;Memory;WARNING;notify-service-by-email;WARNING - 13.9% (2262444 kB) free!
[1546498641] SERVICE NOTIFICATION: nagiosadmin;pservercluster2;CPU Load;OK;notify-service-by-email;OK - load average: 0.63, 0.80, 4.30
[1546498641] SERVICE ALERT: pservercluster2;CPU Load;OK;HARD;1;OK - load average: 0.63, 0.80, 4.30
[1546498712] SERVICE NOTIFICATION: nagiosadmin;qservercluster2;CPU_Procs;CRITICAL;notify-service-by-email;CPU CRITICAL: 1 crit, 0 warn out of 303 processes
[1546499183] SERVICE NOTIFICATION: nagiosadmin;sigqscluster1;CPU_Procs;CRITICAL;notify-service-by-email;CPU CRITICAL: 1 crit, 0 warn out of 336 processes
[1546499914] SERVICE NOTIFICATION: nagiosadmin;smscapp2;CPU_Procs;WARNING;notify-service-by-email;CPU WARNING: 5 warn out of 336 processes
[1546499981] SERVICE NOTIFICATION: nagiosadmin;pservercluster2;Memory;CRITICAL;notify-service-by-email;CRITICAL - 5.0% (1228008 kB) free!
[1546500036] SERVICE NOTIFICATION: nagiosadmin;sigqscluster2;CPU_Procs;CRITICAL;notify-service-by-email;CPU CRITICAL: 1 crit, 0 warn out of 336 processes
[1546500356] SERVICE ALERT: pservercluster2;Current Users;WARNING;SOFT;1;USERS WARNING - 16 users currently logged in
[1546500476] SERVICE ALERT: pservercluster2;Current Users;WARNING;SOFT;2;USERS WARNING - 16 users currently logged in
[1546500596] SERVICE NOTIFICATION: nagiosadmin;pservercluster2;Current Users;WARNING;notify-service-by-email;USERS WARNING - 16 users currently logged in
[1546500596] SERVICE ALERT: pservercluster2;Current Users;WARNING;HARD;3;USERS WARNING - 16 users currently logged in
[1546500724] SERVICE NOTIFICATION: nagiosadmin;smscapp1;CPU_Procs;CRITICAL;notify-service-by-email;CPU CRITICAL: 1 crit, 0 warn out of 298 processes
[1546501046] SERVICE NOTIFICATION: nagiosadmin;pservercluster2;HDD_Root status;WARNING;notify-service-by-email;DISK WARNING - free space: / 8185 MB (15% inode=98%):
[1546501109] SERVICE NOTIFICATION: nagiosadmin;pservercluster2;CPU_Procs;CRITICAL;notify-service-by-email;CPU CRITICAL: 2 crit, 3 warn out of 375 processes
[1546501216] SERVICE NOTIFICATION: nagiosadmin;sig1;HDD_Root status;WARNING;notify-service-by-email;DISK WARNING - free space: / 7584 MB (14% inode=97%):
[1546501765] Auto-save of retention data completed successfully.
[1546501940] SERVICE NOTIFICATION: nagiosadmin;qservercluster1;CPU_Procs;CRITICAL;notify-service-by-email;CPU CRITICAL: 1 crit, 0 warn out of 298 processes
[1546502124] SERVICE NOTIFICATION: nagiosadmin;smscapp2;Memory;WARNING;notify-service-by-email;WARNING - 13.9% (2264264 kB) free!
[1546502312] SERVICE NOTIFICATION: nagiosadmin;qservercluster2;CPU_Procs;CRITICAL;notify-service-by-email;CPU CRITICAL: 1 crit, 0 warn out of 303 processes
[1546502783] SERVICE NOTIFICATION: nagiosadmin;sigqscluster1;CPU_Procs;CRITICAL;notify-service-by-email;CPU CRITICAL: 1 crit, 0 warn out of 338 processes
[1546502996] SERVICE FLAPPING ALERT: pservercluster2;Current Users;STARTED; Service appears to have started flapping (21.8% change >= 20.0% threshold)
[1546502996] SERVICE ALERT: pservercluster2;Current Users;OK;HARD;1;USERS OK - 15 users currently logged in
[1546503514] SERVICE NOTIFICATION: nagiosadmin;smscapp2;CPU_Procs;WARNING;notify-service-by-email;CPU WARNING: 5 warn out of 334 processes
[1546503581] SERVICE NOTIFICATION: nagiosadmin;pservercluster2;Memory;CRITICAL;notify-service-by-email;CRITICAL - 4.4% (1085048 kB) free!
[1546503596] SERVICE ALERT: pservercluster2;Current Users;WARNING;SOFT;1;USERS WARNING - 16 users currently logged in
[1546503636] SERVICE NOTIFICATION: nagiosadmin;sigqscluster2;CPU_Procs;CRITICAL;notify-service-by-email;CPU CRITICAL: 1 crit, 0 warn out of 334 processes
[1546503716] SERVICE ALERT: pservercluster2;Current Users;WARNING;SOFT;2;USERS WARNING - 16 users currently logged in
[1546503836] SERVICE ALERT: pservercluster2;Current Users;WARNING;HARD;3;USERS WARNING - 16 users currently logged in
[1546504041] SERVICE ALERT: pservercluster2;CPU Load;CRITICAL;SOFT;1;CRITICAL - load average: 669.64, 172.85, 58.69
[1546504161] SERVICE ALERT: pservercluster2;CPU Load;CRITICAL;SOFT;2;CRITICAL - load average: 107.30, 131.44, 58.18
[1546504281] SERVICE FLAPPING ALERT: pservercluster2;CPU Load;STARTED; Service appears to have started flapping (20.7% change >= 20.0% threshold)
[1546504281] SERVICE ALERT: pservercluster2;CPU Load;CRITICAL;HARD;3;CRITICAL - load average: 15.20, 88.25, 51.24
[1546504324] SERVICE NOTIFICATION: nagiosadmin;smscapp1;CPU_Procs;CRITICAL;notify-service-by-email;CPU CRITICAL: 1 crit, 0 warn out of 305 processes
[1546504593] SERVICE ALERT: db2;CPU_Procs;CRITICAL;SOFT;1;CPU CRITICAL: 1 crit, 0 warn out of 292 processes
[1546504646] SERVICE NOTIFICATION: nagiosadmin;pservercluster2;HDD_Root status;WARNING;notify-service-by-email;DISK WARNING - free space: / 8181 MB (15% inode=98%):
[1546504650] SERVICE ALERT: db2;Memory;WARNING;SOFT;1;WARNING - 14.8% (7314404 kB) free!
[1546504709] SERVICE NOTIFICATION: nagiosadmin;pservercluster2;CPU_Procs;CRITICAL;notify-service-by-email;CPU CRITICAL: 2 crit, 3 warn out of 379 processes
[1546504713] SERVICE ALERT: db2;CPU_Procs;OK;HARD;1;CPU OK: 291 processes
[1546504770] SERVICE ALERT: db2;Memory;OK;HARD;1;OK - 20.6% (10156248 kB) free.
[1546504816] SERVICE NOTIFICATION: nagiosadmin;sig1;HDD_Root status;WARNING;notify-service-by-email;DISK WARNING - free space: / 7583 MB (14% inode=97%):
[1546505365] Auto-save of retention data completed successfully.
[1546505481] SERVICE ALERT: pservercluster2;CPU Load;WARNING;HARD;3;WARNING - load average: 0.83, 2.48, 14.77
[1546505540] SERVICE NOTIFICATION: nagiosadmin;qservercluster1;CPU_Procs;CRITICAL;notify-service-by-email;CPU CRITICAL: 1 crit, 0 warn out of 298 processes
[1546505724] SERVICE NOTIFICATION: nagiosadmin;smscapp2;Memory;WARNING;notify-service-by-email;WARNING - 13.6% (2207824 kB) free!
[1546505913] SERVICE NOTIFICATION: nagiosadmin;qservercluster2;CPU_Procs;CRITICAL;notify-service-by-email;CPU CRITICAL: 1 crit, 0 warn out of 305 processes
[1546506383] SERVICE NOTIFICATION: nagiosadmin;sigqscluster1;CPU_Procs;CRITICAL;notify-service-by-email;CPU CRITICAL: 1 crit, 0 warn out of 337 processes
[1546506681] SERVICE ALERT: pservercluster2;CPU Load;OK;HARD;1;OK - load average: 0.91, 0.89, 4.70
[1546507114] SERVICE NOTIFICATION: nagiosadmin;smscapp2;CPU_Procs;WARNING;notify-service-by-email;CPU WARNING: 5 warn out of 334 processes
[1546507181] SERVICE NOTIFICATION: nagiosadmin;pservercluster2;Memory;CRITICAL;notify-service-by-email;CRITICAL - 4.6% (1129616 kB) free!
[1546507236] SERVICE NOTIFICATION: nagiosadmin;sigqscluster2;CPU_Procs;CRITICAL;notify-service-by-email;CPU CRITICAL: 1 crit, 0 warn out of 335 processes
[1546507924] SERVICE NOTIFICATION: nagiosadmin;smscapp1;CPU_Procs;CRITICAL;notify-service-by-email;CPU CRITICAL: 1 crit, 0 warn out of 315 processes
[1546508036] SERVICE ALERT: pservercluster2;Current Users;OK;HARD;1;USERS OK - 15 users currently logged in
[1546508246] SERVICE NOTIFICATION: nagiosadmin;pservercluster2;HDD_Root status;WARNING;notify-service-by-email;DISK WARNING - free space: / 8181 MB (15% inode=98%):
[1546508310] SERVICE NOTIFICATION: nagiosadmin;pservercluster2;CPU_Procs;CRITICAL;notify-service-by-email;CPU CRITICAL: 2 crit, 3 warn out of 372 processes
[1546508416] SERVICE NOTIFICATION: nagiosadmin;sig1;HDD_Root status;WARNING;notify-service-by-email;DISK WARNING - free space: / 7580 MB (14% inode=97%):
[1546508965] Auto-save of retention data completed successfully.
[1546509140] SERVICE NOTIFICATION: nagiosadmin;qservercluster1;CPU_Procs;CRITICAL;notify-service-by-email;CPU CRITICAL: 1 crit, 0 warn out of 298 processes
[1546509324] SERVICE NOTIFICATION: nagiosadmin;smscapp2;Memory;WARNING;notify-service-by-email;WARNING - 13.5% (2201732 kB) free!
[1546509983] SERVICE NOTIFICATION: nagiosadmin;sigqscluster1;CPU_Procs;CRITICAL;notify-service-by-email;CPU CRITICAL: 1 crit, 0 warn out of 336 processes
[1546510112] SERVICE NOTIFICATION: nagiosadmin;qservercluster2;CPU_Procs;CRITICAL;notify-service-by-email;CPU CRITICAL: 1 crit, 0 warn out of 302 processes
[1546510714] SERVICE NOTIFICATION: nagiosadmin;smscapp2;CPU_Procs;WARNING;notify-service-by-email;CPU WARNING: 5 warn out of 335 processes
[1546510781] SERVICE NOTIFICATION: nagiosadmin;pservercluster2;Memory;CRITICAL;notify-service-by-email;CRITICAL - 4.1% (993952 kB) free!
[1546510836] SERVICE NOTIFICATION: nagiosadmin;sigqscluster2;CPU_Procs;CRITICAL;notify-service-by-email;CPU CRITICAL: 1 crit, 0 warn out of 334 processes
[1546511371] SERVICE ALERT: db2;Memory;WARNING;SOFT;1;WARNING - 19.7% (9712276 kB) free!
[1546511481] SERVICE ALERT: pservercluster2;CPU Load;CRITICAL;SOFT;1;CRITICAL - load average: 605.95, 152.05, 51.51
[1546511491] SERVICE ALERT: db2;Memory;WARNING;SOFT;2;WARNING - 16.8% (8278804 kB) free!
[1546511524] SERVICE NOTIFICATION: nagiosadmin;smscapp1;CPU_Procs;CRITICAL;notify-service-by-email;CPU CRITICAL: 1 crit, 0 warn out of 310 processes
[1546511601] SERVICE ALERT: pservercluster2;CPU Load;CRITICAL;SOFT;2;CRITICAL - load average: 98.32, 117.40, 51.83
[1546511611] SERVICE ALERT: db2;Memory;OK;HARD;1;OK - 20.2% (9938520 kB) free.
[1546511721] SERVICE ALERT: pservercluster2;CPU Load;CRITICAL;HARD;3;CRITICAL - load average: 14.08, 78.89, 45.67
[1546511846] SERVICE NOTIFICATION: nagiosadmin;pservercluster2;HDD_Root status;WARNING;notify-service-by-email;DISK WARNING - free space: / 8182 MB (15% inode=98%):
[1546512016] SERVICE NOTIFICATION: nagiosadmin;sig1;HDD_Root status;WARNING;notify-service-by-email;DISK WARNING - free space: / 7580 MB (14% inode=97%):
[1546512509] SERVICE NOTIFICATION: nagiosadmin;pservercluster2;CPU_Procs;CRITICAL;notify-service-by-email;CPU CRITICAL: 2 crit, 3 warn out of 376 processes
[1546512513] SERVICE ALERT: db2;CPU_Procs;CRITICAL;SOFT;1;CPU CRITICAL: 1 crit, 0 warn out of 290 processes
[1546512565] Auto-save of retention data completed successfully.
[1546512633] SERVICE ALERT: db2;CPU_Procs;CRITICAL;SOFT;2;CPU CRITICAL: 1 crit, 0 warn out of 290 processes
[1546512740] SERVICE NOTIFICATION: nagiosadmin;qservercluster1;CPU_Procs;CRITICAL;notify-service-by-email;CPU CRITICAL: 1 crit, 0 warn out of 302 processes
[1546512753] SERVICE ALERT: db2;CPU_Procs;OK;HARD;1;CPU OK: 289 processes
[1546512836] SERVICE ALERT: pservercluster2;Current Users;WARNING;SOFT;1;USERS WARNING - 17 users currently logged in
[1546512921] SERVICE ALERT: pservercluster2;CPU Load;WARNING;HARD;3;WARNING - load average: 0.81, 2.19, 13.13
[1546512925] SERVICE NOTIFICATION: nagiosadmin;smscapp2;Memory;WARNING;notify-service-by-email;WARNING - 13.4% (2183652 kB) free!
[1546512956] SERVICE ALERT: pservercluster2;Current Users;WARNING;SOFT;2;USERS WARNING - 17 users currently logged in
[1546513076] SERVICE ALERT: pservercluster2;Current Users;WARNING;HARD;3;USERS WARNING - 17 users currently logged in
[1546513583] SERVICE NOTIFICATION: nagiosadmin;sigqscluster1;CPU_Procs;CRITICAL;notify-service-by-email;CPU CRITICAL: 1 crit, 0 warn out of 336 processes
[1546513712] SERVICE NOTIFICATION: nagiosadmin;qservercluster2;CPU_Procs;CRITICAL;notify-service-by-email;CPU CRITICAL: 1 crit, 0 warn out of 303 processes
[1546514121] SERVICE ALERT: pservercluster2;CPU Load;OK;HARD;1;OK - load average: 0.78, 0.88, 4.26
[1546514314] SERVICE NOTIFICATION: nagiosadmin;smscapp2;CPU_Procs;WARNING;notify-service-by-email;CPU WARNING: 5 warn out of 337 processes
[1546514381] SERVICE NOTIFICATION: nagiosadmin;pservercluster2;Memory;CRITICAL;notify-service-by-email;CRITICAL - 4.6% (1120488 kB) free!
[1546514436] SERVICE NOTIFICATION: nagiosadmin;sigqscluster2;CPU_Procs;CRITICAL;notify-service-by-email;CPU CRITICAL: 1 crit, 0 warn out of 335 processes
[1546514486] SERVICE ALERT: db1;CPU_Procs;CRITICAL;SOFT;1;CPU CRITICAL: 1 crit, 0 warn out of 325 processes
[1546514606] SERVICE ALERT: db1;CPU_Procs;OK;HARD;1;CPU OK: 323 processes
[1546515124] SERVICE NOTIFICATION: nagiosadmin;smscapp1;CPU_Procs;CRITICAL;notify-service-by-email;CPU CRITICAL: 1 crit, 0 warn out of 314 processes
[1546515446] SERVICE NOTIFICATION: nagiosadmin;pservercluster2;HDD_Root status;WARNING;notify-service-by-email;DISK WARNING - free space: / 8186 MB (15% inode=98%):
[1546515616] SERVICE NOTIFICATION: nagiosadmin;sig1;HDD_Root status;WARNING;notify-service-by-email;DISK WARNING - free space: / 7579 MB (14% inode=97%):
[1546516109] SERVICE NOTIFICATION: nagiosadmin;pservercluster2;CPU_Procs;CRITICAL;notify-service-by-email;CPU CRITICAL: 2 crit, 3 warn out of 377 processes
[1546516165] Auto-save of retention data completed successfully.
[1546516340] SERVICE NOTIFICATION: nagiosadmin;qservercluster1;CPU_Procs;CRITICAL;notify-service-by-email;CPU CRITICAL: 1 crit, 0 warn out of 298 processes
[1546516411] SERVICE ALERT: db2;Memory;WARNING;SOFT;1;WARNING - 19.7% (9696944 kB) free!
[1546516531] SERVICE ALERT: db2;Memory;WARNING;SOFT;2;WARNING - 17.7% (8719256 kB) free!
[1546516652] SERVICE NOTIFICATION: nagiosadmin;db2;Memory;WARNING;notify-service-by-email;WARNING - 15.0% (7390332 kB) free!
[1546516652] SERVICE ALERT: db2;Memory;WARNING;HARD;3;WARNING - 15.0% (7390332 kB) free!
[1546517124] SERVICE NOTIFICATION: nagiosadmin;smscapp2;Memory;WARNING;notify-service-by-email;WARNING - 11.7% (1900896 kB) free!
[1546517183] SERVICE NOTIFICATION: nagiosadmin;sigqscluster1;CPU_Procs;CRITICAL;notify-service-by-email;CPU CRITICAL: 1 crit, 0 warn out of 338 processes
[1546517312] SERVICE NOTIFICATION: nagiosadmin;qservercluster2;CPU_Procs;CRITICAL;notify-service-by-email;CPU CRITICAL: 1 crit, 0 warn out of 300 processes
[1546517852] SERVICE NOTIFICATION: nagiosadmin;db2;Memory;OK;notify-service-by-email;OK - 20.1% (9915520 kB) free.
[1546517852] SERVICE ALERT: db2;Memory;OK;HARD;1;OK - 20.1% (9915520 kB) free.
[1546517915] SERVICE NOTIFICATION: nagiosadmin;smscapp2;CPU_Procs;WARNING;notify-service-by-email;CPU WARNING: 5 warn out of 334 processes
[1546517981] SERVICE NOTIFICATION: nagiosadmin;pservercluster2;Memory;CRITICAL;notify-service-by-email;CRITICAL - 4.9% (1211324 kB) free!
[1546518036] SERVICE NOTIFICATION: nagiosadmin;sigqscluster2;CPU_Procs;CRITICAL;notify-service-by-email;CPU CRITICAL: 1 crit, 0 warn out of 335 processes
[1546518153] SERVICE ALERT: db2;CPU_Procs;CRITICAL;SOFT;1;CPU CRITICAL: 1 crit, 0 warn out of 291 processes
[1546518273] SERVICE ALERT: db2;CPU_Procs;CRITICAL;SOFT;2;CPU CRITICAL: 1 crit, 0 warn out of 292 processes
[1546518393] SERVICE ALERT: db2;CPU_Procs;OK;HARD;1;CPU OK: 292 processes
[1546518724] SERVICE NOTIFICATION: nagiosadmin;smscapp1;CPU_Procs;CRITICAL;notify-service-by-email;CPU CRITICAL: 1 crit, 0 warn out of 312 processes
[1546519046] SERVICE NOTIFICATION: nagiosadmin;pservercluster2;HDD_Root status;WARNING;notify-service-by-email;DISK WARNING - free space: / 8180 MB (15% inode=98%):
[1546519216] SERVICE NOTIFICATION: nagiosadmin;sig1;HDD_Root status;WARNING;notify-service-by-email;DISK WARNING - free space: / 7579 MB (14% inode=97%):
[1546519406] SERVICE ALERT: db1;CPU_Procs;CRITICAL;SOFT;1;CPU CRITICAL: 1 crit, 0 warn out of 325 processes
[1546519524] SERVICE NOTIFICATION: nagiosadmin;smscapp2;Memory;CRITICAL;notify-service-by-email;CRITICAL - 9.0% (1468876 kB) free!
[1546519524] SERVICE ALERT: smscapp2;Memory;CRITICAL;HARD;3;CRITICAL - 9.0% (1468876 kB) free!
[1546519526] SERVICE ALERT: db1;CPU_Procs;OK;HARD;1;CPU OK: 324 processes
[1546519709] SERVICE NOTIFICATION: nagiosadmin;pservercluster2;CPU_Procs;CRITICAL;notify-service-by-email;CPU CRITICAL: 2 crit, 3 warn out of 380 processes
[1546519765] Auto-save of retention data completed successfully.
[1546519940] SERVICE NOTIFICATION: nagiosadmin;qservercluster1;CPU_Procs;CRITICAL;notify-service-by-email;CPU CRITICAL: 1 crit, 0 warn out of 299 processes
[1546520124] SERVICE NOTIFICATION: nagiosadmin;smscapp2;Memory;WARNING;notify-service-by-email;WARNING - 11.3% (1828924 kB) free!
[1546520124] SERVICE ALERT: smscapp2;Memory;WARNING;HARD;3;WARNING - 11.3% (1828924 kB) free!
[1546520276] SERVICE FLAPPING ALERT: pservercluster2;Current Users;STOPPED; Service appears to have stopped flapping (4.7% change < 5.0% threshold)
[1546520276] SERVICE NOTIFICATION: nagiosadmin;pservercluster2;Current Users;WARNING;notify-service-by-email;USERS WARNING - 18 users currently logged in
[1546520783] SERVICE NOTIFICATION: nagiosadmin;sigqscluster1;CPU_Procs;CRITICAL;notify-service-by-email;CPU CRITICAL: 1 crit, 0 warn out of 337 processes
[1546520912] SERVICE NOTIFICATION: nagiosadmin;qservercluster2;CPU_Procs;CRITICAL;notify-service-by-email;CPU CRITICAL: 1 crit, 0 warn out of 302 processes
[1546521581] SERVICE NOTIFICATION: nagiosadmin;pservercluster2;Memory;CRITICAL;notify-service-by-email;CRITICAL - 3.2% (785528 kB) free!
[1546521636] SERVICE NOTIFICATION: nagiosadmin;sigqscluster2;CPU_Procs;CRITICAL;notify-service-by-email;CPU CRITICAL: 1 crit, 0 warn out of 334 processes
[1546521921] SERVICE ALERT: pservercluster2;CPU Load;WARNING;SOFT;1;WARNING - load average: 1.03, 11.73, 10.18
[1546522041] SERVICE ALERT: pservercluster2;CPU Load;WARNING;SOFT;2;WARNING - load average: 5.28, 10.46, 9.93
[1546522114] SERVICE NOTIFICATION: nagiosadmin;smscapp2;CPU_Procs;WARNING;notify-service-by-email;CPU WARNING: 5 warn out of 339 processes
[1546522161] SERVICE ALERT: pservercluster2;CPU Load;WARNING;HARD;3;WARNING - load average: 1.25, 7.26, 8.83
[1546522324] SERVICE NOTIFICATION: nagiosadmin;smscapp1;CPU_Procs;CRITICAL;notify-service-by-email;CPU CRITICAL: 1 crit, 0 warn out of 312 processes
[1546522646] SERVICE NOTIFICATION: nagiosadmin;pservercluster2;HDD_Root status;WARNING;notify-service-by-email;DISK WARNING - free space: / 8185 MB (15% inode=98%):
[1546522761] SERVICE ALERT: pservercluster2;CPU Load;OK;HARD;1;OK - load average: 1.30, 1.71, 4.99
[1546522816] SERVICE NOTIFICATION: nagiosadmin;sig1;HDD_Root status;WARNING;notify-service-by-email;DISK WARNING - free space: / 7451 MB (14% inode=97%):
[1546523124] SERVICE NOTIFICATION: nagiosadmin;smscapp2;Memory;CRITICAL;notify-service-by-email;CRITICAL - 9.8% (1592628 kB) free!
[1546523124] SERVICE ALERT: smscapp2;Memory;CRITICAL;HARD;3;CRITICAL - 9.8% (1592628 kB) free!
[1546523310] SERVICE NOTIFICATION: nagiosadmin;pservercluster2;CPU_Procs;CRITICAL;notify-service-by-email;CPU CRITICAL: 2 crit, 3 warn out of 391 processes
[1546523361] SERVICE ALERT: pservercluster2;CPU Load;WARNING;SOFT;1;WARNING - load average: 1.89, 4.76, 5.01
[1546523365] Auto-save of retention data completed successfully.
[1546523481] SERVICE ALERT: pservercluster2;CPU Load;OK;HARD;1;OK - load average: 0.76, 3.42, 4.50
[1546523540] SERVICE NOTIFICATION: nagiosadmin;qservercluster1;CPU_Procs;CRITICAL;notify-service-by-email;CPU CRITICAL: 1 crit, 0 warn out of 297 processes
[1546523852] SERVICE ALERT: db2;Memory;WARNING;SOFT;1;WARNING - 19.1% (9437248 kB) free!
[1546523876] SERVICE NOTIFICATION: nagiosadmin;pservercluster2;Current Users;OK;notify-service-by-email;USERS OK - 15 users currently logged in
[1546523876] SERVICE ALERT: pservercluster2;Current Users;OK;HARD;1;USERS OK - 15 users currently logged in
[1546523972] SERVICE ALERT: db2;Memory;WARNING;SOFT;2;WARNING - 16.2% (7961388 kB) free!
[1546524092] SERVICE ALERT: db2;Memory;OK;HARD;1;OK - 20.1% (9900628 kB) free.
[1546524383] SERVICE NOTIFICATION: nagiosadmin;sigqscluster1;CPU_Procs;CRITICAL;notify-service-by-email;CPU CRITICAL: 1 crit, 0 warn out of 337 processes
[1546524394] SERVICE ALERT: db2;CPU_Procs;CRITICAL;SOFT;1;CPU CRITICAL: 1 crit, 0 warn out of 290 processes
[1546524512] SERVICE NOTIFICATION: nagiosadmin;qservercluster2;CPU_Procs;CRITICAL;notify-service-by-email;CPU CRITICAL: 1 crit, 0 warn out of 302 processes
[1546524514] SERVICE ALERT: db2;CPU_Procs;CRITICAL;SOFT;2;CPU CRITICAL: 1 crit, 0 warn out of 291 processes
[1546524634] SERVICE ALERT: db2;CPU_Procs;OK;HARD;1;CPU OK: 290 processes
[1546525181] SERVICE NOTIFICATION: nagiosadmin;pservercluster2;Memory;CRITICAL;notify-service-by-email;CRITICAL - 2.8% (680624 kB) free!
[1546525237] SERVICE NOTIFICATION: nagiosadmin;sigqscluster2;CPU_Procs;CRITICAL;notify-service-by-email;CPU CRITICAL: 1 crit, 0 warn out of 335 processes
[1546525714] SERVICE NOTIFICATION: nagiosadmin;smscapp2;CPU_Procs;WARNING;notify-service-by-email;CPU WARNING: 5 warn out of 334 processes
[1546525881] SERVICE ALERT: pservercluster2;CPU Load;WARNING;SOFT;1;WARNING - load average: 18.54, 4.94, 3.25
[1546525924] SERVICE NOTIFICATION: nagiosadmin;smscapp1;CPU_Procs;CRITICAL;notify-service-by-email;CPU CRITICAL: 1 crit, 0 warn out of 312 processes
[1546526001] SERVICE ALERT: pservercluster2;CPU Load;OK;HARD;1;OK - load average: 3.15, 3.52, 2.93
[1546526246] SERVICE NOTIFICATION: nagiosadmin;pservercluster2;HDD_Root status;WARNING;notify-service-by-email;DISK WARNING - free space: / 8185 MB (15% inode=98%):
[1546526416] SERVICE NOTIFICATION: nagiosadmin;sig1;HDD_Root status;WARNING;notify-service-by-email;DISK WARNING - free space: / 7451 MB (14% inode=97%):
[1546526724] SERVICE NOTIFICATION: nagiosadmin;smscapp2;Memory;CRITICAL;notify-service-by-email;CRITICAL - 8.7% (1407456 kB) free!
[1546526726] SERVICE ALERT: db1;CPU_Procs;CRITICAL;SOFT;1;CPU CRITICAL: 1 crit, 0 warn out of 328 processes
[1546526846] SERVICE ALERT: db1;CPU_Procs;OK;HARD;1;CPU OK: 328 processes
[1546526965] Auto-save of retention data completed successfully.
[1546527140] SERVICE NOTIFICATION: nagiosadmin;qservercluster1;CPU_Procs;CRITICAL;notify-service-by-email;CPU CRITICAL: 1 crit, 0 warn out of 299 processes
[1546527509] SERVICE NOTIFICATION: nagiosadmin;pservercluster2;CPU_Procs;CRITICAL;notify-service-by-email;CPU CRITICAL: 2 crit, 3 warn out of 364 processes
[1546527692] SERVICE ALERT: db2;Memory;WARNING;SOFT;1;WARNING - 19.8% (9733432 kB) free!
[1546527812] SERVICE ALERT: db2;Memory;WARNING;SOFT;2;WARNING - 17.0% (8386372 kB) free!
[1546527932] SERVICE NOTIFICATION: nagiosadmin;db2;Memory;WARNING;notify-service-by-email;WARNING - 19.9% (9812012 kB) free!
[1546527932] SERVICE ALERT: db2;Memory;WARNING;HARD;3;WARNING - 19.9% (9812012 kB) free!
[1546527983] SERVICE NOTIFICATION: nagiosadmin;sigqscluster1;CPU_Procs;CRITICAL;notify-service-by-email;CPU CRITICAL: 1 crit, 0 warn out of 339 processes
[1546528112] SERVICE NOTIFICATION: nagiosadmin;qservercluster2;CPU_Procs;CRITICAL;notify-service-by-email;CPU CRITICAL: 1 crit, 0 warn out of 301 processes
[1546528234] SERVICE ALERT: db2;CPU_Procs;CRITICAL;SOFT;1;CPU CRITICAL: 1 crit, 0 warn out of 290 processes
[1546528355] SERVICE ALERT: db2;CPU_Procs;CRITICAL;SOFT;2;CPU CRITICAL: 1 crit, 0 warn out of 291 processes
[1546528475] SERVICE NOTIFICATION: nagiosadmin;db2;CPU_Procs;CRITICAL;notify-service-by-email;CPU CRITICAL: 1 crit, 0 warn out of 291 processes
[1546528475] SERVICE ALERT: db2;CPU_Procs;CRITICAL;HARD;3;CPU CRITICAL: 1 crit, 0 warn out of 291 processes
[1546528781] SERVICE NOTIFICATION: nagiosadmin;pservercluster2;Memory;CRITICAL;notify-service-by-email;CRITICAL - 2.1% (525376 kB) free!
[1546529075] SERVICE NOTIFICATION: nagiosadmin;db2;CPU_Procs;OK;notify-service-by-email;CPU OK: 290 processes
[1546529075] SERVICE ALERT: db2;CPU_Procs;OK;HARD;1;CPU OK: 290 processes
[1546529314] SERVICE NOTIFICATION: nagiosadmin;smscapp2;CPU_Procs;WARNING;notify-service-by-email;CPU WARNING: 5 warn out of 340 processes
[1546529436] SERVICE NOTIFICATION: nagiosadmin;sigqscluster2;CPU_Procs;CRITICAL;notify-service-by-email;CPU CRITICAL: 1 crit, 0 warn out of 340 processes
[1546529524] SERVICE NOTIFICATION: nagiosadmin;smscapp1;CPU_Procs;CRITICAL;notify-service-by-email;CPU CRITICAL: 1 crit, 0 warn out of 312 processes
[1546529846] SERVICE NOTIFICATION: nagiosadmin;pservercluster2;HDD_Root status;WARNING;notify-service-by-email;DISK WARNING - free space: / 8180 MB (15% inode=98%):
[1546530016] SERVICE NOTIFICATION: nagiosadmin;sig1;HDD_Root status;WARNING;notify-service-by-email;DISK WARNING - free space: / 7451 MB (14% inode=97%):
[1546530324] SERVICE NOTIFICATION: nagiosadmin;smscapp2;Memory;CRITICAL;notify-service-by-email;CRITICAL - 6.9% (1115204 kB) free!
[1546530565] Auto-save of retention data completed successfully.
[1546530740] SERVICE NOTIFICATION: nagiosadmin;qservercluster1;CPU_Procs;CRITICAL;notify-service-by-email;CPU CRITICAL: 1 crit, 0 warn out of 298 processes
[1546531109] SERVICE NOTIFICATION: nagiosadmin;pservercluster2;CPU_Procs;CRITICAL;notify-service-by-email;CPU CRITICAL: 2 crit, 3 warn out of 369 processes
[1546531532] SERVICE NOTIFICATION: nagiosadmin;db2;Memory;WARNING;notify-service-by-email;WARNING - 20.0% (9868644 kB) free!
[1546531583] SERVICE NOTIFICATION: nagiosadmin;sigqscluster1;CPU_Procs;CRITICAL;notify-service-by-email;CPU CRITICAL: 1 crit, 0 warn out of 336 processes
[1546531712] SERVICE NOTIFICATION: nagiosadmin;qservercluster2;CPU_Procs;CRITICAL;notify-service-by-email;CPU CRITICAL: 1 crit, 0 warn out of 301 processes
[1546532381] SERVICE NOTIFICATION: nagiosadmin;pservercluster2;Memory;CRITICAL;notify-service-by-email;CRITICAL - 1.5% (365580 kB) free!
[1546532676] SERVICE ALERT: db2;CPU_Procs;CRITICAL;SOFT;1;CPU CRITICAL: 1 crit, 0 warn out of 291 processes
[1546532796] SERVICE ALERT: db2;CPU_Procs;CRITICAL;SOFT;2;CPU CRITICAL: 1 crit, 0 warn out of 293 processes
[1546532914] SERVICE NOTIFICATION: nagiosadmin;smscapp2;CPU_Procs;WARNING;notify-service-by-email;CPU WARNING: 5 warn out of 338 processes
[1546532916] SERVICE NOTIFICATION: nagiosadmin;db2;CPU_Procs;CRITICAL;notify-service-by-email;CPU CRITICAL: 1 crit, 0 warn out of 294 processes
[1546532916] SERVICE ALERT: db2;CPU_Procs;CRITICAL;HARD;3;CPU CRITICAL: 1 crit, 0 warn out of 294 processes
[1546533036] SERVICE NOTIFICATION: nagiosadmin;sigqscluster2;CPU_Procs;CRITICAL;notify-service-by-email;CPU CRITICAL: 1 crit, 0 warn out of 337 processes
[1546533124] SERVICE NOTIFICATION: nagiosadmin;smscapp1;CPU_Procs;CRITICAL;notify-service-by-email;CPU CRITICAL: 1 crit, 0 warn out of 307 processes
[1546533446] SERVICE NOTIFICATION: nagiosadmin;pservercluster2;HDD_Root status;WARNING;notify-service-by-email;DISK WARNING - free space: / 8151 MB (15% inode=98%):
[1546533516] SERVICE FLAPPING ALERT: db2;CPU_Procs;STARTED; Service appears to have started flapping (22.9% change >= 20.0% threshold)
[1546533516] SERVICE ALERT: db2;CPU_Procs;OK;HARD;1;CPU OK: 290 processes
[1546533616] SERVICE NOTIFICATION: nagiosadmin;sig1;HDD_Root status;WARNING;notify-service-by-email;DISK WARNING - free space: / 7451 MB (14% inode=97%):
[1546533924] SERVICE NOTIFICATION: nagiosadmin;smscapp2;Memory;CRITICAL;notify-service-by-email;CRITICAL - 5.1% (834380 kB) free!
[1546534165] Auto-save of retention data completed successfully.
[1546534340] SERVICE NOTIFICATION: nagiosadmin;qservercluster1;CPU_Procs;CRITICAL;notify-service-by-email;CPU CRITICAL: 1 crit, 0 warn out of 298 processes
[1546534401] SERVICE FLAPPING ALERT: pservercluster2;CPU Load;STOPPED; Service appears to have stopped flapping (3.8% change < 5.0% threshold)
[1546534401] SERVICE NOTIFICATION: nagiosadmin;pservercluster2;CPU Load;OK;notify-service-by-email;OK - load average: 0.68, 0.60, 0.67
[1546534709] SERVICE NOTIFICATION: nagiosadmin;pservercluster2;CPU_Procs;CRITICAL;notify-service-by-email;CPU CRITICAL: 1 crit, 4 warn out of 371 processes
[1546535132] SERVICE NOTIFICATION: nagiosadmin;db2;Memory;WARNING;notify-service-by-email;WARNING - 14.2% (7013912 kB) free!
[1546535183] SERVICE NOTIFICATION: nagiosadmin;sigqscluster1;CPU_Procs;CRITICAL;notify-service-by-email;CPU CRITICAL: 1 crit, 0 warn out of 338 processes
[1546535312] SERVICE NOTIFICATION: nagiosadmin;qservercluster2;CPU_Procs;CRITICAL;notify-service-by-email;CPU CRITICAL: 1 crit, 0 warn out of 302 processes
[1546535981] SERVICE NOTIFICATION: nagiosadmin;pservercluster2;Memory;CRITICAL;notify-service-by-email;CRITICAL - 1.1% (272208 kB) free!
[1546536514] SERVICE NOTIFICATION: nagiosadmin;smscapp2;CPU_Procs;WARNING;notify-service-by-email;CPU WARNING: 5 warn out of 336 processes
[1546536636] SERVICE NOTIFICATION: nagiosadmin;sigqscluster2;CPU_Procs;CRITICAL;notify-service-by-email;CPU CRITICAL: 1 crit, 0 warn out of 338 processes
[1546536724] SERVICE NOTIFICATION: nagiosadmin;smscapp1;CPU_Procs;CRITICAL;notify-service-by-email;CPU CRITICAL: 1 crit, 0 warn out of 304 processes
[1546537046] SERVICE NOTIFICATION: nagiosadmin;pservercluster2;HDD_Root status;WARNING;notify-service-by-email;DISK WARNING - free space: / 8155 MB (15% inode=98%):
[1546537216] SERVICE NOTIFICATION: nagiosadmin;sig1;HDD_Root status;WARNING;notify-service-by-email;DISK WARNING - free space: / 7451 MB (14% inode=97%):
[1546537525] SERVICE NOTIFICATION: nagiosadmin;smscapp2;Memory;CRITICAL;notify-service-by-email;CRITICAL - 4.7% (758324 kB) free!
[1546537716] SERVICE ALERT: db2;CPU_Procs;CRITICAL;SOFT;1;CPU CRITICAL: 1 crit, 0 warn out of 290 processes
[1546537765] Auto-save of retention data completed successfully.
[1546537836] SERVICE ALERT: db2;CPU_Procs;CRITICAL;SOFT;2;CPU CRITICAL: 1 crit, 0 warn out of 290 processes
[1546537940] SERVICE NOTIFICATION: nagiosadmin;qservercluster1;CPU_Procs;CRITICAL;notify-service-by-email;CPU CRITICAL: 1 crit, 0 warn out of 299 processes
[1546537956] SERVICE ALERT: db2;CPU_Procs;OK;HARD;1;CPU OK: 289 processes
[1546538309] SERVICE NOTIFICATION: nagiosadmin;pservercluster2;CPU_Procs;CRITICAL;notify-service-by-email;CPU CRITICAL: 1 crit, 4 warn out of 367 processes
[1546538732] SERVICE NOTIFICATION: nagiosadmin;db2;Memory;WARNING;notify-service-by-email;WARNING - 20.0% (9847016 kB) free!
[1546538783] SERVICE NOTIFICATION: nagiosadmin;sigqscluster1;CPU_Procs;CRITICAL;notify-service-by-email;CPU CRITICAL: 1 crit, 0 warn out of 337 processes
[1546538912] SERVICE NOTIFICATION: nagiosadmin;qservercluster2;CPU_Procs;CRITICAL;notify-service-by-email;CPU CRITICAL: 1 crit, 0 warn out of 301 processes
[1546539581] SERVICE NOTIFICATION: nagiosadmin;pservercluster2;Memory;CRITICAL;notify-service-by-email;CRITICAL - 1.4% (342336 kB) free!
[1546540115] SERVICE NOTIFICATION: nagiosadmin;smscapp2;CPU_Procs;WARNING;notify-service-by-email;CPU WARNING: 5 warn out of 333 processes
