[1572460200] LOG ROTATION: DAILY
[1572460200] LOG VERSION: 2.0
[1572460200] CURRENT HOST STATE: db2;UP;HARD;1;PING OK - Packet loss = 0%, RTA = 0.40 ms
[1572460200] CURRENT HOST STATE: primary-server;UP;HARD;1;PING OK - Packet loss = 0%, RTA = 0.43 ms
[1572460200] CURRENT HOST STATE: pservercluster1;UP;HARD;1;PING OK - Packet loss = 0%, RTA = 1.97 ms
[1572460200] CURRENT HOST STATE: pservercluster2;UP;HARD;1;PING OK - Packet loss = 0%, RTA = 0.34 ms
[1572460200] CURRENT HOST STATE: qservercluster1;UP;HARD;1;PING OK - Packet loss = 0%, RTA = 0.33 ms
[1572460200] CURRENT HOST STATE: qservercluster2;UP;HARD;1;PING OK - Packet loss = 0%, RTA = 0.32 ms
[1572460200] CURRENT HOST STATE: redis-1;UP;HARD;1;PING OK - Packet loss = 0%, RTA = 0.31 ms
[1572460200] CURRENT HOST STATE: redis-2;UP;HARD;1;PING OK - Packet loss = 0%, RTA = 0.29 ms
[1572460200] CURRENT HOST STATE: rq-1;UP;HARD;1;PING OK - Packet loss = 0%, RTA = 0.28 ms
[1572460200] CURRENT HOST STATE: rq-2;UP;HARD;1;PING OK - Packet loss = 0%, RTA = 0.30 ms
[1572460200] CURRENT HOST STATE: secondary-server;UP;HARD;1;PING OK - Packet loss = 0%, RTA = 0.40 ms
[1572460200] CURRENT HOST STATE: sig1-vm2;UP;HARD;1;PING OK - Packet loss = 0%, RTA = 0.70 ms
[1572460200] CURRENT HOST STATE: sig2-vm2;UP;HARD;1;PING OK - Packet loss = 0%, RTA = 0.48 ms
[1572460200] CURRENT HOST STATE: sig3-vm2;UP;HARD;1;PING OK - Packet loss = 0%, RTA = 0.36 ms
[1572460200] CURRENT HOST STATE: sig4-vm2;UP;HARD;1;PING OK - Packet loss = 0%, RTA = 0.49 ms
[1572460200] CURRENT HOST STATE: sig5-vm2;UP;HARD;1;PING OK - Packet loss = 0%, RTA = 0.44 ms
[1572460200] CURRENT HOST STATE: sig6-vm2;UP;HARD;1;PING OK - Packet loss = 0%, RTA = 0.50 ms
[1572460200] CURRENT HOST STATE: sigqscluster1;UP;HARD;1;PING OK - Packet loss = 0%, RTA = 0.47 ms
[1572460200] CURRENT HOST STATE: sigqscluster2;UP;HARD;1;PING OK - Packet loss = 0%, RTA = 0.36 ms
[1572460200] CURRENT HOST STATE: smscapp1;UP;HARD;1;PING OK - Packet loss = 0%, RTA = 0.33 ms
[1572460200] CURRENT HOST STATE: smscapp2;UP;HARD;1;PING OK - Packet loss = 0%, RTA = 0.30 ms
[1572460200] CURRENT HOST STATE: sservercluster1;UP;HARD;1;PING OK - Packet loss = 0%, RTA = 0.36 ms
[1572460200] CURRENT HOST STATE: sservercluster2;UP;HARD;1;PING OK - Packet loss = 0%, RTA = 0.34 ms
[1572460200] CURRENT HOST STATE: webserver1;UP;HARD;1;PING OK - Packet loss = 0%, RTA = 0.51 ms
[1572460200] CURRENT HOST STATE: webserver2;UP;HARD;1;PING OK - Packet loss = 0%, RTA = 0.06 ms
[1572460200] CURRENT HOST STATE: webservercluster1;UP;HARD;1;PING OK - Packet loss = 0%, RTA = 0.45 ms
[1572460200] CURRENT HOST STATE: webservercluster2;UP;HARD;1;PING OK - Packet loss = 0%, RTA = 0.28 ms
[1572460200] CURRENT SERVICE STATE: db2;CPU Load;OK;HARD;1;OK - load average: 0.01, 0.03, 0.05
[1572460200] CURRENT SERVICE STATE: db2;CPU_Procs;OK;HARD;1;CPU OK: 327 processes
[1572460200] CURRENT SERVICE STATE: db2;Current Users;OK;HARD;1;USERS OK - 2 users currently logged in
[1572460200] CURRENT SERVICE STATE: db2;HDD_Home status;OK;HARD;1;DISK OK - free space: /home 90230 MB (40% inode=99%):
[1572460200] CURRENT SERVICE STATE: db2;HDD_Root status;OK;HARD;1;DISK OK - free space: / 44497 MB (86% inode=99%):
[1572460200] CURRENT SERVICE STATE: db2;LocalService-NTPD SERVICE;OK;HARD;1;PROCS OK: 1 process with command name 'ntpd'
[1572460200] CURRENT SERVICE STATE: db2;Mariadb status;OK;HARD;1;PROCS OK: 1 process with command name 'mysqld'
[1572460200] CURRENT SERVICE STATE: db2;Memory;OK;HARD;1;OK - 46.2% (22748224 kB) free.
[1572460200] CURRENT SERVICE STATE: db2;Sensors Status;OK;HARD;1;SENSORS OK
[1572460200] CURRENT SERVICE STATE: db2;Total Processes;OK;HARD;1;PROCS OK: 327 processes
[1572460200] CURRENT SERVICE STATE: primary-server;CPU Load;OK;HARD;1;OK - load average: 0.01, 0.04, 0.05
[1572460200] CURRENT SERVICE STATE: primary-server;CPU_Procs;OK;HARD;1;CPU OK: 343 processes
[1572460200] CURRENT SERVICE STATE: primary-server;Current Users;OK;HARD;1;USERS OK - 3 users currently logged in
[1572460200] CURRENT SERVICE STATE: primary-server;HDD_Home status;OK;HARD;1;DISK OK - free space: /home 110895 MB (49% inode=99%):
[1572460200] CURRENT SERVICE STATE: primary-server;HDD_Root status;OK;HARD;1;DISK OK - free space: / 32360 MB (63% inode=99%):
[1572460200] CURRENT SERVICE STATE: primary-server;LocalService-NTPD SERVICE;OK;HARD;1;PROCS OK: 1 process with command name 'ntpd'
[1572460200] CURRENT SERVICE STATE: primary-server;Memory;WARNING;HARD;3;WARNING - 14.8% (3615964 kB) free!
[1572460200] CURRENT SERVICE STATE: primary-server;Nginx Status;OK;HARD;1;NGINX OK -  0.086 sec. response time, Active: 0 (Writing: 0 Reading: 0 Waiting: 0) ReqPerSec: 0.000 ConnPerSec: 0.000 ReqPerConn: 0.000
[1572460200] CURRENT SERVICE STATE: primary-server;Sensors Status;OK;HARD;1;SENSORS OK
[1572460200] CURRENT SERVICE STATE: primary-server;Total Processes;OK;HARD;1;PROCS OK: 343 processes
[1572460200] CURRENT SERVICE STATE: pservercluster1;CPU Load;OK;HARD;1;OK - load average: 0.84, 1.00, 1.24
[1572460200] CURRENT SERVICE STATE: pservercluster1;CPU_Procs;OK;HARD;1;CPU OK: 359 processes
[1572460200] CURRENT SERVICE STATE: pservercluster1;Current Users;OK;HARD;1;USERS OK - 2 users currently logged in
[1572460200] CURRENT SERVICE STATE: pservercluster1;HDD_Home status;OK;HARD;1;DISK OK - free space: /home 187443 MB (84% inode=99%):
[1572460200] CURRENT SERVICE STATE: pservercluster1;HDD_Root status;OK;HARD;1;DISK OK - free space: / 40237 MB (78% inode=99%):
[1572460200] CURRENT SERVICE STATE: pservercluster1;LocalService-NTPD SERVICE;OK;HARD;1;PROCS OK: 1 process with command name 'ntpd'
[1572460200] CURRENT SERVICE STATE: pservercluster1;Memory;CRITICAL;HARD;3;CRITICAL - 0.8% (197660 kB) free!
[1572460200] CURRENT SERVICE STATE: pservercluster1;Sensors Status;OK;HARD;1;SENSORS OK
[1572460200] CURRENT SERVICE STATE: pservercluster1;Total Processes;OK;HARD;1;PROCS OK: 357 processes
[1572460200] CURRENT SERVICE STATE: pservercluster2;CPU Load;OK;HARD;1;OK - load average: 0.80, 25.16, 25.65
[1572460200] CURRENT SERVICE STATE: pservercluster2;CPU_Procs;OK;HARD;1;CPU OK: 365 processes
[1572460200] CURRENT SERVICE STATE: pservercluster2;Current Users;OK;HARD;1;USERS OK - 4 users currently logged in
[1572460200] CURRENT SERVICE STATE: pservercluster2;HDD_Home status;OK;HARD;1;DISK OK - free space: /home 151461 MB (67% inode=99%):
[1572460200] CURRENT SERVICE STATE: pservercluster2;HDD_Root status;OK;HARD;1;DISK OK - free space: / 38735 MB (75% inode=98%):
[1572460200] CURRENT SERVICE STATE: pservercluster2;LocalService-NTPD SERVICE;OK;HARD;1;PROCS OK: 1 process with command name 'ntpd'
[1572460200] CURRENT SERVICE STATE: pservercluster2;Memory;CRITICAL;HARD;3;CRITICAL - 2.4% (592688 kB) free!
[1572460200] CURRENT SERVICE STATE: pservercluster2;Sensors Status;OK;HARD;1;SENSORS OK
[1572460200] CURRENT SERVICE STATE: pservercluster2;Total Processes;OK;HARD;1;PROCS OK: 365 processes
[1572460200] CURRENT SERVICE STATE: qservercluster1;CPU Load;OK;HARD;1;OK - load average: 2.76, 3.45, 3.74
[1572460200] CURRENT SERVICE STATE: qservercluster1;CPU_Procs;OK;HARD;1;CPU OK: 330 processes
[1572460200] CURRENT SERVICE STATE: qservercluster1;Current Users;OK;HARD;1;USERS OK - 1 users currently logged in
[1572460200] CURRENT SERVICE STATE: qservercluster1;HDD_Home status;OK;HARD;1;DISK OK - free space: /home 224641 MB (99% inode=99%):
[1572460200] CURRENT SERVICE STATE: qservercluster1;HDD_Root status;OK;HARD;1;DISK OK - free space: / 44520 MB (86% inode=99%):
[1572460200] CURRENT SERVICE STATE: qservercluster1;LocalService-NTPD SERVICE;OK;HARD;1;PROCS OK: 1 process with command name 'ntpd'
[1572460200] CURRENT SERVICE STATE: qservercluster1;Memory;OK;HARD;1;OK - 87.5% (43102344 kB) free.
[1572460200] CURRENT SERVICE STATE: qservercluster1;Sensors Status;OK;HARD;1;SENSORS OK
[1572460200] CURRENT SERVICE STATE: qservercluster1;Total Processes;OK;HARD;1;PROCS OK: 329 processes
[1572460200] CURRENT SERVICE STATE: qservercluster2;CPU Load;OK;HARD;1;OK - load average: 1.67, 2.03, 1.88
[1572460200] CURRENT SERVICE STATE: qservercluster2;CPU_Procs;OK;HARD;1;CPU OK: 584 processes
[1572460200] CURRENT SERVICE STATE: qservercluster2;Current Users;OK;HARD;1;USERS OK - 7 users currently logged in
[1572460200] CURRENT SERVICE STATE: qservercluster2;HDD_Home status;OK;HARD;1;DISK OK - free space: /home 113224 MB (50% inode=99%):
[1572460200] CURRENT SERVICE STATE: qservercluster2;HDD_Root status;OK;HARD;1;DISK OK - free space: / 27078 MB (52% inode=98%):
[1572460200] CURRENT SERVICE STATE: qservercluster2;LocalService-NTPD SERVICE;OK;HARD;1;PROCS OK: 1 process with command name 'ntpd'
[1572460200] CURRENT SERVICE STATE: qservercluster2;Memory;CRITICAL;HARD;3;CRITICAL - 0.5% (248036 kB) free!
[1572460200] CURRENT SERVICE STATE: qservercluster2;Sensors Status;OK;HARD;1;SENSORS OK
[1572460200] CURRENT SERVICE STATE: qservercluster2;Total Processes;OK;HARD;1;PROCS OK: 584 processes
[1572460200] CURRENT SERVICE STATE: redis-1;CPU Load;OK;HARD;1;OK - load average: 0.52, 0.46, 0.53
[1572460200] CURRENT SERVICE STATE: redis-1;CPU_Procs;OK;HARD;1;CPU OK: 403 processes
[1572460200] CURRENT SERVICE STATE: redis-1;Current Users;OK;HARD;1;USERS OK - 2 users currently logged in
[1572460200] CURRENT SERVICE STATE: redis-1;HDD_Home status;OK;HARD;1;DISK OK - free space: /home 361443 MB (96% inode=99%):
[1572460200] CURRENT SERVICE STATE: redis-1;HDD_Root status;OK;HARD;1;DISK OK - free space: / 44152 MB (86% inode=99%):
[1572460200] CURRENT SERVICE STATE: redis-1;HDD_VNS1 status;OK;HARD;1;DISK OK - free space: /vns1 378849 MB (35% inode=99%):
[1572460200] CURRENT SERVICE STATE: redis-1;LocalService-NTPD SERVICE;OK;HARD;1;PROCS OK: 1 process with command name 'ntpd'
[1572460200] CURRENT SERVICE STATE: redis-1;Memory;OK;HARD;1;OK - 29.6% (39041712 kB) free.
[1572460200] CURRENT SERVICE STATE: redis-1;Sensors Status;OK;HARD;1;SENSORS OK
[1572460200] CURRENT SERVICE STATE: redis-1;Total Processes;OK;HARD;1;PROCS OK: 404 processes
[1572460200] CURRENT SERVICE STATE: redis-2;CPU Load;OK;HARD;1;OK - load average: 1.01, 0.93, 0.97
[1572460200] CURRENT SERVICE STATE: redis-2;CPU_Procs;OK;HARD;1;CPU OK: 382 processes
[1572460200] CURRENT SERVICE STATE: redis-2;Current Users;OK;HARD;1;USERS OK - 2 users currently logged in
[1572460200] CURRENT SERVICE STATE: redis-2;HDD_Home status;OK;HARD;1;DISK OK - free space: /home 327487 MB (87% inode=99%):
[1572460200] CURRENT SERVICE STATE: redis-2;HDD_Root status;OK;HARD;1;DISK OK - free space: / 44172 MB (86% inode=99%):
[1572460200] CURRENT SERVICE STATE: redis-2;HDD_VNS1 status;OK;HARD;1;DISK OK - free space: /vns1 1069171 MB (99% inode=99%):
[1572460200] CURRENT SERVICE STATE: redis-2;LocalService-NTPD SERVICE;OK;HARD;1;PROCS OK: 1 process with command name 'ntpd'
[1572460200] CURRENT SERVICE STATE: redis-2;Memory;OK;HARD;1;OK - 26.1% (34459412 kB) free.
[1572460200] CURRENT SERVICE STATE: redis-2;Sensors Status;OK;HARD;1;SENSORS OK
[1572460200] CURRENT SERVICE STATE: redis-2;Total Processes;OK;HARD;1;PROCS OK: 382 processes
[1572460200] CURRENT SERVICE STATE: rq-1;CPU Load;OK;HARD;1;OK - load average: 13.09, 14.63, 14.67
[1572460200] CURRENT SERVICE STATE: rq-1;CPU_Procs;OK;HARD;1;CPU OK: 358 processes
[1572460200] CURRENT SERVICE STATE: rq-1;Current Users;OK;HARD;1;USERS OK - 0 users currently logged in
[1572460200] CURRENT SERVICE STATE: rq-1;HDD_Home status;OK;HARD;1;DISK OK - free space: /home 401078 MB (99% inode=99%):
[1572460200] CURRENT SERVICE STATE: rq-1;HDD_Root status;OK;HARD;1;DISK OK - free space: / 42448 MB (82% inode=99%):
[1572460200] CURRENT SERVICE STATE: rq-1;HDD_VNS1 status;OK;HARD;1;DISK OK - free space: /rq1vns1 1068147 MB (99% inode=99%):
[1572460200] CURRENT SERVICE STATE: rq-1;LocalService-NTPD SERVICE;OK;HARD;1;PROCS OK: 1 process with command name 'ntpd'
[1572460200] CURRENT SERVICE STATE: rq-1;Memory;OK;HARD;1;OK - 82.4% (108628728 kB) free.
[1572460200] CURRENT SERVICE STATE: rq-1;Total Processes;OK;HARD;1;PROCS OK: 358 processes
[1572460200] CURRENT SERVICE STATE: rq-2;CPU Load;OK;HARD;1;OK - load average: 14.65, 14.67, 15.24
[1572460200] CURRENT SERVICE STATE: rq-2;CPU_Procs;OK;HARD;1;CPU OK: 344 processes
[1572460200] CURRENT SERVICE STATE: rq-2;Current Users;OK;HARD;1;USERS OK - 0 users currently logged in
[1572460200] CURRENT SERVICE STATE: rq-2;HDD_Home status;OK;HARD;1;DISK OK - free space: /home 401211 MB (99% inode=99%):
[1572460200] CURRENT SERVICE STATE: rq-2;HDD_Root status;OK;HARD;1;DISK OK - free space: / 45564 MB (89% inode=99%):
[1572460200] CURRENT SERVICE STATE: rq-2;HDD_VNS1 status;OK;HARD;1;DISK OK - free space: /dev 64349 MB (100% inode=99%):
[1572460200] CURRENT SERVICE STATE: rq-2;LocalService-NTPD SERVICE;OK;HARD;1;PROCS OK: 2 processes with command name 'ntpd'
[1572460200] CURRENT SERVICE STATE: rq-2;Memory;OK;HARD;1;OK - 90.3% (119042904 kB) free.
[1572460200] CURRENT SERVICE STATE: rq-2;Total Processes;OK;HARD;1;PROCS OK: 343 processes
[1572460200] CURRENT SERVICE STATE: secondary-server;CPU Load;OK;HARD;1;OK - load average: 0.94, 0.57, 0.28
[1572460200] CURRENT SERVICE STATE: secondary-server;CPU_Procs;OK;HARD;1;CPU OK: 339 processes
[1572460200] CURRENT SERVICE STATE: secondary-server;Current Users;OK;HARD;1;USERS OK - 2 users currently logged in
[1572460200] CURRENT SERVICE STATE: secondary-server;HDD_Home status;OK;HARD;1;DISK OK - free space: /home 177279 MB (78% inode=99%):
[1572460200] CURRENT SERVICE STATE: secondary-server;HDD_Root status;OK;HARD;1;DISK OK - free space: / 37604 MB (73% inode=99%):
[1572460200] CURRENT SERVICE STATE: secondary-server;LocalService-NTPD SERVICE;OK;HARD;1;PROCS OK: 1 process with command name 'ntpd'
[1572460200] CURRENT SERVICE STATE: secondary-server;Memory Status;OK;HARD;1;OK - 45.9% (11251568 kB) free.
[1572460200] CURRENT SERVICE STATE: secondary-server;Nginx Status;OK;HARD;1;NGINX OK -  0.088 sec. response time, Active: 0 (Writing: 0 Reading: 0 Waiting: 0) ReqPerSec: 0.000 ConnPerSec: 0.000 ReqPerConn: 0.000
[1572460200] CURRENT SERVICE STATE: secondary-server;Sensors Status;OK;HARD;1;SENSORS OK
[1572460200] CURRENT SERVICE STATE: secondary-server;Total Processes;OK;HARD;1;PROCS OK: 337 processes
[1572460200] CURRENT SERVICE STATE: sig1-vm2;CPU Load;OK;HARD;1;OK - load average: 0.00, 0.04, 0.00
[1572460200] CURRENT SERVICE STATE: sig1-vm2;CPU_Procs;OK;HARD;1;CPU OK: 264 processes
[1572460200] CURRENT SERVICE STATE: sig1-vm2;Current Users;OK;HARD;1;USERS OK - 0 users currently logged in
[1572460200] CURRENT SERVICE STATE: sig1-vm2;LocalService-NTPD SERVICE;OK;HARD;1;PROCS OK: 2 processes with command name 'ntpd'
[1572460200] CURRENT SERVICE STATE: sig1-vm2;Memory;OK;HARD;1;OK - 87.1% (14230504 kB) free.
[1572460200] CURRENT SERVICE STATE: sig1-vm2;Root status;OK;HARD;1;DISK OK - free space: / 127565 MB (94% inode=97%):
[1572460200] CURRENT SERVICE STATE: sig1-vm2;Total Processes;OK;HARD;1;PROCS OK: 267 processes
[1572460200] CURRENT SERVICE STATE: sig2-vm2;CPU Load;OK;HARD;1;OK - load average: 0.35, 0.17, 0.15
[1572460200] CURRENT SERVICE STATE: sig2-vm2;CPU_Procs;OK;HARD;1;CPU OK: 359 processes
[1572460200] CURRENT SERVICE STATE: sig2-vm2;Current Users;OK;HARD;1;USERS OK - 0 users currently logged in
[1572460200] CURRENT SERVICE STATE: sig2-vm2;HDD_Root status;OK;HARD;1;DISK OK - free space: / 124153 MB (89% inode=99%):
[1572460200] CURRENT SERVICE STATE: sig2-vm2;LocalService-NTPD SERVICE;OK;HARD;1;PROCS OK: 1 process with command name 'ntpd'
[1572460200] CURRENT SERVICE STATE: sig2-vm2;Memory;OK;HARD;1;OK - 91.8% (31986032 kB) free.
[1572460200] CURRENT SERVICE STATE: sig2-vm2;Total Processes;OK;HARD;1;PROCS OK: 359 processes
[1572460200] CURRENT SERVICE STATE: sig3-vm2;CPU Load;OK;HARD;1;OK - load average: 0.03, 0.04, 0.01
[1572460200] CURRENT SERVICE STATE: sig3-vm2;CPU_Procs;OK;HARD;1;CPU OK: 452 processes
[1572460200] CURRENT SERVICE STATE: sig3-vm2;Current Users;OK;HARD;1;USERS OK - 2 users currently logged in
[1572460200] CURRENT SERVICE STATE: sig3-vm2;HDD_Root status;OK;HARD;1;DISK OK - free space: / 87720 MB (73% inode=96%):
[1572460200] CURRENT SERVICE STATE: sig3-vm2;LocalService-NTPD SERVICE;OK;HARD;1;PROCS OK: 2 processes with command name 'ntpd'
[1572460200] CURRENT SERVICE STATE: sig3-vm2;Memory;OK;HARD;1;OK - 85.2% (20075712 kB) free.
[1572460200] CURRENT SERVICE STATE: sig3-vm2;Total Processes;OK;HARD;1;PROCS OK: 452 processes
[1572460200] CURRENT SERVICE STATE: sig4-vm2;CPU Load;OK;HARD;1;OK - load average: 0.00, 0.01, 0.05
[1572460200] CURRENT SERVICE STATE: sig4-vm2;CPU_Procs;OK;HARD;1;CPU OK: 220 processes
[1572460200] CURRENT SERVICE STATE: sig4-vm2;Current Users;OK;HARD;1;USERS OK - 0 users currently logged in
[1572460200] CURRENT SERVICE STATE: sig4-vm2;HDD_Root status;OK;HARD;1;DISK OK - free space: / 63860 MB (49% inode=99%):
[1572460200] CURRENT SERVICE STATE: sig4-vm2;LocalService-NTPD SERVICE;OK;HARD;1;PROCS OK: 1 process with command name 'ntpd'
[1572460200] CURRENT SERVICE STATE: sig4-vm2;Memory;OK;HARD;1;OK - 92.8% (32332996 kB) free.
[1572460200] CURRENT SERVICE STATE: sig4-vm2;Total Processes;OK;HARD;1;PROCS OK: 223 processes
[1572460200] CURRENT SERVICE STATE: sig5-vm2;CPU Load;OK;HARD;1;OK - load average: 0.07, 0.09, 0.13
[1572460200] CURRENT SERVICE STATE: sig5-vm2;CPU_Procs;OK;HARD;1;CPU OK: 359 processes
[1572460200] CURRENT SERVICE STATE: sig5-vm2;Current Users;OK;HARD;1;USERS OK - 0 users currently logged in
[1572460200] CURRENT SERVICE STATE: sig5-vm2;HDD_Root status;OK;HARD;1;DISK OK - free space: / 230968 MB (92% inode=99%):
[1572460200] CURRENT SERVICE STATE: sig5-vm2;LocalService-NTPD SERVICE;OK;HARD;1;PROCS OK: 1 process with command name 'ntpd'
[1572460200] CURRENT SERVICE STATE: sig5-vm2;Memory;OK;HARD;1;OK - 85.8% (30047992 kB) free.
[1572460200] CURRENT SERVICE STATE: sig5-vm2;Total Processes;OK;HARD;1;PROCS OK: 362 processes
[1572460200] CURRENT SERVICE STATE: sig6-vm2;CPU Load;OK;HARD;1;OK - load average: 0.10, 0.14, 0.16
[1572460200] CURRENT SERVICE STATE: sig6-vm2;CPU_Procs;OK;HARD;1;CPU OK: 400 processes
[1572460200] CURRENT SERVICE STATE: sig6-vm2;Current Users;OK;HARD;1;USERS OK - 2 users currently logged in
[1572460200] CURRENT SERVICE STATE: sig6-vm2;HDD_Root status;OK;HARD;1;DISK OK - free space: / 183305 MB (93% inode=99%):
[1572460200] CURRENT SERVICE STATE: sig6-vm2;LocalService-NTPD SERVICE;OK;HARD;1;PROCS OK: 1 process with command name 'ntpd'
[1572460200] CURRENT SERVICE STATE: sig6-vm2;Memory;OK;HARD;1;OK - 76.7% (17223268 kB) free.
[1572460200] CURRENT SERVICE STATE: sig6-vm2;Total Processes;OK;HARD;1;PROCS OK: 400 processes
[1572460200] CURRENT SERVICE STATE: sigqscluster1;CPU Load;OK;HARD;1;OK - load average: 1.34, 1.62, 2.05
[1572460200] CURRENT SERVICE STATE: sigqscluster1;CPU_Procs;OK;HARD;1;CPU OK: 355 processes
[1572460200] CURRENT SERVICE STATE: sigqscluster1;Current Users;OK;HARD;1;USERS OK - 6 users currently logged in
[1572460200] CURRENT SERVICE STATE: sigqscluster1;HDD_Home status;OK;HARD;1;DISK OK - free space: /home 224102 MB (99% inode=99%):
[1572460200] CURRENT SERVICE STATE: sigqscluster1;HDD_Root status;OK;HARD;1;DISK OK - free space: / 41016 MB (80% inode=99%):
[1572460200] CURRENT SERVICE STATE: sigqscluster1;LocalService-NTPD SERVICE;OK;HARD;1;PROCS OK: 1 process with command name 'ntpd'
[1572460200] CURRENT SERVICE STATE: sigqscluster1;Memory;CRITICAL;HARD;3;CRITICAL - 0.5% (245620 kB) free!
[1572460200] CURRENT SERVICE STATE: sigqscluster1;Sensors Status;OK;HARD;1;SENSORS OK
[1572460200] CURRENT SERVICE STATE: sigqscluster1;Total Processes;OK;HARD;1;PROCS OK: 355 processes
[1572460200] CURRENT SERVICE STATE: sigqscluster2;CPU Load;OK;HARD;1;OK - load average: 0.99, 1.01, 1.32
[1572460200] CURRENT SERVICE STATE: sigqscluster2;CPU_Procs;OK;HARD;1;CPU OK: 302 processes
[1572460200] CURRENT SERVICE STATE: sigqscluster2;Current Users;OK;HARD;1;USERS OK - 0 users currently logged in
[1572460200] CURRENT SERVICE STATE: sigqscluster2;HDD_Home status;OK;HARD;1;DISK OK - free space: /home 182135 MB (81% inode=99%):
[1572460200] CURRENT SERVICE STATE: sigqscluster2;HDD_Root status;OK;HARD;1;DISK OK - free space: / 27525 MB (53% inode=99%):
[1572460200] CURRENT SERVICE STATE: sigqscluster2;LocalService-NTPD SERVICE;OK;HARD;1;PROCS OK: 1 process with command name 'ntpd'
[1572460200] CURRENT SERVICE STATE: sigqscluster2;Memory;OK;HARD;1;OK - 89.5% (44111668 kB) free.
[1572460200] CURRENT SERVICE STATE: sigqscluster2;Sensors Status;OK;HARD;1;SENSORS OK
[1572460200] CURRENT SERVICE STATE: sigqscluster2;Total Processes;OK;HARD;1;PROCS OK: 301 processes
[1572460200] CURRENT SERVICE STATE: smscapp1;CPU Load;OK;HARD;1;OK - load average: 0.80, 0.74, 0.81
[1572460200] CURRENT SERVICE STATE: smscapp1;CPU_Procs;OK;HARD;1;CPU OK: 485 processes
[1572460200] CURRENT SERVICE STATE: smscapp1;Current Users;OK;HARD;1;USERS OK - 7 users currently logged in
[1572460200] CURRENT SERVICE STATE: smscapp1;HDD_Home status;OK;HARD;1;DISK OK - free space: /home 153501 MB (68% inode=99%):
[1572460200] CURRENT SERVICE STATE: smscapp1;HDD_Root status;OK;HARD;1;DISK OK - free space: / 39125 MB (76% inode=98%):
[1572460200] CURRENT SERVICE STATE: smscapp1;LocalService-NTPD SERVICE;OK;HARD;1;PROCS OK: 1 process with command name 'ntpd'
[1572460200] CURRENT SERVICE STATE: smscapp1;Memory;OK;HARD;1;OK - 42.7% (21045800 kB) free.
[1572460200] CURRENT SERVICE STATE: smscapp1;Sensors Status;OK;HARD;1;SENSORS OK
[1572460200] CURRENT SERVICE STATE: smscapp1;Total Processes;OK;HARD;1;PROCS OK: 483 processes
[1572460200] CURRENT SERVICE STATE: smscapp2;CPU Load;OK;HARD;1;OK - load average: 4.33, 3.98, 3.63
[1572460200] CURRENT SERVICE STATE: smscapp2;CPU_Procs;OK;HARD;1;CPU OK: 1285 processes
[1572460200] CURRENT SERVICE STATE: smscapp2;Current Users;OK;HARD;1;USERS OK - 0 users currently logged in
[1572460200] CURRENT SERVICE STATE: smscapp2;HDD_Home status;OK;HARD;1;DISK OK - free space: /home 166198 MB (73% inode=99%):
[1572460200] CURRENT SERVICE STATE: smscapp2;HDD_Root status;OK;HARD;1;DISK OK - free space: / 38664 MB (75% inode=98%):
[1572460200] CURRENT SERVICE STATE: smscapp2;LocalService-NTPD SERVICE;OK;HARD;1;PROCS OK: 1 process with command name 'ntpd'
[1572460200] CURRENT SERVICE STATE: smscapp2;Memory;OK;HARD;1;OK - 74.7% (36796700 kB) free.
[1572460200] CURRENT SERVICE STATE: smscapp2;Sensors Status;OK;HARD;1;SENSORS OK
[1572460200] CURRENT SERVICE STATE: smscapp2;Total Processes;OK;HARD;1;PROCS OK: 1285 processes
[1572460200] CURRENT SERVICE STATE: sservercluster1;CPU Load;OK;HARD;1;OK - load average: 1.51, 1.19, 1.06
[1572460200] CURRENT SERVICE STATE: sservercluster1;CPU_Procs;OK;HARD;1;CPU OK: 341 processes
[1572460200] CURRENT SERVICE STATE: sservercluster1;Current Users;OK;HARD;1;USERS OK - 2 users currently logged in
[1572460200] CURRENT SERVICE STATE: sservercluster1;HDD_Home status;OK;HARD;1;DISK OK - free space: /home 147984 MB (67% inode=99%):
[1572460200] CURRENT SERVICE STATE: sservercluster1;HDD_Root status;OK;HARD;1;DISK OK - free space: / 41394 MB (80% inode=99%):
[1572460200] CURRENT SERVICE STATE: sservercluster1;LocalService-NTPD SERVICE;OK;HARD;1;PROCS OK: 1 process with command name 'ntpd'
[1572460200] CURRENT SERVICE STATE: sservercluster1;Memory;CRITICAL;HARD;3;CRITICAL - 0.8% (193384 kB) free!
[1572460200] CURRENT SERVICE STATE: sservercluster1;Sensors Status;OK;HARD;1;SENSORS OK
[1572460200] CURRENT SERVICE STATE: sservercluster1;Total Processes;OK;HARD;1;PROCS OK: 341 processes
[1572460200] CURRENT SERVICE STATE: sservercluster2;CPU Load;OK;HARD;1;OK - load average: 67.64, 51.19, 21.15
[1572460200] CURRENT SERVICE STATE: sservercluster2;CPU_Procs;OK;HARD;1;CPU OK: 343 processes
[1572460200] CURRENT SERVICE STATE: sservercluster2;Current Users;OK;HARD;1;USERS OK - 2 users currently logged in
[1572460200] CURRENT SERVICE STATE: sservercluster2;HDD_Home status;OK;HARD;1;DISK OK - free space: /home 177138 MB (80% inode=99%):
[1572460200] CURRENT SERVICE STATE: sservercluster2;HDD_Root status;OK;HARD;1;DISK OK - free space: / 35629 MB (69% inode=98%):
[1572460200] CURRENT SERVICE STATE: sservercluster2;LocalService-NTPD SERVICE;OK;HARD;1;PROCS OK: 1 process with command name 'ntpd'
[1572460200] CURRENT SERVICE STATE: sservercluster2;Memory;CRITICAL;HARD;3;CRITICAL - 1.0% (242252 kB) free!
[1572460200] CURRENT SERVICE STATE: sservercluster2;Sensors Status;OK;HARD;1;SENSORS OK
[1572460200] CURRENT SERVICE STATE: sservercluster2;Total Processes;OK;HARD;1;PROCS OK: 365 processes
[1572460200] CURRENT SERVICE STATE: webserver1;CPU Load;OK;HARD;1;OK - load average: 0.79, 0.31, 0.15
[1572460200] CURRENT SERVICE STATE: webserver1;CPU_Procs;OK;HARD;1;CPU OK: 361 processes
[1572460200] CURRENT SERVICE STATE: webserver1;Current Users;OK;HARD;1;USERS OK - 1 users currently logged in
[1572460200] CURRENT SERVICE STATE: webserver1;HDD_Home status;OK;HARD;1;DISK OK - free space: /home 224832 MB (99% inode=99%):
[1572460200] CURRENT SERVICE STATE: webserver1;HDD_Root status;OK;HARD;1;DISK OK - free space: / 40269 MB (78% inode=99%):
[1572460200] CURRENT SERVICE STATE: webserver1;LocalService-NTPD SERVICE;OK;HARD;1;PROCS OK: 1 process with command name 'ntpd'
[1572460200] CURRENT SERVICE STATE: webserver1;Memory;OK;HARD;1;OK - 89.6% (21932892 kB) free.
[1572460200] CURRENT SERVICE STATE: webserver1;Nginx_status;OK;HARD;1;NGINX OK -  0.090 sec. response time, Active: 1 (Writing: 1 Reading: 0 Waiting: 0) ReqPerSec: 0.077 ConnPerSec: 0.077 ReqPerConn: 1.021
[1572460200] CURRENT SERVICE STATE: webserver1;Sensors Status;OK;HARD;1;SENSORS OK
[1572460200] CURRENT SERVICE STATE: webserver1;Total Processes;OK;HARD;1;PROCS OK: 360 processes
[1572460200] CURRENT SERVICE STATE: webserver2;CPU_Procs;OK;HARD;1;CPU OK: 471 processes
[1572460200] CURRENT SERVICE STATE: webserver2;Current Load;OK;HARD;1;OK - load average: 0.11, 0.07, 0.05
[1572460200] CURRENT SERVICE STATE: webserver2;Current Users;OK;HARD;1;USERS OK - 30 users currently logged in
[1572460200] CURRENT SERVICE STATE: webserver2;HDD_Home status;OK;HARD;1;DISK OK - free space: /home 88028 MB (39.16% inode=100%):
[1572460200] CURRENT SERVICE STATE: webserver2;HTTP;OK;HARD;1;HTTP OK: HTTP/1.1 200 OK - 355 bytes in 0.001 second response time
[1572460200] CURRENT SERVICE STATE: webserver2;LocalService-NTPD SERVICE;OK;HARD;1;PROCS OK: 1 process with command name 'ntpd'
[1572460200] CURRENT SERVICE STATE: webserver2;Memory;OK;HARD;1;OK - 61.4% (15037752 kB) free.
[1572460200] CURRENT SERVICE STATE: webserver2;PING;OK;HARD;1;PING OK - Packet loss = 0%, RTA = 0.06 ms
[1572460200] CURRENT SERVICE STATE: webserver2;Root Partition;OK;HARD;1;DISK OK - free space: / 19596 MB (38.29% inode=99%):
[1572460200] CURRENT SERVICE STATE: webserver2;SSH;OK;HARD;1;SSH OK - OpenSSH_7.4 (protocol 2.0)
[1572460200] CURRENT SERVICE STATE: webserver2;Sensors Status;OK;HARD;1;SENSORS OK
[1572460200] CURRENT SERVICE STATE: webserver2;Total Processes;OK;HARD;1;PROCS OK: 165 processes with STATE = RSZDT
[1572460200] CURRENT SERVICE STATE: webservercluster1;CPU Load;OK;HARD;1;OK - load average: 0.00, 0.01, 0.05
[1572460200] CURRENT SERVICE STATE: webservercluster1;CPU_Procs;OK;HARD;1;CPU OK: 331 processes
[1572460200] CURRENT SERVICE STATE: webservercluster1;Current Users;OK;HARD;1;USERS OK - 4 users currently logged in
[1572460200] CURRENT SERVICE STATE: webservercluster1;HDD_Home status;OK;HARD;1;DISK OK - free space: / 22492 MB (43% inode=99%):
[1572460200] CURRENT SERVICE STATE: webservercluster1;HDD_Root status;OK;HARD;1;DISK OK - free space: /home 54483 MB (24% inode=99%):
[1572460200] CURRENT SERVICE STATE: webservercluster1;LocalService-NTPD SERVICE;OK;HARD;1;PROCS OK: 1 process with command name 'ntpd'
[1572460200] CURRENT SERVICE STATE: webservercluster1;Memory;OK;HARD;1;OK - 77.1% (12537380 kB) free.
[1572460200] CURRENT SERVICE STATE: webservercluster1;Sensors Status;OK;HARD;1;SENSORS OK
[1572460200] CURRENT SERVICE STATE: webservercluster1;Total Processes;OK;HARD;1;PROCS OK: 335 processes
[1572460200] CURRENT SERVICE STATE: webservercluster2;CPU Load;OK;HARD;1;OK - load average: 1.08, 1.20, 1.28
[1572460200] CURRENT SERVICE STATE: webservercluster2;CPU_Procs;OK;HARD;1;CPU OK: 308 processes
[1572460200] CURRENT SERVICE STATE: webservercluster2;Current Users;OK;HARD;1;USERS OK - 4 users currently logged in
[1572460200] CURRENT SERVICE STATE: webservercluster2;HDD_Home status;OK;HARD;1;DISK OK - free space: /home 223355 MB (99% inode=99%):
[1572460200] CURRENT SERVICE STATE: webservercluster2;HDD_Root status;OK;HARD;1;DISK OK - free space: / 40323 MB (78% inode=99%):
[1572460200] CURRENT SERVICE STATE: webservercluster2;LocalService-NTPD SERVICE;OK;HARD;1;PROCS OK: 1 process with command name 'ntpd'
[1572460200] CURRENT SERVICE STATE: webservercluster2;Memory;OK;HARD;1;OK - 61.5% (9993636 kB) free.
[1572460200] CURRENT SERVICE STATE: webservercluster2;Sensors Status;OK;HARD;1;SENSORS OK
[1572460200] CURRENT SERVICE STATE: webservercluster2;Total Processes;OK;HARD;1;PROCS OK: 302 processes
[1572460528] SERVICE NOTIFICATION: nagiosadmin;sigqscluster1;Memory;CRITICAL;notify-service-by-email;CRITICAL - 0.5% (242728 kB) free!
[1572460547] Auto-save of retention data completed successfully.
[1572460754] SERVICE NOTIFICATION: nagiosadmin;pservercluster2;Memory;CRITICAL;notify-service-by-email;CRITICAL - 0.8% (190676 kB) free!
[1572461240] SERVICE NOTIFICATION: nagiosadmin;primary-server;Memory;WARNING;notify-service-by-email;WARNING - 14.7% (3608652 kB) free!
[1572462054] SERVICE NOTIFICATION: nagiosadmin;sservercluster1;Memory;CRITICAL;notify-service-by-email;CRITICAL - 0.7% (183800 kB) free!
[1572462104] SERVICE ALERT: sservercluster1;CPU_Procs;WARNING;SOFT;1;CPU WARNING: 1 warn out of 342 processes
[1572462224] SERVICE ALERT: sservercluster1;CPU_Procs;OK;HARD;1;CPU OK: 342 processes
[1572462748] SERVICE NOTIFICATION: nagiosadmin;sservercluster2;Memory;CRITICAL;notify-service-by-email;CRITICAL - 0.9% (214572 kB) free!
[1572463174] SERVICE NOTIFICATION: nagiosadmin;qservercluster2;Memory;CRITICAL;notify-service-by-email;CRITICAL - 0.4% (214944 kB) free!
[1572463568] SERVICE NOTIFICATION: nagiosadmin;pservercluster1;Memory;CRITICAL;notify-service-by-email;CRITICAL - 0.8% (194812 kB) free!
[1572464128] SERVICE NOTIFICATION: nagiosadmin;sigqscluster1;Memory;CRITICAL;notify-service-by-email;CRITICAL - 0.5% (254316 kB) free!
[1572464147] Auto-save of retention data completed successfully.
[1572464840] SERVICE NOTIFICATION: nagiosadmin;primary-server;Memory;WARNING;notify-service-by-email;WARNING - 14.6% (3578356 kB) free!
[1572464949] SERVICE NOTIFICATION: nagiosadmin;pservercluster2;Memory;CRITICAL;notify-service-by-email;CRITICAL - 0.7% (183680 kB) free!
[1572465654] SERVICE NOTIFICATION: nagiosadmin;sservercluster1;Memory;CRITICAL;notify-service-by-email;CRITICAL - 0.8% (189468 kB) free!
[1572466938] SERVICE FLAPPING ALERT: sigqscluster2;Total Processes;STOPPED; Service appears to have stopped flapping (4.0% change < 5.0% threshold)
[1572466947] SERVICE NOTIFICATION: nagiosadmin;sservercluster2;Memory;CRITICAL;notify-service-by-email;CRITICAL - 0.9% (221552 kB) free!
[1572467168] SERVICE NOTIFICATION: nagiosadmin;pservercluster1;Memory;CRITICAL;notify-service-by-email;CRITICAL - 0.8% (198104 kB) free!
[1572467373] SERVICE NOTIFICATION: nagiosadmin;qservercluster2;Memory;CRITICAL;notify-service-by-email;CRITICAL - 0.5% (244640 kB) free!
[1572467728] SERVICE NOTIFICATION: nagiosadmin;sigqscluster1;Memory;CRITICAL;notify-service-by-email;CRITICAL - 0.5% (240176 kB) free!
[1572467747] Auto-save of retention data completed successfully.
[1572468440] SERVICE NOTIFICATION: nagiosadmin;primary-server;Memory;WARNING;notify-service-by-email;WARNING - 14.5% (3548136 kB) free!
[1572468549] SERVICE NOTIFICATION: nagiosadmin;pservercluster2;Memory;CRITICAL;notify-service-by-email;CRITICAL - 4.1% (1010580 kB) free!
[1572469254] SERVICE NOTIFICATION: nagiosadmin;sservercluster1;Memory;CRITICAL;notify-service-by-email;CRITICAL - 0.9% (211132 kB) free!
[1572469773] SERVICE NOTIFICATION: nagiosadmin;qservercluster2;Memory;OK;notify-service-by-email;OK - 92.9% (45770500 kB) free.
[1572469773] SERVICE ALERT: qservercluster2;Memory;OK;HARD;1;OK - 92.9% (45770500 kB) free.
[1572470548] SERVICE NOTIFICATION: nagiosadmin;sservercluster2;Memory;CRITICAL;notify-service-by-email;CRITICAL - 0.9% (216864 kB) free!
[1572470768] SERVICE NOTIFICATION: nagiosadmin;pservercluster1;Memory;CRITICAL;notify-service-by-email;CRITICAL - 0.8% (188980 kB) free!
[1572471328] SERVICE NOTIFICATION: nagiosadmin;sigqscluster1;Memory;CRITICAL;notify-service-by-email;CRITICAL - 0.5% (243200 kB) free!
[1572471347] Auto-save of retention data completed successfully.
[1572472040] SERVICE NOTIFICATION: nagiosadmin;primary-server;Memory;WARNING;notify-service-by-email;WARNING - 14.4% (3528132 kB) free!
[1572472149] SERVICE NOTIFICATION: nagiosadmin;pservercluster2;Memory;CRITICAL;notify-service-by-email;CRITICAL - 4.3% (1047104 kB) free!
[1572472854] SERVICE NOTIFICATION: nagiosadmin;sservercluster1;Memory;CRITICAL;notify-service-by-email;CRITICAL - 3.7% (910568 kB) free!
[1572473306] SERVICE ALERT: redis-1;CPU_Procs;WARNING;SOFT;1;CPU WARNING: 1 warn out of 401 processes
[1572473426] SERVICE ALERT: redis-1;CPU_Procs;OK;HARD;1;CPU OK: 400 processes
[1572474368] SERVICE NOTIFICATION: nagiosadmin;pservercluster1;Memory;CRITICAL;notify-service-by-email;CRITICAL - 0.8% (193192 kB) free!
[1572474747] SERVICE NOTIFICATION: nagiosadmin;sservercluster2;Memory;CRITICAL;notify-service-by-email;CRITICAL - 3.1% (757260 kB) free!
[1572474929] SERVICE NOTIFICATION: nagiosadmin;sigqscluster1;Memory;CRITICAL;notify-service-by-email;CRITICAL - 0.4% (216192 kB) free!
[1572474947] Auto-save of retention data completed successfully.
[1572475640] SERVICE NOTIFICATION: nagiosadmin;primary-server;Memory;WARNING;notify-service-by-email;WARNING - 14.3% (3507388 kB) free!
[1572475749] SERVICE NOTIFICATION: nagiosadmin;pservercluster2;Memory;CRITICAL;notify-service-by-email;CRITICAL - 2.3% (569312 kB) free!
[1572476454] SERVICE NOTIFICATION: nagiosadmin;sservercluster1;Memory;CRITICAL;notify-service-by-email;CRITICAL - 2.7% (655024 kB) free!
[1572477968] SERVICE NOTIFICATION: nagiosadmin;pservercluster1;Memory;CRITICAL;notify-service-by-email;CRITICAL - 0.7% (169808 kB) free!
[1572478347] SERVICE NOTIFICATION: nagiosadmin;sservercluster2;Memory;CRITICAL;notify-service-by-email;CRITICAL - 2.4% (592928 kB) free!
[1572478547] Auto-save of retention data completed successfully.
[1572479128] SERVICE NOTIFICATION: nagiosadmin;sigqscluster1;Memory;CRITICAL;notify-service-by-email;CRITICAL - 0.5% (253860 kB) free!
[1572479240] SERVICE NOTIFICATION: nagiosadmin;primary-server;Memory;WARNING;notify-service-by-email;WARNING - 14.2% (3479344 kB) free!
[1572479349] SERVICE NOTIFICATION: nagiosadmin;pservercluster2;Memory;CRITICAL;notify-service-by-email;CRITICAL - 1.7% (413292 kB) free!
[1572480054] SERVICE NOTIFICATION: nagiosadmin;sservercluster1;Memory;CRITICAL;notify-service-by-email;CRITICAL - 2.0% (479156 kB) free!
[1572481568] SERVICE NOTIFICATION: nagiosadmin;pservercluster1;Memory;CRITICAL;notify-service-by-email;CRITICAL - 0.8% (190084 kB) free!
[1572481947] SERVICE NOTIFICATION: nagiosadmin;sservercluster2;Memory;CRITICAL;notify-service-by-email;CRITICAL - 0.8% (188032 kB) free!
[1572482147] Auto-save of retention data completed successfully.
[1572482728] SERVICE NOTIFICATION: nagiosadmin;sigqscluster1;Memory;CRITICAL;notify-service-by-email;CRITICAL - 0.5% (239668 kB) free!
[1572482840] SERVICE NOTIFICATION: nagiosadmin;primary-server;Memory;WARNING;notify-service-by-email;WARNING - 13.8% (3385828 kB) free!
[1572482949] SERVICE NOTIFICATION: nagiosadmin;pservercluster2;Memory;CRITICAL;notify-service-by-email;CRITICAL - 0.7% (178908 kB) free!
[1572483147] SERVICE NOTIFICATION: nagiosadmin;sservercluster2;Memory;OK;notify-service-by-email;OK - 89.5% (21929804 kB) free.
[1572483147] SERVICE ALERT: sservercluster2;Memory;OK;HARD;1;OK - 89.5% (21929804 kB) free.
[1572483549] SERVICE NOTIFICATION: nagiosadmin;pservercluster2;Memory;OK;notify-service-by-email;OK - 84.8% (20784560 kB) free.
[1572483549] SERVICE ALERT: pservercluster2;Memory;OK;HARD;1;OK - 84.8% (20784560 kB) free.
[1572483654] SERVICE NOTIFICATION: nagiosadmin;sservercluster1;Memory;OK;notify-service-by-email;OK - 86.5% (21194124 kB) free.
[1572483654] SERVICE ALERT: sservercluster1;Memory;OK;HARD;1;OK - 86.5% (21194124 kB) free.
[1572485168] SERVICE NOTIFICATION: nagiosadmin;pservercluster1;Memory;CRITICAL;notify-service-by-email;CRITICAL - 0.7% (180900 kB) free!
[1572485747] Auto-save of retention data completed successfully.
[1572486329] SERVICE NOTIFICATION: nagiosadmin;sigqscluster1;Memory;CRITICAL;notify-service-by-email;CRITICAL - 0.5% (224004 kB) free!
[1572486440] SERVICE NOTIFICATION: nagiosadmin;primary-server;Memory;WARNING;notify-service-by-email;WARNING - 12.3% (3013556 kB) free!
[1572488768] SERVICE NOTIFICATION: nagiosadmin;pservercluster1;Memory;CRITICAL;notify-service-by-email;CRITICAL - 0.8% (198628 kB) free!
[1572489347] Auto-save of retention data completed successfully.
[1572490041] SERVICE NOTIFICATION: nagiosadmin;primary-server;Memory;WARNING;notify-service-by-email;WARNING - 12.8% (3125512 kB) free!
[1572490528] SERVICE NOTIFICATION: nagiosadmin;sigqscluster1;Memory;CRITICAL;notify-service-by-email;CRITICAL - 0.4% (221220 kB) free!
[1572492368] SERVICE NOTIFICATION: nagiosadmin;pservercluster1;Memory;CRITICAL;notify-service-by-email;CRITICAL - 0.8% (188272 kB) free!
[1572492947] Auto-save of retention data completed successfully.
[1572494128] SERVICE NOTIFICATION: nagiosadmin;sigqscluster1;Memory;CRITICAL;notify-service-by-email;CRITICAL - 0.5% (237364 kB) free!
[1572494240] SERVICE NOTIFICATION: nagiosadmin;primary-server;Memory;WARNING;notify-service-by-email;WARNING - 11.4% (2784264 kB) free!
[1572495968] SERVICE NOTIFICATION: nagiosadmin;pservercluster1;Memory;CRITICAL;notify-service-by-email;CRITICAL - 0.8% (194152 kB) free!
[1572496547] Auto-save of retention data completed successfully.
[1572497240] SERVICE NOTIFICATION: nagiosadmin;primary-server;Memory;CRITICAL;notify-service-by-email;CRITICAL - 10.0% (2461912 kB) free!
[1572497240] SERVICE ALERT: primary-server;Memory;CRITICAL;HARD;3;CRITICAL - 10.0% (2461912 kB) free!
[1572497458] SERVICE ALERT: redis-2;Memory;WARNING;SOFT;1;WARNING - 18.5% (24339040 kB) free!
[1572497578] SERVICE ALERT: redis-2;Memory;OK;HARD;1;OK - 28.6% (37742500 kB) free.
[1572497728] SERVICE NOTIFICATION: nagiosadmin;sigqscluster1;Memory;CRITICAL;notify-service-by-email;CRITICAL - 0.4% (213900 kB) free!
[1572499568] SERVICE NOTIFICATION: nagiosadmin;pservercluster1;Memory;CRITICAL;notify-service-by-email;CRITICAL - 0.8% (194180 kB) free!
[1572500133] EXTERNAL COMMAND: SCHEDULE_FORCED_SVC_CHECK;primary-server;Memory;1572500129
[1572500133] SERVICE NOTIFICATION: nagiosadmin;primary-server;Memory;OK;notify-service-by-email;OK - 92.6% (22694296 kB) free.
[1572500133] SERVICE ALERT: primary-server;Memory;OK;HARD;1;OK - 92.6% (22694296 kB) free.
[1572500141] EXTERNAL COMMAND: SCHEDULE_FORCED_SVC_CHECK;primary-server;Memory;1572500139
[1572500147] Auto-save of retention data completed successfully.
[1572500201] EXTERNAL COMMAND: SCHEDULE_FORCED_SVC_CHECK;pservercluster1;Memory;1572500199
[1572500201] SERVICE NOTIFICATION: nagiosadmin;pservercluster1;Memory;OK;notify-service-by-email;OK - 89.5% (22087948 kB) free.
[1572500201] SERVICE ALERT: pservercluster1;Memory;OK;HARD;1;OK - 89.5% (22087948 kB) free.
[1572500206] EXTERNAL COMMAND: SCHEDULE_FORCED_SVC_CHECK;pservercluster1;Memory;1572500204
[1572500339] EXTERNAL COMMAND: SCHEDULE_FORCED_SVC_CHECK;sigqscluster1;Memory;1572500338
[1572500340] SERVICE NOTIFICATION: nagiosadmin;sigqscluster1;Memory;OK;notify-service-by-email;OK - 81.1% (39983740 kB) free.
[1572500340] SERVICE ALERT: sigqscluster1;Memory;OK;HARD;1;OK - 81.1% (39983740 kB) free.
[1572500344] EXTERNAL COMMAND: SCHEDULE_FORCED_SVC_CHECK;sigqscluster1;Memory;1572500342
[1572500348] EXTERNAL COMMAND: SCHEDULE_FORCED_SVC_CHECK;sigqscluster1;Memory;1572500347
[1572500806] SERVICE ALERT: pservercluster1;Memory;CRITICAL;SOFT;1;CRITICAL - 0.7% (163620 kB) free!
[1572500926] SERVICE ALERT: pservercluster1;Memory;CRITICAL;SOFT;2;CRITICAL - 0.7% (172464 kB) free!
[1572500949] SERVICE ALERT: sigqscluster1;Memory;CRITICAL;SOFT;1;CRITICAL - 0.5% (251952 kB) free!
[1572501046] SERVICE NOTIFICATION: nagiosadmin;pservercluster1;Memory;CRITICAL;notify-service-by-email;CRITICAL - 0.8% (186220 kB) free!
[1572501046] SERVICE ALERT: pservercluster1;Memory;CRITICAL;HARD;3;CRITICAL - 0.8% (186220 kB) free!
[1572501069] SERVICE ALERT: sigqscluster1;Memory;CRITICAL;SOFT;2;CRITICAL - 0.5% (233304 kB) free!
[1572501189] SERVICE NOTIFICATION: nagiosadmin;sigqscluster1;Memory;CRITICAL;notify-service-by-email;CRITICAL - 0.4% (221320 kB) free!
[1572501189] SERVICE ALERT: sigqscluster1;Memory;CRITICAL;HARD;3;CRITICAL - 0.4% (221320 kB) free!
[1572502149] SERVICE ALERT: pservercluster2;Memory;WARNING;SOFT;1;WARNING - 19.9% (4869456 kB) free!
[1572502269] SERVICE ALERT: pservercluster2;Memory;WARNING;SOFT;2;WARNING - 18.8% (4599392 kB) free!
[1572502389] SERVICE NOTIFICATION: nagiosadmin;pservercluster2;Memory;WARNING;notify-service-by-email;WARNING - 17.8% (4353028 kB) free!
[1572502389] SERVICE ALERT: pservercluster2;Memory;WARNING;HARD;3;WARNING - 17.8% (4353028 kB) free!
[1572502978] SERVICE ALERT: redis-2;Memory;WARNING;SOFT;1;WARNING - 18.3% (24160008 kB) free!
[1572503106] SERVICE ALERT: redis-2;Memory;WARNING;SOFT;2;WARNING - 14.5% (19054188 kB) free!
[1572503226] SERVICE NOTIFICATION: nagiosadmin;redis-2;Memory;WARNING;notify-service-by-email;WARNING - 11.1% (14627180 kB) free!
[1572503226] SERVICE ALERT: redis-2;Memory;WARNING;HARD;3;WARNING - 11.1% (14627180 kB) free!
[1572503555] SERVICE ALERT: sservercluster2;CPU_Procs;CRITICAL;SOFT;1;CPU CRITICAL: 1 crit, 0 warn out of 348 processes
[1572503624] SERVICE ALERT: sservercluster1;CPU_Procs;CRITICAL;SOFT;1;CPU CRITICAL: 1 crit, 0 warn out of 358 processes
[1572503675] SERVICE ALERT: sservercluster2;CPU_Procs;OK;HARD;1;CPU OK: 402 processes
[1572503744] SERVICE ALERT: sservercluster1;CPU_Procs;OK;HARD;1;CPU OK: 386 processes
[1572503747] Auto-save of retention data completed successfully.
[1572504063] SERVICE ALERT: pservercluster1;CPU Load;CRITICAL;SOFT;1;CRITICAL - load average: 3.09, 133.94, 130.80
[1572504183] SERVICE ALERT: pservercluster1;CPU Load;CRITICAL;SOFT;2;CRITICAL - load average: 3.17, 90.71, 115.34
[1572504304] SERVICE NOTIFICATION: nagiosadmin;pservercluster1;CPU Load;CRITICAL;notify-service-by-email;CRITICAL - load average: 3.09, 61.68, 101.71
[1572504304] SERVICE ALERT: pservercluster1;CPU Load;CRITICAL;HARD;3;CRITICAL - load average: 3.09, 61.68, 101.71
[1572504646] SERVICE NOTIFICATION: nagiosadmin;pservercluster1;Memory;CRITICAL;notify-service-by-email;CRITICAL - 0.8% (193532 kB) free!
[1572504789] SERVICE NOTIFICATION: nagiosadmin;sigqscluster1;Memory;CRITICAL;notify-service-by-email;CRITICAL - 0.5% (242612 kB) free!
[1572504789] SERVICE NOTIFICATION: nagiosadmin;pservercluster2;Memory;CRITICAL;notify-service-by-email;CRITICAL - 5.6% (1363700 kB) free!
[1572504789] SERVICE ALERT: pservercluster2;Memory;CRITICAL;HARD;3;CRITICAL - 5.6% (1363700 kB) free!
[1572504875] SERVICE ALERT: sservercluster2;CPU_Procs;WARNING;SOFT;1;CPU WARNING: 1 warn out of 342 processes
[1572504895] Caught SIGTERM, shutting down...
[1572504895] Caught SIGTERM, shutting down...
[1572504895] Successfully shutdown... (PID=13107)
[1572504895] Nagios 4.4.2 starting... (PID=19518)
[1572504895] Local time is Thu Oct 31 12:24:55 IST 2019
[1572504895] LOG VERSION: 2.0
[1572504895] qh: Socket '/usr/local/nagios/var/rw/nagios.qh' successfully initialized
[1572504895] qh: core query handler registered
[1572504895] qh: echo service query handler registered
[1572504895] qh: help for the query handler registered
[1572504895] wproc: Successfully registered manager as @wproc with query handler
[1572504895] wproc: Registry request: name=Core Worker 19519;pid=19519
[1572504895] wproc: Registry request: name=Core Worker 19520;pid=19520
[1572504895] wproc: Registry request: name=Core Worker 19521;pid=19521
[1572504895] wproc: Registry request: name=Core Worker 19523;pid=19523
[1572504895] wproc: Registry request: name=Core Worker 19522;pid=19522
[1572504895] wproc: Registry request: name=Core Worker 19524;pid=19524
[1572504895] wproc: Registry request: name=Core Worker 19526;pid=19526
[1572504895] wproc: Registry request: name=Core Worker 19525;pid=19525
[1572504895] wproc: Registry request: name=Core Worker 19529;pid=19529
[1572504895] wproc: Registry request: name=Core Worker 19527;pid=19527
[1572504895] wproc: Registry request: name=Core Worker 19528;pid=19528
[1572504895] wproc: Registry request: name=Core Worker 19531;pid=19531
[1572504895] wproc: Registry request: name=Core Worker 19530;pid=19530
[1572504895] wproc: Registry request: name=Core Worker 19532;pid=19532
[1572504895] wproc: Registry request: name=Core Worker 19533;pid=19533
[1572504895] wproc: Registry request: name=Core Worker 19534;pid=19534
[1572504895] wproc: Registry request: name=Core Worker 19536;pid=19536
[1572504895] wproc: Registry request: name=Core Worker 19537;pid=19537
[1572504895] wproc: Registry request: name=Core Worker 19538;pid=19538
[1572504895] wproc: Registry request: name=Core Worker 19540;pid=19540
[1572504895] wproc: Registry request: name=Core Worker 19535;pid=19535
[1572504895] wproc: Registry request: name=Core Worker 19539;pid=19539
[1572504895] wproc: Registry request: name=Core Worker 19542;pid=19542
[1572504895] wproc: Registry request: name=Core Worker 19541;pid=19541
[1572504905] Successfully launched command file worker with pid 19621
[1572504960] SERVICE ALERT: primary-server;Log Status;CRITICAL;SOFT;1;NRPE: Unable to read output
[1572504995] SERVICE ALERT: sservercluster2;CPU_Procs;WARNING;SOFT;2;CPU WARNING: 1 warn out of 344 processes
[1572505080] SERVICE ALERT: primary-server;Log Status;CRITICAL;SOFT;2;NRPE: Unable to read output
[1572505103] EXTERNAL COMMAND: SCHEDULE_FORCED_SVC_CHECK;primary-server;Log Status;1572505101
[1572505103] SERVICE NOTIFICATION: nagiosadmin;primary-server;Log Status;CRITICAL;notify-service-by-email;NRPE: Unable to read output
[1572505103] SERVICE ALERT: primary-server;Log Status;CRITICAL;HARD;3;NRPE: Unable to read output
[1572505115] SERVICE NOTIFICATION: nagiosadmin;sservercluster2;CPU_Procs;WARNING;notify-service-by-email;CPU WARNING: 1 warn out of 346 processes
[1572505115] SERVICE ALERT: sservercluster2;CPU_Procs;WARNING;HARD;3;CPU WARNING: 1 warn out of 346 processes
[1572505505] SERVICE NOTIFICATION: nagiosadmin;pservercluster1;CPU Load;WARNING;notify-service-by-email;WARNING - load average: 4.28, 5.46, 30.69
[1572505505] SERVICE ALERT: pservercluster1;CPU Load;WARNING;HARD;3;WARNING - load average: 4.28, 5.46, 30.69
[1572505704] SERVICE NOTIFICATION: nagiosadmin;primary-server;Log Status;UNKNOWN;notify-service-by-email;NRPE: Unable to read output
[1572505704] SERVICE ALERT: primary-server;Log Status;UNKNOWN;HARD;3;NRPE: Unable to read output
[1572505820] Caught SIGTERM, shutting down...
[1572505820] Caught SIGTERM, shutting down...
[1572505820] Caught SIGTERM, shutting down...
[1572505820] Successfully shutdown... (PID=19518)
[1572505821] Nagios 4.4.2 starting... (PID=22199)
[1572505821] Local time is Thu Oct 31 12:40:21 IST 2019
[1572505821] LOG VERSION: 2.0
[1572505821] qh: Socket '/usr/local/nagios/var/rw/nagios.qh' successfully initialized
[1572505821] qh: core query handler registered
[1572505821] qh: echo service query handler registered
[1572505821] qh: help for the query handler registered
[1572505821] wproc: Successfully registered manager as @wproc with query handler
[1572505821] wproc: Registry request: name=Core Worker 22200;pid=22200
[1572505821] wproc: Registry request: name=Core Worker 22202;pid=22202
[1572505821] wproc: Registry request: name=Core Worker 22201;pid=22201
[1572505821] wproc: Registry request: name=Core Worker 22204;pid=22204
[1572505821] wproc: Registry request: name=Core Worker 22203;pid=22203
[1572505821] wproc: Registry request: name=Core Worker 22205;pid=22205
[1572505821] wproc: Registry request: name=Core Worker 22207;pid=22207
[1572505821] wproc: Registry request: name=Core Worker 22206;pid=22206
[1572505821] wproc: Registry request: name=Core Worker 22208;pid=22208
[1572505821] wproc: Registry request: name=Core Worker 22209;pid=22209
[1572505821] wproc: Registry request: name=Core Worker 22210;pid=22210
[1572505821] wproc: Registry request: name=Core Worker 22211;pid=22211
[1572505821] wproc: Registry request: name=Core Worker 22212;pid=22212
[1572505821] wproc: Registry request: name=Core Worker 22213;pid=22213
[1572505821] wproc: Registry request: name=Core Worker 22214;pid=22214
[1572505821] wproc: Registry request: name=Core Worker 22215;pid=22215
[1572505821] wproc: Registry request: name=Core Worker 22216;pid=22216
[1572505821] wproc: Registry request: name=Core Worker 22219;pid=22219
[1572505821] wproc: Registry request: name=Core Worker 22220;pid=22220
[1572505821] wproc: Registry request: name=Core Worker 22221;pid=22221
[1572505821] wproc: Registry request: name=Core Worker 22218;pid=22218
[1572505821] wproc: Registry request: name=Core Worker 22222;pid=22222
[1572505821] wproc: Registry request: name=Core Worker 22217;pid=22217
[1572505821] wproc: Registry request: name=Core Worker 22223;pid=22223
[1572505831] Successfully launched command file worker with pid 22235
[1572506105] SERVICE NOTIFICATION: nagiosadmin;pservercluster1;CPU Load;OK;notify-service-by-email;OK - load average: 5.74, 6.05, 18.92
[1572506105] SERVICE ALERT: pservercluster1;CPU Load;OK;HARD;1;OK - load average: 5.74, 6.05, 18.92
[1572506107] SERVICE ALERT: redis-1;Memory;WARNING;SOFT;1;WARNING - 19.5% (25667152 kB) free!
[1572506226] EXTERNAL COMMAND: SCHEDULE_FORCED_SVC_CHECK;sservercluster2;CPU_Procs;1572506225
[1572506226] SERVICE NOTIFICATION: nagiosadmin;sservercluster2;CPU_Procs;OK;notify-service-by-email;CPU OK: 345 processes
[1572506226] SERVICE ALERT: sservercluster2;CPU_Procs;OK;HARD;1;CPU OK: 345 processes
[1572506227] SERVICE ALERT: redis-1;Memory;OK;HARD;1;OK - 22.5% (29669404 kB) free.
[1572506230] EXTERNAL COMMAND: SCHEDULE_FORCED_SVC_CHECK;sservercluster2;CPU_Procs;1572506229
[1572506826] SERVICE NOTIFICATION: nagiosadmin;redis-2;Memory;WARNING;notify-service-by-email;WARNING - 18.0% (23703848 kB) free!
[1572506915] SERVICE ALERT: webservercluster1;Memory;CRITICAL;SOFT;1;CRITICAL - 1.6% (255052 kB) free!
[1572506973] SERVICE ALERT: qservercluster2;Memory;WARNING;SOFT;1;WARNING - 19.3% (9504068 kB) free!
[1572507035] SERVICE ALERT: webservercluster1;Memory;CRITICAL;SOFT;2;CRITICAL - 1.6% (263936 kB) free!
[1572507054] SERVICE ALERT: sservercluster1;Memory;WARNING;SOFT;1;WARNING - 18.7% (4591164 kB) free!
[1572507093] SERVICE ALERT: qservercluster2;Memory;WARNING;SOFT;2;WARNING - 19.0% (9352016 kB) free!
[1572507155] SERVICE NOTIFICATION: nagiosadmin;webservercluster1;Memory;CRITICAL;notify-service-by-email;CRITICAL - 1.8% (285664 kB) free!
[1572507155] SERVICE ALERT: webservercluster1;Memory;CRITICAL;HARD;3;CRITICAL - 1.8% (285664 kB) free!
[1572507174] SERVICE ALERT: sservercluster1;Memory;WARNING;SOFT;2;WARNING - 17.3% (4248616 kB) free!
[1572507213] SERVICE NOTIFICATION: nagiosadmin;qservercluster2;Memory;WARNING;notify-service-by-email;WARNING - 18.2% (8967548 kB) free!
[1572507213] SERVICE ALERT: qservercluster2;Memory;WARNING;HARD;3;WARNING - 18.2% (8967548 kB) free!
[1572507294] SERVICE NOTIFICATION: nagiosadmin;sservercluster1;Memory;WARNING;notify-service-by-email;WARNING - 16.8% (4128900 kB) free!
[1572507294] SERVICE ALERT: sservercluster1;Memory;WARNING;HARD;3;WARNING - 16.8% (4128900 kB) free!
[1572508107] EXTERNAL COMMAND: SCHEDULE_FORCED_SVC_CHECK;pservercluster1;Memory;1572508105
[1572508107] SERVICE NOTIFICATION: nagiosadmin;pservercluster1;Memory;OK;notify-service-by-email;OK - 85.1% (21009768 kB) free.
[1572508107] SERVICE ALERT: pservercluster1;Memory;OK;HARD;1;OK - 85.1% (21009768 kB) free.
[1572508111] EXTERNAL COMMAND: SCHEDULE_FORCED_SVC_CHECK;pservercluster1;Memory;1572508110
[1572508166] EXTERNAL COMMAND: SCHEDULE_FORCED_SVC_CHECK;pservercluster2;Memory;1572508164
[1572508166] SERVICE NOTIFICATION: nagiosadmin;pservercluster2;Memory;OK;notify-service-by-email;OK - 90.8% (22248836 kB) free.
[1572508166] SERVICE ALERT: pservercluster2;Memory;OK;HARD;1;OK - 90.8% (22248836 kB) free.
[1572508169] EXTERNAL COMMAND: SCHEDULE_FORCED_SVC_CHECK;pservercluster2;Memory;1572508168
[1572508173] EXTERNAL COMMAND: SCHEDULE_FORCED_SVC_CHECK;pservercluster2;Memory;1572508172
[1572508352] EXTERNAL COMMAND: SCHEDULE_FORCED_SVC_CHECK;sigqscluster1;Memory;1572508351
[1572508353] SERVICE NOTIFICATION: nagiosadmin;sigqscluster1;Memory;OK;notify-service-by-email;OK - 80.0% (39424988 kB) free.
[1572508353] SERVICE ALERT: sigqscluster1;Memory;OK;HARD;1;OK - 80.0% (39424988 kB) free.
[1572508356] EXTERNAL COMMAND: SCHEDULE_FORCED_SVC_CHECK;sigqscluster1;Memory;1572508355
[1572508360] EXTERNAL COMMAND: SCHEDULE_FORCED_SVC_CHECK;sigqscluster1;Memory;1572508359
[1572508439] EXTERNAL COMMAND: SCHEDULE_FORCED_SVC_CHECK;webservercluster1;Memory;1572508438
[1572508439] SERVICE NOTIFICATION: nagiosadmin;webservercluster1;Memory;OK;notify-service-by-email;OK - 90.4% (14688816 kB) free.
[1572508439] SERVICE ALERT: webservercluster1;Memory;OK;HARD;1;OK - 90.4% (14688816 kB) free.
[1572508443] EXTERNAL COMMAND: SCHEDULE_FORCED_SVC_CHECK;webservercluster1;Memory;1572508442
[1572508567] EXTERNAL COMMAND: SCHEDULE_FORCED_SVC_CHECK;qservercluster2;Memory;1572508565
[1572508567] SERVICE NOTIFICATION: nagiosadmin;qservercluster2;Memory;OK;notify-service-by-email;OK - 94.9% (46765468 kB) free.
[1572508567] SERVICE ALERT: qservercluster2;Memory;OK;HARD;1;OK - 94.9% (46765468 kB) free.
[1572508571] EXTERNAL COMMAND: SCHEDULE_FORCED_SVC_CHECK;qservercluster2;Memory;1572508570
[1572508695] EXTERNAL COMMAND: SCHEDULE_FORCED_SVC_CHECK;redis-2;Memory;1572508694
[1572508695] SERVICE NOTIFICATION: nagiosadmin;redis-2;Memory;OK;notify-service-by-email;OK - 45.6% (60101332 kB) free.
[1572508695] SERVICE ALERT: redis-2;Memory;OK;HARD;1;OK - 45.6% (60101332 kB) free.
[1572508700] EXTERNAL COMMAND: SCHEDULE_FORCED_SVC_CHECK;redis-2;Memory;1572508698
[1572508711] SERVICE ALERT: pservercluster1;Memory;CRITICAL;SOFT;1;CRITICAL - 0.7% (182876 kB) free!
[1572508738] EXTERNAL COMMAND: SCHEDULE_FORCED_SVC_CHECK;sservercluster1;Memory;1572508736
[1572508738] SERVICE NOTIFICATION: nagiosadmin;sservercluster1;Memory;OK;notify-service-by-email;OK - 91.3% (22368892 kB) free.
[1572508738] SERVICE ALERT: sservercluster1;Memory;OK;HARD;1;OK - 91.3% (22368892 kB) free.
[1572508742] EXTERNAL COMMAND: SCHEDULE_FORCED_SVC_CHECK;sservercluster1;Memory;1572508741
[1572508780] EXTERNAL COMMAND: SCHEDULE_FORCED_SVC_CHECK;pservercluster1;Memory;1572508778
[1572508780] SERVICE ALERT: pservercluster1;Memory;OK;HARD;1;OK - 86.4% (21322464 kB) free.
[1572508960] SERVICE ALERT: sigqscluster1;Memory;CRITICAL;SOFT;1;CRITICAL - 0.5% (229856 kB) free!
[1572509080] SERVICE ALERT: sigqscluster1;Memory;CRITICAL;SOFT;2;CRITICAL - 0.5% (240520 kB) free!
[1572509200] SERVICE FLAPPING ALERT: sigqscluster1;Memory;STARTED; Service appears to have started flapping (20.3% change >= 20.0% threshold)
[1572509200] SERVICE ALERT: sigqscluster1;Memory;CRITICAL;HARD;3;CRITICAL - 0.5% (225796 kB) free!
[1572509304] SERVICE NOTIFICATION: nagiosadmin;primary-server;Log Status;UNKNOWN;notify-service-by-email;Usage: check_log -F logfile -O oldlog -q query
[1572509380] SERVICE ALERT: pservercluster1;Memory;CRITICAL;SOFT;1;CRITICAL - 0.8% (186504 kB) free!
[1572509421] Auto-save of retention data completed successfully.
[1572509500] SERVICE ALERT: pservercluster1;Memory;CRITICAL;SOFT;2;CRITICAL - 0.8% (187148 kB) free!
[1572509620] SERVICE FLAPPING ALERT: pservercluster1;Memory;STARTED; Service appears to have started flapping (20.4% change >= 20.0% threshold)
[1572509620] SERVICE ALERT: pservercluster1;Memory;CRITICAL;HARD;3;CRITICAL - 0.8% (192300 kB) free!
[1572510747] SERVICE ALERT: sservercluster2;Memory;WARNING;SOFT;1;WARNING - 18.7% (4586124 kB) free!
[1572510867] SERVICE ALERT: sservercluster2;Memory;WARNING;SOFT;2;WARNING - 18.4% (4508736 kB) free!
[1572510936] EXTERNAL COMMAND: SCHEDULE_FORCED_SVC_CHECK;pservercluster1;Memory;1572510934
[1572510936] SERVICE ALERT: pservercluster1;Memory;OK;HARD;1;OK - 91.9% (22676988 kB) free.
[1572510940] EXTERNAL COMMAND: SCHEDULE_FORCED_SVC_CHECK;pservercluster1;Memory;1572510938
[1572510945] EXTERNAL COMMAND: SCHEDULE_FORCED_SVC_CHECK;pservercluster1;Memory;1572510943
[1572510977] EXTERNAL COMMAND: SCHEDULE_FORCED_SVC_CHECK;sigqscluster1;Memory;1572510955
[1572510978] SERVICE ALERT: sigqscluster1;Memory;OK;HARD;1;OK - 57.4% (28280524 kB) free.
[1572510981] EXTERNAL COMMAND: SCHEDULE_FORCED_SVC_CHECK;sigqscluster1;Memory;1572510980
[1572510988] SERVICE NOTIFICATION: nagiosadmin;sservercluster2;Memory;WARNING;notify-service-by-email;WARNING - 18.2% (4452340 kB) free!
[1572510988] SERVICE ALERT: sservercluster2;Memory;WARNING;HARD;3;WARNING - 18.2% (4452340 kB) free!
[1572511545] SERVICE ALERT: pservercluster1;Memory;CRITICAL;SOFT;1;CRITICAL - 0.8% (191908 kB) free!
[1572511581] SERVICE ALERT: sigqscluster1;Memory;CRITICAL;SOFT;1;CRITICAL - 0.5% (236792 kB) free!
[1572511665] SERVICE ALERT: pservercluster1;Memory;CRITICAL;SOFT;2;CRITICAL - 0.7% (183976 kB) free!
[1572511701] SERVICE ALERT: sigqscluster1;Memory;CRITICAL;SOFT;2;CRITICAL - 0.5% (225956 kB) free!
[1572511785] SERVICE ALERT: pservercluster1;Memory;CRITICAL;HARD;3;CRITICAL - 0.8% (199792 kB) free!
[1572511821] SERVICE ALERT: sigqscluster1;Memory;CRITICAL;HARD;3;CRITICAL - 0.4% (215920 kB) free!
[1572512191] EXTERNAL COMMAND: SCHEDULE_FORCED_SVC_CHECK;primary-server;Log Status;1572512188
[1572512466] EXTERNAL COMMAND: SCHEDULE_FORCED_SVC_CHECK;primary-server;Log Status;1572512459
[1572512750] EXTERNAL COMMAND: SCHEDULE_FORCED_SVC_CHECK;primary-server;Log Status;1572512748
[1572512752] SERVICE NOTIFICATION: nagiosadmin;primary-server;Log Status;WARNING;notify-service-by-email;NRPE: Unable to read output
[1572512752] SERVICE ALERT: primary-server;Log Status;WARNING;HARD;3;NRPE: Unable to read output
[1572512868] EXTERNAL COMMAND: SCHEDULE_FORCED_SVC_CHECK;primary-server;Log Status;1572512867
[1572512868] SERVICE FLAPPING ALERT: primary-server;Log Status;STARTED; Service appears to have started flapping (21.1% change >= 20.0% threshold)
[1572512868] SERVICE ALERT: primary-server;Log Status;OK;HARD;1;Log check data initialized...
[1572512903] EXTERNAL COMMAND: SCHEDULE_FORCED_SVC_CHECK;primary-server;Log Status;1572512899
[1572513021] Auto-save of retention data completed successfully.
[1572513253] EXTERNAL COMMAND: SCHEDULE_FORCED_SVC_CHECK;primary-server;Log Status;1572513252
[1572513253] SERVICE ALERT: primary-server;Log Status;CRITICAL;SOFT;1;(1786) < 103.209.99.7 [31/Oct/2019:14:44:12 +0530] TCP 200 17 43 0.639 "10.147.212.142:13000" "43" "17" "0.000"
[1572513314] EXTERNAL COMMAND: SCHEDULE_FORCED_SVC_CHECK;primary-server;Log Status;1572513313
[1572513314] SERVICE ALERT: primary-server;Log Status;OK;HARD;1;Log check ok - 0 pattern matches found
[1572513362] EXTERNAL COMMAND: DISABLE_SVC_FLAP_DETECTION;primary-server;Log Status
[1572513362] SERVICE FLAPPING ALERT: primary-server;Log Status;DISABLED; Flap detection has been disabled
[1572513478] SERVICE ALERT: webservercluster1;CPU_Procs;WARNING;SOFT;1;CPU WARNING: 1 warn out of 336 processes
[1572513598] SERVICE ALERT: webservercluster1;CPU_Procs;OK;HARD;1;CPU OK: 333 processes
[1572513988] SERVICE NOTIFICATION: nagiosadmin;sservercluster2;Memory;CRITICAL;notify-service-by-email;CRITICAL - 9.6% (2359572 kB) free!
[1572513988] SERVICE ALERT: sservercluster2;Memory;CRITICAL;HARD;3;CRITICAL - 9.6% (2359572 kB) free!
[1572515394] Caught SIGTERM, shutting down...
[1572515394] Caught SIGTERM, shutting down...
[1572515394] Caught SIGTERM, shutting down...
[1572515394] Successfully shutdown... (PID=22199)
[1572515394] Nagios 4.4.2 starting... (PID=8930)
[1572515394] Local time is Thu Oct 31 15:19:54 IST 2019
[1572515394] LOG VERSION: 2.0
[1572515394] qh: Socket '/usr/local/nagios/var/rw/nagios.qh' successfully initialized
[1572515394] qh: core query handler registered
[1572515394] qh: echo service query handler registered
[1572515394] qh: help for the query handler registered
[1572515394] wproc: Successfully registered manager as @wproc with query handler
[1572515394] wproc: Registry request: name=Core Worker 8931;pid=8931
[1572515394] wproc: Registry request: name=Core Worker 8932;pid=8932
[1572515394] wproc: Registry request: name=Core Worker 8933;pid=8933
[1572515394] wproc: Registry request: name=Core Worker 8935;pid=8935
[1572515394] wproc: Registry request: name=Core Worker 8936;pid=8936
[1572515394] wproc: Registry request: name=Core Worker 8934;pid=8934
[1572515394] wproc: Registry request: name=Core Worker 8937;pid=8937
[1572515394] wproc: Registry request: name=Core Worker 8939;pid=8939
[1572515394] wproc: Registry request: name=Core Worker 8940;pid=8940
[1572515394] wproc: Registry request: name=Core Worker 8938;pid=8938
[1572515394] wproc: Registry request: name=Core Worker 8942;pid=8942
[1572515394] wproc: Registry request: name=Core Worker 8943;pid=8943
[1572515394] wproc: Registry request: name=Core Worker 8941;pid=8941
[1572515394] wproc: Registry request: name=Core Worker 8945;pid=8945
[1572515394] wproc: Registry request: name=Core Worker 8946;pid=8946
[1572515394] wproc: Registry request: name=Core Worker 8944;pid=8944
[1572515394] wproc: Registry request: name=Core Worker 8947;pid=8947
[1572515394] wproc: Registry request: name=Core Worker 8950;pid=8950
[1572515394] wproc: Registry request: name=Core Worker 8948;pid=8948
[1572515394] wproc: Registry request: name=Core Worker 8952;pid=8952
[1572515394] wproc: Registry request: name=Core Worker 8949;pid=8949
[1572515394] wproc: Registry request: name=Core Worker 8951;pid=8951
[1572515394] wproc: Registry request: name=Core Worker 8953;pid=8953
[1572515394] wproc: Registry request: name=Core Worker 8954;pid=8954
[1572515394] SERVICE FLAPPING ALERT: sigqscluster1;Memory;STARTED; Service appears to have started flapping (20.4% change >= 20.0% threshold)
[1572515404] Successfully launched command file worker with pid 8983
[1572515524] SERVICE ALERT: primary-server;Nginx Error Log Status;CRITICAL;SOFT;1;(27) < 2019/10/31 15:21:56 [error] 24133#0: *1450523 recv() failed (104: Connection reset by peer) while proxying connection, client: 139.59.21.208, server: 0.0.0.0:13000, upstream: "10.147.212.142:13000", bytes from/to client:121/0, bytes from/to upstream:0/121
[1572515644] SERVICE ALERT: primary-server;Nginx Error Log Status;CRITICAL;SOFT;2;(8) < 2019/10/31 15:23:53 [error] 24131#0: *1450639 recv() failed (104: Connection reset by peer) while proxying connection, client: 169.38.76.212, server: 0.0.0.0:13000, upstream: "10.147.212.142:13000", bytes from/to client:43/0, bytes from/to upstream:0/43
[1572515705] SERVICE ALERT: pservercluster1;CPU Load;CRITICAL;SOFT;1;CRITICAL - load average: 1045.40, 811.21, 400.38
[1572515764] SERVICE NOTIFICATION: nagiosadmin;primary-server;Nginx Error Log Status;CRITICAL;notify-service-by-email;(8) < 2019/10/31 15:25:40 [error] 24130#0: *1450711 recv() failed (104: Connection reset by peer) while proxying connection, client: 180.179.244.32, server: 0.0.0.0:13000, upstream: "10.147.212.142:13000", bytes from/to client:42/0, bytes from/to upstream:0/42
[1572515764] SERVICE ALERT: primary-server;Nginx Error Log Status;CRITICAL;HARD;3;(8) < 2019/10/31 15:25:40 [error] 24130#0: *1450711 recv() failed (104: Connection reset by peer) while proxying connection, client: 180.179.244.32, server: 0.0.0.0:13000, upstream: "10.147.212.142:13000", bytes from/to client:42/0, bytes from/to upstream:0/42
[1572515825] SERVICE ALERT: pservercluster1;CPU Load;CRITICAL;SOFT;2;CRITICAL - load average: 1046.37, 889.08, 478.73
[1572515945] SERVICE NOTIFICATION: nagiosadmin;pservercluster1;CPU Load;CRITICAL;notify-service-by-email;CRITICAL - load average: 237.88, 670.40, 451.41
[1572515945] SERVICE ALERT: pservercluster1;CPU Load;CRITICAL;HARD;3;CRITICAL - load average: 237.88, 670.40, 451.41
[1572515985] SERVICE NOTIFICATION: nagiosadmin;pservercluster1;Memory;CRITICAL;notify-service-by-email;CRITICAL - 0.7% (174440 kB) free!
[1572516379] EXTERNAL COMMAND: SCHEDULE_FORCED_SVC_CHECK;pservercluster1;Memory;1572516378
[1572516380] SERVICE FLAPPING ALERT: pservercluster1;Memory;STARTED; Service appears to have started flapping (24.7% change >= 20.0% threshold)
[1572516380] SERVICE ALERT: pservercluster1;Memory;OK;HARD;1;OK - 86.0% (21229320 kB) free.
[1572516382] EXTERNAL COMMAND: SCHEDULE_FORCED_SVC_CHECK;pservercluster1;Memory;1572516381
[1572516386] EXTERNAL COMMAND: SCHEDULE_FORCED_SVC_CHECK;pservercluster1;Memory;1572516385
[1572516409] EXTERNAL COMMAND: SCHEDULE_FORCED_SVC_CHECK;sigqscluster1;Memory;1572516408
[1572516410] SERVICE ALERT: sigqscluster1;Memory;WARNING;HARD;3;WARNING - 13.6% (6711796 kB) free!
[1572516413] EXTERNAL COMMAND: SCHEDULE_FORCED_SVC_CHECK;sigqscluster1;Memory;1572516412
[1572516413] SERVICE ALERT: sigqscluster1;Memory;OK;HARD;1;OK - 55.2% (27181460 kB) free.
[1572516438] EXTERNAL COMMAND: SCHEDULE_FORCED_SVC_CHECK;sservercluster2;Memory;1572516436
[1572516438] SERVICE NOTIFICATION: nagiosadmin;sservercluster2;Memory;OK;notify-service-by-email;OK - 94.5% (23171252 kB) free.
[1572516438] SERVICE ALERT: sservercluster2;Memory;OK;HARD;1;OK - 94.5% (23171252 kB) free.
[1572516442] EXTERNAL COMMAND: SCHEDULE_FORCED_SVC_CHECK;sservercluster2;Memory;1572516440
[1572516501] EXTERNAL COMMAND: SCHEDULE_FORCED_SVC_CHECK;sservercluster2;Memory;1572516500
[1572516721] EXTERNAL COMMAND: SCHEDULE_FORCED_SVC_CHECK;pservercluster1;CPU Load;1572516719
[1572516721] SERVICE NOTIFICATION: nagiosadmin;pservercluster1;CPU Load;OK;notify-service-by-email;OK - load average: 1.75, 52.59, 197.88
[1572516721] SERVICE ALERT: pservercluster1;CPU Load;OK;HARD;1;OK - load average: 1.75, 52.59, 197.88
[1572516727] EXTERNAL COMMAND: SCHEDULE_FORCED_SVC_CHECK;pservercluster1;CPU Load;1572516726
[1572516986] SERVICE ALERT: pservercluster1;Memory;CRITICAL;SOFT;1;CRITICAL - 0.8% (196236 kB) free!
[1572517013] SERVICE ALERT: sigqscluster1;Memory;CRITICAL;SOFT;1;CRITICAL - 5.3% (2596960 kB) free!
[1572517106] SERVICE ALERT: pservercluster1;Memory;CRITICAL;SOFT;2;CRITICAL - 0.8% (194676 kB) free!
[1572517133] SERVICE ALERT: sigqscluster1;Memory;CRITICAL;SOFT;2;CRITICAL - 0.5% (231684 kB) free!
[1572517226] SERVICE ALERT: pservercluster1;Memory;CRITICAL;HARD;3;CRITICAL - 0.7% (176964 kB) free!
[1572517253] SERVICE ALERT: sigqscluster1;Memory;CRITICAL;HARD;3;CRITICAL - 0.5% (237228 kB) free!
[1572517564] SERVICE NOTIFICATION: nagiosadmin;primary-server;Nginx Error Log Status;OK;notify-service-by-email;Log check ok - 0 pattern matches found
[1572517564] SERVICE ALERT: primary-server;Nginx Error Log Status;OK;HARD;1;Log check ok - 0 pattern matches found
[1572518300] SERVICE ALERT: redis-2;Memory;WARNING;SOFT;1;WARNING - 18.2% (23974340 kB) free!
[1572518420] SERVICE ALERT: redis-2;Memory;OK;HARD;1;OK - 21.4% (28227236 kB) free.
[1572518870] SERVICE ALERT: secondary-server;Current Users;WARNING;SOFT;1;USERS WARNING - 7 users currently logged in
[1572518990] SERVICE ALERT: secondary-server;Current Users;WARNING;SOFT;2;USERS WARNING - 7 users currently logged in
[1572518994] Auto-save of retention data completed successfully.
[1572519021] SERVICE ALERT: redis-2;Memory;WARNING;SOFT;1;WARNING - 16.7% (21959816 kB) free!
[1572519110] SERVICE NOTIFICATION: nagiosadmin;secondary-server;Current Users;WARNING;notify-service-by-email;USERS WARNING - 7 users currently logged in
[1572519110] SERVICE ALERT: secondary-server;Current Users;WARNING;HARD;3;USERS WARNING - 7 users currently logged in
[1572519141] SERVICE ALERT: redis-2;Memory;OK;HARD;1;OK - 30.0% (39557076 kB) free.
[1572520341] SERVICE ALERT: redis-2;Memory;WARNING;SOFT;1;WARNING - 15.9% (20914976 kB) free!
[1572520461] SERVICE ALERT: redis-2;Memory;OK;HARD;1;OK - 28.8% (37953872 kB) free.
[1572520627] SERVICE ALERT: redis-1;Memory;WARNING;SOFT;1;WARNING - 17.3% (22817868 kB) free!
[1572520748] SERVICE ALERT: redis-1;Memory;OK;HARD;1;OK - 23.1% (30481344 kB) free.
[1572521661] SERVICE ALERT: redis-2;Memory;WARNING;SOFT;1;WARNING - 14.6% (19220260 kB) free!
[1572521781] SERVICE ALERT: redis-2;Memory;OK;HARD;1;OK - 27.8% (36661088 kB) free.
[1572522594] Auto-save of retention data completed successfully.
[1572522710] SERVICE NOTIFICATION: nagiosadmin;secondary-server;Current Users;WARNING;notify-service-by-email;USERS WARNING - 10 users currently logged in
[1572522981] SERVICE ALERT: redis-2;Memory;WARNING;SOFT;1;WARNING - 13.5% (17750280 kB) free!
[1572523101] SERVICE ALERT: redis-2;Memory;OK;HARD;1;OK - 27.3% (36016744 kB) free.
[1572523147] SERVICE ALERT: redis-1;Memory;WARNING;SOFT;1;WARNING - 19.9% (26237428 kB) free!
[1572523267] SERVICE ALERT: redis-1;Memory;OK;HARD;1;OK - 25.4% (33438296 kB) free.
[1572523310] SERVICE NOTIFICATION: nagiosadmin;secondary-server;Current Users;CRITICAL;notify-service-by-email;USERS CRITICAL - 11 users currently logged in
[1572523310] SERVICE ALERT: secondary-server;Current Users;CRITICAL;HARD;3;USERS CRITICAL - 11 users currently logged in
[1572523867] SERVICE ALERT: redis-1;Memory;WARNING;SOFT;1;WARNING - 19.0% (25026060 kB) free!
[1572523987] SERVICE ALERT: redis-1;Memory;OK;HARD;1;OK - 24.4% (32129848 kB) free.
[1572524342] SERVICE ALERT: sservercluster1;Memory;WARNING;SOFT;1;WARNING - 19.9% (4885084 kB) free!
[1572524462] SERVICE ALERT: sservercluster1;Memory;WARNING;SOFT;2;WARNING - 19.6% (4799232 kB) free!
[1572524583] SERVICE NOTIFICATION: nagiosadmin;sservercluster1;Memory;WARNING;notify-service-by-email;WARNING - 19.2% (4712568 kB) free!
[1572524583] SERVICE ALERT: sservercluster1;Memory;WARNING;HARD;3;WARNING - 19.2% (4712568 kB) free!
[1572524587] SERVICE ALERT: redis-1;Memory;WARNING;SOFT;1;WARNING - 18.1% (23796116 kB) free!
[1572524707] SERVICE ALERT: redis-1;Memory;OK;HARD;1;OK - 21.5% (28302968 kB) free.
[1572524901] SERVICE ALERT: redis-2;Memory;WARNING;SOFT;1;WARNING - 14.1% (18619776 kB) free!
[1572525021] SERVICE ALERT: redis-2;Memory;OK;HARD;1;OK - 27.6% (36408968 kB) free.
[1572526194] Auto-save of retention data completed successfully.
[1572526221] SERVICE ALERT: redis-2;Memory;WARNING;SOFT;1;WARNING - 12.6% (16629988 kB) free!
[1572526341] SERVICE ALERT: redis-2;Memory;OK;HARD;1;OK - 26.4% (34844264 kB) free.
[1572526910] SERVICE NOTIFICATION: nagiosadmin;secondary-server;Current Users;CRITICAL;notify-service-by-email;USERS CRITICAL - 14 users currently logged in
[1572526983] SERVICE NOTIFICATION: nagiosadmin;sservercluster1;Memory;CRITICAL;notify-service-by-email;CRITICAL - 9.9% (2419092 kB) free!
[1572526983] SERVICE ALERT: sservercluster1;Memory;CRITICAL;HARD;3;CRITICAL - 9.9% (2419092 kB) free!
[1572527373] SERVICE ALERT: pservercluster2;Memory;WARNING;SOFT;1;WARNING - 19.7% (4819804 kB) free!
[1572527426] SERVICE FLAPPING ALERT: pservercluster1;Memory;STOPPED; Service appears to have stopped flapping (4.0% change < 5.0% threshold)
[1572527426] SERVICE NOTIFICATION: nagiosadmin;pservercluster1;Memory;CRITICAL;notify-service-by-email;CRITICAL - 0.7% (175412 kB) free!
[1572527493] SERVICE ALERT: pservercluster2;Memory;WARNING;SOFT;2;WARNING - 19.4% (4747984 kB) free!
[1572527541] SERVICE ALERT: redis-2;Memory;WARNING;SOFT;1;WARNING - 11.7% (15474580 kB) free!
[1572527613] SERVICE NOTIFICATION: nagiosadmin;pservercluster2;Memory;WARNING;notify-service-by-email;WARNING - 19.1% (4673860 kB) free!
[1572527613] SERVICE ALERT: pservercluster2;Memory;WARNING;HARD;3;WARNING - 19.1% (4673860 kB) free!
[1572527661] SERVICE ALERT: redis-2;Memory;OK;HARD;1;OK - 25.6% (33752412 kB) free.
[1572527764] EXTERNAL COMMAND: SCHEDULE_FORCED_SVC_CHECK;sigqscluster1;Memory;1572527762
[1572527764] SERVICE ALERT: sigqscluster1;Memory;OK;HARD;1;OK - 42.3% (20857792 kB) free.
[1572527770] EXTERNAL COMMAND: SCHEDULE_FORCED_SVC_CHECK;sigqscluster1;Memory;1572527766
[1572527775] EXTERNAL COMMAND: SCHEDULE_FORCED_SVC_CHECK;sigqscluster1;Memory;1572527774
[1572527811] EXTERNAL COMMAND: SCHEDULE_FORCED_SVC_CHECK;sservercluster1;Memory;1572527810
[1572527811] SERVICE NOTIFICATION: nagiosadmin;sservercluster1;Memory;OK;notify-service-by-email;OK - 90.7% (22235356 kB) free.
[1572527811] SERVICE ALERT: sservercluster1;Memory;OK;HARD;1;OK - 90.7% (22235356 kB) free.
[1572527815] EXTERNAL COMMAND: SCHEDULE_FORCED_SVC_CHECK;sservercluster1;Memory;1572527814
[1572527843] EXTERNAL COMMAND: SCHEDULE_FORCED_SVC_CHECK;pservercluster1;Memory;1572527839
[1572527843] SERVICE NOTIFICATION: nagiosadmin;pservercluster1;Memory;OK;notify-service-by-email;OK - 94.4% (23293252 kB) free.
[1572527843] SERVICE ALERT: pservercluster1;Memory;OK;HARD;1;OK - 94.4% (23293252 kB) free.
[1572528110] SERVICE NOTIFICATION: nagiosadmin;secondary-server;Current Users;WARNING;notify-service-by-email;USERS WARNING - 10 users currently logged in
[1572528110] SERVICE ALERT: secondary-server;Current Users;WARNING;HARD;3;USERS WARNING - 10 users currently logged in
[1572528861] SERVICE ALERT: redis-2;Memory;WARNING;SOFT;1;WARNING - 11.3% (14900260 kB) free!
[1572528981] SERVICE ALERT: redis-2;Memory;OK;HARD;1;OK - 25.0% (32992912 kB) free.
[1572529643] SERVICE ALERT: pservercluster1;Memory;CRITICAL;SOFT;1;CRITICAL - 0.8% (187988 kB) free!
[1572529763] SERVICE ALERT: pservercluster1;Memory;CRITICAL;SOFT;2;CRITICAL - 0.8% (194664 kB) free!
[1572529794] Auto-save of retention data completed successfully.
[1572529883] SERVICE NOTIFICATION: nagiosadmin;pservercluster1;Memory;CRITICAL;notify-service-by-email;CRITICAL - 0.8% (194076 kB) free!
[1572529883] SERVICE ALERT: pservercluster1;Memory;CRITICAL;HARD;3;CRITICAL - 0.8% (194076 kB) free!
[1572530181] SERVICE ALERT: redis-2;Memory;WARNING;SOFT;1;WARNING - 10.7% (14126316 kB) free!
[1572530301] SERVICE ALERT: redis-2;Memory;OK;HARD;1;OK - 24.4% (32230036 kB) free.
[1572530613] SERVICE NOTIFICATION: nagiosadmin;pservercluster2;Memory;CRITICAL;notify-service-by-email;CRITICAL - 9.6% (2358424 kB) free!
[1572530613] SERVICE ALERT: pservercluster2;Memory;CRITICAL;HARD;3;CRITICAL - 9.6% (2358424 kB) free!
[1572531710] SERVICE NOTIFICATION: nagiosadmin;secondary-server;Current Users;WARNING;notify-service-by-email;USERS WARNING - 9 users currently logged in
[1572532101] SERVICE ALERT: redis-2;Memory;WARNING;SOFT;1;WARNING - 11.5% (15154704 kB) free!
[1572532222] SERVICE ALERT: redis-2;Memory;OK;HARD;1;OK - 24.5% (32360488 kB) free.
[1572532575] SERVICE FLAPPING ALERT: sigqscluster1;Memory;STOPPED; Service appears to have stopped flapping (4.9% change < 5.0% threshold)
[1572533394] Auto-save of retention data completed successfully.
[1572533422] SERVICE ALERT: redis-2;Memory;WARNING;SOFT;1;WARNING - 10.8% (14269868 kB) free!
[1572533483] SERVICE NOTIFICATION: nagiosadmin;pservercluster1;Memory;CRITICAL;notify-service-by-email;CRITICAL - 1.8% (452852 kB) free!
[1572533542] SERVICE ALERT: redis-2;Memory;OK;HARD;1;OK - 24.1% (31716020 kB) free.
[1572534214] SERVICE NOTIFICATION: nagiosadmin;pservercluster2;Memory;CRITICAL;notify-service-by-email;CRITICAL - 0.7% (172376 kB) free!
[1572534742] SERVICE ALERT: redis-2;Memory;CRITICAL;SOFT;1;CRITICAL - 9.1% (12004048 kB) free!
[1572534862] SERVICE ALERT: redis-2;Memory;OK;HARD;1;OK - 23.5% (30941604 kB) free.
[1572535310] SERVICE NOTIFICATION: nagiosadmin;secondary-server;Current Users;WARNING;notify-service-by-email;USERS WARNING - 7 users currently logged in
[1572536062] SERVICE ALERT: redis-2;Memory;CRITICAL;SOFT;1;CRITICAL - 9.5% (12571496 kB) free!
[1572536182] SERVICE ALERT: redis-2;Memory;OK;HARD;1;OK - 23.0% (30293928 kB) free.
[1572536775] SERVICE ALERT: sigqscluster1;Memory;WARNING;SOFT;1;WARNING - 18.8% (9287168 kB) free!
[1572536895] SERVICE ALERT: sigqscluster1;Memory;WARNING;SOFT;2;WARNING - 18.8% (9287228 kB) free!
[1572536994] Auto-save of retention data completed successfully.
[1572537015] SERVICE NOTIFICATION: nagiosadmin;sigqscluster1;Memory;WARNING;notify-service-by-email;WARNING - 18.8% (9288584 kB) free!
[1572537015] SERVICE ALERT: sigqscluster1;Memory;WARNING;HARD;3;WARNING - 18.8% (9288584 kB) free!
[1572537077] EXTERNAL COMMAND: SCHEDULE_FORCED_SVC_CHECK;pservercluster1;Memory;1572537075
[1572537078] SERVICE NOTIFICATION: nagiosadmin;pservercluster1;Memory;OK;notify-service-by-email;OK - 93.8% (23137344 kB) free.
[1572537078] SERVICE ALERT: pservercluster1;Memory;OK;HARD;1;OK - 93.8% (23137344 kB) free.
[1572537082] EXTERNAL COMMAND: SCHEDULE_FORCED_SVC_CHECK;pservercluster1;Memory;1572537081
[1572537094] EXTERNAL COMMAND: SCHEDULE_FORCED_SVC_CHECK;pservercluster1;Memory;1572537093
[1572537137] EXTERNAL COMMAND: SCHEDULE_FORCED_SVC_CHECK;pservercluster2;Memory;1572537136
[1572537138] SERVICE NOTIFICATION: nagiosadmin;pservercluster2;Memory;OK;notify-service-by-email;OK - 77.1% (18894288 kB) free.
[1572537138] SERVICE ALERT: pservercluster2;Memory;OK;HARD;1;OK - 77.1% (18894288 kB) free.
[1572537142] EXTERNAL COMMAND: SCHEDULE_FORCED_SVC_CHECK;pservercluster2;Memory;1572537140
[1572537146] EXTERNAL COMMAND: SCHEDULE_FORCED_SVC_CHECK;pservercluster2;Memory;1572537145
[1572537382] SERVICE ALERT: redis-2;Memory;WARNING;SOFT;1;WARNING - 10.1% (13346516 kB) free!
[1572537502] SERVICE ALERT: redis-2;Memory;OK;HARD;1;OK - 22.6% (29753620 kB) free.
[1572537971] SERVICE ALERT: qservercluster2;Memory;WARNING;SOFT;1;WARNING - 19.7% (9692324 kB) free!
[1572538091] SERVICE ALERT: qservercluster2;Memory;WARNING;SOFT;2;WARNING - 19.6% (9637224 kB) free!
[1572538211] SERVICE NOTIFICATION: nagiosadmin;qservercluster2;Memory;WARNING;notify-service-by-email;WARNING - 19.4% (9582960 kB) free!
[1572538211] SERVICE ALERT: qservercluster2;Memory;WARNING;HARD;3;WARNING - 19.4% (9582960 kB) free!
[1572538910] SERVICE NOTIFICATION: nagiosadmin;secondary-server;Current Users;WARNING;notify-service-by-email;USERS WARNING - 7 users currently logged in
[1572539302] SERVICE ALERT: redis-2;Memory;WARNING;SOFT;1;WARNING - 11.1% (14625444 kB) free!
[1572539422] SERVICE ALERT: redis-2;Memory;OK;HARD;1;OK - 22.9% (30155584 kB) free.
[1572540594] Auto-save of retention data completed successfully.
[1572540615] SERVICE NOTIFICATION: nagiosadmin;sigqscluster1;Memory;WARNING;notify-service-by-email;WARNING - 15.6% (7703452 kB) free!
[1572540622] SERVICE ALERT: redis-2;Memory;WARNING;SOFT;1;WARNING - 10.5% (13891264 kB) free!
[1572540742] SERVICE ALERT: redis-2;Memory;OK;HARD;1;OK - 22.5% (29611368 kB) free.
[1572541811] SERVICE NOTIFICATION: nagiosadmin;qservercluster2;Memory;WARNING;notify-service-by-email;WARNING - 16.6% (8160952 kB) free!
[1572541942] SERVICE ALERT: redis-2;Memory;WARNING;SOFT;1;WARNING - 11.1% (14578304 kB) free!
[1572542062] SERVICE ALERT: redis-2;Memory;OK;HARD;1;OK - 22.6% (29839856 kB) free.
[1572542510] SERVICE NOTIFICATION: nagiosadmin;secondary-server;Current Users;WARNING;notify-service-by-email;USERS WARNING - 7 users currently logged in
[1572543262] SERVICE ALERT: redis-2;Memory;WARNING;SOFT;1;WARNING - 11.7% (15392124 kB) free!
[1572543307] SERVICE ALERT: redis-1;Memory;CRITICAL;SOFT;1;CRITICAL - 5.4% (7101636 kB) free!
[1572543382] SERVICE ALERT: redis-2;Memory;OK;HARD;1;OK - 22.9% (30174820 kB) free.
[1572543427] SERVICE ALERT: redis-1;Memory;CRITICAL;SOFT;2;CRITICAL - 0.8% (1104808 kB) free!
[1572543547] SERVICE NOTIFICATION: nagiosadmin;redis-1;Memory;CRITICAL;notify-service-by-email;CRITICAL - 2.1% (2769396 kB) free!
[1572543547] SERVICE ALERT: redis-1;Memory;CRITICAL;HARD;3;CRITICAL - 2.1% (2769396 kB) free!
[1572543982] SERVICE ALERT: redis-2;Memory;WARNING;SOFT;1;WARNING - 10.5% (13866800 kB) free!
[1572544102] SERVICE ALERT: redis-2;Memory;OK;HARD;1;OK - 21.8% (28768900 kB) free.
[1572544194] Auto-save of retention data completed successfully.
[1572544215] SERVICE NOTIFICATION: nagiosadmin;sigqscluster1;Memory;WARNING;notify-service-by-email;WARNING - 13.7% (6743180 kB) free!
[1572544702] SERVICE ALERT: redis-2;Memory;WARNING;SOFT;1;WARNING - 10.3% (13527252 kB) free!
[1572544822] SERVICE ALERT: redis-2;Memory;OK;HARD;1;OK - 21.6% (28475120 kB) free.
[1572545411] SERVICE NOTIFICATION: nagiosadmin;qservercluster2;Memory;WARNING;notify-service-by-email;WARNING - 14.6% (7177084 kB) free!
[1572546022] SERVICE ALERT: redis-2;Memory;WARNING;SOFT;1;WARNING - 12.5% (16503168 kB) free!
[1572546110] SERVICE NOTIFICATION: nagiosadmin;secondary-server;Current Users;WARNING;notify-service-by-email;USERS WARNING - 7 users currently logged in
[1572546142] SERVICE ALERT: redis-2;Memory;WARNING;SOFT;2;WARNING - 10.4% (13726760 kB) free!
[1572546262] SERVICE ALERT: redis-2;Memory;OK;HARD;1;OK - 21.7% (28560412 kB) free.
[1572853049] Caught SIGTERM, shutting down...
