[1577730600] LOG ROTATION: DAILY
[1577730600] LOG VERSION: 2.0
[1577730600] CURRENT HOST STATE: db1-vm2;UP;HARD;1;PING OK - Packet loss = 0%, RTA = 0.43 ms
[1577730600] CURRENT HOST STATE: db2;UP;HARD;1;PING OK - Packet loss = 0%, RTA = 0.40 ms
[1577730600] CURRENT HOST STATE: primary-server;UP;HARD;1;PING OK - Packet loss = 0%, RTA = 0.43 ms
[1577730600] CURRENT HOST STATE: pservercluster1;UP;HARD;1;PING OK - Packet loss = 0%, RTA = 0.43 ms
[1577730600] CURRENT HOST STATE: pservercluster2;UP;HARD;1;PING OK - Packet loss = 0%, RTA = 0.33 ms
[1577730600] CURRENT HOST STATE: qservercluster1;UP;HARD;1;PING OK - Packet loss = 0%, RTA = 0.36 ms
[1577730600] CURRENT HOST STATE: qservercluster2;UP;HARD;1;PING OK - Packet loss = 0%, RTA = 0.28 ms
[1577730600] CURRENT HOST STATE: redis-1;UP;HARD;1;PING OK - Packet loss = 0%, RTA = 0.32 ms
[1577730600] CURRENT HOST STATE: redis-2;UP;HARD;1;PING OK - Packet loss = 0%, RTA = 0.33 ms
[1577730600] CURRENT HOST STATE: rq-1;UP;HARD;1;PING OK - Packet loss = 0%, RTA = 0.25 ms
[1577730600] CURRENT HOST STATE: rq-2;UP;HARD;1;PING OK - Packet loss = 0%, RTA = 0.29 ms
[1577730600] CURRENT HOST STATE: secondary-server;UP;HARD;1;PING OK - Packet loss = 0%, RTA = 0.41 ms
[1577730600] CURRENT HOST STATE: sig1-vm2;UP;HARD;1;PING OK - Packet loss = 0%, RTA = 0.63 ms
[1577730600] CURRENT HOST STATE: sig2-vm2;UP;HARD;1;PING OK - Packet loss = 0%, RTA = 0.44 ms
[1577730600] CURRENT HOST STATE: sig3-vm2;UP;HARD;1;PING OK - Packet loss = 0%, RTA = 0.42 ms
[1577730600] CURRENT HOST STATE: sig4-vm2;UP;HARD;1;PING OK - Packet loss = 0%, RTA = 0.46 ms
[1577730600] CURRENT HOST STATE: sig5-vm2;UP;HARD;1;PING OK - Packet loss = 0%, RTA = 0.44 ms
[1577730600] CURRENT HOST STATE: sig6-vm2;UP;HARD;1;PING OK - Packet loss = 0%, RTA = 0.48 ms
[1577730600] CURRENT HOST STATE: sigqscluster1;UP;HARD;1;PING OK - Packet loss = 0%, RTA = 0.37 ms
[1577730600] CURRENT HOST STATE: sigqscluster2;UP;HARD;1;PING OK - Packet loss = 0%, RTA = 0.27 ms
[1577730600] CURRENT HOST STATE: smscapp1;UP;HARD;1;PING OK - Packet loss = 0%, RTA = 0.29 ms
[1577730600] CURRENT HOST STATE: smscapp2;UP;HARD;1;PING OK - Packet loss = 0%, RTA = 0.34 ms
[1577730600] CURRENT HOST STATE: sservercluster1;UP;HARD;1;PING OK - Packet loss = 0%, RTA = 0.29 ms
[1577730600] CURRENT HOST STATE: sservercluster2;UP;HARD;1;PING OK - Packet loss = 0%, RTA = 0.40 ms
[1577730600] CURRENT HOST STATE: webserver1;UP;HARD;1;PING OK - Packet loss = 0%, RTA = 0.48 ms
[1577730600] CURRENT HOST STATE: webserver2;UP;HARD;1;PING OK - Packet loss = 0%, RTA = 0.05 ms
[1577730600] CURRENT HOST STATE: webservercluster1;UP;HARD;1;PING OK - Packet loss = 0%, RTA = 0.46 ms
[1577730600] CURRENT HOST STATE: webservercluster2;UP;HARD;1;PING OK - Packet loss = 0%, RTA = 0.30 ms
[1577730600] CURRENT SERVICE STATE: db1-vm2;CPU Load;OK;HARD;1;OK - load average: 0.46, 0.57, 0.68
[1577730600] CURRENT SERVICE STATE: db1-vm2;CPU_Procs;OK;HARD;1;CPU OK: 461 processes
[1577730600] CURRENT SERVICE STATE: db1-vm2;Current Users;OK;HARD;1;USERS OK - 0 users currently logged in
[1577730600] CURRENT SERVICE STATE: db1-vm2;HDD_Home status;OK;HARD;1;DISK OK - free space: /home 26987 MB (67% inode=99%):
[1577730600] CURRENT SERVICE STATE: db1-vm2;HDD_Root status;OK;HARD;1;DISK OK - free space: / 45029 MB (87% inode=99%):
[1577730600] CURRENT SERVICE STATE: db1-vm2;Memory;OK;HARD;1;OK - 91.9% (22681352 kB) free.
[1577730600] CURRENT SERVICE STATE: db1-vm2;OutOfMemory-killer--oom-killer;OK;HARD;1;Log check ok - 0 pattern matches found
[1577730600] CURRENT SERVICE STATE: db1-vm2;PING;OK;HARD;1;PING OK - Packet loss = 0%, RTA = 0.07 ms
[1577730600] CURRENT SERVICE STATE: db1-vm2;Total Processes;OK;HARD;1;PROCS OK: 461 processes
[1577730600] CURRENT SERVICE STATE: db2;CPU Load;OK;HARD;1;OK - load average: 0.01, 0.02, 0.07
[1577730600] CURRENT SERVICE STATE: db2;CPU_Procs;OK;HARD;1;CPU OK: 329 processes
[1577730600] CURRENT SERVICE STATE: db2;Current Users;OK;HARD;1;USERS OK - 2 users currently logged in
[1577730600] CURRENT SERVICE STATE: db2;HDD_Home status;OK;HARD;1;DISK OK - free space: /home 90216 MB (40% inode=99%):
[1577730600] CURRENT SERVICE STATE: db2;HDD_Root status;OK;HARD;1;DISK OK - free space: / 44471 MB (86% inode=99%):
[1577730600] CURRENT SERVICE STATE: db2;LocalService-NTPD SERVICE;OK;HARD;1;PROCS OK: 1 process with command name 'ntpd'
[1577730600] CURRENT SERVICE STATE: db2;Mariadb status;OK;HARD;1;PROCS OK: 1 process with command name 'mysqld'
[1577730600] CURRENT SERVICE STATE: db2;Memory;OK;HARD;1;OK - 44.5% (21938480 kB) free.
[1577730600] CURRENT SERVICE STATE: db2;Sensors Status;OK;HARD;1;SENSORS OK
[1577730600] CURRENT SERVICE STATE: db2;Total Processes;OK;HARD;1;PROCS OK: 329 processes
[1577730600] CURRENT SERVICE STATE: primary-server;CPU Load;OK;HARD;1;OK - load average: 0.00, 0.03, 0.08
[1577730600] CURRENT SERVICE STATE: primary-server;CPU_Procs;OK;HARD;1;CPU OK: 347 processes
[1577730600] CURRENT SERVICE STATE: primary-server;Current Users;OK;HARD;1;USERS OK - 3 users currently logged in
[1577730600] CURRENT SERVICE STATE: primary-server;HDD_Home status;OK;HARD;1;DISK OK - free space: /home 99932 MB (44% inode=99%):
[1577730600] CURRENT SERVICE STATE: primary-server;HDD_Root status;OK;HARD;1;DISK OK - free space: / 30064 MB (58% inode=99%):
[1577730600] CURRENT SERVICE STATE: primary-server;LocalService-NTPD SERVICE;OK;HARD;1;PROCS OK: 1 process with command name 'ntpd'
[1577730600] CURRENT SERVICE STATE: primary-server;Memory;OK;HARD;1;OK - 81.3% (19927260 kB) free.
[1577730600] CURRENT SERVICE STATE: primary-server;Nginx Access Log Status;OK;HARD;1;Log check ok - 0 pattern matches found
[1577730600] CURRENT SERVICE STATE: primary-server;Nginx Error Log Status;CRITICAL;HARD;3;(9) < 2019/12/30 23:51:19 [error] 20753#0: *21283773 connect() failed (111: Connection refused) while connecting to upstream, client: 103.255.146.164, server: 0.0.0.0:3000, upstream: "10.147.212.143:3000", bytes from/to client:0/0, bytes from/to upstream:0/0
[1577730600] CURRENT SERVICE STATE: primary-server;Nginx Status;OK;HARD;1;NGINX OK -  0.086 sec. response time, Active: 0 (Writing: 0 Reading: 0 Waiting: 0) ReqPerSec: 0.000 ConnPerSec: 0.000 ReqPerConn: 0.000
[1577730600] CURRENT SERVICE STATE: primary-server;Sensors Status;OK;HARD;1;SENSORS OK
[1577730600] CURRENT SERVICE STATE: primary-server;Total Processes;OK;HARD;1;PROCS OK: 345 processes
[1577730600] CURRENT SERVICE STATE: pservercluster1;CPU Load;OK;HARD;1;OK - load average: 0.66, 0.67, 0.72
[1577730600] CURRENT SERVICE STATE: pservercluster1;CPU_Procs;OK;HARD;1;CPU OK: 351 processes
[1577730600] CURRENT SERVICE STATE: pservercluster1;Current Users;OK;HARD;1;USERS OK - 5 users currently logged in
[1577730600] CURRENT SERVICE STATE: pservercluster1;HDD_Home status;OK;HARD;1;DISK OK - free space: /home 182109 MB (82% inode=99%):
[1577730600] CURRENT SERVICE STATE: pservercluster1;HDD_Root status;OK;HARD;1;DISK OK - free space: / 39519 MB (77% inode=99%):
[1577730600] CURRENT SERVICE STATE: pservercluster1;LocalService-NTPD SERVICE;OK;HARD;1;PROCS OK: 1 process with command name 'ntpd'
[1577730600] CURRENT SERVICE STATE: pservercluster1;Memory;OK;HARD;1;OK - 89.6% (22099444 kB) free.
[1577730600] CURRENT SERVICE STATE: pservercluster1;Sensors Status;OK;HARD;1;SENSORS OK
[1577730600] CURRENT SERVICE STATE: pservercluster1;Total Processes;OK;HARD;1;PROCS OK: 354 processes
[1577730600] CURRENT SERVICE STATE: pservercluster2;CPU Load;OK;HARD;1;OK - load average: 1.04, 0.83, 0.74
[1577730600] CURRENT SERVICE STATE: pservercluster2;CPU_Procs;OK;HARD;1;CPU OK: 344 processes
[1577730600] CURRENT SERVICE STATE: pservercluster2;Current Users;OK;HARD;1;USERS OK - 3 users currently logged in
[1577730600] CURRENT SERVICE STATE: pservercluster2;HDD_Home status;OK;HARD;1;DISK OK - free space: /home 149789 MB (66% inode=99%):
[1577730600] CURRENT SERVICE STATE: pservercluster2;HDD_Root status;OK;HARD;1;DISK OK - free space: / 37456 MB (73% inode=98%):
[1577730600] CURRENT SERVICE STATE: pservercluster2;LocalService-NTPD SERVICE;OK;HARD;1;PROCS OK: 1 process with command name 'ntpd'
[1577730600] CURRENT SERVICE STATE: pservercluster2;Memory;OK;HARD;1;OK - 76.8% (18822532 kB) free.
[1577730600] CURRENT SERVICE STATE: pservercluster2;Sensors Status;OK;HARD;1;SENSORS OK
[1577730600] CURRENT SERVICE STATE: pservercluster2;Total Processes;OK;HARD;1;PROCS OK: 345 processes
[1577730600] CURRENT SERVICE STATE: qservercluster1;CPU Load;OK;HARD;1;OK - load average: 5.40, 5.07, 5.71
[1577730600] CURRENT SERVICE STATE: qservercluster1;CPU_Procs;OK;HARD;1;CPU OK: 331 processes
[1577730600] CURRENT SERVICE STATE: qservercluster1;Current Users;OK;HARD;1;USERS OK - 1 users currently logged in
[1577730600] CURRENT SERVICE STATE: qservercluster1;HDD_Home status;OK;HARD;1;DISK OK - free space: /home 224641 MB (99% inode=99%):
[1577730600] CURRENT SERVICE STATE: qservercluster1;HDD_Root status;OK;HARD;1;DISK OK - free space: / 44529 MB (87% inode=99%):
[1577730600] CURRENT SERVICE STATE: qservercluster1;LocalService-NTPD SERVICE;OK;HARD;1;PROCS OK: 1 process with command name 'ntpd'
[1577730600] CURRENT SERVICE STATE: qservercluster1;Memory;OK;HARD;1;OK - 88.8% (43749268 kB) free.
[1577730600] CURRENT SERVICE STATE: qservercluster1;Sensors Status;OK;HARD;1;SENSORS OK
[1577730600] CURRENT SERVICE STATE: qservercluster1;Total Processes;OK;HARD;1;PROCS OK: 330 processes
[1577730600] CURRENT SERVICE STATE: qservercluster2;CPU Load;OK;HARD;1;OK - load average: 3.74, 3.87, 4.13
[1577730600] CURRENT SERVICE STATE: qservercluster2;CPU_Procs;OK;HARD;1;CPU OK: 536 processes
[1577730600] CURRENT SERVICE STATE: qservercluster2;Current Users;OK;HARD;1;USERS OK - 5 users currently logged in
[1577730600] CURRENT SERVICE STATE: qservercluster2;HDD_Home status;OK;HARD;1;DISK OK - free space: /home 138033 MB (61% inode=99%):
[1577730600] CURRENT SERVICE STATE: qservercluster2;HDD_Root status;OK;HARD;1;DISK OK - free space: / 26957 MB (52% inode=98%):
[1577730600] CURRENT SERVICE STATE: qservercluster2;LocalService-NTPD SERVICE;OK;HARD;1;PROCS OK: 1 process with command name 'ntpd'
[1577730600] CURRENT SERVICE STATE: qservercluster2;Memory;WARNING;HARD;3;WARNING - 17.0% (8384228 kB) free!
[1577730600] CURRENT SERVICE STATE: qservercluster2;Sensors Status;OK;HARD;1;SENSORS OK
[1577730600] CURRENT SERVICE STATE: qservercluster2;Total Processes;OK;HARD;1;PROCS OK: 537 processes
[1577730600] CURRENT SERVICE STATE: redis-1;CPU Load;OK;HARD;1;OK - load average: 0.38, 0.38, 0.55
[1577730600] CURRENT SERVICE STATE: redis-1;CPU_Procs;OK;HARD;1;CPU OK: 402 processes
[1577730600] CURRENT SERVICE STATE: redis-1;Current Users;OK;HARD;1;USERS OK - 1 users currently logged in
[1577730600] CURRENT SERVICE STATE: redis-1;HDD_Home status;OK;HARD;1;DISK OK - free space: /home 361386 MB (96% inode=99%):
[1577730600] CURRENT SERVICE STATE: redis-1;HDD_Root status;OK;HARD;1;DISK OK - free space: / 45260 MB (88% inode=99%):
[1577730600] CURRENT SERVICE STATE: redis-1;HDD_VNS1 status;OK;HARD;1;DISK OK - free space: /vns1 276415 MB (25% inode=99%):
[1577730600] CURRENT SERVICE STATE: redis-1;LocalService-NTPD SERVICE;OK;HARD;1;PROCS OK: 1 process with command name 'ntpd'
[1577730600] CURRENT SERVICE STATE: redis-1;Memory;CRITICAL;HARD;3;CRITICAL - 10.0% (13152652 kB) free!
[1577730600] CURRENT SERVICE STATE: redis-1;Sensors Status;OK;HARD;1;SENSORS OK
[1577730600] CURRENT SERVICE STATE: redis-1;Total Processes;OK;HARD;1;PROCS OK: 401 processes
[1577730600] CURRENT SERVICE STATE: redis-2;CPU Load;OK;HARD;1;OK - load average: 0.53, 0.87, 1.05
[1577730600] CURRENT SERVICE STATE: redis-2;CPU_Procs;OK;HARD;1;CPU OK: 379 processes
[1577730600] CURRENT SERVICE STATE: redis-2;Current Users;OK;HARD;1;USERS OK - 2 users currently logged in
[1577730600] CURRENT SERVICE STATE: redis-2;HDD_Home status;OK;HARD;1;DISK OK - free space: /home 332182 MB (89% inode=99%):
[1577730600] CURRENT SERVICE STATE: redis-2;HDD_Root status;OK;HARD;1;DISK OK - free space: / 45302 MB (88% inode=99%):
[1577730600] CURRENT SERVICE STATE: redis-2;HDD_VNS1 status;OK;HARD;1;DISK OK - free space: /vns1 1069171 MB (99% inode=99%):
[1577730600] CURRENT SERVICE STATE: redis-2;LocalService-NTPD SERVICE;OK;HARD;1;PROCS OK: 1 process with command name 'ntpd'
[1577730600] CURRENT SERVICE STATE: redis-2;Memory;OK;HARD;1;OK - 46.3% (60993912 kB) free.
[1577730600] CURRENT SERVICE STATE: redis-2;Sensors Status;OK;HARD;1;SENSORS OK
[1577730600] CURRENT SERVICE STATE: redis-2;Total Processes;OK;HARD;1;PROCS OK: 379 processes
[1577730600] CURRENT SERVICE STATE: rq-1;CPU Load;OK;HARD;1;OK - load average: 17.43, 16.40, 15.68
[1577730600] CURRENT SERVICE STATE: rq-1;CPU_Procs;OK;HARD;1;CPU OK: 355 processes
[1577730600] CURRENT SERVICE STATE: rq-1;Current Users;OK;HARD;1;USERS OK - 0 users currently logged in
[1577730600] CURRENT SERVICE STATE: rq-1;HDD_Home status;OK;HARD;1;DISK OK - free space: /home 400998 MB (99% inode=99%):
[1577730600] CURRENT SERVICE STATE: rq-1;HDD_Root status;OK;HARD;1;DISK OK - free space: / 42500 MB (83% inode=99%):
[1577730600] CURRENT SERVICE STATE: rq-1;HDD_VNS1 status;OK;HARD;1;DISK OK - free space: /rq1vns1 1068147 MB (99% inode=99%):
[1577730600] CURRENT SERVICE STATE: rq-1;LocalService-NTPD SERVICE;OK;HARD;1;PROCS OK: 1 process with command name 'ntpd'
[1577730600] CURRENT SERVICE STATE: rq-1;Memory;OK;HARD;1;OK - 81.7% (107711520 kB) free.
[1577730600] CURRENT SERVICE STATE: rq-1;Total Processes;OK;HARD;1;PROCS OK: 356 processes
[1577730600] CURRENT SERVICE STATE: rq-1;rq1-rabbitmqerror;OK;HARD;1;Log check ok - 0 pattern matches found
[1577730600] CURRENT SERVICE STATE: rq-2;CPU Load;OK;HARD;1;OK - load average: 14.12, 15.04, 15.09
[1577730600] CURRENT SERVICE STATE: rq-2;CPU_Procs;OK;HARD;1;CPU OK: 385 processes
[1577730600] CURRENT SERVICE STATE: rq-2;Current Users;OK;HARD;1;USERS OK - 1 users currently logged in
[1577730600] CURRENT SERVICE STATE: rq-2;HDD_Home status;OK;HARD;1;DISK OK - free space: /home 401206 MB (99% inode=99%):
[1577730600] CURRENT SERVICE STATE: rq-2;HDD_Root status;OK;HARD;1;DISK OK - free space: / 45507 MB (88% inode=99%):
[1577730600] CURRENT SERVICE STATE: rq-2;HDD_VNS1 status;OK;HARD;1;DISK OK - free space: /dev 64349 MB (100% inode=99%):
[1577730600] CURRENT SERVICE STATE: rq-2;LocalService-NTPD SERVICE;OK;HARD;1;PROCS OK: 2 processes with command name 'ntpd'
[1577730600] CURRENT SERVICE STATE: rq-2;Memory;OK;HARD;1;OK - 92.3% (121636384 kB) free.
[1577730600] CURRENT SERVICE STATE: rq-2;Total Processes;OK;HARD;1;PROCS OK: 387 processes
[1577730600] CURRENT SERVICE STATE: rq-2;rq2-rabbitmqerror;OK;HARD;1;Log check ok - 0 pattern matches found
[1577730600] CURRENT SERVICE STATE: secondary-server;CPU Load;OK;HARD;1;OK - load average: 0.00, 0.02, 0.05
[1577730600] CURRENT SERVICE STATE: secondary-server;CPU_Procs;OK;HARD;1;CPU OK: 340 processes
[1577730600] CURRENT SERVICE STATE: secondary-server;Current Users;OK;HARD;1;USERS OK - 3 users currently logged in
[1577730600] CURRENT SERVICE STATE: secondary-server;HDD_Home status;OK;HARD;1;DISK OK - free space: /home 145227 MB (64% inode=99%):
[1577730600] CURRENT SERVICE STATE: secondary-server;HDD_Root status;OK;HARD;1;DISK OK - free space: / 37235 MB (72% inode=99%):
[1577730600] CURRENT SERVICE STATE: secondary-server;LocalService-NTPD SERVICE;OK;HARD;1;PROCS OK: 1 process with command name 'ntpd'
[1577730600] CURRENT SERVICE STATE: secondary-server;Memory Status;OK;HARD;1;OK - 38.8% (9519592 kB) free.
[1577730600] CURRENT SERVICE STATE: secondary-server;Nginx Access Log Status;OK;HARD;1;Log check ok - 0 pattern matches found
[1577730600] CURRENT SERVICE STATE: secondary-server;Nginx Error Log Status;OK;HARD;1;Log check ok - 0 pattern matches found
[1577730600] CURRENT SERVICE STATE: secondary-server;Nginx Status;OK;HARD;1;NGINX OK -  0.085 sec. response time, Active: 0 (Writing: 0 Reading: 0 Waiting: 0) ReqPerSec: 0.000 ConnPerSec: 0.000 ReqPerConn: 0.000
[1577730600] CURRENT SERVICE STATE: secondary-server;Sensors Status;OK;HARD;1;SENSORS OK
[1577730600] CURRENT SERVICE STATE: secondary-server;Total Processes;OK;HARD;1;PROCS OK: 342 processes
[1577730600] CURRENT SERVICE STATE: sig1-vm2;CPU Load;OK;HARD;1;OK - load average: 0.00, 0.02, 0.00
[1577730600] CURRENT SERVICE STATE: sig1-vm2;CPU_Procs;OK;HARD;1;CPU OK: 266 processes
[1577730600] CURRENT SERVICE STATE: sig1-vm2;Current Users;OK;HARD;1;USERS OK - 0 users currently logged in
[1577730600] CURRENT SERVICE STATE: sig1-vm2;LocalService-NTPD SERVICE;OK;HARD;1;PROCS OK: 2 processes with command name 'ntpd'
[1577730600] CURRENT SERVICE STATE: sig1-vm2;Memory;OK;HARD;1;OK - 71.7% (11710716 kB) free.
[1577730600] CURRENT SERVICE STATE: sig1-vm2;Root status;OK;HARD;1;DISK OK - free space: / 125232 MB (93% inode=97%):
[1577730600] CURRENT SERVICE STATE: sig1-vm2;Total Processes;OK;HARD;1;PROCS OK: 263 processes
[1577730600] CURRENT SERVICE STATE: sig2-vm2;CPU Load;OK;HARD;1;OK - load average: 1.00, 1.00, 0.95
[1577730600] CURRENT SERVICE STATE: sig2-vm2;CPU_Procs;OK;HARD;1;CPU OK: 458 processes
[1577730600] CURRENT SERVICE STATE: sig2-vm2;Current Users;OK;HARD;1;USERS OK - 0 users currently logged in
[1577730600] CURRENT SERVICE STATE: sig2-vm2;HDD_Root status;OK;HARD;1;DISK OK - free space: / 124726 MB (90% inode=99%):
[1577730600] CURRENT SERVICE STATE: sig2-vm2;LocalService-NTPD SERVICE;OK;HARD;1;PROCS OK: 1 process with command name 'ntpd'
[1577730600] CURRENT SERVICE STATE: sig2-vm2;Memory;OK;HARD;1;OK - 91.1% (31723672 kB) free.
[1577730600] CURRENT SERVICE STATE: sig2-vm2;Total Processes;OK;HARD;1;PROCS OK: 461 processes
[1577730600] CURRENT SERVICE STATE: sig3-vm2;CPU Load;OK;HARD;1;OK - load average: 0.00, 0.00, 0.00
[1577730600] CURRENT SERVICE STATE: sig3-vm2;CPU_Procs;OK;HARD;1;CPU OK: 549 processes
[1577730600] CURRENT SERVICE STATE: sig3-vm2;Current Users;OK;HARD;1;USERS OK - 2 users currently logged in
[1577730600] CURRENT SERVICE STATE: sig3-vm2;HDD_Root status;OK;HARD;1;DISK OK - free space: / 90294 MB (75% inode=96%):
[1577730600] CURRENT SERVICE STATE: sig3-vm2;LocalService-NTPD SERVICE;OK;HARD;1;PROCS OK: 2 processes with command name 'ntpd'
[1577730600] CURRENT SERVICE STATE: sig3-vm2;Memory;OK;HARD;1;OK - 96.1% (22654824 kB) free.
[1577730600] CURRENT SERVICE STATE: sig3-vm2;Total Processes;OK;HARD;1;PROCS OK: 550 processes
[1577730600] CURRENT SERVICE STATE: sig4-vm2;CPU Load;OK;HARD;1;OK - load average: 0.00, 0.01, 0.05
[1577730600] CURRENT SERVICE STATE: sig4-vm2;CPU_Procs;OK;HARD;1;CPU OK: 222 processes
[1577730600] CURRENT SERVICE STATE: sig4-vm2;Current Users;OK;HARD;1;USERS OK - 0 users currently logged in
[1577730600] CURRENT SERVICE STATE: sig4-vm2;HDD_Root status;OK;HARD;1;DISK OK - free space: / 99667 MB (77% inode=99%):
[1577730600] CURRENT SERVICE STATE: sig4-vm2;LocalService-NTPD SERVICE;OK;HARD;1;PROCS OK: 1 process with command name 'ntpd'
[1577730600] CURRENT SERVICE STATE: sig4-vm2;Memory;OK;HARD;1;OK - 88.7% (30905652 kB) free.
[1577730600] CURRENT SERVICE STATE: sig4-vm2;Total Processes;OK;HARD;1;PROCS OK: 221 processes
[1577730600] CURRENT SERVICE STATE: sig5-vm2;CPU Load;OK;HARD;1;OK - load average: 1.04, 1.03, 0.99
[1577730600] CURRENT SERVICE STATE: sig5-vm2;CPU_Procs;OK;HARD;1;CPU OK: 461 processes
[1577730600] CURRENT SERVICE STATE: sig5-vm2;Current Users;OK;HARD;1;USERS OK - 0 users currently logged in
[1577730600] CURRENT SERVICE STATE: sig5-vm2;HDD_Root status;OK;HARD;1;DISK OK - free space: / 232374 MB (92% inode=99%):
[1577730600] CURRENT SERVICE STATE: sig5-vm2;LocalService-NTPD SERVICE;OK;HARD;1;PROCS OK: 1 process with command name 'ntpd'
[1577730600] CURRENT SERVICE STATE: sig5-vm2;Memory;OK;HARD;1;OK - 89.6% (31395412 kB) free.
[1577730600] CURRENT SERVICE STATE: sig5-vm2;Total Processes;OK;HARD;1;PROCS OK: 461 processes
[1577730600] CURRENT SERVICE STATE: sig6-vm2;CPU Load;OK;HARD;1;OK - load average: 0.54, 0.79, 0.87
[1577730600] CURRENT SERVICE STATE: sig6-vm2;CPU_Procs;OK;HARD;1;CPU OK: 498 processes
[1577730600] CURRENT SERVICE STATE: sig6-vm2;Current Users;OK;HARD;1;USERS OK - 2 users currently logged in
[1577730600] CURRENT SERVICE STATE: sig6-vm2;HDD_Root status;OK;HARD;1;DISK OK - free space: / 180381 MB (92% inode=99%):
[1577730600] CURRENT SERVICE STATE: sig6-vm2;LocalService-NTPD SERVICE;OK;HARD;1;PROCS OK: 1 process with command name 'ntpd'
[1577730600] CURRENT SERVICE STATE: sig6-vm2;Memory;OK;HARD;1;OK - 74.5% (16736244 kB) free.
[1577730600] CURRENT SERVICE STATE: sig6-vm2;OutOfMemory-killer--oom-killer;OK;HARD;1;Log check ok - 0 pattern matches found
[1577730600] CURRENT SERVICE STATE: sig6-vm2;Total Processes;OK;HARD;1;PROCS OK: 498 processes
[1577730600] CURRENT SERVICE STATE: sigqscluster1;CPU Load;OK;HARD;1;OK - load average: 0.96, 0.89, 0.73
[1577730600] CURRENT SERVICE STATE: sigqscluster1;CPU_Procs;OK;HARD;1;CPU OK: 357 processes
[1577730600] CURRENT SERVICE STATE: sigqscluster1;Current Users;OK;HARD;1;USERS OK - 8 users currently logged in
[1577730600] CURRENT SERVICE STATE: sigqscluster1;HDD_Home status;OK;HARD;1;DISK OK - free space: /home 224102 MB (99% inode=99%):
[1577730600] CURRENT SERVICE STATE: sigqscluster1;HDD_Root status;OK;HARD;1;DISK OK - free space: / 40051 MB (78% inode=99%):
[1577730600] CURRENT SERVICE STATE: sigqscluster1;LocalService-NTPD SERVICE;OK;HARD;1;PROCS OK: 1 process with command name 'ntpd'
[1577730600] CURRENT SERVICE STATE: sigqscluster1;Memory;OK;HARD;1;OK - 41.3% (20342848 kB) free.
[1577730600] CURRENT SERVICE STATE: sigqscluster1;Sensors Status;OK;HARD;1;SENSORS OK
[1577730600] CURRENT SERVICE STATE: sigqscluster1;Total Processes;OK;HARD;1;PROCS OK: 357 processes
[1577730600] CURRENT SERVICE STATE: sigqscluster2;CPU Load;OK;HARD;1;OK - load average: 12.24, 11.63, 11.62
[1577730600] CURRENT SERVICE STATE: sigqscluster2;CPU_Procs;OK;HARD;1;CPU OK: 301 processes
[1577730600] CURRENT SERVICE STATE: sigqscluster2;Current Users;OK;HARD;1;USERS OK - 0 users currently logged in
[1577730600] CURRENT SERVICE STATE: sigqscluster2;HDD_Home status;OK;HARD;1;DISK OK - free space: /home 208589 MB (99% inode=99%):
[1577730600] CURRENT SERVICE STATE: sigqscluster2;HDD_Root status;OK;HARD;1;DISK OK - free space: / 45507 MB (88% inode=99%):
[1577730600] CURRENT SERVICE STATE: sigqscluster2;LocalService-NTPD SERVICE;OK;HARD;1;PROCS OK: 1 process with command name 'ntpd'
[1577730600] CURRENT SERVICE STATE: sigqscluster2;Memory;OK;HARD;1;OK - 80.3% (39570928 kB) free.
[1577730600] CURRENT SERVICE STATE: sigqscluster2;Sensors Status;OK;HARD;1;SENSORS OK
[1577730600] CURRENT SERVICE STATE: sigqscluster2;Total Processes;OK;HARD;1;PROCS OK: 303 processes
[1577730600] CURRENT SERVICE STATE: sigqscluster2;sigqscluster2-rabbitmqerror;OK;HARD;1;Log check ok - 0 pattern matches found
[1577730600] CURRENT SERVICE STATE: smscapp1;CPU Load;OK;HARD;1;OK - load average: 3.60, 3.22, 2.91
[1577730600] CURRENT SERVICE STATE: smscapp1;CPU_Procs;OK;HARD;1;CPU OK: 629 processes
[1577730600] CURRENT SERVICE STATE: smscapp1;Current Users;OK;HARD;1;USERS OK - 3 users currently logged in
[1577730600] CURRENT SERVICE STATE: smscapp1;HDD_Home status;OK;HARD;1;DISK OK - free space: /home 132006 MB (58% inode=99%):
[1577730600] CURRENT SERVICE STATE: smscapp1;HDD_Root status;OK;HARD;1;DISK OK - free space: / 39054 MB (76% inode=98%):
[1577730600] CURRENT SERVICE STATE: smscapp1;LocalService-NTPD SERVICE;OK;HARD;1;PROCS OK: 1 process with command name 'ntpd'
[1577730600] CURRENT SERVICE STATE: smscapp1;Memory;OK;HARD;1;OK - 43.3% (21353584 kB) free.
[1577730600] CURRENT SERVICE STATE: smscapp1;Sensors Status;OK;HARD;1;SENSORS OK
[1577730600] CURRENT SERVICE STATE: smscapp1;Total Processes;OK;HARD;1;PROCS OK: 629 processes
[1577730600] CURRENT SERVICE STATE: smscapp2;CPU Load;OK;HARD;1;OK - load average: 3.85, 3.55, 3.76
[1577730600] CURRENT SERVICE STATE: smscapp2;CPU_Procs;OK;HARD;1;CPU OK: 2125 processes
[1577730600] CURRENT SERVICE STATE: smscapp2;Current Users;OK;HARD;1;USERS OK - 0 users currently logged in
[1577730600] CURRENT SERVICE STATE: smscapp2;HDD_Home status;OK;HARD;1;DISK OK - free space: /home 150348 MB (66% inode=99%):
[1577730600] CURRENT SERVICE STATE: smscapp2;HDD_Root status;OK;HARD;1;DISK OK - free space: / 38759 MB (75% inode=98%):
[1577730600] CURRENT SERVICE STATE: smscapp2;LocalService-NTPD SERVICE;OK;HARD;1;PROCS OK: 1 process with command name 'ntpd'
[1577730600] CURRENT SERVICE STATE: smscapp2;Memory;OK;HARD;1;OK - 55.2% (27212596 kB) free.
[1577730600] CURRENT SERVICE STATE: smscapp2;Sensors Status;OK;HARD;1;SENSORS OK
[1577730600] CURRENT SERVICE STATE: smscapp2;Total Processes;OK;HARD;1;PROCS OK: 2126 processes
[1577730600] CURRENT SERVICE STATE: sservercluster1;CPU Load;OK;HARD;1;OK - load average: 1.06, 1.19, 1.20
[1577730600] CURRENT SERVICE STATE: sservercluster1;CPU_Procs;OK;HARD;1;CPU OK: 321 processes
[1577730600] CURRENT SERVICE STATE: sservercluster1;Current Users;OK;HARD;1;USERS OK - 3 users currently logged in
[1577730600] CURRENT SERVICE STATE: sservercluster1;HDD_Home status;OK;HARD;1;DISK OK - free space: /home 161071 MB (72% inode=99%):
[1577730600] CURRENT SERVICE STATE: sservercluster1;HDD_Root status;OK;HARD;1;DISK OK - free space: / 40517 MB (79% inode=99%):
[1577730600] CURRENT SERVICE STATE: sservercluster1;LocalService-NTPD SERVICE;OK;HARD;1;PROCS OK: 1 process with command name 'ntpd'
[1577730600] CURRENT SERVICE STATE: sservercluster1;Memory;OK;HARD;1;OK - 93.1% (22823984 kB) free.
[1577730600] CURRENT SERVICE STATE: sservercluster1;Sensors Status;OK;HARD;1;SENSORS OK
[1577730600] CURRENT SERVICE STATE: sservercluster1;Total Processes;OK;HARD;1;PROCS OK: 314 processes
[1577730600] CURRENT SERVICE STATE: sservercluster2;CPU Load;OK;HARD;1;OK - load average: 0.88, 0.82, 0.77
[1577730600] CURRENT SERVICE STATE: sservercluster2;CPU_Procs;OK;HARD;1;CPU OK: 334 processes
[1577730600] CURRENT SERVICE STATE: sservercluster2;Current Users;OK;HARD;1;USERS OK - 5 users currently logged in
[1577730600] CURRENT SERVICE STATE: sservercluster2;HDD_Home status;OK;HARD;1;DISK OK - free space: /home 183475 MB (83% inode=99%):
[1577730600] CURRENT SERVICE STATE: sservercluster2;HDD_Root status;OK;HARD;1;DISK OK - free space: / 33235 MB (64% inode=98%):
[1577730600] CURRENT SERVICE STATE: sservercluster2;LocalService-NTPD SERVICE;OK;HARD;1;PROCS OK: 1 process with command name 'ntpd'
[1577730600] CURRENT SERVICE STATE: sservercluster2;Memory;OK;HARD;1;OK - 82.9% (20314252 kB) free.
[1577730600] CURRENT SERVICE STATE: sservercluster2;Sensors Status;OK;HARD;1;SENSORS OK
[1577730600] CURRENT SERVICE STATE: sservercluster2;Total Processes;OK;HARD;1;PROCS OK: 334 processes
[1577730600] CURRENT SERVICE STATE: webserver1;CPU Load;OK;HARD;1;OK - load average: 0.00, 0.01, 0.05
[1577730600] CURRENT SERVICE STATE: webserver1;CPU_Procs;OK;HARD;1;CPU OK: 360 processes
[1577730600] CURRENT SERVICE STATE: webserver1;Current Users;OK;HARD;1;USERS OK - 1 users currently logged in
[1577730600] CURRENT SERVICE STATE: webserver1;HDD_Home status;OK;HARD;1;DISK OK - free space: /home 224832 MB (99% inode=99%):
[1577730600] CURRENT SERVICE STATE: webserver1;HDD_Root status;OK;HARD;1;DISK OK - free space: / 40219 MB (78% inode=99%):
[1577730600] CURRENT SERVICE STATE: webserver1;LocalService-NTPD SERVICE;OK;HARD;1;PROCS OK: 1 process with command name 'ntpd'
[1577730600] CURRENT SERVICE STATE: webserver1;Memory;OK;HARD;1;OK - 84.4% (20644520 kB) free.
[1577730600] CURRENT SERVICE STATE: webserver1;Nginx_status;OK;HARD;1;NGINX OK -  0.089 sec. response time, Active: 1 (Writing: 1 Reading: 0 Waiting: 0) ReqPerSec: 0.005 ConnPerSec: 0.012 ReqPerConn: 0.963
[1577730600] CURRENT SERVICE STATE: webserver1;Sensors Status;OK;HARD;1;SENSORS OK
[1577730600] CURRENT SERVICE STATE: webserver1;Total Processes;OK;HARD;1;PROCS OK: 364 processes
[1577730600] CURRENT SERVICE STATE: webserver2;CPU_Procs;OK;HARD;1;CPU OK: 526 processes
[1577730600] CURRENT SERVICE STATE: webserver2;Current Load;OK;HARD;1;OK - load average: 0.07, 0.06, 0.05
[1577730600] CURRENT SERVICE STATE: webserver2;Current Users;OK;HARD;1;USERS OK - 41 users currently logged in
[1577730600] CURRENT SERVICE STATE: webserver2;HDD_Home status;OK;HARD;1;DISK OK - free space: /home 89864 MB (39.98% inode=100%):
[1577730600] CURRENT SERVICE STATE: webserver2;HTTP;OK;HARD;1;HTTP OK: HTTP/1.1 200 OK - 355 bytes in 0.001 second response time
[1577730600] CURRENT SERVICE STATE: webserver2;LocalService-NTPD SERVICE;OK;HARD;1;PROCS OK: 1 process with command name 'ntpd'
[1577730600] CURRENT SERVICE STATE: webserver2;Memory;OK;HARD;1;OK - 61.9% (15181760 kB) free.
[1577730600] CURRENT SERVICE STATE: webserver2;PING;OK;HARD;1;PING OK - Packet loss = 0%, RTA = 0.06 ms
[1577730600] CURRENT SERVICE STATE: webserver2;Root Partition;OK;HARD;1;DISK OK - free space: / 13278 MB (25.94% inode=99%):
[1577730600] CURRENT SERVICE STATE: webserver2;SSH;OK;HARD;1;SSH OK - OpenSSH_7.4 (protocol 2.0)
[1577730600] CURRENT SERVICE STATE: webserver2;Sensors Status;OK;HARD;1;SENSORS OK
[1577730600] CURRENT SERVICE STATE: webserver2;Total Processes;OK;HARD;1;PROCS OK: 166 processes with STATE = RSZDT
[1577730600] CURRENT SERVICE STATE: webservercluster1;CPU Load;OK;HARD;1;OK - load average: 0.03, 0.02, 0.05
[1577730600] CURRENT SERVICE STATE: webservercluster1;CPU_Procs;OK;HARD;1;CPU OK: 331 processes
[1577730600] CURRENT SERVICE STATE: webservercluster1;Current Users;OK;HARD;1;USERS OK - 3 users currently logged in
[1577730600] CURRENT SERVICE STATE: webservercluster1;HDD_Home status;OK;HARD;1;DISK OK - free space: / 20381 MB (39% inode=99%):
[1577730600] CURRENT SERVICE STATE: webservercluster1;HDD_Root status;OK;HARD;1;DISK OK - free space: /home 106904 MB (47% inode=99%):
[1577730600] CURRENT SERVICE STATE: webservercluster1;LocalService-NTPD SERVICE;OK;HARD;1;PROCS OK: 1 process with command name 'ntpd'
[1577730600] CURRENT SERVICE STATE: webservercluster1;Memory;OK;HARD;1;OK - 60.6% (9854948 kB) free.
[1577730600] CURRENT SERVICE STATE: webservercluster1;Sensors Status;OK;HARD;1;SENSORS OK
[1577730600] CURRENT SERVICE STATE: webservercluster1;Total Processes;OK;HARD;1;PROCS OK: 331 processes
[1577730600] CURRENT SERVICE STATE: webservercluster2;CPU Load;OK;HARD;1;OK - load average: 0.50, 0.67, 0.74
[1577730600] CURRENT SERVICE STATE: webservercluster2;CPU_Procs;OK;HARD;1;CPU OK: 297 processes
[1577730600] CURRENT SERVICE STATE: webservercluster2;Current Users;OK;HARD;1;USERS OK - 4 users currently logged in
[1577730600] CURRENT SERVICE STATE: webservercluster2;HDD_Home status;OK;HARD;1;DISK OK - free space: /home 221749 MB (98% inode=99%):
[1577730600] CURRENT SERVICE STATE: webservercluster2;HDD_Root status;OK;HARD;1;DISK OK - free space: / 40178 MB (78% inode=99%):
[1577730600] CURRENT SERVICE STATE: webservercluster2;LocalService-NTPD SERVICE;OK;HARD;1;PROCS OK: 1 process with command name 'ntpd'
[1577730600] CURRENT SERVICE STATE: webservercluster2;Memory;OK;HARD;1;OK - 48.5% (7884288 kB) free.
[1577730600] CURRENT SERVICE STATE: webservercluster2;Sensors Status;OK;HARD;1;SENSORS OK
[1577730600] CURRENT SERVICE STATE: webservercluster2;Total Processes;OK;HARD;1;PROCS OK: 297 processes
[1577730750] SERVICE NOTIFICATION: nagiosadmin;primary-server;Nginx Error Log Status;CRITICAL;notify-service-by-email;(18) < 2019/12/31 00:01:19 [error] 20755#0: *21285424 connect() failed (111: Connection refused) while connecting to upstream, client: 103.255.146.164, server: 0.0.0.0:3000, upstream: "10.147.212.154:3000", bytes from/to client:0/0, bytes from/to upstream:0/0
[1577731070] SERVICE NOTIFICATION: nagiosadmin;redis-1;Memory;WARNING;notify-service-by-email;WARNING - 15.3% (20106816 kB) free!
[1577731070] SERVICE ALERT: redis-1;Memory;WARNING;HARD;3;WARNING - 15.3% (20106816 kB) free!
[1577731106] SERVICE ALERT: pservercluster1;Memory;CRITICAL;SOFT;1;CRITICAL - 0.8% (195036 kB) free!
[1577731226] SERVICE ALERT: pservercluster1;Memory;CRITICAL;SOFT;2;CRITICAL - 0.7% (184700 kB) free!
[1577731288] SERVICE ALERT: pservercluster2;Memory;CRITICAL;SOFT;1;CRITICAL - 0.8% (189080 kB) free!
[1577731347] SERVICE NOTIFICATION: nagiosadmin;pservercluster1;Memory;CRITICAL;notify-service-by-email;CRITICAL - 0.8% (187688 kB) free!
[1577731347] SERVICE ALERT: pservercluster1;Memory;CRITICAL;HARD;3;CRITICAL - 0.8% (187688 kB) free!
[1577731350] SERVICE NOTIFICATION: nagiosadmin;primary-server;Nginx Error Log Status;OK;notify-service-by-email;Log check ok - 0 pattern matches found
[1577731350] SERVICE ALERT: primary-server;Nginx Error Log Status;OK;HARD;1;Log check ok - 0 pattern matches found
[1577731375] SERVICE ALERT: sservercluster2;Memory;CRITICAL;SOFT;1;CRITICAL - 4.9% (1209324 kB) free!
[1577731408] SERVICE ALERT: pservercluster2;Memory;CRITICAL;SOFT;2;CRITICAL - 0.8% (193560 kB) free!
[1577731495] SERVICE ALERT: sservercluster2;Memory;CRITICAL;SOFT;2;CRITICAL - 4.9% (1197532 kB) free!
[1577731528] SERVICE NOTIFICATION: nagiosadmin;pservercluster2;Memory;CRITICAL;notify-service-by-email;CRITICAL - 0.8% (184944 kB) free!
[1577731528] SERVICE ALERT: pservercluster2;Memory;CRITICAL;HARD;3;CRITICAL - 0.8% (184944 kB) free!
[1577731546] SERVICE ALERT: sservercluster1;Memory;CRITICAL;SOFT;1;CRITICAL - 0.8% (187836 kB) free!
[1577731615] SERVICE NOTIFICATION: nagiosadmin;sservercluster2;Memory;CRITICAL;notify-service-by-email;CRITICAL - 4.9% (1191500 kB) free!
[1577731615] SERVICE ALERT: sservercluster2;Memory;CRITICAL;HARD;3;CRITICAL - 4.9% (1191500 kB) free!
[1577731667] SERVICE ALERT: sservercluster1;Memory;CRITICAL;SOFT;2;CRITICAL - 0.7% (170992 kB) free!
[1577731787] SERVICE NOTIFICATION: nagiosadmin;sservercluster1;Memory;CRITICAL;notify-service-by-email;CRITICAL - 0.8% (192648 kB) free!
[1577731787] SERVICE ALERT: sservercluster1;Memory;CRITICAL;HARD;3;CRITICAL - 0.8% (192648 kB) free!
[1577731797] SERVICE NOTIFICATION: nagiosadmin;qservercluster2;Memory;WARNING;notify-service-by-email;WARNING - 16.8% (8294956 kB) free!
[1577731950] SERVICE ALERT: primary-server;Nginx Error Log Status;CRITICAL;SOFT;1;(15) < 2019/12/31 00:21:19 [error] 20757#0: *21288693 connect() failed (111: Connection refused) while connecting to upstream, client: 103.255.146.164, server: 0.0.0.0:3000, upstream: "10.147.212.143:3000", bytes from/to client:0/0, bytes from/to upstream:0/0
[1577732070] SERVICE ALERT: primary-server;Nginx Error Log Status;OK;HARD;1;Log check ok - 0 pattern matches found
[1577732294] Auto-save of retention data completed successfully.
[1577732671] SERVICE ALERT: primary-server;Nginx Error Log Status;CRITICAL;SOFT;1;(12) < 2019/12/31 00:31:41 [error] 20752#0: *21290414 connect() failed (111: Connection refused) while connecting to upstream, client: 183.82.105.122, server: 0.0.0.0:3000, upstream: "10.147.212.154:3000", bytes from/to client:0/0, bytes from/to upstream:0/0
[1577732791] SERVICE ALERT: primary-server;Nginx Error Log Status;OK;HARD;1;Log check ok - 0 pattern matches found
[1577733148] SERVICE NOTIFICATION: nagiosadmin;pservercluster1;Memory;OK;notify-service-by-email;OK - 53.3% (13144596 kB) free.
[1577733148] SERVICE ALERT: pservercluster1;Memory;OK;HARD;1;OK - 53.3% (13144596 kB) free.
[1577733391] SERVICE ALERT: primary-server;Nginx Error Log Status;CRITICAL;SOFT;1;(9) < 2019/12/31 00:45:38 [error] 20757#0: *21292666 connect() failed (111: Connection refused) while connecting to upstream, client: 103.255.146.164, server: 0.0.0.0:3000, upstream: "10.147.212.155:3000", bytes from/to client:0/0, bytes from/to upstream:0/0
[1577733511] SERVICE ALERT: primary-server;Nginx Error Log Status;CRITICAL;SOFT;2;(3) < 2019/12/31 00:46:41 [error] 20756#0: *21292855 connect() failed (111: Connection refused) while connecting to upstream, client: 183.82.105.122, server: 0.0.0.0:3000, upstream: "10.147.212.154:3000", bytes from/to client:0/0, bytes from/to upstream:0/0
[1577733631] SERVICE ALERT: primary-server;Nginx Error Log Status;OK;HARD;1;Log check ok - 0 pattern matches found
[1577734231] SERVICE ALERT: primary-server;Nginx Error Log Status;CRITICAL;SOFT;1;(9) < 2019/12/31 00:57:57 [error] 20757#0: *21294685 connect() failed (111: Connection refused) while connecting to upstream, client: 183.82.105.122, server: 0.0.0.0:3000, upstream: "10.147.212.155:3000", bytes from/to client:0/0, bytes from/to upstream:0/0
[1577734351] SERVICE ALERT: primary-server;Nginx Error Log Status;CRITICAL;SOFT;2;(3) < 2019/12/31 01:00:38 [error] 20757#0: *21295119 connect() failed (111: Connection refused) while connecting to upstream, client: 103.255.146.164, server: 0.0.0.0:3000, upstream: "10.147.212.143:3000", bytes from/to client:0/0, bytes from/to upstream:0/0
[1577734472] SERVICE ALERT: primary-server;Nginx Error Log Status;OK;HARD;1;Log check ok - 0 pattern matches found
[1577734670] SERVICE NOTIFICATION: nagiosadmin;redis-1;Memory;WARNING;notify-service-by-email;WARNING - 16.3% (21496856 kB) free!
[1577734948] SERVICE ALERT: pservercluster1;Memory;CRITICAL;SOFT;1;CRITICAL - 7.8% (1933128 kB) free!
[1577735068] SERVICE ALERT: pservercluster1;Memory;CRITICAL;SOFT;2;CRITICAL - 2.8% (687352 kB) free!
[1577735071] SERVICE ALERT: primary-server;Nginx Error Log Status;CRITICAL;SOFT;1;(6) < 2019/12/31 01:11:41 [error] 20757#0: *21296916 connect() failed (111: Connection refused) while connecting to upstream, client: 183.82.105.122, server: 0.0.0.0:3000, upstream: "10.147.212.155:3000", bytes from/to client:0/0, bytes from/to upstream:0/0
[1577735128] SERVICE NOTIFICATION: nagiosadmin;pservercluster2;Memory;CRITICAL;notify-service-by-email;CRITICAL - 0.7% (178432 kB) free!
[1577735188] SERVICE FLAPPING ALERT: pservercluster1;Memory;STARTED; Service appears to have started flapping (22.8% change >= 20.0% threshold)
[1577735188] SERVICE ALERT: pservercluster1;Memory;CRITICAL;HARD;3;CRITICAL - 0.7% (182824 kB) free!
[1577735191] SERVICE ALERT: primary-server;Nginx Error Log Status;CRITICAL;SOFT;2;(6) < 2019/12/31 01:15:42 [error] 20754#0: *21297581 connect() failed (111: Connection refused) while connecting to upstream, client: 103.255.146.164, server: 0.0.0.0:3000, upstream: "10.147.212.154:3000", bytes from/to client:0/0, bytes from/to upstream:0/0
[1577735215] SERVICE NOTIFICATION: nagiosadmin;sservercluster2;Memory;CRITICAL;notify-service-by-email;CRITICAL - 3.6% (888708 kB) free!
[1577735311] SERVICE FLAPPING ALERT: primary-server;Nginx Error Log Status;STARTED; Service appears to have started flapping (20.4% change >= 20.0% threshold)
[1577735311] SERVICE ALERT: primary-server;Nginx Error Log Status;CRITICAL;HARD;3;(3) < 2019/12/31 01:17:57 [error] 20757#0: *21297949 connect() failed (111: Connection refused) while connecting to upstream, client: 183.82.105.122, server: 0.0.0.0:3000, upstream: "10.147.212.155:3000", bytes from/to client:0/0, bytes from/to upstream:0/0
[1577735387] SERVICE NOTIFICATION: nagiosadmin;sservercluster1;Memory;CRITICAL;notify-service-by-email;CRITICAL - 0.8% (197100 kB) free!
[1577735397] SERVICE NOTIFICATION: nagiosadmin;qservercluster2;Memory;WARNING;notify-service-by-email;WARNING - 16.1% (7954172 kB) free!
[1577735530] SERVICE ALERT: sigqscluster1;Memory;WARNING;SOFT;1;WARNING - 19.0% (9384776 kB) free!
[1577735650] SERVICE ALERT: sigqscluster1;Memory;WARNING;SOFT;2;WARNING - 19.1% (9390556 kB) free!
[1577735770] SERVICE NOTIFICATION: nagiosadmin;sigqscluster1;Memory;WARNING;notify-service-by-email;WARNING - 18.8% (9281148 kB) free!
[1577735770] SERVICE ALERT: sigqscluster1;Memory;WARNING;HARD;3;WARNING - 18.8% (9281148 kB) free!
[1577735894] Auto-save of retention data completed successfully.
[1577737187] SERVICE FLAPPING ALERT: sservercluster1;Memory;STARTED; Service appears to have started flapping (20.1% change >= 20.0% threshold)
[1577737187] SERVICE ALERT: sservercluster1;Memory;OK;HARD;1;OK - 42.4% (10392560 kB) free.
[1577737826] EXTERNAL COMMAND: SCHEDULE_FORCED_SVC_CHECK;pservercluster1;Memory;1577737822
[1577737826] SERVICE ALERT: pservercluster1;Memory;OK;HARD;1;OK - 92.3% (22765692 kB) free.
[1577737831] EXTERNAL COMMAND: SCHEDULE_FORCED_SVC_CHECK;pservercluster1;Memory;1577737829
[1577737835] EXTERNAL COMMAND: SCHEDULE_FORCED_SVC_CHECK;pservercluster1;Memory;1577737834
[1577737871] EXTERNAL COMMAND: SCHEDULE_FORCED_HOST_CHECK;sservercluster2;1577737869
[1577737874] EXTERNAL COMMAND: SCHEDULE_FORCED_HOST_CHECK;sservercluster2;1577737873
[1577737890] EXTERNAL COMMAND: SCHEDULE_FORCED_SVC_CHECK;sservercluster2;Memory;1577737889
[1577737890] SERVICE NOTIFICATION: nagiosadmin;sservercluster2;Memory;OK;notify-service-by-email;OK - 91.6% (22458040 kB) free.
[1577737890] SERVICE ALERT: sservercluster2;Memory;OK;HARD;1;OK - 91.6% (22458040 kB) free.
[1577737895] EXTERNAL COMMAND: SCHEDULE_FORCED_SVC_CHECK;sservercluster2;Memory;1577737893
[1577737955] EXTERNAL COMMAND: SCHEDULE_FORCED_SVC_CHECK;pservercluster2;Memory;1577737954
[1577737956] SERVICE NOTIFICATION: nagiosadmin;pservercluster2;Memory;OK;notify-service-by-email;OK - 93.8% (22979220 kB) free.
[1577737956] SERVICE ALERT: pservercluster2;Memory;OK;HARD;1;OK - 93.8% (22979220 kB) free.
[1577737959] EXTERNAL COMMAND: SCHEDULE_FORCED_SVC_CHECK;pservercluster2;Memory;1577737958
[1577737965] EXTERNAL COMMAND: SCHEDULE_FORCED_SVC_CHECK;pservercluster2;Memory;1577737963
[1577737998] EXTERNAL COMMAND: SCHEDULE_FORCED_SVC_CHECK;primary-server;Nginx Error Log Status;1577737997
[1577738003] EXTERNAL COMMAND: SCHEDULE_FORCED_SVC_CHECK;primary-server;Nginx Error Log Status;1577738001
[1577738003] SERVICE ALERT: primary-server;Nginx Error Log Status;OK;HARD;1;Log check ok - 0 pattern matches found
[1577738007] EXTERNAL COMMAND: SCHEDULE_FORCED_SVC_CHECK;primary-server;Nginx Error Log Status;1577738005
[1577738270] SERVICE NOTIFICATION: nagiosadmin;redis-1;Memory;WARNING;notify-service-by-email;WARNING - 16.8% (22132568 kB) free!
[1577738607] SERVICE ALERT: primary-server;Nginx Error Log Status;CRITICAL;SOFT;1;(3) < 2019/12/31 02:11:41 [error] 20757#0: *21305688 connect() failed (111: Connection refused) while connecting to upstream, client: 183.82.105.122, server: 0.0.0.0:3000, upstream: "10.147.212.155:3000", bytes from/to client:0/0, bytes from/to upstream:0/0
[1577738727] SERVICE ALERT: primary-server;Nginx Error Log Status;OK;HARD;1;Log check ok - 0 pattern matches found
[1577738997] SERVICE NOTIFICATION: nagiosadmin;qservercluster2;Memory;WARNING;notify-service-by-email;WARNING - 15.6% (7697876 kB) free!
[1577739035] SERVICE ALERT: pservercluster1;Memory;CRITICAL;SOFT;1;CRITICAL - 0.8% (198064 kB) free!
[1577739155] SERVICE ALERT: pservercluster1;Memory;CRITICAL;SOFT;2;CRITICAL - 0.8% (195356 kB) free!
[1577739275] SERVICE ALERT: pservercluster1;Memory;CRITICAL;HARD;3;CRITICAL - 0.8% (188580 kB) free!
[1577739307] SERVICE ALERT: smscapp1;Memory;CRITICAL;SOFT;1;CRITICAL - 0.5% (233652 kB) free!
[1577739328] SERVICE ALERT: primary-server;Nginx Error Log Status;CRITICAL;SOFT;1;(15) < 2019/12/31 02:22:57 [error] 20757#0: *21307523 connect() failed (111: Connection refused) while connecting to upstream, client: 183.82.105.122, server: 0.0.0.0:3000, upstream: "10.147.212.155:3000", bytes from/to client:0/0, bytes from/to upstream:0/0
[1577739370] SERVICE NOTIFICATION: nagiosadmin;sigqscluster1;Memory;WARNING;notify-service-by-email;WARNING - 18.2% (8959744 kB) free!
[1577739427] SERVICE ALERT: smscapp1;Memory;CRITICAL;SOFT;2;CRITICAL - 0.4% (217924 kB) free!
[1577739448] SERVICE ALERT: primary-server;Nginx Error Log Status;OK;HARD;1;Log check ok - 0 pattern matches found
[1577739494] Auto-save of retention data completed successfully.
[1577739547] SERVICE NOTIFICATION: nagiosadmin;smscapp1;Memory;CRITICAL;notify-service-by-email;CRITICAL - 0.4% (212216 kB) free!
[1577739547] SERVICE ALERT: smscapp1;Memory;CRITICAL;HARD;3;CRITICAL - 0.4% (212216 kB) free!
[1577739597] SERVICE NOTIFICATION: nagiosadmin;qservercluster2;Memory;OK;notify-service-by-email;OK - 67.7% (33382388 kB) free.
[1577739597] SERVICE ALERT: qservercluster2;Memory;OK;HARD;1;OK - 67.7% (33382388 kB) free.
[1577740048] SERVICE ALERT: primary-server;Nginx Error Log Status;CRITICAL;SOFT;1;(12) < 2019/12/31 02:36:41 [error] 20751#0: *21309789 connect() failed (111: Connection refused) while connecting to upstream, client: 183.82.105.122, server: 0.0.0.0:3000, upstream: "10.147.212.155:3000", bytes from/to client:0/0, bytes from/to upstream:0/0
[1577740147] SERVICE NOTIFICATION: nagiosadmin;smscapp1;Memory;OK;notify-service-by-email;OK - 82.8% (40801436 kB) free.
[1577740147] SERVICE ALERT: smscapp1;Memory;OK;HARD;1;OK - 82.8% (40801436 kB) free.
[1577740168] SERVICE ALERT: primary-server;Nginx Error Log Status;OK;HARD;1;Log check ok - 0 pattern matches found
[1577740768] SERVICE ALERT: primary-server;Nginx Error Log Status;CRITICAL;SOFT;1;(12) < 2019/12/31 02:46:41 [error] 20753#0: *21311410 connect() failed (111: Connection refused) while connecting to upstream, client: 183.82.105.122, server: 0.0.0.0:3000, upstream: "10.147.212.143:3000", bytes from/to client:0/0, bytes from/to upstream:0/0
[1577740888] SERVICE ALERT: primary-server;Nginx Error Log Status;OK;HARD;1;Log check ok - 0 pattern matches found
[1577741488] SERVICE ALERT: primary-server;Nginx Error Log Status;CRITICAL;SOFT;1;(12) < 2019/12/31 03:01:19 [error] 20752#0: *21313794 connect() failed (111: Connection refused) while connecting to upstream, client: 103.255.146.164, server: 0.0.0.0:3000, upstream: "10.147.212.154:3000", bytes from/to client:0/0, bytes from/to upstream:0/0
[1577741609] SERVICE ALERT: primary-server;Nginx Error Log Status;OK;HARD;1;Log check ok - 0 pattern matches found
[1577741870] SERVICE NOTIFICATION: nagiosadmin;redis-1;Memory;WARNING;notify-service-by-email;WARNING - 16.7% (22045640 kB) free!
[1577742208] SERVICE ALERT: primary-server;Nginx Error Log Status;CRITICAL;SOFT;1;(2047) < 2019/12/31 03:12:58 [error] 20752#0: *21317020 recv() failed (104: Connection reset by peer) while proxying connection, client: 203.212.70.170, server: 0.0.0.0:3001, upstream: "10.147.212.142:3001", bytes from/to client:117/0, bytes from/to upstream:0/117
[1577742216] SERVICE ALERT: secondary-server;Nginx Access Log Status;CRITICAL;SOFT;1;(40) < 49.50.86.152 [31/Dec/2019:03:10:17 +0530] TCP 502 0 0 0.000 "backend3" "0" "0" "0.000"
[1577742283] SERVICE ALERT: secondary-server;Nginx Error Log Status;CRITICAL;SOFT;1;(47) < 2019/12/31 03:10:41 [error] 28863#0: *29977272 recv() failed (104: Connection reset by peer) while proxying connection, client: 103.16.101.72, server: 0.0.0.0:4000, upstream: "10.147.212.61:4000", bytes from/to client:45/0, bytes from/to upstream:0/45
[1577742286] SERVICE ALERT: primary-server;Nginx Access Log Status;CRITICAL;SOFT;1;(1676) < 203.212.70.170 [31/Dec/2019:03:11:32 +0530] TCP 502 0 0 0.000 "backend_3001" "0" "0" "0.000"
[1577742328] SERVICE ALERT: primary-server;Nginx Error Log Status;OK;HARD;1;Log check ok - 0 pattern matches found
[1577742338] SERVICE ALERT: secondary-server;Nginx Access Log Status;OK;HARD;1;Log check ok - 0 pattern matches found
[1577742404] SERVICE ALERT: secondary-server;Nginx Error Log Status;OK;HARD;1;Log check ok - 0 pattern matches found
[1577742406] SERVICE ALERT: primary-server;Nginx Access Log Status;OK;HARD;1;Log check ok - 0 pattern matches found
[1577742928] SERVICE ALERT: primary-server;Nginx Error Log Status;CRITICAL;SOFT;1;(13) < 2019/12/31 03:22:57 [error] 20751#0: *21320558 connect() failed (111: Connection refused) while connecting to upstream, client: 183.82.105.122, server: 0.0.0.0:3000, upstream: "10.147.212.155:3000", bytes from/to client:0/0, bytes from/to upstream:0/0
[1577742970] SERVICE NOTIFICATION: nagiosadmin;sigqscluster1;Memory;WARNING;notify-service-by-email;WARNING - 17.8% (8763332 kB) free!
[1577743048] SERVICE ALERT: primary-server;Nginx Error Log Status;CRITICAL;SOFT;2;(2) < 2019/12/31 03:26:41 [error] 20755#0: *21321180 connect() failed (111: Connection refused) while connecting to upstream, client: 183.82.105.122, server: 0.0.0.0:3000, upstream: "10.147.212.154:3000", bytes from/to client:0/0, bytes from/to upstream:0/0
[1577743094] Auto-save of retention data completed successfully.
[1577743134] SERVICE ALERT: redis-1;CPU_Procs;WARNING;SOFT;1;CPU WARNING: 1 warn out of 403 processes
[1577743168] SERVICE ALERT: primary-server;Nginx Error Log Status;OK;HARD;1;Log check ok - 0 pattern matches found
[1577743254] SERVICE ALERT: redis-1;CPU_Procs;OK;HARD;1;CPU OK: 401 processes
[1577743787] SERVICE FLAPPING ALERT: sservercluster1;Memory;STOPPED; Service appears to have stopped flapping (4.8% change < 5.0% threshold)
[1577744368] SERVICE ALERT: primary-server;Nginx Error Log Status;CRITICAL;SOFT;1;(20) < 2019/12/31 03:46:19 [error] 20747#0: *21324414 connect() failed (111: Connection refused) while connecting to upstream, client: 103.255.146.164, server: 0.0.0.0:3000, upstream: "10.147.212.155:3000", bytes from/to client:0/0, bytes from/to upstream:0/0
[1577744488] SERVICE ALERT: primary-server;Nginx Error Log Status;OK;HARD;1;Log check ok - 0 pattern matches found
[1577745088] SERVICE ALERT: primary-server;Nginx Error Log Status;CRITICAL;SOFT;1;(13) < 2019/12/31 04:00:44 [error] 20761#0: *21326777 connect() failed (111: Connection refused) while connecting to upstream, client: 103.255.146.164, server: 0.0.0.0:3000, upstream: "10.147.212.154:3000", bytes from/to client:0/0, bytes from/to upstream:0/0
[1577745208] SERVICE ALERT: primary-server;Nginx Error Log Status;CRITICAL;SOFT;2;(3) < 2019/12/31 04:01:41 [error] 20756#0: *21326933 connect() failed (111: Connection refused) while connecting to upstream, client: 183.82.105.122, server: 0.0.0.0:3000, upstream: "10.147.212.154:3000", bytes from/to client:0/0, bytes from/to upstream:0/0
[1577745328] SERVICE ALERT: primary-server;Nginx Error Log Status;OK;HARD;1;Log check ok - 0 pattern matches found
[1577745470] SERVICE NOTIFICATION: nagiosadmin;redis-1;Memory;WARNING;notify-service-by-email;WARNING - 17.0% (22461308 kB) free!
[1577745928] SERVICE ALERT: primary-server;Nginx Error Log Status;CRITICAL;SOFT;1;(3) < 2019/12/31 04:12:57 [error] 20753#0: *21328762 connect() failed (111: Connection refused) while connecting to upstream, client: 183.82.105.122, server: 0.0.0.0:3000, upstream: "10.147.212.143:3000", bytes from/to client:0/0, bytes from/to upstream:0/0
[1577746023] EXTERNAL COMMAND: SCHEDULE_FORCED_SVC_CHECK;pservercluster1;Memory;1577746022
[1577746024] SERVICE ALERT: pservercluster1;Memory;OK;HARD;1;OK - 92.5% (22817468 kB) free.
[1577746027] EXTERNAL COMMAND: SCHEDULE_FORCED_SVC_CHECK;pservercluster1;Memory;1577746026
[1577746049] SERVICE ALERT: primary-server;Nginx Error Log Status;CRITICAL;SOFT;2;(8) < 2019/12/31 04:15:45 [error] 20751#0: *21329250 connect() failed (111: Connection refused) while connecting to upstream, client: 103.255.146.164, server: 0.0.0.0:3000, upstream: "10.147.212.155:3000", bytes from/to client:0/0, bytes from/to upstream:0/0
[1577746057] EXTERNAL COMMAND: SCHEDULE_FORCED_SVC_CHECK;primary-server;Nginx Error Log Status;1577746056
[1577746058] SERVICE ALERT: primary-server;Nginx Error Log Status;OK;HARD;1;Log check ok - 0 pattern matches found
[1577746063] EXTERNAL COMMAND: SCHEDULE_FORCED_SVC_CHECK;primary-server;Nginx Error Log Status;1577746061
[1577746068] EXTERNAL COMMAND: SCHEDULE_FORCED_SVC_CHECK;primary-server;Nginx Error Log Status;1577746066
[1577746068] SERVICE FLAPPING ALERT: primary-server;Nginx Error Log Status;STOPPED; Service appears to have stopped flapping (4.4% change < 5.0% threshold)
[1577746570] SERVICE NOTIFICATION: nagiosadmin;sigqscluster1;Memory;WARNING;notify-service-by-email;WARNING - 17.6% (8656444 kB) free!
[1577746668] SERVICE ALERT: primary-server;Nginx Error Log Status;CRITICAL;SOFT;1;(7) < 2019/12/31 04:26:19 [error] 20747#0: *21330976 connect() failed (111: Connection refused) while connecting to upstream, client: 103.255.146.164, server: 0.0.0.0:3000, upstream: "10.147.212.143:3000", bytes from/to client:0/0, bytes from/to upstream:0/0
[1577746694] Auto-save of retention data completed successfully.
[1577746788] SERVICE ALERT: primary-server;Nginx Error Log Status;CRITICAL;SOFT;2;(1) < 2019/12/31 04:27:57 [error] 20747#0: *21331242 connect() failed (111: Connection refused) while connecting to upstream, client: 183.82.105.122, server: 0.0.0.0:3000, upstream: "10.147.212.155:3000", bytes from/to client:0/0, bytes from/to upstream:0/0
[1577746908] SERVICE NOTIFICATION: nagiosadmin;primary-server;Nginx Error Log Status;CRITICAL;notify-service-by-email;(10) < 2019/12/31 04:30:44 [error] 20760#0: *21331716 connect() failed (111: Connection refused) while connecting to upstream, client: 103.255.146.164, server: 0.0.0.0:3000, upstream: "10.147.212.154:3000", bytes from/to client:0/0, bytes from/to upstream:0/0
[1577746908] SERVICE ALERT: primary-server;Nginx Error Log Status;CRITICAL;HARD;3;(10) < 2019/12/31 04:30:44 [error] 20760#0: *21331716 connect() failed (111: Connection refused) while connecting to upstream, client: 103.255.146.164, server: 0.0.0.0:3000, upstream: "10.147.212.154:3000", bytes from/to client:0/0, bytes from/to upstream:0/0
[1577749071] SERVICE NOTIFICATION: nagiosadmin;redis-1;Memory;WARNING;notify-service-by-email;WARNING - 17.1% (22539400 kB) free!
[1577750170] SERVICE NOTIFICATION: nagiosadmin;sigqscluster1;Memory;WARNING;notify-service-by-email;WARNING - 17.2% (8482868 kB) free!
[1577750294] Auto-save of retention data completed successfully.
[1577750508] SERVICE NOTIFICATION: nagiosadmin;primary-server;Nginx Error Log Status;CRITICAL;notify-service-by-email;(14) < 2019/12/31 05:31:41 [error] 20747#0: *21341841 connect() failed (111: Connection refused) while connecting to upstream, client: 183.82.105.122, server: 0.0.0.0:3000, upstream: "10.147.212.143:3000", bytes from/to client:0/0, bytes from/to upstream:0/0
[1577751427] SERVICE FLAPPING ALERT: pservercluster1;Memory;STOPPED; Service appears to have stopped flapping (4.9% change < 5.0% threshold)
[1577751427] SERVICE NOTIFICATION: nagiosadmin;pservercluster1;Memory;OK;notify-service-by-email;OK - 89.7% (22141860 kB) free.
[1577752787] SERVICE ALERT: sservercluster1;Memory;CRITICAL;SOFT;1;CRITICAL - 0.8% (189104 kB) free!
[1577752907] SERVICE ALERT: sservercluster1;Memory;CRITICAL;SOFT;2;CRITICAL - 0.8% (196632 kB) free!
[1577752966] SERVICE ALERT: pservercluster2;Memory;CRITICAL;SOFT;1;CRITICAL - 0.7% (171288 kB) free!
[1577753027] SERVICE NOTIFICATION: nagiosadmin;sservercluster1;Memory;CRITICAL;notify-service-by-email;CRITICAL - 0.9% (210964 kB) free!
[1577753027] SERVICE ALERT: sservercluster1;Memory;CRITICAL;HARD;3;CRITICAL - 0.9% (210964 kB) free!
[1577753086] SERVICE ALERT: pservercluster2;Memory;OK;HARD;1;OK - 88.8% (21758212 kB) free.
[1577753201] EXTERNAL COMMAND: SCHEDULE_FORCED_SVC_CHECK;sservercluster1;Memory;1577753199
[1577753201] SERVICE NOTIFICATION: nagiosadmin;sservercluster1;Memory;OK;notify-service-by-email;OK - 93.2% (22840220 kB) free.
[1577753201] SERVICE ALERT: sservercluster1;Memory;OK;HARD;1;OK - 93.2% (22840220 kB) free.
[1577753205] EXTERNAL COMMAND: SCHEDULE_FORCED_SVC_CHECK;sservercluster1;Memory;1577753203
[1577753211] EXTERNAL COMMAND: SCHEDULE_FORCED_SVC_CHECK;sservercluster1;Memory;1577753208
[1577753270] SERVICE NOTIFICATION: nagiosadmin;redis-1;Memory;OK;notify-service-by-email;OK - 42.2% (55639880 kB) free.
[1577753270] SERVICE ALERT: redis-1;Memory;OK;HARD;1;OK - 42.2% (55639880 kB) free.
[1577753770] SERVICE NOTIFICATION: nagiosadmin;sigqscluster1;Memory;WARNING;notify-service-by-email;WARNING - 17.1% (8404284 kB) free!
[1577753894] Auto-save of retention data completed successfully.
[1577754108] SERVICE NOTIFICATION: nagiosadmin;primary-server;Nginx Error Log Status;CRITICAL;notify-service-by-email;(21) < 2019/12/31 06:31:41 [error] 20760#0: *21351719 connect() failed (111: Connection refused) while connecting to upstream, client: 183.82.105.122, server: 0.0.0.0:3000, upstream: "10.147.212.155:3000", bytes from/to client:0/0, bytes from/to upstream:0/0
[1577757370] SERVICE NOTIFICATION: nagiosadmin;sigqscluster1;Memory;WARNING;notify-service-by-email;WARNING - 16.4% (8102212 kB) free!
[1577757494] Auto-save of retention data completed successfully.
[1577757708] SERVICE NOTIFICATION: nagiosadmin;primary-server;Nginx Error Log Status;CRITICAL;notify-service-by-email;(6) < 2019/12/31 07:30:45 [error] 20755#0: *21361413 connect() failed (111: Connection refused) while connecting to upstream, client: 103.255.146.164, server: 0.0.0.0:3000, upstream: "10.147.212.155:3000", bytes from/to client:0/0, bytes from/to upstream:0/0
[1577760970] SERVICE NOTIFICATION: nagiosadmin;sigqscluster1;Memory;WARNING;notify-service-by-email;WARNING - 15.5% (7630560 kB) free!
[1577761094] Auto-save of retention data completed successfully.
[1577761254] SERVICE ALERT: redis-1;CPU_Procs;WARNING;SOFT;1;CPU WARNING: 1 warn out of 402 processes
[1577761308] SERVICE NOTIFICATION: nagiosadmin;primary-server;Nginx Error Log Status;CRITICAL;notify-service-by-email;(16) < 2019/12/31 08:31:19 [error] 20751#0: *21371483 connect() failed (111: Connection refused) while connecting to upstream, client: 103.255.146.164, server: 0.0.0.0:3000, upstream: "10.147.212.155:3000", bytes from/to client:0/0, bytes from/to upstream:0/0
[1577761374] SERVICE ALERT: redis-1;CPU_Procs;OK;HARD;1;CPU OK: 401 processes
[1577763174] SERVICE ALERT: redis-1;CPU_Procs;WARNING;SOFT;1;CPU WARNING: 1 warn out of 403 processes
[1577763294] SERVICE ALERT: redis-1;CPU_Procs;OK;HARD;1;CPU OK: 401 processes
[1577764571] SERVICE NOTIFICATION: nagiosadmin;sigqscluster1;Memory;WARNING;notify-service-by-email;WARNING - 14.3% (7059628 kB) free!
[1577764694] Auto-save of retention data completed successfully.
[1577764908] SERVICE NOTIFICATION: nagiosadmin;primary-server;Nginx Error Log Status;CRITICAL;notify-service-by-email;(14) < 2019/12/31 09:30:43 [error] 20760#0: *21381240 connect() failed (111: Connection refused) while connecting to upstream, client: 103.255.146.164, server: 0.0.0.0:3000, upstream: "10.147.212.155:3000", bytes from/to client:0/0, bytes from/to upstream:0/0
[1577768294] Auto-save of retention data completed successfully.
[1577768508] SERVICE NOTIFICATION: nagiosadmin;primary-server;Nginx Error Log Status;CRITICAL;notify-service-by-email;(33) < 2019/12/31 10:31:20 [error] 20756#0: *21391278 connect() failed (111: Connection refused) while connecting to upstream, client: 103.255.146.164, server: 0.0.0.0:3000, upstream: "10.147.212.154:3000", bytes from/to client:0/0, bytes from/to upstream:0/0
[1577768770] SERVICE NOTIFICATION: nagiosadmin;sigqscluster1;Memory;WARNING;notify-service-by-email;WARNING - 10.6% (5248148 kB) free!
[1577770494] SERVICE ALERT: redis-1;CPU_Procs;WARNING;SOFT;1;CPU WARNING: 1 warn out of 401 processes
[1577770614] SERVICE ALERT: redis-1;CPU_Procs;OK;HARD;1;CPU OK: 400 processes
[1577771170] SERVICE NOTIFICATION: nagiosadmin;sigqscluster1;Memory;CRITICAL;notify-service-by-email;CRITICAL - 8.3% (4073648 kB) free!
[1577771170] SERVICE ALERT: sigqscluster1;Memory;CRITICAL;HARD;3;CRITICAL - 8.3% (4073648 kB) free!
[1577771827] SERVICE ALERT: pservercluster1;Memory;WARNING;SOFT;1;WARNING - 13.8% (3403348 kB) free!
[1577771894] Auto-save of retention data completed successfully.
[1577771947] SERVICE ALERT: pservercluster1;Memory;WARNING;SOFT;2;WARNING - 13.4% (3314392 kB) free!
[1577772067] SERVICE NOTIFICATION: nagiosadmin;pservercluster1;Memory;CRITICAL;notify-service-by-email;CRITICAL - 9.5% (2352092 kB) free!
[1577772067] SERVICE ALERT: pservercluster1;Memory;CRITICAL;HARD;3;CRITICAL - 9.5% (2352092 kB) free!
[1577772108] SERVICE NOTIFICATION: nagiosadmin;primary-server;Nginx Error Log Status;CRITICAL;notify-service-by-email;(30) < 2019/12/31 11:30:45 [error] 20758#0: *21401253 connect() failed (111: Connection refused) while connecting to upstream, client: 103.255.146.164, server: 0.0.0.0:3000, upstream: "10.147.212.155:3000", bytes from/to client:0/0, bytes from/to upstream:0/0
[1577773404] SERVICE ALERT: sig6-vm2;Memory;WARNING;SOFT;1;WARNING - 15.8% (3537724 kB) free!
[1577773524] SERVICE ALERT: sig6-vm2;Memory;WARNING;SOFT;2;WARNING - 14.4% (3223116 kB) free!
[1577773616] SERVICE ALERT: smscapp2;Memory;WARNING;SOFT;1;WARNING - 18.0% (8882884 kB) free!
[1577773644] SERVICE NOTIFICATION: nagiosadmin;sig6-vm2;Memory;WARNING;notify-service-by-email;WARNING - 13.3% (2996512 kB) free!
[1577773644] SERVICE ALERT: sig6-vm2;Memory;WARNING;HARD;3;WARNING - 13.3% (2996512 kB) free!
[1577773736] SERVICE ALERT: smscapp2;Memory;WARNING;SOFT;2;WARNING - 17.4% (8573900 kB) free!
[1577773857] SERVICE ALERT: smscapp2;Memory;OK;HARD;1;OK - 53.9% (26549700 kB) free.
[1577774086] SERVICE ALERT: pservercluster2;Memory;WARNING;SOFT;1;WARNING - 15.8% (3860636 kB) free!
[1577774206] SERVICE ALERT: pservercluster2;Memory;WARNING;SOFT;2;WARNING - 15.0% (3677752 kB) free!
[1577774244] SERVICE NOTIFICATION: nagiosadmin;sig6-vm2;Memory;OK;notify-service-by-email;OK - 76.3% (17141492 kB) free.
[1577774244] SERVICE ALERT: sig6-vm2;Memory;OK;HARD;1;OK - 76.3% (17141492 kB) free.
[1577774326] SERVICE NOTIFICATION: nagiosadmin;pservercluster2;Memory;WARNING;notify-service-by-email;WARNING - 14.3% (3506840 kB) free!
[1577774326] SERVICE ALERT: pservercluster2;Memory;WARNING;HARD;3;WARNING - 14.3% (3506840 kB) free!
[1577774770] SERVICE NOTIFICATION: nagiosadmin;sigqscluster1;Memory;CRITICAL;notify-service-by-email;CRITICAL - 0.5% (236680 kB) free!
[1577775406] SERVICE ALERT: primary-server;Nginx Access Log Status;CRITICAL;SOFT;1;(1287) < 103.255.146.164 [31/Dec/2019:12:17:06 +0530] TCP 502 0 0 0.000 "backend_3000" "0" "0" "0.000"
[1577775494] Auto-save of retention data completed successfully.
[1577775526] SERVICE NOTIFICATION: nagiosadmin;pservercluster2;Memory;CRITICAL;notify-service-by-email;CRITICAL - 9.5% (2327396 kB) free!
[1577775526] SERVICE ALERT: pservercluster2;Memory;CRITICAL;HARD;3;CRITICAL - 9.5% (2327396 kB) free!
[1577775526] SERVICE ALERT: primary-server;Nginx Access Log Status;OK;HARD;1;Log check ok - 0 pattern matches found
[1577775667] SERVICE NOTIFICATION: nagiosadmin;pservercluster1;Memory;CRITICAL;notify-service-by-email;CRITICAL - 0.7% (173960 kB) free!
[1577775709] SERVICE NOTIFICATION: nagiosadmin;primary-server;Nginx Error Log Status;CRITICAL;notify-service-by-email;(36) < 2019/12/31 12:31:19 [error] 20751#0: *21412783 connect() failed (111: Connection refused) while connecting to upstream, client: 103.255.146.164, server: 0.0.0.0:3000, upstream: "10.147.212.155:3000", bytes from/to client:0/0, bytes from/to upstream:0/0
[1577778370] SERVICE NOTIFICATION: nagiosadmin;sigqscluster1;Memory;CRITICAL;notify-service-by-email;CRITICAL - 2.5% (1211084 kB) free!
[1577778501] EXTERNAL COMMAND: SCHEDULE_FORCED_SVC_CHECK;pservercluster1;Memory;1577778500
[1577778502] SERVICE NOTIFICATION: nagiosadmin;pservercluster1;Memory;OK;notify-service-by-email;OK - 91.9% (22689796 kB) free.
[1577778502] SERVICE ALERT: pservercluster1;Memory;OK;HARD;1;OK - 91.9% (22689796 kB) free.
[1577778505] EXTERNAL COMMAND: SCHEDULE_FORCED_SVC_CHECK;pservercluster1;Memory;1577778504
[1577778527] SERVICE NOTIFICATION: nagiosadmin;pservercluster2;Memory;OK;notify-service-by-email;OK - 92.3% (22627916 kB) free.
[1577778527] SERVICE ALERT: pservercluster2;Memory;OK;HARD;1;OK - 92.3% (22627916 kB) free.
[1577778530] EXTERNAL COMMAND: SCHEDULE_FORCED_SVC_CHECK;pservercluster2;Memory;1577778529
[1577778533] EXTERNAL COMMAND: SCHEDULE_FORCED_SVC_CHECK;pservercluster2;Memory;1577778532
[1577778537] EXTERNAL COMMAND: SCHEDULE_FORCED_SVC_CHECK;pservercluster2;Memory;1577778535
[1577778578] EXTERNAL COMMAND: SCHEDULE_FORCED_SVC_CHECK;sigqscluster1;Memory;1577778577
[1577778579] SERVICE NOTIFICATION: nagiosadmin;sigqscluster1;Memory;OK;notify-service-by-email;OK - 78.5% (38662644 kB) free.
[1577778579] SERVICE ALERT: sigqscluster1;Memory;OK;HARD;1;OK - 78.5% (38662644 kB) free.
[1577778582] EXTERNAL COMMAND: SCHEDULE_FORCED_SVC_CHECK;sigqscluster1;Memory;1577778581
[1577778586] EXTERNAL COMMAND: SCHEDULE_FORCED_SVC_CHECK;sigqscluster1;Memory;1577778584
[1577779094] Auto-save of retention data completed successfully.
[1577779706] SERVICE ALERT: pservercluster1;Memory;WARNING;SOFT;1;WARNING - 15.9% (3918372 kB) free!
[1577779826] SERVICE ALERT: pservercluster1;Memory;WARNING;SOFT;2;WARNING - 15.4% (3791024 kB) free!
[1577779909] SERVICE NOTIFICATION: nagiosadmin;primary-server;Nginx Error Log Status;CRITICAL;notify-service-by-email;(36) < 2019/12/31 13:40:56 [error] 20757#0: *21424632 connect() failed (111: Connection refused) while connecting to upstream, client: 103.255.146.164, server: 0.0.0.0:3000, upstream: "10.147.212.155:3000", bytes from/to client:0/0, bytes from/to upstream:0/0
[1577779946] SERVICE NOTIFICATION: nagiosadmin;pservercluster1;Memory;WARNING;notify-service-by-email;WARNING - 14.9% (3687204 kB) free!
[1577779946] SERVICE ALERT: pservercluster1;Memory;WARNING;HARD;3;WARNING - 14.9% (3687204 kB) free!
[1577780811] SERVICE ALERT: sservercluster1;Memory;WARNING;SOFT;1;WARNING - 19.0% (4665872 kB) free!
[1577780931] SERVICE ALERT: sservercluster1;Memory;WARNING;SOFT;2;WARNING - 18.6% (4567372 kB) free!
[1577781051] SERVICE NOTIFICATION: nagiosadmin;sservercluster1;Memory;WARNING;notify-service-by-email;WARNING - 18.0% (4415756 kB) free!
[1577781051] SERVICE ALERT: sservercluster1;Memory;WARNING;HARD;3;WARNING - 18.0% (4415756 kB) free!
[1577781146] SERVICE FLAPPING ALERT: pservercluster1;Memory;STARTED; Service appears to have started flapping (22.0% change >= 20.0% threshold)
[1577781146] SERVICE ALERT: pservercluster1;Memory;CRITICAL;HARD;3;CRITICAL - 5.2% (1294968 kB) free!
[1577781272] SERVICE ALERT: webservercluster1;CPU_Procs;WARNING;SOFT;1;CPU WARNING: 1 warn out of 330 processes
[1577781392] SERVICE ALERT: webservercluster1;CPU_Procs;OK;HARD;1;CPU OK: 330 processes
[1577782251] SERVICE NOTIFICATION: nagiosadmin;sservercluster1;Memory;CRITICAL;notify-service-by-email;CRITICAL - 9.7% (2387248 kB) free!
[1577782251] SERVICE ALERT: sservercluster1;Memory;CRITICAL;HARD;3;CRITICAL - 9.7% (2387248 kB) free!
[1577782694] Auto-save of retention data completed successfully.
[1577782858] SERVICE ALERT: primary-server;Memory;WARNING;SOFT;1;WARNING - 20.0% (4908424 kB) free!
[1577782978] SERVICE ALERT: primary-server;Memory;WARNING;SOFT;2;WARNING - 19.7% (4839508 kB) free!
[1577783098] SERVICE NOTIFICATION: nagiosadmin;primary-server;Memory;WARNING;notify-service-by-email;WARNING - 19.6% (4794428 kB) free!
[1577783098] SERVICE ALERT: primary-server;Memory;WARNING;HARD;3;WARNING - 19.6% (4794428 kB) free!
[1577783947] SERVICE ALERT: smscapp1;Memory;WARNING;SOFT;1;WARNING - 17.8% (8765948 kB) free!
[1577784067] SERVICE ALERT: smscapp1;Memory;WARNING;SOFT;2;WARNING - 17.3% (8514564 kB) free!
[1577784109] SERVICE NOTIFICATION: nagiosadmin;primary-server;Nginx Error Log Status;CRITICAL;notify-service-by-email;(39) < 2019/12/31 14:51:37 [error] 20756#0: *21436846 connect() failed (111: Connection refused) while connecting to upstream, client: 103.255.146.164, server: 0.0.0.0:3000, upstream: "10.147.212.154:3000", bytes from/to client:0/0, bytes from/to upstream:0/0
[1577784187] SERVICE NOTIFICATION: nagiosadmin;smscapp1;Memory;WARNING;notify-service-by-email;WARNING - 16.8% (8281648 kB) free!
[1577784187] SERVICE ALERT: smscapp1;Memory;WARNING;HARD;3;WARNING - 16.8% (8281648 kB) free!
[1577784444] SERVICE ALERT: sig6-vm2;Memory;WARNING;SOFT;1;WARNING - 16.4% (3672644 kB) free!
[1577784564] SERVICE ALERT: sig6-vm2;Memory;WARNING;SOFT;2;WARNING - 15.5% (3487416 kB) free!
[1577784684] SERVICE ALERT: sig6-vm2;Memory;OK;HARD;1;OK - 76.3% (17137784 kB) free.
[1577784695] SERVICE ALERT: sservercluster2;Memory;WARNING;SOFT;1;WARNING - 19.5% (4788840 kB) free!
[1577784816] SERVICE ALERT: sservercluster2;Memory;WARNING;SOFT;2;WARNING - 19.1% (4672396 kB) free!
[1577784936] SERVICE NOTIFICATION: nagiosadmin;sservercluster2;Memory;WARNING;notify-service-by-email;WARNING - 18.7% (4592144 kB) free!
[1577784936] SERVICE ALERT: sservercluster2;Memory;WARNING;HARD;3;WARNING - 18.7% (4592144 kB) free!
[1577785592] SERVICE ALERT: webservercluster1;CPU_Procs;WARNING;SOFT;1;CPU WARNING: 4 warn out of 335 processes
[1577785712] SERVICE ALERT: webservercluster1;CPU_Procs;OK;HARD;1;CPU OK: 335 processes
[1577785852] SERVICE NOTIFICATION: nagiosadmin;sservercluster1;Memory;CRITICAL;notify-service-by-email;CRITICAL - 0.7% (176696 kB) free!
[1577786294] Auto-save of retention data completed successfully.
[1577786313] SERVICE ALERT: webservercluster1;CPU_Procs;WARNING;SOFT;1;CPU WARNING: 1 warn out of 330 processes
[1577786433] SERVICE ALERT: webservercluster1;CPU_Procs;OK;HARD;1;CPU OK: 332 processes
[1577786587] SERVICE NOTIFICATION: nagiosadmin;smscapp1;Memory;CRITICAL;notify-service-by-email;CRITICAL - 9.3% (4561060 kB) free!
[1577786587] SERVICE ALERT: smscapp1;Memory;CRITICAL;HARD;3;CRITICAL - 9.3% (4561060 kB) free!
[1577786698] SERVICE NOTIFICATION: nagiosadmin;primary-server;Memory;CRITICAL;notify-service-by-email;CRITICAL - 8.7% (2120652 kB) free!
[1577786698] SERVICE ALERT: primary-server;Memory;CRITICAL;HARD;3;CRITICAL - 8.7% (2120652 kB) free!
[1577787597] SERVICE ALERT: qservercluster2;Memory;WARNING;SOFT;1;WARNING - 19.8% (9771840 kB) free!
[1577787717] SERVICE ALERT: qservercluster2;Memory;WARNING;SOFT;2;WARNING - 19.7% (9688020 kB) free!
[1577787837] SERVICE NOTIFICATION: nagiosadmin;qservercluster2;Memory;WARNING;notify-service-by-email;WARNING - 19.5% (9603540 kB) free!
[1577787837] SERVICE ALERT: qservercluster2;Memory;WARNING;HARD;3;WARNING - 19.5% (9603540 kB) free!
[1577788309] SERVICE NOTIFICATION: nagiosadmin;primary-server;Nginx Error Log Status;CRITICAL;notify-service-by-email;(42) < 2019/12/31 16:01:44 [error] 20761#0: *21449035 connect() failed (111: Connection refused) while connecting to upstream, client: 103.255.146.164, server: 0.0.0.0:3000, upstream: "10.147.212.154:3000", bytes from/to client:0/0, bytes from/to upstream:0/0
[1577788536] SERVICE NOTIFICATION: nagiosadmin;sservercluster2;Memory;CRITICAL;notify-service-by-email;CRITICAL - 9.0% (2196392 kB) free!
[1577788536] SERVICE ALERT: sservercluster2;Memory;CRITICAL;HARD;3;CRITICAL - 9.0% (2196392 kB) free!
[1577789894] Auto-save of retention data completed successfully.
[1577790051] SERVICE NOTIFICATION: nagiosadmin;sservercluster1;Memory;CRITICAL;notify-service-by-email;CRITICAL - 0.7% (179580 kB) free!
[1577790187] SERVICE NOTIFICATION: nagiosadmin;smscapp1;Memory;CRITICAL;notify-service-by-email;CRITICAL - 0.5% (247796 kB) free!
[1577790299] SERVICE NOTIFICATION: nagiosadmin;primary-server;Memory;CRITICAL;notify-service-by-email;CRITICAL - 0.7% (176772 kB) free!
[1577790586] SERVICE ALERT: sigqscluster1;Memory;WARNING;SOFT;1;WARNING - 18.8% (9258576 kB) free!
[1577790706] SERVICE ALERT: sigqscluster1;Memory;WARNING;SOFT;2;WARNING - 18.8% (9259280 kB) free!
[1577790826] SERVICE NOTIFICATION: nagiosadmin;sigqscluster1;Memory;WARNING;notify-service-by-email;WARNING - 18.8% (9258300 kB) free!
[1577790826] SERVICE ALERT: sigqscluster1;Memory;WARNING;HARD;3;WARNING - 18.8% (9258300 kB) free!
[1577791233] SERVICE ALERT: webservercluster1;CPU_Procs;WARNING;SOFT;1;CPU WARNING: 1 warn out of 333 processes
[1577791353] SERVICE ALERT: webservercluster1;CPU_Procs;CRITICAL;SOFT;2;CPU CRITICAL: 1 crit, 0 warn out of 333 processes
[1577791437] SERVICE NOTIFICATION: nagiosadmin;qservercluster2;Memory;WARNING;notify-service-by-email;WARNING - 11.9% (5881356 kB) free!
[1577791473] SERVICE ALERT: webservercluster1;CPU_Procs;OK;HARD;1;CPU OK: 331 processes
[1577791909] SERVICE NOTIFICATION: nagiosadmin;primary-server;Nginx Error Log Status;CRITICAL;notify-service-by-email;(45) < 2019/12/31 17:01:19 [error] 20754#0: *21459390 connect() failed (111: Connection refused) while connecting to upstream, client: 103.255.146.164, server: 0.0.0.0:3000, upstream: "10.147.212.143:3000", bytes from/to client:0/0, bytes from/to upstream:0/0
[1577791946] SERVICE FLAPPING ALERT: pservercluster1;Memory;STOPPED; Service appears to have stopped flapping (3.9% change < 5.0% threshold)
[1577791946] SERVICE NOTIFICATION: nagiosadmin;pservercluster1;Memory;CRITICAL;notify-service-by-email;CRITICAL - 0.8% (185848 kB) free!
[1577792136] SERVICE NOTIFICATION: nagiosadmin;sservercluster2;Memory;CRITICAL;notify-service-by-email;CRITICAL - 0.7% (171284 kB) free!
[1577792637] SERVICE NOTIFICATION: nagiosadmin;qservercluster2;Memory;CRITICAL;notify-service-by-email;CRITICAL - 9.2% (4521224 kB) free!
[1577792637] SERVICE ALERT: qservercluster2;Memory;CRITICAL;HARD;3;CRITICAL - 9.2% (4521224 kB) free!
[1577792919] EXTERNAL COMMAND: SCHEDULE_FORCED_SVC_CHECK;primary-server;Memory;1577792918
[1577792919] SERVICE NOTIFICATION: nagiosadmin;primary-server;Memory;OK;notify-service-by-email;OK - 90.1% (22086980 kB) free.
[1577792919] SERVICE ALERT: primary-server;Memory;OK;HARD;1;OK - 90.1% (22086980 kB) free.
[1577792921] EXTERNAL COMMAND: SCHEDULE_FORCED_SVC_CHECK;primary-server;Memory;1577792920
[1577792930] EXTERNAL COMMAND: SCHEDULE_FORCED_SVC_CHECK;primary-server;Memory;1577792929
[1577792937] SERVICE ALERT: pservercluster2;Memory;WARNING;SOFT;1;WARNING - 18.1% (4442864 kB) free!
[1577792956] EXTERNAL COMMAND: SCHEDULE_FORCED_SVC_CHECK;pservercluster1;Memory;1577792955
[1577792957] SERVICE NOTIFICATION: nagiosadmin;pservercluster1;Memory;OK;notify-service-by-email;OK - 89.7% (22137420 kB) free.
[1577792957] SERVICE ALERT: pservercluster1;Memory;OK;HARD;1;OK - 89.7% (22137420 kB) free.
[1577792960] EXTERNAL COMMAND: SCHEDULE_FORCED_SVC_CHECK;pservercluster1;Memory;1577792958
[1577792964] EXTERNAL COMMAND: SCHEDULE_FORCED_SVC_CHECK;pservercluster1;Memory;1577792963
[1577792969] EXTERNAL COMMAND: SCHEDULE_FORCED_SVC_CHECK;pservercluster1;Memory;1577792967
[1577792989] EXTERNAL COMMAND: SCHEDULE_FORCED_SVC_CHECK;pservercluster2;Memory;1577792988
[1577792990] SERVICE ALERT: pservercluster2;Memory;OK;HARD;1;OK - 90.8% (22256124 kB) free.
[1577792993] EXTERNAL COMMAND: SCHEDULE_FORCED_SVC_CHECK;pservercluster2;Memory;1577792992
[1577792997] EXTERNAL COMMAND: SCHEDULE_FORCED_SVC_CHECK;pservercluster2;Memory;1577792996
[1577793030] EXTERNAL COMMAND: SCHEDULE_FORCED_SVC_CHECK;qservercluster2;Memory;1577793029
[1577793030] SERVICE NOTIFICATION: nagiosadmin;qservercluster2;Memory;OK;notify-service-by-email;OK - 93.1% (45868224 kB) free.
[1577793030] SERVICE ALERT: qservercluster2;Memory;OK;HARD;1;OK - 93.1% (45868224 kB) free.
[1577793033] EXTERNAL COMMAND: SCHEDULE_FORCED_SVC_CHECK;qservercluster2;Memory;1577793032
[1577793035] EXTERNAL COMMAND: SCHEDULE_FORCED_SVC_CHECK;qservercluster2;Memory;1577793035
[1577793056] EXTERNAL COMMAND: SCHEDULE_FORCED_SVC_CHECK;sigqscluster1;Memory;1577793055
[1577793057] SERVICE NOTIFICATION: nagiosadmin;sigqscluster1;Memory;OK;notify-service-by-email;OK - 78.9% (38880220 kB) free.
[1577793057] SERVICE ALERT: sigqscluster1;Memory;OK;HARD;1;OK - 78.9% (38880220 kB) free.
[1577793059] EXTERNAL COMMAND: SCHEDULE_FORCED_SVC_CHECK;sigqscluster1;Memory;1577793058
[1577793063] EXTERNAL COMMAND: SCHEDULE_FORCED_SVC_CHECK;sigqscluster1;Memory;1577793062
[1577793066] EXTERNAL COMMAND: SCHEDULE_FORCED_SVC_CHECK;sigqscluster1;Memory;1577793065
[1577793094] EXTERNAL COMMAND: SCHEDULE_FORCED_SVC_CHECK;smscapp1;Memory;1577793093
[1577793095] SERVICE NOTIFICATION: nagiosadmin;smscapp1;Memory;OK;notify-service-by-email;OK - 92.0% (45330140 kB) free.
[1577793095] SERVICE ALERT: smscapp1;Memory;OK;HARD;1;OK - 92.0% (45330140 kB) free.
[1577793098] EXTERNAL COMMAND: SCHEDULE_FORCED_SVC_CHECK;smscapp1;Memory;1577793097
[1577793120] EXTERNAL COMMAND: SCHEDULE_FORCED_SVC_CHECK;sservercluster1;Memory;1577793119
[1577793120] SERVICE NOTIFICATION: nagiosadmin;sservercluster1;Memory;OK;notify-service-by-email;OK - 89.2% (21862208 kB) free.
[1577793120] SERVICE ALERT: sservercluster1;Memory;OK;HARD;1;OK - 89.2% (21862208 kB) free.
[1577793124] EXTERNAL COMMAND: SCHEDULE_FORCED_SVC_CHECK;sservercluster1;Memory;1577793122
[1577793126] EXTERNAL COMMAND: SCHEDULE_FORCED_SVC_CHECK;sservercluster1;Memory;1577793126
[1577793151] EXTERNAL COMMAND: SCHEDULE_FORCED_SVC_CHECK;sservercluster2;Memory;1577793150
[1577793151] SERVICE NOTIFICATION: nagiosadmin;sservercluster2;Memory;OK;notify-service-by-email;OK - 89.9% (22045680 kB) free.
[1577793151] SERVICE ALERT: sservercluster2;Memory;OK;HARD;1;OK - 89.9% (22045680 kB) free.
[1577793154] EXTERNAL COMMAND: SCHEDULE_FORCED_SVC_CHECK;sservercluster2;Memory;1577793153
[1577793158] EXTERNAL COMMAND: SCHEDULE_FORCED_SVC_CHECK;sservercluster2;Memory;1577793156
[1577793262] SERVICE ALERT: sservercluster2;Current Users;WARNING;SOFT;1;USERS WARNING - 6 users currently logged in
[1577793382] SERVICE ALERT: sservercluster2;Current Users;WARNING;SOFT;2;USERS WARNING - 6 users currently logged in
[1577793494] Auto-save of retention data completed successfully.
[1577793502] SERVICE NOTIFICATION: nagiosadmin;sservercluster2;Current Users;WARNING;notify-service-by-email;USERS WARNING - 6 users currently logged in
[1577793502] SERVICE ALERT: sservercluster2;Current Users;WARNING;HARD;3;USERS WARNING - 6 users currently logged in
[1577794169] SERVICE ALERT: pservercluster1;Memory;CRITICAL;SOFT;1;CRITICAL - 4.6% (1129364 kB) free!
[1577794289] SERVICE ALERT: pservercluster1;Memory;CRITICAL;SOFT;2;CRITICAL - 4.2% (1029040 kB) free!
[1577794409] SERVICE NOTIFICATION: nagiosadmin;pservercluster1;Memory;CRITICAL;notify-service-by-email;CRITICAL - 3.8% (931968 kB) free!
[1577794409] SERVICE ALERT: pservercluster1;Memory;CRITICAL;HARD;3;CRITICAL - 3.8% (931968 kB) free!
[1577794884] SERVICE ALERT: sig6-vm2;Memory;WARNING;SOFT;1;WARNING - 16.1% (3611764 kB) free!
[1577795004] SERVICE ALERT: sig6-vm2;Memory;WARNING;SOFT;2;WARNING - 15.4% (3463776 kB) free!
[1577795124] SERVICE NOTIFICATION: nagiosadmin;sig6-vm2;Memory;WARNING;notify-service-by-email;WARNING - 14.7% (3291564 kB) free!
[1577795124] SERVICE ALERT: sig6-vm2;Memory;WARNING;HARD;3;WARNING - 14.7% (3291564 kB) free!
[1577795640] SERVICE ALERT: redis-2;Memory;WARNING;SOFT;1;WARNING - 20.0% (26377264 kB) free!
[1577795710] SERVICE ALERT: secondary-server;Memory Status;WARNING;SOFT;1;WARNING - 20.0% (4896276 kB) free!
[1577795724] SERVICE NOTIFICATION: nagiosadmin;sig6-vm2;Memory;OK;notify-service-by-email;OK - 76.2% (17114728 kB) free.
[1577795724] SERVICE ALERT: sig6-vm2;Memory;OK;HARD;1;OK - 76.2% (17114728 kB) free.
[1577795760] SERVICE ALERT: redis-2;Memory;OK;HARD;1;OK - 36.6% (48199740 kB) free.
[1577795830] SERVICE ALERT: secondary-server;Memory Status;WARNING;SOFT;2;WARNING - 19.9% (4871456 kB) free!
[1577795950] SERVICE NOTIFICATION: nagiosadmin;secondary-server;Memory Status;WARNING;notify-service-by-email;WARNING - 19.8% (4846408 kB) free!
[1577795950] SERVICE ALERT: secondary-server;Memory Status;WARNING;HARD;3;WARNING - 19.8% (4846408 kB) free!
[1577796109] SERVICE NOTIFICATION: nagiosadmin;primary-server;Nginx Error Log Status;CRITICAL;notify-service-by-email;(36) < 2019/12/31 18:11:42 [error] 20761#0: *21470787 connect() failed (111: Connection refused) while connecting to upstream, client: 183.82.105.122, server: 0.0.0.0:3000, upstream: "10.147.212.154:3000", bytes from/to client:0/0, bytes from/to upstream:0/0
[1577796960] SERVICE ALERT: redis-2;Memory;WARNING;SOFT;1;WARNING - 19.7% (26008216 kB) free!
[1577797080] SERVICE ALERT: redis-2;Memory;OK;HARD;1;OK - 38.9% (51241528 kB) free.
[1577797094] Auto-save of retention data completed successfully.
[1577797102] SERVICE NOTIFICATION: nagiosadmin;sservercluster2;Current Users;WARNING;notify-service-by-email;USERS WARNING - 6 users currently logged in
[1577797680] SERVICE ALERT: redis-2;Memory;WARNING;SOFT;1;WARNING - 17.9% (23547180 kB) free!
[1577797800] SERVICE ALERT: redis-2;Memory;OK;HARD;1;OK - 36.2% (47686884 kB) free.
[1577798009] SERVICE NOTIFICATION: nagiosadmin;pservercluster1;Memory;CRITICAL;notify-service-by-email;CRITICAL - 0.7% (181356 kB) free!
[1577799404] SERVICE ALERT: secondary-server;Nginx Error Log Status;CRITICAL;SOFT;1;(10) < 2019/12/31 19:06:22 [error] 28871#0: *30096315 recv() failed (104: Connection reset by peer) while proxying connection, client: 103.16.101.72, server: 0.0.0.0:4000, upstream: "10.147.212.37:4000", bytes from/to client:457759/6798101, bytes from/to upstream:6798101/457759
[1577799524] SERVICE ALERT: secondary-server;Nginx Error Log Status;CRITICAL;SOFT;2;(1) < 2019/12/31 19:06:47 [error] 28869#0: *30426260 recv() failed (104: Connection reset by peer) while proxying connection, client: 49.50.86.152, server: 0.0.0.0:4000, upstream: "10.147.212.49:4000", bytes from/to client:74/17, bytes from/to upstream:17/74
[1577799550] SERVICE NOTIFICATION: nagiosadmin;secondary-server;Memory Status;WARNING;notify-service-by-email;WARNING - 18.3% (4475056 kB) free!
[1577799644] SERVICE ALERT: secondary-server;Nginx Error Log Status;OK;HARD;1;Log check ok - 0 pattern matches found
[1577799709] SERVICE NOTIFICATION: nagiosadmin;primary-server;Nginx Error Log Status;CRITICAL;notify-service-by-email;(6) < 2019/12/31 19:11:20 [error] 20757#0: *21480559 connect() failed (111: Connection refused) while connecting to upstream, client: 103.255.146.164, server: 0.0.0.0:3000, upstream: "10.147.212.154:3000", bytes from/to client:0/0, bytes from/to upstream:0/0
[1577800694] Auto-save of retention data completed successfully.
[1577800702] SERVICE NOTIFICATION: nagiosadmin;sservercluster2;Current Users;WARNING;notify-service-by-email;USERS WARNING - 6 users currently logged in
[1577801609] SERVICE NOTIFICATION: nagiosadmin;pservercluster1;Memory;CRITICAL;notify-service-by-email;CRITICAL - 0.7% (177816 kB) free!
[1577801673] SERVICE ALERT: webservercluster1;CPU_Procs;WARNING;SOFT;1;CPU WARNING: 1 warn out of 334 processes
[1577801793] SERVICE ALERT: webservercluster1;CPU_Procs;OK;HARD;1;CPU OK: 333 processes
[1577803151] SERVICE NOTIFICATION: nagiosadmin;secondary-server;Memory Status;WARNING;notify-service-by-email;WARNING - 17.6% (4303936 kB) free!
[1577803266] SERVICE ALERT: sigqscluster1;Memory;WARNING;SOFT;1;WARNING - 18.6% (9175372 kB) free!
[1577803309] SERVICE NOTIFICATION: nagiosadmin;primary-server;Nginx Error Log Status;CRITICAL;notify-service-by-email;(6) < 2019/12/31 20:11:41 [error] 20756#0: *21490076 connect() failed (111: Connection refused) while connecting to upstream, client: 183.82.105.122, server: 0.0.0.0:3000, upstream: "10.147.212.143:3000", bytes from/to client:0/0, bytes from/to upstream:0/0
[1577803386] SERVICE ALERT: sigqscluster1;Memory;WARNING;SOFT;2;WARNING - 17.7% (8740472 kB) free!
[1577803506] SERVICE NOTIFICATION: nagiosadmin;sigqscluster1;Memory;WARNING;notify-service-by-email;WARNING - 18.3% (9021964 kB) free!
[1577803506] SERVICE ALERT: sigqscluster1;Memory;WARNING;HARD;3;WARNING - 18.3% (9021964 kB) free!
[1577804294] Auto-save of retention data completed successfully.
[1577804302] SERVICE NOTIFICATION: nagiosadmin;sservercluster2;Current Users;OK;notify-service-by-email;USERS OK - 5 users currently logged in
[1577804302] SERVICE ALERT: sservercluster2;Current Users;OK;HARD;1;USERS OK - 5 users currently logged in
[1577805209] SERVICE NOTIFICATION: nagiosadmin;pservercluster1;Memory;CRITICAL;notify-service-by-email;CRITICAL - 0.8% (199824 kB) free!
[1577806126] SERVICE ALERT: primary-server;Nginx Access Log Status;CRITICAL;SOFT;1;(1005) < 103.255.146.164 [31/Dec/2019:20:49:58 +0530] TCP 502 0 0 0.000 "backend_3000" "0" "0" "0.000"
[1577806247] SERVICE ALERT: primary-server;Nginx Access Log Status;OK;HARD;1;Log check ok - 0 pattern matches found
[1577806909] SERVICE NOTIFICATION: nagiosadmin;primary-server;Nginx Error Log Status;CRITICAL;notify-service-by-email;(8) < 2019/12/31 21:11:42 [error] 20754#0: *21501199 connect() failed (111: Connection refused) while connecting to upstream, client: 183.82.105.122, server: 0.0.0.0:3000, upstream: "10.147.212.154:3000", bytes from/to client:0/0, bytes from/to upstream:0/0
[1577807106] SERVICE NOTIFICATION: nagiosadmin;sigqscluster1;Memory;WARNING;notify-service-by-email;WARNING - 14.8% (7284508 kB) free!
[1577807350] SERVICE NOTIFICATION: nagiosadmin;secondary-server;Memory Status;WARNING;notify-service-by-email;WARNING - 17.1% (4201892 kB) free!
[1577807894] Auto-save of retention data completed successfully.
[1577808809] SERVICE NOTIFICATION: nagiosadmin;pservercluster1;Memory;CRITICAL;notify-service-by-email;CRITICAL - 0.7% (182064 kB) free!
[1577810509] SERVICE NOTIFICATION: nagiosadmin;primary-server;Nginx Error Log Status;CRITICAL;notify-service-by-email;(3) < 2019/12/31 22:11:42 [error] 20757#0: *21511021 connect() failed (111: Connection refused) while connecting to upstream, client: 183.82.105.122, server: 0.0.0.0:3000, upstream: "10.147.212.143:3000", bytes from/to client:0/0, bytes from/to upstream:0/0
[1577810706] SERVICE NOTIFICATION: nagiosadmin;sigqscluster1;Memory;WARNING;notify-service-by-email;WARNING - 13.2% (6524352 kB) free!
[1577810950] SERVICE NOTIFICATION: nagiosadmin;secondary-server;Memory Status;WARNING;notify-service-by-email;WARNING - 16.9% (4139240 kB) free!
[1577811494] Auto-save of retention data completed successfully.
[1577812409] SERVICE NOTIFICATION: nagiosadmin;pservercluster1;Memory;CRITICAL;notify-service-by-email;CRITICAL - 0.7% (172028 kB) free!
[1577813526] SERVICE ALERT: sservercluster1;Memory;WARNING;SOFT;1;WARNING - 19.8% (4864288 kB) free!
[1577813646] SERVICE ALERT: sservercluster1;Memory;WARNING;SOFT;2;WARNING - 19.7% (4821896 kB) free!
[1577813767] SERVICE NOTIFICATION: nagiosadmin;sservercluster1;Memory;WARNING;notify-service-by-email;WARNING - 19.5% (4790800 kB) free!
[1577813767] SERVICE ALERT: sservercluster1;Memory;WARNING;HARD;3;WARNING - 19.5% (4790800 kB) free!
[1577814109] SERVICE NOTIFICATION: nagiosadmin;primary-server;Nginx Error Log Status;CRITICAL;notify-service-by-email;(6) < 2019/12/31 23:06:42 [error] 20758#0: *21520194 connect() failed (111: Connection refused) while connecting to upstream, client: 183.82.105.122, server: 0.0.0.0:3000, upstream: "10.147.212.155:3000", bytes from/to client:0/0, bytes from/to upstream:0/0
[1577814306] SERVICE NOTIFICATION: nagiosadmin;sigqscluster1;Memory;WARNING;notify-service-by-email;WARNING - 12.1% (5939192 kB) free!
[1577814550] SERVICE NOTIFICATION: nagiosadmin;secondary-server;Memory Status;WARNING;notify-service-by-email;WARNING - 16.7% (4081428 kB) free!
[1577814657] SERVICE ALERT: smscapp2;Memory;CRITICAL;SOFT;1;CRITICAL - 0.4% (212800 kB) free!
[1577814777] SERVICE ALERT: smscapp2;Memory;CRITICAL;SOFT;2;CRITICAL - 0.4% (213048 kB) free!
[1577814897] SERVICE NOTIFICATION: nagiosadmin;smscapp2;Memory;CRITICAL;notify-service-by-email;CRITICAL - 0.5% (241364 kB) free!
[1577814897] SERVICE ALERT: smscapp2;Memory;CRITICAL;HARD;3;CRITICAL - 0.5% (241364 kB) free!
[1577815014] SERVICE ALERT: redis-1;CPU_Procs;WARNING;SOFT;1;CPU WARNING: 1 warn out of 404 processes
[1577815070] SERVICE ALERT: redis-1;Memory;CRITICAL;SOFT;1;CRITICAL - 0.8% (1116036 kB) free!
[1577815094] Auto-save of retention data completed successfully.
[1577815134] SERVICE ALERT: redis-1;CPU_Procs;OK;HARD;1;CPU OK: 403 processes
[1577815190] SERVICE ALERT: redis-1;Memory;CRITICAL;SOFT;2;CRITICAL - 0.3% (378844 kB) free!
[1577815311] SERVICE NOTIFICATION: nagiosadmin;redis-1;Memory;CRITICAL;notify-service-by-email;CRITICAL - 0.6% (818644 kB) free!
[1577815311] SERVICE ALERT: redis-1;Memory;CRITICAL;HARD;3;CRITICAL - 0.6% (818644 kB) free!
[1577816009] SERVICE NOTIFICATION: nagiosadmin;pservercluster1;Memory;CRITICAL;notify-service-by-email;CRITICAL - 0.8% (196340 kB) free!
