[1577212200] LOG ROTATION: DAILY
[1577212200] LOG VERSION: 2.0
[1577212200] CURRENT HOST STATE: db1-vm2;UP;HARD;1;PING OK - Packet loss = 0%, RTA = 0.44 ms
[1577212200] CURRENT HOST STATE: db2;UP;HARD;1;PING OK - Packet loss = 0%, RTA = 0.37 ms
[1577212200] CURRENT HOST STATE: primary-server;UP;HARD;1;PING OK - Packet loss = 0%, RTA = 0.37 ms
[1577212200] CURRENT HOST STATE: pservercluster1;UP;HARD;1;PING OK - Packet loss = 0%, RTA = 0.41 ms
[1577212200] CURRENT HOST STATE: pservercluster2;UP;HARD;1;PING OK - Packet loss = 0%, RTA = 0.34 ms
[1577212200] CURRENT HOST STATE: qservercluster1;UP;HARD;1;PING OK - Packet loss = 0%, RTA = 0.35 ms
[1577212200] CURRENT HOST STATE: qservercluster2;UP;HARD;1;PING OK - Packet loss = 0%, RTA = 0.32 ms
[1577212200] CURRENT HOST STATE: redis-1;UP;HARD;1;PING OK - Packet loss = 0%, RTA = 0.33 ms
[1577212200] CURRENT HOST STATE: redis-2;UP;HARD;1;PING OK - Packet loss = 0%, RTA = 0.34 ms
[1577212200] CURRENT HOST STATE: rq-1;UP;HARD;1;PING OK - Packet loss = 0%, RTA = 0.24 ms
[1577212200] CURRENT HOST STATE: rq-2;UP;HARD;1;PING OK - Packet loss = 0%, RTA = 0.31 ms
[1577212200] CURRENT HOST STATE: secondary-server;UP;HARD;1;PING OK - Packet loss = 0%, RTA = 0.38 ms
[1577212200] CURRENT HOST STATE: sig1-vm2;UP;HARD;1;PING OK - Packet loss = 0%, RTA = 0.66 ms
[1577212200] CURRENT HOST STATE: sig2-vm2;UP;HARD;1;PING OK - Packet loss = 0%, RTA = 0.41 ms
[1577212200] CURRENT HOST STATE: sig3-vm2;UP;HARD;1;PING OK - Packet loss = 0%, RTA = 0.44 ms
[1577212200] CURRENT HOST STATE: sig4-vm2;UP;HARD;1;PING OK - Packet loss = 0%, RTA = 0.53 ms
[1577212200] CURRENT HOST STATE: sig5-vm2;UP;HARD;1;PING OK - Packet loss = 0%, RTA = 0.47 ms
[1577212200] CURRENT HOST STATE: sig6-vm2;UP;HARD;1;PING OK - Packet loss = 0%, RTA = 0.46 ms
[1577212200] CURRENT HOST STATE: sigqscluster1;UP;HARD;1;PING OK - Packet loss = 0%, RTA = 0.40 ms
[1577212200] CURRENT HOST STATE: sigqscluster2;UP;HARD;1;PING OK - Packet loss = 0%, RTA = 0.28 ms
[1577212200] CURRENT HOST STATE: smscapp1;UP;HARD;1;PING OK - Packet loss = 0%, RTA = 0.30 ms
[1577212200] CURRENT HOST STATE: smscapp2;UP;HARD;1;PING OK - Packet loss = 0%, RTA = 0.33 ms
[1577212200] CURRENT HOST STATE: sservercluster1;UP;HARD;1;PING OK - Packet loss = 0%, RTA = 0.29 ms
[1577212200] CURRENT HOST STATE: sservercluster2;UP;HARD;1;PING OK - Packet loss = 0%, RTA = 0.35 ms
[1577212200] CURRENT HOST STATE: webserver1;UP;HARD;1;PING OK - Packet loss = 0%, RTA = 0.46 ms
[1577212200] CURRENT HOST STATE: webserver2;UP;HARD;1;PING OK - Packet loss = 0%, RTA = 0.06 ms
[1577212200] CURRENT HOST STATE: webservercluster1;UP;HARD;1;PING OK - Packet loss = 0%, RTA = 0.42 ms
[1577212200] CURRENT HOST STATE: webservercluster2;UP;HARD;1;PING OK - Packet loss = 0%, RTA = 0.31 ms
[1577212200] CURRENT SERVICE STATE: db1-vm2;CPU Load;OK;HARD;1;OK - load average: 0.59, 0.72, 0.79
[1577212200] CURRENT SERVICE STATE: db1-vm2;CPU_Procs;OK;HARD;1;CPU OK: 461 processes
[1577212200] CURRENT SERVICE STATE: db1-vm2;Current Users;OK;HARD;1;USERS OK - 0 users currently logged in
[1577212200] CURRENT SERVICE STATE: db1-vm2;HDD_Home status;OK;HARD;1;DISK OK - free space: /home 26899 MB (67% inode=99%):
[1577212200] CURRENT SERVICE STATE: db1-vm2;HDD_Root status;OK;HARD;1;DISK OK - free space: / 44595 MB (87% inode=99%):
[1577212200] CURRENT SERVICE STATE: db1-vm2;Memory;OK;HARD;1;OK - 90.0% (22217988 kB) free.
[1577212200] CURRENT SERVICE STATE: db1-vm2;OutOfMemory-killer--oom-killer;OK;HARD;1;Log check ok - 0 pattern matches found
[1577212200] CURRENT SERVICE STATE: db1-vm2;PING;OK;HARD;1;PING OK - Packet loss = 0%, RTA = 0.08 ms
[1577212200] CURRENT SERVICE STATE: db1-vm2;Total Processes;OK;HARD;1;PROCS OK: 460 processes
[1577212200] CURRENT SERVICE STATE: db2;CPU Load;OK;HARD;1;OK - load average: 0.84, 0.62, 0.32
[1577212200] CURRENT SERVICE STATE: db2;CPU_Procs;OK;HARD;1;CPU OK: 326 processes
[1577212200] CURRENT SERVICE STATE: db2;Current Users;OK;HARD;1;USERS OK - 2 users currently logged in
[1577212200] CURRENT SERVICE STATE: db2;HDD_Home status;OK;HARD;1;DISK OK - free space: /home 90216 MB (40% inode=99%):
[1577212200] CURRENT SERVICE STATE: db2;HDD_Root status;OK;HARD;1;DISK OK - free space: / 44464 MB (86% inode=99%):
[1577212200] CURRENT SERVICE STATE: db2;LocalService-NTPD SERVICE;OK;HARD;1;PROCS OK: 1 process with command name 'ntpd'
[1577212200] CURRENT SERVICE STATE: db2;Mariadb status;OK;HARD;1;PROCS OK: 1 process with command name 'mysqld'
[1577212200] CURRENT SERVICE STATE: db2;Memory;OK;HARD;1;OK - 55.9% (27527760 kB) free.
[1577212200] CURRENT SERVICE STATE: db2;Sensors Status;OK;HARD;1;SENSORS OK
[1577212200] CURRENT SERVICE STATE: db2;Total Processes;OK;HARD;1;PROCS OK: 326 processes
[1577212200] CURRENT SERVICE STATE: primary-server;CPU Load;OK;HARD;1;OK - load average: 0.55, 0.59, 0.35
[1577212200] CURRENT SERVICE STATE: primary-server;CPU_Procs;OK;HARD;1;CPU OK: 346 processes
[1577212200] CURRENT SERVICE STATE: primary-server;Current Users;OK;HARD;1;USERS OK - 3 users currently logged in
[1577212200] CURRENT SERVICE STATE: primary-server;HDD_Home status;OK;HARD;1;DISK OK - free space: /home 123258 MB (54% inode=99%):
[1577212200] CURRENT SERVICE STATE: primary-server;HDD_Root status;OK;HARD;1;DISK OK - free space: / 30062 MB (58% inode=99%):
[1577212200] CURRENT SERVICE STATE: primary-server;LocalService-NTPD SERVICE;OK;HARD;1;PROCS OK: 1 process with command name 'ntpd'
[1577212200] CURRENT SERVICE STATE: primary-server;Memory;OK;HARD;1;OK - 52.0% (12756472 kB) free.
[1577212200] CURRENT SERVICE STATE: primary-server;Nginx Access Log Status;OK;HARD;1;Log check ok - 0 pattern matches found
[1577212200] CURRENT SERVICE STATE: primary-server;Nginx Error Log Status;CRITICAL;HARD;3;(9) < 2019/12/24 23:56:14 [error] 20758#0: *19733445 connect() failed (111: Connection refused) while connecting to upstream, client: 103.255.146.164, server: 0.0.0.0:3000, upstream: "10.147.212.155:3000", bytes from/to client:0/0, bytes from/to upstream:0/0
[1577212200] CURRENT SERVICE STATE: primary-server;Nginx Status;OK;HARD;1;NGINX OK -  0.085 sec. response time, Active: 0 (Writing: 0 Reading: 0 Waiting: 0) ReqPerSec: 0.000 ConnPerSec: 0.000 ReqPerConn: 0.000
[1577212200] CURRENT SERVICE STATE: primary-server;Sensors Status;OK;HARD;1;SENSORS OK
[1577212200] CURRENT SERVICE STATE: primary-server;Total Processes;OK;HARD;1;PROCS OK: 346 processes
[1577212200] CURRENT SERVICE STATE: pservercluster1;CPU Load;OK;HARD;1;OK - load average: 0.48, 0.59, 0.60
[1577212200] CURRENT SERVICE STATE: pservercluster1;CPU_Procs;OK;HARD;1;CPU OK: 367 processes
[1577212200] CURRENT SERVICE STATE: pservercluster1;Current Users;OK;HARD;1;USERS OK - 7 users currently logged in
[1577212200] CURRENT SERVICE STATE: pservercluster1;HDD_Home status;OK;HARD;1;DISK OK - free space: /home 176249 MB (79% inode=99%):
[1577212200] CURRENT SERVICE STATE: pservercluster1;HDD_Root status;OK;HARD;1;DISK OK - free space: / 39512 MB (77% inode=99%):
[1577212200] CURRENT SERVICE STATE: pservercluster1;LocalService-NTPD SERVICE;OK;HARD;1;PROCS OK: 1 process with command name 'ntpd'
[1577212200] CURRENT SERVICE STATE: pservercluster1;Memory;OK;HARD;1;OK - 54.6% (13483824 kB) free.
[1577212200] CURRENT SERVICE STATE: pservercluster1;Sensors Status;OK;HARD;1;SENSORS OK
[1577212200] CURRENT SERVICE STATE: pservercluster1;Total Processes;OK;HARD;1;PROCS OK: 368 processes
[1577212200] CURRENT SERVICE STATE: pservercluster2;CPU Load;OK;HARD;1;OK - load average: 0.89, 1.07, 1.16
[1577212200] CURRENT SERVICE STATE: pservercluster2;CPU_Procs;OK;HARD;1;CPU OK: 362 processes
[1577212200] CURRENT SERVICE STATE: pservercluster2;Current Users;OK;HARD;1;USERS OK - 5 users currently logged in
[1577212200] CURRENT SERVICE STATE: pservercluster2;HDD_Home status;OK;HARD;1;DISK OK - free space: /home 147494 MB (65% inode=99%):
[1577212200] CURRENT SERVICE STATE: pservercluster2;HDD_Root status;OK;HARD;1;DISK OK - free space: / 37454 MB (73% inode=98%):
[1577212200] CURRENT SERVICE STATE: pservercluster2;LocalService-NTPD SERVICE;OK;HARD;1;PROCS OK: 1 process with command name 'ntpd'
[1577212200] CURRENT SERVICE STATE: pservercluster2;Memory;CRITICAL;HARD;3;CRITICAL - 8.8% (2161804 kB) free!
[1577212200] CURRENT SERVICE STATE: pservercluster2;Sensors Status;OK;HARD;1;SENSORS OK
[1577212200] CURRENT SERVICE STATE: pservercluster2;Total Processes;OK;HARD;1;PROCS OK: 361 processes
[1577212200] CURRENT SERVICE STATE: qservercluster1;CPU Load;OK;HARD;1;OK - load average: 3.61, 4.11, 4.75
[1577212200] CURRENT SERVICE STATE: qservercluster1;CPU_Procs;OK;HARD;1;CPU OK: 333 processes
[1577212200] CURRENT SERVICE STATE: qservercluster1;Current Users;OK;HARD;1;USERS OK - 1 users currently logged in
[1577212200] CURRENT SERVICE STATE: qservercluster1;HDD_Home status;OK;HARD;1;DISK OK - free space: /home 224641 MB (99% inode=99%):
[1577212200] CURRENT SERVICE STATE: qservercluster1;HDD_Root status;OK;HARD;1;DISK OK - free space: / 44299 MB (86% inode=99%):
[1577212200] CURRENT SERVICE STATE: qservercluster1;LocalService-NTPD SERVICE;OK;HARD;1;PROCS OK: 1 process with command name 'ntpd'
[1577212200] CURRENT SERVICE STATE: qservercluster1;Memory;OK;HARD;1;OK - 87.0% (42863052 kB) free.
[1577212200] CURRENT SERVICE STATE: qservercluster1;Sensors Status;OK;HARD;1;SENSORS OK
[1577212200] CURRENT SERVICE STATE: qservercluster1;Total Processes;OK;HARD;1;PROCS OK: 331 processes
[1577212200] CURRENT SERVICE STATE: qservercluster2;CPU Load;OK;HARD;1;OK - load average: 2.00, 2.15, 2.06
[1577212200] CURRENT SERVICE STATE: qservercluster2;CPU_Procs;OK;HARD;1;CPU OK: 554 processes
[1577212200] CURRENT SERVICE STATE: qservercluster2;Current Users;OK;HARD;1;USERS OK - 4 users currently logged in
[1577212200] CURRENT SERVICE STATE: qservercluster2;HDD_Home status;OK;HARD;1;DISK OK - free space: /home 90389 MB (40% inode=99%):
[1577212200] CURRENT SERVICE STATE: qservercluster2;HDD_Root status;OK;HARD;1;DISK OK - free space: / 27051 MB (52% inode=98%):
[1577212200] CURRENT SERVICE STATE: qservercluster2;LocalService-NTPD SERVICE;OK;HARD;1;PROCS OK: 1 process with command name 'ntpd'
[1577212200] CURRENT SERVICE STATE: qservercluster2;Memory;WARNING;HARD;3;WARNING - 15.1% (7453228 kB) free!
[1577212200] CURRENT SERVICE STATE: qservercluster2;Sensors Status;OK;HARD;1;SENSORS OK
[1577212200] CURRENT SERVICE STATE: qservercluster2;Total Processes;OK;HARD;1;PROCS OK: 552 processes
[1577212200] CURRENT SERVICE STATE: redis-1;CPU Load;OK;HARD;1;OK - load average: 0.85, 1.06, 0.87
[1577212200] CURRENT SERVICE STATE: redis-1;CPU_Procs;OK;HARD;1;CPU OK: 401 processes
[1577212200] CURRENT SERVICE STATE: redis-1;Current Users;OK;HARD;1;USERS OK - 1 users currently logged in
[1577212200] CURRENT SERVICE STATE: redis-1;HDD_Home status;OK;HARD;1;DISK OK - free space: /home 368963 MB (98% inode=99%):
[1577212200] CURRENT SERVICE STATE: redis-1;HDD_Root status;OK;HARD;1;DISK OK - free space: / 45256 MB (88% inode=99%):
[1577212200] CURRENT SERVICE STATE: redis-1;HDD_VNS1 status;OK;HARD;1;DISK OK - free space: /vns1 259531 MB (24% inode=99%):
[1577212200] CURRENT SERVICE STATE: redis-1;LocalService-NTPD SERVICE;OK;HARD;1;PROCS OK: 1 process with command name 'ntpd'
[1577212200] CURRENT SERVICE STATE: redis-1;Memory;OK;HARD;1;OK - 85.2% (112274160 kB) free.
[1577212200] CURRENT SERVICE STATE: redis-1;Sensors Status;OK;HARD;1;SENSORS OK
[1577212200] CURRENT SERVICE STATE: redis-1;Total Processes;OK;HARD;1;PROCS OK: 400 processes
[1577212200] CURRENT SERVICE STATE: redis-2;CPU Load;OK;HARD;1;OK - load average: 1.05, 1.05, 1.12
[1577212200] CURRENT SERVICE STATE: redis-2;CPU_Procs;OK;HARD;1;CPU OK: 381 processes
[1577212200] CURRENT SERVICE STATE: redis-2;Current Users;OK;HARD;1;USERS OK - 2 users currently logged in
[1577212200] CURRENT SERVICE STATE: redis-2;HDD_Home status;OK;HARD;1;DISK OK - free space: /home 321244 MB (86% inode=99%):
[1577212200] CURRENT SERVICE STATE: redis-2;HDD_Root status;OK;HARD;1;DISK OK - free space: / 45305 MB (88% inode=99%):
[1577212200] CURRENT SERVICE STATE: redis-2;HDD_VNS1 status;OK;HARD;1;DISK OK - free space: /vns1 1069171 MB (99% inode=99%):
[1577212200] CURRENT SERVICE STATE: redis-2;LocalService-NTPD SERVICE;OK;HARD;1;PROCS OK: 1 process with command name 'ntpd'
[1577212200] CURRENT SERVICE STATE: redis-2;Memory;OK;HARD;1;OK - 33.6% (44326712 kB) free.
[1577212200] CURRENT SERVICE STATE: redis-2;Sensors Status;OK;HARD;1;SENSORS OK
[1577212200] CURRENT SERVICE STATE: redis-2;Total Processes;OK;HARD;1;PROCS OK: 380 processes
[1577212200] CURRENT SERVICE STATE: rq-1;CPU Load;OK;HARD;1;OK - load average: 18.31, 16.45, 16.08
[1577212200] CURRENT SERVICE STATE: rq-1;CPU_Procs;OK;HARD;1;CPU OK: 356 processes
[1577212200] CURRENT SERVICE STATE: rq-1;Current Users;OK;HARD;1;USERS OK - 0 users currently logged in
[1577212200] CURRENT SERVICE STATE: rq-1;HDD_Home status;OK;HARD;1;DISK OK - free space: /home 400998 MB (99% inode=99%):
[1577212200] CURRENT SERVICE STATE: rq-1;HDD_Root status;OK;HARD;1;DISK OK - free space: / 42470 MB (82% inode=99%):
[1577212200] CURRENT SERVICE STATE: rq-1;HDD_VNS1 status;OK;HARD;1;DISK OK - free space: /rq1vns1 1068147 MB (99% inode=99%):
[1577212200] CURRENT SERVICE STATE: rq-1;LocalService-NTPD SERVICE;OK;HARD;1;PROCS OK: 1 process with command name 'ntpd'
[1577212200] CURRENT SERVICE STATE: rq-1;Memory;OK;HARD;1;OK - 81.4% (107302460 kB) free.
[1577212200] CURRENT SERVICE STATE: rq-1;Total Processes;OK;HARD;1;PROCS OK: 357 processes
[1577212200] CURRENT SERVICE STATE: rq-1;rq1-rabbitmqerror;OK;HARD;1;Log check ok - 0 pattern matches found
[1577212200] CURRENT SERVICE STATE: rq-2;CPU Load;OK;HARD;1;OK - load average: 17.00, 15.90, 15.50
[1577212200] CURRENT SERVICE STATE: rq-2;CPU_Procs;OK;HARD;1;CPU OK: 384 processes
[1577212200] CURRENT SERVICE STATE: rq-2;Current Users;OK;HARD;1;USERS OK - 1 users currently logged in
[1577212200] CURRENT SERVICE STATE: rq-2;HDD_Home status;OK;HARD;1;DISK OK - free space: /home 401206 MB (99% inode=99%):
[1577212200] CURRENT SERVICE STATE: rq-2;HDD_Root status;OK;HARD;1;DISK OK - free space: / 45516 MB (88% inode=99%):
[1577212200] CURRENT SERVICE STATE: rq-2;HDD_VNS1 status;OK;HARD;1;DISK OK - free space: /dev 64349 MB (100% inode=99%):
[1577212200] CURRENT SERVICE STATE: rq-2;LocalService-NTPD SERVICE;OK;HARD;1;PROCS OK: 2 processes with command name 'ntpd'
[1577212200] CURRENT SERVICE STATE: rq-2;Memory;OK;HARD;1;OK - 92.5% (121886952 kB) free.
[1577212200] CURRENT SERVICE STATE: rq-2;Total Processes;OK;HARD;1;PROCS OK: 389 processes
[1577212200] CURRENT SERVICE STATE: rq-2;rq2-rabbitmqerror;OK;HARD;1;Log check ok - 0 pattern matches found
[1577212200] CURRENT SERVICE STATE: secondary-server;CPU Load;OK;HARD;1;OK - load average: 0.08, 0.41, 0.44
[1577212200] CURRENT SERVICE STATE: secondary-server;CPU_Procs;OK;HARD;1;CPU OK: 343 processes
[1577212200] CURRENT SERVICE STATE: secondary-server;Current Users;OK;HARD;1;USERS OK - 3 users currently logged in
[1577212200] CURRENT SERVICE STATE: secondary-server;HDD_Home status;OK;HARD;1;DISK OK - free space: /home 100898 MB (44% inode=99%):
[1577212200] CURRENT SERVICE STATE: secondary-server;HDD_Root status;OK;HARD;1;DISK OK - free space: / 37117 MB (72% inode=99%):
[1577212200] CURRENT SERVICE STATE: secondary-server;LocalService-NTPD SERVICE;OK;HARD;1;PROCS OK: 1 process with command name 'ntpd'
[1577212200] CURRENT SERVICE STATE: secondary-server;Memory Status;OK;HARD;1;OK - 28.1% (6890104 kB) free.
[1577212200] CURRENT SERVICE STATE: secondary-server;Nginx Access Log Status;OK;HARD;1;Log check ok - 0 pattern matches found
[1577212200] CURRENT SERVICE STATE: secondary-server;Nginx Error Log Status;OK;HARD;1;Log check ok - 0 pattern matches found
[1577212200] CURRENT SERVICE STATE: secondary-server;Nginx Status;OK;HARD;1;NGINX OK -  0.086 sec. response time, Active: 0 (Writing: 0 Reading: 0 Waiting: 0) ReqPerSec: 0.000 ConnPerSec: 0.000 ReqPerConn: 0.000
[1577212200] CURRENT SERVICE STATE: secondary-server;Sensors Status;OK;HARD;1;SENSORS OK
[1577212200] CURRENT SERVICE STATE: secondary-server;Total Processes;OK;HARD;1;PROCS OK: 343 processes
[1577212200] CURRENT SERVICE STATE: sig1-vm2;CPU Load;OK;HARD;1;OK - load average: 0.00, 0.00, 0.00
[1577212200] CURRENT SERVICE STATE: sig1-vm2;CPU_Procs;OK;HARD;1;CPU OK: 263 processes
[1577212200] CURRENT SERVICE STATE: sig1-vm2;Current Users;OK;HARD;1;USERS OK - 0 users currently logged in
[1577212200] CURRENT SERVICE STATE: sig1-vm2;LocalService-NTPD SERVICE;OK;HARD;1;PROCS OK: 2 processes with command name 'ntpd'
[1577212200] CURRENT SERVICE STATE: sig1-vm2;Memory;OK;HARD;1;OK - 71.7% (11708484 kB) free.
[1577212200] CURRENT SERVICE STATE: sig1-vm2;Root status;OK;HARD;1;DISK OK - free space: / 125227 MB (93% inode=97%):
[1577212200] CURRENT SERVICE STATE: sig1-vm2;Total Processes;OK;HARD;1;PROCS OK: 266 processes
[1577212200] CURRENT SERVICE STATE: sig2-vm2;CPU Load;OK;HARD;1;OK - load average: 1.08, 0.76, 0.68
[1577212200] CURRENT SERVICE STATE: sig2-vm2;CPU_Procs;OK;HARD;1;CPU OK: 456 processes
[1577212200] CURRENT SERVICE STATE: sig2-vm2;Current Users;OK;HARD;1;USERS OK - 0 users currently logged in
[1577212200] CURRENT SERVICE STATE: sig2-vm2;HDD_Root status;OK;HARD;1;DISK OK - free space: / 124127 MB (89% inode=99%):
[1577212200] CURRENT SERVICE STATE: sig2-vm2;LocalService-NTPD SERVICE;OK;HARD;1;PROCS OK: 1 process with command name 'ntpd'
[1577212200] CURRENT SERVICE STATE: sig2-vm2;Memory;OK;HARD;1;OK - 89.9% (31330968 kB) free.
[1577212200] CURRENT SERVICE STATE: sig2-vm2;Total Processes;OK;HARD;1;PROCS OK: 457 processes
[1577212200] CURRENT SERVICE STATE: sig3-vm2;CPU Load;OK;HARD;1;OK - load average: 0.01, 0.12, 0.08
[1577212200] CURRENT SERVICE STATE: sig3-vm2;CPU_Procs;OK;HARD;1;CPU OK: 549 processes
[1577212200] CURRENT SERVICE STATE: sig3-vm2;Current Users;OK;HARD;1;USERS OK - 2 users currently logged in
[1577212200] CURRENT SERVICE STATE: sig3-vm2;HDD_Root status;OK;HARD;1;DISK OK - free space: / 90249 MB (75% inode=96%):
[1577212200] CURRENT SERVICE STATE: sig3-vm2;LocalService-NTPD SERVICE;OK;HARD;1;PROCS OK: 2 processes with command name 'ntpd'
[1577212200] CURRENT SERVICE STATE: sig3-vm2;Memory;OK;HARD;1;OK - 95.9% (22604808 kB) free.
[1577212200] CURRENT SERVICE STATE: sig3-vm2;Total Processes;OK;HARD;1;PROCS OK: 550 processes
[1577212200] CURRENT SERVICE STATE: sig4-vm2;CPU Load;OK;HARD;1;OK - load average: 0.18, 0.06, 0.06
[1577212200] CURRENT SERVICE STATE: sig4-vm2;CPU_Procs;OK;HARD;1;CPU OK: 222 processes
[1577212200] CURRENT SERVICE STATE: sig4-vm2;Current Users;OK;HARD;1;USERS OK - 0 users currently logged in
[1577212200] CURRENT SERVICE STATE: sig4-vm2;HDD_Root status;OK;HARD;1;DISK OK - free space: / 99658 MB (77% inode=99%):
[1577212200] CURRENT SERVICE STATE: sig4-vm2;LocalService-NTPD SERVICE;OK;HARD;1;PROCS OK: 1 process with command name 'ntpd'
[1577212200] CURRENT SERVICE STATE: sig4-vm2;Memory;OK;HARD;1;OK - 88.7% (30904872 kB) free.
[1577212200] CURRENT SERVICE STATE: sig4-vm2;Total Processes;OK;HARD;1;PROCS OK: 221 processes
[1577212200] CURRENT SERVICE STATE: sig5-vm2;CPU Load;OK;HARD;1;OK - load average: 0.98, 0.87, 0.82
[1577212200] CURRENT SERVICE STATE: sig5-vm2;CPU_Procs;OK;HARD;1;CPU OK: 461 processes
[1577212200] CURRENT SERVICE STATE: sig5-vm2;Current Users;OK;HARD;1;USERS OK - 0 users currently logged in
[1577212200] CURRENT SERVICE STATE: sig5-vm2;HDD_Root status;OK;HARD;1;DISK OK - free space: / 231789 MB (92% inode=99%):
[1577212200] CURRENT SERVICE STATE: sig5-vm2;LocalService-NTPD SERVICE;OK;HARD;1;PROCS OK: 1 process with command name 'ntpd'
[1577212200] CURRENT SERVICE STATE: sig5-vm2;Memory;OK;HARD;1;OK - 88.2% (30898284 kB) free.
[1577212200] CURRENT SERVICE STATE: sig5-vm2;Total Processes;OK;HARD;1;PROCS OK: 463 processes
[1577212200] CURRENT SERVICE STATE: sig6-vm2;CPU Load;OK;HARD;1;OK - load average: 0.38, 0.56, 0.71
[1577212200] CURRENT SERVICE STATE: sig6-vm2;CPU_Procs;OK;HARD;1;CPU OK: 498 processes
[1577212200] CURRENT SERVICE STATE: sig6-vm2;Current Users;OK;HARD;1;USERS OK - 2 users currently logged in
[1577212200] CURRENT SERVICE STATE: sig6-vm2;HDD_Root status;OK;HARD;1;DISK OK - free space: / 179788 MB (91% inode=99%):
[1577212200] CURRENT SERVICE STATE: sig6-vm2;LocalService-NTPD SERVICE;OK;HARD;1;PROCS OK: 1 process with command name 'ntpd'
[1577212200] CURRENT SERVICE STATE: sig6-vm2;Memory;OK;HARD;1;OK - 73.4% (16471724 kB) free.
[1577212200] CURRENT SERVICE STATE: sig6-vm2;OutOfMemory-killer--oom-killer;OK;HARD;1;Log check ok - 0 pattern matches found
[1577212200] CURRENT SERVICE STATE: sig6-vm2;Total Processes;OK;HARD;1;PROCS OK: 498 processes
[1577212200] CURRENT SERVICE STATE: sigqscluster1;CPU Load;OK;HARD;1;OK - load average: 0.00, 0.03, 0.22
[1577212200] CURRENT SERVICE STATE: sigqscluster1;CPU_Procs;OK;HARD;1;CPU OK: 352 processes
[1577212200] CURRENT SERVICE STATE: sigqscluster1;Current Users;OK;HARD;1;USERS OK - 5 users currently logged in
[1577212200] CURRENT SERVICE STATE: sigqscluster1;HDD_Home status;OK;HARD;1;DISK OK - free space: /home 224102 MB (99% inode=99%):
[1577212200] CURRENT SERVICE STATE: sigqscluster1;HDD_Root status;OK;HARD;1;DISK OK - free space: / 40052 MB (78% inode=99%):
[1577212200] CURRENT SERVICE STATE: sigqscluster1;LocalService-NTPD SERVICE;OK;HARD;1;PROCS OK: 1 process with command name 'ntpd'
[1577212200] CURRENT SERVICE STATE: sigqscluster1;Memory;WARNING;HARD;3;WARNING - 16.3% (8048604 kB) free!
[1577212200] CURRENT SERVICE STATE: sigqscluster1;Sensors Status;OK;HARD;1;SENSORS OK
[1577212200] CURRENT SERVICE STATE: sigqscluster1;Total Processes;OK;HARD;1;PROCS OK: 355 processes
[1577212200] CURRENT SERVICE STATE: sigqscluster2;CPU Load;OK;HARD;1;OK - load average: 11.52, 11.53, 11.67
[1577212200] CURRENT SERVICE STATE: sigqscluster2;CPU_Procs;OK;HARD;1;CPU OK: 300 processes
[1577212200] CURRENT SERVICE STATE: sigqscluster2;Current Users;OK;HARD;1;USERS OK - 0 users currently logged in
[1577212200] CURRENT SERVICE STATE: sigqscluster2;HDD_Home status;OK;HARD;1;DISK OK - free space: /home 208589 MB (99% inode=99%):
[1577212200] CURRENT SERVICE STATE: sigqscluster2;HDD_Root status;OK;HARD;1;DISK OK - free space: / 45515 MB (88% inode=99%):
[1577212200] CURRENT SERVICE STATE: sigqscluster2;LocalService-NTPD SERVICE;OK;HARD;1;PROCS OK: 1 process with command name 'ntpd'
[1577212200] CURRENT SERVICE STATE: sigqscluster2;Memory;OK;HARD;1;OK - 80.8% (39806788 kB) free.
[1577212200] CURRENT SERVICE STATE: sigqscluster2;Sensors Status;OK;HARD;1;SENSORS OK
[1577212200] CURRENT SERVICE STATE: sigqscluster2;Total Processes;OK;HARD;1;PROCS OK: 298 processes
[1577212200] CURRENT SERVICE STATE: sigqscluster2;sigqscluster2-rabbitmqerror;OK;HARD;1;Log check ok - 0 pattern matches found
[1577212200] CURRENT SERVICE STATE: smscapp1;CPU Load;OK;HARD;1;OK - load average: 3.05, 2.72, 2.68
[1577212200] CURRENT SERVICE STATE: smscapp1;CPU_Procs;OK;HARD;1;CPU OK: 643 processes
[1577212200] CURRENT SERVICE STATE: smscapp1;Current Users;OK;HARD;1;USERS OK - 3 users currently logged in
[1577212200] CURRENT SERVICE STATE: smscapp1;HDD_Home status;OK;HARD;1;DISK OK - free space: /home 78492 MB (34% inode=99%):
[1577212200] CURRENT SERVICE STATE: smscapp1;HDD_Root status;OK;HARD;1;DISK OK - free space: / 39089 MB (76% inode=98%):
[1577212200] CURRENT SERVICE STATE: smscapp1;LocalService-NTPD SERVICE;OK;HARD;1;PROCS OK: 1 process with command name 'ntpd'
[1577212200] CURRENT SERVICE STATE: smscapp1;Memory;OK;HARD;1;OK - 59.7% (29398136 kB) free.
[1577212200] CURRENT SERVICE STATE: smscapp1;Sensors Status;OK;HARD;1;SENSORS OK
[1577212200] CURRENT SERVICE STATE: smscapp1;Total Processes;OK;HARD;1;PROCS OK: 643 processes
[1577212200] CURRENT SERVICE STATE: smscapp2;CPU Load;OK;HARD;1;OK - load average: 4.56, 4.03, 3.94
[1577212200] CURRENT SERVICE STATE: smscapp2;CPU_Procs;OK;HARD;1;CPU OK: 2126 processes
[1577212200] CURRENT SERVICE STATE: smscapp2;Current Users;OK;HARD;1;USERS OK - 0 users currently logged in
[1577212200] CURRENT SERVICE STATE: smscapp2;HDD_Home status;OK;HARD;1;DISK OK - free space: /home 190497 MB (84% inode=99%):
[1577212200] CURRENT SERVICE STATE: smscapp2;HDD_Root status;OK;HARD;1;DISK OK - free space: / 38756 MB (75% inode=98%):
[1577212200] CURRENT SERVICE STATE: smscapp2;LocalService-NTPD SERVICE;OK;HARD;1;PROCS OK: 1 process with command name 'ntpd'
[1577212200] CURRENT SERVICE STATE: smscapp2;Memory;OK;HARD;1;OK - 55.8% (27523568 kB) free.
[1577212200] CURRENT SERVICE STATE: smscapp2;Sensors Status;OK;HARD;1;SENSORS OK
[1577212200] CURRENT SERVICE STATE: smscapp2;Total Processes;OK;HARD;1;PROCS OK: 2126 processes
[1577212200] CURRENT SERVICE STATE: sservercluster1;CPU Load;OK;HARD;1;OK - load average: 1.89, 1.42, 1.31
[1577212200] CURRENT SERVICE STATE: sservercluster1;CPU_Procs;OK;HARD;1;CPU OK: 324 processes
[1577212200] CURRENT SERVICE STATE: sservercluster1;Current Users;OK;HARD;1;USERS OK - 2 users currently logged in
[1577212200] CURRENT SERVICE STATE: sservercluster1;HDD_Home status;OK;HARD;1;DISK OK - free space: /home 139890 MB (63% inode=99%):
[1577212200] CURRENT SERVICE STATE: sservercluster1;HDD_Root status;OK;HARD;1;DISK OK - free space: / 40518 MB (79% inode=99%):
[1577212200] CURRENT SERVICE STATE: sservercluster1;LocalService-NTPD SERVICE;OK;HARD;1;PROCS OK: 1 process with command name 'ntpd'
[1577212200] CURRENT SERVICE STATE: sservercluster1;Memory;WARNING;HARD;3;WARNING - 13.1% (3218108 kB) free!
[1577212200] CURRENT SERVICE STATE: sservercluster1;Sensors Status;OK;HARD;1;SENSORS OK
[1577212200] CURRENT SERVICE STATE: sservercluster1;Total Processes;OK;HARD;1;PROCS OK: 325 processes
[1577212200] CURRENT SERVICE STATE: sservercluster2;CPU Load;OK;HARD;1;OK - load average: 0.81, 0.55, 0.46
[1577212200] CURRENT SERVICE STATE: sservercluster2;CPU_Procs;OK;HARD;1;CPU OK: 349 processes
[1577212200] CURRENT SERVICE STATE: sservercluster2;Current Users;OK;HARD;1;USERS OK - 5 users currently logged in
[1577212200] CURRENT SERVICE STATE: sservercluster2;HDD_Home status;OK;HARD;1;DISK OK - free space: /home 180588 MB (81% inode=99%):
[1577212200] CURRENT SERVICE STATE: sservercluster2;HDD_Root status;OK;HARD;1;DISK OK - free space: / 33242 MB (64% inode=98%):
[1577212200] CURRENT SERVICE STATE: sservercluster2;LocalService-NTPD SERVICE;OK;HARD;1;PROCS OK: 1 process with command name 'ntpd'
[1577212200] CURRENT SERVICE STATE: sservercluster2;Memory;OK;HARD;1;OK - 79.5% (19478344 kB) free.
[1577212200] CURRENT SERVICE STATE: sservercluster2;Sensors Status;OK;HARD;1;SENSORS OK
[1577212200] CURRENT SERVICE STATE: sservercluster2;Total Processes;OK;HARD;1;PROCS OK: 348 processes
[1577212200] CURRENT SERVICE STATE: webserver1;CPU Load;OK;HARD;1;OK - load average: 0.91, 0.84, 0.63
[1577212200] CURRENT SERVICE STATE: webserver1;CPU_Procs;OK;HARD;1;CPU OK: 363 processes
[1577212200] CURRENT SERVICE STATE: webserver1;Current Users;OK;HARD;1;USERS OK - 1 users currently logged in
[1577212200] CURRENT SERVICE STATE: webserver1;HDD_Home status;OK;HARD;1;DISK OK - free space: /home 224832 MB (99% inode=99%):
[1577212200] CURRENT SERVICE STATE: webserver1;HDD_Root status;OK;HARD;1;DISK OK - free space: / 40221 MB (78% inode=99%):
[1577212200] CURRENT SERVICE STATE: webserver1;LocalService-NTPD SERVICE;OK;HARD;1;PROCS OK: 1 process with command name 'ntpd'
[1577212200] CURRENT SERVICE STATE: webserver1;Memory;OK;HARD;1;OK - 84.5% (20682156 kB) free.
[1577212200] CURRENT SERVICE STATE: webserver1;Nginx_status;OK;HARD;1;NGINX OK -  0.089 sec. response time, Active: 1 (Writing: 1 Reading: 0 Waiting: 0) ReqPerSec: 0.154 ConnPerSec: 0.160 ReqPerConn: 0.967
[1577212200] CURRENT SERVICE STATE: webserver1;Sensors Status;OK;HARD;1;SENSORS OK
[1577212200] CURRENT SERVICE STATE: webserver1;Total Processes;OK;HARD;1;PROCS OK: 360 processes
[1577212200] CURRENT SERVICE STATE: webserver2;CPU_Procs;OK;HARD;1;CPU OK: 526 processes
[1577212200] CURRENT SERVICE STATE: webserver2;Current Load;OK;HARD;1;OK - load average: 0.12, 0.07, 0.05
[1577212200] CURRENT SERVICE STATE: webserver2;Current Users;OK;HARD;1;USERS OK - 44 users currently logged in
[1577212200] CURRENT SERVICE STATE: webserver2;HDD_Home status;OK;HARD;1;DISK OK - free space: /home 92799 MB (41.29% inode=100%):
[1577212200] CURRENT SERVICE STATE: webserver2;HTTP;OK;HARD;1;HTTP OK: HTTP/1.1 200 OK - 355 bytes in 0.001 second response time
[1577212200] CURRENT SERVICE STATE: webserver2;LocalService-NTPD SERVICE;OK;HARD;1;PROCS OK: 1 process with command name 'ntpd'
[1577212200] CURRENT SERVICE STATE: webserver2;Memory;OK;HARD;1;OK - 45.5% (11148076 kB) free.
[1577212200] CURRENT SERVICE STATE: webserver2;PING;OK;HARD;1;PING OK - Packet loss = 0%, RTA = 0.07 ms
[1577212200] CURRENT SERVICE STATE: webserver2;Root Partition;OK;HARD;1;DISK OK - free space: / 13312 MB (26.01% inode=99%):
[1577212200] CURRENT SERVICE STATE: webserver2;SSH;OK;HARD;1;SSH OK - OpenSSH_7.4 (protocol 2.0)
[1577212200] CURRENT SERVICE STATE: webserver2;Sensors Status;OK;HARD;1;SENSORS OK
[1577212200] CURRENT SERVICE STATE: webserver2;Total Processes;OK;HARD;1;PROCS OK: 169 processes with STATE = RSZDT
[1577212200] CURRENT SERVICE STATE: webservercluster1;CPU Load;OK;HARD;1;OK - load average: 0.05, 0.04, 0.05
[1577212200] CURRENT SERVICE STATE: webservercluster1;CPU_Procs;OK;HARD;1;CPU OK: 335 processes
[1577212200] CURRENT SERVICE STATE: webservercluster1;Current Users;OK;HARD;1;USERS OK - 5 users currently logged in
[1577212200] CURRENT SERVICE STATE: webservercluster1;HDD_Home status;OK;HARD;1;DISK OK - free space: / 20400 MB (39% inode=99%):
[1577212200] CURRENT SERVICE STATE: webservercluster1;HDD_Root status;OK;HARD;1;DISK OK - free space: /home 117233 MB (52% inode=99%):
[1577212200] CURRENT SERVICE STATE: webservercluster1;LocalService-NTPD SERVICE;OK;HARD;1;PROCS OK: 1 process with command name 'ntpd'
[1577212200] CURRENT SERVICE STATE: webservercluster1;Memory;WARNING;HARD;3;WARNING - 13.8% (2248920 kB) free!
[1577212200] CURRENT SERVICE STATE: webservercluster1;Sensors Status;OK;HARD;1;SENSORS OK
[1577212200] CURRENT SERVICE STATE: webservercluster1;Total Processes;OK;HARD;1;PROCS OK: 336 processes
[1577212200] CURRENT SERVICE STATE: webservercluster2;CPU Load;OK;HARD;1;OK - load average: 1.13, 1.19, 1.11
[1577212200] CURRENT SERVICE STATE: webservercluster2;CPU_Procs;CRITICAL;HARD;3;CPU CRITICAL: 1 crit, 0 warn out of 311 processes
[1577212200] CURRENT SERVICE STATE: webservercluster2;Current Users;OK;HARD;1;USERS OK - 4 users currently logged in
[1577212200] CURRENT SERVICE STATE: webservercluster2;HDD_Home status;OK;HARD;1;DISK OK - free space: /home 223480 MB (99% inode=99%):
[1577212200] CURRENT SERVICE STATE: webservercluster2;HDD_Root status;OK;HARD;1;DISK OK - free space: / 40154 MB (78% inode=99%):
[1577212200] CURRENT SERVICE STATE: webservercluster2;LocalService-NTPD SERVICE;OK;HARD;1;PROCS OK: 1 process with command name 'ntpd'
[1577212200] CURRENT SERVICE STATE: webservercluster2;Memory;OK;HARD;1;OK - 57.0% (9259636 kB) free.
[1577212200] CURRENT SERVICE STATE: webservercluster2;Sensors Status;OK;HARD;1;SENSORS OK
[1577212200] CURRENT SERVICE STATE: webservercluster2;Total Processes;OK;HARD;1;PROCS OK: 309 processes
[1577212253] SERVICE ALERT: redis-1;CPU_Procs;WARNING;SOFT;1;CPU WARNING: 1 warn out of 403 processes
[1577212373] SERVICE ALERT: redis-1;CPU_Procs;WARNING;SOFT;2;CPU WARNING: 1 warn out of 403 processes
[1577212426] SERVICE NOTIFICATION: nagiosadmin;pservercluster2;Memory;WARNING;notify-service-by-email;WARNING - 11.7% (2866104 kB) free!
[1577212426] SERVICE ALERT: pservercluster2;Memory;WARNING;HARD;3;WARNING - 11.7% (2866104 kB) free!
[1577212493] SERVICE NOTIFICATION: nagiosadmin;redis-1;CPU_Procs;CRITICAL;notify-service-by-email;CPU CRITICAL: 1 crit, 0 warn out of 402 processes
[1577212493] SERVICE ALERT: redis-1;CPU_Procs;CRITICAL;HARD;3;CPU CRITICAL: 1 crit, 0 warn out of 402 processes
[1577212627] SERVICE NOTIFICATION: nagiosadmin;sservercluster1;Memory;CRITICAL;notify-service-by-email;CRITICAL - 0.7% (173572 kB) free!
[1577212627] SERVICE ALERT: sservercluster1;Memory;CRITICAL;HARD;3;CRITICAL - 0.7% (173572 kB) free!
[1577212838] SERVICE NOTIFICATION: nagiosadmin;webservercluster1;Memory;WARNING;notify-service-by-email;WARNING - 13.8% (2242804 kB) free!
[1577212865] SERVICE ALERT: pservercluster1;Memory;CRITICAL;SOFT;1;CRITICAL - 0.8% (186316 kB) free!
[1577212946] SERVICE ALERT: sservercluster2;Memory;CRITICAL;SOFT;1;CRITICAL - 0.9% (223780 kB) free!
[1577212989] SERVICE ALERT: pservercluster1;Memory;CRITICAL;SOFT;2;CRITICAL - 0.8% (187696 kB) free!
[1577213027] SERVICE NOTIFICATION: nagiosadmin;pservercluster2;Memory;CRITICAL;notify-service-by-email;CRITICAL - 0.8% (200620 kB) free!
[1577213027] SERVICE ALERT: pservercluster2;Memory;CRITICAL;HARD;3;CRITICAL - 0.8% (200620 kB) free!
[1577213066] SERVICE ALERT: sservercluster2;Memory;CRITICAL;SOFT;2;CRITICAL - 0.9% (208840 kB) free!
[1577213093] SERVICE NOTIFICATION: nagiosadmin;redis-1;CPU_Procs;WARNING;notify-service-by-email;CPU WARNING: 1 warn out of 400 processes
[1577213093] SERVICE ALERT: redis-1;CPU_Procs;WARNING;HARD;3;CPU WARNING: 1 warn out of 400 processes
[1577213109] SERVICE NOTIFICATION: nagiosadmin;pservercluster1;Memory;CRITICAL;notify-service-by-email;CRITICAL - 0.8% (189872 kB) free!
[1577213109] SERVICE ALERT: pservercluster1;Memory;CRITICAL;HARD;3;CRITICAL - 0.8% (189872 kB) free!
[1577213186] SERVICE NOTIFICATION: nagiosadmin;sservercluster2;Memory;CRITICAL;notify-service-by-email;CRITICAL - 0.8% (203492 kB) free!
[1577213186] SERVICE ALERT: sservercluster2;Memory;CRITICAL;HARD;3;CRITICAL - 0.8% (203492 kB) free!
[1577213694] SERVICE NOTIFICATION: nagiosadmin;redis-1;CPU_Procs;OK;notify-service-by-email;CPU OK: 401 processes
[1577213694] SERVICE ALERT: redis-1;CPU_Procs;OK;HARD;1;CPU OK: 401 processes
[1577213894] Auto-save of retention data completed successfully.
[1577214395] SERVICE NOTIFICATION: nagiosadmin;sigqscluster1;Memory;WARNING;notify-service-by-email;WARNING - 16.0% (7878576 kB) free!
[1577214595] SERVICE NOTIFICATION: nagiosadmin;qservercluster2;Memory;WARNING;notify-service-by-email;WARNING - 15.0% (7370816 kB) free!
[1577214909] SERVICE NOTIFICATION: nagiosadmin;pservercluster1;Memory;OK;notify-service-by-email;OK - 40.5% (9984496 kB) free.
[1577214909] SERVICE ALERT: pservercluster1;Memory;OK;HARD;1;OK - 40.5% (9984496 kB) free.
[1577215201] SERVICE NOTIFICATION: nagiosadmin;webservercluster2;CPU_Procs;CRITICAL;notify-service-by-email;CPU CRITICAL: 1 crit, 0 warn out of 318 processes
[1577215685] SERVICE NOTIFICATION: nagiosadmin;primary-server;Nginx Error Log Status;CRITICAL;notify-service-by-email;(6) < 2019/12/25 00:56:37 [error] 20756#0: *19746203 connect() failed (111: Connection refused) while connecting to upstream, client: 183.82.105.122, server: 0.0.0.0:3000, upstream: "10.147.212.154:3000", bytes from/to client:0/0, bytes from/to upstream:0/0
[1577216227] SERVICE NOTIFICATION: nagiosadmin;sservercluster1;Memory;CRITICAL;notify-service-by-email;CRITICAL - 0.7% (164724 kB) free!
[1577216438] SERVICE NOTIFICATION: nagiosadmin;webservercluster1;Memory;WARNING;notify-service-by-email;WARNING - 13.9% (2259808 kB) free!
[1577216628] SERVICE NOTIFICATION: nagiosadmin;pservercluster2;Memory;CRITICAL;notify-service-by-email;CRITICAL - 0.7% (182600 kB) free!
[1577216709] SERVICE ALERT: pservercluster1;Memory;CRITICAL;SOFT;1;CRITICAL - 0.8% (192540 kB) free!
[1577216786] SERVICE NOTIFICATION: nagiosadmin;sservercluster2;Memory;CRITICAL;notify-service-by-email;CRITICAL - 1.0% (250212 kB) free!
[1577216795] SERVICE NOTIFICATION: nagiosadmin;sigqscluster1;Memory;CRITICAL;notify-service-by-email;CRITICAL - 5.0% (2460768 kB) free!
[1577216795] SERVICE ALERT: sigqscluster1;Memory;CRITICAL;HARD;3;CRITICAL - 5.0% (2460768 kB) free!
[1577216829] SERVICE ALERT: pservercluster1;Memory;CRITICAL;SOFT;2;CRITICAL - 0.7% (184712 kB) free!
[1577216949] SERVICE NOTIFICATION: nagiosadmin;pservercluster1;Memory;CRITICAL;notify-service-by-email;CRITICAL - 0.7% (170604 kB) free!
[1577216949] SERVICE ALERT: pservercluster1;Memory;CRITICAL;HARD;3;CRITICAL - 0.7% (170604 kB) free!
[1577217494] Auto-save of retention data completed successfully.
[1577218195] SERVICE NOTIFICATION: nagiosadmin;qservercluster2;Memory;WARNING;notify-service-by-email;WARNING - 14.8% (7298708 kB) free!
[1577218801] SERVICE NOTIFICATION: nagiosadmin;webservercluster2;CPU_Procs;CRITICAL;notify-service-by-email;CPU CRITICAL: 1 crit, 0 warn out of 305 processes
[1577219227] SERVICE NOTIFICATION: nagiosadmin;sservercluster1;Memory;OK;notify-service-by-email;OK - 42.7% (10459924 kB) free.
[1577219227] SERVICE ALERT: sservercluster1;Memory;OK;HARD;1;OK - 42.7% (10459924 kB) free.
[1577219285] SERVICE NOTIFICATION: nagiosadmin;primary-server;Nginx Error Log Status;CRITICAL;notify-service-by-email;(3) < 2019/12/25 01:56:14 [error] 20756#0: *19758880 connect() failed (111: Connection refused) while connecting to upstream, client: 103.255.146.164, server: 0.0.0.0:3000, upstream: "10.147.212.154:3000", bytes from/to client:0/0, bytes from/to upstream:0/0
[1577220038] SERVICE NOTIFICATION: nagiosadmin;webservercluster1;Memory;WARNING;notify-service-by-email;WARNING - 13.9% (2260160 kB) free!
[1577220386] SERVICE NOTIFICATION: nagiosadmin;sservercluster2;Memory;CRITICAL;notify-service-by-email;CRITICAL - 1.0% (250720 kB) free!
[1577220395] SERVICE NOTIFICATION: nagiosadmin;sigqscluster1;Memory;CRITICAL;notify-service-by-email;CRITICAL - 0.4% (221148 kB) free!
[1577220549] SERVICE NOTIFICATION: nagiosadmin;pservercluster1;Memory;CRITICAL;notify-service-by-email;CRITICAL - 0.7% (172088 kB) free!
[1577220827] SERVICE NOTIFICATION: nagiosadmin;pservercluster2;Memory;CRITICAL;notify-service-by-email;CRITICAL - 0.7% (175636 kB) free!
[1577221094] Auto-save of retention data completed successfully.
[1577221106] SERVICE ALERT: smscapp1;Memory;CRITICAL;SOFT;1;CRITICAL - 0.5% (242524 kB) free!
[1577221195] SERVICE NOTIFICATION: nagiosadmin;qservercluster2;Memory;OK;notify-service-by-email;OK - 73.0% (35975212 kB) free.
[1577221195] SERVICE ALERT: qservercluster2;Memory;OK;HARD;1;OK - 73.0% (35975212 kB) free.
[1577221226] SERVICE ALERT: smscapp1;Memory;CRITICAL;SOFT;2;CRITICAL - 0.5% (236944 kB) free!
[1577221346] SERVICE NOTIFICATION: nagiosadmin;smscapp1;Memory;CRITICAL;notify-service-by-email;CRITICAL - 0.4% (219296 kB) free!
[1577221346] SERVICE ALERT: smscapp1;Memory;CRITICAL;HARD;3;CRITICAL - 0.4% (219296 kB) free!
[1577221946] SERVICE NOTIFICATION: nagiosadmin;smscapp1;Memory;OK;notify-service-by-email;OK - 87.2% (42981944 kB) free.
[1577221946] SERVICE ALERT: smscapp1;Memory;OK;HARD;1;OK - 87.2% (42981944 kB) free.
[1577222402] SERVICE NOTIFICATION: nagiosadmin;webservercluster2;CPU_Procs;CRITICAL;notify-service-by-email;CPU CRITICAL: 1 crit, 0 warn out of 310 processes
[1577222885] SERVICE NOTIFICATION: nagiosadmin;primary-server;Nginx Error Log Status;CRITICAL;notify-service-by-email;(5) < 2019/12/25 02:56:14 [error] 20756#0: *19771663 connect() failed (111: Connection refused) while connecting to upstream, client: 103.255.146.164, server: 0.0.0.0:3000, upstream: "10.147.212.155:3000", bytes from/to client:0/0, bytes from/to upstream:0/0
[1577223638] SERVICE NOTIFICATION: nagiosadmin;webservercluster1;Memory;WARNING;notify-service-by-email;WARNING - 13.9% (2253328 kB) free!
[1577223986] SERVICE NOTIFICATION: nagiosadmin;sservercluster2;Memory;CRITICAL;notify-service-by-email;CRITICAL - 5.5% (1352532 kB) free!
[1577223995] SERVICE NOTIFICATION: nagiosadmin;sigqscluster1;Memory;CRITICAL;notify-service-by-email;CRITICAL - 0.4% (220792 kB) free!
[1577224000] SERVICE ALERT: primary-server;Nginx Access Log Status;CRITICAL;SOFT;1;(1554) < 203.212.70.170 [25/Dec/2019:03:11:22 +0530] TCP 502 0 0 0.000 "backend_3001" "0" "0" "0.000"
[1577224120] SERVICE ALERT: primary-server;Nginx Access Log Status;OK;HARD;1;Log check ok - 0 pattern matches found
[1577224149] SERVICE NOTIFICATION: nagiosadmin;pservercluster1;Memory;CRITICAL;notify-service-by-email;CRITICAL - 5.6% (1378772 kB) free!
[1577224427] SERVICE NOTIFICATION: nagiosadmin;pservercluster2;Memory;CRITICAL;notify-service-by-email;CRITICAL - 4.7% (1160052 kB) free!
[1577224694] Auto-save of retention data completed successfully.
[1577225885] SERVICE NOTIFICATION: nagiosadmin;primary-server;Nginx Error Log Status;OK;notify-service-by-email;Log check ok - 0 pattern matches found
[1577225885] SERVICE ALERT: primary-server;Nginx Error Log Status;OK;HARD;1;Log check ok - 0 pattern matches found
[1577226485] SERVICE ALERT: primary-server;Nginx Error Log Status;CRITICAL;SOFT;1;(4) < 2019/12/25 03:55:45 [error] 20756#0: *19785777 connect() failed (111: Connection refused) while connecting to upstream, client: 183.82.105.122, server: 0.0.0.0:3000, upstream: "10.147.212.155:3000", bytes from/to client:0/0, bytes from/to upstream:0/0
[1577226601] SERVICE NOTIFICATION: nagiosadmin;webservercluster2;CPU_Procs;CRITICAL;notify-service-by-email;CPU CRITICAL: 1 crit, 0 warn out of 311 processes
[1577226606] SERVICE ALERT: primary-server;Nginx Error Log Status;OK;HARD;1;Log check ok - 0 pattern matches found
[1577227205] SERVICE ALERT: primary-server;Nginx Error Log Status;CRITICAL;SOFT;1;(11) < 2019/12/25 04:01:37 [error] 20759#0: *19787032 connect() failed (111: Connection refused) while connecting to upstream, client: 183.82.105.122, server: 0.0.0.0:3000, upstream: "10.147.212.155:3000", bytes from/to client:0/0, bytes from/to upstream:0/0
[1577227238] SERVICE NOTIFICATION: nagiosadmin;webservercluster1;Memory;WARNING;notify-service-by-email;WARNING - 13.8% (2240076 kB) free!
[1577227325] SERVICE ALERT: primary-server;Nginx Error Log Status;CRITICAL;SOFT;2;(6) < 2019/12/25 04:11:37 [error] 20754#0: *19789147 connect() failed (111: Connection refused) while connecting to upstream, client: 183.82.105.122, server: 0.0.0.0:3000, upstream: "10.147.212.143:3000", bytes from/to client:0/0, bytes from/to upstream:0/0
[1577227445] SERVICE ALERT: primary-server;Nginx Error Log Status;OK;HARD;1;Log check ok - 0 pattern matches found
[1577227586] SERVICE NOTIFICATION: nagiosadmin;sservercluster2;Memory;CRITICAL;notify-service-by-email;CRITICAL - 4.6% (1125440 kB) free!
[1577227595] SERVICE NOTIFICATION: nagiosadmin;sigqscluster1;Memory;CRITICAL;notify-service-by-email;CRITICAL - 0.5% (238836 kB) free!
[1577227749] SERVICE NOTIFICATION: nagiosadmin;pservercluster1;Memory;CRITICAL;notify-service-by-email;CRITICAL - 3.7% (920384 kB) free!
[1577228027] SERVICE NOTIFICATION: nagiosadmin;pservercluster2;Memory;CRITICAL;notify-service-by-email;CRITICAL - 3.3% (816864 kB) free!
[1577228045] SERVICE ALERT: primary-server;Nginx Error Log Status;CRITICAL;SOFT;1;(9) < 2019/12/25 04:21:14 [error] 20756#0: *19791183 connect() failed (111: Connection refused) while connecting to upstream, client: 103.255.146.164, server: 0.0.0.0:3000, upstream: "10.147.212.155:3000", bytes from/to client:0/0, bytes from/to upstream:0/0
[1577228165] SERVICE ALERT: primary-server;Nginx Error Log Status;OK;HARD;1;Log check ok - 0 pattern matches found
[1577228294] Auto-save of retention data completed successfully.
[1577228765] SERVICE ALERT: primary-server;Nginx Error Log Status;CRITICAL;SOFT;1;(15) < 2019/12/25 04:35:46 [error] 20756#0: *19794250 connect() failed (111: Connection refused) while connecting to upstream, client: 183.82.105.122, server: 0.0.0.0:3000, upstream: "10.147.212.154:3000", bytes from/to client:0/0, bytes from/to upstream:0/0
[1577228885] SERVICE ALERT: primary-server;Nginx Error Log Status;OK;HARD;1;Log check ok - 0 pattern matches found
[1577229486] SERVICE ALERT: primary-server;Nginx Error Log Status;CRITICAL;SOFT;1;(12) < 2019/12/25 04:46:14 [error] 20759#0: *19796462 connect() failed (111: Connection refused) while connecting to upstream, client: 103.255.146.164, server: 0.0.0.0:3000, upstream: "10.147.212.154:3000", bytes from/to client:0/0, bytes from/to upstream:0/0
[1577229606] SERVICE ALERT: primary-server;Nginx Error Log Status;OK;HARD;1;Log check ok - 0 pattern matches found
[1577230201] SERVICE NOTIFICATION: nagiosadmin;webservercluster2;CPU_Procs;CRITICAL;notify-service-by-email;CPU CRITICAL: 1 crit, 0 warn out of 310 processes
[1577230206] SERVICE ALERT: primary-server;Nginx Error Log Status;CRITICAL;SOFT;1;(6) < 2019/12/25 04:56:14 [error] 20758#0: *19798571 connect() failed (111: Connection refused) while connecting to upstream, client: 103.255.146.164, server: 0.0.0.0:3000, upstream: "10.147.212.143:3000", bytes from/to client:0/0, bytes from/to upstream:0/0
[1577230326] SERVICE ALERT: primary-server;Nginx Error Log Status;CRITICAL;SOFT;2;(4) < 2019/12/25 05:00:40 [error] 20752#0: *19799506 connect() failed (111: Connection refused) while connecting to upstream, client: 103.255.146.164, server: 0.0.0.0:3000, upstream: "10.147.212.154:3000", bytes from/to client:0/0, bytes from/to upstream:0/0
[1577230446] SERVICE ALERT: primary-server;Nginx Error Log Status;OK;HARD;1;Log check ok - 0 pattern matches found
[1577230838] SERVICE NOTIFICATION: nagiosadmin;webservercluster1;Memory;WARNING;notify-service-by-email;WARNING - 13.8% (2241032 kB) free!
[1577231046] SERVICE ALERT: primary-server;Nginx Error Log Status;CRITICAL;SOFT;1;(6) < 2019/12/25 05:11:14 [error] 20756#0: *19801739 connect() failed (111: Connection refused) while connecting to upstream, client: 103.255.146.164, server: 0.0.0.0:3000, upstream: "10.147.212.154:3000", bytes from/to client:0/0, bytes from/to upstream:0/0
[1577231166] SERVICE ALERT: primary-server;Nginx Error Log Status;CRITICAL;SOFT;2;(9) < 2019/12/25 05:15:42 [error] 20760#0: *19802683 connect() failed (111: Connection refused) while connecting to upstream, client: 103.255.146.164, server: 0.0.0.0:3000, upstream: "10.147.212.154:3000", bytes from/to client:0/0, bytes from/to upstream:0/0
[1577231187] SERVICE NOTIFICATION: nagiosadmin;sservercluster2;Memory;CRITICAL;notify-service-by-email;CRITICAL - 3.8% (937376 kB) free!
[1577231195] SERVICE NOTIFICATION: nagiosadmin;sigqscluster1;Memory;CRITICAL;notify-service-by-email;CRITICAL - 0.9% (424308 kB) free!
[1577231286] SERVICE ALERT: primary-server;Nginx Error Log Status;OK;HARD;1;Log check ok - 0 pattern matches found
[1577231349] SERVICE NOTIFICATION: nagiosadmin;pservercluster1;Memory;CRITICAL;notify-service-by-email;CRITICAL - 2.7% (677544 kB) free!
[1577231628] SERVICE NOTIFICATION: nagiosadmin;pservercluster2;Memory;CRITICAL;notify-service-by-email;CRITICAL - 2.3% (552508 kB) free!
[1577231887] SERVICE ALERT: primary-server;Nginx Error Log Status;CRITICAL;SOFT;1;(6) < 2019/12/25 05:25:45 [error] 20759#0: *19804852 connect() failed (111: Connection refused) while connecting to upstream, client: 183.82.105.122, server: 0.0.0.0:3000, upstream: "10.147.212.155:3000", bytes from/to client:0/0, bytes from/to upstream:0/0
[1577231894] Auto-save of retention data completed successfully.
[1577232007] SERVICE ALERT: primary-server;Nginx Error Log Status;CRITICAL;SOFT;2;(3) < 2019/12/25 05:28:43 [error] 20756#0: *19805476 connect() failed (111: Connection refused) while connecting to upstream, client: 103.255.146.164, server: 0.0.0.0:3000, upstream: "10.147.212.155:3000", bytes from/to client:0/0, bytes from/to upstream:0/0
[1577232127] SERVICE NOTIFICATION: nagiosadmin;primary-server;Nginx Error Log Status;CRITICAL;notify-service-by-email;(9) < 2019/12/25 05:31:37 [error] 20760#0: *19806118 connect() failed (111: Connection refused) while connecting to upstream, client: 183.82.105.122, server: 0.0.0.0:3000, upstream: "10.147.212.143:3000", bytes from/to client:0/0, bytes from/to upstream:0/0
[1577232127] SERVICE ALERT: primary-server;Nginx Error Log Status;CRITICAL;HARD;3;(9) < 2019/12/25 05:31:37 [error] 20760#0: *19806118 connect() failed (111: Connection refused) while connecting to upstream, client: 183.82.105.122, server: 0.0.0.0:3000, upstream: "10.147.212.143:3000", bytes from/to client:0/0, bytes from/to upstream:0/0
[1577233801] SERVICE NOTIFICATION: nagiosadmin;webservercluster2;CPU_Procs;CRITICAL;notify-service-by-email;CPU CRITICAL: 1 crit, 0 warn out of 313 processes
[1577234228] SERVICE ALERT: sservercluster1;Memory;CRITICAL;SOFT;1;CRITICAL - 0.7% (175200 kB) free!
[1577234348] SERVICE ALERT: sservercluster1;Memory;OK;HARD;1;OK - 35.6% (8714440 kB) free.
[1577234438] SERVICE NOTIFICATION: nagiosadmin;webservercluster1;Memory;WARNING;notify-service-by-email;WARNING - 13.8% (2236296 kB) free!
[1577234786] SERVICE NOTIFICATION: nagiosadmin;sservercluster2;Memory;OK;notify-service-by-email;OK - 86.9% (21302688 kB) free.
[1577234786] SERVICE ALERT: sservercluster2;Memory;OK;HARD;1;OK - 86.9% (21302688 kB) free.
[1577234795] SERVICE NOTIFICATION: nagiosadmin;sigqscluster1;Memory;CRITICAL;notify-service-by-email;CRITICAL - 0.7% (339544 kB) free!
[1577234948] SERVICE ALERT: sservercluster1;Memory;CRITICAL;SOFT;1;CRITICAL - 0.9% (226300 kB) free!
[1577234949] SERVICE NOTIFICATION: nagiosadmin;pservercluster1;Memory;OK;notify-service-by-email;OK - 48.3% (11928996 kB) free.
[1577234949] SERVICE ALERT: pservercluster1;Memory;OK;HARD;1;OK - 48.3% (11928996 kB) free.
[1577235068] SERVICE ALERT: sservercluster1;Memory;CRITICAL;SOFT;2;CRITICAL - 0.9% (210824 kB) free!
[1577235188] SERVICE NOTIFICATION: nagiosadmin;sservercluster1;Memory;CRITICAL;notify-service-by-email;CRITICAL - 0.8% (197756 kB) free!
[1577235188] SERVICE ALERT: sservercluster1;Memory;CRITICAL;HARD;3;CRITICAL - 0.8% (197756 kB) free!
[1577235228] SERVICE NOTIFICATION: nagiosadmin;pservercluster2;Memory;OK;notify-service-by-email;OK - 83.6% (20484420 kB) free.
[1577235228] SERVICE ALERT: pservercluster2;Memory;OK;HARD;1;OK - 83.6% (20484420 kB) free.
[1577235364] EXTERNAL COMMAND: SCHEDULE_FORCED_SVC_CHECK;sigqscluster1;Memory;1577235362
[1577235364] SERVICE NOTIFICATION: nagiosadmin;sigqscluster1;Memory;OK;notify-service-by-email;OK - 78.7% (38803720 kB) free.
[1577235364] SERVICE ALERT: sigqscluster1;Memory;OK;HARD;1;OK - 78.7% (38803720 kB) free.
[1577235368] EXTERNAL COMMAND: SCHEDULE_FORCED_SVC_CHECK;sigqscluster1;Memory;1577235367
[1577235404] EXTERNAL COMMAND: SCHEDULE_FORCED_SVC_CHECK;sservercluster1;Memory;1577235403
[1577235405] SERVICE NOTIFICATION: nagiosadmin;sservercluster1;Memory;OK;notify-service-by-email;OK - 92.7% (22727040 kB) free.
[1577235405] SERVICE ALERT: sservercluster1;Memory;OK;HARD;1;OK - 92.7% (22727040 kB) free.
[1577235407] EXTERNAL COMMAND: SCHEDULE_FORCED_SVC_CHECK;sservercluster1;Memory;1577235406
[1577235494] Auto-save of retention data completed successfully.
[1577235728] SERVICE NOTIFICATION: nagiosadmin;primary-server;Nginx Error Log Status;CRITICAL;notify-service-by-email;(9) < 2019/12/25 06:30:35 [error] 20756#0: *19818566 connect() failed (111: Connection refused) while connecting to upstream, client: 103.255.146.164, server: 0.0.0.0:3000, upstream: "10.147.212.155:3000", bytes from/to client:0/0, bytes from/to upstream:0/0
[1577236149] SERVICE ALERT: pservercluster1;Memory;WARNING;SOFT;1;WARNING - 19.3% (4766776 kB) free!
[1577236269] SERVICE ALERT: pservercluster1;Memory;WARNING;SOFT;2;WARNING - 19.3% (4754000 kB) free!
[1577236389] SERVICE NOTIFICATION: nagiosadmin;pservercluster1;Memory;WARNING;notify-service-by-email;WARNING - 19.2% (4743540 kB) free!
[1577236389] SERVICE ALERT: pservercluster1;Memory;WARNING;HARD;3;WARNING - 19.2% (4743540 kB) free!
[1577237401] SERVICE NOTIFICATION: nagiosadmin;webservercluster2;CPU_Procs;CRITICAL;notify-service-by-email;CPU CRITICAL: 1 crit, 0 warn out of 310 processes
[1577238038] SERVICE NOTIFICATION: nagiosadmin;webservercluster1;Memory;WARNING;notify-service-by-email;WARNING - 13.7% (2234220 kB) free!
[1577238894] SERVICE ALERT: redis-1;CPU_Procs;WARNING;SOFT;1;CPU WARNING: 1 warn out of 402 processes
[1577239014] SERVICE ALERT: redis-1;CPU_Procs;OK;HARD;1;CPU OK: 402 processes
[1577239094] Auto-save of retention data completed successfully.
[1577239928] SERVICE NOTIFICATION: nagiosadmin;primary-server;Nginx Error Log Status;CRITICAL;notify-service-by-email;(5) < 2019/12/25 07:40:45 [error] 20756#0: *19833484 connect() failed (111: Connection refused) while connecting to upstream, client: 183.82.105.122, server: 0.0.0.0:3000, upstream: "10.147.212.155:3000", bytes from/to client:0/0, bytes from/to upstream:0/0
[1577239989] SERVICE NOTIFICATION: nagiosadmin;pservercluster1;Memory;CRITICAL;notify-service-by-email;CRITICAL - 0.7% (178920 kB) free!
[1577239989] SERVICE ALERT: pservercluster1;Memory;CRITICAL;HARD;3;CRITICAL - 0.7% (178920 kB) free!
[1577241001] SERVICE NOTIFICATION: nagiosadmin;webservercluster2;CPU_Procs;CRITICAL;notify-service-by-email;CPU CRITICAL: 1 crit, 0 warn out of 307 processes
[1577241371] EXTERNAL COMMAND: SCHEDULE_FORCED_SVC_CHECK;pservercluster1;Memory;1577241370
[1577241371] SERVICE FLAPPING ALERT: pservercluster1;Memory;STARTED; Service appears to have started flapping (22.0% change >= 20.0% threshold)
[1577241371] SERVICE ALERT: pservercluster1;Memory;OK;HARD;1;OK - 91.0% (22448664 kB) free.
[1577241374] EXTERNAL COMMAND: SCHEDULE_FORCED_SVC_CHECK;pservercluster1;Memory;1577241373
[1577241377] EXTERNAL COMMAND: SCHEDULE_FORCED_SVC_CHECK;pservercluster1;Memory;1577241376
[1577241638] SERVICE NOTIFICATION: nagiosadmin;webservercluster1;Memory;WARNING;notify-service-by-email;WARNING - 13.7% (2229648 kB) free!
[1577242694] Auto-save of retention data completed successfully.
[1577243814] SERVICE ALERT: redis-1;CPU_Procs;WARNING;SOFT;1;CPU WARNING: 1 warn out of 401 processes
[1577243934] SERVICE ALERT: redis-1;CPU_Procs;OK;HARD;1;CPU OK: 400 processes
[1577244127] SERVICE NOTIFICATION: nagiosadmin;primary-server;Nginx Error Log Status;CRITICAL;notify-service-by-email;(9) < 2019/12/25 08:51:14 [error] 20756#0: *19848451 connect() failed (111: Connection refused) while connecting to upstream, client: 103.255.146.164, server: 0.0.0.0:3000, upstream: "10.147.212.155:3000", bytes from/to client:0/0, bytes from/to upstream:0/0
[1577244601] SERVICE NOTIFICATION: nagiosadmin;webservercluster2;CPU_Procs;CRITICAL;notify-service-by-email;CPU CRITICAL: 1 crit, 0 warn out of 311 processes
[1577245238] SERVICE NOTIFICATION: nagiosadmin;webservercluster1;Memory;WARNING;notify-service-by-email;WARNING - 13.7% (2224708 kB) free!
[1577245327] SERVICE NOTIFICATION: nagiosadmin;primary-server;Nginx Error Log Status;OK;notify-service-by-email;Log check ok - 0 pattern matches found
[1577245327] SERVICE ALERT: primary-server;Nginx Error Log Status;OK;HARD;1;Log check ok - 0 pattern matches found
[1577245927] SERVICE ALERT: primary-server;Nginx Error Log Status;CRITICAL;SOFT;1;(12) < 2019/12/25 09:20:45 [error] 20756#0: *19854685 connect() failed (111: Connection refused) while connecting to upstream, client: 183.82.105.122, server: 0.0.0.0:3000, upstream: "10.147.212.154:3000", bytes from/to client:0/0, bytes from/to upstream:0/0
[1577246047] SERVICE ALERT: primary-server;Nginx Error Log Status;OK;HARD;1;Log check ok - 0 pattern matches found
[1577246294] Auto-save of retention data completed successfully.
[1577246647] SERVICE ALERT: primary-server;Nginx Error Log Status;CRITICAL;SOFT;1;(18) < 2019/12/25 09:30:45 [error] 20756#0: *19856822 connect() failed (111: Connection refused) while connecting to upstream, client: 183.82.105.122, server: 0.0.0.0:3000, upstream: "10.147.212.154:3000", bytes from/to client:0/0, bytes from/to upstream:0/0
[1577246767] SERVICE ALERT: primary-server;Nginx Error Log Status;OK;HARD;1;Log check ok - 0 pattern matches found
[1577247367] SERVICE ALERT: primary-server;Nginx Error Log Status;CRITICAL;SOFT;1;(11) < 2019/12/25 09:45:43 [error] 20759#0: *19859954 connect() failed (111: Connection refused) while connecting to upstream, client: 103.255.146.164, server: 0.0.0.0:3000, upstream: "10.147.212.155:3000", bytes from/to client:0/0, bytes from/to upstream:0/0
[1577247488] SERVICE ALERT: primary-server;Nginx Error Log Status;CRITICAL;SOFT;2;(3) < 2019/12/25 09:46:14 [error] 20753#0: *19860068 connect() failed (111: Connection refused) while connecting to upstream, client: 103.255.146.164, server: 0.0.0.0:3000, upstream: "10.147.212.143:3000", bytes from/to client:0/0, bytes from/to upstream:0/0
[1577247608] SERVICE ALERT: primary-server;Nginx Error Log Status;OK;HARD;1;Log check ok - 0 pattern matches found
[1577248201] SERVICE NOTIFICATION: nagiosadmin;webservercluster2;CPU_Procs;CRITICAL;notify-service-by-email;CPU CRITICAL: 1 crit, 0 warn out of 317 processes
[1577248208] SERVICE ALERT: primary-server;Nginx Error Log Status;CRITICAL;SOFT;1;(6) < 2019/12/25 09:55:46 [error] 20757#0: *19862076 connect() failed (111: Connection refused) while connecting to upstream, client: 183.82.105.122, server: 0.0.0.0:3000, upstream: "10.147.212.154:3000", bytes from/to client:0/0, bytes from/to upstream:0/0
[1577248328] SERVICE ALERT: primary-server;Nginx Error Log Status;CRITICAL;SOFT;2;(12) < 2019/12/25 10:00:43 [error] 20757#0: *19863135 connect() failed (111: Connection refused) while connecting to upstream, client: 103.255.146.164, server: 0.0.0.0:3000, upstream: "10.147.212.155:3000", bytes from/to client:0/0, bytes from/to upstream:0/0
[1577248448] SERVICE ALERT: primary-server;Nginx Error Log Status;OK;HARD;1;Log check ok - 0 pattern matches found
[1577248838] SERVICE NOTIFICATION: nagiosadmin;webservercluster1;Memory;WARNING;notify-service-by-email;WARNING - 13.7% (2226108 kB) free!
[1577249048] SERVICE ALERT: primary-server;Nginx Error Log Status;CRITICAL;SOFT;1;(3) < 2019/12/25 10:11:37 [error] 20758#0: *19865404 connect() failed (111: Connection refused) while connecting to upstream, client: 183.82.105.122, server: 0.0.0.0:3000, upstream: "10.147.212.143:3000", bytes from/to client:0/0, bytes from/to upstream:0/0
[1577249168] SERVICE ALERT: primary-server;Nginx Error Log Status;CRITICAL;SOFT;2;(9) < 2019/12/25 10:15:38 [error] 20757#0: *19866253 connect() failed (111: Connection refused) while connecting to upstream, client: 103.255.146.164, server: 0.0.0.0:3000, upstream: "10.147.212.154:3000", bytes from/to client:0/0, bytes from/to upstream:0/0
[1577249289] SERVICE ALERT: primary-server;Nginx Error Log Status;OK;HARD;1;Log check ok - 0 pattern matches found
[1577249888] SERVICE ALERT: primary-server;Nginx Error Log Status;CRITICAL;SOFT;1;(6) < 2019/12/25 10:26:37 [error] 20756#0: *19868536 connect() failed (111: Connection refused) while connecting to upstream, client: 183.82.105.122, server: 0.0.0.0:3000, upstream: "10.147.212.154:3000", bytes from/to client:0/0, bytes from/to upstream:0/0
[1577249894] Auto-save of retention data completed successfully.
[1577250008] SERVICE ALERT: primary-server;Nginx Error Log Status;OK;HARD;1;Log check ok - 0 pattern matches found
[1577250377] SERVICE FLAPPING ALERT: pservercluster1;Memory;STOPPED; Service appears to have stopped flapping (4.0% change < 5.0% threshold)
[1577250608] SERVICE ALERT: primary-server;Nginx Error Log Status;CRITICAL;SOFT;1;(9) < 2019/12/25 10:30:41 [error] 20756#0: *19869391 connect() failed (111: Connection refused) while connecting to upstream, client: 103.255.146.164, server: 0.0.0.0:3000, upstream: "10.147.212.155:3000", bytes from/to client:0/0, bytes from/to upstream:0/0
[1577250728] SERVICE ALERT: primary-server;Nginx Error Log Status;CRITICAL;SOFT;2;(3) < 2019/12/25 10:41:37 [error] 20757#0: *19871680 connect() failed (111: Connection refused) while connecting to upstream, client: 183.82.105.122, server: 0.0.0.0:3000, upstream: "10.147.212.154:3000", bytes from/to client:0/0, bytes from/to upstream:0/0
[1577250848] SERVICE ALERT: primary-server;Nginx Error Log Status;OK;HARD;1;Log check ok - 0 pattern matches found
[1577251398] SERVICE ALERT: rq-2;rq2-rabbitmqerror;CRITICAL;SOFT;1;(1) < Channel error on connection <0.17741.1821> (10.147.212.158:48920 -> 10.147.212.204:5672, vhost: '/', user: 'guest'), channel 1:
[1577251448] SERVICE ALERT: primary-server;Nginx Error Log Status;CRITICAL;SOFT;1;(12) < 2019/12/25 10:51:37 [error] 20756#0: *19873789 connect() failed (111: Connection refused) while connecting to upstream, client: 183.82.105.122, server: 0.0.0.0:3000, upstream: "10.147.212.155:3000", bytes from/to client:0/0, bytes from/to upstream:0/0
[1577251518] SERVICE ALERT: rq-2;rq2-rabbitmqerror;OK;HARD;1;Log check ok - 0 pattern matches found
[1577251568] SERVICE ALERT: primary-server;Nginx Error Log Status;CRITICAL;SOFT;2;(3) < 2019/12/25 10:55:45 [error] 20760#0: *19874639 connect() failed (111: Connection refused) while connecting to upstream, client: 183.82.105.122, server: 0.0.0.0:3000, upstream: "10.147.212.154:3000", bytes from/to client:0/0, bytes from/to upstream:0/0
[1577251689] SERVICE ALERT: primary-server;Nginx Error Log Status;OK;HARD;1;Log check ok - 0 pattern matches found
[1577251801] SERVICE NOTIFICATION: nagiosadmin;webservercluster2;CPU_Procs;CRITICAL;notify-service-by-email;CPU CRITICAL: 1 crit, 0 warn out of 307 processes
[1577252288] SERVICE ALERT: primary-server;Nginx Error Log Status;CRITICAL;SOFT;1;(9) < 2019/12/25 11:00:40 [error] 20758#0: *19875691 connect() failed (111: Connection refused) while connecting to upstream, client: 103.255.146.164, server: 0.0.0.0:3000, upstream: "10.147.212.143:3000", bytes from/to client:0/0, bytes from/to upstream:0/0
[1577252408] SERVICE ALERT: primary-server;Nginx Error Log Status;OK;HARD;1;Log check ok - 0 pattern matches found
[1577252438] SERVICE NOTIFICATION: nagiosadmin;webservercluster1;Memory;WARNING;notify-service-by-email;WARNING - 13.7% (2222092 kB) free!
[1577252777] SERVICE ALERT: pservercluster1;Memory;WARNING;SOFT;1;WARNING - 14.7% (3636184 kB) free!
[1577252897] SERVICE ALERT: pservercluster1;Memory;WARNING;SOFT;2;WARNING - 14.2% (3500796 kB) free!
[1577253008] SERVICE ALERT: primary-server;Nginx Error Log Status;CRITICAL;SOFT;1;(18) < 2019/12/25 11:16:38 [error] 20757#0: *19879013 connect() failed (111: Connection refused) while connecting to upstream, client: 183.82.105.122, server: 0.0.0.0:3000, upstream: "10.147.212.154:3000", bytes from/to client:0/0, bytes from/to upstream:0/0
[1577253017] SERVICE NOTIFICATION: nagiosadmin;pservercluster1;Memory;WARNING;notify-service-by-email;WARNING - 13.7% (3384184 kB) free!
[1577253017] SERVICE ALERT: pservercluster1;Memory;WARNING;HARD;3;WARNING - 13.7% (3384184 kB) free!
[1577253128] SERVICE ALERT: primary-server;Nginx Error Log Status;CRITICAL;SOFT;2;(3) < 2019/12/25 11:20:45 [error] 20760#0: *19879876 connect() failed (111: Connection refused) while connecting to upstream, client: 183.82.105.122, server: 0.0.0.0:3000, upstream: "10.147.212.143:3000", bytes from/to client:0/0, bytes from/to upstream:0/0
[1577253248] SERVICE ALERT: primary-server;Nginx Error Log Status;OK;HARD;1;Log check ok - 0 pattern matches found
[1577253494] Auto-save of retention data completed successfully.
[1577253617] SERVICE NOTIFICATION: nagiosadmin;pservercluster1;Memory;CRITICAL;notify-service-by-email;CRITICAL - 7.0% (1725400 kB) free!
[1577253617] SERVICE ALERT: pservercluster1;Memory;CRITICAL;HARD;3;CRITICAL - 7.0% (1725400 kB) free!
[1577253848] SERVICE ALERT: primary-server;Nginx Error Log Status;CRITICAL;SOFT;1;(15) < 2019/12/25 11:30:45 [error] 20760#0: *19881980 connect() failed (111: Connection refused) while connecting to upstream, client: 183.82.105.122, server: 0.0.0.0:3000, upstream: "10.147.212.154:3000", bytes from/to client:0/0, bytes from/to upstream:0/0
[1577253969] SERVICE ALERT: primary-server;Nginx Error Log Status;CRITICAL;SOFT;2;(3) < 2019/12/25 11:35:46 [error] 20755#0: *19883011 connect() failed (111: Connection refused) while connecting to upstream, client: 183.82.105.122, server: 0.0.0.0:3000, upstream: "10.147.212.155:3000", bytes from/to client:0/0, bytes from/to upstream:0/0
[1577254089] SERVICE NOTIFICATION: nagiosadmin;primary-server;Nginx Error Log Status;CRITICAL;notify-service-by-email;(3) < 2019/12/25 11:36:14 [error] 20753#0: *19883113 connect() failed (111: Connection refused) while connecting to upstream, client: 103.255.146.164, server: 0.0.0.0:3000, upstream: "10.147.212.143:3000", bytes from/to client:0/0, bytes from/to upstream:0/0
[1577254089] SERVICE ALERT: primary-server;Nginx Error Log Status;CRITICAL;HARD;3;(3) < 2019/12/25 11:36:14 [error] 20753#0: *19883113 connect() failed (111: Connection refused) while connecting to upstream, client: 103.255.146.164, server: 0.0.0.0:3000, upstream: "10.147.212.143:3000", bytes from/to client:0/0, bytes from/to upstream:0/0
[1577254468] SERVICE ALERT: webservercluster1;CPU_Procs;WARNING;SOFT;1;CPU WARNING: 1 warn out of 335 processes
[1577254588] SERVICE ALERT: webservercluster1;CPU_Procs;OK;HARD;1;CPU OK: 335 processes
[1577255401] SERVICE NOTIFICATION: nagiosadmin;webservercluster2;CPU_Procs;CRITICAL;notify-service-by-email;CPU CRITICAL: 1 crit, 0 warn out of 344 processes
[1577256038] SERVICE NOTIFICATION: nagiosadmin;webservercluster1;Memory;WARNING;notify-service-by-email;WARNING - 13.6% (2212532 kB) free!
[1577257094] Auto-save of retention data completed successfully.
[1577257217] SERVICE NOTIFICATION: nagiosadmin;pservercluster1;Memory;CRITICAL;notify-service-by-email;CRITICAL - 0.7% (166372 kB) free!
[1577257690] SERVICE NOTIFICATION: nagiosadmin;primary-server;Nginx Error Log Status;CRITICAL;notify-service-by-email;(14) < 2019/12/25 12:36:37 [error] 20756#0: *19896041 connect() failed (111: Connection refused) while connecting to upstream, client: 183.82.105.122, server: 0.0.0.0:3000, upstream: "10.147.212.154:3000", bytes from/to client:0/0, bytes from/to upstream:0/0
[1577259001] SERVICE NOTIFICATION: nagiosadmin;webservercluster2;CPU_Procs;CRITICAL;notify-service-by-email;CPU CRITICAL: 1 crit, 0 warn out of 347 processes
[1577259228] SERVICE ALERT: pservercluster2;Memory;WARNING;SOFT;1;WARNING - 20.0% (4908884 kB) free!
[1577259348] SERVICE ALERT: pservercluster2;Memory;WARNING;SOFT;2;WARNING - 19.7% (4838916 kB) free!
[1577259468] SERVICE NOTIFICATION: nagiosadmin;pservercluster2;Memory;WARNING;notify-service-by-email;WARNING - 19.3% (4736816 kB) free!
[1577259468] SERVICE ALERT: pservercluster2;Memory;WARNING;HARD;3;WARNING - 19.3% (4736816 kB) free!
[1577259587] EXTERNAL COMMAND: SCHEDULE_FORCED_SVC_CHECK;pservercluster1;Memory;1577259586
[1577259588] SERVICE NOTIFICATION: nagiosadmin;pservercluster1;Memory;OK;notify-service-by-email;OK - 89.0% (21974528 kB) free.
[1577259588] SERVICE ALERT: pservercluster1;Memory;OK;HARD;1;OK - 89.0% (21974528 kB) free.
[1577259591] EXTERNAL COMMAND: SCHEDULE_FORCED_SVC_CHECK;pservercluster1;Memory;1577259590
[1577259594] EXTERNAL COMMAND: SCHEDULE_FORCED_SVC_CHECK;pservercluster1;Memory;1577259593
[1577259598] EXTERNAL COMMAND: SCHEDULE_FORCED_SVC_CHECK;pservercluster1;Memory;1577259597
[1577259638] SERVICE NOTIFICATION: nagiosadmin;webservercluster1;Memory;WARNING;notify-service-by-email;WARNING - 13.6% (2210012 kB) free!
[1577259797] SERVICE ALERT: secondary-server;Memory Status;WARNING;SOFT;1;WARNING - 20.0% (4912928 kB) free!
[1577259917] SERVICE ALERT: secondary-server;Memory Status;WARNING;SOFT;2;WARNING - 20.0% (4901288 kB) free!
[1577260037] SERVICE NOTIFICATION: nagiosadmin;secondary-server;Memory Status;WARNING;notify-service-by-email;WARNING - 20.0% (4890200 kB) free!
[1577260037] SERVICE ALERT: secondary-server;Memory Status;WARNING;HARD;3;WARNING - 20.0% (4890200 kB) free!
[1577260588] SERVICE ALERT: webservercluster1;CPU_Procs;WARNING;SOFT;1;CPU WARNING: 1 warn out of 338 processes
[1577260694] Auto-save of retention data completed successfully.
[1577260708] SERVICE ALERT: webservercluster1;CPU_Procs;OK;HARD;1;CPU OK: 337 processes
[1577261868] SERVICE NOTIFICATION: nagiosadmin;pservercluster2;Memory;CRITICAL;notify-service-by-email;CRITICAL - 8.5% (2084148 kB) free!
[1577261868] SERVICE ALERT: pservercluster2;Memory;CRITICAL;HARD;3;CRITICAL - 8.5% (2084148 kB) free!
[1577261889] SERVICE NOTIFICATION: nagiosadmin;primary-server;Nginx Error Log Status;CRITICAL;notify-service-by-email;(9) < 2019/12/25 13:45:40 [error] 20755#0: *19910733 connect() failed (111: Connection refused) while connecting to upstream, client: 103.255.146.164, server: 0.0.0.0:3000, upstream: "10.147.212.155:3000", bytes from/to client:0/0, bytes from/to upstream:0/0
[1577262601] SERVICE NOTIFICATION: nagiosadmin;webservercluster2;CPU_Procs;CRITICAL;notify-service-by-email;CPU CRITICAL: 1 crit, 0 warn out of 305 processes
[1577263238] SERVICE NOTIFICATION: nagiosadmin;webservercluster1;Memory;WARNING;notify-service-by-email;WARNING - 13.6% (2217548 kB) free!
[1577263568] SERVICE ALERT: sigqscluster1;Memory;WARNING;SOFT;1;WARNING - 19.4% (9536128 kB) free!
[1577263637] SERVICE NOTIFICATION: nagiosadmin;secondary-server;Memory Status;WARNING;notify-service-by-email;WARNING - 18.5% (4540652 kB) free!
[1577263688] SERVICE ALERT: sigqscluster1;Memory;WARNING;SOFT;2;WARNING - 19.4% (9537108 kB) free!
[1577263808] SERVICE NOTIFICATION: nagiosadmin;sigqscluster1;Memory;WARNING;notify-service-by-email;WARNING - 19.4% (9536428 kB) free!
[1577263808] SERVICE ALERT: sigqscluster1;Memory;WARNING;HARD;3;WARNING - 19.4% (9536428 kB) free!
[1577264294] Auto-save of retention data completed successfully.
[1577265468] SERVICE NOTIFICATION: nagiosadmin;pservercluster2;Memory;CRITICAL;notify-service-by-email;CRITICAL - 5.5% (1353620 kB) free!
[1577265489] SERVICE NOTIFICATION: nagiosadmin;primary-server;Nginx Error Log Status;CRITICAL;notify-service-by-email;(15) < 2019/12/25 14:45:42 [error] 20758#0: *19919837 connect() failed (111: Connection refused) while connecting to upstream, client: 103.255.146.164, server: 0.0.0.0:3000, upstream: "10.147.212.143:3000", bytes from/to client:0/0, bytes from/to upstream:0/0
[1577266201] SERVICE NOTIFICATION: nagiosadmin;webservercluster2;CPU_Procs;CRITICAL;notify-service-by-email;CPU CRITICAL: 1 crit, 0 warn out of 307 processes
[1577266798] SERVICE ALERT: pservercluster1;Memory;CRITICAL;SOFT;1;CRITICAL - 8.7% (2148668 kB) free!
[1577266838] SERVICE NOTIFICATION: nagiosadmin;webservercluster1;Memory;WARNING;notify-service-by-email;WARNING - 13.5% (2200800 kB) free!
[1577266859] EXTERNAL COMMAND: SCHEDULE_FORCED_SVC_CHECK;pservercluster2;Memory;1577266857
[1577266859] SERVICE NOTIFICATION: nagiosadmin;pservercluster2;Memory;OK;notify-service-by-email;OK - 63.8% (15630168 kB) free.
[1577266859] SERVICE ALERT: pservercluster2;Memory;OK;HARD;1;OK - 63.8% (15630168 kB) free.
[1577266862] EXTERNAL COMMAND: SCHEDULE_FORCED_SVC_CHECK;pservercluster2;Memory;1577266861
[1577266865] EXTERNAL COMMAND: SCHEDULE_FORCED_SVC_CHECK;pservercluster2;Memory;1577266864
[1577266895] EXTERNAL COMMAND: SCHEDULE_FORCED_SVC_CHECK;pservercluster1;Memory;1577266893
[1577266895] SERVICE ALERT: pservercluster1;Memory;OK;HARD;1;OK - 91.3% (22528520 kB) free.
[1577266898] EXTERNAL COMMAND: SCHEDULE_FORCED_SVC_CHECK;pservercluster1;Memory;1577266897
[1577267207] SERVICE ALERT: sservercluster1;Memory;WARNING;SOFT;1;WARNING - 18.7% (4578192 kB) free!
[1577267237] SERVICE NOTIFICATION: nagiosadmin;secondary-server;Memory Status;WARNING;notify-service-by-email;WARNING - 17.5% (4278784 kB) free!
[1577267327] SERVICE ALERT: sservercluster1;Memory;WARNING;SOFT;2;WARNING - 18.0% (4421656 kB) free!
[1577267409] SERVICE NOTIFICATION: nagiosadmin;sigqscluster1;Memory;WARNING;notify-service-by-email;WARNING - 13.5% (6659968 kB) free!
[1577267447] SERVICE NOTIFICATION: nagiosadmin;sservercluster1;Memory;WARNING;notify-service-by-email;WARNING - 17.5% (4294660 kB) free!
[1577267447] SERVICE ALERT: sservercluster1;Memory;WARNING;HARD;3;WARNING - 17.5% (4294660 kB) free!
[1577267894] Auto-save of retention data completed successfully.
[1577268986] SERVICE ALERT: sservercluster2;Memory;WARNING;SOFT;1;WARNING - 19.4% (4763516 kB) free!
[1577269089] SERVICE NOTIFICATION: nagiosadmin;primary-server;Nginx Error Log Status;CRITICAL;notify-service-by-email;(15) < 2019/12/25 15:45:45 [error] 20756#0: *19932514 connect() failed (111: Connection refused) while connecting to upstream, client: 183.82.105.122, server: 0.0.0.0:3000, upstream: "10.147.212.155:3000", bytes from/to client:0/0, bytes from/to upstream:0/0
[1577269106] SERVICE ALERT: sservercluster2;Memory;WARNING;SOFT;2;WARNING - 19.2% (4694344 kB) free!
[1577269226] SERVICE NOTIFICATION: nagiosadmin;sservercluster2;Memory;WARNING;notify-service-by-email;WARNING - 18.8% (4619964 kB) free!
[1577269226] SERVICE ALERT: sservercluster2;Memory;WARNING;HARD;3;WARNING - 18.8% (4619964 kB) free!
[1577269801] SERVICE NOTIFICATION: nagiosadmin;webservercluster2;CPU_Procs;CRITICAL;notify-service-by-email;CPU CRITICAL: 1 crit, 0 warn out of 305 processes
[1577269847] SERVICE NOTIFICATION: nagiosadmin;sservercluster1;Memory;CRITICAL;notify-service-by-email;CRITICAL - 8.9% (2186276 kB) free!
[1577269847] SERVICE ALERT: sservercluster1;Memory;CRITICAL;HARD;3;CRITICAL - 8.9% (2186276 kB) free!
[1577269946] SERVICE ALERT: smscapp1;Memory;WARNING;SOFT;1;WARNING - 19.8% (9737488 kB) free!
[1577270066] SERVICE ALERT: smscapp1;Memory;WARNING;SOFT;2;WARNING - 19.4% (9551316 kB) free!
[1577270186] SERVICE NOTIFICATION: nagiosadmin;smscapp1;Memory;WARNING;notify-service-by-email;WARNING - 19.1% (9399756 kB) free!
[1577270186] SERVICE ALERT: smscapp1;Memory;WARNING;HARD;3;WARNING - 19.1% (9399756 kB) free!
[1577270408] SERVICE NOTIFICATION: nagiosadmin;sigqscluster1;Memory;CRITICAL;notify-service-by-email;CRITICAL - 9.8% (4822268 kB) free!
[1577270408] SERVICE ALERT: sigqscluster1;Memory;CRITICAL;HARD;3;CRITICAL - 9.8% (4822268 kB) free!
[1577270438] SERVICE NOTIFICATION: nagiosadmin;webservercluster1;Memory;WARNING;notify-service-by-email;WARNING - 13.5% (2200000 kB) free!
[1577270838] SERVICE NOTIFICATION: nagiosadmin;secondary-server;Memory Status;WARNING;notify-service-by-email;WARNING - 16.0% (3922512 kB) free!
[1577271494] Auto-save of retention data completed successfully.
[1577271540] EXTERNAL COMMAND: SCHEDULE_FORCED_SVC_CHECK;sigqscluster1;Memory;1577271540
[1577271541] SERVICE NOTIFICATION: nagiosadmin;sigqscluster1;Memory;OK;notify-service-by-email;OK - 62.0% (30560988 kB) free.
[1577271541] SERVICE ALERT: sigqscluster1;Memory;OK;HARD;1;OK - 62.0% (30560988 kB) free.
[1577271544] EXTERNAL COMMAND: SCHEDULE_FORCED_SVC_CHECK;sigqscluster1;Memory;1577271543
[1577271547] EXTERNAL COMMAND: SCHEDULE_FORCED_SVC_CHECK;sigqscluster1;Memory;1577271546
[1577271571] EXTERNAL COMMAND: SCHEDULE_FORCED_SVC_CHECK;sservercluster1;Memory;1577271570
[1577271571] SERVICE NOTIFICATION: nagiosadmin;sservercluster1;Memory;OK;notify-service-by-email;OK - 65.9% (16141300 kB) free.
[1577271571] SERVICE ALERT: sservercluster1;Memory;OK;HARD;1;OK - 65.9% (16141300 kB) free.
[1577271574] EXTERNAL COMMAND: SCHEDULE_FORCED_SVC_CHECK;sservercluster1;Memory;1577271573
[1577271577] EXTERNAL COMMAND: SCHEDULE_FORCED_SVC_CHECK;sservercluster1;Memory;1577271576
[1577272298] SERVICE ALERT: pservercluster1;Memory;CRITICAL;SOFT;1;CRITICAL - 0.8% (188372 kB) free!
[1577272418] SERVICE ALERT: pservercluster1;Memory;CRITICAL;SOFT;2;CRITICAL - 0.7% (174884 kB) free!
[1577272538] SERVICE NOTIFICATION: nagiosadmin;pservercluster1;Memory;CRITICAL;notify-service-by-email;CRITICAL - 0.7% (168724 kB) free!
[1577272538] SERVICE ALERT: pservercluster1;Memory;CRITICAL;HARD;3;CRITICAL - 0.7% (168724 kB) free!
[1577272689] SERVICE NOTIFICATION: nagiosadmin;primary-server;Nginx Error Log Status;CRITICAL;notify-service-by-email;(12) < 2019/12/25 16:45:42 [error] 20760#0: *19945158 connect() failed (111: Connection refused) while connecting to upstream, client: 103.255.146.164, server: 0.0.0.0:3000, upstream: "10.147.212.154:3000", bytes from/to client:0/0, bytes from/to upstream:0/0
[1577272826] SERVICE NOTIFICATION: nagiosadmin;sservercluster2;Memory;CRITICAL;notify-service-by-email;CRITICAL - 9.1% (2237912 kB) free!
[1577272826] SERVICE ALERT: sservercluster2;Memory;CRITICAL;HARD;3;CRITICAL - 9.1% (2237912 kB) free!
[1577273401] SERVICE NOTIFICATION: nagiosadmin;webservercluster2;CPU_Procs;CRITICAL;notify-service-by-email;CPU CRITICAL: 1 crit, 0 warn out of 318 processes
[1577273786] SERVICE NOTIFICATION: nagiosadmin;smscapp1;Memory;WARNING;notify-service-by-email;WARNING - 10.6% (5225960 kB) free!
[1577274038] SERVICE NOTIFICATION: nagiosadmin;webservercluster1;Memory;WARNING;notify-service-by-email;WARNING - 13.5% (2199212 kB) free!
[1577274386] SERVICE NOTIFICATION: nagiosadmin;smscapp1;Memory;CRITICAL;notify-service-by-email;CRITICAL - 9.8% (4851016 kB) free!
[1577274386] SERVICE ALERT: smscapp1;Memory;CRITICAL;HARD;3;CRITICAL - 9.8% (4851016 kB) free!
[1577275037] SERVICE NOTIFICATION: nagiosadmin;secondary-server;Memory Status;WARNING;notify-service-by-email;WARNING - 14.6% (3579372 kB) free!
[1577275059] EXTERNAL COMMAND: SCHEDULE_FORCED_SVC_CHECK;pservercluster1;Memory;1577275058
[1577275060] SERVICE NOTIFICATION: nagiosadmin;pservercluster1;Memory;OK;notify-service-by-email;OK - 90.4% (22304132 kB) free.
[1577275060] SERVICE ALERT: pservercluster1;Memory;OK;HARD;1;OK - 90.4% (22304132 kB) free.
[1577275062] EXTERNAL COMMAND: SCHEDULE_FORCED_SVC_CHECK;pservercluster1;Memory;1577275062
[1577275065] EXTERNAL COMMAND: SCHEDULE_FORCED_SVC_CHECK;pservercluster1;Memory;1577275064
[1577275080] EXTERNAL COMMAND: SCHEDULE_FORCED_SVC_CHECK;smscapp1;Memory;1577275079
[1577275081] SERVICE NOTIFICATION: nagiosadmin;smscapp1;Memory;OK;notify-service-by-email;OK - 39.1% (19270448 kB) free.
[1577275081] SERVICE ALERT: smscapp1;Memory;OK;HARD;1;OK - 39.1% (19270448 kB) free.
[1577275083] EXTERNAL COMMAND: SCHEDULE_FORCED_SVC_CHECK;smscapp1;Memory;1577275082
[1577275086] EXTERNAL COMMAND: SCHEDULE_FORCED_SVC_CHECK;smscapp1;Memory;1577275085
[1577275094] Auto-save of retention data completed successfully.
[1577275103] EXTERNAL COMMAND: SCHEDULE_FORCED_SVC_CHECK;sservercluster2;Memory;1577275102
[1577275103] SERVICE NOTIFICATION: nagiosadmin;sservercluster2;Memory;OK;notify-service-by-email;OK - 68.9% (16882500 kB) free.
[1577275103] SERVICE ALERT: sservercluster2;Memory;OK;HARD;1;OK - 68.9% (16882500 kB) free.
[1577275105] EXTERNAL COMMAND: SCHEDULE_FORCED_SVC_CHECK;sservercluster2;Memory;1577275105
[1577276289] SERVICE NOTIFICATION: nagiosadmin;primary-server;Nginx Error Log Status;CRITICAL;notify-service-by-email;(12) < 2019/12/25 17:45:43 [error] 20758#0: *19957758 connect() failed (111: Connection refused) while connecting to upstream, client: 103.255.146.164, server: 0.0.0.0:3000, upstream: "10.147.212.143:3000", bytes from/to client:0/0, bytes from/to upstream:0/0
[1577277001] SERVICE NOTIFICATION: nagiosadmin;webservercluster2;CPU_Procs;CRITICAL;notify-service-by-email;CPU CRITICAL: 1 crit, 0 warn out of 309 processes
[1577277465] SERVICE ALERT: pservercluster1;Memory;WARNING;SOFT;1;WARNING - 19.4% (4780568 kB) free!
[1577277586] SERVICE ALERT: pservercluster1;Memory;CRITICAL;SOFT;2;CRITICAL - 0.7% (179228 kB) free!
[1577277638] SERVICE NOTIFICATION: nagiosadmin;webservercluster1;Memory;WARNING;notify-service-by-email;WARNING - 13.5% (2194668 kB) free!
[1577277706] SERVICE NOTIFICATION: nagiosadmin;pservercluster1;Memory;CRITICAL;notify-service-by-email;CRITICAL - 0.7% (178596 kB) free!
[1577277706] SERVICE ALERT: pservercluster1;Memory;CRITICAL;HARD;3;CRITICAL - 0.7% (178596 kB) free!
[1577278637] SERVICE NOTIFICATION: nagiosadmin;secondary-server;Memory Status;WARNING;notify-service-by-email;WARNING - 14.1% (3459736 kB) free!
[1577278694] Auto-save of retention data completed successfully.
[1577279890] SERVICE NOTIFICATION: nagiosadmin;primary-server;Nginx Error Log Status;CRITICAL;notify-service-by-email;(9) < 2019/12/25 18:45:41 [error] 20758#0: *19970242 connect() failed (111: Connection refused) while connecting to upstream, client: 103.255.146.164, server: 0.0.0.0:3000, upstream: "10.147.212.143:3000", bytes from/to client:0/0, bytes from/to upstream:0/0
[1577280601] SERVICE NOTIFICATION: nagiosadmin;webservercluster2;CPU_Procs;CRITICAL;notify-service-by-email;CPU CRITICAL: 1 crit, 0 warn out of 334 processes
[1577281239] SERVICE NOTIFICATION: nagiosadmin;webservercluster1;Memory;WARNING;notify-service-by-email;WARNING - 13.5% (2190632 kB) free!
[1577281306] SERVICE NOTIFICATION: nagiosadmin;pservercluster1;Memory;CRITICAL;notify-service-by-email;CRITICAL - 0.7% (180140 kB) free!
[1577282237] SERVICE NOTIFICATION: nagiosadmin;secondary-server;Memory Status;WARNING;notify-service-by-email;WARNING - 13.4% (3289784 kB) free!
[1577282294] Auto-save of retention data completed successfully.
[1577284090] SERVICE NOTIFICATION: nagiosadmin;primary-server;Nginx Error Log Status;CRITICAL;notify-service-by-email;(6) < 2019/12/25 19:51:37 [error] 20756#0: *19984153 connect() failed (111: Connection refused) while connecting to upstream, client: 183.82.105.122, server: 0.0.0.0:3000, upstream: "10.147.212.154:3000", bytes from/to client:0/0, bytes from/to upstream:0/0
[1577284201] SERVICE NOTIFICATION: nagiosadmin;webservercluster2;CPU_Procs;CRITICAL;notify-service-by-email;CPU CRITICAL: 1 crit, 0 warn out of 309 processes
[1577284383] EXTERNAL COMMAND: SCHEDULE_FORCED_SVC_CHECK;pservercluster1;Memory;1577284382
[1577284383] SERVICE NOTIFICATION: nagiosadmin;pservercluster1;Memory;OK;notify-service-by-email;OK - 88.9% (21937444 kB) free.
[1577284383] SERVICE ALERT: pservercluster1;Memory;OK;HARD;1;OK - 88.9% (21937444 kB) free.
[1577284386] EXTERNAL COMMAND: SCHEDULE_FORCED_SVC_CHECK;pservercluster1;Memory;1577284385
[1577285438] SERVICE NOTIFICATION: nagiosadmin;webservercluster1;Memory;WARNING;notify-service-by-email;WARNING - 13.4% (2185008 kB) free!
[1577285837] SERVICE NOTIFICATION: nagiosadmin;secondary-server;Memory Status;WARNING;notify-service-by-email;WARNING - 13.2% (3235188 kB) free!
[1577285894] Auto-save of retention data completed successfully.
[1577287801] SERVICE NOTIFICATION: nagiosadmin;webservercluster2;CPU_Procs;CRITICAL;notify-service-by-email;CPU CRITICAL: 1 crit, 0 warn out of 308 processes
[1577288289] SERVICE NOTIFICATION: nagiosadmin;primary-server;Nginx Error Log Status;CRITICAL;notify-service-by-email;(12) < 2019/12/25 21:06:37 [error] 20756#0: *19999917 connect() failed (111: Connection refused) while connecting to upstream, client: 183.82.105.122, server: 0.0.0.0:3000, upstream: "10.147.212.155:3000", bytes from/to client:0/0, bytes from/to upstream:0/0
[1577288996] SERVICE ALERT: qservercluster2;Memory;WARNING;SOFT;1;WARNING - 19.9% (9820316 kB) free!
[1577289038] SERVICE NOTIFICATION: nagiosadmin;webservercluster1;Memory;WARNING;notify-service-by-email;WARNING - 13.4% (2173164 kB) free!
[1577289117] SERVICE ALERT: qservercluster2;Memory;WARNING;SOFT;2;WARNING - 19.9% (9810944 kB) free!
[1577289237] SERVICE NOTIFICATION: nagiosadmin;qservercluster2;Memory;WARNING;notify-service-by-email;WARNING - 19.9% (9798120 kB) free!
[1577289237] SERVICE ALERT: qservercluster2;Memory;WARNING;HARD;3;WARNING - 19.9% (9798120 kB) free!
[1577289437] SERVICE NOTIFICATION: nagiosadmin;secondary-server;Memory Status;WARNING;notify-service-by-email;WARNING - 13.0% (3197996 kB) free!
[1577289494] Auto-save of retention data completed successfully.
[1577291401] SERVICE NOTIFICATION: nagiosadmin;webservercluster2;CPU_Procs;CRITICAL;notify-service-by-email;CPU CRITICAL: 1 crit, 0 warn out of 318 processes
[1577291889] SERVICE NOTIFICATION: nagiosadmin;primary-server;Nginx Error Log Status;CRITICAL;notify-service-by-email;(12) < 2019/12/25 22:06:15 [error] 20756#0: *20012458 connect() failed (111: Connection refused) while connecting to upstream, client: 103.255.146.164, server: 0.0.0.0:3000, upstream: "10.147.212.154:3000", bytes from/to client:0/0, bytes from/to upstream:0/0
[1577292638] SERVICE NOTIFICATION: nagiosadmin;webservercluster1;Memory;WARNING;notify-service-by-email;WARNING - 13.4% (2175816 kB) free!
[1577292837] SERVICE NOTIFICATION: nagiosadmin;qservercluster2;Memory;WARNING;notify-service-by-email;WARNING - 19.3% (9495904 kB) free!
[1577293037] SERVICE NOTIFICATION: nagiosadmin;secondary-server;Memory Status;WARNING;notify-service-by-email;WARNING - 12.9% (3166656 kB) free!
[1577293094] Auto-save of retention data completed successfully.
[1577295001] SERVICE NOTIFICATION: nagiosadmin;webservercluster2;CPU_Procs;CRITICAL;notify-service-by-email;CPU CRITICAL: 1 crit, 0 warn out of 345 processes
[1577295157] SERVICE ALERT: secondary-server;Nginx Error Log Status;CRITICAL;SOFT;1;(1) < 2019/12/25 23:00:10 [error] 28871#0: *26893910 access forbidden by rule while initializing session, client: 103.255.146.164, server: 0.0.0.0:14001
[1577295277] SERVICE ALERT: secondary-server;Nginx Error Log Status;OK;HARD;1;Log check ok - 0 pattern matches found
[1577295489] SERVICE NOTIFICATION: nagiosadmin;primary-server;Nginx Error Log Status;CRITICAL;notify-service-by-email;(16) < 2019/12/25 23:06:37 [error] 20756#0: *20025357 connect() failed (111: Connection refused) while connecting to upstream, client: 183.82.105.122, server: 0.0.0.0:3000, upstream: "10.147.212.155:3000", bytes from/to client:0/0, bytes from/to upstream:0/0
[1577296238] SERVICE NOTIFICATION: nagiosadmin;webservercluster1;Memory;WARNING;notify-service-by-email;WARNING - 13.4% (2171040 kB) free!
[1577296437] SERVICE NOTIFICATION: nagiosadmin;qservercluster2;Memory;WARNING;notify-service-by-email;WARNING - 18.7% (9204584 kB) free!
[1577296637] SERVICE NOTIFICATION: nagiosadmin;secondary-server;Memory Status;WARNING;notify-service-by-email;WARNING - 12.6% (3084260 kB) free!
[1577296694] Auto-save of retention data completed successfully.
[1577298534] SERVICE ALERT: redis-1;CPU_Procs;WARNING;SOFT;1;CPU WARNING: 1 warn out of 403 processes
