[1580063400] LOG ROTATION: DAILY
[1580063400] LOG VERSION: 2.0
[1580063400] CURRENT HOST STATE: db1-vm2;UP;HARD;1;PING OK - Packet loss = 0%, RTA = 0.42 ms
[1580063400] CURRENT HOST STATE: db2;UP;HARD;1;PING OK - Packet loss = 0%, RTA = 0.40 ms
[1580063400] CURRENT HOST STATE: primary-server;UP;HARD;1;PING OK - Packet loss = 0%, RTA = 0.39 ms
[1580063400] CURRENT HOST STATE: pservercluster1;UP;HARD;1;PING OK - Packet loss = 0%, RTA = 0.37 ms
[1580063400] CURRENT HOST STATE: pservercluster2;UP;HARD;1;PING OK - Packet loss = 0%, RTA = 0.29 ms
[1580063400] CURRENT HOST STATE: qservercluster1;UP;HARD;1;PING OK - Packet loss = 0%, RTA = 0.25 ms
[1580063400] CURRENT HOST STATE: qservercluster2;UP;HARD;1;PING OK - Packet loss = 0%, RTA = 0.34 ms
[1580063400] CURRENT HOST STATE: redis-1;UP;HARD;1;PING OK - Packet loss = 0%, RTA = 0.36 ms
[1580063400] CURRENT HOST STATE: redis-2;UP;HARD;1;PING OK - Packet loss = 0%, RTA = 0.33 ms
[1580063400] CURRENT HOST STATE: rq-1;UP;HARD;1;PING OK - Packet loss = 0%, RTA = 0.26 ms
[1580063400] CURRENT HOST STATE: rq-2;UP;HARD;1;PING OK - Packet loss = 0%, RTA = 0.26 ms
[1580063400] CURRENT HOST STATE: secondary-server;UP;HARD;1;PING OK - Packet loss = 0%, RTA = 0.40 ms
[1580063400] CURRENT HOST STATE: sig1-vm2;UP;HARD;1;PING OK - Packet loss = 0%, RTA = 0.57 ms
[1580063400] CURRENT HOST STATE: sig2-vm2;UP;HARD;1;PING OK - Packet loss = 0%, RTA = 0.43 ms
[1580063400] CURRENT HOST STATE: sig3-vm2;UP;HARD;1;PING OK - Packet loss = 0%, RTA = 0.40 ms
[1580063400] CURRENT HOST STATE: sig4-vm2;UP;HARD;1;PING OK - Packet loss = 0%, RTA = 0.55 ms
[1580063400] CURRENT HOST STATE: sig5-vm2;UP;HARD;1;PING OK - Packet loss = 0%, RTA = 0.45 ms
[1580063400] CURRENT HOST STATE: sig6-vm2;UP;HARD;1;PING OK - Packet loss = 0%, RTA = 0.47 ms
[1580063400] CURRENT HOST STATE: sigqscluster1;UP;HARD;1;PING OK - Packet loss = 0%, RTA = 0.44 ms
[1580063400] CURRENT HOST STATE: sigqscluster2;UP;HARD;1;PING OK - Packet loss = 0%, RTA = 0.30 ms
[1580063400] CURRENT HOST STATE: smscapp1;UP;HARD;1;PING OK - Packet loss = 0%, RTA = 0.31 ms
[1580063400] CURRENT HOST STATE: smscapp2;UP;HARD;1;PING OK - Packet loss = 0%, RTA = 0.32 ms
[1580063400] CURRENT HOST STATE: sservercluster1;UP;HARD;1;PING OK - Packet loss = 0%, RTA = 0.32 ms
[1580063400] CURRENT HOST STATE: sservercluster2;UP;HARD;1;PING OK - Packet loss = 0%, RTA = 0.36 ms
[1580063400] CURRENT HOST STATE: webserver1;UP;HARD;1;PING OK - Packet loss = 0%, RTA = 0.41 ms
[1580063400] CURRENT HOST STATE: webserver2;UP;HARD;1;PING OK - Packet loss = 0%, RTA = 0.05 ms
[1580063400] CURRENT HOST STATE: webservercluster1;UP;HARD;1;PING OK - Packet loss = 0%, RTA = 0.44 ms
[1580063400] CURRENT HOST STATE: webservercluster2;UP;HARD;1;PING OK - Packet loss = 0%, RTA = 0.34 ms
[1580063400] CURRENT SERVICE STATE: db1-vm2;CPU Load;OK;HARD;1;OK - load average: 0.49, 0.45, 0.52
[1580063400] CURRENT SERVICE STATE: db1-vm2;CPU_Procs;OK;HARD;1;CPU OK: 462 processes
[1580063400] CURRENT SERVICE STATE: db1-vm2;Current Users;OK;HARD;1;USERS OK - 0 users currently logged in
[1580063400] CURRENT SERVICE STATE: db1-vm2;HDD_Home status;OK;HARD;1;DISK OK - free space: /home 27019 MB (67% inode=99%):
[1580063400] CURRENT SERVICE STATE: db1-vm2;HDD_Root status;OK;HARD;1;DISK OK - free space: / 45365 MB (88% inode=99%):
[1580063400] CURRENT SERVICE STATE: db1-vm2;Memory;OK;HARD;1;OK - 92.2% (22761124 kB) free.
[1580063400] CURRENT SERVICE STATE: db1-vm2;OutOfMemory-killer--oom-killer;OK;HARD;1;Log check ok - 0 pattern matches found
[1580063400] CURRENT SERVICE STATE: db1-vm2;PING;OK;HARD;1;PING OK - Packet loss = 0%, RTA = 0.06 ms
[1580063400] CURRENT SERVICE STATE: db1-vm2;Total Processes;OK;HARD;1;PROCS OK: 462 processes
[1580063400] CURRENT SERVICE STATE: db2;CPU Load;OK;HARD;1;OK - load average: 0.90, 0.90, 0.62
[1580063400] CURRENT SERVICE STATE: db2;CPU_Procs;OK;HARD;1;CPU OK: 335 processes
[1580063400] CURRENT SERVICE STATE: db2;Current Users;OK;HARD;1;USERS OK - 2 users currently logged in
[1580063400] CURRENT SERVICE STATE: db2;HDD_Home status;OK;HARD;1;DISK OK - free space: /home 78243 MB (34% inode=99%):
[1580063400] CURRENT SERVICE STATE: db2;HDD_Root status;OK;HARD;1;DISK OK - free space: / 44471 MB (86% inode=99%):
[1580063400] CURRENT SERVICE STATE: db2;LocalService-NTPD SERVICE;OK;HARD;1;PROCS OK: 1 process with command name 'ntpd'
[1580063400] CURRENT SERVICE STATE: db2;Mariadb status;OK;HARD;1;PROCS OK: 1 process with command name 'mysqld'
[1580063400] CURRENT SERVICE STATE: db2;Memory;OK;HARD;1;OK - 28.6% (14110444 kB) free.
[1580063400] CURRENT SERVICE STATE: db2;Sensors Status;OK;HARD;1;SENSORS OK
[1580063400] CURRENT SERVICE STATE: db2;Total Processes;OK;HARD;1;PROCS OK: 327 processes
[1580063400] CURRENT SERVICE STATE: primary-server;CPU Load;OK;HARD;1;OK - load average: 0.74, 0.81, 0.61
[1580063400] CURRENT SERVICE STATE: primary-server;CPU_Procs;OK;HARD;1;CPU OK: 349 processes
[1580063400] CURRENT SERVICE STATE: primary-server;Current Users;OK;HARD;1;USERS OK - 4 users currently logged in
[1580063400] CURRENT SERVICE STATE: primary-server;HDD_Home status;OK;HARD;1;DISK OK - free space: /home 130478 MB (58% inode=99%):
[1580063400] CURRENT SERVICE STATE: primary-server;HDD_Root status;OK;HARD;1;DISK OK - free space: / 30086 MB (58% inode=99%):
[1580063400] CURRENT SERVICE STATE: primary-server;LocalService-NTPD SERVICE;OK;HARD;1;PROCS OK: 1 process with command name 'ntpd'
[1580063400] CURRENT SERVICE STATE: primary-server;Memory;OK;HARD;1;OK - 87.3% (21398716 kB) free.
[1580063400] CURRENT SERVICE STATE: primary-server;Nginx Access Log Status;OK;HARD;1;Log check ok - 0 pattern matches found
[1580063400] CURRENT SERVICE STATE: primary-server;Nginx Error Log Status;CRITICAL;HARD;3;(105) < 2020/01/26 23:52:43 [error] 18344#0: *26805665 access forbidden by rule while initializing session, client: 54.254.180.107, server: 0.0.0.0:13000
[1580063400] CURRENT SERVICE STATE: primary-server;Nginx Status;OK;HARD;1;NGINX OK -  0.090 sec. response time, Active: 0 (Writing: 0 Reading: 0 Waiting: 0) ReqPerSec: 0.000 ConnPerSec: 0.000 ReqPerConn: 0.000
[1580063400] CURRENT SERVICE STATE: primary-server;Sensors Status;OK;HARD;1;SENSORS OK
[1580063400] CURRENT SERVICE STATE: primary-server;Total Processes;OK;HARD;1;PROCS OK: 349 processes
[1580063400] CURRENT SERVICE STATE: pservercluster1;CPU Load;OK;HARD;1;OK - load average: 0.73, 0.84, 0.92
[1580063400] CURRENT SERVICE STATE: pservercluster1;CPU_Procs;OK;HARD;1;CPU OK: 350 processes
[1580063400] CURRENT SERVICE STATE: pservercluster1;Current Users;OK;HARD;1;USERS OK - 2 users currently logged in
[1580063400] CURRENT SERVICE STATE: pservercluster1;HDD_Home status;OK;HARD;1;DISK OK - free space: /home 199172 MB (90% inode=99%):
[1580063400] CURRENT SERVICE STATE: pservercluster1;HDD_Root status;OK;HARD;1;DISK OK - free space: / 39509 MB (77% inode=99%):
[1580063400] CURRENT SERVICE STATE: pservercluster1;LocalService-NTPD SERVICE;OK;HARD;1;PROCS OK: 1 process with command name 'ntpd'
[1580063400] CURRENT SERVICE STATE: pservercluster1;Memory;OK;HARD;1;OK - 80.6% (19883496 kB) free.
[1580063400] CURRENT SERVICE STATE: pservercluster1;Sensors Status;OK;HARD;1;SENSORS OK
[1580063400] CURRENT SERVICE STATE: pservercluster1;Total Processes;OK;HARD;1;PROCS OK: 350 processes
[1580063400] CURRENT SERVICE STATE: pservercluster2;CPU Load;OK;HARD;1;OK - load average: 2.45, 1.73, 1.49
[1580063400] CURRENT SERVICE STATE: pservercluster2;CPU_Procs;OK;HARD;1;CPU OK: 347 processes
[1580063400] CURRENT SERVICE STATE: pservercluster2;Current Users;OK;HARD;1;USERS OK - 3 users currently logged in
[1580063400] CURRENT SERVICE STATE: pservercluster2;HDD_Home status;OK;HARD;1;DISK OK - free space: /home 168221 MB (74% inode=99%):
[1580063400] CURRENT SERVICE STATE: pservercluster2;HDD_Root status;OK;HARD;1;DISK OK - free space: / 37445 MB (73% inode=98%):
[1580063400] CURRENT SERVICE STATE: pservercluster2;LocalService-NTPD SERVICE;OK;HARD;1;PROCS OK: 1 process with command name 'ntpd'
[1580063400] CURRENT SERVICE STATE: pservercluster2;Memory;OK;HARD;1;OK - 87.2% (21377880 kB) free.
[1580063400] CURRENT SERVICE STATE: pservercluster2;Sensors Status;OK;HARD;1;SENSORS OK
[1580063400] CURRENT SERVICE STATE: pservercluster2;Total Processes;OK;HARD;1;PROCS OK: 347 processes
[1580063400] CURRENT SERVICE STATE: qservercluster1;CPU Load;OK;HARD;1;OK - load average: 10.02, 8.62, 8.24
[1580063400] CURRENT SERVICE STATE: qservercluster1;CPU_Procs;OK;HARD;1;CPU OK: 331 processes
[1580063400] CURRENT SERVICE STATE: qservercluster1;Current Users;OK;HARD;1;USERS OK - 1 users currently logged in
[1580063400] CURRENT SERVICE STATE: qservercluster1;HDD_Home status;OK;HARD;1;DISK OK - free space: /home 224641 MB (99% inode=99%):
[1580063400] CURRENT SERVICE STATE: qservercluster1;HDD_Root status;OK;HARD;1;DISK OK - free space: / 44531 MB (87% inode=99%):
[1580063400] CURRENT SERVICE STATE: qservercluster1;LocalService-NTPD SERVICE;OK;HARD;1;PROCS OK: 1 process with command name 'ntpd'
[1580063400] CURRENT SERVICE STATE: qservercluster1;Memory;OK;HARD;1;OK - 88.6% (43639116 kB) free.
[1580063400] CURRENT SERVICE STATE: qservercluster1;Sensors Status;OK;HARD;1;SENSORS OK
[1580063400] CURRENT SERVICE STATE: qservercluster1;Total Processes;OK;HARD;1;PROCS OK: 330 processes
[1580063400] CURRENT SERVICE STATE: qservercluster2;CPU Load;OK;HARD;1;OK - load average: 1.75, 1.90, 1.92
[1580063400] CURRENT SERVICE STATE: qservercluster2;CPU_Procs;OK;HARD;1;CPU OK: 590 processes
[1580063400] CURRENT SERVICE STATE: qservercluster2;Current Users;OK;HARD;1;USERS OK - 2 users currently logged in
[1580063400] CURRENT SERVICE STATE: qservercluster2;HDD_Home status;OK;HARD;1;DISK OK - free space: /home 127476 MB (56% inode=99%):
[1580063400] CURRENT SERVICE STATE: qservercluster2;HDD_Root status;OK;HARD;1;DISK OK - free space: / 26947 MB (52% inode=98%):
[1580063400] CURRENT SERVICE STATE: qservercluster2;LocalService-NTPD SERVICE;OK;HARD;1;PROCS OK: 1 process with command name 'ntpd'
[1580063400] CURRENT SERVICE STATE: qservercluster2;Memory;OK;HARD;1;OK - 86.8% (42770196 kB) free.
[1580063400] CURRENT SERVICE STATE: qservercluster2;Sensors Status;OK;HARD;1;SENSORS OK
[1580063400] CURRENT SERVICE STATE: qservercluster2;Total Processes;OK;HARD;1;PROCS OK: 588 processes
[1580063400] CURRENT SERVICE STATE: redis-1;CPU Load;OK;HARD;1;OK - load average: 0.08, 0.31, 0.59
[1580063400] CURRENT SERVICE STATE: redis-1;CPU_Procs;OK;HARD;1;CPU OK: 401 processes
[1580063400] CURRENT SERVICE STATE: redis-1;Current Users;OK;HARD;1;USERS OK - 1 users currently logged in
[1580063400] CURRENT SERVICE STATE: redis-1;HDD_Home status;OK;HARD;1;DISK OK - free space: /home 370798 MB (99% inode=99%):
[1580063400] CURRENT SERVICE STATE: redis-1;HDD_Root status;OK;HARD;1;DISK OK - free space: / 45254 MB (88% inode=99%):
[1580063400] CURRENT SERVICE STATE: redis-1;HDD_VNS1 status;OK;HARD;1;DISK OK - free space: /vns1 436466 MB (40% inode=99%):
[1580063400] CURRENT SERVICE STATE: redis-1;LocalService-NTPD SERVICE;OK;HARD;1;PROCS OK: 1 process with command name 'ntpd'
[1580063400] CURRENT SERVICE STATE: redis-1;Memory;WARNING;HARD;3;WARNING - 18.7% (24702408 kB) free!
[1580063400] CURRENT SERVICE STATE: redis-1;Sensors Status;OK;HARD;1;SENSORS OK
[1580063400] CURRENT SERVICE STATE: redis-1;Total Processes;OK;HARD;1;PROCS OK: 401 processes
[1580063400] CURRENT SERVICE STATE: redis-2;CPU Load;OK;HARD;1;OK - load average: 1.00, 0.96, 0.98
[1580063400] CURRENT SERVICE STATE: redis-2;CPU_Procs;OK;HARD;1;CPU OK: 380 processes
[1580063400] CURRENT SERVICE STATE: redis-2;Current Users;OK;HARD;1;USERS OK - 2 users currently logged in
[1580063400] CURRENT SERVICE STATE: redis-2;HDD_Home status;OK;HARD;1;DISK OK - free space: /home 336044 MB (90% inode=99%):
[1580063400] CURRENT SERVICE STATE: redis-2;HDD_Root status;OK;HARD;1;DISK OK - free space: / 45296 MB (88% inode=99%):
[1580063400] CURRENT SERVICE STATE: redis-2;HDD_VNS1 status;OK;HARD;1;DISK OK - free space: /vns1 1069171 MB (99% inode=99%):
[1580063400] CURRENT SERVICE STATE: redis-2;LocalService-NTPD SERVICE;OK;HARD;1;PROCS OK: 1 process with command name 'ntpd'
[1580063400] CURRENT SERVICE STATE: redis-2;Memory;OK;HARD;1;OK - 39.3% (51810624 kB) free.
[1580063400] CURRENT SERVICE STATE: redis-2;Sensors Status;OK;HARD;1;SENSORS OK
[1580063400] CURRENT SERVICE STATE: redis-2;Total Processes;OK;HARD;1;PROCS OK: 380 processes
[1580063400] CURRENT SERVICE STATE: rq-1;CPU Load;OK;HARD;1;OK - load average: 17.60, 16.57, 15.99
[1580063400] CURRENT SERVICE STATE: rq-1;CPU_Procs;OK;HARD;1;CPU OK: 360 processes
[1580063400] CURRENT SERVICE STATE: rq-1;Current Users;OK;HARD;1;USERS OK - 0 users currently logged in
[1580063400] CURRENT SERVICE STATE: rq-1;HDD_Home status;OK;HARD;1;DISK OK - free space: /home 400998 MB (99% inode=99%):
[1580063400] CURRENT SERVICE STATE: rq-1;HDD_Root status;OK;HARD;1;DISK OK - free space: / 42751 MB (83% inode=99%):
[1580063400] CURRENT SERVICE STATE: rq-1;HDD_VNS1 status;OK;HARD;1;DISK OK - free space: /rq1vns1 1068147 MB (99% inode=99%):
[1580063400] CURRENT SERVICE STATE: rq-1;LocalService-NTPD SERVICE;OK;HARD;1;PROCS OK: 1 process with command name 'ntpd'
[1580063400] CURRENT SERVICE STATE: rq-1;Memory;OK;HARD;1;OK - 80.6% (106302540 kB) free.
[1580063400] CURRENT SERVICE STATE: rq-1;Total Processes;OK;HARD;1;PROCS OK: 362 processes
[1580063400] CURRENT SERVICE STATE: rq-1;rq1-rabbitmqerror;OK;HARD;1;Log check ok - 0 pattern matches found
[1580063400] CURRENT SERVICE STATE: rq-2;CPU Load;OK;HARD;1;OK - load average: 18.08, 17.27, 16.79
[1580063400] CURRENT SERVICE STATE: rq-2;CPU_Procs;OK;HARD;1;CPU OK: 382 processes
[1580063400] CURRENT SERVICE STATE: rq-2;Current Users;OK;HARD;1;USERS OK - 1 users currently logged in
[1580063400] CURRENT SERVICE STATE: rq-2;HDD_Home status;OK;HARD;1;DISK OK - free space: /home 401206 MB (99% inode=99%):
[1580063400] CURRENT SERVICE STATE: rq-2;HDD_Root status;OK;HARD;1;DISK OK - free space: / 45502 MB (88% inode=99%):
[1580063400] CURRENT SERVICE STATE: rq-2;HDD_VNS1 status;OK;HARD;1;DISK OK - free space: /dev 64349 MB (100% inode=99%):
[1580063400] CURRENT SERVICE STATE: rq-2;LocalService-NTPD SERVICE;OK;HARD;1;PROCS OK: 2 processes with command name 'ntpd'
[1580063400] CURRENT SERVICE STATE: rq-2;Memory;OK;HARD;1;OK - 92.0% (121248988 kB) free.
[1580063400] CURRENT SERVICE STATE: rq-2;Total Processes;OK;HARD;1;PROCS OK: 385 processes
[1580063400] CURRENT SERVICE STATE: rq-2;rq2-rabbitmqerror;OK;HARD;1;Log check ok - 0 pattern matches found
[1580063400] CURRENT SERVICE STATE: secondary-server;CPU Load;OK;HARD;1;OK - load average: 0.00, 0.05, 0.26
[1580063400] CURRENT SERVICE STATE: secondary-server;CPU_Procs;OK;HARD;1;CPU OK: 343 processes
[1580063400] CURRENT SERVICE STATE: secondary-server;Current Users;OK;HARD;1;USERS OK - 4 users currently logged in
[1580063400] CURRENT SERVICE STATE: secondary-server;HDD_Home status;OK;HARD;1;DISK OK - free space: /home 143280 MB (63% inode=99%):
[1580063400] CURRENT SERVICE STATE: secondary-server;HDD_Root status;OK;HARD;1;DISK OK - free space: / 35224 MB (68% inode=99%):
[1580063400] CURRENT SERVICE STATE: secondary-server;LocalService-NTPD SERVICE;OK;HARD;1;PROCS OK: 1 process with command name 'ntpd'
[1580063400] CURRENT SERVICE STATE: secondary-server;Memory Status;OK;HARD;1;OK - 65.8% (16128820 kB) free.
[1580063400] CURRENT SERVICE STATE: secondary-server;Nginx Access Log Status;OK;HARD;1;Log check ok - 0 pattern matches found
[1580063400] CURRENT SERVICE STATE: secondary-server;Nginx Error Log Status;OK;HARD;1;Log check ok - 0 pattern matches found
[1580063400] CURRENT SERVICE STATE: secondary-server;Nginx Status;OK;HARD;1;NGINX OK -  0.078 sec. response time, Active: 0 (Writing: 0 Reading: 0 Waiting: 0) ReqPerSec: 0.000 ConnPerSec: 0.000 ReqPerConn: 0.000
[1580063400] CURRENT SERVICE STATE: secondary-server;Sensors Status;OK;HARD;1;SENSORS OK
[1580063400] CURRENT SERVICE STATE: secondary-server;Total Processes;OK;HARD;1;PROCS OK: 343 processes
[1580063400] CURRENT SERVICE STATE: sig1-vm2;CPU Load;OK;HARD;1;OK - load average: 0.00, 0.00, 0.00
[1580063400] CURRENT SERVICE STATE: sig1-vm2;CPU_Procs;OK;HARD;1;CPU OK: 263 processes
[1580063400] CURRENT SERVICE STATE: sig1-vm2;Current Users;OK;HARD;1;USERS OK - 0 users currently logged in
[1580063400] CURRENT SERVICE STATE: sig1-vm2;LocalService-NTPD SERVICE;OK;HARD;1;PROCS OK: 2 processes with command name 'ntpd'
[1580063400] CURRENT SERVICE STATE: sig1-vm2;Memory;OK;HARD;1;OK - 71.6% (11694332 kB) free.
[1580063400] CURRENT SERVICE STATE: sig1-vm2;Root status;OK;HARD;1;DISK OK - free space: / 125225 MB (93% inode=97%):
[1580063400] CURRENT SERVICE STATE: sig1-vm2;Total Processes;OK;HARD;1;PROCS OK: 266 processes
[1580063400] CURRENT SERVICE STATE: sig2-vm2;CPU Load;OK;HARD;1;OK - load average: 0.74, 0.69, 0.67
[1580063400] CURRENT SERVICE STATE: sig2-vm2;CPU_Procs;OK;HARD;1;CPU OK: 460 processes
[1580063400] CURRENT SERVICE STATE: sig2-vm2;Current Users;OK;HARD;1;USERS OK - 0 users currently logged in
[1580063400] CURRENT SERVICE STATE: sig2-vm2;HDD_Root status;OK;HARD;1;DISK OK - free space: / 124728 MB (90% inode=99%):
[1580063400] CURRENT SERVICE STATE: sig2-vm2;LocalService-NTPD SERVICE;OK;HARD;1;PROCS OK: 1 process with command name 'ntpd'
[1580063400] CURRENT SERVICE STATE: sig2-vm2;Memory;OK;HARD;1;OK - 90.7% (31583600 kB) free.
[1580063400] CURRENT SERVICE STATE: sig2-vm2;Total Processes;OK;HARD;1;PROCS OK: 459 processes
[1580063400] CURRENT SERVICE STATE: sig3-vm2;CPU Load;OK;HARD;1;OK - load average: 0.05, 0.03, 0.03
[1580063400] CURRENT SERVICE STATE: sig3-vm2;CPU_Procs;OK;HARD;1;CPU OK: 549 processes
[1580063400] CURRENT SERVICE STATE: sig3-vm2;Current Users;OK;HARD;1;USERS OK - 2 users currently logged in
[1580063400] CURRENT SERVICE STATE: sig3-vm2;HDD_Root status;OK;HARD;1;DISK OK - free space: / 90310 MB (75% inode=96%):
[1580063400] CURRENT SERVICE STATE: sig3-vm2;LocalService-NTPD SERVICE;OK;HARD;1;PROCS OK: 2 processes with command name 'ntpd'
[1580063400] CURRENT SERVICE STATE: sig3-vm2;Memory;OK;HARD;1;OK - 96.1% (22661024 kB) free.
[1580063400] CURRENT SERVICE STATE: sig3-vm2;Total Processes;OK;HARD;1;PROCS OK: 550 processes
[1580063400] CURRENT SERVICE STATE: sig4-vm2;CPU Load;OK;HARD;1;OK - load average: 0.00, 0.01, 0.05
[1580063400] CURRENT SERVICE STATE: sig4-vm2;CPU_Procs;OK;HARD;1;CPU OK: 222 processes
[1580063400] CURRENT SERVICE STATE: sig4-vm2;Current Users;OK;HARD;1;USERS OK - 0 users currently logged in
[1580063400] CURRENT SERVICE STATE: sig4-vm2;HDD_Root status;OK;HARD;1;DISK OK - free space: / 106797 MB (83% inode=99%):
[1580063400] CURRENT SERVICE STATE: sig4-vm2;LocalService-NTPD SERVICE;OK;HARD;1;PROCS OK: 1 process with command name 'ntpd'
[1580063400] CURRENT SERVICE STATE: sig4-vm2;Memory;OK;HARD;1;OK - 87.5% (30478796 kB) free.
[1580063400] CURRENT SERVICE STATE: sig4-vm2;Total Processes;OK;HARD;1;PROCS OK: 221 processes
[1580063400] CURRENT SERVICE STATE: sig5-vm2;CPU Load;OK;HARD;1;OK - load average: 1.00, 1.00, 0.94
[1580063400] CURRENT SERVICE STATE: sig5-vm2;CPU_Procs;OK;HARD;1;CPU OK: 460 processes
[1580063400] CURRENT SERVICE STATE: sig5-vm2;Current Users;OK;HARD;1;USERS OK - 0 users currently logged in
[1580063400] CURRENT SERVICE STATE: sig5-vm2;HDD_Root status;OK;HARD;1;DISK OK - free space: / 232377 MB (92% inode=99%):
[1580063400] CURRENT SERVICE STATE: sig5-vm2;LocalService-NTPD SERVICE;OK;HARD;1;PROCS OK: 1 process with command name 'ntpd'
[1580063400] CURRENT SERVICE STATE: sig5-vm2;Memory;OK;HARD;1;OK - 88.9% (31120232 kB) free.
[1580063400] CURRENT SERVICE STATE: sig5-vm2;Total Processes;OK;HARD;1;PROCS OK: 461 processes
[1580063400] CURRENT SERVICE STATE: sig6-vm2;CPU Load;OK;HARD;1;OK - load average: 1.47, 1.21, 0.89
[1580063400] CURRENT SERVICE STATE: sig6-vm2;CPU_Procs;OK;HARD;1;CPU OK: 498 processes
[1580063400] CURRENT SERVICE STATE: sig6-vm2;Current Users;OK;HARD;1;USERS OK - 2 users currently logged in
[1580063400] CURRENT SERVICE STATE: sig6-vm2;HDD_Root status;OK;HARD;1;DISK OK - free space: / 180393 MB (92% inode=99%):
[1580063400] CURRENT SERVICE STATE: sig6-vm2;LocalService-NTPD SERVICE;OK;HARD;1;PROCS OK: 1 process with command name 'ntpd'
[1580063400] CURRENT SERVICE STATE: sig6-vm2;Memory;OK;HARD;1;OK - 71.9% (16151588 kB) free.
[1580063400] CURRENT SERVICE STATE: sig6-vm2;OutOfMemory-killer--oom-killer;OK;HARD;1;Log check ok - 0 pattern matches found
[1580063400] CURRENT SERVICE STATE: sig6-vm2;Total Processes;OK;HARD;1;PROCS OK: 498 processes
[1580063400] CURRENT SERVICE STATE: sigqscluster1;CPU Load;OK;HARD;1;OK - load average: 0.01, 0.03, 0.12
[1580063400] CURRENT SERVICE STATE: sigqscluster1;CPU_Procs;OK;HARD;1;CPU OK: 349 processes
[1580063400] CURRENT SERVICE STATE: sigqscluster1;Current Users;OK;HARD;1;USERS OK - 4 users currently logged in
[1580063400] CURRENT SERVICE STATE: sigqscluster1;HDD_Home status;OK;HARD;1;DISK OK - free space: /home 224102 MB (99% inode=99%):
[1580063400] CURRENT SERVICE STATE: sigqscluster1;HDD_Root status;OK;HARD;1;DISK OK - free space: / 40056 MB (78% inode=99%):
[1580063400] CURRENT SERVICE STATE: sigqscluster1;LocalService-NTPD SERVICE;OK;HARD;1;PROCS OK: 1 process with command name 'ntpd'
[1580063400] CURRENT SERVICE STATE: sigqscluster1;Memory;WARNING;HARD;3;WARNING - 20.0% (9861060 kB) free!
[1580063400] CURRENT SERVICE STATE: sigqscluster1;Sensors Status;OK;HARD;1;SENSORS OK
[1580063400] CURRENT SERVICE STATE: sigqscluster1;Total Processes;OK;HARD;1;PROCS OK: 349 processes
[1580063400] CURRENT SERVICE STATE: sigqscluster2;CPU Load;OK;HARD;1;OK - load average: 12.21, 11.43, 11.63
[1580063400] CURRENT SERVICE STATE: sigqscluster2;CPU_Procs;OK;HARD;1;CPU OK: 304 processes
[1580063400] CURRENT SERVICE STATE: sigqscluster2;Current Users;OK;HARD;1;USERS OK - 0 users currently logged in
[1580063400] CURRENT SERVICE STATE: sigqscluster2;HDD_Home status;OK;HARD;1;DISK OK - free space: /home 208589 MB (99% inode=99%):
[1580063400] CURRENT SERVICE STATE: sigqscluster2;HDD_Root status;OK;HARD;1;DISK OK - free space: / 45505 MB (88% inode=99%):
[1580063400] CURRENT SERVICE STATE: sigqscluster2;LocalService-NTPD SERVICE;OK;HARD;1;PROCS OK: 1 process with command name 'ntpd'
[1580063400] CURRENT SERVICE STATE: sigqscluster2;Memory;OK;HARD;1;OK - 79.8% (39308224 kB) free.
[1580063400] CURRENT SERVICE STATE: sigqscluster2;Sensors Status;OK;HARD;1;SENSORS OK
[1580063400] CURRENT SERVICE STATE: sigqscluster2;Total Processes;OK;HARD;1;PROCS OK: 297 processes
[1580063400] CURRENT SERVICE STATE: sigqscluster2;sigqscluster2-rabbitmqerror;OK;HARD;1;Log check ok - 0 pattern matches found
[1580063400] CURRENT SERVICE STATE: smscapp1;CPU Load;OK;HARD;1;OK - load average: 2.27, 2.33, 2.55
[1580063400] CURRENT SERVICE STATE: smscapp1;CPU_Procs;OK;HARD;1;CPU OK: 681 processes
[1580063400] CURRENT SERVICE STATE: smscapp1;Current Users;OK;HARD;1;USERS OK - 1 users currently logged in
[1580063400] CURRENT SERVICE STATE: smscapp1;HDD_Home status;OK;HARD;1;DISK OK - free space: /home 115385 MB (51% inode=99%):
[1580063400] CURRENT SERVICE STATE: smscapp1;HDD_Root status;OK;HARD;1;DISK OK - free space: / 39072 MB (76% inode=98%):
[1580063400] CURRENT SERVICE STATE: smscapp1;LocalService-NTPD SERVICE;OK;HARD;1;PROCS OK: 1 process with command name 'ntpd'
[1580063400] CURRENT SERVICE STATE: smscapp1;Memory;OK;HARD;1;OK - 86.7% (42716436 kB) free.
[1580063400] CURRENT SERVICE STATE: smscapp1;Sensors Status;OK;HARD;1;SENSORS OK
[1580063400] CURRENT SERVICE STATE: smscapp1;Total Processes;OK;HARD;1;PROCS OK: 681 processes
[1580063400] CURRENT SERVICE STATE: smscapp2;CPU Load;OK;HARD;1;OK - load average: 2.56, 2.86, 3.34
[1580063400] CURRENT SERVICE STATE: smscapp2;CPU_Procs;OK;HARD;1;CPU OK: 2114 processes
[1580063400] CURRENT SERVICE STATE: smscapp2;Current Users;OK;HARD;1;USERS OK - 0 users currently logged in
[1580063400] CURRENT SERVICE STATE: smscapp2;HDD_Home status;OK;HARD;1;DISK OK - free space: /home 160539 MB (71% inode=99%):
[1580063400] CURRENT SERVICE STATE: smscapp2;HDD_Root status;OK;HARD;1;DISK OK - free space: / 38757 MB (75% inode=98%):
[1580063400] CURRENT SERVICE STATE: smscapp2;LocalService-NTPD SERVICE;OK;HARD;1;PROCS OK: 1 process with command name 'ntpd'
[1580063400] CURRENT SERVICE STATE: smscapp2;Memory;CRITICAL;HARD;3;CRITICAL - 0.5% (229292 kB) free!
[1580063400] CURRENT SERVICE STATE: smscapp2;Sensors Status;OK;HARD;1;SENSORS OK
[1580063400] CURRENT SERVICE STATE: smscapp2;Total Processes;OK;HARD;1;PROCS OK: 2114 processes
[1580063400] CURRENT SERVICE STATE: sservercluster1;CPU Load;OK;HARD;1;OK - load average: 0.94, 1.56, 1.58
[1580063400] CURRENT SERVICE STATE: sservercluster1;CPU_Procs;OK;HARD;1;CPU OK: 319 processes
[1580063400] CURRENT SERVICE STATE: sservercluster1;Current Users;OK;HARD;1;USERS OK - 2 users currently logged in
[1580063400] CURRENT SERVICE STATE: sservercluster1;HDD_Home status;OK;HARD;1;DISK OK - free space: /home 174713 MB (79% inode=99%):
[1580063400] CURRENT SERVICE STATE: sservercluster1;HDD_Root status;OK;HARD;1;DISK OK - free space: / 40532 MB (79% inode=99%):
[1580063400] CURRENT SERVICE STATE: sservercluster1;LocalService-NTPD SERVICE;OK;HARD;1;PROCS OK: 1 process with command name 'ntpd'
[1580063400] CURRENT SERVICE STATE: sservercluster1;Memory;OK;HARD;1;OK - 50.8% (12463276 kB) free.
[1580063400] CURRENT SERVICE STATE: sservercluster1;Sensors Status;OK;HARD;1;SENSORS OK
[1580063400] CURRENT SERVICE STATE: sservercluster1;Total Processes;OK;HARD;1;PROCS OK: 318 processes
[1580063400] CURRENT SERVICE STATE: sservercluster2;CPU Load;OK;HARD;1;OK - load average: 0.58, 0.62, 0.64
[1580063400] CURRENT SERVICE STATE: sservercluster2;CPU_Procs;OK;HARD;1;CPU OK: 338 processes
[1580063400] CURRENT SERVICE STATE: sservercluster2;Current Users;OK;HARD;1;USERS OK - 3 users currently logged in
[1580063400] CURRENT SERVICE STATE: sservercluster2;HDD_Home status;OK;HARD;1;DISK OK - free space: /home 186989 MB (84% inode=99%):
[1580063400] CURRENT SERVICE STATE: sservercluster2;HDD_Root status;OK;HARD;1;DISK OK - free space: / 33234 MB (64% inode=98%):
[1580063400] CURRENT SERVICE STATE: sservercluster2;LocalService-NTPD SERVICE;OK;HARD;1;PROCS OK: 1 process with command name 'ntpd'
[1580063400] CURRENT SERVICE STATE: sservercluster2;Memory;OK;HARD;1;OK - 61.5% (15079252 kB) free.
[1580063400] CURRENT SERVICE STATE: sservercluster2;Sensors Status;OK;HARD;1;SENSORS OK
[1580063400] CURRENT SERVICE STATE: sservercluster2;Total Processes;OK;HARD;1;PROCS OK: 337 processes
[1580063400] CURRENT SERVICE STATE: webserver1;CPU Load;OK;HARD;1;OK - load average: 0.00, 0.16, 0.39
[1580063400] CURRENT SERVICE STATE: webserver1;CPU_Procs;OK;HARD;1;CPU OK: 360 processes
[1580063400] CURRENT SERVICE STATE: webserver1;Current Users;OK;HARD;1;USERS OK - 1 users currently logged in
[1580063400] CURRENT SERVICE STATE: webserver1;HDD_Home status;OK;HARD;1;DISK OK - free space: /home 224756 MB (99% inode=99%):
[1580063400] CURRENT SERVICE STATE: webserver1;HDD_Root status;OK;HARD;1;DISK OK - free space: / 40219 MB (78% inode=99%):
[1580063400] CURRENT SERVICE STATE: webserver1;LocalService-NTPD SERVICE;OK;HARD;1;PROCS OK: 1 process with command name 'ntpd'
[1580063400] CURRENT SERVICE STATE: webserver1;Memory;OK;HARD;1;OK - 83.2% (20362220 kB) free.
[1580063400] CURRENT SERVICE STATE: webserver1;Nginx_status;OK;HARD;1;NGINX OK -  0.091 sec. response time, Active: 1 (Writing: 1 Reading: 0 Waiting: 0) ReqPerSec: 0.003 ConnPerSec: 0.010 ReqPerConn: 0.953
[1580063400] CURRENT SERVICE STATE: webserver1;Sensors Status;OK;HARD;1;SENSORS OK
[1580063400] CURRENT SERVICE STATE: webserver1;Total Processes;OK;HARD;1;PROCS OK: 361 processes
[1580063400] CURRENT SERVICE STATE: webserver2;CPU_Procs;OK;HARD;1;CPU OK: 453 processes
[1580063400] CURRENT SERVICE STATE: webserver2;Current Load;OK;HARD;1;OK - load average: 0.00, 0.04, 0.05
[1580063400] CURRENT SERVICE STATE: webserver2;Current Users;OK;HARD;1;USERS OK - 23 users currently logged in
[1580063400] CURRENT SERVICE STATE: webserver2;HDD_Home status;OK;HARD;1;DISK OK - free space: /home 106469 MB (47.37% inode=100%):
[1580063400] CURRENT SERVICE STATE: webserver2;HTTP;OK;HARD;1;HTTP OK: HTTP/1.1 200 OK - 355 bytes in 0.001 second response time
[1580063400] CURRENT SERVICE STATE: webserver2;LocalService-NTPD SERVICE;OK;HARD;1;PROCS OK: 1 process with command name 'ntpd'
[1580063400] CURRENT SERVICE STATE: webserver2;Memory;OK;HARD;1;OK - 63.5% (15571360 kB) free.
[1580063400] CURRENT SERVICE STATE: webserver2;PING;OK;HARD;1;PING OK - Packet loss = 0%, RTA = 0.06 ms
[1580063400] CURRENT SERVICE STATE: webserver2;Root Partition;OK;HARD;1;DISK OK - free space: / 10908 MB (21.31% inode=99%):
[1580063400] CURRENT SERVICE STATE: webserver2;SSH;OK;HARD;1;SSH OK - OpenSSH_7.4 (protocol 2.0)
[1580063400] CURRENT SERVICE STATE: webserver2;Sensors Status;OK;HARD;1;SENSORS OK
[1580063400] CURRENT SERVICE STATE: webserver2;Total Processes;OK;HARD;1;PROCS OK: 160 processes with STATE = RSZDT
[1580063400] CURRENT SERVICE STATE: webservercluster1;CPU Load;OK;HARD;1;OK - load average: 0.00, 0.01, 0.05
[1580063400] CURRENT SERVICE STATE: webservercluster1;CPU_Procs;OK;HARD;1;CPU OK: 332 processes
[1580063400] CURRENT SERVICE STATE: webservercluster1;Current Users;OK;HARD;1;USERS OK - 3 users currently logged in
[1580063400] CURRENT SERVICE STATE: webservercluster1;HDD_Home status;OK;HARD;1;DISK OK - free space: / 20004 MB (39% inode=99%):
[1580063400] CURRENT SERVICE STATE: webservercluster1;HDD_Root status;OK;HARD;1;DISK OK - free space: /home 135217 MB (60% inode=99%):
[1580063400] CURRENT SERVICE STATE: webservercluster1;LocalService-NTPD SERVICE;OK;HARD;1;PROCS OK: 1 process with command name 'ntpd'
[1580063400] CURRENT SERVICE STATE: webservercluster1;Memory;OK;HARD;1;OK - 76.4% (12423488 kB) free.
[1580063400] CURRENT SERVICE STATE: webservercluster1;Sensors Status;OK;HARD;1;SENSORS OK
[1580063400] CURRENT SERVICE STATE: webservercluster1;Total Processes;OK;HARD;1;PROCS OK: 333 processes
[1580063400] CURRENT SERVICE STATE: webservercluster2;CPU Load;OK;HARD;1;OK - load average: 0.50, 0.53, 0.57
[1580063400] CURRENT SERVICE STATE: webservercluster2;CPU_Procs;OK;HARD;1;CPU OK: 295 processes
[1580063400] CURRENT SERVICE STATE: webservercluster2;Current Users;OK;HARD;1;USERS OK - 3 users currently logged in
[1580063400] CURRENT SERVICE STATE: webservercluster2;HDD_Home status;OK;HARD;1;DISK OK - free space: /home 224096 MB (99% inode=99%):
[1580063400] CURRENT SERVICE STATE: webservercluster2;HDD_Root status;OK;HARD;1;DISK OK - free space: / 40092 MB (78% inode=99%):
[1580063400] CURRENT SERVICE STATE: webservercluster2;LocalService-NTPD SERVICE;OK;HARD;1;PROCS OK: 1 process with command name 'ntpd'
[1580063400] CURRENT SERVICE STATE: webservercluster2;Memory;OK;HARD;1;OK - 62.4% (10137500 kB) free.
[1580063400] CURRENT SERVICE STATE: webservercluster2;Sensors Status;OK;HARD;1;SENSORS OK
[1580063400] CURRENT SERVICE STATE: webservercluster2;Total Processes;OK;HARD;1;PROCS OK: 292 processes
[1580063531] SERVICE NOTIFICATION: nagiosadmin;smscapp2;Memory;OK;notify-service-by-email;OK - 61.5% (30318280 kB) free.
[1580063531] SERVICE ALERT: smscapp2;Memory;OK;HARD;1;OK - 61.5% (30318280 kB) free.
[1580063778] SERVICE ALERT: sservercluster1;Memory;WARNING;SOFT;1;WARNING - 11.4% (2795224 kB) free!
[1580063898] SERVICE ALERT: sservercluster1;Memory;CRITICAL;SOFT;2;CRITICAL - 0.8% (191812 kB) free!
[1580064010] SERVICE ALERT: sservercluster2;Memory;WARNING;SOFT;1;WARNING - 18.7% (4580908 kB) free!
[1580064018] SERVICE NOTIFICATION: nagiosadmin;sservercluster1;Memory;CRITICAL;notify-service-by-email;CRITICAL - 0.7% (174136 kB) free!
[1580064018] SERVICE ALERT: sservercluster1;Memory;CRITICAL;HARD;3;CRITICAL - 0.7% (174136 kB) free!
[1580064131] SERVICE ALERT: sservercluster2;Memory;WARNING;SOFT;2;WARNING - 18.7% (4583452 kB) free!
[1580064251] SERVICE NOTIFICATION: nagiosadmin;sservercluster2;Memory;WARNING;notify-service-by-email;WARNING - 18.7% (4584504 kB) free!
[1580064251] SERVICE ALERT: sservercluster2;Memory;WARNING;HARD;3;WARNING - 18.7% (4584504 kB) free!
[1580064798] SERVICE ALERT: pservercluster1;Memory;CRITICAL;SOFT;1;CRITICAL - 0.7% (178564 kB) free!
[1580064918] SERVICE ALERT: pservercluster1;Memory;CRITICAL;SOFT;2;CRITICAL - 0.8% (196908 kB) free!
[1580065038] SERVICE NOTIFICATION: nagiosadmin;pservercluster1;Memory;CRITICAL;notify-service-by-email;CRITICAL - 0.8% (188608 kB) free!
[1580065038] SERVICE ALERT: pservercluster1;Memory;CRITICAL;HARD;3;CRITICAL - 0.8% (188608 kB) free!
[1580065094] Auto-save of retention data completed successfully.
[1580065370] SERVICE NOTIFICATION: nagiosadmin;primary-server;Nginx Error Log Status;CRITICAL;notify-service-by-email;(101) < 2020/01/27 00:32:40 [error] 18345#0: *26807167 access forbidden by rule while initializing session, client: 103.209.99.7, server: 0.0.0.0:13000
[1580066010] SERVICE NOTIFICATION: nagiosadmin;sigqscluster1;Memory;WARNING;notify-service-by-email;WARNING - 19.9% (9814244 kB) free!
[1580066239] SERVICE NOTIFICATION: nagiosadmin;pservercluster1;Memory;OK;notify-service-by-email;OK - 43.8% (10820372 kB) free.
[1580066239] SERVICE ALERT: pservercluster1;Memory;OK;HARD;1;OK - 43.8% (10820372 kB) free.
[1580066360] SERVICE NOTIFICATION: nagiosadmin;redis-1;Memory;WARNING;notify-service-by-email;WARNING - 18.7% (24648044 kB) free!
[1580067439] SERVICE ALERT: pservercluster1;Memory;WARNING;SOFT;1;WARNING - 15.7% (3883860 kB) free!
[1580067559] SERVICE ALERT: pservercluster1;Memory;CRITICAL;SOFT;2;CRITICAL - 7.2% (1764740 kB) free!
[1580067618] SERVICE NOTIFICATION: nagiosadmin;sservercluster1;Memory;CRITICAL;notify-service-by-email;CRITICAL - 0.7% (182776 kB) free!
[1580067679] SERVICE NOTIFICATION: nagiosadmin;pservercluster1;Memory;CRITICAL;notify-service-by-email;CRITICAL - 0.8% (195560 kB) free!
[1580067679] SERVICE ALERT: pservercluster1;Memory;CRITICAL;HARD;3;CRITICAL - 0.8% (195560 kB) free!
[1580067810] SERVICE NOTIFICATION: nagiosadmin;sigqscluster1;Memory;CRITICAL;notify-service-by-email;CRITICAL - 7.9% (3877632 kB) free!
[1580067810] SERVICE ALERT: sigqscluster1;Memory;CRITICAL;HARD;3;CRITICAL - 7.9% (3877632 kB) free!
[1580067851] SERVICE NOTIFICATION: nagiosadmin;sservercluster2;Memory;WARNING;notify-service-by-email;WARNING - 18.3% (4493188 kB) free!
[1580068160] SERVICE NOTIFICATION: nagiosadmin;redis-1;Memory;OK;notify-service-by-email;OK - 20.3% (26762416 kB) free.
[1580068160] SERVICE ALERT: redis-1;Memory;OK;HARD;1;OK - 20.3% (26762416 kB) free.
[1580068528] SERVICE ALERT: secondary-server;Nginx Error Log Status;CRITICAL;SOFT;1;(7) < 2020/01/27 01:16:03 [error] 18367#0: *44173749 connect() failed (111: Connection refused) while connecting to upstream, client: 103.16.101.72, server: 0.0.0.0:4000, upstream: "10.147.212.49:4000", bytes from/to client:0/0, bytes from/to upstream:0/0
[1580068648] SERVICE ALERT: secondary-server;Nginx Error Log Status;OK;HARD;1;Log check ok - 0 pattern matches found
[1580068694] Auto-save of retention data completed successfully.
[1580068970] SERVICE NOTIFICATION: nagiosadmin;primary-server;Nginx Error Log Status;CRITICAL;notify-service-by-email;(105) < 2020/01/27 01:32:41 [error] 18342#0: *26809468 access forbidden by rule while initializing session, client: 103.209.99.7, server: 0.0.0.0:13000
[1580070019] SERVICE NOTIFICATION: nagiosadmin;sservercluster1;Memory;OK;notify-service-by-email;OK - 42.6% (10451800 kB) free.
[1580070019] SERVICE ALERT: sservercluster1;Memory;OK;HARD;1;OK - 42.6% (10451800 kB) free.
[1580071279] SERVICE NOTIFICATION: nagiosadmin;pservercluster1;Memory;CRITICAL;notify-service-by-email;CRITICAL - 0.8% (190868 kB) free!
[1580071411] SERVICE NOTIFICATION: nagiosadmin;sigqscluster1;Memory;CRITICAL;notify-service-by-email;CRITICAL - 0.5% (239036 kB) free!
[1580071451] SERVICE NOTIFICATION: nagiosadmin;sservercluster2;Memory;WARNING;notify-service-by-email;WARNING - 17.7% (4344552 kB) free!
[1580072294] Auto-save of retention data completed successfully.
[1580073170] SERVICE NOTIFICATION: nagiosadmin;primary-server;Nginx Error Log Status;CRITICAL;notify-service-by-email;(103) < 2020/01/27 02:42:45 [error] 18343#0: *26812100 access forbidden by rule while initializing session, client: 103.209.99.7, server: 0.0.0.0:13000
[1580074451] SERVICE NOTIFICATION: nagiosadmin;sservercluster2;Memory;OK;notify-service-by-email;OK - 20.2% (4960292 kB) free.
[1580074451] SERVICE ALERT: sservercluster2;Memory;OK;HARD;1;OK - 20.2% (4960292 kB) free.
[1580074648] SERVICE ALERT: secondary-server;Nginx Error Log Status;CRITICAL;SOFT;1;(278) < 2020/01/27 03:01:31 [error] 18366#0: *44189118 upstream timed out (110: Connection timed out) while connecting to upstream, client: 103.16.101.72, server: 0.0.0.0:4000, upstream: "10.147.212.37:4000", bytes from/to client:0/0, bytes from/to upstream:0/0
[1580074681] SERVICE ALERT: secondary-server;Nginx Access Log Status;CRITICAL;SOFT;1;(216) < 103.67.237.219 [27/Jan/2020:03:00:21 +0530] TCP 502 0 0 0.000 "backend3" "0" "0" "0.000"
[1580074768] SERVICE ALERT: secondary-server;Nginx Error Log Status;OK;HARD;1;Log check ok - 0 pattern matches found
[1580074771] SERVICE ALERT: primary-server;Nginx Access Log Status;CRITICAL;SOFT;1;(2147) < 172.105.59.173 [27/Jan/2020:03:01:42 +0530] TCP 502 0 0 0.000 "backend_3001" "0" "0" "0.000"
[1580074802] SERVICE ALERT: secondary-server;Nginx Access Log Status;OK;HARD;1;Log check ok - 0 pattern matches found
[1580074879] SERVICE NOTIFICATION: nagiosadmin;pservercluster1;Memory;CRITICAL;notify-service-by-email;CRITICAL - 4.4% (1073480 kB) free!
[1580074892] SERVICE ALERT: primary-server;Nginx Access Log Status;OK;HARD;1;Log check ok - 0 pattern matches found
[1580075051] SERVICE ALERT: sservercluster2;Memory;WARNING;SOFT;1;WARNING - 20.0% (4912884 kB) free!
[1580075171] SERVICE ALERT: sservercluster2;Memory;WARNING;SOFT;2;WARNING - 20.0% (4902336 kB) free!
[1580075291] SERVICE NOTIFICATION: nagiosadmin;sservercluster2;Memory;WARNING;notify-service-by-email;WARNING - 20.0% (4893660 kB) free!
[1580075291] SERVICE ALERT: sservercluster2;Memory;WARNING;HARD;3;WARNING - 20.0% (4893660 kB) free!
[1580075610] SERVICE NOTIFICATION: nagiosadmin;sigqscluster1;Memory;CRITICAL;notify-service-by-email;CRITICAL - 0.5% (248104 kB) free!
[1580075894] Auto-save of retention data completed successfully.
[1580077369] SERVICE NOTIFICATION: nagiosadmin;primary-server;Nginx Error Log Status;CRITICAL;notify-service-by-email;(105) < 2020/01/27 03:52:48 [error] 18343#0: *26820487 access forbidden by rule while initializing session, client: 103.209.99.7, server: 0.0.0.0:13000
[1580078479] SERVICE NOTIFICATION: nagiosadmin;pservercluster1;Memory;CRITICAL;notify-service-by-email;CRITICAL - 2.9% (711788 kB) free!
[1580078891] SERVICE NOTIFICATION: nagiosadmin;sservercluster2;Memory;WARNING;notify-service-by-email;WARNING - 18.6% (4557876 kB) free!
[1580079210] SERVICE NOTIFICATION: nagiosadmin;sigqscluster1;Memory;CRITICAL;notify-service-by-email;CRITICAL - 0.4% (216748 kB) free!
[1580079494] Auto-save of retention data completed successfully.
[1580080969] SERVICE NOTIFICATION: nagiosadmin;primary-server;Nginx Error Log Status;CRITICAL;notify-service-by-email;(103) < 2020/01/27 04:52:47 [error] 18341#0: *26822733 access forbidden by rule while initializing session, client: 54.254.180.107, server: 0.0.0.0:13000
[1580081419] SERVICE ALERT: sservercluster1;Memory;WARNING;SOFT;1;WARNING - 10.9% (2673828 kB) free!
[1580081539] SERVICE ALERT: sservercluster1;Memory;CRITICAL;SOFT;2;CRITICAL - 0.6% (157372 kB) free!
[1580081660] SERVICE NOTIFICATION: nagiosadmin;sservercluster1;Memory;CRITICAL;notify-service-by-email;CRITICAL - 0.6% (140412 kB) free!
[1580081660] SERVICE ALERT: sservercluster1;Memory;CRITICAL;HARD;3;CRITICAL - 0.6% (140412 kB) free!
[1580081891] SERVICE NOTIFICATION: nagiosadmin;sservercluster2;Memory;OK;notify-service-by-email;OK - 67.4% (16520052 kB) free.
[1580081891] SERVICE ALERT: sservercluster2;Memory;OK;HARD;1;OK - 67.4% (16520052 kB) free.
[1580082079] SERVICE NOTIFICATION: nagiosadmin;pservercluster1;Memory;OK;notify-service-by-email;OK - 46.5% (11478056 kB) free.
[1580082079] SERVICE ALERT: pservercluster1;Memory;OK;HARD;1;OK - 46.5% (11478056 kB) free.
[1580082810] SERVICE NOTIFICATION: nagiosadmin;sigqscluster1;Memory;CRITICAL;notify-service-by-email;CRITICAL - 0.5% (244540 kB) free!
[1580083094] Auto-save of retention data completed successfully.
[1580084570] SERVICE NOTIFICATION: nagiosadmin;primary-server;Nginx Error Log Status;CRITICAL;notify-service-by-email;(103) < 2020/01/27 05:52:40 [error] 18340#0: *26825009 access forbidden by rule while initializing session, client: 103.209.99.7, server: 0.0.0.0:13000
[1580085260] SERVICE NOTIFICATION: nagiosadmin;sservercluster1;Memory;CRITICAL;notify-service-by-email;CRITICAL - 0.8% (191464 kB) free!
[1580085860] EXTERNAL COMMAND: SCHEDULE_FORCED_SVC_CHECK;sigqscluster1;Memory;1580085859
[1580085861] SERVICE NOTIFICATION: nagiosadmin;sigqscluster1;Memory;OK;notify-service-by-email;OK - 81.6% (40196060 kB) free.
[1580085861] SERVICE ALERT: sigqscluster1;Memory;OK;HARD;1;OK - 81.6% (40196060 kB) free.
[1580085863] EXTERNAL COMMAND: SCHEDULE_FORCED_SVC_CHECK;sigqscluster1;Memory;1580085863
[1580085867] EXTERNAL COMMAND: SCHEDULE_FORCED_SVC_CHECK;sigqscluster1;Memory;1580085865
[1580085896] EXTERNAL COMMAND: SCHEDULE_FORCED_SVC_CHECK;sservercluster1;Memory;1580085895
[1580085896] SERVICE NOTIFICATION: nagiosadmin;sservercluster1;Memory;OK;notify-service-by-email;OK - 90.4% (22163692 kB) free.
[1580085896] SERVICE ALERT: sservercluster1;Memory;OK;HARD;1;OK - 90.4% (22163692 kB) free.
[1580085900] EXTERNAL COMMAND: SCHEDULE_FORCED_SVC_CHECK;sservercluster1;Memory;1580085899
[1580086694] Auto-save of retention data completed successfully.
[1580088769] SERVICE NOTIFICATION: nagiosadmin;primary-server;Nginx Error Log Status;CRITICAL;notify-service-by-email;(103) < 2020/01/27 07:02:44 [error] 18343#0: *26827660 access forbidden by rule while initializing session, client: 103.209.99.7, server: 0.0.0.0:13000
[1580090106] SERVICE ALERT: redis-1;CPU_Procs;CRITICAL;SOFT;1;CPU CRITICAL: 1 crit, 0 warn out of 402 processes
[1580090227] SERVICE ALERT: redis-1;CPU_Procs;OK;HARD;1;CPU OK: 401 processes
[1580090294] Auto-save of retention data completed successfully.
[1580092369] SERVICE NOTIFICATION: nagiosadmin;primary-server;Nginx Error Log Status;CRITICAL;notify-service-by-email;(104) < 2020/01/27 08:02:49 [error] 18347#0: *26829918 access forbidden by rule while initializing session, client: 54.254.180.107, server: 0.0.0.0:13000
[1580093894] Auto-save of retention data completed successfully.
[1580094680] SERVICE ALERT: pservercluster1;Memory;WARNING;SOFT;1;WARNING - 18.2% (4494708 kB) free!
[1580094800] SERVICE ALERT: pservercluster1;Memory;WARNING;SOFT;2;WARNING - 18.2% (4482088 kB) free!
[1580094920] SERVICE NOTIFICATION: nagiosadmin;pservercluster1;Memory;WARNING;notify-service-by-email;WARNING - 18.1% (4470900 kB) free!
[1580094920] SERVICE ALERT: pservercluster1;Memory;WARNING;HARD;3;WARNING - 18.1% (4470900 kB) free!
[1580095969] SERVICE NOTIFICATION: nagiosadmin;primary-server;Nginx Error Log Status;CRITICAL;notify-service-by-email;(103) < 2020/01/27 09:02:46 [error] 18345#0: *26832185 access forbidden by rule while initializing session, client: 103.209.99.7, server: 0.0.0.0:13000
[1580097494] Auto-save of retention data completed successfully.
[1580097920] SERVICE NOTIFICATION: nagiosadmin;pservercluster1;Memory;CRITICAL;notify-service-by-email;CRITICAL - 10.0% (2472836 kB) free!
[1580097920] SERVICE ALERT: pservercluster1;Memory;CRITICAL;HARD;3;CRITICAL - 10.0% (2472836 kB) free!
[1580099569] SERVICE NOTIFICATION: nagiosadmin;primary-server;Nginx Error Log Status;CRITICAL;notify-service-by-email;(104) < 2020/01/27 10:02:47 [error] 18345#0: *26834470 access forbidden by rule while initializing session, client: 103.209.99.7, server: 0.0.0.0:13000
[1580100306] EXTERNAL COMMAND: SCHEDULE_FORCED_SVC_CHECK;pservercluster1;Memory;1580100305
[1580100307] SERVICE NOTIFICATION: nagiosadmin;pservercluster1;Memory;OK;notify-service-by-email;OK - 86.3% (21291104 kB) free.
[1580100307] SERVICE ALERT: pservercluster1;Memory;OK;HARD;1;OK - 86.3% (21291104 kB) free.
[1580101094] Auto-save of retention data completed successfully.
[1580101690] SERVICE ALERT: smscapp2;CPU Load;CRITICAL;SOFT;1;CRITICAL - load average: 114.39, 214.77, 118.25
[1580101810] SERVICE ALERT: smscapp2;CPU Load;CRITICAL;SOFT;2;CRITICAL - load average: 25.68, 147.35, 105.23
[1580101930] SERVICE NOTIFICATION: nagiosadmin;smscapp2;CPU Load;CRITICAL;notify-service-by-email;CRITICAL - load average: 12.41, 101.96, 93.70
[1580101930] SERVICE ALERT: smscapp2;CPU Load;CRITICAL;HARD;3;CRITICAL - load average: 12.41, 101.96, 93.70
[1580103130] SERVICE NOTIFICATION: nagiosadmin;smscapp2;CPU Load;WARNING;notify-service-by-email;WARNING - load average: 19.52, 14.72, 34.31
[1580103130] SERVICE ALERT: smscapp2;CPU Load;WARNING;HARD;3;WARNING - load average: 19.52, 14.72, 34.31
[1580103169] SERVICE NOTIFICATION: nagiosadmin;primary-server;Nginx Error Log Status;CRITICAL;notify-service-by-email;(103) < 2020/01/27 11:02:48 [error] 18348#0: *26838307 access forbidden by rule while initializing session, client: 103.209.99.7, server: 0.0.0.0:13000
[1580103730] SERVICE NOTIFICATION: nagiosadmin;smscapp2;CPU Load;OK;notify-service-by-email;OK - load average: 10.13, 12.64, 24.15
[1580103730] SERVICE ALERT: smscapp2;CPU Load;OK;HARD;1;OK - load average: 10.13, 12.64, 24.15
[1580104330] SERVICE ALERT: smscapp2;CPU Load;CRITICAL;SOFT;1;CRITICAL - load average: 18.54, 45.94, 37.75
[1580104450] SERVICE ALERT: smscapp2;CPU Load;WARNING;SOFT;2;WARNING - load average: 16.20, 35.44, 34.87
[1580104570] SERVICE FLAPPING ALERT: smscapp2;CPU Load;STARTED; Service appears to have started flapping (24.1% change >= 20.0% threshold)
[1580104570] SERVICE ALERT: smscapp2;CPU Load;WARNING;HARD;3;WARNING - load average: 17.19, 29.47, 32.75
[1580104694] Auto-save of retention data completed successfully.
[1580105170] SERVICE ALERT: smscapp2;CPU Load;CRITICAL;HARD;3;CRITICAL - load average: 13.19, 56.27, 59.44
[1580105368] SERVICE ALERT: secondary-server;Nginx Error Log Status;CRITICAL;SOFT;1;(10) < 2020/01/27 11:30:49 [error] 18366#0: *44308226 recv() failed (104: Connection reset by peer) while proxying connection, client: 49.50.86.152, server: 0.0.0.0:4000, upstream: "10.147.212.61:4000", bytes from/to client:42/0, bytes from/to upstream:0/42
[1580105488] SERVICE ALERT: secondary-server;Nginx Error Log Status;OK;HARD;1;Log check ok - 0 pattern matches found
[1580105771] SERVICE ALERT: smscapp2;CPU Load;WARNING;HARD;3;WARNING - load average: 16.56, 22.41, 39.49
[1580106303] SERVICE ALERT: sservercluster1;Memory;CRITICAL;SOFT;1;CRITICAL - 6.1% (1483864 kB) free!
[1580106371] SERVICE ALERT: smscapp2;CPU Load;OK;HARD;1;OK - load average: 12.20, 14.22, 26.95
[1580106423] SERVICE ALERT: sservercluster1;Memory;CRITICAL;SOFT;2;CRITICAL - 0.7% (174436 kB) free!
[1580106543] SERVICE NOTIFICATION: nagiosadmin;sservercluster1;Memory;CRITICAL;notify-service-by-email;CRITICAL - 0.7% (174108 kB) free!
[1580106543] SERVICE ALERT: sservercluster1;Memory;CRITICAL;HARD;3;CRITICAL - 0.7% (174108 kB) free!
[1580106769] SERVICE NOTIFICATION: nagiosadmin;primary-server;Nginx Error Log Status;CRITICAL;notify-service-by-email;(104) < 2020/01/27 12:02:44 [error] 18348#0: *26841135 access forbidden by rule while initializing session, client: 54.254.180.107, server: 0.0.0.0:13000
[1580108294] Auto-save of retention data completed successfully.
[1580108707] SERVICE ALERT: pservercluster1;Memory;CRITICAL;SOFT;1;CRITICAL - 6.5% (1604680 kB) free!
[1580108827] SERVICE ALERT: pservercluster1;Memory;CRITICAL;SOFT;2;CRITICAL - 6.0% (1482572 kB) free!
[1580108947] SERVICE NOTIFICATION: nagiosadmin;pservercluster1;Memory;CRITICAL;notify-service-by-email;CRITICAL - 5.8% (1440484 kB) free!
[1580108947] SERVICE ALERT: pservercluster1;Memory;CRITICAL;HARD;3;CRITICAL - 5.8% (1440484 kB) free!
[1580108958] EXTERNAL COMMAND: SCHEDULE_FORCED_SVC_CHECK;pservercluster1;Memory;1580108956
[1580108958] SERVICE FLAPPING ALERT: pservercluster1;Memory;STARTED; Service appears to have started flapping (20.4% change >= 20.0% threshold)
[1580108958] SERVICE ALERT: pservercluster1;Memory;OK;HARD;1;OK - 87.3% (21554288 kB) free.
[1580108962] EXTERNAL COMMAND: SCHEDULE_FORCED_SVC_CHECK;pservercluster1;Memory;1580108961
[1580108965] EXTERNAL COMMAND: SCHEDULE_FORCED_SVC_CHECK;pservercluster1;Memory;1580108964
[1580108968] EXTERNAL COMMAND: SCHEDULE_FORCED_SVC_CHECK;pservercluster1;Memory;1580108967
[1580108992] EXTERNAL COMMAND: SCHEDULE_FORCED_SVC_CHECK;sservercluster1;Memory;1580108991
[1580108993] SERVICE NOTIFICATION: nagiosadmin;sservercluster1;Memory;OK;notify-service-by-email;OK - 90.9% (22287772 kB) free.
[1580108993] SERVICE ALERT: sservercluster1;Memory;OK;HARD;1;OK - 90.9% (22287772 kB) free.
[1580108997] EXTERNAL COMMAND: SCHEDULE_FORCED_SVC_CHECK;sservercluster1;Memory;1580108995
[1580109088] SERVICE ALERT: secondary-server;Nginx Error Log Status;CRITICAL;SOFT;1;(27) < 2020/01/27 12:38:41 [error] 18360#0: *44340228 connect() failed (111: Connection refused) while connecting to upstream, client: 103.16.101.72, server: 0.0.0.0:4000, upstream: "10.147.212.38:4000", bytes from/to client:0/0, bytes from/to upstream:0/0
[1580109208] SERVICE ALERT: secondary-server;Nginx Error Log Status;OK;HARD;1;Log check ok - 0 pattern matches found
[1580109597] SERVICE ALERT: sservercluster1;Memory;CRITICAL;SOFT;1;CRITICAL - 0.8% (186192 kB) free!
[1580109717] SERVICE ALERT: sservercluster1;Memory;CRITICAL;SOFT;2;CRITICAL - 0.8% (197956 kB) free!
[1580109837] SERVICE NOTIFICATION: nagiosadmin;sservercluster1;Memory;CRITICAL;notify-service-by-email;CRITICAL - 0.8% (199184 kB) free!
[1580109837] SERVICE ALERT: sservercluster1;Memory;CRITICAL;HARD;3;CRITICAL - 0.8% (199184 kB) free!
[1580109874] EXTERNAL COMMAND: SCHEDULE_FORCED_SVC_CHECK;sservercluster1;Memory;1580109865
[1580109874] SERVICE FLAPPING ALERT: sservercluster1;Memory;STARTED; Service appears to have started flapping (23.4% change >= 20.0% threshold)
[1580109874] SERVICE ALERT: sservercluster1;Memory;OK;HARD;1;OK - 60.7% (14879880 kB) free.
[1580109876] EXTERNAL COMMAND: SCHEDULE_FORCED_SVC_CHECK;sservercluster1;Memory;1580109876
[1580109880] EXTERNAL COMMAND: SCHEDULE_FORCED_SVC_CHECK;sservercluster1;Memory;1580109879
[1580110369] SERVICE NOTIFICATION: nagiosadmin;primary-server;Nginx Error Log Status;CRITICAL;notify-service-by-email;(101) < 2020/01/27 13:02:41 [error] 18346#0: *26844889 access forbidden by rule while initializing session, client: 103.209.99.7, server: 0.0.0.0:13000
[1580110480] SERVICE ALERT: sservercluster1;Memory;CRITICAL;SOFT;1;CRITICAL - 0.7% (172736 kB) free!
[1580110600] SERVICE ALERT: sservercluster1;Memory;CRITICAL;SOFT;2;CRITICAL - 0.7% (167156 kB) free!
[1580110720] SERVICE ALERT: sservercluster1;Memory;CRITICAL;HARD;3;CRITICAL - 0.8% (184268 kB) free!
[1580110962] SERVICE ALERT: webservercluster1;CPU_Procs;WARNING;SOFT;1;CPU WARNING: 2 warn out of 336 processes
[1580111082] SERVICE ALERT: webservercluster1;CPU_Procs;OK;HARD;1;CPU OK: 333 processes
[1580111894] Auto-save of retention data completed successfully.
[1580112091] SERVICE ALERT: primary-server;Nginx Access Log Status;CRITICAL;SOFT;1;(674) < 103.255.146.164 [27/Jan/2020:13:30:06 +0530] TCP 502 0 0 0.001 "10.147.212.142:3000" "0" "0" "0.001"
[1580112211] SERVICE ALERT: primary-server;Nginx Access Log Status;OK;HARD;1;Log check ok - 0 pattern matches found
[1580113970] SERVICE NOTIFICATION: nagiosadmin;primary-server;Nginx Error Log Status;CRITICAL;notify-service-by-email;(106) < 2020/01/27 14:02:48 [error] 18344#0: *26849080 access forbidden by rule while initializing session, client: 54.254.180.107, server: 0.0.0.0:13000
[1580114571] EXTERNAL COMMAND: SCHEDULE_FORCED_SVC_CHECK;sservercluster1;Memory;1580114565
[1580114572] SERVICE ALERT: sservercluster1;Memory;OK;HARD;1;OK - 90.6% (22208140 kB) free.
[1580114574] EXTERNAL COMMAND: SCHEDULE_FORCED_SVC_CHECK;sservercluster1;Memory;1580114565
[1580114583] EXTERNAL COMMAND: SCHEDULE_FORCED_SVC_CHECK;sservercluster1;Memory;1580114579
[1580115494] Auto-save of retention data completed successfully.
[1580115784] SERVICE ALERT: sservercluster1;Memory;CRITICAL;SOFT;1;CRITICAL - 1.4% (351880 kB) free!
[1580115809] SERVICE ALERT: secondary-server;Nginx Error Log Status;CRITICAL;SOFT;1;(58) < 2020/01/27 14:30:55 [error] 18364#0: *44385710 connect() failed (111: Connection refused) while connecting to upstream, client: 103.16.101.72, server: 0.0.0.0:4000, upstream: "10.147.212.61:4000", bytes from/to client:0/0, bytes from/to upstream:0/0
[1580115904] SERVICE ALERT: sservercluster1;Memory;CRITICAL;SOFT;2;CRITICAL - 1.1% (271476 kB) free!
[1580115929] SERVICE ALERT: secondary-server;Nginx Error Log Status;CRITICAL;SOFT;2;(2) < 2020/01/27 14:35:18 [error] 18369#0: *44387855 open() "/usr/share/nginx/html/js/tmpl/404.ejs" failed (2: No such file or directory), client: 183.82.105.122, server: 148qservercluster1.com, request: "GET /js/tmpl/404.ejs?0.7849005561080498 HTTP/1.1", host: "qservercluster1.com:8091", referrer: "http://qservercluster1.com:8091/"
[1580116024] SERVICE ALERT: sservercluster1;Memory;CRITICAL;HARD;3;CRITICAL - 0.7% (173924 kB) free!
[1580116049] SERVICE ALERT: secondary-server;Nginx Error Log Status;OK;HARD;1;Log check ok - 0 pattern matches found
[1580116168] SERVICE ALERT: pservercluster1;Memory;WARNING;SOFT;1;WARNING - 16.6% (4106388 kB) free!
[1580116288] SERVICE ALERT: pservercluster1;Memory;WARNING;SOFT;2;WARNING - 16.2% (4005232 kB) free!
[1580116299] EXTERNAL COMMAND: SCHEDULE_FORCED_SVC_CHECK;sservercluster1;Memory;1580116291
[1580116300] SERVICE ALERT: sservercluster1;Memory;OK;HARD;1;OK - 90.5% (22188216 kB) free.
[1580116314] EXTERNAL COMMAND: SCHEDULE_FORCED_SVC_CHECK;sservercluster1;Memory;1580116303
[1580116408] SERVICE ALERT: pservercluster1;Memory;WARNING;HARD;3;WARNING - 15.8% (3896192 kB) free!
[1580117079] EXTERNAL COMMAND: SCHEDULE_FORCED_SVC_CHECK;pservercluster1;Memory;1580117055
[1580117079] SERVICE ALERT: pservercluster1;Memory;OK;HARD;1;OK - 87.8% (21660988 kB) free.
[1580117091] EXTERNAL COMMAND: SCHEDULE_FORCED_SVC_CHECK;pservercluster1;Memory;1580117087
[1580117515] SERVICE ALERT: sservercluster1;Memory;CRITICAL;SOFT;1;CRITICAL - 0.7% (174808 kB) free!
[1580117570] SERVICE NOTIFICATION: nagiosadmin;primary-server;Nginx Error Log Status;CRITICAL;notify-service-by-email;(103) < 2020/01/27 15:02:46 [error] 18349#0: *26854108 access forbidden by rule while initializing session, client: 103.209.99.7, server: 0.0.0.0:13000
[1580117635] SERVICE ALERT: sservercluster1;Memory;CRITICAL;SOFT;2;CRITICAL - 0.7% (172204 kB) free!
[1580117755] SERVICE ALERT: sservercluster1;Memory;CRITICAL;HARD;3;CRITICAL - 0.8% (190424 kB) free!
[1580117772] SERVICE FLAPPING ALERT: smscapp2;CPU Load;STOPPED; Service appears to have stopped flapping (3.8% change < 5.0% threshold)
[1580117772] SERVICE NOTIFICATION: nagiosadmin;smscapp2;CPU Load;OK;notify-service-by-email;OK - load average: 6.51, 7.96, 7.84
[1580118667] EXTERNAL COMMAND: SCHEDULE_FORCED_SVC_CHECK;sservercluster1;Memory;1580118665
[1580118667] SERVICE ALERT: sservercluster1;Memory;OK;HARD;1;OK - 86.5% (21191508 kB) free.
[1580119094] Auto-save of retention data completed successfully.
[1580119267] SERVICE ALERT: sservercluster1;Memory;CRITICAL;SOFT;1;CRITICAL - 0.7% (171896 kB) free!
[1580119387] SERVICE ALERT: sservercluster1;Memory;CRITICAL;SOFT;2;CRITICAL - 0.8% (187940 kB) free!
[1580119478] EXTERNAL COMMAND: SCHEDULE_FORCED_SVC_CHECK;sservercluster1;Memory;1580119472
[1580119479] SERVICE ALERT: sservercluster1;Memory;OK;HARD;1;OK - 52.3% (12810676 kB) free.
[1580119484] EXTERNAL COMMAND: SCHEDULE_FORCED_SVC_CHECK;sservercluster1;Memory;1580119483
[1580119489] EXTERNAL COMMAND: SCHEDULE_FORCED_SVC_CHECK;sservercluster1;Memory;1580119487
[1580119490] SERVICE ALERT: primary-server;Memory;WARNING;SOFT;1;WARNING - 18.8% (4616984 kB) free!
[1580119546] EXTERNAL COMMAND: SCHEDULE_FORCED_SVC_CHECK;primary-server;Memory;1580119544
[1580119547] SERVICE ALERT: primary-server;Memory;OK;HARD;1;OK - 88.9% (21782100 kB) free.
[1580120089] SERVICE ALERT: sservercluster1;Memory;CRITICAL;SOFT;1;CRITICAL - 0.8% (195744 kB) free!
[1580120209] SERVICE ALERT: sservercluster1;Memory;CRITICAL;SOFT;2;CRITICAL - 0.8% (198288 kB) free!
[1580120329] SERVICE ALERT: sservercluster1;Memory;CRITICAL;HARD;3;CRITICAL - 0.7% (178232 kB) free!
[1580121769] SERVICE NOTIFICATION: nagiosadmin;primary-server;Nginx Error Log Status;CRITICAL;notify-service-by-email;(103) < 2020/01/27 16:12:43 [error] 18346#0: *26857467 access forbidden by rule while initializing session, client: 103.209.99.7, server: 0.0.0.0:13000
[1580122094] EXTERNAL COMMAND: SCHEDULE_FORCED_SVC_CHECK;sservercluster1;Memory;1580122093
[1580122099] EXTERNAL COMMAND: SCHEDULE_FORCED_SVC_CHECK;sservercluster1;Memory;1580122098
[1580122102] EXTERNAL COMMAND: SCHEDULE_FORCED_SVC_CHECK;sservercluster1;Memory;1580122101
[1580122104] EXTERNAL COMMAND: SCHEDULE_FORCED_SVC_CHECK;sservercluster1;Memory;1580122103
[1580122134] EXTERNAL COMMAND: SCHEDULE_FORCED_SVC_CHECK;sservercluster1;Memory;1580122133
[1580122134] SERVICE ALERT: sservercluster1;Memory;OK;HARD;1;OK - 58.9% (14428044 kB) free.
[1580122137] EXTERNAL COMMAND: SCHEDULE_FORCED_SVC_CHECK;sservercluster1;Memory;1580122136
[1580122694] Auto-save of retention data completed successfully.
[1580122737] SERVICE ALERT: sservercluster1;Memory;CRITICAL;SOFT;1;CRITICAL - 4.0% (972820 kB) free!
[1580122857] SERVICE ALERT: sservercluster1;Memory;CRITICAL;SOFT;2;CRITICAL - 3.2% (786248 kB) free!
[1580122946] SERVICE ALERT: pservercluster1;Total Processes;CRITICAL;SOFT;1;PROCS CRITICAL: 1011 processes
[1580122977] SERVICE ALERT: sservercluster1;Memory;CRITICAL;HARD;3;CRITICAL - 2.7% (666052 kB) free!
[1580123011] SERVICE ALERT: primary-server;Nginx Access Log Status;CRITICAL;SOFT;1;(80) < 203.212.70.170 [27/Jan/2020:16:29:55 +0530] TCP 502 0 0 0.000 "backend_3001" "0" "0" "0.000"
[1580123066] SERVICE ALERT: pservercluster1;Total Processes;OK;HARD;1;PROCS OK: 359 processes
[1580123131] SERVICE ALERT: primary-server;Nginx Access Log Status;OK;HARD;1;Log check ok - 0 pattern matches found
[1580123249] SERVICE ALERT: secondary-server;Nginx Error Log Status;CRITICAL;SOFT;1;(10) < 2020/01/27 16:28:28 [error] 18366#0: *44434715 connect() failed (111: Connection refused) while connecting to upstream, client: 103.16.101.72, server: 0.0.0.0:4000, upstream: "10.147.212.49:4000", bytes from/to client:0/0, bytes from/to upstream:0/0
[1580123370] SERVICE ALERT: secondary-server;Nginx Error Log Status;OK;HARD;1;Log check ok - 0 pattern matches found
[1580123691] SERVICE ALERT: pservercluster1;Memory;WARNING;SOFT;1;WARNING - 19.6% (4828204 kB) free!
[1580123811] SERVICE ALERT: pservercluster1;Memory;WARNING;SOFT;2;WARNING - 19.2% (4738500 kB) free!
[1580123931] SERVICE ALERT: pservercluster1;Memory;WARNING;HARD;3;WARNING - 18.8% (4648864 kB) free!
[1580125133] SERVICE ALERT: pservercluster1;Memory;CRITICAL;HARD;3;CRITICAL - 0.8% (187308 kB) free!
[1580125369] SERVICE NOTIFICATION: nagiosadmin;primary-server;Nginx Error Log Status;CRITICAL;notify-service-by-email;(104) < 2020/01/27 17:12:46 [error] 18347#0: *26862042 access forbidden by rule while initializing session, client: 54.254.180.107, server: 0.0.0.0:13000
[1580126294] Auto-save of retention data completed successfully.
[1580126667] SERVICE ALERT: sigqscluster1;Memory;WARNING;SOFT;1;WARNING - 17.8% (8759332 kB) free!
[1580126787] SERVICE ALERT: sigqscluster1;Memory;WARNING;SOFT;2;WARNING - 17.8% (8758616 kB) free!
[1580126907] SERVICE NOTIFICATION: nagiosadmin;sigqscluster1;Memory;WARNING;notify-service-by-email;WARNING - 17.8% (8759084 kB) free!
[1580126907] SERVICE ALERT: sigqscluster1;Memory;WARNING;HARD;3;WARNING - 17.8% (8759084 kB) free!
[1580128969] SERVICE NOTIFICATION: nagiosadmin;primary-server;Nginx Error Log Status;CRITICAL;notify-service-by-email;(334) < 2020/01/27 18:12:48 [error] 18340#0: *26865552 access forbidden by rule while initializing session, client: 103.209.99.7, server: 0.0.0.0:13000
[1580129580] EXTERNAL COMMAND: SCHEDULE_FORCED_SVC_CHECK;pservercluster1;Memory;1580129579
[1580129580] SERVICE ALERT: pservercluster1;Memory;OK;HARD;1;OK - 85.8% (21178432 kB) free.
[1580129586] EXTERNAL COMMAND: SCHEDULE_FORCED_SVC_CHECK;pservercluster1;Memory;1580129582
[1580129589] EXTERNAL COMMAND: SCHEDULE_FORCED_SVC_CHECK;pservercluster1;Memory;1580129588
[1580129613] EXTERNAL COMMAND: SCHEDULE_FORCED_SVC_CHECK;sservercluster1;Memory;1580129612
[1580129613] SERVICE ALERT: sservercluster1;Memory;OK;HARD;1;OK - 87.4% (21433692 kB) free.
[1580129616] EXTERNAL COMMAND: SCHEDULE_FORCED_SVC_CHECK;sservercluster1;Memory;1580129615
[1580129619] EXTERNAL COMMAND: SCHEDULE_FORCED_SVC_CHECK;sservercluster1;Memory;1580129618
[1580129660] SERVICE ALERT: smscapp1;Memory;WARNING;SOFT;1;WARNING - 19.9% (9797396 kB) free!
[1580129780] SERVICE ALERT: smscapp1;Memory;WARNING;SOFT;2;WARNING - 19.8% (9735256 kB) free!
[1580129894] Auto-save of retention data completed successfully.
[1580129900] SERVICE NOTIFICATION: nagiosadmin;smscapp1;Memory;WARNING;notify-service-by-email;WARNING - 19.6% (9678856 kB) free!
[1580129900] SERVICE ALERT: smscapp1;Memory;WARNING;HARD;3;WARNING - 19.6% (9678856 kB) free!
[1580130507] SERVICE NOTIFICATION: nagiosadmin;sigqscluster1;Memory;WARNING;notify-service-by-email;WARNING - 14.1% (6927660 kB) free!
[1580132569] SERVICE NOTIFICATION: nagiosadmin;primary-server;Nginx Error Log Status;CRITICAL;notify-service-by-email;(102) < 2020/01/27 19:12:40 [error] 18346#0: *26868005 access forbidden by rule while initializing session, client: 103.209.99.7, server: 0.0.0.0:13000
[1580133494] Auto-save of retention data completed successfully.
[1580133500] SERVICE NOTIFICATION: nagiosadmin;smscapp1;Memory;WARNING;notify-service-by-email;WARNING - 13.4% (6621060 kB) free!
[1580134107] SERVICE NOTIFICATION: nagiosadmin;sigqscluster1;Memory;WARNING;notify-service-by-email;WARNING - 11.2% (5528244 kB) free!
[1580134419] SERVICE FLAPPING ALERT: sservercluster1;Memory;STOPPED; Service appears to have stopped flapping (4.9% change < 5.0% threshold)
[1580135300] SERVICE NOTIFICATION: nagiosadmin;smscapp1;Memory;CRITICAL;notify-service-by-email;CRITICAL - 9.6% (4750752 kB) free!
[1580135300] SERVICE ALERT: smscapp1;Memory;CRITICAL;HARD;3;CRITICAL - 9.6% (4750752 kB) free!
[1580135589] SERVICE FLAPPING ALERT: pservercluster1;Memory;STOPPED; Service appears to have stopped flapping (4.7% change < 5.0% threshold)
[1580135731] SERVICE ALERT: primary-server;Nginx Access Log Status;CRITICAL;SOFT;1;(2) < 203.212.70.170 [27/Jan/2020:20:05:31 +0530] TCP 502 0 0 7.014 "10.147.212.154:3001, backend_3001" "0, 0" "0, 0" "7.014, 0.000"
[1580135852] SERVICE ALERT: primary-server;Nginx Access Log Status;CRITICAL;SOFT;2;(2) < 172.105.59.173 [27/Jan/2020:20:06:31 +0530] TCP 502 0 0 67.023 "10.147.212.154:3001, 10.147.212.143:3001, backend_3001" "0, 0, 0" "0, 0, 0" "7.020, 60.003, 0.000"
[1580135972] SERVICE ALERT: primary-server;Nginx Access Log Status;OK;HARD;1;Log check ok - 0 pattern matches found
[1580136169] SERVICE NOTIFICATION: nagiosadmin;primary-server;Nginx Error Log Status;CRITICAL;notify-service-by-email;(889) < 2020/01/27 20:12:41 [error] 18343#0: *26872397 access forbidden by rule while initializing session, client: 103.209.99.7, server: 0.0.0.0:13000
[1580136507] SERVICE NOTIFICATION: nagiosadmin;sigqscluster1;Memory;CRITICAL;notify-service-by-email;CRITICAL - 9.3% (4583752 kB) free!
[1580136507] SERVICE ALERT: sigqscluster1;Memory;CRITICAL;HARD;3;CRITICAL - 9.3% (4583752 kB) free!
[1580137094] Auto-save of retention data completed successfully.
[1580138900] SERVICE NOTIFICATION: nagiosadmin;smscapp1;Memory;CRITICAL;notify-service-by-email;CRITICAL - 4.0% (1973204 kB) free!
[1580139769] SERVICE NOTIFICATION: nagiosadmin;primary-server;Nginx Error Log Status;CRITICAL;notify-service-by-email;(106) < 2020/01/27 21:12:48 [error] 18342#0: *26874959 access forbidden by rule while initializing session, client: 54.254.180.107, server: 0.0.0.0:13000
[1580139789] SERVICE ALERT: pservercluster1;Memory;WARNING;SOFT;1;WARNING - 17.9% (4429332 kB) free!
[1580139909] SERVICE ALERT: pservercluster1;Memory;WARNING;SOFT;2;WARNING - 17.9% (4419876 kB) free!
[1580140029] SERVICE NOTIFICATION: nagiosadmin;pservercluster1;Memory;WARNING;notify-service-by-email;WARNING - 17.9% (4408856 kB) free!
[1580140029] SERVICE ALERT: pservercluster1;Memory;WARNING;HARD;3;WARNING - 17.9% (4408856 kB) free!
[1580140107] SERVICE NOTIFICATION: nagiosadmin;sigqscluster1;Memory;CRITICAL;notify-service-by-email;CRITICAL - 5.3% (2612680 kB) free!
[1580140694] Auto-save of retention data completed successfully.
[1580141226] SERVICE ALERT: redis-1;CPU_Procs;WARNING;SOFT;1;CPU WARNING: 1 warn out of 401 processes
[1580141346] SERVICE ALERT: redis-1;CPU_Procs;OK;HARD;1;CPU OK: 400 processes
[1580142500] SERVICE NOTIFICATION: nagiosadmin;smscapp1;Memory;CRITICAL;notify-service-by-email;CRITICAL - 3.0% (1498392 kB) free!
[1580142882] SERVICE ALERT: webservercluster1;CPU_Procs;WARNING;SOFT;1;CPU WARNING: 1 warn out of 331 processes
[1580143002] SERVICE ALERT: webservercluster1;CPU_Procs;OK;HARD;1;CPU OK: 331 processes
[1580143370] SERVICE NOTIFICATION: nagiosadmin;primary-server;Nginx Error Log Status;CRITICAL;notify-service-by-email;(103) < 2020/01/27 22:12:44 [error] 18345#0: *26878045 access forbidden by rule while initializing session, client: 103.209.99.7, server: 0.0.0.0:13000
[1580143578] EXTERNAL COMMAND: SCHEDULE_FORCED_SVC_CHECK;sigqscluster1;Memory;1580143577
[1580143578] SERVICE NOTIFICATION: nagiosadmin;sigqscluster1;Memory;OK;notify-service-by-email;OK - 66.5% (32748532 kB) free.
[1580143578] SERVICE ALERT: sigqscluster1;Memory;OK;HARD;1;OK - 66.5% (32748532 kB) free.
[1580143581] EXTERNAL COMMAND: SCHEDULE_FORCED_SVC_CHECK;sigqscluster1;Memory;1580143580
[1580143584] EXTERNAL COMMAND: SCHEDULE_FORCED_SVC_CHECK;sigqscluster1;Memory;1580143583
[1580143587] EXTERNAL COMMAND: SCHEDULE_FORCED_SVC_CHECK;sigqscluster1;Memory;1580143586
[1580143618] EXTERNAL COMMAND: SCHEDULE_FORCED_SVC_CHECK;smscapp1;Memory;1580143617
[1580143618] SERVICE NOTIFICATION: nagiosadmin;smscapp1;Memory;OK;notify-service-by-email;OK - 30.6% (15076256 kB) free.
[1580143618] SERVICE ALERT: smscapp1;Memory;OK;HARD;1;OK - 30.6% (15076256 kB) free.
[1580143621] EXTERNAL COMMAND: SCHEDULE_FORCED_SVC_CHECK;smscapp1;Memory;1580143620
[1580143624] EXTERNAL COMMAND: SCHEDULE_FORCED_SVC_CHECK;smscapp1;Memory;1580143623
[1580143627] EXTERNAL COMMAND: SCHEDULE_FORCED_SVC_CHECK;smscapp1;Memory;1580143626
[1580143629] SERVICE NOTIFICATION: nagiosadmin;pservercluster1;Memory;WARNING;notify-service-by-email;WARNING - 10.6% (2611372 kB) free!
[1580143630] EXTERNAL COMMAND: SCHEDULE_FORCED_SVC_CHECK;smscapp1;Memory;1580143629
[1580143772] SERVICE ALERT: primary-server;Nginx Access Log Status;CRITICAL;SOFT;1;(9) < 203.212.70.170 [27/Jan/2020:22:19:12 +0530] TCP 502 0 0 180.001 "10.147.212.154:3001, 10.147.212.155:3001, 10.147.212.143:3001, 10.147.212.142:3001" "0, 0, 0, 0" "0, 0, 0, 0" "0.000, 60.000, 60.000, 60.001"
[1580143892] SERVICE ALERT: primary-server;Nginx Access Log Status;OK;HARD;1;Log check ok - 0 pattern matches found
[1580144229] SERVICE NOTIFICATION: nagiosadmin;pservercluster1;Memory;CRITICAL;notify-service-by-email;CRITICAL - 0.8% (187128 kB) free!
[1580144229] SERVICE ALERT: pservercluster1;Memory;CRITICAL;HARD;3;CRITICAL - 0.8% (187128 kB) free!
[1580144291] SERVICE ALERT: sservercluster2;Memory;CRITICAL;SOFT;1;CRITICAL - 1.0% (252984 kB) free!
[1580144294] Auto-save of retention data completed successfully.
[1580144411] SERVICE ALERT: sservercluster2;Memory;CRITICAL;SOFT;2;CRITICAL - 1.0% (238416 kB) free!
[1580144531] SERVICE NOTIFICATION: nagiosadmin;sservercluster2;Memory;CRITICAL;notify-service-by-email;CRITICAL - 0.7% (180024 kB) free!
[1580144531] SERVICE ALERT: sservercluster2;Memory;CRITICAL;HARD;3;CRITICAL - 0.7% (180024 kB) free!
[1580145366] SERVICE ALERT: sservercluster2;CPU_Procs;CRITICAL;SOFT;1;CPU CRITICAL: 1 crit, 0 warn out of 348 processes
[1580145486] SERVICE ALERT: sservercluster2;CPU_Procs;WARNING;SOFT;2;CPU WARNING: 1 warn out of 348 processes
[1580145606] SERVICE NOTIFICATION: nagiosadmin;sservercluster2;CPU_Procs;CRITICAL;notify-service-by-email;CPU CRITICAL: 1 crit, 0 warn out of 353 processes
[1580145606] SERVICE ALERT: sservercluster2;CPU_Procs;CRITICAL;HARD;3;CPU CRITICAL: 1 crit, 0 warn out of 353 processes
[1580146206] SERVICE NOTIFICATION: nagiosadmin;sservercluster2;CPU_Procs;WARNING;notify-service-by-email;CPU WARNING: 1 warn out of 356 processes
[1580146206] SERVICE ALERT: sservercluster2;CPU_Procs;WARNING;HARD;3;CPU WARNING: 1 warn out of 356 processes
[1580146806] SERVICE NOTIFICATION: nagiosadmin;sservercluster2;CPU_Procs;CRITICAL;notify-service-by-email;CPU CRITICAL: 1 crit, 0 warn out of 355 processes
[1580146806] SERVICE ALERT: sservercluster2;CPU_Procs;CRITICAL;HARD;3;CPU CRITICAL: 1 crit, 0 warn out of 355 processes
[1580146970] SERVICE NOTIFICATION: nagiosadmin;primary-server;Nginx Error Log Status;CRITICAL;notify-service-by-email;(106) < 2020/01/27 23:12:48 [error] 18347#0: *26881877 access forbidden by rule while initializing session, client: 54.254.180.107, server: 0.0.0.0:13000
[1580147406] SERVICE FLAPPING ALERT: sservercluster2;CPU_Procs;STARTED; Service appears to have started flapping (24.2% change >= 20.0% threshold)
[1580147406] SERVICE ALERT: sservercluster2;CPU_Procs;OK;HARD;1;CPU OK: 354 processes
[1580147829] SERVICE NOTIFICATION: nagiosadmin;pservercluster1;Memory;CRITICAL;notify-service-by-email;CRITICAL - 0.7% (178060 kB) free!
[1580147894] Auto-save of retention data completed successfully.
[1580148007] SERVICE ALERT: sservercluster2;CPU_Procs;CRITICAL;SOFT;1;CPU CRITICAL: 1 crit, 0 warn out of 353 processes
[1580148127] SERVICE ALERT: sservercluster2;CPU_Procs;OK;HARD;1;CPU OK: 349 processes
[1580148131] SERVICE NOTIFICATION: nagiosadmin;sservercluster2;Memory;CRITICAL;notify-service-by-email;CRITICAL - 0.8% (184232 kB) free!
[1580148731] SERVICE ALERT: smscapp2;Memory;CRITICAL;SOFT;1;CRITICAL - 0.4% (217100 kB) free!
[1580148852] SERVICE ALERT: smscapp2;Memory;CRITICAL;SOFT;2;CRITICAL - 0.4% (215572 kB) free!
[1580148972] SERVICE NOTIFICATION: nagiosadmin;smscapp2;Memory;CRITICAL;notify-service-by-email;CRITICAL - 0.5% (240156 kB) free!
[1580148972] SERVICE ALERT: smscapp2;Memory;CRITICAL;HARD;3;CRITICAL - 0.5% (240156 kB) free!
[1580149160] SERVICE ALERT: redis-1;Memory;WARNING;SOFT;1;WARNING - 14.3% (18896464 kB) free!
[1580149280] SERVICE ALERT: redis-1;Memory;WARNING;SOFT;2;WARNING - 14.3% (18904180 kB) free!
[1580149327] SERVICE ALERT: sservercluster2;CPU_Procs;CRITICAL;SOFT;1;CPU CRITICAL: 1 crit, 0 warn out of 348 processes
[1580149400] SERVICE NOTIFICATION: nagiosadmin;redis-1;Memory;WARNING;notify-service-by-email;WARNING - 14.3% (18909692 kB) free!
[1580149400] SERVICE ALERT: redis-1;Memory;WARNING;HARD;3;WARNING - 14.3% (18909692 kB) free!
[1580149447] SERVICE ALERT: sservercluster2;CPU_Procs;CRITICAL;SOFT;2;CPU CRITICAL: 1 crit, 0 warn out of 348 processes
[1580149567] SERVICE ALERT: sservercluster2;CPU_Procs;CRITICAL;HARD;3;CPU CRITICAL: 1 crit, 0 warn out of 347 processes
