[1576693800] LOG ROTATION: DAILY
[1576693800] LOG VERSION: 2.0
[1576693800] CURRENT HOST STATE: db1-vm2;UP;HARD;1;PING OK - Packet loss = 0%, RTA = 0.46 ms
[1576693800] CURRENT HOST STATE: db2;UP;HARD;1;PING OK - Packet loss = 0%, RTA = 0.36 ms
[1576693800] CURRENT HOST STATE: primary-server;UP;HARD;1;PING OK - Packet loss = 0%, RTA = 0.42 ms
[1576693800] CURRENT HOST STATE: pservercluster1;UP;HARD;1;PING OK - Packet loss = 0%, RTA = 0.40 ms
[1576693800] CURRENT HOST STATE: pservercluster2;UP;HARD;1;PING OK - Packet loss = 0%, RTA = 0.32 ms
[1576693800] CURRENT HOST STATE: qservercluster1;UP;HARD;1;PING OK - Packet loss = 0%, RTA = 0.33 ms
[1576693800] CURRENT HOST STATE: qservercluster2;UP;HARD;1;PING OK - Packet loss = 0%, RTA = 0.33 ms
[1576693800] CURRENT HOST STATE: redis-1;UP;HARD;1;PING OK - Packet loss = 0%, RTA = 0.34 ms
[1576693800] CURRENT HOST STATE: redis-2;UP;HARD;1;PING OK - Packet loss = 0%, RTA = 0.33 ms
[1576693800] CURRENT HOST STATE: rq-1;UP;HARD;1;PING OK - Packet loss = 0%, RTA = 0.29 ms
[1576693800] CURRENT HOST STATE: rq-2;UP;HARD;1;PING OK - Packet loss = 0%, RTA = 0.26 ms
[1576693800] CURRENT HOST STATE: secondary-server;UP;HARD;1;PING OK - Packet loss = 0%, RTA = 0.42 ms
[1576693800] CURRENT HOST STATE: sig1-vm2;UP;HARD;1;PING OK - Packet loss = 0%, RTA = 0.53 ms
[1576693800] CURRENT HOST STATE: sig2-vm2;UP;HARD;1;PING OK - Packet loss = 0%, RTA = 0.44 ms
[1576693800] CURRENT HOST STATE: sig3-vm2;UP;HARD;1;PING OK - Packet loss = 0%, RTA = 0.33 ms
[1576693800] CURRENT HOST STATE: sig4-vm2;UP;HARD;1;PING OK - Packet loss = 0%, RTA = 0.51 ms
[1576693800] CURRENT HOST STATE: sig5-vm2;UP;HARD;1;PING OK - Packet loss = 0%, RTA = 0.41 ms
[1576693800] CURRENT HOST STATE: sig6-vm2;UP;HARD;1;PING OK - Packet loss = 0%, RTA = 0.44 ms
[1576693800] CURRENT HOST STATE: sigqscluster1;UP;HARD;1;PING OK - Packet loss = 0%, RTA = 0.43 ms
[1576693800] CURRENT HOST STATE: sigqscluster2;UP;HARD;1;PING OK - Packet loss = 0%, RTA = 0.29 ms
[1576693800] CURRENT HOST STATE: smscapp1;UP;HARD;1;PING OK - Packet loss = 0%, RTA = 0.31 ms
[1576693800] CURRENT HOST STATE: smscapp2;UP;HARD;1;PING OK - Packet loss = 0%, RTA = 0.36 ms
[1576693800] CURRENT HOST STATE: sservercluster1;UP;HARD;1;PING OK - Packet loss = 0%, RTA = 0.29 ms
[1576693800] CURRENT HOST STATE: sservercluster2;UP;HARD;1;PING OK - Packet loss = 0%, RTA = 0.37 ms
[1576693800] CURRENT HOST STATE: webserver1;UP;HARD;1;PING OK - Packet loss = 0%, RTA = 0.47 ms
[1576693800] CURRENT HOST STATE: webserver2;UP;HARD;1;PING OK - Packet loss = 0%, RTA = 0.06 ms
[1576693800] CURRENT HOST STATE: webservercluster1;UP;HARD;1;PING OK - Packet loss = 0%, RTA = 0.45 ms
[1576693800] CURRENT HOST STATE: webservercluster2;UP;HARD;1;PING OK - Packet loss = 0%, RTA = 0.27 ms
[1576693800] CURRENT SERVICE STATE: db1-vm2;CPU Load;OK;HARD;1;OK - load average: 0.82, 0.92, 0.88
[1576693800] CURRENT SERVICE STATE: db1-vm2;CPU_Procs;OK;HARD;1;CPU OK: 461 processes
[1576693800] CURRENT SERVICE STATE: db1-vm2;Current Users;OK;HARD;1;USERS OK - 0 users currently logged in
[1576693800] CURRENT SERVICE STATE: db1-vm2;HDD_Home status;OK;HARD;1;DISK OK - free space: /home 26915 MB (67% inode=99%):
[1576693800] CURRENT SERVICE STATE: db1-vm2;HDD_Root status;OK;HARD;1;DISK OK - free space: / 44596 MB (87% inode=99%):
[1576693800] CURRENT SERVICE STATE: db1-vm2;Memory;OK;HARD;1;OK - 90.8% (22417164 kB) free.
[1576693800] CURRENT SERVICE STATE: db1-vm2;OutOfMemory-killer--oom-killer;OK;HARD;1;Log check ok - 0 pattern matches found
[1576693800] CURRENT SERVICE STATE: db1-vm2;PING;OK;HARD;1;PING OK - Packet loss = 0%, RTA = 0.07 ms
[1576693800] CURRENT SERVICE STATE: db1-vm2;Total Processes;OK;HARD;1;PROCS OK: 461 processes
[1576693800] CURRENT SERVICE STATE: db2;CPU Load;OK;HARD;1;OK - load average: 0.01, 0.07, 0.31
[1576693800] CURRENT SERVICE STATE: db2;CPU_Procs;OK;HARD;1;CPU OK: 330 processes
[1576693800] CURRENT SERVICE STATE: db2;Current Users;OK;HARD;1;USERS OK - 2 users currently logged in
[1576693800] CURRENT SERVICE STATE: db2;HDD_Home status;OK;HARD;1;DISK OK - free space: /home 90216 MB (40% inode=99%):
[1576693800] CURRENT SERVICE STATE: db2;HDD_Root status;OK;HARD;1;DISK OK - free space: / 44472 MB (86% inode=99%):
[1576693800] CURRENT SERVICE STATE: db2;LocalService-NTPD SERVICE;OK;HARD;1;PROCS OK: 1 process with command name 'ntpd'
[1576693800] CURRENT SERVICE STATE: db2;Mariadb status;OK;HARD;1;PROCS OK: 1 process with command name 'mysqld'
[1576693800] CURRENT SERVICE STATE: db2;Memory;OK;HARD;1;OK - 56.3% (27728056 kB) free.
[1576693800] CURRENT SERVICE STATE: db2;Sensors Status;OK;HARD;1;SENSORS OK
[1576693800] CURRENT SERVICE STATE: db2;Total Processes;OK;HARD;1;PROCS OK: 328 processes
[1576693800] CURRENT SERVICE STATE: primary-server;CPU Load;OK;HARD;1;OK - load average: 0.00, 0.03, 0.20
[1576693800] CURRENT SERVICE STATE: primary-server;CPU_Procs;OK;HARD;1;CPU OK: 340 processes
[1576693800] CURRENT SERVICE STATE: primary-server;Current Users;OK;HARD;1;USERS OK - 3 users currently logged in
[1576693800] CURRENT SERVICE STATE: primary-server;HDD_Home status;OK;HARD;1;DISK OK - free space: /home 132218 MB (58% inode=99%):
[1576693800] CURRENT SERVICE STATE: primary-server;HDD_Root status;OK;HARD;1;DISK OK - free space: / 30013 MB (58% inode=99%):
[1576693800] CURRENT SERVICE STATE: primary-server;LocalService-NTPD SERVICE;OK;HARD;1;PROCS OK: 1 process with command name 'ntpd'
[1576693800] CURRENT SERVICE STATE: primary-server;Memory;OK;HARD;1;OK - 52.3% (12818732 kB) free.
[1576693800] CURRENT SERVICE STATE: primary-server;Nginx Access Log Status;OK;HARD;1;Log check ok - 0 pattern matches found
[1576693800] CURRENT SERVICE STATE: primary-server;Nginx Error Log Status;CRITICAL;HARD;3;(3) < 2019/12/18 23:49:02 [error] 20756#0: *18183963 connect() failed (111: Connection refused) while connecting to upstream, client: 103.255.146.164, server: 0.0.0.0:3000, upstream: "10.147.212.155:3000", bytes from/to client:0/0, bytes from/to upstream:0/0
[1576693800] CURRENT SERVICE STATE: primary-server;Nginx Status;OK;HARD;1;NGINX OK -  0.090 sec. response time, Active: 0 (Writing: 0 Reading: 0 Waiting: 0) ReqPerSec: 0.000 ConnPerSec: 0.000 ReqPerConn: 0.000
[1576693800] CURRENT SERVICE STATE: primary-server;Sensors Status;OK;HARD;1;SENSORS OK
[1576693800] CURRENT SERVICE STATE: primary-server;Total Processes;OK;HARD;1;PROCS OK: 340 processes
[1576693800] CURRENT SERVICE STATE: pservercluster1;CPU Load;OK;HARD;1;OK - load average: 0.30, 0.36, 0.33
[1576693800] CURRENT SERVICE STATE: pservercluster1;CPU_Procs;OK;HARD;1;CPU OK: 349 processes
[1576693800] CURRENT SERVICE STATE: pservercluster1;Current Users;OK;HARD;1;USERS OK - 7 users currently logged in
[1576693800] CURRENT SERVICE STATE: pservercluster1;HDD_Home status;OK;HARD;1;DISK OK - free space: /home 193058 MB (87% inode=99%):
[1576693800] CURRENT SERVICE STATE: pservercluster1;HDD_Root status;OK;HARD;1;DISK OK - free space: / 39512 MB (77% inode=99%):
[1576693800] CURRENT SERVICE STATE: pservercluster1;LocalService-NTPD SERVICE;OK;HARD;1;PROCS OK: 1 process with command name 'ntpd'
[1576693800] CURRENT SERVICE STATE: pservercluster1;Memory;OK;HARD;1;OK - 60.6% (14965608 kB) free.
[1576693800] CURRENT SERVICE STATE: pservercluster1;Sensors Status;OK;HARD;1;SENSORS OK
[1576693800] CURRENT SERVICE STATE: pservercluster1;Total Processes;OK;HARD;1;PROCS OK: 349 processes
[1576693800] CURRENT SERVICE STATE: pservercluster2;CPU Load;OK;HARD;1;OK - load average: 0.67, 0.78, 0.89
[1576693800] CURRENT SERVICE STATE: pservercluster2;CPU_Procs;OK;HARD;1;CPU OK: 342 processes
[1576693800] CURRENT SERVICE STATE: pservercluster2;Current Users;OK;HARD;1;USERS OK - 4 users currently logged in
[1576693800] CURRENT SERVICE STATE: pservercluster2;HDD_Home status;OK;HARD;1;DISK OK - free space: /home 153829 MB (68% inode=99%):
[1576693800] CURRENT SERVICE STATE: pservercluster2;HDD_Root status;OK;HARD;1;DISK OK - free space: / 37458 MB (73% inode=98%):
[1576693800] CURRENT SERVICE STATE: pservercluster2;LocalService-NTPD SERVICE;OK;HARD;1;PROCS OK: 1 process with command name 'ntpd'
[1576693800] CURRENT SERVICE STATE: pservercluster2;Memory;OK;HARD;1;OK - 89.1% (21842992 kB) free.
[1576693800] CURRENT SERVICE STATE: pservercluster2;Sensors Status;OK;HARD;1;SENSORS OK
[1576693800] CURRENT SERVICE STATE: pservercluster2;Total Processes;OK;HARD;1;PROCS OK: 345 processes
[1576693800] CURRENT SERVICE STATE: qservercluster1;CPU Load;OK;HARD;1;OK - load average: 7.34, 7.65, 6.53
[1576693800] CURRENT SERVICE STATE: qservercluster1;CPU_Procs;OK;HARD;1;CPU OK: 332 processes
[1576693800] CURRENT SERVICE STATE: qservercluster1;Current Users;OK;HARD;1;USERS OK - 1 users currently logged in
[1576693800] CURRENT SERVICE STATE: qservercluster1;HDD_Home status;OK;HARD;1;DISK OK - free space: /home 224641 MB (99% inode=99%):
[1576693800] CURRENT SERVICE STATE: qservercluster1;HDD_Root status;OK;HARD;1;DISK OK - free space: / 44282 MB (86% inode=99%):
[1576693800] CURRENT SERVICE STATE: qservercluster1;LocalService-NTPD SERVICE;OK;HARD;1;PROCS OK: 1 process with command name 'ntpd'
[1576693800] CURRENT SERVICE STATE: qservercluster1;Memory;OK;HARD;1;OK - 86.6% (42662228 kB) free.
[1576693800] CURRENT SERVICE STATE: qservercluster1;Sensors Status;OK;HARD;1;SENSORS OK
[1576693800] CURRENT SERVICE STATE: qservercluster1;Total Processes;OK;HARD;1;PROCS OK: 329 processes
[1576693800] CURRENT SERVICE STATE: qservercluster2;CPU Load;OK;HARD;1;OK - load average: 2.56, 3.14, 3.05
[1576693800] CURRENT SERVICE STATE: qservercluster2;CPU_Procs;OK;HARD;1;CPU OK: 550 processes
[1576693800] CURRENT SERVICE STATE: qservercluster2;Current Users;OK;HARD;1;USERS OK - 4 users currently logged in
[1576693800] CURRENT SERVICE STATE: qservercluster2;HDD_Home status;OK;HARD;1;DISK OK - free space: /home 132886 MB (59% inode=99%):
[1576693800] CURRENT SERVICE STATE: qservercluster2;HDD_Root status;OK;HARD;1;DISK OK - free space: / 27060 MB (52% inode=98%):
[1576693800] CURRENT SERVICE STATE: qservercluster2;LocalService-NTPD SERVICE;OK;HARD;1;PROCS OK: 1 process with command name 'ntpd'
[1576693800] CURRENT SERVICE STATE: qservercluster2;Memory;OK;HARD;1;OK - 22.1% (10876728 kB) free.
[1576693800] CURRENT SERVICE STATE: qservercluster2;Sensors Status;OK;HARD;1;SENSORS OK
[1576693800] CURRENT SERVICE STATE: qservercluster2;Total Processes;OK;HARD;1;PROCS OK: 552 processes
[1576693800] CURRENT SERVICE STATE: redis-1;CPU Load;OK;HARD;1;OK - load average: 0.43, 0.43, 0.50
[1576693800] CURRENT SERVICE STATE: redis-1;CPU_Procs;OK;HARD;1;CPU OK: 402 processes
[1576693800] CURRENT SERVICE STATE: redis-1;Current Users;OK;HARD;1;USERS OK - 1 users currently logged in
[1576693800] CURRENT SERVICE STATE: redis-1;HDD_Home status;OK;HARD;1;DISK OK - free space: /home 370344 MB (99% inode=99%):
[1576693800] CURRENT SERVICE STATE: redis-1;HDD_Root status;OK;HARD;1;DISK OK - free space: / 45133 MB (88% inode=99%):
[1576693800] CURRENT SERVICE STATE: redis-1;HDD_VNS1 status;OK;HARD;1;DISK OK - free space: /vns1 275006 MB (25% inode=99%):
[1576693800] CURRENT SERVICE STATE: redis-1;LocalService-NTPD SERVICE;OK;HARD;1;PROCS OK: 1 process with command name 'ntpd'
[1576693800] CURRENT SERVICE STATE: redis-1;Memory;OK;HARD;1;OK - 50.6% (66759340 kB) free.
[1576693800] CURRENT SERVICE STATE: redis-1;Sensors Status;OK;HARD;1;SENSORS OK
[1576693800] CURRENT SERVICE STATE: redis-1;Total Processes;OK;HARD;1;PROCS OK: 402 processes
[1576693800] CURRENT SERVICE STATE: redis-2;CPU Load;OK;HARD;1;OK - load average: 1.08, 1.48, 1.62
[1576693800] CURRENT SERVICE STATE: redis-2;CPU_Procs;OK;HARD;1;CPU OK: 383 processes
[1576693800] CURRENT SERVICE STATE: redis-2;Current Users;OK;HARD;1;USERS OK - 2 users currently logged in
[1576693800] CURRENT SERVICE STATE: redis-2;HDD_Home status;OK;HARD;1;DISK OK - free space: /home 319393 MB (85% inode=99%):
[1576693800] CURRENT SERVICE STATE: redis-2;HDD_Root status;OK;HARD;1;DISK OK - free space: / 45174 MB (88% inode=99%):
[1576693800] CURRENT SERVICE STATE: redis-2;HDD_VNS1 status;OK;HARD;1;DISK OK - free space: /vns1 1069171 MB (99% inode=99%):
[1576693800] CURRENT SERVICE STATE: redis-2;LocalService-NTPD SERVICE;OK;HARD;1;PROCS OK: 1 process with command name 'ntpd'
[1576693800] CURRENT SERVICE STATE: redis-2;Memory;OK;HARD;1;OK - 34.2% (45027292 kB) free.
[1576693800] CURRENT SERVICE STATE: redis-2;Sensors Status;OK;HARD;1;SENSORS OK
[1576693800] CURRENT SERVICE STATE: redis-2;Total Processes;OK;HARD;1;PROCS OK: 383 processes
[1576693800] CURRENT SERVICE STATE: rq-1;CPU Load;OK;HARD;1;OK - load average: 14.61, 14.68, 14.88
[1576693800] CURRENT SERVICE STATE: rq-1;CPU_Procs;OK;HARD;1;CPU OK: 356 processes
[1576693800] CURRENT SERVICE STATE: rq-1;Current Users;OK;HARD;1;USERS OK - 0 users currently logged in
[1576693800] CURRENT SERVICE STATE: rq-1;HDD_Home status;OK;HARD;1;DISK OK - free space: /home 400998 MB (99% inode=99%):
[1576693800] CURRENT SERVICE STATE: rq-1;HDD_Root status;OK;HARD;1;DISK OK - free space: / 42340 MB (82% inode=99%):
[1576693800] CURRENT SERVICE STATE: rq-1;HDD_VNS1 status;OK;HARD;1;DISK OK - free space: /rq1vns1 1068147 MB (99% inode=99%):
[1576693800] CURRENT SERVICE STATE: rq-1;LocalService-NTPD SERVICE;OK;HARD;1;PROCS OK: 1 process with command name 'ntpd'
[1576693800] CURRENT SERVICE STATE: rq-1;Memory;OK;HARD;1;OK - 81.4% (107276300 kB) free.
[1576693800] CURRENT SERVICE STATE: rq-1;Total Processes;OK;HARD;1;PROCS OK: 356 processes
[1576693800] CURRENT SERVICE STATE: rq-1;rq1-rabbitmqerror;OK;HARD;1;Log check ok - 0 pattern matches found
[1576693800] CURRENT SERVICE STATE: rq-2;CPU Load;OK;HARD;1;OK - load average: 15.02, 16.01, 16.38
[1576693800] CURRENT SERVICE STATE: rq-2;CPU_Procs;OK;HARD;1;CPU OK: 384 processes
[1576693800] CURRENT SERVICE STATE: rq-2;Current Users;OK;HARD;1;USERS OK - 1 users currently logged in
[1576693800] CURRENT SERVICE STATE: rq-2;HDD_Home status;OK;HARD;1;DISK OK - free space: /home 401206 MB (99% inode=99%):
[1576693800] CURRENT SERVICE STATE: rq-2;HDD_Root status;OK;HARD;1;DISK OK - free space: / 45521 MB (88% inode=99%):
[1576693800] CURRENT SERVICE STATE: rq-2;HDD_VNS1 status;OK;HARD;1;DISK OK - free space: /dev 64349 MB (100% inode=99%):
[1576693800] CURRENT SERVICE STATE: rq-2;LocalService-NTPD SERVICE;OK;HARD;1;PROCS OK: 2 processes with command name 'ntpd'
[1576693800] CURRENT SERVICE STATE: rq-2;Memory;OK;HARD;1;OK - 92.6% (122004728 kB) free.
[1576693800] CURRENT SERVICE STATE: rq-2;Total Processes;OK;HARD;1;PROCS OK: 388 processes
[1576693800] CURRENT SERVICE STATE: rq-2;rq2-rabbitmqerror;OK;HARD;1;Log check ok - 0 pattern matches found
[1576693800] CURRENT SERVICE STATE: secondary-server;CPU Load;OK;HARD;1;OK - load average: 0.04, 0.03, 0.10
[1576693800] CURRENT SERVICE STATE: secondary-server;CPU_Procs;OK;HARD;1;CPU OK: 344 processes
[1576693800] CURRENT SERVICE STATE: secondary-server;Current Users;OK;HARD;1;USERS OK - 3 users currently logged in
[1576693800] CURRENT SERVICE STATE: secondary-server;HDD_Home status;OK;HARD;1;DISK OK - free space: /home 117609 MB (52% inode=99%):
[1576693800] CURRENT SERVICE STATE: secondary-server;HDD_Root status;OK;HARD;1;DISK OK - free space: / 37275 MB (72% inode=99%):
[1576693800] CURRENT SERVICE STATE: secondary-server;LocalService-NTPD SERVICE;OK;HARD;1;PROCS OK: 1 process with command name 'ntpd'
[1576693800] CURRENT SERVICE STATE: secondary-server;Memory Status;OK;HARD;1;OK - 65.9% (16153072 kB) free.
[1576693800] CURRENT SERVICE STATE: secondary-server;Nginx Access Log Status;OK;HARD;1;Log check ok - 0 pattern matches found
[1576693800] CURRENT SERVICE STATE: secondary-server;Nginx Error Log Status;OK;HARD;1;Log check ok - 0 pattern matches found
[1576693800] CURRENT SERVICE STATE: secondary-server;Nginx Status;OK;HARD;1;NGINX OK -  0.088 sec. response time, Active: 0 (Writing: 0 Reading: 0 Waiting: 0) ReqPerSec: 0.000 ConnPerSec: 0.000 ReqPerConn: 0.000
[1576693800] CURRENT SERVICE STATE: secondary-server;Sensors Status;OK;HARD;1;SENSORS OK
[1576693800] CURRENT SERVICE STATE: secondary-server;Total Processes;OK;HARD;1;PROCS OK: 344 processes
[1576693800] CURRENT SERVICE STATE: sig1-vm2;CPU Load;OK;HARD;1;OK - load average: 0.00, 0.00, 0.00
[1576693800] CURRENT SERVICE STATE: sig1-vm2;CPU_Procs;OK;HARD;1;CPU OK: 263 processes
[1576693800] CURRENT SERVICE STATE: sig1-vm2;Current Users;OK;HARD;1;USERS OK - 0 users currently logged in
[1576693800] CURRENT SERVICE STATE: sig1-vm2;LocalService-NTPD SERVICE;OK;HARD;1;PROCS OK: 2 processes with command name 'ntpd'
[1576693800] CURRENT SERVICE STATE: sig1-vm2;Memory;OK;HARD;1;OK - 71.6% (11703012 kB) free.
[1576693800] CURRENT SERVICE STATE: sig1-vm2;Root status;OK;HARD;1;DISK OK - free space: / 125221 MB (93% inode=97%):
[1576693800] CURRENT SERVICE STATE: sig1-vm2;Total Processes;OK;HARD;1;PROCS OK: 263 processes
[1576693800] CURRENT SERVICE STATE: sig2-vm2;CPU Load;OK;HARD;1;OK - load average: 0.45, 0.75, 0.87
[1576693800] CURRENT SERVICE STATE: sig2-vm2;CPU_Procs;OK;HARD;1;CPU OK: 455 processes
[1576693800] CURRENT SERVICE STATE: sig2-vm2;Current Users;OK;HARD;1;USERS OK - 0 users currently logged in
[1576693800] CURRENT SERVICE STATE: sig2-vm2;HDD_Root status;OK;HARD;1;DISK OK - free space: / 124128 MB (89% inode=99%):
[1576693800] CURRENT SERVICE STATE: sig2-vm2;LocalService-NTPD SERVICE;OK;HARD;1;PROCS OK: 1 process with command name 'ntpd'
[1576693800] CURRENT SERVICE STATE: sig2-vm2;Memory;OK;HARD;1;OK - 90.0% (31343948 kB) free.
[1576693800] CURRENT SERVICE STATE: sig2-vm2;Total Processes;OK;HARD;1;PROCS OK: 455 processes
[1576693800] CURRENT SERVICE STATE: sig3-vm2;CPU Load;OK;HARD;1;OK - load average: 0.00, 0.00, 0.00
[1576693800] CURRENT SERVICE STATE: sig3-vm2;CPU_Procs;OK;HARD;1;CPU OK: 549 processes
[1576693800] CURRENT SERVICE STATE: sig3-vm2;Current Users;OK;HARD;1;USERS OK - 2 users currently logged in
[1576693800] CURRENT SERVICE STATE: sig3-vm2;HDD_Root status;OK;HARD;1;DISK OK - free space: / 90223 MB (75% inode=96%):
[1576693800] CURRENT SERVICE STATE: sig3-vm2;LocalService-NTPD SERVICE;OK;HARD;1;PROCS OK: 2 processes with command name 'ntpd'
[1576693800] CURRENT SERVICE STATE: sig3-vm2;Memory;OK;HARD;1;OK - 95.8% (22580816 kB) free.
[1576693800] CURRENT SERVICE STATE: sig3-vm2;Total Processes;OK;HARD;1;PROCS OK: 550 processes
[1576693800] CURRENT SERVICE STATE: sig4-vm2;CPU Load;OK;HARD;1;OK - load average: 0.07, 0.03, 0.05
[1576693800] CURRENT SERVICE STATE: sig4-vm2;CPU_Procs;OK;HARD;1;CPU OK: 222 processes
[1576693800] CURRENT SERVICE STATE: sig4-vm2;Current Users;OK;HARD;1;USERS OK - 0 users currently logged in
[1576693800] CURRENT SERVICE STATE: sig4-vm2;HDD_Root status;OK;HARD;1;DISK OK - free space: / 99639 MB (77% inode=99%):
[1576693800] CURRENT SERVICE STATE: sig4-vm2;LocalService-NTPD SERVICE;OK;HARD;1;PROCS OK: 1 process with command name 'ntpd'
[1576693800] CURRENT SERVICE STATE: sig4-vm2;Memory;OK;HARD;1;OK - 89.0% (31003892 kB) free.
[1576693800] CURRENT SERVICE STATE: sig4-vm2;Total Processes;OK;HARD;1;PROCS OK: 222 processes
[1576693800] CURRENT SERVICE STATE: sig5-vm2;CPU Load;OK;HARD;1;OK - load average: 0.85, 1.24, 1.25
[1576693800] CURRENT SERVICE STATE: sig5-vm2;CPU_Procs;OK;HARD;1;CPU OK: 461 processes
[1576693800] CURRENT SERVICE STATE: sig5-vm2;Current Users;OK;HARD;1;USERS OK - 0 users currently logged in
[1576693800] CURRENT SERVICE STATE: sig5-vm2;HDD_Root status;OK;HARD;1;DISK OK - free space: / 231788 MB (92% inode=99%):
[1576693800] CURRENT SERVICE STATE: sig5-vm2;LocalService-NTPD SERVICE;OK;HARD;1;PROCS OK: 1 process with command name 'ntpd'
[1576693800] CURRENT SERVICE STATE: sig5-vm2;Memory;OK;HARD;1;OK - 88.6% (31027924 kB) free.
[1576693800] CURRENT SERVICE STATE: sig5-vm2;Total Processes;OK;HARD;1;PROCS OK: 461 processes
[1576693800] CURRENT SERVICE STATE: sig6-vm2;CPU Load;OK;HARD;1;OK - load average: 0.68, 0.74, 0.91
[1576693800] CURRENT SERVICE STATE: sig6-vm2;CPU_Procs;OK;HARD;1;CPU OK: 500 processes
[1576693800] CURRENT SERVICE STATE: sig6-vm2;Current Users;OK;HARD;1;USERS OK - 2 users currently logged in
[1576693800] CURRENT SERVICE STATE: sig6-vm2;HDD_Root status;OK;HARD;1;DISK OK - free space: / 179778 MB (91% inode=99%):
[1576693800] CURRENT SERVICE STATE: sig6-vm2;LocalService-NTPD SERVICE;OK;HARD;1;PROCS OK: 1 process with command name 'ntpd'
[1576693800] CURRENT SERVICE STATE: sig6-vm2;Memory;OK;HARD;1;OK - 74.3% (16674876 kB) free.
[1576693800] CURRENT SERVICE STATE: sig6-vm2;OutOfMemory-killer--oom-killer;OK;HARD;1;Log check ok - 0 pattern matches found
[1576693800] CURRENT SERVICE STATE: sig6-vm2;Total Processes;OK;HARD;1;PROCS OK: 497 processes
[1576693800] CURRENT SERVICE STATE: sigqscluster1;CPU Load;OK;HARD;1;OK - load average: 0.03, 0.04, 0.13
[1576693800] CURRENT SERVICE STATE: sigqscluster1;CPU_Procs;OK;HARD;1;CPU OK: 355 processes
[1576693800] CURRENT SERVICE STATE: sigqscluster1;Current Users;OK;HARD;1;USERS OK - 6 users currently logged in
[1576693800] CURRENT SERVICE STATE: sigqscluster1;HDD_Home status;OK;HARD;1;DISK OK - free space: /home 224102 MB (99% inode=99%):
[1576693800] CURRENT SERVICE STATE: sigqscluster1;HDD_Root status;OK;HARD;1;DISK OK - free space: / 40040 MB (78% inode=99%):
[1576693800] CURRENT SERVICE STATE: sigqscluster1;LocalService-NTPD SERVICE;OK;HARD;1;PROCS OK: 1 process with command name 'ntpd'
[1576693800] CURRENT SERVICE STATE: sigqscluster1;Memory;OK;HARD;1;OK - 23.6% (11646080 kB) free.
[1576693800] CURRENT SERVICE STATE: sigqscluster1;Sensors Status;OK;HARD;1;SENSORS OK
[1576693800] CURRENT SERVICE STATE: sigqscluster1;Total Processes;OK;HARD;1;PROCS OK: 355 processes
[1576693800] CURRENT SERVICE STATE: sigqscluster2;CPU Load;OK;HARD;1;OK - load average: 11.80, 11.63, 11.92
[1576693800] CURRENT SERVICE STATE: sigqscluster2;CPU_Procs;OK;HARD;1;CPU OK: 296 processes
[1576693800] CURRENT SERVICE STATE: sigqscluster2;Current Users;OK;HARD;1;USERS OK - 0 users currently logged in
[1576693800] CURRENT SERVICE STATE: sigqscluster2;HDD_Home status;OK;HARD;1;DISK OK - free space: /home 208589 MB (99% inode=99%):
[1576693800] CURRENT SERVICE STATE: sigqscluster2;HDD_Root status;OK;HARD;1;DISK OK - free space: / 45521 MB (88% inode=99%):
[1576693800] CURRENT SERVICE STATE: sigqscluster2;LocalService-NTPD SERVICE;OK;HARD;1;PROCS OK: 1 process with command name 'ntpd'
[1576693800] CURRENT SERVICE STATE: sigqscluster2;Memory;OK;HARD;1;OK - 81.1% (39950312 kB) free.
[1576693800] CURRENT SERVICE STATE: sigqscluster2;Sensors Status;OK;HARD;1;SENSORS OK
[1576693800] CURRENT SERVICE STATE: sigqscluster2;Total Processes;OK;HARD;1;PROCS OK: 300 processes
[1576693800] CURRENT SERVICE STATE: sigqscluster2;sigqscluster2-rabbitmqerror;OK;HARD;1;Log check ok - 0 pattern matches found
[1576693800] CURRENT SERVICE STATE: smscapp1;CPU Load;OK;HARD;1;OK - load average: 2.74, 2.29, 2.26
[1576693800] CURRENT SERVICE STATE: smscapp1;CPU_Procs;OK;HARD;1;CPU OK: 656 processes
[1576693800] CURRENT SERVICE STATE: smscapp1;Current Users;OK;HARD;1;USERS OK - 3 users currently logged in
[1576693800] CURRENT SERVICE STATE: smscapp1;HDD_Home status;OK;HARD;1;DISK OK - free space: /home 109600 MB (48% inode=99%):
[1576693800] CURRENT SERVICE STATE: smscapp1;HDD_Root status;OK;HARD;1;DISK OK - free space: / 39105 MB (76% inode=98%):
[1576693800] CURRENT SERVICE STATE: smscapp1;LocalService-NTPD SERVICE;OK;HARD;1;PROCS OK: 1 process with command name 'ntpd'
[1576693800] CURRENT SERVICE STATE: smscapp1;Memory;OK;HARD;1;OK - 69.6% (34298124 kB) free.
[1576693800] CURRENT SERVICE STATE: smscapp1;Sensors Status;OK;HARD;1;SENSORS OK
[1576693800] CURRENT SERVICE STATE: smscapp1;Total Processes;OK;HARD;1;PROCS OK: 656 processes
[1576693800] CURRENT SERVICE STATE: smscapp2;CPU Load;OK;HARD;1;OK - load average: 4.64, 4.23, 4.27
[1576693800] CURRENT SERVICE STATE: smscapp2;CPU_Procs;OK;HARD;1;CPU OK: 2125 processes
[1576693800] CURRENT SERVICE STATE: smscapp2;Current Users;OK;HARD;1;USERS OK - 0 users currently logged in
[1576693800] CURRENT SERVICE STATE: smscapp2;HDD_Home status;OK;HARD;1;DISK OK - free space: /home 194405 MB (86% inode=99%):
[1576693800] CURRENT SERVICE STATE: smscapp2;HDD_Root status;OK;HARD;1;DISK OK - free space: / 38755 MB (75% inode=98%):
[1576693800] CURRENT SERVICE STATE: smscapp2;LocalService-NTPD SERVICE;OK;HARD;1;PROCS OK: 1 process with command name 'ntpd'
[1576693800] CURRENT SERVICE STATE: smscapp2;Memory;OK;HARD;1;OK - 55.9% (27535808 kB) free.
[1576693800] CURRENT SERVICE STATE: smscapp2;Sensors Status;OK;HARD;1;SENSORS OK
[1576693800] CURRENT SERVICE STATE: smscapp2;Total Processes;OK;HARD;1;PROCS OK: 2123 processes
[1576693800] CURRENT SERVICE STATE: sservercluster1;CPU Load;OK;HARD;1;OK - load average: 1.03, 1.19, 1.22
[1576693800] CURRENT SERVICE STATE: sservercluster1;CPU_Procs;OK;HARD;1;CPU OK: 309 processes
[1576693800] CURRENT SERVICE STATE: sservercluster1;Current Users;OK;HARD;1;USERS OK - 2 users currently logged in
[1576693800] CURRENT SERVICE STATE: sservercluster1;HDD_Home status;OK;HARD;1;DISK OK - free space: /home 113966 MB (51% inode=99%):
[1576693800] CURRENT SERVICE STATE: sservercluster1;HDD_Root status;OK;HARD;1;DISK OK - free space: / 40526 MB (79% inode=99%):
[1576693800] CURRENT SERVICE STATE: sservercluster1;LocalService-NTPD SERVICE;OK;HARD;1;PROCS OK: 1 process with command name 'ntpd'
[1576693800] CURRENT SERVICE STATE: sservercluster1;Memory;OK;HARD;1;OK - 76.4% (18725104 kB) free.
[1576693800] CURRENT SERVICE STATE: sservercluster1;Sensors Status;OK;HARD;1;SENSORS OK
[1576693800] CURRENT SERVICE STATE: sservercluster1;Total Processes;OK;HARD;1;PROCS OK: 309 processes
[1576693800] CURRENT SERVICE STATE: sservercluster2;CPU Load;OK;HARD;1;OK - load average: 0.23, 0.38, 0.45
[1576693800] CURRENT SERVICE STATE: sservercluster2;CPU_Procs;OK;HARD;1;CPU OK: 333 processes
[1576693800] CURRENT SERVICE STATE: sservercluster2;Current Users;WARNING;HARD;3;USERS WARNING - 6 users currently logged in
[1576693800] CURRENT SERVICE STATE: sservercluster2;HDD_Home status;OK;HARD;1;DISK OK - free space: /home 177689 MB (80% inode=99%):
[1576693800] CURRENT SERVICE STATE: sservercluster2;HDD_Root status;OK;HARD;1;DISK OK - free space: / 33243 MB (64% inode=98%):
[1576693800] CURRENT SERVICE STATE: sservercluster2;LocalService-NTPD SERVICE;OK;HARD;1;PROCS OK: 1 process with command name 'ntpd'
[1576693800] CURRENT SERVICE STATE: sservercluster2;Memory;OK;HARD;1;OK - 90.9% (22272956 kB) free.
[1576693800] CURRENT SERVICE STATE: sservercluster2;Sensors Status;OK;HARD;1;SENSORS OK
[1576693800] CURRENT SERVICE STATE: sservercluster2;Total Processes;OK;HARD;1;PROCS OK: 335 processes
[1576693800] CURRENT SERVICE STATE: webserver1;CPU Load;OK;HARD;1;OK - load average: 0.00, 0.01, 0.13
[1576693800] CURRENT SERVICE STATE: webserver1;CPU_Procs;OK;HARD;1;CPU OK: 362 processes
[1576693800] CURRENT SERVICE STATE: webserver1;Current Users;OK;HARD;1;USERS OK - 1 users currently logged in
[1576693800] CURRENT SERVICE STATE: webserver1;HDD_Home status;OK;HARD;1;DISK OK - free space: /home 224832 MB (99% inode=99%):
[1576693800] CURRENT SERVICE STATE: webserver1;HDD_Root status;OK;HARD;1;DISK OK - free space: / 40209 MB (78% inode=99%):
[1576693800] CURRENT SERVICE STATE: webserver1;LocalService-NTPD SERVICE;OK;HARD;1;PROCS OK: 1 process with command name 'ntpd'
[1576693800] CURRENT SERVICE STATE: webserver1;Memory;OK;HARD;1;OK - 84.5% (20689144 kB) free.
[1576693800] CURRENT SERVICE STATE: webserver1;Nginx_status;OK;HARD;1;NGINX OK -  0.086 sec. response time, Active: 1 (Writing: 1 Reading: 0 Waiting: 0) ReqPerSec: 0.003 ConnPerSec: 0.010 ReqPerConn: 0.972
[1576693800] CURRENT SERVICE STATE: webserver1;Sensors Status;OK;HARD;1;SENSORS OK
[1576693800] CURRENT SERVICE STATE: webserver1;Total Processes;OK;HARD;1;PROCS OK: 361 processes
[1576693800] CURRENT SERVICE STATE: webserver2;CPU_Procs;OK;HARD;1;CPU OK: 498 processes
[1576693800] CURRENT SERVICE STATE: webserver2;Current Load;OK;HARD;1;OK - load average: 0.01, 0.03, 0.05
[1576693800] CURRENT SERVICE STATE: webserver2;Current Users;OK;HARD;1;USERS OK - 36 users currently logged in
[1576693800] CURRENT SERVICE STATE: webserver2;HDD_Home status;OK;HARD;1;DISK OK - free space: /home 96325 MB (42.86% inode=100%):
[1576693800] CURRENT SERVICE STATE: webserver2;HTTP;OK;HARD;1;HTTP OK: HTTP/1.1 200 OK - 355 bytes in 0.001 second response time
[1576693800] CURRENT SERVICE STATE: webserver2;LocalService-NTPD SERVICE;OK;HARD;1;PROCS OK: 1 process with command name 'ntpd'
[1576693800] CURRENT SERVICE STATE: webserver2;Memory;OK;HARD;1;OK - 47.6% (11668936 kB) free.
[1576693800] CURRENT SERVICE STATE: webserver2;PING;OK;HARD;1;PING OK - Packet loss = 0%, RTA = 0.05 ms
[1576693800] CURRENT SERVICE STATE: webserver2;Root Partition;OK;HARD;1;DISK OK - free space: / 13363 MB (26.11% inode=99%):
[1576693800] CURRENT SERVICE STATE: webserver2;SSH;OK;HARD;1;SSH OK - OpenSSH_7.4 (protocol 2.0)
[1576693800] CURRENT SERVICE STATE: webserver2;Sensors Status;OK;HARD;1;SENSORS OK
[1576693800] CURRENT SERVICE STATE: webserver2;Total Processes;OK;HARD;1;PROCS OK: 163 processes with STATE = RSZDT
[1576693800] CURRENT SERVICE STATE: webservercluster1;CPU Load;OK;HARD;1;OK - load average: 0.09, 0.13, 0.13
[1576693800] CURRENT SERVICE STATE: webservercluster1;CPU_Procs;OK;HARD;1;CPU OK: 1580 processes
[1576693800] CURRENT SERVICE STATE: webservercluster1;Current Users;OK;HARD;1;USERS OK - 2 users currently logged in
[1576693800] CURRENT SERVICE STATE: webservercluster1;HDD_Home status;OK;HARD;1;DISK OK - free space: / 20393 MB (39% inode=99%):
[1576693800] CURRENT SERVICE STATE: webservercluster1;HDD_Root status;OK;HARD;1;DISK OK - free space: /home 75638 MB (33% inode=99%):
[1576693800] CURRENT SERVICE STATE: webservercluster1;LocalService-NTPD SERVICE;OK;HARD;1;PROCS OK: 1 process with command name 'ntpd'
[1576693800] CURRENT SERVICE STATE: webservercluster1;Memory;OK;HARD;1;OK - 35.9% (5837504 kB) free.
[1576693800] CURRENT SERVICE STATE: webservercluster1;Sensors Status;OK;HARD;1;SENSORS OK
[1576693800] CURRENT SERVICE STATE: webservercluster1;Total Processes;CRITICAL;HARD;3;PROCS CRITICAL: 1560 processes
[1576693800] CURRENT SERVICE STATE: webservercluster2;CPU Load;OK;HARD;1;OK - load average: 1.69, 1.77, 1.89
[1576693800] CURRENT SERVICE STATE: webservercluster2;CPU_Procs;CRITICAL;HARD;3;CPU CRITICAL: 1 crit, 0 warn out of 313 processes
[1576693800] CURRENT SERVICE STATE: webservercluster2;Current Users;OK;HARD;1;USERS OK - 5 users currently logged in
[1576693800] CURRENT SERVICE STATE: webservercluster2;HDD_Home status;OK;HARD;1;DISK OK - free space: /home 224113 MB (99% inode=99%):
[1576693800] CURRENT SERVICE STATE: webservercluster2;HDD_Root status;OK;HARD;1;DISK OK - free space: / 40163 MB (78% inode=99%):
[1576693800] CURRENT SERVICE STATE: webservercluster2;LocalService-NTPD SERVICE;OK;HARD;1;PROCS OK: 1 process with command name 'ntpd'
[1576693800] CURRENT SERVICE STATE: webservercluster2;Memory;OK;HARD;1;OK - 61.3% (9956600 kB) free.
[1576693800] CURRENT SERVICE STATE: webservercluster2;Sensors Status;OK;HARD;1;SENSORS OK
[1576693800] CURRENT SERVICE STATE: webservercluster2;Total Processes;OK;HARD;1;PROCS OK: 310 processes
[1576693860] SERVICE ALERT: redis-2;Memory;WARNING;SOFT;1;WARNING - 20.0% (26346136 kB) free!
[1576693931] SERVICE NOTIFICATION: nagiosadmin;webservercluster1;Total Processes;CRITICAL;notify-service-by-email;PROCS CRITICAL: 1598 processes
[1576693980] SERVICE ALERT: redis-2;Memory;WARNING;SOFT;2;WARNING - 17.7% (23305060 kB) free!
[1576694100] SERVICE ALERT: redis-2;Memory;OK;HARD;1;OK - 32.5% (42900668 kB) free.
[1576694211] SERVICE ALERT: redis-1;CPU_Procs;WARNING;SOFT;1;CPU WARNING: 1 warn out of 401 processes
[1576694331] SERVICE ALERT: redis-1;CPU_Procs;OK;HARD;1;CPU OK: 400 processes
[1576694415] SERVICE ALERT: pservercluster1;Memory;CRITICAL;SOFT;1;CRITICAL - 0.7% (176208 kB) free!
[1576694466] SERVICE ALERT: sservercluster1;Memory;CRITICAL;SOFT;1;CRITICAL - 0.8% (187180 kB) free!
[1576694535] SERVICE ALERT: pservercluster1;Memory;CRITICAL;SOFT;2;CRITICAL - 0.9% (213024 kB) free!
[1576694586] SERVICE ALERT: sservercluster1;Memory;CRITICAL;SOFT;2;CRITICAL - 0.7% (175640 kB) free!
[1576694655] SERVICE ALERT: pservercluster2;Memory;CRITICAL;SOFT;1;CRITICAL - 1.4% (339240 kB) free!
[1576694655] SERVICE NOTIFICATION: nagiosadmin;pservercluster1;Memory;CRITICAL;notify-service-by-email;CRITICAL - 0.8% (204436 kB) free!
[1576694655] SERVICE ALERT: pservercluster1;Memory;CRITICAL;HARD;3;CRITICAL - 0.8% (204436 kB) free!
[1576694668] SERVICE NOTIFICATION: nagiosadmin;primary-server;Nginx Error Log Status;CRITICAL;notify-service-by-email;(6) < 2019/12/19 00:11:36 [error] 20756#0: *18187575 connect() failed (111: Connection refused) while connecting to upstream, client: 183.82.105.122, server: 0.0.0.0:3000, upstream: "10.147.212.155:3000", bytes from/to client:0/0, bytes from/to upstream:0/0
[1576694700] SERVICE ALERT: redis-2;Memory;WARNING;SOFT;1;WARNING - 19.7% (25949372 kB) free!
[1576694706] SERVICE NOTIFICATION: nagiosadmin;sservercluster1;Memory;CRITICAL;notify-service-by-email;CRITICAL - 0.8% (186832 kB) free!
[1576694706] SERVICE ALERT: sservercluster1;Memory;CRITICAL;HARD;3;CRITICAL - 0.8% (186832 kB) free!
[1576694746] SERVICE ALERT: sservercluster2;Memory;CRITICAL;SOFT;1;CRITICAL - 0.7% (180196 kB) free!
[1576694775] SERVICE ALERT: pservercluster2;Memory;CRITICAL;SOFT;2;CRITICAL - 1.4% (335172 kB) free!
[1576694821] SERVICE ALERT: redis-2;Memory;WARNING;SOFT;2;WARNING - 17.6% (23153960 kB) free!
[1576694866] SERVICE ALERT: sservercluster2;Memory;CRITICAL;SOFT;2;CRITICAL - 0.7% (172692 kB) free!
[1576694895] SERVICE NOTIFICATION: nagiosadmin;pservercluster2;Memory;CRITICAL;notify-service-by-email;CRITICAL - 1.3% (329844 kB) free!
[1576694895] SERVICE ALERT: pservercluster2;Memory;CRITICAL;HARD;3;CRITICAL - 1.3% (329844 kB) free!
[1576694941] SERVICE ALERT: redis-2;Memory;OK;HARD;1;OK - 32.5% (42794424 kB) free.
[1576694986] SERVICE NOTIFICATION: nagiosadmin;sservercluster2;Memory;CRITICAL;notify-service-by-email;CRITICAL - 0.7% (165992 kB) free!
[1576694986] SERVICE ALERT: sservercluster2;Memory;CRITICAL;HARD;3;CRITICAL - 0.7% (165992 kB) free!
[1576695494] Auto-save of retention data completed successfully.
[1576695541] SERVICE ALERT: redis-2;Memory;WARNING;SOFT;1;WARNING - 19.5% (25720496 kB) free!
[1576695661] SERVICE ALERT: redis-2;Memory;OK;HARD;1;OK - 34.1% (44908224 kB) free.
[1576696700] SERVICE NOTIFICATION: nagiosadmin;sservercluster2;Current Users;WARNING;notify-service-by-email;USERS WARNING - 6 users currently logged in
[1576696797] SERVICE NOTIFICATION: nagiosadmin;webservercluster2;CPU_Procs;CRITICAL;notify-service-by-email;CPU CRITICAL: 1 crit, 0 warn out of 309 processes
[1576697531] SERVICE NOTIFICATION: nagiosadmin;webservercluster1;Total Processes;CRITICAL;notify-service-by-email;PROCS CRITICAL: 1790 processes
[1576697915] SERVICE ALERT: sigqscluster1;Memory;WARNING;SOFT;1;WARNING - 18.8% (9264460 kB) free!
[1576698035] SERVICE ALERT: sigqscluster1;Memory;WARNING;SOFT;2;WARNING - 18.1% (8914920 kB) free!
[1576698155] SERVICE NOTIFICATION: nagiosadmin;sigqscluster1;Memory;WARNING;notify-service-by-email;WARNING - 17.5% (8623924 kB) free!
[1576698155] SERVICE ALERT: sigqscluster1;Memory;WARNING;HARD;3;WARNING - 17.5% (8623924 kB) free!
[1576698255] SERVICE NOTIFICATION: nagiosadmin;pservercluster1;Memory;CRITICAL;notify-service-by-email;CRITICAL - 0.7% (172180 kB) free!
[1576698268] SERVICE NOTIFICATION: nagiosadmin;primary-server;Nginx Error Log Status;CRITICAL;notify-service-by-email;(6) < 2019/12/19 01:11:36 [error] 20756#0: *18197220 connect() failed (111: Connection refused) while connecting to upstream, client: 183.82.105.122, server: 0.0.0.0:3000, upstream: "10.147.212.154:3000", bytes from/to client:0/0, bytes from/to upstream:0/0
[1576698306] SERVICE NOTIFICATION: nagiosadmin;sservercluster1;Memory;CRITICAL;notify-service-by-email;CRITICAL - 0.7% (182944 kB) free!
[1576698496] SERVICE NOTIFICATION: nagiosadmin;pservercluster2;Memory;CRITICAL;notify-service-by-email;CRITICAL - 0.7% (174272 kB) free!
[1576698586] SERVICE NOTIFICATION: nagiosadmin;sservercluster2;Memory;CRITICAL;notify-service-by-email;CRITICAL - 0.9% (218908 kB) free!
[1576698661] SERVICE ALERT: redis-2;Memory;WARNING;SOFT;1;WARNING - 19.2% (25334332 kB) free!
[1576698755] SERVICE NOTIFICATION: nagiosadmin;sigqscluster1;Memory;CRITICAL;notify-service-by-email;CRITICAL - 8.2% (4058904 kB) free!
[1576698755] SERVICE ALERT: sigqscluster1;Memory;CRITICAL;HARD;3;CRITICAL - 8.2% (4058904 kB) free!
[1576698781] SERVICE ALERT: redis-2;Memory;OK;HARD;1;OK - 33.6% (44268276 kB) free.
[1576699094] Auto-save of retention data completed successfully.
[1576700300] SERVICE NOTIFICATION: nagiosadmin;sservercluster2;Current Users;WARNING;notify-service-by-email;USERS WARNING - 6 users currently logged in
[1576700996] SERVICE NOTIFICATION: nagiosadmin;webservercluster2;CPU_Procs;CRITICAL;notify-service-by-email;CPU CRITICAL: 1 crit, 0 warn out of 311 processes
[1576701132] SERVICE NOTIFICATION: nagiosadmin;webservercluster1;Total Processes;CRITICAL;notify-service-by-email;PROCS CRITICAL: 1940 processes
[1576701781] SERVICE ALERT: redis-2;Memory;WARNING;SOFT;1;WARNING - 19.5% (25766964 kB) free!
[1576701855] SERVICE NOTIFICATION: nagiosadmin;pservercluster1;Memory;CRITICAL;notify-service-by-email;CRITICAL - 0.7% (174384 kB) free!
[1576701869] SERVICE NOTIFICATION: nagiosadmin;primary-server;Nginx Error Log Status;CRITICAL;notify-service-by-email;(6) < 2019/12/19 02:09:02 [error] 20758#0: *18206431 connect() failed (111: Connection refused) while connecting to upstream, client: 103.255.146.164, server: 0.0.0.0:3000, upstream: "10.147.212.155:3000", bytes from/to client:0/0, bytes from/to upstream:0/0
[1576701901] SERVICE ALERT: redis-2;Memory;OK;HARD;1;OK - 32.9% (43419948 kB) free.
[1576701906] SERVICE NOTIFICATION: nagiosadmin;sservercluster1;Memory;CRITICAL;notify-service-by-email;CRITICAL - 0.8% (199852 kB) free!
[1576702186] SERVICE NOTIFICATION: nagiosadmin;sservercluster2;Memory;CRITICAL;notify-service-by-email;CRITICAL - 1.0% (233072 kB) free!
[1576702355] SERVICE NOTIFICATION: nagiosadmin;sigqscluster1;Memory;CRITICAL;notify-service-by-email;CRITICAL - 0.5% (225980 kB) free!
[1576702694] Auto-save of retention data completed successfully.
[1576702695] SERVICE NOTIFICATION: nagiosadmin;pservercluster2;Memory;CRITICAL;notify-service-by-email;CRITICAL - 0.7% (180860 kB) free!
[1576702731] SERVICE ALERT: redis-1;CPU_Procs;WARNING;SOFT;1;CPU WARNING: 1 warn out of 405 processes
[1576702746] SERVICE ALERT: smscapp1;Memory;CRITICAL;SOFT;1;CRITICAL - 0.5% (240328 kB) free!
[1576702851] SERVICE ALERT: redis-1;CPU_Procs;OK;HARD;1;CPU OK: 402 processes
[1576702866] SERVICE ALERT: smscapp1;Memory;CRITICAL;SOFT;2;CRITICAL - 0.4% (218164 kB) free!
[1576702986] SERVICE NOTIFICATION: nagiosadmin;smscapp1;Memory;CRITICAL;notify-service-by-email;CRITICAL - 0.5% (240484 kB) free!
[1576702986] SERVICE ALERT: smscapp1;Memory;CRITICAL;HARD;3;CRITICAL - 0.5% (240484 kB) free!
[1576703451] SERVICE ALERT: redis-1;CPU_Procs;WARNING;SOFT;1;CPU WARNING: 1 warn out of 402 processes
[1576703572] SERVICE ALERT: redis-1;CPU_Procs;OK;HARD;1;CPU OK: 401 processes
[1576703586] SERVICE NOTIFICATION: nagiosadmin;smscapp1;Memory;OK;notify-service-by-email;OK - 89.1% (43892740 kB) free.
[1576703586] SERVICE ALERT: smscapp1;Memory;OK;HARD;1;OK - 89.1% (43892740 kB) free.
[1576703656] SERVICE NOTIFICATION: nagiosadmin;pservercluster1;Memory;OK;notify-service-by-email;OK - 42.7% (10530408 kB) free.
[1576703656] SERVICE ALERT: pservercluster1;Memory;OK;HARD;1;OK - 42.7% (10530408 kB) free.
[1576703900] SERVICE NOTIFICATION: nagiosadmin;sservercluster2;Current Users;WARNING;notify-service-by-email;USERS WARNING - 6 users currently logged in
[1576704596] SERVICE NOTIFICATION: nagiosadmin;webservercluster2;CPU_Procs;CRITICAL;notify-service-by-email;CPU CRITICAL: 1 crit, 0 warn out of 313 processes
[1576705227] SERVICE ALERT: secondary-server;Nginx Error Log Status;CRITICAL;SOFT;1;(3) < 2019/12/19 03:10:27 [error] 28867#0: *23164556 recv() failed (104: Connection reset by peer) while proxying connection, client: 103.16.101.72, server: 0.0.0.0:4000, upstream: "10.147.212.61:4000", bytes from/to client:45/0, bytes from/to upstream:0/45
[1576705332] SERVICE NOTIFICATION: nagiosadmin;webservercluster1;Total Processes;CRITICAL;notify-service-by-email;PROCS CRITICAL: 2029 processes
[1576705348] SERVICE ALERT: secondary-server;Nginx Error Log Status;CRITICAL;SOFT;2;(2) < 2019/12/19 03:10:29 [error] 28875#0: *23164673 recv() failed (104: Connection reset by peer) while proxying connection, client: 49.50.86.152, server: 0.0.0.0:4000, upstream: "10.147.212.61:4000", bytes from/to client:42/0, bytes from/to upstream:0/42
[1576705468] SERVICE ALERT: secondary-server;Nginx Error Log Status;OK;HARD;1;Log check ok - 0 pattern matches found
[1576705469] SERVICE NOTIFICATION: nagiosadmin;primary-server;Nginx Error Log Status;OK;notify-service-by-email;Log check ok - 0 pattern matches found
[1576705469] SERVICE ALERT: primary-server;Nginx Error Log Status;OK;HARD;1;Log check ok - 0 pattern matches found
[1576705501] SERVICE ALERT: redis-2;Memory;WARNING;SOFT;1;WARNING - 19.8% (26158408 kB) free!
[1576705506] SERVICE NOTIFICATION: nagiosadmin;sservercluster1;Memory;CRITICAL;notify-service-by-email;CRITICAL - 3.2% (791156 kB) free!
[1576705621] SERVICE ALERT: redis-2;Memory;OK;HARD;1;OK - 32.7% (43044820 kB) free.
[1576705786] SERVICE NOTIFICATION: nagiosadmin;sservercluster2;Memory;CRITICAL;notify-service-by-email;CRITICAL - 2.6% (644428 kB) free!
[1576705955] SERVICE NOTIFICATION: nagiosadmin;sigqscluster1;Memory;CRITICAL;notify-service-by-email;CRITICAL - 0.5% (245972 kB) free!
[1576706221] SERVICE ALERT: redis-2;Memory;WARNING;SOFT;1;WARNING - 19.9% (26236308 kB) free!
[1576706294] Auto-save of retention data completed successfully.
[1576706296] SERVICE NOTIFICATION: nagiosadmin;pservercluster2;Memory;CRITICAL;notify-service-by-email;CRITICAL - 2.6% (648608 kB) free!
[1576706341] SERVICE ALERT: redis-2;Memory;OK;HARD;1;OK - 33.0% (43532364 kB) free.
[1576707500] SERVICE NOTIFICATION: nagiosadmin;sservercluster2;Current Users;WARNING;notify-service-by-email;USERS WARNING - 6 users currently logged in
[1576708196] SERVICE NOTIFICATION: nagiosadmin;webservercluster2;CPU_Procs;CRITICAL;notify-service-by-email;CPU CRITICAL: 1 crit, 0 warn out of 310 processes
[1576709106] SERVICE NOTIFICATION: nagiosadmin;sservercluster1;Memory;CRITICAL;notify-service-by-email;CRITICAL - 2.2% (531904 kB) free!
[1576709386] SERVICE NOTIFICATION: nagiosadmin;sservercluster2;Memory;CRITICAL;notify-service-by-email;CRITICAL - 1.5% (359168 kB) free!
[1576709532] SERVICE NOTIFICATION: nagiosadmin;webservercluster1;Total Processes;CRITICAL;notify-service-by-email;PROCS CRITICAL: 2046 processes
[1576709556] SERVICE NOTIFICATION: nagiosadmin;sigqscluster1;Memory;CRITICAL;notify-service-by-email;CRITICAL - 0.5% (229252 kB) free!
[1576709894] Auto-save of retention data completed successfully.
[1576710495] SERVICE NOTIFICATION: nagiosadmin;pservercluster2;Memory;CRITICAL;notify-service-by-email;CRITICAL - 1.5% (361708 kB) free!
[1576710771] SERVICE ALERT: redis-1;CPU_Procs;WARNING;SOFT;1;CPU WARNING: 1 warn out of 402 processes
[1576710891] SERVICE ALERT: redis-1;CPU_Procs;OK;HARD;1;CPU OK: 401 processes
[1576711100] SERVICE NOTIFICATION: nagiosadmin;sservercluster2;Current Users;WARNING;notify-service-by-email;USERS WARNING - 6 users currently logged in
[1576711141] SERVICE ALERT: redis-2;Memory;WARNING;SOFT;1;WARNING - 18.2% (23973964 kB) free!
[1576711261] SERVICE ALERT: redis-2;Memory;OK;HARD;1;OK - 33.8% (44570208 kB) free.
[1576711796] SERVICE NOTIFICATION: nagiosadmin;webservercluster2;CPU_Procs;CRITICAL;notify-service-by-email;CPU CRITICAL: 1 crit, 0 warn out of 316 processes
[1576712706] SERVICE NOTIFICATION: nagiosadmin;sservercluster1;Memory;CRITICAL;notify-service-by-email;CRITICAL - 1.5% (371804 kB) free!
[1576712986] SERVICE NOTIFICATION: nagiosadmin;sservercluster2;Memory;CRITICAL;notify-service-by-email;CRITICAL - 0.9% (231052 kB) free!
[1576713494] Auto-save of retention data completed successfully.
[1576713732] SERVICE NOTIFICATION: nagiosadmin;webservercluster1;Total Processes;CRITICAL;notify-service-by-email;PROCS CRITICAL: 2036 processes
[1576713755] SERVICE NOTIFICATION: nagiosadmin;sigqscluster1;Memory;CRITICAL;notify-service-by-email;CRITICAL - 0.5% (241244 kB) free!
[1576714096] SERVICE NOTIFICATION: nagiosadmin;pservercluster2;Memory;CRITICAL;notify-service-by-email;CRITICAL - 0.8% (202836 kB) free!
[1576714700] SERVICE NOTIFICATION: nagiosadmin;sservercluster2;Current Users;WARNING;notify-service-by-email;USERS WARNING - 6 users currently logged in
[1576715396] SERVICE NOTIFICATION: nagiosadmin;webservercluster2;CPU_Procs;CRITICAL;notify-service-by-email;CPU CRITICAL: 1 crit, 0 warn out of 313 processes
[1576715656] SERVICE ALERT: pservercluster1;Memory;CRITICAL;SOFT;1;CRITICAL - 0.6% (150916 kB) free!
[1576715776] SERVICE ALERT: pservercluster1;Memory;CRITICAL;SOFT;2;CRITICAL - 3.2% (783192 kB) free!
[1576715897] SERVICE NOTIFICATION: nagiosadmin;pservercluster1;Memory;CRITICAL;notify-service-by-email;CRITICAL - 0.8% (189720 kB) free!
[1576715897] SERVICE ALERT: pservercluster1;Memory;CRITICAL;HARD;3;CRITICAL - 0.8% (189720 kB) free!
[1576716306] SERVICE NOTIFICATION: nagiosadmin;sservercluster1;Memory;OK;notify-service-by-email;OK - 85.9% (21050312 kB) free.
[1576716306] SERVICE ALERT: sservercluster1;Memory;OK;HARD;1;OK - 85.9% (21050312 kB) free.
[1576716495] SERVICE NOTIFICATION: nagiosadmin;pservercluster2;Memory;OK;notify-service-by-email;OK - 86.0% (21072588 kB) free.
[1576716495] SERVICE ALERT: pservercluster2;Memory;OK;HARD;1;OK - 86.0% (21072588 kB) free.
[1576716500] SERVICE NOTIFICATION: nagiosadmin;sservercluster2;Current Users;OK;notify-service-by-email;USERS OK - 5 users currently logged in
[1576716500] SERVICE ALERT: sservercluster2;Current Users;OK;HARD;1;USERS OK - 5 users currently logged in
[1576716586] SERVICE NOTIFICATION: nagiosadmin;sservercluster2;Memory;OK;notify-service-by-email;OK - 89.1% (21844636 kB) free.
[1576716586] SERVICE ALERT: sservercluster2;Memory;OK;HARD;1;OK - 89.1% (21844636 kB) free.
[1576717094] Auto-save of retention data completed successfully.
[1576717332] SERVICE NOTIFICATION: nagiosadmin;webservercluster1;Total Processes;CRITICAL;notify-service-by-email;PROCS CRITICAL: 1999 processes
[1576717355] SERVICE NOTIFICATION: nagiosadmin;sigqscluster1;Memory;CRITICAL;notify-service-by-email;CRITICAL - 0.4% (214840 kB) free!
[1576718997] SERVICE NOTIFICATION: nagiosadmin;webservercluster2;CPU_Procs;CRITICAL;notify-service-by-email;CPU CRITICAL: 1 crit, 0 warn out of 313 processes
[1576719497] SERVICE NOTIFICATION: nagiosadmin;pservercluster1;Memory;CRITICAL;notify-service-by-email;CRITICAL - 0.7% (183576 kB) free!
[1576720491] SERVICE ALERT: redis-1;CPU_Procs;WARNING;SOFT;1;CPU WARNING: 1 warn out of 401 processes
[1576720611] SERVICE ALERT: redis-1;CPU_Procs;OK;HARD;1;CPU OK: 401 processes
[1576720694] Auto-save of retention data completed successfully.
[1576720955] SERVICE NOTIFICATION: nagiosadmin;sigqscluster1;Memory;CRITICAL;notify-service-by-email;CRITICAL - 0.5% (237324 kB) free!
[1576721531] SERVICE NOTIFICATION: nagiosadmin;webservercluster1;Total Processes;CRITICAL;notify-service-by-email;PROCS CRITICAL: 1940 processes
[1576723098] SERVICE NOTIFICATION: nagiosadmin;pservercluster1;Memory;CRITICAL;notify-service-by-email;CRITICAL - 0.7% (173180 kB) free!
[1576723196] SERVICE NOTIFICATION: nagiosadmin;webservercluster2;CPU_Procs;CRITICAL;notify-service-by-email;CPU CRITICAL: 1 crit, 0 warn out of 310 processes
[1576724294] Auto-save of retention data completed successfully.
[1576724555] SERVICE NOTIFICATION: nagiosadmin;sigqscluster1;Memory;CRITICAL;notify-service-by-email;CRITICAL - 0.5% (237512 kB) free!
[1576725131] SERVICE NOTIFICATION: nagiosadmin;webservercluster1;Total Processes;CRITICAL;notify-service-by-email;PROCS CRITICAL: 1862 processes
[1576726796] SERVICE NOTIFICATION: nagiosadmin;webservercluster2;CPU_Procs;CRITICAL;notify-service-by-email;CPU CRITICAL: 1 crit, 0 warn out of 308 processes
[1576727068] SERVICE ALERT: secondary-server;Nginx Error Log Status;CRITICAL;SOFT;1;(13) < 2019/12/19 09:06:12 [error] 28874#0: *23249201 connect() failed (111: Connection refused) while connecting to upstream, client: 103.16.101.72, server: 0.0.0.0:4000, upstream: "10.147.212.37:4000", bytes from/to client:0/0, bytes from/to upstream:0/0
[1576727189] SERVICE ALERT: secondary-server;Nginx Error Log Status;OK;HARD;1;Log check ok - 0 pattern matches found
[1576727297] SERVICE NOTIFICATION: nagiosadmin;pservercluster1;Memory;CRITICAL;notify-service-by-email;CRITICAL - 0.8% (200020 kB) free!
[1576727894] Auto-save of retention data completed successfully.
[1576728155] SERVICE NOTIFICATION: nagiosadmin;sigqscluster1;Memory;CRITICAL;notify-service-by-email;CRITICAL - 0.5% (232480 kB) free!
[1576728732] SERVICE NOTIFICATION: nagiosadmin;webservercluster1;Total Processes;CRITICAL;notify-service-by-email;PROCS CRITICAL: 1790 processes
[1576730396] SERVICE NOTIFICATION: nagiosadmin;webservercluster2;CPU_Procs;CRITICAL;notify-service-by-email;CPU CRITICAL: 1 crit, 0 warn out of 309 processes
[1576730897] SERVICE NOTIFICATION: nagiosadmin;pservercluster1;Memory;CRITICAL;notify-service-by-email;CRITICAL - 1.2% (290844 kB) free!
[1576731494] Auto-save of retention data completed successfully.
[1576731555] SERVICE ALERT: rq-2;rq2-rabbitmqerror;CRITICAL;SOFT;1;(1) < Channel error on connection <0.16247.1608> (10.147.212.158:40958 -> 10.147.212.204:5672, vhost: '/', user: 'guest'), channel 1:
[1576731675] SERVICE ALERT: rq-2;rq2-rabbitmqerror;OK;HARD;1;Log check ok - 0 pattern matches found
[1576731755] SERVICE NOTIFICATION: nagiosadmin;sigqscluster1;Memory;CRITICAL;notify-service-by-email;CRITICAL - 0.4% (214676 kB) free!
[1576732103] SERVICE ALERT: webservercluster1;CPU_Procs;WARNING;SOFT;1;CPU WARNING: 1 warn out of 1584 processes
[1576732224] SERVICE ALERT: webservercluster1;CPU_Procs;OK;HARD;1;CPU OK: 1572 processes
[1576732931] SERVICE NOTIFICATION: nagiosadmin;webservercluster1;Total Processes;CRITICAL;notify-service-by-email;PROCS CRITICAL: 1531 processes
[1576733996] SERVICE NOTIFICATION: nagiosadmin;webservercluster2;CPU_Procs;CRITICAL;notify-service-by-email;CPU CRITICAL: 1 crit, 0 warn out of 309 processes
[1576734178] EXTERNAL COMMAND: SCHEDULE_FORCED_SVC_CHECK;pservercluster1;Memory;1576734176
[1576734178] SERVICE NOTIFICATION: nagiosadmin;pservercluster1;Memory;OK;notify-service-by-email;OK - 91.1% (22477516 kB) free.
[1576734178] SERVICE ALERT: pservercluster1;Memory;OK;HARD;1;OK - 91.1% (22477516 kB) free.
[1576734182] EXTERNAL COMMAND: SCHEDULE_FORCED_SVC_CHECK;pservercluster1;Memory;1576734181
[1576734187] EXTERNAL COMMAND: SCHEDULE_FORCED_SVC_CHECK;pservercluster1;Memory;1576734185
[1576734220] EXTERNAL COMMAND: SCHEDULE_FORCED_SVC_CHECK;sigqscluster1;Memory;1576734219
[1576734221] SERVICE NOTIFICATION: nagiosadmin;sigqscluster1;Memory;OK;notify-service-by-email;OK - 78.8% (38827204 kB) free.
[1576734221] SERVICE ALERT: sigqscluster1;Memory;OK;HARD;1;OK - 78.8% (38827204 kB) free.
[1576734224] EXTERNAL COMMAND: SCHEDULE_FORCED_SVC_CHECK;sigqscluster1;Memory;1576734223
[1576734228] EXTERNAL COMMAND: SCHEDULE_FORCED_SVC_CHECK;sigqscluster1;Memory;1576734227
[1576734252] EXTERNAL COMMAND: SCHEDULE_FORCED_SVC_CHECK;webservercluster1;Total Processes;1576734251
[1576734255] EXTERNAL COMMAND: SCHEDULE_FORCED_SVC_CHECK;webservercluster1;Total Processes;1576734254
[1576734259] EXTERNAL COMMAND: SCHEDULE_FORCED_SVC_CHECK;webservercluster1;Total Processes;1576734258
[1576734263] EXTERNAL COMMAND: SCHEDULE_FORCED_SVC_CHECK;webservercluster1;Total Processes;1576734262
[1576734267] EXTERNAL COMMAND: SCHEDULE_FORCED_SVC_CHECK;webservercluster1;Total Processes;1576734266
[1576734270] EXTERNAL COMMAND: SCHEDULE_FORCED_SVC_CHECK;webservercluster1;Total Processes;1576734269
[1576735094] Auto-save of retention data completed successfully.
[1576735700] SERVICE ALERT: sservercluster2;Current Users;WARNING;SOFT;1;USERS WARNING - 6 users currently logged in
[1576735820] SERVICE ALERT: sservercluster2;Current Users;WARNING;SOFT;2;USERS WARNING - 6 users currently logged in
[1576735940] SERVICE NOTIFICATION: nagiosadmin;sservercluster2;Current Users;WARNING;notify-service-by-email;USERS WARNING - 6 users currently logged in
[1576735940] SERVICE ALERT: sservercluster2;Current Users;WARNING;HARD;3;USERS WARNING - 6 users currently logged in
[1576736669] SERVICE ALERT: primary-server;Nginx Error Log Status;CRITICAL;SOFT;1;(9) < 2019/12/19 11:54:02 [error] 20759#0: *18301456 connect() failed (111: Connection refused) while connecting to upstream, client: 103.255.146.164, server: 0.0.0.0:3000, upstream: "10.147.212.143:3000", bytes from/to client:0/0, bytes from/to upstream:0/0
[1576736670] SERVICE NOTIFICATION: nagiosadmin;webservercluster1;Total Processes;CRITICAL;notify-service-by-email;PROCS CRITICAL: 1386 processes
[1576736789] SERVICE ALERT: primary-server;Nginx Error Log Status;CRITICAL;SOFT;2;(2) < 2019/12/19 11:55:45 [error] 20756#0: *18301728 connect() failed (111: Connection refused) while connecting to upstream, client: 183.82.105.122, server: 0.0.0.0:3000, upstream: "10.147.212.143:3000", bytes from/to client:0/0, bytes from/to upstream:0/0
[1576736909] SERVICE NOTIFICATION: nagiosadmin;primary-server;Nginx Error Log Status;CRITICAL;notify-service-by-email;(1) < 2019/12/19 11:56:36 [error] 20756#0: *18301866 connect() failed (111: Connection refused) while connecting to upstream, client: 183.82.105.122, server: 0.0.0.0:3000, upstream: "10.147.212.155:3000", bytes from/to client:0/0, bytes from/to upstream:0/0
[1576736909] SERVICE ALERT: primary-server;Nginx Error Log Status;CRITICAL;HARD;3;(1) < 2019/12/19 11:56:36 [error] 20756#0: *18301866 connect() failed (111: Connection refused) while connecting to upstream, client: 183.82.105.122, server: 0.0.0.0:3000, upstream: "10.147.212.155:3000", bytes from/to client:0/0, bytes from/to upstream:0/0
[1576737596] SERVICE NOTIFICATION: nagiosadmin;webservercluster2;CPU_Procs;CRITICAL;notify-service-by-email;CPU CRITICAL: 1 crit, 0 warn out of 310 processes
[1576737787] SERVICE ALERT: pservercluster1;Memory;WARNING;SOFT;1;WARNING - 13.5% (3325088 kB) free!
[1576737907] SERVICE ALERT: pservercluster1;Memory;WARNING;SOFT;2;WARNING - 15.2% (3745212 kB) free!
[1576738027] SERVICE NOTIFICATION: nagiosadmin;pservercluster1;Memory;WARNING;notify-service-by-email;WARNING - 14.9% (3689136 kB) free!
[1576738027] SERVICE ALERT: pservercluster1;Memory;WARNING;HARD;3;WARNING - 14.9% (3689136 kB) free!
[1576738262] SERVICE ALERT: redis-2;Memory;WARNING;SOFT;1;WARNING - 19.9% (26189384 kB) free!
[1576738382] SERVICE ALERT: redis-2;Memory;OK;HARD;1;OK - 37.0% (48722628 kB) free.
[1576738628] SERVICE NOTIFICATION: nagiosadmin;pservercluster1;Memory;CRITICAL;notify-service-by-email;CRITICAL - 8.3% (2042112 kB) free!
[1576738628] SERVICE ALERT: pservercluster1;Memory;CRITICAL;HARD;3;CRITICAL - 8.3% (2042112 kB) free!
[1576738694] Auto-save of retention data completed successfully.
[1576738982] SERVICE ALERT: redis-2;Memory;WARNING;SOFT;1;WARNING - 19.0% (25101472 kB) free!
[1576739102] SERVICE ALERT: redis-2;Memory;OK;HARD;1;OK - 36.0% (47441896 kB) free.
[1576739436] EXTERNAL COMMAND: SCHEDULE_FORCED_SVC_CHECK;pservercluster1;Memory;1576739435
[1576739437] SERVICE FLAPPING ALERT: pservercluster1;Memory;STARTED; Service appears to have started flapping (22.9% change >= 20.0% threshold)
[1576739437] SERVICE ALERT: pservercluster1;Memory;OK;HARD;1;OK - 90.5% (22327168 kB) free.
[1576739449] EXTERNAL COMMAND: SCHEDULE_FORCED_SVC_CHECK;pservercluster1;Memory;1576739447
[1576739483] EXTERNAL COMMAND: SCHEDULE_FORCED_SVC_CHECK;primary-server;Nginx Error Log Status;1576739482
[1576739494] EXTERNAL COMMAND: SCHEDULE_FORCED_SVC_CHECK;primary-server;Nginx Error Log Status;1576739492
[1576739499] EXTERNAL COMMAND: SCHEDULE_FORCED_SVC_CHECK;primary-server;Nginx Error Log Status;1576739498
[1576739500] SERVICE NOTIFICATION: nagiosadmin;primary-server;Nginx Error Log Status;OK;notify-service-by-email;Log check ok - 0 pattern matches found
[1576739500] SERVICE ALERT: primary-server;Nginx Error Log Status;OK;HARD;1;Log check ok - 0 pattern matches found
[1576739505] EXTERNAL COMMAND: SCHEDULE_FORCED_SVC_CHECK;primary-server;Nginx Error Log Status;1576739503
[1576739505] SERVICE ALERT: primary-server;Nginx Error Log Status;CRITICAL;SOFT;1;(1) < 2019/12/19 12:41:41 [error] 20756#0: *18309079 connect() failed (111: Connection refused) while connecting to upstream, client: 103.255.146.164, server: 0.0.0.0:3000, upstream: "10.147.212.143:3000", bytes from/to client:0/0, bytes from/to upstream:0/0
[1576739513] EXTERNAL COMMAND: SCHEDULE_FORCED_SVC_CHECK;primary-server;Nginx Error Log Status;1576739511
[1576739513] SERVICE ALERT: primary-server;Nginx Error Log Status;OK;HARD;1;Log check ok - 0 pattern matches found
[1576739541] SERVICE NOTIFICATION: nagiosadmin;sservercluster2;Current Users;WARNING;notify-service-by-email;USERS WARNING - 7 users currently logged in
[1576739702] SERVICE ALERT: redis-2;Memory;WARNING;SOFT;1;WARNING - 18.1% (23865432 kB) free!
[1576739822] SERVICE ALERT: redis-2;Memory;OK;HARD;1;OK - 34.7% (45728868 kB) free.
[1576740113] SERVICE ALERT: primary-server;Nginx Error Log Status;CRITICAL;SOFT;1;(6) < 2019/12/19 12:51:36 [error] 20758#0: *18310653 connect() failed (111: Connection refused) while connecting to upstream, client: 183.82.105.122, server: 0.0.0.0:3000, upstream: "10.147.212.154:3000", bytes from/to client:0/0, bytes from/to upstream:0/0
[1576740233] SERVICE ALERT: primary-server;Nginx Error Log Status;OK;HARD;1;Log check ok - 0 pattern matches found
[1576740270] SERVICE NOTIFICATION: nagiosadmin;webservercluster1;Total Processes;CRITICAL;notify-service-by-email;PROCS CRITICAL: 995 processes
[1576740422] SERVICE ALERT: redis-2;Memory;WARNING;SOFT;1;WARNING - 16.8% (22105068 kB) free!
[1576740542] SERVICE ALERT: redis-2;Memory;OK;HARD;1;OK - 33.8% (44605880 kB) free.
[1576740833] SERVICE ALERT: primary-server;Nginx Error Log Status;CRITICAL;SOFT;1;(10) < 2019/12/19 13:01:36 [error] 20756#0: *18312261 connect() failed (111: Connection refused) while connecting to upstream, client: 183.82.105.122, server: 0.0.0.0:3000, upstream: "10.147.212.143:3000", bytes from/to client:0/0, bytes from/to upstream:0/0
[1576740907] SERVICE ALERT: sservercluster1;Memory;WARNING;SOFT;1;WARNING - 18.8% (4605512 kB) free!
[1576740953] SERVICE ALERT: primary-server;Nginx Error Log Status;CRITICAL;SOFT;2;(5) < 2019/12/19 13:05:46 [error] 20753#0: *18312927 connect() failed (111: Connection refused) while connecting to upstream, client: 183.82.105.122, server: 0.0.0.0:3000, upstream: "10.147.212.154:3000", bytes from/to client:0/0, bytes from/to upstream:0/0
[1576741027] SERVICE ALERT: sservercluster1;Memory;WARNING;SOFT;2;WARNING - 18.1% (4438456 kB) free!
[1576741073] SERVICE ALERT: primary-server;Nginx Error Log Status;OK;HARD;1;Log check ok - 0 pattern matches found
[1576741142] SERVICE ALERT: redis-2;Memory;WARNING;SOFT;1;WARNING - 15.7% (20644584 kB) free!
[1576741147] SERVICE NOTIFICATION: nagiosadmin;sservercluster1;Memory;WARNING;notify-service-by-email;WARNING - 17.4% (4269736 kB) free!
[1576741147] SERVICE ALERT: sservercluster1;Memory;WARNING;HARD;3;WARNING - 17.4% (4269736 kB) free!
[1576741196] SERVICE NOTIFICATION: nagiosadmin;webservercluster2;CPU_Procs;CRITICAL;notify-service-by-email;CPU CRITICAL: 1 crit, 0 warn out of 311 processes
[1576741262] SERVICE ALERT: redis-2;Memory;OK;HARD;1;OK - 30.4% (40119268 kB) free.
[1576741674] SERVICE ALERT: primary-server;Nginx Error Log Status;CRITICAL;SOFT;1;(7) < 2019/12/19 13:15:45 [error] 20757#0: *18314507 connect() failed (111: Connection refused) while connecting to upstream, client: 183.82.105.122, server: 0.0.0.0:3000, upstream: "10.147.212.155:3000", bytes from/to client:0/0, bytes from/to upstream:0/0
[1576741794] SERVICE ALERT: primary-server;Nginx Error Log Status;CRITICAL;SOFT;2;(1) < 2019/12/19 13:19:02 [error] 20756#0: *18315026 connect() failed (111: Connection refused) while connecting to upstream, client: 103.255.146.164, server: 0.0.0.0:3000, upstream: "10.147.212.143:3000", bytes from/to client:0/0, bytes from/to upstream:0/0
[1576741914] SERVICE NOTIFICATION: nagiosadmin;primary-server;Nginx Error Log Status;CRITICAL;notify-service-by-email;(3) < 2019/12/19 13:20:46 [error] 20756#0: *18315295 connect() failed (111: Connection refused) while connecting to upstream, client: 183.82.105.122, server: 0.0.0.0:3000, upstream: "10.147.212.155:3000", bytes from/to client:0/0, bytes from/to upstream:0/0
[1576741914] SERVICE ALERT: primary-server;Nginx Error Log Status;CRITICAL;HARD;3;(3) < 2019/12/19 13:20:46 [error] 20756#0: *18315295 connect() failed (111: Connection refused) while connecting to upstream, client: 183.82.105.122, server: 0.0.0.0:3000, upstream: "10.147.212.155:3000", bytes from/to client:0/0, bytes from/to upstream:0/0
[1576742294] Auto-save of retention data completed successfully.
[1576742295] SERVICE ALERT: pservercluster2;Memory;WARNING;SOFT;1;WARNING - 19.5% (4785200 kB) free!
[1576742415] SERVICE ALERT: pservercluster2;Memory;WARNING;SOFT;2;WARNING - 18.9% (4628944 kB) free!
[1576742535] SERVICE NOTIFICATION: nagiosadmin;pservercluster2;Memory;WARNING;notify-service-by-email;WARNING - 18.4% (4507188 kB) free!
[1576742535] SERVICE ALERT: pservercluster2;Memory;WARNING;HARD;3;WARNING - 18.4% (4507188 kB) free!
[1576742670] SERVICE NOTIFICATION: nagiosadmin;webservercluster1;Total Processes;OK;notify-service-by-email;PROCS OK: 515 processes
[1576742670] SERVICE ALERT: webservercluster1;Total Processes;OK;HARD;1;PROCS OK: 515 processes
[1576742947] SERVICE NOTIFICATION: nagiosadmin;sservercluster1;Memory;CRITICAL;notify-service-by-email;CRITICAL - 7.5% (1839084 kB) free!
[1576742947] SERVICE ALERT: sservercluster1;Memory;CRITICAL;HARD;3;CRITICAL - 7.5% (1839084 kB) free!
[1576743141] SERVICE NOTIFICATION: nagiosadmin;sservercluster2;Current Users;WARNING;notify-service-by-email;USERS WARNING - 7 users currently logged in
[1576744335] SERVICE NOTIFICATION: nagiosadmin;pservercluster2;Memory;CRITICAL;notify-service-by-email;CRITICAL - 9.0% (2203240 kB) free!
[1576744335] SERVICE ALERT: pservercluster2;Memory;CRITICAL;HARD;3;CRITICAL - 9.0% (2203240 kB) free!
[1576744796] SERVICE NOTIFICATION: nagiosadmin;webservercluster2;CPU_Procs;CRITICAL;notify-service-by-email;CPU CRITICAL: 1 crit, 0 warn out of 313 processes
[1576745386] SERVICE ALERT: sservercluster2;Memory;WARNING;SOFT;1;WARNING - 17.8% (4355332 kB) free!
[1576745507] SERVICE ALERT: sservercluster2;Memory;WARNING;SOFT;2;WARNING - 17.3% (4247892 kB) free!
[1576745515] SERVICE NOTIFICATION: nagiosadmin;primary-server;Nginx Error Log Status;CRITICAL;notify-service-by-email;(8) < 2019/12/19 14:21:37 [error] 20756#0: *18325458 connect() failed (111: Connection refused) while connecting to upstream, client: 183.82.105.122, server: 0.0.0.0:3000, upstream: "10.147.212.154:3000", bytes from/to client:0/0, bytes from/to upstream:0/0
[1576745627] SERVICE NOTIFICATION: nagiosadmin;sservercluster2;Memory;WARNING;notify-service-by-email;WARNING - 16.8% (4127132 kB) free!
[1576745627] SERVICE ALERT: sservercluster2;Memory;WARNING;HARD;3;WARNING - 16.8% (4127132 kB) free!
[1576745894] Auto-save of retention data completed successfully.
[1576746547] SERVICE NOTIFICATION: nagiosadmin;sservercluster1;Memory;CRITICAL;notify-service-by-email;CRITICAL - 0.7% (179696 kB) free!
[1576746741] SERVICE NOTIFICATION: nagiosadmin;sservercluster2;Current Users;WARNING;notify-service-by-email;USERS WARNING - 7 users currently logged in
[1576747588] SERVICE ALERT: secondary-server;Nginx Error Log Status;CRITICAL;SOFT;1;(68) < 2019/12/19 14:53:18 [error] 28870#0: *23390066 recv() failed (104: Connection reset by peer) while proxying connection, client: 103.27.86.30, server: 0.0.0.0:4000, upstream: "10.147.212.37:4000", bytes from/to client:42/0, bytes from/to upstream:0/42
[1576747708] SERVICE ALERT: secondary-server;Nginx Error Log Status;OK;HARD;1;Log check ok - 0 pattern matches found
[1576747935] SERVICE NOTIFICATION: nagiosadmin;pservercluster2;Memory;CRITICAL;notify-service-by-email;CRITICAL - 0.8% (195336 kB) free!
[1576748397] SERVICE NOTIFICATION: nagiosadmin;webservercluster2;CPU_Procs;CRITICAL;notify-service-by-email;CPU CRITICAL: 1 crit, 0 warn out of 309 processes
[1576748462] SERVICE ALERT: redis-2;Memory;WARNING;SOFT;1;WARNING - 16.6% (21900268 kB) free!
[1576748582] SERVICE ALERT: redis-2;Memory;OK;HARD;1;OK - 36.1% (47615072 kB) free.
[1576748627] SERVICE NOTIFICATION: nagiosadmin;sservercluster2;Memory;CRITICAL;notify-service-by-email;CRITICAL - 8.5% (2089032 kB) free!
[1576748627] SERVICE ALERT: sservercluster2;Memory;CRITICAL;HARD;3;CRITICAL - 8.5% (2089032 kB) free!
[1576748908] SERVICE ALERT: secondary-server;Nginx Error Log Status;CRITICAL;SOFT;1;(8) < 2019/12/19 15:13:50 [error] 28866#0: *23400472 recv() failed (104: Connection reset by peer) while proxying connection, client: 49.50.86.152, server: 0.0.0.0:4000, upstream: "10.147.212.38:4000", bytes from/to client:462/17, bytes from/to upstream:17/462
[1576749029] SERVICE ALERT: secondary-server;Nginx Error Log Status;OK;HARD;1;Log check ok - 0 pattern matches found
[1576749182] SERVICE ALERT: redis-2;Memory;WARNING;SOFT;1;WARNING - 17.6% (23263888 kB) free!
[1576749186] SERVICE ALERT: smscapp1;Memory;WARNING;SOFT;1;WARNING - 19.1% (9404260 kB) free!
[1576749302] SERVICE ALERT: redis-2;Memory;OK;HARD;1;OK - 26.4% (34769660 kB) free.
[1576749306] SERVICE ALERT: smscapp1;Memory;WARNING;SOFT;2;WARNING - 18.7% (9239636 kB) free!
[1576749426] SERVICE NOTIFICATION: nagiosadmin;smscapp1;Memory;WARNING;notify-service-by-email;WARNING - 18.4% (9081876 kB) free!
[1576749426] SERVICE ALERT: smscapp1;Memory;WARNING;HARD;3;WARNING - 18.4% (9081876 kB) free!
[1576749494] Auto-save of retention data completed successfully.
[1576749623] SERVICE ALERT: webservercluster1;CPU_Procs;WARNING;SOFT;1;CPU WARNING: 1 warn out of 334 processes
[1576749628] SERVICE ALERT: secondary-server;Nginx Error Log Status;CRITICAL;SOFT;1;(2) < 2019/12/19 15:26:58 [error] 28860#0: *23407415 recv() failed (104: Connection reset by peer) while proxying connection, client: 49.50.86.152, server: 0.0.0.0:4000, upstream: "10.147.212.61:4000", bytes from/to client:153/17, bytes from/to upstream:17/153
[1576749649] SERVICE ALERT: pservercluster1;Memory;WARNING;SOFT;1;WARNING - 13.3% (3274184 kB) free!
[1576749715] SERVICE NOTIFICATION: nagiosadmin;primary-server;Nginx Error Log Status;CRITICAL;notify-service-by-email;(8) < 2019/12/19 15:31:36 [error] 20756#0: *18338044 connect() failed (111: Connection refused) while connecting to upstream, client: 183.82.105.122, server: 0.0.0.0:3000, upstream: "10.147.212.154:3000", bytes from/to client:0/0, bytes from/to upstream:0/0
[1576749743] SERVICE ALERT: webservercluster1;CPU_Procs;OK;HARD;1;CPU OK: 333 processes
[1576749748] SERVICE ALERT: secondary-server;Nginx Error Log Status;OK;HARD;1;Log check ok - 0 pattern matches found
[1576749769] SERVICE ALERT: pservercluster1;Memory;CRITICAL;SOFT;2;CRITICAL - 10.0% (2475756 kB) free!
[1576749837] EXTERNAL COMMAND: SCHEDULE_FORCED_SVC_CHECK;pservercluster2;Memory;1576749836
[1576749838] SERVICE NOTIFICATION: nagiosadmin;pservercluster2;Memory;OK;notify-service-by-email;OK - 75.5% (18493688 kB) free.
[1576749838] SERVICE ALERT: pservercluster2;Memory;OK;HARD;1;OK - 75.5% (18493688 kB) free.
[1576749844] EXTERNAL COMMAND: SCHEDULE_FORCED_SVC_CHECK;pservercluster2;Memory;1576749842
[1576749850] EXTERNAL COMMAND: SCHEDULE_FORCED_SVC_CHECK;pservercluster2;Memory;1576749848
[1576749880] EXTERNAL COMMAND: SCHEDULE_FORCED_SVC_CHECK;pservercluster1;Memory;1576749878
[1576749881] SERVICE FLAPPING ALERT: pservercluster1;Memory;STOPPED; Service appears to have stopped flapping (3.9% change < 5.0% threshold)
[1576749881] SERVICE ALERT: pservercluster1;Memory;OK;HARD;1;OK - 92.6% (22861088 kB) free.
[1576749887] EXTERNAL COMMAND: SCHEDULE_FORCED_SVC_CHECK;pservercluster1;Memory;1576749886
[1576749902] SERVICE ALERT: redis-2;Memory;WARNING;SOFT;1;WARNING - 18.8% (24806204 kB) free!
[1576749920] EXTERNAL COMMAND: SCHEDULE_FORCED_SVC_CHECK;sservercluster1;Memory;1576749919
[1576749921] SERVICE NOTIFICATION: nagiosadmin;sservercluster1;Memory;OK;notify-service-by-email;OK - 75.5% (18494216 kB) free.
[1576749921] SERVICE ALERT: sservercluster1;Memory;OK;HARD;1;OK - 75.5% (18494216 kB) free.
[1576749925] EXTERNAL COMMAND: SCHEDULE_FORCED_SVC_CHECK;sservercluster1;Memory;1576749924
[1576749959] EXTERNAL COMMAND: SCHEDULE_FORCED_SVC_CHECK;sservercluster2;Memory;1576749957
[1576749959] SERVICE NOTIFICATION: nagiosadmin;sservercluster2;Memory;OK;notify-service-by-email;OK - 82.6% (20250460 kB) free.
[1576749959] SERVICE ALERT: sservercluster2;Memory;OK;HARD;1;OK - 82.6% (20250460 kB) free.
[1576749964] EXTERNAL COMMAND: SCHEDULE_FORCED_SVC_CHECK;sservercluster2;Memory;1576749963
[1576750022] SERVICE ALERT: redis-2;Memory;WARNING;SOFT;2;WARNING - 16.0% (21032496 kB) free!
[1576750142] SERVICE ALERT: redis-2;Memory;OK;HARD;1;OK - 34.9% (46062388 kB) free.
[1576750341] SERVICE NOTIFICATION: nagiosadmin;sservercluster2;Current Users;WARNING;notify-service-by-email;USERS WARNING - 9 users currently logged in
[1576750348] SERVICE ALERT: secondary-server;Nginx Error Log Status;CRITICAL;SOFT;1;(2) < 2019/12/19 15:39:01 [error] 28871#0: *23413807 recv() failed (104: Connection reset by peer) while proxying connection, client: 49.50.86.152, server: 0.0.0.0:4000, upstream: "10.147.212.61:4000", bytes from/to client:252/17, bytes from/to upstream:17/252
[1576750468] SERVICE ALERT: secondary-server;Nginx Error Log Status;OK;HARD;1;Log check ok - 0 pattern matches found
[1576750742] SERVICE ALERT: redis-2;Memory;WARNING;SOFT;1;WARNING - 16.2% (21300192 kB) free!
[1576750863] SERVICE ALERT: redis-2;Memory;OK;HARD;1;OK - 34.4% (45310016 kB) free.
[1576751462] SERVICE ALERT: redis-2;Memory;WARNING;SOFT;1;WARNING - 17.9% (23598372 kB) free!
[1576751582] SERVICE ALERT: redis-2;Memory;WARNING;SOFT;2;WARNING - 14.9% (19698448 kB) free!
[1576751628] SERVICE ALERT: sigqscluster1;Memory;WARNING;SOFT;1;WARNING - 11.8% (5839028 kB) free!
[1576751668] SERVICE ALERT: secondary-server;Nginx Error Log Status;CRITICAL;SOFT;1;(2) < 2019/12/19 16:04:09 [error] 28871#0: *23427020 recv() failed (104: Connection reset by peer) while proxying connection, client: 49.50.86.152, server: 0.0.0.0:4000, upstream: "10.147.212.37:4000", bytes from/to client:233/17, bytes from/to upstream:17/233
[1576751687] SERVICE ALERT: pservercluster1;Memory;CRITICAL;SOFT;1;CRITICAL - 0.7% (176156 kB) free!
[1576751702] SERVICE ALERT: redis-2;Memory;OK;HARD;1;OK - 33.8% (44554204 kB) free.
[1576751748] SERVICE ALERT: sigqscluster1;Memory;CRITICAL;SOFT;2;CRITICAL - 4.8% (2371968 kB) free!
[1576751789] SERVICE ALERT: secondary-server;Nginx Error Log Status;OK;HARD;1;Log check ok - 0 pattern matches found
[1576751807] SERVICE ALERT: pservercluster1;Memory;CRITICAL;SOFT;2;CRITICAL - 0.8% (204068 kB) free!
[1576751869] SERVICE NOTIFICATION: nagiosadmin;sigqscluster1;Memory;CRITICAL;notify-service-by-email;CRITICAL - 0.4% (215528 kB) free!
[1576751869] SERVICE ALERT: sigqscluster1;Memory;CRITICAL;HARD;3;CRITICAL - 0.4% (215528 kB) free!
[1576751928] SERVICE NOTIFICATION: nagiosadmin;pservercluster1;Memory;CRITICAL;notify-service-by-email;CRITICAL - 0.7% (181148 kB) free!
[1576751928] SERVICE ALERT: pservercluster1;Memory;CRITICAL;HARD;3;CRITICAL - 0.7% (181148 kB) free!
[1576751997] SERVICE NOTIFICATION: nagiosadmin;webservercluster2;CPU_Procs;CRITICAL;notify-service-by-email;CPU CRITICAL: 1 crit, 0 warn out of 311 processes
[1576752302] SERVICE ALERT: redis-2;Memory;WARNING;SOFT;1;WARNING - 15.7% (20661216 kB) free!
[1576752422] SERVICE ALERT: redis-2;Memory;WARNING;SOFT;2;WARNING - 13.0% (17110104 kB) free!
[1576752542] SERVICE ALERT: redis-2;Memory;OK;HARD;1;OK - 31.9% (42037252 kB) free.
[1576753026] SERVICE NOTIFICATION: nagiosadmin;smscapp1;Memory;CRITICAL;notify-service-by-email;CRITICAL - 10.0% (4904796 kB) free!
[1576753026] SERVICE ALERT: smscapp1;Memory;CRITICAL;HARD;3;CRITICAL - 10.0% (4904796 kB) free!
[1576753094] Auto-save of retention data completed successfully.
[1576753142] SERVICE ALERT: redis-2;Memory;WARNING;SOFT;1;WARNING - 14.0% (18435672 kB) free!
[1576753262] SERVICE ALERT: redis-2;Memory;OK;HARD;1;OK - 32.5% (42858260 kB) free.
[1576753355] SERVICE ALERT: primary-server;Nginx Access Log Status;CRITICAL;SOFT;1;(102) < 203.212.70.170 [19/Dec/2019:16:29:01 +0530] TCP 502 0 0 0.000 "backend_3001" "0" "0" "0.000"
[1576753475] SERVICE ALERT: primary-server;Nginx Access Log Status;OK;HARD;1;Log check ok - 0 pattern matches found
[1576753862] SERVICE ALERT: redis-2;Memory;WARNING;SOFT;1;WARNING - 13.7% (18045124 kB) free!
[1576753915] SERVICE NOTIFICATION: nagiosadmin;primary-server;Nginx Error Log Status;CRITICAL;notify-service-by-email;(7) < 2019/12/19 16:39:02 [error] 20756#0: *18351794 connect() failed (111: Connection refused) while connecting to upstream, client: 103.255.146.164, server: 0.0.0.0:3000, upstream: "10.147.212.154:3000", bytes from/to client:0/0, bytes from/to upstream:0/0
[1576753941] SERVICE NOTIFICATION: nagiosadmin;sservercluster2;Current Users;WARNING;notify-service-by-email;USERS WARNING - 10 users currently logged in
[1576753982] SERVICE ALERT: redis-2;Memory;WARNING;SOFT;2;WARNING - 10.8% (14252928 kB) free!
[1576754102] SERVICE ALERT: redis-2;Memory;OK;HARD;1;OK - 31.4% (41442112 kB) free.
[1576754702] SERVICE ALERT: redis-2;Memory;WARNING;SOFT;1;WARNING - 12.6% (16588024 kB) free!
[1576754822] SERVICE ALERT: redis-2;Memory;CRITICAL;SOFT;2;CRITICAL - 9.7% (12794944 kB) free!
[1576754942] SERVICE ALERT: redis-2;Memory;OK;HARD;1;OK - 28.2% (37235192 kB) free.
[1576755143] SERVICE ALERT: webservercluster1;CPU_Procs;WARNING;SOFT;1;CPU WARNING: 2 warn out of 337 processes
[1576755263] SERVICE ALERT: webservercluster1;CPU_Procs;OK;HARD;1;CPU OK: 331 processes
[1576755468] SERVICE NOTIFICATION: nagiosadmin;sigqscluster1;Memory;CRITICAL;notify-service-by-email;CRITICAL - 0.5% (237756 kB) free!
[1576755528] SERVICE NOTIFICATION: nagiosadmin;pservercluster1;Memory;CRITICAL;notify-service-by-email;CRITICAL - 0.7% (178224 kB) free!
[1576755543] SERVICE ALERT: redis-2;Memory;CRITICAL;SOFT;1;CRITICAL - 10.0% (13235108 kB) free!
[1576755598] SERVICE NOTIFICATION: nagiosadmin;webservercluster2;CPU_Procs;CRITICAL;notify-service-by-email;CPU CRITICAL: 1 crit, 0 warn out of 310 processes
[1576755663] SERVICE ALERT: redis-2;Memory;OK;HARD;1;OK - 39.9% (52661608 kB) free.
[1576756407] SERVICE ALERT: qservercluster2;Memory;WARNING;SOFT;1;WARNING - 19.0% (9356020 kB) free!
[1576756527] SERVICE ALERT: qservercluster2;Memory;WARNING;SOFT;2;WARNING - 18.7% (9225420 kB) free!
[1576756627] SERVICE NOTIFICATION: nagiosadmin;smscapp1;Memory;CRITICAL;notify-service-by-email;CRITICAL - 0.5% (257072 kB) free!
[1576756647] SERVICE NOTIFICATION: nagiosadmin;qservercluster2;Memory;WARNING;notify-service-by-email;WARNING - 18.5% (9102992 kB) free!
[1576756647] SERVICE ALERT: qservercluster2;Memory;WARNING;HARD;3;WARNING - 18.5% (9102992 kB) free!
[1576756694] Auto-save of retention data completed successfully.
[1576757541] SERVICE NOTIFICATION: nagiosadmin;sservercluster2;Current Users;WARNING;notify-service-by-email;USERS WARNING - 10 users currently logged in
[1576758114] SERVICE NOTIFICATION: nagiosadmin;primary-server;Nginx Error Log Status;CRITICAL;notify-service-by-email;(13) < 2019/12/19 17:45:40 [error] 20758#0: *18362797 connect() failed (111: Connection refused) while connecting to upstream, client: 103.255.146.164, server: 0.0.0.0:3000, upstream: "10.147.212.155:3000", bytes from/to client:0/0, bytes from/to upstream:0/0
[1576759068] SERVICE NOTIFICATION: nagiosadmin;sigqscluster1;Memory;CRITICAL;notify-service-by-email;CRITICAL - 0.5% (256652 kB) free!
[1576759129] SERVICE NOTIFICATION: nagiosadmin;pservercluster1;Memory;CRITICAL;notify-service-by-email;CRITICAL - 0.7% (170164 kB) free!
[1576759797] SERVICE NOTIFICATION: nagiosadmin;webservercluster2;CPU_Procs;CRITICAL;notify-service-by-email;CPU CRITICAL: 1 crit, 0 warn out of 310 processes
[1576760050] SERVICE ALERT: pservercluster2;Memory;CRITICAL;SOFT;1;CRITICAL - 9.9% (2428464 kB) free!
[1576760125] SERVICE ALERT: sservercluster1;Memory;CRITICAL;SOFT;1;CRITICAL - 0.7% (167832 kB) free!
[1576760170] SERVICE ALERT: pservercluster2;Memory;CRITICAL;SOFT;2;CRITICAL - 9.4% (2298608 kB) free!
[1576760211] SERVICE ALERT: redis-1;CPU_Procs;WARNING;SOFT;1;CPU WARNING: 1 warn out of 401 processes
[1576760245] SERVICE ALERT: sservercluster1;Memory;CRITICAL;SOFT;2;CRITICAL - 0.7% (166356 kB) free!
[1576760247] SERVICE NOTIFICATION: nagiosadmin;qservercluster2;Memory;WARNING;notify-service-by-email;WARNING - 12.2% (6014832 kB) free!
[1576760287] EXTERNAL COMMAND: SCHEDULE_FORCED_SVC_CHECK;pservercluster1;Memory;1576760285
[1576760288] SERVICE NOTIFICATION: nagiosadmin;pservercluster1;Memory;OK;notify-service-by-email;OK - 84.5% (20854168 kB) free.
[1576760288] SERVICE ALERT: pservercluster1;Memory;OK;HARD;1;OK - 84.5% (20854168 kB) free.
[1576760290] SERVICE NOTIFICATION: nagiosadmin;pservercluster2;Memory;CRITICAL;notify-service-by-email;CRITICAL - 8.9% (2179424 kB) free!
[1576760290] SERVICE ALERT: pservercluster2;Memory;CRITICAL;HARD;3;CRITICAL - 8.9% (2179424 kB) free!
[1576760292] EXTERNAL COMMAND: SCHEDULE_FORCED_SVC_CHECK;pservercluster1;Memory;1576760291
[1576760294] Auto-save of retention data completed successfully.
[1576760298] EXTERNAL COMMAND: SCHEDULE_FORCED_SVC_CHECK;pservercluster1;Memory;1576760296
[1576760331] SERVICE ALERT: redis-1;CPU_Procs;OK;HARD;1;CPU OK: 403 processes
[1576760333] EXTERNAL COMMAND: SCHEDULE_FORCED_SVC_CHECK;pservercluster2;Memory;1576760330
[1576760333] SERVICE NOTIFICATION: nagiosadmin;pservercluster2;Memory;OK;notify-service-by-email;OK - 92.0% (22554868 kB) free.
[1576760333] SERVICE ALERT: pservercluster2;Memory;OK;HARD;1;OK - 92.0% (22554868 kB) free.
[1576760338] EXTERNAL COMMAND: SCHEDULE_FORCED_SVC_CHECK;pservercluster2;Memory;1576760337
[1576760365] SERVICE NOTIFICATION: nagiosadmin;sservercluster1;Memory;CRITICAL;notify-service-by-email;CRITICAL - 0.7% (183824 kB) free!
[1576760365] SERVICE ALERT: sservercluster1;Memory;CRITICAL;HARD;3;CRITICAL - 0.7% (183824 kB) free!
[1576760425] EXTERNAL COMMAND: SCHEDULE_FORCED_SVC_CHECK;sigqscluster1;Memory;1576760424
[1576760426] SERVICE NOTIFICATION: nagiosadmin;sigqscluster1;Memory;OK;notify-service-by-email;OK - 55.9% (27531724 kB) free.
[1576760426] SERVICE ALERT: sigqscluster1;Memory;OK;HARD;1;OK - 55.9% (27531724 kB) free.
[1576760431] EXTERNAL COMMAND: SCHEDULE_FORCED_SVC_CHECK;sigqscluster1;Memory;1576760429
[1576760435] EXTERNAL COMMAND: SCHEDULE_FORCED_SVC_CHECK;sigqscluster1;Memory;1576760434
[1576760463] SERVICE ALERT: redis-2;Memory;WARNING;SOFT;1;WARNING - 16.5% (21756008 kB) free!
[1576760465] EXTERNAL COMMAND: SCHEDULE_FORCED_SVC_CHECK;smscapp1;Memory;1576760464
[1576760466] SERVICE NOTIFICATION: nagiosadmin;smscapp1;Memory;OK;notify-service-by-email;OK - 30.2% (14894600 kB) free.
[1576760466] SERVICE ALERT: smscapp1;Memory;OK;HARD;1;OK - 30.2% (14894600 kB) free.
[1576760470] EXTERNAL COMMAND: SCHEDULE_FORCED_SVC_CHECK;smscapp1;Memory;1576760468
[1576760474] EXTERNAL COMMAND: SCHEDULE_FORCED_SVC_CHECK;smscapp1;Memory;1576760473
[1576760504] EXTERNAL COMMAND: SCHEDULE_FORCED_SVC_CHECK;sservercluster1;Memory;1576760502
[1576760504] SERVICE NOTIFICATION: nagiosadmin;sservercluster1;Memory;OK;notify-service-by-email;OK - 86.2% (21121352 kB) free.
[1576760504] SERVICE ALERT: sservercluster1;Memory;OK;HARD;1;OK - 86.2% (21121352 kB) free.
[1576760583] SERVICE ALERT: redis-2;Memory;OK;HARD;1;OK - 36.1% (47573640 kB) free.
[1576760764] SERVICE ALERT: sservercluster2;Memory;CRITICAL;SOFT;1;CRITICAL - 0.8% (188156 kB) free!
[1576760884] SERVICE ALERT: sservercluster2;Memory;CRITICAL;SOFT;2;CRITICAL - 0.8% (187528 kB) free!
[1576760898] SERVICE ALERT: pservercluster1;Memory;CRITICAL;SOFT;1;CRITICAL - 0.7% (174052 kB) free!
[1576760938] SERVICE ALERT: pservercluster2;Memory;CRITICAL;SOFT;1;CRITICAL - 0.7% (182404 kB) free!
[1576761004] SERVICE NOTIFICATION: nagiosadmin;sservercluster2;Memory;CRITICAL;notify-service-by-email;CRITICAL - 0.7% (175880 kB) free!
[1576761004] SERVICE ALERT: sservercluster2;Memory;CRITICAL;HARD;3;CRITICAL - 0.7% (175880 kB) free!
[1576761018] SERVICE ALERT: pservercluster1;Memory;CRITICAL;SOFT;2;CRITICAL - 0.7% (175464 kB) free!
[1576761059] SERVICE ALERT: pservercluster2;Memory;CRITICAL;SOFT;2;CRITICAL - 0.7% (169352 kB) free!
[1576761104] SERVICE ALERT: sservercluster1;Memory;CRITICAL;SOFT;1;CRITICAL - 0.8% (184272 kB) free!
[1576761138] SERVICE NOTIFICATION: nagiosadmin;pservercluster1;Memory;CRITICAL;notify-service-by-email;CRITICAL - 0.7% (177836 kB) free!
[1576761138] SERVICE ALERT: pservercluster1;Memory;CRITICAL;HARD;3;CRITICAL - 0.7% (177836 kB) free!
[1576761141] SERVICE NOTIFICATION: nagiosadmin;sservercluster2;Current Users;WARNING;notify-service-by-email;USERS WARNING - 9 users currently logged in
[1576761179] SERVICE NOTIFICATION: nagiosadmin;pservercluster2;Memory;CRITICAL;notify-service-by-email;CRITICAL - 0.7% (177040 kB) free!
[1576761179] SERVICE ALERT: pservercluster2;Memory;CRITICAL;HARD;3;CRITICAL - 0.7% (177040 kB) free!
[1576761183] SERVICE ALERT: redis-2;Memory;WARNING;SOFT;1;WARNING - 19.3% (25439436 kB) free!
[1576761225] SERVICE ALERT: sservercluster1;Memory;CRITICAL;SOFT;2;CRITICAL - 0.8% (190944 kB) free!
[1576761303] SERVICE ALERT: redis-2;Memory;WARNING;SOFT;2;WARNING - 16.2% (21373728 kB) free!
[1576761345] SERVICE NOTIFICATION: nagiosadmin;sservercluster1;Memory;CRITICAL;notify-service-by-email;CRITICAL - 0.8% (191216 kB) free!
[1576761345] SERVICE ALERT: sservercluster1;Memory;CRITICAL;HARD;3;CRITICAL - 0.8% (191216 kB) free!
[1576761423] SERVICE ALERT: redis-2;Memory;OK;HARD;1;OK - 35.5% (46779504 kB) free.
[1576761531] SERVICE ALERT: redis-1;CPU_Procs;WARNING;SOFT;1;CPU WARNING: 1 warn out of 401 processes
[1576761651] SERVICE ALERT: redis-1;CPU_Procs;OK;HARD;1;CPU OK: 402 processes
[1576761714] SERVICE NOTIFICATION: nagiosadmin;primary-server;Nginx Error Log Status;CRITICAL;notify-service-by-email;(10) < 2019/12/19 18:45:41 [error] 20758#0: *18372759 connect() failed (111: Connection refused) while connecting to upstream, client: 103.255.146.164, server: 0.0.0.0:3000, upstream: "10.147.212.143:3000", bytes from/to client:0/0, bytes from/to upstream:0/0
[1576762023] SERVICE ALERT: redis-2;Memory;WARNING;SOFT;1;WARNING - 12.3% (16165180 kB) free!
[1576762047] SERVICE NOTIFICATION: nagiosadmin;qservercluster2;Memory;CRITICAL;notify-service-by-email;CRITICAL - 9.9% (4865720 kB) free!
[1576762047] SERVICE ALERT: qservercluster2;Memory;CRITICAL;HARD;3;CRITICAL - 9.9% (4865720 kB) free!
[1576762144] SERVICE ALERT: redis-2;Memory;CRITICAL;SOFT;2;CRITICAL - 9.4% (12380336 kB) free!
[1576762264] SERVICE NOTIFICATION: nagiosadmin;redis-2;Memory;CRITICAL;notify-service-by-email;CRITICAL - 7.2% (9446516 kB) free!
[1576762264] SERVICE ALERT: redis-2;Memory;CRITICAL;HARD;3;CRITICAL - 7.2% (9446516 kB) free!
[1576762864] SERVICE NOTIFICATION: nagiosadmin;redis-2;Memory;WARNING;notify-service-by-email;WARNING - 13.7% (18033320 kB) free!
[1576762864] SERVICE ALERT: redis-2;Memory;WARNING;HARD;3;WARNING - 13.7% (18033320 kB) free!
[1576763397] SERVICE NOTIFICATION: nagiosadmin;webservercluster2;CPU_Procs;CRITICAL;notify-service-by-email;CPU CRITICAL: 1 crit, 0 warn out of 312 processes
[1576763464] SERVICE NOTIFICATION: nagiosadmin;redis-2;Memory;OK;notify-service-by-email;OK - 22.1% (29167400 kB) free.
[1576763464] SERVICE ALERT: redis-2;Memory;OK;HARD;1;OK - 22.1% (29167400 kB) free.
[1576763894] Auto-save of retention data completed successfully.
[1576763990] EXTERNAL COMMAND: SCHEDULE_FORCED_SVC_CHECK;pservercluster1;Memory;1576763988
[1576763990] SERVICE NOTIFICATION: nagiosadmin;pservercluster1;Memory;OK;notify-service-by-email;OK - 91.8% (22661924 kB) free.
[1576763990] SERVICE ALERT: pservercluster1;Memory;OK;HARD;1;OK - 91.8% (22661924 kB) free.
[1576763996] EXTERNAL COMMAND: SCHEDULE_FORCED_SVC_CHECK;pservercluster1;Memory;1576763995
[1576764001] EXTERNAL COMMAND: SCHEDULE_FORCED_SVC_CHECK;pservercluster1;Memory;1576763999
[1576764027] EXTERNAL COMMAND: SCHEDULE_FORCED_SVC_CHECK;pservercluster2;Memory;1576764025
[1576764027] SERVICE FLAPPING ALERT: pservercluster2;Memory;STARTED; Service appears to have started flapping (22.4% change >= 20.0% threshold)
[1576764027] SERVICE ALERT: pservercluster2;Memory;OK;HARD;1;OK - 92.8% (22758024 kB) free.
[1576764036] EXTERNAL COMMAND: SCHEDULE_FORCED_SVC_CHECK;pservercluster2;Memory;1576764034
[1576764064] SERVICE ALERT: redis-2;Memory;CRITICAL;SOFT;1;CRITICAL - 6.6% (8695592 kB) free!
[1576764068] EXTERNAL COMMAND: SCHEDULE_FORCED_SVC_CHECK;qservercluster2;Memory;1576764067
[1576764068] SERVICE NOTIFICATION: nagiosadmin;qservercluster2;Memory;OK;notify-service-by-email;OK - 38.3% (18887076 kB) free.
[1576764068] SERVICE ALERT: qservercluster2;Memory;OK;HARD;1;OK - 38.3% (18887076 kB) free.
[1576764072] EXTERNAL COMMAND: SCHEDULE_FORCED_SVC_CHECK;qservercluster2;Memory;1576764071
[1576764077] EXTERNAL COMMAND: SCHEDULE_FORCED_SVC_CHECK;qservercluster2;Memory;1576764076
[1576764109] EXTERNAL COMMAND: SCHEDULE_FORCED_SVC_CHECK;redis-2;Memory;1576764106
[1576764109] SERVICE ALERT: redis-2;Memory;OK;HARD;1;OK - 49.8% (65659948 kB) free.
[1576764115] EXTERNAL COMMAND: SCHEDULE_FORCED_SVC_CHECK;redis-2;Memory;1576764113
[1576764153] EXTERNAL COMMAND: SCHEDULE_FORCED_SVC_CHECK;sservercluster1;Memory;1576764152
[1576764154] SERVICE FLAPPING ALERT: sservercluster1;Memory;STARTED; Service appears to have started flapping (22.6% change >= 20.0% threshold)
[1576764154] SERVICE ALERT: sservercluster1;Memory;OK;HARD;1;OK - 93.2% (22843456 kB) free.
[1576764158] EXTERNAL COMMAND: SCHEDULE_FORCED_SVC_CHECK;sservercluster1;Memory;1576764157
[1576764206] EXTERNAL COMMAND: SCHEDULE_FORCED_SVC_CHECK;sservercluster2;Memory;1576764205
[1576764207] SERVICE NOTIFICATION: nagiosadmin;sservercluster2;Memory;OK;notify-service-by-email;OK - 94.4% (23132556 kB) free.
[1576764207] SERVICE ALERT: sservercluster2;Memory;OK;HARD;1;OK - 94.4% (23132556 kB) free.
[1576764211] EXTERNAL COMMAND: SCHEDULE_FORCED_SVC_CHECK;sservercluster2;Memory;1576764210
[1576764216] EXTERNAL COMMAND: SCHEDULE_FORCED_SVC_CHECK;sservercluster2;Memory;1576764215
[1576764741] SERVICE NOTIFICATION: nagiosadmin;sservercluster2;Current Users;WARNING;notify-service-by-email;USERS WARNING - 9 users currently logged in
[1576765314] SERVICE NOTIFICATION: nagiosadmin;primary-server;Nginx Error Log Status;CRITICAL;notify-service-by-email;(18) < 2019/12/19 19:51:36 [error] 20755#0: *18383511 connect() failed (111: Connection refused) while connecting to upstream, client: 183.82.105.122, server: 0.0.0.0:3000, upstream: "10.147.212.155:3000", bytes from/to client:0/0, bytes from/to upstream:0/0
[1576766997] SERVICE NOTIFICATION: nagiosadmin;webservercluster2;CPU_Procs;CRITICAL;notify-service-by-email;CPU CRITICAL: 1 crit, 0 warn out of 311 processes
[1576767494] Auto-save of retention data completed successfully.
[1576768341] SERVICE NOTIFICATION: nagiosadmin;sservercluster2;Current Users;WARNING;notify-service-by-email;USERS WARNING - 7 users currently logged in
[1576768914] SERVICE NOTIFICATION: nagiosadmin;primary-server;Nginx Error Log Status;CRITICAL;notify-service-by-email;(11) < 2019/12/19 20:51:38 [error] 20756#0: *18392930 recv() failed (104: Connection reset by peer) while proxying connection, client: 103.209.99.7, server: 0.0.0.0:13000, upstream: "10.147.212.154:13000", bytes from/to client:43/0, bytes from/to upstream:0/43
[1576769558] SERVICE ALERT: sservercluster1;Memory;WARNING;SOFT;1;WARNING - 18.5% (4537368 kB) free!
[1576769616] SERVICE ALERT: sservercluster2;Memory;CRITICAL;SOFT;1;CRITICAL - 0.7% (180160 kB) free!
[1576769678] SERVICE ALERT: sservercluster1;Memory;CRITICAL;SOFT;2;CRITICAL - 0.8% (191672 kB) free!
[1576769736] SERVICE ALERT: sservercluster2;Memory;CRITICAL;SOFT;2;CRITICAL - 0.7% (169624 kB) free!
[1576769798] SERVICE ALERT: sservercluster1;Memory;CRITICAL;HARD;3;CRITICAL - 0.7% (165364 kB) free!
[1576769857] SERVICE NOTIFICATION: nagiosadmin;sservercluster2;Memory;CRITICAL;notify-service-by-email;CRITICAL - 0.8% (194792 kB) free!
[1576769857] SERVICE ALERT: sservercluster2;Memory;CRITICAL;HARD;3;CRITICAL - 0.8% (194792 kB) free!
[1576770001] SERVICE ALERT: pservercluster1;Memory;CRITICAL;SOFT;1;CRITICAL - 0.8% (189280 kB) free!
[1576770037] SERVICE ALERT: pservercluster2;Memory;CRITICAL;SOFT;1;CRITICAL - 0.7% (179248 kB) free!
[1576770121] SERVICE ALERT: pservercluster1;Memory;CRITICAL;SOFT;2;CRITICAL - 0.7% (175396 kB) free!
[1576770157] SERVICE ALERT: pservercluster2;Memory;CRITICAL;SOFT;2;CRITICAL - 0.8% (192512 kB) free!
[1576770241] SERVICE NOTIFICATION: nagiosadmin;pservercluster1;Memory;CRITICAL;notify-service-by-email;CRITICAL - 0.7% (183212 kB) free!
[1576770241] SERVICE ALERT: pservercluster1;Memory;CRITICAL;HARD;3;CRITICAL - 0.7% (183212 kB) free!
[1576770277] SERVICE ALERT: pservercluster2;Memory;CRITICAL;HARD;3;CRITICAL - 0.8% (186748 kB) free!
[1576770597] SERVICE NOTIFICATION: nagiosadmin;webservercluster2;CPU_Procs;CRITICAL;notify-service-by-email;CPU CRITICAL: 1 crit, 0 warn out of 310 processes
[1576771094] Auto-save of retention data completed successfully.
[1576771279] EXTERNAL COMMAND: SCHEDULE_FORCED_SVC_CHECK;pservercluster1;Memory;1576771278
[1576771280] SERVICE FLAPPING ALERT: pservercluster1;Memory;STARTED; Service appears to have started flapping (20.4% change >= 20.0% threshold)
[1576771280] SERVICE ALERT: pservercluster1;Memory;OK;HARD;1;OK - 91.3% (22529432 kB) free.
[1576771282] EXTERNAL COMMAND: SCHEDULE_FORCED_SVC_CHECK;pservercluster1;Memory;1576771281
[1576771286] EXTERNAL COMMAND: SCHEDULE_FORCED_SVC_CHECK;pservercluster1;Memory;1576771285
[1576771309] EXTERNAL COMMAND: SCHEDULE_FORCED_SVC_CHECK;pservercluster2;Memory;1576771308
[1576771310] SERVICE ALERT: pservercluster2;Memory;OK;HARD;1;OK - 92.2% (22599864 kB) free.
[1576771312] EXTERNAL COMMAND: SCHEDULE_FORCED_SVC_CHECK;pservercluster2;Memory;1576771311
[1576771316] EXTERNAL COMMAND: SCHEDULE_FORCED_SVC_CHECK;pservercluster2;Memory;1576771314
[1576771343] EXTERNAL COMMAND: SCHEDULE_FORCED_SVC_CHECK;sservercluster1;Memory;1576771342
[1576771343] SERVICE ALERT: sservercluster1;Memory;OK;HARD;1;OK - 94.7% (23201000 kB) free.
[1576771350] EXTERNAL COMMAND: SCHEDULE_FORCED_SVC_CHECK;sservercluster1;Memory;1576771350
[1576771380] EXTERNAL COMMAND: SCHEDULE_FORCED_SVC_CHECK;sservercluster2;Memory;1576771379
[1576771380] SERVICE NOTIFICATION: nagiosadmin;sservercluster2;Memory;OK;notify-service-by-email;OK - 93.6% (22942252 kB) free.
[1576771380] SERVICE ALERT: sservercluster2;Memory;OK;HARD;1;OK - 93.6% (22942252 kB) free.
[1576771383] EXTERNAL COMMAND: SCHEDULE_FORCED_SVC_CHECK;sservercluster2;Memory;1576771382
[1576771386] EXTERNAL COMMAND: SCHEDULE_FORCED_SVC_CHECK;sservercluster2;Memory;1576771385
[1576771941] SERVICE NOTIFICATION: nagiosadmin;sservercluster2;Current Users;WARNING;notify-service-by-email;USERS WARNING - 7 users currently logged in
[1576772514] SERVICE NOTIFICATION: nagiosadmin;primary-server;Nginx Error Log Status;CRITICAL;notify-service-by-email;(9) < 2019/12/19 21:51:36 [error] 20759#0: *18402800 connect() failed (111: Connection refused) while connecting to upstream, client: 183.82.105.122, server: 0.0.0.0:3000, upstream: "10.147.212.155:3000", bytes from/to client:0/0, bytes from/to upstream:0/0
[1576774197] SERVICE NOTIFICATION: nagiosadmin;webservercluster2;CPU_Procs;CRITICAL;notify-service-by-email;CPU CRITICAL: 1 crit, 0 warn out of 313 processes
[1576774694] Auto-save of retention data completed successfully.
[1576775541] SERVICE NOTIFICATION: nagiosadmin;sservercluster2;Current Users;WARNING;notify-service-by-email;USERS WARNING - 8 users currently logged in
[1576776115] SERVICE NOTIFICATION: nagiosadmin;primary-server;Nginx Error Log Status;CRITICAL;notify-service-by-email;(12) < 2019/12/19 22:50:46 [error] 20756#0: *18412402 connect() failed (111: Connection refused) while connecting to upstream, client: 183.82.105.122, server: 0.0.0.0:3000, upstream: "10.147.212.155:3000", bytes from/to client:0/0, bytes from/to upstream:0/0
[1576777797] SERVICE NOTIFICATION: nagiosadmin;webservercluster2;CPU_Procs;CRITICAL;notify-service-by-email;CPU CRITICAL: 1 crit, 0 warn out of 312 processes
[1576777887] SERVICE ALERT: pservercluster1;Memory;CRITICAL;SOFT;1;CRITICAL - 0.7% (183888 kB) free!
[1576777916] SERVICE ALERT: pservercluster2;Memory;CRITICAL;SOFT;1;CRITICAL - 0.7% (169280 kB) free!
[1576777950] SERVICE ALERT: sservercluster1;Memory;CRITICAL;SOFT;1;CRITICAL - 0.7% (182828 kB) free!
[1576777986] SERVICE ALERT: sservercluster2;Memory;CRITICAL;SOFT;1;CRITICAL - 0.7% (181104 kB) free!
[1576778007] SERVICE ALERT: pservercluster1;Memory;CRITICAL;SOFT;2;CRITICAL - 0.8% (194260 kB) free!
[1576778036] SERVICE ALERT: pservercluster2;Memory;CRITICAL;SOFT;2;CRITICAL - 0.8% (188520 kB) free!
[1576778071] SERVICE ALERT: sservercluster1;Memory;CRITICAL;SOFT;2;CRITICAL - 0.7% (168048 kB) free!
[1576778106] SERVICE ALERT: sservercluster2;Memory;CRITICAL;SOFT;2;CRITICAL - 0.8% (192736 kB) free!
[1576778127] SERVICE ALERT: pservercluster1;Memory;CRITICAL;HARD;3;CRITICAL - 0.8% (191872 kB) free!
[1576778156] SERVICE ALERT: pservercluster2;Memory;CRITICAL;HARD;3;CRITICAL - 0.7% (181036 kB) free!
[1576778191] SERVICE ALERT: sservercluster1;Memory;CRITICAL;HARD;3;CRITICAL - 0.7% (164044 kB) free!
[1576778226] SERVICE NOTIFICATION: nagiosadmin;sservercluster2;Memory;CRITICAL;notify-service-by-email;CRITICAL - 0.7% (174640 kB) free!
[1576778226] SERVICE ALERT: sservercluster2;Memory;CRITICAL;HARD;3;CRITICAL - 0.7% (174640 kB) free!
[1576778294] Auto-save of retention data completed successfully.
[1576779141] SERVICE NOTIFICATION: nagiosadmin;sservercluster2;Current Users;WARNING;notify-service-by-email;USERS WARNING - 7 users currently logged in
