[1548441000] LOG ROTATION: DAILY
[1548441000] LOG VERSION: 2.0
[1548441000] CURRENT HOST STATE: db1;UP;HARD;1;PING OK - Packet loss = 0%, RTA = 0.46 ms
[1548441000] CURRENT HOST STATE: db2;UP;HARD;1;PING OK - Packet loss = 0%, RTA = 0.42 ms
[1548441000] CURRENT HOST STATE: primary-server;UP;HARD;1;PING OK - Packet loss = 0%, RTA = 0.43 ms
[1548441000] CURRENT HOST STATE: pservercluster1;UP;HARD;1;PING OK - Packet loss = 0%, RTA = 0.49 ms
[1548441000] CURRENT HOST STATE: pservercluster2;UP;HARD;1;PING OK - Packet loss = 0%, RTA = 0.33 ms
[1548441000] CURRENT HOST STATE: qservercluster1;UP;HARD;1;PING OK - Packet loss = 0%, RTA = 0.27 ms
[1548441000] CURRENT HOST STATE: qservercluster2;UP;HARD;1;PING OK - Packet loss = 0%, RTA = 0.24 ms
[1548441000] CURRENT HOST STATE: secondary-server;UP;HARD;1;PING OK - Packet loss = 0%, RTA = 0.32 ms
[1548441000] CURRENT HOST STATE: sig1;UP;HARD;1;PING OK - Packet loss = 0%, RTA = 0.45 ms
[1548441000] CURRENT HOST STATE: sig2;UP;HARD;1;PING OK - Packet loss = 0%, RTA = 0.44 ms
[1548441000] CURRENT HOST STATE: sig3;UP;HARD;1;PING OK - Packet loss = 0%, RTA = 0.45 ms
[1548441000] CURRENT HOST STATE: sig4;UP;HARD;1;PING OK - Packet loss = 0%, RTA = 0.42 ms
[1548441000] CURRENT HOST STATE: sig5;UP;HARD;1;PING OK - Packet loss = 0%, RTA = 0.48 ms
[1548441000] CURRENT HOST STATE: sig6;UP;HARD;1;PING OK - Packet loss = 0%, RTA = 0.43 ms
[1548441000] CURRENT HOST STATE: sigqscluster1;UP;HARD;1;PING OK - Packet loss = 0%, RTA = 0.27 ms
[1548441000] CURRENT HOST STATE: sigqscluster2;UP;HARD;1;PING OK - Packet loss = 0%, RTA = 0.28 ms
[1548441000] CURRENT HOST STATE: smscapp1;UP;HARD;1;PING OK - Packet loss = 0%, RTA = 0.26 ms
[1548441000] CURRENT HOST STATE: smscapp2;UP;HARD;1;PING OK - Packet loss = 0%, RTA = 0.28 ms
[1548441000] CURRENT HOST STATE: sservercluster1;UP;HARD;1;PING OK - Packet loss = 0%, RTA = 0.43 ms
[1548441000] CURRENT HOST STATE: sservercluster2;UP;HARD;1;PING OK - Packet loss = 0%, RTA = 0.42 ms
[1548441000] CURRENT HOST STATE: webserver1;UP;HARD;1;PING OK - Packet loss = 0%, RTA = 0.47 ms
[1548441000] CURRENT HOST STATE: webserver2;UP;HARD;1;PING OK - Packet loss = 0%, RTA = 0.07 ms
[1548441000] CURRENT HOST STATE: webservercluster1;UP;HARD;1;PING OK - Packet loss = 0%, RTA = 0.46 ms
[1548441000] CURRENT HOST STATE: webservercluster2;UP;HARD;1;PING OK - Packet loss = 0%, RTA = 0.37 ms
[1548441000] CURRENT SERVICE STATE: db1;CPU Load;OK;HARD;1;OK - load average: 0.02, 0.10, 0.09
[1548441000] CURRENT SERVICE STATE: db1;CPU_Procs;OK;HARD;1;CPU OK: 326 processes
[1548441000] CURRENT SERVICE STATE: db1;Current Users;OK;HARD;1;USERS OK - 3 users currently logged in
[1548441000] CURRENT SERVICE STATE: db1;HDD_Home status;OK;HARD;1;DISK OK - free space: /home 170639 MB (81% inode=99%):
[1548441000] CURRENT SERVICE STATE: db1;HDD_Root status;WARNING;HARD;3;DISK WARNING - free space: / 6890 MB (13% inode=99%):
[1548441000] CURRENT SERVICE STATE: db1;LocalService-NTPD SERVICE;OK;HARD;1;PROCS OK: 1 process with command name 'ntpd'
[1548441000] CURRENT SERVICE STATE: db1;Mariadb status;OK;HARD;1;PROCS OK: 1 process with command name 'mysqld'
[1548441000] CURRENT SERVICE STATE: db1;Memory;OK;HARD;1;OK - 48.6% (23972444 kB) free.
[1548441000] CURRENT SERVICE STATE: db1;Sensors Status;OK;HARD;1;SENSORS OK
[1548441000] CURRENT SERVICE STATE: db1;Total Processes;OK;HARD;1;PROCS OK: 326 processes
[1548441000] CURRENT SERVICE STATE: db2;CPU Load;OK;HARD;1;OK - load average: 0.00, 0.02, 0.05
[1548441000] CURRENT SERVICE STATE: db2;CPU_Procs;OK;HARD;1;CPU OK: 329 processes
[1548441000] CURRENT SERVICE STATE: db2;Current Users;OK;HARD;1;USERS OK - 3 users currently logged in
[1548441000] CURRENT SERVICE STATE: db2;HDD_Home status;OK;HARD;1;DISK OK - free space: /home 127488 MB (56% inode=99%):
[1548441000] CURRENT SERVICE STATE: db2;HDD_Root status;WARNING;HARD;3;DISK WARNING - free space: / 9799 MB (19% inode=98%):
[1548441000] CURRENT SERVICE STATE: db2;LocalService-NTPD SERVICE;OK;HARD;1;PROCS OK: 1 process with command name 'ntpd'
[1548441000] CURRENT SERVICE STATE: db2;Mariadb status;OK;HARD;1;PROCS OK: 1 process with command name 'mysqld'
[1548441000] CURRENT SERVICE STATE: db2;Memory;OK;HARD;1;OK - 47.4% (23368476 kB) free.
[1548441000] CURRENT SERVICE STATE: db2;Sensors Status;OK;HARD;1;SENSORS OK
[1548441000] CURRENT SERVICE STATE: db2;Total Processes;OK;HARD;1;PROCS OK: 327 processes
[1548441000] CURRENT SERVICE STATE: primary-server;CPU Load;OK;HARD;1;OK - load average: 0.00, 0.01, 0.05
[1548441000] CURRENT SERVICE STATE: primary-server;CPU_Procs;OK;HARD;1;CPU OK: 347 processes
[1548441000] CURRENT SERVICE STATE: primary-server;Current Users;OK;HARD;1;USERS OK - 2 users currently logged in
[1548441000] CURRENT SERVICE STATE: primary-server;HDD_Home status;OK;HARD;1;DISK OK - free space: /home 224687 MB (99% inode=99%):
[1548441000] CURRENT SERVICE STATE: primary-server;HDD_Root status;OK;HARD;1;DISK OK - free space: / 41264 MB (80% inode=99%):
[1548441000] CURRENT SERVICE STATE: primary-server;LocalService-NTPD SERVICE;OK;HARD;1;PROCS OK: 1 process with command name 'ntpd'
[1548441000] CURRENT SERVICE STATE: primary-server;Memory;OK;HARD;1;OK - 69.8% (17102576 kB) free.
[1548441000] CURRENT SERVICE STATE: primary-server;Nginx Status;OK;HARD;1;NGINX OK -  0.088 sec. response time, Active: 0 (Writing: 0 Reading: 0 Waiting: 0) ReqPerSec: 0.000 ConnPerSec: 0.000 ReqPerConn: 0.000
[1548441000] CURRENT SERVICE STATE: primary-server;Sensors Status;OK;HARD;1;SENSORS OK
[1548441000] CURRENT SERVICE STATE: primary-server;Total Processes;OK;HARD;1;PROCS OK: 347 processes
[1548441000] CURRENT SERVICE STATE: pservercluster1;CPU Load;OK;HARD;1;OK - load average: 0.00, 0.01, 0.05
[1548441000] CURRENT SERVICE STATE: pservercluster1;CPU_Procs;OK;HARD;1;CPU OK: 302 processes
[1548441000] CURRENT SERVICE STATE: pservercluster1;Current Users;OK;HARD;1;USERS OK - 2 users currently logged in
[1548441000] CURRENT SERVICE STATE: pservercluster1;HDD_Home status;OK;HARD;1;DISK OK - free space: /home 220675 MB (99% inode=99%):
[1548441000] CURRENT SERVICE STATE: pservercluster1;HDD_Root status;OK;HARD;1;DISK OK - free space: / 41735 MB (81% inode=99%):
[1548441000] CURRENT SERVICE STATE: pservercluster1;LocalService-NTPD SERVICE;OK;HARD;1;PROCS OK: 1 process with command name 'ntpd'
[1548441000] CURRENT SERVICE STATE: pservercluster1;Memory;OK;HARD;1;OK - 95.8% (23649156 kB) free.
[1548441000] CURRENT SERVICE STATE: pservercluster1;Sensors Status;OK;HARD;1;SENSORS OK
[1548441000] CURRENT SERVICE STATE: pservercluster1;Total Processes;OK;HARD;1;PROCS OK: 301 processes
[1548441000] CURRENT SERVICE STATE: pservercluster2;CPU Load;OK;HARD;1;OK - load average: 1.12, 1.26, 1.24
[1548441000] CURRENT SERVICE STATE: pservercluster2;CPU_Procs;CRITICAL;HARD;3;CPU CRITICAL: 1 crit, 3 warn out of 350 processes
[1548441000] CURRENT SERVICE STATE: pservercluster2;Current Users;OK;HARD;1;USERS OK - 6 users currently logged in
[1548441000] CURRENT SERVICE STATE: pservercluster2;HDD_Home status;WARNING;HARD;3;DISK WARNING - free space: /home 46179 MB (20% inode=99%):
[1548441000] CURRENT SERVICE STATE: pservercluster2;HDD_Root status;WARNING;HARD;3;DISK WARNING - free space: / 8058 MB (15% inode=98%):
[1548441000] CURRENT SERVICE STATE: pservercluster2;LocalService-NTPD SERVICE;OK;HARD;1;PROCS OK: 1 process with command name 'ntpd'
[1548441000] CURRENT SERVICE STATE: pservercluster2;Memory;CRITICAL;HARD;3;CRITICAL - 1.4% (334012 kB) free!
[1548441000] CURRENT SERVICE STATE: pservercluster2;Sensors Status;OK;HARD;1;SENSORS OK
[1548441000] CURRENT SERVICE STATE: pservercluster2;Total Processes;OK;HARD;1;PROCS OK: 350 processes
[1548441000] CURRENT SERVICE STATE: qservercluster1;CPU Load;WARNING;HARD;3;WARNING - load average: 9.88, 10.35, 10.52
[1548441000] CURRENT SERVICE STATE: qservercluster1;CPU_Procs;CRITICAL;HARD;3;CPU CRITICAL: 1 crit, 0 warn out of 299 processes
[1548441000] CURRENT SERVICE STATE: qservercluster1;Current Users;OK;HARD;1;USERS OK - 0 users currently logged in
[1548441000] CURRENT SERVICE STATE: qservercluster1;HDD_Home status;OK;HARD;1;DISK OK - free space: /home 224641 MB (99% inode=99%):
[1548441000] CURRENT SERVICE STATE: qservercluster1;HDD_Root status;OK;HARD;1;DISK OK - free space: / 41190 MB (80% inode=99%):
[1548441000] CURRENT SERVICE STATE: qservercluster1;LocalService-NTPD SERVICE;OK;HARD;1;PROCS OK: 1 process with command name 'ntpd'
[1548441000] CURRENT SERVICE STATE: qservercluster1;Memory;OK;HARD;1;OK - 88.9% (43770108 kB) free.
[1548441000] CURRENT SERVICE STATE: qservercluster1;Sensors Status;OK;HARD;1;SENSORS OK
[1548441000] CURRENT SERVICE STATE: qservercluster1;Total Processes;OK;HARD;1;PROCS OK: 299 processes
[1548441000] CURRENT SERVICE STATE: qservercluster2;CPU Load;OK;HARD;1;OK - load average: 4.22, 4.19, 4.27
[1548441000] CURRENT SERVICE STATE: qservercluster2;CPU_Procs;CRITICAL;HARD;3;CPU CRITICAL: 1 crit, 0 warn out of 307 processes
[1548441000] CURRENT SERVICE STATE: qservercluster2;Current Users;OK;HARD;1;USERS OK - 0 users currently logged in
[1548441000] CURRENT SERVICE STATE: qservercluster2;HDD_Home status;OK;HARD;1;DISK OK - free space: /home 224577 MB (99% inode=99%):
[1548441000] CURRENT SERVICE STATE: qservercluster2;HDD_Root status;OK;HARD;1;DISK OK - free space: / 40163 MB (78% inode=98%):
[1548441000] CURRENT SERVICE STATE: qservercluster2;LocalService-NTPD SERVICE;OK;HARD;1;PROCS OK: 1 process with command name 'ntpd'
[1548441000] CURRENT SERVICE STATE: qservercluster2;Memory;OK;HARD;1;OK - 95.1% (46849608 kB) free.
[1548441000] CURRENT SERVICE STATE: qservercluster2;Sensors Status;OK;HARD;1;SENSORS OK
[1548441000] CURRENT SERVICE STATE: qservercluster2;Total Processes;OK;HARD;1;PROCS OK: 304 processes
[1548441000] CURRENT SERVICE STATE: secondary-server;CPU Load;OK;HARD;1;OK - load average: 0.03, 0.04, 0.21
[1548441000] CURRENT SERVICE STATE: secondary-server;CPU_Procs;OK;HARD;1;CPU OK: 345 processes
[1548441000] CURRENT SERVICE STATE: secondary-server;Current Users;OK;HARD;1;USERS OK - 2 users currently logged in
[1548441000] CURRENT SERVICE STATE: secondary-server;HDD_Home status;OK;HARD;1;DISK OK - free space: /home 224704 MB (99% inode=99%):
[1548441000] CURRENT SERVICE STATE: secondary-server;HDD_Root status;OK;HARD;1;DISK OK - free space: / 41197 MB (80% inode=99%):
[1548441000] CURRENT SERVICE STATE: secondary-server;LocalService-NTPD SERVICE;OK;HARD;1;PROCS OK: 1 process with command name 'ntpd'
[1548441000] CURRENT SERVICE STATE: secondary-server;Memory Status;OK;HARD;1;OK - 70.3% (17237496 kB) free.
[1548441000] CURRENT SERVICE STATE: secondary-server;Nginx Status;OK;HARD;1;NGINX OK -  0.088 sec. response time, Active: 0 (Writing: 0 Reading: 0 Waiting: 0) ReqPerSec: 0.000 ConnPerSec: 0.000 ReqPerConn: 0.000
[1548441000] CURRENT SERVICE STATE: secondary-server;Sensors Status;OK;HARD;1;SENSORS OK
[1548441000] CURRENT SERVICE STATE: secondary-server;Total Processes;OK;HARD;1;PROCS OK: 344 processes
[1548441000] CURRENT SERVICE STATE: sig1;CPU Load;OK;HARD;1;OK - load average: 0.00, 0.01, 0.05
[1548441000] CURRENT SERVICE STATE: sig1;CPU_Procs;OK;HARD;1;CPU OK: 314 processes
[1548441000] CURRENT SERVICE STATE: sig1;Current Users;OK;HARD;1;USERS OK - 0 users currently logged in
[1548441000] CURRENT SERVICE STATE: sig1;HDD_Home status;OK;HARD;1;DISK OK - free space: /home 190338 MB (84% inode=99%):
[1548441000] CURRENT SERVICE STATE: sig1;HDD_Root status;OK;HARD;1;DISK OK - free space: / 32525 MB (63% inode=98%):
[1548441000] CURRENT SERVICE STATE: sig1;LocalService-NTPD SERVICE;OK;HARD;1;PROCS OK: 1 process with command name 'ntpd'
[1548441000] CURRENT SERVICE STATE: sig1;Memory;OK;HARD;1;OK - 54.1% (8796396 kB) free.
[1548441000] CURRENT SERVICE STATE: sig1;Sensors Status;OK;HARD;1;SENSORS OK
[1548441000] CURRENT SERVICE STATE: sig1;Total Processes;OK;HARD;1;PROCS OK: 314 processes
[1548441000] CURRENT SERVICE STATE: sig2;CPU Load;OK;HARD;1;OK - load average: 0.01, 0.03, 0.05
[1548441000] CURRENT SERVICE STATE: sig2;CPU_Procs;OK;HARD;1;CPU OK: 315 processes
[1548441000] CURRENT SERVICE STATE: sig2;Current Users;OK;HARD;1;USERS OK - 0 users currently logged in
[1548441000] CURRENT SERVICE STATE: sig2;HDD_Home status;OK;HARD;1;DISK OK - free space: /home 110084 MB (48% inode=99%):
[1548441000] CURRENT SERVICE STATE: sig2;HDD_Root status;OK;HARD;1;DISK OK - free space: / 31394 MB (61% inode=98%):
[1548441000] CURRENT SERVICE STATE: sig2;LocalService-NTPD SERVICE;OK;HARD;1;PROCS OK: 1 process with command name 'ntpd'
[1548441000] CURRENT SERVICE STATE: sig2;Memory;OK;HARD;1;OK - 70.0% (11379728 kB) free.
[1548441000] CURRENT SERVICE STATE: sig2;Sensors Status;OK;HARD;1;SENSORS OK
[1548441000] CURRENT SERVICE STATE: sig2;Total Processes;OK;HARD;1;PROCS OK: 313 processes
[1548441000] CURRENT SERVICE STATE: sig3;CPU Load;OK;HARD;1;OK - load average: 0.05, 0.06, 0.06
[1548441000] CURRENT SERVICE STATE: sig3;CPU_Procs;OK;HARD;1;CPU OK: 345 processes
[1548441000] CURRENT SERVICE STATE: sig3;Current Users;OK;HARD;1;USERS OK - 1 users currently logged in
[1548441000] CURRENT SERVICE STATE: sig3;HDD_Home status;OK;HARD;1;DISK OK - free space: /home 212750 MB (94% inode=99%):
[1548441000] CURRENT SERVICE STATE: sig3;HDD_Root status;OK;HARD;1;DISK OK - free space: / 37869 MB (73% inode=98%):
[1548441000] CURRENT SERVICE STATE: sig3;LocalService-NTPD SERVICE;OK;HARD;1;PROCS OK: 1 process with command name 'ntpd'
[1548441000] CURRENT SERVICE STATE: sig3;Memory;OK;HARD;1;OK - 89.9% (14614888 kB) free.
[1548441000] CURRENT SERVICE STATE: sig3;Sensors Status;OK;HARD;1;SENSORS OK
[1548441000] CURRENT SERVICE STATE: sig3;Total Processes;OK;HARD;1;PROCS OK: 345 processes
[1548441000] CURRENT SERVICE STATE: sig4;CPU Load;OK;HARD;1;OK - load average: 0.10, 0.05, 0.05
[1548441000] CURRENT SERVICE STATE: sig4;CPU_Procs;OK;HARD;1;CPU OK: 302 processes
[1548441000] CURRENT SERVICE STATE: sig4;Current Users;OK;HARD;1;USERS OK - 0 users currently logged in
[1548441000] CURRENT SERVICE STATE: sig4;HDD_Home status;OK;HARD;1;DISK OK - free space: /home 216625 MB (96% inode=99%):
[1548441000] CURRENT SERVICE STATE: sig4;HDD_Root status;OK;HARD;1;DISK OK - free space: / 34712 MB (67% inode=98%):
[1548441000] CURRENT SERVICE STATE: sig4;LocalService-NTPD SERVICE;OK;HARD;1;PROCS OK: 1 process with command name 'ntpd'
[1548441000] CURRENT SERVICE STATE: sig4;Memory;OK;HARD;1;OK - 63.3% (10294840 kB) free.
[1548441000] CURRENT SERVICE STATE: sig4;Sensors Status;OK;HARD;1;SENSORS OK
[1548441000] CURRENT SERVICE STATE: sig4;Total Processes;OK;HARD;1;PROCS OK: 302 processes
[1548441000] CURRENT SERVICE STATE: sig5;CPU Load;OK;HARD;1;OK - load average: 0.00, 0.01, 0.05
[1548441000] CURRENT SERVICE STATE: sig5;CPU_Procs;OK;HARD;1;CPU OK: 297 processes
[1548441000] CURRENT SERVICE STATE: sig5;Current Users;OK;HARD;1;USERS OK - 0 users currently logged in
[1548441000] CURRENT SERVICE STATE: sig5;HDD_Home status;OK;HARD;1;DISK OK - free space: /home 221224 MB (98% inode=99%):
[1548441000] CURRENT SERVICE STATE: sig5;HDD_Root status;OK;HARD;1;DISK OK - free space: / 38531 MB (75% inode=98%):
[1548441000] CURRENT SERVICE STATE: sig5;LocalService-NTPD SERVICE;OK;HARD;1;PROCS OK: 1 process with command name 'ntpd'
[1548441000] CURRENT SERVICE STATE: sig5;Memory;OK;HARD;1;OK - 90.8% (14758696 kB) free.
[1548441000] CURRENT SERVICE STATE: sig5;Sensors Status;OK;HARD;1;SENSORS OK
[1548441000] CURRENT SERVICE STATE: sig5;Total Processes;OK;HARD;1;PROCS OK: 298 processes
[1548441000] CURRENT SERVICE STATE: sig6;CPU Load;OK;HARD;1;OK - load average: 0.00, 0.01, 0.05
[1548441000] CURRENT SERVICE STATE: sig6;CPU_Procs;OK;HARD;1;CPU OK: 342 processes
[1548441000] CURRENT SERVICE STATE: sig6;Current Users;OK;HARD;1;USERS OK - 1 users currently logged in
[1548441000] CURRENT SERVICE STATE: sig6;HDD_Home status;OK;HARD;1;DISK OK - free space: /home 212988 MB (94% inode=99%):
[1548441000] CURRENT SERVICE STATE: sig6;HDD_Root status;OK;HARD;1;DISK OK - free space: / 27103 MB (52% inode=98%):
[1548441000] CURRENT SERVICE STATE: sig6;LocalService-NTPD SERVICE;OK;HARD;1;PROCS OK: 1 process with command name 'ntpd'
[1548441000] CURRENT SERVICE STATE: sig6;Memory;OK;HARD;1;OK - 90.3% (14680124 kB) free.
[1548441000] CURRENT SERVICE STATE: sig6;Sensors Status;OK;HARD;1;SENSORS OK
[1548441000] CURRENT SERVICE STATE: sig6;Total Processes;OK;HARD;1;PROCS OK: 340 processes
[1548441000] CURRENT SERVICE STATE: sigqscluster1;CPU Load;OK;HARD;1;OK - load average: 0.52, 0.78, 0.90
[1548441000] CURRENT SERVICE STATE: sigqscluster1;CPU_Procs;CRITICAL;HARD;3;CPU CRITICAL: 1 crit, 0 warn out of 339 processes
[1548441000] CURRENT SERVICE STATE: sigqscluster1;Current Users;OK;HARD;1;USERS OK - 2 users currently logged in
[1548441000] CURRENT SERVICE STATE: sigqscluster1;HDD_Home status;OK;HARD;1;DISK OK - free space: /home 224579 MB (99% inode=99%):
[1548441000] CURRENT SERVICE STATE: sigqscluster1;HDD_Root status;OK;HARD;1;DISK OK - free space: / 41160 MB (80% inode=99%):
[1548441000] CURRENT SERVICE STATE: sigqscluster1;LocalService-NTPD SERVICE;OK;HARD;1;PROCS OK: 1 process with command name 'ntpd'
[1548441000] CURRENT SERVICE STATE: sigqscluster1;Memory;OK;HARD;1;OK - 89.5% (44106764 kB) free.
[1548441000] CURRENT SERVICE STATE: sigqscluster1;Sensors Status;OK;HARD;1;SENSORS OK
[1548441000] CURRENT SERVICE STATE: sigqscluster1;Total Processes;OK;HARD;1;PROCS OK: 336 processes
[1548441000] CURRENT SERVICE STATE: sigqscluster2;CPU Load;OK;HARD;1;OK - load average: 1.47, 1.37, 1.58
[1548441000] CURRENT SERVICE STATE: sigqscluster2;CPU_Procs;CRITICAL;HARD;3;CPU CRITICAL: 1 crit, 0 warn out of 339 processes
[1548441000] CURRENT SERVICE STATE: sigqscluster2;Current Users;OK;HARD;1;USERS OK - 2 users currently logged in
[1548441000] CURRENT SERVICE STATE: sigqscluster2;HDD_Home status;OK;HARD;1;DISK OK - free space: /home 224577 MB (99% inode=99%):
[1548441000] CURRENT SERVICE STATE: sigqscluster2;HDD_Root status;OK;HARD;1;DISK OK - free space: / 41156 MB (80% inode=99%):
[1548441000] CURRENT SERVICE STATE: sigqscluster2;LocalService-NTPD SERVICE;OK;HARD;1;PROCS OK: 1 process with command name 'ntpd'
[1548441000] CURRENT SERVICE STATE: sigqscluster2;Memory;OK;HARD;1;OK - 89.9% (44318740 kB) free.
[1548441000] CURRENT SERVICE STATE: sigqscluster2;Sensors Status;OK;HARD;1;SENSORS OK
[1548441000] CURRENT SERVICE STATE: sigqscluster2;Total Processes;OK;HARD;1;PROCS OK: 339 processes
[1548441000] CURRENT SERVICE STATE: smscapp1;CPU Load;OK;HARD;1;OK - load average: 1.15, 1.08, 1.12
[1548441000] CURRENT SERVICE STATE: smscapp1;CPU_Procs;CRITICAL;HARD;3;CPU CRITICAL: 1 crit, 0 warn out of 310 processes
[1548441000] CURRENT SERVICE STATE: smscapp1;Current Users;OK;HARD;1;USERS OK - 1 users currently logged in
[1548441000] CURRENT SERVICE STATE: smscapp1;HDD_Home status;CRITICAL;HARD;3;DISK CRITICAL - free space: /home 20803 MB (9% inode=99%):
[1548441000] CURRENT SERVICE STATE: smscapp1;HDD_Root status;OK;HARD;1;DISK OK - free space: / 39149 MB (76% inode=98%):
[1548441000] CURRENT SERVICE STATE: smscapp1;LocalService-NTPD SERVICE;OK;HARD;1;PROCS OK: 1 process with command name 'ntpd'
[1548441000] CURRENT SERVICE STATE: smscapp1;Memory;CRITICAL;HARD;3;CRITICAL - 1.1% (171408 kB) free!
[1548441000] CURRENT SERVICE STATE: smscapp1;Sensors Status;OK;HARD;1;SENSORS OK
[1548441000] CURRENT SERVICE STATE: smscapp1;Total Processes;OK;HARD;1;PROCS OK: 309 processes
[1548441000] CURRENT SERVICE STATE: smscapp2;CPU Load;OK;HARD;1;OK - load average: 1.57, 1.35, 1.53
[1548441000] CURRENT SERVICE STATE: smscapp2;CPU_Procs;WARNING;HARD;3;CPU WARNING: 7 warn out of 342 processes
[1548441000] CURRENT SERVICE STATE: smscapp2;Current Users;OK;HARD;1;USERS OK - 2 users currently logged in
[1548441000] CURRENT SERVICE STATE: smscapp2;HDD_Home status;OK;HARD;1;DISK OK - free space: /home 67527 MB (30% inode=99%):
[1548441000] CURRENT SERVICE STATE: smscapp2;HDD_Root status;OK;HARD;1;DISK OK - free space: / 39008 MB (76% inode=98%):
[1548441000] CURRENT SERVICE STATE: smscapp2;LocalService-NTPD SERVICE;OK;HARD;1;PROCS OK: 1 process with command name 'ntpd'
[1548441000] CURRENT SERVICE STATE: smscapp2;Memory;OK;HARD;1;OK - 77.8% (12641000 kB) free.
[1548441000] CURRENT SERVICE STATE: smscapp2;Sensors Status;OK;HARD;1;SENSORS OK
[1548441000] CURRENT SERVICE STATE: smscapp2;Total Processes;OK;HARD;1;PROCS OK: 342 processes
[1548441000] CURRENT SERVICE STATE: sservercluster1;CPU Load;OK;HARD;1;OK - load average: 0.00, 0.01, 0.05
[1548441000] CURRENT SERVICE STATE: sservercluster1;CPU_Procs;OK;HARD;1;CPU OK: 296 processes
[1548441000] CURRENT SERVICE STATE: sservercluster1;Current Users;OK;HARD;1;USERS OK - 1 users currently logged in
[1548441000] CURRENT SERVICE STATE: sservercluster1;HDD_Home status;OK;HARD;1;DISK OK - free space: /home 220679 MB (99% inode=99%):
[1548441000] CURRENT SERVICE STATE: sservercluster1;HDD_Root status;OK;HARD;1;DISK OK - free space: / 41680 MB (81% inode=99%):
[1548441000] CURRENT SERVICE STATE: sservercluster1;LocalService-NTPD SERVICE;OK;HARD;1;PROCS OK: 1 process with command name 'ntpd'
[1548441000] CURRENT SERVICE STATE: sservercluster1;Memory;OK;HARD;1;OK - 95.7% (23452284 kB) free.
[1548441000] CURRENT SERVICE STATE: sservercluster1;Sensors Status;OK;HARD;1;SENSORS OK
[1548441000] CURRENT SERVICE STATE: sservercluster1;Total Processes;OK;HARD;1;PROCS OK: 296 processes
[1548441000] CURRENT SERVICE STATE: sservercluster2;CPU Load;OK;HARD;1;OK - load average: 0.00, 0.01, 0.05
[1548441000] CURRENT SERVICE STATE: sservercluster2;CPU_Procs;OK;HARD;1;CPU OK: 302 processes
[1548441000] CURRENT SERVICE STATE: sservercluster2;Current Users;OK;HARD;1;USERS OK - 1 users currently logged in
[1548441000] CURRENT SERVICE STATE: sservercluster2;HDD_Home status;OK;HARD;1;DISK OK - free space: /home 219756 MB (99% inode=99%):
[1548441000] CURRENT SERVICE STATE: sservercluster2;HDD_Root status;OK;HARD;1;DISK OK - free space: / 41242 MB (80% inode=99%):
[1548441000] CURRENT SERVICE STATE: sservercluster2;LocalService-NTPD SERVICE;OK;HARD;1;PROCS OK: 1 process with command name 'ntpd'
[1548441000] CURRENT SERVICE STATE: sservercluster2;Memory;OK;HARD;1;OK - 93.2% (22832356 kB) free.
[1548441000] CURRENT SERVICE STATE: sservercluster2;Sensors Status;OK;HARD;1;SENSORS OK
[1548441000] CURRENT SERVICE STATE: sservercluster2;Total Processes;OK;HARD;1;PROCS OK: 303 processes
[1548441000] CURRENT SERVICE STATE: webserver1;CPU Load;OK;HARD;1;OK - load average: 0.06, 0.03, 0.05
[1548441000] CURRENT SERVICE STATE: webserver1;CPU_Procs;OK;HARD;1;CPU OK: 316 processes
[1548441000] CURRENT SERVICE STATE: webserver1;Current Users;OK;HARD;1;USERS OK - 0 users currently logged in
[1548441000] CURRENT SERVICE STATE: webserver1;HDD_Home status;OK;HARD;1;DISK OK - free space: /home 224832 MB (99% inode=99%):
[1548441000] CURRENT SERVICE STATE: webserver1;HDD_Root status;OK;HARD;1;DISK OK - free space: / 40987 MB (80% inode=99%):
[1548441000] CURRENT SERVICE STATE: webserver1;LocalService-NTPD SERVICE;OK;HARD;1;PROCS OK: 1 process with command name 'ntpd'
[1548441000] CURRENT SERVICE STATE: webserver1;Memory;OK;HARD;1;OK - 92.9% (22729420 kB) free.
[1548441000] CURRENT SERVICE STATE: webserver1;Nginx_status;OK;HARD;1;NGINX OK -  0.084 sec. response time, Active: 0 (Writing: 0 Reading: 0 Waiting: 0) ReqPerSec: 0.000 ConnPerSec: 0.000 ReqPerConn: 0.000
[1548441000] CURRENT SERVICE STATE: webserver1;Sensors Status;OK;HARD;1;SENSORS OK
[1548441000] CURRENT SERVICE STATE: webserver1;Total Processes;OK;HARD;1;PROCS OK: 316 processes
[1548441000] CURRENT SERVICE STATE: webserver2;CPU_Procs;OK;HARD;1;CPU OK: 438 processes
[1548441000] CURRENT SERVICE STATE: webserver2;Current Load;OK;HARD;1;OK - load average: 0.01, 0.02, 0.05
[1548441000] CURRENT SERVICE STATE: webserver2;Current Users;OK;HARD;1;USERS OK - 16 users currently logged in
[1548441000] CURRENT SERVICE STATE: webserver2;HDD_Home status;OK;HARD;1;DISK OK - free space: /home 216636 MB (96.39% inode=100%):
[1548441000] CURRENT SERVICE STATE: webserver2;HTTP;OK;HARD;1;HTTP OK: HTTP/1.1 200 OK - 355 bytes in 0.001 second response time
[1548441000] CURRENT SERVICE STATE: webserver2;LocalService-NTPD SERVICE;OK;HARD;1;PROCS OK: 1 process with command name 'ntpd'
[1548441000] CURRENT SERVICE STATE: webserver2;Memory;OK;HARD;1;OK - 87.5% (21444560 kB) free.
[1548441000] CURRENT SERVICE STATE: webserver2;PING;OK;HARD;1;PING OK - Packet loss = 0%, RTA = 0.07 ms
[1548441000] CURRENT SERVICE STATE: webserver2;Root Partition;OK;HARD;1;DISK OK - free space: / 36441 MB (71.20% inode=99%):
[1548441000] CURRENT SERVICE STATE: webserver2;SSH;OK;HARD;1;SSH OK - OpenSSH_7.4 (protocol 2.0)
[1548441000] CURRENT SERVICE STATE: webserver2;Sensors Status;OK;HARD;1;SENSORS OK
[1548441000] CURRENT SERVICE STATE: webserver2;Total Processes;OK;HARD;1;PROCS OK: 166 processes with STATE = RSZDT
[1548441000] CURRENT SERVICE STATE: webservercluster1;CPU Load;OK;HARD;1;OK - load average: 0.00, 0.01, 0.05
[1548441000] CURRENT SERVICE STATE: webservercluster1;CPU_Procs;OK;HARD;1;CPU OK: 297 processes
[1548441000] CURRENT SERVICE STATE: webservercluster1;Current Users;OK;HARD;1;USERS OK - 1 users currently logged in
[1548441000] CURRENT SERVICE STATE: webservercluster1;HDD_Home status;OK;HARD;1;DISK OK - free space: / 36312 MB (70% inode=99%):
[1548441000] CURRENT SERVICE STATE: webservercluster1;HDD_Root status;OK;HARD;1;DISK OK - free space: /home 219261 MB (97% inode=99%):
[1548441000] CURRENT SERVICE STATE: webservercluster1;LocalService-NTPD SERVICE;OK;HARD;1;PROCS OK: 1 process with command name 'ntpd'
[1548441000] CURRENT SERVICE STATE: webservercluster1;Memory;OK;HARD;1;OK - 65.1% (10585856 kB) free.
[1548441000] CURRENT SERVICE STATE: webservercluster1;Sensors Status;OK;HARD;1;SENSORS OK
[1548441000] CURRENT SERVICE STATE: webservercluster1;Total Processes;OK;HARD;1;PROCS OK: 297 processes
[1548441000] CURRENT SERVICE STATE: webservercluster2;CPU Load;OK;HARD;1;OK - load average: 0.15, 0.13, 0.14
[1548441000] CURRENT SERVICE STATE: webservercluster2;CPU_Procs;OK;HARD;1;CPU OK: 312 processes
[1548441000] CURRENT SERVICE STATE: webservercluster2;Current Users;WARNING;HARD;3;USERS WARNING - 7 users currently logged in
[1548441000] CURRENT SERVICE STATE: webservercluster2;HDD_Home status;OK;HARD;1;DISK OK - free space: /home 157245 MB (69% inode=99%):
[1548441000] CURRENT SERVICE STATE: webservercluster2;HDD_Root status;OK;HARD;1;DISK OK - free space: / 40923 MB (79% inode=99%):
[1548441000] CURRENT SERVICE STATE: webservercluster2;LocalService-NTPD SERVICE;OK;HARD;1;PROCS OK: 1 process with command name 'ntpd'
[1548441000] CURRENT SERVICE STATE: webservercluster2;Memory;OK;HARD;1;OK - 61.6% (10010768 kB) free.
[1548441000] CURRENT SERVICE STATE: webservercluster2;Sensors Status;OK;HARD;1;SENSORS OK
[1548441000] CURRENT SERVICE STATE: webservercluster2;Total Processes;OK;HARD;1;PROCS OK: 312 processes
[1548441460] SERVICE ALERT: db2;CPU_Procs;CRITICAL;SOFT;1;CPU CRITICAL: 1 crit, 0 warn out of 330 processes
[1548441494] SERVICE NOTIFICATION: nagiosadmin;pservercluster2;CPU_Procs;CRITICAL;notify-service-by-email;CPU CRITICAL: 1 crit, 3 warn out of 349 processes
[1548441580] SERVICE ALERT: db2;CPU_Procs;OK;HARD;1;CPU OK: 329 processes
[1548441813] SERVICE NOTIFICATION: nagiosadmin;qservercluster1;CPU Load;OK;notify-service-by-email;OK - load average: 8.97, 9.28, 9.90
[1548441813] SERVICE ALERT: qservercluster1;CPU Load;OK;HARD;1;OK - load average: 8.97, 9.28, 9.90
[1548441880] SERVICE NOTIFICATION: nagiosadmin;pservercluster2;HDD_Home status;WARNING;notify-service-by-email;DISK WARNING - free space: /home 46179 MB (20% inode=99%):
[1548442012] SERVICE NOTIFICATION: nagiosadmin;smscapp1;Memory;CRITICAL;notify-service-by-email;CRITICAL - 1.0% (167144 kB) free!
[1548442072] SERVICE NOTIFICATION: nagiosadmin;db1;HDD_Root status;WARNING;notify-service-by-email;DISK WARNING - free space: / 6890 MB (13% inode=99%):
[1548442139] Auto-save of retention data completed successfully.
[1548442271] SERVICE NOTIFICATION: nagiosadmin;smscapp1;HDD_Home status;CRITICAL;notify-service-by-email;DISK CRITICAL - free space: /home 20547 MB (9% inode=99%):
[1548442697] SERVICE NOTIFICATION: nagiosadmin;smscapp2;CPU_Procs;CRITICAL;notify-service-by-email;CPU CRITICAL: 1 crit, 4 warn out of 338 processes
[1548442697] SERVICE ALERT: smscapp2;CPU_Procs;CRITICAL;HARD;3;CPU CRITICAL: 1 crit, 4 warn out of 338 processes
[1548442810] SERVICE NOTIFICATION: nagiosadmin;sigqscluster2;CPU_Procs;CRITICAL;notify-service-by-email;CPU CRITICAL: 1 crit, 0 warn out of 337 processes
[1548443237] SERVICE NOTIFICATION: nagiosadmin;pservercluster2;HDD_Root status;WARNING;notify-service-by-email;DISK WARNING - free space: / 8057 MB (15% inode=98%):
[1548443524] SERVICE NOTIFICATION: nagiosadmin;qservercluster1;CPU_Procs;CRITICAL;notify-service-by-email;CPU CRITICAL: 1 crit, 0 warn out of 296 processes
[1548443596] SERVICE NOTIFICATION: nagiosadmin;webservercluster2;Current Users;WARNING;notify-service-by-email;USERS WARNING - 7 users currently logged in
[1548443724] SERVICE NOTIFICATION: nagiosadmin;pservercluster2;Memory;CRITICAL;notify-service-by-email;CRITICAL - 0.9% (222956 kB) free!
[1548443757] SERVICE NOTIFICATION: nagiosadmin;sigqscluster1;CPU_Procs;CRITICAL;notify-service-by-email;CPU CRITICAL: 1 crit, 0 warn out of 337 processes
[1548443887] SERVICE NOTIFICATION: nagiosadmin;qservercluster2;CPU_Procs;CRITICAL;notify-service-by-email;CPU CRITICAL: 1 crit, 0 warn out of 302 processes
[1548443898] SERVICE NOTIFICATION: nagiosadmin;smscapp2;CPU_Procs;WARNING;notify-service-by-email;CPU WARNING: 5 warn out of 334 processes
[1548443898] SERVICE ALERT: smscapp2;CPU_Procs;WARNING;HARD;3;CPU WARNING: 5 warn out of 334 processes
[1548444349] SERVICE NOTIFICATION: nagiosadmin;smscapp1;CPU_Procs;CRITICAL;notify-service-by-email;CPU CRITICAL: 1 crit, 0 warn out of 310 processes
[1548444410] SERVICE NOTIFICATION: nagiosadmin;db2;HDD_Root status;WARNING;notify-service-by-email;DISK WARNING - free space: / 9793 MB (19% inode=98%):
[1548445094] SERVICE NOTIFICATION: nagiosadmin;pservercluster2;CPU_Procs;CRITICAL;notify-service-by-email;CPU CRITICAL: 1 crit, 4 warn out of 363 processes
[1548445480] SERVICE NOTIFICATION: nagiosadmin;pservercluster2;HDD_Home status;WARNING;notify-service-by-email;DISK WARNING - free space: /home 46143 MB (20% inode=99%):
[1548445612] SERVICE NOTIFICATION: nagiosadmin;smscapp1;Memory;CRITICAL;notify-service-by-email;CRITICAL - 1.0% (157700 kB) free!
[1548445698] SERVICE NOTIFICATION: nagiosadmin;smscapp2;CPU_Procs;CRITICAL;notify-service-by-email;CPU CRITICAL: 1 crit, 4 warn out of 334 processes
[1548445698] SERVICE ALERT: smscapp2;CPU_Procs;CRITICAL;HARD;3;CPU CRITICAL: 1 crit, 4 warn out of 334 processes
[1548445739] Auto-save of retention data completed successfully.
[1548445871] SERVICE NOTIFICATION: nagiosadmin;smscapp1;HDD_Home status;CRITICAL;notify-service-by-email;DISK CRITICAL - free space: /home 20762 MB (9% inode=99%):
[1548446271] SERVICE NOTIFICATION: nagiosadmin;db1;HDD_Root status;WARNING;notify-service-by-email;DISK WARNING - free space: / 6876 MB (13% inode=99%):
[1548446410] SERVICE NOTIFICATION: nagiosadmin;sigqscluster2;CPU_Procs;CRITICAL;notify-service-by-email;CPU CRITICAL: 1 crit, 0 warn out of 335 processes
[1548446837] SERVICE NOTIFICATION: nagiosadmin;pservercluster2;HDD_Root status;WARNING;notify-service-by-email;DISK WARNING - free space: / 8057 MB (15% inode=98%):
[1548447124] SERVICE NOTIFICATION: nagiosadmin;qservercluster1;CPU_Procs;CRITICAL;notify-service-by-email;CPU CRITICAL: 1 crit, 0 warn out of 298 processes
[1548447196] SERVICE NOTIFICATION: nagiosadmin;webservercluster2;Current Users;WARNING;notify-service-by-email;USERS WARNING - 8 users currently logged in
[1548447324] SERVICE NOTIFICATION: nagiosadmin;pservercluster2;Memory;CRITICAL;notify-service-by-email;CRITICAL - 0.9% (222988 kB) free!
[1548447357] SERVICE NOTIFICATION: nagiosadmin;sigqscluster1;CPU_Procs;CRITICAL;notify-service-by-email;CPU CRITICAL: 1 crit, 0 warn out of 336 processes
[1548447949] SERVICE NOTIFICATION: nagiosadmin;smscapp1;CPU_Procs;CRITICAL;notify-service-by-email;CPU CRITICAL: 1 crit, 0 warn out of 309 processes
[1548448010] SERVICE NOTIFICATION: nagiosadmin;db2;HDD_Root status;WARNING;notify-service-by-email;DISK WARNING - free space: / 9793 MB (19% inode=98%):
[1548448086] SERVICE NOTIFICATION: nagiosadmin;qservercluster2;CPU_Procs;CRITICAL;notify-service-by-email;CPU CRITICAL: 1 crit, 0 warn out of 305 processes
[1548448694] SERVICE NOTIFICATION: nagiosadmin;pservercluster2;CPU_Procs;CRITICAL;notify-service-by-email;CPU CRITICAL: 1 crit, 3 warn out of 345 processes
[1548449080] SERVICE NOTIFICATION: nagiosadmin;pservercluster2;HDD_Home status;WARNING;notify-service-by-email;DISK WARNING - free space: /home 46142 MB (20% inode=99%):
[1548449212] SERVICE NOTIFICATION: nagiosadmin;smscapp1;Memory;CRITICAL;notify-service-by-email;CRITICAL - 1.0% (156368 kB) free!
[1548449298] SERVICE NOTIFICATION: nagiosadmin;smscapp2;CPU_Procs;CRITICAL;notify-service-by-email;CPU CRITICAL: 1 crit, 4 warn out of 333 processes
[1548449339] Auto-save of retention data completed successfully.
[1548449471] SERVICE NOTIFICATION: nagiosadmin;smscapp1;HDD_Home status;CRITICAL;notify-service-by-email;DISK CRITICAL - free space: /home 20762 MB (9% inode=99%):
[1548449871] SERVICE NOTIFICATION: nagiosadmin;db1;HDD_Root status;WARNING;notify-service-by-email;DISK WARNING - free space: / 6876 MB (13% inode=99%):
[1548450010] SERVICE NOTIFICATION: nagiosadmin;sigqscluster2;CPU_Procs;CRITICAL;notify-service-by-email;CPU CRITICAL: 1 crit, 0 warn out of 337 processes
[1548450437] SERVICE NOTIFICATION: nagiosadmin;pservercluster2;HDD_Root status;WARNING;notify-service-by-email;DISK WARNING - free space: / 8057 MB (15% inode=98%):
[1548450724] SERVICE NOTIFICATION: nagiosadmin;qservercluster1;CPU_Procs;CRITICAL;notify-service-by-email;CPU CRITICAL: 1 crit, 0 warn out of 297 processes
[1548450796] SERVICE NOTIFICATION: nagiosadmin;webservercluster2;Current Users;WARNING;notify-service-by-email;USERS WARNING - 7 users currently logged in
[1548450880] SERVICE NOTIFICATION: nagiosadmin;pservercluster2;HDD_Home status;OK;notify-service-by-email;DISK OK - free space: /home 50214 MB (22% inode=99%):
[1548450880] SERVICE ALERT: pservercluster2;HDD_Home status;OK;HARD;1;DISK OK - free space: /home 50214 MB (22% inode=99%):
[1548450924] SERVICE NOTIFICATION: nagiosadmin;pservercluster2;Memory;CRITICAL;notify-service-by-email;CRITICAL - 1.0% (247388 kB) free!
[1548450957] SERVICE NOTIFICATION: nagiosadmin;sigqscluster1;CPU_Procs;CRITICAL;notify-service-by-email;CPU CRITICAL: 1 crit, 0 warn out of 337 processes
[1548451480] SERVICE ALERT: pservercluster2;HDD_Home status;WARNING;SOFT;1;DISK WARNING - free space: /home 46118 MB (20% inode=99%):
[1548451549] SERVICE NOTIFICATION: nagiosadmin;smscapp1;CPU_Procs;CRITICAL;notify-service-by-email;CPU CRITICAL: 1 crit, 0 warn out of 307 processes
[1548451600] SERVICE ALERT: pservercluster2;HDD_Home status;WARNING;SOFT;2;DISK WARNING - free space: /home 46118 MB (20% inode=99%):
[1548451610] SERVICE NOTIFICATION: nagiosadmin;db2;HDD_Root status;WARNING;notify-service-by-email;DISK WARNING - free space: / 9793 MB (19% inode=98%):
[1548451686] SERVICE NOTIFICATION: nagiosadmin;qservercluster2;CPU_Procs;CRITICAL;notify-service-by-email;CPU CRITICAL: 1 crit, 0 warn out of 308 processes
[1548451720] SERVICE NOTIFICATION: nagiosadmin;pservercluster2;HDD_Home status;WARNING;notify-service-by-email;DISK WARNING - free space: /home 46118 MB (20% inode=99%):
[1548451720] SERVICE ALERT: pservercluster2;HDD_Home status;WARNING;HARD;3;DISK WARNING - free space: /home 46118 MB (20% inode=99%):
[1548452294] SERVICE NOTIFICATION: nagiosadmin;pservercluster2;CPU_Procs;CRITICAL;notify-service-by-email;CPU CRITICAL: 1 crit, 3 warn out of 346 processes
[1548452813] SERVICE NOTIFICATION: nagiosadmin;smscapp1;Memory;CRITICAL;notify-service-by-email;CRITICAL - 1.0% (156680 kB) free!
[1548452898] SERVICE NOTIFICATION: nagiosadmin;smscapp2;CPU_Procs;CRITICAL;notify-service-by-email;CPU CRITICAL: 1 crit, 4 warn out of 332 processes
[1548452939] Auto-save of retention data completed successfully.
[1548453071] SERVICE NOTIFICATION: nagiosadmin;smscapp1;HDD_Home status;CRITICAL;notify-service-by-email;DISK CRITICAL - free space: /home 20762 MB (9% inode=99%):
[1548453471] SERVICE NOTIFICATION: nagiosadmin;db1;HDD_Root status;WARNING;notify-service-by-email;DISK WARNING - free space: / 6875 MB (13% inode=99%):
[1548453611] SERVICE NOTIFICATION: nagiosadmin;sigqscluster2;CPU_Procs;CRITICAL;notify-service-by-email;CPU CRITICAL: 1 crit, 0 warn out of 336 processes
[1548454037] SERVICE NOTIFICATION: nagiosadmin;pservercluster2;HDD_Root status;WARNING;notify-service-by-email;DISK WARNING - free space: / 8058 MB (15% inode=98%):
[1548454324] SERVICE NOTIFICATION: nagiosadmin;qservercluster1;CPU_Procs;CRITICAL;notify-service-by-email;CPU CRITICAL: 1 crit, 0 warn out of 295 processes
[1548454396] SERVICE NOTIFICATION: nagiosadmin;webservercluster2;Current Users;WARNING;notify-service-by-email;USERS WARNING - 7 users currently logged in
[1548454525] SERVICE NOTIFICATION: nagiosadmin;pservercluster2;Memory;CRITICAL;notify-service-by-email;CRITICAL - 0.9% (210084 kB) free!
[1548454557] SERVICE NOTIFICATION: nagiosadmin;sigqscluster1;CPU_Procs;CRITICAL;notify-service-by-email;CPU CRITICAL: 1 crit, 0 warn out of 337 processes
[1548455149] SERVICE NOTIFICATION: nagiosadmin;smscapp1;CPU_Procs;CRITICAL;notify-service-by-email;CPU CRITICAL: 1 crit, 0 warn out of 308 processes
[1548455210] SERVICE NOTIFICATION: nagiosadmin;db2;HDD_Root status;WARNING;notify-service-by-email;DISK WARNING - free space: / 9793 MB (19% inode=98%):
[1548455286] SERVICE NOTIFICATION: nagiosadmin;qservercluster2;CPU_Procs;CRITICAL;notify-service-by-email;CPU CRITICAL: 1 crit, 0 warn out of 305 processes
[1548455320] SERVICE NOTIFICATION: nagiosadmin;pservercluster2;HDD_Home status;WARNING;notify-service-by-email;DISK WARNING - free space: /home 46117 MB (20% inode=99%):
[1548455894] SERVICE NOTIFICATION: nagiosadmin;pservercluster2;CPU_Procs;CRITICAL;notify-service-by-email;CPU CRITICAL: 1 crit, 3 warn out of 345 processes
[1548456499] SERVICE NOTIFICATION: nagiosadmin;smscapp2;CPU_Procs;CRITICAL;notify-service-by-email;CPU CRITICAL: 1 crit, 4 warn out of 332 processes
[1548456539] Auto-save of retention data completed successfully.
[1548456671] SERVICE NOTIFICATION: nagiosadmin;smscapp1;HDD_Home status;CRITICAL;notify-service-by-email;DISK CRITICAL - free space: /home 20762 MB (9% inode=99%):
[1548457012] SERVICE NOTIFICATION: nagiosadmin;smscapp1;Memory;CRITICAL;notify-service-by-email;CRITICAL - 1.1% (183388 kB) free!
[1548457071] SERVICE NOTIFICATION: nagiosadmin;db1;HDD_Root status;WARNING;notify-service-by-email;DISK WARNING - free space: / 6875 MB (13% inode=99%):
[1548457637] SERVICE NOTIFICATION: nagiosadmin;pservercluster2;HDD_Root status;WARNING;notify-service-by-email;DISK WARNING - free space: / 8058 MB (15% inode=98%):
[1548457810] SERVICE NOTIFICATION: nagiosadmin;sigqscluster2;CPU_Procs;CRITICAL;notify-service-by-email;CPU CRITICAL: 1 crit, 0 warn out of 334 processes
[1548457924] SERVICE NOTIFICATION: nagiosadmin;qservercluster1;CPU_Procs;CRITICAL;notify-service-by-email;CPU CRITICAL: 1 crit, 0 warn out of 299 processes
[1548457996] SERVICE NOTIFICATION: nagiosadmin;webservercluster2;Current Users;WARNING;notify-service-by-email;USERS WARNING - 7 users currently logged in
[1548458157] SERVICE NOTIFICATION: nagiosadmin;sigqscluster1;CPU_Procs;CRITICAL;notify-service-by-email;CPU CRITICAL: 1 crit, 0 warn out of 337 processes
[1548458724] SERVICE NOTIFICATION: nagiosadmin;pservercluster2;Memory;CRITICAL;notify-service-by-email;CRITICAL - 0.8% (207960 kB) free!
[1548458749] SERVICE NOTIFICATION: nagiosadmin;smscapp1;CPU_Procs;CRITICAL;notify-service-by-email;CPU CRITICAL: 1 crit, 0 warn out of 308 processes
[1548458810] SERVICE NOTIFICATION: nagiosadmin;db2;HDD_Root status;WARNING;notify-service-by-email;DISK WARNING - free space: / 9793 MB (19% inode=98%):
[1548458886] SERVICE NOTIFICATION: nagiosadmin;qservercluster2;CPU_Procs;CRITICAL;notify-service-by-email;CPU CRITICAL: 1 crit, 0 warn out of 303 processes
[1548458920] SERVICE NOTIFICATION: nagiosadmin;pservercluster2;HDD_Home status;WARNING;notify-service-by-email;DISK WARNING - free space: /home 46117 MB (20% inode=99%):
[1548459494] SERVICE NOTIFICATION: nagiosadmin;pservercluster2;CPU_Procs;CRITICAL;notify-service-by-email;CPU CRITICAL: 1 crit, 3 warn out of 345 processes
[1548460139] Auto-save of retention data completed successfully.
[1548460271] SERVICE NOTIFICATION: nagiosadmin;smscapp1;HDD_Home status;CRITICAL;notify-service-by-email;DISK CRITICAL - free space: /home 20762 MB (9% inode=99%):
[1548460612] SERVICE NOTIFICATION: nagiosadmin;smscapp1;Memory;CRITICAL;notify-service-by-email;CRITICAL - 1.1% (182200 kB) free!
[1548460671] SERVICE NOTIFICATION: nagiosadmin;db1;HDD_Root status;WARNING;notify-service-by-email;DISK WARNING - free space: / 6875 MB (13% inode=99%):
[1548460698] SERVICE NOTIFICATION: nagiosadmin;smscapp2;CPU_Procs;CRITICAL;notify-service-by-email;CPU CRITICAL: 1 crit, 4 warn out of 334 processes
[1548461237] SERVICE NOTIFICATION: nagiosadmin;pservercluster2;HDD_Root status;WARNING;notify-service-by-email;DISK WARNING - free space: / 8058 MB (15% inode=98%):
[1548461410] SERVICE NOTIFICATION: nagiosadmin;sigqscluster2;CPU_Procs;CRITICAL;notify-service-by-email;CPU CRITICAL: 1 crit, 0 warn out of 335 processes
[1548461524] SERVICE NOTIFICATION: nagiosadmin;qservercluster1;CPU_Procs;CRITICAL;notify-service-by-email;CPU CRITICAL: 1 crit, 0 warn out of 295 processes
[1548461596] SERVICE NOTIFICATION: nagiosadmin;webservercluster2;Current Users;WARNING;notify-service-by-email;USERS WARNING - 7 users currently logged in
[1548461757] SERVICE NOTIFICATION: nagiosadmin;sigqscluster1;CPU_Procs;CRITICAL;notify-service-by-email;CPU CRITICAL: 1 crit, 0 warn out of 335 processes
[1548462324] SERVICE NOTIFICATION: nagiosadmin;pservercluster2;Memory;CRITICAL;notify-service-by-email;CRITICAL - 0.8% (206088 kB) free!
[1548462349] SERVICE NOTIFICATION: nagiosadmin;smscapp1;CPU_Procs;CRITICAL;notify-service-by-email;CPU CRITICAL: 1 crit, 0 warn out of 307 processes
[1548462410] SERVICE NOTIFICATION: nagiosadmin;db2;HDD_Root status;WARNING;notify-service-by-email;DISK WARNING - free space: / 9793 MB (19% inode=98%):
[1548462486] SERVICE NOTIFICATION: nagiosadmin;qservercluster2;CPU_Procs;CRITICAL;notify-service-by-email;CPU CRITICAL: 1 crit, 0 warn out of 304 processes
[1548462520] SERVICE NOTIFICATION: nagiosadmin;pservercluster2;HDD_Home status;WARNING;notify-service-by-email;DISK WARNING - free space: /home 46116 MB (20% inode=99%):
[1548463094] SERVICE NOTIFICATION: nagiosadmin;pservercluster2;CPU_Procs;CRITICAL;notify-service-by-email;CPU CRITICAL: 1 crit, 3 warn out of 346 processes
[1548463739] Auto-save of retention data completed successfully.
[1548463871] SERVICE NOTIFICATION: nagiosadmin;smscapp1;HDD_Home status;CRITICAL;notify-service-by-email;DISK CRITICAL - free space: /home 20762 MB (9% inode=99%):
[1548464212] SERVICE NOTIFICATION: nagiosadmin;smscapp1;Memory;CRITICAL;notify-service-by-email;CRITICAL - 1.1% (184136 kB) free!
[1548464271] SERVICE NOTIFICATION: nagiosadmin;db1;HDD_Root status;WARNING;notify-service-by-email;DISK WARNING - free space: / 6875 MB (13% inode=99%):
[1548464298] SERVICE NOTIFICATION: nagiosadmin;smscapp2;CPU_Procs;CRITICAL;notify-service-by-email;CPU CRITICAL: 1 crit, 4 warn out of 334 processes
[1548464837] SERVICE NOTIFICATION: nagiosadmin;pservercluster2;HDD_Root status;WARNING;notify-service-by-email;DISK WARNING - free space: / 8058 MB (15% inode=98%):
[1548465010] SERVICE NOTIFICATION: nagiosadmin;sigqscluster2;CPU_Procs;CRITICAL;notify-service-by-email;CPU CRITICAL: 1 crit, 0 warn out of 337 processes
[1548465124] SERVICE NOTIFICATION: nagiosadmin;qservercluster1;CPU_Procs;CRITICAL;notify-service-by-email;CPU CRITICAL: 1 crit, 0 warn out of 297 processes
[1548465196] SERVICE NOTIFICATION: nagiosadmin;webservercluster2;Current Users;WARNING;notify-service-by-email;USERS WARNING - 7 users currently logged in
[1548465357] SERVICE NOTIFICATION: nagiosadmin;sigqscluster1;CPU_Procs;CRITICAL;notify-service-by-email;CPU CRITICAL: 1 crit, 0 warn out of 335 processes
[1548465924] SERVICE NOTIFICATION: nagiosadmin;pservercluster2;Memory;CRITICAL;notify-service-by-email;CRITICAL - 0.8% (204900 kB) free!
[1548465949] SERVICE NOTIFICATION: nagiosadmin;smscapp1;CPU_Procs;CRITICAL;notify-service-by-email;CPU CRITICAL: 1 crit, 0 warn out of 308 processes
[1548466010] SERVICE NOTIFICATION: nagiosadmin;db2;HDD_Root status;WARNING;notify-service-by-email;DISK WARNING - free space: / 9792 MB (19% inode=98%):
[1548466086] SERVICE NOTIFICATION: nagiosadmin;qservercluster2;CPU_Procs;CRITICAL;notify-service-by-email;CPU CRITICAL: 1 crit, 0 warn out of 304 processes
[1548466120] SERVICE NOTIFICATION: nagiosadmin;pservercluster2;HDD_Home status;WARNING;notify-service-by-email;DISK WARNING - free space: /home 46115 MB (20% inode=99%):
[1548466694] SERVICE NOTIFICATION: nagiosadmin;pservercluster2;CPU_Procs;CRITICAL;notify-service-by-email;CPU CRITICAL: 1 crit, 3 warn out of 346 processes
[1548467339] Auto-save of retention data completed successfully.
[1548467471] SERVICE NOTIFICATION: nagiosadmin;smscapp1;HDD_Home status;CRITICAL;notify-service-by-email;DISK CRITICAL - free space: /home 20762 MB (9% inode=99%):
[1548467812] SERVICE NOTIFICATION: nagiosadmin;smscapp1;Memory;CRITICAL;notify-service-by-email;CRITICAL - 1.1% (184408 kB) free!
[1548467871] SERVICE NOTIFICATION: nagiosadmin;db1;HDD_Root status;WARNING;notify-service-by-email;DISK WARNING - free space: / 6875 MB (13% inode=99%):
[1548467898] SERVICE NOTIFICATION: nagiosadmin;smscapp2;CPU_Procs;CRITICAL;notify-service-by-email;CPU CRITICAL: 1 crit, 4 warn out of 334 processes
[1548468437] SERVICE NOTIFICATION: nagiosadmin;pservercluster2;HDD_Root status;WARNING;notify-service-by-email;DISK WARNING - free space: / 8058 MB (15% inode=98%):
[1548468610] SERVICE NOTIFICATION: nagiosadmin;sigqscluster2;CPU_Procs;CRITICAL;notify-service-by-email;CPU CRITICAL: 1 crit, 0 warn out of 334 processes
[1548468724] SERVICE NOTIFICATION: nagiosadmin;qservercluster1;CPU_Procs;CRITICAL;notify-service-by-email;CPU CRITICAL: 1 crit, 0 warn out of 296 processes
[1548468796] SERVICE NOTIFICATION: nagiosadmin;webservercluster2;Current Users;WARNING;notify-service-by-email;USERS WARNING - 7 users currently logged in
[1548468957] SERVICE NOTIFICATION: nagiosadmin;sigqscluster1;CPU_Procs;CRITICAL;notify-service-by-email;CPU CRITICAL: 1 crit, 0 warn out of 336 processes
[1548469524] SERVICE NOTIFICATION: nagiosadmin;pservercluster2;Memory;CRITICAL;notify-service-by-email;CRITICAL - 0.8% (206012 kB) free!
[1548469549] SERVICE NOTIFICATION: nagiosadmin;smscapp1;CPU_Procs;CRITICAL;notify-service-by-email;CPU CRITICAL: 1 crit, 0 warn out of 307 processes
[1548469610] SERVICE NOTIFICATION: nagiosadmin;db2;HDD_Root status;WARNING;notify-service-by-email;DISK WARNING - free space: / 9792 MB (19% inode=98%):
[1548469686] SERVICE NOTIFICATION: nagiosadmin;qservercluster2;CPU_Procs;CRITICAL;notify-service-by-email;CPU CRITICAL: 1 crit, 0 warn out of 304 processes
[1548469720] SERVICE NOTIFICATION: nagiosadmin;pservercluster2;HDD_Home status;WARNING;notify-service-by-email;DISK WARNING - free space: /home 46114 MB (20% inode=99%):
[1548470294] SERVICE NOTIFICATION: nagiosadmin;pservercluster2;CPU_Procs;CRITICAL;notify-service-by-email;CPU CRITICAL: 1 crit, 3 warn out of 346 processes
[1548470939] Auto-save of retention data completed successfully.
[1548471071] SERVICE NOTIFICATION: nagiosadmin;smscapp1;HDD_Home status;CRITICAL;notify-service-by-email;DISK CRITICAL - free space: /home 20762 MB (9% inode=99%):
[1548471412] SERVICE NOTIFICATION: nagiosadmin;smscapp1;Memory;CRITICAL;notify-service-by-email;CRITICAL - 1.1% (182260 kB) free!
[1548471471] SERVICE NOTIFICATION: nagiosadmin;db1;HDD_Root status;WARNING;notify-service-by-email;DISK WARNING - free space: / 6874 MB (13% inode=99%):
[1548471498] SERVICE NOTIFICATION: nagiosadmin;smscapp2;CPU_Procs;CRITICAL;notify-service-by-email;CPU CRITICAL: 1 crit, 4 warn out of 334 processes
[1548472037] SERVICE NOTIFICATION: nagiosadmin;pservercluster2;HDD_Root status;WARNING;notify-service-by-email;DISK WARNING - free space: / 8057 MB (15% inode=98%):
[1548472210] SERVICE NOTIFICATION: nagiosadmin;sigqscluster2;CPU_Procs;CRITICAL;notify-service-by-email;CPU CRITICAL: 1 crit, 0 warn out of 334 processes
[1548472324] SERVICE NOTIFICATION: nagiosadmin;qservercluster1;CPU_Procs;CRITICAL;notify-service-by-email;CPU CRITICAL: 1 crit, 0 warn out of 296 processes
[1548472396] SERVICE NOTIFICATION: nagiosadmin;webservercluster2;Current Users;WARNING;notify-service-by-email;USERS WARNING - 7 users currently logged in
[1548472557] SERVICE NOTIFICATION: nagiosadmin;sigqscluster1;CPU_Procs;CRITICAL;notify-service-by-email;CPU CRITICAL: 1 crit, 0 warn out of 336 processes
[1548473124] SERVICE NOTIFICATION: nagiosadmin;pservercluster2;Memory;CRITICAL;notify-service-by-email;CRITICAL - 0.9% (215124 kB) free!
[1548473149] SERVICE NOTIFICATION: nagiosadmin;smscapp1;CPU_Procs;CRITICAL;notify-service-by-email;CPU CRITICAL: 1 crit, 0 warn out of 308 processes
[1548473210] SERVICE NOTIFICATION: nagiosadmin;db2;HDD_Root status;WARNING;notify-service-by-email;DISK WARNING - free space: / 9792 MB (19% inode=98%):
[1548473286] SERVICE NOTIFICATION: nagiosadmin;qservercluster2;CPU_Procs;CRITICAL;notify-service-by-email;CPU CRITICAL: 1 crit, 0 warn out of 303 processes
[1548473320] SERVICE NOTIFICATION: nagiosadmin;pservercluster2;HDD_Home status;WARNING;notify-service-by-email;DISK WARNING - free space: /home 46114 MB (20% inode=99%):
[1548473895] SERVICE NOTIFICATION: nagiosadmin;pservercluster2;CPU_Procs;CRITICAL;notify-service-by-email;CPU CRITICAL: 1 crit, 3 warn out of 350 processes
[1548474539] Auto-save of retention data completed successfully.
[1548474671] SERVICE NOTIFICATION: nagiosadmin;smscapp1;HDD_Home status;CRITICAL;notify-service-by-email;DISK CRITICAL - free space: /home 20762 MB (9% inode=99%):
[1548475012] SERVICE NOTIFICATION: nagiosadmin;smscapp1;Memory;CRITICAL;notify-service-by-email;CRITICAL - 1.1% (182852 kB) free!
[1548475071] SERVICE NOTIFICATION: nagiosadmin;db1;HDD_Root status;WARNING;notify-service-by-email;DISK WARNING - free space: / 6874 MB (13% inode=99%):
[1548475099] SERVICE NOTIFICATION: nagiosadmin;smscapp2;CPU_Procs;CRITICAL;notify-service-by-email;CPU CRITICAL: 1 crit, 4 warn out of 333 processes
[1548475121] SERVICE NOTIFICATION: nagiosadmin;pservercluster2;HDD_Home status;OK;notify-service-by-email;DISK OK - free space: /home 50209 MB (22% inode=99%):
[1548475121] SERVICE ALERT: pservercluster2;HDD_Home status;OK;HARD;1;DISK OK - free space: /home 50209 MB (22% inode=99%):
[1548475637] SERVICE NOTIFICATION: nagiosadmin;pservercluster2;HDD_Root status;WARNING;notify-service-by-email;DISK WARNING - free space: / 8079 MB (15% inode=98%):
[1548475793] SERVICE ALERT: db1;CPU_Procs;CRITICAL;SOFT;1;CPU CRITICAL: 1 crit, 0 warn out of 327 processes
[1548475811] SERVICE NOTIFICATION: nagiosadmin;sigqscluster2;CPU_Procs;CRITICAL;notify-service-by-email;CPU CRITICAL: 1 crit, 0 warn out of 336 processes
[1548475913] SERVICE ALERT: db1;CPU_Procs;CRITICAL;SOFT;2;CPU CRITICAL: 1 crit, 0 warn out of 329 processes
[1548475924] SERVICE NOTIFICATION: nagiosadmin;qservercluster1;CPU_Procs;CRITICAL;notify-service-by-email;CPU CRITICAL: 1 crit, 0 warn out of 295 processes
[1548475996] SERVICE NOTIFICATION: nagiosadmin;webservercluster2;Current Users;WARNING;notify-service-by-email;USERS WARNING - 8 users currently logged in
[1548476033] SERVICE NOTIFICATION: nagiosadmin;db1;CPU_Procs;CRITICAL;notify-service-by-email;CPU CRITICAL: 1 crit, 0 warn out of 329 processes
[1548476033] SERVICE ALERT: db1;CPU_Procs;CRITICAL;HARD;3;CPU CRITICAL: 1 crit, 0 warn out of 329 processes
[1548476157] SERVICE NOTIFICATION: nagiosadmin;sigqscluster1;CPU_Procs;CRITICAL;notify-service-by-email;CPU CRITICAL: 1 crit, 0 warn out of 334 processes
[1548476633] SERVICE NOTIFICATION: nagiosadmin;db1;CPU_Procs;OK;notify-service-by-email;CPU OK: 327 processes
[1548476633] SERVICE ALERT: db1;CPU_Procs;OK;HARD;1;CPU OK: 327 processes
[1548476724] SERVICE NOTIFICATION: nagiosadmin;pservercluster2;Memory;CRITICAL;notify-service-by-email;CRITICAL - 2.9% (719524 kB) free!
[1548476749] SERVICE NOTIFICATION: nagiosadmin;smscapp1;CPU_Procs;CRITICAL;notify-service-by-email;CPU CRITICAL: 1 crit, 0 warn out of 309 processes
[1548476810] SERVICE NOTIFICATION: nagiosadmin;db2;HDD_Root status;WARNING;notify-service-by-email;DISK WARNING - free space: / 9664 MB (18% inode=98%):
[1548476886] SERVICE NOTIFICATION: nagiosadmin;qservercluster2;CPU_Procs;CRITICAL;notify-service-by-email;CPU CRITICAL: 1 crit, 0 warn out of 306 processes
[1548477833] SERVICE ALERT: db1;CPU_Procs;CRITICAL;SOFT;1;CPU CRITICAL: 1 crit, 0 warn out of 329 processes
[1548477953] SERVICE ALERT: db1;CPU_Procs;CRITICAL;SOFT;2;CPU CRITICAL: 1 crit, 0 warn out of 328 processes
[1548478073] SERVICE NOTIFICATION: nagiosadmin;db1;CPU_Procs;CRITICAL;notify-service-by-email;CPU CRITICAL: 1 crit, 0 warn out of 326 processes
[1548478073] SERVICE ALERT: db1;CPU_Procs;CRITICAL;HARD;3;CPU CRITICAL: 1 crit, 0 warn out of 326 processes
[1548478094] SERVICE NOTIFICATION: nagiosadmin;pservercluster2;CPU_Procs;CRITICAL;notify-service-by-email;CPU CRITICAL: 2 crit, 2 warn out of 347 processes
[1548478139] Auto-save of retention data completed successfully.
[1548478271] SERVICE NOTIFICATION: nagiosadmin;smscapp1;HDD_Home status;CRITICAL;notify-service-by-email;DISK CRITICAL - free space: /home 19449 MB (8% inode=99%):
[1548478612] SERVICE NOTIFICATION: nagiosadmin;smscapp1;Memory;CRITICAL;notify-service-by-email;CRITICAL - 1.0% (157408 kB) free!
[1548478671] SERVICE NOTIFICATION: nagiosadmin;db1;HDD_Root status;WARNING;notify-service-by-email;DISK WARNING - free space: / 6694 MB (13% inode=99%):
[1548478674] SERVICE FLAPPING ALERT: db1;CPU_Procs;STARTED; Service appears to have started flapping (23.9% change >= 20.0% threshold)
[1548478674] SERVICE ALERT: db1;CPU_Procs;OK;HARD;1;CPU OK: 327 processes
[1548478781] SERVICE ALERT: db2;CPU_Procs;CRITICAL;SOFT;1;CPU CRITICAL: 1 crit, 0 warn out of 337 processes
[1548478901] SERVICE ALERT: db2;CPU_Procs;CRITICAL;SOFT;2;CPU CRITICAL: 1 crit, 0 warn out of 336 processes
[1548479021] SERVICE NOTIFICATION: nagiosadmin;db2;CPU_Procs;CRITICAL;notify-service-by-email;CPU CRITICAL: 1 crit, 0 warn out of 335 processes
[1548479021] SERVICE ALERT: db2;CPU_Procs;CRITICAL;HARD;3;CPU CRITICAL: 1 crit, 0 warn out of 335 processes
[1548479237] SERVICE NOTIFICATION: nagiosadmin;pservercluster2;HDD_Root status;WARNING;notify-service-by-email;DISK WARNING - free space: / 8079 MB (15% inode=98%):
[1548479298] SERVICE NOTIFICATION: nagiosadmin;smscapp2;CPU_Procs;CRITICAL;notify-service-by-email;CPU CRITICAL: 1 crit, 4 warn out of 332 processes
[1548479524] SERVICE NOTIFICATION: nagiosadmin;qservercluster1;CPU_Procs;CRITICAL;notify-service-by-email;CPU CRITICAL: 1 crit, 0 warn out of 296 processes
[1548479596] SERVICE NOTIFICATION: nagiosadmin;webservercluster2;Current Users;WARNING;notify-service-by-email;USERS WARNING - 8 users currently logged in
[1548479757] SERVICE NOTIFICATION: nagiosadmin;sigqscluster1;CPU_Procs;CRITICAL;notify-service-by-email;CPU CRITICAL: 1 crit, 0 warn out of 336 processes
[1548479874] SERVICE ALERT: db1;CPU_Procs;CRITICAL;SOFT;1;CPU CRITICAL: 1 crit, 0 warn out of 328 processes
[1548479994] SERVICE ALERT: db1;CPU_Procs;CRITICAL;SOFT;2;CPU CRITICAL: 1 crit, 0 warn out of 328 processes
[1548480010] SERVICE NOTIFICATION: nagiosadmin;sigqscluster2;CPU_Procs;CRITICAL;notify-service-by-email;CPU CRITICAL: 1 crit, 0 warn out of 336 processes
[1548480114] SERVICE ALERT: db1;CPU_Procs;CRITICAL;HARD;3;CPU CRITICAL: 1 crit, 0 warn out of 328 processes
[1548480324] SERVICE NOTIFICATION: nagiosadmin;pservercluster2;Memory;CRITICAL;notify-service-by-email;CRITICAL - 0.8% (193380 kB) free!
[1548480349] SERVICE NOTIFICATION: nagiosadmin;smscapp1;CPU_Procs;CRITICAL;notify-service-by-email;CPU CRITICAL: 1 crit, 0 warn out of 310 processes
[1548480410] SERVICE NOTIFICATION: nagiosadmin;db2;HDD_Root status;WARNING;notify-service-by-email;DISK WARNING - free space: / 8382 MB (16% inode=98%):
[1548480486] SERVICE NOTIFICATION: nagiosadmin;qservercluster2;CPU_Procs;CRITICAL;notify-service-by-email;CPU CRITICAL: 1 crit, 0 warn out of 306 processes
[1548481314] SERVICE ALERT: db1;CPU_Procs;OK;HARD;1;CPU OK: 327 processes
[1548481421] SERVICE NOTIFICATION: nagiosadmin;db2;CPU_Procs;OK;notify-service-by-email;CPU OK: 330 processes
[1548481421] SERVICE ALERT: db2;CPU_Procs;OK;HARD;1;CPU OK: 330 processes
[1548481694] SERVICE NOTIFICATION: nagiosadmin;pservercluster2;CPU_Procs;CRITICAL;notify-service-by-email;CPU CRITICAL: 2 crit, 2 warn out of 347 processes
[1548481739] Auto-save of retention data completed successfully.
[1548481871] SERVICE NOTIFICATION: nagiosadmin;smscapp1;HDD_Home status;CRITICAL;notify-service-by-email;DISK CRITICAL - free space: /home 19004 MB (8% inode=99%):
[1548482212] SERVICE NOTIFICATION: nagiosadmin;smscapp1;Memory;CRITICAL;notify-service-by-email;CRITICAL - 1.1% (176380 kB) free!
[1548482272] SERVICE NOTIFICATION: nagiosadmin;db1;HDD_Root status;WARNING;notify-service-by-email;DISK WARNING - free space: / 6586 MB (12% inode=99%):
[1548482837] SERVICE NOTIFICATION: nagiosadmin;pservercluster2;HDD_Root status;WARNING;notify-service-by-email;DISK WARNING - free space: / 8077 MB (15% inode=98%):
[1548482898] SERVICE NOTIFICATION: nagiosadmin;smscapp2;CPU_Procs;CRITICAL;notify-service-by-email;CPU CRITICAL: 1 crit, 4 warn out of 333 processes
[1548483124] SERVICE NOTIFICATION: nagiosadmin;qservercluster1;CPU_Procs;CRITICAL;notify-service-by-email;CPU CRITICAL: 1 crit, 0 warn out of 298 processes
[1548483196] SERVICE NOTIFICATION: nagiosadmin;webservercluster2;Current Users;WARNING;notify-service-by-email;USERS WARNING - 9 users currently logged in
[1548483357] SERVICE NOTIFICATION: nagiosadmin;sigqscluster1;CPU_Procs;CRITICAL;notify-service-by-email;CPU CRITICAL: 1 crit, 0 warn out of 335 processes
[1548483610] SERVICE NOTIFICATION: nagiosadmin;sigqscluster2;CPU_Procs;CRITICAL;notify-service-by-email;CPU CRITICAL: 1 crit, 0 warn out of 336 processes
[1548483924] SERVICE NOTIFICATION: nagiosadmin;pservercluster2;Memory;CRITICAL;notify-service-by-email;CRITICAL - 0.8% (201036 kB) free!
[1548483949] SERVICE NOTIFICATION: nagiosadmin;smscapp1;CPU_Procs;CRITICAL;notify-service-by-email;CPU CRITICAL: 1 crit, 0 warn out of 311 processes
[1548484010] SERVICE NOTIFICATION: nagiosadmin;db2;HDD_Root status;WARNING;notify-service-by-email;DISK WARNING - free space: / 9496 MB (18% inode=98%):
[1548484086] SERVICE NOTIFICATION: nagiosadmin;qservercluster2;CPU_Procs;CRITICAL;notify-service-by-email;CPU CRITICAL: 1 crit, 0 warn out of 303 processes
[1548484918] SERVICE ALERT: webserver2;CPU_Procs;WARNING;SOFT;1;CPU WARNING: 1 warn out of 449 processes
[1548484978] SERVICE ALERT: webserver2;CPU_Procs;OK;HARD;1;CPU OK: 450 processes
[1548484996] SERVICE NOTIFICATION: nagiosadmin;webservercluster2;Current Users;CRITICAL;notify-service-by-email;USERS CRITICAL - 12 users currently logged in
[1548484996] SERVICE ALERT: webservercluster2;Current Users;CRITICAL;HARD;3;USERS CRITICAL - 12 users currently logged in
[1548485294] SERVICE NOTIFICATION: nagiosadmin;pservercluster2;CPU_Procs;CRITICAL;notify-service-by-email;CPU CRITICAL: 1 crit, 3 warn out of 343 processes
[1548485339] Auto-save of retention data completed successfully.
[1548485472] SERVICE NOTIFICATION: nagiosadmin;smscapp1;HDD_Home status;CRITICAL;notify-service-by-email;DISK CRITICAL - free space: /home 19004 MB (8% inode=99%):
[1548485812] SERVICE NOTIFICATION: nagiosadmin;smscapp1;Memory;CRITICAL;notify-service-by-email;CRITICAL - 1.1% (177688 kB) free!
[1548486437] SERVICE NOTIFICATION: nagiosadmin;pservercluster2;HDD_Root status;WARNING;notify-service-by-email;DISK WARNING - free space: / 8078 MB (15% inode=98%):
[1548486471] SERVICE NOTIFICATION: nagiosadmin;db1;HDD_Root status;WARNING;notify-service-by-email;DISK WARNING - free space: / 6585 MB (12% inode=99%):
[1548486498] SERVICE NOTIFICATION: nagiosadmin;smscapp2;CPU_Procs;CRITICAL;notify-service-by-email;CPU CRITICAL: 1 crit, 4 warn out of 332 processes
[1548486724] SERVICE NOTIFICATION: nagiosadmin;qservercluster1;CPU_Procs;CRITICAL;notify-service-by-email;CPU CRITICAL: 1 crit, 0 warn out of 298 processes
[1548486957] SERVICE NOTIFICATION: nagiosadmin;sigqscluster1;CPU_Procs;CRITICAL;notify-service-by-email;CPU CRITICAL: 1 crit, 0 warn out of 337 processes
[1548487210] SERVICE NOTIFICATION: nagiosadmin;sigqscluster2;CPU_Procs;CRITICAL;notify-service-by-email;CPU CRITICAL: 1 crit, 0 warn out of 336 processes
[1548487525] SERVICE NOTIFICATION: nagiosadmin;pservercluster2;Memory;CRITICAL;notify-service-by-email;CRITICAL - 0.8% (199628 kB) free!
[1548487549] SERVICE NOTIFICATION: nagiosadmin;smscapp1;CPU_Procs;CRITICAL;notify-service-by-email;CPU CRITICAL: 1 crit, 0 warn out of 309 processes
[1548487610] SERVICE NOTIFICATION: nagiosadmin;db2;HDD_Root status;WARNING;notify-service-by-email;DISK WARNING - free space: / 9495 MB (18% inode=98%):
[1548487686] SERVICE NOTIFICATION: nagiosadmin;qservercluster2;CPU_Procs;CRITICAL;notify-service-by-email;CPU CRITICAL: 1 crit, 0 warn out of 305 processes
[1548487996] SERVICE NOTIFICATION: nagiosadmin;webservercluster2;Current Users;WARNING;notify-service-by-email;USERS WARNING - 10 users currently logged in
[1548487996] SERVICE ALERT: webservercluster2;Current Users;WARNING;HARD;3;USERS WARNING - 10 users currently logged in
[1548488894] SERVICE NOTIFICATION: nagiosadmin;pservercluster2;CPU_Procs;CRITICAL;notify-service-by-email;CPU CRITICAL: 1 crit, 3 warn out of 343 processes
[1548488939] Auto-save of retention data completed successfully.
[1548489412] SERVICE NOTIFICATION: nagiosadmin;smscapp1;Memory;CRITICAL;notify-service-by-email;CRITICAL - 1.1% (176456 kB) free!
[1548489671] SERVICE NOTIFICATION: nagiosadmin;smscapp1;HDD_Home status;CRITICAL;notify-service-by-email;DISK CRITICAL - free space: /home 19004 MB (8% inode=99%):
[1548490037] SERVICE NOTIFICATION: nagiosadmin;pservercluster2;HDD_Root status;WARNING;notify-service-by-email;DISK WARNING - free space: / 8078 MB (15% inode=98%):
[1548490071] SERVICE NOTIFICATION: nagiosadmin;db1;HDD_Root status;WARNING;notify-service-by-email;DISK WARNING - free space: / 6585 MB (12% inode=99%):
[1548490098] SERVICE NOTIFICATION: nagiosadmin;smscapp2;CPU_Procs;CRITICAL;notify-service-by-email;CPU CRITICAL: 1 crit, 4 warn out of 333 processes
[1548490324] SERVICE NOTIFICATION: nagiosadmin;qservercluster1;CPU_Procs;CRITICAL;notify-service-by-email;CPU CRITICAL: 1 crit, 0 warn out of 298 processes
[1548490557] SERVICE NOTIFICATION: nagiosadmin;sigqscluster1;CPU_Procs;CRITICAL;notify-service-by-email;CPU CRITICAL: 1 crit, 0 warn out of 337 processes
[1548490810] SERVICE NOTIFICATION: nagiosadmin;sigqscluster2;CPU_Procs;CRITICAL;notify-service-by-email;CPU CRITICAL: 1 crit, 0 warn out of 336 processes
[1548491149] SERVICE NOTIFICATION: nagiosadmin;smscapp1;CPU_Procs;CRITICAL;notify-service-by-email;CPU CRITICAL: 1 crit, 0 warn out of 305 processes
[1548491211] SERVICE NOTIFICATION: nagiosadmin;db2;HDD_Root status;WARNING;notify-service-by-email;DISK WARNING - free space: / 9496 MB (18% inode=98%):
[1548491286] SERVICE NOTIFICATION: nagiosadmin;qservercluster2;CPU_Procs;CRITICAL;notify-service-by-email;CPU CRITICAL: 1 crit, 0 warn out of 303 processes
[1548491596] SERVICE NOTIFICATION: nagiosadmin;webservercluster2;Current Users;OK;notify-service-by-email;USERS OK - 5 users currently logged in
[1548491596] SERVICE ALERT: webservercluster2;Current Users;OK;HARD;1;USERS OK - 5 users currently logged in
[1548491724] SERVICE NOTIFICATION: nagiosadmin;pservercluster2;Memory;CRITICAL;notify-service-by-email;CRITICAL - 0.8% (203476 kB) free!
[1548491954] SERVICE ALERT: webservercluster2;Memory;WARNING;SOFT;1;WARNING - 20.0% (3244804 kB) free!
[1548492074] SERVICE ALERT: webservercluster2;Memory;WARNING;SOFT;2;WARNING - 19.7% (3204788 kB) free!
[1548492114] SERVICE FLAPPING ALERT: db1;CPU_Procs;STOPPED; Service appears to have stopped flapping (3.9% change < 5.0% threshold)
[1548492194] SERVICE NOTIFICATION: nagiosadmin;webservercluster2;Memory;WARNING;notify-service-by-email;WARNING - 19.5% (3161796 kB) free!
[1548492194] SERVICE ALERT: webservercluster2;Memory;WARNING;HARD;3;WARNING - 19.5% (3161796 kB) free!
[1548492494] SERVICE NOTIFICATION: nagiosadmin;pservercluster2;CPU_Procs;CRITICAL;notify-service-by-email;CPU CRITICAL: 1 crit, 3 warn out of 342 processes
[1548492539] Auto-save of retention data completed successfully.
[1548492796] SERVICE ALERT: webservercluster2;Current Users;WARNING;SOFT;1;USERS WARNING - 7 users currently logged in
[1548492916] SERVICE ALERT: webservercluster2;Current Users;WARNING;SOFT;2;USERS WARNING - 7 users currently logged in
[1548493012] SERVICE NOTIFICATION: nagiosadmin;smscapp1;Memory;CRITICAL;notify-service-by-email;CRITICAL - 1.1% (184928 kB) free!
[1548493036] SERVICE FLAPPING ALERT: webservercluster2;Current Users;STARTED; Service appears to have started flapping (22.0% change >= 20.0% threshold)
[1548493036] SERVICE ALERT: webservercluster2;Current Users;WARNING;HARD;3;USERS WARNING - 7 users currently logged in
[1548493271] SERVICE NOTIFICATION: nagiosadmin;smscapp1;HDD_Home status;CRITICAL;notify-service-by-email;DISK CRITICAL - free space: /home 19004 MB (8% inode=99%):
[1548493637] SERVICE NOTIFICATION: nagiosadmin;pservercluster2;HDD_Root status;WARNING;notify-service-by-email;DISK WARNING - free space: / 8078 MB (15% inode=98%):
[1548493671] SERVICE NOTIFICATION: nagiosadmin;db1;HDD_Root status;WARNING;notify-service-by-email;DISK WARNING - free space: / 6585 MB (12% inode=99%):
[1548493699] SERVICE NOTIFICATION: nagiosadmin;smscapp2;CPU_Procs;CRITICAL;notify-service-by-email;CPU CRITICAL: 1 crit, 4 warn out of 332 processes
[1548493924] SERVICE NOTIFICATION: nagiosadmin;qservercluster1;CPU_Procs;CRITICAL;notify-service-by-email;CPU CRITICAL: 1 crit, 0 warn out of 298 processes
[1548494157] SERVICE NOTIFICATION: nagiosadmin;sigqscluster1;CPU_Procs;CRITICAL;notify-service-by-email;CPU CRITICAL: 1 crit, 0 warn out of 337 processes
[1548494410] SERVICE NOTIFICATION: nagiosadmin;sigqscluster2;CPU_Procs;CRITICAL;notify-service-by-email;CPU CRITICAL: 1 crit, 0 warn out of 333 processes
[1548494749] SERVICE NOTIFICATION: nagiosadmin;smscapp1;CPU_Procs;CRITICAL;notify-service-by-email;CPU CRITICAL: 1 crit, 0 warn out of 306 processes
[1548494886] SERVICE NOTIFICATION: nagiosadmin;qservercluster2;CPU_Procs;CRITICAL;notify-service-by-email;CPU CRITICAL: 1 crit, 0 warn out of 306 processes
[1548495324] SERVICE NOTIFICATION: nagiosadmin;pservercluster2;Memory;CRITICAL;notify-service-by-email;CRITICAL - 0.8% (202768 kB) free!
[1548495410] SERVICE NOTIFICATION: nagiosadmin;db2;HDD_Root status;WARNING;notify-service-by-email;DISK WARNING - free space: / 9496 MB (18% inode=98%):
[1548495478] SERVICE ALERT: webserver2;CPU_Procs;WARNING;SOFT;1;CPU WARNING: 1 warn out of 432 processes
[1548495538] SERVICE ALERT: webserver2;CPU_Procs;OK;HARD;1;CPU OK: 433 processes
[1548495794] SERVICE NOTIFICATION: nagiosadmin;webservercluster2;Memory;WARNING;notify-service-by-email;WARNING - 11.5% (1869452 kB) free!
[1548496094] SERVICE NOTIFICATION: nagiosadmin;pservercluster2;CPU_Procs;CRITICAL;notify-service-by-email;CPU CRITICAL: 1 crit, 3 warn out of 344 processes
[1548496139] Auto-save of retention data completed successfully.
[1548496289] SERVICE ALERT: webservercluster2;CPU_Procs;WARNING;SOFT;1;CPU WARNING: 1 warn out of 315 processes
[1548496394] SERVICE NOTIFICATION: nagiosadmin;webservercluster2;Memory;CRITICAL;notify-service-by-email;CRITICAL - 8.4% (1363888 kB) free!
[1548496394] SERVICE ALERT: webservercluster2;Memory;CRITICAL;HARD;3;CRITICAL - 8.4% (1363888 kB) free!
[1548496409] SERVICE ALERT: webservercluster2;CPU_Procs;OK;HARD;1;CPU OK: 314 processes
[1548496612] SERVICE NOTIFICATION: nagiosadmin;smscapp1;Memory;CRITICAL;notify-service-by-email;CRITICAL - 1.1% (183404 kB) free!
[1548496871] SERVICE NOTIFICATION: nagiosadmin;smscapp1;HDD_Home status;CRITICAL;notify-service-by-email;DISK CRITICAL - free space: /home 19004 MB (8% inode=99%):
[1548497009] SERVICE ALERT: webservercluster2;CPU_Procs;CRITICAL;SOFT;1;CPU CRITICAL: 1 crit, 0 warn out of 315 processes
[1548497130] SERVICE ALERT: webservercluster2;CPU_Procs;CRITICAL;SOFT;2;CPU CRITICAL: 1 crit, 0 warn out of 314 processes
[1548497237] SERVICE NOTIFICATION: nagiosadmin;pservercluster2;HDD_Root status;WARNING;notify-service-by-email;DISK WARNING - free space: / 8078 MB (15% inode=98%):
[1548497250] SERVICE ALERT: webservercluster2;CPU_Procs;OK;HARD;1;CPU OK: 313 processes
[1548497271] SERVICE NOTIFICATION: nagiosadmin;db1;HDD_Root status;WARNING;notify-service-by-email;DISK WARNING - free space: / 6585 MB (12% inode=99%):
[1548497524] SERVICE NOTIFICATION: nagiosadmin;qservercluster1;CPU_Procs;CRITICAL;notify-service-by-email;CPU CRITICAL: 1 crit, 0 warn out of 301 processes
[1548497757] SERVICE NOTIFICATION: nagiosadmin;sigqscluster1;CPU_Procs;CRITICAL;notify-service-by-email;CPU CRITICAL: 1 crit, 0 warn out of 337 processes
[1548497898] SERVICE NOTIFICATION: nagiosadmin;smscapp2;CPU_Procs;CRITICAL;notify-service-by-email;CPU CRITICAL: 1 crit, 4 warn out of 332 processes
[1548498010] SERVICE NOTIFICATION: nagiosadmin;sigqscluster2;CPU_Procs;CRITICAL;notify-service-by-email;CPU CRITICAL: 1 crit, 0 warn out of 335 processes
[1548498350] SERVICE NOTIFICATION: nagiosadmin;smscapp1;CPU_Procs;CRITICAL;notify-service-by-email;CPU CRITICAL: 1 crit, 0 warn out of 306 processes
[1548498486] SERVICE NOTIFICATION: nagiosadmin;qservercluster2;CPU_Procs;CRITICAL;notify-service-by-email;CPU CRITICAL: 1 crit, 0 warn out of 304 processes
[1548498924] SERVICE NOTIFICATION: nagiosadmin;pservercluster2;Memory;CRITICAL;notify-service-by-email;CRITICAL - 0.8% (207132 kB) free!
[1548499010] SERVICE NOTIFICATION: nagiosadmin;db2;HDD_Root status;WARNING;notify-service-by-email;DISK WARNING - free space: / 9496 MB (18% inode=98%):
[1548499694] SERVICE NOTIFICATION: nagiosadmin;pservercluster2;CPU_Procs;CRITICAL;notify-service-by-email;CPU CRITICAL: 1 crit, 3 warn out of 342 processes
[1548499739] Auto-save of retention data completed successfully.
[1548499994] SERVICE NOTIFICATION: nagiosadmin;webservercluster2;Memory;CRITICAL;notify-service-by-email;CRITICAL - 1.1% (175548 kB) free!
[1548500212] SERVICE NOTIFICATION: nagiosadmin;smscapp1;Memory;CRITICAL;notify-service-by-email;CRITICAL - 1.1% (186340 kB) free!
[1548500236] SERVICE ALERT: webservercluster2;Current Users;OK;HARD;1;USERS OK - 5 users currently logged in
[1548500471] SERVICE NOTIFICATION: nagiosadmin;smscapp1;HDD_Home status;CRITICAL;notify-service-by-email;DISK CRITICAL - free space: /home 19004 MB (8% inode=99%):
[1548500836] SERVICE ALERT: webservercluster2;Current Users;WARNING;SOFT;1;USERS WARNING - 6 users currently logged in
[1548500837] SERVICE NOTIFICATION: nagiosadmin;pservercluster2;HDD_Root status;WARNING;notify-service-by-email;DISK WARNING - free space: / 8078 MB (15% inode=98%):
[1548500871] SERVICE NOTIFICATION: nagiosadmin;db1;HDD_Root status;WARNING;notify-service-by-email;DISK WARNING - free space: / 6585 MB (12% inode=99%):
[1548500956] SERVICE ALERT: webservercluster2;Current Users;WARNING;SOFT;2;USERS WARNING - 6 users currently logged in
[1548501076] SERVICE ALERT: webservercluster2;Current Users;WARNING;HARD;3;USERS WARNING - 7 users currently logged in
[1548501124] SERVICE NOTIFICATION: nagiosadmin;qservercluster1;CPU_Procs;CRITICAL;notify-service-by-email;CPU CRITICAL: 1 crit, 0 warn out of 298 processes
[1548501358] SERVICE NOTIFICATION: nagiosadmin;sigqscluster1;CPU_Procs;CRITICAL;notify-service-by-email;CPU CRITICAL: 1 crit, 0 warn out of 337 processes
[1548501450] SERVICE ALERT: webservercluster2;CPU_Procs;CRITICAL;SOFT;1;CPU CRITICAL: 1 crit, 0 warn out of 309 processes
[1548501498] SERVICE NOTIFICATION: nagiosadmin;smscapp2;CPU_Procs;CRITICAL;notify-service-by-email;CPU CRITICAL: 1 crit, 4 warn out of 332 processes
[1548501570] SERVICE ALERT: webservercluster2;CPU_Procs;OK;HARD;1;CPU OK: 305 processes
[1548501610] SERVICE NOTIFICATION: nagiosadmin;sigqscluster2;CPU_Procs;CRITICAL;notify-service-by-email;CPU CRITICAL: 1 crit, 0 warn out of 335 processes
[1548501794] SERVICE NOTIFICATION: nagiosadmin;webservercluster2;Memory;OK;notify-service-by-email;OK - 26.8% (4359556 kB) free.
[1548501794] SERVICE ALERT: webservercluster2;Memory;OK;HARD;1;OK - 26.8% (4359556 kB) free.
[1548502086] SERVICE NOTIFICATION: nagiosadmin;qservercluster2;CPU_Procs;CRITICAL;notify-service-by-email;CPU CRITICAL: 1 crit, 0 warn out of 305 processes
[1548502171] SERVICE ALERT: webservercluster2;CPU_Procs;CRITICAL;SOFT;1;CPU CRITICAL: 1 crit, 0 warn out of 320 processes
[1548502291] SERVICE ALERT: webservercluster2;CPU_Procs;OK;HARD;1;CPU OK: 318 processes
[1548502394] SERVICE ALERT: webservercluster2;Memory;WARNING;SOFT;1;WARNING - 11.4% (1845712 kB) free!
[1548502514] SERVICE ALERT: webservercluster2;Memory;CRITICAL;SOFT;2;CRITICAL - 9.6% (1560640 kB) free!
[1548502524] SERVICE NOTIFICATION: nagiosadmin;pservercluster2;Memory;CRITICAL;notify-service-by-email;CRITICAL - 0.9% (208832 kB) free!
[1548502549] SERVICE NOTIFICATION: nagiosadmin;smscapp1;CPU_Procs;CRITICAL;notify-service-by-email;CPU CRITICAL: 1 crit, 0 warn out of 305 processes
[1548502610] SERVICE NOTIFICATION: nagiosadmin;db2;HDD_Root status;WARNING;notify-service-by-email;DISK WARNING - free space: / 9496 MB (18% inode=98%):
[1548502634] SERVICE FLAPPING ALERT: webservercluster2;Memory;STARTED; Service appears to have started flapping (21.3% change >= 20.0% threshold)
[1548502634] SERVICE ALERT: webservercluster2;Memory;CRITICAL;HARD;3;CRITICAL - 9.5% (1545160 kB) free!
[1548503295] SERVICE NOTIFICATION: nagiosadmin;pservercluster2;CPU_Procs;CRITICAL;notify-service-by-email;CPU CRITICAL: 1 crit, 3 warn out of 342 processes
[1548503339] Auto-save of retention data completed successfully.
[1548503812] SERVICE NOTIFICATION: nagiosadmin;smscapp1;Memory;CRITICAL;notify-service-by-email;CRITICAL - 1.1% (176144 kB) free!
[1548504071] SERVICE NOTIFICATION: nagiosadmin;smscapp1;HDD_Home status;CRITICAL;notify-service-by-email;DISK CRITICAL - free space: /home 19004 MB (8% inode=99%):
[1548504437] SERVICE NOTIFICATION: nagiosadmin;pservercluster2;HDD_Root status;WARNING;notify-service-by-email;DISK WARNING - free space: / 8078 MB (15% inode=98%):
[1548504471] SERVICE NOTIFICATION: nagiosadmin;db1;HDD_Root status;WARNING;notify-service-by-email;DISK WARNING - free space: / 6585 MB (12% inode=99%):
[1548504691] SERVICE ALERT: webservercluster2;CPU_Procs;CRITICAL;SOFT;1;CPU CRITICAL: 1 crit, 0 warn out of 318 processes
[1548504724] SERVICE NOTIFICATION: nagiosadmin;qservercluster1;CPU_Procs;CRITICAL;notify-service-by-email;CPU CRITICAL: 1 crit, 0 warn out of 296 processes
[1548504811] SERVICE ALERT: webservercluster2;CPU_Procs;CRITICAL;SOFT;2;CPU CRITICAL: 1 crit, 0 warn out of 317 processes
[1548504931] SERVICE NOTIFICATION: nagiosadmin;webservercluster2;CPU_Procs;CRITICAL;notify-service-by-email;CPU CRITICAL: 1 crit, 0 warn out of 315 processes
[1548504931] SERVICE ALERT: webservercluster2;CPU_Procs;CRITICAL;HARD;3;CPU CRITICAL: 1 crit, 0 warn out of 315 processes
[1548505034] SERVICE ALERT: webservercluster2;Memory;OK;HARD;1;OK - 32.7% (5320748 kB) free.
[1548505098] SERVICE NOTIFICATION: nagiosadmin;smscapp2;CPU_Procs;CRITICAL;notify-service-by-email;CPU CRITICAL: 1 crit, 4 warn out of 333 processes
[1548505210] SERVICE NOTIFICATION: nagiosadmin;sigqscluster2;CPU_Procs;CRITICAL;notify-service-by-email;CPU CRITICAL: 1 crit, 0 warn out of 335 processes
[1548505557] SERVICE NOTIFICATION: nagiosadmin;sigqscluster1;CPU_Procs;CRITICAL;notify-service-by-email;CPU CRITICAL: 1 crit, 0 warn out of 339 processes
[1548505686] SERVICE NOTIFICATION: nagiosadmin;qservercluster2;CPU_Procs;CRITICAL;notify-service-by-email;CPU CRITICAL: 1 crit, 0 warn out of 305 processes
[1548506124] SERVICE NOTIFICATION: nagiosadmin;pservercluster2;Memory;CRITICAL;notify-service-by-email;CRITICAL - 0.8% (205656 kB) free!
[1548506132] SERVICE NOTIFICATION: nagiosadmin;webservercluster2;CPU_Procs;OK;notify-service-by-email;CPU OK: 314 processes
[1548506132] SERVICE ALERT: webservercluster2;CPU_Procs;OK;HARD;1;CPU OK: 314 processes
[1548506149] SERVICE NOTIFICATION: nagiosadmin;smscapp1;CPU_Procs;CRITICAL;notify-service-by-email;CPU CRITICAL: 1 crit, 0 warn out of 306 processes
[1548506210] SERVICE NOTIFICATION: nagiosadmin;db2;HDD_Root status;WARNING;notify-service-by-email;DISK WARNING - free space: / 9495 MB (18% inode=98%):
[1548506939] Auto-save of retention data completed successfully.
[1548507412] SERVICE NOTIFICATION: nagiosadmin;smscapp1;Memory;CRITICAL;notify-service-by-email;CRITICAL - 1.1% (176528 kB) free!
[1548507494] SERVICE NOTIFICATION: nagiosadmin;pservercluster2;CPU_Procs;CRITICAL;notify-service-by-email;CPU CRITICAL: 1 crit, 3 warn out of 344 processes
[1548507671] SERVICE NOTIFICATION: nagiosadmin;smscapp1;HDD_Home status;CRITICAL;notify-service-by-email;DISK CRITICAL - free space: /home 19004 MB (8% inode=99%):
[1548508037] SERVICE NOTIFICATION: nagiosadmin;pservercluster2;HDD_Root status;WARNING;notify-service-by-email;DISK WARNING - free space: / 8077 MB (15% inode=98%):
[1548508071] SERVICE NOTIFICATION: nagiosadmin;db1;HDD_Root status;WARNING;notify-service-by-email;DISK WARNING - free space: / 6584 MB (12% inode=99%):
[1548508325] SERVICE NOTIFICATION: nagiosadmin;qservercluster1;CPU_Procs;CRITICAL;notify-service-by-email;CPU CRITICAL: 1 crit, 0 warn out of 297 processes
[1548508698] SERVICE NOTIFICATION: nagiosadmin;smscapp2;CPU_Procs;CRITICAL;notify-service-by-email;CPU CRITICAL: 1 crit, 4 warn out of 333 processes
[1548508811] SERVICE NOTIFICATION: nagiosadmin;sigqscluster2;CPU_Procs;CRITICAL;notify-service-by-email;CPU CRITICAL: 1 crit, 0 warn out of 335 processes
[1548509157] SERVICE NOTIFICATION: nagiosadmin;sigqscluster1;CPU_Procs;CRITICAL;notify-service-by-email;CPU CRITICAL: 1 crit, 0 warn out of 336 processes
[1548509286] SERVICE NOTIFICATION: nagiosadmin;qservercluster2;CPU_Procs;CRITICAL;notify-service-by-email;CPU CRITICAL: 1 crit, 0 warn out of 304 processes
[1548509724] SERVICE NOTIFICATION: nagiosadmin;pservercluster2;Memory;CRITICAL;notify-service-by-email;CRITICAL - 0.8% (204540 kB) free!
[1548509732] SERVICE ALERT: webservercluster2;CPU_Procs;WARNING;SOFT;1;CPU WARNING: 1 warn out of 311 processes
[1548509749] SERVICE NOTIFICATION: nagiosadmin;smscapp1;CPU_Procs;CRITICAL;notify-service-by-email;CPU CRITICAL: 1 crit, 0 warn out of 305 processes
[1548509810] SERVICE NOTIFICATION: nagiosadmin;db2;HDD_Root status;WARNING;notify-service-by-email;DISK WARNING - free space: / 9496 MB (18% inode=98%):
[1548509852] SERVICE ALERT: webservercluster2;CPU_Procs;WARNING;SOFT;2;CPU WARNING: 1 warn out of 312 processes
[1548509972] SERVICE NOTIFICATION: nagiosadmin;webservercluster2;CPU_Procs;WARNING;notify-service-by-email;CPU WARNING: 1 warn out of 312 processes
[1548509972] SERVICE ALERT: webservercluster2;CPU_Procs;WARNING;HARD;3;CPU WARNING: 1 warn out of 312 processes
[1548510539] Auto-save of retention data completed successfully.
[1548511012] SERVICE NOTIFICATION: nagiosadmin;smscapp1;Memory;CRITICAL;notify-service-by-email;CRITICAL - 1.1% (175032 kB) free!
[1548511094] SERVICE NOTIFICATION: nagiosadmin;pservercluster2;CPU_Procs;CRITICAL;notify-service-by-email;CPU CRITICAL: 1 crit, 3 warn out of 344 processes
[1548511271] SERVICE NOTIFICATION: nagiosadmin;smscapp1;HDD_Home status;CRITICAL;notify-service-by-email;DISK CRITICAL - free space: /home 19004 MB (8% inode=99%):
[1548511637] SERVICE NOTIFICATION: nagiosadmin;pservercluster2;HDD_Root status;WARNING;notify-service-by-email;DISK WARNING - free space: / 8077 MB (15% inode=98%):
[1548511671] SERVICE NOTIFICATION: nagiosadmin;db1;HDD_Root status;WARNING;notify-service-by-email;DISK WARNING - free space: / 6584 MB (12% inode=99%):
[1548512298] SERVICE NOTIFICATION: nagiosadmin;smscapp2;CPU_Procs;CRITICAL;notify-service-by-email;CPU CRITICAL: 1 crit, 4 warn out of 333 processes
[1548512476] SERVICE FLAPPING ALERT: webservercluster2;Current Users;STOPPED; Service appears to have stopped flapping (3.8% change < 5.0% threshold)
[1548512476] SERVICE NOTIFICATION: nagiosadmin;webservercluster2;Current Users;WARNING;notify-service-by-email;USERS WARNING - 8 users currently logged in
[1548512524] SERVICE NOTIFICATION: nagiosadmin;qservercluster1;CPU_Procs;CRITICAL;notify-service-by-email;CPU CRITICAL: 1 crit, 0 warn out of 295 processes
[1548512758] SERVICE NOTIFICATION: nagiosadmin;sigqscluster1;CPU_Procs;CRITICAL;notify-service-by-email;CPU CRITICAL: 1 crit, 0 warn out of 336 processes
[1548512886] SERVICE NOTIFICATION: nagiosadmin;qservercluster2;CPU_Procs;CRITICAL;notify-service-by-email;CPU CRITICAL: 1 crit, 0 warn out of 306 processes
[1548513010] SERVICE NOTIFICATION: nagiosadmin;sigqscluster2;CPU_Procs;CRITICAL;notify-service-by-email;CPU CRITICAL: 1 crit, 0 warn out of 336 processes
[1548513324] SERVICE NOTIFICATION: nagiosadmin;pservercluster2;Memory;CRITICAL;notify-service-by-email;CRITICAL - 0.8% (202572 kB) free!
[1548513349] SERVICE NOTIFICATION: nagiosadmin;smscapp1;CPU_Procs;CRITICAL;notify-service-by-email;CPU CRITICAL: 1 crit, 0 warn out of 305 processes
[1548513410] SERVICE NOTIFICATION: nagiosadmin;db2;HDD_Root status;WARNING;notify-service-by-email;DISK WARNING - free space: / 9496 MB (18% inode=98%):
[1548513572] SERVICE NOTIFICATION: nagiosadmin;webservercluster2;CPU_Procs;WARNING;notify-service-by-email;CPU WARNING: 1 warn out of 311 processes
[1548514139] Auto-save of retention data completed successfully.
[1548514612] SERVICE NOTIFICATION: nagiosadmin;smscapp1;Memory;CRITICAL;notify-service-by-email;CRITICAL - 1.1% (175992 kB) free!
[1548514635] SERVICE FLAPPING ALERT: webservercluster2;Memory;STOPPED; Service appears to have stopped flapping (4.1% change < 5.0% threshold)
[1548514635] SERVICE NOTIFICATION: nagiosadmin;webservercluster2;Memory;OK;notify-service-by-email;OK - 25.4% (4126496 kB) free.
[1548514694] SERVICE NOTIFICATION: nagiosadmin;pservercluster2;CPU_Procs;CRITICAL;notify-service-by-email;CPU CRITICAL: 1 crit, 3 warn out of 344 processes
[1548514871] SERVICE NOTIFICATION: nagiosadmin;smscapp1;HDD_Home status;CRITICAL;notify-service-by-email;DISK CRITICAL - free space: /home 19004 MB (8% inode=99%):
[1548515237] SERVICE NOTIFICATION: nagiosadmin;pservercluster2;HDD_Root status;WARNING;notify-service-by-email;DISK WARNING - free space: / 8078 MB (15% inode=98%):
[1548515271] SERVICE NOTIFICATION: nagiosadmin;db1;HDD_Root status;WARNING;notify-service-by-email;DISK WARNING - free space: / 6584 MB (12% inode=99%):
[1548515899] SERVICE NOTIFICATION: nagiosadmin;smscapp2;CPU_Procs;CRITICAL;notify-service-by-email;CPU CRITICAL: 1 crit, 4 warn out of 333 processes
[1548516076] SERVICE NOTIFICATION: nagiosadmin;webservercluster2;Current Users;WARNING;notify-service-by-email;USERS WARNING - 8 users currently logged in
[1548516124] SERVICE NOTIFICATION: nagiosadmin;qservercluster1;CPU_Procs;CRITICAL;notify-service-by-email;CPU CRITICAL: 1 crit, 0 warn out of 296 processes
[1548516486] SERVICE NOTIFICATION: nagiosadmin;qservercluster2;CPU_Procs;CRITICAL;notify-service-by-email;CPU CRITICAL: 1 crit, 0 warn out of 305 processes
[1548516610] SERVICE NOTIFICATION: nagiosadmin;sigqscluster2;CPU_Procs;CRITICAL;notify-service-by-email;CPU CRITICAL: 1 crit, 0 warn out of 337 processes
[1548516924] SERVICE NOTIFICATION: nagiosadmin;pservercluster2;Memory;CRITICAL;notify-service-by-email;CRITICAL - 0.8% (201496 kB) free!
[1548516949] SERVICE NOTIFICATION: nagiosadmin;smscapp1;CPU_Procs;CRITICAL;notify-service-by-email;CPU CRITICAL: 1 crit, 0 warn out of 305 processes
[1548516957] SERVICE NOTIFICATION: nagiosadmin;sigqscluster1;CPU_Procs;CRITICAL;notify-service-by-email;CPU CRITICAL: 1 crit, 0 warn out of 335 processes
[1548517010] SERVICE NOTIFICATION: nagiosadmin;db2;HDD_Root status;WARNING;notify-service-by-email;DISK WARNING - free space: / 9495 MB (18% inode=98%):
[1548517172] SERVICE NOTIFICATION: nagiosadmin;webservercluster2;CPU_Procs;WARNING;notify-service-by-email;CPU WARNING: 1 warn out of 313 processes
[1548517739] Auto-save of retention data completed successfully.
[1548518212] SERVICE NOTIFICATION: nagiosadmin;smscapp1;Memory;CRITICAL;notify-service-by-email;CRITICAL - 1.1% (174732 kB) free!
[1548518294] SERVICE NOTIFICATION: nagiosadmin;pservercluster2;CPU_Procs;CRITICAL;notify-service-by-email;CPU CRITICAL: 1 crit, 3 warn out of 345 processes
[1548518471] SERVICE NOTIFICATION: nagiosadmin;smscapp1;HDD_Home status;CRITICAL;notify-service-by-email;DISK CRITICAL - free space: /home 19004 MB (8% inode=99%):
[1548518837] SERVICE NOTIFICATION: nagiosadmin;pservercluster2;HDD_Root status;WARNING;notify-service-by-email;DISK WARNING - free space: / 8078 MB (15% inode=98%):
[1548518871] SERVICE NOTIFICATION: nagiosadmin;db1;HDD_Root status;WARNING;notify-service-by-email;DISK WARNING - free space: / 6584 MB (12% inode=99%):
[1548519434] SERVICE ALERT: webservercluster2;Memory;WARNING;SOFT;1;WARNING - 19.7% (3205364 kB) free!
[1548519554] SERVICE ALERT: webservercluster2;Memory;WARNING;SOFT;2;WARNING - 19.6% (3186008 kB) free!
[1548519572] SERVICE NOTIFICATION: nagiosadmin;webservercluster2;CPU_Procs;OK;notify-service-by-email;CPU OK: 311 processes
[1548519572] SERVICE ALERT: webservercluster2;CPU_Procs;OK;HARD;1;CPU OK: 311 processes
[1548519674] SERVICE NOTIFICATION: nagiosadmin;webservercluster2;Memory;WARNING;notify-service-by-email;WARNING - 19.5% (3166304 kB) free!
[1548519674] SERVICE ALERT: webservercluster2;Memory;WARNING;HARD;3;WARNING - 19.5% (3166304 kB) free!
[1548519676] SERVICE NOTIFICATION: nagiosadmin;webservercluster2;Current Users;WARNING;notify-service-by-email;USERS WARNING - 7 users currently logged in
[1548519724] SERVICE NOTIFICATION: nagiosadmin;qservercluster1;CPU_Procs;CRITICAL;notify-service-by-email;CPU CRITICAL: 1 crit, 0 warn out of 300 processes
[1548520086] SERVICE NOTIFICATION: nagiosadmin;qservercluster2;CPU_Procs;CRITICAL;notify-service-by-email;CPU CRITICAL: 1 crit, 0 warn out of 304 processes
[1548520098] SERVICE NOTIFICATION: nagiosadmin;smscapp2;CPU_Procs;CRITICAL;notify-service-by-email;CPU CRITICAL: 1 crit, 4 warn out of 336 processes
[1548520210] SERVICE NOTIFICATION: nagiosadmin;sigqscluster2;CPU_Procs;CRITICAL;notify-service-by-email;CPU CRITICAL: 1 crit, 0 warn out of 337 processes
[1548520276] SERVICE NOTIFICATION: nagiosadmin;webservercluster2;Current Users;OK;notify-service-by-email;USERS OK - 5 users currently logged in
[1548520276] SERVICE ALERT: webservercluster2;Current Users;OK;HARD;1;USERS OK - 5 users currently logged in
[1548520524] SERVICE NOTIFICATION: nagiosadmin;pservercluster2;Memory;CRITICAL;notify-service-by-email;CRITICAL - 0.8% (199704 kB) free!
[1548520550] SERVICE NOTIFICATION: nagiosadmin;smscapp1;CPU_Procs;CRITICAL;notify-service-by-email;CPU CRITICAL: 1 crit, 0 warn out of 305 processes
[1548520557] SERVICE NOTIFICATION: nagiosadmin;sigqscluster1;CPU_Procs;CRITICAL;notify-service-by-email;CPU CRITICAL: 1 crit, 0 warn out of 335 processes
[1548520610] SERVICE NOTIFICATION: nagiosadmin;db2;HDD_Root status;WARNING;notify-service-by-email;DISK WARNING - free space: / 9495 MB (18% inode=98%):
[1548521339] Auto-save of retention data completed successfully.
[1548521812] SERVICE NOTIFICATION: nagiosadmin;smscapp1;Memory;CRITICAL;notify-service-by-email;CRITICAL - 1.1% (172220 kB) free!
[1548521894] SERVICE NOTIFICATION: nagiosadmin;pservercluster2;CPU_Procs;CRITICAL;notify-service-by-email;CPU CRITICAL: 1 crit, 3 warn out of 344 processes
[1548522071] SERVICE NOTIFICATION: nagiosadmin;smscapp1;HDD_Home status;CRITICAL;notify-service-by-email;DISK CRITICAL - free space: /home 19004 MB (8% inode=99%):
[1548522437] SERVICE NOTIFICATION: nagiosadmin;pservercluster2;HDD_Root status;WARNING;notify-service-by-email;DISK WARNING - free space: / 8078 MB (15% inode=98%):
[1548522472] SERVICE NOTIFICATION: nagiosadmin;db1;HDD_Root status;WARNING;notify-service-by-email;DISK WARNING - free space: / 6584 MB (12% inode=99%):
[1548523274] SERVICE NOTIFICATION: nagiosadmin;webservercluster2;Memory;WARNING;notify-service-by-email;WARNING - 15.5% (2526984 kB) free!
[1548523324] SERVICE NOTIFICATION: nagiosadmin;qservercluster1;CPU_Procs;CRITICAL;notify-service-by-email;CPU CRITICAL: 1 crit, 0 warn out of 296 processes
[1548523413] SERVICE ALERT: qservercluster1;CPU Load;WARNING;SOFT;1;WARNING - load average: 11.13, 11.54, 10.55
[1548523533] SERVICE ALERT: qservercluster1;CPU Load;WARNING;SOFT;2;WARNING - load average: 12.18, 11.80, 10.76
[1548523653] SERVICE NOTIFICATION: nagiosadmin;qservercluster1;CPU Load;WARNING;notify-service-by-email;WARNING - load average: 11.67, 11.72, 10.86
[1548523653] SERVICE ALERT: qservercluster1;CPU Load;WARNING;HARD;3;WARNING - load average: 11.67, 11.72, 10.86
[1548523686] SERVICE NOTIFICATION: nagiosadmin;qservercluster2;CPU_Procs;CRITICAL;notify-service-by-email;CPU CRITICAL: 1 crit, 0 warn out of 306 processes
[1548523698] SERVICE NOTIFICATION: nagiosadmin;smscapp2;CPU_Procs;CRITICAL;notify-service-by-email;CPU CRITICAL: 1 crit, 4 warn out of 335 processes
[1548523810] SERVICE NOTIFICATION: nagiosadmin;sigqscluster2;CPU_Procs;CRITICAL;notify-service-by-email;CPU CRITICAL: 1 crit, 0 warn out of 337 processes
[1548524124] SERVICE NOTIFICATION: nagiosadmin;pservercluster2;Memory;CRITICAL;notify-service-by-email;CRITICAL - 0.8% (199992 kB) free!
[1548524158] SERVICE NOTIFICATION: nagiosadmin;sigqscluster1;CPU_Procs;CRITICAL;notify-service-by-email;CPU CRITICAL: 1 crit, 0 warn out of 336 processes
[1548524210] SERVICE NOTIFICATION: nagiosadmin;db2;HDD_Root status;WARNING;notify-service-by-email;DISK WARNING - free space: / 9495 MB (18% inode=98%):
[1548524749] SERVICE NOTIFICATION: nagiosadmin;smscapp1;CPU_Procs;CRITICAL;notify-service-by-email;CPU CRITICAL: 1 crit, 0 warn out of 305 processes
[1548524853] SERVICE NOTIFICATION: nagiosadmin;qservercluster1;CPU Load;OK;notify-service-by-email;OK - load average: 9.99, 9.52, 9.88
[1548524853] SERVICE ALERT: qservercluster1;CPU Load;OK;HARD;1;OK - load average: 9.99, 9.52, 9.88
[1548524939] Auto-save of retention data completed successfully.
[1548525076] SERVICE ALERT: webservercluster2;Current Users;WARNING;SOFT;1;USERS WARNING - 8 users currently logged in
[1548525196] SERVICE ALERT: webservercluster2;Current Users;WARNING;SOFT;2;USERS WARNING - 8 users currently logged in
[1548525316] SERVICE NOTIFICATION: nagiosadmin;webservercluster2;Current Users;WARNING;notify-service-by-email;USERS WARNING - 8 users currently logged in
[1548525316] SERVICE ALERT: webservercluster2;Current Users;WARNING;HARD;3;USERS WARNING - 8 users currently logged in
[1548525413] SERVICE NOTIFICATION: nagiosadmin;smscapp1;Memory;CRITICAL;notify-service-by-email;CRITICAL - 1.1% (175804 kB) free!
[1548525494] SERVICE NOTIFICATION: nagiosadmin;pservercluster2;CPU_Procs;CRITICAL;notify-service-by-email;CPU CRITICAL: 1 crit, 3 warn out of 343 processes
[1548525672] SERVICE NOTIFICATION: nagiosadmin;smscapp1;HDD_Home status;CRITICAL;notify-service-by-email;DISK CRITICAL - free space: /home 19004 MB (8% inode=99%):
[1548526037] SERVICE NOTIFICATION: nagiosadmin;pservercluster2;HDD_Root status;WARNING;notify-service-by-email;DISK WARNING - free space: / 8078 MB (15% inode=98%):
[1548526516] SERVICE NOTIFICATION: nagiosadmin;webservercluster2;Current Users;OK;notify-service-by-email;USERS OK - 5 users currently logged in
[1548526516] SERVICE ALERT: webservercluster2;Current Users;OK;HARD;1;USERS OK - 5 users currently logged in
[1548526671] SERVICE NOTIFICATION: nagiosadmin;db1;HDD_Root status;WARNING;notify-service-by-email;DISK WARNING - free space: / 6584 MB (12% inode=99%):
[1548526874] SERVICE NOTIFICATION: nagiosadmin;webservercluster2;Memory;WARNING;notify-service-by-email;WARNING - 11.8% (1917720 kB) free!
[1548526924] SERVICE NOTIFICATION: nagiosadmin;qservercluster1;CPU_Procs;CRITICAL;notify-service-by-email;CPU CRITICAL: 1 crit, 0 warn out of 295 processes
[1548527286] SERVICE NOTIFICATION: nagiosadmin;qservercluster2;CPU_Procs;CRITICAL;notify-service-by-email;CPU CRITICAL: 1 crit, 0 warn out of 309 processes
[1548527298] SERVICE NOTIFICATION: nagiosadmin;smscapp2;CPU_Procs;CRITICAL;notify-service-by-email;CPU CRITICAL: 1 crit, 4 warn out of 336 processes
