[1549823400] LOG ROTATION: DAILY
[1549823400] LOG VERSION: 2.0
[1549823400] CURRENT HOST STATE: db1;UP;HARD;1;PING OK - Packet loss = 0%, RTA = 0.40 ms
[1549823400] CURRENT HOST STATE: db2;UP;HARD;1;PING OK - Packet loss = 0%, RTA = 0.39 ms
[1549823400] CURRENT HOST STATE: primary-server;UP;HARD;1;PING OK - Packet loss = 0%, RTA = 0.44 ms
[1549823400] CURRENT HOST STATE: pservercluster1;UP;HARD;1;PING OK - Packet loss = 0%, RTA = 0.45 ms
[1549823400] CURRENT HOST STATE: pservercluster2;UP;HARD;1;PING OK - Packet loss = 0%, RTA = 0.28 ms
[1549823400] CURRENT HOST STATE: qservercluster1;UP;HARD;1;PING OK - Packet loss = 0%, RTA = 0.28 ms
[1549823400] CURRENT HOST STATE: qservercluster2;UP;HARD;1;PING OK - Packet loss = 0%, RTA = 0.26 ms
[1549823400] CURRENT HOST STATE: secondary-server;UP;HARD;1;PING OK - Packet loss = 0%, RTA = 0.40 ms
[1549823400] CURRENT HOST STATE: sig1;UP;HARD;1;PING OK - Packet loss = 0%, RTA = 0.44 ms
[1549823400] CURRENT HOST STATE: sig2;UP;HARD;1;PING OK - Packet loss = 0%, RTA = 0.44 ms
[1549823400] CURRENT HOST STATE: sig3;UP;HARD;1;PING OK - Packet loss = 0%, RTA = 0.40 ms
[1549823400] CURRENT HOST STATE: sig4;UP;HARD;1;PING OK - Packet loss = 0%, RTA = 0.42 ms
[1549823400] CURRENT HOST STATE: sig5;UP;HARD;1;PING OK - Packet loss = 0%, RTA = 0.42 ms
[1549823400] CURRENT HOST STATE: sig6;UP;HARD;1;PING OK - Packet loss = 0%, RTA = 0.41 ms
[1549823400] CURRENT HOST STATE: sigqscluster1;UP;HARD;1;PING OK - Packet loss = 0%, RTA = 0.28 ms
[1549823400] CURRENT HOST STATE: sigqscluster2;UP;HARD;1;PING OK - Packet loss = 0%, RTA = 0.24 ms
[1549823400] CURRENT HOST STATE: smscapp1;UP;HARD;1;PING OK - Packet loss = 0%, RTA = 0.28 ms
[1549823400] CURRENT HOST STATE: smscapp2;UP;HARD;1;PING OK - Packet loss = 0%, RTA = 0.25 ms
[1549823400] CURRENT HOST STATE: sservercluster1;UP;HARD;1;PING OK - Packet loss = 0%, RTA = 0.43 ms
[1549823400] CURRENT HOST STATE: sservercluster2;UP;HARD;1;PING OK - Packet loss = 0%, RTA = 0.44 ms
[1549823400] CURRENT HOST STATE: webserver1;UP;HARD;1;PING OK - Packet loss = 0%, RTA = 0.41 ms
[1549823400] CURRENT HOST STATE: webserver2;UP;HARD;1;PING OK - Packet loss = 0%, RTA = 0.07 ms
[1549823400] CURRENT HOST STATE: webservercluster1;UP;HARD;1;PING OK - Packet loss = 0%, RTA = 0.46 ms
[1549823400] CURRENT HOST STATE: webservercluster2;UP;HARD;1;PING OK - Packet loss = 0%, RTA = 0.36 ms
[1549823400] CURRENT SERVICE STATE: db1;CPU Load;OK;HARD;1;OK - load average: 1.30, 1.43, 1.23
[1549823400] CURRENT SERVICE STATE: db1;CPU_Procs;OK;HARD;1;CPU OK: 331 processes
[1549823400] CURRENT SERVICE STATE: db1;Current Users;OK;HARD;1;USERS OK - 5 users currently logged in
[1549823400] CURRENT SERVICE STATE: db1;HDD_Home status;OK;HARD;1;DISK OK - free space: /home 68346 MB (32% inode=99%):
[1549823400] CURRENT SERVICE STATE: db1;HDD_Root status;OK;HARD;1;DISK OK - free space: / 46453 MB (90% inode=99%):
[1549823400] CURRENT SERVICE STATE: db1;LocalService-NTPD SERVICE;OK;HARD;1;PROCS OK: 1 process with command name 'ntpd'
[1549823400] CURRENT SERVICE STATE: db1;Mariadb status;OK;HARD;1;PROCS OK: 1 process with command name 'mysqld'
[1549823400] CURRENT SERVICE STATE: db1;Memory;OK;HARD;1;OK - 47.7% (23529804 kB) free.
[1549823400] CURRENT SERVICE STATE: db1;Sensors Status;OK;HARD;1;SENSORS OK
[1549823400] CURRENT SERVICE STATE: db1;Total Processes;OK;HARD;1;PROCS OK: 330 processes
[1549823400] CURRENT SERVICE STATE: db2;CPU Load;OK;HARD;1;OK - load average: 3.34, 2.86, 2.36
[1549823400] CURRENT SERVICE STATE: db2;CPU_Procs;OK;HARD;1;CPU OK: 342 processes
[1549823400] CURRENT SERVICE STATE: db2;Current Users;OK;HARD;1;USERS OK - 8 users currently logged in
[1549823400] CURRENT SERVICE STATE: db2;HDD_Home status;OK;HARD;1;DISK OK - free space: /home 69434 MB (30% inode=99%):
[1549823400] CURRENT SERVICE STATE: db2;HDD_Root status;OK;HARD;1;DISK OK - free space: / 44579 MB (87% inode=99%):
[1549823400] CURRENT SERVICE STATE: db2;LocalService-NTPD SERVICE;OK;HARD;1;PROCS OK: 1 process with command name 'ntpd'
[1549823400] CURRENT SERVICE STATE: db2;Mariadb status;OK;HARD;1;PROCS OK: 1 process with command name 'mysqld'
[1549823400] CURRENT SERVICE STATE: db2;Memory;OK;HARD;1;OK - 24.4% (12042540 kB) free.
[1549823400] CURRENT SERVICE STATE: db2;Sensors Status;OK;HARD;1;SENSORS OK
[1549823400] CURRENT SERVICE STATE: db2;Total Processes;OK;HARD;1;PROCS OK: 342 processes
[1549823400] CURRENT SERVICE STATE: primary-server;CPU Load;OK;HARD;1;OK - load average: 0.06, 0.51, 0.58
[1549823400] CURRENT SERVICE STATE: primary-server;CPU_Procs;OK;HARD;1;CPU OK: 344 processes
[1549823400] CURRENT SERVICE STATE: primary-server;Current Users;OK;HARD;1;USERS OK - 2 users currently logged in
[1549823400] CURRENT SERVICE STATE: primary-server;HDD_Home status;OK;HARD;1;DISK OK - free space: /home 224687 MB (99% inode=99%):
[1549823400] CURRENT SERVICE STATE: primary-server;HDD_Root status;OK;HARD;1;DISK OK - free space: / 41212 MB (80% inode=99%):
[1549823400] CURRENT SERVICE STATE: primary-server;LocalService-NTPD SERVICE;OK;HARD;1;PROCS OK: 1 process with command name 'ntpd'
[1549823400] CURRENT SERVICE STATE: primary-server;Memory;OK;HARD;1;OK - 69.2% (16965048 kB) free.
[1549823400] CURRENT SERVICE STATE: primary-server;Nginx Status;OK;HARD;1;NGINX OK -  0.084 sec. response time, Active: 0 (Writing: 0 Reading: 0 Waiting: 0) ReqPerSec: 0.000 ConnPerSec: 0.000 ReqPerConn: 0.000
[1549823400] CURRENT SERVICE STATE: primary-server;Sensors Status;OK;HARD;1;SENSORS OK
[1549823400] CURRENT SERVICE STATE: primary-server;Total Processes;OK;HARD;1;PROCS OK: 342 processes
[1549823400] CURRENT SERVICE STATE: pservercluster1;CPU Load;OK;HARD;1;OK - load average: 0.02, 0.08, 0.06
[1549823400] CURRENT SERVICE STATE: pservercluster1;CPU_Procs;WARNING;HARD;3;CPU WARNING: 3 warn out of 325 processes
[1549823400] CURRENT SERVICE STATE: pservercluster1;Current Users;OK;HARD;1;USERS OK - 2 users currently logged in
[1549823400] CURRENT SERVICE STATE: pservercluster1;HDD_Home status;OK;HARD;1;DISK OK - free space: /home 220613 MB (99% inode=99%):
[1549823400] CURRENT SERVICE STATE: pservercluster1;HDD_Root status;OK;HARD;1;DISK OK - free space: / 40354 MB (78% inode=99%):
[1549823400] CURRENT SERVICE STATE: pservercluster1;LocalService-NTPD SERVICE;OK;HARD;1;PROCS OK: 1 process with command name 'ntpd'
[1549823400] CURRENT SERVICE STATE: pservercluster1;Memory;OK;HARD;1;OK - 93.5% (23073776 kB) free.
[1549823400] CURRENT SERVICE STATE: pservercluster1;Sensors Status;OK;HARD;1;SENSORS OK
[1549823400] CURRENT SERVICE STATE: pservercluster1;Total Processes;OK;HARD;1;PROCS OK: 325 processes
[1549823400] CURRENT SERVICE STATE: pservercluster2;CPU Load;OK;HARD;1;OK - load average: 1.22, 1.46, 1.56
[1549823400] CURRENT SERVICE STATE: pservercluster2;CPU_Procs;OK;HARD;1;CPU OK: 399 processes
[1549823400] CURRENT SERVICE STATE: pservercluster2;Current Users;OK;HARD;1;USERS OK - 27 users currently logged in
[1549823400] CURRENT SERVICE STATE: pservercluster2;HDD_Home status;CRITICAL;HARD;3;DISK CRITICAL - free space: /home 24022 MB (10% inode=99%):
[1549823400] CURRENT SERVICE STATE: pservercluster2;HDD_Root status;WARNING;HARD;3;DISK WARNING - free space: / 7614 MB (14% inode=98%):
[1549823400] CURRENT SERVICE STATE: pservercluster2;LocalService-NTPD SERVICE;OK;HARD;1;PROCS OK: 1 process with command name 'ntpd'
[1549823400] CURRENT SERVICE STATE: pservercluster2;Memory;WARNING;HARD;3;WARNING - 16.4% (4017608 kB) free!
[1549823400] CURRENT SERVICE STATE: pservercluster2;Sensors Status;OK;HARD;1;SENSORS OK
[1549823400] CURRENT SERVICE STATE: pservercluster2;Total Processes;OK;HARD;1;PROCS OK: 402 processes
[1549823400] CURRENT SERVICE STATE: qservercluster1;CPU Load;WARNING;HARD;3;WARNING - load average: 14.00, 14.03, 14.05
[1549823400] CURRENT SERVICE STATE: qservercluster1;CPU_Procs;CRITICAL;HARD;3;CPU CRITICAL: 1 crit, 0 warn out of 302 processes
[1549823400] CURRENT SERVICE STATE: qservercluster1;Current Users;OK;HARD;1;USERS OK - 0 users currently logged in
[1549823400] CURRENT SERVICE STATE: qservercluster1;HDD_Home status;OK;HARD;1;DISK OK - free space: /home 224641 MB (99% inode=99%):
[1549823400] CURRENT SERVICE STATE: qservercluster1;HDD_Root status;OK;HARD;1;DISK OK - free space: / 41235 MB (80% inode=99%):
[1549823400] CURRENT SERVICE STATE: qservercluster1;LocalService-NTPD SERVICE;OK;HARD;1;PROCS OK: 1 process with command name 'ntpd'
[1549823400] CURRENT SERVICE STATE: qservercluster1;Memory;OK;HARD;1;OK - 86.2% (42447336 kB) free.
[1549823400] CURRENT SERVICE STATE: qservercluster1;Sensors Status;OK;HARD;1;SENSORS OK
[1549823400] CURRENT SERVICE STATE: qservercluster1;Total Processes;OK;HARD;1;PROCS OK: 308 processes
[1549823400] CURRENT SERVICE STATE: qservercluster2;CPU Load;OK;HARD;1;OK - load average: 3.78, 3.82, 3.73
[1549823400] CURRENT SERVICE STATE: qservercluster2;CPU_Procs;CRITICAL;HARD;3;CPU CRITICAL: 1 crit, 0 warn out of 305 processes
[1549823400] CURRENT SERVICE STATE: qservercluster2;Current Users;OK;HARD;1;USERS OK - 0 users currently logged in
[1549823400] CURRENT SERVICE STATE: qservercluster2;HDD_Home status;OK;HARD;1;DISK OK - free space: /home 224577 MB (99% inode=99%):
[1549823400] CURRENT SERVICE STATE: qservercluster2;HDD_Root status;OK;HARD;1;DISK OK - free space: / 40155 MB (78% inode=98%):
[1549823400] CURRENT SERVICE STATE: qservercluster2;LocalService-NTPD SERVICE;OK;HARD;1;PROCS OK: 1 process with command name 'ntpd'
[1549823400] CURRENT SERVICE STATE: qservercluster2;Memory;OK;HARD;1;OK - 94.8% (46701316 kB) free.
[1549823400] CURRENT SERVICE STATE: qservercluster2;Sensors Status;OK;HARD;1;SENSORS OK
[1549823400] CURRENT SERVICE STATE: qservercluster2;Total Processes;OK;HARD;1;PROCS OK: 301 processes
[1549823400] CURRENT SERVICE STATE: secondary-server;CPU Load;OK;HARD;1;OK - load average: 0.00, 0.01, 0.05
[1549823400] CURRENT SERVICE STATE: secondary-server;CPU_Procs;OK;HARD;1;CPU OK: 344 processes
[1549823400] CURRENT SERVICE STATE: secondary-server;Current Users;OK;HARD;1;USERS OK - 2 users currently logged in
[1549823400] CURRENT SERVICE STATE: secondary-server;HDD_Home status;OK;HARD;1;DISK OK - free space: /home 224704 MB (99% inode=99%):
[1549823400] CURRENT SERVICE STATE: secondary-server;HDD_Root status;OK;HARD;1;DISK OK - free space: / 41202 MB (80% inode=99%):
[1549823400] CURRENT SERVICE STATE: secondary-server;LocalService-NTPD SERVICE;OK;HARD;1;PROCS OK: 1 process with command name 'ntpd'
[1549823400] CURRENT SERVICE STATE: secondary-server;Memory Status;OK;HARD;1;OK - 70.1% (17190684 kB) free.
[1549823400] CURRENT SERVICE STATE: secondary-server;Nginx Status;OK;HARD;1;NGINX OK -  0.087 sec. response time, Active: 0 (Writing: 0 Reading: 0 Waiting: 0) ReqPerSec: 0.000 ConnPerSec: 0.000 ReqPerConn: 0.000
[1549823400] CURRENT SERVICE STATE: secondary-server;Sensors Status;OK;HARD;1;SENSORS OK
[1549823400] CURRENT SERVICE STATE: secondary-server;Total Processes;OK;HARD;1;PROCS OK: 343 processes
[1549823400] CURRENT SERVICE STATE: sig1;CPU Load;OK;HARD;1;OK - load average: 0.09, 0.07, 0.06
[1549823400] CURRENT SERVICE STATE: sig1;CPU_Procs;OK;HARD;1;CPU OK: 315 processes
[1549823400] CURRENT SERVICE STATE: sig1;Current Users;OK;HARD;1;USERS OK - 1 users currently logged in
[1549823400] CURRENT SERVICE STATE: sig1;HDD_Home status;OK;HARD;1;DISK OK - free space: /home 168688 MB (75% inode=99%):
[1549823400] CURRENT SERVICE STATE: sig1;HDD_Root status;OK;HARD;1;DISK OK - free space: / 36635 MB (71% inode=98%):
[1549823400] CURRENT SERVICE STATE: sig1;LocalService-NTPD SERVICE;OK;HARD;1;PROCS OK: 1 process with command name 'ntpd'
[1549823400] CURRENT SERVICE STATE: sig1;Memory;OK;HARD;1;OK - 89.9% (14614668 kB) free.
[1549823400] CURRENT SERVICE STATE: sig1;Sensors Status;OK;HARD;1;SENSORS OK
[1549823400] CURRENT SERVICE STATE: sig1;Total Processes;OK;HARD;1;PROCS OK: 315 processes
[1549823400] CURRENT SERVICE STATE: sig2;CPU Load;OK;HARD;1;OK - load average: 0.00, 0.01, 0.05
[1549823400] CURRENT SERVICE STATE: sig2;CPU_Procs;OK;HARD;1;CPU OK: 315 processes
[1549823400] CURRENT SERVICE STATE: sig2;Current Users;OK;HARD;1;USERS OK - 1 users currently logged in
[1549823400] CURRENT SERVICE STATE: sig2;HDD_Home status;OK;HARD;1;DISK OK - free space: /home 192674 MB (85% inode=99%):
[1549823400] CURRENT SERVICE STATE: sig2;HDD_Root status;OK;HARD;1;DISK OK - free space: / 38693 MB (75% inode=98%):
[1549823400] CURRENT SERVICE STATE: sig2;LocalService-NTPD SERVICE;OK;HARD;1;PROCS OK: 1 process with command name 'ntpd'
[1549823400] CURRENT SERVICE STATE: sig2;Memory;OK;HARD;1;OK - 94.2% (15314860 kB) free.
[1549823400] CURRENT SERVICE STATE: sig2;Sensors Status;OK;HARD;1;SENSORS OK
[1549823400] CURRENT SERVICE STATE: sig2;Total Processes;OK;HARD;1;PROCS OK: 313 processes
[1549823400] CURRENT SERVICE STATE: sig3;CPU Load;OK;HARD;1;OK - load average: 0.00, 0.01, 0.05
[1549823400] CURRENT SERVICE STATE: sig3;CPU_Procs;OK;HARD;1;CPU OK: 314 processes
[1549823400] CURRENT SERVICE STATE: sig3;Current Users;OK;HARD;1;USERS OK - 1 users currently logged in
[1549823400] CURRENT SERVICE STATE: sig3;HDD_Home status;OK;HARD;1;DISK OK - free space: /home 199983 MB (88% inode=99%):
[1549823400] CURRENT SERVICE STATE: sig3;HDD_Root status;OK;HARD;1;DISK OK - free space: / 37468 MB (73% inode=98%):
[1549823400] CURRENT SERVICE STATE: sig3;LocalService-NTPD SERVICE;OK;HARD;1;PROCS OK: 1 process with command name 'ntpd'
[1549823400] CURRENT SERVICE STATE: sig3;Memory;OK;HARD;1;OK - 91.6% (14885936 kB) free.
[1549823400] CURRENT SERVICE STATE: sig3;Sensors Status;OK;HARD;1;SENSORS OK
[1549823400] CURRENT SERVICE STATE: sig3;Total Processes;OK;HARD;1;PROCS OK: 315 processes
[1549823400] CURRENT SERVICE STATE: sig4;CPU Load;OK;HARD;1;OK - load average: 0.00, 0.01, 0.05
[1549823400] CURRENT SERVICE STATE: sig4;CPU_Procs;OK;HARD;1;CPU OK: 299 processes
[1549823400] CURRENT SERVICE STATE: sig4;Current Users;OK;HARD;1;USERS OK - 1 users currently logged in
[1549823400] CURRENT SERVICE STATE: sig4;HDD_Home status;OK;HARD;1;DISK OK - free space: /home 202778 MB (90% inode=99%):
[1549823400] CURRENT SERVICE STATE: sig4;HDD_Root status;OK;HARD;1;DISK OK - free space: / 37212 MB (72% inode=98%):
[1549823400] CURRENT SERVICE STATE: sig4;LocalService-NTPD SERVICE;OK;HARD;1;PROCS OK: 1 process with command name 'ntpd'
[1549823400] CURRENT SERVICE STATE: sig4;Memory;OK;HARD;1;OK - 91.6% (14889688 kB) free.
[1549823400] CURRENT SERVICE STATE: sig4;Sensors Status;OK;HARD;1;SENSORS OK
[1549823400] CURRENT SERVICE STATE: sig4;Total Processes;OK;HARD;1;PROCS OK: 301 processes
[1549823400] CURRENT SERVICE STATE: sig5;CPU Load;OK;HARD;1;OK - load average: 0.00, 0.01, 0.05
[1549823400] CURRENT SERVICE STATE: sig5;CPU_Procs;OK;HARD;1;CPU OK: 337 processes
[1549823400] CURRENT SERVICE STATE: sig5;Current Users;OK;HARD;1;USERS OK - 1 users currently logged in
[1549823400] CURRENT SERVICE STATE: sig5;HDD_Home status;OK;HARD;1;DISK OK - free space: /home 219891 MB (97% inode=99%):
[1549823400] CURRENT SERVICE STATE: sig5;HDD_Root status;OK;HARD;1;DISK OK - free space: / 37447 MB (73% inode=98%):
[1549823400] CURRENT SERVICE STATE: sig5;LocalService-NTPD SERVICE;OK;HARD;1;PROCS OK: 1 process with command name 'ntpd'
[1549823400] CURRENT SERVICE STATE: sig5;Memory;OK;HARD;1;OK - 75.2% (12230308 kB) free.
[1549823400] CURRENT SERVICE STATE: sig5;Sensors Status;OK;HARD;1;SENSORS OK
[1549823400] CURRENT SERVICE STATE: sig5;Total Processes;OK;HARD;1;PROCS OK: 334 processes
[1549823400] CURRENT SERVICE STATE: sig6;CPU Load;OK;HARD;1;OK - load average: 0.04, 0.29, 0.48
[1549823400] CURRENT SERVICE STATE: sig6;CPU_Procs;WARNING;HARD;3;CPU WARNING: 1 warn out of 351 processes
[1549823400] CURRENT SERVICE STATE: sig6;Current Users;OK;HARD;1;USERS OK - 3 users currently logged in
[1549823400] CURRENT SERVICE STATE: sig6;HDD_Home status;OK;HARD;1;DISK OK - free space: /home 212988 MB (94% inode=99%):
[1549823400] CURRENT SERVICE STATE: sig6;HDD_Root status;OK;HARD;1;DISK OK - free space: / 27091 MB (52% inode=98%):
[1549823400] CURRENT SERVICE STATE: sig6;LocalService-NTPD SERVICE;OK;HARD;1;PROCS OK: 1 process with command name 'ntpd'
[1549823400] CURRENT SERVICE STATE: sig6;Memory;OK;HARD;1;OK - 84.8% (13778248 kB) free.
[1549823400] CURRENT SERVICE STATE: sig6;Sensors Status;OK;HARD;1;SENSORS OK
[1549823400] CURRENT SERVICE STATE: sig6;Total Processes;OK;HARD;1;PROCS OK: 351 processes
[1549823400] CURRENT SERVICE STATE: sigqscluster1;CPU Load;OK;HARD;1;OK - load average: 0.92, 0.91, 0.95
[1549823400] CURRENT SERVICE STATE: sigqscluster1;CPU_Procs;OK;HARD;1;CPU OK: 337 processes
[1549823400] CURRENT SERVICE STATE: sigqscluster1;Current Users;OK;HARD;1;USERS OK - 2 users currently logged in
[1549823400] CURRENT SERVICE STATE: sigqscluster1;HDD_Home status;OK;HARD;1;DISK OK - free space: /home 224579 MB (99% inode=99%):
[1549823400] CURRENT SERVICE STATE: sigqscluster1;HDD_Root status;OK;HARD;1;DISK OK - free space: / 41193 MB (80% inode=99%):
[1549823400] CURRENT SERVICE STATE: sigqscluster1;LocalService-NTPD SERVICE;OK;HARD;1;PROCS OK: 1 process with command name 'ntpd'
[1549823400] CURRENT SERVICE STATE: sigqscluster1;Memory;OK;HARD;1;OK - 89.1% (43885820 kB) free.
[1549823400] CURRENT SERVICE STATE: sigqscluster1;Sensors Status;OK;HARD;1;SENSORS OK
[1549823400] CURRENT SERVICE STATE: sigqscluster1;Total Processes;OK;HARD;1;PROCS OK: 337 processes
[1549823400] CURRENT SERVICE STATE: sigqscluster2;CPU Load;OK;HARD;1;OK - load average: 2.17, 2.24, 2.30
[1549823400] CURRENT SERVICE STATE: sigqscluster2;CPU_Procs;OK;HARD;1;CPU OK: 334 processes
[1549823400] CURRENT SERVICE STATE: sigqscluster2;Current Users;OK;HARD;1;USERS OK - 2 users currently logged in
[1549823400] CURRENT SERVICE STATE: sigqscluster2;HDD_Home status;OK;HARD;1;DISK OK - free space: /home 224577 MB (99% inode=99%):
[1549823400] CURRENT SERVICE STATE: sigqscluster2;HDD_Root status;OK;HARD;1;DISK OK - free space: / 41205 MB (80% inode=99%):
[1549823400] CURRENT SERVICE STATE: sigqscluster2;LocalService-NTPD SERVICE;OK;HARD;1;PROCS OK: 1 process with command name 'ntpd'
[1549823400] CURRENT SERVICE STATE: sigqscluster2;Memory;OK;HARD;1;OK - 89.9% (44292352 kB) free.
[1549823400] CURRENT SERVICE STATE: sigqscluster2;Sensors Status;OK;HARD;1;SENSORS OK
[1549823400] CURRENT SERVICE STATE: sigqscluster2;Total Processes;OK;HARD;1;PROCS OK: 335 processes
[1549823400] CURRENT SERVICE STATE: smscapp1;CPU Load;OK;HARD;1;OK - load average: 1.01, 0.97, 1.04
[1549823400] CURRENT SERVICE STATE: smscapp1;CPU_Procs;OK;HARD;1;CPU OK: 333 processes
[1549823400] CURRENT SERVICE STATE: smscapp1;Current Users;OK;HARD;1;USERS OK - 7 users currently logged in
[1549823400] CURRENT SERVICE STATE: smscapp1;HDD_Home status;OK;HARD;1;DISK OK - free space: /home 92692 MB (41% inode=99%):
[1549823400] CURRENT SERVICE STATE: smscapp1;HDD_Root status;OK;HARD;1;DISK OK - free space: / 39150 MB (76% inode=98%):
[1549823400] CURRENT SERVICE STATE: smscapp1;LocalService-NTPD SERVICE;OK;HARD;1;PROCS OK: 1 process with command name 'ntpd'
[1549823400] CURRENT SERVICE STATE: smscapp1;Memory;OK;HARD;1;OK - 78.7% (12795844 kB) free.
[1549823400] CURRENT SERVICE STATE: smscapp1;Sensors Status;OK;HARD;1;SENSORS OK
[1549823400] CURRENT SERVICE STATE: smscapp1;Total Processes;OK;HARD;1;PROCS OK: 332 processes
[1549823400] CURRENT SERVICE STATE: smscapp2;CPU Load;OK;HARD;1;OK - load average: 1.60, 1.28, 1.26
[1549823400] CURRENT SERVICE STATE: smscapp2;CPU_Procs;OK;HARD;1;CPU OK: 367 processes
[1549823400] CURRENT SERVICE STATE: smscapp2;Current Users;OK;HARD;1;USERS OK - 4 users currently logged in
[1549823400] CURRENT SERVICE STATE: smscapp2;HDD_Home status;OK;HARD;1;DISK OK - free space: /home 61334 MB (27% inode=99%):
[1549823400] CURRENT SERVICE STATE: smscapp2;HDD_Root status;OK;HARD;1;DISK OK - free space: / 39009 MB (76% inode=98%):
[1549823400] CURRENT SERVICE STATE: smscapp2;LocalService-NTPD SERVICE;OK;HARD;1;PROCS OK: 1 process with command name 'ntpd'
[1549823400] CURRENT SERVICE STATE: smscapp2;Memory;OK;HARD;1;OK - 59.5% (9673564 kB) free.
[1549823400] CURRENT SERVICE STATE: smscapp2;Sensors Status;OK;HARD;1;SENSORS OK
[1549823400] CURRENT SERVICE STATE: smscapp2;Total Processes;OK;HARD;1;PROCS OK: 368 processes
[1549823400] CURRENT SERVICE STATE: sservercluster1;CPU Load;OK;HARD;1;OK - load average: 0.10, 0.10, 0.07
[1549823400] CURRENT SERVICE STATE: sservercluster1;CPU_Procs;WARNING;HARD;3;CPU WARNING: 1 warn out of 319 processes
[1549823400] CURRENT SERVICE STATE: sservercluster1;Current Users;OK;HARD;1;USERS OK - 1 users currently logged in
[1549823400] CURRENT SERVICE STATE: sservercluster1;HDD_Home status;OK;HARD;1;DISK OK - free space: /home 210813 MB (95% inode=99%):
[1549823400] CURRENT SERVICE STATE: sservercluster1;HDD_Root status;OK;HARD;1;DISK OK - free space: / 41459 MB (81% inode=99%):
[1549823400] CURRENT SERVICE STATE: sservercluster1;LocalService-NTPD SERVICE;OK;HARD;1;PROCS OK: 1 process with command name 'ntpd'
[1549823400] CURRENT SERVICE STATE: sservercluster1;Memory;OK;HARD;1;OK - 48.4% (11852692 kB) free.
[1549823400] CURRENT SERVICE STATE: sservercluster1;Sensors Status;OK;HARD;1;SENSORS OK
[1549823400] CURRENT SERVICE STATE: sservercluster1;Total Processes;OK;HARD;1;PROCS OK: 320 processes
[1549823400] CURRENT SERVICE STATE: sservercluster2;CPU Load;OK;HARD;1;OK - load average: 0.12, 0.09, 0.06
[1549823400] CURRENT SERVICE STATE: sservercluster2;CPU_Procs;WARNING;HARD;3;CPU WARNING: 4 warn out of 331 processes
[1549823400] CURRENT SERVICE STATE: sservercluster2;Current Users;OK;HARD;1;USERS OK - 2 users currently logged in
[1549823400] CURRENT SERVICE STATE: sservercluster2;HDD_Home status;OK;HARD;1;DISK OK - free space: /home 219752 MB (99% inode=99%):
[1549823400] CURRENT SERVICE STATE: sservercluster2;HDD_Root status;OK;HARD;1;DISK OK - free space: / 41217 MB (80% inode=99%):
[1549823400] CURRENT SERVICE STATE: sservercluster2;LocalService-NTPD SERVICE;OK;HARD;1;PROCS OK: 1 process with command name 'ntpd'
[1549823400] CURRENT SERVICE STATE: sservercluster2;Memory;OK;HARD;1;OK - 92.6% (22708032 kB) free.
[1549823400] CURRENT SERVICE STATE: sservercluster2;Sensors Status;OK;HARD;1;SENSORS OK
[1549823400] CURRENT SERVICE STATE: sservercluster2;Total Processes;OK;HARD;1;PROCS OK: 330 processes
[1549823400] CURRENT SERVICE STATE: webserver1;CPU Load;OK;HARD;1;OK - load average: 0.00, 0.01, 0.05
[1549823400] CURRENT SERVICE STATE: webserver1;CPU_Procs;OK;HARD;1;CPU OK: 320 processes
[1549823400] CURRENT SERVICE STATE: webserver1;Current Users;OK;HARD;1;USERS OK - 1 users currently logged in
[1549823400] CURRENT SERVICE STATE: webserver1;HDD_Home status;OK;HARD;1;DISK OK - free space: /home 224832 MB (99% inode=99%):
[1549823400] CURRENT SERVICE STATE: webserver1;HDD_Root status;OK;HARD;1;DISK OK - free space: / 40982 MB (80% inode=99%):
[1549823400] CURRENT SERVICE STATE: webserver1;LocalService-NTPD SERVICE;OK;HARD;1;PROCS OK: 1 process with command name 'ntpd'
[1549823400] CURRENT SERVICE STATE: webserver1;Memory;OK;HARD;1;OK - 92.4% (22620508 kB) free.
[1549823400] CURRENT SERVICE STATE: webserver1;Nginx_status;OK;HARD;1;NGINX OK -  0.075 sec. response time, Active: 0 (Writing: 0 Reading: 0 Waiting: 0) ReqPerSec: 0.000 ConnPerSec: 0.000 ReqPerConn: 0.000
[1549823400] CURRENT SERVICE STATE: webserver1;Sensors Status;OK;HARD;1;SENSORS OK
[1549823400] CURRENT SERVICE STATE: webserver1;Total Processes;OK;HARD;1;PROCS OK: 319 processes
[1549823400] CURRENT SERVICE STATE: webserver2;CPU_Procs;OK;HARD;1;CPU OK: 593 processes
[1549823400] CURRENT SERVICE STATE: webserver2;Current Load;OK;HARD;1;OK - load average: 0.01, 0.23, 0.42
[1549823400] CURRENT SERVICE STATE: webserver2;Current Users;WARNING;HARD;4;USERS WARNING - 57 users currently logged in
[1549823400] CURRENT SERVICE STATE: webserver2;HDD_Home status;OK;HARD;1;DISK OK - free space: /home 207159 MB (92.17% inode=100%):
[1549823400] CURRENT SERVICE STATE: webserver2;HTTP;OK;HARD;1;HTTP OK: HTTP/1.1 200 OK - 355 bytes in 0.001 second response time
[1549823400] CURRENT SERVICE STATE: webserver2;LocalService-NTPD SERVICE;OK;HARD;1;PROCS OK: 1 process with command name 'ntpd'
[1549823400] CURRENT SERVICE STATE: webserver2;Memory;OK;HARD;1;OK - 51.8% (12694040 kB) free.
[1549823400] CURRENT SERVICE STATE: webserver2;PING;OK;HARD;1;PING OK - Packet loss = 0%, RTA = 0.09 ms
[1549823400] CURRENT SERVICE STATE: webserver2;Root Partition;OK;HARD;1;DISK OK - free space: / 34543 MB (67.50% inode=99%):
[1549823400] CURRENT SERVICE STATE: webserver2;SSH;OK;HARD;1;SSH OK - OpenSSH_7.4 (protocol 2.0)
[1549823400] CURRENT SERVICE STATE: webserver2;Sensors Status;OK;HARD;1;SENSORS OK
[1549823400] CURRENT SERVICE STATE: webserver2;Total Processes;OK;HARD;1;PROCS OK: 174 processes with STATE = RSZDT
[1549823400] CURRENT SERVICE STATE: webservercluster1;CPU Load;OK;HARD;1;OK - load average: 0.00, 0.01, 0.05
[1549823400] CURRENT SERVICE STATE: webservercluster1;CPU_Procs;OK;HARD;1;CPU OK: 306 processes
[1549823400] CURRENT SERVICE STATE: webservercluster1;Current Users;OK;HARD;1;USERS OK - 1 users currently logged in
[1549823400] CURRENT SERVICE STATE: webservercluster1;HDD_Home status;OK;HARD;1;DISK OK - free space: / 33010 MB (64% inode=99%):
[1549823400] CURRENT SERVICE STATE: webservercluster1;HDD_Root status;OK;HARD;1;DISK OK - free space: /home 219261 MB (97% inode=99%):
[1549823400] CURRENT SERVICE STATE: webservercluster1;LocalService-NTPD SERVICE;OK;HARD;1;PROCS OK: 1 process with command name 'ntpd'
[1549823400] CURRENT SERVICE STATE: webservercluster1;Memory;OK;HARD;1;OK - 42.2% (6857520 kB) free.
[1549823400] CURRENT SERVICE STATE: webservercluster1;Sensors Status;OK;HARD;1;SENSORS OK
[1549823400] CURRENT SERVICE STATE: webservercluster1;Total Processes;OK;HARD;1;PROCS OK: 304 processes
[1549823400] CURRENT SERVICE STATE: webservercluster2;CPU Load;OK;HARD;1;OK - load average: 0.22, 0.18, 0.22
[1549823400] CURRENT SERVICE STATE: webservercluster2;CPU_Procs;OK;HARD;1;CPU OK: 312 processes
[1549823400] CURRENT SERVICE STATE: webservercluster2;Current Users;OK;HARD;1;USERS OK - 6 users currently logged in
[1549823400] CURRENT SERVICE STATE: webservercluster2;HDD_Home status;OK;HARD;1;DISK OK - free space: /home 88532 MB (39% inode=99%):
[1549823400] CURRENT SERVICE STATE: webservercluster2;HDD_Root status;OK;HARD;1;DISK OK - free space: / 40510 MB (79% inode=99%):
[1549823400] CURRENT SERVICE STATE: webservercluster2;LocalService-NTPD SERVICE;OK;HARD;1;PROCS OK: 1 process with command name 'ntpd'
[1549823400] CURRENT SERVICE STATE: webservercluster2;Memory;OK;HARD;1;OK - 38.7% (6287892 kB) free.
[1549823400] CURRENT SERVICE STATE: webservercluster2;Sensors Status;OK;HARD;1;SENSORS OK
[1549823400] CURRENT SERVICE STATE: webservercluster2;Total Processes;OK;HARD;1;PROCS OK: 313 processes
[1549823563] SERVICE NOTIFICATION: nagiosadmin;pservercluster1;CPU_Procs;WARNING;notify-service-by-email;CPU WARNING: 3 warn out of 325 processes
[1549823794] SERVICE ALERT: pservercluster2;Memory;CRITICAL;HARD;3;CRITICAL - 9.5% (2321892 kB) free!
[1549823886] SERVICE NOTIFICATION: nagiosadmin;qservercluster2;CPU_Procs;CRITICAL;notify-service-by-email;CPU CRITICAL: 1 crit, 0 warn out of 302 processes
[1549823944] Auto-save of retention data completed successfully.
[1549824048] SERVICE NOTIFICATION: nagiosadmin;sig6;CPU_Procs;WARNING;notify-service-by-email;CPU WARNING: 1 warn out of 353 processes
[1549824137] SERVICE NOTIFICATION: nagiosadmin;qservercluster1;CPU_Procs;CRITICAL;notify-service-by-email;CPU CRITICAL: 1 crit, 0 warn out of 308 processes
[1549824578] SERVICE NOTIFICATION: nagiosadmin;qservercluster1;CPU Load;WARNING;notify-service-by-email;WARNING - load average: 13.68, 13.71, 13.84
[1549824693] SERVICE NOTIFICATION: nagiosadmin;webserver2;Current Users;OK;notify-service-by-email;USERS OK - 50 users currently logged in
[1549824693] SERVICE ALERT: webserver2;Current Users;OK;HARD;1;USERS OK - 50 users currently logged in
[1549824881] SERVICE ALERT: db2;CPU_Procs;CRITICAL;SOFT;1;CPU CRITICAL: 1 crit, 0 warn out of 341 processes
[1549824980] SERVICE ALERT: pservercluster2;CPU_Procs;WARNING;SOFT;1;CPU WARNING: 1 warn out of 400 processes
[1549825001] SERVICE ALERT: db2;CPU_Procs;CRITICAL;SOFT;2;CPU CRITICAL: 1 crit, 0 warn out of 346 processes
[1549825023] SERVICE ALERT: db2;Memory;WARNING;SOFT;1;WARNING - 19.4% (9578220 kB) free!
[1549825100] SERVICE ALERT: pservercluster2;CPU_Procs;OK;HARD;1;CPU OK: 401 processes
[1549825121] SERVICE NOTIFICATION: nagiosadmin;db2;CPU_Procs;CRITICAL;notify-service-by-email;CPU CRITICAL: 1 crit, 0 warn out of 344 processes
[1549825121] SERVICE ALERT: db2;CPU_Procs;CRITICAL;HARD;3;CPU CRITICAL: 1 crit, 0 warn out of 344 processes
[1549825143] SERVICE ALERT: db2;Memory;WARNING;SOFT;2;WARNING - 17.9% (8841456 kB) free!
[1549825164] SERVICE NOTIFICATION: nagiosadmin;pservercluster2;HDD_Home status;CRITICAL;notify-service-by-email;DISK CRITICAL - free space: /home 22960 MB (10% inode=99%):
[1549825263] SERVICE ALERT: db2;Memory;OK;HARD;1;OK - 23.1% (11366512 kB) free.
[1549825700] SERVICE ALERT: pservercluster2;CPU_Procs;WARNING;SOFT;1;CPU WARNING: 1 warn out of 405 processes
[1549825795] SERVICE NOTIFICATION: nagiosadmin;pservercluster2;HDD_Root status;WARNING;notify-service-by-email;DISK WARNING - free space: / 7594 MB (14% inode=98%):
[1549825820] SERVICE ALERT: pservercluster2;CPU_Procs;WARNING;SOFT;2;CPU WARNING: 1 warn out of 405 processes
[1549825863] SERVICE ALERT: db2;Memory;WARNING;SOFT;1;WARNING - 17.0% (8392904 kB) free!
[1549825940] SERVICE NOTIFICATION: nagiosadmin;pservercluster2;CPU_Procs;WARNING;notify-service-by-email;CPU WARNING: 1 warn out of 403 processes
[1549825940] SERVICE ALERT: pservercluster2;CPU_Procs;WARNING;HARD;3;CPU WARNING: 1 warn out of 403 processes
[1549825983] SERVICE ALERT: db2;Memory;OK;HARD;1;OK - 22.1% (10877168 kB) free.
[1549826052] SERVICE NOTIFICATION: nagiosadmin;sservercluster1;CPU_Procs;WARNING;notify-service-by-email;CPU WARNING: 1 warn out of 318 processes
[1549826921] SERVICE NOTIFICATION: nagiosadmin;db2;CPU_Procs;OK;notify-service-by-email;CPU OK: 342 processes
[1549826921] SERVICE ALERT: db2;CPU_Procs;OK;HARD;1;CPU OK: 342 processes
[1549827005] SERVICE NOTIFICATION: nagiosadmin;sservercluster2;CPU_Procs;WARNING;notify-service-by-email;CPU WARNING: 4 warn out of 333 processes
[1549827163] SERVICE NOTIFICATION: nagiosadmin;pservercluster1;CPU_Procs;WARNING;notify-service-by-email;CPU WARNING: 3 warn out of 325 processes
[1549827183] SERVICE ALERT: db2;Memory;WARNING;SOFT;1;WARNING - 18.3% (9016120 kB) free!
[1549827303] SERVICE ALERT: db2;Memory;OK;HARD;1;OK - 22.1% (10910932 kB) free.
[1549827486] SERVICE NOTIFICATION: nagiosadmin;qservercluster2;CPU_Procs;CRITICAL;notify-service-by-email;CPU CRITICAL: 1 crit, 0 warn out of 300 processes
[1549827544] Auto-save of retention data completed successfully.
[1549827648] SERVICE NOTIFICATION: nagiosadmin;sig6;CPU_Procs;WARNING;notify-service-by-email;CPU WARNING: 1 warn out of 352 processes
[1549827737] SERVICE NOTIFICATION: nagiosadmin;qservercluster1;CPU_Procs;CRITICAL;notify-service-by-email;CPU CRITICAL: 1 crit, 0 warn out of 303 processes
[1549828121] SERVICE ALERT: db2;CPU_Procs;CRITICAL;SOFT;1;CPU CRITICAL: 1 crit, 0 warn out of 342 processes
[1549828178] SERVICE NOTIFICATION: nagiosadmin;qservercluster1;CPU Load;WARNING;notify-service-by-email;WARNING - load average: 12.03, 13.23, 13.71
[1549828241] SERVICE ALERT: db2;CPU_Procs;OK;HARD;1;CPU OK: 343 processes
[1549828503] SERVICE ALERT: db2;Memory;WARNING;SOFT;1;WARNING - 18.3% (9024524 kB) free!
[1549828623] SERVICE ALERT: db2;Memory;OK;HARD;1;OK - 22.9% (11286480 kB) free.
[1549828765] SERVICE NOTIFICATION: nagiosadmin;pservercluster2;HDD_Home status;CRITICAL;notify-service-by-email;DISK CRITICAL - free space: /home 19033 MB (8% inode=99%):
[1549828841] SERVICE ALERT: db2;CPU_Procs;CRITICAL;SOFT;1;CPU CRITICAL: 1 crit, 0 warn out of 346 processes
[1549828961] SERVICE ALERT: db2;CPU_Procs;CRITICAL;SOFT;2;CPU CRITICAL: 1 crit, 0 warn out of 344 processes
[1549829081] SERVICE NOTIFICATION: nagiosadmin;db2;CPU_Procs;CRITICAL;notify-service-by-email;CPU CRITICAL: 1 crit, 0 warn out of 343 processes
[1549829081] SERVICE ALERT: db2;CPU_Procs;CRITICAL;HARD;3;CPU CRITICAL: 1 crit, 0 warn out of 343 processes
[1549829223] SERVICE ALERT: db2;Memory;WARNING;SOFT;1;WARNING - 17.1% (8406436 kB) free!
[1549829343] SERVICE ALERT: db2;Memory;OK;HARD;1;OK - 22.0% (10851416 kB) free.
[1549829395] SERVICE NOTIFICATION: nagiosadmin;pservercluster2;HDD_Root status;WARNING;notify-service-by-email;DISK WARNING - free space: / 7452 MB (14% inode=98%):
[1549829476] SERVICE ALERT: pservercluster2;CPU Load;WARNING;SOFT;1;WARNING - load average: 2.67, 11.14, 12.56
[1549829540] SERVICE NOTIFICATION: nagiosadmin;pservercluster2;CPU_Procs;WARNING;notify-service-by-email;CPU WARNING: 1 warn out of 407 processes
[1549829596] SERVICE ALERT: pservercluster2;CPU Load;WARNING;SOFT;2;WARNING - load average: 2.21, 8.17, 11.31
[1549829652] SERVICE NOTIFICATION: nagiosadmin;sservercluster1;CPU_Procs;WARNING;notify-service-by-email;CPU WARNING: 1 warn out of 315 processes
[1549829681] SERVICE FLAPPING ALERT: db2;CPU_Procs;STARTED; Service appears to have started flapping (23.4% change >= 20.0% threshold)
[1549829681] SERVICE ALERT: db2;CPU_Procs;OK;HARD;1;CPU OK: 341 processes
[1549829716] SERVICE NOTIFICATION: nagiosadmin;pservercluster2;CPU Load;WARNING;notify-service-by-email;WARNING - load average: 2.53, 6.29, 10.24
[1549829716] SERVICE ALERT: pservercluster2;CPU Load;WARNING;HARD;3;WARNING - load average: 2.53, 6.29, 10.24
[1549829943] SERVICE ALERT: db2;Memory;WARNING;SOFT;1;WARNING - 16.0% (7863672 kB) free!
[1549830063] SERVICE ALERT: db2;Memory;OK;HARD;1;OK - 21.0% (10334244 kB) free.
[1549830281] SERVICE ALERT: db2;CPU_Procs;CRITICAL;SOFT;1;CPU CRITICAL: 1 crit, 0 warn out of 342 processes
[1549830402] SERVICE ALERT: db2;CPU_Procs;CRITICAL;SOFT;2;CPU CRITICAL: 1 crit, 0 warn out of 343 processes
[1549830522] SERVICE ALERT: db2;CPU_Procs;CRITICAL;HARD;3;CPU CRITICAL: 1 crit, 0 warn out of 344 processes
[1549830605] SERVICE NOTIFICATION: nagiosadmin;sservercluster2;CPU_Procs;WARNING;notify-service-by-email;CPU WARNING: 4 warn out of 331 processes
[1549830663] SERVICE ALERT: db2;Memory;WARNING;SOFT;1;WARNING - 15.6% (7700828 kB) free!
[1549830763] SERVICE NOTIFICATION: nagiosadmin;pservercluster1;CPU_Procs;WARNING;notify-service-by-email;CPU WARNING: 3 warn out of 326 processes
[1549830783] SERVICE ALERT: db2;Memory;OK;HARD;1;OK - 20.7% (10193300 kB) free.
[1549830916] SERVICE NOTIFICATION: nagiosadmin;pservercluster2;CPU Load;OK;notify-service-by-email;OK - load average: 2.40, 2.51, 4.63
[1549830916] SERVICE ALERT: pservercluster2;CPU Load;OK;HARD;1;OK - load average: 2.40, 2.51, 4.63
[1549831086] SERVICE NOTIFICATION: nagiosadmin;qservercluster2;CPU_Procs;CRITICAL;notify-service-by-email;CPU CRITICAL: 1 crit, 0 warn out of 301 processes
[1549831144] Auto-save of retention data completed successfully.
[1549831248] SERVICE NOTIFICATION: nagiosadmin;sig6;CPU_Procs;WARNING;notify-service-by-email;CPU WARNING: 1 warn out of 351 processes
[1549831337] SERVICE NOTIFICATION: nagiosadmin;qservercluster1;CPU_Procs;CRITICAL;notify-service-by-email;CPU CRITICAL: 1 crit, 0 warn out of 301 processes
[1549831383] SERVICE ALERT: db2;Memory;WARNING;SOFT;1;WARNING - 14.3% (7071560 kB) free!
[1549831504] SERVICE ALERT: db2;Memory;WARNING;SOFT;2;WARNING - 19.5% (9610772 kB) free!
[1549831624] SERVICE NOTIFICATION: nagiosadmin;db2;Memory;WARNING;notify-service-by-email;WARNING - 17.3% (8512032 kB) free!
[1549831624] SERVICE ALERT: db2;Memory;WARNING;HARD;3;WARNING - 17.3% (8512032 kB) free!
[1549831778] SERVICE NOTIFICATION: nagiosadmin;qservercluster1;CPU Load;WARNING;notify-service-by-email;WARNING - load average: 14.66, 14.51, 14.22
[1549832322] SERVICE ALERT: db2;CPU_Procs;OK;HARD;1;CPU OK: 343 processes
[1549832964] SERVICE NOTIFICATION: nagiosadmin;pservercluster2;HDD_Home status;CRITICAL;notify-service-by-email;DISK CRITICAL - free space: /home 18563 MB (8% inode=99%):
[1549832995] SERVICE NOTIFICATION: nagiosadmin;pservercluster2;HDD_Root status;WARNING;notify-service-by-email;DISK WARNING - free space: / 7452 MB (14% inode=98%):
[1549833140] SERVICE NOTIFICATION: nagiosadmin;pservercluster2;CPU_Procs;OK;notify-service-by-email;CPU OK: 406 processes
[1549833140] SERVICE ALERT: pservercluster2;CPU_Procs;OK;HARD;1;CPU OK: 406 processes
[1549833252] SERVICE NOTIFICATION: nagiosadmin;sservercluster1;CPU_Procs;WARNING;notify-service-by-email;CPU WARNING: 1 warn out of 319 processes
[1549833424] SERVICE NOTIFICATION: nagiosadmin;db2;Memory;OK;notify-service-by-email;OK - 21.0% (10326952 kB) free.
[1549833424] SERVICE ALERT: db2;Memory;OK;HARD;1;OK - 21.0% (10326952 kB) free.
[1549833994] SERVICE FLAPPING ALERT: pservercluster2;Memory;STOPPED; Service appears to have stopped flapping (4.0% change < 5.0% threshold)
[1549833994] SERVICE NOTIFICATION: nagiosadmin;pservercluster2;Memory;CRITICAL;notify-service-by-email;CRITICAL - 5.4% (1322704 kB) free!
[1549834024] SERVICE ALERT: db2;Memory;WARNING;SOFT;1;WARNING - 19.5% (9614556 kB) free!
[1549834123] SERVICE ALERT: db2;CPU_Procs;CRITICAL;SOFT;1;CPU CRITICAL: 1 crit, 0 warn out of 345 processes
[1549834144] SERVICE ALERT: db2;Memory;WARNING;SOFT;2;WARNING - 16.7% (8223972 kB) free!
[1549834206] SERVICE NOTIFICATION: nagiosadmin;sservercluster2;CPU_Procs;WARNING;notify-service-by-email;CPU WARNING: 4 warn out of 332 processes
[1549834243] SERVICE ALERT: db2;CPU_Procs;CRITICAL;SOFT;2;CPU CRITICAL: 1 crit, 0 warn out of 348 processes
[1549834264] SERVICE NOTIFICATION: nagiosadmin;db2;Memory;WARNING;notify-service-by-email;WARNING - 13.6% (6715620 kB) free!
[1549834264] SERVICE ALERT: db2;Memory;WARNING;HARD;3;WARNING - 13.6% (6715620 kB) free!
[1549834363] SERVICE ALERT: db2;CPU_Procs;CRITICAL;HARD;3;CPU CRITICAL: 1 crit, 0 warn out of 346 processes
[1549834363] SERVICE NOTIFICATION: nagiosadmin;pservercluster1;CPU_Procs;WARNING;notify-service-by-email;CPU WARNING: 3 warn out of 327 processes
[1549834686] SERVICE NOTIFICATION: nagiosadmin;qservercluster2;CPU_Procs;CRITICAL;notify-service-by-email;CPU CRITICAL: 1 crit, 0 warn out of 303 processes
[1549834744] Auto-save of retention data completed successfully.
[1549834848] SERVICE NOTIFICATION: nagiosadmin;sig6;CPU_Procs;WARNING;notify-service-by-email;CPU WARNING: 1 warn out of 353 processes
[1549834938] SERVICE NOTIFICATION: nagiosadmin;qservercluster1;CPU_Procs;CRITICAL;notify-service-by-email;CPU CRITICAL: 1 crit, 0 warn out of 309 processes
[1549834963] SERVICE ALERT: db2;CPU_Procs;OK;HARD;1;CPU OK: 341 processes
[1549835378] SERVICE NOTIFICATION: nagiosadmin;qservercluster1;CPU Load;WARNING;notify-service-by-email;WARNING - load average: 13.73, 13.94, 14.06
[1549836064] SERVICE FLAPPING ALERT: db2;Memory;STARTED; Service appears to have started flapping (23.2% change >= 20.0% threshold)
[1549836064] SERVICE ALERT: db2;Memory;OK;HARD;1;OK - 20.1% (9881528 kB) free.
[1549836564] SERVICE NOTIFICATION: nagiosadmin;pservercluster2;HDD_Home status;CRITICAL;notify-service-by-email;DISK CRITICAL - free space: /home 17537 MB (7% inode=99%):
[1549836595] SERVICE NOTIFICATION: nagiosadmin;pservercluster2;HDD_Root status;WARNING;notify-service-by-email;DISK WARNING - free space: / 7583 MB (14% inode=98%):
[1549836664] SERVICE ALERT: db2;Memory;WARNING;SOFT;1;WARNING - 13.3% (6565220 kB) free!
[1549836784] SERVICE ALERT: db2;Memory;WARNING;SOFT;2;WARNING - 19.0% (9367672 kB) free!
[1549836852] SERVICE NOTIFICATION: nagiosadmin;sservercluster1;CPU_Procs;WARNING;notify-service-by-email;CPU WARNING: 1 warn out of 317 processes
[1549836905] SERVICE ALERT: db2;Memory;WARNING;HARD;3;WARNING - 17.4% (8582280 kB) free!
[1549837363] SERVICE ALERT: db2;CPU_Procs;CRITICAL;SOFT;1;CPU CRITICAL: 1 crit, 0 warn out of 342 processes
[1549837484] SERVICE ALERT: db2;CPU_Procs;CRITICAL;SOFT;2;CPU CRITICAL: 1 crit, 0 warn out of 342 processes
[1549837594] SERVICE NOTIFICATION: nagiosadmin;pservercluster2;Memory;CRITICAL;notify-service-by-email;CRITICAL - 1.1% (275844 kB) free!
[1549837604] SERVICE ALERT: db2;CPU_Procs;CRITICAL;HARD;3;CPU CRITICAL: 1 crit, 0 warn out of 346 processes
[1549837963] SERVICE NOTIFICATION: nagiosadmin;pservercluster1;CPU_Procs;WARNING;notify-service-by-email;CPU WARNING: 3 warn out of 324 processes
[1549838286] SERVICE NOTIFICATION: nagiosadmin;qservercluster2;CPU_Procs;CRITICAL;notify-service-by-email;CPU CRITICAL: 1 crit, 0 warn out of 302 processes
[1549838344] Auto-save of retention data completed successfully.
[1549838405] SERVICE NOTIFICATION: nagiosadmin;sservercluster2;CPU_Procs;WARNING;notify-service-by-email;CPU WARNING: 4 warn out of 331 processes
[1549838448] SERVICE NOTIFICATION: nagiosadmin;sig6;CPU_Procs;WARNING;notify-service-by-email;CPU WARNING: 1 warn out of 352 processes
[1549838978] SERVICE NOTIFICATION: nagiosadmin;qservercluster1;CPU Load;WARNING;notify-service-by-email;WARNING - load average: 13.17, 13.48, 13.66
[1549839137] SERVICE NOTIFICATION: nagiosadmin;qservercluster1;CPU_Procs;CRITICAL;notify-service-by-email;CPU CRITICAL: 1 crit, 0 warn out of 302 processes
[1549839404] SERVICE ALERT: db2;CPU_Procs;OK;HARD;1;CPU OK: 346 processes
[1549839994] SERVICE NOTIFICATION: nagiosadmin;pservercluster2;Memory;WARNING;notify-service-by-email;WARNING - 16.3% (3987504 kB) free!
[1549839994] SERVICE ALERT: pservercluster2;Memory;WARNING;HARD;3;WARNING - 16.3% (3987504 kB) free!
[1549840164] SERVICE NOTIFICATION: nagiosadmin;pservercluster2;HDD_Home status;CRITICAL;notify-service-by-email;DISK CRITICAL - free space: /home 16670 MB (7% inode=99%):
[1549840195] SERVICE NOTIFICATION: nagiosadmin;pservercluster2;HDD_Root status;WARNING;notify-service-by-email;DISK WARNING - free space: / 7586 MB (14% inode=98%):
[1549840452] SERVICE NOTIFICATION: nagiosadmin;sservercluster1;CPU_Procs;WARNING;notify-service-by-email;CPU WARNING: 2 warn out of 317 processes
[1549840604] SERVICE ALERT: db2;CPU_Procs;CRITICAL;SOFT;1;CPU CRITICAL: 1 crit, 0 warn out of 343 processes
[1549840724] SERVICE ALERT: db2;CPU_Procs;OK;HARD;1;CPU OK: 340 processes
[1549841563] SERVICE NOTIFICATION: nagiosadmin;pservercluster1;CPU_Procs;WARNING;notify-service-by-email;CPU WARNING: 3 warn out of 326 processes
[1549841886] SERVICE NOTIFICATION: nagiosadmin;qservercluster2;CPU_Procs;CRITICAL;notify-service-by-email;CPU CRITICAL: 1 crit, 0 warn out of 301 processes
[1549841924] SERVICE ALERT: db2;CPU_Procs;CRITICAL;SOFT;1;CPU CRITICAL: 1 crit, 0 warn out of 342 processes
[1549841944] Auto-save of retention data completed successfully.
[1549842005] SERVICE NOTIFICATION: nagiosadmin;sservercluster2;CPU_Procs;WARNING;notify-service-by-email;CPU WARNING: 4 warn out of 330 processes
[1549842044] SERVICE ALERT: db2;CPU_Procs;OK;HARD;1;CPU OK: 341 processes
[1549842048] SERVICE NOTIFICATION: nagiosadmin;sig6;CPU_Procs;WARNING;notify-service-by-email;CPU WARNING: 1 warn out of 352 processes
[1549842394] SERVICE NOTIFICATION: nagiosadmin;pservercluster2;Memory;OK;notify-service-by-email;OK - 24.0% (5890820 kB) free.
[1549842394] SERVICE ALERT: pservercluster2;Memory;OK;HARD;1;OK - 24.0% (5890820 kB) free.
[1549842578] SERVICE NOTIFICATION: nagiosadmin;qservercluster1;CPU Load;WARNING;notify-service-by-email;WARNING - load average: 12.89, 13.43, 13.61
[1549842644] SERVICE ALERT: db2;CPU_Procs;CRITICAL;SOFT;1;CPU CRITICAL: 1 crit, 0 warn out of 343 processes
[1549842737] SERVICE NOTIFICATION: nagiosadmin;qservercluster1;CPU_Procs;CRITICAL;notify-service-by-email;CPU CRITICAL: 1 crit, 0 warn out of 303 processes
[1549842764] SERVICE ALERT: db2;CPU_Procs;OK;HARD;1;CPU OK: 338 processes
[1549843764] SERVICE NOTIFICATION: nagiosadmin;pservercluster2;HDD_Home status;CRITICAL;notify-service-by-email;DISK CRITICAL - free space: /home 16733 MB (7% inode=99%):
[1549843795] SERVICE NOTIFICATION: nagiosadmin;pservercluster2;HDD_Root status;WARNING;notify-service-by-email;DISK WARNING - free space: / 7586 MB (14% inode=98%):
[1549843964] SERVICE ALERT: db2;CPU_Procs;CRITICAL;SOFT;1;CPU CRITICAL: 1 crit, 0 warn out of 339 processes
[1549844052] SERVICE NOTIFICATION: nagiosadmin;sservercluster1;CPU_Procs;WARNING;notify-service-by-email;CPU WARNING: 2 warn out of 318 processes
[1549844084] SERVICE ALERT: db2;CPU_Procs;OK;HARD;1;CPU OK: 338 processes
[1549844685] SERVICE ALERT: db2;CPU_Procs;CRITICAL;SOFT;1;CPU CRITICAL: 1 crit, 0 warn out of 340 processes
[1549844805] SERVICE ALERT: db2;CPU_Procs;OK;HARD;1;CPU OK: 339 processes
[1549845163] SERVICE NOTIFICATION: nagiosadmin;pservercluster1;CPU_Procs;WARNING;notify-service-by-email;CPU WARNING: 3 warn out of 327 processes
[1549845486] SERVICE NOTIFICATION: nagiosadmin;qservercluster2;CPU_Procs;CRITICAL;notify-service-by-email;CPU CRITICAL: 1 crit, 0 warn out of 301 processes
[1549845544] Auto-save of retention data completed successfully.
[1549845605] SERVICE NOTIFICATION: nagiosadmin;sservercluster2;CPU_Procs;WARNING;notify-service-by-email;CPU WARNING: 4 warn out of 330 processes
[1549845648] SERVICE NOTIFICATION: nagiosadmin;sig6;CPU_Procs;WARNING;notify-service-by-email;CPU WARNING: 1 warn out of 350 processes
[1549846005] SERVICE ALERT: db2;CPU_Procs;CRITICAL;SOFT;1;CPU CRITICAL: 1 crit, 0 warn out of 342 processes
[1549846125] SERVICE ALERT: db2;CPU_Procs;OK;HARD;1;CPU OK: 339 processes
[1549846178] SERVICE NOTIFICATION: nagiosadmin;qservercluster1;CPU Load;WARNING;notify-service-by-email;WARNING - load average: 14.70, 13.68, 13.56
[1549846337] SERVICE NOTIFICATION: nagiosadmin;qservercluster1;CPU_Procs;CRITICAL;notify-service-by-email;CPU CRITICAL: 1 crit, 0 warn out of 299 processes
[1549846725] SERVICE ALERT: db2;CPU_Procs;CRITICAL;SOFT;1;CPU CRITICAL: 1 crit, 0 warn out of 341 processes
[1549846845] SERVICE ALERT: db2;CPU_Procs;OK;HARD;1;CPU OK: 342 processes
[1549847364] SERVICE NOTIFICATION: nagiosadmin;pservercluster2;HDD_Home status;CRITICAL;notify-service-by-email;DISK CRITICAL - free space: /home 16714 MB (7% inode=99%):
[1549847395] SERVICE NOTIFICATION: nagiosadmin;pservercluster2;HDD_Root status;WARNING;notify-service-by-email;DISK WARNING - free space: / 7586 MB (14% inode=98%):
[1549847446] SERVICE ALERT: db2;CPU_Procs;CRITICAL;SOFT;1;CPU CRITICAL: 1 crit, 0 warn out of 341 processes
[1549847566] SERVICE ALERT: db2;CPU_Procs;OK;HARD;1;CPU OK: 338 processes
[1549847652] SERVICE NOTIFICATION: nagiosadmin;sservercluster1;CPU_Procs;WARNING;notify-service-by-email;CPU WARNING: 2 warn out of 316 processes
[1549848166] SERVICE ALERT: db2;CPU_Procs;CRITICAL;SOFT;1;CPU CRITICAL: 1 crit, 0 warn out of 339 processes
[1549848286] SERVICE ALERT: db2;CPU_Procs;OK;HARD;1;CPU OK: 337 processes
[1549848305] SERVICE FLAPPING ALERT: db2;Memory;STOPPED; Service appears to have stopped flapping (3.8% change < 5.0% threshold)
[1549848305] SERVICE NOTIFICATION: nagiosadmin;db2;Memory;WARNING;notify-service-by-email;WARNING - 17.1% (8436804 kB) free!
[1549848763] SERVICE NOTIFICATION: nagiosadmin;pservercluster1;CPU_Procs;WARNING;notify-service-by-email;CPU WARNING: 3 warn out of 325 processes
[1549848886] SERVICE ALERT: db2;CPU_Procs;CRITICAL;SOFT;1;CPU CRITICAL: 1 crit, 0 warn out of 340 processes
[1549849006] SERVICE ALERT: db2;CPU_Procs;OK;HARD;1;CPU OK: 339 processes
[1549849086] SERVICE NOTIFICATION: nagiosadmin;qservercluster2;CPU_Procs;CRITICAL;notify-service-by-email;CPU CRITICAL: 1 crit, 0 warn out of 301 processes
[1549849144] Auto-save of retention data completed successfully.
[1549849205] SERVICE NOTIFICATION: nagiosadmin;sservercluster2;CPU_Procs;WARNING;notify-service-by-email;CPU WARNING: 4 warn out of 330 processes
[1549849248] SERVICE NOTIFICATION: nagiosadmin;sig6;CPU_Procs;WARNING;notify-service-by-email;CPU WARNING: 1 warn out of 352 processes
[1549849606] SERVICE ALERT: db2;CPU_Procs;CRITICAL;SOFT;1;CPU CRITICAL: 1 crit, 0 warn out of 339 processes
[1549849726] SERVICE ALERT: db2;CPU_Procs;OK;HARD;1;CPU OK: 338 processes
[1549849778] SERVICE NOTIFICATION: nagiosadmin;qservercluster1;CPU Load;WARNING;notify-service-by-email;WARNING - load average: 14.20, 13.41, 13.34
[1549849937] SERVICE NOTIFICATION: nagiosadmin;qservercluster1;CPU_Procs;CRITICAL;notify-service-by-email;CPU CRITICAL: 1 crit, 0 warn out of 300 processes
[1549850327] SERVICE ALERT: db2;CPU_Procs;CRITICAL;SOFT;1;CPU CRITICAL: 1 crit, 0 warn out of 341 processes
[1549850447] SERVICE ALERT: db2;CPU_Procs;OK;HARD;1;CPU OK: 341 processes
[1549850964] SERVICE NOTIFICATION: nagiosadmin;pservercluster2;HDD_Home status;CRITICAL;notify-service-by-email;DISK CRITICAL - free space: /home 16673 MB (7% inode=99%):
[1549850995] SERVICE NOTIFICATION: nagiosadmin;pservercluster2;HDD_Root status;WARNING;notify-service-by-email;DISK WARNING - free space: / 7586 MB (14% inode=98%):
[1549851047] SERVICE FLAPPING ALERT: db2;CPU_Procs;STOPPED; Service appears to have stopped flapping (4.0% change < 5.0% threshold)
[1549851252] SERVICE NOTIFICATION: nagiosadmin;sservercluster1;CPU_Procs;WARNING;notify-service-by-email;CPU WARNING: 2 warn out of 316 processes
[1549851647] SERVICE ALERT: db2;CPU_Procs;CRITICAL;SOFT;1;CPU CRITICAL: 1 crit, 0 warn out of 342 processes
[1549851767] SERVICE ALERT: db2;CPU_Procs;OK;HARD;1;CPU OK: 339 processes
[1549851905] SERVICE NOTIFICATION: nagiosadmin;db2;Memory;WARNING;notify-service-by-email;WARNING - 17.1% (8432472 kB) free!
[1549852363] SERVICE NOTIFICATION: nagiosadmin;pservercluster1;CPU_Procs;WARNING;notify-service-by-email;CPU WARNING: 3 warn out of 327 processes
[1549852686] SERVICE NOTIFICATION: nagiosadmin;qservercluster2;CPU_Procs;CRITICAL;notify-service-by-email;CPU CRITICAL: 1 crit, 0 warn out of 302 processes
[1549852744] Auto-save of retention data completed successfully.
[1549852805] SERVICE NOTIFICATION: nagiosadmin;sservercluster2;CPU_Procs;WARNING;notify-service-by-email;CPU WARNING: 4 warn out of 332 processes
[1549852848] SERVICE NOTIFICATION: nagiosadmin;sig6;CPU_Procs;WARNING;notify-service-by-email;CPU WARNING: 1 warn out of 350 processes
[1549852967] SERVICE ALERT: db2;CPU_Procs;CRITICAL;SOFT;1;CPU CRITICAL: 1 crit, 0 warn out of 339 processes
[1549853087] SERVICE ALERT: db2;CPU_Procs;CRITICAL;SOFT;2;CPU CRITICAL: 1 crit, 0 warn out of 338 processes
[1549853208] SERVICE ALERT: db2;CPU_Procs;OK;HARD;1;CPU OK: 339 processes
[1549853378] SERVICE NOTIFICATION: nagiosadmin;qservercluster1;CPU Load;WARNING;notify-service-by-email;WARNING - load average: 13.34, 13.24, 13.40
[1549853537] SERVICE NOTIFICATION: nagiosadmin;qservercluster1;CPU_Procs;CRITICAL;notify-service-by-email;CPU CRITICAL: 1 crit, 0 warn out of 306 processes
[1549853807] SERVICE ALERT: db2;CPU_Procs;CRITICAL;SOFT;1;CPU CRITICAL: 1 crit, 0 warn out of 340 processes
[1549853927] SERVICE ALERT: db2;CPU_Procs;OK;HARD;1;CPU OK: 340 processes
[1549854527] SERVICE ALERT: db2;CPU_Procs;CRITICAL;SOFT;1;CPU CRITICAL: 1 crit, 0 warn out of 339 processes
[1549854564] SERVICE NOTIFICATION: nagiosadmin;pservercluster2;HDD_Home status;CRITICAL;notify-service-by-email;DISK CRITICAL - free space: /home 16602 MB (7% inode=99%):
[1549854595] SERVICE NOTIFICATION: nagiosadmin;pservercluster2;HDD_Root status;WARNING;notify-service-by-email;DISK WARNING - free space: / 7586 MB (14% inode=98%):
[1549854647] SERVICE ALERT: db2;CPU_Procs;OK;HARD;1;CPU OK: 340 processes
[1549854852] SERVICE NOTIFICATION: nagiosadmin;sservercluster1;CPU_Procs;WARNING;notify-service-by-email;CPU WARNING: 2 warn out of 317 processes
[1549855505] SERVICE NOTIFICATION: nagiosadmin;db2;Memory;WARNING;notify-service-by-email;WARNING - 17.1% (8416116 kB) free!
[1549855847] SERVICE ALERT: db2;CPU_Procs;CRITICAL;SOFT;1;CPU CRITICAL: 1 crit, 0 warn out of 343 processes
[1549855963] SERVICE NOTIFICATION: nagiosadmin;pservercluster1;CPU_Procs;WARNING;notify-service-by-email;CPU WARNING: 3 warn out of 326 processes
[1549855967] SERVICE ALERT: db2;CPU_Procs;OK;HARD;1;CPU OK: 338 processes
[1549856286] SERVICE NOTIFICATION: nagiosadmin;qservercluster2;CPU_Procs;CRITICAL;notify-service-by-email;CPU CRITICAL: 1 crit, 0 warn out of 301 processes
[1549856344] Auto-save of retention data completed successfully.
[1549856405] SERVICE NOTIFICATION: nagiosadmin;sservercluster2;CPU_Procs;WARNING;notify-service-by-email;CPU WARNING: 4 warn out of 331 processes
[1549856449] SERVICE NOTIFICATION: nagiosadmin;sig6;CPU_Procs;WARNING;notify-service-by-email;CPU WARNING: 1 warn out of 352 processes
[1549856568] SERVICE ALERT: db2;CPU_Procs;CRITICAL;SOFT;1;CPU CRITICAL: 1 crit, 0 warn out of 341 processes
[1549856688] SERVICE ALERT: db2;CPU_Procs;CRITICAL;SOFT;2;CPU CRITICAL: 1 crit, 0 warn out of 341 processes
[1549856808] SERVICE NOTIFICATION: nagiosadmin;db2;CPU_Procs;CRITICAL;notify-service-by-email;CPU CRITICAL: 1 crit, 0 warn out of 340 processes
[1549856808] SERVICE ALERT: db2;CPU_Procs;CRITICAL;HARD;3;CPU CRITICAL: 1 crit, 0 warn out of 340 processes
[1549856978] SERVICE NOTIFICATION: nagiosadmin;qservercluster1;CPU Load;WARNING;notify-service-by-email;WARNING - load average: 13.43, 13.11, 13.08
[1549857137] SERVICE NOTIFICATION: nagiosadmin;qservercluster1;CPU_Procs;CRITICAL;notify-service-by-email;CPU CRITICAL: 1 crit, 0 warn out of 301 processes
[1549858164] SERVICE NOTIFICATION: nagiosadmin;pservercluster2;HDD_Home status;CRITICAL;notify-service-by-email;DISK CRITICAL - free space: /home 16511 MB (7% inode=99%):
[1549858195] SERVICE NOTIFICATION: nagiosadmin;pservercluster2;HDD_Root status;WARNING;notify-service-by-email;DISK WARNING - free space: / 7586 MB (14% inode=98%):
[1549858452] SERVICE NOTIFICATION: nagiosadmin;sservercluster1;CPU_Procs;WARNING;notify-service-by-email;CPU WARNING: 2 warn out of 315 processes
[1549859105] SERVICE NOTIFICATION: nagiosadmin;db2;Memory;WARNING;notify-service-by-email;WARNING - 17.0% (8374756 kB) free!
[1549859563] SERVICE NOTIFICATION: nagiosadmin;pservercluster1;CPU_Procs;WARNING;notify-service-by-email;CPU WARNING: 3 warn out of 326 processes
[1549859613] EXTERNAL COMMAND: SCHEDULE_FORCED_SVC_CHECK;db2;Memory;1549859612
[1549859614] SERVICE NOTIFICATION: nagiosadmin;db2;Memory;OK;notify-service-by-email;OK - 51.7% (25453880 kB) free.
[1549859614] SERVICE ALERT: db2;Memory;OK;HARD;1;OK - 51.7% (25453880 kB) free.
[1549859617] EXTERNAL COMMAND: SCHEDULE_FORCED_SVC_CHECK;db2;Memory;1549859616
[1549859621] EXTERNAL COMMAND: SCHEDULE_FORCED_SVC_CHECK;db2;Memory;1549859619
[1549859627] EXTERNAL COMMAND: SCHEDULE_FORCED_SVC_CHECK;db2;Memory;1549859625
[1549859886] SERVICE NOTIFICATION: nagiosadmin;qservercluster2;CPU_Procs;CRITICAL;notify-service-by-email;CPU CRITICAL: 1 crit, 0 warn out of 302 processes
[1549859944] Auto-save of retention data completed successfully.
[1549860005] SERVICE NOTIFICATION: nagiosadmin;sservercluster2;CPU_Procs;WARNING;notify-service-by-email;CPU WARNING: 4 warn out of 332 processes
[1549860409] SERVICE NOTIFICATION: nagiosadmin;db2;CPU_Procs;CRITICAL;notify-service-by-email;CPU CRITICAL: 1 crit, 0 warn out of 340 processes
[1549860578] SERVICE NOTIFICATION: nagiosadmin;qservercluster1;CPU Load;WARNING;notify-service-by-email;WARNING - load average: 13.48, 13.43, 13.26
[1549860648] SERVICE NOTIFICATION: nagiosadmin;sig6;CPU_Procs;WARNING;notify-service-by-email;CPU WARNING: 1 warn out of 351 processes
[1549860737] SERVICE NOTIFICATION: nagiosadmin;qservercluster1;CPU_Procs;CRITICAL;notify-service-by-email;CPU CRITICAL: 1 crit, 0 warn out of 297 processes
[1549861594] SERVICE ALERT: pservercluster2;Memory;WARNING;SOFT;1;WARNING - 19.3% (4734176 kB) free!
[1549861714] SERVICE ALERT: pservercluster2;Memory;WARNING;SOFT;2;WARNING - 19.1% (4672104 kB) free!
[1549861764] SERVICE NOTIFICATION: nagiosadmin;pservercluster2;HDD_Home status;CRITICAL;notify-service-by-email;DISK CRITICAL - free space: /home 15566 MB (6% inode=99%):
[1549861795] SERVICE NOTIFICATION: nagiosadmin;pservercluster2;HDD_Root status;WARNING;notify-service-by-email;DISK WARNING - free space: / 7586 MB (14% inode=98%):
[1549861834] SERVICE NOTIFICATION: nagiosadmin;pservercluster2;Memory;WARNING;notify-service-by-email;WARNING - 18.7% (4594316 kB) free!
[1549861834] SERVICE ALERT: pservercluster2;Memory;WARNING;HARD;3;WARNING - 18.7% (4594316 kB) free!
[1549861932] EXTERNAL COMMAND: SCHEDULE_FORCED_SVC_CHECK;pservercluster2;Memory;1549861931
[1549861933] SERVICE NOTIFICATION: nagiosadmin;pservercluster2;Memory;OK;notify-service-by-email;OK - 93.1% (22826228 kB) free.
[1549861933] SERVICE ALERT: pservercluster2;Memory;OK;HARD;1;OK - 93.1% (22826228 kB) free.
[1549862052] SERVICE NOTIFICATION: nagiosadmin;sservercluster1;CPU_Procs;WARNING;notify-service-by-email;CPU WARNING: 2 warn out of 316 processes
[1549862533] SERVICE ALERT: pservercluster2;Memory;CRITICAL;SOFT;1;CRITICAL - 0.8% (190664 kB) free!
[1549862653] SERVICE ALERT: pservercluster2;Memory;CRITICAL;SOFT;2;CRITICAL - 0.7% (171504 kB) free!
[1549862773] SERVICE NOTIFICATION: nagiosadmin;pservercluster2;Memory;CRITICAL;notify-service-by-email;CRITICAL - 0.8% (197492 kB) free!
[1549862773] SERVICE ALERT: pservercluster2;Memory;CRITICAL;HARD;3;CRITICAL - 0.8% (197492 kB) free!
[1549862808] SERVICE NOTIFICATION: nagiosadmin;db2;CPU_Procs;OK;notify-service-by-email;CPU OK: 340 processes
[1549862808] SERVICE ALERT: db2;CPU_Procs;OK;HARD;1;CPU OK: 340 processes
[1549862855] EXTERNAL COMMAND: SCHEDULE_FORCED_SVC_CHECK;pservercluster2;Memory;1549862853
[1549862855] SERVICE FLAPPING ALERT: pservercluster2;Memory;STARTED; Service appears to have started flapping (24.2% change >= 20.0% threshold)
[1549862855] SERVICE ALERT: pservercluster2;Memory;OK;HARD;1;OK - 93.5% (22908744 kB) free.
[1549862859] EXTERNAL COMMAND: SCHEDULE_FORCED_SVC_CHECK;pservercluster2;Memory;1549862858
[1549862868] EXTERNAL COMMAND: SCHEDULE_FORCED_SVC_CHECK;pservercluster2;Memory;1549862867
[1549863163] SERVICE NOTIFICATION: nagiosadmin;pservercluster1;CPU_Procs;WARNING;notify-service-by-email;CPU WARNING: 3 warn out of 324 processes
[1549863408] SERVICE ALERT: db2;CPU_Procs;CRITICAL;SOFT;1;CPU CRITICAL: 1 crit, 0 warn out of 341 processes
[1549863486] SERVICE NOTIFICATION: nagiosadmin;qservercluster2;CPU_Procs;CRITICAL;notify-service-by-email;CPU CRITICAL: 1 crit, 0 warn out of 302 processes
[1549863528] SERVICE ALERT: db2;CPU_Procs;CRITICAL;SOFT;2;CPU CRITICAL: 1 crit, 0 warn out of 342 processes
[1549863544] Auto-save of retention data completed successfully.
[1549863605] SERVICE NOTIFICATION: nagiosadmin;sservercluster2;CPU_Procs;WARNING;notify-service-by-email;CPU WARNING: 4 warn out of 332 processes
[1549863648] SERVICE ALERT: db2;CPU_Procs;OK;HARD;1;CPU OK: 345 processes
[1549864064] SERVICE ALERT: smscapp1;Memory;WARNING;SOFT;1;WARNING - 14.7% (2385272 kB) free!
[1549864164] SERVICE NOTIFICATION: nagiosadmin;pservercluster2;HDD_Home status;OK;notify-service-by-email;DISK OK - free space: /home 55858 MB (24% inode=99%):
[1549864164] SERVICE ALERT: pservercluster2;HDD_Home status;OK;HARD;1;DISK OK - free space: /home 55858 MB (24% inode=99%):
[1549864178] SERVICE NOTIFICATION: nagiosadmin;qservercluster1;CPU Load;WARNING;notify-service-by-email;WARNING - load average: 14.06, 13.49, 13.27
[1549864184] SERVICE ALERT: smscapp1;Memory;WARNING;SOFT;2;WARNING - 13.9% (2262656 kB) free!
[1549864248] SERVICE NOTIFICATION: nagiosadmin;sig6;CPU_Procs;WARNING;notify-service-by-email;CPU WARNING: 1 warn out of 351 processes
[1549864249] SERVICE ALERT: db2;CPU_Procs;CRITICAL;SOFT;1;CPU CRITICAL: 1 crit, 0 warn out of 345 processes
[1549864304] SERVICE NOTIFICATION: nagiosadmin;smscapp1;Memory;WARNING;notify-service-by-email;WARNING - 13.8% (2243168 kB) free!
[1549864304] SERVICE ALERT: smscapp1;Memory;WARNING;HARD;3;WARNING - 13.8% (2243168 kB) free!
[1549864337] SERVICE NOTIFICATION: nagiosadmin;qservercluster1;CPU_Procs;CRITICAL;notify-service-by-email;CPU CRITICAL: 1 crit, 0 warn out of 302 processes
[1549864369] SERVICE ALERT: db2;CPU_Procs;CRITICAL;SOFT;2;CPU CRITICAL: 1 crit, 0 warn out of 343 processes
[1549864489] SERVICE NOTIFICATION: nagiosadmin;db2;CPU_Procs;CRITICAL;notify-service-by-email;CPU CRITICAL: 1 crit, 0 warn out of 343 processes
[1549864489] SERVICE ALERT: db2;CPU_Procs;CRITICAL;HARD;3;CPU CRITICAL: 1 crit, 0 warn out of 343 processes
[1549865244] SERVICE ALERT: smscapp2;Memory;CRITICAL;SOFT;1;CRITICAL - 6.1% (988292 kB) free!
[1549865268] SERVICE ALERT: pservercluster2;Memory;WARNING;SOFT;1;WARNING - 13.0% (3198264 kB) free!
[1549865364] SERVICE ALERT: smscapp2;Memory;CRITICAL;SOFT;2;CRITICAL - 6.0% (976676 kB) free!
[1549865388] SERVICE ALERT: pservercluster2;Memory;WARNING;SOFT;2;WARNING - 13.0% (3175348 kB) free!
[1549865396] SERVICE NOTIFICATION: nagiosadmin;pservercluster2;HDD_Root status;WARNING;notify-service-by-email;DISK WARNING - free space: / 7586 MB (14% inode=98%):
[1549865484] SERVICE NOTIFICATION: nagiosadmin;smscapp2;Memory;CRITICAL;notify-service-by-email;CRITICAL - 5.9% (965116 kB) free!
[1549865484] SERVICE ALERT: smscapp2;Memory;CRITICAL;HARD;3;CRITICAL - 5.9% (965116 kB) free!
[1549865504] SERVICE NOTIFICATION: nagiosadmin;smscapp1;Memory;CRITICAL;notify-service-by-email;CRITICAL - 4.6% (749020 kB) free!
[1549865504] SERVICE ALERT: smscapp1;Memory;CRITICAL;HARD;3;CRITICAL - 4.6% (749020 kB) free!
[1549865508] SERVICE ALERT: pservercluster2;Memory;WARNING;HARD;3;WARNING - 12.9% (3152304 kB) free!
[1549865652] SERVICE NOTIFICATION: nagiosadmin;sservercluster1;CPU_Procs;WARNING;notify-service-by-email;CPU WARNING: 2 warn out of 318 processes
[1549866763] SERVICE NOTIFICATION: nagiosadmin;pservercluster1;CPU_Procs;WARNING;notify-service-by-email;CPU WARNING: 4 warn out of 325 processes
[1549867086] SERVICE NOTIFICATION: nagiosadmin;qservercluster2;CPU_Procs;CRITICAL;notify-service-by-email;CPU CRITICAL: 1 crit, 0 warn out of 301 processes
[1549867144] Auto-save of retention data completed successfully.
[1549867205] SERVICE NOTIFICATION: nagiosadmin;sservercluster2;CPU_Procs;WARNING;notify-service-by-email;CPU WARNING: 4 warn out of 332 processes
[1549867778] SERVICE NOTIFICATION: nagiosadmin;qservercluster1;CPU Load;WARNING;notify-service-by-email;WARNING - load average: 13.73, 13.07, 13.12
[1549867848] SERVICE NOTIFICATION: nagiosadmin;sig6;CPU_Procs;WARNING;notify-service-by-email;CPU WARNING: 1 warn out of 353 processes
[1549867908] SERVICE ALERT: pservercluster2;Memory;CRITICAL;HARD;3;CRITICAL - 9.4% (2296044 kB) free!
[1549867937] SERVICE NOTIFICATION: nagiosadmin;qservercluster1;CPU_Procs;CRITICAL;notify-service-by-email;CPU CRITICAL: 1 crit, 0 warn out of 304 processes
[1549868090] SERVICE NOTIFICATION: nagiosadmin;db2;CPU_Procs;CRITICAL;notify-service-by-email;CPU CRITICAL: 1 crit, 0 warn out of 337 processes
[1549869084] SERVICE NOTIFICATION: nagiosadmin;smscapp2;Memory;CRITICAL;notify-service-by-email;CRITICAL - 5.0% (814308 kB) free!
[1549869104] SERVICE NOTIFICATION: nagiosadmin;smscapp1;Memory;CRITICAL;notify-service-by-email;CRITICAL - 2.7% (432008 kB) free!
[1549869252] SERVICE NOTIFICATION: nagiosadmin;sservercluster1;CPU_Procs;WARNING;notify-service-by-email;CPU WARNING: 2 warn out of 316 processes
[1549869595] SERVICE NOTIFICATION: nagiosadmin;pservercluster2;HDD_Root status;WARNING;notify-service-by-email;DISK WARNING - free space: / 7586 MB (14% inode=98%):
[1549870022] EXTERNAL COMMAND: SCHEDULE_FORCED_SVC_CHECK;pservercluster2;Memory;1549870020
[1549870022] SERVICE ALERT: pservercluster2;Memory;OK;HARD;1;OK - 91.5% (22439124 kB) free.
[1549870026] EXTERNAL COMMAND: SCHEDULE_FORCED_SVC_CHECK;pservercluster2;Memory;1549870024
[1549870072] EXTERNAL COMMAND: SCHEDULE_FORCED_SVC_CHECK;smscapp1;Memory;1549870071
[1549870072] SERVICE NOTIFICATION: nagiosadmin;smscapp1;Memory;OK;notify-service-by-email;OK - 92.7% (15065464 kB) free.
[1549870072] SERVICE ALERT: smscapp1;Memory;OK;HARD;1;OK - 92.7% (15065464 kB) free.
[1549870076] EXTERNAL COMMAND: SCHEDULE_FORCED_SVC_CHECK;smscapp1;Memory;1549870074
[1549870118] EXTERNAL COMMAND: SCHEDULE_FORCED_SVC_CHECK;smscapp2;Memory;1549870116
[1549870118] SERVICE NOTIFICATION: nagiosadmin;smscapp2;Memory;OK;notify-service-by-email;OK - 91.9% (14932572 kB) free.
[1549870118] SERVICE ALERT: smscapp2;Memory;OK;HARD;1;OK - 91.9% (14932572 kB) free.
[1549870122] EXTERNAL COMMAND: SCHEDULE_FORCED_SVC_CHECK;smscapp2;Memory;1549870121
[1549870126] EXTERNAL COMMAND: SCHEDULE_FORCED_SVC_CHECK;smscapp2;Memory;1549870125
[1549870364] SERVICE NOTIFICATION: nagiosadmin;pservercluster1;CPU_Procs;WARNING;notify-service-by-email;CPU WARNING: 4 warn out of 327 processes
[1549870686] SERVICE NOTIFICATION: nagiosadmin;qservercluster2;CPU_Procs;CRITICAL;notify-service-by-email;CPU CRITICAL: 1 crit, 0 warn out of 301 processes
[1549870744] Auto-save of retention data completed successfully.
[1549870806] SERVICE NOTIFICATION: nagiosadmin;sservercluster2;CPU_Procs;WARNING;notify-service-by-email;CPU WARNING: 4 warn out of 332 processes
[1549871378] SERVICE NOTIFICATION: nagiosadmin;qservercluster1;CPU Load;WARNING;notify-service-by-email;WARNING - load average: 13.27, 13.21, 13.19
[1549871448] SERVICE NOTIFICATION: nagiosadmin;sig6;CPU_Procs;WARNING;notify-service-by-email;CPU WARNING: 1 warn out of 352 processes
[1549871537] SERVICE NOTIFICATION: nagiosadmin;qservercluster1;CPU_Procs;CRITICAL;notify-service-by-email;CPU CRITICAL: 1 crit, 0 warn out of 298 processes
[1549871689] SERVICE NOTIFICATION: nagiosadmin;db2;CPU_Procs;OK;notify-service-by-email;CPU OK: 335 processes
[1549871689] SERVICE ALERT: db2;CPU_Procs;OK;HARD;1;CPU OK: 335 processes
[1549872289] SERVICE ALERT: db2;CPU_Procs;CRITICAL;SOFT;1;CPU CRITICAL: 1 crit, 0 warn out of 336 processes
[1549872410] SERVICE ALERT: db2;CPU_Procs;CRITICAL;SOFT;2;CPU CRITICAL: 1 crit, 0 warn out of 336 processes
[1549872530] SERVICE FLAPPING ALERT: db2;CPU_Procs;STARTED; Service appears to have started flapping (21.2% change >= 20.0% threshold)
[1549872530] SERVICE ALERT: db2;CPU_Procs;CRITICAL;HARD;3;CPU CRITICAL: 1 crit, 0 warn out of 335 processes
[1549872852] SERVICE NOTIFICATION: nagiosadmin;sservercluster1;CPU_Procs;WARNING;notify-service-by-email;CPU WARNING: 2 warn out of 316 processes
[1549873195] SERVICE NOTIFICATION: nagiosadmin;pservercluster2;HDD_Root status;WARNING;notify-service-by-email;DISK WARNING - free space: / 7585 MB (14% inode=98%):
[1549873730] SERVICE ALERT: db2;CPU_Procs;OK;HARD;1;CPU OK: 344 processes
[1549873770] SERVICE ALERT: sig4;Current Users;CRITICAL;SOFT;1;CHECK_NRPE: Socket timeout after 10 seconds.
[1549873773] HOST ALERT: sig4;DOWN;SOFT;1;CRITICAL - Host Unreachable (10.147.212.56)
[1549873781] Warning: Return code of 255 for check of service 'HDD_Home status' on host 'sig4' was out of bounds.
[1549873781] SERVICE ALERT: sig4;HDD_Home status;CRITICAL;HARD;1;(Return code of 255 for service 'HDD_Home status' on host 'sig4' was out of bounds)
[1549873781] Warning: Return code of 255 for check of service 'CPU Load' on host 'sig4' was out of bounds.
[1549873781] SERVICE ALERT: sig4;CPU Load;CRITICAL;HARD;1;(Return code of 255 for service 'CPU Load' on host 'sig4' was out of bounds)
[1549873781] Warning: Return code of 255 for check of service 'HDD_Root status' on host 'sig4' was out of bounds.
[1549873781] SERVICE ALERT: sig4;HDD_Root status;CRITICAL;HARD;1;(Return code of 255 for service 'HDD_Root status' on host 'sig4' was out of bounds)
[1549873837] HOST ALERT: sig4;UP;SOFT;1;PING OK - Packet loss = 0%, RTA = 0.48 ms
[1549873890] SERVICE ALERT: sig4;Current Users;OK;HARD;1;USERS OK - 0 users currently logged in
[1549873901] SERVICE ALERT: sig4;CPU Load;OK;HARD;1;OK - load average: 0.29, 0.16, 0.06
[1549873901] SERVICE ALERT: sig4;HDD_Root status;OK;HARD;1;DISK OK - free space: / 37467 MB (73% inode=98%):
[1549873901] SERVICE ALERT: sig4;HDD_Home status;OK;HARD;1;DISK OK - free space: /home 202567 MB (90% inode=99%):
[1549874286] SERVICE NOTIFICATION: nagiosadmin;qservercluster2;CPU_Procs;CRITICAL;notify-service-by-email;CPU CRITICAL: 1 crit, 0 warn out of 302 processes
[1549874330] SERVICE ALERT: db2;CPU_Procs;CRITICAL;SOFT;1;CPU CRITICAL: 1 crit, 0 warn out of 339 processes
[1549874344] Auto-save of retention data completed successfully.
[1549874407] SERVICE NOTIFICATION: nagiosadmin;sservercluster2;CPU_Procs;WARNING;notify-service-by-email;CPU WARNING: 4 warn out of 330 processes
[1549874450] SERVICE ALERT: db2;CPU_Procs;CRITICAL;SOFT;2;CPU CRITICAL: 1 crit, 0 warn out of 341 processes
[1549874563] SERVICE NOTIFICATION: nagiosadmin;pservercluster1;CPU_Procs;WARNING;notify-service-by-email;CPU WARNING: 4 warn out of 325 processes
[1549874570] SERVICE ALERT: db2;CPU_Procs;CRITICAL;HARD;3;CPU CRITICAL: 1 crit, 0 warn out of 339 processes
[1549874978] SERVICE NOTIFICATION: nagiosadmin;qservercluster1;CPU Load;WARNING;notify-service-by-email;WARNING - load average: 14.70, 14.40, 14.10
[1549875049] SERVICE NOTIFICATION: nagiosadmin;sig6;CPU_Procs;WARNING;notify-service-by-email;CPU WARNING: 1 warn out of 351 processes
[1549875137] SERVICE NOTIFICATION: nagiosadmin;qservercluster1;CPU_Procs;CRITICAL;notify-service-by-email;CPU CRITICAL: 1 crit, 0 warn out of 302 processes
[1549876452] SERVICE NOTIFICATION: nagiosadmin;sservercluster1;CPU_Procs;WARNING;notify-service-by-email;CPU WARNING: 2 warn out of 315 processes
[1549876795] SERVICE NOTIFICATION: nagiosadmin;pservercluster2;HDD_Root status;WARNING;notify-service-by-email;DISK WARNING - free space: / 7585 MB (14% inode=98%):
[1549876970] SERVICE ALERT: db2;CPU_Procs;OK;HARD;1;CPU OK: 339 processes
[1549877570] SERVICE ALERT: db2;CPU_Procs;CRITICAL;SOFT;1;CPU CRITICAL: 1 crit, 0 warn out of 343 processes
[1549877690] SERVICE ALERT: db2;CPU_Procs;CRITICAL;SOFT;2;CPU CRITICAL: 1 crit, 0 warn out of 341 processes
[1549877810] SERVICE ALERT: db2;CPU_Procs;CRITICAL;HARD;3;CPU CRITICAL: 1 crit, 0 warn out of 342 processes
[1549877887] SERVICE NOTIFICATION: nagiosadmin;qservercluster2;CPU_Procs;CRITICAL;notify-service-by-email;CPU CRITICAL: 1 crit, 0 warn out of 301 processes
[1549877944] Auto-save of retention data completed successfully.
[1549878163] SERVICE NOTIFICATION: nagiosadmin;pservercluster1;CPU_Procs;WARNING;notify-service-by-email;CPU WARNING: 4 warn out of 325 processes
[1549878410] SERVICE ALERT: db2;CPU_Procs;OK;HARD;1;CPU OK: 339 processes
[1549878578] SERVICE NOTIFICATION: nagiosadmin;qservercluster1;CPU Load;WARNING;notify-service-by-email;WARNING - load average: 13.60, 13.86, 13.93
[1549878606] SERVICE NOTIFICATION: nagiosadmin;sservercluster2;CPU_Procs;WARNING;notify-service-by-email;CPU WARNING: 4 warn out of 329 processes
[1549878738] SERVICE NOTIFICATION: nagiosadmin;qservercluster1;CPU_Procs;CRITICAL;notify-service-by-email;CPU CRITICAL: 1 crit, 0 warn out of 302 processes
[1549879010] SERVICE ALERT: db2;CPU_Procs;CRITICAL;SOFT;1;CPU CRITICAL: 1 crit, 0 warn out of 341 processes
[1549879026] SERVICE FLAPPING ALERT: pservercluster2;Memory;STOPPED; Service appears to have stopped flapping (4.1% change < 5.0% threshold)
[1549879131] SERVICE ALERT: db2;CPU_Procs;OK;HARD;1;CPU OK: 342 processes
[1549879249] SERVICE NOTIFICATION: nagiosadmin;sig6;CPU_Procs;WARNING;notify-service-by-email;CPU WARNING: 1 warn out of 354 processes
[1549879626] SERVICE ALERT: pservercluster2;Memory;CRITICAL;SOFT;1;CRITICAL - 1.3% (310144 kB) free!
[1549879730] SERVICE ALERT: db2;CPU_Procs;CRITICAL;SOFT;1;CPU CRITICAL: 1 crit, 0 warn out of 341 processes
[1549879746] SERVICE ALERT: pservercluster2;Memory;CRITICAL;SOFT;2;CRITICAL - 0.9% (223808 kB) free!
[1549879850] SERVICE ALERT: db2;CPU_Procs;OK;HARD;1;CPU OK: 342 processes
[1549879866] SERVICE NOTIFICATION: nagiosadmin;pservercluster2;Memory;CRITICAL;notify-service-by-email;CRITICAL - 0.7% (174052 kB) free!
[1549879866] SERVICE ALERT: pservercluster2;Memory;CRITICAL;HARD;3;CRITICAL - 0.7% (174052 kB) free!
[1549880053] SERVICE NOTIFICATION: nagiosadmin;sservercluster1;CPU_Procs;WARNING;notify-service-by-email;CPU WARNING: 2 warn out of 318 processes
[1549880395] SERVICE NOTIFICATION: nagiosadmin;pservercluster2;HDD_Root status;WARNING;notify-service-by-email;DISK WARNING - free space: / 7620 MB (14% inode=98%):
[1549880450] SERVICE ALERT: db2;CPU_Procs;CRITICAL;SOFT;1;CPU CRITICAL: 1 crit, 0 warn out of 345 processes
[1549880570] SERVICE ALERT: db2;CPU_Procs;CRITICAL;SOFT;2;CPU CRITICAL: 1 crit, 0 warn out of 342 processes
[1549880690] SERVICE ALERT: db2;CPU_Procs;CRITICAL;HARD;3;CPU CRITICAL: 1 crit, 0 warn out of 342 processes
[1549880897] EXTERNAL COMMAND: SCHEDULE_FORCED_SVC_CHECK;pservercluster2;Memory;1549880895
[1549880897] SERVICE NOTIFICATION: nagiosadmin;pservercluster2;Memory;OK;notify-service-by-email;OK - 93.8% (23002724 kB) free.
[1549880897] SERVICE ALERT: pservercluster2;Memory;OK;HARD;1;OK - 93.8% (23002724 kB) free.
[1549880902] EXTERNAL COMMAND: SCHEDULE_FORCED_SVC_CHECK;pservercluster2;Memory;1549880900
[1549880912] EXTERNAL COMMAND: SCHEDULE_FORCED_SVC_CHECK;pservercluster2;Memory;1549880910
[1549881290] SERVICE ALERT: db2;CPU_Procs;OK;HARD;1;CPU OK: 344 processes
[1549881544] Auto-save of retention data completed successfully.
[1549881764] SERVICE NOTIFICATION: nagiosadmin;pservercluster1;CPU_Procs;WARNING;notify-service-by-email;CPU WARNING: 4 warn out of 324 processes
[1549881890] SERVICE ALERT: db2;CPU_Procs;CRITICAL;SOFT;1;CPU CRITICAL: 1 crit, 0 warn out of 345 processes
[1549881993] SERVICE ALERT: webserver2;Current Users;WARNING;SOFT;1;USERS WARNING - 51 users currently logged in
[1549882011] SERVICE ALERT: db2;CPU_Procs;CRITICAL;SOFT;2;CPU CRITICAL: 1 crit, 0 warn out of 345 processes
[1549882053] SERVICE ALERT: webserver2;Current Users;WARNING;SOFT;2;USERS WARNING - 51 users currently logged in
[1549882086] SERVICE NOTIFICATION: nagiosadmin;qservercluster2;CPU_Procs;CRITICAL;notify-service-by-email;CPU CRITICAL: 1 crit, 0 warn out of 301 processes
[1549882113] SERVICE ALERT: webserver2;Current Users;WARNING;SOFT;3;USERS WARNING - 51 users currently logged in
[1549882131] SERVICE ALERT: db2;CPU_Procs;CRITICAL;HARD;3;CPU CRITICAL: 1 crit, 0 warn out of 343 processes
[1549882173] SERVICE NOTIFICATION: nagiosadmin;webserver2;Current Users;WARNING;notify-service-by-email;USERS WARNING - 51 users currently logged in
[1549882173] SERVICE ALERT: webserver2;Current Users;WARNING;HARD;4;USERS WARNING - 51 users currently logged in
[1549882178] SERVICE NOTIFICATION: nagiosadmin;qservercluster1;CPU Load;WARNING;notify-service-by-email;WARNING - load average: 14.74, 14.45, 14.15
[1549882206] SERVICE NOTIFICATION: nagiosadmin;sservercluster2;CPU_Procs;WARNING;notify-service-by-email;CPU WARNING: 4 warn out of 331 processes
[1549882473] SERVICE NOTIFICATION: nagiosadmin;webserver2;Current Users;OK;notify-service-by-email;USERS OK - 48 users currently logged in
[1549882473] SERVICE ALERT: webserver2;Current Users;OK;HARD;1;USERS OK - 48 users currently logged in
[1549882517] SERVICE ALERT: pservercluster2;CPU Load;WARNING;SOFT;1;WARNING - load average: 2.82, 14.16, 9.87
[1549882637] SERVICE ALERT: pservercluster2;CPU Load;WARNING;SOFT;2;WARNING - load average: 1.52, 9.88, 8.82
[1549882644] SERVICE ALERT: webservercluster2;Current Users;WARNING;SOFT;1;USERS WARNING - 11 users currently logged in
[1549882757] SERVICE NOTIFICATION: nagiosadmin;pservercluster2;CPU Load;WARNING;notify-service-by-email;WARNING - load average: 1.53, 7.12, 7.94
[1549882757] SERVICE ALERT: pservercluster2;CPU Load;WARNING;HARD;3;WARNING - load average: 1.53, 7.12, 7.94
[1549882764] SERVICE ALERT: webservercluster2;Current Users;WARNING;SOFT;2;USERS WARNING - 11 users currently logged in
[1549882884] SERVICE NOTIFICATION: nagiosadmin;webservercluster2;Current Users;WARNING;notify-service-by-email;USERS WARNING - 11 users currently logged in
[1549882884] SERVICE ALERT: webservercluster2;Current Users;WARNING;HARD;3;USERS WARNING - 11 users currently logged in
[1549882937] SERVICE NOTIFICATION: nagiosadmin;qservercluster1;CPU_Procs;CRITICAL;notify-service-by-email;CPU CRITICAL: 1 crit, 0 warn out of 302 processes
[1549883357] SERVICE NOTIFICATION: nagiosadmin;pservercluster2;CPU Load;OK;notify-service-by-email;OK - load average: 1.51, 2.44, 5.00
[1549883357] SERVICE ALERT: pservercluster2;CPU Load;OK;HARD;1;OK - load average: 1.51, 2.44, 5.00
[1549883448] SERVICE NOTIFICATION: nagiosadmin;sig6;CPU_Procs;WARNING;notify-service-by-email;CPU WARNING: 1 warn out of 351 processes
[1549883995] SERVICE NOTIFICATION: nagiosadmin;pservercluster2;HDD_Root status;WARNING;notify-service-by-email;DISK WARNING - free space: / 7442 MB (14% inode=98%):
[1549884252] SERVICE NOTIFICATION: nagiosadmin;sservercluster1;CPU_Procs;WARNING;notify-service-by-email;CPU WARNING: 2 warn out of 317 processes
[1549885144] Auto-save of retention data completed successfully.
[1549885473] SERVICE ALERT: webserver2;Current Users;WARNING;SOFT;1;USERS WARNING - 52 users currently logged in
[1549885533] SERVICE ALERT: webserver2;Current Users;WARNING;SOFT;2;USERS WARNING - 52 users currently logged in
[1549885593] SERVICE ALERT: webserver2;Current Users;WARNING;SOFT;3;USERS WARNING - 52 users currently logged in
[1549885653] SERVICE NOTIFICATION: nagiosadmin;webserver2;Current Users;WARNING;notify-service-by-email;USERS WARNING - 52 users currently logged in
[1549885653] SERVICE ALERT: webserver2;Current Users;WARNING;HARD;4;USERS WARNING - 52 users currently logged in
[1549885686] SERVICE NOTIFICATION: nagiosadmin;qservercluster2;CPU_Procs;CRITICAL;notify-service-by-email;CPU CRITICAL: 1 crit, 0 warn out of 302 processes
[1549885732] SERVICE ALERT: db2;CPU_Procs;OK;HARD;1;CPU OK: 340 processes
[1549885778] SERVICE NOTIFICATION: nagiosadmin;qservercluster1;CPU Load;WARNING;notify-service-by-email;WARNING - load average: 13.22, 13.74, 13.80
[1549885807] SERVICE NOTIFICATION: nagiosadmin;sservercluster2;CPU_Procs;WARNING;notify-service-by-email;CPU WARNING: 4 warn out of 330 processes
[1549885963] SERVICE NOTIFICATION: nagiosadmin;pservercluster1;CPU_Procs;WARNING;notify-service-by-email;CPU WARNING: 4 warn out of 325 processes
[1549886313] SERVICE ALERT: pservercluster2;Memory;CRITICAL;SOFT;1;CRITICAL - 0.8% (195468 kB) free!
[1549886332] SERVICE ALERT: db2;CPU_Procs;CRITICAL;SOFT;1;CPU CRITICAL: 1 crit, 0 warn out of 345 processes
[1549886433] SERVICE ALERT: pservercluster2;Memory;CRITICAL;SOFT;2;CRITICAL - 0.8% (185456 kB) free!
[1549886452] SERVICE ALERT: db2;CPU_Procs;CRITICAL;SOFT;2;CPU CRITICAL: 1 crit, 0 warn out of 345 processes
[1549886484] SERVICE NOTIFICATION: nagiosadmin;webservercluster2;Current Users;WARNING;notify-service-by-email;USERS WARNING - 14 users currently logged in
[1549886537] SERVICE NOTIFICATION: nagiosadmin;qservercluster1;CPU_Procs;CRITICAL;notify-service-by-email;CPU CRITICAL: 1 crit, 0 warn out of 304 processes
[1549886553] SERVICE NOTIFICATION: nagiosadmin;pservercluster2;Memory;CRITICAL;notify-service-by-email;CRITICAL - 0.8% (190060 kB) free!
[1549886553] SERVICE ALERT: pservercluster2;Memory;CRITICAL;HARD;3;CRITICAL - 0.8% (190060 kB) free!
[1549886572] SERVICE ALERT: db2;CPU_Procs;CRITICAL;HARD;3;CPU CRITICAL: 1 crit, 0 warn out of 342 processes
[1549887048] SERVICE NOTIFICATION: nagiosadmin;sig6;CPU_Procs;WARNING;notify-service-by-email;CPU WARNING: 1 warn out of 351 processes
[1549887595] SERVICE NOTIFICATION: nagiosadmin;pservercluster2;HDD_Root status;WARNING;notify-service-by-email;DISK WARNING - free space: / 7442 MB (14% inode=98%):
[1549887852] SERVICE NOTIFICATION: nagiosadmin;sservercluster1;CPU_Procs;WARNING;notify-service-by-email;CPU WARNING: 2 warn out of 317 processes
[1549888653] SERVICE NOTIFICATION: nagiosadmin;webserver2;Current Users;OK;notify-service-by-email;USERS OK - 50 users currently logged in
[1549888653] SERVICE ALERT: webserver2;Current Users;OK;HARD;1;USERS OK - 50 users currently logged in
[1549888744] Auto-save of retention data completed successfully.
[1549889286] SERVICE NOTIFICATION: nagiosadmin;qservercluster2;CPU_Procs;CRITICAL;notify-service-by-email;CPU CRITICAL: 1 crit, 0 warn out of 300 processes
[1549889378] SERVICE NOTIFICATION: nagiosadmin;qservercluster1;CPU Load;WARNING;notify-service-by-email;WARNING - load average: 12.53, 13.49, 13.56
[1549889563] SERVICE NOTIFICATION: nagiosadmin;pservercluster1;CPU_Procs;WARNING;notify-service-by-email;CPU WARNING: 4 warn out of 325 processes
[1549890006] SERVICE NOTIFICATION: nagiosadmin;sservercluster2;CPU_Procs;WARNING;notify-service-by-email;CPU WARNING: 4 warn out of 330 processes
[1549890084] SERVICE NOTIFICATION: nagiosadmin;webservercluster2;Current Users;WARNING;notify-service-by-email;USERS WARNING - 13 users currently logged in
[1549890137] SERVICE NOTIFICATION: nagiosadmin;qservercluster1;CPU_Procs;CRITICAL;notify-service-by-email;CPU CRITICAL: 1 crit, 0 warn out of 300 processes
[1549890153] SERVICE ALERT: webserver2;Current Users;WARNING;SOFT;1;USERS WARNING - 54 users currently logged in
[1549890153] SERVICE NOTIFICATION: nagiosadmin;pservercluster2;Memory;CRITICAL;notify-service-by-email;CRITICAL - 0.7% (178928 kB) free!
[1549890213] SERVICE ALERT: webserver2;Current Users;WARNING;SOFT;2;USERS WARNING - 54 users currently logged in
[1549890273] SERVICE ALERT: webserver2;Current Users;WARNING;SOFT;3;USERS WARNING - 54 users currently logged in
[1549890333] SERVICE NOTIFICATION: nagiosadmin;webserver2;Current Users;WARNING;notify-service-by-email;USERS WARNING - 54 users currently logged in
[1549890333] SERVICE ALERT: webserver2;Current Users;WARNING;HARD;4;USERS WARNING - 54 users currently logged in
[1549890648] SERVICE NOTIFICATION: nagiosadmin;sig6;CPU_Procs;WARNING;notify-service-by-email;CPU WARNING: 1 warn out of 350 processes
[1549890753] SERVICE NOTIFICATION: nagiosadmin;pservercluster2;Memory;OK;notify-service-by-email;OK - 94.0% (23049992 kB) free.
[1549890753] SERVICE ALERT: pservercluster2;Memory;OK;HARD;1;OK - 94.0% (23049992 kB) free.
[1549891195] SERVICE NOTIFICATION: nagiosadmin;pservercluster2;HDD_Root status;WARNING;notify-service-by-email;DISK WARNING - free space: / 7442 MB (14% inode=98%):
[1549891372] SERVICE ALERT: db2;CPU_Procs;OK;HARD;1;CPU OK: 340 processes
[1549891453] SERVICE NOTIFICATION: nagiosadmin;sservercluster1;CPU_Procs;WARNING;notify-service-by-email;CPU WARNING: 2 warn out of 318 processes
[1549891972] SERVICE ALERT: db2;CPU_Procs;CRITICAL;SOFT;1;CPU CRITICAL: 1 crit, 0 warn out of 342 processes
[1549892092] SERVICE ALERT: db2;CPU_Procs;OK;HARD;1;CPU OK: 340 processes
[1549892344] Auto-save of retention data completed successfully.
[1549892692] SERVICE ALERT: db2;CPU_Procs;CRITICAL;SOFT;1;CPU CRITICAL: 1 crit, 0 warn out of 341 processes
[1549892812] SERVICE ALERT: db2;CPU_Procs;OK;HARD;1;CPU OK: 338 processes
[1549892886] SERVICE NOTIFICATION: nagiosadmin;qservercluster2;CPU_Procs;CRITICAL;notify-service-by-email;CPU CRITICAL: 1 crit, 0 warn out of 302 processes
[1549892978] SERVICE NOTIFICATION: nagiosadmin;qservercluster1;CPU Load;WARNING;notify-service-by-email;WARNING - load average: 14.62, 14.09, 13.97
[1549893163] SERVICE NOTIFICATION: nagiosadmin;pservercluster1;CPU_Procs;WARNING;notify-service-by-email;CPU WARNING: 4 warn out of 325 processes
[1549893413] SERVICE ALERT: db2;CPU_Procs;CRITICAL;SOFT;1;CPU CRITICAL: 1 crit, 0 warn out of 342 processes
[1549893533] SERVICE ALERT: db2;CPU_Procs;OK;HARD;1;CPU OK: 342 processes
[1549893606] SERVICE NOTIFICATION: nagiosadmin;sservercluster2;CPU_Procs;WARNING;notify-service-by-email;CPU WARNING: 4 warn out of 332 processes
[1549893684] SERVICE NOTIFICATION: nagiosadmin;webservercluster2;Current Users;WARNING;notify-service-by-email;USERS WARNING - 13 users currently logged in
[1549893737] SERVICE NOTIFICATION: nagiosadmin;qservercluster1;CPU_Procs;CRITICAL;notify-service-by-email;CPU CRITICAL: 1 crit, 0 warn out of 300 processes
[1549893753] SERVICE ALERT: pservercluster2;Memory;WARNING;SOFT;1;WARNING - 13.9% (3400356 kB) free!
[1549893874] SERVICE ALERT: pservercluster2;Memory;CRITICAL;SOFT;2;CRITICAL - 0.8% (191900 kB) free!
[1549893933] SERVICE NOTIFICATION: nagiosadmin;webserver2;Current Users;WARNING;notify-service-by-email;USERS WARNING - 51 users currently logged in
[1549893994] SERVICE NOTIFICATION: nagiosadmin;pservercluster2;Memory;CRITICAL;notify-service-by-email;CRITICAL - 0.8% (187904 kB) free!
[1549893994] SERVICE ALERT: pservercluster2;Memory;CRITICAL;HARD;3;CRITICAL - 0.8% (187904 kB) free!
[1549894133] SERVICE ALERT: db2;CPU_Procs;CRITICAL;SOFT;1;CPU CRITICAL: 1 crit, 0 warn out of 340 processes
[1549894248] SERVICE NOTIFICATION: nagiosadmin;sig6;CPU_Procs;WARNING;notify-service-by-email;CPU WARNING: 1 warn out of 351 processes
[1549894253] SERVICE ALERT: db2;CPU_Procs;OK;HARD;1;CPU OK: 343 processes
[1549894795] SERVICE NOTIFICATION: nagiosadmin;pservercluster2;HDD_Root status;WARNING;notify-service-by-email;DISK WARNING - free space: / 7442 MB (14% inode=98%):
[1549894833] SERVICE NOTIFICATION: nagiosadmin;webserver2;Current Users;OK;notify-service-by-email;USERS OK - 49 users currently logged in
[1549894833] SERVICE ALERT: webserver2;Current Users;OK;HARD;1;USERS OK - 49 users currently logged in
[1549894853] SERVICE ALERT: db2;CPU_Procs;CRITICAL;SOFT;1;CPU CRITICAL: 1 crit, 0 warn out of 345 processes
[1549894973] SERVICE ALERT: db2;CPU_Procs;OK;HARD;1;CPU OK: 340 processes
[1549895222] EXTERNAL COMMAND: SCHEDULE_FORCED_SVC_CHECK;pservercluster2;Memory;1549895220
[1549895223] SERVICE FLAPPING ALERT: pservercluster2;Memory;STARTED; Service appears to have started flapping (21.6% change >= 20.0% threshold)
[1549895223] SERVICE ALERT: pservercluster2;Memory;OK;HARD;1;OK - 94.1% (23061892 kB) free.
[1549895573] SERVICE ALERT: db2;CPU_Procs;CRITICAL;SOFT;1;CPU CRITICAL: 1 crit, 0 warn out of 345 processes
[1549895652] SERVICE NOTIFICATION: nagiosadmin;sservercluster1;CPU_Procs;WARNING;notify-service-by-email;CPU WARNING: 2 warn out of 319 processes
[1549895693] SERVICE ALERT: db2;CPU_Procs;CRITICAL;SOFT;2;CPU CRITICAL: 1 crit, 0 warn out of 345 processes
[1549895814] SERVICE ALERT: db2;CPU_Procs;CRITICAL;HARD;3;CPU CRITICAL: 1 crit, 0 warn out of 344 processes
[1549895823] SERVICE ALERT: pservercluster2;Memory;CRITICAL;SOFT;1;CRITICAL - 0.7% (165092 kB) free!
[1549895943] SERVICE ALERT: pservercluster2;Memory;CRITICAL;SOFT;2;CRITICAL - 0.9% (211388 kB) free!
[1549895944] Auto-save of retention data completed successfully.
[1549896063] SERVICE ALERT: pservercluster2;Memory;CRITICAL;HARD;3;CRITICAL - 0.7% (167980 kB) free!
[1549896079] SERVICE ALERT: db1;Memory;WARNING;SOFT;1;WARNING - 17.8% (8754292 kB) free!
[1549896199] SERVICE ALERT: db1;Memory;OK;HARD;1;OK - 24.1% (11891644 kB) free.
[1549896476] SERVICE ALERT: smscapp1;Memory;WARNING;SOFT;1;WARNING - 17.9% (2912400 kB) free!
[1549896486] SERVICE NOTIFICATION: nagiosadmin;qservercluster2;CPU_Procs;CRITICAL;notify-service-by-email;CPU CRITICAL: 1 crit, 0 warn out of 301 processes
[1549896579] SERVICE NOTIFICATION: nagiosadmin;qservercluster1;CPU Load;WARNING;notify-service-by-email;WARNING - load average: 13.99, 13.82, 13.93
[1549896596] SERVICE ALERT: smscapp1;Memory;WARNING;SOFT;2;WARNING - 17.8% (2890396 kB) free!
[1549896716] SERVICE NOTIFICATION: nagiosadmin;smscapp1;Memory;WARNING;notify-service-by-email;WARNING - 17.7% (2870628 kB) free!
[1549896716] SERVICE ALERT: smscapp1;Memory;WARNING;HARD;3;WARNING - 17.7% (2870628 kB) free!
[1549896763] SERVICE NOTIFICATION: nagiosadmin;pservercluster1;CPU_Procs;WARNING;notify-service-by-email;CPU WARNING: 4 warn out of 328 processes
[1549896933] SERVICE ALERT: webserver2;Current Users;WARNING;SOFT;1;USERS WARNING - 51 users currently logged in
[1549896993] SERVICE ALERT: webserver2;Current Users;WARNING;SOFT;2;USERS WARNING - 51 users currently logged in
[1549897014] SERVICE ALERT: db2;CPU_Procs;OK;HARD;1;CPU OK: 342 processes
[1549897053] SERVICE ALERT: webserver2;Current Users;WARNING;SOFT;3;USERS WARNING - 52 users currently logged in
[1549897113] SERVICE NOTIFICATION: nagiosadmin;webserver2;Current Users;WARNING;notify-service-by-email;USERS WARNING - 52 users currently logged in
[1549897113] SERVICE ALERT: webserver2;Current Users;WARNING;HARD;4;USERS WARNING - 52 users currently logged in
[1549897207] SERVICE NOTIFICATION: nagiosadmin;sservercluster2;CPU_Procs;WARNING;notify-service-by-email;CPU WARNING: 4 warn out of 336 processes
[1549897284] SERVICE NOTIFICATION: nagiosadmin;webservercluster2;Current Users;WARNING;notify-service-by-email;USERS WARNING - 13 users currently logged in
[1549897338] SERVICE NOTIFICATION: nagiosadmin;qservercluster1;CPU_Procs;CRITICAL;notify-service-by-email;CPU CRITICAL: 1 crit, 0 warn out of 303 processes
[1549897614] SERVICE ALERT: db2;CPU_Procs;CRITICAL;SOFT;1;CPU CRITICAL: 1 crit, 0 warn out of 341 processes
[1549897734] SERVICE ALERT: db2;CPU_Procs;CRITICAL;SOFT;2;CPU CRITICAL: 1 crit, 0 warn out of 341 processes
[1549897849] SERVICE NOTIFICATION: nagiosadmin;sig6;CPU_Procs;WARNING;notify-service-by-email;CPU WARNING: 1 warn out of 350 processes
[1549897854] SERVICE ALERT: db2;CPU_Procs;CRITICAL;HARD;3;CPU CRITICAL: 1 crit, 0 warn out of 346 processes
[1549897999] SERVICE ALERT: db1;Memory;WARNING;SOFT;1;WARNING - 18.5% (9135956 kB) free!
[1549898119] SERVICE ALERT: db1;Memory;OK;HARD;1;OK - 24.6% (12129144 kB) free.
[1549898396] SERVICE NOTIFICATION: nagiosadmin;pservercluster2;HDD_Root status;WARNING;notify-service-by-email;DISK WARNING - free space: / 7442 MB (14% inode=98%):
[1549898454] SERVICE ALERT: db2;CPU_Procs;OK;HARD;1;CPU OK: 343 processes
[1549898719] SERVICE ALERT: db1;Memory;WARNING;SOFT;1;WARNING - 17.0% (8383604 kB) free!
[1549898839] SERVICE ALERT: db1;Memory;OK;HARD;1;OK - 23.7% (11672468 kB) free.
[1549899054] SERVICE ALERT: db2;CPU_Procs;CRITICAL;SOFT;1;CPU CRITICAL: 1 crit, 0 warn out of 346 processes
[1549899175] SERVICE ALERT: db2;CPU_Procs;OK;HARD;1;CPU OK: 342 processes
[1549899252] SERVICE NOTIFICATION: nagiosadmin;sservercluster1;CPU_Procs;WARNING;notify-service-by-email;CPU WARNING: 2 warn out of 321 processes
[1549899513] SERVICE NOTIFICATION: nagiosadmin;webserver2;Current Users;OK;notify-service-by-email;USERS OK - 41 users currently logged in
[1549899513] SERVICE ALERT: webserver2;Current Users;OK;HARD;1;USERS OK - 41 users currently logged in
[1549899544] Auto-save of retention data completed successfully.
[1549900071] SERVICE ALERT: webservercluster1;Memory;WARNING;SOFT;1;WARNING - 12.4% (2020244 kB) free!
[1549900086] SERVICE NOTIFICATION: nagiosadmin;qservercluster2;CPU_Procs;CRITICAL;notify-service-by-email;CPU CRITICAL: 1 crit, 0 warn out of 301 processes
[1549900191] SERVICE ALERT: webservercluster1;Memory;WARNING;SOFT;2;WARNING - 12.4% (2022568 kB) free!
[1549900311] SERVICE NOTIFICATION: nagiosadmin;webservercluster1;Memory;WARNING;notify-service-by-email;WARNING - 12.5% (2023720 kB) free!
[1549900311] SERVICE ALERT: webservercluster1;Memory;WARNING;HARD;3;WARNING - 12.5% (2023720 kB) free!
[1549900316] SERVICE NOTIFICATION: nagiosadmin;smscapp1;Memory;WARNING;notify-service-by-email;WARNING - 16.1% (2621048 kB) free!
[1549900363] SERVICE NOTIFICATION: nagiosadmin;pservercluster1;CPU_Procs;WARNING;notify-service-by-email;CPU WARNING: 4 warn out of 328 processes
[1549900639] SERVICE ALERT: db1;Memory;WARNING;SOFT;1;WARNING - 16.8% (8286400 kB) free!
[1549900759] SERVICE ALERT: db1;Memory;OK;HARD;1;OK - 23.0% (11355976 kB) free.
[1549900778] SERVICE NOTIFICATION: nagiosadmin;qservercluster1;CPU Load;WARNING;notify-service-by-email;WARNING - load average: 15.22, 14.73, 14.33
[1549900884] SERVICE NOTIFICATION: nagiosadmin;webservercluster2;Current Users;WARNING;notify-service-by-email;USERS WARNING - 13 users currently logged in
[1549900911] SERVICE NOTIFICATION: nagiosadmin;webservercluster1;Memory;OK;notify-service-by-email;OK - 31.3% (5086484 kB) free.
[1549900911] SERVICE ALERT: webservercluster1;Memory;OK;HARD;1;OK - 31.3% (5086484 kB) free.
[1549901130] EXTERNAL COMMAND: SCHEDULE_FORCED_SVC_CHECK;pservercluster2;Memory;1549901128
[1549901131] SERVICE ALERT: pservercluster2;Memory;OK;HARD;1;OK - 94.7% (23219320 kB) free.
[1549901137] EXTERNAL COMMAND: SCHEDULE_FORCED_SVC_CHECK;pservercluster2;Memory;1549901135
[1549901257] EXTERNAL COMMAND: SCHEDULE_FORCED_SVC_CHECK;smscapp1;Memory;1549901256
[1549901258] SERVICE NOTIFICATION: nagiosadmin;smscapp1;Memory;OK;notify-service-by-email;OK - 92.6% (15053948 kB) free.
[1549901258] SERVICE ALERT: smscapp1;Memory;OK;HARD;1;OK - 92.6% (15053948 kB) free.
[1549901264] EXTERNAL COMMAND: SCHEDULE_FORCED_SVC_CHECK;smscapp1;Memory;1549901262
[1549901406] SERVICE NOTIFICATION: nagiosadmin;sservercluster2;CPU_Procs;WARNING;notify-service-by-email;CPU WARNING: 4 warn out of 333 processes
[1549901537] SERVICE NOTIFICATION: nagiosadmin;qservercluster1;CPU_Procs;CRITICAL;notify-service-by-email;CPU CRITICAL: 1 crit, 0 warn out of 299 processes
[1549901574] SERVICE ALERT: db2;CPU_Procs;CRITICAL;SOFT;1;CPU CRITICAL: 1 crit, 0 warn out of 338 processes
[1549901694] SERVICE ALERT: db2;CPU_Procs;CRITICAL;SOFT;2;CPU CRITICAL: 1 crit, 0 warn out of 338 processes
[1549901814] SERVICE ALERT: db2;CPU_Procs;CRITICAL;HARD;3;CPU CRITICAL: 1 crit, 0 warn out of 339 processes
[1549902048] SERVICE NOTIFICATION: nagiosadmin;sig6;CPU_Procs;WARNING;notify-service-by-email;CPU WARNING: 1 warn out of 350 processes
[1549902595] SERVICE NOTIFICATION: nagiosadmin;pservercluster2;HDD_Root status;WARNING;notify-service-by-email;DISK WARNING - free space: / 7441 MB (14% inode=98%):
[1549902853] SERVICE NOTIFICATION: nagiosadmin;sservercluster1;CPU_Procs;WARNING;notify-service-by-email;CPU WARNING: 2 warn out of 319 processes
[1549903015] SERVICE ALERT: db2;CPU_Procs;OK;HARD;1;CPU OK: 337 processes
[1549903144] Auto-save of retention data completed successfully.
[1549903159] SERVICE ALERT: db1;Memory;WARNING;SOFT;1;WARNING - 20.0% (9874888 kB) free!
[1549903279] SERVICE ALERT: db1;Memory;OK;HARD;1;OK - 25.6% (12608120 kB) free.
[1549903686] SERVICE NOTIFICATION: nagiosadmin;qservercluster2;CPU_Procs;CRITICAL;notify-service-by-email;CPU CRITICAL: 1 crit, 0 warn out of 300 processes
[1549903879] SERVICE ALERT: db1;Memory;WARNING;SOFT;1;WARNING - 19.1% (9405504 kB) free!
[1549903964] SERVICE NOTIFICATION: nagiosadmin;pservercluster1;CPU_Procs;WARNING;notify-service-by-email;CPU WARNING: 4 warn out of 329 processes
[1549903999] SERVICE ALERT: db1;Memory;OK;HARD;1;OK - 23.0% (11336872 kB) free.
[1549904378] SERVICE NOTIFICATION: nagiosadmin;qservercluster1;CPU Load;WARNING;notify-service-by-email;WARNING - load average: 14.58, 13.98, 13.89
[1549904484] SERVICE NOTIFICATION: nagiosadmin;webservercluster2;Current Users;WARNING;notify-service-by-email;USERS WARNING - 13 users currently logged in
[1549905006] SERVICE NOTIFICATION: nagiosadmin;sservercluster2;CPU_Procs;WARNING;notify-service-by-email;CPU WARNING: 4 warn out of 333 processes
[1549905137] SERVICE NOTIFICATION: nagiosadmin;qservercluster1;CPU_Procs;CRITICAL;notify-service-by-email;CPU CRITICAL: 1 crit, 0 warn out of 300 processes
[1549905648] SERVICE NOTIFICATION: nagiosadmin;sig6;CPU_Procs;WARNING;notify-service-by-email;CPU WARNING: 1 warn out of 350 processes
[1549906195] SERVICE NOTIFICATION: nagiosadmin;pservercluster2;HDD_Root status;WARNING;notify-service-by-email;DISK WARNING - free space: / 7441 MB (14% inode=98%):
[1549906744] Auto-save of retention data completed successfully.
[1549907052] SERVICE NOTIFICATION: nagiosadmin;sservercluster1;CPU_Procs;WARNING;notify-service-by-email;CPU WARNING: 2 warn out of 319 processes
[1549907137] SERVICE FLAPPING ALERT: pservercluster2;Memory;STOPPED; Service appears to have stopped flapping (4.8% change < 5.0% threshold)
[1549907286] SERVICE NOTIFICATION: nagiosadmin;qservercluster2;CPU_Procs;CRITICAL;notify-service-by-email;CPU CRITICAL: 1 crit, 0 warn out of 302 processes
[1549907599] SERVICE ALERT: db1;Memory;WARNING;SOFT;1;WARNING - 18.9% (9309012 kB) free!
[1549907719] SERVICE ALERT: db1;Memory;OK;HARD;1;OK - 25.4% (12506412 kB) free.
[1549907815] SERVICE ALERT: db2;CPU_Procs;CRITICAL;SOFT;1;CPU CRITICAL: 1 crit, 0 warn out of 343 processes
[1549907935] SERVICE ALERT: db2;CPU_Procs;CRITICAL;SOFT;2;CPU CRITICAL: 1 crit, 0 warn out of 345 processes
[1549907978] SERVICE NOTIFICATION: nagiosadmin;qservercluster1;CPU Load;WARNING;notify-service-by-email;WARNING - load average: 14.07, 14.15, 14.12
[1549908055] SERVICE ALERT: db2;CPU_Procs;CRITICAL;HARD;3;CPU CRITICAL: 1 crit, 0 warn out of 346 processes
[1549908084] SERVICE NOTIFICATION: nagiosadmin;webservercluster2;Current Users;WARNING;notify-service-by-email;USERS WARNING - 14 users currently logged in
[1549908163] SERVICE NOTIFICATION: nagiosadmin;pservercluster1;CPU_Procs;WARNING;notify-service-by-email;CPU WARNING: 4 warn out of 330 processes
[1549908319] SERVICE ALERT: db1;Memory;WARNING;SOFT;1;WARNING - 18.6% (9165008 kB) free!
[1549908439] SERVICE ALERT: db1;Memory;OK;HARD;1;OK - 25.0% (12339984 kB) free.
[1549908607] SERVICE NOTIFICATION: nagiosadmin;sservercluster2;CPU_Procs;WARNING;notify-service-by-email;CPU WARNING: 4 warn out of 332 processes
[1549908655] SERVICE ALERT: db2;CPU_Procs;OK;HARD;1;CPU OK: 344 processes
[1549908737] SERVICE NOTIFICATION: nagiosadmin;qservercluster1;CPU_Procs;CRITICAL;notify-service-by-email;CPU CRITICAL: 1 crit, 0 warn out of 303 processes
[1549909039] SERVICE ALERT: db1;Memory;WARNING;SOFT;1;WARNING - 19.7% (9689420 kB) free!
[1549909159] SERVICE ALERT: db1;Memory;OK;HARD;1;OK - 25.4% (12493228 kB) free.
[1549909248] SERVICE NOTIFICATION: nagiosadmin;sig6;CPU_Procs;WARNING;notify-service-by-email;CPU WARNING: 1 warn out of 351 processes
[1549909759] SERVICE ALERT: db1;Memory;WARNING;SOFT;1;WARNING - 18.4% (9059532 kB) free!
[1549909795] SERVICE NOTIFICATION: nagiosadmin;pservercluster2;HDD_Root status;WARNING;notify-service-by-email;DISK WARNING - free space: / 7442 MB (14% inode=98%):
