[1542306600] LOG ROTATION: DAILY
[1542306600] LOG VERSION: 2.0
[1542306600] CURRENT HOST STATE: localhost;UP;HARD;1;PING OK - Packet loss = 0%, RTA = 0.08 ms
[1542306600] CURRENT HOST STATE: prinary-server;UP;HARD;1;PING OK - Packet loss = 0%, RTA = 0.47 ms
[1542306600] CURRENT SERVICE STATE: localhost;Current Load;OK;HARD;1;OK - load average: 0.04, 0.43, 0.52
[1542306600] CURRENT SERVICE STATE: localhost;Current Users;OK;HARD;1;USERS OK - 18 users currently logged in
[1542306600] CURRENT SERVICE STATE: localhost;HTTP;WARNING;HARD;4;HTTP WARNING: HTTP/1.1 403 Forbidden - 5253 bytes in 0.002 second response time
[1542306600] CURRENT SERVICE STATE: localhost;PING;OK;HARD;1;PING OK - Packet loss = 0%, RTA = 0.08 ms
[1542306600] CURRENT SERVICE STATE: localhost;Root Partition;OK;HARD;1;DISK OK - free space: / 40768 MB (79.66% inode=99%):
[1542306600] CURRENT SERVICE STATE: localhost;SSH;OK;HARD;1;SSH OK - OpenSSH_7.4 (protocol 2.0)
[1542306600] CURRENT SERVICE STATE: localhost;Swap Usage;OK;HARD;1;SWAP OK - 100% free (8063 MB out of 8063 MB)
[1542306600] CURRENT SERVICE STATE: localhost;Total Processes;OK;HARD;1;PROCS OK: 158 processes with STATE = RSZDT
[1542306600] CURRENT SERVICE STATE: prinary-server;CPU Load;OK;HARD;1;OK - load average: 0.58, 0.83, 0.69
[1542306600] CURRENT SERVICE STATE: prinary-server;Current Users;OK;HARD;1;USERS OK - 3 users currently logged in
[1542306600] CURRENT SERVICE STATE: prinary-server;HDD status;CRITICAL;HARD;3;NRPE: Command 'check_disk' not defined
[1542306600] CURRENT SERVICE STATE: prinary-server;SSH Monitoring;CRITICAL;HARD;3;NRPE: Command 'check_ssh' not defined
[1542306600] CURRENT SERVICE STATE: prinary-server;Total Processes;CRITICAL;HARD;3;PROCS CRITICAL: 329 processes
[1542307220] Auto-save of retention data completed successfully.
[1542307421] SERVICE NOTIFICATION: nagiosadmin;localhost;HTTP;WARNING;notify-service-by-email;HTTP WARNING: HTTP/1.1 403 Forbidden - 5253 bytes in 0.002 second response time
[1542309275] SERVICE NOTIFICATION: nagiosadmin;prinary-server;SSH Monitoring;CRITICAL;notify-service-by-email;NRPE: Command 'check_ssh' not defined
[1542309568] SERVICE NOTIFICATION: nagiosadmin;prinary-server;HDD status;CRITICAL;notify-service-by-email;NRPE: Command 'check_disk' not defined
[1542309935] SERVICE NOTIFICATION: nagiosadmin;prinary-server;Total Processes;CRITICAL;notify-service-by-email;PROCS CRITICAL: 328 processes
[1542310820] Auto-save of retention data completed successfully.
[1542311021] SERVICE NOTIFICATION: nagiosadmin;localhost;HTTP;WARNING;notify-service-by-email;HTTP WARNING: HTTP/1.1 403 Forbidden - 5253 bytes in 0.002 second response time
[1542312875] SERVICE NOTIFICATION: nagiosadmin;prinary-server;SSH Monitoring;CRITICAL;notify-service-by-email;NRPE: Command 'check_ssh' not defined
[1542313168] SERVICE NOTIFICATION: nagiosadmin;prinary-server;HDD status;CRITICAL;notify-service-by-email;NRPE: Command 'check_disk' not defined
[1542313535] SERVICE NOTIFICATION: nagiosadmin;prinary-server;Total Processes;CRITICAL;notify-service-by-email;PROCS CRITICAL: 330 processes
[1542314420] Auto-save of retention data completed successfully.
[1542314621] SERVICE NOTIFICATION: nagiosadmin;localhost;HTTP;WARNING;notify-service-by-email;HTTP WARNING: HTTP/1.1 403 Forbidden - 5253 bytes in 0.002 second response time
[1542316475] SERVICE NOTIFICATION: nagiosadmin;prinary-server;SSH Monitoring;CRITICAL;notify-service-by-email;NRPE: Command 'check_ssh' not defined
[1542316768] SERVICE NOTIFICATION: nagiosadmin;prinary-server;HDD status;CRITICAL;notify-service-by-email;NRPE: Command 'check_disk' not defined
[1542317135] SERVICE NOTIFICATION: nagiosadmin;prinary-server;Total Processes;CRITICAL;notify-service-by-email;PROCS CRITICAL: 328 processes
[1542318020] Auto-save of retention data completed successfully.
[1542318221] SERVICE NOTIFICATION: nagiosadmin;localhost;HTTP;WARNING;notify-service-by-email;HTTP WARNING: HTTP/1.1 403 Forbidden - 5253 bytes in 0.002 second response time
[1542320076] SERVICE NOTIFICATION: nagiosadmin;prinary-server;SSH Monitoring;CRITICAL;notify-service-by-email;NRPE: Command 'check_ssh' not defined
[1542320368] SERVICE NOTIFICATION: nagiosadmin;prinary-server;HDD status;CRITICAL;notify-service-by-email;NRPE: Command 'check_disk' not defined
[1542320735] SERVICE NOTIFICATION: nagiosadmin;prinary-server;Total Processes;CRITICAL;notify-service-by-email;PROCS CRITICAL: 328 processes
[1542321620] Auto-save of retention data completed successfully.
[1542321821] SERVICE NOTIFICATION: nagiosadmin;localhost;HTTP;WARNING;notify-service-by-email;HTTP WARNING: HTTP/1.1 403 Forbidden - 5253 bytes in 0.001 second response time
[1542323676] SERVICE NOTIFICATION: nagiosadmin;prinary-server;SSH Monitoring;CRITICAL;notify-service-by-email;NRPE: Command 'check_ssh' not defined
[1542323968] SERVICE NOTIFICATION: nagiosadmin;prinary-server;HDD status;CRITICAL;notify-service-by-email;NRPE: Command 'check_disk' not defined
[1542324335] SERVICE NOTIFICATION: nagiosadmin;prinary-server;Total Processes;CRITICAL;notify-service-by-email;PROCS CRITICAL: 329 processes
[1542325220] Auto-save of retention data completed successfully.
[1542325422] SERVICE NOTIFICATION: nagiosadmin;localhost;HTTP;WARNING;notify-service-by-email;HTTP WARNING: HTTP/1.1 403 Forbidden - 5253 bytes in 0.002 second response time
[1542327276] SERVICE NOTIFICATION: nagiosadmin;prinary-server;SSH Monitoring;CRITICAL;notify-service-by-email;NRPE: Command 'check_ssh' not defined
[1542327568] SERVICE NOTIFICATION: nagiosadmin;prinary-server;HDD status;CRITICAL;notify-service-by-email;NRPE: Command 'check_disk' not defined
[1542327935] SERVICE NOTIFICATION: nagiosadmin;prinary-server;Total Processes;CRITICAL;notify-service-by-email;PROCS CRITICAL: 329 processes
[1542328820] Auto-save of retention data completed successfully.
[1542329022] SERVICE NOTIFICATION: nagiosadmin;localhost;HTTP;WARNING;notify-service-by-email;HTTP WARNING: HTTP/1.1 403 Forbidden - 5253 bytes in 0.002 second response time
[1542330876] SERVICE NOTIFICATION: nagiosadmin;prinary-server;SSH Monitoring;CRITICAL;notify-service-by-email;NRPE: Command 'check_ssh' not defined
[1542331168] SERVICE NOTIFICATION: nagiosadmin;prinary-server;HDD status;CRITICAL;notify-service-by-email;NRPE: Command 'check_disk' not defined
[1542331535] SERVICE NOTIFICATION: nagiosadmin;prinary-server;Total Processes;CRITICAL;notify-service-by-email;PROCS CRITICAL: 332 processes
[1542332420] Auto-save of retention data completed successfully.
[1542332622] SERVICE NOTIFICATION: nagiosadmin;localhost;HTTP;WARNING;notify-service-by-email;HTTP WARNING: HTTP/1.1 403 Forbidden - 5253 bytes in 0.002 second response time
[1542334476] SERVICE NOTIFICATION: nagiosadmin;prinary-server;SSH Monitoring;CRITICAL;notify-service-by-email;NRPE: Command 'check_ssh' not defined
[1542334768] SERVICE NOTIFICATION: nagiosadmin;prinary-server;HDD status;CRITICAL;notify-service-by-email;NRPE: Command 'check_disk' not defined
[1542335135] SERVICE NOTIFICATION: nagiosadmin;prinary-server;Total Processes;CRITICAL;notify-service-by-email;PROCS CRITICAL: 333 processes
[1542336020] Auto-save of retention data completed successfully.
[1542336222] SERVICE NOTIFICATION: nagiosadmin;localhost;HTTP;WARNING;notify-service-by-email;HTTP WARNING: HTTP/1.1 403 Forbidden - 5253 bytes in 0.001 second response time
[1542338076] SERVICE NOTIFICATION: nagiosadmin;prinary-server;SSH Monitoring;CRITICAL;notify-service-by-email;NRPE: Command 'check_ssh' not defined
[1542338369] SERVICE NOTIFICATION: nagiosadmin;prinary-server;HDD status;CRITICAL;notify-service-by-email;NRPE: Command 'check_disk' not defined
[1542338735] SERVICE NOTIFICATION: nagiosadmin;prinary-server;Total Processes;CRITICAL;notify-service-by-email;PROCS CRITICAL: 330 processes
[1542339620] Auto-save of retention data completed successfully.
[1542339822] SERVICE NOTIFICATION: nagiosadmin;localhost;HTTP;WARNING;notify-service-by-email;HTTP WARNING: HTTP/1.1 403 Forbidden - 5253 bytes in 0.001 second response time
[1542341648] Caught SIGTERM, shutting down...
[1542341648] Caught SIGTERM, shutting down...
[1542341648] Successfully shutdown... (PID=9590)
[1542341648] Nagios 4.4.2 starting... (PID=14798)
[1542341648] Local time is Fri Nov 16 09:44:08 IST 2018
[1542341648] LOG VERSION: 2.0
[1542341648] qh: Socket '/usr/local/nagios/var/rw/nagios.qh' successfully initialized
[1542341648] qh: core query handler registered
[1542341648] qh: echo service query handler registered
[1542341648] qh: help for the query handler registered
[1542341648] wproc: Successfully registered manager as @wproc with query handler
[1542341648] wproc: Registry request: name=Core Worker 14799;pid=14799
[1542341648] wproc: Registry request: name=Core Worker 14800;pid=14800
[1542341648] wproc: Registry request: name=Core Worker 14801;pid=14801
[1542341648] wproc: Registry request: name=Core Worker 14803;pid=14803
[1542341648] wproc: Registry request: name=Core Worker 14802;pid=14802
[1542341648] wproc: Registry request: name=Core Worker 14804;pid=14804
[1542341648] wproc: Registry request: name=Core Worker 14806;pid=14806
[1542341648] wproc: Registry request: name=Core Worker 14805;pid=14805
[1542341648] wproc: Registry request: name=Core Worker 14807;pid=14807
[1542341648] wproc: Registry request: name=Core Worker 14808;pid=14808
[1542341648] wproc: Registry request: name=Core Worker 14809;pid=14809
[1542341648] wproc: Registry request: name=Core Worker 14810;pid=14810
[1542341648] wproc: Registry request: name=Core Worker 14813;pid=14813
[1542341648] wproc: Registry request: name=Core Worker 14811;pid=14811
[1542341648] wproc: Registry request: name=Core Worker 14812;pid=14812
[1542341648] wproc: Registry request: name=Core Worker 14814;pid=14814
[1542341648] wproc: Registry request: name=Core Worker 14815;pid=14815
[1542341648] wproc: Registry request: name=Core Worker 14816;pid=14816
[1542341648] wproc: Registry request: name=Core Worker 14817;pid=14817
[1542341648] wproc: Registry request: name=Core Worker 14819;pid=14819
[1542341648] wproc: Registry request: name=Core Worker 14818;pid=14818
[1542341648] wproc: Registry request: name=Core Worker 14821;pid=14821
[1542341648] wproc: Registry request: name=Core Worker 14820;pid=14820
[1542341648] wproc: Registry request: name=Core Worker 14822;pid=14822
[1542341658] Successfully launched command file worker with pid 14993
[1542341676] SERVICE NOTIFICATION: nagiosadmin;prinary-server;SSH Monitoring;CRITICAL;notify-service-by-email;NRPE: Command 'check_ssh' not defined
[1542341969] SERVICE NOTIFICATION: nagiosadmin;prinary-server;HDD status;OK;notify-service-by-email;DISK OK - free space: /home 224705 MB (99% inode=99%):
[1542341969] SERVICE ALERT: prinary-server;HDD status;OK;HARD;1;DISK OK - free space: /home 224705 MB (99% inode=99%):
[1542341997] Caught SIGTERM, shutting down...
[1542341997] Caught SIGTERM, shutting down...
[1542341997] Caught SIGTERM, shutting down...
[1542341997] Successfully shutdown... (PID=14798)
[1542341997] Nagios 4.4.2 starting... (PID=21041)
[1542341997] Local time is Fri Nov 16 09:49:57 IST 2018
[1542341997] LOG VERSION: 2.0
[1542341997] qh: Socket '/usr/local/nagios/var/rw/nagios.qh' successfully initialized
[1542341997] qh: core query handler registered
[1542341997] qh: echo service query handler registered
[1542341997] qh: help for the query handler registered
[1542341997] wproc: Successfully registered manager as @wproc with query handler
[1542341997] wproc: Registry request: name=Core Worker 21042;pid=21042
[1542341997] wproc: Registry request: name=Core Worker 21043;pid=21043
[1542341997] wproc: Registry request: name=Core Worker 21044;pid=21044
[1542341997] wproc: Registry request: name=Core Worker 21045;pid=21045
[1542341997] wproc: Registry request: name=Core Worker 21046;pid=21046
[1542341997] wproc: Registry request: name=Core Worker 21049;pid=21049
[1542341997] wproc: Registry request: name=Core Worker 21048;pid=21048
[1542341997] wproc: Registry request: name=Core Worker 21047;pid=21047
[1542341997] wproc: Registry request: name=Core Worker 21050;pid=21050
[1542341997] wproc: Registry request: name=Core Worker 21051;pid=21051
[1542341997] wproc: Registry request: name=Core Worker 21053;pid=21053
[1542341997] wproc: Registry request: name=Core Worker 21052;pid=21052
[1542341997] wproc: Registry request: name=Core Worker 21055;pid=21055
[1542341997] wproc: Registry request: name=Core Worker 21057;pid=21057
[1542341997] wproc: Registry request: name=Core Worker 21060;pid=21060
[1542341997] wproc: Registry request: name=Core Worker 21059;pid=21059
[1542341997] wproc: Registry request: name=Core Worker 21061;pid=21061
[1542341997] wproc: Registry request: name=Core Worker 21062;pid=21062
[1542341997] wproc: Registry request: name=Core Worker 21063;pid=21063
[1542341997] wproc: Registry request: name=Core Worker 21067;pid=21067
[1542341997] wproc: Registry request: name=Core Worker 21065;pid=21065
[1542341997] wproc: Registry request: name=Core Worker 21068;pid=21068
[1542341997] wproc: Registry request: name=Core Worker 21064;pid=21064
[1542341997] wproc: Registry request: name=Core Worker 21066;pid=21066
[1542342007] Successfully launched command file worker with pid 21252
[1542342151] Caught SIGTERM, shutting down...
[1542342151] Caught SIGTERM, shutting down...
[1542342151] Caught SIGTERM, shutting down...
[1542342151] Successfully shutdown... (PID=21041)
[1542342151] Nagios 4.4.2 starting... (PID=23614)
[1542342151] Local time is Fri Nov 16 09:52:31 IST 2018
[1542342151] LOG VERSION: 2.0
[1542342151] qh: Socket '/usr/local/nagios/var/rw/nagios.qh' successfully initialized
[1542342151] qh: core query handler registered
[1542342151] qh: echo service query handler registered
[1542342151] qh: help for the query handler registered
[1542342151] wproc: Successfully registered manager as @wproc with query handler
[1542342151] wproc: Registry request: name=Core Worker 23615;pid=23615
[1542342151] wproc: Registry request: name=Core Worker 23616;pid=23616
[1542342151] wproc: Registry request: name=Core Worker 23617;pid=23617
[1542342151] wproc: Registry request: name=Core Worker 23619;pid=23619
[1542342151] wproc: Registry request: name=Core Worker 23620;pid=23620
[1542342151] wproc: Registry request: name=Core Worker 23618;pid=23618
[1542342151] wproc: Registry request: name=Core Worker 23621;pid=23621
[1542342151] wproc: Registry request: name=Core Worker 23624;pid=23624
[1542342151] wproc: Registry request: name=Core Worker 23622;pid=23622
[1542342151] wproc: Registry request: name=Core Worker 23623;pid=23623
[1542342151] wproc: Registry request: name=Core Worker 23627;pid=23627
[1542342151] wproc: Registry request: name=Core Worker 23628;pid=23628
[1542342151] wproc: Registry request: name=Core Worker 23626;pid=23626
[1542342151] wproc: Registry request: name=Core Worker 23625;pid=23625
[1542342151] wproc: Registry request: name=Core Worker 23629;pid=23629
[1542342151] wproc: Registry request: name=Core Worker 23632;pid=23632
[1542342151] wproc: Registry request: name=Core Worker 23636;pid=23636
[1542342151] wproc: Registry request: name=Core Worker 23630;pid=23630
[1542342151] wproc: Registry request: name=Core Worker 23634;pid=23634
[1542342151] wproc: Registry request: name=Core Worker 23635;pid=23635
[1542342151] wproc: Registry request: name=Core Worker 23631;pid=23631
[1542342151] wproc: Registry request: name=Core Worker 23638;pid=23638
[1542342151] wproc: Registry request: name=Core Worker 23637;pid=23637
[1542342151] wproc: Registry request: name=Core Worker 23633;pid=23633
[1542342161] Successfully launched command file worker with pid 23806
[1542342335] SERVICE NOTIFICATION: nagiosadmin;prinary-server;Total Processes;OK;notify-service-by-email;PROCS OK: 328 processes
[1542342336] SERVICE ALERT: prinary-server;Total Processes;OK;HARD;1;PROCS OK: 328 processes
[1542342569] SERVICE ALERT: prinary-server;HDD status;CRITICAL;SOFT;1;NRPE: Command 'check_home' not defined
[1542342689] SERVICE ALERT: prinary-server;HDD status;CRITICAL;SOFT;2;NRPE: Command 'check_home' not defined
[1542342810] SERVICE NOTIFICATION: nagiosadmin;prinary-server;HDD status;CRITICAL;notify-service-by-email;NRPE: Command 'check_home' not defined
[1542342810] SERVICE ALERT: prinary-server;HDD status;CRITICAL;HARD;3;NRPE: Command 'check_home' not defined
[1542343169] Caught SIGTERM, shutting down...
[1542343169] Caught SIGTERM, shutting down...
[1542343169] Caught SIGTERM, shutting down...
[1542343169] Successfully shutdown... (PID=23614)
[1542343169] Nagios 4.4.2 starting... (PID=8152)
[1542343169] Local time is Fri Nov 16 10:09:29 IST 2018
[1542343169] LOG VERSION: 2.0
[1542343169] qh: Socket '/usr/local/nagios/var/rw/nagios.qh' successfully initialized
[1542343169] qh: core query handler registered
[1542343169] qh: echo service query handler registered
[1542343169] qh: help for the query handler registered
[1542343169] wproc: Successfully registered manager as @wproc with query handler
[1542343169] wproc: Registry request: name=Core Worker 8153;pid=8153
[1542343169] wproc: Registry request: name=Core Worker 8155;pid=8155
[1542343169] wproc: Registry request: name=Core Worker 8154;pid=8154
[1542343169] wproc: Registry request: name=Core Worker 8156;pid=8156
[1542343169] wproc: Registry request: name=Core Worker 8157;pid=8157
[1542343169] wproc: Registry request: name=Core Worker 8158;pid=8158
[1542343169] wproc: Registry request: name=Core Worker 8159;pid=8159
[1542343169] wproc: Registry request: name=Core Worker 8160;pid=8160
[1542343169] wproc: Registry request: name=Core Worker 8161;pid=8161
[1542343169] wproc: Registry request: name=Core Worker 8162;pid=8162
[1542343169] wproc: Registry request: name=Core Worker 8163;pid=8163
[1542343169] wproc: Registry request: name=Core Worker 8164;pid=8164
[1542343169] wproc: Registry request: name=Core Worker 8165;pid=8165
[1542343169] wproc: Registry request: name=Core Worker 8166;pid=8166
[1542343169] wproc: Registry request: name=Core Worker 8167;pid=8167
[1542343169] wproc: Registry request: name=Core Worker 8168;pid=8168
[1542343169] wproc: Registry request: name=Core Worker 8169;pid=8169
[1542343169] wproc: Registry request: name=Core Worker 8170;pid=8170
[1542343169] wproc: Registry request: name=Core Worker 8172;pid=8172
[1542343169] wproc: Registry request: name=Core Worker 8171;pid=8171
[1542343169] wproc: Registry request: name=Core Worker 8174;pid=8174
[1542343169] wproc: Registry request: name=Core Worker 8175;pid=8175
[1542343169] wproc: Registry request: name=Core Worker 8176;pid=8176
[1542343169] wproc: Registry request: name=Core Worker 8173;pid=8173
[1542343170] Caught SIGTERM, shutting down...
[1542343170] Caught SIGTERM, shutting down...
[1542343179] Successfully launched command file worker with pid 8356
[1542343179] Successfully shutdown... (PID=8152)
[1542343179] Nagios 4.4.2 starting... (PID=8366)
[1542343179] Local time is Fri Nov 16 10:09:39 IST 2018
[1542343179] LOG VERSION: 2.0
[1542343179] qh: Socket '/usr/local/nagios/var/rw/nagios.qh' successfully initialized
[1542343179] qh: core query handler registered
[1542343179] qh: echo service query handler registered
[1542343179] qh: help for the query handler registered
[1542343179] wproc: Successfully registered manager as @wproc with query handler
[1542343179] wproc: Registry request: name=Core Worker 8368;pid=8368
[1542343179] wproc: Registry request: name=Core Worker 8367;pid=8367
[1542343179] wproc: Registry request: name=Core Worker 8369;pid=8369
[1542343179] wproc: Registry request: name=Core Worker 8371;pid=8371
[1542343179] wproc: Registry request: name=Core Worker 8370;pid=8370
[1542343179] wproc: Registry request: name=Core Worker 8372;pid=8372
[1542343179] wproc: Registry request: name=Core Worker 8373;pid=8373
[1542343179] wproc: Registry request: name=Core Worker 8376;pid=8376
[1542343179] wproc: Registry request: name=Core Worker 8375;pid=8375
[1542343179] wproc: Registry request: name=Core Worker 8374;pid=8374
[1542343179] wproc: Registry request: name=Core Worker 8377;pid=8377
[1542343179] wproc: Registry request: name=Core Worker 8380;pid=8380
[1542343179] wproc: Registry request: name=Core Worker 8379;pid=8379
[1542343179] wproc: Registry request: name=Core Worker 8382;pid=8382
[1542343179] wproc: Registry request: name=Core Worker 8381;pid=8381
[1542343179] wproc: Registry request: name=Core Worker 8384;pid=8384
[1542343179] wproc: Registry request: name=Core Worker 8378;pid=8378
[1542343179] wproc: Registry request: name=Core Worker 8383;pid=8383
[1542343179] wproc: Registry request: name=Core Worker 8385;pid=8385
[1542343179] wproc: Registry request: name=Core Worker 8387;pid=8387
[1542343179] wproc: Registry request: name=Core Worker 8389;pid=8389
[1542343179] wproc: Registry request: name=Core Worker 8386;pid=8386
[1542343179] wproc: Registry request: name=Core Worker 8388;pid=8388
[1542343179] wproc: Registry request: name=Core Worker 8390;pid=8390
[1542343189] Successfully launched command file worker with pid 8564
[1542343422] SERVICE NOTIFICATION: nagiosadmin;localhost;HTTP;WARNING;notify-service-by-email;HTTP WARNING: HTTP/1.1 403 Forbidden - 5253 bytes in 0.001 second response time
[1542343703] Caught SIGTERM, shutting down...
[1542343703] Caught SIGTERM, shutting down...
[1542343703] Caught SIGTERM, shutting down...
[1542343703] Successfully shutdown... (PID=8366)
[1542343703] Nagios 4.4.2 starting... (PID=17001)
[1542343703] Local time is Fri Nov 16 10:18:23 IST 2018
[1542343703] LOG VERSION: 2.0
[1542343703] qh: Socket '/usr/local/nagios/var/rw/nagios.qh' successfully initialized
[1542343703] qh: core query handler registered
[1542343703] qh: echo service query handler registered
[1542343703] qh: help for the query handler registered
[1542343703] wproc: Successfully registered manager as @wproc with query handler
[1542343703] wproc: Registry request: name=Core Worker 17002;pid=17002
[1542343703] wproc: Registry request: name=Core Worker 17004;pid=17004
[1542343703] wproc: Registry request: name=Core Worker 17003;pid=17003
[1542343703] wproc: Registry request: name=Core Worker 17005;pid=17005
[1542343703] wproc: Registry request: name=Core Worker 17006;pid=17006
[1542343703] wproc: Registry request: name=Core Worker 17007;pid=17007
[1542343703] wproc: Registry request: name=Core Worker 17008;pid=17008
[1542343703] wproc: Registry request: name=Core Worker 17009;pid=17009
[1542343703] wproc: Registry request: name=Core Worker 17010;pid=17010
[1542343703] wproc: Registry request: name=Core Worker 17011;pid=17011
[1542343703] wproc: Registry request: name=Core Worker 17012;pid=17012
[1542343703] wproc: Registry request: name=Core Worker 17014;pid=17014
[1542343703] wproc: Registry request: name=Core Worker 17015;pid=17015
[1542343703] wproc: Registry request: name=Core Worker 17013;pid=17013
[1542343703] wproc: Registry request: name=Core Worker 17018;pid=17018
[1542343703] wproc: Registry request: name=Core Worker 17016;pid=17016
[1542343703] wproc: Registry request: name=Core Worker 17017;pid=17017
[1542343703] wproc: Registry request: name=Core Worker 17020;pid=17020
[1542343703] wproc: Registry request: name=Core Worker 17021;pid=17021
[1542343703] wproc: Registry request: name=Core Worker 17022;pid=17022
[1542343703] wproc: Registry request: name=Core Worker 17023;pid=17023
[1542343703] wproc: Registry request: name=Core Worker 17019;pid=17019
[1542343703] wproc: Registry request: name=Core Worker 17025;pid=17025
[1542343703] wproc: Registry request: name=Core Worker 17024;pid=17024
[1542343713] Successfully launched command file worker with pid 17191
[1542344071] Caught SIGTERM, shutting down...
[1542344071] Caught SIGTERM, shutting down...
[1542344071] Caught SIGTERM, shutting down...
[1542344071] Successfully shutdown... (PID=17001)
[1542344071] Nagios 4.4.2 starting... (PID=23387)
[1542344071] Local time is Fri Nov 16 10:24:31 IST 2018
[1542344071] LOG VERSION: 2.0
[1542344071] qh: Socket '/usr/local/nagios/var/rw/nagios.qh' successfully initialized
[1542344071] qh: core query handler registered
[1542344071] qh: echo service query handler registered
[1542344071] qh: help for the query handler registered
[1542344071] wproc: Successfully registered manager as @wproc with query handler
[1542344071] wproc: Registry request: name=Core Worker 23389;pid=23389
[1542344071] wproc: Registry request: name=Core Worker 23388;pid=23388
[1542344071] wproc: Registry request: name=Core Worker 23390;pid=23390
[1542344071] wproc: Registry request: name=Core Worker 23392;pid=23392
[1542344071] wproc: Registry request: name=Core Worker 23391;pid=23391
[1542344071] wproc: Registry request: name=Core Worker 23394;pid=23394
[1542344071] wproc: Registry request: name=Core Worker 23393;pid=23393
[1542344071] wproc: Registry request: name=Core Worker 23395;pid=23395
[1542344071] wproc: Registry request: name=Core Worker 23397;pid=23397
[1542344071] wproc: Registry request: name=Core Worker 23396;pid=23396
[1542344071] wproc: Registry request: name=Core Worker 23398;pid=23398
[1542344071] wproc: Registry request: name=Core Worker 23399;pid=23399
[1542344071] wproc: Registry request: name=Core Worker 23400;pid=23400
[1542344071] wproc: Registry request: name=Core Worker 23401;pid=23401
[1542344071] wproc: Registry request: name=Core Worker 23402;pid=23402
[1542344071] wproc: Registry request: name=Core Worker 23403;pid=23403
[1542344071] wproc: Registry request: name=Core Worker 23405;pid=23405
[1542344071] wproc: Registry request: name=Core Worker 23404;pid=23404
[1542344071] wproc: Registry request: name=Core Worker 23406;pid=23406
[1542344071] wproc: Registry request: name=Core Worker 23407;pid=23407
[1542344071] wproc: Registry request: name=Core Worker 23408;pid=23408
[1542344071] wproc: Registry request: name=Core Worker 23409;pid=23409
[1542344071] wproc: Registry request: name=Core Worker 23410;pid=23410
[1542344071] wproc: Registry request: name=Core Worker 23411;pid=23411
[1542344081] Successfully launched command file worker with pid 23580
[1542344674] Caught SIGTERM, shutting down...
[1542344674] Caught SIGTERM, shutting down...
[1542344674] Caught SIGTERM, shutting down...
[1542344674] Successfully shutdown... (PID=23387)
[1542344674] Nagios 4.4.2 starting... (PID=1074)
[1542344674] Local time is Fri Nov 16 10:34:34 IST 2018
[1542344674] LOG VERSION: 2.0
[1542344674] qh: Socket '/usr/local/nagios/var/rw/nagios.qh' successfully initialized
[1542344674] qh: core query handler registered
[1542344674] qh: echo service query handler registered
[1542344674] qh: help for the query handler registered
[1542344674] wproc: Successfully registered manager as @wproc with query handler
[1542344674] wproc: Registry request: name=Core Worker 1076;pid=1076
[1542344674] wproc: Registry request: name=Core Worker 1077;pid=1077
[1542344674] wproc: Registry request: name=Core Worker 1079;pid=1079
[1542344674] wproc: Registry request: name=Core Worker 1081;pid=1081
[1542344674] wproc: Registry request: name=Core Worker 1078;pid=1078
[1542344674] wproc: Registry request: name=Core Worker 1084;pid=1084
[1542344674] wproc: Registry request: name=Core Worker 1085;pid=1085
[1542344674] wproc: Registry request: name=Core Worker 1080;pid=1080
[1542344674] wproc: Registry request: name=Core Worker 1086;pid=1086
[1542344674] wproc: Registry request: name=Core Worker 1083;pid=1083
[1542344674] wproc: Registry request: name=Core Worker 1087;pid=1087
[1542344674] wproc: Registry request: name=Core Worker 1088;pid=1088
[1542344674] wproc: Registry request: name=Core Worker 1093;pid=1093
[1542344674] wproc: Registry request: name=Core Worker 1091;pid=1091
[1542344674] wproc: Registry request: name=Core Worker 1090;pid=1090
[1542344674] wproc: Registry request: name=Core Worker 1082;pid=1082
[1542344674] wproc: Registry request: name=Core Worker 1097;pid=1097
[1542344674] wproc: Registry request: name=Core Worker 1098;pid=1098
[1542344674] wproc: Registry request: name=Core Worker 1089;pid=1089
[1542344674] wproc: Registry request: name=Core Worker 1092;pid=1092
[1542344674] wproc: Registry request: name=Core Worker 1100;pid=1100
[1542344674] wproc: Registry request: name=Core Worker 1095;pid=1095
[1542344674] wproc: Registry request: name=Core Worker 1099;pid=1099
[1542344674] wproc: Registry request: name=Core Worker 1096;pid=1096
[1542344684] Successfully launched command file worker with pid 1265
[1542345341] Caught SIGTERM, shutting down...
[1542345341] Caught SIGTERM, shutting down...
[1542345341] Caught SIGTERM, shutting down...
[1542345341] Successfully shutdown... (PID=1074)
[1542345341] Nagios 4.4.2 starting... (PID=12529)
[1542345341] Local time is Fri Nov 16 10:45:41 IST 2018
[1542345341] LOG VERSION: 2.0
[1542345341] qh: Socket '/usr/local/nagios/var/rw/nagios.qh' successfully initialized
[1542345341] qh: core query handler registered
[1542345341] qh: echo service query handler registered
[1542345341] qh: help for the query handler registered
[1542345341] wproc: Successfully registered manager as @wproc with query handler
[1542345341] wproc: Registry request: name=Core Worker 12530;pid=12530
[1542345341] wproc: Registry request: name=Core Worker 12533;pid=12533
[1542345341] wproc: Registry request: name=Core Worker 12534;pid=12534
[1542345341] wproc: Registry request: name=Core Worker 12531;pid=12531
[1542345341] wproc: Registry request: name=Core Worker 12535;pid=12535
[1542345341] wproc: Registry request: name=Core Worker 12532;pid=12532
[1542345341] wproc: Registry request: name=Core Worker 12536;pid=12536
[1542345341] wproc: Registry request: name=Core Worker 12537;pid=12537
[1542345341] wproc: Registry request: name=Core Worker 12538;pid=12538
[1542345341] wproc: Registry request: name=Core Worker 12539;pid=12539
[1542345341] wproc: Registry request: name=Core Worker 12541;pid=12541
[1542345341] wproc: Registry request: name=Core Worker 12540;pid=12540
[1542345341] wproc: Registry request: name=Core Worker 12542;pid=12542
[1542345341] wproc: Registry request: name=Core Worker 12543;pid=12543
[1542345341] wproc: Registry request: name=Core Worker 12544;pid=12544
[1542345341] wproc: Registry request: name=Core Worker 12545;pid=12545
[1542345341] wproc: Registry request: name=Core Worker 12547;pid=12547
[1542345341] wproc: Registry request: name=Core Worker 12548;pid=12548
[1542345341] wproc: Registry request: name=Core Worker 12551;pid=12551
[1542345341] wproc: Registry request: name=Core Worker 12550;pid=12550
[1542345341] wproc: Registry request: name=Core Worker 12549;pid=12549
[1542345341] wproc: Registry request: name=Core Worker 12552;pid=12552
[1542345341] wproc: Registry request: name=Core Worker 12546;pid=12546
[1542345341] wproc: Registry request: name=Core Worker 12553;pid=12553
[1542345342] Caught SIGTERM, shutting down...
[1542345342] Caught SIGTERM, shutting down...
[1542345351] Successfully launched command file worker with pid 12738
[1542345351] Successfully shutdown... (PID=12529)
[1542345351] Nagios 4.4.2 starting... (PID=12747)
[1542345351] Local time is Fri Nov 16 10:45:51 IST 2018
[1542345351] LOG VERSION: 2.0
[1542345351] qh: Socket '/usr/local/nagios/var/rw/nagios.qh' successfully initialized
[1542345351] qh: core query handler registered
[1542345351] qh: echo service query handler registered
[1542345351] qh: help for the query handler registered
[1542345351] wproc: Successfully registered manager as @wproc with query handler
[1542345351] wproc: Registry request: name=Core Worker 12748;pid=12748
[1542345351] wproc: Registry request: name=Core Worker 12749;pid=12749
[1542345351] wproc: Registry request: name=Core Worker 12750;pid=12750
[1542345351] wproc: Registry request: name=Core Worker 12752;pid=12752
[1542345351] wproc: Registry request: name=Core Worker 12751;pid=12751
[1542345351] wproc: Registry request: name=Core Worker 12754;pid=12754
[1542345351] wproc: Registry request: name=Core Worker 12755;pid=12755
[1542345351] wproc: Registry request: name=Core Worker 12756;pid=12756
[1542345351] wproc: Registry request: name=Core Worker 12753;pid=12753
[1542345351] wproc: Registry request: name=Core Worker 12757;pid=12757
[1542345351] wproc: Registry request: name=Core Worker 12758;pid=12758
[1542345351] wproc: Registry request: name=Core Worker 12759;pid=12759
[1542345351] wproc: Registry request: name=Core Worker 12760;pid=12760
[1542345351] wproc: Registry request: name=Core Worker 12761;pid=12761
[1542345351] wproc: Registry request: name=Core Worker 12763;pid=12763
[1542345351] wproc: Registry request: name=Core Worker 12762;pid=12762
[1542345351] wproc: Registry request: name=Core Worker 12764;pid=12764
[1542345351] wproc: Registry request: name=Core Worker 12765;pid=12765
[1542345351] wproc: Registry request: name=Core Worker 12767;pid=12767
[1542345351] wproc: Registry request: name=Core Worker 12766;pid=12766
[1542345351] wproc: Registry request: name=Core Worker 12770;pid=12770
[1542345351] wproc: Registry request: name=Core Worker 12768;pid=12768
[1542345351] wproc: Registry request: name=Core Worker 12769;pid=12769
[1542345351] wproc: Registry request: name=Core Worker 12771;pid=12771
[1542345361] Successfully launched command file worker with pid 12937
[1542346261] SERVICE ALERT: localhost;Current Users;WARNING;SOFT;1;USERS WARNING - 22 users currently logged in
[1542346321] SERVICE ALERT: localhost;Current Users;WARNING;SOFT;2;USERS WARNING - 22 users currently logged in
[1542346381] SERVICE ALERT: localhost;Current Users;WARNING;SOFT;3;USERS WARNING - 22 users currently logged in
[1542346410] SERVICE NOTIFICATION: nagiosadmin;prinary-server;HDD status;CRITICAL;notify-service-by-email;NRPE: Command 'check_dev/mapper/centos-home' not defined
[1542346441] SERVICE NOTIFICATION: nagiosadmin;localhost;Current Users;WARNING;notify-service-by-email;USERS WARNING - 22 users currently logged in
[1542346441] SERVICE ALERT: localhost;Current Users;WARNING;HARD;4;USERS WARNING - 22 users currently logged in
[1542347022] SERVICE NOTIFICATION: nagiosadmin;localhost;HTTP;WARNING;notify-service-by-email;HTTP WARNING: HTTP/1.1 403 Forbidden - 5253 bytes in 0.002 second response time
[1542348951] Auto-save of retention data completed successfully.
[1542350010] SERVICE NOTIFICATION: nagiosadmin;prinary-server;HDD status;CRITICAL;notify-service-by-email;NRPE: Command 'check_dev/mapper/centos-home' not defined
[1542350041] SERVICE NOTIFICATION: nagiosadmin;localhost;Current Users;WARNING;notify-service-by-email;USERS WARNING - 24 users currently logged in
[1542350622] SERVICE NOTIFICATION: nagiosadmin;localhost;HTTP;WARNING;notify-service-by-email;HTTP WARNING: HTTP/1.1 403 Forbidden - 5253 bytes in 0.002 second response time
[1542351088] Caught SIGTERM, shutting down...
[1542351088] Caught SIGTERM, shutting down...
[1542351088] Caught SIGTERM, shutting down...
[1542351088] Successfully shutdown... (PID=12747)
[1542351088] Nagios 4.4.2 starting... (PID=12336)
[1542351088] Local time is Fri Nov 16 12:21:28 IST 2018
[1542351088] LOG VERSION: 2.0
[1542351088] qh: Socket '/usr/local/nagios/var/rw/nagios.qh' successfully initialized
[1542351088] qh: core query handler registered
[1542351088] qh: echo service query handler registered
[1542351088] qh: help for the query handler registered
[1542351088] wproc: Successfully registered manager as @wproc with query handler
[1542351088] wproc: Registry request: name=Core Worker 12338;pid=12338
[1542351088] wproc: Registry request: name=Core Worker 12337;pid=12337
[1542351088] wproc: Registry request: name=Core Worker 12340;pid=12340
[1542351088] wproc: Registry request: name=Core Worker 12339;pid=12339
[1542351088] wproc: Registry request: name=Core Worker 12341;pid=12341
[1542351088] wproc: Registry request: name=Core Worker 12342;pid=12342
[1542351088] wproc: Registry request: name=Core Worker 12343;pid=12343
[1542351088] wproc: Registry request: name=Core Worker 12344;pid=12344
[1542351088] wproc: Registry request: name=Core Worker 12345;pid=12345
[1542351088] wproc: Registry request: name=Core Worker 12346;pid=12346
[1542351088] wproc: Registry request: name=Core Worker 12347;pid=12347
[1542351088] wproc: Registry request: name=Core Worker 12348;pid=12348
[1542351088] wproc: Registry request: name=Core Worker 12349;pid=12349
[1542351088] wproc: Registry request: name=Core Worker 12350;pid=12350
[1542351088] wproc: Registry request: name=Core Worker 12351;pid=12351
[1542351088] wproc: Registry request: name=Core Worker 12352;pid=12352
[1542351088] wproc: Registry request: name=Core Worker 12354;pid=12354
[1542351088] wproc: Registry request: name=Core Worker 12355;pid=12355
[1542351088] wproc: Registry request: name=Core Worker 12356;pid=12356
[1542351088] wproc: Registry request: name=Core Worker 12357;pid=12357
[1542351088] wproc: Registry request: name=Core Worker 12353;pid=12353
[1542351088] wproc: Registry request: name=Core Worker 12358;pid=12358
[1542351088] wproc: Registry request: name=Core Worker 12359;pid=12359
[1542351088] wproc: Registry request: name=Core Worker 12360;pid=12360
[1542351098] Successfully launched command file worker with pid 12532
[1542351191] Caught SIGTERM, shutting down...
[1542351191] Caught SIGTERM, shutting down...
[1542351191] Caught SIGTERM, shutting down...
[1542351191] Successfully shutdown... (PID=12336)
[1542351287] Nagios 4.4.2 starting... (PID=15667)
[1542351287] Local time is Fri Nov 16 12:24:47 IST 2018
[1542351287] LOG VERSION: 2.0
[1542351287] qh: Socket '/usr/local/nagios/var/rw/nagios.qh' successfully initialized
[1542351287] qh: core query handler registered
[1542351287] qh: echo service query handler registered
[1542351287] qh: help for the query handler registered
[1542351287] wproc: Successfully registered manager as @wproc with query handler
[1542351287] wproc: Registry request: name=Core Worker 15668;pid=15668
[1542351287] wproc: Registry request: name=Core Worker 15669;pid=15669
[1542351287] wproc: Registry request: name=Core Worker 15672;pid=15672
[1542351287] wproc: Registry request: name=Core Worker 15670;pid=15670
[1542351287] wproc: Registry request: name=Core Worker 15671;pid=15671
[1542351287] wproc: Registry request: name=Core Worker 15675;pid=15675
[1542351287] wproc: Registry request: name=Core Worker 15673;pid=15673
[1542351287] wproc: Registry request: name=Core Worker 15677;pid=15677
[1542351287] wproc: Registry request: name=Core Worker 15676;pid=15676
[1542351287] wproc: Registry request: name=Core Worker 15674;pid=15674
[1542351287] wproc: Registry request: name=Core Worker 15678;pid=15678
[1542351287] wproc: Registry request: name=Core Worker 15680;pid=15680
[1542351287] wproc: Registry request: name=Core Worker 15682;pid=15682
[1542351287] wproc: Registry request: name=Core Worker 15679;pid=15679
[1542351287] wproc: Registry request: name=Core Worker 15685;pid=15685
[1542351287] wproc: Registry request: name=Core Worker 15683;pid=15683
[1542351287] wproc: Registry request: name=Core Worker 15684;pid=15684
[1542351287] wproc: Registry request: name=Core Worker 15686;pid=15686
[1542351287] wproc: Registry request: name=Core Worker 15687;pid=15687
[1542351287] wproc: Registry request: name=Core Worker 15688;pid=15688
[1542351287] wproc: Registry request: name=Core Worker 15690;pid=15690
[1542351287] wproc: Registry request: name=Core Worker 15691;pid=15691
[1542351287] wproc: Registry request: name=Core Worker 15692;pid=15692
[1542351287] wproc: Registry request: name=Core Worker 15689;pid=15689
[1542351290] Caught SIGTERM, shutting down...
[1542351290] Caught SIGTERM, shutting down...
[1542351297] Successfully launched command file worker with pid 15878
[1542351297] Successfully shutdown... (PID=15667)
[1542351297] Nagios 4.4.2 starting... (PID=15891)
[1542351297] Local time is Fri Nov 16 12:24:57 IST 2018
[1542351297] LOG VERSION: 2.0
[1542351297] qh: Socket '/usr/local/nagios/var/rw/nagios.qh' successfully initialized
[1542351297] qh: core query handler registered
[1542351297] qh: echo service query handler registered
[1542351297] qh: help for the query handler registered
[1542351297] wproc: Successfully registered manager as @wproc with query handler
[1542351297] wproc: Registry request: name=Core Worker 15895;pid=15895
[1542351297] wproc: Registry request: name=Core Worker 15894;pid=15894
[1542351297] wproc: Registry request: name=Core Worker 15892;pid=15892
[1542351297] wproc: Registry request: name=Core Worker 15893;pid=15893
[1542351297] wproc: Registry request: name=Core Worker 15896;pid=15896
[1542351297] wproc: Registry request: name=Core Worker 15897;pid=15897
[1542351297] wproc: Registry request: name=Core Worker 15898;pid=15898
[1542351297] wproc: Registry request: name=Core Worker 15899;pid=15899
[1542351297] wproc: Registry request: name=Core Worker 15900;pid=15900
[1542351297] wproc: Registry request: name=Core Worker 15901;pid=15901
[1542351297] wproc: Registry request: name=Core Worker 15902;pid=15902
[1542351297] wproc: Registry request: name=Core Worker 15905;pid=15905
[1542351297] wproc: Registry request: name=Core Worker 15904;pid=15904
[1542351297] wproc: Registry request: name=Core Worker 15903;pid=15903
[1542351297] wproc: Registry request: name=Core Worker 15907;pid=15907
[1542351297] wproc: Registry request: name=Core Worker 15908;pid=15908
[1542351297] wproc: Registry request: name=Core Worker 15909;pid=15909
[1542351297] wproc: Registry request: name=Core Worker 15910;pid=15910
[1542351297] wproc: Registry request: name=Core Worker 15906;pid=15906
[1542351297] wproc: Registry request: name=Core Worker 15914;pid=15914
[1542351297] wproc: Registry request: name=Core Worker 15911;pid=15911
[1542351297] wproc: Registry request: name=Core Worker 15913;pid=15913
[1542351297] wproc: Registry request: name=Core Worker 15912;pid=15912
[1542351297] wproc: Registry request: name=Core Worker 15915;pid=15915
[1542351307] Successfully launched command file worker with pid 16145
[1542351390] SERVICE ALERT: pservercluster1;Current Users;WARNING;SOFT;1;USERS WARNING - 7 users currently logged in
[1542351510] SERVICE ALERT: pservercluster1;Current Users;WARNING;SOFT;2;USERS WARNING - 7 users currently logged in
[1542351630] SERVICE NOTIFICATION: nagiosadmin;pservercluster1;Current Users;WARNING;notify-service-by-email;USERS WARNING - 7 users currently logged in
[1542351630] SERVICE ALERT: pservercluster1;Current Users;WARNING;HARD;3;USERS WARNING - 7 users currently logged in
[1542351753] SERVICE ALERT: pservercluster1;CPU Load;CRITICAL;SOFT;1;CRITICAL - load average: 86.03, 45.77, 18.46
[1542351873] SERVICE ALERT: pservercluster1;CPU Load;UNKNOWN;SOFT;2;Parameter inconsistency: 1-minute "warning load" is greater than "critical load"
[1542351993] SERVICE NOTIFICATION: nagiosadmin;pservercluster1;CPU Load;UNKNOWN;notify-service-by-email;Parameter inconsistency: 1-minute "warning load" is greater than "critical load"
[1542351993] SERVICE ALERT: pservercluster1;CPU Load;UNKNOWN;HARD;3;Parameter inconsistency: 1-minute "warning load" is greater than "critical load"
[1542352231] SERVICE NOTIFICATION: nagiosadmin;pservercluster1;Current Users;OK;notify-service-by-email;USERS OK - 5 users currently logged in
[1542352231] SERVICE ALERT: pservercluster1;Current Users;OK;HARD;1;USERS OK - 5 users currently logged in
[1542352831] SERVICE ALERT: pservercluster1;Current Users;WARNING;SOFT;1;USERS WARNING - 6 users currently logged in
[1542352951] SERVICE ALERT: pservercluster1;Current Users;WARNING;SOFT;2;USERS WARNING - 6 users currently logged in
[1542353071] SERVICE NOTIFICATION: nagiosadmin;pservercluster1;Current Users;WARNING;notify-service-by-email;USERS WARNING - 6 users currently logged in
[1542353071] SERVICE ALERT: pservercluster1;Current Users;WARNING;HARD;3;USERS WARNING - 6 users currently logged in
[1542353842] SERVICE NOTIFICATION: nagiosadmin;localhost;Current Users;WARNING;notify-service-by-email;USERS WARNING - 25 users currently logged in
[1542353999] SERVICE NOTIFICATION: nagiosadmin;prinary-server;HDD status;CRITICAL;notify-service-by-email;NRPE: Command 'check_dev/mapper/centos-home' not defined
[1542354520] SERVICE NOTIFICATION: nagiosadmin;localhost;HTTP;WARNING;notify-service-by-email;HTTP WARNING: HTTP/1.1 403 Forbidden - 5253 bytes in 0.002 second response time
[1542354897] Auto-save of retention data completed successfully.
[1542355471] SERVICE FLAPPING ALERT: pservercluster1;Current Users;STARTED; Service appears to have started flapping (23.0% change >= 20.0% threshold)
[1542355471] SERVICE ALERT: pservercluster1;Current Users;OK;HARD;1;USERS OK - 5 users currently logged in
[1542355593] SERVICE NOTIFICATION: nagiosadmin;pservercluster1;CPU Load;UNKNOWN;notify-service-by-email;Parameter inconsistency: 1-minute "warning load" is greater than "critical load"
[1542357442] SERVICE NOTIFICATION: nagiosadmin;localhost;Current Users;WARNING;notify-service-by-email;USERS WARNING - 25 users currently logged in
[1542357871] SERVICE ALERT: pservercluster1;Current Users;WARNING;SOFT;1;USERS WARNING - 7 users currently logged in
[1542357991] SERVICE ALERT: pservercluster1;Current Users;WARNING;SOFT;2;USERS WARNING - 7 users currently logged in
[1542358111] SERVICE ALERT: pservercluster1;Current Users;WARNING;HARD;3;USERS WARNING - 7 users currently logged in
[1542358120] SERVICE NOTIFICATION: nagiosadmin;localhost;HTTP;WARNING;notify-service-by-email;HTTP WARNING: HTTP/1.1 403 Forbidden - 5253 bytes in 0.002 second response time
[1542358198] SERVICE NOTIFICATION: nagiosadmin;prinary-server;HDD status;CRITICAL;notify-service-by-email;NRPE: Command 'check_dev/mapper/centos-home' not defined
[1542358284] Caught SIGTERM, shutting down...
[1542358284] Caught SIGTERM, shutting down...
[1542358284] Caught SIGTERM, shutting down...
[1542358284] Successfully shutdown... (PID=15891)
[1542358346] Nagios 4.4.2 starting... (PID=4902)
[1542358346] Local time is Fri Nov 16 14:22:26 IST 2018
[1542358346] LOG VERSION: 2.0
[1542358346] qh: Socket '/usr/local/nagios/var/rw/nagios.qh' successfully initialized
[1542358346] qh: core query handler registered
[1542358346] qh: echo service query handler registered
[1542358346] qh: help for the query handler registered
[1542358346] wproc: Successfully registered manager as @wproc with query handler
[1542358346] wproc: Registry request: name=Core Worker 4904;pid=4904
[1542358346] wproc: Registry request: name=Core Worker 4905;pid=4905
[1542358346] wproc: Registry request: name=Core Worker 4908;pid=4908
[1542358346] wproc: Registry request: name=Core Worker 4906;pid=4906
[1542358346] wproc: Registry request: name=Core Worker 4907;pid=4907
[1542358346] wproc: Registry request: name=Core Worker 4909;pid=4909
[1542358346] wproc: Registry request: name=Core Worker 4910;pid=4910
[1542358346] wproc: Registry request: name=Core Worker 4912;pid=4912
[1542358346] wproc: Registry request: name=Core Worker 4911;pid=4911
[1542358346] wproc: Registry request: name=Core Worker 4914;pid=4914
[1542358346] wproc: Registry request: name=Core Worker 4913;pid=4913
[1542358346] wproc: Registry request: name=Core Worker 4916;pid=4916
[1542358346] wproc: Registry request: name=Core Worker 4917;pid=4917
[1542358346] wproc: Registry request: name=Core Worker 4915;pid=4915
[1542358346] wproc: Registry request: name=Core Worker 4918;pid=4918
[1542358346] wproc: Registry request: name=Core Worker 4920;pid=4920
[1542358346] wproc: Registry request: name=Core Worker 4919;pid=4919
[1542358346] wproc: Registry request: name=Core Worker 4922;pid=4922
[1542358346] wproc: Registry request: name=Core Worker 4921;pid=4921
[1542358346] wproc: Registry request: name=Core Worker 4923;pid=4923
[1542358346] wproc: Registry request: name=Core Worker 4924;pid=4924
[1542358346] wproc: Registry request: name=Core Worker 4927;pid=4927
[1542358346] wproc: Registry request: name=Core Worker 4926;pid=4926
[1542358346] wproc: Registry request: name=Core Worker 4925;pid=4925
[1542358346] SERVICE FLAPPING ALERT: pservercluster1;Current Users;STARTED; Service appears to have started flapping (27.2% change >= 20.0% threshold)
[1542358348] Caught SIGTERM, shutting down...
[1542358348] Caught SIGTERM, shutting down...
[1542358356] Successfully launched command file worker with pid 5103
[1542358356] Successfully shutdown... (PID=4902)
[1542358356] Nagios 4.4.2 starting... (PID=5113)
[1542358356] Local time is Fri Nov 16 14:22:36 IST 2018
[1542358356] LOG VERSION: 2.0
[1542358356] qh: Socket '/usr/local/nagios/var/rw/nagios.qh' successfully initialized
[1542358356] qh: core query handler registered
[1542358356] qh: echo service query handler registered
[1542358356] qh: help for the query handler registered
[1542358356] wproc: Successfully registered manager as @wproc with query handler
[1542358356] wproc: Registry request: name=Core Worker 5114;pid=5114
[1542358356] wproc: Registry request: name=Core Worker 5116;pid=5116
[1542358356] wproc: Registry request: name=Core Worker 5115;pid=5115
[1542358356] wproc: Registry request: name=Core Worker 5117;pid=5117
[1542358356] wproc: Registry request: name=Core Worker 5118;pid=5118
[1542358356] wproc: Registry request: name=Core Worker 5119;pid=5119
[1542358356] wproc: Registry request: name=Core Worker 5120;pid=5120
[1542358356] wproc: Registry request: name=Core Worker 5121;pid=5121
[1542358356] wproc: Registry request: name=Core Worker 5122;pid=5122
[1542358356] wproc: Registry request: name=Core Worker 5123;pid=5123
[1542358356] wproc: Registry request: name=Core Worker 5124;pid=5124
[1542358356] wproc: Registry request: name=Core Worker 5125;pid=5125
[1542358356] wproc: Registry request: name=Core Worker 5128;pid=5128
[1542358356] wproc: Registry request: name=Core Worker 5127;pid=5127
[1542358356] wproc: Registry request: name=Core Worker 5129;pid=5129
[1542358356] wproc: Registry request: name=Core Worker 5126;pid=5126
[1542358356] wproc: Registry request: name=Core Worker 5130;pid=5130
[1542358356] wproc: Registry request: name=Core Worker 5131;pid=5131
[1542358356] wproc: Registry request: name=Core Worker 5132;pid=5132
[1542358356] wproc: Registry request: name=Core Worker 5135;pid=5135
[1542358356] wproc: Registry request: name=Core Worker 5133;pid=5133
[1542358356] wproc: Registry request: name=Core Worker 5134;pid=5134
[1542358356] wproc: Registry request: name=Core Worker 5137;pid=5137
[1542358356] wproc: Registry request: name=Core Worker 5136;pid=5136
[1542358356] SERVICE FLAPPING ALERT: pservercluster1;Current Users;STARTED; Service appears to have started flapping (27.2% change >= 20.0% threshold)
[1542358366] Successfully launched command file worker with pid 5302
[1542359193] SERVICE NOTIFICATION: nagiosadmin;pservercluster1;CPU Load;UNKNOWN;notify-service-by-email;Parameter inconsistency: 1-minute "warning load" is greater than "critical load"
[1542361132] SERVICE NOTIFICATION: nagiosadmin;localhost;Current Users;WARNING;notify-service-by-email;USERS WARNING - 27 users currently logged in
[1542361720] SERVICE NOTIFICATION: nagiosadmin;localhost;HTTP;WARNING;notify-service-by-email;HTTP WARNING: HTTP/1.1 403 Forbidden - 5253 bytes in 0.002 second response time
[1542361798] SERVICE NOTIFICATION: nagiosadmin;prinary-server;HDD status;CRITICAL;notify-service-by-email;NRPE: Command 'check_dev/mapper/centos-home' not defined
[1542361956] Auto-save of retention data completed successfully.
[1542362793] SERVICE NOTIFICATION: nagiosadmin;pservercluster1;CPU Load;UNKNOWN;notify-service-by-email;Parameter inconsistency: 1-minute "warning load" is greater than "critical load"
[1542364732] SERVICE NOTIFICATION: nagiosadmin;localhost;Current Users;WARNING;notify-service-by-email;USERS WARNING - 28 users currently logged in
[1542365320] SERVICE NOTIFICATION: nagiosadmin;localhost;HTTP;WARNING;notify-service-by-email;HTTP WARNING: HTTP/1.1 403 Forbidden - 5253 bytes in 0.001 second response time
[1542365398] SERVICE NOTIFICATION: nagiosadmin;prinary-server;HDD status;CRITICAL;notify-service-by-email;NRPE: Command 'check_dev/mapper/centos-home' not defined
[1542365556] Auto-save of retention data completed successfully.
[1542366393] SERVICE NOTIFICATION: nagiosadmin;pservercluster1;CPU Load;UNKNOWN;notify-service-by-email;Parameter inconsistency: 1-minute "warning load" is greater than "critical load"
[1542367069] Caught SIGTERM, shutting down...
[1542367069] Caught SIGTERM, shutting down...
[1542367069] Caught SIGTERM, shutting down...
[1542367069] Successfully shutdown... (PID=5113)
[1542367069] Nagios 4.4.2 starting... (PID=21916)
[1542367069] Local time is Fri Nov 16 16:47:49 IST 2018
[1542367069] LOG VERSION: 2.0
[1542367069] qh: Socket '/usr/local/nagios/var/rw/nagios.qh' successfully initialized
[1542367069] qh: core query handler registered
[1542367069] qh: echo service query handler registered
[1542367069] qh: help for the query handler registered
[1542367069] wproc: Successfully registered manager as @wproc with query handler
[1542367069] wproc: Registry request: name=Core Worker 21917;pid=21917
[1542367069] wproc: Registry request: name=Core Worker 21918;pid=21918
[1542367069] wproc: Registry request: name=Core Worker 21920;pid=21920
[1542367069] wproc: Registry request: name=Core Worker 21919;pid=21919
[1542367069] wproc: Registry request: name=Core Worker 21921;pid=21921
[1542367069] wproc: Registry request: name=Core Worker 21922;pid=21922
[1542367069] wproc: Registry request: name=Core Worker 21923;pid=21923
[1542367069] wproc: Registry request: name=Core Worker 21925;pid=21925
[1542367069] wproc: Registry request: name=Core Worker 21924;pid=21924
[1542367069] wproc: Registry request: name=Core Worker 21926;pid=21926
[1542367069] wproc: Registry request: name=Core Worker 21928;pid=21928
[1542367069] wproc: Registry request: name=Core Worker 21929;pid=21929
[1542367069] wproc: Registry request: name=Core Worker 21932;pid=21932
[1542367069] wproc: Registry request: name=Core Worker 21930;pid=21930
[1542367069] wproc: Registry request: name=Core Worker 21931;pid=21931
[1542367069] wproc: Registry request: name=Core Worker 21927;pid=21927
[1542367069] wproc: Registry request: name=Core Worker 21933;pid=21933
[1542367069] wproc: Registry request: name=Core Worker 21934;pid=21934
[1542367069] wproc: Registry request: name=Core Worker 21935;pid=21935
[1542367069] wproc: Registry request: name=Core Worker 21936;pid=21936
[1542367069] wproc: Registry request: name=Core Worker 21938;pid=21938
[1542367069] wproc: Registry request: name=Core Worker 21940;pid=21940
[1542367069] wproc: Registry request: name=Core Worker 21937;pid=21937
[1542367069] wproc: Registry request: name=Core Worker 21939;pid=21939
[1542367080] Successfully launched command file worker with pid 22107
[1542367111] SERVICE NOTIFICATION: nagiosadmin;pservercluster1;Current Users;WARNING;notify-service-by-email;USERS WARNING - 7 users currently logged in
[1542368207] Caught SIGTERM, shutting down...
[1542368207] Caught SIGTERM, shutting down...
[1542368207] Caught SIGTERM, shutting down...
[1542368207] Successfully shutdown... (PID=21916)
[1542368207] Nagios 4.4.2 starting... (PID=8872)
[1542368207] Local time is Fri Nov 16 17:06:47 IST 2018
[1542368207] LOG VERSION: 2.0
[1542368207] qh: Socket '/usr/local/nagios/var/rw/nagios.qh' successfully initialized
[1542368207] qh: core query handler registered
[1542368207] qh: echo service query handler registered
[1542368207] qh: help for the query handler registered
[1542368207] wproc: Successfully registered manager as @wproc with query handler
[1542368207] wproc: Registry request: name=Core Worker 8873;pid=8873
[1542368207] wproc: Registry request: name=Core Worker 8875;pid=8875
[1542368207] wproc: Registry request: name=Core Worker 8874;pid=8874
[1542368207] wproc: Registry request: name=Core Worker 8876;pid=8876
[1542368207] wproc: Registry request: name=Core Worker 8877;pid=8877
[1542368207] wproc: Registry request: name=Core Worker 8881;pid=8881
[1542368207] wproc: Registry request: name=Core Worker 8878;pid=8878
[1542368207] wproc: Registry request: name=Core Worker 8880;pid=8880
[1542368207] wproc: Registry request: name=Core Worker 8879;pid=8879
[1542368207] wproc: Registry request: name=Core Worker 8883;pid=8883
[1542368207] wproc: Registry request: name=Core Worker 8882;pid=8882
[1542368207] wproc: Registry request: name=Core Worker 8884;pid=8884
[1542368207] wproc: Registry request: name=Core Worker 8885;pid=8885
[1542368207] wproc: Registry request: name=Core Worker 8886;pid=8886
[1542368207] wproc: Registry request: name=Core Worker 8887;pid=8887
[1542368207] wproc: Registry request: name=Core Worker 8888;pid=8888
[1542368207] wproc: Registry request: name=Core Worker 8889;pid=8889
[1542368207] wproc: Registry request: name=Core Worker 8892;pid=8892
[1542368207] wproc: Registry request: name=Core Worker 8890;pid=8890
[1542368207] wproc: Registry request: name=Core Worker 8891;pid=8891
[1542368207] wproc: Registry request: name=Core Worker 8893;pid=8893
[1542368207] wproc: Registry request: name=Core Worker 8895;pid=8895
[1542368207] wproc: Registry request: name=Core Worker 8894;pid=8894
[1542368207] wproc: Registry request: name=Core Worker 8896;pid=8896
[1542368217] Successfully launched command file worker with pid 9062
[1542368290] Caught SIGTERM, shutting down...
[1542368290] Caught SIGTERM, shutting down...
[1542368290] Caught SIGTERM, shutting down...
[1542368290] Successfully shutdown... (PID=8872)
[1542368290] Nagios 4.4.2 starting... (PID=10341)
[1542368290] Local time is Fri Nov 16 17:08:10 IST 2018
[1542368290] LOG VERSION: 2.0
[1542368290] qh: Socket '/usr/local/nagios/var/rw/nagios.qh' successfully initialized
[1542368290] qh: core query handler registered
[1542368290] qh: echo service query handler registered
[1542368290] qh: help for the query handler registered
[1542368290] wproc: Successfully registered manager as @wproc with query handler
[1542368290] wproc: Registry request: name=Core Worker 10344;pid=10344
[1542368290] wproc: Registry request: name=Core Worker 10343;pid=10343
[1542368290] wproc: Registry request: name=Core Worker 10345;pid=10345
[1542368290] wproc: Registry request: name=Core Worker 10346;pid=10346
[1542368290] wproc: Registry request: name=Core Worker 10348;pid=10348
[1542368290] wproc: Registry request: name=Core Worker 10349;pid=10349
[1542368290] wproc: Registry request: name=Core Worker 10342;pid=10342
[1542368290] wproc: Registry request: name=Core Worker 10351;pid=10351
[1542368290] wproc: Registry request: name=Core Worker 10350;pid=10350
[1542368290] wproc: Registry request: name=Core Worker 10354;pid=10354
[1542368290] wproc: Registry request: name=Core Worker 10353;pid=10353
[1542368290] wproc: Registry request: name=Core Worker 10352;pid=10352
[1542368290] wproc: Registry request: name=Core Worker 10356;pid=10356
[1542368290] wproc: Registry request: name=Core Worker 10355;pid=10355
[1542368290] wproc: Registry request: name=Core Worker 10359;pid=10359
[1542368290] wproc: Registry request: name=Core Worker 10358;pid=10358
[1542368290] wproc: Registry request: name=Core Worker 10360;pid=10360
[1542368290] wproc: Registry request: name=Core Worker 10357;pid=10357
[1542368290] wproc: Registry request: name=Core Worker 10362;pid=10362
[1542368290] wproc: Registry request: name=Core Worker 10363;pid=10363
[1542368290] wproc: Registry request: name=Core Worker 10361;pid=10361
[1542368290] wproc: Registry request: name=Core Worker 10366;pid=10366
[1542368290] wproc: Registry request: name=Core Worker 10364;pid=10364
[1542368290] wproc: Registry request: name=Core Worker 10365;pid=10365
[1542368300] Successfully launched command file worker with pid 10546
[1542368332] SERVICE NOTIFICATION: nagiosadmin;localhost;Current Users;WARNING;notify-service-by-email;USERS WARNING - 25 users currently logged in
[1542368920] SERVICE NOTIFICATION: nagiosadmin;localhost;HTTP;WARNING;notify-service-by-email;HTTP WARNING: HTTP/1.1 403 Forbidden - 5253 bytes in 0.002 second response time
[1542368998] SERVICE NOTIFICATION: nagiosadmin;prinary-server;HDD status;CRITICAL;notify-service-by-email;NRPE: Command 'check_dev/mapper/centos-home' not defined
[1542369869] Caught SIGTERM, shutting down...
[1542369869] Caught SIGTERM, shutting down...
[1542369869] Caught SIGTERM, shutting down...
[1542369869] Successfully shutdown... (PID=10341)
[1542369869] Nagios 4.4.2 starting... (PID=5133)
[1542369869] Local time is Fri Nov 16 17:34:29 IST 2018
[1542369869] LOG VERSION: 2.0
[1542369869] qh: Socket '/usr/local/nagios/var/rw/nagios.qh' successfully initialized
[1542369869] qh: core query handler registered
[1542369869] qh: echo service query handler registered
[1542369869] qh: help for the query handler registered
[1542369869] wproc: Successfully registered manager as @wproc with query handler
[1542369869] wproc: Registry request: name=Core Worker 5134;pid=5134
[1542369869] wproc: Registry request: name=Core Worker 5135;pid=5135
[1542369869] wproc: Registry request: name=Core Worker 5137;pid=5137
[1542369869] wproc: Registry request: name=Core Worker 5138;pid=5138
[1542369869] wproc: Registry request: name=Core Worker 5139;pid=5139
[1542369869] wproc: Registry request: name=Core Worker 5140;pid=5140
[1542369869] wproc: Registry request: name=Core Worker 5136;pid=5136
[1542369869] wproc: Registry request: name=Core Worker 5144;pid=5144
[1542369869] wproc: Registry request: name=Core Worker 5141;pid=5141
[1542369869] wproc: Registry request: name=Core Worker 5145;pid=5145
[1542369869] wproc: Registry request: name=Core Worker 5143;pid=5143
[1542369869] wproc: Registry request: name=Core Worker 5142;pid=5142
[1542369869] wproc: Registry request: name=Core Worker 5146;pid=5146
[1542369869] wproc: Registry request: name=Core Worker 5147;pid=5147
[1542369869] wproc: Registry request: name=Core Worker 5148;pid=5148
[1542369869] wproc: Registry request: name=Core Worker 5149;pid=5149
[1542369869] wproc: Registry request: name=Core Worker 5151;pid=5151
[1542369869] wproc: Registry request: name=Core Worker 5150;pid=5150
[1542369869] wproc: Registry request: name=Core Worker 5153;pid=5153
[1542369869] wproc: Registry request: name=Core Worker 5152;pid=5152
[1542369869] wproc: Registry request: name=Core Worker 5154;pid=5154
[1542369869] wproc: Registry request: name=Core Worker 5157;pid=5157
[1542369869] wproc: Registry request: name=Core Worker 5156;pid=5156
[1542369869] wproc: Registry request: name=Core Worker 5155;pid=5155
[1542369879] Successfully launched command file worker with pid 5322
[1542369947] Caught SIGTERM, shutting down...
[1542369947] Caught SIGTERM, shutting down...
[1542369947] Caught SIGTERM, shutting down...
[1542369947] Successfully shutdown... (PID=5133)
[1542369947] Nagios 4.4.2 starting... (PID=6470)
[1542369947] Local time is Fri Nov 16 17:35:47 IST 2018
[1542369947] LOG VERSION: 2.0
[1542369947] qh: Socket '/usr/local/nagios/var/rw/nagios.qh' successfully initialized
[1542369947] qh: core query handler registered
[1542369947] qh: echo service query handler registered
[1542369947] qh: help for the query handler registered
[1542369947] wproc: Successfully registered manager as @wproc with query handler
[1542369947] wproc: Registry request: name=Core Worker 6471;pid=6471
[1542369947] wproc: Registry request: name=Core Worker 6472;pid=6472
[1542369947] wproc: Registry request: name=Core Worker 6473;pid=6473
[1542369947] wproc: Registry request: name=Core Worker 6476;pid=6476
[1542369947] wproc: Registry request: name=Core Worker 6475;pid=6475
[1542369947] wproc: Registry request: name=Core Worker 6474;pid=6474
[1542369947] wproc: Registry request: name=Core Worker 6477;pid=6477
[1542369947] wproc: Registry request: name=Core Worker 6479;pid=6479
[1542369947] wproc: Registry request: name=Core Worker 6478;pid=6478
[1542369947] wproc: Registry request: name=Core Worker 6480;pid=6480
[1542369947] wproc: Registry request: name=Core Worker 6482;pid=6482
[1542369947] wproc: Registry request: name=Core Worker 6484;pid=6484
[1542369947] wproc: Registry request: name=Core Worker 6483;pid=6483
[1542369947] wproc: Registry request: name=Core Worker 6481;pid=6481
[1542369947] wproc: Registry request: name=Core Worker 6485;pid=6485
[1542369947] wproc: Registry request: name=Core Worker 6486;pid=6486
[1542369947] wproc: Registry request: name=Core Worker 6487;pid=6487
[1542369947] wproc: Registry request: name=Core Worker 6488;pid=6488
[1542369947] wproc: Registry request: name=Core Worker 6489;pid=6489
[1542369947] wproc: Registry request: name=Core Worker 6490;pid=6490
[1542369947] wproc: Registry request: name=Core Worker 6492;pid=6492
[1542369947] wproc: Registry request: name=Core Worker 6491;pid=6491
[1542369947] wproc: Registry request: name=Core Worker 6493;pid=6493
[1542369947] wproc: Registry request: name=Core Worker 6494;pid=6494
[1542369957] Successfully launched command file worker with pid 6663
[1542369993] SERVICE NOTIFICATION: nagiosadmin;pservercluster1;CPU Load;UNKNOWN;notify-service-by-email;Parameter inconsistency: 1-minute "warning load" is greater than "critical load"
[1542370711] SERVICE NOTIFICATION: nagiosadmin;pservercluster1;Current Users;WARNING;notify-service-by-email;USERS WARNING - 7 users currently logged in
[1542371932] SERVICE NOTIFICATION: nagiosadmin;localhost;Current Users;WARNING;notify-service-by-email;USERS WARNING - 27 users currently logged in
[1542372442] Caught SIGTERM, shutting down...
[1542372442] Caught SIGTERM, shutting down...
[1542372442] Caught SIGTERM, shutting down...
[1542372442] Successfully shutdown... (PID=6470)
[1542372442] Nagios 4.4.2 starting... (PID=16249)
[1542372442] Local time is Fri Nov 16 18:17:22 IST 2018
[1542372442] LOG VERSION: 2.0
[1542372442] qh: Socket '/usr/local/nagios/var/rw/nagios.qh' successfully initialized
[1542372442] qh: core query handler registered
[1542372442] qh: echo service query handler registered
[1542372442] qh: help for the query handler registered
[1542372442] wproc: Successfully registered manager as @wproc with query handler
[1542372442] wproc: Registry request: name=Core Worker 16250;pid=16250
[1542372442] wproc: Registry request: name=Core Worker 16251;pid=16251
[1542372442] wproc: Registry request: name=Core Worker 16252;pid=16252
[1542372442] wproc: Registry request: name=Core Worker 16253;pid=16253
[1542372442] wproc: Registry request: name=Core Worker 16254;pid=16254
[1542372442] wproc: Registry request: name=Core Worker 16255;pid=16255
[1542372442] wproc: Registry request: name=Core Worker 16256;pid=16256
[1542372442] wproc: Registry request: name=Core Worker 16257;pid=16257
[1542372442] wproc: Registry request: name=Core Worker 16258;pid=16258
[1542372442] wproc: Registry request: name=Core Worker 16261;pid=16261
[1542372442] wproc: Registry request: name=Core Worker 16259;pid=16259
[1542372442] wproc: Registry request: name=Core Worker 16260;pid=16260
[1542372442] wproc: Registry request: name=Core Worker 16262;pid=16262
[1542372442] wproc: Registry request: name=Core Worker 16263;pid=16263
[1542372442] wproc: Registry request: name=Core Worker 16264;pid=16264
[1542372442] wproc: Registry request: name=Core Worker 16265;pid=16265
[1542372442] wproc: Registry request: name=Core Worker 16266;pid=16266
[1542372442] wproc: Registry request: name=Core Worker 16267;pid=16267
[1542372442] wproc: Registry request: name=Core Worker 16269;pid=16269
[1542372442] wproc: Registry request: name=Core Worker 16270;pid=16270
[1542372442] wproc: Registry request: name=Core Worker 16272;pid=16272
[1542372442] wproc: Registry request: name=Core Worker 16271;pid=16271
[1542372442] wproc: Registry request: name=Core Worker 16268;pid=16268
[1542372442] wproc: Registry request: name=Core Worker 16273;pid=16273
[1542372452] Successfully launched command file worker with pid 16451
[1542372520] SERVICE NOTIFICATION: nagiosadmin;localhost;HTTP;WARNING;notify-service-by-email;HTTP WARNING: HTTP/1.1 403 Forbidden - 5253 bytes in 0.002 second response time
[1542372598] SERVICE NOTIFICATION: nagiosadmin;prinary-server;HDD status;CRITICAL;notify-service-by-email;NRPE: Command 'check_dev/mapper/centos-home' not defined
[1542373593] SERVICE NOTIFICATION: nagiosadmin;pservercluster1;CPU Load;UNKNOWN;notify-service-by-email;Parameter inconsistency: 1-minute "warning load" is greater than "critical load"
[1542374311] SERVICE NOTIFICATION: nagiosadmin;pservercluster1;Current Users;WARNING;notify-service-by-email;USERS WARNING - 8 users currently logged in
[1542374706] Caught SIGTERM, shutting down...
[1542374706] Caught SIGTERM, shutting down...
[1542374706] Caught SIGTERM, shutting down...
[1542374706] Successfully shutdown... (PID=16249)
[1542374706] Nagios 4.4.2 starting... (PID=22291)
[1542374706] Local time is Fri Nov 16 18:55:06 IST 2018
[1542374706] LOG VERSION: 2.0
[1542374706] qh: Socket '/usr/local/nagios/var/rw/nagios.qh' successfully initialized
[1542374706] qh: core query handler registered
[1542374706] qh: echo service query handler registered
[1542374706] qh: help for the query handler registered
[1542374706] wproc: Successfully registered manager as @wproc with query handler
[1542374706] wproc: Registry request: name=Core Worker 22292;pid=22292
[1542374706] wproc: Registry request: name=Core Worker 22295;pid=22295
[1542374706] wproc: Registry request: name=Core Worker 22294;pid=22294
[1542374706] wproc: Registry request: name=Core Worker 22293;pid=22293
[1542374706] wproc: Registry request: name=Core Worker 22296;pid=22296
[1542374706] wproc: Registry request: name=Core Worker 22297;pid=22297
[1542374706] wproc: Registry request: name=Core Worker 22298;pid=22298
[1542374706] wproc: Registry request: name=Core Worker 22300;pid=22300
[1542374706] wproc: Registry request: name=Core Worker 22301;pid=22301
[1542374706] wproc: Registry request: name=Core Worker 22299;pid=22299
[1542374706] wproc: Registry request: name=Core Worker 22303;pid=22303
[1542374706] wproc: Registry request: name=Core Worker 22304;pid=22304
[1542374706] wproc: Registry request: name=Core Worker 22305;pid=22305
[1542374706] wproc: Registry request: name=Core Worker 22302;pid=22302
[1542374706] wproc: Registry request: name=Core Worker 22306;pid=22306
[1542374706] wproc: Registry request: name=Core Worker 22307;pid=22307
[1542374706] wproc: Registry request: name=Core Worker 22309;pid=22309
[1542374706] wproc: Registry request: name=Core Worker 22310;pid=22310
[1542374706] wproc: Registry request: name=Core Worker 22312;pid=22312
[1542374706] wproc: Registry request: name=Core Worker 22308;pid=22308
[1542374706] wproc: Registry request: name=Core Worker 22311;pid=22311
[1542374706] wproc: Registry request: name=Core Worker 22313;pid=22313
[1542374706] wproc: Registry request: name=Core Worker 22314;pid=22314
[1542374706] wproc: Registry request: name=Core Worker 22315;pid=22315
[1542374716] Successfully launched command file worker with pid 22481
[1542374988] SERVICE ALERT: smscapp2;HDD status;CRITICAL;SOFT;1;NRPE: Command 'check_dev/mapper/centos-home' not defined
[1542375108] SERVICE ALERT: smscapp2;HDD status;CRITICAL;SOFT;2;NRPE: Command 'check_dev/mapper/centos-home' not defined
[1542375228] SERVICE NOTIFICATION: nagiosadmin;smscapp2;HDD status;CRITICAL;notify-service-by-email;NRPE: Command 'check_dev/mapper/centos-home' not defined
[1542375228] SERVICE ALERT: smscapp2;HDD status;CRITICAL;HARD;3;NRPE: Command 'check_dev/mapper/centos-home' not defined
[1542375232] SERVICE NOTIFICATION: nagiosadmin;localhost;Current Users;OK;notify-service-by-email;USERS OK - 19 users currently logged in
[1542375232] SERVICE ALERT: localhost;Current Users;OK;HARD;1;USERS OK - 19 users currently logged in
[1542375511] SERVICE NOTIFICATION: nagiosadmin;pservercluster1;Current Users;OK;notify-service-by-email;USERS OK - 3 users currently logged in
[1542375511] SERVICE ALERT: pservercluster1;Current Users;OK;HARD;1;USERS OK - 3 users currently logged in
[1542376120] SERVICE NOTIFICATION: nagiosadmin;localhost;HTTP;WARNING;notify-service-by-email;HTTP WARNING: HTTP/1.1 403 Forbidden - 5253 bytes in 0.002 second response time
[1542376198] SERVICE NOTIFICATION: nagiosadmin;prinary-server;HDD status;CRITICAL;notify-service-by-email;NRPE: Command 'check_dev/mapper/centos-home' not defined
[1542377193] SERVICE NOTIFICATION: nagiosadmin;pservercluster1;CPU Load;UNKNOWN;notify-service-by-email;Parameter inconsistency: 1-minute "warning load" is greater than "critical load"
[1542378306] Auto-save of retention data completed successfully.
[1542378828] SERVICE NOTIFICATION: nagiosadmin;smscapp2;HDD status;CRITICAL;notify-service-by-email;NRPE: Command 'check_dev/mapper/centos-home' not defined
[1542379720] SERVICE NOTIFICATION: nagiosadmin;localhost;HTTP;WARNING;notify-service-by-email;HTTP WARNING: HTTP/1.1 403 Forbidden - 5253 bytes in 0.002 second response time
[1542379798] SERVICE NOTIFICATION: nagiosadmin;prinary-server;HDD status;CRITICAL;notify-service-by-email;NRPE: Command 'check_dev/mapper/centos-home' not defined
[1542380311] SERVICE ALERT: pservercluster1;Current Users;WARNING;SOFT;1;USERS WARNING - 6 users currently logged in
[1542380431] SERVICE ALERT: pservercluster1;Current Users;WARNING;SOFT;2;USERS WARNING - 6 users currently logged in
[1542380551] SERVICE NOTIFICATION: nagiosadmin;pservercluster1;Current Users;WARNING;notify-service-by-email;USERS WARNING - 6 users currently logged in
[1542380551] SERVICE ALERT: pservercluster1;Current Users;WARNING;HARD;3;USERS WARNING - 6 users currently logged in
[1542380793] SERVICE NOTIFICATION: nagiosadmin;pservercluster1;CPU Load;UNKNOWN;notify-service-by-email;Parameter inconsistency: 1-minute "warning load" is greater than "critical load"
[1542381906] Auto-save of retention data completed successfully.
[1542382428] SERVICE NOTIFICATION: nagiosadmin;smscapp2;HDD status;CRITICAL;notify-service-by-email;NRPE: Command 'check_dev/mapper/centos-home' not defined
[1542382951] SERVICE NOTIFICATION: nagiosadmin;pservercluster1;Current Users;OK;notify-service-by-email;USERS OK - 4 users currently logged in
[1542382951] SERVICE ALERT: pservercluster1;Current Users;OK;HARD;1;USERS OK - 4 users currently logged in
[1542383320] SERVICE NOTIFICATION: nagiosadmin;localhost;HTTP;WARNING;notify-service-by-email;HTTP WARNING: HTTP/1.1 403 Forbidden - 5253 bytes in 0.001 second response time
[1542383398] SERVICE NOTIFICATION: nagiosadmin;prinary-server;HDD status;CRITICAL;notify-service-by-email;NRPE: Command 'check_dev/mapper/centos-home' not defined
[1542384393] SERVICE NOTIFICATION: nagiosadmin;pservercluster1;CPU Load;UNKNOWN;notify-service-by-email;Parameter inconsistency: 1-minute "warning load" is greater than "critical load"
[1542385506] Auto-save of retention data completed successfully.
[1542386029] SERVICE NOTIFICATION: nagiosadmin;smscapp2;HDD status;CRITICAL;notify-service-by-email;NRPE: Command 'check_dev/mapper/centos-home' not defined
[1542386920] SERVICE NOTIFICATION: nagiosadmin;localhost;HTTP;WARNING;notify-service-by-email;HTTP WARNING: HTTP/1.1 403 Forbidden - 5253 bytes in 0.002 second response time
[1542386998] SERVICE NOTIFICATION: nagiosadmin;prinary-server;HDD status;CRITICAL;notify-service-by-email;NRPE: Command 'check_dev/mapper/centos-home' not defined
[1542387151] SERVICE ALERT: pservercluster1;Current Users;WARNING;SOFT;1;USERS WARNING - 6 users currently logged in
[1542387271] SERVICE ALERT: pservercluster1;Current Users;WARNING;SOFT;2;USERS WARNING - 7 users currently logged in
[1542387391] SERVICE FLAPPING ALERT: pservercluster1;Current Users;STARTED; Service appears to have started flapping (20.1% change >= 20.0% threshold)
[1542387391] SERVICE ALERT: pservercluster1;Current Users;WARNING;HARD;3;USERS WARNING - 7 users currently logged in
[1542387993] SERVICE NOTIFICATION: nagiosadmin;pservercluster1;CPU Load;UNKNOWN;notify-service-by-email;Parameter inconsistency: 1-minute "warning load" is greater than "critical load"
[1542389106] Auto-save of retention data completed successfully.
[1542389629] SERVICE NOTIFICATION: nagiosadmin;smscapp2;HDD status;CRITICAL;notify-service-by-email;NRPE: Command 'check_dev/mapper/centos-home' not defined
[1542390520] SERVICE NOTIFICATION: nagiosadmin;localhost;HTTP;WARNING;notify-service-by-email;HTTP WARNING: HTTP/1.1 403 Forbidden - 5253 bytes in 0.002 second response time
[1542390598] SERVICE NOTIFICATION: nagiosadmin;prinary-server;HDD status;CRITICAL;notify-service-by-email;NRPE: Command 'check_dev/mapper/centos-home' not defined
[1542391593] SERVICE NOTIFICATION: nagiosadmin;pservercluster1;CPU Load;UNKNOWN;notify-service-by-email;Parameter inconsistency: 1-minute "warning load" is greater than "critical load"
[1542392706] Auto-save of retention data completed successfully.
[1542392791] SERVICE ALERT: pservercluster1;Current Users;OK;HARD;1;USERS OK - 3 users currently logged in
[1542607265] Caught SIGTERM, shutting down...
