[1576521000] LOG ROTATION: DAILY
[1576521000] LOG VERSION: 2.0
[1576521000] CURRENT HOST STATE: db1-vm2;UP;HARD;1;PING OK - Packet loss = 0%, RTA = 0.44 ms
[1576521000] CURRENT HOST STATE: db2;UP;HARD;1;PING OK - Packet loss = 0%, RTA = 0.41 ms
[1576521000] CURRENT HOST STATE: primary-server;UP;HARD;1;PING OK - Packet loss = 0%, RTA = 0.42 ms
[1576521000] CURRENT HOST STATE: pservercluster1;UP;HARD;1;PING OK - Packet loss = 0%, RTA = 0.37 ms
[1576521000] CURRENT HOST STATE: pservercluster2;UP;HARD;1;PING OK - Packet loss = 0%, RTA = 0.30 ms
[1576521000] CURRENT HOST STATE: qservercluster1;UP;HARD;1;PING OK - Packet loss = 0%, RTA = 0.33 ms
[1576521000] CURRENT HOST STATE: qservercluster2;UP;HARD;1;PING OK - Packet loss = 0%, RTA = 0.30 ms
[1576521000] CURRENT HOST STATE: redis-1;UP;HARD;1;PING OK - Packet loss = 0%, RTA = 0.26 ms
[1576521000] CURRENT HOST STATE: redis-2;UP;HARD;1;PING OK - Packet loss = 0%, RTA = 0.32 ms
[1576521000] CURRENT HOST STATE: rq-1;UP;HARD;1;PING OK - Packet loss = 0%, RTA = 0.24 ms
[1576521000] CURRENT HOST STATE: rq-2;UP;HARD;1;PING OK - Packet loss = 0%, RTA = 0.28 ms
[1576521000] CURRENT HOST STATE: secondary-server;UP;HARD;1;PING OK - Packet loss = 0%, RTA = 0.41 ms
[1576521000] CURRENT HOST STATE: sig1-vm2;UP;HARD;1;PING OK - Packet loss = 0%, RTA = 0.52 ms
[1576521000] CURRENT HOST STATE: sig2-vm2;UP;HARD;1;PING OK - Packet loss = 0%, RTA = 0.46 ms
[1576521000] CURRENT HOST STATE: sig3-vm2;UP;HARD;1;PING OK - Packet loss = 0%, RTA = 0.38 ms
[1576521000] CURRENT HOST STATE: sig4-vm2;UP;HARD;1;PING OK - Packet loss = 0%, RTA = 0.56 ms
[1576521000] CURRENT HOST STATE: sig5-vm2;UP;HARD;1;PING OK - Packet loss = 0%, RTA = 0.44 ms
[1576521000] CURRENT HOST STATE: sig6-vm2;UP;HARD;1;PING OK - Packet loss = 0%, RTA = 0.44 ms
[1576521000] CURRENT HOST STATE: sigqscluster1;UP;HARD;1;PING OK - Packet loss = 0%, RTA = 0.47 ms
[1576521000] CURRENT HOST STATE: sigqscluster2;UP;HARD;1;PING OK - Packet loss = 0%, RTA = 0.26 ms
[1576521000] CURRENT HOST STATE: smscapp1;UP;HARD;1;PING OK - Packet loss = 0%, RTA = 0.31 ms
[1576521000] CURRENT HOST STATE: smscapp2;UP;HARD;1;PING OK - Packet loss = 0%, RTA = 0.34 ms
[1576521000] CURRENT HOST STATE: sservercluster1;UP;HARD;1;PING OK - Packet loss = 0%, RTA = 0.33 ms
[1576521000] CURRENT HOST STATE: sservercluster2;UP;HARD;1;PING OK - Packet loss = 0%, RTA = 0.36 ms
[1576521000] CURRENT HOST STATE: webserver1;UP;HARD;1;PING OK - Packet loss = 0%, RTA = 0.46 ms
[1576521000] CURRENT HOST STATE: webserver2;UP;HARD;1;PING OK - Packet loss = 0%, RTA = 0.07 ms
[1576521000] CURRENT HOST STATE: webservercluster1;UP;HARD;1;PING OK - Packet loss = 0%, RTA = 0.46 ms
[1576521000] CURRENT HOST STATE: webservercluster2;UP;HARD;1;PING OK - Packet loss = 0%, RTA = 0.24 ms
[1576521000] CURRENT SERVICE STATE: db1-vm2;CPU Load;OK;HARD;1;OK - load average: 1.35, 1.05, 1.04
[1576521000] CURRENT SERVICE STATE: db1-vm2;CPU_Procs;OK;HARD;1;CPU OK: 462 processes
[1576521000] CURRENT SERVICE STATE: db1-vm2;Current Users;OK;HARD;1;USERS OK - 0 users currently logged in
[1576521000] CURRENT SERVICE STATE: db1-vm2;HDD_Home status;OK;HARD;1;DISK OK - free space: /home 26419 MB (66% inode=99%):
[1576521000] CURRENT SERVICE STATE: db1-vm2;HDD_Root status;OK;HARD;1;DISK OK - free space: / 41525 MB (81% inode=99%):
[1576521000] CURRENT SERVICE STATE: db1-vm2;Memory;OK;HARD;1;OK - 80.3% (19824108 kB) free.
[1576521000] CURRENT SERVICE STATE: db1-vm2;OutOfMemory-killer--oom-killer;OK;HARD;1;Log check ok - 0 pattern matches found
[1576521000] CURRENT SERVICE STATE: db1-vm2;PING;OK;HARD;1;PING OK - Packet loss = 0%, RTA = 0.06 ms
[1576521000] CURRENT SERVICE STATE: db1-vm2;Total Processes;OK;HARD;1;PROCS OK: 461 processes
[1576521000] CURRENT SERVICE STATE: db2;CPU Load;OK;HARD;1;OK - load average: 0.01, 0.02, 0.05
[1576521000] CURRENT SERVICE STATE: db2;CPU_Procs;OK;HARD;1;CPU OK: 326 processes
[1576521000] CURRENT SERVICE STATE: db2;Current Users;OK;HARD;1;USERS OK - 2 users currently logged in
[1576521000] CURRENT SERVICE STATE: db2;HDD_Home status;OK;HARD;1;DISK OK - free space: /home 90216 MB (40% inode=99%):
[1576521000] CURRENT SERVICE STATE: db2;HDD_Root status;OK;HARD;1;DISK OK - free space: / 44474 MB (86% inode=99%):
[1576521000] CURRENT SERVICE STATE: db2;LocalService-NTPD SERVICE;OK;HARD;1;PROCS OK: 1 process with command name 'ntpd'
[1576521000] CURRENT SERVICE STATE: db2;Mariadb status;OK;HARD;1;PROCS OK: 1 process with command name 'mysqld'
[1576521000] CURRENT SERVICE STATE: db2;Memory;OK;HARD;1;OK - 56.4% (27802908 kB) free.
[1576521000] CURRENT SERVICE STATE: db2;Sensors Status;OK;HARD;1;SENSORS OK
[1576521000] CURRENT SERVICE STATE: db2;Total Processes;OK;HARD;1;PROCS OK: 326 processes
[1576521000] CURRENT SERVICE STATE: primary-server;CPU Load;OK;HARD;1;OK - load average: 0.00, 0.03, 0.05
[1576521000] CURRENT SERVICE STATE: primary-server;CPU_Procs;OK;HARD;1;CPU OK: 342 processes
[1576521000] CURRENT SERVICE STATE: primary-server;Current Users;OK;HARD;1;USERS OK - 3 users currently logged in
[1576521000] CURRENT SERVICE STATE: primary-server;HDD_Home status;OK;HARD;1;DISK OK - free space: /home 134122 MB (59% inode=99%):
[1576521000] CURRENT SERVICE STATE: primary-server;HDD_Root status;OK;HARD;1;DISK OK - free space: / 30072 MB (58% inode=99%):
[1576521000] CURRENT SERVICE STATE: primary-server;LocalService-NTPD SERVICE;OK;HARD;1;PROCS OK: 1 process with command name 'ntpd'
[1576521000] CURRENT SERVICE STATE: primary-server;Memory;OK;HARD;1;OK - 60.8% (14893036 kB) free.
[1576521000] CURRENT SERVICE STATE: primary-server;Nginx Access Log Status;OK;HARD;1;Log check ok - 0 pattern matches found
[1576521000] CURRENT SERVICE STATE: primary-server;Nginx Error Log Status;OK;HARD;1;Log check ok - 0 pattern matches found
[1576521000] CURRENT SERVICE STATE: primary-server;Nginx Status;OK;HARD;1;NGINX OK -  0.103 sec. response time, Active: 0 (Writing: 0 Reading: 0 Waiting: 0) ReqPerSec: 0.000 ConnPerSec: 0.000 ReqPerConn: 0.000
[1576521000] CURRENT SERVICE STATE: primary-server;Sensors Status;OK;HARD;1;SENSORS OK
[1576521000] CURRENT SERVICE STATE: primary-server;Total Processes;OK;HARD;1;PROCS OK: 343 processes
[1576521000] CURRENT SERVICE STATE: pservercluster1;CPU Load;OK;HARD;1;OK - load average: 0.71, 0.43, 0.44
[1576521000] CURRENT SERVICE STATE: pservercluster1;CPU_Procs;OK;HARD;1;CPU OK: 365 processes
[1576521000] CURRENT SERVICE STATE: pservercluster1;Current Users;OK;HARD;1;USERS OK - 8 users currently logged in
[1576521000] CURRENT SERVICE STATE: pservercluster1;HDD_Home status;OK;HARD;1;DISK OK - free space: /home 179993 MB (81% inode=99%):
[1576521000] CURRENT SERVICE STATE: pservercluster1;HDD_Root status;OK;HARD;1;DISK OK - free space: / 39519 MB (77% inode=99%):
[1576521000] CURRENT SERVICE STATE: pservercluster1;LocalService-NTPD SERVICE;OK;HARD;1;PROCS OK: 1 process with command name 'ntpd'
[1576521000] CURRENT SERVICE STATE: pservercluster1;Memory;OK;HARD;1;OK - 68.0% (16789292 kB) free.
[1576521000] CURRENT SERVICE STATE: pservercluster1;Sensors Status;OK;HARD;1;SENSORS OK
[1576521000] CURRENT SERVICE STATE: pservercluster1;Total Processes;OK;HARD;1;PROCS OK: 368 processes
[1576521000] CURRENT SERVICE STATE: pservercluster2;CPU Load;OK;HARD;1;OK - load average: 1.49, 1.55, 1.69
[1576521000] CURRENT SERVICE STATE: pservercluster2;CPU_Procs;OK;HARD;1;CPU OK: 361 processes
[1576521000] CURRENT SERVICE STATE: pservercluster2;Current Users;OK;HARD;1;USERS OK - 3 users currently logged in
[1576521000] CURRENT SERVICE STATE: pservercluster2;HDD_Home status;OK;HARD;1;DISK OK - free space: /home 138444 MB (61% inode=99%):
[1576521000] CURRENT SERVICE STATE: pservercluster2;HDD_Root status;OK;HARD;1;DISK OK - free space: / 37464 MB (73% inode=98%):
[1576521000] CURRENT SERVICE STATE: pservercluster2;LocalService-NTPD SERVICE;OK;HARD;1;PROCS OK: 1 process with command name 'ntpd'
[1576521000] CURRENT SERVICE STATE: pservercluster2;Memory;OK;HARD;1;OK - 57.0% (13979780 kB) free.
[1576521000] CURRENT SERVICE STATE: pservercluster2;Sensors Status;OK;HARD;1;SENSORS OK
[1576521000] CURRENT SERVICE STATE: pservercluster2;Total Processes;OK;HARD;1;PROCS OK: 362 processes
[1576521000] CURRENT SERVICE STATE: qservercluster1;CPU Load;OK;HARD;1;OK - load average: 5.04, 5.73, 6.05
[1576521000] CURRENT SERVICE STATE: qservercluster1;CPU_Procs;OK;HARD;1;CPU OK: 331 processes
[1576521000] CURRENT SERVICE STATE: qservercluster1;Current Users;OK;HARD;1;USERS OK - 1 users currently logged in
[1576521000] CURRENT SERVICE STATE: qservercluster1;HDD_Home status;OK;HARD;1;DISK OK - free space: /home 224641 MB (99% inode=99%):
[1576521000] CURRENT SERVICE STATE: qservercluster1;HDD_Root status;OK;HARD;1;DISK OK - free space: / 43957 MB (85% inode=99%):
[1576521000] CURRENT SERVICE STATE: qservercluster1;LocalService-NTPD SERVICE;OK;HARD;1;PROCS OK: 1 process with command name 'ntpd'
[1576521000] CURRENT SERVICE STATE: qservercluster1;Memory;OK;HARD;1;OK - 82.3% (40527880 kB) free.
[1576521000] CURRENT SERVICE STATE: qservercluster1;Sensors Status;OK;HARD;1;SENSORS OK
[1576521000] CURRENT SERVICE STATE: qservercluster1;Total Processes;OK;HARD;1;PROCS OK: 330 processes
[1576521000] CURRENT SERVICE STATE: qservercluster2;CPU Load;OK;HARD;1;OK - load average: 2.17, 2.20, 2.22
[1576521000] CURRENT SERVICE STATE: qservercluster2;CPU_Procs;OK;HARD;1;CPU OK: 548 processes
[1576521000] CURRENT SERVICE STATE: qservercluster2;Current Users;OK;HARD;1;USERS OK - 4 users currently logged in
[1576521000] CURRENT SERVICE STATE: qservercluster2;HDD_Home status;OK;HARD;1;DISK OK - free space: /home 141168 MB (62% inode=99%):
[1576521000] CURRENT SERVICE STATE: qservercluster2;HDD_Root status;OK;HARD;1;DISK OK - free space: / 27054 MB (52% inode=98%):
[1576521000] CURRENT SERVICE STATE: qservercluster2;LocalService-NTPD SERVICE;OK;HARD;1;PROCS OK: 1 process with command name 'ntpd'
[1576521000] CURRENT SERVICE STATE: qservercluster2;Memory;OK;HARD;1;OK - 85.0% (41867496 kB) free.
[1576521000] CURRENT SERVICE STATE: qservercluster2;Sensors Status;OK;HARD;1;SENSORS OK
[1576521000] CURRENT SERVICE STATE: qservercluster2;Total Processes;OK;HARD;1;PROCS OK: 550 processes
[1576521000] CURRENT SERVICE STATE: redis-1;CPU Load;OK;HARD;1;OK - load average: 0.94, 0.86, 0.88
[1576521000] CURRENT SERVICE STATE: redis-1;CPU_Procs;OK;HARD;1;CPU OK: 402 processes
[1576521000] CURRENT SERVICE STATE: redis-1;Current Users;OK;HARD;1;USERS OK - 1 users currently logged in
[1576521000] CURRENT SERVICE STATE: redis-1;HDD_Home status;OK;HARD;1;DISK OK - free space: /home 363378 MB (97% inode=99%):
[1576521000] CURRENT SERVICE STATE: redis-1;HDD_Root status;OK;HARD;1;DISK OK - free space: / 45136 MB (88% inode=99%):
[1576521000] CURRENT SERVICE STATE: redis-1;HDD_VNS1 status;OK;HARD;1;DISK OK - free space: /vns1 317075 MB (29% inode=99%):
[1576521000] CURRENT SERVICE STATE: redis-1;LocalService-NTPD SERVICE;OK;HARD;1;PROCS OK: 1 process with command name 'ntpd'
[1576521000] CURRENT SERVICE STATE: redis-1;Memory;OK;HARD;1;OK - 76.9% (101406668 kB) free.
[1576521000] CURRENT SERVICE STATE: redis-1;Sensors Status;OK;HARD;1;SENSORS OK
[1576521000] CURRENT SERVICE STATE: redis-1;Total Processes;OK;HARD;1;PROCS OK: 402 processes
[1576521000] CURRENT SERVICE STATE: redis-2;CPU Load;OK;HARD;1;OK - load average: 1.24, 1.13, 1.23
[1576521000] CURRENT SERVICE STATE: redis-2;CPU_Procs;OK;HARD;1;CPU OK: 381 processes
[1576521000] CURRENT SERVICE STATE: redis-2;Current Users;OK;HARD;1;USERS OK - 2 users currently logged in
[1576521000] CURRENT SERVICE STATE: redis-2;HDD_Home status;OK;HARD;1;DISK OK - free space: /home 325687 MB (87% inode=99%):
[1576521000] CURRENT SERVICE STATE: redis-2;HDD_Root status;OK;HARD;1;DISK OK - free space: / 45178 MB (88% inode=99%):
[1576521000] CURRENT SERVICE STATE: redis-2;HDD_VNS1 status;OK;HARD;1;DISK OK - free space: /vns1 1069171 MB (99% inode=99%):
[1576521000] CURRENT SERVICE STATE: redis-2;LocalService-NTPD SERVICE;OK;HARD;1;PROCS OK: 1 process with command name 'ntpd'
[1576521000] CURRENT SERVICE STATE: redis-2;Memory;OK;HARD;1;OK - 35.5% (46849164 kB) free.
[1576521000] CURRENT SERVICE STATE: redis-2;Sensors Status;OK;HARD;1;SENSORS OK
[1576521000] CURRENT SERVICE STATE: redis-2;Total Processes;OK;HARD;1;PROCS OK: 381 processes
[1576521000] CURRENT SERVICE STATE: rq-1;CPU Load;OK;HARD;1;OK - load average: 16.40, 16.00, 16.08
[1576521000] CURRENT SERVICE STATE: rq-1;CPU_Procs;OK;HARD;1;CPU OK: 357 processes
[1576521000] CURRENT SERVICE STATE: rq-1;Current Users;OK;HARD;1;USERS OK - 0 users currently logged in
[1576521000] CURRENT SERVICE STATE: rq-1;HDD_Home status;OK;HARD;1;DISK OK - free space: /home 400998 MB (99% inode=99%):
[1576521000] CURRENT SERVICE STATE: rq-1;HDD_Root status;OK;HARD;1;DISK OK - free space: / 42482 MB (83% inode=99%):
[1576521000] CURRENT SERVICE STATE: rq-1;HDD_VNS1 status;OK;HARD;1;DISK OK - free space: /rq1vns1 1068147 MB (99% inode=99%):
[1576521000] CURRENT SERVICE STATE: rq-1;LocalService-NTPD SERVICE;OK;HARD;1;PROCS OK: 1 process with command name 'ntpd'
[1576521000] CURRENT SERVICE STATE: rq-1;Memory;OK;HARD;1;OK - 79.1% (104245948 kB) free.
[1576521000] CURRENT SERVICE STATE: rq-1;Total Processes;OK;HARD;1;PROCS OK: 360 processes
[1576521000] CURRENT SERVICE STATE: rq-1;rq1-rabbitmqerror;OK;HARD;1;Log check ok - 0 pattern matches found
[1576521000] CURRENT SERVICE STATE: rq-2;CPU Load;OK;HARD;1;OK - load average: 18.92, 16.29, 16.10
[1576521000] CURRENT SERVICE STATE: rq-2;CPU_Procs;OK;HARD;1;CPU OK: 382 processes
[1576521000] CURRENT SERVICE STATE: rq-2;Current Users;OK;HARD;1;USERS OK - 1 users currently logged in
[1576521000] CURRENT SERVICE STATE: rq-2;HDD_Home status;OK;HARD;1;DISK OK - free space: /home 401206 MB (99% inode=99%):
[1576521000] CURRENT SERVICE STATE: rq-2;HDD_Root status;OK;HARD;1;DISK OK - free space: / 45532 MB (88% inode=99%):
[1576521000] CURRENT SERVICE STATE: rq-2;HDD_VNS1 status;OK;HARD;1;DISK OK - free space: /dev 64349 MB (100% inode=99%):
[1576521000] CURRENT SERVICE STATE: rq-2;LocalService-NTPD SERVICE;OK;HARD;1;PROCS OK: 2 processes with command name 'ntpd'
[1576521000] CURRENT SERVICE STATE: rq-2;Memory;OK;HARD;1;OK - 92.5% (121933160 kB) free.
[1576521000] CURRENT SERVICE STATE: rq-2;Total Processes;OK;HARD;1;PROCS OK: 387 processes
[1576521000] CURRENT SERVICE STATE: rq-2;rq2-rabbitmqerror;OK;HARD;1;Log check ok - 0 pattern matches found
[1576521000] CURRENT SERVICE STATE: secondary-server;CPU Load;OK;HARD;1;OK - load average: 1.11, 0.61, 0.30
[1576521000] CURRENT SERVICE STATE: secondary-server;CPU_Procs;OK;HARD;1;CPU OK: 344 processes
[1576521000] CURRENT SERVICE STATE: secondary-server;Current Users;OK;HARD;1;USERS OK - 3 users currently logged in
[1576521000] CURRENT SERVICE STATE: secondary-server;HDD_Home status;OK;HARD;1;DISK OK - free space: /home 119095 MB (52% inode=99%):
[1576521000] CURRENT SERVICE STATE: secondary-server;HDD_Root status;OK;HARD;1;DISK OK - free space: / 37260 MB (72% inode=99%):
[1576521000] CURRENT SERVICE STATE: secondary-server;LocalService-NTPD SERVICE;OK;HARD;1;PROCS OK: 1 process with command name 'ntpd'
[1576521000] CURRENT SERVICE STATE: secondary-server;Memory Status;OK;HARD;1;OK - 52.1% (12770196 kB) free.
[1576521000] CURRENT SERVICE STATE: secondary-server;Nginx Access Log Status;OK;HARD;1;Log check ok - 0 pattern matches found
[1576521000] CURRENT SERVICE STATE: secondary-server;Nginx Error Log Status;OK;HARD;1;Log check ok - 0 pattern matches found
[1576521000] CURRENT SERVICE STATE: secondary-server;Nginx Status;OK;HARD;1;NGINX OK -  0.090 sec. response time, Active: 0 (Writing: 0 Reading: 0 Waiting: 0) ReqPerSec: 0.000 ConnPerSec: 0.000 ReqPerConn: 0.000
[1576521000] CURRENT SERVICE STATE: secondary-server;Sensors Status;OK;HARD;1;SENSORS OK
[1576521000] CURRENT SERVICE STATE: secondary-server;Total Processes;OK;HARD;1;PROCS OK: 342 processes
[1576521000] CURRENT SERVICE STATE: sig1-vm2;CPU Load;OK;HARD;1;OK - load average: 0.00, 0.00, 0.00
[1576521000] CURRENT SERVICE STATE: sig1-vm2;CPU_Procs;OK;HARD;1;CPU OK: 263 processes
[1576521000] CURRENT SERVICE STATE: sig1-vm2;Current Users;OK;HARD;1;USERS OK - 0 users currently logged in
[1576521000] CURRENT SERVICE STATE: sig1-vm2;LocalService-NTPD SERVICE;OK;HARD;1;PROCS OK: 2 processes with command name 'ntpd'
[1576521000] CURRENT SERVICE STATE: sig1-vm2;Memory;OK;HARD;1;OK - 71.8% (11726844 kB) free.
[1576521000] CURRENT SERVICE STATE: sig1-vm2;Root status;OK;HARD;1;DISK OK - free space: / 125242 MB (93% inode=97%):
[1576521000] CURRENT SERVICE STATE: sig1-vm2;Total Processes;OK;HARD;1;PROCS OK: 266 processes
[1576521000] CURRENT SERVICE STATE: sig2-vm2;CPU Load;OK;HARD;1;OK - load average: 0.79, 0.76, 0.92
[1576521000] CURRENT SERVICE STATE: sig2-vm2;CPU_Procs;OK;HARD;1;CPU OK: 456 processes
[1576521000] CURRENT SERVICE STATE: sig2-vm2;Current Users;OK;HARD;1;USERS OK - 0 users currently logged in
[1576521000] CURRENT SERVICE STATE: sig2-vm2;HDD_Root status;OK;HARD;1;DISK OK - free space: / 120644 MB (87% inode=99%):
[1576521000] CURRENT SERVICE STATE: sig2-vm2;LocalService-NTPD SERVICE;OK;HARD;1;PROCS OK: 1 process with command name 'ntpd'
[1576521000] CURRENT SERVICE STATE: sig2-vm2;Memory;OK;HARD;1;OK - 84.6% (29470684 kB) free.
[1576521000] CURRENT SERVICE STATE: sig2-vm2;Total Processes;OK;HARD;1;PROCS OK: 459 processes
[1576521000] CURRENT SERVICE STATE: sig3-vm2;CPU Load;OK;HARD;1;OK - load average: 0.00, 0.00, 0.00
[1576521000] CURRENT SERVICE STATE: sig3-vm2;CPU_Procs;OK;HARD;1;CPU OK: 549 processes
[1576521000] CURRENT SERVICE STATE: sig3-vm2;Current Users;OK;HARD;1;USERS OK - 2 users currently logged in
[1576521000] CURRENT SERVICE STATE: sig3-vm2;HDD_Root status;OK;HARD;1;DISK OK - free space: / 89965 MB (75% inode=96%):
[1576521000] CURRENT SERVICE STATE: sig3-vm2;LocalService-NTPD SERVICE;OK;HARD;1;PROCS OK: 2 processes with command name 'ntpd'
[1576521000] CURRENT SERVICE STATE: sig3-vm2;Memory;OK;HARD;1;OK - 94.6% (22298452 kB) free.
[1576521000] CURRENT SERVICE STATE: sig3-vm2;Total Processes;OK;HARD;1;PROCS OK: 550 processes
[1576521000] CURRENT SERVICE STATE: sig4-vm2;CPU Load;OK;HARD;1;OK - load average: 0.03, 0.02, 0.05
[1576521000] CURRENT SERVICE STATE: sig4-vm2;CPU_Procs;OK;HARD;1;CPU OK: 222 processes
[1576521000] CURRENT SERVICE STATE: sig4-vm2;Current Users;OK;HARD;1;USERS OK - 0 users currently logged in
[1576521000] CURRENT SERVICE STATE: sig4-vm2;HDD_Root status;OK;HARD;1;DISK OK - free space: / 99664 MB (77% inode=99%):
[1576521000] CURRENT SERVICE STATE: sig4-vm2;LocalService-NTPD SERVICE;OK;HARD;1;PROCS OK: 1 process with command name 'ntpd'
[1576521000] CURRENT SERVICE STATE: sig4-vm2;Memory;OK;HARD;1;OK - 89.0% (31014796 kB) free.
[1576521000] CURRENT SERVICE STATE: sig4-vm2;Total Processes;OK;HARD;1;PROCS OK: 222 processes
[1576521000] CURRENT SERVICE STATE: sig5-vm2;CPU Load;OK;HARD;1;OK - load average: 1.17, 1.34, 1.26
[1576521000] CURRENT SERVICE STATE: sig5-vm2;CPU_Procs;OK;HARD;1;CPU OK: 461 processes
[1576521000] CURRENT SERVICE STATE: sig5-vm2;Current Users;OK;HARD;1;USERS OK - 0 users currently logged in
[1576521000] CURRENT SERVICE STATE: sig5-vm2;HDD_Root status;OK;HARD;1;DISK OK - free space: / 228291 MB (91% inode=99%):
[1576521000] CURRENT SERVICE STATE: sig5-vm2;LocalService-NTPD SERVICE;OK;HARD;1;PROCS OK: 1 process with command name 'ntpd'
[1576521000] CURRENT SERVICE STATE: sig5-vm2;Memory;OK;HARD;1;OK - 82.6% (28913772 kB) free.
[1576521000] CURRENT SERVICE STATE: sig5-vm2;Total Processes;OK;HARD;1;PROCS OK: 462 processes
[1576521000] CURRENT SERVICE STATE: sig6-vm2;CPU Load;OK;HARD;1;OK - load average: 0.79, 1.14, 1.23
[1576521000] CURRENT SERVICE STATE: sig6-vm2;CPU_Procs;OK;HARD;1;CPU OK: 498 processes
[1576521000] CURRENT SERVICE STATE: sig6-vm2;Current Users;OK;HARD;1;USERS OK - 2 users currently logged in
[1576521000] CURRENT SERVICE STATE: sig6-vm2;HDD_Root status;OK;HARD;1;DISK OK - free space: / 176300 MB (90% inode=99%):
[1576521000] CURRENT SERVICE STATE: sig6-vm2;LocalService-NTPD SERVICE;OK;HARD;1;PROCS OK: 1 process with command name 'ntpd'
[1576521000] CURRENT SERVICE STATE: sig6-vm2;Memory;OK;HARD;1;OK - 64.9% (14581800 kB) free.
[1576521000] CURRENT SERVICE STATE: sig6-vm2;OutOfMemory-killer--oom-killer;OK;HARD;1;Log check ok - 0 pattern matches found
[1576521000] CURRENT SERVICE STATE: sig6-vm2;Total Processes;OK;HARD;1;PROCS OK: 498 processes
[1576521000] CURRENT SERVICE STATE: sigqscluster1;CPU Load;OK;HARD;1;OK - load average: 0.00, 0.18, 0.48
[1576521000] CURRENT SERVICE STATE: sigqscluster1;CPU_Procs;OK;HARD;1;CPU OK: 353 processes
[1576521000] CURRENT SERVICE STATE: sigqscluster1;Current Users;OK;HARD;1;USERS OK - 6 users currently logged in
[1576521000] CURRENT SERVICE STATE: sigqscluster1;HDD_Home status;OK;HARD;1;DISK OK - free space: /home 224102 MB (99% inode=99%):
[1576521000] CURRENT SERVICE STATE: sigqscluster1;HDD_Root status;OK;HARD;1;DISK OK - free space: / 40054 MB (78% inode=99%):
[1576521000] CURRENT SERVICE STATE: sigqscluster1;LocalService-NTPD SERVICE;OK;HARD;1;PROCS OK: 1 process with command name 'ntpd'
[1576521000] CURRENT SERVICE STATE: sigqscluster1;Memory;OK;HARD;1;OK - 26.7% (13146760 kB) free.
[1576521000] CURRENT SERVICE STATE: sigqscluster1;Sensors Status;OK;HARD;1;SENSORS OK
[1576521000] CURRENT SERVICE STATE: sigqscluster1;Total Processes;OK;HARD;1;PROCS OK: 351 processes
[1576521000] CURRENT SERVICE STATE: sigqscluster2;CPU Load;OK;HARD;1;OK - load average: 11.76, 10.73, 10.93
[1576521000] CURRENT SERVICE STATE: sigqscluster2;CPU_Procs;OK;HARD;1;CPU OK: 302 processes
[1576521000] CURRENT SERVICE STATE: sigqscluster2;Current Users;OK;HARD;1;USERS OK - 0 users currently logged in
[1576521000] CURRENT SERVICE STATE: sigqscluster2;HDD_Home status;OK;HARD;1;DISK OK - free space: /home 208589 MB (99% inode=99%):
[1576521000] CURRENT SERVICE STATE: sigqscluster2;HDD_Root status;OK;HARD;1;DISK OK - free space: / 45524 MB (88% inode=99%):
[1576521000] CURRENT SERVICE STATE: sigqscluster2;LocalService-NTPD SERVICE;OK;HARD;1;PROCS OK: 1 process with command name 'ntpd'
[1576521000] CURRENT SERVICE STATE: sigqscluster2;Memory;OK;HARD;1;OK - 80.8% (39832176 kB) free.
[1576521000] CURRENT SERVICE STATE: sigqscluster2;Sensors Status;OK;HARD;1;SENSORS OK
[1576521000] CURRENT SERVICE STATE: sigqscluster2;Total Processes;OK;HARD;1;PROCS OK: 296 processes
[1576521000] CURRENT SERVICE STATE: sigqscluster2;sigqscluster2-rabbitmqerror;OK;HARD;1;Log check ok - 0 pattern matches found
[1576521000] CURRENT SERVICE STATE: smscapp1;CPU Load;OK;HARD;1;OK - load average: 2.18, 2.63, 2.92
[1576521000] CURRENT SERVICE STATE: smscapp1;CPU_Procs;OK;HARD;1;CPU OK: 649 processes
[1576521000] CURRENT SERVICE STATE: smscapp1;Current Users;OK;HARD;1;USERS OK - 3 users currently logged in
[1576521000] CURRENT SERVICE STATE: smscapp1;HDD_Home status;OK;HARD;1;DISK OK - free space: /home 106759 MB (47% inode=99%):
[1576521000] CURRENT SERVICE STATE: smscapp1;HDD_Root status;OK;HARD;1;DISK OK - free space: / 39102 MB (76% inode=98%):
[1576521000] CURRENT SERVICE STATE: smscapp1;LocalService-NTPD SERVICE;OK;HARD;1;PROCS OK: 1 process with command name 'ntpd'
[1576521000] CURRENT SERVICE STATE: smscapp1;Memory;OK;HARD;1;OK - 61.6% (30353464 kB) free.
[1576521000] CURRENT SERVICE STATE: smscapp1;Sensors Status;OK;HARD;1;SENSORS OK
[1576521000] CURRENT SERVICE STATE: smscapp1;Total Processes;OK;HARD;1;PROCS OK: 649 processes
[1576521000] CURRENT SERVICE STATE: smscapp2;CPU Load;OK;HARD;1;OK - load average: 4.82, 5.03, 5.21
[1576521000] CURRENT SERVICE STATE: smscapp2;CPU_Procs;OK;HARD;1;CPU OK: 2123 processes
[1576521000] CURRENT SERVICE STATE: smscapp2;Current Users;OK;HARD;1;USERS OK - 0 users currently logged in
[1576521000] CURRENT SERVICE STATE: smscapp2;HDD_Home status;OK;HARD;1;DISK OK - free space: /home 184273 MB (81% inode=99%):
[1576521000] CURRENT SERVICE STATE: smscapp2;HDD_Root status;OK;HARD;1;DISK OK - free space: / 38755 MB (75% inode=98%):
[1576521000] CURRENT SERVICE STATE: smscapp2;LocalService-NTPD SERVICE;OK;HARD;1;PROCS OK: 1 process with command name 'ntpd'
[1576521000] CURRENT SERVICE STATE: smscapp2;Memory;OK;HARD;1;OK - 51.1% (25183604 kB) free.
[1576521000] CURRENT SERVICE STATE: smscapp2;Sensors Status;OK;HARD;1;SENSORS OK
[1576521000] CURRENT SERVICE STATE: smscapp2;Total Processes;OK;HARD;1;PROCS OK: 2125 processes
[1576521000] CURRENT SERVICE STATE: sservercluster1;CPU Load;OK;HARD;1;OK - load average: 2.19, 2.12, 2.36
[1576521000] CURRENT SERVICE STATE: sservercluster1;CPU_Procs;OK;HARD;1;CPU OK: 363 processes
[1576521000] CURRENT SERVICE STATE: sservercluster1;Current Users;OK;HARD;1;USERS OK - 2 users currently logged in
[1576521000] CURRENT SERVICE STATE: sservercluster1;HDD_Home status;OK;HARD;1;DISK OK - free space: /home 130801 MB (59% inode=99%):
[1576521000] CURRENT SERVICE STATE: sservercluster1;HDD_Root status;OK;HARD;1;DISK OK - free space: / 40531 MB (79% inode=99%):
[1576521000] CURRENT SERVICE STATE: sservercluster1;LocalService-NTPD SERVICE;OK;HARD;1;PROCS OK: 1 process with command name 'ntpd'
[1576521000] CURRENT SERVICE STATE: sservercluster1;Memory;OK;HARD;1;OK - 51.9% (12714052 kB) free.
[1576521000] CURRENT SERVICE STATE: sservercluster1;Sensors Status;OK;HARD;1;SENSORS OK
[1576521000] CURRENT SERVICE STATE: sservercluster1;Total Processes;OK;HARD;1;PROCS OK: 365 processes
[1576521000] CURRENT SERVICE STATE: sservercluster2;CPU Load;OK;HARD;1;OK - load average: 1.26, 1.15, 1.22
[1576521000] CURRENT SERVICE STATE: sservercluster2;CPU_Procs;OK;HARD;1;CPU OK: 371 processes
[1576521000] CURRENT SERVICE STATE: sservercluster2;Current Users;WARNING;HARD;3;USERS WARNING - 6 users currently logged in
[1576521000] CURRENT SERVICE STATE: sservercluster2;HDD_Home status;OK;HARD;1;DISK OK - free space: /home 174812 MB (79% inode=99%):
[1576521000] CURRENT SERVICE STATE: sservercluster2;HDD_Root status;OK;HARD;1;DISK OK - free space: / 33250 MB (64% inode=98%):
[1576521000] CURRENT SERVICE STATE: sservercluster2;LocalService-NTPD SERVICE;OK;HARD;1;PROCS OK: 1 process with command name 'ntpd'
[1576521000] CURRENT SERVICE STATE: sservercluster2;Memory;OK;HARD;1;OK - 51.4% (12591752 kB) free.
[1576521000] CURRENT SERVICE STATE: sservercluster2;Sensors Status;OK;HARD;1;SENSORS OK
[1576521000] CURRENT SERVICE STATE: sservercluster2;Total Processes;OK;HARD;1;PROCS OK: 371 processes
[1576521000] CURRENT SERVICE STATE: webserver1;CPU Load;OK;HARD;1;OK - load average: 0.72, 0.28, 0.13
[1576521000] CURRENT SERVICE STATE: webserver1;CPU_Procs;OK;HARD;1;CPU OK: 362 processes
[1576521000] CURRENT SERVICE STATE: webserver1;Current Users;OK;HARD;1;USERS OK - 1 users currently logged in
[1576521000] CURRENT SERVICE STATE: webserver1;HDD_Home status;OK;HARD;1;DISK OK - free space: /home 224832 MB (99% inode=99%):
[1576521000] CURRENT SERVICE STATE: webserver1;HDD_Root status;OK;HARD;1;DISK OK - free space: / 40211 MB (78% inode=99%):
[1576521000] CURRENT SERVICE STATE: webserver1;LocalService-NTPD SERVICE;OK;HARD;1;PROCS OK: 1 process with command name 'ntpd'
[1576521000] CURRENT SERVICE STATE: webserver1;Memory;OK;HARD;1;OK - 84.6% (20709260 kB) free.
[1576521000] CURRENT SERVICE STATE: webserver1;Nginx_status;OK;HARD;1;NGINX OK -  0.087 sec. response time, Active: 1 (Writing: 1 Reading: 0 Waiting: 0) ReqPerSec: 0.003 ConnPerSec: 0.010 ReqPerConn: 0.972
[1576521000] CURRENT SERVICE STATE: webserver1;Sensors Status;OK;HARD;1;SENSORS OK
[1576521000] CURRENT SERVICE STATE: webserver1;Total Processes;OK;HARD;1;PROCS OK: 361 processes
[1576521000] CURRENT SERVICE STATE: webserver2;CPU_Procs;OK;HARD;1;CPU OK: 479 processes
[1576521000] CURRENT SERVICE STATE: webserver2;Current Load;OK;HARD;1;OK - load average: 0.06, 0.09, 0.09
[1576521000] CURRENT SERVICE STATE: webserver2;Current Users;OK;HARD;1;USERS OK - 32 users currently logged in
[1576521000] CURRENT SERVICE STATE: webserver2;HDD_Home status;OK;HARD;1;DISK OK - free space: /home 103224 MB (45.93% inode=100%):
[1576521000] CURRENT SERVICE STATE: webserver2;HTTP;OK;HARD;1;HTTP OK: HTTP/1.1 200 OK - 355 bytes in 0.001 second response time
[1576521000] CURRENT SERVICE STATE: webserver2;LocalService-NTPD SERVICE;OK;HARD;1;PROCS OK: 1 process with command name 'ntpd'
[1576521000] CURRENT SERVICE STATE: webserver2;Memory;OK;HARD;1;OK - 58.2% (14260164 kB) free.
[1576521000] CURRENT SERVICE STATE: webserver2;PING;OK;HARD;1;PING OK - Packet loss = 0%, RTA = 0.06 ms
[1576521000] CURRENT SERVICE STATE: webserver2;Root Partition;OK;HARD;1;DISK OK - free space: / 13447 MB (26.27% inode=99%):
[1576521000] CURRENT SERVICE STATE: webserver2;SSH;OK;HARD;1;SSH OK - OpenSSH_7.4 (protocol 2.0)
[1576521000] CURRENT SERVICE STATE: webserver2;Sensors Status;OK;HARD;1;SENSORS OK
[1576521000] CURRENT SERVICE STATE: webserver2;Total Processes;OK;HARD;1;PROCS OK: 165 processes with STATE = RSZDT
[1576521000] CURRENT SERVICE STATE: webservercluster1;CPU Load;OK;HARD;1;OK - load average: 1.05, 1.04, 1.09
[1576521000] CURRENT SERVICE STATE: webservercluster1;CPU_Procs;OK;HARD;1;CPU OK: 871 processes
[1576521000] CURRENT SERVICE STATE: webservercluster1;Current Users;OK;HARD;1;USERS OK - 2 users currently logged in
[1576521000] CURRENT SERVICE STATE: webservercluster1;HDD_Home status;OK;HARD;1;DISK OK - free space: / 20442 MB (39% inode=99%):
[1576521000] CURRENT SERVICE STATE: webservercluster1;HDD_Root status;OK;HARD;1;DISK OK - free space: /home 73761 MB (32% inode=99%):
[1576521000] CURRENT SERVICE STATE: webservercluster1;LocalService-NTPD SERVICE;OK;HARD;1;PROCS OK: 1 process with command name 'ntpd'
[1576521000] CURRENT SERVICE STATE: webservercluster1;Memory;OK;HARD;1;OK - 80.9% (13148436 kB) free.
[1576521000] CURRENT SERVICE STATE: webservercluster1;Sensors Status;OK;HARD;1;SENSORS OK
[1576521000] CURRENT SERVICE STATE: webservercluster1;Total Processes;CRITICAL;HARD;3;PROCS CRITICAL: 877 processes
[1576521000] CURRENT SERVICE STATE: webservercluster2;CPU Load;OK;HARD;1;OK - load average: 3.10, 3.03, 3.08
[1576521000] CURRENT SERVICE STATE: webservercluster2;CPU_Procs;WARNING;HARD;3;CPU WARNING: 1 warn out of 327 processes
[1576521000] CURRENT SERVICE STATE: webservercluster2;Current Users;OK;HARD;1;USERS OK - 2 users currently logged in
[1576521000] CURRENT SERVICE STATE: webservercluster2;HDD_Home status;OK;HARD;1;DISK OK - free space: /home 222430 MB (98% inode=99%):
[1576521000] CURRENT SERVICE STATE: webservercluster2;HDD_Root status;OK;HARD;1;DISK OK - free space: / 40190 MB (78% inode=99%):
[1576521000] CURRENT SERVICE STATE: webservercluster2;LocalService-NTPD SERVICE;OK;HARD;1;PROCS OK: 1 process with command name 'ntpd'
[1576521000] CURRENT SERVICE STATE: webservercluster2;Memory;OK;HARD;1;OK - 53.0% (8607208 kB) free.
[1576521000] CURRENT SERVICE STATE: webservercluster2;Sensors Status;OK;HARD;1;SENSORS OK
[1576521000] CURRENT SERVICE STATE: webservercluster2;Total Processes;OK;HARD;1;PROCS OK: 328 processes
[1576521416] SERVICE ALERT: pservercluster2;Memory;CRITICAL;SOFT;1;CRITICAL - 2.7% (667304 kB) free!
[1576521489] SERVICE ALERT: sservercluster1;Memory;CRITICAL;SOFT;1;CRITICAL - 0.7% (176224 kB) free!
[1576521498] SERVICE ALERT: pservercluster1;Memory;CRITICAL;SOFT;1;CRITICAL - 0.8% (188124 kB) free!
[1576521541] SERVICE ALERT: pservercluster2;Memory;CRITICAL;SOFT;2;CRITICAL - 0.8% (192408 kB) free!
[1576521610] SERVICE ALERT: sservercluster1;Memory;CRITICAL;SOFT;2;CRITICAL - 0.8% (193080 kB) free!
[1576521618] SERVICE ALERT: pservercluster1;Memory;CRITICAL;SOFT;2;CRITICAL - 0.7% (182192 kB) free!
[1576521661] SERVICE NOTIFICATION: nagiosadmin;pservercluster2;Memory;CRITICAL;notify-service-by-email;CRITICAL - 0.7% (165836 kB) free!
[1576521661] SERVICE ALERT: pservercluster2;Memory;CRITICAL;HARD;3;CRITICAL - 0.7% (165836 kB) free!
[1576521730] SERVICE NOTIFICATION: nagiosadmin;sservercluster1;Memory;CRITICAL;notify-service-by-email;CRITICAL - 0.7% (176284 kB) free!
[1576521730] SERVICE ALERT: sservercluster1;Memory;CRITICAL;HARD;3;CRITICAL - 0.7% (176284 kB) free!
[1576521739] SERVICE NOTIFICATION: nagiosadmin;pservercluster1;Memory;CRITICAL;notify-service-by-email;CRITICAL - 0.8% (201512 kB) free!
[1576521739] SERVICE ALERT: pservercluster1;Memory;CRITICAL;HARD;3;CRITICAL - 0.8% (201512 kB) free!
[1576521856] SERVICE ALERT: sservercluster2;Memory;CRITICAL;SOFT;1;CRITICAL - 0.8% (184748 kB) free!
[1576521860] SERVICE NOTIFICATION: nagiosadmin;sservercluster2;Current Users;WARNING;notify-service-by-email;USERS WARNING - 6 users currently logged in
[1576521976] SERVICE ALERT: sservercluster2;Memory;CRITICAL;SOFT;2;CRITICAL - 0.7% (172584 kB) free!
[1576522096] SERVICE NOTIFICATION: nagiosadmin;sservercluster2;Memory;CRITICAL;notify-service-by-email;CRITICAL - 0.8% (200132 kB) free!
[1576522096] SERVICE ALERT: sservercluster2;Memory;CRITICAL;HARD;3;CRITICAL - 0.8% (200132 kB) free!
[1576522193] SERVICE NOTIFICATION: nagiosadmin;webservercluster2;CPU_Procs;WARNING;notify-service-by-email;CPU WARNING: 1 warn out of 328 processes
[1576522694] Auto-save of retention data completed successfully.
[1576523074] SERVICE ALERT: webserver2;Memory;CRITICAL;SOFT;1;CRITICAL - 0.8% (199232 kB) free!
[1576523134] SERVICE ALERT: webserver2;Memory;OK;HARD;1;OK - 58.3% (14283852 kB) free.
[1576523419] SERVICE ALERT: primary-server;Nginx Error Log Status;CRITICAL;SOFT;1;(22) < 2019/12/17 00:35:45 [error] 20756#0: *17620414 recv() failed (104: Connection reset by peer) while proxying connection, client: 94.237.68.73, server: 0.0.0.0:13000, upstream: "10.147.212.142:13000", bytes from/to client:39/0, bytes from/to upstream:0/39
[1576523539] SERVICE NOTIFICATION: nagiosadmin;pservercluster1;Memory;OK;notify-service-by-email;OK - 39.5% (9743724 kB) free.
[1576523539] SERVICE ALERT: pservercluster1;Memory;OK;HARD;1;OK - 39.5% (9743724 kB) free.
[1576523539] SERVICE ALERT: primary-server;Nginx Error Log Status;OK;HARD;1;Log check ok - 0 pattern matches found
[1576523810] SERVICE ALERT: redis-1;CPU_Procs;WARNING;SOFT;1;CPU WARNING: 1 warn out of 401 processes
[1576523930] SERVICE ALERT: redis-1;CPU_Procs;WARNING;SOFT;2;CPU WARNING: 1 warn out of 401 processes
[1576524006] SERVICE NOTIFICATION: nagiosadmin;webservercluster1;Total Processes;CRITICAL;notify-service-by-email;PROCS CRITICAL: 863 processes
[1576524050] SERVICE ALERT: redis-1;CPU_Procs;OK;HARD;1;CPU OK: 401 processes
[1576524739] SERVICE ALERT: pservercluster1;Memory;WARNING;SOFT;1;WARNING - 14.2% (3498836 kB) free!
[1576524859] SERVICE ALERT: pservercluster1;Memory;CRITICAL;SOFT;2;CRITICAL - 0.8% (198396 kB) free!
[1576524979] SERVICE NOTIFICATION: nagiosadmin;pservercluster1;Memory;CRITICAL;notify-service-by-email;CRITICAL - 0.7% (177644 kB) free!
[1576524979] SERVICE ALERT: pservercluster1;Memory;CRITICAL;HARD;3;CRITICAL - 0.7% (177644 kB) free!
[1576525261] SERVICE NOTIFICATION: nagiosadmin;pservercluster2;Memory;CRITICAL;notify-service-by-email;CRITICAL - 0.7% (165220 kB) free!
[1576525330] SERVICE NOTIFICATION: nagiosadmin;sservercluster1;Memory;CRITICAL;notify-service-by-email;CRITICAL - 0.7% (179440 kB) free!
[1576525375] SERVICE ALERT: sigqscluster1;Memory;WARNING;SOFT;1;WARNING - 15.0% (7414980 kB) free!
[1576525460] SERVICE NOTIFICATION: nagiosadmin;sservercluster2;Current Users;WARNING;notify-service-by-email;USERS WARNING - 6 users currently logged in
[1576525495] SERVICE ALERT: sigqscluster1;Memory;WARNING;SOFT;2;WARNING - 12.6% (6220212 kB) free!
[1576525615] SERVICE NOTIFICATION: nagiosadmin;sigqscluster1;Memory;CRITICAL;notify-service-by-email;CRITICAL - 7.7% (3781256 kB) free!
[1576525615] SERVICE ALERT: sigqscluster1;Memory;CRITICAL;HARD;3;CRITICAL - 7.7% (3781256 kB) free!
[1576525696] SERVICE NOTIFICATION: nagiosadmin;sservercluster2;Memory;CRITICAL;notify-service-by-email;CRITICAL - 0.8% (200544 kB) free!
[1576525793] SERVICE NOTIFICATION: nagiosadmin;webservercluster2;CPU_Procs;WARNING;notify-service-by-email;CPU WARNING: 1 warn out of 328 processes
[1576525851] SERVICE ALERT: redis-1;CPU_Procs;CRITICAL;SOFT;1;CPU CRITICAL: 1 crit, 0 warn out of 401 processes
[1576525971] SERVICE ALERT: redis-1;CPU_Procs;OK;HARD;1;CPU OK: 401 processes
[1576526294] Auto-save of retention data completed successfully.
[1576527379] SERVICE FLAPPING ALERT: pservercluster1;Memory;STARTED; Service appears to have started flapping (22.5% change >= 20.0% threshold)
[1576527379] SERVICE ALERT: pservercluster1;Memory;OK;HARD;1;OK - 41.7% (10278888 kB) free.
[1576527606] SERVICE NOTIFICATION: nagiosadmin;webservercluster1;Total Processes;CRITICAL;notify-service-by-email;PROCS CRITICAL: 674 processes
[1576528206] SERVICE NOTIFICATION: nagiosadmin;webservercluster1;Total Processes;WARNING;notify-service-by-email;PROCS WARNING: 593 processes
[1576528206] SERVICE ALERT: webservercluster1;Total Processes;WARNING;HARD;3;PROCS WARNING: 593 processes
[1576528806] SERVICE NOTIFICATION: nagiosadmin;webservercluster1;Total Processes;OK;notify-service-by-email;PROCS OK: 500 processes
[1576528806] SERVICE ALERT: webservercluster1;Total Processes;OK;HARD;1;PROCS OK: 500 processes
[1576528861] SERVICE NOTIFICATION: nagiosadmin;pservercluster2;Memory;CRITICAL;notify-service-by-email;CRITICAL - 0.7% (183796 kB) free!
[1576528930] SERVICE NOTIFICATION: nagiosadmin;sservercluster1;Memory;CRITICAL;notify-service-by-email;CRITICAL - 0.8% (184996 kB) free!
[1576529060] SERVICE NOTIFICATION: nagiosadmin;sservercluster2;Current Users;WARNING;notify-service-by-email;USERS WARNING - 6 users currently logged in
[1576529216] SERVICE NOTIFICATION: nagiosadmin;sigqscluster1;Memory;CRITICAL;notify-service-by-email;CRITICAL - 5.4% (2679460 kB) free!
[1576529296] SERVICE NOTIFICATION: nagiosadmin;sservercluster2;Memory;CRITICAL;notify-service-by-email;CRITICAL - 0.9% (223916 kB) free!
[1576529393] SERVICE NOTIFICATION: nagiosadmin;webservercluster2;CPU_Procs;WARNING;notify-service-by-email;CPU WARNING: 1 warn out of 325 processes
[1576529541] SERVICE ALERT: primary-server;Nginx Error Log Status;CRITICAL;SOFT;1;(37) < 2019/12/17 02:22:14 [error] 20756#0: *17637307 recv() failed (104: Connection reset by peer) while proxying connection, client: 103.209.99.7, server: 0.0.0.0:13000, upstream: "10.147.212.143:13000", bytes from/to client:43/0, bytes from/to upstream:0/43
[1576529615] SERVICE ALERT: smscapp1;Memory;WARNING;SOFT;1;WARNING - 17.3% (8549968 kB) free!
[1576529661] SERVICE ALERT: primary-server;Nginx Error Log Status;CRITICAL;SOFT;2;(31) < 2019/12/17 02:24:11 [error] 20760#0: *17637475 recv() failed (104: Connection reset by peer) while proxying connection, client: 103.209.99.7, server: 0.0.0.0:13000, upstream: "10.147.212.154:13000", bytes from/to client:43/0, bytes from/to upstream:0/43
[1576529735] SERVICE ALERT: smscapp1;Memory;CRITICAL;SOFT;2;CRITICAL - 5.0% (2484000 kB) free!
[1576529779] SERVICE ALERT: pservercluster1;Memory;CRITICAL;SOFT;1;CRITICAL - 0.8% (186212 kB) free!
[1576529781] SERVICE NOTIFICATION: nagiosadmin;primary-server;Nginx Error Log Status;CRITICAL;notify-service-by-email;(34) < 2019/12/17 02:26:16 [error] 20756#0: *17637655 recv() failed (104: Connection reset by peer) while proxying connection, client: 54.254.180.107, server: 0.0.0.0:13000, upstream: "10.147.212.155:13000", bytes from/to client:50/0, bytes from/to upstream:0/50
[1576529781] SERVICE ALERT: primary-server;Nginx Error Log Status;CRITICAL;HARD;3;(34) < 2019/12/17 02:26:16 [error] 20756#0: *17637655 recv() failed (104: Connection reset by peer) while proxying connection, client: 54.254.180.107, server: 0.0.0.0:13000, upstream: "10.147.212.155:13000", bytes from/to client:50/0, bytes from/to upstream:0/50
[1576529855] SERVICE NOTIFICATION: nagiosadmin;smscapp1;Memory;CRITICAL;notify-service-by-email;CRITICAL - 0.5% (229304 kB) free!
[1576529855] SERVICE ALERT: smscapp1;Memory;CRITICAL;HARD;3;CRITICAL - 0.5% (229304 kB) free!
[1576529894] Auto-save of retention data completed successfully.
[1576529899] SERVICE ALERT: pservercluster1;Memory;CRITICAL;SOFT;2;CRITICAL - 0.8% (195232 kB) free!
[1576530019] SERVICE ALERT: pservercluster1;Memory;CRITICAL;HARD;3;CRITICAL - 0.8% (197168 kB) free!
[1576530456] SERVICE NOTIFICATION: nagiosadmin;smscapp1;Memory;OK;notify-service-by-email;OK - 87.7% (43229968 kB) free.
[1576530456] SERVICE ALERT: smscapp1;Memory;OK;HARD;1;OK - 87.7% (43229968 kB) free.
[1576530981] SERVICE NOTIFICATION: nagiosadmin;primary-server;Nginx Error Log Status;OK;notify-service-by-email;Log check ok - 0 pattern matches found
[1576530981] SERVICE ALERT: primary-server;Nginx Error Log Status;OK;HARD;1;Log check ok - 0 pattern matches found
[1576532426] SERVICE ALERT: secondary-server;Nginx Error Log Status;CRITICAL;SOFT;1;(1) < 2019/12/17 03:10:01 [error] 28861#0: *21871608 recv() failed (104: Connection reset by peer) while proxying connection, client: 49.50.86.152, server: 0.0.0.0:4000, upstream: "10.147.212.38:4000", bytes from/to client:37145232/10763895, bytes from/to upstream:10763895/37145232
[1576532461] SERVICE NOTIFICATION: nagiosadmin;pservercluster2;Memory;CRITICAL;notify-service-by-email;CRITICAL - 7.0% (1719604 kB) free!
[1576532531] SERVICE NOTIFICATION: nagiosadmin;sservercluster1;Memory;CRITICAL;notify-service-by-email;CRITICAL - 5.8% (1432164 kB) free!
[1576532546] SERVICE ALERT: secondary-server;Nginx Error Log Status;OK;HARD;1;Log check ok - 0 pattern matches found
[1576532660] SERVICE NOTIFICATION: nagiosadmin;sservercluster2;Current Users;WARNING;notify-service-by-email;USERS WARNING - 6 users currently logged in
[1576532896] SERVICE NOTIFICATION: nagiosadmin;sservercluster2;Memory;CRITICAL;notify-service-by-email;CRITICAL - 4.0% (990328 kB) free!
[1576532994] SERVICE NOTIFICATION: nagiosadmin;webservercluster2;CPU_Procs;WARNING;notify-service-by-email;CPU WARNING: 1 warn out of 326 processes
[1576533415] SERVICE NOTIFICATION: nagiosadmin;sigqscluster1;Memory;CRITICAL;notify-service-by-email;CRITICAL - 5.0% (2450844 kB) free!
[1576533494] Auto-save of retention data completed successfully.
[1576536061] SERVICE NOTIFICATION: nagiosadmin;pservercluster2;Memory;CRITICAL;notify-service-by-email;CRITICAL - 5.3% (1287072 kB) free!
[1576536260] SERVICE NOTIFICATION: nagiosadmin;sservercluster2;Current Users;WARNING;notify-service-by-email;USERS WARNING - 6 users currently logged in
[1576536496] SERVICE NOTIFICATION: nagiosadmin;sservercluster2;Memory;CRITICAL;notify-service-by-email;CRITICAL - 2.7% (663340 kB) free!
[1576536594] SERVICE NOTIFICATION: nagiosadmin;webservercluster2;CPU_Procs;WARNING;notify-service-by-email;CPU WARNING: 1 warn out of 323 processes
[1576536730] SERVICE NOTIFICATION: nagiosadmin;sservercluster1;Memory;CRITICAL;notify-service-by-email;CRITICAL - 3.5% (862296 kB) free!
[1576537016] SERVICE NOTIFICATION: nagiosadmin;sigqscluster1;Memory;CRITICAL;notify-service-by-email;CRITICAL - 4.7% (2303164 kB) free!
[1576537094] Auto-save of retention data completed successfully.
[1576539619] SERVICE FLAPPING ALERT: pservercluster1;Memory;STOPPED; Service appears to have stopped flapping (4.1% change < 5.0% threshold)
[1576539619] SERVICE NOTIFICATION: nagiosadmin;pservercluster1;Memory;CRITICAL;notify-service-by-email;CRITICAL - 0.7% (170356 kB) free!
[1576539661] SERVICE NOTIFICATION: nagiosadmin;pservercluster2;Memory;CRITICAL;notify-service-by-email;CRITICAL - 3.3% (816384 kB) free!
[1576539860] SERVICE NOTIFICATION: nagiosadmin;sservercluster2;Current Users;WARNING;notify-service-by-email;USERS WARNING - 6 users currently logged in
[1576540096] SERVICE NOTIFICATION: nagiosadmin;sservercluster2;Memory;CRITICAL;notify-service-by-email;CRITICAL - 1.6% (386060 kB) free!
[1576540194] SERVICE NOTIFICATION: nagiosadmin;webservercluster2;CPU_Procs;WARNING;notify-service-by-email;CPU WARNING: 1 warn out of 327 processes
[1576540330] SERVICE NOTIFICATION: nagiosadmin;sservercluster1;Memory;CRITICAL;notify-service-by-email;CRITICAL - 1.7% (405680 kB) free!
[1576540694] Auto-save of retention data completed successfully.
[1576541215] SERVICE NOTIFICATION: nagiosadmin;sigqscluster1;Memory;CRITICAL;notify-service-by-email;CRITICAL - 4.2% (2087176 kB) free!
[1576541571] SERVICE ALERT: redis-1;CPU_Procs;CRITICAL;SOFT;1;CPU CRITICAL: 1 crit, 0 warn out of 401 processes
[1576541691] SERVICE ALERT: redis-1;CPU_Procs;OK;HARD;1;CPU OK: 400 processes
[1576542291] SERVICE ALERT: redis-1;CPU_Procs;WARNING;SOFT;1;CPU WARNING: 1 warn out of 401 processes
[1576542412] SERVICE ALERT: redis-1;CPU_Procs;OK;HARD;1;CPU OK: 401 processes
[1576543094] EXTERNAL COMMAND: SCHEDULE_FORCED_SVC_CHECK;pservercluster1;Memory;1576543093
[1576543094] SERVICE NOTIFICATION: nagiosadmin;pservercluster1;Memory;OK;notify-service-by-email;OK - 67.7% (16695868 kB) free.
[1576543094] SERVICE ALERT: pservercluster1;Memory;OK;HARD;1;OK - 67.7% (16695868 kB) free.
[1576543098] EXTERNAL COMMAND: SCHEDULE_FORCED_SVC_CHECK;pservercluster1;Memory;1576543097
[1576543135] EXTERNAL COMMAND: SCHEDULE_FORCED_SVC_CHECK;pservercluster2;Memory;1576543134
[1576543136] SERVICE NOTIFICATION: nagiosadmin;pservercluster2;Memory;OK;notify-service-by-email;OK - 91.2% (22350052 kB) free.
[1576543136] SERVICE ALERT: pservercluster2;Memory;OK;HARD;1;OK - 91.2% (22350052 kB) free.
[1576543139] EXTERNAL COMMAND: SCHEDULE_FORCED_SVC_CHECK;pservercluster2;Memory;1576543138
[1576543143] EXTERNAL COMMAND: SCHEDULE_FORCED_SVC_CHECK;pservercluster2;Memory;1576543141
[1576543148] EXTERNAL COMMAND: SCHEDULE_FORCED_SVC_CHECK;pservercluster2;Memory;1576543146
[1576543174] EXTERNAL COMMAND: SCHEDULE_FORCED_SVC_CHECK;sigqscluster1;Memory;1576543172
[1576543178] EXTERNAL COMMAND: SCHEDULE_FORCED_SVC_CHECK;sigqscluster1;Memory;1576543176
[1576543181] EXTERNAL COMMAND: SCHEDULE_FORCED_SVC_CHECK;sigqscluster1;Memory;1576543180
[1576543185] EXTERNAL COMMAND: SCHEDULE_FORCED_SVC_CHECK;sigqscluster1;Memory;1576543184
[1576543190] EXTERNAL COMMAND: SCHEDULE_FORCED_SVC_CHECK;sigqscluster1;Memory;1576543188
[1576543230] EXTERNAL COMMAND: SCHEDULE_FORCED_SVC_CHECK;sigqscluster1;Memory;1576543229
[1576543230] SERVICE NOTIFICATION: nagiosadmin;sigqscluster1;Memory;OK;notify-service-by-email;OK - 78.8% (38857316 kB) free.
[1576543230] SERVICE ALERT: sigqscluster1;Memory;OK;HARD;1;OK - 78.8% (38857316 kB) free.
[1576543234] EXTERNAL COMMAND: SCHEDULE_FORCED_SVC_CHECK;sigqscluster1;Memory;1576543233
[1576543237] EXTERNAL COMMAND: SCHEDULE_FORCED_SVC_CHECK;sigqscluster1;Memory;1576543236
[1576543277] EXTERNAL COMMAND: SCHEDULE_FORCED_SVC_CHECK;sservercluster1;Memory;1576543276
[1576543277] SERVICE NOTIFICATION: nagiosadmin;sservercluster1;Memory;OK;notify-service-by-email;OK - 92.5% (22671564 kB) free.
[1576543277] SERVICE ALERT: sservercluster1;Memory;OK;HARD;1;OK - 92.5% (22671564 kB) free.
[1576543281] EXTERNAL COMMAND: SCHEDULE_FORCED_SVC_CHECK;sservercluster1;Memory;1576543279
[1576543285] EXTERNAL COMMAND: SCHEDULE_FORCED_SVC_CHECK;sservercluster1;Memory;1576543284
[1576543323] EXTERNAL COMMAND: SCHEDULE_FORCED_SVC_CHECK;sservercluster2;Memory;1576543321
[1576543324] SERVICE NOTIFICATION: nagiosadmin;sservercluster2;Memory;OK;notify-service-by-email;OK - 92.5% (22663256 kB) free.
[1576543324] SERVICE ALERT: sservercluster2;Memory;OK;HARD;1;OK - 92.5% (22663256 kB) free.
[1576543326] EXTERNAL COMMAND: SCHEDULE_FORCED_SVC_CHECK;sservercluster2;Memory;1576543325
[1576543460] SERVICE NOTIFICATION: nagiosadmin;sservercluster2;Current Users;WARNING;notify-service-by-email;USERS WARNING - 7 users currently logged in
[1576543698] SERVICE ALERT: pservercluster1;Memory;CRITICAL;SOFT;1;CRITICAL - 0.8% (190532 kB) free!
[1576543748] SERVICE ALERT: pservercluster2;Memory;CRITICAL;SOFT;1;CRITICAL - 0.7% (166380 kB) free!
[1576543794] SERVICE NOTIFICATION: nagiosadmin;webservercluster2;CPU_Procs;WARNING;notify-service-by-email;CPU WARNING: 1 warn out of 324 processes
[1576543818] SERVICE ALERT: pservercluster1;Memory;CRITICAL;SOFT;2;CRITICAL - 0.7% (176240 kB) free!
[1576543868] SERVICE ALERT: pservercluster2;Memory;OK;HARD;1;OK - 91.0% (22316968 kB) free.
[1576543938] SERVICE NOTIFICATION: nagiosadmin;pservercluster1;Memory;CRITICAL;notify-service-by-email;CRITICAL - 0.8% (189740 kB) free!
[1576543938] SERVICE ALERT: pservercluster1;Memory;CRITICAL;HARD;3;CRITICAL - 0.8% (189740 kB) free!
[1576544294] Auto-save of retention data completed successfully.
[1576544781] SERVICE ALERT: primary-server;Nginx Error Log Status;CRITICAL;SOFT;1;(24) < 2019/12/17 06:35:43 [error] 20756#0: *17680657 recv() failed (104: Connection reset by peer) while proxying connection, client: 103.209.99.7, server: 0.0.0.0:13000, upstream: "10.147.212.154:13000", bytes from/to client:43/0, bytes from/to upstream:0/43
[1576544901] SERVICE ALERT: primary-server;Nginx Error Log Status;CRITICAL;SOFT;2;(51) < 2019/12/17 06:38:17 [error] 20749#0: *17680888 recv() failed (104: Connection reset by peer) while proxying connection, client: 103.16.101.72, server: 0.0.0.0:13000, upstream: "10.147.212.143:13000", bytes from/to client:44/0, bytes from/to upstream:0/44
[1576545021] SERVICE NOTIFICATION: nagiosadmin;primary-server;Nginx Error Log Status;CRITICAL;notify-service-by-email;(28) < 2019/12/17 06:39:42 [error] 20746#0: *17680993 recv() failed (104: Connection reset by peer) while proxying connection, client: 169.38.76.212, server: 0.0.0.0:13000, upstream: "10.147.212.143:13000", bytes from/to client:43/0, bytes from/to upstream:0/43
[1576545021] SERVICE ALERT: primary-server;Nginx Error Log Status;CRITICAL;HARD;3;(28) < 2019/12/17 06:39:42 [error] 20746#0: *17680993 recv() failed (104: Connection reset by peer) while proxying connection, client: 169.38.76.212, server: 0.0.0.0:13000, upstream: "10.147.212.143:13000", bytes from/to client:43/0, bytes from/to upstream:0/43
[1576545621] SERVICE NOTIFICATION: nagiosadmin;primary-server;Nginx Error Log Status;OK;notify-service-by-email;Log check ok - 0 pattern matches found
[1576545621] SERVICE ALERT: primary-server;Nginx Error Log Status;OK;HARD;1;Log check ok - 0 pattern matches found
[1576546553] EXTERNAL COMMAND: SCHEDULE_FORCED_SVC_CHECK;pservercluster1;Memory;1576546552
[1576546553] SERVICE NOTIFICATION: nagiosadmin;pservercluster1;Memory;OK;notify-service-by-email;OK - 93.1% (22963556 kB) free.
[1576546553] SERVICE ALERT: pservercluster1;Memory;OK;HARD;1;OK - 93.1% (22963556 kB) free.
[1576546557] EXTERNAL COMMAND: SCHEDULE_FORCED_SVC_CHECK;pservercluster1;Memory;1576546555
[1576547060] SERVICE NOTIFICATION: nagiosadmin;sservercluster2;Current Users;WARNING;notify-service-by-email;USERS WARNING - 6 users currently logged in
[1576547394] SERVICE NOTIFICATION: nagiosadmin;webservercluster2;CPU_Procs;WARNING;notify-service-by-email;CPU WARNING: 1 warn out of 323 processes
[1576547894] Auto-save of retention data completed successfully.
[1576550211] SERVICE ALERT: redis-1;CPU_Procs;WARNING;SOFT;1;CPU WARNING: 1 warn out of 401 processes
[1576550331] SERVICE ALERT: redis-1;CPU_Procs;OK;HARD;1;CPU OK: 400 processes
[1576550660] SERVICE NOTIFICATION: nagiosadmin;sservercluster2;Current Users;WARNING;notify-service-by-email;USERS WARNING - 6 users currently logged in
[1576550994] SERVICE NOTIFICATION: nagiosadmin;webservercluster2;CPU_Procs;WARNING;notify-service-by-email;CPU WARNING: 1 warn out of 320 processes
[1576551494] Auto-save of retention data completed successfully.
[1576554260] SERVICE NOTIFICATION: nagiosadmin;sservercluster2;Current Users;WARNING;notify-service-by-email;USERS WARNING - 6 users currently logged in
[1576554595] SERVICE NOTIFICATION: nagiosadmin;webservercluster2;CPU_Procs;WARNING;notify-service-by-email;CPU WARNING: 1 warn out of 324 processes
[1576555094] Auto-save of retention data completed successfully.
[1576557621] SERVICE ALERT: primary-server;Nginx Error Log Status;CRITICAL;SOFT;1;(124) < 2019/12/17 10:08:01 [error] 20754#0: *17714089 recv() failed (104: Connection reset by peer) while proxying connection, client: 103.16.101.72, server: 0.0.0.0:13000, upstream: "10.147.212.143:13000", bytes from/to client:43/0, bytes from/to upstream:0/43
[1576557741] SERVICE ALERT: primary-server;Nginx Error Log Status;OK;HARD;1;Log check ok - 0 pattern matches found
[1576557861] SERVICE NOTIFICATION: nagiosadmin;sservercluster2;Current Users;WARNING;notify-service-by-email;USERS WARNING - 8 users currently logged in
[1576558196] SERVICE NOTIFICATION: nagiosadmin;webservercluster2;CPU_Procs;WARNING;notify-service-by-email;CPU WARNING: 1 warn out of 323 processes
[1576558694] Auto-save of retention data completed successfully.
[1576558943] SERVICE ALERT: webservercluster1;CPU_Procs;WARNING;SOFT;1;CPU WARNING: 1 warn out of 383 processes
[1576559063] SERVICE ALERT: webservercluster1;CPU_Procs;OK;HARD;1;CPU OK: 378 processes
[1576559158] SERVICE ALERT: pservercluster1;Memory;WARNING;SOFT;1;WARNING - 16.0% (3956104 kB) free!
[1576559278] SERVICE ALERT: pservercluster1;Memory;WARNING;SOFT;2;WARNING - 15.6% (3842664 kB) free!
[1576559398] SERVICE NOTIFICATION: nagiosadmin;pservercluster1;Memory;WARNING;notify-service-by-email;WARNING - 15.1% (3729480 kB) free!
[1576559398] SERVICE ALERT: pservercluster1;Memory;WARNING;HARD;3;WARNING - 15.1% (3729480 kB) free!
[1576560598] SERVICE NOTIFICATION: nagiosadmin;pservercluster1;Memory;CRITICAL;notify-service-by-email;CRITICAL - 0.7% (181648 kB) free!
[1576560598] SERVICE ALERT: pservercluster1;Memory;CRITICAL;HARD;3;CRITICAL - 0.7% (181648 kB) free!
[1576561016] EXTERNAL COMMAND: SCHEDULE_FORCED_SVC_CHECK;pservercluster1;Memory;1576561014
[1576561016] SERVICE NOTIFICATION: nagiosadmin;pservercluster1;Memory;OK;notify-service-by-email;OK - 92.2% (22756000 kB) free.
[1576561016] SERVICE ALERT: pservercluster1;Memory;OK;HARD;1;OK - 92.2% (22756000 kB) free.
[1576561025] EXTERNAL COMMAND: SCHEDULE_FORCED_SVC_CHECK;pservercluster1;Memory;1576561022
[1576561796] SERVICE NOTIFICATION: nagiosadmin;webservercluster2;CPU_Procs;WARNING;notify-service-by-email;CPU WARNING: 1 warn out of 325 processes
[1576562060] SERVICE NOTIFICATION: nagiosadmin;sservercluster2;Current Users;WARNING;notify-service-by-email;USERS WARNING - 8 users currently logged in
[1576562294] Auto-save of retention data completed successfully.
[1576562468] SERVICE ALERT: pservercluster2;Memory;WARNING;SOFT;1;WARNING - 17.9% (4391828 kB) free!
[1576562588] SERVICE ALERT: pservercluster2;Memory;WARNING;SOFT;2;WARNING - 17.1% (4194640 kB) free!
[1576562708] SERVICE NOTIFICATION: nagiosadmin;pservercluster2;Memory;WARNING;notify-service-by-email;WARNING - 16.3% (3994436 kB) free!
[1576562708] SERVICE ALERT: pservercluster2;Memory;WARNING;HARD;3;WARNING - 16.3% (3994436 kB) free!
[1576562826] SERVICE ALERT: pservercluster1;Memory;CRITICAL;SOFT;1;CRITICAL - 4.8% (1191988 kB) free!
[1576562946] SERVICE ALERT: pservercluster1;Memory;CRITICAL;SOFT;2;CRITICAL - 0.8% (193120 kB) free!
[1576562955] SERVICE ALERT: sig6-vm2;Memory;WARNING;SOFT;1;WARNING - 15.6% (3511508 kB) free!
[1576563066] SERVICE FLAPPING ALERT: pservercluster1;Memory;STARTED; Service appears to have started flapping (22.9% change >= 20.0% threshold)
[1576563066] SERVICE ALERT: pservercluster1;Memory;CRITICAL;HARD;3;CRITICAL - 0.7% (181404 kB) free!
[1576563075] SERVICE ALERT: sig6-vm2;Memory;WARNING;SOFT;2;WARNING - 13.9% (3128220 kB) free!
[1576563195] SERVICE NOTIFICATION: nagiosadmin;sig6-vm2;Memory;WARNING;notify-service-by-email;WARNING - 12.3% (2761116 kB) free!
[1576563195] SERVICE ALERT: sig6-vm2;Memory;WARNING;HARD;3;WARNING - 12.3% (2761116 kB) free!
[1576563795] SERVICE NOTIFICATION: nagiosadmin;sig6-vm2;Memory;CRITICAL;notify-service-by-email;CRITICAL - 5.0% (1128620 kB) free!
[1576563795] SERVICE ALERT: sig6-vm2;Memory;CRITICAL;HARD;3;CRITICAL - 5.0% (1128620 kB) free!
[1576563901] SERVICE ALERT: webservercluster1;Memory;CRITICAL;SOFT;1;CRITICAL - 1.9% (305536 kB) free!
[1576563908] SERVICE NOTIFICATION: nagiosadmin;pservercluster2;Memory;CRITICAL;notify-service-by-email;CRITICAL - 8.7% (2125784 kB) free!
[1576563908] SERVICE ALERT: pservercluster2;Memory;CRITICAL;HARD;3;CRITICAL - 8.7% (2125784 kB) free!
[1576564021] SERVICE ALERT: webservercluster1;Memory;CRITICAL;SOFT;2;CRITICAL - 2.2% (354536 kB) free!
[1576564112] SERVICE ALERT: primary-server;Nginx Access Log Status;CRITICAL;SOFT;1;(1099) < 103.255.146.164 [17/Dec/2019:11:54:11 +0530] TCP 502 0 0 0.000 "backend_3000" "0" "0" "0.000"
[1576564141] SERVICE NOTIFICATION: nagiosadmin;webservercluster1;Memory;CRITICAL;notify-service-by-email;CRITICAL - 2.2% (361636 kB) free!
[1576564141] SERVICE ALERT: webservercluster1;Memory;CRITICAL;HARD;3;CRITICAL - 2.2% (361636 kB) free!
[1576564232] SERVICE ALERT: primary-server;Nginx Access Log Status;OK;HARD;1;Log check ok - 0 pattern matches found
[1576564341] SERVICE ALERT: primary-server;Nginx Error Log Status;CRITICAL;SOFT;1;(1157) < 2019/12/17 11:54:11 [error] 20755#0: *17733054 no live upstreams while connecting to upstream, client: 103.255.146.164, server: 0.0.0.0:3000, upstream: "backend_3000", bytes from/to client:0/0, bytes from/to upstream:0/0
[1576564395] SERVICE NOTIFICATION: nagiosadmin;sig6-vm2;Memory;OK;notify-service-by-email;OK - 78.8% (17683708 kB) free.
[1576564395] SERVICE ALERT: sig6-vm2;Memory;OK;HARD;1;OK - 78.8% (17683708 kB) free.
[1576564461] SERVICE ALERT: primary-server;Nginx Error Log Status;OK;HARD;1;Log check ok - 0 pattern matches found
[1576564523] EXTERNAL COMMAND: SCHEDULE_FORCED_SVC_CHECK;pservercluster1;Memory;1576564521
[1576564523] SERVICE ALERT: pservercluster1;Memory;OK;HARD;1;OK - 91.8% (22661564 kB) free.
[1576564526] EXTERNAL COMMAND: SCHEDULE_FORCED_SVC_CHECK;pservercluster1;Memory;1576564525
[1576564556] EXTERNAL COMMAND: SCHEDULE_FORCED_SVC_CHECK;pservercluster2;Memory;1576564554
[1576564556] SERVICE NOTIFICATION: nagiosadmin;pservercluster2;Memory;OK;notify-service-by-email;OK - 92.6% (22698984 kB) free.
[1576564556] SERVICE ALERT: pservercluster2;Memory;OK;HARD;1;OK - 92.6% (22698984 kB) free.
[1576564559] EXTERNAL COMMAND: SCHEDULE_FORCED_SVC_CHECK;pservercluster2;Memory;1576564558
[1576564562] EXTERNAL COMMAND: SCHEDULE_FORCED_SVC_CHECK;pservercluster2;Memory;1576564561
[1576564568] EXTERNAL COMMAND: SCHEDULE_FORCED_SVC_CHECK;pservercluster2;Memory;1576564567
[1576564642] SERVICE ALERT: db1-vm2;Memory;WARNING;SOFT;1;WARNING - 12.7% (3142608 kB) free!
[1576564678] EXTERNAL COMMAND: SCHEDULE_FORCED_SVC_CHECK;webservercluster1;Memory;1576564677
[1576564678] SERVICE NOTIFICATION: nagiosadmin;webservercluster1;Memory;OK;notify-service-by-email;OK - 91.1% (14811432 kB) free.
[1576564678] SERVICE ALERT: webservercluster1;Memory;OK;HARD;1;OK - 91.1% (14811432 kB) free.
[1576564682] EXTERNAL COMMAND: SCHEDULE_FORCED_SVC_CHECK;webservercluster1;Memory;1576564681
[1576564685] EXTERNAL COMMAND: SCHEDULE_FORCED_SVC_CHECK;webservercluster1;Memory;1576564684
[1576564762] SERVICE ALERT: db1-vm2;Memory;WARNING;SOFT;2;WARNING - 11.1% (2741352 kB) free!
[1576564837] SERVICE ALERT: sigqscluster1;Memory;WARNING;SOFT;1;WARNING - 17.8% (8788840 kB) free!
[1576564882] SERVICE NOTIFICATION: nagiosadmin;db1-vm2;Memory;CRITICAL;notify-service-by-email;CRITICAL - 9.2% (2281212 kB) free!
[1576564882] SERVICE ALERT: db1-vm2;Memory;CRITICAL;HARD;3;CRITICAL - 9.2% (2281212 kB) free!
[1576564957] SERVICE ALERT: sigqscluster1;Memory;WARNING;SOFT;2;WARNING - 16.0% (7879912 kB) free!
[1576565061] SERVICE ALERT: primary-server;Nginx Error Log Status;CRITICAL;SOFT;1;(1) < 2019/12/17 12:08:16 [error] 20755#0: *17735472 recv() failed (104: Connection reset by peer) while proxying connection, client: 94.237.65.17, server: 0.0.0.0:13000, upstream: "10.147.212.154:13000", bytes from/to client:47/0, bytes from/to upstream:0/47
[1576565077] SERVICE NOTIFICATION: nagiosadmin;sigqscluster1;Memory;WARNING;notify-service-by-email;WARNING - 16.0% (7865848 kB) free!
[1576565077] SERVICE ALERT: sigqscluster1;Memory;WARNING;HARD;3;WARNING - 16.0% (7865848 kB) free!
[1576565181] SERVICE ALERT: primary-server;Nginx Error Log Status;OK;HARD;1;Log check ok - 0 pattern matches found
[1576565396] SERVICE NOTIFICATION: nagiosadmin;webservercluster2;CPU_Procs;WARNING;notify-service-by-email;CPU WARNING: 1 warn out of 301 processes
[1576565482] SERVICE NOTIFICATION: nagiosadmin;db1-vm2;Memory;OK;notify-service-by-email;OK - 94.0% (23201056 kB) free.
[1576565482] SERVICE ALERT: db1-vm2;Memory;OK;HARD;1;OK - 94.0% (23201056 kB) free.
[1576565660] SERVICE NOTIFICATION: nagiosadmin;sservercluster2;Current Users;WARNING;notify-service-by-email;USERS WARNING - 8 users currently logged in
[1576565894] Auto-save of retention data completed successfully.
[1576566326] SERVICE ALERT: pservercluster1;Memory;WARNING;SOFT;1;WARNING - 19.0% (4684344 kB) free!
[1576566446] SERVICE ALERT: pservercluster1;Memory;WARNING;SOFT;2;WARNING - 18.6% (4579292 kB) free!
[1576566566] SERVICE ALERT: pservercluster1;Memory;WARNING;HARD;3;WARNING - 18.2% (4488528 kB) free!
[1576566877] SERVICE NOTIFICATION: nagiosadmin;sigqscluster1;Memory;CRITICAL;notify-service-by-email;CRITICAL - 9.0% (4447476 kB) free!
[1576566877] SERVICE ALERT: sigqscluster1;Memory;CRITICAL;HARD;3;CRITICAL - 9.0% (4447476 kB) free!
[1576568077] SERVICE NOTIFICATION: nagiosadmin;sigqscluster1;Memory;WARNING;notify-service-by-email;WARNING - 11.5% (5683512 kB) free!
[1576568077] SERVICE ALERT: sigqscluster1;Memory;WARNING;HARD;3;WARNING - 11.5% (5683512 kB) free!
[1576568366] SERVICE ALERT: pservercluster1;Memory;CRITICAL;HARD;3;CRITICAL - 9.1% (2256104 kB) free!
[1576568677] SERVICE FLAPPING ALERT: sigqscluster1;Memory;STARTED; Service appears to have started flapping (23.7% change >= 20.0% threshold)
[1576568677] SERVICE ALERT: sigqscluster1;Memory;CRITICAL;HARD;3;CRITICAL - 0.9% (433468 kB) free!
[1576568996] SERVICE NOTIFICATION: nagiosadmin;webservercluster2;CPU_Procs;WARNING;notify-service-by-email;CPU WARNING: 1 warn out of 303 processes
[1576569085] SERVICE ALERT: sservercluster1;Memory;WARNING;SOFT;1;WARNING - 19.1% (4679940 kB) free!
[1576569205] SERVICE ALERT: sservercluster1;Memory;WARNING;SOFT;2;WARNING - 18.6% (4554732 kB) free!
[1576569260] SERVICE NOTIFICATION: nagiosadmin;sservercluster2;Current Users;WARNING;notify-service-by-email;USERS WARNING - 8 users currently logged in
[1576569326] SERVICE NOTIFICATION: nagiosadmin;sservercluster1;Memory;WARNING;notify-service-by-email;WARNING - 18.1% (4434788 kB) free!
[1576569326] SERVICE ALERT: sservercluster1;Memory;WARNING;HARD;3;WARNING - 18.1% (4434788 kB) free!
[1576569458] SERVICE ALERT: smscapp1;Memory;WARNING;SOFT;1;WARNING - 17.9% (8808500 kB) free!
[1576569494] Auto-save of retention data completed successfully.
[1576569578] SERVICE ALERT: smscapp1;Memory;WARNING;SOFT;2;WARNING - 17.4% (8594712 kB) free!
[1576569698] SERVICE NOTIFICATION: nagiosadmin;smscapp1;Memory;WARNING;notify-service-by-email;WARNING - 17.1% (8406420 kB) free!
[1576569698] SERVICE ALERT: smscapp1;Memory;WARNING;HARD;3;WARNING - 17.1% (8406420 kB) free!
[1576569877] SERVICE ALERT: sigqscluster1;Memory;WARNING;HARD;3;WARNING - 16.6% (8188020 kB) free!
[1576569981] SERVICE ALERT: primary-server;Nginx Error Log Status;CRITICAL;SOFT;1;(97) < 2019/12/17 13:36:14 [error] 20756#0: *17749427 recv() failed (104: Connection reset by peer) while proxying connection, client: 103.209.99.7, server: 0.0.0.0:13000, upstream: "10.147.212.143:13000", bytes from/to client:43/0, bytes from/to upstream:0/43
[1576570101] SERVICE ALERT: primary-server;Nginx Error Log Status;CRITICAL;SOFT;2;(38) < 2019/12/17 13:37:27 [error] 20757#0: *17749461 recv() failed (104: Connection reset by peer) while proxying connection, client: 103.209.99.7, server: 0.0.0.0:13000, upstream: "10.147.212.143:13000", bytes from/to client:43/0, bytes from/to upstream:0/43
[1576570222] SERVICE ALERT: primary-server;Nginx Error Log Status;OK;HARD;1;Log check ok - 0 pattern matches found
[1576571726] SERVICE NOTIFICATION: nagiosadmin;sservercluster1;Memory;CRITICAL;notify-service-by-email;CRITICAL - 7.5% (1846816 kB) free!
[1576571726] SERVICE ALERT: sservercluster1;Memory;CRITICAL;HARD;3;CRITICAL - 7.5% (1846816 kB) free!
[1576572596] SERVICE NOTIFICATION: nagiosadmin;webservercluster2;CPU_Procs;WARNING;notify-service-by-email;CPU WARNING: 1 warn out of 301 processes
[1576572621] SERVICE ALERT: primary-server;Nginx Error Log Status;CRITICAL;SOFT;1;(2) < 2019/12/17 14:15:18 [error] 20757#0: *17755984 connect() failed (111: Connection refused) while connecting to upstream, client: 103.255.146.164, server: 0.0.0.0:3000, upstream: "10.147.212.155:3000", bytes from/to client:0/0, bytes from/to upstream:0/0
[1576572741] SERVICE ALERT: primary-server;Nginx Error Log Status;OK;HARD;1;Log check ok - 0 pattern matches found
[1576572860] SERVICE NOTIFICATION: nagiosadmin;sservercluster2;Current Users;WARNING;notify-service-by-email;USERS WARNING - 8 users currently logged in
[1576573094] Auto-save of retention data completed successfully.
[1576573298] SERVICE NOTIFICATION: nagiosadmin;smscapp1;Memory;CRITICAL;notify-service-by-email;CRITICAL - 9.7% (4797740 kB) free!
[1576573298] SERVICE ALERT: smscapp1;Memory;CRITICAL;HARD;3;CRITICAL - 9.7% (4797740 kB) free!
[1576573341] SERVICE ALERT: primary-server;Nginx Error Log Status;CRITICAL;SOFT;1;(1) < 2019/12/17 14:26:34 [error] 20756#0: *17757821 connect() failed (111: Connection refused) while connecting to upstream, client: 103.255.146.164, server: 0.0.0.0:3000, upstream: "10.147.212.154:3000", bytes from/to client:0/0, bytes from/to upstream:0/0
[1576573462] SERVICE ALERT: primary-server;Nginx Error Log Status;OK;HARD;1;Log check ok - 0 pattern matches found
[1576575126] SERVICE ALERT: sservercluster2;Memory;WARNING;SOFT;1;WARNING - 20.0% (4910744 kB) free!
[1576575246] SERVICE ALERT: sservercluster2;Memory;WARNING;SOFT;2;WARNING - 19.6% (4796740 kB) free!
[1576575300] EXTERNAL COMMAND: SCHEDULE_FORCED_SVC_CHECK;pservercluster1;Memory;1576575299
[1576575301] SERVICE ALERT: pservercluster1;Memory;OK;HARD;1;OK - 91.6% (22610904 kB) free.
[1576575304] EXTERNAL COMMAND: SCHEDULE_FORCED_SVC_CHECK;pservercluster1;Memory;1576575302
[1576575306] EXTERNAL COMMAND: SCHEDULE_FORCED_SVC_CHECK;pservercluster1;Memory;1576575305
[1576575326] SERVICE NOTIFICATION: nagiosadmin;sservercluster1;Memory;CRITICAL;notify-service-by-email;CRITICAL - 0.8% (189848 kB) free!
[1576575336] EXTERNAL COMMAND: SCHEDULE_FORCED_SVC_CHECK;smscapp1;Memory;1576575335
[1576575336] SERVICE NOTIFICATION: nagiosadmin;smscapp1;Memory;OK;notify-service-by-email;OK - 35.5% (17492916 kB) free.
[1576575336] SERVICE ALERT: smscapp1;Memory;OK;HARD;1;OK - 35.5% (17492916 kB) free.
[1576575339] EXTERNAL COMMAND: SCHEDULE_FORCED_SVC_CHECK;smscapp1;Memory;1576575338
[1576575344] EXTERNAL COMMAND: SCHEDULE_FORCED_SVC_CHECK;smscapp1;Memory;1576575343
[1576575346] EXTERNAL COMMAND: SCHEDULE_FORCED_SVC_CHECK;smscapp1;Memory;1576575346
[1576575366] SERVICE NOTIFICATION: nagiosadmin;sservercluster2;Memory;WARNING;notify-service-by-email;WARNING - 19.2% (4698948 kB) free!
[1576575366] SERVICE ALERT: sservercluster2;Memory;WARNING;HARD;3;WARNING - 19.2% (4698948 kB) free!
[1576575377] EXTERNAL COMMAND: SCHEDULE_FORCED_SVC_CHECK;sservercluster1;Memory;1576575376
[1576575377] SERVICE NOTIFICATION: nagiosadmin;sservercluster1;Memory;OK;notify-service-by-email;OK - 66.4% (16278696 kB) free.
[1576575377] SERVICE ALERT: sservercluster1;Memory;OK;HARD;1;OK - 66.4% (16278696 kB) free.
[1576575379] EXTERNAL COMMAND: SCHEDULE_FORCED_SVC_CHECK;sservercluster1;Memory;1576575378
[1576575382] EXTERNAL COMMAND: SCHEDULE_FORCED_SVC_CHECK;sservercluster1;Memory;1576575381
[1576575385] EXTERNAL COMMAND: SCHEDULE_FORCED_SVC_CHECK;sservercluster1;Memory;1576575384
[1576575877] SERVICE ALERT: sigqscluster1;Memory;CRITICAL;HARD;3;CRITICAL - 8.8% (4342368 kB) free!
[1576576131] SERVICE ALERT: redis-1;CPU_Procs;WARNING;SOFT;1;CPU WARNING: 1 warn out of 401 processes
[1576576196] SERVICE NOTIFICATION: nagiosadmin;webservercluster2;CPU_Procs;WARNING;notify-service-by-email;CPU WARNING: 1 warn out of 304 processes
[1576576252] SERVICE ALERT: redis-1;CPU_Procs;OK;HARD;1;CPU OK: 402 processes
[1576576460] SERVICE NOTIFICATION: nagiosadmin;sservercluster2;Current Users;WARNING;notify-service-by-email;USERS WARNING - 8 users currently logged in
[1576576694] Auto-save of retention data completed successfully.
[1576577706] SERVICE ALERT: pservercluster1;Memory;WARNING;SOFT;1;WARNING - 17.3% (4262268 kB) free!
[1576577827] SERVICE ALERT: pservercluster1;Memory;WARNING;SOFT;2;WARNING - 16.9% (4175716 kB) free!
[1576577947] SERVICE ALERT: pservercluster1;Memory;WARNING;HARD;3;WARNING - 16.5% (4077192 kB) free!
[1576578966] SERVICE NOTIFICATION: nagiosadmin;sservercluster2;Memory;CRITICAL;notify-service-by-email;CRITICAL - 9.5% (2321424 kB) free!
[1576578966] SERVICE ALERT: sservercluster2;Memory;CRITICAL;HARD;3;CRITICAL - 9.5% (2321424 kB) free!
[1576579232] SERVICE ALERT: primary-server;Nginx Access Log Status;CRITICAL;SOFT;1;(27) < 85.10.207.167 [17/Dec/2019:16:10:32 +0530] TCP 502 0 0 0.000 "backend_13000" "0" "0" "0.000"
[1576579353] SERVICE ALERT: primary-server;Nginx Access Log Status;OK;HARD;1;Log check ok - 0 pattern matches found
[1576579461] SERVICE ALERT: primary-server;Nginx Error Log Status;CRITICAL;SOFT;1;(43) < 2019/12/17 16:10:32 [error] 20759#0: *17775689 no live upstreams while connecting to upstream, client: 85.10.207.167, server: 0.0.0.0:13000, upstream: "backend_13000", bytes from/to client:0/0, bytes from/to upstream:0/0
[1576579581] SERVICE ALERT: primary-server;Nginx Error Log Status;OK;HARD;1;Log check ok - 0 pattern matches found
[1576579747] SERVICE ALERT: pservercluster1;Memory;CRITICAL;HARD;3;CRITICAL - 5.5% (1361376 kB) free!
[1576579797] SERVICE NOTIFICATION: nagiosadmin;webservercluster2;CPU_Procs;WARNING;notify-service-by-email;CPU WARNING: 1 warn out of 301 processes
[1576580060] SERVICE NOTIFICATION: nagiosadmin;sservercluster2;Current Users;WARNING;notify-service-by-email;USERS WARNING - 8 users currently logged in
[1576580294] Auto-save of retention data completed successfully.
[1576580768] SERVICE ALERT: pservercluster2;Memory;WARNING;SOFT;1;WARNING - 18.6% (4562756 kB) free!
[1576580888] SERVICE ALERT: pservercluster2;Memory;WARNING;SOFT;2;WARNING - 18.1% (4424836 kB) free!
[1576581008] SERVICE NOTIFICATION: nagiosadmin;pservercluster2;Memory;WARNING;notify-service-by-email;WARNING - 17.3% (4247436 kB) free!
[1576581008] SERVICE ALERT: pservercluster2;Memory;WARNING;HARD;3;WARNING - 17.3% (4247436 kB) free!
[1576581877] SERVICE FLAPPING ALERT: sigqscluster1;Memory;STOPPED; Service appears to have stopped flapping (4.9% change < 5.0% threshold)
[1576581877] SERVICE NOTIFICATION: nagiosadmin;sigqscluster1;Memory;CRITICAL;notify-service-by-email;CRITICAL - 0.5% (242664 kB) free!
[1576582495] EXTERNAL COMMAND: SCHEDULE_FORCED_SVC_CHECK;pservercluster1;Memory;1576582494
[1576582495] SERVICE ALERT: pservercluster1;Memory;OK;HARD;1;OK - 91.2% (22510892 kB) free.
[1576582526] EXTERNAL COMMAND: SCHEDULE_FORCED_SVC_CHECK;sigqscluster1;Memory;1576582525
[1576582526] SERVICE NOTIFICATION: nagiosadmin;sigqscluster1;Memory;OK;notify-service-by-email;OK - 78.9% (38883752 kB) free.
[1576582526] SERVICE ALERT: sigqscluster1;Memory;OK;HARD;1;OK - 78.9% (38883752 kB) free.
[1576582529] EXTERNAL COMMAND: SCHEDULE_FORCED_SVC_CHECK;sigqscluster1;Memory;1576582528
[1576582532] EXTERNAL COMMAND: SCHEDULE_FORCED_SVC_CHECK;sigqscluster1;Memory;1576582531
[1576582534] EXTERNAL COMMAND: SCHEDULE_FORCED_SVC_CHECK;sigqscluster1;Memory;1576582534
[1576582563] EXTERNAL COMMAND: SCHEDULE_FORCED_SVC_CHECK;sservercluster2;Memory;1576582562
[1576582564] SERVICE NOTIFICATION: nagiosadmin;sservercluster2;Memory;OK;notify-service-by-email;OK - 70.9% (17370152 kB) free.
[1576582564] SERVICE ALERT: sservercluster2;Memory;OK;HARD;1;OK - 70.9% (17370152 kB) free.
[1576582566] EXTERNAL COMMAND: SCHEDULE_FORCED_SVC_CHECK;sservercluster2;Memory;1576582565
[1576582808] SERVICE NOTIFICATION: nagiosadmin;pservercluster2;Memory;CRITICAL;notify-service-by-email;CRITICAL - 8.8% (2167864 kB) free!
[1576582808] SERVICE ALERT: pservercluster2;Memory;CRITICAL;HARD;3;CRITICAL - 8.8% (2167864 kB) free!
[1576583096] SERVICE ALERT: pservercluster1;Memory;CRITICAL;SOFT;1;CRITICAL - 10.0% (2479100 kB) free!
[1576583216] SERVICE ALERT: pservercluster1;Memory;WARNING;SOFT;2;WARNING - 10.1% (2500116 kB) free!
[1576583336] SERVICE ALERT: pservercluster1;Memory;CRITICAL;HARD;3;CRITICAL - 9.8% (2407932 kB) free!
[1576583661] SERVICE NOTIFICATION: nagiosadmin;sservercluster2;Current Users;WARNING;notify-service-by-email;USERS WARNING - 9 users currently logged in
[1576583894] Auto-save of retention data completed successfully.
[1576583996] SERVICE NOTIFICATION: nagiosadmin;webservercluster2;CPU_Procs;WARNING;notify-service-by-email;CPU WARNING: 1 warn out of 305 processes
[1576584981] SERVICE ALERT: primary-server;Nginx Error Log Status;CRITICAL;SOFT;1;(29) < 2019/12/17 17:45:45 [error] 20758#0: *17791972 recv() failed (104: Connection reset by peer) while proxying connection, client: 103.209.99.7, server: 0.0.0.0:13000, upstream: "10.147.212.142:13000", bytes from/to client:43/0, bytes from/to upstream:0/43
[1576585058] SERVICE ALERT: qservercluster2;Memory;WARNING;SOFT;1;WARNING - 19.1% (9401148 kB) free!
[1576585101] SERVICE ALERT: primary-server;Nginx Error Log Status;OK;HARD;1;Log check ok - 0 pattern matches found
[1576585178] SERVICE ALERT: qservercluster2;Memory;WARNING;SOFT;2;WARNING - 18.9% (9306864 kB) free!
[1576585298] SERVICE NOTIFICATION: nagiosadmin;qservercluster2;Memory;WARNING;notify-service-by-email;WARNING - 18.7% (9214592 kB) free!
[1576585298] SERVICE ALERT: qservercluster2;Memory;WARNING;HARD;3;WARNING - 18.7% (9214592 kB) free!
[1576585463] SERVICE ALERT: webservercluster1;CPU_Procs;CRITICAL;SOFT;1;CPU CRITICAL: 1 crit, 0 warn out of 397 processes
[1576585583] SERVICE ALERT: webservercluster1;CPU_Procs;OK;HARD;1;CPU OK: 394 processes
[1576586183] SERVICE ALERT: webservercluster1;CPU_Procs;WARNING;SOFT;1;CPU WARNING: 1 warn out of 404 processes
[1576586303] SERVICE ALERT: webservercluster1;CPU_Procs;WARNING;SOFT;2;CPU WARNING: 1 warn out of 408 processes
[1576586409] SERVICE NOTIFICATION: nagiosadmin;pservercluster2;Memory;CRITICAL;notify-service-by-email;CRITICAL - 0.7% (167444 kB) free!
[1576586423] SERVICE ALERT: webservercluster1;CPU_Procs;OK;HARD;1;CPU OK: 403 processes
[1576587494] Auto-save of retention data completed successfully.
[1576587596] SERVICE NOTIFICATION: nagiosadmin;webservercluster2;CPU_Procs;WARNING;notify-service-by-email;CPU WARNING: 1 warn out of 304 processes
[1576587860] SERVICE NOTIFICATION: nagiosadmin;sservercluster2;Current Users;WARNING;notify-service-by-email;USERS WARNING - 9 users currently logged in
[1576588898] SERVICE NOTIFICATION: nagiosadmin;qservercluster2;Memory;WARNING;notify-service-by-email;WARNING - 13.4% (6598664 kB) free!
[1576589902] SERVICE ALERT: primary-server;Nginx Error Log Status;CRITICAL;SOFT;1;(14) < 2019/12/17 18:59:30 [error] 20758#0: *17804733 recv() failed (104: Connection reset by peer) while proxying connection, client: 94.237.68.73, server: 0.0.0.0:13000, upstream: "10.147.212.142:13000", bytes from/to client:39/0, bytes from/to upstream:0/39
[1576590022] SERVICE ALERT: primary-server;Nginx Error Log Status;OK;HARD;1;Log check ok - 0 pattern matches found
[1576590334] SERVICE ALERT: sigqscluster1;Memory;WARNING;SOFT;1;WARNING - 12.6% (6191804 kB) free!
[1576590455] SERVICE ALERT: sigqscluster1;Memory;CRITICAL;SOFT;2;CRITICAL - 0.8% (391328 kB) free!
[1576590575] SERVICE NOTIFICATION: nagiosadmin;sigqscluster1;Memory;CRITICAL;notify-service-by-email;CRITICAL - 0.5% (235388 kB) free!
[1576590575] SERVICE ALERT: sigqscluster1;Memory;CRITICAL;HARD;3;CRITICAL - 0.5% (235388 kB) free!
[1576590608] SERVICE NOTIFICATION: nagiosadmin;pservercluster2;Memory;CRITICAL;notify-service-by-email;CRITICAL - 0.8% (186428 kB) free!
[1576590698] SERVICE NOTIFICATION: nagiosadmin;qservercluster2;Memory;CRITICAL;notify-service-by-email;CRITICAL - 9.8% (4809896 kB) free!
[1576590698] SERVICE ALERT: qservercluster2;Memory;CRITICAL;HARD;3;CRITICAL - 9.8% (4809896 kB) free!
[1576591094] Auto-save of retention data completed successfully.
[1576591196] SERVICE NOTIFICATION: nagiosadmin;webservercluster2;CPU_Procs;WARNING;notify-service-by-email;CPU WARNING: 1 warn out of 304 processes
[1576591222] SERVICE ALERT: primary-server;Nginx Error Log Status;CRITICAL;SOFT;1;(98) < 2019/12/17 19:28:14 [error] 20756#0: *17809232 recv() failed (104: Connection reset by peer) while proxying connection, client: 139.59.21.208, server: 0.0.0.0:13000, upstream: "10.147.212.155:13000", bytes from/to client:57/0, bytes from/to upstream:0/57
[1576591340] EXTERNAL COMMAND: SCHEDULE_FORCED_SVC_CHECK;pservercluster1;Memory;1576591339
[1576591341] SERVICE ALERT: pservercluster1;Memory;OK;HARD;1;OK - 90.8% (22397012 kB) free.
[1576591342] SERVICE ALERT: primary-server;Nginx Error Log Status;OK;HARD;1;Log check ok - 0 pattern matches found
[1576591343] EXTERNAL COMMAND: SCHEDULE_FORCED_SVC_CHECK;pservercluster1;Memory;1576591342
[1576591346] EXTERNAL COMMAND: SCHEDULE_FORCED_SVC_CHECK;pservercluster1;Memory;1576591345
[1576591372] EXTERNAL COMMAND: SCHEDULE_FORCED_SVC_CHECK;pservercluster2;Memory;1576591371
[1576591373] SERVICE NOTIFICATION: nagiosadmin;pservercluster2;Memory;OK;notify-service-by-email;OK - 66.1% (16194996 kB) free.
[1576591373] SERVICE ALERT: pservercluster2;Memory;OK;HARD;1;OK - 66.1% (16194996 kB) free.
[1576591375] EXTERNAL COMMAND: SCHEDULE_FORCED_SVC_CHECK;pservercluster2;Memory;1576591374
[1576591402] EXTERNAL COMMAND: SCHEDULE_FORCED_SVC_CHECK;qservercluster2;Memory;1576591401
[1576591402] SERVICE NOTIFICATION: nagiosadmin;qservercluster2;Memory;OK;notify-service-by-email;OK - 32.3% (15911688 kB) free.
[1576591402] SERVICE ALERT: qservercluster2;Memory;OK;HARD;1;OK - 32.3% (15911688 kB) free.
[1576591404] EXTERNAL COMMAND: SCHEDULE_FORCED_SVC_CHECK;qservercluster2;Memory;1576591404
[1576591407] EXTERNAL COMMAND: SCHEDULE_FORCED_SVC_CHECK;qservercluster2;Memory;1576591406
[1576591433] EXTERNAL COMMAND: SCHEDULE_FORCED_SVC_CHECK;sigqscluster1;Memory;1576591432
[1576591433] SERVICE NOTIFICATION: nagiosadmin;sigqscluster1;Memory;OK;notify-service-by-email;OK - 59.7% (29430200 kB) free.
[1576591433] SERVICE ALERT: sigqscluster1;Memory;OK;HARD;1;OK - 59.7% (29430200 kB) free.
[1576591435] EXTERNAL COMMAND: SCHEDULE_FORCED_SVC_CHECK;sigqscluster1;Memory;1576591434
[1576591460] SERVICE NOTIFICATION: nagiosadmin;sservercluster2;Current Users;WARNING;notify-service-by-email;USERS WARNING - 9 users currently logged in
[1576591946] SERVICE ALERT: pservercluster1;Memory;WARNING;SOFT;1;WARNING - 16.0% (3955396 kB) free!
[1576592066] SERVICE ALERT: pservercluster1;Memory;WARNING;SOFT;2;WARNING - 15.7% (3877820 kB) free!
[1576592186] SERVICE ALERT: pservercluster1;Memory;WARNING;HARD;3;WARNING - 15.5% (3828296 kB) free!
[1576592546] SERVICE ALERT: secondary-server;Nginx Error Log Status;CRITICAL;SOFT;1;(1) < 2019/12/17 19:50:41 [error] 28866#0: *22515567 access forbidden by rule while initializing session, client: 103.255.146.164, server: 0.0.0.0:14001
[1576592666] SERVICE ALERT: secondary-server;Nginx Error Log Status;OK;HARD;1;Log check ok - 0 pattern matches found
[1576592786] SERVICE ALERT: pservercluster1;Memory;CRITICAL;HARD;3;CRITICAL - 0.8% (192620 kB) free!
[1576593051] SERVICE ALERT: redis-1;CPU_Procs;CRITICAL;SOFT;1;CPU CRITICAL: 1 crit, 0 warn out of 401 processes
[1576593172] SERVICE ALERT: redis-1;CPU_Procs;OK;HARD;1;CPU OK: 401 processes
[1576593266] SERVICE ALERT: secondary-server;Nginx Error Log Status;CRITICAL;SOFT;1;(1) < 2019/12/17 19:56:50 [error] 28875#0: *22518128 access forbidden by rule while initializing session, client: 103.255.146.164, server: 0.0.0.0:14001
[1576593386] SERVICE ALERT: secondary-server;Nginx Error Log Status;OK;HARD;1;Log check ok - 0 pattern matches found
[1576593609] SERVICE ALERT: webservercluster1;Total Processes;WARNING;SOFT;1;PROCS WARNING: 555 processes
[1576593729] SERVICE ALERT: webservercluster1;Total Processes;WARNING;SOFT;2;PROCS WARNING: 556 processes
[1576593835] SERVICE ALERT: sigqscluster1;Memory;WARNING;SOFT;1;WARNING - 16.5% (8134568 kB) free!
[1576593849] SERVICE NOTIFICATION: nagiosadmin;webservercluster1;Total Processes;WARNING;notify-service-by-email;PROCS WARNING: 558 processes
[1576593849] SERVICE ALERT: webservercluster1;Total Processes;WARNING;HARD;3;PROCS WARNING: 558 processes
[1576593955] SERVICE ALERT: sigqscluster1;Memory;WARNING;SOFT;2;WARNING - 15.9% (7848140 kB) free!
[1576593985] SERVICE ALERT: sservercluster1;Memory;WARNING;SOFT;1;WARNING - 19.2% (4701512 kB) free!
[1576594075] SERVICE NOTIFICATION: nagiosadmin;sigqscluster1;Memory;WARNING;notify-service-by-email;WARNING - 14.8% (7293856 kB) free!
[1576594075] SERVICE ALERT: sigqscluster1;Memory;WARNING;HARD;3;WARNING - 14.8% (7293856 kB) free!
[1576594106] SERVICE ALERT: sservercluster1;Memory;WARNING;SOFT;2;WARNING - 19.0% (4646036 kB) free!
[1576594226] SERVICE NOTIFICATION: nagiosadmin;sservercluster1;Memory;WARNING;notify-service-by-email;WARNING - 18.7% (4595000 kB) free!
[1576594226] SERVICE ALERT: sservercluster1;Memory;WARNING;HARD;3;WARNING - 18.7% (4595000 kB) free!
[1576594676] SERVICE FLAPPING ALERT: sigqscluster1;Memory;STARTED; Service appears to have started flapping (23.0% change >= 20.0% threshold)
[1576594676] SERVICE ALERT: sigqscluster1;Memory;CRITICAL;HARD;3;CRITICAL - 5.4% (2645060 kB) free!
[1576594694] Auto-save of retention data completed successfully.
[1576594796] SERVICE NOTIFICATION: nagiosadmin;webservercluster2;CPU_Procs;WARNING;notify-service-by-email;CPU WARNING: 1 warn out of 299 processes
[1576595060] SERVICE NOTIFICATION: nagiosadmin;sservercluster2;Current Users;WARNING;notify-service-by-email;USERS WARNING - 6 users currently logged in
[1576595128] SERVICE ALERT: secondary-server;CPU_Procs;CRITICAL;SOFT;1;CPU CRITICAL: 1 crit, 0 warn out of 342 processes
[1576595249] SERVICE ALERT: secondary-server;CPU_Procs;CRITICAL;SOFT;2;CPU CRITICAL: 1 crit, 0 warn out of 344 processes
[1576595369] SERVICE ALERT: secondary-server;CPU_Procs;OK;HARD;1;CPU OK: 342 processes
[1576595428] SERVICE ALERT: secondary-server;Memory Status;CRITICAL;SOFT;1;CRITICAL - 1.5% (368752 kB) free!
[1576595542] SERVICE ALERT: primary-server;Nginx Error Log Status;CRITICAL;SOFT;1;(25) < 2019/12/17 20:37:22 [error] 20756#0: *17820704 recv() failed (104: Connection reset by peer) while proxying connection, client: 103.209.99.7, server: 0.0.0.0:13000, upstream: "10.147.212.142:13000", bytes from/to client:43/0, bytes from/to upstream:0/43
[1576595548] SERVICE ALERT: secondary-server;Memory Status;CRITICAL;SOFT;2;CRITICAL - 1.5% (366856 kB) free!
[1576595649] SERVICE NOTIFICATION: nagiosadmin;webservercluster1;Total Processes;CRITICAL;notify-service-by-email;PROCS CRITICAL: 607 processes
[1576595649] SERVICE ALERT: webservercluster1;Total Processes;CRITICAL;HARD;3;PROCS CRITICAL: 607 processes
[1576595662] SERVICE ALERT: primary-server;Nginx Error Log Status;OK;HARD;1;Log check ok - 0 pattern matches found
[1576595668] SERVICE NOTIFICATION: nagiosadmin;secondary-server;Memory Status;CRITICAL;notify-service-by-email;CRITICAL - 1.5% (361528 kB) free!
[1576595668] SERVICE ALERT: secondary-server;Memory Status;CRITICAL;HARD;3;CRITICAL - 1.5% (361528 kB) free!
[1576595786] SERVICE ALERT: secondary-server;Nginx Error Log Status;CRITICAL;SOFT;1;(1) < 2019/12/17 20:38:36 [error] 28874#0: *22533107 recv() failed (104: Connection reset by peer) while proxying connection, client: 49.50.86.152, server: 0.0.0.0:4000, upstream: "10.147.212.49:4000", bytes from/to client:233/17, bytes from/to upstream:17/233
[1576595874] EXTERNAL COMMAND: SCHEDULE_FORCED_SVC_CHECK;pservercluster1;Memory;1576595873
[1576595874] SERVICE ALERT: pservercluster1;Memory;OK;HARD;1;OK - 90.8% (22401396 kB) free.
[1576595878] EXTERNAL COMMAND: SCHEDULE_FORCED_SVC_CHECK;pservercluster1;Memory;1576595877
[1576595906] SERVICE ALERT: secondary-server;Nginx Error Log Status;OK;HARD;1;Log check ok - 0 pattern matches found
[1576595915] EXTERNAL COMMAND: SCHEDULE_FORCED_SVC_CHECK;secondary-server;Memory Status;1576595914
[1576595915] SERVICE NOTIFICATION: nagiosadmin;secondary-server;Memory Status;OK;notify-service-by-email;OK - 91.5% (22425012 kB) free.
[1576595915] SERVICE ALERT: secondary-server;Memory Status;OK;HARD;1;OK - 91.5% (22425012 kB) free.
[1576595917] EXTERNAL COMMAND: SCHEDULE_FORCED_SVC_CHECK;secondary-server;Memory Status;1576595917
[1576595938] EXTERNAL COMMAND: SCHEDULE_FORCED_SVC_CHECK;sigqscluster1;Memory;1576595937
[1576595938] SERVICE ALERT: sigqscluster1;Memory;OK;HARD;1;OK - 42.7% (21028384 kB) free.
[1576595941] EXTERNAL COMMAND: SCHEDULE_FORCED_SVC_CHECK;sigqscluster1;Memory;1576595940
[1576595943] EXTERNAL COMMAND: SCHEDULE_FORCED_SVC_CHECK;sigqscluster1;Memory;1576595942
[1576595947] EXTERNAL COMMAND: SCHEDULE_FORCED_SVC_CHECK;sigqscluster1;Memory;1576595946
[1576595969] SERVICE ALERT: secondary-server;CPU_Procs;CRITICAL;SOFT;1;CPU CRITICAL: 1 crit, 0 warn out of 345 processes
[1576596089] SERVICE ALERT: secondary-server;CPU_Procs;CRITICAL;SOFT;2;CPU CRITICAL: 1 crit, 0 warn out of 342 processes
[1576596209] SERVICE ALERT: secondary-server;CPU_Procs;OK;HARD;1;CPU OK: 341 processes
[1576597678] SERVICE ALERT: pservercluster1;Memory;CRITICAL;SOFT;1;CRITICAL - 0.8% (192928 kB) free!
[1576597706] SERVICE ALERT: secondary-server;Nginx Error Log Status;CRITICAL;SOFT;1;(1) < 2019/12/17 21:13:10 [error] 28875#0: *22546321 recv() failed (104: Connection reset by peer) while proxying connection, client: 49.50.86.152, server: 0.0.0.0:4000, upstream: "10.147.212.38:4000", bytes from/to client:247/17, bytes from/to upstream:17/247
[1576597798] SERVICE ALERT: pservercluster1;Memory;CRITICAL;SOFT;2;CRITICAL - 0.7% (179696 kB) free!
[1576597826] SERVICE NOTIFICATION: nagiosadmin;sservercluster1;Memory;WARNING;notify-service-by-email;WARNING - 12.4% (3028136 kB) free!
[1576597827] SERVICE ALERT: secondary-server;Nginx Error Log Status;CRITICAL;SOFT;2;(1) < 2019/12/17 21:18:55 [error] 28875#0: *22548387 recv() failed (104: Connection reset by peer) while proxying connection, client: 49.50.86.152, server: 0.0.0.0:4000, upstream: "10.147.212.38:4000", bytes from/to client:443/17, bytes from/to upstream:17/443
[1576597918] SERVICE ALERT: pservercluster1;Memory;CRITICAL;HARD;3;CRITICAL - 0.8% (187520 kB) free!
[1576597947] SERVICE ALERT: secondary-server;Nginx Error Log Status;OK;HARD;1;Log check ok - 0 pattern matches found
[1576598294] Auto-save of retention data completed successfully.
[1576598347] SERVICE ALERT: sigqscluster1;Memory;WARNING;SOFT;1;WARNING - 17.7% (8733976 kB) free!
[1576598396] SERVICE NOTIFICATION: nagiosadmin;webservercluster2;CPU_Procs;WARNING;notify-service-by-email;CPU WARNING: 1 warn out of 297 processes
[1576598467] SERVICE ALERT: sigqscluster1;Memory;WARNING;SOFT;2;WARNING - 14.7% (7244524 kB) free!
[1576598587] SERVICE ALERT: sigqscluster1;Memory;WARNING;HARD;3;WARNING - 12.8% (6307380 kB) free!
[1576598660] SERVICE NOTIFICATION: nagiosadmin;sservercluster2;Current Users;WARNING;notify-service-by-email;USERS WARNING - 6 users currently logged in
[1576598662] SERVICE ALERT: primary-server;Nginx Error Log Status;CRITICAL;SOFT;1;(56) < 2019/12/17 21:31:18 [error] 20756#0: *17828455 recv() failed (104: Connection reset by peer) while proxying connection, client: 49.50.86.152, server: 0.0.0.0:3001, upstream: "10.147.212.154:3001", bytes from/to client:350410/132667, bytes from/to upstream:132667/350410
[1576598745] EXTERNAL COMMAND: SCHEDULE_FORCED_SVC_CHECK;pservercluster1;Memory;1576598744
[1576598746] SERVICE ALERT: pservercluster1;Memory;OK;HARD;1;OK - 90.0% (22211588 kB) free.
[1576598750] EXTERNAL COMMAND: SCHEDULE_FORCED_SVC_CHECK;pservercluster1;Memory;1576598749
[1576598760] EXTERNAL COMMAND: SCHEDULE_FORCED_SVC_CHECK;pservercluster1;Memory;1576598759
[1576598782] SERVICE ALERT: primary-server;Nginx Error Log Status;OK;HARD;1;Log check ok - 0 pattern matches found
[1576599147] SERVICE ALERT: secondary-server;Nginx Error Log Status;CRITICAL;SOFT;1;(14) < 2019/12/17 21:33:15 [error] 28875#0: *22549726 recv() failed (104: Connection reset by peer) while proxying connection, client: 49.50.86.152, server: 0.0.0.0:4000, upstream: "10.147.212.49:4000", bytes from/to client:2438/973, bytes from/to upstream:973/2438
[1576599187] SERVICE ALERT: sigqscluster1;Memory;CRITICAL;HARD;3;CRITICAL - 5.4% (2643500 kB) free!
[1576599249] SERVICE NOTIFICATION: nagiosadmin;webservercluster1;Total Processes;CRITICAL;notify-service-by-email;PROCS CRITICAL: 731 processes
[1576599267] SERVICE ALERT: secondary-server;Nginx Error Log Status;OK;HARD;1;Log check ok - 0 pattern matches found
[1576600827] SERVICE NOTIFICATION: nagiosadmin;sservercluster1;Memory;CRITICAL;notify-service-by-email;CRITICAL - 9.9% (2416512 kB) free!
[1576600827] SERVICE ALERT: sservercluster1;Memory;CRITICAL;HARD;3;CRITICAL - 9.9% (2416512 kB) free!
[1576601782] SERVICE ALERT: primary-server;Nginx Error Log Status;CRITICAL;SOFT;1;(16) < 2019/12/17 22:20:27 [error] 20758#0: *17837930 recv() failed (104: Connection reset by peer) while proxying connection, client: 169.38.76.212, server: 0.0.0.0:13000, upstream: "10.147.212.142:13000", bytes from/to client:43/0, bytes from/to upstream:0/43
[1576601894] Auto-save of retention data completed successfully.
[1576601902] SERVICE ALERT: primary-server;Nginx Error Log Status;OK;HARD;1;Log check ok - 0 pattern matches found
[1576601996] SERVICE NOTIFICATION: nagiosadmin;webservercluster2;CPU_Procs;WARNING;notify-service-by-email;CPU WARNING: 1 warn out of 299 processes
[1576602260] SERVICE NOTIFICATION: nagiosadmin;sservercluster2;Current Users;WARNING;notify-service-by-email;USERS WARNING - 6 users currently logged in
[1576602849] SERVICE NOTIFICATION: nagiosadmin;webservercluster1;Total Processes;CRITICAL;notify-service-by-email;PROCS CRITICAL: 854 processes
[1576603102] SERVICE ALERT: primary-server;Nginx Error Log Status;CRITICAL;SOFT;1;(24) < 2019/12/17 22:48:21 [error] 20758#0: *17842258 connect() failed (111: Connection refused) while connecting to upstream, client: 180.179.218.150, server: 0.0.0.0:13000, upstream: "10.147.212.143:13000", bytes from/to client:0/0, bytes from/to upstream:0/0
[1576603222] SERVICE ALERT: primary-server;Nginx Error Log Status;CRITICAL;SOFT;2;(27) < 2019/12/17 22:50:18 [error] 20755#0: *17842385 connect() failed (111: Connection refused) while connecting to upstream, client: 103.16.101.72, server: 0.0.0.0:13000, upstream: "10.147.212.143:13000", bytes from/to client:0/0, bytes from/to upstream:0/0
[1576603342] SERVICE NOTIFICATION: nagiosadmin;primary-server;Nginx Error Log Status;CRITICAL;notify-service-by-email;(44) < 2019/12/17 22:52:22 [error] 20756#0: *17842580 connect() failed (111: Connection refused) while connecting to upstream, client: 210.212.235.210, server: 0.0.0.0:13000, upstream: "10.147.212.155:13000", bytes from/to client:0/0, bytes from/to upstream:0/0
[1576603342] SERVICE ALERT: primary-server;Nginx Error Log Status;CRITICAL;HARD;3;(44) < 2019/12/17 22:52:22 [error] 20756#0: *17842580 connect() failed (111: Connection refused) while connecting to upstream, client: 210.212.235.210, server: 0.0.0.0:13000, upstream: "10.147.212.155:13000", bytes from/to client:0/0, bytes from/to upstream:0/0
[1576604427] SERVICE NOTIFICATION: nagiosadmin;sservercluster1;Memory;CRITICAL;notify-service-by-email;CRITICAL - 5.4% (1321932 kB) free!
[1576605494] Auto-save of retention data completed successfully.
[1576605596] SERVICE NOTIFICATION: nagiosadmin;webservercluster2;CPU_Procs;WARNING;notify-service-by-email;CPU WARNING: 1 warn out of 300 processes
[1576605752] SERVICE ALERT: primary-server;Nginx Access Log Status;CRITICAL;SOFT;1;(14) < 103.209.99.7 [17/Dec/2019:23:28:24 +0530] TCP 502 0 0 0.000 "backend_13000" "0" "0" "0.000"
[1576605860] SERVICE NOTIFICATION: nagiosadmin;sservercluster2;Current Users;WARNING;notify-service-by-email;USERS WARNING - 6 users currently logged in
[1576605872] SERVICE ALERT: primary-server;Nginx Access Log Status;CRITICAL;SOFT;2;(42) < 180.179.218.150 [17/Dec/2019:23:32:58 +0530] TCP 502 0 0 0.000 "backend_13000" "0" "0" "0.000"
[1576605992] SERVICE ALERT: primary-server;Nginx Access Log Status;OK;HARD;1;Log check ok - 0 pattern matches found
[1576606449] SERVICE NOTIFICATION: nagiosadmin;webservercluster1;Total Processes;CRITICAL;notify-service-by-email;PROCS CRITICAL: 784 processes
[1576606942] SERVICE NOTIFICATION: nagiosadmin;primary-server;Nginx Error Log Status;OK;notify-service-by-email;Log check ok - 0 pattern matches found
[1576606942] SERVICE ALERT: primary-server;Nginx Error Log Status;OK;HARD;1;Log check ok - 0 pattern matches found
