[1545071400] LOG ROTATION: DAILY
[1545071400] LOG VERSION: 2.0
[1545071400] CURRENT HOST STATE: db1;UP;HARD;1;PING OK - Packet loss = 0%, RTA = 0.48 ms
[1545071400] CURRENT HOST STATE: db2;UP;HARD;1;PING OK - Packet loss = 0%, RTA = 0.42 ms
[1545071400] CURRENT HOST STATE: primary-server;UP;HARD;1;PING OK - Packet loss = 0%, RTA = 0.38 ms
[1545071400] CURRENT HOST STATE: pservercluster1;UP;HARD;1;PING OK - Packet loss = 0%, RTA = 0.41 ms
[1545071400] CURRENT HOST STATE: pservercluster2;UP;HARD;1;PING OK - Packet loss = 0%, RTA = 0.27 ms
[1545071400] CURRENT HOST STATE: qservercluster1;UP;HARD;1;PING OK - Packet loss = 0%, RTA = 0.30 ms
[1545071400] CURRENT HOST STATE: qservercluster2;UP;HARD;1;PING OK - Packet loss = 0%, RTA = 0.37 ms
[1545071400] CURRENT HOST STATE: secondary-server;UP;HARD;1;PING OK - Packet loss = 0%, RTA = 0.43 ms
[1545071400] CURRENT HOST STATE: sig1;UP;HARD;1;PING OK - Packet loss = 0%, RTA = 0.44 ms
[1545071400] CURRENT HOST STATE: sig2;UP;HARD;1;PING OK - Packet loss = 0%, RTA = 0.45 ms
[1545071400] CURRENT HOST STATE: sig3;UP;HARD;1;PING OK - Packet loss = 0%, RTA = 0.44 ms
[1545071400] CURRENT HOST STATE: sig4;UP;HARD;1;PING OK - Packet loss = 0%, RTA = 0.45 ms
[1545071400] CURRENT HOST STATE: sig5;UP;HARD;1;PING OK - Packet loss = 0%, RTA = 0.44 ms
[1545071400] CURRENT HOST STATE: sig6;UP;HARD;1;PING OK - Packet loss = 0%, RTA = 0.41 ms
[1545071400] CURRENT HOST STATE: sigqscluster1;UP;HARD;1;PING OK - Packet loss = 0%, RTA = 0.40 ms
[1545071400] CURRENT HOST STATE: sigqscluster2;UP;HARD;1;PING OK - Packet loss = 0%, RTA = 0.36 ms
[1545071400] CURRENT HOST STATE: smscapp1;UP;HARD;1;PING OK - Packet loss = 0%, RTA = 0.22 ms
[1545071400] CURRENT HOST STATE: smscapp2;UP;HARD;1;PING OK - Packet loss = 0%, RTA = 0.29 ms
[1545071400] CURRENT HOST STATE: sservercluster1;UP;HARD;1;PING OK - Packet loss = 0%, RTA = 0.39 ms
[1545071400] CURRENT HOST STATE: sservercluster2;UP;HARD;1;PING OK - Packet loss = 0%, RTA = 0.42 ms
[1545071400] CURRENT HOST STATE: webserver1;UP;HARD;1;PING OK - Packet loss = 0%, RTA = 0.45 ms
[1545071400] CURRENT HOST STATE: webserver2;UP;HARD;1;PING OK - Packet loss = 0%, RTA = 0.07 ms
[1545071400] CURRENT HOST STATE: webservercluster1;UP;HARD;1;PING OK - Packet loss = 0%, RTA = 0.44 ms
[1545071400] CURRENT HOST STATE: webservercluster2;UP;HARD;1;PING OK - Packet loss = 0%, RTA = 0.38 ms
[1545071400] CURRENT SERVICE STATE: db1;CPU Load;OK;HARD;1;OK - load average: 0.00, 0.01, 0.05
[1545071400] CURRENT SERVICE STATE: db1;CPU_Procs;OK;HARD;1;CPU OK: 323 processes
[1545071400] CURRENT SERVICE STATE: db1;Current Users;OK;HARD;1;USERS OK - 2 users currently logged in
[1545071400] CURRENT SERVICE STATE: db1;HDD_Home status;OK;HARD;1;DISK OK - free space: /home 204514 MB (98% inode=99%):
[1545071400] CURRENT SERVICE STATE: db1;HDD_Root status;OK;HARD;1;DISK OK - free space: / 29052 MB (56% inode=99%):
[1545071400] CURRENT SERVICE STATE: db1;LocalService-NTPD SERVICE;OK;HARD;1;PROCS OK: 1 process with command name 'ntpd'
[1545071400] CURRENT SERVICE STATE: db1;Mariadb status;OK;HARD;1;PROCS OK: 1 process with command name 'mysqld'
[1545071400] CURRENT SERVICE STATE: db1;Memory;OK;HARD;1;OK - 52.3% (25768272 kB) free.
[1545071400] CURRENT SERVICE STATE: db1;Sensors Status;OK;HARD;1;SENSORS OK
[1545071400] CURRENT SERVICE STATE: db1;Total Processes;OK;HARD;1;PROCS OK: 323 processes
[1545071400] CURRENT SERVICE STATE: db2;CPU Load;OK;HARD;1;OK - load average: 0.88, 0.31, 0.22
[1545071400] CURRENT SERVICE STATE: db2;CPU_Procs;OK;HARD;1;CPU OK: 291 processes
[1545071400] CURRENT SERVICE STATE: db2;Current Users;OK;HARD;1;USERS OK - 0 users currently logged in
[1545071400] CURRENT SERVICE STATE: db2;HDD_Home status;OK;HARD;1;DISK OK - free space: /home 125259 MB (55% inode=99%):
[1545071400] CURRENT SERVICE STATE: db2;HDD_Root status;OK;HARD;1;DISK OK - free space: / 34101 MB (66% inode=99%):
[1545071400] CURRENT SERVICE STATE: db2;LocalService-NTPD SERVICE;OK;HARD;1;PROCS OK: 1 process with command name 'ntpd'
[1545071400] CURRENT SERVICE STATE: db2;Mariadb status;OK;HARD;1;PROCS OK: 1 process with command name 'mysqld'
[1545071400] CURRENT SERVICE STATE: db2;Memory;OK;HARD;1;OK - 26.3% (12955536 kB) free.
[1545071400] CURRENT SERVICE STATE: db2;Sensors Status;OK;HARD;1;SENSORS OK
[1545071400] CURRENT SERVICE STATE: db2;Total Processes;OK;HARD;1;PROCS OK: 291 processes
[1545071400] CURRENT SERVICE STATE: primary-server;CPU Load;OK;HARD;1;OK - load average: 0.92, 0.70, 0.37
[1545071400] CURRENT SERVICE STATE: primary-server;CPU_Procs;OK;HARD;1;CPU OK: 345 processes
[1545071400] CURRENT SERVICE STATE: primary-server;Current Users;OK;HARD;1;USERS OK - 2 users currently logged in
[1545071400] CURRENT SERVICE STATE: primary-server;HDD_Home status;OK;HARD;1;DISK OK - free space: /home 224702 MB (99% inode=99%):
[1545071400] CURRENT SERVICE STATE: primary-server;HDD_Root status;OK;HARD;1;DISK OK - free space: / 41274 MB (80% inode=99%):
[1545071400] CURRENT SERVICE STATE: primary-server;LocalService-NTPD SERVICE;OK;HARD;1;PROCS OK: 2 processes with command name 'ntpd'
[1545071400] CURRENT SERVICE STATE: primary-server;Memory;OK;HARD;1;OK - 70.9% (17373988 kB) free.
[1545071400] CURRENT SERVICE STATE: primary-server;Nginx Status;OK;HARD;1;NGINX OK -  0.086 sec. response time, Active: 0 (Writing: 0 Reading: 0 Waiting: 0) ReqPerSec: 0.000 ConnPerSec: 0.000 ReqPerConn: 0.000
[1545071400] CURRENT SERVICE STATE: primary-server;Sensors Status;OK;HARD;1;SENSORS OK
[1545071400] CURRENT SERVICE STATE: primary-server;Total Processes;OK;HARD;1;PROCS OK: 344 processes
[1545071400] CURRENT SERVICE STATE: pservercluster1;CPU Load;OK;HARD;1;OK - load average: 0.00, 0.01, 0.05
[1545071400] CURRENT SERVICE STATE: pservercluster1;CPU_Procs;OK;HARD;1;CPU OK: 291 processes
[1545071400] CURRENT SERVICE STATE: pservercluster1;Current Users;OK;HARD;1;USERS OK - 3 users currently logged in
[1545071400] CURRENT SERVICE STATE: pservercluster1;HDD_Home status;OK;HARD;1;DISK OK - free space: /home 171152 MB (76% inode=99%):
[1545071400] CURRENT SERVICE STATE: pservercluster1;HDD_Root status;OK;HARD;1;DISK OK - free space: / 37795 MB (73% inode=99%):
[1545071400] CURRENT SERVICE STATE: pservercluster1;LocalService-NTPD SERVICE;OK;HARD;1;PROCS OK: 2 processes with command name 'ntpd'
[1545071400] CURRENT SERVICE STATE: pservercluster1;Memory;CRITICAL;HARD;3;CRITICAL - 5.5% (1345200 kB) free!
[1545071400] CURRENT SERVICE STATE: pservercluster1;Sensors Status;OK;HARD;1;SENSORS OK
[1545071400] CURRENT SERVICE STATE: pservercluster1;Total Processes;OK;HARD;1;PROCS OK: 295 processes
[1545071400] CURRENT SERVICE STATE: pservercluster2;CPU Load;OK;HARD;1;OK - load average: 1.05, 1.12, 1.13
[1545071400] CURRENT SERVICE STATE: pservercluster2;CPU_Procs;CRITICAL;HARD;3;CPU CRITICAL: 2 crit, 3 warn out of 318 processes
[1545071400] CURRENT SERVICE STATE: pservercluster2;Current Users;OK;HARD;1;USERS OK - 5 users currently logged in
[1545071400] CURRENT SERVICE STATE: pservercluster2;HDD_Home status;OK;HARD;1;DISK OK - free space: /home 193584 MB (86% inode=99%):
[1545071400] CURRENT SERVICE STATE: pservercluster2;HDD_Root status;OK;HARD;1;DISK OK - free space: / 13846 MB (27% inode=98%):
[1545071400] CURRENT SERVICE STATE: pservercluster2;LocalService-NTPD SERVICE;OK;HARD;1;PROCS OK: 2 processes with command name 'ntpd'
[1545071400] CURRENT SERVICE STATE: pservercluster2;Memory;OK;HARD;1;OK - 29.8% (7295512 kB) free.
[1545071400] CURRENT SERVICE STATE: pservercluster2;Sensors Status;OK;HARD;1;SENSORS OK
[1545071400] CURRENT SERVICE STATE: pservercluster2;Total Processes;OK;HARD;1;PROCS OK: 317 processes
[1545071400] CURRENT SERVICE STATE: qservercluster1;CPU Load;WARNING;HARD;3;WARNING - load average: 11.76, 11.94, 11.87
[1545071400] CURRENT SERVICE STATE: qservercluster1;CPU_Procs;CRITICAL;HARD;3;CPU CRITICAL: 1 crit, 0 warn out of 303 processes
[1545071400] CURRENT SERVICE STATE: qservercluster1;Current Users;OK;HARD;1;USERS OK - 1 users currently logged in
[1545071400] CURRENT SERVICE STATE: qservercluster1;HDD_Home status;OK;HARD;1;DISK OK - free space: /home 224641 MB (99% inode=99%):
[1545071400] CURRENT SERVICE STATE: qservercluster1;HDD_Root status;OK;HARD;1;DISK OK - free space: / 41326 MB (80% inode=99%):
[1545071400] CURRENT SERVICE STATE: qservercluster1;LocalService-NTPD SERVICE;OK;HARD;1;PROCS OK: 1 process with command name 'ntpd'
[1545071400] CURRENT SERVICE STATE: qservercluster1;Memory;OK;HARD;1;OK - 93.1% (45864288 kB) free.
[1545071400] CURRENT SERVICE STATE: qservercluster1;Sensors Status;OK;HARD;1;SENSORS OK
[1545071400] CURRENT SERVICE STATE: qservercluster1;Total Processes;OK;HARD;1;PROCS OK: 304 processes
[1545071400] CURRENT SERVICE STATE: qservercluster2;CPU Load;OK;HARD;1;OK - load average: 0.00, 0.02, 0.07
[1545071400] CURRENT SERVICE STATE: qservercluster2;CPU_Procs;OK;HARD;1;CPU OK: 302 processes
[1545071400] CURRENT SERVICE STATE: qservercluster2;Current Users;OK;HARD;1;USERS OK - 0 users currently logged in
[1545071400] CURRENT SERVICE STATE: qservercluster2;HDD_Home status;OK;HARD;1;DISK OK - free space: /home 224577 MB (99% inode=99%):
[1545071400] CURRENT SERVICE STATE: qservercluster2;HDD_Root status;OK;HARD;1;DISK OK - free space: / 40165 MB (78% inode=98%):
[1545071400] CURRENT SERVICE STATE: qservercluster2;LocalService-NTPD SERVICE;OK;HARD;1;PROCS OK: 1 process with command name 'ntpd'
[1545071400] CURRENT SERVICE STATE: qservercluster2;Memory;OK;HARD;1;OK - 95.7% (47139000 kB) free.
[1545071400] CURRENT SERVICE STATE: qservercluster2;Sensors Status;OK;HARD;1;SENSORS OK
[1545071400] CURRENT SERVICE STATE: qservercluster2;Total Processes;OK;HARD;1;PROCS OK: 302 processes
[1545071400] CURRENT SERVICE STATE: secondary-server;CPU Load;OK;HARD;1;OK - load average: 0.00, 0.01, 0.07
[1545071400] CURRENT SERVICE STATE: secondary-server;CPU_Procs;OK;HARD;1;CPU OK: 345 processes
[1545071400] CURRENT SERVICE STATE: secondary-server;Current Users;OK;HARD;1;USERS OK - 2 users currently logged in
[1545071400] CURRENT SERVICE STATE: secondary-server;HDD_Home status;OK;HARD;1;DISK OK - free space: /home 224704 MB (99% inode=99%):
[1545071400] CURRENT SERVICE STATE: secondary-server;HDD_Root status;OK;HARD;1;DISK OK - free space: / 41205 MB (80% inode=99%):
[1545071400] CURRENT SERVICE STATE: secondary-server;LocalService-NTPD SERVICE;OK;HARD;1;PROCS OK: 2 processes with command name 'ntpd'
[1545071400] CURRENT SERVICE STATE: secondary-server;Memory Status;OK;HARD;1;OK - 71.3% (17487316 kB) free.
[1545071400] CURRENT SERVICE STATE: secondary-server;Nginx Status;OK;HARD;1;NGINX OK -  0.087 sec. response time, Active: 0 (Writing: 0 Reading: 0 Waiting: 0) ReqPerSec: 0.000 ConnPerSec: 0.000 ReqPerConn: 0.000
[1545071400] CURRENT SERVICE STATE: secondary-server;Sensors Status;OK;HARD;1;SENSORS OK
[1545071400] CURRENT SERVICE STATE: secondary-server;Total Processes;OK;HARD;1;PROCS OK: 343 processes
[1545071400] CURRENT SERVICE STATE: sig1;CPU Load;OK;HARD;1;OK - load average: 0.00, 0.01, 0.05
[1545071400] CURRENT SERVICE STATE: sig1;CPU_Procs;OK;HARD;1;CPU OK: 297 processes
[1545071400] CURRENT SERVICE STATE: sig1;Current Users;OK;HARD;1;USERS OK - 0 users currently logged in
[1545071400] CURRENT SERVICE STATE: sig1;HDD_Home status;OK;HARD;1;DISK OK - free space: /home 211603 MB (94% inode=99%):
[1545071400] CURRENT SERVICE STATE: sig1;HDD_Root status;OK;HARD;1;DISK OK - free space: / 15360 MB (30% inode=98%):
[1545071400] CURRENT SERVICE STATE: sig1;LocalService-NTPD SERVICE;OK;HARD;1;PROCS OK: 2 processes with command name 'ntpd'
[1545071400] CURRENT SERVICE STATE: sig1;Memory;CRITICAL;HARD;3;CRITICAL - 4.0% (655860 kB) free!
[1545071400] CURRENT SERVICE STATE: sig1;Sensors Status;OK;HARD;1;SENSORS OK
[1545071400] CURRENT SERVICE STATE: sig1;Total Processes;OK;HARD;1;PROCS OK: 297 processes
[1545071400] CURRENT SERVICE STATE: sig2;CPU Load;OK;HARD;1;OK - load average: 0.01, 0.02, 0.05
[1545071400] CURRENT SERVICE STATE: sig2;CPU_Procs;OK;HARD;1;CPU OK: 300 processes
[1545071400] CURRENT SERVICE STATE: sig2;Current Users;OK;HARD;1;USERS OK - 0 users currently logged in
[1545071400] CURRENT SERVICE STATE: sig2;HDD_Home status;OK;HARD;1;DISK OK - free space: /home 219494 MB (97% inode=99%):
[1545071400] CURRENT SERVICE STATE: sig2;HDD_Root status;OK;HARD;1;DISK OK - free space: / 38089 MB (74% inode=98%):
[1545071400] CURRENT SERVICE STATE: sig2;LocalService-NTPD SERVICE;OK;HARD;1;PROCS OK: 1 process with command name 'ntpd'
[1545071400] CURRENT SERVICE STATE: sig2;Memory;OK;HARD;1;OK - 86.8% (14110496 kB) free.
[1545071400] CURRENT SERVICE STATE: sig2;Sensors Status;OK;HARD;1;SENSORS OK
[1545071400] CURRENT SERVICE STATE: sig2;Total Processes;OK;HARD;1;PROCS OK: 300 processes
[1545071400] CURRENT SERVICE STATE: sig3;CPU Load;OK;HARD;1;OK - load average: 0.01, 0.02, 0.05
[1545071400] CURRENT SERVICE STATE: sig3;CPU_Procs;OK;HARD;1;CPU OK: 294 processes
[1545071400] CURRENT SERVICE STATE: sig3;Current Users;OK;HARD;1;USERS OK - 0 users currently logged in
[1545071400] CURRENT SERVICE STATE: sig3;HDD_Home status;OK;HARD;1;DISK OK - free space: /home 220135 MB (97% inode=99%):
[1545071400] CURRENT SERVICE STATE: sig3;HDD_Root status;OK;HARD;1;DISK OK - free space: / 37990 MB (74% inode=98%):
[1545071400] CURRENT SERVICE STATE: sig3;LocalService-NTPD SERVICE;OK;HARD;1;PROCS OK: 2 processes with command name 'ntpd'
[1545071400] CURRENT SERVICE STATE: sig3;Memory;OK;HARD;1;OK - 92.7% (15070804 kB) free.
[1545071400] CURRENT SERVICE STATE: sig3;Sensors Status;OK;HARD;1;SENSORS OK
[1545071400] CURRENT SERVICE STATE: sig3;Total Processes;OK;HARD;1;PROCS OK: 294 processes
[1545071400] CURRENT SERVICE STATE: sig4;CPU Load;OK;HARD;1;OK - load average: 0.00, 0.01, 0.05
[1545071400] CURRENT SERVICE STATE: sig4;CPU_Procs;OK;HARD;1;CPU OK: 298 processes
[1545071400] CURRENT SERVICE STATE: sig4;Current Users;OK;HARD;1;USERS OK - 0 users currently logged in
[1545071400] CURRENT SERVICE STATE: sig4;HDD_Home status;OK;HARD;1;DISK OK - free space: /home 222325 MB (98% inode=99%):
[1545071400] CURRENT SERVICE STATE: sig4;HDD_Root status;OK;HARD;1;DISK OK - free space: / 37594 MB (73% inode=98%):
[1545071400] CURRENT SERVICE STATE: sig4;LocalService-NTPD SERVICE;OK;HARD;1;PROCS OK: 2 processes with command name 'ntpd'
[1545071400] CURRENT SERVICE STATE: sig4;Memory;OK;HARD;1;OK - 90.6% (14727024 kB) free.
[1545071400] CURRENT SERVICE STATE: sig4;Sensors Status;OK;HARD;1;SENSORS OK
[1545071400] CURRENT SERVICE STATE: sig4;Total Processes;OK;HARD;1;PROCS OK: 298 processes
[1545071400] CURRENT SERVICE STATE: sig5;CPU Load;OK;HARD;1;OK - load average: 0.00, 0.01, 0.05
[1545071400] CURRENT SERVICE STATE: sig5;CPU_Procs;OK;HARD;1;CPU OK: 296 processes
[1545071400] CURRENT SERVICE STATE: sig5;Current Users;OK;HARD;1;USERS OK - 0 users currently logged in
[1545071400] CURRENT SERVICE STATE: sig5;HDD_Home status;OK;HARD;1;DISK OK - free space: /home 221455 MB (98% inode=99%):
[1545071400] CURRENT SERVICE STATE: sig5;HDD_Root status;OK;HARD;1;DISK OK - free space: / 38809 MB (75% inode=98%):
[1545071400] CURRENT SERVICE STATE: sig5;LocalService-NTPD SERVICE;OK;HARD;1;PROCS OK: 2 processes with command name 'ntpd'
[1545071400] CURRENT SERVICE STATE: sig5;Memory;OK;HARD;1;OK - 92.2% (14984248 kB) free.
[1545071400] CURRENT SERVICE STATE: sig5;Sensors Status;OK;HARD;1;SENSORS OK
[1545071400] CURRENT SERVICE STATE: sig5;Total Processes;OK;HARD;1;PROCS OK: 297 processes
[1545071400] CURRENT SERVICE STATE: sig6;CPU Load;OK;HARD;1;OK - load average: 0.00, 0.01, 0.05
[1545071400] CURRENT SERVICE STATE: sig6;CPU_Procs;OK;HARD;1;CPU OK: 294 processes
[1545071400] CURRENT SERVICE STATE: sig6;Current Users;OK;HARD;1;USERS OK - 0 users currently logged in
[1545071400] CURRENT SERVICE STATE: sig6;HDD_Home status;OK;HARD;1;DISK OK - free space: /home 221507 MB (98% inode=99%):
[1545071400] CURRENT SERVICE STATE: sig6;HDD_Root status;OK;HARD;1;DISK OK - free space: / 37958 MB (74% inode=98%):
[1545071400] CURRENT SERVICE STATE: sig6;LocalService-NTPD SERVICE;OK;HARD;1;PROCS OK: 2 processes with command name 'ntpd'
[1545071400] CURRENT SERVICE STATE: sig6;Memory;OK;HARD;1;OK - 94.2% (15308420 kB) free.
[1545071400] CURRENT SERVICE STATE: sig6;Sensors Status;OK;HARD;1;SENSORS OK
[1545071400] CURRENT SERVICE STATE: sig6;Total Processes;OK;HARD;1;PROCS OK: 294 processes
[1545071400] CURRENT SERVICE STATE: sigqscluster1;CPU Load;OK;HARD;1;OK - load average: 0.06, 0.17, 0.34
[1545071400] CURRENT SERVICE STATE: sigqscluster1;CPU_Procs;CRITICAL;HARD;3;CPU CRITICAL: 1 crit, 0 warn out of 338 processes
[1545071400] CURRENT SERVICE STATE: sigqscluster1;Current Users;OK;HARD;1;USERS OK - 2 users currently logged in
[1545071400] CURRENT SERVICE STATE: sigqscluster1;HDD_Home status;OK;HARD;1;DISK OK - free space: /home 224579 MB (99% inode=99%):
[1545071400] CURRENT SERVICE STATE: sigqscluster1;HDD_Root status;OK;HARD;1;DISK OK - free space: / 41201 MB (80% inode=99%):
[1545071400] CURRENT SERVICE STATE: sigqscluster1;LocalService-NTPD SERVICE;OK;HARD;1;PROCS OK: 2 processes with command name 'ntpd'
[1545071400] CURRENT SERVICE STATE: sigqscluster1;Memory;OK;HARD;1;OK - 93.1% (45904400 kB) free.
[1545071400] CURRENT SERVICE STATE: sigqscluster1;Sensors Status;OK;HARD;1;SENSORS OK
[1545071400] CURRENT SERVICE STATE: sigqscluster1;Total Processes;OK;HARD;1;PROCS OK: 336 processes
[1545071400] CURRENT SERVICE STATE: sigqscluster2;CPU Load;OK;HARD;1;OK - load average: 0.78, 0.76, 0.82
[1545071400] CURRENT SERVICE STATE: sigqscluster2;CPU_Procs;CRITICAL;HARD;3;CPU CRITICAL: 1 crit, 0 warn out of 335 processes
[1545071400] CURRENT SERVICE STATE: sigqscluster2;Current Users;OK;HARD;1;USERS OK - 2 users currently logged in
[1545071400] CURRENT SERVICE STATE: sigqscluster2;HDD_Home status;OK;HARD;1;DISK OK - free space: /home 224577 MB (99% inode=99%):
[1545071400] CURRENT SERVICE STATE: sigqscluster2;HDD_Root status;OK;HARD;1;DISK OK - free space: / 41200 MB (80% inode=99%):
[1545071400] CURRENT SERVICE STATE: sigqscluster2;LocalService-NTPD SERVICE;OK;HARD;1;PROCS OK: 2 processes with command name 'ntpd'
[1545071400] CURRENT SERVICE STATE: sigqscluster2;Memory;OK;HARD;1;OK - 93.0% (45822436 kB) free.
[1545071400] CURRENT SERVICE STATE: sigqscluster2;Sensors Status;OK;HARD;1;SENSORS OK
[1545071400] CURRENT SERVICE STATE: sigqscluster2;Total Processes;OK;HARD;1;PROCS OK: 335 processes
[1545071400] CURRENT SERVICE STATE: smscapp1;CPU Load;OK;HARD;1;OK - load average: 1.96, 1.77, 1.53
[1545071400] CURRENT SERVICE STATE: smscapp1;CPU_Procs;CRITICAL;HARD;3;CPU CRITICAL: 6 crit, 1 warn out of 335 processes
[1545071400] CURRENT SERVICE STATE: smscapp1;Current Users;OK;HARD;1;USERS OK - 3 users currently logged in
[1545071400] CURRENT SERVICE STATE: smscapp1;HDD_Home status;OK;HARD;1;DISK OK - free space: /home 179655 MB (79% inode=99%):
[1545071400] CURRENT SERVICE STATE: smscapp1;HDD_Root status;OK;HARD;1;DISK OK - free space: / 39184 MB (76% inode=98%):
[1545071400] CURRENT SERVICE STATE: smscapp1;LocalService-NTPD SERVICE;OK;HARD;1;PROCS OK: 1 process with command name 'ntpd'
[1545071400] CURRENT SERVICE STATE: smscapp1;Memory;WARNING;HARD;3;WARNING - 13.6% (2213176 kB) free!
[1545071400] CURRENT SERVICE STATE: smscapp1;Sensors Status;OK;HARD;1;SENSORS OK
[1545071400] CURRENT SERVICE STATE: smscapp1;Total Processes;OK;HARD;1;PROCS OK: 337 processes
[1545071400] CURRENT SERVICE STATE: smscapp2;CPU Load;OK;HARD;1;OK - load average: 0.22, 0.25, 0.49
[1545071400] CURRENT SERVICE STATE: smscapp2;CPU_Procs;OK;HARD;1;CPU OK: 334 processes
[1545071400] CURRENT SERVICE STATE: smscapp2;Current Users;OK;HARD;1;USERS OK - 2 users currently logged in
[1545071400] CURRENT SERVICE STATE: smscapp2;HDD_Home status;OK;HARD;1;DISK OK - free space: /home 172060 MB (76% inode=99%):
[1545071400] CURRENT SERVICE STATE: smscapp2;HDD_Root status;OK;HARD;1;DISK OK - free space: / 39006 MB (76% inode=98%):
[1545071400] CURRENT SERVICE STATE: smscapp2;LocalService-NTPD SERVICE;OK;HARD;1;PROCS OK: 1 process with command name 'ntpd'
[1545071400] CURRENT SERVICE STATE: smscapp2;Memory;CRITICAL;HARD;3;CRITICAL - 1.2% (198004 kB) free!
[1545071400] CURRENT SERVICE STATE: smscapp2;Sensors Status;OK;HARD;1;SENSORS OK
[1545071400] CURRENT SERVICE STATE: smscapp2;Total Processes;OK;HARD;1;PROCS OK: 335 processes
[1545071400] CURRENT SERVICE STATE: sservercluster1;CPU Load;OK;HARD;1;OK - load average: 0.00, 0.01, 0.05
[1545071400] CURRENT SERVICE STATE: sservercluster1;CPU_Procs;OK;HARD;1;CPU OK: 297 processes
[1545071400] CURRENT SERVICE STATE: sservercluster1;Current Users;OK;HARD;1;USERS OK - 0 users currently logged in
[1545071400] CURRENT SERVICE STATE: sservercluster1;HDD_Home status;OK;HARD;1;DISK OK - free space: /home 222384 MB (98% inode=99%):
[1545071400] CURRENT SERVICE STATE: sservercluster1;HDD_Root status;OK;HARD;1;DISK OK - free space: / 38417 MB (75% inode=98%):
[1545071400] CURRENT SERVICE STATE: sservercluster1;LocalService-NTPD SERVICE;OK;HARD;1;PROCS OK: 2 processes with command name 'ntpd'
[1545071400] CURRENT SERVICE STATE: sservercluster1;Memory;OK;HARD;1;OK - 94.0% (23033864 kB) free.
[1545071400] CURRENT SERVICE STATE: sservercluster1;Sensors Status;OK;HARD;1;SENSORS OK
[1545071400] CURRENT SERVICE STATE: sservercluster1;Total Processes;OK;HARD;1;PROCS OK: 297 processes
[1545071400] CURRENT SERVICE STATE: sservercluster2;CPU Load;OK;HARD;1;OK - load average: 0.00, 0.01, 0.05
[1545071400] CURRENT SERVICE STATE: sservercluster2;CPU_Procs;OK;HARD;1;CPU OK: 299 processes
[1545071400] CURRENT SERVICE STATE: sservercluster2;Current Users;OK;HARD;1;USERS OK - 1 users currently logged in
[1545071400] CURRENT SERVICE STATE: sservercluster2;HDD_Home status;OK;HARD;1;DISK OK - free space: /home 219756 MB (99% inode=99%):
[1545071400] CURRENT SERVICE STATE: sservercluster2;HDD_Root status;OK;HARD;1;DISK OK - free space: / 41267 MB (80% inode=99%):
[1545071400] CURRENT SERVICE STATE: sservercluster2;LocalService-NTPD SERVICE;OK;HARD;1;PROCS OK: 2 processes with command name 'ntpd'
[1545071400] CURRENT SERVICE STATE: sservercluster2;Memory;OK;HARD;1;OK - 94.3% (23118128 kB) free.
[1545071400] CURRENT SERVICE STATE: sservercluster2;Sensors Status;OK;HARD;1;SENSORS OK
[1545071400] CURRENT SERVICE STATE: sservercluster2;Total Processes;OK;HARD;1;PROCS OK: 303 processes
[1545071400] CURRENT SERVICE STATE: webserver1;CPU Load;OK;HARD;1;OK - load average: 0.79, 0.83, 0.65
[1545071400] CURRENT SERVICE STATE: webserver1;CPU_Procs;OK;HARD;1;CPU OK: 361 processes
[1545071400] CURRENT SERVICE STATE: webserver1;Current Users;OK;HARD;1;USERS OK - 2 users currently logged in
[1545071400] CURRENT SERVICE STATE: webserver1;HDD_Home status;OK;HARD;1;DISK OK - free space: /home 224832 MB (99% inode=99%):
[1545071400] CURRENT SERVICE STATE: webserver1;HDD_Root status;OK;HARD;1;DISK OK - free space: / 41127 MB (80% inode=99%):
[1545071400] CURRENT SERVICE STATE: webserver1;LocalService-NTPD SERVICE;OK;HARD;1;PROCS OK: 2 processes with command name 'ntpd'
[1545071400] CURRENT SERVICE STATE: webserver1;Memory;OK;HARD;1;OK - 69.4% (16992216 kB) free.
[1545071400] CURRENT SERVICE STATE: webserver1;Nginx_status;OK;HARD;1;NGINX OK -  0.087 sec. response time, Active: 0 (Writing: 0 Reading: 0 Waiting: 0) ReqPerSec: 0.000 ConnPerSec: 0.000 ReqPerConn: 0.000
[1545071400] CURRENT SERVICE STATE: webserver1;Sensors Status;OK;HARD;1;SENSORS OK
[1545071400] CURRENT SERVICE STATE: webserver1;Total Processes;OK;HARD;1;PROCS OK: 359 processes
[1545071400] CURRENT SERVICE STATE: webserver2;CPU_Procs;OK;HARD;1;CPU OK: 389 processes
[1545071400] CURRENT SERVICE STATE: webserver2;Current Load;OK;HARD;1;OK - load average: 0.94, 0.80, 0.50
[1545071400] CURRENT SERVICE STATE: webserver2;Current Users;OK;HARD;1;USERS OK - 8 users currently logged in
[1545071400] CURRENT SERVICE STATE: webserver2;HDD_Home status;OK;HARD;1;DISK OK - free space: /home 219720 MB (97.76% inode=100%):
[1545071400] CURRENT SERVICE STATE: webserver2;HTTP;OK;HARD;1;HTTP OK: HTTP/1.1 200 OK - 355 bytes in 0.001 second response time
[1545071400] CURRENT SERVICE STATE: webserver2;LocalService-NTPD SERVICE;OK;HARD;1;PROCS OK: 2 processes with command name 'ntpd'
[1545071400] CURRENT SERVICE STATE: webserver2;Memory;OK;HARD;1;OK - 39.3% (9634864 kB) free.
[1545071400] CURRENT SERVICE STATE: webserver2;PING;OK;HARD;1;PING OK - Packet loss = 0%, RTA = 0.07 ms
[1545071400] CURRENT SERVICE STATE: webserver2;Root Partition;OK;HARD;1;DISK OK - free space: / 39167 MB (76.53% inode=99%):
[1545071400] CURRENT SERVICE STATE: webserver2;SSH;OK;HARD;1;SSH OK - OpenSSH_7.4 (protocol 2.0)
[1545071400] CURRENT SERVICE STATE: webserver2;Sensors Status;OK;HARD;1;SENSORS OK
[1545071400] CURRENT SERVICE STATE: webserver2;Total Processes;OK;HARD;1;PROCS OK: 153 processes with STATE = RSZDT
[1545071400] CURRENT SERVICE STATE: webservercluster1;CPU Load;OK;HARD;1;OK - load average: 0.00, 0.01, 0.05
[1545071400] CURRENT SERVICE STATE: webservercluster1;CPU_Procs;OK;HARD;1;CPU OK: 251 processes
[1545071400] CURRENT SERVICE STATE: webservercluster1;Current Users;OK;HARD;1;USERS OK - 1 users currently logged in
[1545071400] CURRENT SERVICE STATE: webservercluster1;HDD_Home status;OK;HARD;1;DISK OK - free space: /home 224705 MB (99% inode=99%):
[1545071400] CURRENT SERVICE STATE: webservercluster1;HDD_Root status;OK;HARD;1;DISK OK - free space: / 39798 MB (77% inode=99%):
[1545071400] CURRENT SERVICE STATE: webservercluster1;LocalService-NTPD SERVICE;OK;HARD;1;PROCS OK: 1 process with command name 'ntpd'
[1545071400] CURRENT SERVICE STATE: webservercluster1;Memory;OK;HARD;1;OK - 41.4% (6729536 kB) free.
[1545071400] CURRENT SERVICE STATE: webservercluster1;Sensors Status;OK;HARD;1;SENSORS OK
[1545071400] CURRENT SERVICE STATE: webservercluster1;Total Processes;OK;HARD;1;PROCS OK: 249 processes
[1545071400] CURRENT SERVICE STATE: webservercluster2;CPU Load;OK;HARD;1;OK - load average: 0.00, 0.03, 0.22
[1545071400] CURRENT SERVICE STATE: webservercluster2;CPU_Procs;OK;HARD;1;CPU OK: 336 processes
[1545071400] CURRENT SERVICE STATE: webservercluster2;Current Users;OK;HARD;1;USERS OK - 2 users currently logged in
[1545071400] CURRENT SERVICE STATE: webservercluster2;HDD_Home status;OK;HARD;1;DISK OK - free space: /home 224704 MB (99% inode=99%):
[1545071400] CURRENT SERVICE STATE: webservercluster2;HDD_Root status;OK;HARD;1;DISK OK - free space: / 41059 MB (80% inode=99%):
[1545071400] CURRENT SERVICE STATE: webservercluster2;LocalService-NTPD SERVICE;OK;HARD;1;PROCS OK: 2 processes with command name 'ntpd'
[1545071400] CURRENT SERVICE STATE: webservercluster2;Memory;OK;HARD;1;OK - 55.4% (9001924 kB) free.
[1545071400] CURRENT SERVICE STATE: webservercluster2;Sensors Status;OK;HARD;1;SENSORS OK
[1545071400] CURRENT SERVICE STATE: webservercluster2;Total Processes;OK;HARD;1;PROCS OK: 333 processes
[1545071519] SERVICE NOTIFICATION: nagiosadmin;smscapp1;CPU_Procs;CRITICAL;notify-service-by-email;CPU CRITICAL: 6 crit, 1 warn out of 335 processes
[1545071644] Auto-save of retention data completed successfully.
[1545072378] SERVICE NOTIFICATION: nagiosadmin;sigqscluster1;CPU_Procs;CRITICAL;notify-service-by-email;CPU CRITICAL: 1 crit, 0 warn out of 338 processes
[1545072390] SERVICE NOTIFICATION: nagiosadmin;pservercluster1;Memory;CRITICAL;notify-service-by-email;CRITICAL - 5.5% (1345164 kB) free!
[1545072507] SERVICE NOTIFICATION: nagiosadmin;pservercluster2;CPU_Procs;CRITICAL;notify-service-by-email;CPU CRITICAL: 2 crit, 3 warn out of 317 processes
[1545072668] SERVICE NOTIFICATION: nagiosadmin;smscapp1;Memory;WARNING;notify-service-by-email;WARNING - 13.6% (2212588 kB) free!
[1545073833] SERVICE NOTIFICATION: nagiosadmin;sigqscluster2;CPU_Procs;CRITICAL;notify-service-by-email;CPU CRITICAL: 1 crit, 0 warn out of 335 processes
[1545073900] SERVICE NOTIFICATION: nagiosadmin;qservercluster1;CPU Load;WARNING;notify-service-by-email;WARNING - load average: 12.54, 11.88, 11.90
[1545074038] SERVICE NOTIFICATION: nagiosadmin;sig1;Memory;CRITICAL;notify-service-by-email;CRITICAL - 4.0% (654152 kB) free!
[1545074362] SERVICE NOTIFICATION: nagiosadmin;smscapp2;Memory;CRITICAL;notify-service-by-email;CRITICAL - 1.2% (198820 kB) free!
[1545075119] SERVICE NOTIFICATION: nagiosadmin;smscapp1;CPU_Procs;CRITICAL;notify-service-by-email;CPU CRITICAL: 6 crit, 1 warn out of 336 processes
[1545075137] SERVICE NOTIFICATION: nagiosadmin;qservercluster1;CPU_Procs;CRITICAL;notify-service-by-email;CPU CRITICAL: 1 crit, 0 warn out of 305 processes
[1545075244] Auto-save of retention data completed successfully.
[1545075978] SERVICE NOTIFICATION: nagiosadmin;sigqscluster1;CPU_Procs;CRITICAL;notify-service-by-email;CPU CRITICAL: 1 crit, 0 warn out of 338 processes
[1545075990] SERVICE NOTIFICATION: nagiosadmin;pservercluster1;Memory;CRITICAL;notify-service-by-email;CRITICAL - 5.5% (1346324 kB) free!
[1545076107] SERVICE NOTIFICATION: nagiosadmin;pservercluster2;CPU_Procs;CRITICAL;notify-service-by-email;CPU CRITICAL: 2 crit, 3 warn out of 317 processes
[1545076268] SERVICE NOTIFICATION: nagiosadmin;smscapp1;Memory;WARNING;notify-service-by-email;WARNING - 13.6% (2213040 kB) free!
[1545077433] SERVICE NOTIFICATION: nagiosadmin;sigqscluster2;CPU_Procs;CRITICAL;notify-service-by-email;CPU CRITICAL: 1 crit, 0 warn out of 335 processes
[1545077500] SERVICE NOTIFICATION: nagiosadmin;qservercluster1;CPU Load;WARNING;notify-service-by-email;WARNING - load average: 11.59, 11.15, 11.15
[1545077638] SERVICE NOTIFICATION: nagiosadmin;sig1;Memory;CRITICAL;notify-service-by-email;CRITICAL - 4.0% (654516 kB) free!
[1545077962] SERVICE NOTIFICATION: nagiosadmin;smscapp2;Memory;CRITICAL;notify-service-by-email;CRITICAL - 1.2% (191388 kB) free!
[1545078719] SERVICE NOTIFICATION: nagiosadmin;smscapp1;CPU_Procs;CRITICAL;notify-service-by-email;CPU CRITICAL: 6 crit, 1 warn out of 337 processes
[1545078737] SERVICE NOTIFICATION: nagiosadmin;qservercluster1;CPU_Procs;CRITICAL;notify-service-by-email;CPU CRITICAL: 1 crit, 0 warn out of 306 processes
[1545078844] Auto-save of retention data completed successfully.
[1545079578] SERVICE NOTIFICATION: nagiosadmin;sigqscluster1;CPU_Procs;CRITICAL;notify-service-by-email;CPU CRITICAL: 1 crit, 0 warn out of 338 processes
[1545079591] SERVICE NOTIFICATION: nagiosadmin;pservercluster1;Memory;CRITICAL;notify-service-by-email;CRITICAL - 5.5% (1346660 kB) free!
[1545079707] SERVICE NOTIFICATION: nagiosadmin;pservercluster2;CPU_Procs;CRITICAL;notify-service-by-email;CPU CRITICAL: 3 crit, 2 warn out of 317 processes
[1545079868] SERVICE NOTIFICATION: nagiosadmin;smscapp1;Memory;WARNING;notify-service-by-email;WARNING - 13.6% (2210652 kB) free!
[1545081034] SERVICE NOTIFICATION: nagiosadmin;sigqscluster2;CPU_Procs;CRITICAL;notify-service-by-email;CPU CRITICAL: 1 crit, 0 warn out of 335 processes
[1545081100] SERVICE NOTIFICATION: nagiosadmin;qservercluster1;CPU Load;WARNING;notify-service-by-email;WARNING - load average: 11.01, 11.71, 11.59
[1545081239] SERVICE NOTIFICATION: nagiosadmin;sig1;Memory;CRITICAL;notify-service-by-email;CRITICAL - 4.0% (653176 kB) free!
[1545081562] SERVICE NOTIFICATION: nagiosadmin;smscapp2;Memory;CRITICAL;notify-service-by-email;CRITICAL - 1.2% (191500 kB) free!
[1545082319] SERVICE NOTIFICATION: nagiosadmin;smscapp1;CPU_Procs;CRITICAL;notify-service-by-email;CPU CRITICAL: 6 crit, 1 warn out of 336 processes
[1545082337] SERVICE NOTIFICATION: nagiosadmin;qservercluster1;CPU_Procs;CRITICAL;notify-service-by-email;CPU CRITICAL: 1 crit, 0 warn out of 307 processes
[1545082444] Auto-save of retention data completed successfully.
[1545083178] SERVICE NOTIFICATION: nagiosadmin;sigqscluster1;CPU_Procs;CRITICAL;notify-service-by-email;CPU CRITICAL: 1 crit, 0 warn out of 338 processes
[1545083307] SERVICE NOTIFICATION: nagiosadmin;pservercluster2;CPU_Procs;CRITICAL;notify-service-by-email;CPU CRITICAL: 3 crit, 2 warn out of 317 processes
[1545083468] SERVICE NOTIFICATION: nagiosadmin;smscapp1;Memory;WARNING;notify-service-by-email;WARNING - 13.6% (2211624 kB) free!
[1545083790] SERVICE NOTIFICATION: nagiosadmin;pservercluster1;Memory;CRITICAL;notify-service-by-email;CRITICAL - 5.5% (1345512 kB) free!
[1545084700] SERVICE NOTIFICATION: nagiosadmin;qservercluster1;CPU Load;WARNING;notify-service-by-email;WARNING - load average: 12.75, 12.16, 11.90
[1545085162] SERVICE NOTIFICATION: nagiosadmin;smscapp2;Memory;CRITICAL;notify-service-by-email;CRITICAL - 1.2% (189996 kB) free!
[1545085233] SERVICE NOTIFICATION: nagiosadmin;sigqscluster2;CPU_Procs;CRITICAL;notify-service-by-email;CPU CRITICAL: 1 crit, 0 warn out of 336 processes
[1545085438] SERVICE NOTIFICATION: nagiosadmin;sig1;Memory;CRITICAL;notify-service-by-email;CRITICAL - 4.0% (651248 kB) free!
[1545085919] SERVICE NOTIFICATION: nagiosadmin;smscapp1;CPU_Procs;CRITICAL;notify-service-by-email;CPU CRITICAL: 6 crit, 1 warn out of 336 processes
[1545085937] SERVICE NOTIFICATION: nagiosadmin;qservercluster1;CPU_Procs;CRITICAL;notify-service-by-email;CPU CRITICAL: 1 crit, 0 warn out of 306 processes
[1545086044] Auto-save of retention data completed successfully.
[1545086778] SERVICE NOTIFICATION: nagiosadmin;sigqscluster1;CPU_Procs;CRITICAL;notify-service-by-email;CPU CRITICAL: 1 crit, 0 warn out of 338 processes
[1545086907] SERVICE NOTIFICATION: nagiosadmin;pservercluster2;CPU_Procs;CRITICAL;notify-service-by-email;CPU CRITICAL: 3 crit, 2 warn out of 316 processes
[1545087068] SERVICE NOTIFICATION: nagiosadmin;smscapp1;Memory;WARNING;notify-service-by-email;WARNING - 13.6% (2211176 kB) free!
[1545087390] SERVICE NOTIFICATION: nagiosadmin;pservercluster1;Memory;CRITICAL;notify-service-by-email;CRITICAL - 5.5% (1344680 kB) free!
[1545088301] SERVICE NOTIFICATION: nagiosadmin;qservercluster1;CPU Load;WARNING;notify-service-by-email;WARNING - load average: 10.05, 11.08, 11.44
[1545088762] SERVICE NOTIFICATION: nagiosadmin;smscapp2;Memory;CRITICAL;notify-service-by-email;CRITICAL - 1.2% (187652 kB) free!
[1545088833] SERVICE NOTIFICATION: nagiosadmin;sigqscluster2;CPU_Procs;CRITICAL;notify-service-by-email;CPU CRITICAL: 1 crit, 0 warn out of 336 processes
[1545089038] SERVICE NOTIFICATION: nagiosadmin;sig1;Memory;CRITICAL;notify-service-by-email;CRITICAL - 4.0% (651388 kB) free!
[1545089519] SERVICE NOTIFICATION: nagiosadmin;smscapp1;CPU_Procs;CRITICAL;notify-service-by-email;CPU CRITICAL: 6 crit, 1 warn out of 336 processes
[1545089537] SERVICE NOTIFICATION: nagiosadmin;qservercluster1;CPU_Procs;CRITICAL;notify-service-by-email;CPU CRITICAL: 1 crit, 0 warn out of 304 processes
[1545089644] Auto-save of retention data completed successfully.
[1545090378] SERVICE NOTIFICATION: nagiosadmin;sigqscluster1;CPU_Procs;CRITICAL;notify-service-by-email;CPU CRITICAL: 1 crit, 0 warn out of 339 processes
[1545090507] SERVICE NOTIFICATION: nagiosadmin;pservercluster2;CPU_Procs;CRITICAL;notify-service-by-email;CPU CRITICAL: 2 crit, 3 warn out of 316 processes
[1545090668] SERVICE NOTIFICATION: nagiosadmin;smscapp1;Memory;WARNING;notify-service-by-email;WARNING - 13.6% (2211076 kB) free!
[1545090990] SERVICE NOTIFICATION: nagiosadmin;pservercluster1;Memory;CRITICAL;notify-service-by-email;CRITICAL - 5.5% (1346024 kB) free!
[1545092363] SERVICE NOTIFICATION: nagiosadmin;smscapp2;Memory;CRITICAL;notify-service-by-email;CRITICAL - 1.1% (185480 kB) free!
[1545092433] SERVICE NOTIFICATION: nagiosadmin;sigqscluster2;CPU_Procs;CRITICAL;notify-service-by-email;CPU CRITICAL: 1 crit, 0 warn out of 335 processes
[1545092500] SERVICE NOTIFICATION: nagiosadmin;qservercluster1;CPU Load;WARNING;notify-service-by-email;WARNING - load average: 11.62, 11.51, 11.63
[1545092638] SERVICE NOTIFICATION: nagiosadmin;sig1;Memory;CRITICAL;notify-service-by-email;CRITICAL - 4.0% (649812 kB) free!
[1545093119] SERVICE NOTIFICATION: nagiosadmin;smscapp1;CPU_Procs;CRITICAL;notify-service-by-email;CPU CRITICAL: 6 crit, 1 warn out of 337 processes
[1545093137] SERVICE NOTIFICATION: nagiosadmin;qservercluster1;CPU_Procs;CRITICAL;notify-service-by-email;CPU CRITICAL: 1 crit, 0 warn out of 301 processes
[1545093244] Auto-save of retention data completed successfully.
[1545093978] SERVICE NOTIFICATION: nagiosadmin;sigqscluster1;CPU_Procs;CRITICAL;notify-service-by-email;CPU CRITICAL: 1 crit, 0 warn out of 338 processes
[1545094107] SERVICE NOTIFICATION: nagiosadmin;pservercluster2;CPU_Procs;CRITICAL;notify-service-by-email;CPU CRITICAL: 2 crit, 3 warn out of 317 processes
[1545094268] SERVICE NOTIFICATION: nagiosadmin;smscapp1;Memory;WARNING;notify-service-by-email;WARNING - 13.6% (2213460 kB) free!
[1545094590] SERVICE NOTIFICATION: nagiosadmin;pservercluster1;Memory;CRITICAL;notify-service-by-email;CRITICAL - 5.5% (1344152 kB) free!
[1545096034] SERVICE NOTIFICATION: nagiosadmin;sigqscluster2;CPU_Procs;CRITICAL;notify-service-by-email;CPU CRITICAL: 1 crit, 0 warn out of 334 processes
[1545096100] SERVICE NOTIFICATION: nagiosadmin;qservercluster1;CPU Load;WARNING;notify-service-by-email;WARNING - load average: 10.71, 11.54, 11.60
[1545096238] SERVICE NOTIFICATION: nagiosadmin;sig1;Memory;CRITICAL;notify-service-by-email;CRITICAL - 4.0% (648372 kB) free!
[1545096562] SERVICE NOTIFICATION: nagiosadmin;smscapp2;Memory;CRITICAL;notify-service-by-email;CRITICAL - 2.9% (466580 kB) free!
[1545096719] SERVICE NOTIFICATION: nagiosadmin;smscapp1;CPU_Procs;CRITICAL;notify-service-by-email;CPU CRITICAL: 6 crit, 1 warn out of 335 processes
[1545096737] SERVICE NOTIFICATION: nagiosadmin;qservercluster1;CPU_Procs;CRITICAL;notify-service-by-email;CPU CRITICAL: 1 crit, 0 warn out of 306 processes
[1545096844] Auto-save of retention data completed successfully.
[1545097579] SERVICE NOTIFICATION: nagiosadmin;sigqscluster1;CPU_Procs;CRITICAL;notify-service-by-email;CPU CRITICAL: 1 crit, 0 warn out of 337 processes
[1545097707] SERVICE NOTIFICATION: nagiosadmin;pservercluster2;CPU_Procs;CRITICAL;notify-service-by-email;CPU CRITICAL: 2 crit, 3 warn out of 317 processes
[1545097868] SERVICE NOTIFICATION: nagiosadmin;smscapp1;Memory;WARNING;notify-service-by-email;WARNING - 13.6% (2212060 kB) free!
[1545098190] SERVICE NOTIFICATION: nagiosadmin;pservercluster1;Memory;CRITICAL;notify-service-by-email;CRITICAL - 5.5% (1342956 kB) free!
[1545099700] SERVICE NOTIFICATION: nagiosadmin;qservercluster1;CPU Load;WARNING;notify-service-by-email;WARNING - load average: 12.73, 11.73, 11.72
[1545099838] SERVICE NOTIFICATION: nagiosadmin;sig1;Memory;CRITICAL;notify-service-by-email;CRITICAL - 4.0% (647132 kB) free!
[1545100162] SERVICE NOTIFICATION: nagiosadmin;smscapp2;Memory;CRITICAL;notify-service-by-email;CRITICAL - 2.9% (464064 kB) free!
[1545100233] SERVICE NOTIFICATION: nagiosadmin;sigqscluster2;CPU_Procs;CRITICAL;notify-service-by-email;CPU CRITICAL: 1 crit, 0 warn out of 336 processes
[1545100319] SERVICE NOTIFICATION: nagiosadmin;smscapp1;CPU_Procs;CRITICAL;notify-service-by-email;CPU CRITICAL: 6 crit, 1 warn out of 335 processes
[1545100337] SERVICE NOTIFICATION: nagiosadmin;qservercluster1;CPU_Procs;CRITICAL;notify-service-by-email;CPU CRITICAL: 1 crit, 0 warn out of 304 processes
[1545100444] Auto-save of retention data completed successfully.
[1545101307] SERVICE NOTIFICATION: nagiosadmin;pservercluster2;CPU_Procs;CRITICAL;notify-service-by-email;CPU CRITICAL: 2 crit, 3 warn out of 317 processes
[1545101468] SERVICE NOTIFICATION: nagiosadmin;smscapp1;Memory;WARNING;notify-service-by-email;WARNING - 13.6% (2212872 kB) free!
[1545101778] SERVICE NOTIFICATION: nagiosadmin;sigqscluster1;CPU_Procs;CRITICAL;notify-service-by-email;CPU CRITICAL: 1 crit, 0 warn out of 340 processes
[1545101790] SERVICE NOTIFICATION: nagiosadmin;pservercluster1;Memory;CRITICAL;notify-service-by-email;CRITICAL - 5.5% (1342360 kB) free!
[1545103300] SERVICE NOTIFICATION: nagiosadmin;qservercluster1;CPU Load;WARNING;notify-service-by-email;WARNING - load average: 12.16, 12.08, 11.84
[1545103438] SERVICE NOTIFICATION: nagiosadmin;sig1;Memory;CRITICAL;notify-service-by-email;CRITICAL - 4.0% (645212 kB) free!
[1545103762] SERVICE NOTIFICATION: nagiosadmin;smscapp2;Memory;CRITICAL;notify-service-by-email;CRITICAL - 2.8% (457760 kB) free!
[1545103833] SERVICE NOTIFICATION: nagiosadmin;sigqscluster2;CPU_Procs;CRITICAL;notify-service-by-email;CPU CRITICAL: 1 crit, 0 warn out of 338 processes
[1545103919] SERVICE NOTIFICATION: nagiosadmin;smscapp1;CPU_Procs;CRITICAL;notify-service-by-email;CPU CRITICAL: 6 crit, 1 warn out of 336 processes
[1545103937] SERVICE NOTIFICATION: nagiosadmin;qservercluster1;CPU_Procs;CRITICAL;notify-service-by-email;CPU CRITICAL: 1 crit, 0 warn out of 303 processes
[1545104044] Auto-save of retention data completed successfully.
[1545104907] SERVICE NOTIFICATION: nagiosadmin;pservercluster2;CPU_Procs;CRITICAL;notify-service-by-email;CPU CRITICAL: 2 crit, 3 warn out of 317 processes
[1545105068] SERVICE NOTIFICATION: nagiosadmin;smscapp1;Memory;WARNING;notify-service-by-email;WARNING - 13.6% (2211812 kB) free!
[1545105378] SERVICE NOTIFICATION: nagiosadmin;sigqscluster1;CPU_Procs;CRITICAL;notify-service-by-email;CPU CRITICAL: 1 crit, 0 warn out of 340 processes
[1545105390] SERVICE NOTIFICATION: nagiosadmin;pservercluster1;Memory;CRITICAL;notify-service-by-email;CRITICAL - 5.5% (1341024 kB) free!
[1545106900] SERVICE NOTIFICATION: nagiosadmin;qservercluster1;CPU Load;WARNING;notify-service-by-email;WARNING - load average: 10.61, 10.95, 11.28
[1545107038] SERVICE NOTIFICATION: nagiosadmin;sig1;Memory;CRITICAL;notify-service-by-email;CRITICAL - 4.0% (644560 kB) free!
[1545107362] SERVICE NOTIFICATION: nagiosadmin;smscapp2;Memory;CRITICAL;notify-service-by-email;CRITICAL - 2.8% (455440 kB) free!
[1545107433] SERVICE NOTIFICATION: nagiosadmin;sigqscluster2;CPU_Procs;CRITICAL;notify-service-by-email;CPU CRITICAL: 1 crit, 0 warn out of 337 processes
[1545107519] SERVICE NOTIFICATION: nagiosadmin;smscapp1;CPU_Procs;CRITICAL;notify-service-by-email;CPU CRITICAL: 6 crit, 1 warn out of 335 processes
[1545107537] SERVICE NOTIFICATION: nagiosadmin;qservercluster1;CPU_Procs;CRITICAL;notify-service-by-email;CPU CRITICAL: 1 crit, 0 warn out of 307 processes
[1545107644] Auto-save of retention data completed successfully.
[1545108508] SERVICE NOTIFICATION: nagiosadmin;pservercluster2;CPU_Procs;CRITICAL;notify-service-by-email;CPU CRITICAL: 1 crit, 2 warn out of 322 processes
[1545108668] SERVICE NOTIFICATION: nagiosadmin;smscapp1;Memory;WARNING;notify-service-by-email;WARNING - 13.6% (2211044 kB) free!
[1545108978] SERVICE NOTIFICATION: nagiosadmin;sigqscluster1;CPU_Procs;CRITICAL;notify-service-by-email;CPU CRITICAL: 1 crit, 0 warn out of 338 processes
[1545108990] SERVICE NOTIFICATION: nagiosadmin;pservercluster1;Memory;CRITICAL;notify-service-by-email;CRITICAL - 5.5% (1342812 kB) free!
[1545110278] SERVICE ALERT: db2;CPU_Procs;CRITICAL;SOFT;1;CPU CRITICAL: 1 crit, 0 warn out of 290 processes
[1545110307] SERVICE NOTIFICATION: nagiosadmin;pservercluster2;CPU_Procs;WARNING;notify-service-by-email;CPU WARNING: 4 warn out of 375 processes
[1545110307] SERVICE ALERT: pservercluster2;CPU_Procs;WARNING;HARD;3;CPU WARNING: 4 warn out of 375 processes
[1545110398] SERVICE ALERT: db2;CPU_Procs;CRITICAL;SOFT;2;CPU CRITICAL: 1 crit, 0 warn out of 291 processes
[1545110500] SERVICE NOTIFICATION: nagiosadmin;qservercluster1;CPU Load;WARNING;notify-service-by-email;WARNING - load average: 13.04, 12.04, 11.71
[1545110518] SERVICE ALERT: db2;CPU_Procs;OK;HARD;1;CPU OK: 290 processes
[1545110585] SERVICE ALERT: pservercluster2;CPU Load;WARNING;SOFT;1;WARNING - load average: 1.03, 16.23, 12.52
[1545110638] SERVICE NOTIFICATION: nagiosadmin;sig1;Memory;CRITICAL;notify-service-by-email;CRITICAL - 4.0% (642416 kB) free!
[1545110705] SERVICE ALERT: pservercluster2;CPU Load;WARNING;SOFT;2;WARNING - load average: 0.54, 10.99, 11.04
[1545110825] SERVICE NOTIFICATION: nagiosadmin;pservercluster2;CPU Load;WARNING;notify-service-by-email;WARNING - load average: 0.62, 7.54, 9.77
[1545110825] SERVICE ALERT: pservercluster2;CPU Load;WARNING;HARD;3;WARNING - load average: 0.62, 7.54, 9.77
[1545110907] SERVICE NOTIFICATION: nagiosadmin;pservercluster2;CPU_Procs;CRITICAL;notify-service-by-email;CPU CRITICAL: 2 crit, 2 warn out of 326 processes
[1545110907] SERVICE ALERT: pservercluster2;CPU_Procs;CRITICAL;HARD;3;CPU CRITICAL: 2 crit, 2 warn out of 326 processes
[1545110962] SERVICE NOTIFICATION: nagiosadmin;smscapp2;Memory;CRITICAL;notify-service-by-email;CRITICAL - 2.8% (450860 kB) free!
[1545111033] SERVICE NOTIFICATION: nagiosadmin;sigqscluster2;CPU_Procs;CRITICAL;notify-service-by-email;CPU CRITICAL: 1 crit, 0 warn out of 337 processes
[1545111120] SERVICE NOTIFICATION: nagiosadmin;smscapp1;CPU_Procs;CRITICAL;notify-service-by-email;CPU CRITICAL: 6 crit, 1 warn out of 336 processes
[1545111137] SERVICE NOTIFICATION: nagiosadmin;qservercluster1;CPU_Procs;CRITICAL;notify-service-by-email;CPU CRITICAL: 1 crit, 0 warn out of 303 processes
[1545111186] SERVICE ALERT: db1;CPU_Procs;CRITICAL;SOFT;1;CPU CRITICAL: 1 crit, 0 warn out of 324 processes
[1545111244] Auto-save of retention data completed successfully.
[1545111306] SERVICE ALERT: db1;CPU_Procs;OK;HARD;1;CPU OK: 324 processes
[1545112025] SERVICE NOTIFICATION: nagiosadmin;pservercluster2;CPU Load;OK;notify-service-by-email;OK - load average: 0.98, 0.72, 3.06
[1545112025] SERVICE ALERT: pservercluster2;CPU Load;OK;HARD;1;OK - load average: 0.98, 0.72, 3.06
[1545112268] SERVICE NOTIFICATION: nagiosadmin;smscapp1;Memory;WARNING;notify-service-by-email;WARNING - 13.6% (2209440 kB) free!
[1545112318] SERVICE ALERT: db2;CPU_Procs;CRITICAL;SOFT;1;CPU CRITICAL: 1 crit, 0 warn out of 294 processes
[1545112439] SERVICE ALERT: db2;CPU_Procs;CRITICAL;SOFT;2;CPU CRITICAL: 1 crit, 0 warn out of 294 processes
[1545112559] SERVICE ALERT: db2;CPU_Procs;OK;HARD;1;CPU OK: 295 processes
[1545112578] SERVICE NOTIFICATION: nagiosadmin;sigqscluster1;CPU_Procs;CRITICAL;notify-service-by-email;CPU CRITICAL: 1 crit, 0 warn out of 339 processes
[1545112590] SERVICE NOTIFICATION: nagiosadmin;pservercluster1;Memory;CRITICAL;notify-service-by-email;CRITICAL - 5.4% (1335172 kB) free!
[1545113759] SERVICE ALERT: db2;CPU_Procs;CRITICAL;SOFT;1;CPU CRITICAL: 1 crit, 0 warn out of 294 processes
[1545113879] SERVICE ALERT: db2;CPU_Procs;CRITICAL;SOFT;2;CPU CRITICAL: 1 crit, 0 warn out of 293 processes
[1545113999] SERVICE NOTIFICATION: nagiosadmin;db2;CPU_Procs;CRITICAL;notify-service-by-email;CPU CRITICAL: 1 crit, 0 warn out of 294 processes
[1545113999] SERVICE ALERT: db2;CPU_Procs;CRITICAL;HARD;3;CPU CRITICAL: 1 crit, 0 warn out of 294 processes
[1545114100] SERVICE NOTIFICATION: nagiosadmin;qservercluster1;CPU Load;WARNING;notify-service-by-email;WARNING - load average: 12.91, 12.57, 12.44
[1545114238] SERVICE NOTIFICATION: nagiosadmin;sig1;Memory;CRITICAL;notify-service-by-email;CRITICAL - 3.7% (601396 kB) free!
[1545114508] SERVICE NOTIFICATION: nagiosadmin;pservercluster2;CPU_Procs;CRITICAL;notify-service-by-email;CPU CRITICAL: 2 crit, 3 warn out of 334 processes
[1545114562] SERVICE NOTIFICATION: nagiosadmin;smscapp2;Memory;CRITICAL;notify-service-by-email;CRITICAL - 1.1% (179776 kB) free!
[1545114599] SERVICE NOTIFICATION: nagiosadmin;db2;CPU_Procs;OK;notify-service-by-email;CPU OK: 296 processes
[1545114599] SERVICE ALERT: db2;CPU_Procs;OK;HARD;1;CPU OK: 296 processes
[1545114633] SERVICE NOTIFICATION: nagiosadmin;sigqscluster2;CPU_Procs;CRITICAL;notify-service-by-email;CPU CRITICAL: 1 crit, 0 warn out of 336 processes
[1545114737] SERVICE NOTIFICATION: nagiosadmin;qservercluster1;CPU_Procs;CRITICAL;notify-service-by-email;CPU CRITICAL: 1 crit, 0 warn out of 304 processes
[1545114844] Auto-save of retention data completed successfully.
[1545115319] SERVICE NOTIFICATION: nagiosadmin;smscapp1;CPU_Procs;CRITICAL;notify-service-by-email;CPU CRITICAL: 6 crit, 1 warn out of 338 processes
[1545115868] SERVICE NOTIFICATION: nagiosadmin;smscapp1;Memory;WARNING;notify-service-by-email;WARNING - 12.7% (2061776 kB) free!
[1545116178] SERVICE NOTIFICATION: nagiosadmin;sigqscluster1;CPU_Procs;CRITICAL;notify-service-by-email;CPU CRITICAL: 1 crit, 0 warn out of 340 processes
[1545116190] SERVICE NOTIFICATION: nagiosadmin;pservercluster1;Memory;CRITICAL;notify-service-by-email;CRITICAL - 5.4% (1330572 kB) free!
[1545117700] SERVICE NOTIFICATION: nagiosadmin;qservercluster1;CPU Load;WARNING;notify-service-by-email;WARNING - load average: 13.48, 13.23, 12.66
[1545117838] SERVICE NOTIFICATION: nagiosadmin;sig1;Memory;CRITICAL;notify-service-by-email;CRITICAL - 3.7% (598940 kB) free!
[1545118162] SERVICE NOTIFICATION: nagiosadmin;smscapp2;Memory;CRITICAL;notify-service-by-email;CRITICAL - 1.1% (170956 kB) free!
[1545118233] SERVICE NOTIFICATION: nagiosadmin;sigqscluster2;CPU_Procs;CRITICAL;notify-service-by-email;CPU CRITICAL: 1 crit, 0 warn out of 339 processes
[1545118337] SERVICE NOTIFICATION: nagiosadmin;qservercluster1;CPU_Procs;CRITICAL;notify-service-by-email;CPU CRITICAL: 1 crit, 0 warn out of 307 processes
[1545118444] Auto-save of retention data completed successfully.
[1545118707] SERVICE NOTIFICATION: nagiosadmin;pservercluster2;CPU_Procs;CRITICAL;notify-service-by-email;CPU CRITICAL: 4 crit, 1 warn out of 331 processes
[1545118919] SERVICE NOTIFICATION: nagiosadmin;smscapp1;CPU_Procs;CRITICAL;notify-service-by-email;CPU CRITICAL: 6 crit, 1 warn out of 337 processes
[1545119468] SERVICE NOTIFICATION: nagiosadmin;smscapp1;Memory;WARNING;notify-service-by-email;WARNING - 12.7% (2061416 kB) free!
[1545119778] SERVICE NOTIFICATION: nagiosadmin;sigqscluster1;CPU_Procs;CRITICAL;notify-service-by-email;CPU CRITICAL: 1 crit, 0 warn out of 339 processes
[1545119790] SERVICE NOTIFICATION: nagiosadmin;pservercluster1;Memory;CRITICAL;notify-service-by-email;CRITICAL - 5.4% (1330148 kB) free!
[1545119962] SERVICE ALERT: db2;Memory;WARNING;SOFT;1;WARNING - 16.8% (8281592 kB) free!
[1545119999] SERVICE ALERT: db2;CPU_Procs;CRITICAL;SOFT;1;CPU CRITICAL: 1 crit, 0 warn out of 297 processes
[1545120082] SERVICE ALERT: db2;Memory;OK;HARD;1;OK - 20.2% (9973900 kB) free.
[1545120120] SERVICE ALERT: db2;CPU_Procs;OK;HARD;1;CPU OK: 295 processes
[1545121300] SERVICE NOTIFICATION: nagiosadmin;qservercluster1;CPU Load;WARNING;notify-service-by-email;WARNING - load average: 12.06, 12.65, 12.63
[1545121438] SERVICE NOTIFICATION: nagiosadmin;sig1;Memory;CRITICAL;notify-service-by-email;CRITICAL - 3.6% (581268 kB) free!
[1545121762] SERVICE NOTIFICATION: nagiosadmin;smscapp2;Memory;CRITICAL;notify-service-by-email;CRITICAL - 1.0% (159920 kB) free!
[1545121833] SERVICE NOTIFICATION: nagiosadmin;sigqscluster2;CPU_Procs;CRITICAL;notify-service-by-email;CPU CRITICAL: 1 crit, 0 warn out of 337 processes
[1545121937] SERVICE NOTIFICATION: nagiosadmin;qservercluster1;CPU_Procs;CRITICAL;notify-service-by-email;CPU CRITICAL: 1 crit, 0 warn out of 305 processes
[1545122044] Auto-save of retention data completed successfully.
[1545122307] SERVICE NOTIFICATION: nagiosadmin;pservercluster2;CPU_Procs;CRITICAL;notify-service-by-email;CPU CRITICAL: 3 crit, 2 warn out of 330 processes
[1545122519] SERVICE ALERT: db2;CPU_Procs;CRITICAL;SOFT;1;CPU CRITICAL: 1 crit, 0 warn out of 291 processes
[1545122520] SERVICE NOTIFICATION: nagiosadmin;smscapp1;CPU_Procs;CRITICAL;notify-service-by-email;CPU CRITICAL: 6 crit, 1 warn out of 337 processes
[1545122639] SERVICE ALERT: db2;CPU_Procs;CRITICAL;SOFT;2;CPU CRITICAL: 1 crit, 0 warn out of 291 processes
[1545122759] SERVICE ALERT: db2;CPU_Procs;OK;HARD;1;CPU OK: 289 processes
[1545123068] SERVICE NOTIFICATION: nagiosadmin;smscapp1;Memory;WARNING;notify-service-by-email;WARNING - 11.7% (1908704 kB) free!
[1545123378] SERVICE NOTIFICATION: nagiosadmin;sigqscluster1;CPU_Procs;CRITICAL;notify-service-by-email;CPU CRITICAL: 1 crit, 0 warn out of 338 processes
[1545123390] SERVICE NOTIFICATION: nagiosadmin;pservercluster1;Memory;CRITICAL;notify-service-by-email;CRITICAL - 5.4% (1329792 kB) free!
[1545123610] SERVICE ALERT: smscapp2;CPU_Procs;WARNING;SOFT;1;CPU WARNING: 1 warn out of 343 processes
[1545123731] SERVICE ALERT: smscapp2;CPU_Procs;WARNING;SOFT;2;CPU WARNING: 1 warn out of 343 processes
[1545123851] SERVICE NOTIFICATION: nagiosadmin;smscapp2;CPU_Procs;WARNING;notify-service-by-email;CPU WARNING: 1 warn out of 341 processes
[1545123851] SERVICE ALERT: smscapp2;CPU_Procs;WARNING;HARD;3;CPU WARNING: 1 warn out of 341 processes
[1545123960] SERVICE ALERT: db2;CPU_Procs;CRITICAL;SOFT;1;CPU CRITICAL: 1 crit, 0 warn out of 289 processes
[1545124080] SERVICE ALERT: db2;CPU_Procs;CRITICAL;SOFT;2;CPU CRITICAL: 1 crit, 0 warn out of 290 processes
[1545124162] SERVICE NOTIFICATION: nagiosadmin;smscapp2;Memory;WARNING;notify-service-by-email;WARNING - 10.3% (1669268 kB) free!
[1545124162] SERVICE ALERT: smscapp2;Memory;WARNING;HARD;3;WARNING - 10.3% (1669268 kB) free!
[1545124200] SERVICE NOTIFICATION: nagiosadmin;db2;CPU_Procs;CRITICAL;notify-service-by-email;CPU CRITICAL: 1 crit, 0 warn out of 290 processes
[1545124200] SERVICE ALERT: db2;CPU_Procs;CRITICAL;HARD;3;CPU CRITICAL: 1 crit, 0 warn out of 290 processes
[1545124268] SERVICE NOTIFICATION: nagiosadmin;smscapp1;Memory;CRITICAL;notify-service-by-email;CRITICAL - 10.0% (1629260 kB) free!
[1545124268] SERVICE ALERT: smscapp1;Memory;CRITICAL;HARD;3;CRITICAL - 10.0% (1629260 kB) free!
[1545124800] SERVICE FLAPPING ALERT: db2;CPU_Procs;STARTED; Service appears to have started flapping (20.5% change >= 20.0% threshold)
[1545124800] SERVICE ALERT: db2;CPU_Procs;OK;HARD;1;CPU OK: 288 processes
[1545124900] SERVICE NOTIFICATION: nagiosadmin;qservercluster1;CPU Load;WARNING;notify-service-by-email;WARNING - load average: 11.20, 12.17, 12.43
[1545125038] SERVICE NOTIFICATION: nagiosadmin;sig1;Memory;CRITICAL;notify-service-by-email;CRITICAL - 2.6% (417616 kB) free!
[1545125362] SERVICE NOTIFICATION: nagiosadmin;smscapp2;Memory;CRITICAL;notify-service-by-email;CRITICAL - 10.0% (1623316 kB) free!
[1545125362] SERVICE ALERT: smscapp2;Memory;CRITICAL;HARD;3;CRITICAL - 10.0% (1623316 kB) free!
[1545125433] SERVICE NOTIFICATION: nagiosadmin;sigqscluster2;CPU_Procs;CRITICAL;notify-service-by-email;CPU CRITICAL: 1 crit, 0 warn out of 340 processes
[1545125537] SERVICE NOTIFICATION: nagiosadmin;qservercluster1;CPU_Procs;CRITICAL;notify-service-by-email;CPU CRITICAL: 1 crit, 0 warn out of 302 processes
[1545125644] Auto-save of retention data completed successfully.
[1545125908] SERVICE NOTIFICATION: nagiosadmin;pservercluster2;CPU_Procs;CRITICAL;notify-service-by-email;CPU CRITICAL: 4 crit, 1 warn out of 334 processes
[1545126719] SERVICE NOTIFICATION: nagiosadmin;smscapp1;CPU_Procs;CRITICAL;notify-service-by-email;CPU CRITICAL: 6 crit, 1 warn out of 338 processes
[1545126978] SERVICE NOTIFICATION: nagiosadmin;sigqscluster1;CPU_Procs;CRITICAL;notify-service-by-email;CPU CRITICAL: 1 crit, 0 warn out of 338 processes
[1545126990] SERVICE NOTIFICATION: nagiosadmin;pservercluster1;Memory;CRITICAL;notify-service-by-email;CRITICAL - 5.4% (1330216 kB) free!
[1545127451] SERVICE NOTIFICATION: nagiosadmin;smscapp2;CPU_Procs;WARNING;notify-service-by-email;CPU WARNING: 2 warn out of 340 processes
[1545127868] SERVICE NOTIFICATION: nagiosadmin;smscapp1;Memory;CRITICAL;notify-service-by-email;CRITICAL - 6.3% (1027520 kB) free!
[1545128500] SERVICE NOTIFICATION: nagiosadmin;qservercluster1;CPU Load;WARNING;notify-service-by-email;WARNING - load average: 13.08, 12.95, 12.74
[1545128638] SERVICE NOTIFICATION: nagiosadmin;sig1;Memory;CRITICAL;notify-service-by-email;CRITICAL - 1.0% (164344 kB) free!
[1545128962] SERVICE NOTIFICATION: nagiosadmin;smscapp2;Memory;CRITICAL;notify-service-by-email;CRITICAL - 2.3% (374484 kB) free!
[1545129033] SERVICE NOTIFICATION: nagiosadmin;sigqscluster2;CPU_Procs;CRITICAL;notify-service-by-email;CPU CRITICAL: 1 crit, 0 warn out of 337 processes
[1545129138] SERVICE NOTIFICATION: nagiosadmin;qservercluster1;CPU_Procs;CRITICAL;notify-service-by-email;CPU CRITICAL: 1 crit, 0 warn out of 304 processes
[1545129244] Auto-save of retention data completed successfully.
[1545130107] SERVICE NOTIFICATION: nagiosadmin;pservercluster2;CPU_Procs;CRITICAL;notify-service-by-email;CPU CRITICAL: 4 crit, 1 warn out of 333 processes
[1545130319] SERVICE NOTIFICATION: nagiosadmin;smscapp1;CPU_Procs;CRITICAL;notify-service-by-email;CPU CRITICAL: 6 crit, 1 warn out of 337 processes
[1545130579] SERVICE NOTIFICATION: nagiosadmin;sigqscluster1;CPU_Procs;CRITICAL;notify-service-by-email;CPU CRITICAL: 1 crit, 0 warn out of 339 processes
[1545130590] SERVICE NOTIFICATION: nagiosadmin;pservercluster1;Memory;CRITICAL;notify-service-by-email;CRITICAL - 5.4% (1329944 kB) free!
[1545131051] SERVICE NOTIFICATION: nagiosadmin;smscapp2;CPU_Procs;WARNING;notify-service-by-email;CPU WARNING: 1 warn out of 340 processes
[1545131468] SERVICE NOTIFICATION: nagiosadmin;smscapp1;Memory;CRITICAL;notify-service-by-email;CRITICAL - 6.2% (1010440 kB) free!
[1545132100] SERVICE NOTIFICATION: nagiosadmin;qservercluster1;CPU Load;WARNING;notify-service-by-email;WARNING - load average: 12.22, 12.71, 12.71
[1545132238] SERVICE NOTIFICATION: nagiosadmin;sig1;Memory;CRITICAL;notify-service-by-email;CRITICAL - 0.9% (152352 kB) free!
[1545132562] SERVICE NOTIFICATION: nagiosadmin;smscapp2;Memory;CRITICAL;notify-service-by-email;CRITICAL - 2.0% (328620 kB) free!
[1545132633] SERVICE NOTIFICATION: nagiosadmin;sigqscluster2;CPU_Procs;CRITICAL;notify-service-by-email;CPU CRITICAL: 1 crit, 0 warn out of 337 processes
[1545132844] Auto-save of retention data completed successfully.
[1545132852] SERVICE NOTIFICATION: nagiosadmin;smscapp2;CPU_Procs;OK;notify-service-by-email;CPU OK: 340 processes
[1545132852] SERVICE ALERT: smscapp2;CPU_Procs;OK;HARD;1;CPU OK: 340 processes
[1545133337] SERVICE NOTIFICATION: nagiosadmin;qservercluster1;CPU_Procs;CRITICAL;notify-service-by-email;CPU CRITICAL: 1 crit, 0 warn out of 304 processes
[1545133707] SERVICE NOTIFICATION: nagiosadmin;pservercluster2;CPU_Procs;CRITICAL;notify-service-by-email;CPU CRITICAL: 3 crit, 2 warn out of 332 processes
[1545133919] SERVICE NOTIFICATION: nagiosadmin;smscapp1;CPU_Procs;CRITICAL;notify-service-by-email;CPU CRITICAL: 6 crit, 1 warn out of 337 processes
[1545134190] SERVICE NOTIFICATION: nagiosadmin;pservercluster1;Memory;CRITICAL;notify-service-by-email;CRITICAL - 5.4% (1329524 kB) free!
[1545134778] SERVICE NOTIFICATION: nagiosadmin;sigqscluster1;CPU_Procs;CRITICAL;notify-service-by-email;CPU CRITICAL: 1 crit, 0 warn out of 338 processes
[1545135068] SERVICE NOTIFICATION: nagiosadmin;smscapp1;Memory;CRITICAL;notify-service-by-email;CRITICAL - 5.8% (945384 kB) free!
[1545135600] SERVICE ALERT: db2;CPU_Procs;CRITICAL;SOFT;1;CPU CRITICAL: 1 crit, 0 warn out of 291 processes
[1545135700] SERVICE NOTIFICATION: nagiosadmin;qservercluster1;CPU Load;WARNING;notify-service-by-email;WARNING - load average: 13.02, 12.80, 12.61
[1545135720] SERVICE ALERT: db2;CPU_Procs;CRITICAL;SOFT;2;CPU CRITICAL: 1 crit, 0 warn out of 291 processes
[1545135838] SERVICE NOTIFICATION: nagiosadmin;sig1;Memory;CRITICAL;notify-service-by-email;CRITICAL - 1.0% (159756 kB) free!
[1545135840] SERVICE ALERT: db2;CPU_Procs;CRITICAL;HARD;3;CPU CRITICAL: 1 crit, 0 warn out of 291 processes
[1545135852] SERVICE ALERT: smscapp2;CPU_Procs;WARNING;SOFT;1;CPU WARNING: 1 warn out of 342 processes
[1545135972] SERVICE ALERT: smscapp2;CPU_Procs;WARNING;SOFT;2;CPU WARNING: 1 warn out of 343 processes
[1545136093] SERVICE NOTIFICATION: nagiosadmin;smscapp2;CPU_Procs;WARNING;notify-service-by-email;CPU WARNING: 1 warn out of 342 processes
[1545136093] SERVICE ALERT: smscapp2;CPU_Procs;WARNING;HARD;3;CPU WARNING: 1 warn out of 342 processes
[1545136162] SERVICE NOTIFICATION: nagiosadmin;smscapp2;Memory;CRITICAL;notify-service-by-email;CRITICAL - 1.1% (180840 kB) free!
[1545136233] SERVICE NOTIFICATION: nagiosadmin;sigqscluster2;CPU_Procs;CRITICAL;notify-service-by-email;CPU CRITICAL: 1 crit, 0 warn out of 337 processes
[1545136444] Auto-save of retention data completed successfully.
[1545136693] SERVICE NOTIFICATION: nagiosadmin;smscapp2;CPU_Procs;CRITICAL;notify-service-by-email;CPU CRITICAL: 1 crit, 2 warn out of 342 processes
[1545136693] SERVICE ALERT: smscapp2;CPU_Procs;CRITICAL;HARD;3;CPU CRITICAL: 1 crit, 2 warn out of 342 processes
[1545136937] SERVICE NOTIFICATION: nagiosadmin;qservercluster1;CPU_Procs;CRITICAL;notify-service-by-email;CPU CRITICAL: 1 crit, 0 warn out of 305 processes
[1545137307] SERVICE NOTIFICATION: nagiosadmin;pservercluster2;CPU_Procs;CRITICAL;notify-service-by-email;CPU CRITICAL: 2 crit, 3 warn out of 332 processes
[1545137500] SERVICE ALERT: pservercluster2;Memory;WARNING;SOFT;1;WARNING - 17.2% (4218100 kB) free!
[1545137519] SERVICE NOTIFICATION: nagiosadmin;smscapp1;CPU_Procs;CRITICAL;notify-service-by-email;CPU CRITICAL: 6 crit, 1 warn out of 339 processes
[1545137620] SERVICE ALERT: pservercluster2;Memory;OK;HARD;1;OK - 21.6% (5284360 kB) free.
[1545137641] SERVICE ALERT: db2;CPU_Procs;OK;HARD;1;CPU OK: 291 processes
[1545137790] SERVICE NOTIFICATION: nagiosadmin;pservercluster1;Memory;CRITICAL;notify-service-by-email;CRITICAL - 5.4% (1329316 kB) free!
[1545138378] SERVICE NOTIFICATION: nagiosadmin;sigqscluster1;CPU_Procs;CRITICAL;notify-service-by-email;CPU CRITICAL: 1 crit, 0 warn out of 338 processes
[1545138668] SERVICE NOTIFICATION: nagiosadmin;smscapp1;Memory;CRITICAL;notify-service-by-email;CRITICAL - 1.1% (180404 kB) free!
[1545139300] SERVICE NOTIFICATION: nagiosadmin;qservercluster1;CPU Load;WARNING;notify-service-by-email;WARNING - load average: 13.03, 13.01, 12.96
[1545139420] SERVICE ALERT: pservercluster2;Memory;WARNING;SOFT;1;WARNING - 17.2% (4221504 kB) free!
[1545139438] SERVICE NOTIFICATION: nagiosadmin;sig1;Memory;CRITICAL;notify-service-by-email;CRITICAL - 1.1% (175928 kB) free!
[1545139540] SERVICE ALERT: pservercluster2;Memory;WARNING;SOFT;2;WARNING - 17.2% (4222896 kB) free!
[1545139660] SERVICE NOTIFICATION: nagiosadmin;pservercluster2;Memory;WARNING;notify-service-by-email;WARNING - 17.2% (4209780 kB) free!
[1545139660] SERVICE ALERT: pservercluster2;Memory;WARNING;HARD;3;WARNING - 17.2% (4209780 kB) free!
[1545139762] SERVICE NOTIFICATION: nagiosadmin;smscapp2;Memory;CRITICAL;notify-service-by-email;CRITICAL - 1.1% (181180 kB) free!
[1545139834] SERVICE NOTIFICATION: nagiosadmin;sigqscluster2;CPU_Procs;CRITICAL;notify-service-by-email;CPU CRITICAL: 1 crit, 0 warn out of 337 processes
[1545140044] Auto-save of retention data completed successfully.
[1545140293] SERVICE NOTIFICATION: nagiosadmin;smscapp2;CPU_Procs;CRITICAL;notify-service-by-email;CPU CRITICAL: 1 crit, 2 warn out of 341 processes
[1545140364] SERVICE ALERT: pservercluster2;HDD_Root status;WARNING;SOFT;1;DISK WARNING - free space: / 10232 MB (19% inode=98%):
[1545140484] SERVICE ALERT: pservercluster2;HDD_Root status;WARNING;SOFT;2;DISK WARNING - free space: / 10232 MB (19% inode=98%):
[1545140537] SERVICE NOTIFICATION: nagiosadmin;qservercluster1;CPU_Procs;CRITICAL;notify-service-by-email;CPU CRITICAL: 1 crit, 0 warn out of 304 processes
[1545140604] SERVICE ALERT: pservercluster2;HDD_Root status;OK;HARD;1;DISK OK - free space: / 12060 MB (23% inode=98%):
[1545140907] SERVICE NOTIFICATION: nagiosadmin;pservercluster2;CPU_Procs;CRITICAL;notify-service-by-email;CPU CRITICAL: 3 crit, 2 warn out of 334 processes
[1545141119] SERVICE NOTIFICATION: nagiosadmin;smscapp1;CPU_Procs;CRITICAL;notify-service-by-email;CPU CRITICAL: 6 crit, 1 warn out of 337 processes
[1545141390] SERVICE NOTIFICATION: nagiosadmin;pservercluster1;Memory;CRITICAL;notify-service-by-email;CRITICAL - 5.4% (1329584 kB) free!
[1545141841] SERVICE ALERT: db2;CPU_Procs;CRITICAL;SOFT;1;CPU CRITICAL: 1 crit, 0 warn out of 291 processes
[1545141962] SERVICE ALERT: db2;CPU_Procs;CRITICAL;SOFT;2;CPU CRITICAL: 1 crit, 0 warn out of 290 processes
[1545141978] SERVICE NOTIFICATION: nagiosadmin;sigqscluster1;CPU_Procs;CRITICAL;notify-service-by-email;CPU CRITICAL: 1 crit, 0 warn out of 338 processes
[1545142082] SERVICE ALERT: db2;CPU_Procs;OK;HARD;1;CPU OK: 289 processes
[1545142268] SERVICE NOTIFICATION: nagiosadmin;smscapp1;Memory;CRITICAL;notify-service-by-email;CRITICAL - 1.2% (192044 kB) free!
[1545142900] SERVICE NOTIFICATION: nagiosadmin;qservercluster1;CPU Load;WARNING;notify-service-by-email;WARNING - load average: 12.66, 12.44, 12.26
[1545143038] SERVICE NOTIFICATION: nagiosadmin;sig1;Memory;CRITICAL;notify-service-by-email;CRITICAL - 1.0% (157636 kB) free!
[1545143260] SERVICE NOTIFICATION: nagiosadmin;pservercluster2;Memory;WARNING;notify-service-by-email;WARNING - 14.4% (3525236 kB) free!
[1545143362] SERVICE NOTIFICATION: nagiosadmin;smscapp2;Memory;CRITICAL;notify-service-by-email;CRITICAL - 2.5% (399248 kB) free!
[1545143644] Auto-save of retention data completed successfully.
[1545143893] SERVICE NOTIFICATION: nagiosadmin;smscapp2;CPU_Procs;OK;notify-service-by-email;CPU OK: 344 processes
[1545143893] SERVICE ALERT: smscapp2;CPU_Procs;OK;HARD;1;CPU OK: 344 processes
[1545144033] SERVICE NOTIFICATION: nagiosadmin;sigqscluster2;CPU_Procs;CRITICAL;notify-service-by-email;CPU CRITICAL: 1 crit, 0 warn out of 334 processes
[1545144137] SERVICE NOTIFICATION: nagiosadmin;qservercluster1;CPU_Procs;CRITICAL;notify-service-by-email;CPU CRITICAL: 1 crit, 0 warn out of 308 processes
[1545144493] SERVICE ALERT: smscapp2;CPU_Procs;WARNING;SOFT;1;CPU WARNING: 2 warn out of 345 processes
[1545144507] SERVICE NOTIFICATION: nagiosadmin;pservercluster2;CPU_Procs;CRITICAL;notify-service-by-email;CPU CRITICAL: 2 crit, 3 warn out of 337 processes
[1545144613] SERVICE ALERT: smscapp2;CPU_Procs;WARNING;SOFT;2;CPU WARNING: 1 warn out of 341 processes
[1545144720] SERVICE NOTIFICATION: nagiosadmin;smscapp1;CPU_Procs;CRITICAL;notify-service-by-email;CPU CRITICAL: 6 crit, 1 warn out of 340 processes
[1545144734] SERVICE FLAPPING ALERT: smscapp2;CPU_Procs;STARTED; Service appears to have started flapping (25.1% change >= 20.0% threshold)
[1545144734] SERVICE ALERT: smscapp2;CPU_Procs;WARNING;HARD;3;CPU WARNING: 1 warn out of 341 processes
[1545144990] SERVICE NOTIFICATION: nagiosadmin;pservercluster1;Memory;CRITICAL;notify-service-by-email;CRITICAL - 5.4% (1331160 kB) free!
[1545145578] SERVICE NOTIFICATION: nagiosadmin;sigqscluster1;CPU_Procs;CRITICAL;notify-service-by-email;CPU CRITICAL: 1 crit, 0 warn out of 338 processes
[1545145868] SERVICE NOTIFICATION: nagiosadmin;smscapp1;Memory;CRITICAL;notify-service-by-email;CRITICAL - 1.1% (171040 kB) free!
[1545145934] SERVICE ALERT: smscapp2;CPU_Procs;OK;HARD;1;CPU OK: 340 processes
[1545146500] SERVICE NOTIFICATION: nagiosadmin;qservercluster1;CPU Load;WARNING;notify-service-by-email;WARNING - load average: 12.18, 12.33, 12.29
[1545146638] SERVICE NOTIFICATION: nagiosadmin;sig1;Memory;CRITICAL;notify-service-by-email;CRITICAL - 1.0% (162140 kB) free!
[1545146860] SERVICE NOTIFICATION: nagiosadmin;pservercluster2;Memory;WARNING;notify-service-by-email;WARNING - 14.2% (3472052 kB) free!
[1545146962] SERVICE NOTIFICATION: nagiosadmin;smscapp2;Memory;CRITICAL;notify-service-by-email;CRITICAL - 1.5% (249032 kB) free!
[1545147244] Auto-save of retention data completed successfully.
[1545147633] SERVICE NOTIFICATION: nagiosadmin;sigqscluster2;CPU_Procs;CRITICAL;notify-service-by-email;CPU CRITICAL: 1 crit, 0 warn out of 336 processes
[1545147737] SERVICE NOTIFICATION: nagiosadmin;qservercluster1;CPU_Procs;CRITICAL;notify-service-by-email;CPU CRITICAL: 1 crit, 0 warn out of 309 processes
[1545148082] SERVICE FLAPPING ALERT: db2;CPU_Procs;STOPPED; Service appears to have stopped flapping (4.0% change < 5.0% threshold)
[1545148107] SERVICE NOTIFICATION: nagiosadmin;pservercluster2;CPU_Procs;CRITICAL;notify-service-by-email;CPU CRITICAL: 2 crit, 3 warn out of 323 processes
[1545148591] SERVICE NOTIFICATION: nagiosadmin;pservercluster1;Memory;CRITICAL;notify-service-by-email;CRITICAL - 5.4% (1332112 kB) free!
[1545148919] SERVICE NOTIFICATION: nagiosadmin;smscapp1;CPU_Procs;CRITICAL;notify-service-by-email;CPU CRITICAL: 6 crit, 1 warn out of 338 processes
[1545149178] SERVICE NOTIFICATION: nagiosadmin;sigqscluster1;CPU_Procs;CRITICAL;notify-service-by-email;CPU CRITICAL: 1 crit, 0 warn out of 339 processes
[1545149468] SERVICE NOTIFICATION: nagiosadmin;smscapp1;Memory;CRITICAL;notify-service-by-email;CRITICAL - 1.0% (165988 kB) free!
[1545150100] SERVICE NOTIFICATION: nagiosadmin;qservercluster1;CPU Load;WARNING;notify-service-by-email;WARNING - load average: 12.44, 12.73, 12.52
[1545150238] SERVICE NOTIFICATION: nagiosadmin;sig1;Memory;CRITICAL;notify-service-by-email;CRITICAL - 1.0% (160084 kB) free!
[1545150460] SERVICE NOTIFICATION: nagiosadmin;pservercluster2;Memory;WARNING;notify-service-by-email;WARNING - 14.0% (3434020 kB) free!
[1545150562] SERVICE NOTIFICATION: nagiosadmin;smscapp2;Memory;CRITICAL;notify-service-by-email;CRITICAL - 1.5% (244800 kB) free!
[1545150844] Auto-save of retention data completed successfully.
[1545151234] SERVICE NOTIFICATION: nagiosadmin;sigqscluster2;CPU_Procs;CRITICAL;notify-service-by-email;CPU CRITICAL: 1 crit, 0 warn out of 335 processes
[1545151337] SERVICE NOTIFICATION: nagiosadmin;qservercluster1;CPU_Procs;CRITICAL;notify-service-by-email;CPU CRITICAL: 1 crit, 0 warn out of 305 processes
[1545151707] SERVICE NOTIFICATION: nagiosadmin;pservercluster2;CPU_Procs;CRITICAL;notify-service-by-email;CPU CRITICAL: 3 crit, 2 warn out of 332 processes
[1545152519] SERVICE NOTIFICATION: nagiosadmin;smscapp1;CPU_Procs;CRITICAL;notify-service-by-email;CPU CRITICAL: 6 crit, 1 warn out of 339 processes
[1545152778] SERVICE NOTIFICATION: nagiosadmin;sigqscluster1;CPU_Procs;CRITICAL;notify-service-by-email;CPU CRITICAL: 1 crit, 0 warn out of 339 processes
[1545152790] SERVICE NOTIFICATION: nagiosadmin;pservercluster1;Memory;CRITICAL;notify-service-by-email;CRITICAL - 5.4% (1332268 kB) free!
[1545153068] SERVICE NOTIFICATION: nagiosadmin;smscapp1;Memory;CRITICAL;notify-service-by-email;CRITICAL - 1.0% (169744 kB) free!
[1545153700] SERVICE NOTIFICATION: nagiosadmin;qservercluster1;CPU Load;WARNING;notify-service-by-email;WARNING - load average: 12.24, 12.50, 12.50
[1545153838] SERVICE NOTIFICATION: nagiosadmin;sig1;Memory;CRITICAL;notify-service-by-email;CRITICAL - 1.0% (158384 kB) free!
[1545154060] SERVICE NOTIFICATION: nagiosadmin;pservercluster2;Memory;WARNING;notify-service-by-email;WARNING - 13.9% (3401112 kB) free!
[1545154162] SERVICE NOTIFICATION: nagiosadmin;smscapp2;Memory;CRITICAL;notify-service-by-email;CRITICAL - 1.5% (241400 kB) free!
[1545154444] Auto-save of retention data completed successfully.
[1545154835] SERVICE NOTIFICATION: nagiosadmin;sigqscluster2;CPU_Procs;CRITICAL;notify-service-by-email;CPU CRITICAL: 1 crit, 0 warn out of 335 processes
[1545154938] SERVICE NOTIFICATION: nagiosadmin;qservercluster1;CPU_Procs;CRITICAL;notify-service-by-email;CPU CRITICAL: 1 crit, 0 warn out of 307 processes
[1545155307] SERVICE NOTIFICATION: nagiosadmin;pservercluster2;CPU_Procs;CRITICAL;notify-service-by-email;CPU CRITICAL: 3 crit, 2 warn out of 331 processes
[1545156119] SERVICE NOTIFICATION: nagiosadmin;smscapp1;CPU_Procs;CRITICAL;notify-service-by-email;CPU CRITICAL: 6 crit, 1 warn out of 337 processes
[1545156378] SERVICE NOTIFICATION: nagiosadmin;sigqscluster1;CPU_Procs;CRITICAL;notify-service-by-email;CPU CRITICAL: 1 crit, 0 warn out of 337 processes
[1545156390] SERVICE NOTIFICATION: nagiosadmin;pservercluster1;Memory;CRITICAL;notify-service-by-email;CRITICAL - 5.4% (1324864 kB) free!
[1545156668] SERVICE NOTIFICATION: nagiosadmin;smscapp1;Memory;CRITICAL;notify-service-by-email;CRITICAL - 1.0% (166324 kB) free!
[1545156734] SERVICE FLAPPING ALERT: smscapp2;CPU_Procs;STOPPED; Service appears to have stopped flapping (3.9% change < 5.0% threshold)
[1545156734] SERVICE NOTIFICATION: nagiosadmin;smscapp2;CPU_Procs;OK;notify-service-by-email;CPU OK: 342 processes
[1545157300] SERVICE NOTIFICATION: nagiosadmin;qservercluster1;CPU Load;WARNING;notify-service-by-email;WARNING - load average: 13.16, 12.52, 12.40
[1545157439] SERVICE NOTIFICATION: nagiosadmin;sig1;Memory;CRITICAL;notify-service-by-email;CRITICAL - 1.0% (156192 kB) free!
[1545157506] SERVICE ALERT: db1;CPU_Procs;CRITICAL;SOFT;1;CPU CRITICAL: 1 crit, 0 warn out of 325 processes
[1545157627] SERVICE ALERT: db1;CPU_Procs;OK;HARD;1;CPU OK: 324 processes
[1545157660] SERVICE NOTIFICATION: nagiosadmin;pservercluster2;Memory;WARNING;notify-service-by-email;WARNING - 13.6% (3345620 kB) free!
[1545157762] SERVICE NOTIFICATION: nagiosadmin;smscapp2;Memory;CRITICAL;notify-service-by-email;CRITICAL - 1.4% (223504 kB) free!
