[1566671400] LOG ROTATION: DAILY
[1566671400] LOG VERSION: 2.0
[1566671400] CURRENT HOST STATE: db1-vm1;UP;HARD;1;PING OK - Packet loss = 0%, RTA = 0.53 ms
[1566671400] CURRENT HOST STATE: db2;UP;HARD;1;PING OK - Packet loss = 0%, RTA = 0.43 ms
[1566671400] CURRENT HOST STATE: primary-server;UP;HARD;1;PING OK - Packet loss = 0%, RTA = 0.44 ms
[1566671400] CURRENT HOST STATE: pservercluster1;UP;HARD;1;PING OK - Packet loss = 0%, RTA = 0.39 ms
[1566671400] CURRENT HOST STATE: pservercluster2;UP;HARD;1;PING OK - Packet loss = 0%, RTA = 0.36 ms
[1566671400] CURRENT HOST STATE: qservercluster1;UP;HARD;1;PING OK - Packet loss = 0%, RTA = 0.47 ms
[1566671400] CURRENT HOST STATE: qservercluster2;UP;HARD;1;PING OK - Packet loss = 0%, RTA = 0.42 ms
[1566671400] CURRENT HOST STATE: redis-1;UP;HARD;1;PING OK - Packet loss = 0%, RTA = 0.30 ms
[1566671400] CURRENT HOST STATE: redis-2;UP;HARD;1;PING OK - Packet loss = 0%, RTA = 0.35 ms
[1566671400] CURRENT HOST STATE: rq-1;UP;HARD;1;PING OK - Packet loss = 0%, RTA = 0.24 ms
[1566671400] CURRENT HOST STATE: rq-2;UP;HARD;1;PING OK - Packet loss = 0%, RTA = 0.36 ms
[1566671400] CURRENT HOST STATE: secondary-server;UP;HARD;1;PING OK - Packet loss = 0%, RTA = 0.43 ms
[1566671400] CURRENT HOST STATE: sig2-vm2;UP;HARD;1;PING OK - Packet loss = 0%, RTA = 0.49 ms
[1566671400] CURRENT HOST STATE: sig3-vm1;UP;HARD;1;PING OK - Packet loss = 0%, RTA = 0.52 ms
[1566671400] CURRENT HOST STATE: sig3-vm2;UP;HARD;1;PING OK - Packet loss = 0%, RTA = 0.44 ms
[1566671400] CURRENT HOST STATE: sig4-vm2;UP;HARD;1;PING OK - Packet loss = 0%, RTA = 0.49 ms
[1566671400] CURRENT HOST STATE: sig5-vm2;UP;HARD;1;PING OK - Packet loss = 0%, RTA = 0.54 ms
[1566671400] CURRENT HOST STATE: sig6-vm1;UP;HARD;1;PING OK - Packet loss = 0%, RTA = 0.45 ms
[1566671400] CURRENT HOST STATE: sig6-vm2;UP;HARD;1;PING OK - Packet loss = 0%, RTA = 0.48 ms
[1566671400] CURRENT HOST STATE: sigqscluster1;UP;HARD;1;PING OK - Packet loss = 0%, RTA = 0.47 ms
[1566671400] CURRENT HOST STATE: sigqscluster2;UP;HARD;1;PING OK - Packet loss = 0%, RTA = 0.44 ms
[1566671400] CURRENT HOST STATE: smscapp1;UP;HARD;1;PING OK - Packet loss = 0%, RTA = 0.34 ms
[1566671400] CURRENT HOST STATE: smscapp2;UP;HARD;1;PING OK - Packet loss = 0%, RTA = 0.34 ms
[1566671400] CURRENT HOST STATE: sservercluster1;UP;HARD;1;PING OK - Packet loss = 0%, RTA = 0.41 ms
[1566671400] CURRENT HOST STATE: sservercluster2;UP;HARD;1;PING OK - Packet loss = 0%, RTA = 0.44 ms
[1566671400] CURRENT HOST STATE: webserver1;UP;HARD;1;PING OK - Packet loss = 0%, RTA = 0.47 ms
[1566671400] CURRENT HOST STATE: webserver2;UP;HARD;1;PING OK - Packet loss = 0%, RTA = 0.06 ms
[1566671400] CURRENT HOST STATE: webservercluster1;UP;HARD;1;PING OK - Packet loss = 0%, RTA = 0.41 ms
[1566671400] CURRENT HOST STATE: webservercluster2;UP;HARD;1;PING OK - Packet loss = 0%, RTA = 0.35 ms
[1566671400] CURRENT SERVICE STATE: db1-vm1;PING;CRITICAL;HARD;3;(Return code of 255 for service 'PING' on host 'db1-vm1' was out of bounds)
[1566671400] CURRENT SERVICE STATE: db2;CPU Load;OK;HARD;1;OK - load average: 0.00, 0.01, 0.05
[1566671400] CURRENT SERVICE STATE: db2;CPU_Procs;OK;HARD;1;CPU OK: 327 processes
[1566671400] CURRENT SERVICE STATE: db2;Current Users;OK;HARD;1;USERS OK - 2 users currently logged in
[1566671400] CURRENT SERVICE STATE: db2;HDD_Home status;OK;HARD;1;DISK OK - free space: /home 90756 MB (40% inode=99%):
[1566671400] CURRENT SERVICE STATE: db2;HDD_Root status;OK;HARD;1;DISK OK - free space: / 44493 MB (86% inode=99%):
[1566671400] CURRENT SERVICE STATE: db2;LocalService-NTPD SERVICE;OK;HARD;1;PROCS OK: 1 process with command name 'ntpd'
[1566671400] CURRENT SERVICE STATE: db2;Mariadb status;OK;HARD;1;PROCS OK: 1 process with command name 'mysqld'
[1566671400] CURRENT SERVICE STATE: db2;Memory;OK;HARD;1;OK - 35.5% (17508960 kB) free.
[1566671400] CURRENT SERVICE STATE: db2;Sensors Status;OK;HARD;1;SENSORS OK
[1566671400] CURRENT SERVICE STATE: db2;Total Processes;OK;HARD;1;PROCS OK: 326 processes
[1566671400] CURRENT SERVICE STATE: primary-server;CPU Load;OK;HARD;1;OK - load average: 0.00, 0.01, 0.05
[1566671400] CURRENT SERVICE STATE: primary-server;CPU_Procs;OK;HARD;1;CPU OK: 342 processes
[1566671400] CURRENT SERVICE STATE: primary-server;Current Users;OK;HARD;1;USERS OK - 3 users currently logged in
[1566671400] CURRENT SERVICE STATE: primary-server;HDD_Home status;OK;HARD;1;DISK OK - free space: /home 129668 MB (57% inode=99%):
[1566671400] CURRENT SERVICE STATE: primary-server;HDD_Root status;OK;HARD;1;DISK OK - free space: / 39097 MB (76% inode=99%):
[1566671400] CURRENT SERVICE STATE: primary-server;LocalService-NTPD SERVICE;OK;HARD;1;PROCS OK: 1 process with command name 'ntpd'
[1566671400] CURRENT SERVICE STATE: primary-server;Memory;OK;HARD;1;OK - 90.9% (22267264 kB) free.
[1566671400] CURRENT SERVICE STATE: primary-server;Nginx Status;OK;HARD;1;NGINX OK -  0.082 sec. response time, Active: 0 (Writing: 0 Reading: 0 Waiting: 0) ReqPerSec: 0.000 ConnPerSec: 0.000 ReqPerConn: 0.000
[1566671400] CURRENT SERVICE STATE: primary-server;Sensors Status;OK;HARD;1;SENSORS OK
[1566671400] CURRENT SERVICE STATE: primary-server;Total Processes;OK;HARD;1;PROCS OK: 342 processes
[1566671400] CURRENT SERVICE STATE: pservercluster1;CPU Load;OK;HARD;1;OK - load average: 0.47, 0.33, 0.33
[1566671400] CURRENT SERVICE STATE: pservercluster1;CPU_Procs;CRITICAL;HARD;3;CPU CRITICAL: 2 crit, 3 warn out of 323 processes
[1566671400] CURRENT SERVICE STATE: pservercluster1;Current Users;OK;HARD;1;USERS OK - 2 users currently logged in
[1566671400] CURRENT SERVICE STATE: pservercluster1;HDD_Home status;OK;HARD;1;DISK OK - free space: /home 160121 MB (72% inode=99%):
[1566671400] CURRENT SERVICE STATE: pservercluster1;HDD_Root status;OK;HARD;1;DISK OK - free space: / 40243 MB (78% inode=99%):
[1566671400] CURRENT SERVICE STATE: pservercluster1;LocalService-NTPD SERVICE;OK;HARD;1;PROCS OK: 1 process with command name 'ntpd'
[1566671400] CURRENT SERVICE STATE: pservercluster1;Memory;OK;HARD;1;OK - 87.1% (21501328 kB) free.
[1566671400] CURRENT SERVICE STATE: pservercluster1;Sensors Status;OK;HARD;1;SENSORS OK
[1566671400] CURRENT SERVICE STATE: pservercluster1;Total Processes;OK;HARD;1;PROCS OK: 324 processes
[1566671400] CURRENT SERVICE STATE: pservercluster2;CPU Load;OK;HARD;1;OK - load average: 0.81, 0.96, 0.87
[1566671400] CURRENT SERVICE STATE: pservercluster2;CPU_Procs;OK;HARD;1;CPU OK: 326 processes
[1566671400] CURRENT SERVICE STATE: pservercluster2;Current Users;OK;HARD;1;USERS OK - 1 users currently logged in
[1566671400] CURRENT SERVICE STATE: pservercluster2;HDD_Home status;OK;HARD;1;DISK OK - free space: /home 139166 MB (61% inode=99%):
[1566671400] CURRENT SERVICE STATE: pservercluster2;HDD_Root status;WARNING;HARD;3;DISK WARNING - free space: / 7006 MB (13% inode=98%):
[1566671400] CURRENT SERVICE STATE: pservercluster2;LocalService-NTPD SERVICE;OK;HARD;1;PROCS OK: 1 process with command name 'ntpd'
[1566671400] CURRENT SERVICE STATE: pservercluster2;Memory;OK;HARD;1;OK - 82.1% (20127352 kB) free.
[1566671400] CURRENT SERVICE STATE: pservercluster2;Sensors Status;OK;HARD;1;SENSORS OK
[1566671400] CURRENT SERVICE STATE: pservercluster2;Total Processes;OK;HARD;1;PROCS OK: 325 processes
[1566671400] CURRENT SERVICE STATE: qservercluster1;CPU Load;OK;HARD;1;OK - load average: 0.00, 0.01, 0.05
[1566671400] CURRENT SERVICE STATE: qservercluster1;CPU_Procs;OK;HARD;1;CPU OK: 326 processes
[1566671400] CURRENT SERVICE STATE: qservercluster1;Current Users;OK;HARD;1;USERS OK - 1 users currently logged in
[1566671400] CURRENT SERVICE STATE: qservercluster1;HDD_Home status;OK;HARD;1;DISK OK - free space: /home 224641 MB (99% inode=99%):
[1566671400] CURRENT SERVICE STATE: qservercluster1;HDD_Root status;OK;HARD;1;DISK OK - free space: / 41228 MB (80% inode=99%):
[1566671400] CURRENT SERVICE STATE: qservercluster1;LocalService-NTPD SERVICE;OK;HARD;1;PROCS OK: 1 process with command name 'ntpd'
[1566671400] CURRENT SERVICE STATE: qservercluster1;Memory;OK;HARD;1;OK - 96.6% (47554816 kB) free.
[1566671400] CURRENT SERVICE STATE: qservercluster1;Sensors Status;OK;HARD;1;SENSORS OK
[1566671400] CURRENT SERVICE STATE: qservercluster1;Total Processes;OK;HARD;1;PROCS OK: 326 processes
[1566671400] CURRENT SERVICE STATE: qservercluster2;CPU Load;OK;HARD;1;OK - load average: 0.00, 0.01, 0.05
[1566671400] CURRENT SERVICE STATE: qservercluster2;CPU_Procs;OK;HARD;1;CPU OK: 333 processes
[1566671400] CURRENT SERVICE STATE: qservercluster2;Current Users;OK;HARD;1;USERS OK - 2 users currently logged in
[1566671400] CURRENT SERVICE STATE: qservercluster2;HDD_Home status;OK;HARD;1;DISK OK - free space: /home 216137 MB (96% inode=99%):
[1566671400] CURRENT SERVICE STATE: qservercluster2;HDD_Root status;OK;HARD;1;DISK OK - free space: / 27212 MB (53% inode=98%):
[1566671400] CURRENT SERVICE STATE: qservercluster2;LocalService-NTPD SERVICE;OK;HARD;1;PROCS OK: 1 process with command name 'ntpd'
[1566671400] CURRENT SERVICE STATE: qservercluster2;Memory;OK;HARD;1;OK - 96.5% (47559476 kB) free.
[1566671400] CURRENT SERVICE STATE: qservercluster2;Sensors Status;OK;HARD;1;SENSORS OK
[1566671400] CURRENT SERVICE STATE: qservercluster2;Total Processes;OK;HARD;1;PROCS OK: 333 processes
[1566671400] CURRENT SERVICE STATE: redis-1;CPU Load;OK;HARD;1;OK - load average: 0.45, 0.38, 0.50
[1566671400] CURRENT SERVICE STATE: redis-1;CPU_Procs;OK;HARD;1;CPU OK: 403 processes
[1566671400] CURRENT SERVICE STATE: redis-1;Current Users;OK;HARD;1;USERS OK - 1 users currently logged in
[1566671400] CURRENT SERVICE STATE: redis-1;HDD_Home status;OK;HARD;1;DISK OK - free space: /home 371123 MB (99% inode=99%):
[1566671400] CURRENT SERVICE STATE: redis-1;HDD_Root status;OK;HARD;1;DISK OK - free space: / 44924 MB (87% inode=99%):
[1566671400] CURRENT SERVICE STATE: redis-1;HDD_VNS1 status;OK;HARD;1;DISK OK - free space: /vns1 642125 MB (60% inode=99%):
[1566671400] CURRENT SERVICE STATE: redis-1;LocalService-NTPD SERVICE;OK;HARD;1;PROCS OK: 1 process with command name 'ntpd'
[1566671400] CURRENT SERVICE STATE: redis-1;Memory;CRITICAL;HARD;3;CRITICAL - 6.9% (9117464 kB) free!
[1566671400] CURRENT SERVICE STATE: redis-1;Sensors Status;OK;HARD;1;SENSORS OK
[1566671400] CURRENT SERVICE STATE: redis-1;Total Processes;OK;HARD;1;PROCS OK: 404 processes
[1566671400] CURRENT SERVICE STATE: redis-2;CPU Load;OK;HARD;1;OK - load average: 1.92, 1.91, 1.67
[1566671400] CURRENT SERVICE STATE: redis-2;CPU_Procs;OK;HARD;1;CPU OK: 381 processes
[1566671400] CURRENT SERVICE STATE: redis-2;Current Users;OK;HARD;1;USERS OK - 2 users currently logged in
[1566671400] CURRENT SERVICE STATE: redis-2;HDD_Home status;OK;HARD;1;DISK OK - free space: /home 341013 MB (91% inode=99%):
[1566671400] CURRENT SERVICE STATE: redis-2;HDD_Root status;OK;HARD;1;DISK OK - free space: / 44971 MB (87% inode=99%):
[1566671400] CURRENT SERVICE STATE: redis-2;HDD_VNS1 status;OK;HARD;1;DISK OK - free space: /vns1 1069171 MB (99% inode=99%):
[1566671400] CURRENT SERVICE STATE: redis-2;LocalService-NTPD SERVICE;OK;HARD;1;PROCS OK: 1 process with command name 'ntpd'
[1566671400] CURRENT SERVICE STATE: redis-2;Memory;OK;HARD;1;OK - 51.5% (67885820 kB) free.
[1566671400] CURRENT SERVICE STATE: redis-2;Sensors Status;OK;HARD;1;SENSORS OK
[1566671400] CURRENT SERVICE STATE: redis-2;Total Processes;OK;HARD;1;PROCS OK: 381 processes
[1566671400] CURRENT SERVICE STATE: rq-1;CPU Load;WARNING;HARD;3;WARNING - load average: 13.58, 16.14, 16.69
[1566671400] CURRENT SERVICE STATE: rq-1;CPU_Procs;CRITICAL;HARD;3;CPU CRITICAL: 1 crit, 0 warn out of 358 processes
[1566671400] CURRENT SERVICE STATE: rq-1;Current Users;OK;HARD;1;USERS OK - 0 users currently logged in
[1566671400] CURRENT SERVICE STATE: rq-1;HDD_Home status;OK;HARD;1;DISK OK - free space: /home 401278 MB (99% inode=99%):
[1566671400] CURRENT SERVICE STATE: rq-1;HDD_Root status;OK;HARD;1;DISK OK - free space: / 42278 MB (82% inode=99%):
[1566671400] CURRENT SERVICE STATE: rq-1;HDD_VNS1 status;OK;HARD;1;DISK OK - free space: /rq1vns1 1068147 MB (99% inode=99%):
[1566671400] CURRENT SERVICE STATE: rq-1;LocalService-NTPD SERVICE;OK;HARD;1;PROCS OK: 1 process with command name 'ntpd'
[1566671400] CURRENT SERVICE STATE: rq-1;Memory;OK;HARD;1;OK - 84.1% (110807212 kB) free.
[1566671400] CURRENT SERVICE STATE: rq-1;Total Processes;OK;HARD;1;PROCS OK: 358 processes
[1566671400] CURRENT SERVICE STATE: rq-2;CPU Load;OK;HARD;1;OK - load average: 0.00, 0.02, 0.05
[1566671400] CURRENT SERVICE STATE: rq-2;CPU_Procs;WARNING;HARD;3;CPU WARNING: 1 warn out of 348 processes
[1566671400] CURRENT SERVICE STATE: rq-2;Current Users;OK;HARD;1;USERS OK - 0 users currently logged in
[1566671400] CURRENT SERVICE STATE: rq-2;HDD_Home status;OK;HARD;1;DISK OK - free space: /home 401279 MB (99% inode=99%):
[1566671400] CURRENT SERVICE STATE: rq-2;HDD_Root status;OK;HARD;1;DISK OK - free space: / 45463 MB (88% inode=99%):
[1566671400] CURRENT SERVICE STATE: rq-2;HDD_VNS1 status;OK;HARD;1;DISK OK - free space: /rq2vns2 1068147 MB (99% inode=99%):
[1566671400] CURRENT SERVICE STATE: rq-2;LocalService-NTPD SERVICE;OK;HARD;1;PROCS OK: 1 process with command name 'ntpd'
[1566671400] CURRENT SERVICE STATE: rq-2;Memory;OK;HARD;1;OK - 97.5% (128564152 kB) free.
[1566671400] CURRENT SERVICE STATE: rq-2;Total Processes;OK;HARD;1;PROCS OK: 348 processes
[1566671400] CURRENT SERVICE STATE: secondary-server;CPU Load;OK;HARD;1;OK - load average: 0.00, 0.01, 0.05
[1566671400] CURRENT SERVICE STATE: secondary-server;CPU_Procs;OK;HARD;1;CPU OK: 358 processes
[1566671400] CURRENT SERVICE STATE: secondary-server;Current Users;WARNING;HARD;3;USERS WARNING - 7 users currently logged in
[1566671400] CURRENT SERVICE STATE: secondary-server;HDD_Home status;OK;HARD;1;DISK OK - free space: /home 160437 MB (71% inode=99%):
[1566671400] CURRENT SERVICE STATE: secondary-server;HDD_Root status;OK;HARD;1;DISK OK - free space: / 35415 MB (69% inode=99%):
[1566671400] CURRENT SERVICE STATE: secondary-server;LocalService-NTPD SERVICE;OK;HARD;1;PROCS OK: 1 process with command name 'ntpd'
[1566671400] CURRENT SERVICE STATE: secondary-server;Memory Status;OK;HARD;1;OK - 92.5% (22662892 kB) free.
[1566671400] CURRENT SERVICE STATE: secondary-server;Nginx Status;OK;HARD;1;NGINX OK -  0.089 sec. response time, Active: 0 (Writing: 0 Reading: 0 Waiting: 0) ReqPerSec: 0.000 ConnPerSec: 0.000 ReqPerConn: 0.000
[1566671400] CURRENT SERVICE STATE: secondary-server;Sensors Status;OK;HARD;1;SENSORS OK
[1566671400] CURRENT SERVICE STATE: secondary-server;Total Processes;OK;HARD;1;PROCS OK: 361 processes
[1566671400] CURRENT SERVICE STATE: sig2-vm2;CPU Load;OK;HARD;1;OK - load average: 0.00, 0.01, 0.05
[1566671400] CURRENT SERVICE STATE: sig2-vm2;CPU_Procs;OK;HARD;1;CPU OK: 231 processes
[1566671400] CURRENT SERVICE STATE: sig2-vm2;Current Users;OK;HARD;1;USERS OK - 0 users currently logged in
[1566671400] CURRENT SERVICE STATE: sig2-vm2;HDD_Root status;OK;HARD;1;DISK OK - free space: / 73579 MB (53% inode=99%):
[1566671400] CURRENT SERVICE STATE: sig2-vm2;LocalService-NTPD SERVICE;OK;HARD;1;PROCS OK: 1 process with command name 'ntpd'
[1566671400] CURRENT SERVICE STATE: sig2-vm2;Memory;OK;HARD;1;OK - 93.3% (32501412 kB) free.
[1566671400] CURRENT SERVICE STATE: sig2-vm2;Total Processes;OK;HARD;1;PROCS OK: 231 processes
[1566671400] CURRENT SERVICE STATE: sig3-vm1;CPU Load;OK;HARD;1;OK - load average: 0.00, 0.00, 0.00
[1566671400] CURRENT SERVICE STATE: sig3-vm1;CPU_Procs;OK;HARD;1;CPU OK: 264 processes
[1566671400] CURRENT SERVICE STATE: sig3-vm1;Current Users;OK;HARD;1;USERS OK - 0 users currently logged in
[1566671400] CURRENT SERVICE STATE: sig3-vm1;HDD_Root status;OK;HARD;1;DISK OK - free space: / 60345 MB (50% inode=96%):
[1566671400] CURRENT SERVICE STATE: sig3-vm1;LocalService-NTPD SERVICE;OK;HARD;1;PROCS OK: 2 processes with command name 'ntpd'
[1566671400] CURRENT SERVICE STATE: sig3-vm1;Memory;OK;HARD;1;OK - 98.0% (23104712 kB) free.
[1566671400] CURRENT SERVICE STATE: sig3-vm1;Total Processes;OK;HARD;1;PROCS OK: 264 processes
[1566671400] CURRENT SERVICE STATE: sig3-vm2;CPU Load;OK;HARD;1;OK - load average: 0.00, 0.00, 0.00
[1566671400] CURRENT SERVICE STATE: sig3-vm2;CPU_Procs;OK;HARD;1;CPU OK: 320 processes
[1566671400] CURRENT SERVICE STATE: sig3-vm2;Current Users;OK;HARD;1;USERS OK - 0 users currently logged in
[1566671400] CURRENT SERVICE STATE: sig3-vm2;HDD_Root status;OK;HARD;1;DISK OK - free space: / 86298 MB (71% inode=96%):
[1566671400] CURRENT SERVICE STATE: sig3-vm2;LocalService-NTPD SERVICE;OK;HARD;1;PROCS OK: 2 processes with command name 'ntpd'
[1566671400] CURRENT SERVICE STATE: sig3-vm2;Memory;OK;HARD;1;OK - 79.1% (18634832 kB) free.
[1566671400] CURRENT SERVICE STATE: sig3-vm2;Total Processes;OK;HARD;1;PROCS OK: 321 processes
[1566671400] CURRENT SERVICE STATE: sig4-vm2;CPU Load;OK;HARD;1;OK - load average: 0.06, 0.07, 0.06
[1566671400] CURRENT SERVICE STATE: sig4-vm2;CPU_Procs;OK;HARD;1;CPU OK: 246 processes
[1566671400] CURRENT SERVICE STATE: sig4-vm2;Current Users;OK;HARD;1;USERS OK - 0 users currently logged in
[1566671400] CURRENT SERVICE STATE: sig4-vm2;HDD_Root status;OK;HARD;1;DISK OK - free space: / 112250 MB (87% inode=99%):
[1566671400] CURRENT SERVICE STATE: sig4-vm2;LocalService-NTPD SERVICE;OK;HARD;1;PROCS OK: 1 process with command name 'ntpd'
[1566671400] CURRENT SERVICE STATE: sig4-vm2;Memory;OK;HARD;1;OK - 95.5% (33278176 kB) free.
[1566671400] CURRENT SERVICE STATE: sig4-vm2;Total Processes;OK;HARD;1;PROCS OK: 246 processes
[1566671400] CURRENT SERVICE STATE: sig5-vm2;CPU Load;OK;HARD;1;OK - load average: 0.00, 0.01, 0.05
[1566671400] CURRENT SERVICE STATE: sig5-vm2;CPU_Procs;OK;HARD;1;CPU OK: 281 processes
[1566671400] CURRENT SERVICE STATE: sig5-vm2;Current Users;OK;HARD;1;USERS OK - 0 users currently logged in
[1566671400] CURRENT SERVICE STATE: sig5-vm2;HDD_Root status;OK;HARD;1;DISK OK - free space: / 234576 MB (93% inode=99%):
[1566671400] CURRENT SERVICE STATE: sig5-vm2;LocalService-NTPD SERVICE;OK;HARD;1;PROCS OK: 1 process with command name 'ntpd'
[1566671400] CURRENT SERVICE STATE: sig5-vm2;Memory;OK;HARD;1;OK - 66.1% (23148856 kB) free.
[1566671400] CURRENT SERVICE STATE: sig5-vm2;Total Processes;OK;HARD;1;PROCS OK: 284 processes
[1566671400] CURRENT SERVICE STATE: sig6-vm1;CPU Load;OK;HARD;1;OK - load average: 0.00, 0.00, 0.00
[1566671400] CURRENT SERVICE STATE: sig6-vm1;CPU_Procs;OK;HARD;1;CPU OK: 260 processes
[1566671400] CURRENT SERVICE STATE: sig6-vm1;Current Users;OK;HARD;1;USERS OK - 0 users currently logged in
[1566671400] CURRENT SERVICE STATE: sig6-vm1;HDD_Root status;OK;HARD;1;DISK OK - free space: / 72025 MB (60% inode=96%):
[1566671400] CURRENT SERVICE STATE: sig6-vm1;LocalService-NTPD SERVICE;OK;HARD;1;PROCS OK: 2 processes with command name 'ntpd'
[1566671400] CURRENT SERVICE STATE: sig6-vm1;Memory;OK;HARD;1;OK - 97.8% (22990428 kB) free.
[1566671400] CURRENT SERVICE STATE: sig6-vm1;Total Processes;OK;HARD;1;PROCS OK: 263 processes
[1566671400] CURRENT SERVICE STATE: sig6-vm2;CPU Load;OK;HARD;1;OK - load average: 0.00, 0.00, 0.00
[1566671400] CURRENT SERVICE STATE: sig6-vm2;CPU_Procs;OK;HARD;1;CPU OK: 262 processes
[1566671400] CURRENT SERVICE STATE: sig6-vm2;Current Users;OK;HARD;1;USERS OK - 0 users currently logged in
[1566671400] CURRENT SERVICE STATE: sig6-vm2;HDD_Root status;OK;HARD;1;DISK OK - free space: / 73187 MB (61% inode=96%):
[1566671400] CURRENT SERVICE STATE: sig6-vm2;LocalService-NTPD SERVICE;OK;HARD;1;PROCS OK: 1 process with command name 'ntpd'
[1566671400] CURRENT SERVICE STATE: sig6-vm2;Memory;OK;HARD;1;OK - 98.0% (23044608 kB) free.
[1566671400] CURRENT SERVICE STATE: sig6-vm2;Total Processes;OK;HARD;1;PROCS OK: 261 processes
[1566671400] CURRENT SERVICE STATE: sigqscluster1;CPU Load;OK;HARD;1;OK - load average: 0.00, 0.01, 0.05
[1566671400] CURRENT SERVICE STATE: sigqscluster1;CPU_Procs;OK;HARD;1;CPU OK: 328 processes
[1566671400] CURRENT SERVICE STATE: sigqscluster1;Current Users;OK;HARD;1;USERS OK - 2 users currently logged in
[1566671400] CURRENT SERVICE STATE: sigqscluster1;HDD_Home status;OK;HARD;1;DISK OK - free space: /home 224103 MB (99% inode=99%):
[1566671400] CURRENT SERVICE STATE: sigqscluster1;HDD_Root status;OK;HARD;1;DISK OK - free space: / 41144 MB (80% inode=99%):
[1566671400] CURRENT SERVICE STATE: sigqscluster1;LocalService-NTPD SERVICE;OK;HARD;1;PROCS OK: 1 process with command name 'ntpd'
[1566671400] CURRENT SERVICE STATE: sigqscluster1;Memory;OK;HARD;1;OK - 96.5% (47564440 kB) free.
[1566671400] CURRENT SERVICE STATE: sigqscluster1;Sensors Status;OK;HARD;1;SENSORS OK
[1566671400] CURRENT SERVICE STATE: sigqscluster1;Total Processes;OK;HARD;1;PROCS OK: 328 processes
[1566671400] CURRENT SERVICE STATE: sigqscluster2;CPU Load;OK;HARD;1;OK - load average: 0.00, 0.01, 0.05
[1566671400] CURRENT SERVICE STATE: sigqscluster2;CPU_Procs;OK;HARD;1;CPU OK: 285 processes
[1566671400] CURRENT SERVICE STATE: sigqscluster2;Current Users;OK;HARD;1;USERS OK - 0 users currently logged in
[1566671400] CURRENT SERVICE STATE: sigqscluster2;HDD_Home status;OK;HARD;1;DISK OK - free space: /home 195640 MB (87% inode=99%):
[1566671400] CURRENT SERVICE STATE: sigqscluster2;HDD_Root status;OK;HARD;1;DISK OK - free space: / 27883 MB (54% inode=99%):
[1566671400] CURRENT SERVICE STATE: sigqscluster2;LocalService-NTPD SERVICE;OK;HARD;1;PROCS OK: 1 process with command name 'ntpd'
[1566671400] CURRENT SERVICE STATE: sigqscluster2;Memory;OK;HARD;1;OK - 97.9% (48224764 kB) free.
[1566671400] CURRENT SERVICE STATE: sigqscluster2;Sensors Status;OK;HARD;1;SENSORS OK
[1566671400] CURRENT SERVICE STATE: sigqscluster2;Total Processes;OK;HARD;1;PROCS OK: 285 processes
[1566671400] CURRENT SERVICE STATE: smscapp1;CPU Load;OK;HARD;1;OK - load average: 1.27, 1.72, 1.96
[1566671400] CURRENT SERVICE STATE: smscapp1;CPU_Procs;OK;HARD;1;CPU OK: 458 processes
[1566671400] CURRENT SERVICE STATE: smscapp1;Current Users;OK;HARD;1;USERS OK - 3 users currently logged in
[1566671400] CURRENT SERVICE STATE: smscapp1;HDD_Home status;OK;HARD;1;DISK OK - free space: /home 77814 MB (34% inode=99%):
[1566671400] CURRENT SERVICE STATE: smscapp1;HDD_Root status;OK;HARD;1;DISK OK - free space: / 39124 MB (76% inode=98%):
[1566671400] CURRENT SERVICE STATE: smscapp1;LocalService-NTPD SERVICE;OK;HARD;1;PROCS OK: 1 process with command name 'ntpd'
[1566671400] CURRENT SERVICE STATE: smscapp1;Memory;OK;HARD;1;OK - 77.7% (38286484 kB) free.
[1566671400] CURRENT SERVICE STATE: smscapp1;Sensors Status;OK;HARD;1;SENSORS OK
[1566671400] CURRENT SERVICE STATE: smscapp1;Total Processes;OK;HARD;1;PROCS OK: 458 processes
[1566671400] CURRENT SERVICE STATE: smscapp2;CPU Load;OK;HARD;1;OK - load average: 1.82, 1.93, 1.80
[1566671400] CURRENT SERVICE STATE: smscapp2;CPU_Procs;OK;HARD;1;CPU OK: 415 processes
[1566671400] CURRENT SERVICE STATE: smscapp2;Current Users;OK;HARD;1;USERS OK - 0 users currently logged in
[1566671400] CURRENT SERVICE STATE: smscapp2;HDD_Home status;OK;HARD;1;DISK OK - free space: /home 158826 MB (70% inode=99%):
[1566671400] CURRENT SERVICE STATE: smscapp2;HDD_Root status;OK;HARD;1;DISK OK - free space: / 38884 MB (75% inode=98%):
[1566671400] CURRENT SERVICE STATE: smscapp2;LocalService-NTPD SERVICE;OK;HARD;1;PROCS OK: 1 process with command name 'ntpd'
[1566671400] CURRENT SERVICE STATE: smscapp2;Memory;CRITICAL;HARD;3;CRITICAL - 0.5% (241960 kB) free!
[1566671400] CURRENT SERVICE STATE: smscapp2;Sensors Status;OK;HARD;1;SENSORS OK
[1566671400] CURRENT SERVICE STATE: smscapp2;Total Processes;OK;HARD;1;PROCS OK: 415 processes
[1566671400] CURRENT SERVICE STATE: sservercluster1;CPU Load;OK;HARD;1;OK - load average: 0.50, 0.48, 0.47
[1566671400] CURRENT SERVICE STATE: sservercluster1;CPU_Procs;CRITICAL;HARD;3;CPU CRITICAL: 3 crit, 2 warn out of 303 processes
[1566671400] CURRENT SERVICE STATE: sservercluster1;Current Users;OK;HARD;1;USERS OK - 3 users currently logged in
[1566671400] CURRENT SERVICE STATE: sservercluster1;HDD_Home status;OK;HARD;1;DISK OK - free space: /home 158303 MB (71% inode=99%):
[1566671400] CURRENT SERVICE STATE: sservercluster1;HDD_Root status;OK;HARD;1;DISK OK - free space: / 41424 MB (80% inode=99%):
[1566671400] CURRENT SERVICE STATE: sservercluster1;LocalService-NTPD SERVICE;OK;HARD;1;PROCS OK: 1 process with command name 'ntpd'
[1566671400] CURRENT SERVICE STATE: sservercluster1;Memory;OK;HARD;1;OK - 78.8% (19319492 kB) free.
[1566671400] CURRENT SERVICE STATE: sservercluster1;Sensors Status;OK;HARD;1;SENSORS OK
[1566671400] CURRENT SERVICE STATE: sservercluster1;Total Processes;OK;HARD;1;PROCS OK: 303 processes
[1566671400] CURRENT SERVICE STATE: sservercluster2;CPU Load;OK;HARD;1;OK - load average: 0.00, 0.01, 0.05
[1566671400] CURRENT SERVICE STATE: sservercluster2;CPU_Procs;OK;HARD;1;CPU OK: 300 processes
[1566671400] CURRENT SERVICE STATE: sservercluster2;Current Users;OK;HARD;1;USERS OK - 1 users currently logged in
[1566671400] CURRENT SERVICE STATE: sservercluster2;HDD_Home status;OK;HARD;1;DISK OK - free space: /home 215414 MB (97% inode=99%):
[1566671400] CURRENT SERVICE STATE: sservercluster2;HDD_Root status;OK;HARD;1;DISK OK - free space: / 30606 MB (59% inode=98%):
[1566671400] CURRENT SERVICE STATE: sservercluster2;LocalService-NTPD SERVICE;OK;HARD;1;PROCS OK: 1 process with command name 'ntpd'
[1566671400] CURRENT SERVICE STATE: sservercluster2;Memory;OK;HARD;1;OK - 95.6% (23433060 kB) free.
[1566671400] CURRENT SERVICE STATE: sservercluster2;Sensors Status;OK;HARD;1;SENSORS OK
[1566671400] CURRENT SERVICE STATE: sservercluster2;Total Processes;OK;HARD;1;PROCS OK: 300 processes
[1566671400] CURRENT SERVICE STATE: webserver1;CPU Load;OK;HARD;1;OK - load average: 0.00, 0.01, 0.05
[1566671400] CURRENT SERVICE STATE: webserver1;CPU_Procs;OK;HARD;1;CPU OK: 358 processes
[1566671400] CURRENT SERVICE STATE: webserver1;Current Users;OK;HARD;1;USERS OK - 1 users currently logged in
[1566671400] CURRENT SERVICE STATE: webserver1;HDD_Home status;OK;HARD;1;DISK OK - free space: /home 224832 MB (99% inode=99%):
[1566671400] CURRENT SERVICE STATE: webserver1;HDD_Root status;OK;HARD;1;DISK OK - free space: / 40275 MB (78% inode=99%):
[1566671400] CURRENT SERVICE STATE: webserver1;LocalService-NTPD SERVICE;OK;HARD;1;PROCS OK: 1 process with command name 'ntpd'
[1566671400] CURRENT SERVICE STATE: webserver1;Memory;OK;HARD;1;OK - 92.7% (22684224 kB) free.
[1566671400] CURRENT SERVICE STATE: webserver1;Nginx_status;OK;HARD;1;NGINX OK -  0.092 sec. response time, Active: 1 (Writing: 1 Reading: 0 Waiting: 0) ReqPerSec: 0.128 ConnPerSec: 0.128 ReqPerConn: 1.002
[1566671400] CURRENT SERVICE STATE: webserver1;Sensors Status;OK;HARD;1;SENSORS OK
[1566671400] CURRENT SERVICE STATE: webserver1;Total Processes;OK;HARD;1;PROCS OK: 354 processes
[1566671400] CURRENT SERVICE STATE: webserver2;CPU_Procs;OK;HARD;1;CPU OK: 353 processes
[1566671400] CURRENT SERVICE STATE: webserver2;Current Load;OK;HARD;1;OK - load average: 0.00, 0.01, 0.05
[1566671400] CURRENT SERVICE STATE: webserver2;Current Users;OK;HARD;1;USERS OK - 5 users currently logged in
[1566671400] CURRENT SERVICE STATE: webserver2;HDD_Home status;OK;HARD;1;DISK OK - free space: /home 96826 MB (43.08% inode=100%):
[1566671400] CURRENT SERVICE STATE: webserver2;HTTP;OK;HARD;1;HTTP OK: HTTP/1.1 200 OK - 355 bytes in 0.001 second response time
[1566671400] CURRENT SERVICE STATE: webserver2;LocalService-NTPD SERVICE;OK;HARD;1;PROCS OK: 1 process with command name 'ntpd'
[1566671400] CURRENT SERVICE STATE: webserver2;Memory;OK;HARD;1;OK - 94.4% (23148684 kB) free.
[1566671400] CURRENT SERVICE STATE: webserver2;PING;OK;HARD;1;PING OK - Packet loss = 0%, RTA = 0.08 ms
[1566671400] CURRENT SERVICE STATE: webserver2;Root Partition;OK;HARD;1;DISK OK - free space: / 16467 MB (32.17% inode=99%):
[1566671400] CURRENT SERVICE STATE: webserver2;SSH;OK;HARD;1;SSH OK - OpenSSH_7.4 (protocol 2.0)
[1566671400] CURRENT SERVICE STATE: webserver2;Sensors Status;OK;HARD;1;SENSORS OK
[1566671400] CURRENT SERVICE STATE: webserver2;Total Processes;OK;HARD;1;PROCS OK: 158 processes with STATE = RSZDT
[1566671400] CURRENT SERVICE STATE: webservercluster1;CPU Load;OK;HARD;1;OK - load average: 0.00, 0.04, 0.05
[1566671400] CURRENT SERVICE STATE: webservercluster1;CPU_Procs;OK;HARD;1;CPU OK: 321 processes
[1566671400] CURRENT SERVICE STATE: webservercluster1;Current Users;OK;HARD;1;USERS OK - 1 users currently logged in
[1566671400] CURRENT SERVICE STATE: webservercluster1;HDD_Home status;OK;HARD;1;DISK OK - free space: / 22662 MB (44% inode=99%):
[1566671400] CURRENT SERVICE STATE: webservercluster1;HDD_Root status;OK;HARD;1;DISK OK - free space: /home 97158 MB (43% inode=99%):
[1566671400] CURRENT SERVICE STATE: webservercluster1;LocalService-NTPD SERVICE;OK;HARD;1;PROCS OK: 1 process with command name 'ntpd'
[1566671400] CURRENT SERVICE STATE: webservercluster1;Memory;OK;HARD;1;OK - 91.9% (14944872 kB) free.
[1566671400] CURRENT SERVICE STATE: webservercluster1;Sensors Status;OK;HARD;1;SENSORS OK
[1566671400] CURRENT SERVICE STATE: webservercluster1;Total Processes;OK;HARD;1;PROCS OK: 321 processes
[1566671400] CURRENT SERVICE STATE: webservercluster2;CPU Load;OK;HARD;1;OK - load average: 0.86, 0.59, 0.56
[1566671400] CURRENT SERVICE STATE: webservercluster2;CPU_Procs;OK;HARD;1;CPU OK: 303 processes
[1566671400] CURRENT SERVICE STATE: webservercluster2;Current Users;OK;HARD;1;USERS OK - 3 users currently logged in
[1566671400] CURRENT SERVICE STATE: webservercluster2;HDD_Home status;OK;HARD;1;DISK OK - free space: /home 224375 MB (99% inode=99%):
[1566671400] CURRENT SERVICE STATE: webservercluster2;HDD_Root status;OK;HARD;1;DISK OK - free space: / 40388 MB (78% inode=99%):
[1566671400] CURRENT SERVICE STATE: webservercluster2;LocalService-NTPD SERVICE;OK;HARD;1;PROCS OK: 1 process with command name 'ntpd'
[1566671400] CURRENT SERVICE STATE: webservercluster2;Memory;OK;HARD;1;OK - 86.5% (14056396 kB) free.
[1566671400] CURRENT SERVICE STATE: webservercluster2;Sensors Status;OK;HARD;1;SENSORS OK
[1566671400] CURRENT SERVICE STATE: webservercluster2;Total Processes;OK;HARD;1;PROCS OK: 299 processes
[1566671612] Warning: Return code of 255 for check of service 'PING' on host 'db1-vm1' was out of bounds.
[1566671734] SERVICE NOTIFICATION: nagiosadmin;smscapp2;Memory;OK;notify-service-by-email;OK - 95.9% (47273716 kB) free.
[1566671734] SERVICE ALERT: smscapp2;Memory;OK;HARD;1;OK - 95.9% (47273716 kB) free.
[1566672212] Warning: Return code of 255 for check of service 'PING' on host 'db1-vm1' was out of bounds.
[1566672812] Warning: Return code of 255 for check of service 'PING' on host 'db1-vm1' was out of bounds.
[1566672813] SERVICE ALERT: pservercluster1;Memory;CRITICAL;SOFT;1;CRITICAL - 0.7% (175912 kB) free!
[1566672933] SERVICE ALERT: pservercluster1;Memory;CRITICAL;SOFT;2;CRITICAL - 0.8% (188740 kB) free!
[1566673053] SERVICE NOTIFICATION: nagiosadmin;pservercluster1;Memory;CRITICAL;notify-service-by-email;CRITICAL - 0.8% (194928 kB) free!
[1566673053] SERVICE ALERT: pservercluster1;Memory;CRITICAL;HARD;3;CRITICAL - 0.8% (194928 kB) free!
[1566673412] Warning: Return code of 255 for check of service 'PING' on host 'db1-vm1' was out of bounds.
[1566673413] Auto-save of retention data completed successfully.
[1566673413] SERVICE NOTIFICATION: nagiosadmin;rq-1;CPU_Procs;CRITICAL;notify-service-by-email;CPU CRITICAL: 1 crit, 0 warn out of 354 processes
[1566673413] SERVICE NOTIFICATION: nagiosadmin;rq-2;CPU_Procs;WARNING;notify-service-by-email;CPU WARNING: 1 warn out of 346 processes
[1566673653] SERVICE NOTIFICATION: nagiosadmin;redis-1;Memory;CRITICAL;notify-service-by-email;CRITICAL - 7.8% (10292368 kB) free!
[1566674012] SERVICE NOTIFICATION: nagiosadmin;rq-1;CPU Load;WARNING;notify-service-by-email;WARNING - load average: 16.30, 15.91, 15.83
[1566674012] Warning: Return code of 255 for check of service 'PING' on host 'db1-vm1' was out of bounds.
[1566674012] SERVICE NOTIFICATION: nagiosadmin;db1-vm1;PING;CRITICAL;notify-service-by-email;(Return code of 255 for service 'PING' on host 'db1-vm1' was out of bounds)
[1566674013] SERVICE NOTIFICATION: nagiosadmin;secondary-server;Current Users;WARNING;notify-service-by-email;USERS WARNING - 7 users currently logged in
[1566674015] SERVICE NOTIFICATION: nagiosadmin;pservercluster2;HDD_Root status;WARNING;notify-service-by-email;DISK WARNING - free space: / 7010 MB (13% inode=98%):
[1566674612] Warning: Return code of 255 for check of service 'PING' on host 'db1-vm1' was out of bounds.
[1566674854] SERVICE NOTIFICATION: nagiosadmin;pservercluster1;CPU_Procs;CRITICAL;notify-service-by-email;CPU CRITICAL: 3 crit, 3 warn out of 328 processes
[1566675033] SERVICE ALERT: webserver2;CPU_Procs;CRITICAL;SOFT;1;CPU CRITICAL: 1 crit, 1 warn out of 368 processes
[1566675093] SERVICE ALERT: webserver2;CPU_Procs;OK;HARD;1;CPU OK: 364 processes
[1566675212] Warning: Return code of 255 for check of service 'PING' on host 'db1-vm1' was out of bounds.
[1566675332] SERVICE ALERT: redis-1;CPU_Procs;WARNING;SOFT;1;CPU WARNING: 1 warn out of 409 processes
[1566675453] SERVICE ALERT: redis-1;CPU_Procs;OK;HARD;1;CPU OK: 405 processes
[1566675453] SERVICE NOTIFICATION: nagiosadmin;pservercluster1;Memory;OK;notify-service-by-email;OK - 49.4% (12202600 kB) free.
[1566675453] SERVICE ALERT: pservercluster1;Memory;OK;HARD;1;OK - 49.4% (12202600 kB) free.
[1566675453] SERVICE NOTIFICATION: nagiosadmin;sservercluster1;CPU_Procs;CRITICAL;notify-service-by-email;CPU CRITICAL: 2 crit, 3 warn out of 298 processes
[1566675812] Warning: Return code of 255 for check of service 'PING' on host 'db1-vm1' was out of bounds.
[1566676412] Warning: Return code of 255 for check of service 'PING' on host 'db1-vm1' was out of bounds.
[1566677012] Warning: Return code of 255 for check of service 'PING' on host 'db1-vm1' was out of bounds.
[1566677013] Auto-save of retention data completed successfully.
[1566677013] SERVICE NOTIFICATION: nagiosadmin;rq-1;CPU_Procs;CRITICAL;notify-service-by-email;CPU CRITICAL: 1 crit, 0 warn out of 354 processes
[1566677013] SERVICE NOTIFICATION: nagiosadmin;rq-2;CPU_Procs;WARNING;notify-service-by-email;CPU WARNING: 1 warn out of 344 processes
[1566677253] SERVICE NOTIFICATION: nagiosadmin;redis-1;Memory;CRITICAL;notify-service-by-email;CRITICAL - 0.7% (983452 kB) free!
[1566677513] EXTERNAL COMMAND: SCHEDULE_FORCED_HOST_CHECK;redis-1;1566677511
[1566677518] EXTERNAL COMMAND: SCHEDULE_FORCED_HOST_CHECK;redis-1;1566677517
[1566677612] SERVICE NOTIFICATION: nagiosadmin;rq-1;CPU Load;WARNING;notify-service-by-email;WARNING - load average: 15.43, 15.99, 16.30
[1566677612] Warning: Return code of 255 for check of service 'PING' on host 'db1-vm1' was out of bounds.
[1566677612] SERVICE NOTIFICATION: nagiosadmin;db1-vm1;PING;CRITICAL;notify-service-by-email;(Return code of 255 for service 'PING' on host 'db1-vm1' was out of bounds)
[1566677613] SERVICE NOTIFICATION: nagiosadmin;secondary-server;Current Users;WARNING;notify-service-by-email;USERS WARNING - 7 users currently logged in
[1566677853] SERVICE NOTIFICATION: nagiosadmin;redis-1;Memory;OK;notify-service-by-email;OK - 94.6% (124725100 kB) free.
[1566677853] SERVICE ALERT: redis-1;Memory;OK;HARD;1;OK - 94.6% (124725100 kB) free.
[1566678212] Warning: Return code of 255 for check of service 'PING' on host 'db1-vm1' was out of bounds.
[1566678214] SERVICE NOTIFICATION: nagiosadmin;pservercluster2;HDD_Root status;WARNING;notify-service-by-email;DISK WARNING - free space: / 7005 MB (13% inode=98%):
[1566678454] SERVICE NOTIFICATION: nagiosadmin;pservercluster1;CPU_Procs;CRITICAL;notify-service-by-email;CPU CRITICAL: 2 crit, 3 warn out of 323 processes
[1566678812] Warning: Return code of 255 for check of service 'PING' on host 'db1-vm1' was out of bounds.
[1566679053] SERVICE NOTIFICATION: nagiosadmin;sservercluster1;CPU_Procs;CRITICAL;notify-service-by-email;CPU CRITICAL: 2 crit, 3 warn out of 300 processes
[1566679412] Warning: Return code of 255 for check of service 'PING' on host 'db1-vm1' was out of bounds.
[1566679654] SERVICE ALERT: pservercluster1;Memory;WARNING;SOFT;1;WARNING - 13.4% (3300364 kB) free!
[1566679774] SERVICE ALERT: pservercluster1;Memory;CRITICAL;SOFT;2;CRITICAL - 0.7% (164232 kB) free!
[1566679894] SERVICE NOTIFICATION: nagiosadmin;pservercluster1;Memory;CRITICAL;notify-service-by-email;CRITICAL - 0.7% (165512 kB) free!
[1566679894] SERVICE ALERT: pservercluster1;Memory;CRITICAL;HARD;3;CRITICAL - 0.7% (165512 kB) free!
[1566680012] Warning: Return code of 255 for check of service 'PING' on host 'db1-vm1' was out of bounds.
[1566680013] SERVICE ALERT: smscapp1;Memory;CRITICAL;SOFT;1;CRITICAL - 8.8% (4319996 kB) free!
[1566680133] SERVICE ALERT: smscapp1;Memory;CRITICAL;SOFT;2;CRITICAL - 2.5% (1230572 kB) free!
[1566680253] SERVICE ALERT: smscapp1;Memory;OK;HARD;1;OK - 94.7% (46653476 kB) free.
[1566680612] Warning: Return code of 255 for check of service 'PING' on host 'db1-vm1' was out of bounds.
[1566680613] Auto-save of retention data completed successfully.
[1566680613] SERVICE NOTIFICATION: nagiosadmin;rq-2;CPU_Procs;WARNING;notify-service-by-email;CPU WARNING: 1 warn out of 345 processes
[1566681212] SERVICE NOTIFICATION: nagiosadmin;rq-1;CPU_Procs;CRITICAL;notify-service-by-email;CPU CRITICAL: 1 crit, 0 warn out of 355 processes
[1566681212] Warning: Return code of 255 for check of service 'PING' on host 'db1-vm1' was out of bounds.
[1566681212] SERVICE NOTIFICATION: nagiosadmin;db1-vm1;PING;CRITICAL;notify-service-by-email;(Return code of 255 for service 'PING' on host 'db1-vm1' was out of bounds)
[1566681212] SERVICE NOTIFICATION: nagiosadmin;rq-1;CPU Load;WARNING;notify-service-by-email;WARNING - load average: 16.00, 15.08, 15.55
[1566681213] SERVICE NOTIFICATION: nagiosadmin;secondary-server;Current Users;WARNING;notify-service-by-email;USERS WARNING - 7 users currently logged in
[1566681812] Warning: Return code of 255 for check of service 'PING' on host 'db1-vm1' was out of bounds.
[1566681814] SERVICE NOTIFICATION: nagiosadmin;pservercluster2;HDD_Root status;WARNING;notify-service-by-email;DISK WARNING - free space: / 7005 MB (13% inode=98%):
[1566682055] SERVICE NOTIFICATION: nagiosadmin;pservercluster1;CPU_Procs;CRITICAL;notify-service-by-email;CPU CRITICAL: 2 crit, 3 warn out of 323 processes
[1566682412] Warning: Return code of 255 for check of service 'PING' on host 'db1-vm1' was out of bounds.
[1566682535] SERVICE ALERT: pservercluster2;Memory;CRITICAL;SOFT;1;CRITICAL - 0.8% (199824 kB) free!
[1566682536] SERVICE ALERT: sservercluster1;Memory;CRITICAL;SOFT;1;CRITICAL - 0.7% (166500 kB) free!
[1566682653] SERVICE NOTIFICATION: nagiosadmin;sservercluster1;CPU_Procs;CRITICAL;notify-service-by-email;CPU CRITICAL: 2 crit, 3 warn out of 301 processes
[1566682655] SERVICE ALERT: pservercluster2;Memory;OK;HARD;1;OK - 43.6% (10689440 kB) free.
[1566682656] SERVICE ALERT: sservercluster1;Memory;OK;HARD;1;OK - 64.7% (15856712 kB) free.
[1566683012] Warning: Return code of 255 for check of service 'PING' on host 'db1-vm1' was out of bounds.
[1566683227] EXTERNAL COMMAND: SCHEDULE_FORCED_HOST_CHECK;pservercluster1;1566683225
[1566683232] EXTERNAL COMMAND: SCHEDULE_FORCED_HOST_CHECK;pservercluster1;1566683230
[1566683494] SERVICE FLAPPING ALERT: pservercluster1;Memory;STARTED; Service appears to have started flapping (20.3% change >= 20.0% threshold)
[1566683494] SERVICE ALERT: pservercluster1;Memory;OK;HARD;1;OK - 92.6% (22855716 kB) free.
[1566683612] Warning: Return code of 255 for check of service 'PING' on host 'db1-vm1' was out of bounds.
[1566684212] Warning: Return code of 255 for check of service 'PING' on host 'db1-vm1' was out of bounds.
[1566684213] Auto-save of retention data completed successfully.
[1566684214] SERVICE NOTIFICATION: nagiosadmin;rq-2;CPU_Procs;WARNING;notify-service-by-email;CPU WARNING: 1 warn out of 345 processes
[1566684812] Warning: Return code of 255 for check of service 'PING' on host 'db1-vm1' was out of bounds.
[1566684812] SERVICE NOTIFICATION: nagiosadmin;db1-vm1;PING;CRITICAL;notify-service-by-email;(Return code of 255 for service 'PING' on host 'db1-vm1' was out of bounds)
[1566684812] SERVICE NOTIFICATION: nagiosadmin;rq-1;CPU Load;WARNING;notify-service-by-email;WARNING - load average: 15.39, 14.51, 15.19
[1566684812] SERVICE NOTIFICATION: nagiosadmin;rq-1;CPU_Procs;CRITICAL;notify-service-by-email;CPU CRITICAL: 1 crit, 0 warn out of 354 processes
[1566684813] SERVICE NOTIFICATION: nagiosadmin;secondary-server;Current Users;WARNING;notify-service-by-email;USERS WARNING - 7 users currently logged in
[1566685412] Warning: Return code of 255 for check of service 'PING' on host 'db1-vm1' was out of bounds.
[1566685414] SERVICE NOTIFICATION: nagiosadmin;pservercluster2;HDD_Root status;WARNING;notify-service-by-email;DISK WARNING - free space: / 7014 MB (13% inode=98%):
[1566686012] Warning: Return code of 255 for check of service 'PING' on host 'db1-vm1' was out of bounds.
[1566686253] SERVICE NOTIFICATION: nagiosadmin;sservercluster1;CPU_Procs;CRITICAL;notify-service-by-email;CPU CRITICAL: 2 crit, 3 warn out of 300 processes
[1566686254] SERVICE NOTIFICATION: nagiosadmin;pservercluster1;CPU_Procs;CRITICAL;notify-service-by-email;CPU CRITICAL: 2 crit, 3 warn out of 323 processes
[1566686612] Warning: Return code of 255 for check of service 'PING' on host 'db1-vm1' was out of bounds.
[1566687212] Warning: Return code of 255 for check of service 'PING' on host 'db1-vm1' was out of bounds.
[1566687812] Warning: Return code of 255 for check of service 'PING' on host 'db1-vm1' was out of bounds.
[1566687813] Auto-save of retention data completed successfully.
[1566688412] SERVICE NOTIFICATION: nagiosadmin;rq-1;CPU_Procs;CRITICAL;notify-service-by-email;CPU CRITICAL: 1 crit, 0 warn out of 357 processes
[1566688412] Warning: Return code of 255 for check of service 'PING' on host 'db1-vm1' was out of bounds.
[1566688412] SERVICE NOTIFICATION: nagiosadmin;db1-vm1;PING;CRITICAL;notify-service-by-email;(Return code of 255 for service 'PING' on host 'db1-vm1' was out of bounds)
[1566688412] SERVICE NOTIFICATION: nagiosadmin;rq-1;CPU Load;WARNING;notify-service-by-email;WARNING - load average: 16.06, 15.58, 15.87
[1566688413] SERVICE NOTIFICATION: nagiosadmin;secondary-server;Current Users;WARNING;notify-service-by-email;USERS WARNING - 7 users currently logged in
[1566688413] SERVICE NOTIFICATION: nagiosadmin;rq-2;CPU_Procs;WARNING;notify-service-by-email;CPU WARNING: 1 warn out of 345 processes
[1566689012] Warning: Return code of 255 for check of service 'PING' on host 'db1-vm1' was out of bounds.
[1566689014] SERVICE NOTIFICATION: nagiosadmin;pservercluster2;HDD_Root status;WARNING;notify-service-by-email;DISK WARNING - free space: / 7013 MB (13% inode=98%):
[1566689612] Warning: Return code of 255 for check of service 'PING' on host 'db1-vm1' was out of bounds.
[1566689854] SERVICE NOTIFICATION: nagiosadmin;sservercluster1;CPU_Procs;CRITICAL;notify-service-by-email;CPU CRITICAL: 2 crit, 3 warn out of 300 processes
[1566689854] SERVICE NOTIFICATION: nagiosadmin;pservercluster1;CPU_Procs;CRITICAL;notify-service-by-email;CPU CRITICAL: 2 crit, 3 warn out of 321 processes
[1566690212] Warning: Return code of 255 for check of service 'PING' on host 'db1-vm1' was out of bounds.
[1566690812] Warning: Return code of 255 for check of service 'PING' on host 'db1-vm1' was out of bounds.
[1566691412] Warning: Return code of 255 for check of service 'PING' on host 'db1-vm1' was out of bounds.
[1566691413] Auto-save of retention data completed successfully.
[1566691894] SERVICE FLAPPING ALERT: pservercluster1;Memory;STOPPED; Service appears to have stopped flapping (4.4% change < 5.0% threshold)
[1566692012] SERVICE NOTIFICATION: nagiosadmin;rq-1;CPU Load;WARNING;notify-service-by-email;WARNING - load average: 16.55, 15.52, 15.59
[1566692012] Warning: Return code of 255 for check of service 'PING' on host 'db1-vm1' was out of bounds.
[1566692012] SERVICE NOTIFICATION: nagiosadmin;db1-vm1;PING;CRITICAL;notify-service-by-email;(Return code of 255 for service 'PING' on host 'db1-vm1' was out of bounds)
[1566692012] SERVICE NOTIFICATION: nagiosadmin;rq-1;CPU_Procs;CRITICAL;notify-service-by-email;CPU CRITICAL: 1 crit, 0 warn out of 355 processes
[1566692013] SERVICE NOTIFICATION: nagiosadmin;rq-2;CPU_Procs;WARNING;notify-service-by-email;CPU WARNING: 1 warn out of 347 processes
[1566692013] SERVICE NOTIFICATION: nagiosadmin;secondary-server;Current Users;WARNING;notify-service-by-email;USERS WARNING - 7 users currently logged in
[1566692612] Warning: Return code of 255 for check of service 'PING' on host 'db1-vm1' was out of bounds.
[1566692614] SERVICE NOTIFICATION: nagiosadmin;pservercluster2;HDD_Root status;WARNING;notify-service-by-email;DISK WARNING - free space: / 7013 MB (13% inode=98%):
[1566693212] Warning: Return code of 255 for check of service 'PING' on host 'db1-vm1' was out of bounds.
[1566693452] SERVICE ALERT: redis-1;CPU_Procs;WARNING;SOFT;1;CPU WARNING: 1 warn out of 409 processes
[1566693454] SERVICE NOTIFICATION: nagiosadmin;pservercluster1;CPU_Procs;CRITICAL;notify-service-by-email;CPU CRITICAL: 3 crit, 3 warn out of 327 processes
[1566693573] SERVICE ALERT: redis-1;CPU_Procs;OK;HARD;1;CPU OK: 409 processes
[1566693694] SERVICE ALERT: pservercluster1;Memory;CRITICAL;SOFT;1;CRITICAL - 0.7% (181684 kB) free!
[1566693812] Warning: Return code of 255 for check of service 'PING' on host 'db1-vm1' was out of bounds.
[1566693814] SERVICE ALERT: pservercluster1;Memory;CRITICAL;SOFT;2;CRITICAL - 0.7% (177084 kB) free!
[1566693934] SERVICE NOTIFICATION: nagiosadmin;pservercluster1;Memory;CRITICAL;notify-service-by-email;CRITICAL - 0.8% (189856 kB) free!
[1566693934] SERVICE ALERT: pservercluster1;Memory;CRITICAL;HARD;3;CRITICAL - 0.8% (189856 kB) free!
[1566694053] SERVICE NOTIFICATION: nagiosadmin;sservercluster1;CPU_Procs;CRITICAL;notify-service-by-email;CPU CRITICAL: 3 crit, 1 warn out of 300 processes
[1566694412] Warning: Return code of 255 for check of service 'PING' on host 'db1-vm1' was out of bounds.
[1566695012] Warning: Return code of 255 for check of service 'PING' on host 'db1-vm1' was out of bounds.
[1566695013] Auto-save of retention data completed successfully.
[1566695134] SERVICE NOTIFICATION: nagiosadmin;pservercluster1;Memory;OK;notify-service-by-email;OK - 84.9% (20945808 kB) free.
[1566695134] SERVICE ALERT: pservercluster1;Memory;OK;HARD;1;OK - 84.9% (20945808 kB) free.
[1566695612] SERVICE NOTIFICATION: nagiosadmin;rq-1;CPU_Procs;CRITICAL;notify-service-by-email;CPU CRITICAL: 1 crit, 0 warn out of 355 processes
[1566695612] SERVICE NOTIFICATION: nagiosadmin;rq-1;CPU Load;WARNING;notify-service-by-email;WARNING - load average: 14.91, 15.51, 15.74
[1566695612] Warning: Return code of 255 for check of service 'PING' on host 'db1-vm1' was out of bounds.
[1566695612] SERVICE NOTIFICATION: nagiosadmin;db1-vm1;PING;CRITICAL;notify-service-by-email;(Return code of 255 for service 'PING' on host 'db1-vm1' was out of bounds)
[1566695613] SERVICE NOTIFICATION: nagiosadmin;secondary-server;Current Users;WARNING;notify-service-by-email;USERS WARNING - 7 users currently logged in
[1566695613] SERVICE NOTIFICATION: nagiosadmin;rq-2;CPU_Procs;WARNING;notify-service-by-email;CPU WARNING: 1 warn out of 346 processes
[1566696212] Warning: Return code of 255 for check of service 'PING' on host 'db1-vm1' was out of bounds.
[1566696214] SERVICE NOTIFICATION: nagiosadmin;pservercluster2;HDD_Root status;WARNING;notify-service-by-email;DISK WARNING - free space: / 7013 MB (13% inode=98%):
[1566696812] Warning: Return code of 255 for check of service 'PING' on host 'db1-vm1' was out of bounds.
[1566697054] SERVICE NOTIFICATION: nagiosadmin;pservercluster1;CPU_Procs;CRITICAL;notify-service-by-email;CPU CRITICAL: 2 crit, 3 warn out of 322 processes
[1566697412] Warning: Return code of 255 for check of service 'PING' on host 'db1-vm1' was out of bounds.
[1566697653] SERVICE NOTIFICATION: nagiosadmin;sservercluster1;CPU_Procs;CRITICAL;notify-service-by-email;CPU CRITICAL: 3 crit, 1 warn out of 300 processes
[1566698012] Warning: Return code of 255 for check of service 'PING' on host 'db1-vm1' was out of bounds.
[1566698612] Warning: Return code of 255 for check of service 'PING' on host 'db1-vm1' was out of bounds.
[1566698613] Auto-save of retention data completed successfully.
[1566698793] SERVICE ALERT: webserver2;CPU_Procs;CRITICAL;SOFT;1;CPU CRITICAL: 1 crit, 0 warn out of 375 processes
[1566698853] SERVICE ALERT: webserver2;CPU_Procs;OK;HARD;1;CPU OK: 372 processes
[1566699212] SERVICE NOTIFICATION: nagiosadmin;rq-1;CPU Load;WARNING;notify-service-by-email;WARNING - load average: 13.86, 15.60, 16.20
[1566699212] Warning: Return code of 255 for check of service 'PING' on host 'db1-vm1' was out of bounds.
[1566699212] SERVICE NOTIFICATION: nagiosadmin;db1-vm1;PING;CRITICAL;notify-service-by-email;(Return code of 255 for service 'PING' on host 'db1-vm1' was out of bounds)
[1566699212] SERVICE NOTIFICATION: nagiosadmin;rq-1;CPU_Procs;CRITICAL;notify-service-by-email;CPU CRITICAL: 1 crit, 0 warn out of 353 processes
[1566699213] SERVICE NOTIFICATION: nagiosadmin;rq-2;CPU_Procs;WARNING;notify-service-by-email;CPU WARNING: 1 warn out of 345 processes
[1566699213] SERVICE NOTIFICATION: nagiosadmin;secondary-server;Current Users;WARNING;notify-service-by-email;USERS WARNING - 6 users currently logged in
[1566699812] Warning: Return code of 255 for check of service 'PING' on host 'db1-vm1' was out of bounds.
[1566699814] SERVICE NOTIFICATION: nagiosadmin;pservercluster2;HDD_Root status;WARNING;notify-service-by-email;DISK WARNING - free space: / 7013 MB (13% inode=98%):
[1566700412] Warning: Return code of 255 for check of service 'PING' on host 'db1-vm1' was out of bounds.
[1566700654] SERVICE NOTIFICATION: nagiosadmin;pservercluster1;CPU_Procs;CRITICAL;notify-service-by-email;CPU CRITICAL: 2 crit, 3 warn out of 321 processes
[1566701012] Warning: Return code of 255 for check of service 'PING' on host 'db1-vm1' was out of bounds.
[1566701253] SERVICE NOTIFICATION: nagiosadmin;sservercluster1;CPU_Procs;CRITICAL;notify-service-by-email;CPU CRITICAL: 4 crit, 1 warn out of 305 processes
[1566701612] Warning: Return code of 255 for check of service 'PING' on host 'db1-vm1' was out of bounds.
[1566702212] Warning: Return code of 255 for check of service 'PING' on host 'db1-vm1' was out of bounds.
[1566702213] Auto-save of retention data completed successfully.
[1566702812] SERVICE NOTIFICATION: nagiosadmin;rq-1;CPU_Procs;CRITICAL;notify-service-by-email;CPU CRITICAL: 1 crit, 0 warn out of 354 processes
[1566702812] SERVICE NOTIFICATION: nagiosadmin;rq-1;CPU Load;WARNING;notify-service-by-email;WARNING - load average: 12.59, 15.24, 15.59
[1566702812] Warning: Return code of 255 for check of service 'PING' on host 'db1-vm1' was out of bounds.
[1566702812] SERVICE NOTIFICATION: nagiosadmin;db1-vm1;PING;CRITICAL;notify-service-by-email;(Return code of 255 for service 'PING' on host 'db1-vm1' was out of bounds)
[1566702813] SERVICE NOTIFICATION: nagiosadmin;rq-2;CPU_Procs;WARNING;notify-service-by-email;CPU WARNING: 1 warn out of 346 processes
[1566702813] SERVICE NOTIFICATION: nagiosadmin;secondary-server;Current Users;WARNING;notify-service-by-email;USERS WARNING - 6 users currently logged in
[1566703412] Warning: Return code of 255 for check of service 'PING' on host 'db1-vm1' was out of bounds.
[1566703414] SERVICE NOTIFICATION: nagiosadmin;pservercluster2;HDD_Root status;WARNING;notify-service-by-email;DISK WARNING - free space: / 7013 MB (13% inode=98%):
[1566704012] Warning: Return code of 255 for check of service 'PING' on host 'db1-vm1' was out of bounds.
[1566704254] SERVICE NOTIFICATION: nagiosadmin;pservercluster1;CPU_Procs;CRITICAL;notify-service-by-email;CPU CRITICAL: 2 crit, 3 warn out of 321 processes
[1566704612] Warning: Return code of 255 for check of service 'PING' on host 'db1-vm1' was out of bounds.
[1566704853] SERVICE NOTIFICATION: nagiosadmin;sservercluster1;CPU_Procs;CRITICAL;notify-service-by-email;CPU CRITICAL: 3 crit, 1 warn out of 299 processes
[1566705212] Warning: Return code of 255 for check of service 'PING' on host 'db1-vm1' was out of bounds.
[1566705812] Warning: Return code of 255 for check of service 'PING' on host 'db1-vm1' was out of bounds.
[1566705813] Auto-save of retention data completed successfully.
[1566706412] SERVICE NOTIFICATION: nagiosadmin;rq-1;CPU Load;WARNING;notify-service-by-email;WARNING - load average: 15.93, 15.73, 16.07
[1566706412] SERVICE NOTIFICATION: nagiosadmin;rq-1;CPU_Procs;CRITICAL;notify-service-by-email;CPU CRITICAL: 1 crit, 0 warn out of 354 processes
[1566706412] Warning: Return code of 255 for check of service 'PING' on host 'db1-vm1' was out of bounds.
[1566706412] SERVICE NOTIFICATION: nagiosadmin;db1-vm1;PING;CRITICAL;notify-service-by-email;(Return code of 255 for service 'PING' on host 'db1-vm1' was out of bounds)
[1566706413] SERVICE NOTIFICATION: nagiosadmin;secondary-server;Current Users;WARNING;notify-service-by-email;USERS WARNING - 6 users currently logged in
[1566706413] SERVICE NOTIFICATION: nagiosadmin;rq-2;CPU_Procs;WARNING;notify-service-by-email;CPU WARNING: 1 warn out of 346 processes
[1566706655] SERVICE ALERT: pservercluster2;Memory;WARNING;SOFT;1;WARNING - 20.0% (4909328 kB) free!
[1566706776] SERVICE ALERT: pservercluster2;Memory;WARNING;SOFT;2;WARNING - 19.9% (4871312 kB) free!
[1566706896] SERVICE NOTIFICATION: nagiosadmin;pservercluster2;Memory;WARNING;notify-service-by-email;WARNING - 19.8% (4852016 kB) free!
[1566706896] SERVICE ALERT: pservercluster2;Memory;WARNING;HARD;3;WARNING - 19.8% (4852016 kB) free!
[1566707012] Warning: Return code of 255 for check of service 'PING' on host 'db1-vm1' was out of bounds.
[1566707014] SERVICE NOTIFICATION: nagiosadmin;pservercluster2;HDD_Root status;WARNING;notify-service-by-email;DISK WARNING - free space: / 7013 MB (13% inode=98%):
[1566707613] Warning: Return code of 255 for check of service 'PING' on host 'db1-vm1' was out of bounds.
[1566707854] SERVICE NOTIFICATION: nagiosadmin;pservercluster1;CPU_Procs;CRITICAL;notify-service-by-email;CPU CRITICAL: 2 crit, 3 warn out of 321 processes
[1566708212] Warning: Return code of 255 for check of service 'PING' on host 'db1-vm1' was out of bounds.
[1566708453] SERVICE NOTIFICATION: nagiosadmin;sservercluster1;CPU_Procs;CRITICAL;notify-service-by-email;CPU CRITICAL: 3 crit, 1 warn out of 300 processes
[1566708812] Warning: Return code of 255 for check of service 'PING' on host 'db1-vm1' was out of bounds.
[1566709412] Warning: Return code of 255 for check of service 'PING' on host 'db1-vm1' was out of bounds.
[1566709413] Auto-save of retention data completed successfully.
[1566710012] Warning: Return code of 255 for check of service 'PING' on host 'db1-vm1' was out of bounds.
[1566710012] SERVICE NOTIFICATION: nagiosadmin;db1-vm1;PING;CRITICAL;notify-service-by-email;(Return code of 255 for service 'PING' on host 'db1-vm1' was out of bounds)
[1566710012] SERVICE NOTIFICATION: nagiosadmin;rq-1;CPU_Procs;CRITICAL;notify-service-by-email;CPU CRITICAL: 1 crit, 0 warn out of 353 processes
[1566710012] SERVICE NOTIFICATION: nagiosadmin;rq-1;CPU Load;WARNING;notify-service-by-email;WARNING - load average: 13.26, 15.27, 15.76
[1566710013] SERVICE NOTIFICATION: nagiosadmin;secondary-server;Current Users;WARNING;notify-service-by-email;USERS WARNING - 6 users currently logged in
[1566710013] SERVICE NOTIFICATION: nagiosadmin;rq-2;CPU_Procs;WARNING;notify-service-by-email;CPU WARNING: 1 warn out of 344 processes
[1566710372] SERVICE ALERT: redis-1;CPU_Procs;WARNING;SOFT;1;CPU WARNING: 1 warn out of 404 processes
[1566710492] SERVICE ALERT: redis-1;CPU_Procs;OK;HARD;1;CPU OK: 403 processes
[1566710496] SERVICE NOTIFICATION: nagiosadmin;pservercluster2;Memory;WARNING;notify-service-by-email;WARNING - 17.0% (4176688 kB) free!
[1566710612] Warning: Return code of 255 for check of service 'PING' on host 'db1-vm1' was out of bounds.
[1566710614] SERVICE NOTIFICATION: nagiosadmin;pservercluster2;HDD_Root status;WARNING;notify-service-by-email;DISK WARNING - free space: / 7013 MB (13% inode=98%):
[1566711212] Warning: Return code of 255 for check of service 'PING' on host 'db1-vm1' was out of bounds.
[1566711454] SERVICE NOTIFICATION: nagiosadmin;pservercluster1;CPU_Procs;CRITICAL;notify-service-by-email;CPU CRITICAL: 2 crit, 3 warn out of 321 processes
[1566711812] Warning: Return code of 255 for check of service 'PING' on host 'db1-vm1' was out of bounds.
[1566711934] SERVICE ALERT: pservercluster1;Memory;WARNING;SOFT;1;WARNING - 19.6% (4843452 kB) free!
[1566712053] SERVICE NOTIFICATION: nagiosadmin;sservercluster1;CPU_Procs;CRITICAL;notify-service-by-email;CPU CRITICAL: 3 crit, 1 warn out of 297 processes
[1566712055] SERVICE ALERT: pservercluster1;Memory;WARNING;SOFT;2;WARNING - 19.5% (4819032 kB) free!
[1566712175] SERVICE NOTIFICATION: nagiosadmin;pservercluster1;Memory;WARNING;notify-service-by-email;WARNING - 19.5% (4806616 kB) free!
[1566712175] SERVICE ALERT: pservercluster1;Memory;WARNING;HARD;3;WARNING - 19.5% (4806616 kB) free!
[1566712412] Warning: Return code of 255 for check of service 'PING' on host 'db1-vm1' was out of bounds.
[1566713012] Warning: Return code of 255 for check of service 'PING' on host 'db1-vm1' was out of bounds.
[1566713013] Auto-save of retention data completed successfully.
[1566713612] Warning: Return code of 255 for check of service 'PING' on host 'db1-vm1' was out of bounds.
[1566713612] SERVICE NOTIFICATION: nagiosadmin;db1-vm1;PING;CRITICAL;notify-service-by-email;(Return code of 255 for service 'PING' on host 'db1-vm1' was out of bounds)
[1566713612] SERVICE NOTIFICATION: nagiosadmin;rq-1;CPU Load;WARNING;notify-service-by-email;WARNING - load average: 17.07, 16.77, 16.16
[1566713612] SERVICE NOTIFICATION: nagiosadmin;rq-1;CPU_Procs;CRITICAL;notify-service-by-email;CPU CRITICAL: 1 crit, 0 warn out of 354 processes
[1566713613] SERVICE NOTIFICATION: nagiosadmin;rq-2;CPU_Procs;WARNING;notify-service-by-email;CPU WARNING: 1 warn out of 345 processes
[1566713613] SERVICE NOTIFICATION: nagiosadmin;secondary-server;Current Users;WARNING;notify-service-by-email;USERS WARNING - 6 users currently logged in
[1566714097] SERVICE NOTIFICATION: nagiosadmin;pservercluster2;Memory;WARNING;notify-service-by-email;WARNING - 12.6% (3094672 kB) free!
[1566714212] Warning: Return code of 255 for check of service 'PING' on host 'db1-vm1' was out of bounds.
[1566714812] Warning: Return code of 255 for check of service 'PING' on host 'db1-vm1' was out of bounds.
[1566714813] SERVICE NOTIFICATION: nagiosadmin;pservercluster2;HDD_Root status;WARNING;notify-service-by-email;DISK WARNING - free space: / 7012 MB (13% inode=98%):
[1566715054] SERVICE NOTIFICATION: nagiosadmin;pservercluster1;CPU_Procs;CRITICAL;notify-service-by-email;CPU CRITICAL: 2 crit, 3 warn out of 319 processes
[1566715412] Warning: Return code of 255 for check of service 'PING' on host 'db1-vm1' was out of bounds.
[1566715653] SERVICE NOTIFICATION: nagiosadmin;sservercluster1;CPU_Procs;CRITICAL;notify-service-by-email;CPU CRITICAL: 3 crit, 1 warn out of 297 processes
[1566715775] SERVICE NOTIFICATION: nagiosadmin;pservercluster1;Memory;WARNING;notify-service-by-email;WARNING - 17.1% (4208128 kB) free!
[1566715892] SERVICE ALERT: redis-1;CPU_Procs;WARNING;SOFT;1;CPU WARNING: 1 warn out of 403 processes
[1566716012] Warning: Return code of 255 for check of service 'PING' on host 'db1-vm1' was out of bounds.
[1566716012] SERVICE ALERT: redis-1;CPU_Procs;OK;HARD;1;CPU OK: 402 processes
[1566716496] SERVICE NOTIFICATION: nagiosadmin;pservercluster2;Memory;CRITICAL;notify-service-by-email;CRITICAL - 9.9% (2417268 kB) free!
[1566716496] SERVICE ALERT: pservercluster2;Memory;CRITICAL;HARD;3;CRITICAL - 9.9% (2417268 kB) free!
[1566716612] Warning: Return code of 255 for check of service 'PING' on host 'db1-vm1' was out of bounds.
[1566716613] Auto-save of retention data completed successfully.
[1566717096] SERVICE NOTIFICATION: nagiosadmin;pservercluster2;Memory;WARNING;notify-service-by-email;WARNING - 12.7% (3101672 kB) free!
[1566717096] SERVICE ALERT: pservercluster2;Memory;WARNING;HARD;3;WARNING - 12.7% (3101672 kB) free!
[1566717212] Warning: Return code of 255 for check of service 'PING' on host 'db1-vm1' was out of bounds.
[1566717212] SERVICE NOTIFICATION: nagiosadmin;db1-vm1;PING;CRITICAL;notify-service-by-email;(Return code of 255 for service 'PING' on host 'db1-vm1' was out of bounds)
[1566717212] SERVICE NOTIFICATION: nagiosadmin;rq-1;CPU_Procs;CRITICAL;notify-service-by-email;CPU CRITICAL: 1 crit, 0 warn out of 357 processes
[1566717212] SERVICE ALERT: redis-1;CPU_Procs;WARNING;SOFT;1;CPU WARNING: 1 warn out of 403 processes
[1566717212] SERVICE NOTIFICATION: nagiosadmin;rq-1;CPU Load;WARNING;notify-service-by-email;WARNING - load average: 18.28, 17.48, 16.73
[1566717213] SERVICE NOTIFICATION: nagiosadmin;secondary-server;Current Users;WARNING;notify-service-by-email;USERS WARNING - 6 users currently logged in
[1566717213] SERVICE NOTIFICATION: nagiosadmin;rq-2;CPU_Procs;WARNING;notify-service-by-email;CPU WARNING: 1 warn out of 345 processes
[1566717332] SERVICE ALERT: redis-1;CPU_Procs;OK;HARD;1;CPU OK: 401 processes
[1566717812] Warning: Return code of 255 for check of service 'PING' on host 'db1-vm1' was out of bounds.
[1566718412] Warning: Return code of 255 for check of service 'PING' on host 'db1-vm1' was out of bounds.
[1566718413] SERVICE NOTIFICATION: nagiosadmin;pservercluster2;HDD_Root status;WARNING;notify-service-by-email;DISK WARNING - free space: / 7012 MB (13% inode=98%):
[1566718654] SERVICE NOTIFICATION: nagiosadmin;pservercluster1;CPU_Procs;CRITICAL;notify-service-by-email;CPU CRITICAL: 2 crit, 3 warn out of 320 processes
[1566719012] Warning: Return code of 255 for check of service 'PING' on host 'db1-vm1' was out of bounds.
[1566719253] SERVICE NOTIFICATION: nagiosadmin;sservercluster1;CPU_Procs;CRITICAL;notify-service-by-email;CPU CRITICAL: 2 crit, 1 warn out of 296 processes
[1566719375] SERVICE NOTIFICATION: nagiosadmin;pservercluster1;Memory;WARNING;notify-service-by-email;WARNING - 18.0% (4429924 kB) free!
[1566719612] Warning: Return code of 255 for check of service 'PING' on host 'db1-vm1' was out of bounds.
[1566720096] SERVICE NOTIFICATION: nagiosadmin;pservercluster2;Memory;CRITICAL;notify-service-by-email;CRITICAL - 10.0% (2442028 kB) free!
[1566720096] SERVICE ALERT: pservercluster2;Memory;CRITICAL;HARD;3;CRITICAL - 10.0% (2442028 kB) free!
[1566720212] Warning: Return code of 255 for check of service 'PING' on host 'db1-vm1' was out of bounds.
[1566720213] Auto-save of retention data completed successfully.
[1566720812] Warning: Return code of 255 for check of service 'PING' on host 'db1-vm1' was out of bounds.
[1566720812] SERVICE NOTIFICATION: nagiosadmin;db1-vm1;PING;CRITICAL;notify-service-by-email;(Return code of 255 for service 'PING' on host 'db1-vm1' was out of bounds)
[1566720812] SERVICE NOTIFICATION: nagiosadmin;rq-1;CPU_Procs;CRITICAL;notify-service-by-email;CPU CRITICAL: 1 crit, 0 warn out of 352 processes
[1566720812] SERVICE NOTIFICATION: nagiosadmin;rq-1;CPU Load;WARNING;notify-service-by-email;WARNING - load average: 16.25, 16.67, 16.51
[1566720813] SERVICE NOTIFICATION: nagiosadmin;rq-2;CPU_Procs;WARNING;notify-service-by-email;CPU WARNING: 1 warn out of 345 processes
[1566720814] SERVICE NOTIFICATION: nagiosadmin;secondary-server;Current Users;WARNING;notify-service-by-email;USERS WARNING - 6 users currently logged in
[1566721412] Warning: Return code of 255 for check of service 'PING' on host 'db1-vm1' was out of bounds.
[1566722012] Warning: Return code of 255 for check of service 'PING' on host 'db1-vm1' was out of bounds.
[1566722013] SERVICE NOTIFICATION: nagiosadmin;pservercluster2;HDD_Root status;WARNING;notify-service-by-email;DISK WARNING - free space: / 7012 MB (13% inode=98%):
[1566722255] SERVICE NOTIFICATION: nagiosadmin;pservercluster1;CPU_Procs;CRITICAL;notify-service-by-email;CPU CRITICAL: 2 crit, 3 warn out of 320 processes
[1566722612] Warning: Return code of 255 for check of service 'PING' on host 'db1-vm1' was out of bounds.
[1566722853] SERVICE NOTIFICATION: nagiosadmin;sservercluster1;CPU_Procs;CRITICAL;notify-service-by-email;CPU CRITICAL: 2 crit, 1 warn out of 298 processes
[1566722975] SERVICE NOTIFICATION: nagiosadmin;pservercluster1;Memory;WARNING;notify-service-by-email;WARNING - 16.2% (4008448 kB) free!
[1566723212] Warning: Return code of 255 for check of service 'PING' on host 'db1-vm1' was out of bounds.
[1566723332] SERVICE ALERT: redis-1;CPU_Procs;WARNING;SOFT;1;CPU WARNING: 1 warn out of 403 processes
[1566723452] SERVICE ALERT: redis-1;CPU_Procs;OK;HARD;1;CPU OK: 402 processes
[1566723623] EXTERNAL COMMAND: SCHEDULE_FORCED_SVC_CHECK;pservercluster2;Memory;1566723620
[1566723623] SERVICE FLAPPING ALERT: pservercluster2;Memory;STARTED; Service appears to have started flapping (21.2% change >= 20.0% threshold)
[1566723623] SERVICE ALERT: pservercluster2;Memory;OK;HARD;1;OK - 93.0% (22799576 kB) free.
[1566723627] EXTERNAL COMMAND: SCHEDULE_FORCED_SVC_CHECK;pservercluster2;Memory;1566723625
[1566723631] EXTERNAL COMMAND: SCHEDULE_FORCED_SVC_CHECK;pservercluster2;Memory;1566723629
[1566723812] Warning: Return code of 255 for check of service 'PING' on host 'db1-vm1' was out of bounds.
[1566723813] Auto-save of retention data completed successfully.
[1566724175] SERVICE NOTIFICATION: nagiosadmin;pservercluster1;Memory;OK;notify-service-by-email;OK - 93.0% (22950076 kB) free.
[1566724175] SERVICE ALERT: pservercluster1;Memory;OK;HARD;1;OK - 93.0% (22950076 kB) free.
[1566724412] SERVICE NOTIFICATION: nagiosadmin;rq-1;CPU Load;WARNING;notify-service-by-email;WARNING - load average: 16.32, 17.40, 17.25
[1566724412] SERVICE NOTIFICATION: nagiosadmin;rq-1;CPU_Procs;CRITICAL;notify-service-by-email;CPU CRITICAL: 1 crit, 0 warn out of 353 processes
[1566724412] Warning: Return code of 255 for check of service 'PING' on host 'db1-vm1' was out of bounds.
[1566724412] SERVICE NOTIFICATION: nagiosadmin;db1-vm1;PING;CRITICAL;notify-service-by-email;(Return code of 255 for service 'PING' on host 'db1-vm1' was out of bounds)
[1566724413] SERVICE NOTIFICATION: nagiosadmin;rq-2;CPU_Procs;WARNING;notify-service-by-email;CPU WARNING: 1 warn out of 345 processes
[1566724414] SERVICE NOTIFICATION: nagiosadmin;secondary-server;Current Users;WARNING;notify-service-by-email;USERS WARNING - 6 users currently logged in
[1566725012] Warning: Return code of 255 for check of service 'PING' on host 'db1-vm1' was out of bounds.
[1566725612] Warning: Return code of 255 for check of service 'PING' on host 'db1-vm1' was out of bounds.
[1566725613] SERVICE NOTIFICATION: nagiosadmin;pservercluster2;HDD_Root status;WARNING;notify-service-by-email;DISK WARNING - free space: / 7012 MB (13% inode=98%):
[1566726212] Warning: Return code of 255 for check of service 'PING' on host 'db1-vm1' was out of bounds.
[1566726452] SERVICE ALERT: redis-1;CPU_Procs;WARNING;SOFT;1;CPU WARNING: 1 warn out of 401 processes
[1566726453] SERVICE NOTIFICATION: nagiosadmin;sservercluster1;CPU_Procs;CRITICAL;notify-service-by-email;CPU CRITICAL: 2 crit, 1 warn out of 296 processes
[1566726454] SERVICE NOTIFICATION: nagiosadmin;pservercluster1;CPU_Procs;CRITICAL;notify-service-by-email;CPU CRITICAL: 2 crit, 3 warn out of 319 processes
[1566726572] SERVICE ALERT: redis-1;CPU_Procs;OK;HARD;1;CPU OK: 401 processes
[1566726812] Warning: Return code of 255 for check of service 'PING' on host 'db1-vm1' was out of bounds.
[1566727412] Warning: Return code of 255 for check of service 'PING' on host 'db1-vm1' was out of bounds.
[1566727413] Auto-save of retention data completed successfully.
[1566728012] SERVICE NOTIFICATION: nagiosadmin;rq-1;CPU Load;WARNING;notify-service-by-email;WARNING - load average: 15.75, 15.97, 15.85
[1566728012] Warning: Return code of 255 for check of service 'PING' on host 'db1-vm1' was out of bounds.
[1566728012] SERVICE NOTIFICATION: nagiosadmin;db1-vm1;PING;CRITICAL;notify-service-by-email;(Return code of 255 for service 'PING' on host 'db1-vm1' was out of bounds)
[1566728012] SERVICE NOTIFICATION: nagiosadmin;rq-1;CPU_Procs;CRITICAL;notify-service-by-email;CPU CRITICAL: 1 crit, 0 warn out of 357 processes
[1566728013] SERVICE NOTIFICATION: nagiosadmin;rq-2;CPU_Procs;WARNING;notify-service-by-email;CPU WARNING: 1 warn out of 344 processes
[1566728612] Warning: Return code of 255 for check of service 'PING' on host 'db1-vm1' was out of bounds.
[1566728613] SERVICE NOTIFICATION: nagiosadmin;secondary-server;Current Users;WARNING;notify-service-by-email;USERS WARNING - 6 users currently logged in
[1566729212] Warning: Return code of 255 for check of service 'PING' on host 'db1-vm1' was out of bounds.
[1566729213] SERVICE NOTIFICATION: nagiosadmin;pservercluster2;HDD_Root status;WARNING;notify-service-by-email;DISK WARNING - free space: / 7012 MB (13% inode=98%):
[1566729812] Warning: Return code of 255 for check of service 'PING' on host 'db1-vm1' was out of bounds.
[1566730053] SERVICE NOTIFICATION: nagiosadmin;sservercluster1;CPU_Procs;CRITICAL;notify-service-by-email;CPU CRITICAL: 2 crit, 2 warn out of 299 processes
[1566730054] SERVICE NOTIFICATION: nagiosadmin;pservercluster1;CPU_Procs;CRITICAL;notify-service-by-email;CPU CRITICAL: 2 crit, 3 warn out of 318 processes
[1566730412] Warning: Return code of 255 for check of service 'PING' on host 'db1-vm1' was out of bounds.
[1566730831] SERVICE FLAPPING ALERT: pservercluster2;Memory;STOPPED; Service appears to have stopped flapping (4.4% change < 5.0% threshold)
[1566731012] Warning: Return code of 255 for check of service 'PING' on host 'db1-vm1' was out of bounds.
[1566731013] Auto-save of retention data completed successfully.
[1566731612] SERVICE NOTIFICATION: nagiosadmin;rq-1;CPU_Procs;CRITICAL;notify-service-by-email;CPU CRITICAL: 1 crit, 0 warn out of 352 processes
[1566731612] Warning: Return code of 255 for check of service 'PING' on host 'db1-vm1' was out of bounds.
[1566731612] SERVICE NOTIFICATION: nagiosadmin;db1-vm1;PING;CRITICAL;notify-service-by-email;(Return code of 255 for service 'PING' on host 'db1-vm1' was out of bounds)
[1566731612] SERVICE NOTIFICATION: nagiosadmin;rq-1;CPU Load;WARNING;notify-service-by-email;WARNING - load average: 15.57, 15.01, 15.55
[1566731614] SERVICE NOTIFICATION: nagiosadmin;rq-2;CPU_Procs;WARNING;notify-service-by-email;CPU WARNING: 1 warn out of 345 processes
[1566732212] Warning: Return code of 255 for check of service 'PING' on host 'db1-vm1' was out of bounds.
[1566732213] SERVICE NOTIFICATION: nagiosadmin;secondary-server;Current Users;WARNING;notify-service-by-email;USERS WARNING - 6 users currently logged in
[1566732812] Warning: Return code of 255 for check of service 'PING' on host 'db1-vm1' was out of bounds.
[1566732813] SERVICE NOTIFICATION: nagiosadmin;pservercluster2;HDD_Root status;WARNING;notify-service-by-email;DISK WARNING - free space: / 7012 MB (13% inode=98%):
[1566733412] Warning: Return code of 255 for check of service 'PING' on host 'db1-vm1' was out of bounds.
[1566733653] SERVICE NOTIFICATION: nagiosadmin;sservercluster1;CPU_Procs;CRITICAL;notify-service-by-email;CPU CRITICAL: 2 crit, 1 warn out of 297 processes
[1566733655] SERVICE NOTIFICATION: nagiosadmin;pservercluster1;CPU_Procs;CRITICAL;notify-service-by-email;CPU CRITICAL: 2 crit, 3 warn out of 319 processes
[1566734012] Warning: Return code of 255 for check of service 'PING' on host 'db1-vm1' was out of bounds.
[1566734612] Warning: Return code of 255 for check of service 'PING' on host 'db1-vm1' was out of bounds.
[1566734613] Auto-save of retention data completed successfully.
[1566735212] Warning: Return code of 255 for check of service 'PING' on host 'db1-vm1' was out of bounds.
[1566735212] SERVICE NOTIFICATION: nagiosadmin;db1-vm1;PING;CRITICAL;notify-service-by-email;(Return code of 255 for service 'PING' on host 'db1-vm1' was out of bounds)
[1566735212] SERVICE NOTIFICATION: nagiosadmin;rq-1;CPU Load;WARNING;notify-service-by-email;WARNING - load average: 15.82, 16.27, 16.16
[1566735212] SERVICE NOTIFICATION: nagiosadmin;rq-1;CPU_Procs;CRITICAL;notify-service-by-email;CPU CRITICAL: 1 crit, 0 warn out of 353 processes
[1566735812] Warning: Return code of 255 for check of service 'PING' on host 'db1-vm1' was out of bounds.
[1566735813] SERVICE NOTIFICATION: nagiosadmin;rq-2;CPU_Procs;WARNING;notify-service-by-email;CPU WARNING: 1 warn out of 347 processes
[1566735814] SERVICE NOTIFICATION: nagiosadmin;secondary-server;Current Users;WARNING;notify-service-by-email;USERS WARNING - 6 users currently logged in
[1566736412] Warning: Return code of 255 for check of service 'PING' on host 'db1-vm1' was out of bounds.
[1566736413] SERVICE NOTIFICATION: nagiosadmin;pservercluster2;HDD_Root status;WARNING;notify-service-by-email;DISK WARNING - free space: / 7011 MB (13% inode=98%):
[1566737012] Warning: Return code of 255 for check of service 'PING' on host 'db1-vm1' was out of bounds.
[1566737253] SERVICE NOTIFICATION: nagiosadmin;sservercluster1;CPU_Procs;CRITICAL;notify-service-by-email;CPU CRITICAL: 2 crit, 2 warn out of 296 processes
[1566737612] Warning: Return code of 255 for check of service 'PING' on host 'db1-vm1' was out of bounds.
[1566737854] SERVICE NOTIFICATION: nagiosadmin;pservercluster1;CPU_Procs;CRITICAL;notify-service-by-email;CPU CRITICAL: 2 crit, 3 warn out of 321 processes
[1566738212] Warning: Return code of 255 for check of service 'PING' on host 'db1-vm1' was out of bounds.
[1566738213] Auto-save of retention data completed successfully.
[1566738812] SERVICE NOTIFICATION: nagiosadmin;rq-1;CPU Load;WARNING;notify-service-by-email;WARNING - load average: 14.27, 14.86, 14.98
[1566738812] SERVICE NOTIFICATION: nagiosadmin;rq-1;CPU_Procs;CRITICAL;notify-service-by-email;CPU CRITICAL: 1 crit, 0 warn out of 354 processes
[1566738812] Warning: Return code of 255 for check of service 'PING' on host 'db1-vm1' was out of bounds.
[1566738812] SERVICE NOTIFICATION: nagiosadmin;db1-vm1;PING;CRITICAL;notify-service-by-email;(Return code of 255 for service 'PING' on host 'db1-vm1' was out of bounds)
[1566739412] Warning: Return code of 255 for check of service 'PING' on host 'db1-vm1' was out of bounds.
[1566739413] SERVICE NOTIFICATION: nagiosadmin;rq-2;CPU_Procs;WARNING;notify-service-by-email;CPU WARNING: 1 warn out of 346 processes
[1566739536] SERVICE ALERT: webservercluster2;CPU_Procs;WARNING;SOFT;1;CPU WARNING: 1 warn out of 299 processes
[1566739656] SERVICE ALERT: webservercluster2;CPU_Procs;OK;HARD;1;CPU OK: 292 processes
[1566740012] Warning: Return code of 255 for check of service 'PING' on host 'db1-vm1' was out of bounds.
[1566740013] SERVICE NOTIFICATION: nagiosadmin;secondary-server;Current Users;WARNING;notify-service-by-email;USERS WARNING - 6 users currently logged in
[1566740014] SERVICE NOTIFICATION: nagiosadmin;pservercluster2;HDD_Root status;WARNING;notify-service-by-email;DISK WARNING - free space: / 7011 MB (13% inode=98%):
[1566740612] Warning: Return code of 255 for check of service 'PING' on host 'db1-vm1' was out of bounds.
[1566740853] SERVICE NOTIFICATION: nagiosadmin;sservercluster1;CPU_Procs;CRITICAL;notify-service-by-email;CPU CRITICAL: 2 crit, 2 warn out of 299 processes
[1566741212] Warning: Return code of 255 for check of service 'PING' on host 'db1-vm1' was out of bounds.
[1566741454] SERVICE NOTIFICATION: nagiosadmin;pservercluster1;CPU_Procs;CRITICAL;notify-service-by-email;CPU CRITICAL: 2 crit, 3 warn out of 320 processes
[1566741812] Warning: Return code of 255 for check of service 'PING' on host 'db1-vm1' was out of bounds.
[1566741813] Auto-save of retention data completed successfully.
[1566742412] SERVICE NOTIFICATION: nagiosadmin;rq-1;CPU Load;WARNING;notify-service-by-email;WARNING - load average: 16.70, 16.12, 15.71
[1566742413] SERVICE NOTIFICATION: nagiosadmin;rq-1;CPU_Procs;CRITICAL;notify-service-by-email;CPU CRITICAL: 1 crit, 0 warn out of 354 processes
[1566742413] Warning: Return code of 255 for check of service 'PING' on host 'db1-vm1' was out of bounds.
[1566742413] SERVICE NOTIFICATION: nagiosadmin;db1-vm1;PING;CRITICAL;notify-service-by-email;(Return code of 255 for service 'PING' on host 'db1-vm1' was out of bounds)
[1566743013] Warning: Return code of 255 for check of service 'PING' on host 'db1-vm1' was out of bounds.
[1566743014] SERVICE NOTIFICATION: nagiosadmin;rq-2;CPU_Procs;WARNING;notify-service-by-email;CPU WARNING: 1 warn out of 344 processes
[1566743613] Warning: Return code of 255 for check of service 'PING' on host 'db1-vm1' was out of bounds.
[1566743613] SERVICE NOTIFICATION: nagiosadmin;secondary-server;Current Users;WARNING;notify-service-by-email;USERS WARNING - 6 users currently logged in
[1566743615] SERVICE NOTIFICATION: nagiosadmin;pservercluster2;HDD_Root status;WARNING;notify-service-by-email;DISK WARNING - free space: / 7011 MB (13% inode=98%):
[1566743972] SERVICE ALERT: redis-1;CPU_Procs;WARNING;SOFT;1;CPU WARNING: 1 warn out of 402 processes
[1566744093] SERVICE ALERT: redis-1;CPU_Procs;OK;HARD;1;CPU OK: 402 processes
[1566744213] Warning: Return code of 255 for check of service 'PING' on host 'db1-vm1' was out of bounds.
[1566744453] SERVICE NOTIFICATION: nagiosadmin;sservercluster1;CPU_Procs;CRITICAL;notify-service-by-email;CPU CRITICAL: 2 crit, 1 warn out of 297 processes
[1566744813] Warning: Return code of 255 for check of service 'PING' on host 'db1-vm1' was out of bounds.
[1566745054] SERVICE NOTIFICATION: nagiosadmin;pservercluster1;CPU_Procs;CRITICAL;notify-service-by-email;CPU CRITICAL: 2 crit, 3 warn out of 321 processes
[1566745413] Auto-save of retention data completed successfully.
[1566745413] Warning: Return code of 255 for check of service 'PING' on host 'db1-vm1' was out of bounds.
[1566746012] SERVICE NOTIFICATION: nagiosadmin;rq-1;CPU Load;WARNING;notify-service-by-email;WARNING - load average: 15.91, 16.64, 16.14
[1566746013] Warning: Return code of 255 for check of service 'PING' on host 'db1-vm1' was out of bounds.
[1566746013] SERVICE NOTIFICATION: nagiosadmin;db1-vm1;PING;CRITICAL;notify-service-by-email;(Return code of 255 for service 'PING' on host 'db1-vm1' was out of bounds)
[1566746612] SERVICE NOTIFICATION: nagiosadmin;rq-1;CPU_Procs;CRITICAL;notify-service-by-email;CPU CRITICAL: 1 crit, 0 warn out of 355 processes
[1566746613] Warning: Return code of 255 for check of service 'PING' on host 'db1-vm1' was out of bounds.
[1566746615] SERVICE NOTIFICATION: nagiosadmin;rq-2;CPU_Procs;WARNING;notify-service-by-email;CPU WARNING: 1 warn out of 345 processes
[1566747213] Warning: Return code of 255 for check of service 'PING' on host 'db1-vm1' was out of bounds.
[1566747213] SERVICE NOTIFICATION: nagiosadmin;secondary-server;Current Users;WARNING;notify-service-by-email;USERS WARNING - 6 users currently logged in
[1566747215] SERVICE NOTIFICATION: nagiosadmin;pservercluster2;HDD_Root status;WARNING;notify-service-by-email;DISK WARNING - free space: / 7011 MB (13% inode=98%):
[1566747813] Warning: Return code of 255 for check of service 'PING' on host 'db1-vm1' was out of bounds.
[1566748053] SERVICE NOTIFICATION: nagiosadmin;sservercluster1;CPU_Procs;CRITICAL;notify-service-by-email;CPU CRITICAL: 2 crit, 1 warn out of 296 processes
[1566748413] Warning: Return code of 255 for check of service 'PING' on host 'db1-vm1' was out of bounds.
[1566748654] SERVICE NOTIFICATION: nagiosadmin;pservercluster1;CPU_Procs;CRITICAL;notify-service-by-email;CPU CRITICAL: 2 crit, 3 warn out of 320 processes
[1566748656] SERVICE ALERT: sservercluster1;Memory;WARNING;SOFT;1;WARNING - 20.0% (4892100 kB) free!
[1566748777] SERVICE ALERT: sservercluster1;Memory;WARNING;SOFT;2;WARNING - 19.9% (4883608 kB) free!
[1566748897] SERVICE NOTIFICATION: nagiosadmin;sservercluster1;Memory;WARNING;notify-service-by-email;WARNING - 19.9% (4874616 kB) free!
[1566748897] SERVICE ALERT: sservercluster1;Memory;WARNING;HARD;3;WARNING - 19.9% (4874616 kB) free!
[1566749013] Auto-save of retention data completed successfully.
[1566749013] Warning: Return code of 255 for check of service 'PING' on host 'db1-vm1' was out of bounds.
[1566749612] SERVICE NOTIFICATION: nagiosadmin;rq-1;CPU Load;WARNING;notify-service-by-email;WARNING - load average: 15.85, 15.61, 15.43
[1566749613] Warning: Return code of 255 for check of service 'PING' on host 'db1-vm1' was out of bounds.
[1566749613] SERVICE NOTIFICATION: nagiosadmin;db1-vm1;PING;CRITICAL;notify-service-by-email;(Return code of 255 for service 'PING' on host 'db1-vm1' was out of bounds)
[1566750212] SERVICE NOTIFICATION: nagiosadmin;rq-1;CPU_Procs;CRITICAL;notify-service-by-email;CPU CRITICAL: 1 crit, 0 warn out of 357 processes
[1566750213] Warning: Return code of 255 for check of service 'PING' on host 'db1-vm1' was out of bounds.
[1566750813] Warning: Return code of 255 for check of service 'PING' on host 'db1-vm1' was out of bounds.
[1566750814] SERVICE NOTIFICATION: nagiosadmin;secondary-server;Current Users;WARNING;notify-service-by-email;USERS WARNING - 6 users currently logged in
[1566750814] SERVICE NOTIFICATION: nagiosadmin;rq-2;CPU_Procs;WARNING;notify-service-by-email;CPU WARNING: 1 warn out of 347 processes
[1566750815] SERVICE NOTIFICATION: nagiosadmin;pservercluster2;HDD_Root status;WARNING;notify-service-by-email;DISK WARNING - free space: / 7011 MB (13% inode=98%):
[1566751413] Warning: Return code of 255 for check of service 'PING' on host 'db1-vm1' was out of bounds.
[1566751653] SERVICE NOTIFICATION: nagiosadmin;sservercluster1;CPU_Procs;CRITICAL;notify-service-by-email;CPU CRITICAL: 2 crit, 1 warn out of 297 processes
[1566752013] Warning: Return code of 255 for check of service 'PING' on host 'db1-vm1' was out of bounds.
[1566752254] SERVICE NOTIFICATION: nagiosadmin;pservercluster1;CPU_Procs;CRITICAL;notify-service-by-email;CPU CRITICAL: 1 crit, 4 warn out of 321 processes
[1566752497] SERVICE NOTIFICATION: nagiosadmin;sservercluster1;Memory;WARNING;notify-service-by-email;WARNING - 18.2% (4450252 kB) free!
[1566752613] Auto-save of retention data completed successfully.
[1566752613] Warning: Return code of 255 for check of service 'PING' on host 'db1-vm1' was out of bounds.
[1566753212] SERVICE NOTIFICATION: nagiosadmin;rq-1;CPU Load;WARNING;notify-service-by-email;WARNING - load average: 16.12, 15.23, 15.36
[1566753213] Warning: Return code of 255 for check of service 'PING' on host 'db1-vm1' was out of bounds.
[1566753213] SERVICE NOTIFICATION: nagiosadmin;db1-vm1;PING;CRITICAL;notify-service-by-email;(Return code of 255 for service 'PING' on host 'db1-vm1' was out of bounds)
[1566753812] SERVICE NOTIFICATION: nagiosadmin;rq-1;CPU_Procs;CRITICAL;notify-service-by-email;CPU CRITICAL: 1 crit, 0 warn out of 358 processes
[1566753813] Warning: Return code of 255 for check of service 'PING' on host 'db1-vm1' was out of bounds.
[1566754413] Warning: Return code of 255 for check of service 'PING' on host 'db1-vm1' was out of bounds.
[1566754414] SERVICE NOTIFICATION: nagiosadmin;rq-2;CPU_Procs;WARNING;notify-service-by-email;CPU WARNING: 1 warn out of 347 processes
[1566754415] SERVICE NOTIFICATION: nagiosadmin;pservercluster2;HDD_Root status;WARNING;notify-service-by-email;DISK WARNING - free space: / 7011 MB (13% inode=98%):
[1566755013] SERVICE NOTIFICATION: nagiosadmin;secondary-server;Current Users;WARNING;notify-service-by-email;USERS WARNING - 6 users currently logged in
[1566755013] Warning: Return code of 255 for check of service 'PING' on host 'db1-vm1' was out of bounds.
[1566755253] SERVICE NOTIFICATION: nagiosadmin;sservercluster1;CPU_Procs;CRITICAL;notify-service-by-email;CPU CRITICAL: 2 crit, 1 warn out of 296 processes
[1566755613] Warning: Return code of 255 for check of service 'PING' on host 'db1-vm1' was out of bounds.
[1566755854] SERVICE NOTIFICATION: nagiosadmin;pservercluster1;CPU_Procs;CRITICAL;notify-service-by-email;CPU CRITICAL: 1 crit, 4 warn out of 322 processes
[1566756098] SERVICE NOTIFICATION: nagiosadmin;sservercluster1;Memory;WARNING;notify-service-by-email;WARNING - 16.6% (4057868 kB) free!
[1566756213] Auto-save of retention data completed successfully.
[1566756213] Warning: Return code of 255 for check of service 'PING' on host 'db1-vm1' was out of bounds.
[1566756812] SERVICE NOTIFICATION: nagiosadmin;rq-1;CPU Load;WARNING;notify-service-by-email;WARNING - load average: 17.06, 15.99, 15.91
[1566756813] Warning: Return code of 255 for check of service 'PING' on host 'db1-vm1' was out of bounds.
[1566756813] SERVICE NOTIFICATION: nagiosadmin;db1-vm1;PING;CRITICAL;notify-service-by-email;(Return code of 255 for service 'PING' on host 'db1-vm1' was out of bounds)
[1566757412] SERVICE NOTIFICATION: nagiosadmin;rq-1;CPU_Procs;CRITICAL;notify-service-by-email;CPU CRITICAL: 1 crit, 0 warn out of 353 processes
[1566757413] Warning: Return code of 255 for check of service 'PING' on host 'db1-vm1' was out of bounds.
