[1548527400] LOG ROTATION: DAILY
[1548527400] LOG VERSION: 2.0
[1548527400] CURRENT HOST STATE: db1;UP;HARD;1;PING OK - Packet loss = 0%, RTA = 0.47 ms
[1548527400] CURRENT HOST STATE: db2;UP;HARD;1;PING OK - Packet loss = 0%, RTA = 0.35 ms
[1548527400] CURRENT HOST STATE: primary-server;UP;HARD;1;PING OK - Packet loss = 0%, RTA = 0.46 ms
[1548527400] CURRENT HOST STATE: pservercluster1;UP;HARD;1;PING OK - Packet loss = 0%, RTA = 0.47 ms
[1548527400] CURRENT HOST STATE: pservercluster2;UP;HARD;1;PING OK - Packet loss = 0%, RTA = 0.38 ms
[1548527400] CURRENT HOST STATE: qservercluster1;UP;HARD;1;PING OK - Packet loss = 0%, RTA = 0.30 ms
[1548527400] CURRENT HOST STATE: qservercluster2;UP;HARD;1;PING OK - Packet loss = 0%, RTA = 0.22 ms
[1548527400] CURRENT HOST STATE: secondary-server;UP;HARD;1;PING OK - Packet loss = 0%, RTA = 0.36 ms
[1548527400] CURRENT HOST STATE: sig1;UP;HARD;1;PING OK - Packet loss = 0%, RTA = 0.45 ms
[1548527400] CURRENT HOST STATE: sig2;UP;HARD;1;PING OK - Packet loss = 0%, RTA = 0.46 ms
[1548527400] CURRENT HOST STATE: sig3;UP;HARD;1;PING OK - Packet loss = 0%, RTA = 0.40 ms
[1548527400] CURRENT HOST STATE: sig4;UP;HARD;1;PING OK - Packet loss = 0%, RTA = 0.43 ms
[1548527400] CURRENT HOST STATE: sig5;UP;HARD;1;PING OK - Packet loss = 0%, RTA = 0.41 ms
[1548527400] CURRENT HOST STATE: sig6;UP;HARD;1;PING OK - Packet loss = 0%, RTA = 0.43 ms
[1548527400] CURRENT HOST STATE: sigqscluster1;UP;HARD;1;PING OK - Packet loss = 0%, RTA = 0.33 ms
[1548527400] CURRENT HOST STATE: sigqscluster2;UP;HARD;1;PING OK - Packet loss = 0%, RTA = 0.31 ms
[1548527400] CURRENT HOST STATE: smscapp1;UP;HARD;1;PING OK - Packet loss = 0%, RTA = 0.29 ms
[1548527400] CURRENT HOST STATE: smscapp2;UP;HARD;1;PING OK - Packet loss = 0%, RTA = 0.29 ms
[1548527400] CURRENT HOST STATE: sservercluster1;UP;HARD;1;PING OK - Packet loss = 0%, RTA = 0.41 ms
[1548527400] CURRENT HOST STATE: sservercluster2;UP;HARD;1;PING OK - Packet loss = 0%, RTA = 0.43 ms
[1548527400] CURRENT HOST STATE: webserver1;UP;HARD;1;PING OK - Packet loss = 0%, RTA = 0.50 ms
[1548527400] CURRENT HOST STATE: webserver2;UP;HARD;1;PING OK - Packet loss = 0%, RTA = 0.08 ms
[1548527400] CURRENT HOST STATE: webservercluster1;UP;HARD;1;PING OK - Packet loss = 0%, RTA = 0.46 ms
[1548527400] CURRENT HOST STATE: webservercluster2;UP;HARD;1;PING OK - Packet loss = 0%, RTA = 0.43 ms
[1548527400] CURRENT SERVICE STATE: db1;CPU Load;OK;HARD;1;OK - load average: 0.00, 0.01, 0.05
[1548527400] CURRENT SERVICE STATE: db1;CPU_Procs;OK;HARD;1;CPU OK: 325 processes
[1548527400] CURRENT SERVICE STATE: db1;Current Users;OK;HARD;1;USERS OK - 3 users currently logged in
[1548527400] CURRENT SERVICE STATE: db1;HDD_Home status;OK;HARD;1;DISK OK - free space: /home 170410 MB (81% inode=99%):
[1548527400] CURRENT SERVICE STATE: db1;HDD_Root status;WARNING;HARD;3;DISK WARNING - free space: / 6585 MB (12% inode=99%):
[1548527400] CURRENT SERVICE STATE: db1;LocalService-NTPD SERVICE;OK;HARD;1;PROCS OK: 1 process with command name 'ntpd'
[1548527400] CURRENT SERVICE STATE: db1;Mariadb status;OK;HARD;1;PROCS OK: 1 process with command name 'mysqld'
[1548527400] CURRENT SERVICE STATE: db1;Memory;OK;HARD;1;OK - 46.8% (23074440 kB) free.
[1548527400] CURRENT SERVICE STATE: db1;Sensors Status;OK;HARD;1;SENSORS OK
[1548527400] CURRENT SERVICE STATE: db1;Total Processes;OK;HARD;1;PROCS OK: 325 processes
[1548527400] CURRENT SERVICE STATE: db2;CPU Load;OK;HARD;1;OK - load average: 0.08, 0.03, 0.05
[1548527400] CURRENT SERVICE STATE: db2;CPU_Procs;OK;HARD;1;CPU OK: 326 processes
[1548527400] CURRENT SERVICE STATE: db2;Current Users;OK;HARD;1;USERS OK - 2 users currently logged in
[1548527400] CURRENT SERVICE STATE: db2;HDD_Home status;OK;HARD;1;DISK OK - free space: /home 127449 MB (56% inode=99%):
[1548527400] CURRENT SERVICE STATE: db2;HDD_Root status;WARNING;HARD;3;DISK WARNING - free space: / 9496 MB (18% inode=98%):
[1548527400] CURRENT SERVICE STATE: db2;LocalService-NTPD SERVICE;OK;HARD;1;PROCS OK: 1 process with command name 'ntpd'
[1548527400] CURRENT SERVICE STATE: db2;Mariadb status;OK;HARD;1;PROCS OK: 1 process with command name 'mysqld'
[1548527400] CURRENT SERVICE STATE: db2;Memory;OK;HARD;1;OK - 46.0% (22679788 kB) free.
[1548527400] CURRENT SERVICE STATE: db2;Sensors Status;OK;HARD;1;SENSORS OK
[1548527400] CURRENT SERVICE STATE: db2;Total Processes;OK;HARD;1;PROCS OK: 326 processes
[1548527400] CURRENT SERVICE STATE: primary-server;CPU Load;OK;HARD;1;OK - load average: 0.99, 0.87, 0.53
[1548527400] CURRENT SERVICE STATE: primary-server;CPU_Procs;OK;HARD;1;CPU OK: 347 processes
[1548527400] CURRENT SERVICE STATE: primary-server;Current Users;OK;HARD;1;USERS OK - 2 users currently logged in
[1548527400] CURRENT SERVICE STATE: primary-server;HDD_Home status;OK;HARD;1;DISK OK - free space: /home 224687 MB (99% inode=99%):
[1548527400] CURRENT SERVICE STATE: primary-server;HDD_Root status;OK;HARD;1;DISK OK - free space: / 41265 MB (80% inode=99%):
[1548527400] CURRENT SERVICE STATE: primary-server;LocalService-NTPD SERVICE;OK;HARD;1;PROCS OK: 1 process with command name 'ntpd'
[1548527400] CURRENT SERVICE STATE: primary-server;Memory;OK;HARD;1;OK - 69.7% (17092080 kB) free.
[1548527400] CURRENT SERVICE STATE: primary-server;Nginx Status;OK;HARD;1;NGINX OK -  0.085 sec. response time, Active: 0 (Writing: 0 Reading: 0 Waiting: 0) ReqPerSec: 0.000 ConnPerSec: 0.000 ReqPerConn: 0.000
[1548527400] CURRENT SERVICE STATE: primary-server;Sensors Status;OK;HARD;1;SENSORS OK
[1548527400] CURRENT SERVICE STATE: primary-server;Total Processes;OK;HARD;1;PROCS OK: 345 processes
[1548527400] CURRENT SERVICE STATE: pservercluster1;CPU Load;OK;HARD;1;OK - load average: 0.01, 0.02, 0.05
[1548527400] CURRENT SERVICE STATE: pservercluster1;CPU_Procs;OK;HARD;1;CPU OK: 303 processes
[1548527400] CURRENT SERVICE STATE: pservercluster1;Current Users;OK;HARD;1;USERS OK - 2 users currently logged in
[1548527400] CURRENT SERVICE STATE: pservercluster1;HDD_Home status;OK;HARD;1;DISK OK - free space: /home 220675 MB (99% inode=99%):
[1548527400] CURRENT SERVICE STATE: pservercluster1;HDD_Root status;OK;HARD;1;DISK OK - free space: / 41735 MB (81% inode=99%):
[1548527400] CURRENT SERVICE STATE: pservercluster1;LocalService-NTPD SERVICE;OK;HARD;1;PROCS OK: 1 process with command name 'ntpd'
[1548527400] CURRENT SERVICE STATE: pservercluster1;Memory;OK;HARD;1;OK - 95.3% (23518316 kB) free.
[1548527400] CURRENT SERVICE STATE: pservercluster1;Sensors Status;OK;HARD;1;SENSORS OK
[1548527400] CURRENT SERVICE STATE: pservercluster1;Total Processes;OK;HARD;1;PROCS OK: 303 processes
[1548527400] CURRENT SERVICE STATE: pservercluster2;CPU Load;OK;HARD;1;OK - load average: 1.35, 1.26, 1.24
[1548527400] CURRENT SERVICE STATE: pservercluster2;CPU_Procs;CRITICAL;HARD;3;CPU CRITICAL: 1 crit, 3 warn out of 344 processes
[1548527400] CURRENT SERVICE STATE: pservercluster2;Current Users;OK;HARD;1;USERS OK - 4 users currently logged in
[1548527400] CURRENT SERVICE STATE: pservercluster2;HDD_Home status;OK;HARD;1;DISK OK - free space: /home 51361 MB (22% inode=99%):
[1548527400] CURRENT SERVICE STATE: pservercluster2;HDD_Root status;WARNING;HARD;3;DISK WARNING - free space: / 8080 MB (15% inode=98%):
[1548527400] CURRENT SERVICE STATE: pservercluster2;LocalService-NTPD SERVICE;OK;HARD;1;PROCS OK: 1 process with command name 'ntpd'
[1548527400] CURRENT SERVICE STATE: pservercluster2;Memory;CRITICAL;HARD;3;CRITICAL - 0.8% (208052 kB) free!
[1548527400] CURRENT SERVICE STATE: pservercluster2;Sensors Status;OK;HARD;1;SENSORS OK
[1548527400] CURRENT SERVICE STATE: pservercluster2;Total Processes;OK;HARD;1;PROCS OK: 344 processes
[1548527400] CURRENT SERVICE STATE: qservercluster1;CPU Load;OK;HARD;1;OK - load average: 9.03, 8.91, 8.95
[1548527400] CURRENT SERVICE STATE: qservercluster1;CPU_Procs;CRITICAL;HARD;3;CPU CRITICAL: 1 crit, 0 warn out of 295 processes
[1548527400] CURRENT SERVICE STATE: qservercluster1;Current Users;OK;HARD;1;USERS OK - 0 users currently logged in
[1548527400] CURRENT SERVICE STATE: qservercluster1;HDD_Home status;OK;HARD;1;DISK OK - free space: /home 224641 MB (99% inode=99%):
[1548527400] CURRENT SERVICE STATE: qservercluster1;HDD_Root status;OK;HARD;1;DISK OK - free space: / 41212 MB (80% inode=99%):
[1548527400] CURRENT SERVICE STATE: qservercluster1;LocalService-NTPD SERVICE;OK;HARD;1;PROCS OK: 1 process with command name 'ntpd'
[1548527400] CURRENT SERVICE STATE: qservercluster1;Memory;OK;HARD;1;OK - 88.9% (43782336 kB) free.
[1548527400] CURRENT SERVICE STATE: qservercluster1;Sensors Status;OK;HARD;1;SENSORS OK
[1548527400] CURRENT SERVICE STATE: qservercluster1;Total Processes;OK;HARD;1;PROCS OK: 298 processes
[1548527400] CURRENT SERVICE STATE: qservercluster2;CPU Load;OK;HARD;1;OK - load average: 4.13, 4.28, 4.34
[1548527400] CURRENT SERVICE STATE: qservercluster2;CPU_Procs;CRITICAL;HARD;3;CPU CRITICAL: 1 crit, 0 warn out of 309 processes
[1548527400] CURRENT SERVICE STATE: qservercluster2;Current Users;OK;HARD;1;USERS OK - 0 users currently logged in
[1548527400] CURRENT SERVICE STATE: qservercluster2;HDD_Home status;OK;HARD;1;DISK OK - free space: /home 224577 MB (99% inode=99%):
[1548527400] CURRENT SERVICE STATE: qservercluster2;HDD_Root status;OK;HARD;1;DISK OK - free space: / 40161 MB (78% inode=98%):
[1548527400] CURRENT SERVICE STATE: qservercluster2;LocalService-NTPD SERVICE;OK;HARD;1;PROCS OK: 1 process with command name 'ntpd'
[1548527400] CURRENT SERVICE STATE: qservercluster2;Memory;OK;HARD;1;OK - 95.0% (46837488 kB) free.
[1548527400] CURRENT SERVICE STATE: qservercluster2;Sensors Status;OK;HARD;1;SENSORS OK
[1548527400] CURRENT SERVICE STATE: qservercluster2;Total Processes;OK;HARD;1;PROCS OK: 303 processes
[1548527400] CURRENT SERVICE STATE: secondary-server;CPU Load;OK;HARD;1;OK - load average: 0.00, 0.01, 0.05
[1548527400] CURRENT SERVICE STATE: secondary-server;CPU_Procs;OK;HARD;1;CPU OK: 341 processes
[1548527400] CURRENT SERVICE STATE: secondary-server;Current Users;OK;HARD;1;USERS OK - 2 users currently logged in
[1548527400] CURRENT SERVICE STATE: secondary-server;HDD_Home status;OK;HARD;1;DISK OK - free space: /home 224704 MB (99% inode=99%):
[1548527400] CURRENT SERVICE STATE: secondary-server;HDD_Root status;OK;HARD;1;DISK OK - free space: / 41196 MB (80% inode=99%):
[1548527400] CURRENT SERVICE STATE: secondary-server;LocalService-NTPD SERVICE;OK;HARD;1;PROCS OK: 1 process with command name 'ntpd'
[1548527400] CURRENT SERVICE STATE: secondary-server;Memory Status;OK;HARD;1;OK - 70.3% (17224844 kB) free.
[1548527400] CURRENT SERVICE STATE: secondary-server;Nginx Status;OK;HARD;1;NGINX OK -  0.083 sec. response time, Active: 0 (Writing: 0 Reading: 0 Waiting: 0) ReqPerSec: 0.000 ConnPerSec: 0.000 ReqPerConn: 0.000
[1548527400] CURRENT SERVICE STATE: secondary-server;Sensors Status;OK;HARD;1;SENSORS OK
[1548527400] CURRENT SERVICE STATE: secondary-server;Total Processes;OK;HARD;1;PROCS OK: 341 processes
[1548527400] CURRENT SERVICE STATE: sig1;CPU Load;OK;HARD;1;OK - load average: 0.00, 0.01, 0.05
[1548527400] CURRENT SERVICE STATE: sig1;CPU_Procs;OK;HARD;1;CPU OK: 312 processes
[1548527400] CURRENT SERVICE STATE: sig1;Current Users;OK;HARD;1;USERS OK - 0 users currently logged in
[1548527400] CURRENT SERVICE STATE: sig1;HDD_Home status;OK;HARD;1;DISK OK - free space: /home 190239 MB (84% inode=99%):
[1548527400] CURRENT SERVICE STATE: sig1;HDD_Root status;OK;HARD;1;DISK OK - free space: / 31223 MB (61% inode=98%):
[1548527400] CURRENT SERVICE STATE: sig1;LocalService-NTPD SERVICE;OK;HARD;1;PROCS OK: 1 process with command name 'ntpd'
[1548527400] CURRENT SERVICE STATE: sig1;Memory;OK;HARD;1;OK - 51.2% (8324120 kB) free.
[1548527400] CURRENT SERVICE STATE: sig1;Sensors Status;OK;HARD;1;SENSORS OK
[1548527400] CURRENT SERVICE STATE: sig1;Total Processes;OK;HARD;1;PROCS OK: 317 processes
[1548527400] CURRENT SERVICE STATE: sig2;CPU Load;OK;HARD;1;OK - load average: 0.03, 0.04, 0.05
[1548527400] CURRENT SERVICE STATE: sig2;CPU_Procs;OK;HARD;1;CPU OK: 316 processes
[1548527400] CURRENT SERVICE STATE: sig2;Current Users;OK;HARD;1;USERS OK - 0 users currently logged in
[1548527400] CURRENT SERVICE STATE: sig2;HDD_Home status;OK;HARD;1;DISK OK - free space: /home 110017 MB (48% inode=99%):
[1548527400] CURRENT SERVICE STATE: sig2;HDD_Root status;OK;HARD;1;DISK OK - free space: / 31220 MB (61% inode=98%):
[1548527400] CURRENT SERVICE STATE: sig2;LocalService-NTPD SERVICE;OK;HARD;1;PROCS OK: 1 process with command name 'ntpd'
[1548527400] CURRENT SERVICE STATE: sig2;Memory;OK;HARD;1;OK - 67.5% (10971356 kB) free.
[1548527400] CURRENT SERVICE STATE: sig2;Sensors Status;OK;HARD;1;SENSORS OK
[1548527400] CURRENT SERVICE STATE: sig2;Total Processes;OK;HARD;1;PROCS OK: 316 processes
[1548527400] CURRENT SERVICE STATE: sig3;CPU Load;OK;HARD;1;OK - load average: 0.00, 0.04, 0.26
[1548527400] CURRENT SERVICE STATE: sig3;CPU_Procs;OK;HARD;1;CPU OK: 346 processes
[1548527400] CURRENT SERVICE STATE: sig3;Current Users;OK;HARD;1;USERS OK - 1 users currently logged in
[1548527400] CURRENT SERVICE STATE: sig3;HDD_Home status;OK;HARD;1;DISK OK - free space: /home 212760 MB (94% inode=99%):
[1548527400] CURRENT SERVICE STATE: sig3;HDD_Root status;OK;HARD;1;DISK OK - free space: / 37843 MB (73% inode=98%):
[1548527400] CURRENT SERVICE STATE: sig3;LocalService-NTPD SERVICE;OK;HARD;1;PROCS OK: 1 process with command name 'ntpd'
[1548527400] CURRENT SERVICE STATE: sig3;Memory;OK;HARD;1;OK - 88.4% (14373276 kB) free.
[1548527400] CURRENT SERVICE STATE: sig3;Sensors Status;OK;HARD;1;SENSORS OK
[1548527400] CURRENT SERVICE STATE: sig3;Total Processes;OK;HARD;1;PROCS OK: 346 processes
[1548527400] CURRENT SERVICE STATE: sig4;CPU Load;OK;HARD;1;OK - load average: 0.00, 0.01, 0.05
[1548527400] CURRENT SERVICE STATE: sig4;CPU_Procs;OK;HARD;1;CPU OK: 302 processes
[1548527400] CURRENT SERVICE STATE: sig4;Current Users;OK;HARD;1;USERS OK - 0 users currently logged in
[1548527400] CURRENT SERVICE STATE: sig4;HDD_Home status;OK;HARD;1;DISK OK - free space: /home 216619 MB (96% inode=99%):
[1548527400] CURRENT SERVICE STATE: sig4;HDD_Root status;OK;HARD;1;DISK OK - free space: / 34703 MB (67% inode=98%):
[1548527400] CURRENT SERVICE STATE: sig4;LocalService-NTPD SERVICE;OK;HARD;1;PROCS OK: 1 process with command name 'ntpd'
[1548527400] CURRENT SERVICE STATE: sig4;Memory;OK;HARD;1;OK - 63.2% (10277168 kB) free.
[1548527400] CURRENT SERVICE STATE: sig4;Sensors Status;OK;HARD;1;SENSORS OK
[1548527400] CURRENT SERVICE STATE: sig4;Total Processes;OK;HARD;1;PROCS OK: 300 processes
[1548527400] CURRENT SERVICE STATE: sig5;CPU Load;OK;HARD;1;OK - load average: 0.00, 0.01, 0.05
[1548527400] CURRENT SERVICE STATE: sig5;CPU_Procs;OK;HARD;1;CPU OK: 298 processes
[1548527400] CURRENT SERVICE STATE: sig5;Current Users;OK;HARD;1;USERS OK - 0 users currently logged in
[1548527400] CURRENT SERVICE STATE: sig5;HDD_Home status;OK;HARD;1;DISK OK - free space: /home 221133 MB (98% inode=99%):
[1548527400] CURRENT SERVICE STATE: sig5;HDD_Root status;OK;HARD;1;DISK OK - free space: / 38297 MB (74% inode=98%):
[1548527400] CURRENT SERVICE STATE: sig5;LocalService-NTPD SERVICE;OK;HARD;1;PROCS OK: 1 process with command name 'ntpd'
[1548527400] CURRENT SERVICE STATE: sig5;Memory;OK;HARD;1;OK - 89.5% (14538820 kB) free.
[1548527400] CURRENT SERVICE STATE: sig5;Sensors Status;OK;HARD;1;SENSORS OK
[1548527400] CURRENT SERVICE STATE: sig5;Total Processes;OK;HARD;1;PROCS OK: 299 processes
[1548527400] CURRENT SERVICE STATE: sig6;CPU Load;OK;HARD;1;OK - load average: 0.97, 0.84, 0.55
[1548527400] CURRENT SERVICE STATE: sig6;CPU_Procs;OK;HARD;1;CPU OK: 341 processes
[1548527400] CURRENT SERVICE STATE: sig6;Current Users;OK;HARD;1;USERS OK - 1 users currently logged in
[1548527400] CURRENT SERVICE STATE: sig6;HDD_Home status;OK;HARD;1;DISK OK - free space: /home 212988 MB (94% inode=99%):
[1548527400] CURRENT SERVICE STATE: sig6;HDD_Root status;OK;HARD;1;DISK OK - free space: / 27104 MB (52% inode=98%):
[1548527400] CURRENT SERVICE STATE: sig6;LocalService-NTPD SERVICE;OK;HARD;1;PROCS OK: 1 process with command name 'ntpd'
[1548527400] CURRENT SERVICE STATE: sig6;Memory;OK;HARD;1;OK - 88.9% (14441836 kB) free.
[1548527400] CURRENT SERVICE STATE: sig6;Sensors Status;OK;HARD;1;SENSORS OK
[1548527400] CURRENT SERVICE STATE: sig6;Total Processes;OK;HARD;1;PROCS OK: 342 processes
[1548527400] CURRENT SERVICE STATE: sigqscluster1;CPU Load;OK;HARD;1;OK - load average: 0.28, 0.25, 0.40
[1548527400] CURRENT SERVICE STATE: sigqscluster1;CPU_Procs;CRITICAL;HARD;3;CPU CRITICAL: 1 crit, 0 warn out of 338 processes
[1548527400] CURRENT SERVICE STATE: sigqscluster1;Current Users;OK;HARD;1;USERS OK - 2 users currently logged in
[1548527400] CURRENT SERVICE STATE: sigqscluster1;HDD_Home status;OK;HARD;1;DISK OK - free space: /home 224579 MB (99% inode=99%):
[1548527400] CURRENT SERVICE STATE: sigqscluster1;HDD_Root status;OK;HARD;1;DISK OK - free space: / 41154 MB (80% inode=99%):
[1548527400] CURRENT SERVICE STATE: sigqscluster1;LocalService-NTPD SERVICE;OK;HARD;1;PROCS OK: 1 process with command name 'ntpd'
[1548527400] CURRENT SERVICE STATE: sigqscluster1;Memory;OK;HARD;1;OK - 89.7% (44188624 kB) free.
[1548527400] CURRENT SERVICE STATE: sigqscluster1;Sensors Status;OK;HARD;1;SENSORS OK
[1548527400] CURRENT SERVICE STATE: sigqscluster1;Total Processes;OK;HARD;1;PROCS OK: 336 processes
[1548527400] CURRENT SERVICE STATE: sigqscluster2;CPU Load;OK;HARD;1;OK - load average: 1.03, 0.95, 1.03
[1548527400] CURRENT SERVICE STATE: sigqscluster2;CPU_Procs;CRITICAL;HARD;3;CPU CRITICAL: 1 crit, 0 warn out of 336 processes
[1548527400] CURRENT SERVICE STATE: sigqscluster2;Current Users;OK;HARD;1;USERS OK - 2 users currently logged in
[1548527400] CURRENT SERVICE STATE: sigqscluster2;HDD_Home status;OK;HARD;1;DISK OK - free space: /home 224577 MB (99% inode=99%):
[1548527400] CURRENT SERVICE STATE: sigqscluster2;HDD_Root status;OK;HARD;1;DISK OK - free space: / 41151 MB (80% inode=99%):
[1548527400] CURRENT SERVICE STATE: sigqscluster2;LocalService-NTPD SERVICE;OK;HARD;1;PROCS OK: 1 process with command name 'ntpd'
[1548527400] CURRENT SERVICE STATE: sigqscluster2;Memory;OK;HARD;1;OK - 90.2% (44430852 kB) free.
[1548527400] CURRENT SERVICE STATE: sigqscluster2;Sensors Status;OK;HARD;1;SENSORS OK
[1548527400] CURRENT SERVICE STATE: sigqscluster2;Total Processes;OK;HARD;1;PROCS OK: 335 processes
[1548527400] CURRENT SERVICE STATE: smscapp1;CPU Load;OK;HARD;1;OK - load average: 1.68, 1.65, 1.54
[1548527400] CURRENT SERVICE STATE: smscapp1;CPU_Procs;CRITICAL;HARD;3;CPU CRITICAL: 1 crit, 0 warn out of 307 processes
[1548527400] CURRENT SERVICE STATE: smscapp1;Current Users;OK;HARD;1;USERS OK - 0 users currently logged in
[1548527400] CURRENT SERVICE STATE: smscapp1;HDD_Home status;CRITICAL;HARD;3;DISK CRITICAL - free space: /home 19004 MB (8% inode=99%):
[1548527400] CURRENT SERVICE STATE: smscapp1;HDD_Root status;OK;HARD;1;DISK OK - free space: / 39149 MB (76% inode=98%):
[1548527400] CURRENT SERVICE STATE: smscapp1;LocalService-NTPD SERVICE;OK;HARD;1;PROCS OK: 1 process with command name 'ntpd'
[1548527400] CURRENT SERVICE STATE: smscapp1;Memory;CRITICAL;HARD;3;CRITICAL - 1.1% (174264 kB) free!
[1548527400] CURRENT SERVICE STATE: smscapp1;Sensors Status;OK;HARD;1;SENSORS OK
[1548527400] CURRENT SERVICE STATE: smscapp1;Total Processes;OK;HARD;1;PROCS OK: 305 processes
[1548527400] CURRENT SERVICE STATE: smscapp2;CPU Load;OK;HARD;1;OK - load average: 0.83, 0.88, 1.04
[1548527400] CURRENT SERVICE STATE: smscapp2;CPU_Procs;CRITICAL;HARD;3;CPU CRITICAL: 1 crit, 4 warn out of 336 processes
[1548527400] CURRENT SERVICE STATE: smscapp2;Current Users;OK;HARD;1;USERS OK - 2 users currently logged in
[1548527400] CURRENT SERVICE STATE: smscapp2;HDD_Home status;OK;HARD;1;DISK OK - free space: /home 67003 MB (29% inode=99%):
[1548527400] CURRENT SERVICE STATE: smscapp2;HDD_Root status;OK;HARD;1;DISK OK - free space: / 39006 MB (76% inode=98%):
[1548527400] CURRENT SERVICE STATE: smscapp2;LocalService-NTPD SERVICE;OK;HARD;1;PROCS OK: 1 process with command name 'ntpd'
[1548527400] CURRENT SERVICE STATE: smscapp2;Memory;OK;HARD;1;OK - 63.5% (10313036 kB) free.
[1548527400] CURRENT SERVICE STATE: smscapp2;Sensors Status;OK;HARD;1;SENSORS OK
[1548527400] CURRENT SERVICE STATE: smscapp2;Total Processes;OK;HARD;1;PROCS OK: 334 processes
[1548527400] CURRENT SERVICE STATE: sservercluster1;CPU Load;OK;HARD;1;OK - load average: 0.00, 0.01, 0.05
[1548527400] CURRENT SERVICE STATE: sservercluster1;CPU_Procs;OK;HARD;1;CPU OK: 299 processes
[1548527400] CURRENT SERVICE STATE: sservercluster1;Current Users;OK;HARD;1;USERS OK - 1 users currently logged in
[1548527400] CURRENT SERVICE STATE: sservercluster1;HDD_Home status;OK;HARD;1;DISK OK - free space: /home 220679 MB (99% inode=99%):
[1548527400] CURRENT SERVICE STATE: sservercluster1;HDD_Root status;OK;HARD;1;DISK OK - free space: / 41681 MB (81% inode=99%):
[1548527400] CURRENT SERVICE STATE: sservercluster1;LocalService-NTPD SERVICE;OK;HARD;1;PROCS OK: 1 process with command name 'ntpd'
[1548527400] CURRENT SERVICE STATE: sservercluster1;Memory;OK;HARD;1;OK - 95.1% (23310684 kB) free.
[1548527400] CURRENT SERVICE STATE: sservercluster1;Sensors Status;OK;HARD;1;SENSORS OK
[1548527400] CURRENT SERVICE STATE: sservercluster1;Total Processes;OK;HARD;1;PROCS OK: 300 processes
[1548527400] CURRENT SERVICE STATE: sservercluster2;CPU Load;OK;HARD;1;OK - load average: 0.00, 0.01, 0.05
[1548527400] CURRENT SERVICE STATE: sservercluster2;CPU_Procs;OK;HARD;1;CPU OK: 303 processes
[1548527400] CURRENT SERVICE STATE: sservercluster2;Current Users;OK;HARD;1;USERS OK - 1 users currently logged in
[1548527400] CURRENT SERVICE STATE: sservercluster2;HDD_Home status;OK;HARD;1;DISK OK - free space: /home 219756 MB (99% inode=99%):
[1548527400] CURRENT SERVICE STATE: sservercluster2;HDD_Root status;OK;HARD;1;DISK OK - free space: / 41242 MB (80% inode=99%):
[1548527400] CURRENT SERVICE STATE: sservercluster2;LocalService-NTPD SERVICE;OK;HARD;1;PROCS OK: 1 process with command name 'ntpd'
[1548527400] CURRENT SERVICE STATE: sservercluster2;Memory;OK;HARD;1;OK - 93.1% (22825828 kB) free.
[1548527400] CURRENT SERVICE STATE: sservercluster2;Sensors Status;OK;HARD;1;SENSORS OK
[1548527400] CURRENT SERVICE STATE: sservercluster2;Total Processes;OK;HARD;1;PROCS OK: 304 processes
[1548527400] CURRENT SERVICE STATE: webserver1;CPU Load;OK;HARD;1;OK - load average: 0.00, 0.01, 0.05
[1548527400] CURRENT SERVICE STATE: webserver1;CPU_Procs;OK;HARD;1;CPU OK: 318 processes
[1548527400] CURRENT SERVICE STATE: webserver1;Current Users;OK;HARD;1;USERS OK - 0 users currently logged in
[1548527400] CURRENT SERVICE STATE: webserver1;HDD_Home status;OK;HARD;1;DISK OK - free space: /home 224832 MB (99% inode=99%):
[1548527400] CURRENT SERVICE STATE: webserver1;HDD_Root status;OK;HARD;1;DISK OK - free space: / 40987 MB (80% inode=99%):
[1548527400] CURRENT SERVICE STATE: webserver1;LocalService-NTPD SERVICE;OK;HARD;1;PROCS OK: 1 process with command name 'ntpd'
[1548527400] CURRENT SERVICE STATE: webserver1;Memory;OK;HARD;1;OK - 92.8% (22722004 kB) free.
[1548527400] CURRENT SERVICE STATE: webserver1;Nginx_status;OK;HARD;1;NGINX OK -  0.085 sec. response time, Active: 0 (Writing: 0 Reading: 0 Waiting: 0) ReqPerSec: 0.000 ConnPerSec: 0.000 ReqPerConn: 0.000
[1548527400] CURRENT SERVICE STATE: webserver1;Sensors Status;OK;HARD;1;SENSORS OK
[1548527400] CURRENT SERVICE STATE: webserver1;Total Processes;OK;HARD;1;PROCS OK: 317 processes
[1548527400] CURRENT SERVICE STATE: webserver2;CPU_Procs;OK;HARD;1;CPU OK: 424 processes
[1548527400] CURRENT SERVICE STATE: webserver2;Current Load;OK;HARD;1;OK - load average: 0.88, 0.84, 0.61
[1548527400] CURRENT SERVICE STATE: webserver2;Current Users;OK;HARD;1;USERS OK - 10 users currently logged in
[1548527400] CURRENT SERVICE STATE: webserver2;HDD_Home status;OK;HARD;1;DISK OK - free space: /home 216636 MB (96.39% inode=100%):
[1548527400] CURRENT SERVICE STATE: webserver2;HTTP;OK;HARD;1;HTTP OK: HTTP/1.1 200 OK - 355 bytes in 0.001 second response time
[1548527400] CURRENT SERVICE STATE: webserver2;LocalService-NTPD SERVICE;OK;HARD;1;PROCS OK: 1 process with command name 'ntpd'
[1548527400] CURRENT SERVICE STATE: webserver2;Memory;OK;HARD;1;OK - 86.9% (21310036 kB) free.
[1548527400] CURRENT SERVICE STATE: webserver2;PING;OK;HARD;1;PING OK - Packet loss = 0%, RTA = 0.08 ms
[1548527400] CURRENT SERVICE STATE: webserver2;Root Partition;OK;HARD;1;DISK OK - free space: / 36435 MB (71.19% inode=99%):
[1548527400] CURRENT SERVICE STATE: webserver2;SSH;OK;HARD;1;SSH OK - OpenSSH_7.4 (protocol 2.0)
[1548527400] CURRENT SERVICE STATE: webserver2;Sensors Status;OK;HARD;1;SENSORS OK
[1548527400] CURRENT SERVICE STATE: webserver2;Total Processes;OK;HARD;1;PROCS OK: 168 processes with STATE = RSZDT
[1548527400] CURRENT SERVICE STATE: webservercluster1;CPU Load;OK;HARD;1;OK - load average: 0.00, 0.01, 0.05
[1548527400] CURRENT SERVICE STATE: webservercluster1;CPU_Procs;OK;HARD;1;CPU OK: 300 processes
[1548527400] CURRENT SERVICE STATE: webservercluster1;Current Users;OK;HARD;1;USERS OK - 1 users currently logged in
[1548527400] CURRENT SERVICE STATE: webservercluster1;HDD_Home status;OK;HARD;1;DISK OK - free space: / 36310 MB (70% inode=99%):
[1548527400] CURRENT SERVICE STATE: webservercluster1;HDD_Root status;OK;HARD;1;DISK OK - free space: /home 219261 MB (97% inode=99%):
[1548527400] CURRENT SERVICE STATE: webservercluster1;LocalService-NTPD SERVICE;OK;HARD;1;PROCS OK: 1 process with command name 'ntpd'
[1548527400] CURRENT SERVICE STATE: webservercluster1;Memory;OK;HARD;1;OK - 65.1% (10580996 kB) free.
[1548527400] CURRENT SERVICE STATE: webservercluster1;Sensors Status;OK;HARD;1;SENSORS OK
[1548527400] CURRENT SERVICE STATE: webservercluster1;Total Processes;OK;HARD;1;PROCS OK: 296 processes
[1548527400] CURRENT SERVICE STATE: webservercluster2;CPU Load;OK;HARD;1;OK - load average: 0.28, 0.18, 0.15
[1548527400] CURRENT SERVICE STATE: webservercluster2;CPU_Procs;OK;HARD;1;CPU OK: 307 processes
[1548527400] CURRENT SERVICE STATE: webservercluster2;Current Users;OK;HARD;1;USERS OK - 5 users currently logged in
[1548527400] CURRENT SERVICE STATE: webservercluster2;HDD_Home status;OK;HARD;1;DISK OK - free space: /home 142769 MB (63% inode=99%):
[1548527400] CURRENT SERVICE STATE: webservercluster2;HDD_Root status;OK;HARD;1;DISK OK - free space: / 40921 MB (79% inode=99%):
[1548527400] CURRENT SERVICE STATE: webservercluster2;LocalService-NTPD SERVICE;OK;HARD;1;PROCS OK: 1 process with command name 'ntpd'
[1548527400] CURRENT SERVICE STATE: webservercluster2;Memory;WARNING;HARD;3;WARNING - 11.8% (1917720 kB) free!
[1548527400] CURRENT SERVICE STATE: webservercluster2;Sensors Status;OK;HARD;1;SENSORS OK
[1548527400] CURRENT SERVICE STATE: webservercluster2;Total Processes;OK;HARD;1;PROCS OK: 308 processes
[1548527410] SERVICE NOTIFICATION: nagiosadmin;sigqscluster2;CPU_Procs;CRITICAL;notify-service-by-email;CPU CRITICAL: 1 crit, 0 warn out of 335 processes
[1548527725] SERVICE NOTIFICATION: nagiosadmin;pservercluster2;Memory;CRITICAL;notify-service-by-email;CRITICAL - 0.8% (206672 kB) free!
[1548527810] SERVICE NOTIFICATION: nagiosadmin;db2;HDD_Root status;WARNING;notify-service-by-email;DISK WARNING - free space: / 9495 MB (18% inode=98%):
[1548528349] SERVICE NOTIFICATION: nagiosadmin;smscapp1;CPU_Procs;CRITICAL;notify-service-by-email;CPU CRITICAL: 1 crit, 0 warn out of 305 processes
[1548528357] SERVICE NOTIFICATION: nagiosadmin;sigqscluster1;CPU_Procs;CRITICAL;notify-service-by-email;CPU CRITICAL: 1 crit, 0 warn out of 337 processes
[1548528539] Auto-save of retention data completed successfully.
[1548528674] SERVICE NOTIFICATION: nagiosadmin;webservercluster2;Memory;CRITICAL;notify-service-by-email;CRITICAL - 10.0% (1625748 kB) free!
[1548528674] SERVICE ALERT: webservercluster2;Memory;CRITICAL;HARD;3;CRITICAL - 10.0% (1625748 kB) free!
[1548529095] SERVICE NOTIFICATION: nagiosadmin;pservercluster2;CPU_Procs;CRITICAL;notify-service-by-email;CPU CRITICAL: 1 crit, 3 warn out of 345 processes
[1548529612] SERVICE NOTIFICATION: nagiosadmin;smscapp1;Memory;CRITICAL;notify-service-by-email;CRITICAL - 1.1% (173744 kB) free!
[1548529637] SERVICE NOTIFICATION: nagiosadmin;pservercluster2;HDD_Root status;WARNING;notify-service-by-email;DISK WARNING - free space: / 8080 MB (15% inode=98%):
[1548529871] SERVICE NOTIFICATION: nagiosadmin;smscapp1;HDD_Home status;CRITICAL;notify-service-by-email;DISK CRITICAL - free space: /home 19004 MB (8% inode=99%):
[1548530271] SERVICE NOTIFICATION: nagiosadmin;db1;HDD_Root status;WARNING;notify-service-by-email;DISK WARNING - free space: / 6585 MB (12% inode=99%):
[1548530524] SERVICE NOTIFICATION: nagiosadmin;qservercluster1;CPU_Procs;CRITICAL;notify-service-by-email;CPU CRITICAL: 1 crit, 0 warn out of 299 processes
[1548530886] SERVICE NOTIFICATION: nagiosadmin;qservercluster2;CPU_Procs;CRITICAL;notify-service-by-email;CPU CRITICAL: 1 crit, 0 warn out of 304 processes
[1548530898] SERVICE NOTIFICATION: nagiosadmin;smscapp2;CPU_Procs;CRITICAL;notify-service-by-email;CPU CRITICAL: 1 crit, 4 warn out of 334 processes
[1548531011] SERVICE NOTIFICATION: nagiosadmin;sigqscluster2;CPU_Procs;CRITICAL;notify-service-by-email;CPU CRITICAL: 1 crit, 0 warn out of 335 processes
[1548531316] SERVICE ALERT: webservercluster2;Current Users;WARNING;SOFT;1;USERS WARNING - 7 users currently logged in
[1548531410] SERVICE NOTIFICATION: nagiosadmin;db2;HDD_Root status;WARNING;notify-service-by-email;DISK WARNING - free space: / 9495 MB (18% inode=98%):
[1548531436] SERVICE ALERT: webservercluster2;Current Users;WARNING;SOFT;2;USERS WARNING - 7 users currently logged in
[1548531556] SERVICE FLAPPING ALERT: webservercluster2;Current Users;STARTED; Service appears to have started flapping (20.3% change >= 20.0% threshold)
[1548531556] SERVICE ALERT: webservercluster2;Current Users;WARNING;HARD;3;USERS WARNING - 7 users currently logged in
[1548531924] SERVICE NOTIFICATION: nagiosadmin;pservercluster2;Memory;CRITICAL;notify-service-by-email;CRITICAL - 0.8% (205956 kB) free!
[1548531949] SERVICE NOTIFICATION: nagiosadmin;smscapp1;CPU_Procs;CRITICAL;notify-service-by-email;CPU CRITICAL: 1 crit, 0 warn out of 304 processes
[1548531957] SERVICE NOTIFICATION: nagiosadmin;sigqscluster1;CPU_Procs;CRITICAL;notify-service-by-email;CPU CRITICAL: 1 crit, 0 warn out of 335 processes
[1548532139] Auto-save of retention data completed successfully.
[1548532156] SERVICE ALERT: webservercluster2;Current Users;OK;HARD;1;USERS OK - 5 users currently logged in
[1548532274] SERVICE NOTIFICATION: nagiosadmin;webservercluster2;Memory;CRITICAL;notify-service-by-email;CRITICAL - 6.7% (1084044 kB) free!
[1548533212] SERVICE NOTIFICATION: nagiosadmin;smscapp1;Memory;CRITICAL;notify-service-by-email;CRITICAL - 1.1% (173048 kB) free!
[1548533237] SERVICE NOTIFICATION: nagiosadmin;pservercluster2;HDD_Root status;WARNING;notify-service-by-email;DISK WARNING - free space: / 8079 MB (15% inode=98%):
[1548533294] SERVICE NOTIFICATION: nagiosadmin;pservercluster2;CPU_Procs;CRITICAL;notify-service-by-email;CPU CRITICAL: 1 crit, 3 warn out of 342 processes
[1548533471] SERVICE NOTIFICATION: nagiosadmin;smscapp1;HDD_Home status;CRITICAL;notify-service-by-email;DISK CRITICAL - free space: /home 19004 MB (8% inode=99%):
[1548533871] SERVICE NOTIFICATION: nagiosadmin;db1;HDD_Root status;WARNING;notify-service-by-email;DISK WARNING - free space: / 6585 MB (12% inode=99%):
[1548534124] SERVICE NOTIFICATION: nagiosadmin;qservercluster1;CPU_Procs;CRITICAL;notify-service-by-email;CPU CRITICAL: 1 crit, 0 warn out of 296 processes
[1548534486] SERVICE NOTIFICATION: nagiosadmin;qservercluster2;CPU_Procs;CRITICAL;notify-service-by-email;CPU CRITICAL: 1 crit, 0 warn out of 305 processes
[1548534498] SERVICE NOTIFICATION: nagiosadmin;smscapp2;CPU_Procs;CRITICAL;notify-service-by-email;CPU CRITICAL: 1 crit, 4 warn out of 336 processes
[1548535010] SERVICE NOTIFICATION: nagiosadmin;db2;HDD_Root status;WARNING;notify-service-by-email;DISK WARNING - free space: / 9495 MB (18% inode=98%):
[1548535210] SERVICE NOTIFICATION: nagiosadmin;sigqscluster2;CPU_Procs;CRITICAL;notify-service-by-email;CPU CRITICAL: 1 crit, 0 warn out of 336 processes
[1548535525] SERVICE NOTIFICATION: nagiosadmin;pservercluster2;Memory;CRITICAL;notify-service-by-email;CRITICAL - 0.8% (204900 kB) free!
[1548535549] SERVICE NOTIFICATION: nagiosadmin;smscapp1;CPU_Procs;CRITICAL;notify-service-by-email;CPU CRITICAL: 1 crit, 0 warn out of 305 processes
[1548535557] SERVICE NOTIFICATION: nagiosadmin;sigqscluster1;CPU_Procs;CRITICAL;notify-service-by-email;CPU CRITICAL: 1 crit, 0 warn out of 336 processes
[1548535739] Auto-save of retention data completed successfully.
[1548535874] SERVICE NOTIFICATION: nagiosadmin;webservercluster2;Memory;CRITICAL;notify-service-by-email;CRITICAL - 3.4% (547480 kB) free!
[1548536812] SERVICE NOTIFICATION: nagiosadmin;smscapp1;Memory;CRITICAL;notify-service-by-email;CRITICAL - 1.1% (172776 kB) free!
[1548536837] SERVICE NOTIFICATION: nagiosadmin;pservercluster2;HDD_Root status;WARNING;notify-service-by-email;DISK WARNING - free space: / 8078 MB (15% inode=98%):
[1548536894] SERVICE NOTIFICATION: nagiosadmin;pservercluster2;CPU_Procs;CRITICAL;notify-service-by-email;CPU CRITICAL: 1 crit, 3 warn out of 341 processes
[1548537071] SERVICE NOTIFICATION: nagiosadmin;smscapp1;HDD_Home status;CRITICAL;notify-service-by-email;DISK CRITICAL - free space: /home 19004 MB (8% inode=99%):
[1548537471] SERVICE NOTIFICATION: nagiosadmin;db1;HDD_Root status;WARNING;notify-service-by-email;DISK WARNING - free space: / 6585 MB (12% inode=99%):
[1548537724] SERVICE NOTIFICATION: nagiosadmin;qservercluster1;CPU_Procs;CRITICAL;notify-service-by-email;CPU CRITICAL: 1 crit, 0 warn out of 296 processes
[1548538086] SERVICE NOTIFICATION: nagiosadmin;qservercluster2;CPU_Procs;CRITICAL;notify-service-by-email;CPU CRITICAL: 1 crit, 0 warn out of 305 processes
[1548538099] SERVICE NOTIFICATION: nagiosadmin;smscapp2;CPU_Procs;CRITICAL;notify-service-by-email;CPU CRITICAL: 1 crit, 4 warn out of 335 processes
[1548538610] SERVICE NOTIFICATION: nagiosadmin;db2;HDD_Root status;WARNING;notify-service-by-email;DISK WARNING - free space: / 9495 MB (18% inode=98%):
[1548538810] SERVICE NOTIFICATION: nagiosadmin;sigqscluster2;CPU_Procs;CRITICAL;notify-service-by-email;CPU CRITICAL: 1 crit, 0 warn out of 336 processes
[1548539149] SERVICE NOTIFICATION: nagiosadmin;smscapp1;CPU_Procs;CRITICAL;notify-service-by-email;CPU CRITICAL: 1 crit, 0 warn out of 306 processes
[1548539157] SERVICE NOTIFICATION: nagiosadmin;sigqscluster1;CPU_Procs;CRITICAL;notify-service-by-email;CPU CRITICAL: 1 crit, 0 warn out of 338 processes
[1548539339] Auto-save of retention data completed successfully.
[1548539474] SERVICE NOTIFICATION: nagiosadmin;webservercluster2;Memory;CRITICAL;notify-service-by-email;CRITICAL - 1.6% (255856 kB) free!
[1548539724] SERVICE NOTIFICATION: nagiosadmin;pservercluster2;Memory;CRITICAL;notify-service-by-email;CRITICAL - 0.8% (201848 kB) free!
[1548540412] SERVICE NOTIFICATION: nagiosadmin;smscapp1;Memory;CRITICAL;notify-service-by-email;CRITICAL - 1.1% (171704 kB) free!
[1548540437] SERVICE NOTIFICATION: nagiosadmin;pservercluster2;HDD_Root status;WARNING;notify-service-by-email;DISK WARNING - free space: / 8082 MB (15% inode=98%):
[1548540494] SERVICE NOTIFICATION: nagiosadmin;pservercluster2;CPU_Procs;CRITICAL;notify-service-by-email;CPU CRITICAL: 1 crit, 3 warn out of 340 processes
[1548540671] SERVICE NOTIFICATION: nagiosadmin;smscapp1;HDD_Home status;CRITICAL;notify-service-by-email;DISK CRITICAL - free space: /home 19004 MB (8% inode=99%):
[1548541071] SERVICE NOTIFICATION: nagiosadmin;db1;HDD_Root status;WARNING;notify-service-by-email;DISK WARNING - free space: / 6620 MB (12% inode=99%):
[1548541324] SERVICE NOTIFICATION: nagiosadmin;qservercluster1;CPU_Procs;CRITICAL;notify-service-by-email;CPU CRITICAL: 1 crit, 0 warn out of 297 processes
[1548541686] SERVICE NOTIFICATION: nagiosadmin;qservercluster2;CPU_Procs;CRITICAL;notify-service-by-email;CPU CRITICAL: 1 crit, 0 warn out of 306 processes
[1548542210] SERVICE NOTIFICATION: nagiosadmin;db2;HDD_Root status;WARNING;notify-service-by-email;DISK WARNING - free space: / 9499 MB (18% inode=98%):
[1548542299] SERVICE NOTIFICATION: nagiosadmin;smscapp2;CPU_Procs;CRITICAL;notify-service-by-email;CPU CRITICAL: 1 crit, 4 warn out of 332 processes
[1548542411] SERVICE NOTIFICATION: nagiosadmin;sigqscluster2;CPU_Procs;CRITICAL;notify-service-by-email;CPU CRITICAL: 1 crit, 0 warn out of 334 processes
[1548542749] SERVICE NOTIFICATION: nagiosadmin;smscapp1;CPU_Procs;CRITICAL;notify-service-by-email;CPU CRITICAL: 1 crit, 0 warn out of 305 processes
[1548542757] SERVICE NOTIFICATION: nagiosadmin;sigqscluster1;CPU_Procs;CRITICAL;notify-service-by-email;CPU CRITICAL: 1 crit, 0 warn out of 336 processes
[1548542939] Auto-save of retention data completed successfully.
[1548543074] SERVICE NOTIFICATION: nagiosadmin;webservercluster2;Memory;CRITICAL;notify-service-by-email;CRITICAL - 1.1% (171288 kB) free!
[1548543325] SERVICE NOTIFICATION: nagiosadmin;pservercluster2;Memory;CRITICAL;notify-service-by-email;CRITICAL - 0.8% (202788 kB) free!
[1548543556] SERVICE FLAPPING ALERT: webservercluster2;Current Users;STOPPED; Service appears to have stopped flapping (3.8% change < 5.0% threshold)
[1548543556] SERVICE NOTIFICATION: nagiosadmin;webservercluster2;Current Users;OK;notify-service-by-email;USERS OK - 5 users currently logged in
[1548544012] SERVICE NOTIFICATION: nagiosadmin;smscapp1;Memory;CRITICAL;notify-service-by-email;CRITICAL - 1.0% (170132 kB) free!
[1548544037] SERVICE NOTIFICATION: nagiosadmin;pservercluster2;HDD_Root status;WARNING;notify-service-by-email;DISK WARNING - free space: / 8082 MB (15% inode=98%):
[1548544094] SERVICE NOTIFICATION: nagiosadmin;pservercluster2;CPU_Procs;CRITICAL;notify-service-by-email;CPU CRITICAL: 1 crit, 3 warn out of 342 processes
[1548544271] SERVICE NOTIFICATION: nagiosadmin;smscapp1;HDD_Home status;CRITICAL;notify-service-by-email;DISK CRITICAL - free space: /home 19004 MB (8% inode=99%):
[1548544671] SERVICE NOTIFICATION: nagiosadmin;db1;HDD_Root status;WARNING;notify-service-by-email;DISK WARNING - free space: / 6620 MB (12% inode=99%):
[1548544924] SERVICE NOTIFICATION: nagiosadmin;qservercluster1;CPU_Procs;CRITICAL;notify-service-by-email;CPU CRITICAL: 1 crit, 0 warn out of 300 processes
[1548545286] SERVICE NOTIFICATION: nagiosadmin;qservercluster2;CPU_Procs;CRITICAL;notify-service-by-email;CPU CRITICAL: 1 crit, 0 warn out of 306 processes
[1548545810] SERVICE NOTIFICATION: nagiosadmin;db2;HDD_Root status;WARNING;notify-service-by-email;DISK WARNING - free space: / 9499 MB (18% inode=98%):
[1548546349] SERVICE NOTIFICATION: nagiosadmin;smscapp1;CPU_Procs;CRITICAL;notify-service-by-email;CPU CRITICAL: 1 crit, 0 warn out of 305 processes
[1548546357] SERVICE NOTIFICATION: nagiosadmin;sigqscluster1;CPU_Procs;CRITICAL;notify-service-by-email;CPU CRITICAL: 1 crit, 0 warn out of 335 processes
[1548546498] SERVICE NOTIFICATION: nagiosadmin;smscapp2;CPU_Procs;CRITICAL;notify-service-by-email;CPU CRITICAL: 1 crit, 4 warn out of 333 processes
[1548546539] Auto-save of retention data completed successfully.
[1548546610] SERVICE NOTIFICATION: nagiosadmin;sigqscluster2;CPU_Procs;CRITICAL;notify-service-by-email;CPU CRITICAL: 1 crit, 0 warn out of 336 processes
[1548546674] SERVICE NOTIFICATION: nagiosadmin;webservercluster2;Memory;CRITICAL;notify-service-by-email;CRITICAL - 1.0% (163196 kB) free!
[1548547524] SERVICE NOTIFICATION: nagiosadmin;pservercluster2;Memory;CRITICAL;notify-service-by-email;CRITICAL - 0.8% (200820 kB) free!
[1548547612] SERVICE NOTIFICATION: nagiosadmin;smscapp1;Memory;CRITICAL;notify-service-by-email;CRITICAL - 1.0% (170556 kB) free!
[1548547637] SERVICE NOTIFICATION: nagiosadmin;pservercluster2;HDD_Root status;WARNING;notify-service-by-email;DISK WARNING - free space: / 8082 MB (15% inode=98%):
[1548547695] SERVICE NOTIFICATION: nagiosadmin;pservercluster2;CPU_Procs;CRITICAL;notify-service-by-email;CPU CRITICAL: 1 crit, 3 warn out of 341 processes
[1548547871] SERVICE NOTIFICATION: nagiosadmin;smscapp1;HDD_Home status;CRITICAL;notify-service-by-email;DISK CRITICAL - free space: /home 19004 MB (8% inode=99%):
[1548548271] SERVICE NOTIFICATION: nagiosadmin;db1;HDD_Root status;WARNING;notify-service-by-email;DISK WARNING - free space: / 6620 MB (12% inode=99%):
[1548548524] SERVICE NOTIFICATION: nagiosadmin;qservercluster1;CPU_Procs;CRITICAL;notify-service-by-email;CPU CRITICAL: 1 crit, 0 warn out of 297 processes
[1548548886] SERVICE NOTIFICATION: nagiosadmin;qservercluster2;CPU_Procs;CRITICAL;notify-service-by-email;CPU CRITICAL: 1 crit, 0 warn out of 306 processes
[1548549410] SERVICE NOTIFICATION: nagiosadmin;db2;HDD_Root status;WARNING;notify-service-by-email;DISK WARNING - free space: / 9499 MB (18% inode=98%):
[1548549949] SERVICE NOTIFICATION: nagiosadmin;smscapp1;CPU_Procs;CRITICAL;notify-service-by-email;CPU CRITICAL: 1 crit, 0 warn out of 305 processes
[1548549957] SERVICE NOTIFICATION: nagiosadmin;sigqscluster1;CPU_Procs;CRITICAL;notify-service-by-email;CPU CRITICAL: 1 crit, 0 warn out of 336 processes
[1548550098] SERVICE NOTIFICATION: nagiosadmin;smscapp2;CPU_Procs;CRITICAL;notify-service-by-email;CPU CRITICAL: 1 crit, 4 warn out of 331 processes
[1548550139] Auto-save of retention data completed successfully.
[1548550210] SERVICE NOTIFICATION: nagiosadmin;sigqscluster2;CPU_Procs;CRITICAL;notify-service-by-email;CPU CRITICAL: 1 crit, 0 warn out of 335 processes
[1548550274] SERVICE NOTIFICATION: nagiosadmin;webservercluster2;Memory;CRITICAL;notify-service-by-email;CRITICAL - 1.0% (162976 kB) free!
[1548551124] SERVICE NOTIFICATION: nagiosadmin;pservercluster2;Memory;CRITICAL;notify-service-by-email;CRITICAL - 0.8% (197460 kB) free!
[1548551212] SERVICE NOTIFICATION: nagiosadmin;smscapp1;Memory;CRITICAL;notify-service-by-email;CRITICAL - 1.1% (171784 kB) free!
[1548551237] SERVICE NOTIFICATION: nagiosadmin;pservercluster2;HDD_Root status;WARNING;notify-service-by-email;DISK WARNING - free space: / 8082 MB (15% inode=98%):
[1548551295] SERVICE NOTIFICATION: nagiosadmin;pservercluster2;CPU_Procs;CRITICAL;notify-service-by-email;CPU CRITICAL: 1 crit, 3 warn out of 341 processes
[1548551471] SERVICE NOTIFICATION: nagiosadmin;smscapp1;HDD_Home status;CRITICAL;notify-service-by-email;DISK CRITICAL - free space: /home 19004 MB (8% inode=99%):
[1548551871] SERVICE NOTIFICATION: nagiosadmin;db1;HDD_Root status;WARNING;notify-service-by-email;DISK WARNING - free space: / 6620 MB (12% inode=99%):
[1548552124] SERVICE NOTIFICATION: nagiosadmin;qservercluster1;CPU_Procs;CRITICAL;notify-service-by-email;CPU CRITICAL: 1 crit, 0 warn out of 296 processes
[1548552486] SERVICE NOTIFICATION: nagiosadmin;qservercluster2;CPU_Procs;CRITICAL;notify-service-by-email;CPU CRITICAL: 1 crit, 0 warn out of 304 processes
[1548553010] SERVICE NOTIFICATION: nagiosadmin;db2;HDD_Root status;WARNING;notify-service-by-email;DISK WARNING - free space: / 9499 MB (18% inode=98%):
[1548553549] SERVICE NOTIFICATION: nagiosadmin;smscapp1;CPU_Procs;CRITICAL;notify-service-by-email;CPU CRITICAL: 1 crit, 0 warn out of 305 processes
[1548553557] SERVICE NOTIFICATION: nagiosadmin;sigqscluster1;CPU_Procs;CRITICAL;notify-service-by-email;CPU CRITICAL: 1 crit, 0 warn out of 334 processes
[1548553698] SERVICE NOTIFICATION: nagiosadmin;smscapp2;CPU_Procs;CRITICAL;notify-service-by-email;CPU CRITICAL: 1 crit, 4 warn out of 332 processes
[1548553739] Auto-save of retention data completed successfully.
[1548553811] SERVICE NOTIFICATION: nagiosadmin;sigqscluster2;CPU_Procs;CRITICAL;notify-service-by-email;CPU CRITICAL: 1 crit, 0 warn out of 335 processes
[1548553874] SERVICE NOTIFICATION: nagiosadmin;webservercluster2;Memory;CRITICAL;notify-service-by-email;CRITICAL - 1.0% (159784 kB) free!
[1548554724] SERVICE NOTIFICATION: nagiosadmin;pservercluster2;Memory;CRITICAL;notify-service-by-email;CRITICAL - 0.8% (198812 kB) free!
[1548554813] SERVICE NOTIFICATION: nagiosadmin;smscapp1;Memory;CRITICAL;notify-service-by-email;CRITICAL - 1.0% (168432 kB) free!
[1548554837] SERVICE NOTIFICATION: nagiosadmin;pservercluster2;HDD_Root status;WARNING;notify-service-by-email;DISK WARNING - free space: / 8082 MB (15% inode=98%):
[1548554895] SERVICE NOTIFICATION: nagiosadmin;pservercluster2;CPU_Procs;CRITICAL;notify-service-by-email;CPU CRITICAL: 1 crit, 3 warn out of 342 processes
[1548555071] SERVICE NOTIFICATION: nagiosadmin;smscapp1;HDD_Home status;CRITICAL;notify-service-by-email;DISK CRITICAL - free space: /home 19004 MB (8% inode=99%):
[1548555471] SERVICE NOTIFICATION: nagiosadmin;db1;HDD_Root status;WARNING;notify-service-by-email;DISK WARNING - free space: / 6619 MB (12% inode=99%):
[1548555724] SERVICE NOTIFICATION: nagiosadmin;qservercluster1;CPU_Procs;CRITICAL;notify-service-by-email;CPU CRITICAL: 1 crit, 0 warn out of 295 processes
[1548556086] SERVICE NOTIFICATION: nagiosadmin;qservercluster2;CPU_Procs;CRITICAL;notify-service-by-email;CPU CRITICAL: 1 crit, 0 warn out of 304 processes
[1548556610] SERVICE NOTIFICATION: nagiosadmin;db2;HDD_Root status;WARNING;notify-service-by-email;DISK WARNING - free space: / 9499 MB (18% inode=98%):
[1548557149] SERVICE NOTIFICATION: nagiosadmin;smscapp1;CPU_Procs;CRITICAL;notify-service-by-email;CPU CRITICAL: 1 crit, 0 warn out of 305 processes
[1548557157] SERVICE NOTIFICATION: nagiosadmin;sigqscluster1;CPU_Procs;CRITICAL;notify-service-by-email;CPU CRITICAL: 1 crit, 0 warn out of 336 processes
[1548557298] SERVICE NOTIFICATION: nagiosadmin;smscapp2;CPU_Procs;CRITICAL;notify-service-by-email;CPU CRITICAL: 1 crit, 4 warn out of 333 processes
[1548557339] Auto-save of retention data completed successfully.
[1548557474] SERVICE NOTIFICATION: nagiosadmin;webservercluster2;Memory;CRITICAL;notify-service-by-email;CRITICAL - 1.0% (160596 kB) free!
[1548558010] SERVICE NOTIFICATION: nagiosadmin;sigqscluster2;CPU_Procs;CRITICAL;notify-service-by-email;CPU CRITICAL: 1 crit, 0 warn out of 335 processes
[1548558324] SERVICE NOTIFICATION: nagiosadmin;pservercluster2;Memory;CRITICAL;notify-service-by-email;CRITICAL - 0.9% (215200 kB) free!
[1548558437] SERVICE NOTIFICATION: nagiosadmin;pservercluster2;HDD_Root status;WARNING;notify-service-by-email;DISK WARNING - free space: / 8082 MB (15% inode=98%):
[1548558495] SERVICE NOTIFICATION: nagiosadmin;pservercluster2;CPU_Procs;CRITICAL;notify-service-by-email;CPU CRITICAL: 1 crit, 3 warn out of 341 processes
[1548558671] SERVICE NOTIFICATION: nagiosadmin;smscapp1;HDD_Home status;CRITICAL;notify-service-by-email;DISK CRITICAL - free space: /home 19004 MB (8% inode=99%):
[1548559012] SERVICE NOTIFICATION: nagiosadmin;smscapp1;Memory;CRITICAL;notify-service-by-email;CRITICAL - 1.0% (168800 kB) free!
[1548559071] SERVICE NOTIFICATION: nagiosadmin;db1;HDD_Root status;WARNING;notify-service-by-email;DISK WARNING - free space: / 6619 MB (12% inode=99%):
[1548559324] SERVICE NOTIFICATION: nagiosadmin;qservercluster1;CPU_Procs;CRITICAL;notify-service-by-email;CPU CRITICAL: 1 crit, 0 warn out of 298 processes
[1548559686] SERVICE NOTIFICATION: nagiosadmin;qservercluster2;CPU_Procs;CRITICAL;notify-service-by-email;CPU CRITICAL: 1 crit, 0 warn out of 305 processes
[1548560210] SERVICE NOTIFICATION: nagiosadmin;db2;HDD_Root status;WARNING;notify-service-by-email;DISK WARNING - free space: / 9499 MB (18% inode=98%):
[1548560749] SERVICE NOTIFICATION: nagiosadmin;smscapp1;CPU_Procs;CRITICAL;notify-service-by-email;CPU CRITICAL: 1 crit, 0 warn out of 305 processes
[1548560757] SERVICE NOTIFICATION: nagiosadmin;sigqscluster1;CPU_Procs;CRITICAL;notify-service-by-email;CPU CRITICAL: 1 crit, 0 warn out of 335 processes
[1548560898] SERVICE NOTIFICATION: nagiosadmin;smscapp2;CPU_Procs;CRITICAL;notify-service-by-email;CPU CRITICAL: 1 crit, 4 warn out of 333 processes
[1548560939] Auto-save of retention data completed successfully.
[1548560957] SERVICE ALERT: webservercluster2;Current Users;WARNING;SOFT;1;USERS WARNING - 7 users currently logged in
[1548561074] SERVICE NOTIFICATION: nagiosadmin;webservercluster2;Memory;CRITICAL;notify-service-by-email;CRITICAL - 1.0% (169168 kB) free!
[1548561077] SERVICE ALERT: webservercluster2;Current Users;WARNING;SOFT;2;USERS WARNING - 7 users currently logged in
[1548561197] SERVICE NOTIFICATION: nagiosadmin;webservercluster2;Current Users;WARNING;notify-service-by-email;USERS WARNING - 7 users currently logged in
[1548561197] SERVICE ALERT: webservercluster2;Current Users;WARNING;HARD;3;USERS WARNING - 7 users currently logged in
[1548561610] SERVICE NOTIFICATION: nagiosadmin;sigqscluster2;CPU_Procs;CRITICAL;notify-service-by-email;CPU CRITICAL: 1 crit, 0 warn out of 336 processes
[1548561924] SERVICE NOTIFICATION: nagiosadmin;pservercluster2;Memory;CRITICAL;notify-service-by-email;CRITICAL - 0.8% (204220 kB) free!
[1548562037] SERVICE NOTIFICATION: nagiosadmin;pservercluster2;HDD_Root status;WARNING;notify-service-by-email;DISK WARNING - free space: / 8082 MB (15% inode=98%):
[1548562095] SERVICE NOTIFICATION: nagiosadmin;pservercluster2;CPU_Procs;CRITICAL;notify-service-by-email;CPU CRITICAL: 1 crit, 3 warn out of 343 processes
[1548562271] SERVICE NOTIFICATION: nagiosadmin;smscapp1;HDD_Home status;CRITICAL;notify-service-by-email;DISK CRITICAL - free space: /home 19004 MB (8% inode=99%):
[1548562612] SERVICE NOTIFICATION: nagiosadmin;smscapp1;Memory;CRITICAL;notify-service-by-email;CRITICAL - 1.1% (170752 kB) free!
[1548562671] SERVICE NOTIFICATION: nagiosadmin;db1;HDD_Root status;WARNING;notify-service-by-email;DISK WARNING - free space: / 6619 MB (12% inode=99%):
[1548562924] SERVICE NOTIFICATION: nagiosadmin;qservercluster1;CPU_Procs;CRITICAL;notify-service-by-email;CPU CRITICAL: 1 crit, 0 warn out of 297 processes
[1548563286] SERVICE NOTIFICATION: nagiosadmin;qservercluster2;CPU_Procs;CRITICAL;notify-service-by-email;CPU CRITICAL: 1 crit, 0 warn out of 304 processes
[1548563811] SERVICE NOTIFICATION: nagiosadmin;db2;HDD_Root status;WARNING;notify-service-by-email;DISK WARNING - free space: / 9499 MB (18% inode=98%):
[1548564349] SERVICE NOTIFICATION: nagiosadmin;smscapp1;CPU_Procs;CRITICAL;notify-service-by-email;CPU CRITICAL: 1 crit, 0 warn out of 305 processes
[1548564358] SERVICE NOTIFICATION: nagiosadmin;sigqscluster1;CPU_Procs;CRITICAL;notify-service-by-email;CPU CRITICAL: 1 crit, 0 warn out of 335 processes
[1548564498] SERVICE NOTIFICATION: nagiosadmin;smscapp2;CPU_Procs;CRITICAL;notify-service-by-email;CPU CRITICAL: 1 crit, 4 warn out of 333 processes
[1548564539] Auto-save of retention data completed successfully.
[1548564674] SERVICE NOTIFICATION: nagiosadmin;webservercluster2;Memory;CRITICAL;notify-service-by-email;CRITICAL - 1.0% (162172 kB) free!
[1548564797] SERVICE NOTIFICATION: nagiosadmin;webservercluster2;Current Users;WARNING;notify-service-by-email;USERS WARNING - 6 users currently logged in
[1548565210] SERVICE NOTIFICATION: nagiosadmin;sigqscluster2;CPU_Procs;CRITICAL;notify-service-by-email;CPU CRITICAL: 1 crit, 0 warn out of 336 processes
[1548565524] SERVICE NOTIFICATION: nagiosadmin;pservercluster2;Memory;CRITICAL;notify-service-by-email;CRITICAL - 0.9% (212020 kB) free!
[1548565637] SERVICE NOTIFICATION: nagiosadmin;pservercluster2;HDD_Root status;WARNING;notify-service-by-email;DISK WARNING - free space: / 8082 MB (15% inode=98%):
[1548565695] SERVICE NOTIFICATION: nagiosadmin;pservercluster2;CPU_Procs;CRITICAL;notify-service-by-email;CPU CRITICAL: 1 crit, 3 warn out of 342 processes
[1548565872] SERVICE NOTIFICATION: nagiosadmin;smscapp1;HDD_Home status;CRITICAL;notify-service-by-email;DISK CRITICAL - free space: /home 19004 MB (8% inode=99%):
[1548566212] SERVICE NOTIFICATION: nagiosadmin;smscapp1;Memory;CRITICAL;notify-service-by-email;CRITICAL - 1.0% (169012 kB) free!
[1548566271] SERVICE NOTIFICATION: nagiosadmin;db1;HDD_Root status;WARNING;notify-service-by-email;DISK WARNING - free space: / 6619 MB (12% inode=99%):
[1548566524] SERVICE NOTIFICATION: nagiosadmin;qservercluster1;CPU_Procs;CRITICAL;notify-service-by-email;CPU CRITICAL: 1 crit, 0 warn out of 295 processes
[1548566886] SERVICE NOTIFICATION: nagiosadmin;qservercluster2;CPU_Procs;CRITICAL;notify-service-by-email;CPU CRITICAL: 1 crit, 0 warn out of 308 processes
[1548567197] SERVICE NOTIFICATION: nagiosadmin;webservercluster2;Current Users;OK;notify-service-by-email;USERS OK - 4 users currently logged in
[1548567197] SERVICE ALERT: webservercluster2;Current Users;OK;HARD;1;USERS OK - 4 users currently logged in
[1548567950] SERVICE NOTIFICATION: nagiosadmin;smscapp1;CPU_Procs;CRITICAL;notify-service-by-email;CPU CRITICAL: 1 crit, 0 warn out of 305 processes
[1548568010] SERVICE NOTIFICATION: nagiosadmin;db2;HDD_Root status;WARNING;notify-service-by-email;DISK WARNING - free space: / 9498 MB (18% inode=98%):
[1548568098] SERVICE NOTIFICATION: nagiosadmin;smscapp2;CPU_Procs;CRITICAL;notify-service-by-email;CPU CRITICAL: 1 crit, 4 warn out of 333 processes
[1548568139] Auto-save of retention data completed successfully.
[1548568275] SERVICE NOTIFICATION: nagiosadmin;webservercluster2;Memory;CRITICAL;notify-service-by-email;CRITICAL - 1.0% (156952 kB) free!
[1548568557] SERVICE NOTIFICATION: nagiosadmin;sigqscluster1;CPU_Procs;CRITICAL;notify-service-by-email;CPU CRITICAL: 1 crit, 0 warn out of 339 processes
[1548568810] SERVICE NOTIFICATION: nagiosadmin;sigqscluster2;CPU_Procs;CRITICAL;notify-service-by-email;CPU CRITICAL: 1 crit, 0 warn out of 338 processes
[1548569124] SERVICE NOTIFICATION: nagiosadmin;pservercluster2;Memory;CRITICAL;notify-service-by-email;CRITICAL - 0.9% (213660 kB) free!
[1548569237] SERVICE NOTIFICATION: nagiosadmin;pservercluster2;HDD_Root status;WARNING;notify-service-by-email;DISK WARNING - free space: / 8082 MB (15% inode=98%):
[1548569295] SERVICE NOTIFICATION: nagiosadmin;pservercluster2;CPU_Procs;CRITICAL;notify-service-by-email;CPU CRITICAL: 1 crit, 3 warn out of 341 processes
[1548569812] SERVICE NOTIFICATION: nagiosadmin;smscapp1;Memory;CRITICAL;notify-service-by-email;CRITICAL - 1.0% (168012 kB) free!
[1548569871] SERVICE NOTIFICATION: nagiosadmin;db1;HDD_Root status;WARNING;notify-service-by-email;DISK WARNING - free space: / 6618 MB (12% inode=99%):
[1548570071] SERVICE NOTIFICATION: nagiosadmin;smscapp1;HDD_Home status;CRITICAL;notify-service-by-email;DISK CRITICAL - free space: /home 19004 MB (8% inode=99%):
[1548570124] SERVICE NOTIFICATION: nagiosadmin;qservercluster1;CPU_Procs;CRITICAL;notify-service-by-email;CPU CRITICAL: 1 crit, 0 warn out of 295 processes
[1548570486] SERVICE NOTIFICATION: nagiosadmin;qservercluster2;CPU_Procs;CRITICAL;notify-service-by-email;CPU CRITICAL: 1 crit, 0 warn out of 304 processes
[1548571610] SERVICE NOTIFICATION: nagiosadmin;db2;HDD_Root status;WARNING;notify-service-by-email;DISK WARNING - free space: / 9498 MB (18% inode=98%):
[1548571698] SERVICE NOTIFICATION: nagiosadmin;smscapp2;CPU_Procs;CRITICAL;notify-service-by-email;CPU CRITICAL: 1 crit, 4 warn out of 333 processes
[1548571739] Auto-save of retention data completed successfully.
[1548572149] SERVICE NOTIFICATION: nagiosadmin;smscapp1;CPU_Procs;CRITICAL;notify-service-by-email;CPU CRITICAL: 1 crit, 0 warn out of 310 processes
[1548572157] SERVICE NOTIFICATION: nagiosadmin;sigqscluster1;CPU_Procs;CRITICAL;notify-service-by-email;CPU CRITICAL: 1 crit, 0 warn out of 335 processes
[1548572410] SERVICE NOTIFICATION: nagiosadmin;sigqscluster2;CPU_Procs;CRITICAL;notify-service-by-email;CPU CRITICAL: 1 crit, 0 warn out of 335 processes
[1548572474] SERVICE NOTIFICATION: nagiosadmin;webservercluster2;Memory;CRITICAL;notify-service-by-email;CRITICAL - 1.1% (172192 kB) free!
[1548572724] SERVICE NOTIFICATION: nagiosadmin;pservercluster2;Memory;CRITICAL;notify-service-by-email;CRITICAL - 0.8% (200384 kB) free!
[1548572837] SERVICE NOTIFICATION: nagiosadmin;pservercluster2;HDD_Root status;WARNING;notify-service-by-email;DISK WARNING - free space: / 8082 MB (15% inode=98%):
[1548572895] SERVICE NOTIFICATION: nagiosadmin;pservercluster2;CPU_Procs;CRITICAL;notify-service-by-email;CPU CRITICAL: 1 crit, 3 warn out of 343 processes
[1548573412] SERVICE NOTIFICATION: nagiosadmin;smscapp1;Memory;CRITICAL;notify-service-by-email;CRITICAL - 1.5% (242068 kB) free!
[1548573471] SERVICE NOTIFICATION: nagiosadmin;db1;HDD_Root status;WARNING;notify-service-by-email;DISK WARNING - free space: / 6618 MB (12% inode=99%):
[1548573671] SERVICE NOTIFICATION: nagiosadmin;smscapp1;HDD_Home status;CRITICAL;notify-service-by-email;DISK CRITICAL - free space: /home 18959 MB (8% inode=99%):
[1548573724] SERVICE NOTIFICATION: nagiosadmin;qservercluster1;CPU_Procs;CRITICAL;notify-service-by-email;CPU CRITICAL: 1 crit, 0 warn out of 297 processes
[1548574086] SERVICE NOTIFICATION: nagiosadmin;qservercluster2;CPU_Procs;CRITICAL;notify-service-by-email;CPU CRITICAL: 1 crit, 0 warn out of 304 processes
[1548575210] SERVICE NOTIFICATION: nagiosadmin;db2;HDD_Root status;WARNING;notify-service-by-email;DISK WARNING - free space: / 9498 MB (18% inode=98%):
[1548575298] SERVICE NOTIFICATION: nagiosadmin;smscapp2;CPU_Procs;CRITICAL;notify-service-by-email;CPU CRITICAL: 1 crit, 4 warn out of 332 processes
[1548575339] Auto-save of retention data completed successfully.
[1548575749] SERVICE NOTIFICATION: nagiosadmin;smscapp1;CPU_Procs;CRITICAL;notify-service-by-email;CPU CRITICAL: 1 crit, 0 warn out of 307 processes
[1548575757] SERVICE NOTIFICATION: nagiosadmin;sigqscluster1;CPU_Procs;CRITICAL;notify-service-by-email;CPU CRITICAL: 1 crit, 0 warn out of 336 processes
[1548576011] SERVICE NOTIFICATION: nagiosadmin;sigqscluster2;CPU_Procs;CRITICAL;notify-service-by-email;CPU CRITICAL: 1 crit, 0 warn out of 334 processes
[1548576074] SERVICE NOTIFICATION: nagiosadmin;webservercluster2;Memory;CRITICAL;notify-service-by-email;CRITICAL - 0.9% (150016 kB) free!
[1548576324] SERVICE NOTIFICATION: nagiosadmin;pservercluster2;Memory;CRITICAL;notify-service-by-email;CRITICAL - 0.8% (208268 kB) free!
[1548576437] SERVICE NOTIFICATION: nagiosadmin;pservercluster2;HDD_Root status;WARNING;notify-service-by-email;DISK WARNING - free space: / 8082 MB (15% inode=98%):
[1548576495] SERVICE NOTIFICATION: nagiosadmin;pservercluster2;CPU_Procs;CRITICAL;notify-service-by-email;CPU CRITICAL: 1 crit, 3 warn out of 342 processes
[1548577012] SERVICE NOTIFICATION: nagiosadmin;smscapp1;Memory;CRITICAL;notify-service-by-email;CRITICAL - 1.5% (243580 kB) free!
[1548577071] SERVICE NOTIFICATION: nagiosadmin;db1;HDD_Root status;WARNING;notify-service-by-email;DISK WARNING - free space: / 6618 MB (12% inode=99%):
[1548577271] SERVICE NOTIFICATION: nagiosadmin;smscapp1;HDD_Home status;CRITICAL;notify-service-by-email;DISK CRITICAL - free space: /home 18958 MB (8% inode=99%):
[1548577324] SERVICE NOTIFICATION: nagiosadmin;qservercluster1;CPU_Procs;CRITICAL;notify-service-by-email;CPU CRITICAL: 1 crit, 0 warn out of 297 processes
[1548577687] SERVICE NOTIFICATION: nagiosadmin;qservercluster2;CPU_Procs;CRITICAL;notify-service-by-email;CPU CRITICAL: 1 crit, 0 warn out of 305 processes
[1548577773] SERVICE ALERT: webservercluster2;CPU_Procs;WARNING;SOFT;1;CPU WARNING: 1 warn out of 311 processes
[1548577874] SERVICE NOTIFICATION: nagiosadmin;webservercluster2;Memory;OK;notify-service-by-email;OK - 33.2% (5398104 kB) free.
[1548577874] SERVICE ALERT: webservercluster2;Memory;OK;HARD;1;OK - 33.2% (5398104 kB) free.
[1548577893] SERVICE ALERT: webservercluster2;CPU_Procs;OK;HARD;1;CPU OK: 309 processes
[1548578810] SERVICE NOTIFICATION: nagiosadmin;db2;HDD_Root status;WARNING;notify-service-by-email;DISK WARNING - free space: / 9498 MB (18% inode=98%):
[1548578898] SERVICE NOTIFICATION: nagiosadmin;smscapp2;CPU_Procs;CRITICAL;notify-service-by-email;CPU CRITICAL: 1 crit, 4 warn out of 331 processes
[1548578939] Auto-save of retention data completed successfully.
[1548579074] SERVICE ALERT: webservercluster2;Memory;WARNING;SOFT;1;WARNING - 19.4% (3150452 kB) free!
[1548579194] SERVICE ALERT: webservercluster2;Memory;WARNING;SOFT;2;WARNING - 19.3% (3132932 kB) free!
[1548579314] SERVICE NOTIFICATION: nagiosadmin;webservercluster2;Memory;CRITICAL;notify-service-by-email;CRITICAL - 1.1% (176456 kB) free!
[1548579314] SERVICE ALERT: webservercluster2;Memory;CRITICAL;HARD;3;CRITICAL - 1.1% (176456 kB) free!
[1548579349] SERVICE NOTIFICATION: nagiosadmin;smscapp1;CPU_Procs;CRITICAL;notify-service-by-email;CPU CRITICAL: 1 crit, 0 warn out of 308 processes
[1548579357] SERVICE NOTIFICATION: nagiosadmin;sigqscluster1;CPU_Procs;CRITICAL;notify-service-by-email;CPU CRITICAL: 1 crit, 0 warn out of 337 processes
[1548579693] SERVICE ALERT: webservercluster2;CPU_Procs;WARNING;SOFT;1;CPU WARNING: 1 warn out of 306 processes
[1548579813] SERVICE ALERT: webservercluster2;CPU_Procs;WARNING;SOFT;2;CPU WARNING: 1 warn out of 306 processes
[1548579924] SERVICE NOTIFICATION: nagiosadmin;pservercluster2;Memory;CRITICAL;notify-service-by-email;CRITICAL - 0.8% (207684 kB) free!
[1548579933] SERVICE ALERT: webservercluster2;CPU_Procs;OK;HARD;1;CPU OK: 306 processes
[1548580037] SERVICE NOTIFICATION: nagiosadmin;pservercluster2;HDD_Root status;WARNING;notify-service-by-email;DISK WARNING - free space: / 8082 MB (15% inode=98%):
[1548580095] SERVICE NOTIFICATION: nagiosadmin;pservercluster2;CPU_Procs;CRITICAL;notify-service-by-email;CPU CRITICAL: 1 crit, 3 warn out of 341 processes
[1548580210] SERVICE NOTIFICATION: nagiosadmin;sigqscluster2;CPU_Procs;CRITICAL;notify-service-by-email;CPU CRITICAL: 1 crit, 0 warn out of 334 processes
[1548580514] SERVICE NOTIFICATION: nagiosadmin;webservercluster2;Memory;OK;notify-service-by-email;OK - 33.2% (5397848 kB) free.
[1548580514] SERVICE ALERT: webservercluster2;Memory;OK;HARD;1;OK - 33.2% (5397848 kB) free.
[1548580612] SERVICE NOTIFICATION: nagiosadmin;smscapp1;Memory;CRITICAL;notify-service-by-email;CRITICAL - 1.5% (245500 kB) free!
[1548580671] SERVICE NOTIFICATION: nagiosadmin;db1;HDD_Root status;WARNING;notify-service-by-email;DISK WARNING - free space: / 6617 MB (12% inode=99%):
[1548580871] SERVICE NOTIFICATION: nagiosadmin;smscapp1;HDD_Home status;CRITICAL;notify-service-by-email;DISK CRITICAL - free space: /home 18958 MB (8% inode=99%):
[1548580924] SERVICE NOTIFICATION: nagiosadmin;qservercluster1;CPU_Procs;CRITICAL;notify-service-by-email;CPU CRITICAL: 1 crit, 0 warn out of 298 processes
[1548581886] SERVICE NOTIFICATION: nagiosadmin;qservercluster2;CPU_Procs;CRITICAL;notify-service-by-email;CPU CRITICAL: 1 crit, 0 warn out of 301 processes
[1548582410] SERVICE NOTIFICATION: nagiosadmin;db2;HDD_Root status;WARNING;notify-service-by-email;DISK WARNING - free space: / 9498 MB (18% inode=98%):
[1548582498] SERVICE NOTIFICATION: nagiosadmin;smscapp2;CPU_Procs;CRITICAL;notify-service-by-email;CPU CRITICAL: 1 crit, 4 warn out of 332 processes
[1548582539] Auto-save of retention data completed successfully.
[1548582949] SERVICE NOTIFICATION: nagiosadmin;smscapp1;CPU_Procs;CRITICAL;notify-service-by-email;CPU CRITICAL: 1 crit, 0 warn out of 306 processes
[1548582957] SERVICE NOTIFICATION: nagiosadmin;sigqscluster1;CPU_Procs;CRITICAL;notify-service-by-email;CPU CRITICAL: 1 crit, 0 warn out of 339 processes
[1548583524] SERVICE NOTIFICATION: nagiosadmin;pservercluster2;Memory;CRITICAL;notify-service-by-email;CRITICAL - 0.9% (215872 kB) free!
[1548583637] SERVICE NOTIFICATION: nagiosadmin;pservercluster2;HDD_Root status;WARNING;notify-service-by-email;DISK WARNING - free space: / 8081 MB (15% inode=98%):
[1548583695] SERVICE NOTIFICATION: nagiosadmin;pservercluster2;CPU_Procs;CRITICAL;notify-service-by-email;CPU CRITICAL: 1 crit, 3 warn out of 336 processes
[1548583810] SERVICE NOTIFICATION: nagiosadmin;sigqscluster2;CPU_Procs;CRITICAL;notify-service-by-email;CPU CRITICAL: 1 crit, 0 warn out of 335 processes
[1548584212] SERVICE NOTIFICATION: nagiosadmin;smscapp1;Memory;CRITICAL;notify-service-by-email;CRITICAL - 1.5% (246868 kB) free!
[1548584271] SERVICE NOTIFICATION: nagiosadmin;db1;HDD_Root status;WARNING;notify-service-by-email;DISK WARNING - free space: / 6617 MB (12% inode=99%):
[1548584471] SERVICE NOTIFICATION: nagiosadmin;smscapp1;HDD_Home status;CRITICAL;notify-service-by-email;DISK CRITICAL - free space: /home 18958 MB (8% inode=99%):
[1548584524] SERVICE NOTIFICATION: nagiosadmin;qservercluster1;CPU_Procs;CRITICAL;notify-service-by-email;CPU CRITICAL: 1 crit, 0 warn out of 296 processes
[1548585486] SERVICE NOTIFICATION: nagiosadmin;qservercluster2;CPU_Procs;CRITICAL;notify-service-by-email;CPU CRITICAL: 1 crit, 0 warn out of 301 processes
[1548586010] SERVICE NOTIFICATION: nagiosadmin;db2;HDD_Root status;WARNING;notify-service-by-email;DISK WARNING - free space: / 9498 MB (18% inode=98%):
[1548586098] SERVICE NOTIFICATION: nagiosadmin;smscapp2;CPU_Procs;CRITICAL;notify-service-by-email;CPU CRITICAL: 1 crit, 4 warn out of 332 processes
[1548586139] Auto-save of retention data completed successfully.
[1548586549] SERVICE NOTIFICATION: nagiosadmin;smscapp1;CPU_Procs;CRITICAL;notify-service-by-email;CPU CRITICAL: 1 crit, 0 warn out of 307 processes
[1548586558] SERVICE NOTIFICATION: nagiosadmin;sigqscluster1;CPU_Procs;CRITICAL;notify-service-by-email;CPU CRITICAL: 1 crit, 0 warn out of 338 processes
[1548587124] SERVICE NOTIFICATION: nagiosadmin;pservercluster2;Memory;CRITICAL;notify-service-by-email;CRITICAL - 0.9% (213056 kB) free!
[1548587237] SERVICE NOTIFICATION: nagiosadmin;pservercluster2;HDD_Root status;WARNING;notify-service-by-email;DISK WARNING - free space: / 8081 MB (15% inode=98%):
[1548587295] SERVICE NOTIFICATION: nagiosadmin;pservercluster2;CPU_Procs;CRITICAL;notify-service-by-email;CPU CRITICAL: 1 crit, 3 warn out of 336 processes
[1548587411] SERVICE NOTIFICATION: nagiosadmin;sigqscluster2;CPU_Procs;CRITICAL;notify-service-by-email;CPU CRITICAL: 1 crit, 0 warn out of 335 processes
[1548587812] SERVICE NOTIFICATION: nagiosadmin;smscapp1;Memory;CRITICAL;notify-service-by-email;CRITICAL - 1.5% (247080 kB) free!
[1548587871] SERVICE NOTIFICATION: nagiosadmin;db1;HDD_Root status;WARNING;notify-service-by-email;DISK WARNING - free space: / 6617 MB (12% inode=99%):
[1548588071] SERVICE NOTIFICATION: nagiosadmin;smscapp1;HDD_Home status;CRITICAL;notify-service-by-email;DISK CRITICAL - free space: /home 18958 MB (8% inode=99%):
[1548588124] SERVICE NOTIFICATION: nagiosadmin;qservercluster1;CPU_Procs;CRITICAL;notify-service-by-email;CPU CRITICAL: 1 crit, 0 warn out of 298 processes
[1548589086] SERVICE NOTIFICATION: nagiosadmin;qservercluster2;CPU_Procs;CRITICAL;notify-service-by-email;CPU CRITICAL: 1 crit, 0 warn out of 301 processes
[1548589610] SERVICE NOTIFICATION: nagiosadmin;db2;HDD_Root status;WARNING;notify-service-by-email;DISK WARNING - free space: / 9498 MB (18% inode=98%):
[1548589698] SERVICE NOTIFICATION: nagiosadmin;smscapp2;CPU_Procs;CRITICAL;notify-service-by-email;CPU CRITICAL: 1 crit, 4 warn out of 332 processes
[1548589739] Auto-save of retention data completed successfully.
[1548590149] SERVICE NOTIFICATION: nagiosadmin;smscapp1;CPU_Procs;CRITICAL;notify-service-by-email;CPU CRITICAL: 1 crit, 0 warn out of 307 processes
[1548590724] SERVICE NOTIFICATION: nagiosadmin;pservercluster2;Memory;CRITICAL;notify-service-by-email;CRITICAL - 0.9% (212036 kB) free!
[1548590757] SERVICE NOTIFICATION: nagiosadmin;sigqscluster1;CPU_Procs;CRITICAL;notify-service-by-email;CPU CRITICAL: 1 crit, 0 warn out of 335 processes
[1548590837] SERVICE NOTIFICATION: nagiosadmin;pservercluster2;HDD_Root status;WARNING;notify-service-by-email;DISK WARNING - free space: / 8081 MB (15% inode=98%):
[1548590895] SERVICE NOTIFICATION: nagiosadmin;pservercluster2;CPU_Procs;CRITICAL;notify-service-by-email;CPU CRITICAL: 1 crit, 3 warn out of 337 processes
[1548591412] SERVICE NOTIFICATION: nagiosadmin;smscapp1;Memory;CRITICAL;notify-service-by-email;CRITICAL - 1.5% (245276 kB) free!
[1548591453] SERVICE ALERT: qservercluster1;CPU Load;WARNING;SOFT;1;WARNING - load average: 12.52, 11.21, 10.21
[1548591471] SERVICE NOTIFICATION: nagiosadmin;db1;HDD_Root status;WARNING;notify-service-by-email;DISK WARNING - free space: / 6616 MB (12% inode=99%):
[1548591573] SERVICE ALERT: qservercluster1;CPU Load;WARNING;SOFT;2;WARNING - load average: 12.39, 11.58, 10.47
[1548591610] SERVICE NOTIFICATION: nagiosadmin;sigqscluster2;CPU_Procs;CRITICAL;notify-service-by-email;CPU CRITICAL: 1 crit, 0 warn out of 337 processes
[1548591671] SERVICE NOTIFICATION: nagiosadmin;smscapp1;HDD_Home status;CRITICAL;notify-service-by-email;DISK CRITICAL - free space: /home 18958 MB (8% inode=99%):
[1548591693] SERVICE NOTIFICATION: nagiosadmin;qservercluster1;CPU Load;WARNING;notify-service-by-email;WARNING - load average: 12.24, 11.85, 10.71
[1548591693] SERVICE ALERT: qservercluster1;CPU Load;WARNING;HARD;3;WARNING - load average: 12.24, 11.85, 10.71
[1548591724] SERVICE NOTIFICATION: nagiosadmin;qservercluster1;CPU_Procs;CRITICAL;notify-service-by-email;CPU CRITICAL: 1 crit, 0 warn out of 299 processes
[1548592686] SERVICE NOTIFICATION: nagiosadmin;qservercluster2;CPU_Procs;CRITICAL;notify-service-by-email;CPU CRITICAL: 1 crit, 0 warn out of 303 processes
[1548593114] SERVICE ALERT: webservercluster2;Memory;WARNING;SOFT;1;WARNING - 20.0% (3254848 kB) free!
[1548593210] SERVICE NOTIFICATION: nagiosadmin;db2;HDD_Root status;WARNING;notify-service-by-email;DISK WARNING - free space: / 9498 MB (18% inode=98%):
[1548593234] SERVICE ALERT: webservercluster2;Memory;WARNING;SOFT;2;WARNING - 20.0% (3244848 kB) free!
[1548593298] SERVICE NOTIFICATION: nagiosadmin;smscapp2;CPU_Procs;CRITICAL;notify-service-by-email;CPU CRITICAL: 1 crit, 4 warn out of 332 processes
[1548593339] Auto-save of retention data completed successfully.
[1548593354] SERVICE NOTIFICATION: nagiosadmin;webservercluster2;Memory;WARNING;notify-service-by-email;WARNING - 19.9% (3235472 kB) free!
[1548593354] SERVICE ALERT: webservercluster2;Memory;WARNING;HARD;3;WARNING - 19.9% (3235472 kB) free!
[1548593750] SERVICE NOTIFICATION: nagiosadmin;smscapp1;CPU_Procs;CRITICAL;notify-service-by-email;CPU CRITICAL: 1 crit, 0 warn out of 306 processes
[1548594324] SERVICE NOTIFICATION: nagiosadmin;pservercluster2;Memory;CRITICAL;notify-service-by-email;CRITICAL - 0.9% (217804 kB) free!
[1548594357] SERVICE NOTIFICATION: nagiosadmin;sigqscluster1;CPU_Procs;CRITICAL;notify-service-by-email;CPU CRITICAL: 1 crit, 0 warn out of 336 processes
[1548594437] SERVICE NOTIFICATION: nagiosadmin;pservercluster2;HDD_Root status;WARNING;notify-service-by-email;DISK WARNING - free space: / 8081 MB (15% inode=98%):
[1548594495] SERVICE NOTIFICATION: nagiosadmin;pservercluster2;CPU_Procs;CRITICAL;notify-service-by-email;CPU CRITICAL: 1 crit, 3 warn out of 336 processes
[1548595012] SERVICE NOTIFICATION: nagiosadmin;smscapp1;Memory;CRITICAL;notify-service-by-email;CRITICAL - 1.5% (244440 kB) free!
[1548595071] SERVICE NOTIFICATION: nagiosadmin;db1;HDD_Root status;WARNING;notify-service-by-email;DISK WARNING - free space: / 6616 MB (12% inode=99%):
[1548595210] SERVICE NOTIFICATION: nagiosadmin;sigqscluster2;CPU_Procs;CRITICAL;notify-service-by-email;CPU CRITICAL: 1 crit, 0 warn out of 334 processes
[1548595271] SERVICE NOTIFICATION: nagiosadmin;smscapp1;HDD_Home status;CRITICAL;notify-service-by-email;DISK CRITICAL - free space: /home 18958 MB (8% inode=99%):
[1548595293] SERVICE NOTIFICATION: nagiosadmin;qservercluster1;CPU Load;WARNING;notify-service-by-email;WARNING - load average: 12.30, 12.58, 12.44
[1548595324] SERVICE NOTIFICATION: nagiosadmin;qservercluster1;CPU_Procs;CRITICAL;notify-service-by-email;CPU CRITICAL: 1 crit, 0 warn out of 300 processes
[1548596286] SERVICE NOTIFICATION: nagiosadmin;qservercluster2;CPU_Procs;CRITICAL;notify-service-by-email;CPU CRITICAL: 1 crit, 0 warn out of 303 processes
[1548596810] SERVICE NOTIFICATION: nagiosadmin;db2;HDD_Root status;WARNING;notify-service-by-email;DISK WARNING - free space: / 9498 MB (18% inode=98%):
[1548596899] SERVICE NOTIFICATION: nagiosadmin;smscapp2;CPU_Procs;CRITICAL;notify-service-by-email;CPU CRITICAL: 1 crit, 4 warn out of 331 processes
[1548596939] Auto-save of retention data completed successfully.
[1548596954] SERVICE NOTIFICATION: nagiosadmin;webservercluster2;Memory;WARNING;notify-service-by-email;WARNING - 17.8% (2891876 kB) free!
[1548597924] SERVICE NOTIFICATION: nagiosadmin;pservercluster2;Memory;CRITICAL;notify-service-by-email;CRITICAL - 0.9% (217868 kB) free!
[1548597949] SERVICE NOTIFICATION: nagiosadmin;smscapp1;CPU_Procs;CRITICAL;notify-service-by-email;CPU CRITICAL: 1 crit, 0 warn out of 305 processes
[1548597958] SERVICE NOTIFICATION: nagiosadmin;sigqscluster1;CPU_Procs;CRITICAL;notify-service-by-email;CPU CRITICAL: 1 crit, 0 warn out of 336 processes
[1548598037] SERVICE NOTIFICATION: nagiosadmin;pservercluster2;HDD_Root status;WARNING;notify-service-by-email;DISK WARNING - free space: / 8081 MB (15% inode=98%):
[1548598095] SERVICE NOTIFICATION: nagiosadmin;pservercluster2;CPU_Procs;CRITICAL;notify-service-by-email;CPU CRITICAL: 1 crit, 3 warn out of 336 processes
[1548598613] SERVICE NOTIFICATION: nagiosadmin;smscapp1;Memory;CRITICAL;notify-service-by-email;CRITICAL - 1.5% (246760 kB) free!
[1548598671] SERVICE NOTIFICATION: nagiosadmin;db1;HDD_Root status;WARNING;notify-service-by-email;DISK WARNING - free space: / 6616 MB (12% inode=99%):
[1548598811] SERVICE NOTIFICATION: nagiosadmin;sigqscluster2;CPU_Procs;CRITICAL;notify-service-by-email;CPU CRITICAL: 1 crit, 0 warn out of 334 processes
[1548598871] SERVICE NOTIFICATION: nagiosadmin;smscapp1;HDD_Home status;CRITICAL;notify-service-by-email;DISK CRITICAL - free space: /home 18958 MB (8% inode=99%):
[1548598893] SERVICE NOTIFICATION: nagiosadmin;qservercluster1;CPU Load;WARNING;notify-service-by-email;WARNING - load average: 12.55, 12.44, 12.39
[1548598924] SERVICE NOTIFICATION: nagiosadmin;qservercluster1;CPU_Procs;CRITICAL;notify-service-by-email;CPU CRITICAL: 1 crit, 0 warn out of 298 processes
[1548599886] SERVICE NOTIFICATION: nagiosadmin;qservercluster2;CPU_Procs;CRITICAL;notify-service-by-email;CPU CRITICAL: 1 crit, 0 warn out of 304 processes
[1548599898] SERVICE NOTIFICATION: nagiosadmin;smscapp2;CPU_Procs;WARNING;notify-service-by-email;CPU WARNING: 5 warn out of 332 processes
[1548599898] SERVICE ALERT: smscapp2;CPU_Procs;WARNING;HARD;3;CPU WARNING: 5 warn out of 332 processes
[1548600411] SERVICE NOTIFICATION: nagiosadmin;db2;HDD_Root status;WARNING;notify-service-by-email;DISK WARNING - free space: / 9498 MB (18% inode=98%):
[1548600539] Auto-save of retention data completed successfully.
[1548600554] SERVICE NOTIFICATION: nagiosadmin;webservercluster2;Memory;WARNING;notify-service-by-email;WARNING - 15.9% (2586180 kB) free!
[1548601524] SERVICE NOTIFICATION: nagiosadmin;pservercluster2;Memory;CRITICAL;notify-service-by-email;CRITICAL - 0.9% (217612 kB) free!
[1548601550] SERVICE NOTIFICATION: nagiosadmin;smscapp1;CPU_Procs;CRITICAL;notify-service-by-email;CPU CRITICAL: 1 crit, 0 warn out of 305 processes
[1548601637] SERVICE NOTIFICATION: nagiosadmin;pservercluster2;HDD_Root status;WARNING;notify-service-by-email;DISK WARNING - free space: / 8081 MB (15% inode=98%):
[1548601695] SERVICE NOTIFICATION: nagiosadmin;pservercluster2;CPU_Procs;CRITICAL;notify-service-by-email;CPU CRITICAL: 1 crit, 3 warn out of 336 processes
[1548602157] SERVICE NOTIFICATION: nagiosadmin;sigqscluster1;CPU_Procs;CRITICAL;notify-service-by-email;CPU CRITICAL: 1 crit, 0 warn out of 335 processes
[1548602271] SERVICE NOTIFICATION: nagiosadmin;db1;HDD_Root status;WARNING;notify-service-by-email;DISK WARNING - free space: / 6616 MB (12% inode=99%):
[1548602471] SERVICE NOTIFICATION: nagiosadmin;smscapp1;HDD_Home status;CRITICAL;notify-service-by-email;DISK CRITICAL - free space: /home 18958 MB (8% inode=99%):
[1548602493] SERVICE NOTIFICATION: nagiosadmin;qservercluster1;CPU Load;WARNING;notify-service-by-email;WARNING - load average: 9.43, 10.49, 11.60
[1548602525] SERVICE NOTIFICATION: nagiosadmin;qservercluster1;CPU_Procs;CRITICAL;notify-service-by-email;CPU CRITICAL: 1 crit, 0 warn out of 297 processes
[1548602812] SERVICE NOTIFICATION: nagiosadmin;smscapp1;Memory;CRITICAL;notify-service-by-email;CRITICAL - 1.5% (245460 kB) free!
[1548603010] SERVICE NOTIFICATION: nagiosadmin;sigqscluster2;CPU_Procs;CRITICAL;notify-service-by-email;CPU CRITICAL: 1 crit, 0 warn out of 335 processes
[1548603486] SERVICE NOTIFICATION: nagiosadmin;qservercluster2;CPU_Procs;CRITICAL;notify-service-by-email;CPU CRITICAL: 1 crit, 0 warn out of 302 processes
[1548603498] SERVICE NOTIFICATION: nagiosadmin;smscapp2;CPU_Procs;WARNING;notify-service-by-email;CPU WARNING: 5 warn out of 332 processes
[1548603693] SERVICE NOTIFICATION: nagiosadmin;qservercluster1;CPU Load;OK;notify-service-by-email;OK - load average: 9.33, 9.12, 9.87
[1548603693] SERVICE ALERT: qservercluster1;CPU Load;OK;HARD;1;OK - load average: 9.33, 9.12, 9.87
[1548604139] Auto-save of retention data completed successfully.
[1548604154] SERVICE NOTIFICATION: nagiosadmin;webservercluster2;Memory;WARNING;notify-service-by-email;WARNING - 14.4% (2347060 kB) free!
[1548604610] SERVICE NOTIFICATION: nagiosadmin;db2;HDD_Root status;WARNING;notify-service-by-email;DISK WARNING - free space: / 9498 MB (18% inode=98%):
[1548605124] SERVICE NOTIFICATION: nagiosadmin;pservercluster2;Memory;CRITICAL;notify-service-by-email;CRITICAL - 0.8% (184628 kB) free!
[1548605150] SERVICE NOTIFICATION: nagiosadmin;smscapp1;CPU_Procs;CRITICAL;notify-service-by-email;CPU CRITICAL: 1 crit, 0 warn out of 306 processes
[1548605237] SERVICE NOTIFICATION: nagiosadmin;pservercluster2;HDD_Root status;WARNING;notify-service-by-email;DISK WARNING - free space: / 8081 MB (15% inode=98%):
[1548605295] SERVICE NOTIFICATION: nagiosadmin;pservercluster2;CPU_Procs;CRITICAL;notify-service-by-email;CPU CRITICAL: 1 crit, 4 warn out of 347 processes
[1548605757] SERVICE NOTIFICATION: nagiosadmin;sigqscluster1;CPU_Procs;CRITICAL;notify-service-by-email;CPU CRITICAL: 1 crit, 0 warn out of 335 processes
[1548605871] SERVICE NOTIFICATION: nagiosadmin;db1;HDD_Root status;WARNING;notify-service-by-email;DISK WARNING - free space: / 6603 MB (12% inode=99%):
[1548606072] SERVICE NOTIFICATION: nagiosadmin;smscapp1;HDD_Home status;CRITICAL;notify-service-by-email;DISK CRITICAL - free space: /home 18914 MB (8% inode=99%):
[1548606412] SERVICE NOTIFICATION: nagiosadmin;smscapp1;Memory;CRITICAL;notify-service-by-email;CRITICAL - 1.2% (197412 kB) free!
[1548606610] SERVICE NOTIFICATION: nagiosadmin;sigqscluster2;CPU_Procs;CRITICAL;notify-service-by-email;CPU CRITICAL: 1 crit, 0 warn out of 337 processes
[1548606724] SERVICE NOTIFICATION: nagiosadmin;qservercluster1;CPU_Procs;CRITICAL;notify-service-by-email;CPU CRITICAL: 1 crit, 0 warn out of 299 processes
[1548607086] SERVICE NOTIFICATION: nagiosadmin;qservercluster2;CPU_Procs;CRITICAL;notify-service-by-email;CPU CRITICAL: 1 crit, 0 warn out of 305 processes
[1548607098] SERVICE NOTIFICATION: nagiosadmin;smscapp2;CPU_Procs;WARNING;notify-service-by-email;CPU WARNING: 5 warn out of 332 processes
[1548607739] Auto-save of retention data completed successfully.
[1548607754] SERVICE NOTIFICATION: nagiosadmin;webservercluster2;Memory;WARNING;notify-service-by-email;WARNING - 13.3% (2168072 kB) free!
[1548608210] SERVICE NOTIFICATION: nagiosadmin;db2;HDD_Root status;WARNING;notify-service-by-email;DISK WARNING - free space: / 9286 MB (18% inode=98%):
[1548608724] SERVICE NOTIFICATION: nagiosadmin;pservercluster2;Memory;CRITICAL;notify-service-by-email;CRITICAL - 4.1% (996744 kB) free!
[1548608750] SERVICE NOTIFICATION: nagiosadmin;smscapp1;CPU_Procs;CRITICAL;notify-service-by-email;CPU CRITICAL: 1 crit, 0 warn out of 306 processes
[1548608837] SERVICE NOTIFICATION: nagiosadmin;pservercluster2;HDD_Root status;WARNING;notify-service-by-email;DISK WARNING - free space: / 8081 MB (15% inode=98%):
[1548608895] SERVICE NOTIFICATION: nagiosadmin;pservercluster2;CPU_Procs;CRITICAL;notify-service-by-email;CPU CRITICAL: 1 crit, 4 warn out of 347 processes
[1548609358] SERVICE NOTIFICATION: nagiosadmin;sigqscluster1;CPU_Procs;CRITICAL;notify-service-by-email;CPU CRITICAL: 1 crit, 0 warn out of 335 processes
[1548609471] SERVICE NOTIFICATION: nagiosadmin;db1;HDD_Root status;WARNING;notify-service-by-email;DISK WARNING - free space: / 6550 MB (12% inode=99%):
[1548610012] SERVICE NOTIFICATION: nagiosadmin;smscapp1;Memory;CRITICAL;notify-service-by-email;CRITICAL - 1.1% (173008 kB) free!
[1548610210] SERVICE NOTIFICATION: nagiosadmin;sigqscluster2;CPU_Procs;CRITICAL;notify-service-by-email;CPU CRITICAL: 1 crit, 0 warn out of 334 processes
[1548610271] SERVICE NOTIFICATION: nagiosadmin;smscapp1;HDD_Home status;CRITICAL;notify-service-by-email;DISK CRITICAL - free space: /home 18776 MB (8% inode=99%):
[1548610324] SERVICE NOTIFICATION: nagiosadmin;qservercluster1;CPU_Procs;CRITICAL;notify-service-by-email;CPU CRITICAL: 1 crit, 0 warn out of 301 processes
[1548610686] SERVICE NOTIFICATION: nagiosadmin;qservercluster2;CPU_Procs;CRITICAL;notify-service-by-email;CPU CRITICAL: 1 crit, 0 warn out of 303 processes
[1548610698] SERVICE NOTIFICATION: nagiosadmin;smscapp2;CPU_Procs;WARNING;notify-service-by-email;CPU WARNING: 5 warn out of 332 processes
[1548611339] Auto-save of retention data completed successfully.
[1548611354] SERVICE NOTIFICATION: nagiosadmin;webservercluster2;Memory;WARNING;notify-service-by-email;WARNING - 12.5% (2032904 kB) free!
[1548611810] SERVICE NOTIFICATION: nagiosadmin;db2;HDD_Root status;WARNING;notify-service-by-email;DISK WARNING - free space: / 9459 MB (18% inode=98%):
[1548611954] SERVICE NOTIFICATION: nagiosadmin;webservercluster2;Memory;CRITICAL;notify-service-by-email;CRITICAL - 1.0% (161552 kB) free!
[1548611954] SERVICE ALERT: webservercluster2;Memory;CRITICAL;HARD;3;CRITICAL - 1.0% (161552 kB) free!
[1548612324] SERVICE NOTIFICATION: nagiosadmin;pservercluster2;Memory;CRITICAL;notify-service-by-email;CRITICAL - 4.1% (1015848 kB) free!
[1548612350] SERVICE NOTIFICATION: nagiosadmin;smscapp1;CPU_Procs;CRITICAL;notify-service-by-email;CPU CRITICAL: 1 crit, 0 warn out of 306 processes
[1548612437] SERVICE NOTIFICATION: nagiosadmin;pservercluster2;HDD_Root status;WARNING;notify-service-by-email;DISK WARNING - free space: / 8081 MB (15% inode=98%):
[1548612495] SERVICE NOTIFICATION: nagiosadmin;pservercluster2;CPU_Procs;CRITICAL;notify-service-by-email;CPU CRITICAL: 1 crit, 2 warn out of 342 processes
[1548613071] SERVICE NOTIFICATION: nagiosadmin;db1;HDD_Root status;WARNING;notify-service-by-email;DISK WARNING - free space: / 6576 MB (12% inode=99%):
[1548613557] SERVICE NOTIFICATION: nagiosadmin;sigqscluster1;CPU_Procs;CRITICAL;notify-service-by-email;CPU CRITICAL: 1 crit, 0 warn out of 340 processes
[1548613612] SERVICE NOTIFICATION: nagiosadmin;smscapp1;Memory;CRITICAL;notify-service-by-email;CRITICAL - 1.1% (171944 kB) free!
