[1549477800] LOG ROTATION: DAILY
[1549477800] LOG VERSION: 2.0
[1549477800] CURRENT HOST STATE: db1;UP;HARD;1;PING OK - Packet loss = 0%, RTA = 0.44 ms
[1549477800] CURRENT HOST STATE: db2;UP;HARD;1;PING OK - Packet loss = 0%, RTA = 0.38 ms
[1549477800] CURRENT HOST STATE: primary-server;UP;HARD;1;PING OK - Packet loss = 0%, RTA = 0.45 ms
[1549477800] CURRENT HOST STATE: pservercluster1;UP;HARD;1;PING OK - Packet loss = 0%, RTA = 0.42 ms
[1549477800] CURRENT HOST STATE: pservercluster2;UP;HARD;1;PING OK - Packet loss = 0%, RTA = 0.31 ms
[1549477800] CURRENT HOST STATE: qservercluster1;UP;HARD;1;PING OK - Packet loss = 0%, RTA = 0.28 ms
[1549477800] CURRENT HOST STATE: qservercluster2;UP;HARD;1;PING OK - Packet loss = 0%, RTA = 0.29 ms
[1549477800] CURRENT HOST STATE: secondary-server;UP;HARD;1;PING OK - Packet loss = 0%, RTA = 0.38 ms
[1549477800] CURRENT HOST STATE: sig1;UP;HARD;1;PING OK - Packet loss = 0%, RTA = 0.47 ms
[1549477800] CURRENT HOST STATE: sig2;UP;HARD;1;PING OK - Packet loss = 0%, RTA = 0.46 ms
[1549477800] CURRENT HOST STATE: sig3;UP;HARD;1;PING OK - Packet loss = 0%, RTA = 0.46 ms
[1549477800] CURRENT HOST STATE: sig4;UP;HARD;1;PING OK - Packet loss = 0%, RTA = 0.41 ms
[1549477800] CURRENT HOST STATE: sig5;UP;HARD;1;PING OK - Packet loss = 0%, RTA = 0.41 ms
[1549477800] CURRENT HOST STATE: sig6;UP;HARD;1;PING OK - Packet loss = 0%, RTA = 0.44 ms
[1549477800] CURRENT HOST STATE: sigqscluster1;UP;HARD;1;PING OK - Packet loss = 0%, RTA = 0.33 ms
[1549477800] CURRENT HOST STATE: sigqscluster2;UP;HARD;1;PING OK - Packet loss = 0%, RTA = 0.29 ms
[1549477800] CURRENT HOST STATE: smscapp1;UP;HARD;1;PING OK - Packet loss = 0%, RTA = 0.29 ms
[1549477800] CURRENT HOST STATE: smscapp2;UP;HARD;1;PING OK - Packet loss = 0%, RTA = 0.25 ms
[1549477800] CURRENT HOST STATE: sservercluster1;UP;HARD;1;PING OK - Packet loss = 0%, RTA = 0.43 ms
[1549477800] CURRENT HOST STATE: sservercluster2;UP;HARD;1;PING OK - Packet loss = 0%, RTA = 0.45 ms
[1549477800] CURRENT HOST STATE: webserver1;UP;HARD;1;PING OK - Packet loss = 0%, RTA = 0.47 ms
[1549477800] CURRENT HOST STATE: webserver2;UP;HARD;1;PING OK - Packet loss = 0%, RTA = 0.07 ms
[1549477800] CURRENT HOST STATE: webservercluster1;UP;HARD;1;PING OK - Packet loss = 0%, RTA = 0.45 ms
[1549477800] CURRENT HOST STATE: webservercluster2;UP;HARD;1;PING OK - Packet loss = 0%, RTA = 0.34 ms
[1549477800] CURRENT SERVICE STATE: db1;CPU Load;OK;HARD;1;OK - load average: 0.77, 0.40, 0.33
[1549477800] CURRENT SERVICE STATE: db1;CPU_Procs;OK;HARD;1;CPU OK: 325 processes
[1549477800] CURRENT SERVICE STATE: db1;Current Users;OK;HARD;1;USERS OK - 2 users currently logged in
[1549477800] CURRENT SERVICE STATE: db1;HDD_Home status;OK;HARD;1;DISK OK - free space: /home 114168 MB (54% inode=99%):
[1549477800] CURRENT SERVICE STATE: db1;HDD_Root status;OK;HARD;1;DISK OK - free space: / 46438 MB (90% inode=99%):
[1549477800] CURRENT SERVICE STATE: db1;LocalService-NTPD SERVICE;OK;HARD;1;PROCS OK: 1 process with command name 'ntpd'
[1549477800] CURRENT SERVICE STATE: db1;Mariadb status;OK;HARD;1;PROCS OK: 1 process with command name 'mysqld'
[1549477800] CURRENT SERVICE STATE: db1;Memory;OK;HARD;1;OK - 79.5% (39173216 kB) free.
[1549477800] CURRENT SERVICE STATE: db1;Sensors Status;OK;HARD;1;SENSORS OK
[1549477800] CURRENT SERVICE STATE: db1;Total Processes;OK;HARD;1;PROCS OK: 326 processes
[1549477800] CURRENT SERVICE STATE: db2;CPU Load;OK;HARD;1;OK - load average: 1.95, 1.23, 0.87
[1549477800] CURRENT SERVICE STATE: db2;CPU_Procs;OK;HARD;1;CPU OK: 339 processes
[1549477800] CURRENT SERVICE STATE: db2;Current Users;OK;HARD;1;USERS OK - 7 users currently logged in
[1549477800] CURRENT SERVICE STATE: db2;HDD_Home status;OK;HARD;1;DISK OK - free space: /home 81906 MB (36% inode=99%):
[1549477800] CURRENT SERVICE STATE: db2;HDD_Root status;OK;HARD;1;DISK OK - free space: / 44579 MB (87% inode=99%):
[1549477800] CURRENT SERVICE STATE: db2;LocalService-NTPD SERVICE;OK;HARD;1;PROCS OK: 1 process with command name 'ntpd'
[1549477800] CURRENT SERVICE STATE: db2;Mariadb status;OK;HARD;1;PROCS OK: 1 process with command name 'mysqld'
[1549477800] CURRENT SERVICE STATE: db2;Memory;OK;HARD;1;OK - 44.0% (21663124 kB) free.
[1549477800] CURRENT SERVICE STATE: db2;Sensors Status;OK;HARD;1;SENSORS OK
[1549477800] CURRENT SERVICE STATE: db2;Total Processes;OK;HARD;1;PROCS OK: 340 processes
[1549477800] CURRENT SERVICE STATE: primary-server;CPU Load;OK;HARD;1;OK - load average: 0.80, 0.84, 0.59
[1549477800] CURRENT SERVICE STATE: primary-server;CPU_Procs;OK;HARD;1;CPU OK: 344 processes
[1549477800] CURRENT SERVICE STATE: primary-server;Current Users;OK;HARD;1;USERS OK - 2 users currently logged in
[1549477800] CURRENT SERVICE STATE: primary-server;HDD_Home status;OK;HARD;1;DISK OK - free space: /home 224687 MB (99% inode=99%):
[1549477800] CURRENT SERVICE STATE: primary-server;HDD_Root status;OK;HARD;1;DISK OK - free space: / 41266 MB (80% inode=99%):
[1549477800] CURRENT SERVICE STATE: primary-server;LocalService-NTPD SERVICE;OK;HARD;1;PROCS OK: 1 process with command name 'ntpd'
[1549477800] CURRENT SERVICE STATE: primary-server;Memory;OK;HARD;1;OK - 69.5% (17032492 kB) free.
[1549477800] CURRENT SERVICE STATE: primary-server;Nginx Status;OK;HARD;1;NGINX OK -  0.090 sec. response time, Active: 0 (Writing: 0 Reading: 0 Waiting: 0) ReqPerSec: 0.000 ConnPerSec: 0.000 ReqPerConn: 0.000
[1549477800] CURRENT SERVICE STATE: primary-server;Sensors Status;OK;HARD;1;SENSORS OK
[1549477800] CURRENT SERVICE STATE: primary-server;Total Processes;OK;HARD;1;PROCS OK: 343 processes
[1549477800] CURRENT SERVICE STATE: pservercluster1;CPU Load;OK;HARD;1;OK - load average: 0.00, 0.01, 0.05
[1549477800] CURRENT SERVICE STATE: pservercluster1;CPU_Procs;OK;HARD;1;CPU OK: 321 processes
[1549477800] CURRENT SERVICE STATE: pservercluster1;Current Users;OK;HARD;1;USERS OK - 4 users currently logged in
[1549477800] CURRENT SERVICE STATE: pservercluster1;HDD_Home status;OK;HARD;1;DISK OK - free space: /home 220615 MB (99% inode=99%):
[1549477800] CURRENT SERVICE STATE: pservercluster1;HDD_Root status;OK;HARD;1;DISK OK - free space: / 40358 MB (78% inode=99%):
[1549477800] CURRENT SERVICE STATE: pservercluster1;LocalService-NTPD SERVICE;OK;HARD;1;PROCS OK: 1 process with command name 'ntpd'
[1549477800] CURRENT SERVICE STATE: pservercluster1;Memory;OK;HARD;1;OK - 94.6% (23342608 kB) free.
[1549477800] CURRENT SERVICE STATE: pservercluster1;Sensors Status;OK;HARD;1;SENSORS OK
[1549477800] CURRENT SERVICE STATE: pservercluster1;Total Processes;OK;HARD;1;PROCS OK: 319 processes
[1549477800] CURRENT SERVICE STATE: pservercluster2;CPU Load;OK;HARD;1;OK - load average: 1.53, 1.63, 1.66
[1549477800] CURRENT SERVICE STATE: pservercluster2;CPU_Procs;OK;HARD;1;CPU OK: 374 processes
[1549477800] CURRENT SERVICE STATE: pservercluster2;Current Users;OK;HARD;1;USERS OK - 15 users currently logged in
[1549477800] CURRENT SERVICE STATE: pservercluster2;HDD_Home status;OK;HARD;1;DISK OK - free space: /home 95178 MB (42% inode=99%):
[1549477800] CURRENT SERVICE STATE: pservercluster2;HDD_Root status;WARNING;HARD;3;DISK WARNING - free space: / 7467 MB (14% inode=98%):
[1549477800] CURRENT SERVICE STATE: pservercluster2;LocalService-NTPD SERVICE;OK;HARD;1;PROCS OK: 1 process with command name 'ntpd'
[1549477800] CURRENT SERVICE STATE: pservercluster2;Memory;CRITICAL;HARD;3;CRITICAL - 0.8% (203196 kB) free!
[1549477800] CURRENT SERVICE STATE: pservercluster2;Sensors Status;OK;HARD;1;SENSORS OK
[1549477800] CURRENT SERVICE STATE: pservercluster2;Total Processes;OK;HARD;1;PROCS OK: 374 processes
[1549477800] CURRENT SERVICE STATE: qservercluster1;CPU Load;WARNING;HARD;3;WARNING - load average: 15.77, 15.48, 15.28
[1549477800] CURRENT SERVICE STATE: qservercluster1;CPU_Procs;CRITICAL;HARD;3;CPU CRITICAL: 1 crit, 0 warn out of 304 processes
[1549477800] CURRENT SERVICE STATE: qservercluster1;Current Users;OK;HARD;1;USERS OK - 0 users currently logged in
[1549477800] CURRENT SERVICE STATE: qservercluster1;HDD_Home status;OK;HARD;1;DISK OK - free space: /home 224641 MB (99% inode=99%):
[1549477800] CURRENT SERVICE STATE: qservercluster1;HDD_Root status;OK;HARD;1;DISK OK - free space: / 41223 MB (80% inode=99%):
[1549477800] CURRENT SERVICE STATE: qservercluster1;LocalService-NTPD SERVICE;OK;HARD;1;PROCS OK: 1 process with command name 'ntpd'
[1549477800] CURRENT SERVICE STATE: qservercluster1;Memory;OK;HARD;1;OK - 89.2% (43916432 kB) free.
[1549477800] CURRENT SERVICE STATE: qservercluster1;Sensors Status;OK;HARD;1;SENSORS OK
[1549477800] CURRENT SERVICE STATE: qservercluster1;Total Processes;OK;HARD;1;PROCS OK: 307 processes
[1549477800] CURRENT SERVICE STATE: qservercluster2;CPU Load;WARNING;HARD;3;WARNING - load average: 5.70, 5.44, 5.38
[1549477800] CURRENT SERVICE STATE: qservercluster2;CPU_Procs;CRITICAL;HARD;3;CPU CRITICAL: 1 crit, 0 warn out of 304 processes
[1549477800] CURRENT SERVICE STATE: qservercluster2;Current Users;OK;HARD;1;USERS OK - 0 users currently logged in
[1549477800] CURRENT SERVICE STATE: qservercluster2;HDD_Home status;OK;HARD;1;DISK OK - free space: /home 224577 MB (99% inode=99%):
[1549477800] CURRENT SERVICE STATE: qservercluster2;HDD_Root status;OK;HARD;1;DISK OK - free space: / 40157 MB (78% inode=98%):
[1549477800] CURRENT SERVICE STATE: qservercluster2;LocalService-NTPD SERVICE;OK;HARD;1;PROCS OK: 1 process with command name 'ntpd'
[1549477800] CURRENT SERVICE STATE: qservercluster2;Memory;OK;HARD;1;OK - 94.8% (46715940 kB) free.
[1549477800] CURRENT SERVICE STATE: qservercluster2;Sensors Status;OK;HARD;1;SENSORS OK
[1549477800] CURRENT SERVICE STATE: qservercluster2;Total Processes;OK;HARD;1;PROCS OK: 301 processes
[1549477800] CURRENT SERVICE STATE: secondary-server;CPU Load;OK;HARD;1;OK - load average: 0.00, 0.01, 0.05
[1549477800] CURRENT SERVICE STATE: secondary-server;CPU_Procs;OK;HARD;1;CPU OK: 343 processes
[1549477800] CURRENT SERVICE STATE: secondary-server;Current Users;OK;HARD;1;USERS OK - 2 users currently logged in
[1549477800] CURRENT SERVICE STATE: secondary-server;HDD_Home status;OK;HARD;1;DISK OK - free space: /home 224704 MB (99% inode=99%):
[1549477800] CURRENT SERVICE STATE: secondary-server;HDD_Root status;OK;HARD;1;DISK OK - free space: / 41202 MB (80% inode=99%):
[1549477800] CURRENT SERVICE STATE: secondary-server;LocalService-NTPD SERVICE;OK;HARD;1;PROCS OK: 1 process with command name 'ntpd'
[1549477800] CURRENT SERVICE STATE: secondary-server;Memory Status;OK;HARD;1;OK - 70.1% (17178912 kB) free.
[1549477800] CURRENT SERVICE STATE: secondary-server;Nginx Status;OK;HARD;1;NGINX OK -  0.086 sec. response time, Active: 0 (Writing: 0 Reading: 0 Waiting: 0) ReqPerSec: 0.000 ConnPerSec: 0.000 ReqPerConn: 0.000
[1549477800] CURRENT SERVICE STATE: secondary-server;Sensors Status;OK;HARD;1;SENSORS OK
[1549477800] CURRENT SERVICE STATE: secondary-server;Total Processes;OK;HARD;1;PROCS OK: 342 processes
[1549477800] CURRENT SERVICE STATE: sig1;CPU Load;OK;HARD;1;OK - load average: 0.00, 0.01, 0.05
[1549477800] CURRENT SERVICE STATE: sig1;CPU_Procs;OK;HARD;1;CPU OK: 313 processes
[1549477800] CURRENT SERVICE STATE: sig1;Current Users;OK;HARD;1;USERS OK - 0 users currently logged in
[1549477800] CURRENT SERVICE STATE: sig1;HDD_Home status;OK;HARD;1;DISK OK - free space: /home 182348 MB (81% inode=99%):
[1549477800] CURRENT SERVICE STATE: sig1;HDD_Root status;OK;HARD;1;DISK OK - free space: / 30546 MB (59% inode=98%):
[1549477800] CURRENT SERVICE STATE: sig1;LocalService-NTPD SERVICE;OK;HARD;1;PROCS OK: 1 process with command name 'ntpd'
[1549477800] CURRENT SERVICE STATE: sig1;Memory;OK;HARD;1;OK - 59.2% (9627064 kB) free.
[1549477800] CURRENT SERVICE STATE: sig1;Sensors Status;OK;HARD;1;SENSORS OK
[1549477800] CURRENT SERVICE STATE: sig1;Total Processes;OK;HARD;1;PROCS OK: 315 processes
[1549477800] CURRENT SERVICE STATE: sig2;CPU Load;OK;HARD;1;OK - load average: 0.93, 0.58, 0.28
[1549477800] CURRENT SERVICE STATE: sig2;CPU_Procs;OK;HARD;1;CPU OK: 354 processes
[1549477800] CURRENT SERVICE STATE: sig2;Current Users;OK;HARD;1;USERS OK - 2 users currently logged in
[1549477800] CURRENT SERVICE STATE: sig2;HDD_Home status;OK;HARD;1;DISK OK - free space: /home 199881 MB (88% inode=99%):
[1549477800] CURRENT SERVICE STATE: sig2;HDD_Root status;OK;HARD;1;DISK OK - free space: / 29352 MB (57% inode=98%):
[1549477800] CURRENT SERVICE STATE: sig2;LocalService-NTPD SERVICE;OK;HARD;1;PROCS OK: 1 process with command name 'ntpd'
[1549477800] CURRENT SERVICE STATE: sig2;Memory;OK;HARD;1;OK - 43.6% (7086740 kB) free.
[1549477800] CURRENT SERVICE STATE: sig2;Sensors Status;OK;HARD;1;SENSORS OK
[1549477800] CURRENT SERVICE STATE: sig2;Total Processes;OK;HARD;1;PROCS OK: 354 processes
[1549477800] CURRENT SERVICE STATE: sig3;CPU Load;OK;HARD;1;OK - load average: 0.94, 0.86, 0.56
[1549477800] CURRENT SERVICE STATE: sig3;CPU_Procs;OK;HARD;1;CPU OK: 354 processes
[1549477800] CURRENT SERVICE STATE: sig3;Current Users;OK;HARD;1;USERS OK - 2 users currently logged in
[1549477800] CURRENT SERVICE STATE: sig3;HDD_Home status;OK;HARD;1;DISK OK - free space: /home 206394 MB (91% inode=99%):
[1549477800] CURRENT SERVICE STATE: sig3;HDD_Root status;OK;HARD;1;DISK OK - free space: / 29583 MB (57% inode=98%):
[1549477800] CURRENT SERVICE STATE: sig3;LocalService-NTPD SERVICE;OK;HARD;1;PROCS OK: 1 process with command name 'ntpd'
[1549477800] CURRENT SERVICE STATE: sig3;Memory;OK;HARD;1;OK - 44.4% (7216448 kB) free.
[1549477800] CURRENT SERVICE STATE: sig3;Sensors Status;OK;HARD;1;SENSORS OK
[1549477800] CURRENT SERVICE STATE: sig3;Total Processes;OK;HARD;1;PROCS OK: 354 processes
[1549477800] CURRENT SERVICE STATE: sig4;CPU Load;OK;HARD;1;OK - load average: 0.01, 0.03, 0.11
[1549477800] CURRENT SERVICE STATE: sig4;CPU_Procs;OK;HARD;1;CPU OK: 334 processes
[1549477800] CURRENT SERVICE STATE: sig4;Current Users;OK;HARD;1;USERS OK - 2 users currently logged in
[1549477800] CURRENT SERVICE STATE: sig4;HDD_Home status;OK;HARD;1;DISK OK - free space: /home 209789 MB (93% inode=99%):
[1549477800] CURRENT SERVICE STATE: sig4;HDD_Root status;OK;HARD;1;DISK OK - free space: / 28997 MB (56% inode=98%):
[1549477800] CURRENT SERVICE STATE: sig4;LocalService-NTPD SERVICE;OK;HARD;1;PROCS OK: 1 process with command name 'ntpd'
[1549477800] CURRENT SERVICE STATE: sig4;Memory;OK;HARD;1;OK - 42.0% (6830200 kB) free.
[1549477800] CURRENT SERVICE STATE: sig4;Sensors Status;OK;HARD;1;SENSORS OK
[1549477800] CURRENT SERVICE STATE: sig4;Total Processes;OK;HARD;1;PROCS OK: 336 processes
[1549477800] CURRENT SERVICE STATE: sig5;CPU Load;OK;HARD;1;OK - load average: 0.00, 0.01, 0.05
[1549477800] CURRENT SERVICE STATE: sig5;CPU_Procs;OK;HARD;1;CPU OK: 336 processes
[1549477800] CURRENT SERVICE STATE: sig5;Current Users;OK;HARD;1;USERS OK - 1 users currently logged in
[1549477800] CURRENT SERVICE STATE: sig5;HDD_Home status;OK;HARD;1;DISK OK - free space: /home 220542 MB (98% inode=99%):
[1549477800] CURRENT SERVICE STATE: sig5;HDD_Root status;OK;HARD;1;DISK OK - free space: / 37865 MB (73% inode=98%):
[1549477800] CURRENT SERVICE STATE: sig5;LocalService-NTPD SERVICE;OK;HARD;1;PROCS OK: 1 process with command name 'ntpd'
[1549477800] CURRENT SERVICE STATE: sig5;Memory;OK;HARD;1;OK - 77.4% (12576092 kB) free.
[1549477800] CURRENT SERVICE STATE: sig5;Sensors Status;OK;HARD;1;SENSORS OK
[1549477800] CURRENT SERVICE STATE: sig5;Total Processes;OK;HARD;1;PROCS OK: 336 processes
[1549477800] CURRENT SERVICE STATE: sig6;CPU Load;OK;HARD;1;OK - load average: 1.05, 0.92, 0.66
[1549477800] CURRENT SERVICE STATE: sig6;CPU_Procs;OK;HARD;1;CPU OK: 352 processes
[1549477800] CURRENT SERVICE STATE: sig6;Current Users;OK;HARD;1;USERS OK - 3 users currently logged in
[1549477800] CURRENT SERVICE STATE: sig6;HDD_Home status;OK;HARD;1;DISK OK - free space: /home 212988 MB (94% inode=99%):
[1549477800] CURRENT SERVICE STATE: sig6;HDD_Root status;OK;HARD;1;DISK OK - free space: / 27093 MB (52% inode=98%):
[1549477800] CURRENT SERVICE STATE: sig6;LocalService-NTPD SERVICE;OK;HARD;1;PROCS OK: 1 process with command name 'ntpd'
[1549477800] CURRENT SERVICE STATE: sig6;Memory;OK;HARD;1;OK - 85.1% (13836068 kB) free.
[1549477800] CURRENT SERVICE STATE: sig6;Sensors Status;OK;HARD;1;SENSORS OK
[1549477800] CURRENT SERVICE STATE: sig6;Total Processes;OK;HARD;1;PROCS OK: 353 processes
[1549477800] CURRENT SERVICE STATE: sigqscluster1;CPU Load;OK;HARD;1;OK - load average: 0.52, 0.50, 0.56
[1549477800] CURRENT SERVICE STATE: sigqscluster1;CPU_Procs;OK;HARD;1;CPU OK: 337 processes
[1549477800] CURRENT SERVICE STATE: sigqscluster1;Current Users;OK;HARD;1;USERS OK - 2 users currently logged in
[1549477800] CURRENT SERVICE STATE: sigqscluster1;HDD_Home status;OK;HARD;1;DISK OK - free space: /home 224579 MB (99% inode=99%):
[1549477800] CURRENT SERVICE STATE: sigqscluster1;HDD_Root status;OK;HARD;1;DISK OK - free space: / 41156 MB (80% inode=99%):
[1549477800] CURRENT SERVICE STATE: sigqscluster1;LocalService-NTPD SERVICE;OK;HARD;1;PROCS OK: 1 process with command name 'ntpd'
[1549477800] CURRENT SERVICE STATE: sigqscluster1;Memory;OK;HARD;1;OK - 89.3% (44019220 kB) free.
[1549477800] CURRENT SERVICE STATE: sigqscluster1;Sensors Status;OK;HARD;1;SENSORS OK
[1549477800] CURRENT SERVICE STATE: sigqscluster1;Total Processes;OK;HARD;1;PROCS OK: 336 processes
[1549477800] CURRENT SERVICE STATE: sigqscluster2;CPU Load;OK;HARD;1;OK - load average: 1.48, 1.38, 1.38
[1549477800] CURRENT SERVICE STATE: sigqscluster2;CPU_Procs;OK;HARD;1;CPU OK: 335 processes
[1549477800] CURRENT SERVICE STATE: sigqscluster2;Current Users;OK;HARD;1;USERS OK - 2 users currently logged in
[1549477800] CURRENT SERVICE STATE: sigqscluster2;HDD_Home status;OK;HARD;1;DISK OK - free space: /home 224577 MB (99% inode=99%):
[1549477800] CURRENT SERVICE STATE: sigqscluster2;HDD_Root status;OK;HARD;1;DISK OK - free space: / 41180 MB (80% inode=99%):
[1549477800] CURRENT SERVICE STATE: sigqscluster2;LocalService-NTPD SERVICE;OK;HARD;1;PROCS OK: 1 process with command name 'ntpd'
[1549477800] CURRENT SERVICE STATE: sigqscluster2;Memory;OK;HARD;1;OK - 90.0% (44341544 kB) free.
[1549477800] CURRENT SERVICE STATE: sigqscluster2;Sensors Status;OK;HARD;1;SENSORS OK
[1549477800] CURRENT SERVICE STATE: sigqscluster2;Total Processes;OK;HARD;1;PROCS OK: 334 processes
[1549477800] CURRENT SERVICE STATE: smscapp1;CPU Load;OK;HARD;1;OK - load average: 1.05, 1.31, 1.30
[1549477800] CURRENT SERVICE STATE: smscapp1;CPU_Procs;OK;HARD;1;CPU OK: 315 processes
[1549477800] CURRENT SERVICE STATE: smscapp1;Current Users;OK;HARD;1;USERS OK - 2 users currently logged in
[1549477800] CURRENT SERVICE STATE: smscapp1;HDD_Home status;OK;HARD;1;DISK OK - free space: /home 143068 MB (63% inode=99%):
[1549477800] CURRENT SERVICE STATE: smscapp1;HDD_Root status;OK;HARD;1;DISK OK - free space: / 39153 MB (76% inode=98%):
[1549477800] CURRENT SERVICE STATE: smscapp1;LocalService-NTPD SERVICE;OK;HARD;1;PROCS OK: 1 process with command name 'ntpd'
[1549477800] CURRENT SERVICE STATE: smscapp1;Memory;OK;HARD;1;OK - 53.7% (8726608 kB) free.
[1549477800] CURRENT SERVICE STATE: smscapp1;Sensors Status;OK;HARD;1;SENSORS OK
[1549477800] CURRENT SERVICE STATE: smscapp1;Total Processes;OK;HARD;1;PROCS OK: 315 processes
[1549477800] CURRENT SERVICE STATE: smscapp2;CPU Load;OK;HARD;1;OK - load average: 0.55, 0.79, 0.85
[1549477800] CURRENT SERVICE STATE: smscapp2;CPU_Procs;OK;HARD;1;CPU OK: 344 processes
[1549477800] CURRENT SERVICE STATE: smscapp2;Current Users;OK;HARD;1;USERS OK - 3 users currently logged in
[1549477800] CURRENT SERVICE STATE: smscapp2;HDD_Home status;OK;HARD;1;DISK OK - free space: /home 70562 MB (31% inode=99%):
[1549477800] CURRENT SERVICE STATE: smscapp2;HDD_Root status;OK;HARD;1;DISK OK - free space: / 39002 MB (76% inode=98%):
[1549477800] CURRENT SERVICE STATE: smscapp2;LocalService-NTPD SERVICE;OK;HARD;1;PROCS OK: 1 process with command name 'ntpd'
[1549477800] CURRENT SERVICE STATE: smscapp2;Memory;OK;HARD;1;OK - 72.4% (11769928 kB) free.
[1549477800] CURRENT SERVICE STATE: smscapp2;Sensors Status;OK;HARD;1;SENSORS OK
[1549477800] CURRENT SERVICE STATE: smscapp2;Total Processes;OK;HARD;1;PROCS OK: 343 processes
[1549477800] CURRENT SERVICE STATE: sservercluster1;CPU Load;OK;HARD;1;OK - load average: 0.00, 0.01, 0.05
[1549477800] CURRENT SERVICE STATE: sservercluster1;CPU_Procs;OK;HARD;1;CPU OK: 308 processes
[1549477800] CURRENT SERVICE STATE: sservercluster1;Current Users;OK;HARD;1;USERS OK - 2 users currently logged in
[1549477800] CURRENT SERVICE STATE: sservercluster1;HDD_Home status;OK;HARD;1;DISK OK - free space: /home 211080 MB (95% inode=99%):
[1549477800] CURRENT SERVICE STATE: sservercluster1;HDD_Root status;OK;HARD;1;DISK OK - free space: / 41484 MB (81% inode=99%):
[1549477800] CURRENT SERVICE STATE: sservercluster1;LocalService-NTPD SERVICE;OK;HARD;1;PROCS OK: 1 process with command name 'ntpd'
[1549477800] CURRENT SERVICE STATE: sservercluster1;Memory;OK;HARD;1;OK - 49.9% (12229468 kB) free.
[1549477800] CURRENT SERVICE STATE: sservercluster1;Sensors Status;OK;HARD;1;SENSORS OK
[1549477800] CURRENT SERVICE STATE: sservercluster1;Total Processes;OK;HARD;1;PROCS OK: 308 processes
[1549477800] CURRENT SERVICE STATE: sservercluster2;CPU Load;OK;HARD;1;OK - load average: 0.00, 0.01, 0.05
[1549477800] CURRENT SERVICE STATE: sservercluster2;CPU_Procs;OK;HARD;1;CPU OK: 321 processes
[1549477800] CURRENT SERVICE STATE: sservercluster2;Current Users;OK;HARD;1;USERS OK - 2 users currently logged in
[1549477800] CURRENT SERVICE STATE: sservercluster2;HDD_Home status;OK;HARD;1;DISK OK - free space: /home 219756 MB (99% inode=99%):
[1549477800] CURRENT SERVICE STATE: sservercluster2;HDD_Root status;OK;HARD;1;DISK OK - free space: / 41221 MB (80% inode=99%):
[1549477800] CURRENT SERVICE STATE: sservercluster2;LocalService-NTPD SERVICE;OK;HARD;1;PROCS OK: 1 process with command name 'ntpd'
[1549477800] CURRENT SERVICE STATE: sservercluster2;Memory;OK;HARD;1;OK - 93.0% (22803336 kB) free.
[1549477800] CURRENT SERVICE STATE: sservercluster2;Sensors Status;OK;HARD;1;SENSORS OK
[1549477800] CURRENT SERVICE STATE: sservercluster2;Total Processes;OK;HARD;1;PROCS OK: 321 processes
[1549477800] CURRENT SERVICE STATE: webserver1;CPU Load;OK;HARD;1;OK - load average: 0.00, 0.01, 0.05
[1549477800] CURRENT SERVICE STATE: webserver1;CPU_Procs;OK;HARD;1;CPU OK: 318 processes
[1549477800] CURRENT SERVICE STATE: webserver1;Current Users;OK;HARD;1;USERS OK - 0 users currently logged in
[1549477800] CURRENT SERVICE STATE: webserver1;HDD_Home status;OK;HARD;1;DISK OK - free space: /home 224832 MB (99% inode=99%):
[1549477800] CURRENT SERVICE STATE: webserver1;HDD_Root status;OK;HARD;1;DISK OK - free space: / 40986 MB (80% inode=99%):
[1549477800] CURRENT SERVICE STATE: webserver1;LocalService-NTPD SERVICE;OK;HARD;1;PROCS OK: 1 process with command name 'ntpd'
[1549477800] CURRENT SERVICE STATE: webserver1;Memory;OK;HARD;1;OK - 92.6% (22656868 kB) free.
[1549477800] CURRENT SERVICE STATE: webserver1;Nginx_status;OK;HARD;1;NGINX OK -  0.081 sec. response time, Active: 0 (Writing: 0 Reading: 0 Waiting: 0) ReqPerSec: 0.000 ConnPerSec: 0.000 ReqPerConn: 0.000
[1549477800] CURRENT SERVICE STATE: webserver1;Sensors Status;OK;HARD;1;SENSORS OK
[1549477800] CURRENT SERVICE STATE: webserver1;Total Processes;OK;HARD;1;PROCS OK: 318 processes
[1549477800] CURRENT SERVICE STATE: webserver2;CPU_Procs;OK;HARD;1;CPU OK: 528 processes
[1549477800] CURRENT SERVICE STATE: webserver2;Current Load;OK;HARD;1;OK - load average: 0.85, 0.86, 0.65
[1549477800] CURRENT SERVICE STATE: webserver2;Current Users;OK;HARD;1;USERS OK - 32 users currently logged in
[1549477800] CURRENT SERVICE STATE: webserver2;HDD_Home status;OK;HARD;1;DISK OK - free space: /home 207604 MB (92.37% inode=100%):
[1549477800] CURRENT SERVICE STATE: webserver2;HTTP;OK;HARD;1;HTTP OK: HTTP/1.1 200 OK - 355 bytes in 0.002 second response time
[1549477800] CURRENT SERVICE STATE: webserver2;LocalService-NTPD SERVICE;OK;HARD;1;PROCS OK: 1 process with command name 'ntpd'
[1549477800] CURRENT SERVICE STATE: webserver2;Memory;OK;HARD;1;OK - 61.8% (15139592 kB) free.
[1549477800] CURRENT SERVICE STATE: webserver2;PING;OK;HARD;1;PING OK - Packet loss = 0%, RTA = 0.06 ms
[1549477800] CURRENT SERVICE STATE: webserver2;Root Partition;OK;HARD;1;DISK OK - free space: / 35264 MB (68.90% inode=99%):
[1549477800] CURRENT SERVICE STATE: webserver2;SSH;OK;HARD;1;SSH OK - OpenSSH_7.4 (protocol 2.0)
[1549477800] CURRENT SERVICE STATE: webserver2;Sensors Status;OK;HARD;1;SENSORS OK
[1549477800] CURRENT SERVICE STATE: webserver2;Total Processes;OK;HARD;1;PROCS OK: 174 processes with STATE = RSZDT
[1549477800] CURRENT SERVICE STATE: webservercluster1;CPU Load;OK;HARD;1;OK - load average: 0.03, 0.04, 0.05
[1549477800] CURRENT SERVICE STATE: webservercluster1;CPU_Procs;OK;HARD;1;CPU OK: 315 processes
[1549477800] CURRENT SERVICE STATE: webservercluster1;Current Users;OK;HARD;1;USERS OK - 2 users currently logged in
[1549477800] CURRENT SERVICE STATE: webservercluster1;HDD_Home status;OK;HARD;1;DISK OK - free space: / 33495 MB (65% inode=99%):
[1549477800] CURRENT SERVICE STATE: webservercluster1;HDD_Root status;OK;HARD;1;DISK OK - free space: /home 219261 MB (97% inode=99%):
[1549477800] CURRENT SERVICE STATE: webservercluster1;LocalService-NTPD SERVICE;OK;HARD;1;PROCS OK: 1 process with command name 'ntpd'
[1549477800] CURRENT SERVICE STATE: webservercluster1;Memory;OK;HARD;1;OK - 44.9% (7290948 kB) free.
[1549477800] CURRENT SERVICE STATE: webservercluster1;Sensors Status;OK;HARD;1;SENSORS OK
[1549477800] CURRENT SERVICE STATE: webservercluster1;Total Processes;OK;HARD;1;PROCS OK: 313 processes
[1549477800] CURRENT SERVICE STATE: webservercluster2;CPU Load;OK;HARD;1;OK - load average: 0.12, 0.09, 0.05
[1549477800] CURRENT SERVICE STATE: webservercluster2;CPU_Procs;OK;HARD;1;CPU OK: 320 processes
[1549477800] CURRENT SERVICE STATE: webservercluster2;Current Users;OK;HARD;1;USERS OK - 10 users currently logged in
[1549477800] CURRENT SERVICE STATE: webservercluster2;HDD_Home status;OK;HARD;1;DISK OK - free space: /home 94874 MB (42% inode=99%):
[1549477800] CURRENT SERVICE STATE: webservercluster2;HDD_Root status;OK;HARD;1;DISK OK - free space: / 40513 MB (79% inode=99%):
[1549477800] CURRENT SERVICE STATE: webservercluster2;LocalService-NTPD SERVICE;OK;HARD;1;PROCS OK: 1 process with command name 'ntpd'
[1549477800] CURRENT SERVICE STATE: webservercluster2;Memory;OK;HARD;1;OK - 92.7% (15066112 kB) free.
[1549477800] CURRENT SERVICE STATE: webservercluster2;Sensors Status;OK;HARD;1;SENSORS OK
[1549477800] CURRENT SERVICE STATE: webservercluster2;Total Processes;OK;HARD;1;PROCS OK: 321 processes
[1549477856] SERVICE NOTIFICATION: nagiosadmin;qservercluster2;CPU Load;WARNING;notify-service-by-email;WARNING - load average: 6.23, 5.75, 5.54
[1549477928] SERVICE NOTIFICATION: nagiosadmin;qservercluster1;CPU_Procs;CRITICAL;notify-service-by-email;CPU CRITICAL: 1 crit, 0 warn out of 303 processes
[1549478802] SERVICE ALERT: db2;CPU_Procs;CRITICAL;SOFT;1;CPU CRITICAL: 1 crit, 0 warn out of 338 processes
[1549478837] SERVICE NOTIFICATION: nagiosadmin;pservercluster2;HDD_Root status;WARNING;notify-service-by-email;DISK WARNING - free space: / 7466 MB (14% inode=98%):
[1549478886] SERVICE NOTIFICATION: nagiosadmin;qservercluster2;CPU_Procs;CRITICAL;notify-service-by-email;CPU CRITICAL: 1 crit, 0 warn out of 301 processes
[1549478922] SERVICE ALERT: db2;CPU_Procs;CRITICAL;SOFT;2;CPU CRITICAL: 1 crit, 0 warn out of 338 processes
[1549478939] Auto-save of retention data completed successfully.
[1549478973] SERVICE NOTIFICATION: nagiosadmin;qservercluster1;CPU Load;WARNING;notify-service-by-email;WARNING - load average: 15.01, 15.18, 15.14
[1549479042] SERVICE ALERT: db2;CPU_Procs;OK;HARD;1;CPU OK: 341 processes
[1549480128] SERVICE NOTIFICATION: nagiosadmin;pservercluster2;Memory;CRITICAL;notify-service-by-email;CRITICAL - 0.8% (202696 kB) free!
[1549481528] SERVICE NOTIFICATION: nagiosadmin;qservercluster1;CPU_Procs;CRITICAL;notify-service-by-email;CPU CRITICAL: 1 crit, 0 warn out of 299 processes
[1549482042] SERVICE ALERT: db2;CPU_Procs;CRITICAL;SOFT;1;CPU CRITICAL: 1 crit, 0 warn out of 341 processes
[1549482055] SERVICE NOTIFICATION: nagiosadmin;qservercluster2;CPU Load;WARNING;notify-service-by-email;WARNING - load average: 5.05, 5.34, 5.43
[1549482162] SERVICE ALERT: db2;CPU_Procs;CRITICAL;SOFT;2;CPU CRITICAL: 1 crit, 0 warn out of 338 processes
[1549482282] SERVICE ALERT: db2;CPU_Procs;OK;HARD;1;CPU OK: 337 processes
[1549482437] SERVICE NOTIFICATION: nagiosadmin;pservercluster2;HDD_Root status;WARNING;notify-service-by-email;DISK WARNING - free space: / 7467 MB (14% inode=98%):
[1549482486] SERVICE NOTIFICATION: nagiosadmin;qservercluster2;CPU_Procs;CRITICAL;notify-service-by-email;CPU CRITICAL: 1 crit, 0 warn out of 300 processes
[1549482539] Auto-save of retention data completed successfully.
[1549482573] SERVICE NOTIFICATION: nagiosadmin;qservercluster1;CPU Load;WARNING;notify-service-by-email;WARNING - load average: 14.73, 14.95, 14.92
[1549483728] SERVICE NOTIFICATION: nagiosadmin;pservercluster2;Memory;CRITICAL;notify-service-by-email;CRITICAL - 0.9% (221788 kB) free!
[1549485128] SERVICE NOTIFICATION: nagiosadmin;qservercluster1;CPU_Procs;CRITICAL;notify-service-by-email;CPU CRITICAL: 1 crit, 0 warn out of 301 processes
[1549485282] SERVICE ALERT: db2;CPU_Procs;CRITICAL;SOFT;1;CPU CRITICAL: 1 crit, 0 warn out of 339 processes
[1549485402] SERVICE ALERT: db2;CPU_Procs;CRITICAL;SOFT;2;CPU CRITICAL: 1 crit, 0 warn out of 338 processes
[1549485522] SERVICE ALERT: db2;CPU_Procs;OK;HARD;1;CPU OK: 337 processes
[1549485655] SERVICE NOTIFICATION: nagiosadmin;qservercluster2;CPU Load;WARNING;notify-service-by-email;WARNING - load average: 5.25, 5.55, 5.52
[1549486037] SERVICE NOTIFICATION: nagiosadmin;pservercluster2;HDD_Root status;WARNING;notify-service-by-email;DISK WARNING - free space: / 7466 MB (14% inode=98%):
[1549486086] SERVICE NOTIFICATION: nagiosadmin;qservercluster2;CPU_Procs;CRITICAL;notify-service-by-email;CPU CRITICAL: 1 crit, 0 warn out of 300 processes
[1549486139] Auto-save of retention data completed successfully.
[1549486173] SERVICE NOTIFICATION: nagiosadmin;qservercluster1;CPU Load;WARNING;notify-service-by-email;WARNING - load average: 14.28, 14.65, 14.80
[1549487328] SERVICE NOTIFICATION: nagiosadmin;pservercluster2;Memory;CRITICAL;notify-service-by-email;CRITICAL - 1.8% (430600 kB) free!
[1549488522] SERVICE ALERT: db2;CPU_Procs;CRITICAL;SOFT;1;CPU CRITICAL: 1 crit, 0 warn out of 344 processes
[1549488642] SERVICE ALERT: db2;CPU_Procs;CRITICAL;SOFT;2;CPU CRITICAL: 1 crit, 0 warn out of 344 processes
[1549488728] SERVICE NOTIFICATION: nagiosadmin;qservercluster1;CPU_Procs;CRITICAL;notify-service-by-email;CPU CRITICAL: 1 crit, 0 warn out of 308 processes
[1549488762] SERVICE ALERT: db2;CPU_Procs;OK;HARD;1;CPU OK: 341 processes
[1549489255] SERVICE NOTIFICATION: nagiosadmin;qservercluster2;CPU Load;WARNING;notify-service-by-email;WARNING - load average: 5.48, 5.26, 5.31
[1549489637] SERVICE NOTIFICATION: nagiosadmin;pservercluster2;HDD_Root status;WARNING;notify-service-by-email;DISK WARNING - free space: / 7467 MB (14% inode=98%):
[1549489686] SERVICE NOTIFICATION: nagiosadmin;qservercluster2;CPU_Procs;CRITICAL;notify-service-by-email;CPU CRITICAL: 1 crit, 0 warn out of 302 processes
[1549489739] Auto-save of retention data completed successfully.
[1549489762] SERVICE ALERT: webservercluster2;Current Users;WARNING;SOFT;1;USERS WARNING - 11 users currently logged in
[1549489773] SERVICE NOTIFICATION: nagiosadmin;qservercluster1;CPU Load;WARNING;notify-service-by-email;WARNING - load average: 14.75, 14.98, 14.98
[1549489882] SERVICE ALERT: webservercluster2;Current Users;WARNING;SOFT;2;USERS WARNING - 11 users currently logged in
[1549490002] SERVICE NOTIFICATION: nagiosadmin;webservercluster2;Current Users;WARNING;notify-service-by-email;USERS WARNING - 11 users currently logged in
[1549490002] SERVICE ALERT: webservercluster2;Current Users;WARNING;HARD;3;USERS WARNING - 11 users currently logged in
[1549490928] SERVICE NOTIFICATION: nagiosadmin;pservercluster2;Memory;CRITICAL;notify-service-by-email;CRITICAL - 1.4% (355184 kB) free!
[1549491762] SERVICE ALERT: db2;CPU_Procs;CRITICAL;SOFT;1;CPU CRITICAL: 1 crit, 0 warn out of 340 processes
[1549491882] SERVICE ALERT: db2;CPU_Procs;CRITICAL;SOFT;2;CPU CRITICAL: 1 crit, 0 warn out of 340 processes
[1549492002] SERVICE ALERT: db2;CPU_Procs;OK;HARD;1;CPU OK: 339 processes
[1549492328] SERVICE NOTIFICATION: nagiosadmin;qservercluster1;CPU_Procs;CRITICAL;notify-service-by-email;CPU CRITICAL: 1 crit, 0 warn out of 304 processes
[1549492402] SERVICE NOTIFICATION: nagiosadmin;webservercluster2;Current Users;OK;notify-service-by-email;USERS OK - 10 users currently logged in
[1549492402] SERVICE ALERT: webservercluster2;Current Users;OK;HARD;1;USERS OK - 10 users currently logged in
[1549492855] SERVICE NOTIFICATION: nagiosadmin;qservercluster2;CPU Load;WARNING;notify-service-by-email;WARNING - load average: 5.46, 5.77, 5.77
[1549493237] SERVICE NOTIFICATION: nagiosadmin;pservercluster2;HDD_Root status;WARNING;notify-service-by-email;DISK WARNING - free space: / 7466 MB (14% inode=98%):
[1549493286] SERVICE NOTIFICATION: nagiosadmin;qservercluster2;CPU_Procs;CRITICAL;notify-service-by-email;CPU CRITICAL: 1 crit, 0 warn out of 301 processes
[1549493339] Auto-save of retention data completed successfully.
[1549493373] SERVICE NOTIFICATION: nagiosadmin;qservercluster1;CPU Load;WARNING;notify-service-by-email;WARNING - load average: 15.25, 15.24, 15.09
[1549494528] SERVICE NOTIFICATION: nagiosadmin;pservercluster2;Memory;CRITICAL;notify-service-by-email;CRITICAL - 0.9% (223020 kB) free!
[1549495002] SERVICE ALERT: db2;CPU_Procs;CRITICAL;SOFT;1;CPU CRITICAL: 1 crit, 0 warn out of 339 processes
[1549495122] SERVICE ALERT: db2;CPU_Procs;CRITICAL;SOFT;2;CPU CRITICAL: 1 crit, 0 warn out of 340 processes
[1549495242] SERVICE ALERT: db2;CPU_Procs;OK;HARD;1;CPU OK: 343 processes
[1549495928] SERVICE NOTIFICATION: nagiosadmin;qservercluster1;CPU_Procs;CRITICAL;notify-service-by-email;CPU CRITICAL: 1 crit, 0 warn out of 303 processes
[1549496455] SERVICE NOTIFICATION: nagiosadmin;qservercluster2;CPU Load;WARNING;notify-service-by-email;WARNING - load average: 5.84, 5.68, 5.63
[1549496837] SERVICE NOTIFICATION: nagiosadmin;pservercluster2;HDD_Root status;WARNING;notify-service-by-email;DISK WARNING - free space: / 7465 MB (14% inode=98%):
[1549496886] SERVICE NOTIFICATION: nagiosadmin;qservercluster2;CPU_Procs;CRITICAL;notify-service-by-email;CPU CRITICAL: 1 crit, 0 warn out of 301 processes
[1549496939] Auto-save of retention data completed successfully.
[1549496974] SERVICE NOTIFICATION: nagiosadmin;qservercluster1;CPU Load;WARNING;notify-service-by-email;WARNING - load average: 14.71, 14.74, 14.82
[1549498128] SERVICE NOTIFICATION: nagiosadmin;pservercluster2;Memory;CRITICAL;notify-service-by-email;CRITICAL - 1.0% (256380 kB) free!
[1549498243] SERVICE ALERT: db2;CPU_Procs;CRITICAL;SOFT;1;CPU CRITICAL: 1 crit, 0 warn out of 339 processes
[1549498363] SERVICE ALERT: db2;CPU_Procs;CRITICAL;SOFT;2;CPU CRITICAL: 1 crit, 0 warn out of 336 processes
[1549498483] SERVICE ALERT: db2;CPU_Procs;OK;HARD;1;CPU OK: 336 processes
[1549499528] SERVICE NOTIFICATION: nagiosadmin;qservercluster1;CPU_Procs;CRITICAL;notify-service-by-email;CPU CRITICAL: 1 crit, 0 warn out of 300 processes
[1549500055] SERVICE NOTIFICATION: nagiosadmin;qservercluster2;CPU Load;WARNING;notify-service-by-email;WARNING - load average: 5.25, 5.25, 5.27
[1549500437] SERVICE NOTIFICATION: nagiosadmin;pservercluster2;HDD_Root status;WARNING;notify-service-by-email;DISK WARNING - free space: / 7465 MB (14% inode=98%):
[1549500486] SERVICE NOTIFICATION: nagiosadmin;qservercluster2;CPU_Procs;CRITICAL;notify-service-by-email;CPU CRITICAL: 1 crit, 0 warn out of 302 processes
[1549500539] Auto-save of retention data completed successfully.
[1549501173] SERVICE NOTIFICATION: nagiosadmin;qservercluster1;CPU Load;WARNING;notify-service-by-email;WARNING - load average: 14.53, 14.50, 14.62
[1549501483] SERVICE ALERT: db2;CPU_Procs;CRITICAL;SOFT;1;CPU CRITICAL: 1 crit, 0 warn out of 335 processes
[1549501604] SERVICE ALERT: db2;CPU_Procs;CRITICAL;SOFT;2;CPU CRITICAL: 1 crit, 0 warn out of 336 processes
[1549501724] SERVICE ALERT: db2;CPU_Procs;OK;HARD;1;CPU OK: 335 processes
[1549501728] SERVICE NOTIFICATION: nagiosadmin;pservercluster2;Memory;CRITICAL;notify-service-by-email;CRITICAL - 0.9% (210288 kB) free!
[1549503128] SERVICE NOTIFICATION: nagiosadmin;qservercluster1;CPU_Procs;CRITICAL;notify-service-by-email;CPU CRITICAL: 1 crit, 0 warn out of 302 processes
[1549503655] SERVICE NOTIFICATION: nagiosadmin;qservercluster2;CPU Load;WARNING;notify-service-by-email;WARNING - load average: 5.26, 5.23, 5.29
[1549504037] SERVICE NOTIFICATION: nagiosadmin;pservercluster2;HDD_Root status;WARNING;notify-service-by-email;DISK WARNING - free space: / 7466 MB (14% inode=98%):
[1549504086] SERVICE NOTIFICATION: nagiosadmin;qservercluster2;CPU_Procs;CRITICAL;notify-service-by-email;CPU CRITICAL: 1 crit, 0 warn out of 302 processes
[1549504139] Auto-save of retention data completed successfully.
[1549504773] SERVICE NOTIFICATION: nagiosadmin;qservercluster1;CPU Load;WARNING;notify-service-by-email;WARNING - load average: 14.49, 14.67, 14.64
[1549505324] SERVICE ALERT: db2;CPU_Procs;CRITICAL;SOFT;1;CPU CRITICAL: 1 crit, 0 warn out of 335 processes
[1549505328] SERVICE NOTIFICATION: nagiosadmin;pservercluster2;Memory;CRITICAL;notify-service-by-email;CRITICAL - 0.8% (204232 kB) free!
[1549505444] SERVICE ALERT: db2;CPU_Procs;CRITICAL;SOFT;2;CPU CRITICAL: 1 crit, 0 warn out of 339 processes
[1549505565] SERVICE ALERT: db2;CPU_Procs;OK;HARD;1;CPU OK: 335 processes
[1549506728] SERVICE NOTIFICATION: nagiosadmin;qservercluster1;CPU_Procs;CRITICAL;notify-service-by-email;CPU CRITICAL: 1 crit, 0 warn out of 305 processes
[1549507255] SERVICE NOTIFICATION: nagiosadmin;qservercluster2;CPU Load;WARNING;notify-service-by-email;WARNING - load average: 5.87, 5.50, 5.37
[1549507637] SERVICE NOTIFICATION: nagiosadmin;pservercluster2;HDD_Root status;WARNING;notify-service-by-email;DISK WARNING - free space: / 7466 MB (14% inode=98%):
[1549507686] SERVICE NOTIFICATION: nagiosadmin;qservercluster2;CPU_Procs;CRITICAL;notify-service-by-email;CPU CRITICAL: 1 crit, 0 warn out of 301 processes
[1549507739] Auto-save of retention data completed successfully.
[1549508373] SERVICE NOTIFICATION: nagiosadmin;qservercluster1;CPU Load;WARNING;notify-service-by-email;WARNING - load average: 14.65, 14.60, 14.65
[1549508564] SERVICE ALERT: db2;CPU_Procs;CRITICAL;SOFT;1;CPU CRITICAL: 1 crit, 0 warn out of 339 processes
[1549508684] SERVICE ALERT: db2;CPU_Procs;CRITICAL;SOFT;2;CPU CRITICAL: 1 crit, 0 warn out of 338 processes
[1549508804] SERVICE ALERT: db2;CPU_Procs;OK;HARD;1;CPU OK: 336 processes
[1549508928] SERVICE NOTIFICATION: nagiosadmin;pservercluster2;Memory;CRITICAL;notify-service-by-email;CRITICAL - 0.8% (200128 kB) free!
[1549510328] SERVICE NOTIFICATION: nagiosadmin;qservercluster1;CPU_Procs;CRITICAL;notify-service-by-email;CPU CRITICAL: 1 crit, 0 warn out of 304 processes
[1549510604] SERVICE ALERT: db2;CPU_Procs;CRITICAL;SOFT;1;CPU CRITICAL: 1 crit, 0 warn out of 335 processes
[1549510724] SERVICE ALERT: db2;CPU_Procs;CRITICAL;SOFT;2;CPU CRITICAL: 1 crit, 0 warn out of 336 processes
[1549510844] SERVICE ALERT: db2;CPU_Procs;OK;HARD;1;CPU OK: 339 processes
[1549510855] SERVICE NOTIFICATION: nagiosadmin;qservercluster2;CPU Load;WARNING;notify-service-by-email;WARNING - load average: 5.29, 5.40, 5.34
[1549511237] SERVICE NOTIFICATION: nagiosadmin;pservercluster2;HDD_Root status;WARNING;notify-service-by-email;DISK WARNING - free space: / 7507 MB (14% inode=98%):
[1549511286] SERVICE NOTIFICATION: nagiosadmin;qservercluster2;CPU_Procs;CRITICAL;notify-service-by-email;CPU CRITICAL: 1 crit, 0 warn out of 301 processes
[1549511339] Auto-save of retention data completed successfully.
[1549511444] SERVICE ALERT: db2;CPU_Procs;CRITICAL;SOFT;1;CPU CRITICAL: 1 crit, 0 warn out of 340 processes
[1549511564] SERVICE ALERT: db2;CPU_Procs;CRITICAL;SOFT;2;CPU CRITICAL: 1 crit, 0 warn out of 338 processes
[1549511684] SERVICE NOTIFICATION: nagiosadmin;db2;CPU_Procs;CRITICAL;notify-service-by-email;CPU CRITICAL: 1 crit, 0 warn out of 338 processes
[1549511684] SERVICE ALERT: db2;CPU_Procs;CRITICAL;HARD;3;CPU CRITICAL: 1 crit, 0 warn out of 338 processes
[1549511713] SERVICE ALERT: pservercluster2;CPU Load;WARNING;SOFT;1;WARNING - load average: 2.57, 14.63, 11.13
[1549511833] SERVICE ALERT: pservercluster2;CPU Load;WARNING;SOFT;2;WARNING - load average: 1.72, 10.30, 9.96
[1549511953] SERVICE NOTIFICATION: nagiosadmin;pservercluster2;CPU Load;WARNING;notify-service-by-email;WARNING - load average: 1.38, 7.31, 8.91
[1549511953] SERVICE ALERT: pservercluster2;CPU Load;WARNING;HARD;3;WARNING - load average: 1.38, 7.31, 8.91
[1549511973] SERVICE NOTIFICATION: nagiosadmin;qservercluster1;CPU Load;WARNING;notify-service-by-email;WARNING - load average: 14.00, 14.32, 14.45
[1549512285] SERVICE NOTIFICATION: nagiosadmin;db2;CPU_Procs;OK;notify-service-by-email;CPU OK: 335 processes
[1549512285] SERVICE ALERT: db2;CPU_Procs;OK;HARD;1;CPU OK: 335 processes
[1549512528] SERVICE NOTIFICATION: nagiosadmin;pservercluster2;Memory;CRITICAL;notify-service-by-email;CRITICAL - 1.4% (353936 kB) free!
[1549512885] SERVICE ALERT: db2;CPU_Procs;CRITICAL;SOFT;1;CPU CRITICAL: 1 crit, 0 warn out of 336 processes
[1549513005] SERVICE ALERT: db2;CPU_Procs;OK;HARD;1;CPU OK: 335 processes
[1549513153] SERVICE NOTIFICATION: nagiosadmin;pservercluster2;CPU Load;OK;notify-service-by-email;OK - load average: 1.35, 1.53, 3.49
[1549513153] SERVICE ALERT: pservercluster2;CPU Load;OK;HARD;1;OK - load average: 1.35, 1.53, 3.49
[1549513928] SERVICE NOTIFICATION: nagiosadmin;qservercluster1;CPU_Procs;CRITICAL;notify-service-by-email;CPU CRITICAL: 1 crit, 0 warn out of 302 processes
[1549514205] SERVICE ALERT: db2;CPU_Procs;CRITICAL;SOFT;1;CPU CRITICAL: 1 crit, 0 warn out of 336 processes
[1549514259] EXTERNAL COMMAND: SCHEDULE_FORCED_SVC_CHECK;pservercluster2;Memory;1549514258
[1549514259] SERVICE NOTIFICATION: nagiosadmin;pservercluster2;Memory;OK;notify-service-by-email;OK - 93.7% (22962016 kB) free.
[1549514259] SERVICE ALERT: pservercluster2;Memory;OK;HARD;1;OK - 93.7% (22962016 kB) free.
[1549514325] SERVICE ALERT: db2;CPU_Procs;OK;HARD;1;CPU OK: 335 processes
[1549514455] SERVICE NOTIFICATION: nagiosadmin;qservercluster2;CPU Load;WARNING;notify-service-by-email;WARNING - load average: 6.04, 5.96, 5.91
[1549514837] SERVICE NOTIFICATION: nagiosadmin;pservercluster2;HDD_Root status;WARNING;notify-service-by-email;DISK WARNING - free space: / 7490 MB (14% inode=98%):
[1549514886] SERVICE NOTIFICATION: nagiosadmin;qservercluster2;CPU_Procs;CRITICAL;notify-service-by-email;CPU CRITICAL: 1 crit, 0 warn out of 302 processes
[1549514925] SERVICE ALERT: db2;CPU_Procs;CRITICAL;SOFT;1;CPU CRITICAL: 1 crit, 0 warn out of 336 processes
[1549514939] Auto-save of retention data completed successfully.
[1549515046] SERVICE ALERT: db2;CPU_Procs;CRITICAL;SOFT;2;CPU CRITICAL: 1 crit, 0 warn out of 338 processes
[1549515166] SERVICE NOTIFICATION: nagiosadmin;db2;CPU_Procs;CRITICAL;notify-service-by-email;CPU CRITICAL: 1 crit, 0 warn out of 335 processes
[1549515166] SERVICE ALERT: db2;CPU_Procs;CRITICAL;HARD;3;CPU CRITICAL: 1 crit, 0 warn out of 335 processes
[1549515573] SERVICE NOTIFICATION: nagiosadmin;qservercluster1;CPU Load;WARNING;notify-service-by-email;WARNING - load average: 15.32, 14.94, 14.76
[1549517528] SERVICE NOTIFICATION: nagiosadmin;qservercluster1;CPU_Procs;CRITICAL;notify-service-by-email;CPU CRITICAL: 1 crit, 0 warn out of 306 processes
[1549517859] SERVICE ALERT: pservercluster2;Memory;CRITICAL;SOFT;1;CRITICAL - 0.8% (188084 kB) free!
[1549517979] SERVICE ALERT: pservercluster2;Memory;CRITICAL;SOFT;2;CRITICAL - 0.8% (195092 kB) free!
[1549518055] SERVICE NOTIFICATION: nagiosadmin;qservercluster2;CPU Load;WARNING;notify-service-by-email;WARNING - load average: 6.31, 6.00, 5.95
[1549518099] SERVICE NOTIFICATION: nagiosadmin;pservercluster2;Memory;CRITICAL;notify-service-by-email;CRITICAL - 0.8% (185176 kB) free!
[1549518099] SERVICE ALERT: pservercluster2;Memory;CRITICAL;HARD;3;CRITICAL - 0.8% (185176 kB) free!
[1549518437] SERVICE NOTIFICATION: nagiosadmin;pservercluster2;HDD_Root status;WARNING;notify-service-by-email;DISK WARNING - free space: / 7614 MB (14% inode=98%):
[1549518486] SERVICE NOTIFICATION: nagiosadmin;qservercluster2;CPU_Procs;CRITICAL;notify-service-by-email;CPU CRITICAL: 1 crit, 0 warn out of 301 processes
[1549518539] Auto-save of retention data completed successfully.
[1549518766] SERVICE NOTIFICATION: nagiosadmin;db2;CPU_Procs;CRITICAL;notify-service-by-email;CPU CRITICAL: 1 crit, 0 warn out of 341 processes
[1549518896] SERVICE ALERT: smscapp1;Memory;WARNING;SOFT;1;WARNING - 17.1% (2780076 kB) free!
[1549519016] SERVICE ALERT: smscapp1;Memory;WARNING;SOFT;2;WARNING - 16.2% (2635976 kB) free!
[1549519136] SERVICE NOTIFICATION: nagiosadmin;smscapp1;Memory;WARNING;notify-service-by-email;WARNING - 15.5% (2524312 kB) free!
[1549519136] SERVICE ALERT: smscapp1;Memory;WARNING;HARD;3;WARNING - 15.5% (2524312 kB) free!
[1549519173] SERVICE NOTIFICATION: nagiosadmin;qservercluster1;CPU Load;WARNING;notify-service-by-email;WARNING - load average: 15.32, 15.08, 15.03
[1549519712] EXTERNAL COMMAND: SCHEDULE_FORCED_SVC_CHECK;pservercluster2;Memory;1549519710
[1549519712] SERVICE NOTIFICATION: nagiosadmin;pservercluster2;Memory;OK;notify-service-by-email;OK - 93.6% (22930548 kB) free.
[1549519712] SERVICE ALERT: pservercluster2;Memory;OK;HARD;1;OK - 93.6% (22930548 kB) free.
[1549519729] EXTERNAL COMMAND: SCHEDULE_FORCED_HOST_CHECK;smscapp1;1549519728
[1549519736] SERVICE NOTIFICATION: nagiosadmin;smscapp1;Memory;OK;notify-service-by-email;OK - 92.7% (15059404 kB) free.
[1549519736] SERVICE ALERT: smscapp1;Memory;OK;HARD;1;OK - 92.7% (15059404 kB) free.
[1549521128] SERVICE NOTIFICATION: nagiosadmin;qservercluster1;CPU_Procs;CRITICAL;notify-service-by-email;CPU CRITICAL: 1 crit, 0 warn out of 307 processes
[1549521655] SERVICE NOTIFICATION: nagiosadmin;qservercluster2;CPU Load;WARNING;notify-service-by-email;WARNING - load average: 5.96, 6.10, 6.15
[1549521815] SERVICE ALERT: pservercluster2;Current Users;WARNING;SOFT;1;USERS WARNING - 21 users currently logged in
[1549521935] SERVICE ALERT: pservercluster2;Current Users;WARNING;SOFT;2;USERS WARNING - 21 users currently logged in
[1549522037] SERVICE NOTIFICATION: nagiosadmin;pservercluster2;HDD_Root status;WARNING;notify-service-by-email;DISK WARNING - free space: / 7614 MB (14% inode=98%):
[1549522055] SERVICE NOTIFICATION: nagiosadmin;pservercluster2;Current Users;WARNING;notify-service-by-email;USERS WARNING - 21 users currently logged in
[1549522055] SERVICE ALERT: pservercluster2;Current Users;WARNING;HARD;3;USERS WARNING - 21 users currently logged in
[1549522086] SERVICE NOTIFICATION: nagiosadmin;qservercluster2;CPU_Procs;CRITICAL;notify-service-by-email;CPU CRITICAL: 1 crit, 0 warn out of 300 processes
[1549522139] Auto-save of retention data completed successfully.
[1549522366] SERVICE NOTIFICATION: nagiosadmin;db2;CPU_Procs;CRITICAL;notify-service-by-email;CPU CRITICAL: 1 crit, 0 warn out of 338 processes
[1549522774] SERVICE NOTIFICATION: nagiosadmin;qservercluster1;CPU Load;WARNING;notify-service-by-email;WARNING - load average: 15.69, 15.51, 15.35
[1549524728] SERVICE NOTIFICATION: nagiosadmin;qservercluster1;CPU_Procs;CRITICAL;notify-service-by-email;CPU CRITICAL: 1 crit, 0 warn out of 302 processes
[1549525255] SERVICE NOTIFICATION: nagiosadmin;qservercluster2;CPU Load;WARNING;notify-service-by-email;WARNING - load average: 6.25, 6.22, 6.21
[1549525638] SERVICE NOTIFICATION: nagiosadmin;pservercluster2;HDD_Root status;WARNING;notify-service-by-email;DISK WARNING - free space: / 7613 MB (14% inode=98%):
[1549525655] SERVICE NOTIFICATION: nagiosadmin;pservercluster2;Current Users;WARNING;notify-service-by-email;USERS WARNING - 24 users currently logged in
[1549525686] SERVICE NOTIFICATION: nagiosadmin;qservercluster2;CPU_Procs;CRITICAL;notify-service-by-email;CPU CRITICAL: 1 crit, 0 warn out of 302 processes
[1549525713] SERVICE ALERT: pservercluster2;Memory;CRITICAL;SOFT;1;CRITICAL - 0.7% (169924 kB) free!
[1549525739] Auto-save of retention data completed successfully.
[1549525833] SERVICE ALERT: pservercluster2;Memory;CRITICAL;SOFT;2;CRITICAL - 0.7% (179628 kB) free!
[1549525953] SERVICE NOTIFICATION: nagiosadmin;pservercluster2;Memory;CRITICAL;notify-service-by-email;CRITICAL - 0.8% (196684 kB) free!
[1549525953] SERVICE ALERT: pservercluster2;Memory;CRITICAL;HARD;3;CRITICAL - 0.8% (196684 kB) free!
[1549525966] SERVICE NOTIFICATION: nagiosadmin;db2;CPU_Procs;CRITICAL;notify-service-by-email;CPU CRITICAL: 1 crit, 0 warn out of 339 processes
[1549526415] SERVICE ALERT: pservercluster2;CPU_Procs;WARNING;SOFT;1;CPU WARNING: 1 warn out of 409 processes
[1549526535] SERVICE ALERT: pservercluster2;CPU_Procs;OK;HARD;1;CPU OK: 406 processes
[1549526868] SERVICE ALERT: webserver2;Current Users;WARNING;SOFT;1;USERS WARNING - 42 users currently logged in
[1549526928] SERVICE ALERT: webserver2;Current Users;WARNING;SOFT;2;USERS WARNING - 42 users currently logged in
[1549526973] SERVICE NOTIFICATION: nagiosadmin;qservercluster1;CPU Load;WARNING;notify-service-by-email;WARNING - load average: 15.73, 15.22, 15.04
[1549526988] SERVICE ALERT: webserver2;Current Users;WARNING;SOFT;3;USERS WARNING - 42 users currently logged in
[1549527048] SERVICE NOTIFICATION: nagiosadmin;webserver2;Current Users;WARNING;notify-service-by-email;USERS WARNING - 42 users currently logged in
[1549527048] SERVICE ALERT: webserver2;Current Users;WARNING;HARD;4;USERS WARNING - 42 users currently logged in
[1549527166] SERVICE NOTIFICATION: nagiosadmin;db2;CPU_Procs;OK;notify-service-by-email;CPU OK: 337 processes
[1549527166] SERVICE ALERT: db2;CPU_Procs;OK;HARD;1;CPU OK: 337 processes
[1549527766] SERVICE ALERT: db2;CPU_Procs;CRITICAL;SOFT;1;CPU CRITICAL: 1 crit, 0 warn out of 338 processes
[1549527886] SERVICE ALERT: db2;CPU_Procs;OK;HARD;1;CPU OK: 336 processes
[1549528055] SERVICE NOTIFICATION: nagiosadmin;pservercluster2;Current Users;CRITICAL;notify-service-by-email;USERS CRITICAL - 26 users currently logged in
[1549528055] SERVICE ALERT: pservercluster2;Current Users;CRITICAL;HARD;3;USERS CRITICAL - 26 users currently logged in
[1549528328] SERVICE NOTIFICATION: nagiosadmin;qservercluster1;CPU_Procs;CRITICAL;notify-service-by-email;CPU CRITICAL: 1 crit, 0 warn out of 304 processes
[1549528486] SERVICE ALERT: db2;CPU_Procs;CRITICAL;SOFT;1;CPU CRITICAL: 1 crit, 0 warn out of 340 processes
[1549528607] SERVICE ALERT: db2;CPU_Procs;CRITICAL;SOFT;2;CPU CRITICAL: 1 crit, 0 warn out of 338 processes
[1549528727] SERVICE NOTIFICATION: nagiosadmin;db2;CPU_Procs;CRITICAL;notify-service-by-email;CPU CRITICAL: 1 crit, 0 warn out of 338 processes
[1549528727] SERVICE ALERT: db2;CPU_Procs;CRITICAL;HARD;3;CPU CRITICAL: 1 crit, 0 warn out of 338 processes
[1549528855] SERVICE NOTIFICATION: nagiosadmin;qservercluster2;CPU Load;WARNING;notify-service-by-email;WARNING - load average: 6.64, 6.48, 6.40
[1549529286] SERVICE NOTIFICATION: nagiosadmin;qservercluster2;CPU_Procs;CRITICAL;notify-service-by-email;CPU CRITICAL: 1 crit, 0 warn out of 301 processes
[1549529339] Auto-save of retention data completed successfully.
[1549529553] SERVICE NOTIFICATION: nagiosadmin;pservercluster2;Memory;CRITICAL;notify-service-by-email;CRITICAL - 0.7% (173844 kB) free!
[1549529837] SERVICE NOTIFICATION: nagiosadmin;pservercluster2;HDD_Root status;WARNING;notify-service-by-email;DISK WARNING - free space: / 7614 MB (14% inode=98%):
[1549529927] SERVICE NOTIFICATION: nagiosadmin;db2;CPU_Procs;OK;notify-service-by-email;CPU OK: 343 processes
[1549529927] SERVICE ALERT: db2;CPU_Procs;OK;HARD;1;CPU OK: 343 processes
[1549530527] SERVICE ALERT: db2;CPU_Procs;CRITICAL;SOFT;1;CPU CRITICAL: 1 crit, 0 warn out of 341 processes
[1549530573] SERVICE NOTIFICATION: nagiosadmin;qservercluster1;CPU Load;WARNING;notify-service-by-email;WARNING - load average: 15.18, 14.87, 14.84
[1549530647] SERVICE ALERT: db2;CPU_Procs;CRITICAL;SOFT;2;CPU CRITICAL: 1 crit, 0 warn out of 345 processes
[1549530648] SERVICE NOTIFICATION: nagiosadmin;webserver2;Current Users;WARNING;notify-service-by-email;USERS WARNING - 48 users currently logged in
[1549530767] SERVICE FLAPPING ALERT: db2;CPU_Procs;STARTED; Service appears to have started flapping (23.8% change >= 20.0% threshold)
[1549530767] SERVICE ALERT: db2;CPU_Procs;CRITICAL;HARD;3;CPU CRITICAL: 1 crit, 0 warn out of 341 processes
[1549531655] SERVICE NOTIFICATION: nagiosadmin;pservercluster2;Current Users;CRITICAL;notify-service-by-email;USERS CRITICAL - 27 users currently logged in
[1549531928] SERVICE NOTIFICATION: nagiosadmin;qservercluster1;CPU_Procs;CRITICAL;notify-service-by-email;CPU CRITICAL: 1 crit, 0 warn out of 300 processes
[1549531968] SERVICE ALERT: db2;CPU_Procs;OK;HARD;1;CPU OK: 343 processes
[1549532221] EXTERNAL COMMAND: SCHEDULE_FORCED_SVC_CHECK;pservercluster2;Memory;1549532220
[1549532221] SERVICE NOTIFICATION: nagiosadmin;pservercluster2;Memory;OK;notify-service-by-email;OK - 93.4% (22904720 kB) free.
[1549532221] SERVICE ALERT: pservercluster2;Memory;OK;HARD;1;OK - 93.4% (22904720 kB) free.
[1549532229] EXTERNAL COMMAND: SCHEDULE_FORCED_SVC_CHECK;pservercluster2;Memory;1549532226
[1549532336] SERVICE ALERT: smscapp1;Memory;WARNING;SOFT;1;WARNING - 19.2% (3113300 kB) free!
[1549532395] EXTERNAL COMMAND: SCHEDULE_FORCED_SVC_CHECK;pservercluster2;HDD_Root status;1549532394
[1549532455] SERVICE NOTIFICATION: nagiosadmin;qservercluster2;CPU Load;WARNING;notify-service-by-email;WARNING - load average: 6.75, 6.24, 6.12
[1549532456] SERVICE ALERT: smscapp1;Memory;WARNING;SOFT;2;WARNING - 18.7% (3046836 kB) free!
[1549532498] EXTERNAL COMMAND: SCHEDULE_FORCED_SVC_CHECK;smscapp1;Memory;1549532495
[1549532499] SERVICE ALERT: smscapp1;Memory;OK;HARD;1;OK - 93.1% (15132488 kB) free.
[1549532507] EXTERNAL COMMAND: SCHEDULE_FORCED_SVC_CHECK;smscapp1;Memory;1549532505
[1549532520] EXTERNAL COMMAND: SCHEDULE_FORCED_SVC_CHECK;smscapp1;Memory;1549532519
[1549532568] SERVICE ALERT: db2;CPU_Procs;CRITICAL;SOFT;1;CPU CRITICAL: 1 crit, 0 warn out of 341 processes
[1549532688] SERVICE ALERT: db2;CPU_Procs;CRITICAL;SOFT;2;CPU CRITICAL: 1 crit, 0 warn out of 342 processes
[1549532808] SERVICE ALERT: db2;CPU_Procs;CRITICAL;HARD;3;CPU CRITICAL: 1 crit, 0 warn out of 345 processes
[1549532886] SERVICE NOTIFICATION: nagiosadmin;qservercluster2;CPU_Procs;CRITICAL;notify-service-by-email;CPU CRITICAL: 1 crit, 0 warn out of 301 processes
[1549532939] Auto-save of retention data completed successfully.
[1549533408] SERVICE ALERT: db2;CPU_Procs;OK;HARD;1;CPU OK: 342 processes
[1549533429] SERVICE ALERT: pservercluster2;Memory;CRITICAL;SOFT;1;CRITICAL - 0.7% (175240 kB) free!
[1549533549] SERVICE ALERT: pservercluster2;Memory;CRITICAL;SOFT;2;CRITICAL - 0.7% (178992 kB) free!
[1549533595] SERVICE NOTIFICATION: nagiosadmin;pservercluster2;HDD_Root status;WARNING;notify-service-by-email;DISK WARNING - free space: / 7614 MB (14% inode=98%):
[1549533669] SERVICE NOTIFICATION: nagiosadmin;pservercluster2;Memory;CRITICAL;notify-service-by-email;CRITICAL - 0.8% (193228 kB) free!
[1549533669] SERVICE ALERT: pservercluster2;Memory;CRITICAL;HARD;3;CRITICAL - 0.8% (193228 kB) free!
[1549533985] EXTERNAL COMMAND: SCHEDULE_FORCED_SVC_CHECK;pservercluster2;Memory;1549533984
[1549533986] SERVICE FLAPPING ALERT: pservercluster2;Memory;STARTED; Service appears to have started flapping (22.4% change >= 20.0% threshold)
[1549533986] SERVICE ALERT: pservercluster2;Memory;OK;HARD;1;OK - 87.8% (21516760 kB) free.
[1549533990] EXTERNAL COMMAND: SCHEDULE_FORCED_SVC_CHECK;pservercluster2;Memory;1549533988
[1549534008] SERVICE ALERT: db2;CPU_Procs;CRITICAL;SOFT;1;CPU CRITICAL: 1 crit, 0 warn out of 342 processes
[1549534128] SERVICE ALERT: db2;CPU_Procs;CRITICAL;SOFT;2;CPU CRITICAL: 1 crit, 0 warn out of 341 processes
[1549534173] SERVICE NOTIFICATION: nagiosadmin;qservercluster1;CPU Load;WARNING;notify-service-by-email;WARNING - load average: 14.78, 14.51, 14.65
[1549534248] SERVICE NOTIFICATION: nagiosadmin;webserver2;Current Users;WARNING;notify-service-by-email;USERS WARNING - 48 users currently logged in
[1549534249] SERVICE ALERT: db2;CPU_Procs;CRITICAL;HARD;3;CPU CRITICAL: 1 crit, 0 warn out of 345 processes
[1549535255] SERVICE NOTIFICATION: nagiosadmin;pservercluster2;Current Users;CRITICAL;notify-service-by-email;USERS CRITICAL - 26 users currently logged in
[1549535529] SERVICE NOTIFICATION: nagiosadmin;qservercluster1;CPU_Procs;CRITICAL;notify-service-by-email;CPU CRITICAL: 1 crit, 0 warn out of 302 processes
[1549536055] SERVICE NOTIFICATION: nagiosadmin;qservercluster2;CPU Load;WARNING;notify-service-by-email;WARNING - load average: 6.66, 6.37, 6.33
[1549536486] SERVICE NOTIFICATION: nagiosadmin;qservercluster2;CPU_Procs;CRITICAL;notify-service-by-email;CPU CRITICAL: 1 crit, 0 warn out of 301 processes
[1549536539] Auto-save of retention data completed successfully.
[1549537195] SERVICE NOTIFICATION: nagiosadmin;pservercluster2;HDD_Root status;WARNING;notify-service-by-email;DISK WARNING - free space: / 7614 MB (14% inode=98%):
[1549537773] SERVICE NOTIFICATION: nagiosadmin;qservercluster1;CPU Load;WARNING;notify-service-by-email;WARNING - load average: 14.81, 15.04, 15.04
[1549537848] SERVICE NOTIFICATION: nagiosadmin;webserver2;Current Users;WARNING;notify-service-by-email;USERS WARNING - 48 users currently logged in
[1549538855] SERVICE NOTIFICATION: nagiosadmin;pservercluster2;Current Users;CRITICAL;notify-service-by-email;USERS CRITICAL - 26 users currently logged in
[1549539050] SERVICE ALERT: db2;CPU_Procs;OK;HARD;1;CPU OK: 348 processes
[1549539648] SERVICE NOTIFICATION: nagiosadmin;webserver2;Current Users;CRITICAL;notify-service-by-email;USERS CRITICAL - 51 users currently logged in
[1549539648] SERVICE ALERT: webserver2;Current Users;CRITICAL;HARD;4;USERS CRITICAL - 51 users currently logged in
[1549539650] SERVICE ALERT: db2;CPU_Procs;CRITICAL;SOFT;1;CPU CRITICAL: 1 crit, 0 warn out of 347 processes
[1549539655] SERVICE NOTIFICATION: nagiosadmin;qservercluster2;CPU Load;WARNING;notify-service-by-email;WARNING - load average: 6.29, 6.13, 6.21
[1549539728] SERVICE NOTIFICATION: nagiosadmin;qservercluster1;CPU_Procs;CRITICAL;notify-service-by-email;CPU CRITICAL: 1 crit, 0 warn out of 303 processes
[1549539770] SERVICE ALERT: db2;CPU_Procs;CRITICAL;SOFT;2;CPU CRITICAL: 1 crit, 0 warn out of 344 processes
[1549539890] SERVICE ALERT: db2;CPU_Procs;OK;HARD;1;CPU OK: 341 processes
[1549539990] SERVICE ALERT: pservercluster2;Memory;WARNING;SOFT;1;WARNING - 12.9% (3168652 kB) free!
[1549540086] SERVICE NOTIFICATION: nagiosadmin;qservercluster2;CPU_Procs;CRITICAL;notify-service-by-email;CPU CRITICAL: 1 crit, 0 warn out of 302 processes
[1549540110] SERVICE ALERT: pservercluster2;Memory;WARNING;SOFT;2;WARNING - 12.9% (3150028 kB) free!
[1549540139] Auto-save of retention data completed successfully.
[1549540230] SERVICE ALERT: pservercluster2;Memory;WARNING;HARD;3;WARNING - 12.8% (3143728 kB) free!
[1549540490] SERVICE ALERT: db2;CPU_Procs;CRITICAL;SOFT;1;CPU CRITICAL: 1 crit, 0 warn out of 341 processes
[1549540610] SERVICE ALERT: db2;CPU_Procs;CRITICAL;SOFT;2;CPU CRITICAL: 1 crit, 0 warn out of 341 processes
[1549540730] SERVICE ALERT: db2;CPU_Procs;CRITICAL;HARD;3;CPU CRITICAL: 1 crit, 0 warn out of 344 processes
[1549540795] SERVICE NOTIFICATION: nagiosadmin;pservercluster2;HDD_Root status;WARNING;notify-service-by-email;DISK WARNING - free space: / 7613 MB (14% inode=98%):
[1549540830] SERVICE ALERT: pservercluster2;Memory;CRITICAL;HARD;3;CRITICAL - 9.8% (2393860 kB) free!
[1549541368] EXTERNAL COMMAND: SCHEDULE_FORCED_SVC_CHECK;pservercluster2;Memory;1549541367
[1549541368] SERVICE ALERT: pservercluster2;Memory;OK;HARD;1;OK - 93.7% (22971764 kB) free.
[1549541373] SERVICE NOTIFICATION: nagiosadmin;qservercluster1;CPU Load;WARNING;notify-service-by-email;WARNING - load average: 14.53, 14.50, 14.70
[1549542455] SERVICE NOTIFICATION: nagiosadmin;pservercluster2;Current Users;CRITICAL;notify-service-by-email;USERS CRITICAL - 28 users currently logged in
[1549542531] SERVICE ALERT: db2;CPU_Procs;OK;HARD;1;CPU OK: 342 processes
[1549543153] SERVICE ALERT: pservercluster2;CPU Load;CRITICAL;SOFT;1;CRITICAL - load average: 25.14, 33.01, 15.66
[1549543248] SERVICE NOTIFICATION: nagiosadmin;webserver2;Current Users;CRITICAL;notify-service-by-email;USERS CRITICAL - 55 users currently logged in
[1549543255] SERVICE NOTIFICATION: nagiosadmin;qservercluster2;CPU Load;WARNING;notify-service-by-email;WARNING - load average: 6.23, 5.99, 6.14
[1549543273] SERVICE ALERT: pservercluster2;CPU Load;WARNING;SOFT;2;WARNING - load average: 4.84, 22.61, 13.95
[1549543328] SERVICE NOTIFICATION: nagiosadmin;qservercluster1;CPU_Procs;CRITICAL;notify-service-by-email;CPU CRITICAL: 1 crit, 0 warn out of 302 processes
[1549543393] SERVICE NOTIFICATION: nagiosadmin;pservercluster2;CPU Load;WARNING;notify-service-by-email;WARNING - load average: 2.09, 15.69, 12.47
[1549543393] SERVICE ALERT: pservercluster2;CPU Load;WARNING;HARD;3;WARNING - load average: 2.09, 15.69, 12.47
[1549543686] SERVICE NOTIFICATION: nagiosadmin;qservercluster2;CPU_Procs;CRITICAL;notify-service-by-email;CPU CRITICAL: 1 crit, 0 warn out of 302 processes
[1549543731] SERVICE ALERT: db2;CPU_Procs;CRITICAL;SOFT;1;CPU CRITICAL: 1 crit, 0 warn out of 343 processes
[1549543739] Auto-save of retention data completed successfully.
[1549543802] EXTERNAL COMMAND: SCHEDULE_FORCED_SVC_CHECK;pservercluster2;Current Users;1549543801
[1549543806] EXTERNAL COMMAND: SCHEDULE_FORCED_SVC_CHECK;pservercluster2;Current Users;1549543805
[1549543851] SERVICE ALERT: db2;CPU_Procs;OK;HARD;1;CPU OK: 344 processes
[1549544395] SERVICE NOTIFICATION: nagiosadmin;pservercluster2;HDD_Root status;WARNING;notify-service-by-email;DISK WARNING - free space: / 7456 MB (14% inode=98%):
[1549544594] SERVICE NOTIFICATION: nagiosadmin;pservercluster2;CPU Load;OK;notify-service-by-email;OK - load average: 1.97, 2.13, 4.75
[1549544594] SERVICE ALERT: pservercluster2;CPU Load;OK;HARD;1;OK - load average: 1.97, 2.13, 4.75
[1549544748] SERVICE NOTIFICATION: nagiosadmin;webserver2;Current Users;WARNING;notify-service-by-email;USERS WARNING - 50 users currently logged in
[1549544748] SERVICE ALERT: webserver2;Current Users;WARNING;HARD;4;USERS WARNING - 50 users currently logged in
[1549544973] SERVICE NOTIFICATION: nagiosadmin;qservercluster1;CPU Load;WARNING;notify-service-by-email;WARNING - load average: 14.90, 14.78, 14.88
[1549545048] SERVICE NOTIFICATION: nagiosadmin;webserver2;Current Users;CRITICAL;notify-service-by-email;USERS CRITICAL - 51 users currently logged in
[1549545048] SERVICE ALERT: webserver2;Current Users;CRITICAL;HARD;4;USERS CRITICAL - 51 users currently logged in
[1549545648] SERVICE NOTIFICATION: nagiosadmin;webserver2;Current Users;WARNING;notify-service-by-email;USERS WARNING - 50 users currently logged in
[1549545648] SERVICE ALERT: webserver2;Current Users;WARNING;HARD;4;USERS WARNING - 50 users currently logged in
[1549545651] SERVICE ALERT: db2;CPU_Procs;CRITICAL;SOFT;1;CPU CRITICAL: 1 crit, 0 warn out of 343 processes
[1549545772] SERVICE ALERT: db2;CPU_Procs;OK;HARD;1;CPU OK: 340 processes
[1549545948] SERVICE FLAPPING ALERT: webserver2;Current Users;STARTED; Service appears to have started flapping (23.9% change >= 20.0% threshold)
[1549545948] SERVICE ALERT: webserver2;Current Users;CRITICAL;HARD;4;USERS CRITICAL - 51 users currently logged in
[1549546206] SERVICE NOTIFICATION: nagiosadmin;pservercluster2;Current Users;CRITICAL;notify-service-by-email;USERS CRITICAL - 27 users currently logged in
[1549546220] EXTERNAL COMMAND: SCHEDULE_FORCED_SVC_CHECK;webserver2;Current Users;1549546219
[1549546294] Caught SIGTERM, shutting down...
[1549546294] Caught SIGTERM, shutting down...
[1549546294] Successfully shutdown... (PID=26674)
[1549546295] Nagios 4.4.2 starting... (PID=31374)
[1549546295] Local time is Thu Feb 07 19:01:35 IST 2019
[1549546295] LOG VERSION: 2.0
[1549546295] qh: Socket '/usr/local/nagios/var/rw/nagios.qh' successfully initialized
[1549546295] qh: core query handler registered
[1549546295] qh: echo service query handler registered
[1549546295] qh: help for the query handler registered
[1549546295] wproc: Successfully registered manager as @wproc with query handler
[1549546295] wproc: Registry request: name=Core Worker 31375;pid=31375
[1549546295] wproc: Registry request: name=Core Worker 31376;pid=31376
[1549546295] wproc: Registry request: name=Core Worker 31377;pid=31377
[1549546295] wproc: Registry request: name=Core Worker 31379;pid=31379
[1549546295] wproc: Registry request: name=Core Worker 31378;pid=31378
[1549546295] wproc: Registry request: name=Core Worker 31382;pid=31382
[1549546295] wproc: Registry request: name=Core Worker 31380;pid=31380
[1549546295] wproc: Registry request: name=Core Worker 31381;pid=31381
[1549546295] wproc: Registry request: name=Core Worker 31383;pid=31383
[1549546295] wproc: Registry request: name=Core Worker 31384;pid=31384
[1549546295] wproc: Registry request: name=Core Worker 31385;pid=31385
[1549546295] wproc: Registry request: name=Core Worker 31387;pid=31387
[1549546295] wproc: Registry request: name=Core Worker 31389;pid=31389
[1549546295] wproc: Registry request: name=Core Worker 31388;pid=31388
[1549546295] wproc: Registry request: name=Core Worker 31386;pid=31386
[1549546295] wproc: Registry request: name=Core Worker 31390;pid=31390
[1549546295] wproc: Registry request: name=Core Worker 31391;pid=31391
[1549546295] wproc: Registry request: name=Core Worker 31392;pid=31392
[1549546295] wproc: Registry request: name=Core Worker 31394;pid=31394
[1549546295] wproc: Registry request: name=Core Worker 31393;pid=31393
[1549546295] wproc: Registry request: name=Core Worker 31396;pid=31396
[1549546295] wproc: Registry request: name=Core Worker 31397;pid=31397
[1549546295] wproc: Registry request: name=Core Worker 31395;pid=31395
[1549546295] wproc: Registry request: name=Core Worker 31398;pid=31398
[1549546295] SERVICE FLAPPING ALERT: db2;CPU_Procs;STARTED; Service appears to have started flapping (23.4% change >= 20.0% threshold)
[1549546295] SERVICE FLAPPING ALERT: webserver2;Current Users;STARTED; Service appears to have started flapping (23.4% change >= 20.0% threshold)
[1549546305] Successfully launched command file worker with pid 31580
[1549546409] EXTERNAL COMMAND: SCHEDULE_FORCED_SVC_CHECK;webserver2;Current Users;1549546407
[1549546409] SERVICE ALERT: webserver2;Current Users;WARNING;HARD;4;USERS WARNING - 52 users currently logged in
[1549546413] EXTERNAL COMMAND: SCHEDULE_FORCED_SVC_CHECK;webserver2;Current Users;1549546412
[1549546744] Caught SIGTERM, shutting down...
[1549546744] Caught SIGTERM, shutting down...
[1549546744] Caught SIGTERM, shutting down...
[1549546744] Successfully shutdown... (PID=31374)
[1549546744] Nagios 4.4.2 starting... (PID=7168)
[1549546744] Local time is Thu Feb 07 19:09:04 IST 2019
[1549546744] LOG VERSION: 2.0
[1549546744] qh: Socket '/usr/local/nagios/var/rw/nagios.qh' successfully initialized
[1549546744] qh: core query handler registered
[1549546744] qh: echo service query handler registered
[1549546744] qh: help for the query handler registered
[1549546744] wproc: Successfully registered manager as @wproc with query handler
[1549546744] wproc: Registry request: name=Core Worker 7169;pid=7169
[1549546744] wproc: Registry request: name=Core Worker 7170;pid=7170
[1549546744] wproc: Registry request: name=Core Worker 7173;pid=7173
[1549546744] wproc: Registry request: name=Core Worker 7174;pid=7174
[1549546744] wproc: Registry request: name=Core Worker 7171;pid=7171
[1549546744] wproc: Registry request: name=Core Worker 7176;pid=7176
[1549546744] wproc: Registry request: name=Core Worker 7175;pid=7175
[1549546744] wproc: Registry request: name=Core Worker 7177;pid=7177
[1549546744] wproc: Registry request: name=Core Worker 7178;pid=7178
[1549546744] wproc: Registry request: name=Core Worker 7181;pid=7181
[1549546744] wproc: Registry request: name=Core Worker 7179;pid=7179
[1549546744] wproc: Registry request: name=Core Worker 7180;pid=7180
[1549546744] wproc: Registry request: name=Core Worker 7183;pid=7183
[1549546744] wproc: Registry request: name=Core Worker 7182;pid=7182
[1549546744] wproc: Registry request: name=Core Worker 7184;pid=7184
[1549546744] wproc: Registry request: name=Core Worker 7185;pid=7185
[1549546744] wproc: Registry request: name=Core Worker 7189;pid=7189
[1549546744] wproc: Registry request: name=Core Worker 7187;pid=7187
[1549546744] wproc: Registry request: name=Core Worker 7186;pid=7186
[1549546744] wproc: Registry request: name=Core Worker 7188;pid=7188
[1549546744] wproc: Registry request: name=Core Worker 7190;pid=7190
[1549546744] wproc: Registry request: name=Core Worker 7192;pid=7192
[1549546744] wproc: Registry request: name=Core Worker 7194;pid=7194
[1549546744] wproc: Registry request: name=Core Worker 7193;pid=7193
[1549546744] SERVICE FLAPPING ALERT: webserver2;Current Users;STARTED; Service appears to have started flapping (27.8% change >= 20.0% threshold)
[1549546754] Successfully launched command file worker with pid 7369
[1549546766] EXTERNAL COMMAND: SCHEDULE_FORCED_SVC_CHECK;pservercluster2;Current Users;1549546764
[1549546766] SERVICE NOTIFICATION: nagiosadmin;pservercluster2;Current Users;OK;notify-service-by-email;USERS OK - 27 users currently logged in
[1549546766] SERVICE ALERT: pservercluster2;Current Users;OK;HARD;1;USERS OK - 27 users currently logged in
[1549546770] EXTERNAL COMMAND: SCHEDULE_FORCED_SVC_CHECK;pservercluster2;Current Users;1549546769
[1549546779] EXTERNAL COMMAND: SCHEDULE_FORCED_SVC_CHECK;pservercluster2;Current Users;1549546778
[1549546855] SERVICE NOTIFICATION: nagiosadmin;qservercluster2;CPU Load;WARNING;notify-service-by-email;WARNING - load average: 5.73, 6.13, 6.25
[1549546928] SERVICE NOTIFICATION: nagiosadmin;qservercluster1;CPU_Procs;CRITICAL;notify-service-by-email;CPU CRITICAL: 1 crit, 0 warn out of 304 processes
[1549546971] SERVICE ALERT: db2;CPU_Procs;CRITICAL;SOFT;1;CPU CRITICAL: 1 crit, 0 warn out of 341 processes
[1549547091] SERVICE ALERT: db2;CPU_Procs;CRITICAL;SOFT;2;CPU CRITICAL: 1 crit, 0 warn out of 341 processes
[1549547211] SERVICE ALERT: db2;CPU_Procs;OK;HARD;1;CPU OK: 340 processes
[1549547286] SERVICE NOTIFICATION: nagiosadmin;qservercluster2;CPU_Procs;CRITICAL;notify-service-by-email;CPU CRITICAL: 1 crit, 0 warn out of 304 processes
[1549547995] SERVICE NOTIFICATION: nagiosadmin;pservercluster2;HDD_Root status;WARNING;notify-service-by-email;DISK WARNING - free space: / 7455 MB (14% inode=98%):
[1549548573] SERVICE NOTIFICATION: nagiosadmin;qservercluster1;CPU Load;WARNING;notify-service-by-email;WARNING - load average: 14.64, 14.44, 14.65
[1549549113] SERVICE ALERT: webserver2;Current Users;OK;HARD;1;USERS OK - 50 users currently logged in
[1549550344] Auto-save of retention data completed successfully.
[1549550455] SERVICE NOTIFICATION: nagiosadmin;qservercluster2;CPU Load;WARNING;notify-service-by-email;WARNING - load average: 5.67, 5.77, 5.95
[1549550529] SERVICE NOTIFICATION: nagiosadmin;qservercluster1;CPU_Procs;CRITICAL;notify-service-by-email;CPU CRITICAL: 1 crit, 0 warn out of 301 processes
[1549550886] SERVICE NOTIFICATION: nagiosadmin;qservercluster2;CPU_Procs;CRITICAL;notify-service-by-email;CPU CRITICAL: 1 crit, 0 warn out of 302 processes
[1549551595] SERVICE NOTIFICATION: nagiosadmin;pservercluster2;HDD_Root status;WARNING;notify-service-by-email;DISK WARNING - free space: / 7456 MB (14% inode=98%):
[1549552113] SERVICE FLAPPING ALERT: webserver2;Current Users;STOPPED; Service appears to have stopped flapping (4.9% change < 5.0% threshold)
[1549552113] SERVICE NOTIFICATION: nagiosadmin;webserver2;Current Users;OK;notify-service-by-email;USERS OK - 34 users currently logged in
[1549552173] SERVICE NOTIFICATION: nagiosadmin;qservercluster1;CPU Load;WARNING;notify-service-by-email;WARNING - load average: 15.10, 15.07, 15.10
[1549552611] SERVICE ALERT: db2;CPU_Procs;CRITICAL;SOFT;1;CPU CRITICAL: 1 crit, 0 warn out of 335 processes
[1549552731] SERVICE ALERT: db2;CPU_Procs;CRITICAL;SOFT;2;CPU CRITICAL: 1 crit, 0 warn out of 337 processes
[1549552852] SERVICE ALERT: db2;CPU_Procs;OK;HARD;1;CPU OK: 340 processes
[1549553944] Auto-save of retention data completed successfully.
[1549554055] SERVICE NOTIFICATION: nagiosadmin;qservercluster2;CPU Load;WARNING;notify-service-by-email;WARNING - load average: 6.07, 6.12, 5.98
[1549554194] SERVICE ALERT: pservercluster2;CPU Load;CRITICAL;SOFT;1;CRITICAL - load average: 54.05, 13.52, 5.57
[1549554314] SERVICE ALERT: pservercluster2;CPU Load;WARNING;SOFT;2;WARNING - load average: 13.33, 13.85, 6.87
[1549554434] SERVICE NOTIFICATION: nagiosadmin;pservercluster2;CPU Load;WARNING;notify-service-by-email;WARNING - load average: 2.97, 9.71, 6.20
[1549554434] SERVICE ALERT: pservercluster2;CPU Load;WARNING;HARD;3;WARNING - load average: 2.97, 9.71, 6.20
[1549554486] SERVICE NOTIFICATION: nagiosadmin;qservercluster2;CPU_Procs;CRITICAL;notify-service-by-email;CPU CRITICAL: 1 crit, 0 warn out of 301 processes
[1549554729] SERVICE NOTIFICATION: nagiosadmin;qservercluster1;CPU_Procs;CRITICAL;notify-service-by-email;CPU CRITICAL: 1 crit, 0 warn out of 302 processes
[1549555035] SERVICE FLAPPING ALERT: pservercluster2;CPU Load;STARTED; Service appears to have started flapping (20.1% change >= 20.0% threshold)
[1549555035] SERVICE ALERT: pservercluster2;CPU Load;OK;HARD;1;OK - load average: 1.36, 2.48, 3.90
[1549555195] SERVICE NOTIFICATION: nagiosadmin;pservercluster2;HDD_Root status;WARNING;notify-service-by-email;DISK WARNING - free space: / 7450 MB (14% inode=98%):
[1549555773] SERVICE NOTIFICATION: nagiosadmin;qservercluster1;CPU Load;WARNING;notify-service-by-email;WARNING - load average: 15.57, 15.03, 15.00
[1549557544] Auto-save of retention data completed successfully.
[1549557652] SERVICE ALERT: db2;CPU_Procs;CRITICAL;SOFT;1;CPU CRITICAL: 1 crit, 0 warn out of 340 processes
[1549557655] SERVICE NOTIFICATION: nagiosadmin;qservercluster2;CPU Load;WARNING;notify-service-by-email;WARNING - load average: 7.03, 6.24, 6.06
[1549557772] SERVICE ALERT: db2;CPU_Procs;CRITICAL;SOFT;2;CPU CRITICAL: 1 crit, 0 warn out of 337 processes
[1549557892] SERVICE ALERT: db2;CPU_Procs;OK;HARD;1;CPU OK: 336 processes
[1549557962] SERVICE ALERT: webserver2;CPU_Procs;WARNING;SOFT;1;CPU WARNING: 1 warn out of 537 processes
[1549558022] SERVICE ALERT: webserver2;CPU_Procs;OK;HARD;1;CPU OK: 540 processes
[1549558086] SERVICE NOTIFICATION: nagiosadmin;qservercluster2;CPU_Procs;CRITICAL;notify-service-by-email;CPU CRITICAL: 1 crit, 0 warn out of 300 processes
[1549558795] SERVICE NOTIFICATION: nagiosadmin;pservercluster2;HDD_Root status;WARNING;notify-service-by-email;DISK WARNING - free space: / 7450 MB (14% inode=98%):
[1549558928] SERVICE NOTIFICATION: nagiosadmin;qservercluster1;CPU_Procs;CRITICAL;notify-service-by-email;CPU CRITICAL: 1 crit, 0 warn out of 302 processes
[1549559373] SERVICE NOTIFICATION: nagiosadmin;qservercluster1;CPU Load;WARNING;notify-service-by-email;WARNING - load average: 15.12, 15.00, 15.06
[1549561144] Auto-save of retention data completed successfully.
[1549561255] SERVICE NOTIFICATION: nagiosadmin;qservercluster2;CPU Load;WARNING;notify-service-by-email;WARNING - load average: 5.95, 6.15, 6.14
[1549561686] SERVICE NOTIFICATION: nagiosadmin;qservercluster2;CPU_Procs;CRITICAL;notify-service-by-email;CPU CRITICAL: 1 crit, 0 warn out of 301 processes
[1549562092] SERVICE ALERT: db2;CPU_Procs;CRITICAL;SOFT;1;CPU CRITICAL: 1 crit, 0 warn out of 337 processes
[1549562212] SERVICE ALERT: db2;CPU_Procs;CRITICAL;SOFT;2;CPU CRITICAL: 1 crit, 0 warn out of 339 processes
[1549562332] SERVICE ALERT: db2;CPU_Procs;OK;HARD;1;CPU OK: 338 processes
[1549562395] SERVICE NOTIFICATION: nagiosadmin;pservercluster2;HDD_Root status;WARNING;notify-service-by-email;DISK WARNING - free space: / 7450 MB (14% inode=98%):
[1549562528] SERVICE NOTIFICATION: nagiosadmin;qservercluster1;CPU_Procs;CRITICAL;notify-service-by-email;CPU CRITICAL: 1 crit, 0 warn out of 302 processes
[1549562973] SERVICE NOTIFICATION: nagiosadmin;qservercluster1;CPU Load;WARNING;notify-service-by-email;WARNING - load average: 14.78, 14.92, 15.05
[1550487123] Caught SIGTERM, shutting down...
