[1579804200] LOG ROTATION: DAILY
[1579804200] LOG VERSION: 2.0
[1579804200] CURRENT HOST STATE: db1-vm2;UP;HARD;1;PING OK - Packet loss = 0%, RTA = 0.34 ms
[1579804200] CURRENT HOST STATE: db2;UP;HARD;1;PING OK - Packet loss = 0%, RTA = 0.41 ms
[1579804200] CURRENT HOST STATE: primary-server;UP;HARD;1;PING OK - Packet loss = 0%, RTA = 0.39 ms
[1579804200] CURRENT HOST STATE: pservercluster1;UP;HARD;1;PING OK - Packet loss = 0%, RTA = 0.40 ms
[1579804200] CURRENT HOST STATE: pservercluster2;UP;HARD;1;PING OK - Packet loss = 0%, RTA = 0.30 ms
[1579804200] CURRENT HOST STATE: qservercluster1;UP;HARD;1;PING OK - Packet loss = 0%, RTA = 0.31 ms
[1579804200] CURRENT HOST STATE: qservercluster2;UP;HARD;1;PING OK - Packet loss = 0%, RTA = 0.28 ms
[1579804200] CURRENT HOST STATE: redis-1;UP;HARD;1;PING OK - Packet loss = 0%, RTA = 0.32 ms
[1579804200] CURRENT HOST STATE: redis-2;UP;HARD;1;PING OK - Packet loss = 0%, RTA = 0.33 ms
[1579804200] CURRENT HOST STATE: rq-1;UP;HARD;1;PING OK - Packet loss = 0%, RTA = 0.25 ms
[1579804200] CURRENT HOST STATE: rq-2;UP;HARD;1;PING OK - Packet loss = 0%, RTA = 0.27 ms
[1579804200] CURRENT HOST STATE: secondary-server;UP;HARD;1;PING OK - Packet loss = 0%, RTA = 0.44 ms
[1579804200] CURRENT HOST STATE: sig1-vm2;UP;HARD;1;PING OK - Packet loss = 0%, RTA = 0.52 ms
[1579804200] CURRENT HOST STATE: sig2-vm2;UP;HARD;1;PING OK - Packet loss = 0%, RTA = 0.44 ms
[1579804200] CURRENT HOST STATE: sig3-vm2;UP;HARD;1;PING OK - Packet loss = 0%, RTA = 0.42 ms
[1579804200] CURRENT HOST STATE: sig4-vm2;UP;HARD;1;PING OK - Packet loss = 0%, RTA = 0.52 ms
[1579804200] CURRENT HOST STATE: sig5-vm2;UP;HARD;1;PING OK - Packet loss = 0%, RTA = 0.43 ms
[1579804200] CURRENT HOST STATE: sig6-vm2;UP;HARD;1;PING OK - Packet loss = 0%, RTA = 0.56 ms
[1579804200] CURRENT HOST STATE: sigqscluster1;UP;HARD;1;PING OK - Packet loss = 0%, RTA = 0.43 ms
[1579804200] CURRENT HOST STATE: sigqscluster2;UP;HARD;1;PING OK - Packet loss = 0%, RTA = 0.27 ms
[1579804200] CURRENT HOST STATE: smscapp1;UP;HARD;1;PING OK - Packet loss = 0%, RTA = 0.32 ms
[1579804200] CURRENT HOST STATE: smscapp2;UP;HARD;1;PING OK - Packet loss = 0%, RTA = 0.34 ms
[1579804200] CURRENT HOST STATE: sservercluster1;UP;HARD;1;PING OK - Packet loss = 0%, RTA = 0.34 ms
[1579804200] CURRENT HOST STATE: sservercluster2;UP;HARD;1;PING OK - Packet loss = 0%, RTA = 0.31 ms
[1579804200] CURRENT HOST STATE: webserver1;UP;HARD;1;PING OK - Packet loss = 0%, RTA = 0.47 ms
[1579804200] CURRENT HOST STATE: webserver2;UP;HARD;1;PING OK - Packet loss = 0%, RTA = 0.07 ms
[1579804200] CURRENT HOST STATE: webservercluster1;UP;HARD;1;PING OK - Packet loss = 0%, RTA = 0.41 ms
[1579804200] CURRENT HOST STATE: webservercluster2;UP;HARD;1;PING OK - Packet loss = 0%, RTA = 0.31 ms
[1579804200] CURRENT SERVICE STATE: db1-vm2;CPU Load;OK;HARD;1;OK - load average: 0.91, 0.85, 0.73
[1579804200] CURRENT SERVICE STATE: db1-vm2;CPU_Procs;OK;HARD;1;CPU OK: 461 processes
[1579804200] CURRENT SERVICE STATE: db1-vm2;Current Users;OK;HARD;1;USERS OK - 0 users currently logged in
[1579804200] CURRENT SERVICE STATE: db1-vm2;HDD_Home status;OK;HARD;1;DISK OK - free space: /home 27039 MB (67% inode=99%):
[1579804200] CURRENT SERVICE STATE: db1-vm2;HDD_Root status;OK;HARD;1;DISK OK - free space: / 45490 MB (88% inode=99%):
[1579804200] CURRENT SERVICE STATE: db1-vm2;Memory;OK;HARD;1;OK - 92.8% (22903356 kB) free.
[1579804200] CURRENT SERVICE STATE: db1-vm2;OutOfMemory-killer--oom-killer;OK;HARD;1;Log check ok - 0 pattern matches found
[1579804200] CURRENT SERVICE STATE: db1-vm2;PING;OK;HARD;1;PING OK - Packet loss = 0%, RTA = 0.06 ms
[1579804200] CURRENT SERVICE STATE: db1-vm2;Total Processes;OK;HARD;1;PROCS OK: 461 processes
[1579804200] CURRENT SERVICE STATE: db2;CPU Load;OK;HARD;1;OK - load average: 0.00, 0.13, 0.37
[1579804200] CURRENT SERVICE STATE: db2;CPU_Procs;OK;HARD;1;CPU OK: 337 processes
[1579804200] CURRENT SERVICE STATE: db2;Current Users;OK;HARD;1;USERS OK - 2 users currently logged in
[1579804200] CURRENT SERVICE STATE: db2;HDD_Home status;OK;HARD;1;DISK OK - free space: /home 84163 MB (37% inode=99%):
[1579804200] CURRENT SERVICE STATE: db2;HDD_Root status;OK;HARD;1;DISK OK - free space: / 44464 MB (86% inode=99%):
[1579804200] CURRENT SERVICE STATE: db2;LocalService-NTPD SERVICE;OK;HARD;1;PROCS OK: 1 process with command name 'ntpd'
[1579804200] CURRENT SERVICE STATE: db2;Mariadb status;OK;HARD;1;PROCS OK: 1 process with command name 'mysqld'
[1579804200] CURRENT SERVICE STATE: db2;Memory;OK;HARD;1;OK - 30.6% (15084792 kB) free.
[1579804200] CURRENT SERVICE STATE: db2;Sensors Status;OK;HARD;1;SENSORS OK
[1579804200] CURRENT SERVICE STATE: db2;Total Processes;OK;HARD;1;PROCS OK: 328 processes
[1579804200] CURRENT SERVICE STATE: primary-server;CPU Load;OK;HARD;1;OK - load average: 0.01, 0.07, 0.26
[1579804200] CURRENT SERVICE STATE: primary-server;CPU_Procs;OK;HARD;1;CPU OK: 344 processes
[1579804200] CURRENT SERVICE STATE: primary-server;Current Users;OK;HARD;1;USERS OK - 3 users currently logged in
[1579804200] CURRENT SERVICE STATE: primary-server;HDD_Home status;OK;HARD;1;DISK OK - free space: /home 148791 MB (66% inode=99%):
[1579804200] CURRENT SERVICE STATE: primary-server;HDD_Root status;OK;HARD;1;DISK OK - free space: / 30039 MB (58% inode=99%):
[1579804200] CURRENT SERVICE STATE: primary-server;LocalService-NTPD SERVICE;OK;HARD;1;PROCS OK: 1 process with command name 'ntpd'
[1579804200] CURRENT SERVICE STATE: primary-server;Memory;OK;HARD;1;OK - 67.9% (16648824 kB) free.
[1579804200] CURRENT SERVICE STATE: primary-server;Nginx Access Log Status;OK;HARD;1;Log check ok - 0 pattern matches found
[1579804200] CURRENT SERVICE STATE: primary-server;Nginx Error Log Status;CRITICAL;HARD;3;(1609) < 2020/01/23 23:52:49 [error] 26578#0: *26111605 access forbidden by rule while initializing session, client: 103.16.101.72, server: 0.0.0.0:13000
[1579804200] CURRENT SERVICE STATE: primary-server;Nginx Status;OK;HARD;1;NGINX OK -  0.092 sec. response time, Active: 0 (Writing: 0 Reading: 0 Waiting: 0) ReqPerSec: 0.000 ConnPerSec: 0.000 ReqPerConn: 0.000
[1579804200] CURRENT SERVICE STATE: primary-server;Sensors Status;OK;HARD;1;SENSORS OK
[1579804200] CURRENT SERVICE STATE: primary-server;Total Processes;OK;HARD;1;PROCS OK: 346 processes
[1579804200] CURRENT SERVICE STATE: pservercluster1;CPU Load;OK;HARD;1;OK - load average: 0.56, 0.77, 0.80
[1579804200] CURRENT SERVICE STATE: pservercluster1;CPU_Procs;OK;HARD;1;CPU OK: 340 processes
[1579804200] CURRENT SERVICE STATE: pservercluster1;Current Users;OK;HARD;1;USERS OK - 3 users currently logged in
[1579804200] CURRENT SERVICE STATE: pservercluster1;HDD_Home status;OK;HARD;1;DISK OK - free space: /home 171459 MB (77% inode=99%):
[1579804200] CURRENT SERVICE STATE: pservercluster1;HDD_Root status;OK;HARD;1;DISK OK - free space: / 39505 MB (77% inode=99%):
[1579804200] CURRENT SERVICE STATE: pservercluster1;LocalService-NTPD SERVICE;OK;HARD;1;PROCS OK: 1 process with command name 'ntpd'
[1579804200] CURRENT SERVICE STATE: pservercluster1;Memory;OK;HARD;1;OK - 41.8% (10316188 kB) free.
[1579804200] CURRENT SERVICE STATE: pservercluster1;Sensors Status;OK;HARD;1;SENSORS OK
[1579804200] CURRENT SERVICE STATE: pservercluster1;Total Processes;OK;HARD;1;PROCS OK: 339 processes
[1579804200] CURRENT SERVICE STATE: pservercluster2;CPU Load;OK;HARD;1;OK - load average: 0.76, 0.94, 0.96
[1579804200] CURRENT SERVICE STATE: pservercluster2;CPU_Procs;OK;HARD;1;CPU OK: 342 processes
[1579804200] CURRENT SERVICE STATE: pservercluster2;Current Users;OK;HARD;1;USERS OK - 4 users currently logged in
[1579804200] CURRENT SERVICE STATE: pservercluster2;HDD_Home status;OK;HARD;1;DISK OK - free space: /home 159082 MB (70% inode=99%):
[1579804200] CURRENT SERVICE STATE: pservercluster2;HDD_Root status;OK;HARD;1;DISK OK - free space: / 37452 MB (73% inode=98%):
[1579804200] CURRENT SERVICE STATE: pservercluster2;LocalService-NTPD SERVICE;OK;HARD;1;PROCS OK: 1 process with command name 'ntpd'
[1579804200] CURRENT SERVICE STATE: pservercluster2;Memory;OK;HARD;1;OK - 87.2% (21377880 kB) free.
[1579804200] CURRENT SERVICE STATE: pservercluster2;Sensors Status;OK;HARD;1;SENSORS OK
[1579804200] CURRENT SERVICE STATE: pservercluster2;Total Processes;OK;HARD;1;PROCS OK: 343 processes
[1579804200] CURRENT SERVICE STATE: qservercluster1;CPU Load;OK;HARD;1;OK - load average: 12.93, 10.33, 9.06
[1579804200] CURRENT SERVICE STATE: qservercluster1;CPU_Procs;OK;HARD;1;CPU OK: 330 processes
[1579804200] CURRENT SERVICE STATE: qservercluster1;Current Users;OK;HARD;1;USERS OK - 1 users currently logged in
[1579804200] CURRENT SERVICE STATE: qservercluster1;HDD_Home status;OK;HARD;1;DISK OK - free space: /home 224641 MB (99% inode=99%):
[1579804200] CURRENT SERVICE STATE: qservercluster1;HDD_Root status;OK;HARD;1;DISK OK - free space: / 44456 MB (86% inode=99%):
[1579804200] CURRENT SERVICE STATE: qservercluster1;LocalService-NTPD SERVICE;OK;HARD;1;PROCS OK: 1 process with command name 'ntpd'
[1579804200] CURRENT SERVICE STATE: qservercluster1;Memory;OK;HARD;1;OK - 89.6% (44100856 kB) free.
[1579804200] CURRENT SERVICE STATE: qservercluster1;Sensors Status;OK;HARD;1;SENSORS OK
[1579804200] CURRENT SERVICE STATE: qservercluster1;Total Processes;OK;HARD;1;PROCS OK: 330 processes
[1579804200] CURRENT SERVICE STATE: qservercluster2;CPU Load;OK;HARD;1;OK - load average: 4.30, 3.85, 3.03
[1579804200] CURRENT SERVICE STATE: qservercluster2;CPU_Procs;OK;HARD;1;CPU OK: 604 processes
[1579804200] CURRENT SERVICE STATE: qservercluster2;Current Users;OK;HARD;1;USERS OK - 3 users currently logged in
[1579804200] CURRENT SERVICE STATE: qservercluster2;HDD_Home status;OK;HARD;1;DISK OK - free space: /home 133186 MB (59% inode=99%):
[1579804200] CURRENT SERVICE STATE: qservercluster2;HDD_Root status;OK;HARD;1;DISK OK - free space: / 27037 MB (52% inode=98%):
[1579804200] CURRENT SERVICE STATE: qservercluster2;LocalService-NTPD SERVICE;OK;HARD;1;PROCS OK: 1 process with command name 'ntpd'
[1579804200] CURRENT SERVICE STATE: qservercluster2;Memory;OK;HARD;1;OK - 78.0% (38449016 kB) free.
[1579804200] CURRENT SERVICE STATE: qservercluster2;Sensors Status;OK;HARD;1;SENSORS OK
[1579804200] CURRENT SERVICE STATE: qservercluster2;Total Processes;OK;HARD;1;PROCS OK: 603 processes
[1579804200] CURRENT SERVICE STATE: redis-1;CPU Load;OK;HARD;1;OK - load average: 0.37, 0.34, 0.45
[1579804200] CURRENT SERVICE STATE: redis-1;CPU_Procs;OK;HARD;1;CPU OK: 401 processes
[1579804200] CURRENT SERVICE STATE: redis-1;Current Users;OK;HARD;1;USERS OK - 1 users currently logged in
[1579804200] CURRENT SERVICE STATE: redis-1;HDD_Home status;OK;HARD;1;DISK OK - free space: /home 367709 MB (98% inode=99%):
[1579804200] CURRENT SERVICE STATE: redis-1;HDD_Root status;OK;HARD;1;DISK OK - free space: / 45250 MB (88% inode=99%):
[1579804200] CURRENT SERVICE STATE: redis-1;HDD_VNS1 status;OK;HARD;1;DISK OK - free space: /vns1 476555 MB (44% inode=99%):
[1579804200] CURRENT SERVICE STATE: redis-1;LocalService-NTPD SERVICE;OK;HARD;1;PROCS OK: 1 process with command name 'ntpd'
[1579804200] CURRENT SERVICE STATE: redis-1;Memory;OK;HARD;1;OK - 45.7% (60205724 kB) free.
[1579804200] CURRENT SERVICE STATE: redis-1;Sensors Status;OK;HARD;1;SENSORS OK
[1579804200] CURRENT SERVICE STATE: redis-1;Total Processes;OK;HARD;1;PROCS OK: 401 processes
[1579804200] CURRENT SERVICE STATE: redis-2;CPU Load;OK;HARD;1;OK - load average: 1.01, 0.93, 0.98
[1579804200] CURRENT SERVICE STATE: redis-2;CPU_Procs;OK;HARD;1;CPU OK: 379 processes
[1579804200] CURRENT SERVICE STATE: redis-2;Current Users;OK;HARD;1;USERS OK - 2 users currently logged in
[1579804200] CURRENT SERVICE STATE: redis-2;HDD_Home status;OK;HARD;1;DISK OK - free space: /home 307129 MB (82% inode=99%):
[1579804200] CURRENT SERVICE STATE: redis-2;HDD_Root status;OK;HARD;1;DISK OK - free space: / 45296 MB (88% inode=99%):
[1579804200] CURRENT SERVICE STATE: redis-2;HDD_VNS1 status;OK;HARD;1;DISK OK - free space: /vns1 1069171 MB (99% inode=99%):
[1579804200] CURRENT SERVICE STATE: redis-2;LocalService-NTPD SERVICE;OK;HARD;1;PROCS OK: 1 process with command name 'ntpd'
[1579804200] CURRENT SERVICE STATE: redis-2;Memory;OK;HARD;1;OK - 33.1% (43567636 kB) free.
[1579804200] CURRENT SERVICE STATE: redis-2;Sensors Status;OK;HARD;1;SENSORS OK
[1579804200] CURRENT SERVICE STATE: redis-2;Total Processes;OK;HARD;1;PROCS OK: 379 processes
[1579804200] CURRENT SERVICE STATE: rq-1;CPU Load;OK;HARD;1;OK - load average: 15.25, 15.35, 15.15
[1579804200] CURRENT SERVICE STATE: rq-1;CPU_Procs;OK;HARD;1;CPU OK: 356 processes
[1579804200] CURRENT SERVICE STATE: rq-1;Current Users;OK;HARD;1;USERS OK - 0 users currently logged in
[1579804200] CURRENT SERVICE STATE: rq-1;HDD_Home status;OK;HARD;1;DISK OK - free space: /home 400998 MB (99% inode=99%):
[1579804200] CURRENT SERVICE STATE: rq-1;HDD_Root status;OK;HARD;1;DISK OK - free space: / 42462 MB (82% inode=99%):
[1579804200] CURRENT SERVICE STATE: rq-1;HDD_VNS1 status;OK;HARD;1;DISK OK - free space: /rq1vns1 1068147 MB (99% inode=99%):
[1579804200] CURRENT SERVICE STATE: rq-1;LocalService-NTPD SERVICE;OK;HARD;1;PROCS OK: 1 process with command name 'ntpd'
[1579804200] CURRENT SERVICE STATE: rq-1;Memory;OK;HARD;1;OK - 80.7% (106404724 kB) free.
[1579804200] CURRENT SERVICE STATE: rq-1;Total Processes;OK;HARD;1;PROCS OK: 358 processes
[1579804200] CURRENT SERVICE STATE: rq-1;rq1-rabbitmqerror;OK;HARD;1;Log check ok - 0 pattern matches found
[1579804200] CURRENT SERVICE STATE: rq-2;CPU Load;OK;HARD;1;OK - load average: 18.13, 16.81, 16.25
[1579804200] CURRENT SERVICE STATE: rq-2;CPU_Procs;OK;HARD;1;CPU OK: 384 processes
[1579804200] CURRENT SERVICE STATE: rq-2;Current Users;OK;HARD;1;USERS OK - 1 users currently logged in
[1579804200] CURRENT SERVICE STATE: rq-2;HDD_Home status;OK;HARD;1;DISK OK - free space: /home 401206 MB (99% inode=99%):
[1579804200] CURRENT SERVICE STATE: rq-2;HDD_Root status;OK;HARD;1;DISK OK - free space: / 45485 MB (88% inode=99%):
[1579804200] CURRENT SERVICE STATE: rq-2;HDD_VNS1 status;OK;HARD;1;DISK OK - free space: /dev 64349 MB (100% inode=99%):
[1579804200] CURRENT SERVICE STATE: rq-2;LocalService-NTPD SERVICE;OK;HARD;1;PROCS OK: 2 processes with command name 'ntpd'
[1579804200] CURRENT SERVICE STATE: rq-2;Memory;OK;HARD;1;OK - 92.0% (121291164 kB) free.
[1579804200] CURRENT SERVICE STATE: rq-2;Total Processes;OK;HARD;1;PROCS OK: 385 processes
[1579804200] CURRENT SERVICE STATE: rq-2;rq2-rabbitmqerror;OK;HARD;1;Log check ok - 0 pattern matches found
[1579804200] CURRENT SERVICE STATE: secondary-server;CPU Load;OK;HARD;1;OK - load average: 0.00, 0.01, 0.10
[1579804200] CURRENT SERVICE STATE: secondary-server;CPU_Procs;OK;HARD;1;CPU OK: 341 processes
[1579804200] CURRENT SERVICE STATE: secondary-server;Current Users;OK;HARD;1;USERS OK - 3 users currently logged in
[1579804200] CURRENT SERVICE STATE: secondary-server;HDD_Home status;OK;HARD;1;DISK OK - free space: /home 151469 MB (67% inode=99%):
[1579804200] CURRENT SERVICE STATE: secondary-server;HDD_Root status;OK;HARD;1;DISK OK - free space: / 35202 MB (68% inode=99%):
[1579804200] CURRENT SERVICE STATE: secondary-server;LocalService-NTPD SERVICE;OK;HARD;1;PROCS OK: 1 process with command name 'ntpd'
[1579804200] CURRENT SERVICE STATE: secondary-server;Memory Status;OK;HARD;1;OK - 21.2% (5185680 kB) free.
[1579804200] CURRENT SERVICE STATE: secondary-server;Nginx Access Log Status;OK;HARD;1;Log check ok - 0 pattern matches found
[1579804200] CURRENT SERVICE STATE: secondary-server;Nginx Error Log Status;OK;HARD;1;Log check ok - 0 pattern matches found
[1579804200] CURRENT SERVICE STATE: secondary-server;Nginx Status;OK;HARD;1;NGINX OK -  0.088 sec. response time, Active: 0 (Writing: 0 Reading: 0 Waiting: 0) ReqPerSec: 0.000 ConnPerSec: 0.000 ReqPerConn: 0.000
[1579804200] CURRENT SERVICE STATE: secondary-server;Sensors Status;OK;HARD;1;SENSORS OK
[1579804200] CURRENT SERVICE STATE: secondary-server;Total Processes;OK;HARD;1;PROCS OK: 342 processes
[1579804200] CURRENT SERVICE STATE: sig1-vm2;CPU Load;OK;HARD;1;OK - load average: 0.00, 0.00, 0.00
[1579804200] CURRENT SERVICE STATE: sig1-vm2;CPU_Procs;OK;HARD;1;CPU OK: 266 processes
[1579804200] CURRENT SERVICE STATE: sig1-vm2;Current Users;OK;HARD;1;USERS OK - 0 users currently logged in
[1579804200] CURRENT SERVICE STATE: sig1-vm2;LocalService-NTPD SERVICE;OK;HARD;1;PROCS OK: 2 processes with command name 'ntpd'
[1579804200] CURRENT SERVICE STATE: sig1-vm2;Memory;OK;HARD;1;OK - 71.4% (11655984 kB) free.
[1579804200] CURRENT SERVICE STATE: sig1-vm2;Root status;OK;HARD;1;DISK OK - free space: / 125188 MB (93% inode=97%):
[1579804200] CURRENT SERVICE STATE: sig1-vm2;Total Processes;OK;HARD;1;PROCS OK: 263 processes
[1579804200] CURRENT SERVICE STATE: sig2-vm2;CPU Load;OK;HARD;1;OK - load average: 0.35, 0.68, 0.69
[1579804200] CURRENT SERVICE STATE: sig2-vm2;CPU_Procs;OK;HARD;1;CPU OK: 457 processes
[1579804200] CURRENT SERVICE STATE: sig2-vm2;Current Users;OK;HARD;1;USERS OK - 0 users currently logged in
[1579804200] CURRENT SERVICE STATE: sig2-vm2;HDD_Root status;OK;HARD;1;DISK OK - free space: / 125162 MB (90% inode=99%):
[1579804200] CURRENT SERVICE STATE: sig2-vm2;LocalService-NTPD SERVICE;OK;HARD;1;PROCS OK: 1 process with command name 'ntpd'
[1579804200] CURRENT SERVICE STATE: sig2-vm2;Memory;OK;HARD;1;OK - 91.5% (31883900 kB) free.
[1579804200] CURRENT SERVICE STATE: sig2-vm2;Total Processes;OK;HARD;1;PROCS OK: 463 processes
[1579804200] CURRENT SERVICE STATE: sig3-vm2;CPU Load;OK;HARD;1;OK - load average: 0.00, 0.00, 0.00
[1579804200] CURRENT SERVICE STATE: sig3-vm2;CPU_Procs;OK;HARD;1;CPU OK: 549 processes
[1579804200] CURRENT SERVICE STATE: sig3-vm2;Current Users;OK;HARD;1;USERS OK - 2 users currently logged in
[1579804200] CURRENT SERVICE STATE: sig3-vm2;HDD_Root status;OK;HARD;1;DISK OK - free space: / 90320 MB (75% inode=96%):
[1579804200] CURRENT SERVICE STATE: sig3-vm2;LocalService-NTPD SERVICE;OK;HARD;1;PROCS OK: 2 processes with command name 'ntpd'
[1579804200] CURRENT SERVICE STATE: sig3-vm2;Memory;OK;HARD;1;OK - 96.2% (22667712 kB) free.
[1579804200] CURRENT SERVICE STATE: sig3-vm2;Total Processes;OK;HARD;1;PROCS OK: 550 processes
[1579804200] CURRENT SERVICE STATE: sig4-vm2;CPU Load;OK;HARD;1;OK - load average: 0.00, 0.01, 0.05
[1579804200] CURRENT SERVICE STATE: sig4-vm2;CPU_Procs;OK;HARD;1;CPU OK: 222 processes
[1579804200] CURRENT SERVICE STATE: sig4-vm2;Current Users;OK;HARD;1;USERS OK - 0 users currently logged in
[1579804200] CURRENT SERVICE STATE: sig4-vm2;HDD_Root status;OK;HARD;1;DISK OK - free space: / 106752 MB (83% inode=99%):
[1579804200] CURRENT SERVICE STATE: sig4-vm2;LocalService-NTPD SERVICE;OK;HARD;1;PROCS OK: 1 process with command name 'ntpd'
[1579804200] CURRENT SERVICE STATE: sig4-vm2;Memory;OK;HARD;1;OK - 87.5% (30499072 kB) free.
[1579804200] CURRENT SERVICE STATE: sig4-vm2;Total Processes;OK;HARD;1;PROCS OK: 222 processes
[1579804200] CURRENT SERVICE STATE: sig5-vm2;CPU Load;OK;HARD;1;OK - load average: 0.41, 0.59, 0.67
[1579804200] CURRENT SERVICE STATE: sig5-vm2;CPU_Procs;OK;HARD;1;CPU OK: 461 processes
[1579804200] CURRENT SERVICE STATE: sig5-vm2;Current Users;OK;HARD;1;USERS OK - 0 users currently logged in
[1579804200] CURRENT SERVICE STATE: sig5-vm2;HDD_Root status;OK;HARD;1;DISK OK - free space: / 232807 MB (92% inode=99%):
[1579804200] CURRENT SERVICE STATE: sig5-vm2;LocalService-NTPD SERVICE;OK;HARD;1;PROCS OK: 1 process with command name 'ntpd'
[1579804200] CURRENT SERVICE STATE: sig5-vm2;Memory;OK;HARD;1;OK - 89.7% (31405984 kB) free.
[1579804200] CURRENT SERVICE STATE: sig5-vm2;Total Processes;OK;HARD;1;PROCS OK: 460 processes
[1579804200] CURRENT SERVICE STATE: sig6-vm2;CPU Load;OK;HARD;1;OK - load average: 1.08, 0.95, 0.83
[1579804200] CURRENT SERVICE STATE: sig6-vm2;CPU_Procs;OK;HARD;1;CPU OK: 498 processes
[1579804200] CURRENT SERVICE STATE: sig6-vm2;Current Users;OK;HARD;1;USERS OK - 2 users currently logged in
[1579804200] CURRENT SERVICE STATE: sig6-vm2;HDD_Root status;OK;HARD;1;DISK OK - free space: / 180783 MB (92% inode=99%):
[1579804200] CURRENT SERVICE STATE: sig6-vm2;LocalService-NTPD SERVICE;OK;HARD;1;PROCS OK: 1 process with command name 'ntpd'
[1579804200] CURRENT SERVICE STATE: sig6-vm2;Memory;OK;HARD;1;OK - 73.4% (16490840 kB) free.
[1579804200] CURRENT SERVICE STATE: sig6-vm2;OutOfMemory-killer--oom-killer;OK;HARD;1;Log check ok - 0 pattern matches found
[1579804200] CURRENT SERVICE STATE: sig6-vm2;Total Processes;OK;HARD;1;PROCS OK: 498 processes
[1579804200] CURRENT SERVICE STATE: sigqscluster1;CPU Load;OK;HARD;1;OK - load average: 0.00, 0.07, 0.26
[1579804200] CURRENT SERVICE STATE: sigqscluster1;CPU_Procs;OK;HARD;1;CPU OK: 354 processes
[1579804200] CURRENT SERVICE STATE: sigqscluster1;Current Users;OK;HARD;1;USERS OK - 6 users currently logged in
[1579804200] CURRENT SERVICE STATE: sigqscluster1;HDD_Home status;OK;HARD;1;DISK OK - free space: /home 224102 MB (99% inode=99%):
[1579804200] CURRENT SERVICE STATE: sigqscluster1;HDD_Root status;OK;HARD;1;DISK OK - free space: / 40038 MB (78% inode=99%):
[1579804200] CURRENT SERVICE STATE: sigqscluster1;LocalService-NTPD SERVICE;OK;HARD;1;PROCS OK: 1 process with command name 'ntpd'
[1579804200] CURRENT SERVICE STATE: sigqscluster1;Memory;WARNING;HARD;3;WARNING - 17.0% (8384736 kB) free!
[1579804200] CURRENT SERVICE STATE: sigqscluster1;Sensors Status;OK;HARD;1;SENSORS OK
[1579804200] CURRENT SERVICE STATE: sigqscluster1;Total Processes;OK;HARD;1;PROCS OK: 354 processes
[1579804200] CURRENT SERVICE STATE: sigqscluster2;CPU Load;OK;HARD;1;OK - load average: 11.74, 11.68, 11.65
[1579804200] CURRENT SERVICE STATE: sigqscluster2;CPU_Procs;OK;HARD;1;CPU OK: 303 processes
[1579804200] CURRENT SERVICE STATE: sigqscluster2;Current Users;OK;HARD;1;USERS OK - 0 users currently logged in
[1579804200] CURRENT SERVICE STATE: sigqscluster2;HDD_Home status;OK;HARD;1;DISK OK - free space: /home 208589 MB (99% inode=99%):
[1579804200] CURRENT SERVICE STATE: sigqscluster2;HDD_Root status;OK;HARD;1;DISK OK - free space: / 45488 MB (88% inode=99%):
[1579804200] CURRENT SERVICE STATE: sigqscluster2;LocalService-NTPD SERVICE;OK;HARD;1;PROCS OK: 1 process with command name 'ntpd'
[1579804200] CURRENT SERVICE STATE: sigqscluster2;Memory;OK;HARD;1;OK - 79.9% (39391188 kB) free.
[1579804200] CURRENT SERVICE STATE: sigqscluster2;Sensors Status;OK;HARD;1;SENSORS OK
[1579804200] CURRENT SERVICE STATE: sigqscluster2;Total Processes;OK;HARD;1;PROCS OK: 297 processes
[1579804200] CURRENT SERVICE STATE: sigqscluster2;sigqscluster2-rabbitmqerror;OK;HARD;1;Log check ok - 0 pattern matches found
[1579804200] CURRENT SERVICE STATE: smscapp1;CPU Load;OK;HARD;1;OK - load average: 2.78, 2.40, 2.33
[1579804200] CURRENT SERVICE STATE: smscapp1;CPU_Procs;OK;HARD;1;CPU OK: 656 processes
[1579804200] CURRENT SERVICE STATE: smscapp1;Current Users;OK;HARD;1;USERS OK - 2 users currently logged in
[1579804200] CURRENT SERVICE STATE: smscapp1;HDD_Home status;OK;HARD;1;DISK OK - free space: /home 105786 MB (47% inode=99%):
[1579804200] CURRENT SERVICE STATE: smscapp1;HDD_Root status;OK;HARD;1;DISK OK - free space: / 39073 MB (76% inode=98%):
[1579804200] CURRENT SERVICE STATE: smscapp1;LocalService-NTPD SERVICE;OK;HARD;1;PROCS OK: 1 process with command name 'ntpd'
[1579804200] CURRENT SERVICE STATE: smscapp1;Memory;OK;HARD;1;OK - 43.2% (21288224 kB) free.
[1579804200] CURRENT SERVICE STATE: smscapp1;Sensors Status;OK;HARD;1;SENSORS OK
[1579804200] CURRENT SERVICE STATE: smscapp1;Total Processes;OK;HARD;1;PROCS OK: 659 processes
[1579804200] CURRENT SERVICE STATE: smscapp2;CPU Load;OK;HARD;1;OK - load average: 3.13, 3.03, 3.21
[1579804200] CURRENT SERVICE STATE: smscapp2;CPU_Procs;OK;HARD;1;CPU OK: 2119 processes
[1579804200] CURRENT SERVICE STATE: smscapp2;Current Users;OK;HARD;1;USERS OK - 0 users currently logged in
[1579804200] CURRENT SERVICE STATE: smscapp2;HDD_Home status;OK;HARD;1;DISK OK - free space: /home 137973 MB (61% inode=99%):
[1579804200] CURRENT SERVICE STATE: smscapp2;HDD_Root status;OK;HARD;1;DISK OK - free space: / 38756 MB (75% inode=98%):
[1579804200] CURRENT SERVICE STATE: smscapp2;LocalService-NTPD SERVICE;OK;HARD;1;PROCS OK: 1 process with command name 'ntpd'
[1579804200] CURRENT SERVICE STATE: smscapp2;Memory;OK;HARD;1;OK - 35.5% (17489364 kB) free.
[1579804200] CURRENT SERVICE STATE: smscapp2;Sensors Status;OK;HARD;1;SENSORS OK
[1579804200] CURRENT SERVICE STATE: smscapp2;Total Processes;OK;HARD;1;PROCS OK: 2119 processes
[1579804200] CURRENT SERVICE STATE: sservercluster1;CPU Load;OK;HARD;1;OK - load average: 1.36, 1.31, 1.33
[1579804200] CURRENT SERVICE STATE: sservercluster1;CPU_Procs;OK;HARD;1;CPU OK: 311 processes
[1579804200] CURRENT SERVICE STATE: sservercluster1;Current Users;OK;HARD;1;USERS OK - 3 users currently logged in
[1579804200] CURRENT SERVICE STATE: sservercluster1;HDD_Home status;OK;HARD;1;DISK OK - free space: /home 134050 MB (60% inode=99%):
[1579804200] CURRENT SERVICE STATE: sservercluster1;HDD_Root status;OK;HARD;1;DISK OK - free space: / 40529 MB (79% inode=99%):
[1579804200] CURRENT SERVICE STATE: sservercluster1;LocalService-NTPD SERVICE;OK;HARD;1;PROCS OK: 1 process with command name 'ntpd'
[1579804200] CURRENT SERVICE STATE: sservercluster1;Memory;OK;HARD;1;OK - 66.9% (16388748 kB) free.
[1579804200] CURRENT SERVICE STATE: sservercluster1;Sensors Status;OK;HARD;1;SENSORS OK
[1579804200] CURRENT SERVICE STATE: sservercluster1;Total Processes;OK;HARD;1;PROCS OK: 311 processes
[1579804200] CURRENT SERVICE STATE: sservercluster2;CPU Load;OK;HARD;1;OK - load average: 0.99, 0.97, 0.95
[1579804200] CURRENT SERVICE STATE: sservercluster2;CPU_Procs;OK;HARD;1;CPU OK: 335 processes
[1579804200] CURRENT SERVICE STATE: sservercluster2;Current Users;WARNING;HARD;3;USERS WARNING - 6 users currently logged in
[1579804200] CURRENT SERVICE STATE: sservercluster2;HDD_Home status;OK;HARD;1;DISK OK - free space: /home 179046 MB (81% inode=99%):
[1579804200] CURRENT SERVICE STATE: sservercluster2;HDD_Root status;OK;HARD;1;DISK OK - free space: / 33223 MB (64% inode=98%):
[1579804200] CURRENT SERVICE STATE: sservercluster2;LocalService-NTPD SERVICE;OK;HARD;1;PROCS OK: 1 process with command name 'ntpd'
[1579804200] CURRENT SERVICE STATE: sservercluster2;Memory;OK;HARD;1;OK - 78.3% (19193796 kB) free.
[1579804200] CURRENT SERVICE STATE: sservercluster2;Sensors Status;OK;HARD;1;SENSORS OK
[1579804200] CURRENT SERVICE STATE: sservercluster2;Total Processes;OK;HARD;1;PROCS OK: 334 processes
[1579804200] CURRENT SERVICE STATE: webserver1;CPU Load;OK;HARD;1;OK - load average: 0.00, 0.01, 0.15
[1579804200] CURRENT SERVICE STATE: webserver1;CPU_Procs;OK;HARD;1;CPU OK: 359 processes
[1579804200] CURRENT SERVICE STATE: webserver1;Current Users;OK;HARD;1;USERS OK - 1 users currently logged in
[1579804200] CURRENT SERVICE STATE: webserver1;HDD_Home status;OK;HARD;1;DISK OK - free space: /home 224756 MB (99% inode=99%):
[1579804200] CURRENT SERVICE STATE: webserver1;HDD_Root status;OK;HARD;1;DISK OK - free space: / 40217 MB (78% inode=99%):
[1579804200] CURRENT SERVICE STATE: webserver1;LocalService-NTPD SERVICE;OK;HARD;1;PROCS OK: 1 process with command name 'ntpd'
[1579804200] CURRENT SERVICE STATE: webserver1;Memory;OK;HARD;1;OK - 83.3% (20388460 kB) free.
[1579804200] CURRENT SERVICE STATE: webserver1;Nginx_status;OK;HARD;1;NGINX OK -  0.084 sec. response time, Active: 1 (Writing: 1 Reading: 0 Waiting: 0) ReqPerSec: 0.003 ConnPerSec: 0.010 ReqPerConn: 0.953
[1579804200] CURRENT SERVICE STATE: webserver1;Sensors Status;OK;HARD;1;SENSORS OK
[1579804200] CURRENT SERVICE STATE: webserver1;Total Processes;OK;HARD;1;PROCS OK: 360 processes
[1579804200] CURRENT SERVICE STATE: webserver2;CPU_Procs;OK;HARD;1;CPU OK: 459 processes
[1579804200] CURRENT SERVICE STATE: webserver2;Current Load;OK;HARD;1;OK - load average: 0.11, 0.07, 0.05
[1579804200] CURRENT SERVICE STATE: webserver2;Current Users;OK;HARD;1;USERS OK - 23 users currently logged in
[1579804200] CURRENT SERVICE STATE: webserver2;HDD_Home status;OK;HARD;1;DISK OK - free space: /home 104184 MB (46.35% inode=100%):
[1579804200] CURRENT SERVICE STATE: webserver2;HTTP;OK;HARD;1;HTTP OK: HTTP/1.1 200 OK - 355 bytes in 0.001 second response time
[1579804200] CURRENT SERVICE STATE: webserver2;LocalService-NTPD SERVICE;OK;HARD;1;PROCS OK: 1 process with command name 'ntpd'
[1579804200] CURRENT SERVICE STATE: webserver2;Memory;OK;HARD;1;OK - 59.2% (14520476 kB) free.
[1579804200] CURRENT SERVICE STATE: webserver2;PING;OK;HARD;1;PING OK - Packet loss = 0%, RTA = 0.06 ms
[1579804200] CURRENT SERVICE STATE: webserver2;Root Partition;OK;HARD;1;DISK OK - free space: / 10928 MB (21.35% inode=99%):
[1579804200] CURRENT SERVICE STATE: webserver2;SSH;OK;HARD;1;SSH OK - OpenSSH_7.4 (protocol 2.0)
[1579804200] CURRENT SERVICE STATE: webserver2;Sensors Status;OK;HARD;1;SENSORS OK
[1579804200] CURRENT SERVICE STATE: webserver2;Total Processes;OK;HARD;1;PROCS OK: 163 processes with STATE = RSZDT
[1579804200] CURRENT SERVICE STATE: webservercluster1;CPU Load;OK;HARD;1;OK - load average: 0.00, 0.01, 0.05
[1579804200] CURRENT SERVICE STATE: webservercluster1;CPU_Procs;OK;HARD;1;CPU OK: 334 processes
[1579804200] CURRENT SERVICE STATE: webservercluster1;Current Users;OK;HARD;1;USERS OK - 2 users currently logged in
[1579804200] CURRENT SERVICE STATE: webservercluster1;HDD_Home status;OK;HARD;1;DISK OK - free space: / 20354 MB (39% inode=99%):
[1579804200] CURRENT SERVICE STATE: webservercluster1;HDD_Root status;OK;HARD;1;DISK OK - free space: /home 139805 MB (62% inode=99%):
[1579804200] CURRENT SERVICE STATE: webservercluster1;LocalService-NTPD SERVICE;OK;HARD;1;PROCS OK: 1 process with command name 'ntpd'
[1579804200] CURRENT SERVICE STATE: webservercluster1;Memory;OK;HARD;1;OK - 71.8% (11670696 kB) free.
[1579804200] CURRENT SERVICE STATE: webservercluster1;Sensors Status;OK;HARD;1;SENSORS OK
[1579804200] CURRENT SERVICE STATE: webservercluster1;Total Processes;OK;HARD;1;PROCS OK: 334 processes
[1579804200] CURRENT SERVICE STATE: webservercluster2;CPU Load;OK;HARD;1;OK - load average: 0.69, 0.72, 0.68
[1579804200] CURRENT SERVICE STATE: webservercluster2;CPU_Procs;OK;HARD;1;CPU OK: 295 processes
[1579804200] CURRENT SERVICE STATE: webservercluster2;Current Users;OK;HARD;1;USERS OK - 3 users currently logged in
[1579804200] CURRENT SERVICE STATE: webservercluster2;HDD_Home status;OK;HARD;1;DISK OK - free space: /home 224248 MB (99% inode=99%):
[1579804200] CURRENT SERVICE STATE: webservercluster2;HDD_Root status;OK;HARD;1;DISK OK - free space: / 40243 MB (78% inode=99%):
[1579804200] CURRENT SERVICE STATE: webservercluster2;LocalService-NTPD SERVICE;OK;HARD;1;PROCS OK: 1 process with command name 'ntpd'
[1579804200] CURRENT SERVICE STATE: webservercluster2;Memory;OK;HARD;1;OK - 59.4% (9662748 kB) free.
[1579804200] CURRENT SERVICE STATE: webservercluster2;Sensors Status;OK;HARD;1;SENSORS OK
[1579804200] CURRENT SERVICE STATE: webservercluster2;Total Processes;OK;HARD;1;PROCS OK: 293 processes
[1579804213] SERVICE ALERT: sservercluster2;Current Users;OK;HARD;1;USERS OK - 5 users currently logged in
[1579804741] SERVICE ALERT: sservercluster2;Memory;CRITICAL;SOFT;1;CRITICAL - 0.8% (187140 kB) free!
[1579804847] SERVICE ALERT: pservercluster1;Memory;CRITICAL;SOFT;1;CRITICAL - 0.8% (187584 kB) free!
[1579804861] SERVICE ALERT: sservercluster2;Memory;CRITICAL;SOFT;2;CRITICAL - 0.8% (188320 kB) free!
[1579804881] SERVICE ALERT: sservercluster1;Memory;CRITICAL;SOFT;1;CRITICAL - 0.8% (197888 kB) free!
[1579804968] SERVICE ALERT: pservercluster1;Memory;CRITICAL;SOFT;2;CRITICAL - 0.8% (194668 kB) free!
[1579804969] SERVICE NOTIFICATION: nagiosadmin;primary-server;Nginx Error Log Status;CRITICAL;notify-service-by-email;(1612) < 2020/01/24 00:12:49 [error] 26576#0: *26115361 access forbidden by rule while initializing session, client: 103.16.101.72, server: 0.0.0.0:13000
[1579804982] SERVICE NOTIFICATION: nagiosadmin;sservercluster2;Memory;CRITICAL;notify-service-by-email;CRITICAL - 0.8% (192112 kB) free!
[1579804982] SERVICE ALERT: sservercluster2;Memory;CRITICAL;HARD;3;CRITICAL - 0.8% (192112 kB) free!
[1579805001] SERVICE ALERT: sservercluster1;Memory;CRITICAL;SOFT;2;CRITICAL - 0.8% (184940 kB) free!
[1579805088] SERVICE NOTIFICATION: nagiosadmin;pservercluster1;Memory;CRITICAL;notify-service-by-email;CRITICAL - 0.7% (183316 kB) free!
[1579805088] SERVICE ALERT: pservercluster1;Memory;CRITICAL;HARD;3;CRITICAL - 0.7% (183316 kB) free!
[1579805121] SERVICE NOTIFICATION: nagiosadmin;sservercluster1;Memory;CRITICAL;notify-service-by-email;CRITICAL - 0.8% (184004 kB) free!
[1579805121] SERVICE ALERT: sservercluster1;Memory;CRITICAL;HARD;3;CRITICAL - 0.8% (184004 kB) free!
[1579805894] Auto-save of retention data completed successfully.
[1579806798] SERVICE NOTIFICATION: nagiosadmin;sigqscluster1;Memory;WARNING;notify-service-by-email;WARNING - 16.9% (8312904 kB) free!
[1579808088] SERVICE NOTIFICATION: nagiosadmin;pservercluster1;Memory;OK;notify-service-by-email;OK - 22.0% (5439108 kB) free.
[1579808088] SERVICE ALERT: pservercluster1;Memory;OK;HARD;1;OK - 22.0% (5439108 kB) free.
[1579808569] SERVICE NOTIFICATION: nagiosadmin;primary-server;Nginx Error Log Status;CRITICAL;notify-service-by-email;(1610) < 2020/01/24 01:12:48 [error] 26576#0: *26126646 access forbidden by rule while initializing session, client: 103.16.101.72, server: 0.0.0.0:13000
[1579808582] SERVICE NOTIFICATION: nagiosadmin;sservercluster2;Memory;CRITICAL;notify-service-by-email;CRITICAL - 1.0% (245412 kB) free!
[1579808688] SERVICE ALERT: pservercluster1;Memory;CRITICAL;SOFT;1;CRITICAL - 0.8% (197248 kB) free!
[1579808722] SERVICE NOTIFICATION: nagiosadmin;sservercluster1;Memory;CRITICAL;notify-service-by-email;CRITICAL - 0.8% (186264 kB) free!
[1579808808] SERVICE ALERT: pservercluster1;Memory;CRITICAL;SOFT;2;CRITICAL - 0.7% (182072 kB) free!
[1579808928] SERVICE NOTIFICATION: nagiosadmin;pservercluster1;Memory;CRITICAL;notify-service-by-email;CRITICAL - 0.7% (181964 kB) free!
[1579808928] SERVICE ALERT: pservercluster1;Memory;CRITICAL;HARD;3;CRITICAL - 0.7% (181964 kB) free!
[1579809198] SERVICE NOTIFICATION: nagiosadmin;sigqscluster1;Memory;CRITICAL;notify-service-by-email;CRITICAL - 0.4% (215180 kB) free!
[1579809198] SERVICE ALERT: sigqscluster1;Memory;CRITICAL;HARD;3;CRITICAL - 0.4% (215180 kB) free!
[1579809494] Auto-save of retention data completed successfully.
[1579812169] SERVICE NOTIFICATION: nagiosadmin;primary-server;Nginx Error Log Status;CRITICAL;notify-service-by-email;(1606) < 2020/01/24 02:12:48 [error] 26574#0: *26138057 access forbidden by rule while initializing session, client: 103.16.101.72, server: 0.0.0.0:13000
[1579812182] SERVICE NOTIFICATION: nagiosadmin;sservercluster2;Memory;CRITICAL;notify-service-by-email;CRITICAL - 1.7% (412800 kB) free!
[1579812528] SERVICE NOTIFICATION: nagiosadmin;pservercluster1;Memory;CRITICAL;notify-service-by-email;CRITICAL - 0.8% (192632 kB) free!
[1579812798] SERVICE NOTIFICATION: nagiosadmin;sigqscluster1;Memory;CRITICAL;notify-service-by-email;CRITICAL - 0.5% (243428 kB) free!
[1579812921] SERVICE NOTIFICATION: nagiosadmin;sservercluster1;Memory;OK;notify-service-by-email;OK - 43.4% (10632524 kB) free.
[1579812921] SERVICE ALERT: sservercluster1;Memory;OK;HARD;1;OK - 43.4% (10632524 kB) free.
[1579812977] SERVICE ALERT: smscapp1;Memory;CRITICAL;SOFT;1;CRITICAL - 0.4% (219804 kB) free!
[1579813094] Auto-save of retention data completed successfully.
[1579813097] SERVICE ALERT: smscapp1;Memory;CRITICAL;SOFT;2;CRITICAL - 0.5% (241748 kB) free!
[1579813217] SERVICE NOTIFICATION: nagiosadmin;smscapp1;Memory;CRITICAL;notify-service-by-email;CRITICAL - 0.5% (223588 kB) free!
[1579813217] SERVICE ALERT: smscapp1;Memory;CRITICAL;HARD;3;CRITICAL - 0.5% (223588 kB) free!
[1579813813] SERVICE FLAPPING ALERT: sservercluster2;Current Users;STOPPED; Service appears to have stopped flapping (4.1% change < 5.0% threshold)
[1579813813] SERVICE NOTIFICATION: nagiosadmin;sservercluster2;Current Users;OK;notify-service-by-email;USERS OK - 5 users currently logged in
[1579813817] SERVICE NOTIFICATION: nagiosadmin;smscapp1;Memory;OK;notify-service-by-email;OK - 87.1% (42923620 kB) free.
[1579813817] SERVICE ALERT: smscapp1;Memory;OK;HARD;1;OK - 87.1% (42923620 kB) free.
[1579815205] SERVICE ALERT: secondary-server;Nginx Error Log Status;CRITICAL;SOFT;1;(1) < 2020/01/24 03:00:25 [error] 18365#0: *43132073 recv() failed (104: Connection reset by peer) while proxying connection, client: 103.16.101.72, server: 0.0.0.0:4000, upstream: "10.147.212.37:4000", bytes from/to client:45/0, bytes from/to upstream:0/45
[1579815324] SERVICE ALERT: primary-server;Nginx Access Log Status;CRITICAL;SOFT;1;(1432) < 203.212.70.170 [24/Jan/2020:03:01:32 +0530] TCP 502 0 0 0.000 "backend_3001" "0" "0" "0.000"
[1579815325] SERVICE ALERT: secondary-server;Nginx Error Log Status;OK;HARD;1;Log check ok - 0 pattern matches found
[1579815444] SERVICE ALERT: primary-server;Nginx Access Log Status;OK;HARD;1;Log check ok - 0 pattern matches found
[1579815769] SERVICE NOTIFICATION: nagiosadmin;primary-server;Nginx Error Log Status;CRITICAL;notify-service-by-email;(1612) < 2020/01/24 03:12:49 [error] 26574#0: *26153599 access forbidden by rule while initializing session, client: 103.16.101.72, server: 0.0.0.0:13000
[1579815782] SERVICE NOTIFICATION: nagiosadmin;sservercluster2;Memory;CRITICAL;notify-service-by-email;CRITICAL - 2.4% (595172 kB) free!
[1579816128] SERVICE NOTIFICATION: nagiosadmin;pservercluster1;Memory;CRITICAL;notify-service-by-email;CRITICAL - 3.3% (805340 kB) free!
[1579816398] SERVICE NOTIFICATION: nagiosadmin;sigqscluster1;Memory;CRITICAL;notify-service-by-email;CRITICAL - 0.5% (228584 kB) free!
[1579816694] Auto-save of retention data completed successfully.
[1579819369] SERVICE NOTIFICATION: nagiosadmin;primary-server;Nginx Error Log Status;CRITICAL;notify-service-by-email;(1603) < 2020/01/24 04:12:48 [error] 26567#0: *26164906 access forbidden by rule while initializing session, client: 103.209.99.7, server: 0.0.0.0:13000
[1579819382] SERVICE NOTIFICATION: nagiosadmin;sservercluster2;Memory;CRITICAL;notify-service-by-email;CRITICAL - 1.2% (298560 kB) free!
[1579819728] SERVICE NOTIFICATION: nagiosadmin;pservercluster1;Memory;CRITICAL;notify-service-by-email;CRITICAL - 1.4% (341700 kB) free!
[1579819998] SERVICE NOTIFICATION: nagiosadmin;sigqscluster1;Memory;CRITICAL;notify-service-by-email;CRITICAL - 0.4% (220548 kB) free!
[1579820294] Auto-save of retention data completed successfully.
[1579822522] SERVICE ALERT: sservercluster1;Memory;CRITICAL;SOFT;1;CRITICAL - 0.8% (189772 kB) free!
[1579822644] SERVICE ALERT: sservercluster1;Memory;CRITICAL;SOFT;2;CRITICAL - 0.7% (163036 kB) free!
[1579822764] SERVICE ALERT: sservercluster1;Memory;OK;HARD;1;OK - 29.3% (7173132 kB) free.
[1579822969] SERVICE NOTIFICATION: nagiosadmin;primary-server;Nginx Error Log Status;CRITICAL;notify-service-by-email;(1603) < 2020/01/24 05:12:49 [error] 26576#0: *26176291 access forbidden by rule while initializing session, client: 103.16.101.72, server: 0.0.0.0:13000
[1579822982] SERVICE NOTIFICATION: nagiosadmin;sservercluster2;Memory;OK;notify-service-by-email;OK - 89.5% (21933180 kB) free.
[1579822982] SERVICE ALERT: sservercluster2;Memory;OK;HARD;1;OK - 89.5% (21933180 kB) free.
[1579823328] SERVICE NOTIFICATION: nagiosadmin;pservercluster1;Memory;OK;notify-service-by-email;OK - 49.6% (12240896 kB) free.
[1579823328] SERVICE ALERT: pservercluster1;Memory;OK;HARD;1;OK - 49.6% (12240896 kB) free.
[1579823365] SERVICE ALERT: sservercluster1;Memory;CRITICAL;SOFT;1;CRITICAL - 0.8% (195552 kB) free!
[1579823485] SERVICE ALERT: sservercluster1;Memory;CRITICAL;SOFT;2;CRITICAL - 0.8% (201892 kB) free!
[1579823598] SERVICE NOTIFICATION: nagiosadmin;sigqscluster1;Memory;CRITICAL;notify-service-by-email;CRITICAL - 0.5% (231844 kB) free!
[1579823605] SERVICE NOTIFICATION: nagiosadmin;sservercluster1;Memory;CRITICAL;notify-service-by-email;CRITICAL - 0.8% (197744 kB) free!
[1579823605] SERVICE ALERT: sservercluster1;Memory;CRITICAL;HARD;3;CRITICAL - 0.8% (197744 kB) free!
[1579823894] Auto-save of retention data completed successfully.
[1579826569] SERVICE NOTIFICATION: nagiosadmin;primary-server;Nginx Error Log Status;CRITICAL;notify-service-by-email;(1621) < 2020/01/24 06:12:49 [error] 26579#0: *26187603 access forbidden by rule while initializing session, client: 103.16.101.72, server: 0.0.0.0:13000
[1579827015] EXTERNAL COMMAND: SCHEDULE_FORCED_SVC_CHECK;sigqscluster1;Memory;1579827013
[1579827015] SERVICE NOTIFICATION: nagiosadmin;sigqscluster1;Memory;OK;notify-service-by-email;OK - 81.8% (40325164 kB) free.
[1579827015] SERVICE ALERT: sigqscluster1;Memory;OK;HARD;1;OK - 81.8% (40325164 kB) free.
[1579827019] EXTERNAL COMMAND: SCHEDULE_FORCED_SVC_CHECK;sigqscluster1;Memory;1579827018
[1579827048] EXTERNAL COMMAND: SCHEDULE_FORCED_SVC_CHECK;sservercluster1;Memory;1579827047
[1579827049] SERVICE NOTIFICATION: nagiosadmin;sservercluster1;Memory;OK;notify-service-by-email;OK - 92.7% (22719060 kB) free.
[1579827049] SERVICE ALERT: sservercluster1;Memory;OK;HARD;1;OK - 92.7% (22719060 kB) free.
[1579827053] EXTERNAL COMMAND: SCHEDULE_FORCED_SVC_CHECK;sservercluster1;Memory;1579827051
[1579827057] EXTERNAL COMMAND: SCHEDULE_FORCED_SVC_CHECK;sservercluster1;Memory;1579827056
[1579827494] Auto-save of retention data completed successfully.
[1579828128] SERVICE ALERT: pservercluster1;Memory;WARNING;SOFT;1;WARNING - 18.2% (4479104 kB) free!
[1579828248] SERVICE ALERT: pservercluster1;Memory;WARNING;SOFT;2;WARNING - 18.1% (4476348 kB) free!
[1579828368] SERVICE NOTIFICATION: nagiosadmin;pservercluster1;Memory;WARNING;notify-service-by-email;WARNING - 18.1% (4472884 kB) free!
[1579828368] SERVICE ALERT: pservercluster1;Memory;WARNING;HARD;3;WARNING - 18.1% (4472884 kB) free!
[1579830168] SERVICE NOTIFICATION: nagiosadmin;pservercluster1;Memory;CRITICAL;notify-service-by-email;CRITICAL - 10.0% (2455816 kB) free!
[1579830168] SERVICE ALERT: pservercluster1;Memory;CRITICAL;HARD;3;CRITICAL - 10.0% (2455816 kB) free!
[1579830170] SERVICE NOTIFICATION: nagiosadmin;primary-server;Nginx Error Log Status;CRITICAL;notify-service-by-email;(8498) < 2020/01/24 07:12:48 [error] 26575#0: *26212734 access forbidden by rule while initializing session, client: 103.16.101.72, server: 0.0.0.0:13000
[1579830444] SERVICE ALERT: primary-server;Nginx Access Log Status;CRITICAL;SOFT;1;(6838) < 103.255.146.164 [24/Jan/2020:07:09:47 +0530] TCP 502 0 0 0.000 "10.147.212.142:3000" "0" "0" "0.000"
[1579830564] SERVICE ALERT: primary-server;Nginx Access Log Status;OK;HARD;1;Log check ok - 0 pattern matches found
[1579831094] Auto-save of retention data completed successfully.
[1579831164] SERVICE ALERT: primary-server;Nginx Access Log Status;CRITICAL;SOFT;1;(823) < 103.255.146.164 [24/Jan/2020:07:20:57 +0530] TCP 502 0 0 0.000 "10.147.212.142:3000" "0" "0" "0.000"
[1579831285] SERVICE ALERT: primary-server;Nginx Access Log Status;CRITICAL;SOFT;2;(526) < 103.255.146.164 [24/Jan/2020:07:31:24 +0530] TCP 502 0 0 0.000 "10.147.212.142:3000" "0" "0" "0.000"
[1579831405] SERVICE NOTIFICATION: nagiosadmin;primary-server;Nginx Access Log Status;CRITICAL;notify-service-by-email;(2738) < 103.255.146.164 [24/Jan/2020:07:32:09 +0530] TCP 502 0 0 0.000 "10.147.212.142:3000" "0" "0" "0.000"
[1579831405] SERVICE ALERT: primary-server;Nginx Access Log Status;CRITICAL;HARD;3;(2738) < 103.255.146.164 [24/Jan/2020:07:32:09 +0530] TCP 502 0 0 0.000 "10.147.212.142:3000" "0" "0" "0.000"
[1579832005] SERVICE NOTIFICATION: nagiosadmin;primary-server;Nginx Access Log Status;OK;notify-service-by-email;Log check ok - 0 pattern matches found
[1579832005] SERVICE ALERT: primary-server;Nginx Access Log Status;OK;HARD;1;Log check ok - 0 pattern matches found
[1579833325] SERVICE ALERT: secondary-server;Nginx Error Log Status;CRITICAL;SOFT;1;(4) < 2020/01/24 07:59:20 [error] 18370#0: *43133196 recv() failed (104: Connection reset by peer) while proxying connection, client: 49.50.86.152, server: 0.0.0.0:4000, upstream: "10.147.212.61:4000", bytes from/to client:99257/53642, bytes from/to upstream:53642/99257
[1579833445] SERVICE ALERT: secondary-server;Nginx Error Log Status;OK;HARD;1;Log check ok - 0 pattern matches found
[1579833488] EXTERNAL COMMAND: SCHEDULE_FORCED_SVC_CHECK;pservercluster1;Memory;1579833487
[1579833489] SERVICE FLAPPING ALERT: pservercluster1;Memory;STARTED; Service appears to have started flapping (20.8% change >= 20.0% threshold)
[1579833489] SERVICE ALERT: pservercluster1;Memory;OK;HARD;1;OK - 91.7% (22634532 kB) free.
[1579833493] EXTERNAL COMMAND: SCHEDULE_FORCED_SVC_CHECK;pservercluster1;Memory;1579833491
[1579833496] EXTERNAL COMMAND: SCHEDULE_FORCED_SVC_CHECK;pservercluster1;Memory;1579833495
[1579834369] SERVICE NOTIFICATION: nagiosadmin;primary-server;Nginx Error Log Status;CRITICAL;notify-service-by-email;(1621) < 2020/01/24 08:22:48 [error] 26575#0: *26234213 access forbidden by rule while initializing session, client: 103.16.101.72, server: 0.0.0.0:13000
[1579834694] Auto-save of retention data completed successfully.
[1579836806] SERVICE ALERT: primary-server;Nginx Access Log Status;CRITICAL;SOFT;1;(4743) < 103.255.146.164 [24/Jan/2020:08:58:56 +0530] TCP 502 0 0 0.000 "10.147.212.142:3000" "0" "0" "0.000"
[1579836926] SERVICE ALERT: primary-server;Nginx Access Log Status;OK;HARD;1;Log check ok - 0 pattern matches found
[1579837213] SERVICE ALERT: sservercluster2;Current Users;WARNING;SOFT;1;USERS WARNING - 6 users currently logged in
[1579837333] SERVICE ALERT: sservercluster2;Current Users;WARNING;SOFT;2;USERS WARNING - 6 users currently logged in
[1579837453] SERVICE NOTIFICATION: nagiosadmin;sservercluster2;Current Users;WARNING;notify-service-by-email;USERS WARNING - 6 users currently logged in
[1579837453] SERVICE ALERT: sservercluster2;Current Users;WARNING;HARD;3;USERS WARNING - 6 users currently logged in
[1579837969] SERVICE NOTIFICATION: nagiosadmin;primary-server;Nginx Error Log Status;CRITICAL;notify-service-by-email;(2185) < 2020/01/24 09:22:49 [error] 26579#0: *26255669 access forbidden by rule while initializing session, client: 103.16.101.72, server: 0.0.0.0:13000
[1579838294] Auto-save of retention data completed successfully.
[1579839361] SERVICE ALERT: smscapp2;CPU Load;CRITICAL;SOFT;1;CRITICAL - load average: 506.15, 279.64, 115.78
[1579839481] SERVICE ALERT: smscapp2;CPU Load;CRITICAL;SOFT;2;CRITICAL - load average: 82.81, 192.78, 103.84
[1579839602] SERVICE NOTIFICATION: nagiosadmin;smscapp2;CPU Load;CRITICAL;notify-service-by-email;CRITICAL - load average: 19.68, 130.60, 92.14
[1579839602] SERVICE ALERT: smscapp2;CPU Load;CRITICAL;HARD;3;CRITICAL - load average: 19.68, 130.60, 92.14
[1579839680] SERVICE ALERT: secondary-server;Memory Status;WARNING;SOFT;1;WARNING - 19.7% (4838844 kB) free!
[1579839800] SERVICE ALERT: secondary-server;Memory Status;WARNING;SOFT;2;WARNING - 19.6% (4812108 kB) free!
[1579839920] SERVICE NOTIFICATION: nagiosadmin;secondary-server;Memory Status;WARNING;notify-service-by-email;WARNING - 19.5% (4784492 kB) free!
[1579839920] SERVICE ALERT: secondary-server;Memory Status;WARNING;HARD;3;WARNING - 19.5% (4784492 kB) free!
[1579840696] SERVICE FLAPPING ALERT: pservercluster1;Memory;STOPPED; Service appears to have stopped flapping (4.4% change < 5.0% threshold)
[1579841053] SERVICE NOTIFICATION: nagiosadmin;sservercluster2;Current Users;WARNING;notify-service-by-email;USERS WARNING - 6 users currently logged in
[1579841402] SERVICE NOTIFICATION: nagiosadmin;smscapp2;CPU Load;OK;notify-service-by-email;OK - load average: 8.31, 10.05, 27.45
[1579841402] SERVICE ALERT: smscapp2;CPU Load;OK;HARD;1;OK - load average: 8.31, 10.05, 27.45
[1579841569] SERVICE NOTIFICATION: nagiosadmin;primary-server;Nginx Error Log Status;CRITICAL;notify-service-by-email;(6949) < 2020/01/24 10:22:49 [error] 26577#0: *26280020 access forbidden by rule while initializing session, client: 103.16.101.72, server: 0.0.0.0:13000
[1579841726] SERVICE ALERT: primary-server;Nginx Access Log Status;CRITICAL;SOFT;1;(6101) < 103.255.146.164 [24/Jan/2020:10:23:15 +0530] TCP 502 0 0 0.001 "10.147.212.142:3000" "0" "0" "0.001"
[1579841847] SERVICE ALERT: primary-server;Nginx Access Log Status;OK;HARD;1;Log check ok - 0 pattern matches found
[1579841894] Auto-save of retention data completed successfully.
[1579842446] SERVICE ALERT: primary-server;Nginx Access Log Status;CRITICAL;SOFT;1;(7549) < 103.255.146.164 [24/Jan/2020:10:32:05 +0530] TCP 502 0 0 0.001 "10.147.212.142:3000" "0" "0" "0.001"
[1579842566] SERVICE ALERT: primary-server;Nginx Access Log Status;OK;HARD;1;Log check ok - 0 pattern matches found
[1579843376] SERVICE ALERT: db2;Memory;WARNING;SOFT;1;WARNING - 19.1% (9399836 kB) free!
[1579843496] SERVICE ALERT: db2;Memory;WARNING;SOFT;2;WARNING - 19.1% (9400292 kB) free!
[1579843520] SERVICE NOTIFICATION: nagiosadmin;secondary-server;Memory Status;WARNING;notify-service-by-email;WARNING - 17.0% (4163608 kB) free!
[1579843616] SERVICE NOTIFICATION: nagiosadmin;db2;Memory;WARNING;notify-service-by-email;WARNING - 19.1% (9399492 kB) free!
[1579843616] SERVICE ALERT: db2;Memory;WARNING;HARD;3;WARNING - 19.1% (9399492 kB) free!
[1579843802] SERVICE ALERT: smscapp2;CPU Load;CRITICAL;SOFT;1;CRITICAL - load average: 90.88, 43.81, 25.22
[1579843922] SERVICE ALERT: smscapp2;CPU Load;OK;HARD;1;OK - load average: 25.00, 34.22, 23.96
[1579844053] SERVICE NOTIFICATION: nagiosadmin;sservercluster2;Current Users;OK;notify-service-by-email;USERS OK - 5 users currently logged in
[1579844053] SERVICE ALERT: sservercluster2;Current Users;OK;HARD;1;USERS OK - 5 users currently logged in
[1579844522] SERVICE ALERT: smscapp2;CPU Load;CRITICAL;SOFT;1;CRITICAL - load average: 50.38, 86.11, 51.76
[1579844642] SERVICE ALERT: smscapp2;CPU Load;CRITICAL;SOFT;2;CRITICAL - load average: 17.58, 61.95, 47.08
[1579844762] SERVICE NOTIFICATION: nagiosadmin;smscapp2;CPU Load;CRITICAL;notify-service-by-email;CRITICAL - load average: 11.29, 45.35, 42.76
[1579844762] SERVICE ALERT: smscapp2;CPU Load;CRITICAL;HARD;3;CRITICAL - load average: 11.29, 45.35, 42.76
[1579844945] SERVICE ALERT: redis-1;CPU_Procs;WARNING;SOFT;1;CPU WARNING: 1 warn out of 401 processes
[1579845065] SERVICE ALERT: redis-1;CPU_Procs;OK;HARD;1;CPU OK: 400 processes
[1579845170] SERVICE NOTIFICATION: nagiosadmin;primary-server;Nginx Error Log Status;CRITICAL;notify-service-by-email;(2202) < 2020/01/24 11:22:49 [error] 26577#0: *26312973 access forbidden by rule while initializing session, client: 103.16.101.72, server: 0.0.0.0:13000
[1579845362] SERVICE FLAPPING ALERT: smscapp2;CPU Load;STARTED; Service appears to have started flapping (22.9% change >= 20.0% threshold)
[1579845362] SERVICE ALERT: smscapp2;CPU Load;OK;HARD;1;OK - load average: 10.18, 14.60, 27.20
[1579845445] SERVICE ALERT: secondary-server;Nginx Error Log Status;CRITICAL;SOFT;1;(65) < 2020/01/24 11:24:19 [error] 18359#0: *43227143 no live upstreams while connecting to upstream, client: 103.16.101.72, server: 0.0.0.0:4000, upstream: "backend3", bytes from/to client:0/0, bytes from/to upstream:0/0
[1579845494] Auto-save of retention data completed successfully.
[1579845565] SERVICE ALERT: secondary-server;Nginx Error Log Status;OK;HARD;1;Log check ok - 0 pattern matches found
[1579845566] SERVICE ALERT: primary-server;Nginx Access Log Status;CRITICAL;SOFT;1;(40) < 203.212.70.170 [24/Jan/2020:11:26:42 +0530] TCP 502 0 0 180.000 "10.147.212.154:3001, 10.147.212.155:3001, 10.147.212.143:3001, backend_3001" "0, 0, 0, 0" "0, 0, 0, 0" "60.000, 60.000, 60.000, 0.000"
[1579845597] SERVICE ALERT: secondary-server;Nginx Access Log Status;CRITICAL;SOFT;1;(2) < 103.16.101.72 [24/Jan/2020:11:24:19 +0530] TCP 502 0 0 60.000 "10.147.212.49:4000, backend3" "0, 0" "0, 0" "60.000, 0.000"
[1579845687] SERVICE ALERT: primary-server;Nginx Access Log Status;OK;HARD;1;Log check ok - 0 pattern matches found
[1579845718] SERVICE ALERT: secondary-server;Nginx Access Log Status;OK;HARD;1;Log check ok - 0 pattern matches found
[1579847120] SERVICE NOTIFICATION: nagiosadmin;secondary-server;Memory Status;WARNING;notify-service-by-email;WARNING - 14.9% (3641264 kB) free!
[1579847216] SERVICE NOTIFICATION: nagiosadmin;db2;Memory;WARNING;notify-service-by-email;WARNING - 19.1% (9395956 kB) free!
[1579847296] SERVICE ALERT: pservercluster1;Memory;WARNING;SOFT;1;WARNING - 19.0% (4696788 kB) free!
[1579847416] SERVICE ALERT: pservercluster1;Memory;WARNING;SOFT;2;WARNING - 18.7% (4605452 kB) free!
[1579847418] EXTERNAL COMMAND: SCHEDULE_FORCED_SVC_CHECK;db2;Memory;1579847417
[1579847418] SERVICE NOTIFICATION: nagiosadmin;db2;Memory;OK;notify-service-by-email;OK - 55.1% (27170488 kB) free.
[1579847418] SERVICE ALERT: db2;Memory;OK;HARD;1;OK - 55.1% (27170488 kB) free.
[1579847422] EXTERNAL COMMAND: SCHEDULE_FORCED_SVC_CHECK;db2;Memory;1579847421
[1579847426] EXTERNAL COMMAND: SCHEDULE_FORCED_SVC_CHECK;db2;Memory;1579847425
[1579847429] EXTERNAL COMMAND: SCHEDULE_FORCED_SVC_CHECK;db2;Memory;1579847428
[1579847537] SERVICE NOTIFICATION: nagiosadmin;pservercluster1;Memory;WARNING;notify-service-by-email;WARNING - 17.3% (4281280 kB) free!
[1579847537] SERVICE ALERT: pservercluster1;Memory;WARNING;HARD;3;WARNING - 17.3% (4281280 kB) free!
[1579847609] SERVICE ALERT: redis-2;Memory;WARNING;SOFT;1;WARNING - 19.9% (26216968 kB) free!
[1579847729] SERVICE ALERT: redis-2;Memory;WARNING;SOFT;2;WARNING - 16.4% (21564008 kB) free!
[1579847849] SERVICE NOTIFICATION: nagiosadmin;redis-2;Memory;WARNING;notify-service-by-email;WARNING - 13.0% (17134316 kB) free!
[1579847849] SERVICE ALERT: redis-2;Memory;WARNING;HARD;3;WARNING - 13.0% (17134316 kB) free!
[1579848019] SERVICE ALERT: sigqscluster1;Memory;CRITICAL;SOFT;1;CRITICAL - 0.5% (240116 kB) free!
[1579848137] SERVICE NOTIFICATION: nagiosadmin;pservercluster1;Memory;CRITICAL;notify-service-by-email;CRITICAL - 0.8% (193096 kB) free!
[1579848137] SERVICE ALERT: pservercluster1;Memory;CRITICAL;HARD;3;CRITICAL - 0.8% (193096 kB) free!
[1579848139] SERVICE ALERT: sigqscluster1;Memory;CRITICAL;SOFT;2;CRITICAL - 0.4% (215308 kB) free!
[1579848236] EXTERNAL COMMAND: SCHEDULE_FORCED_SVC_CHECK;sigqscluster1;Memory;1579848234
[1579848236] SERVICE ALERT: sigqscluster1;Memory;OK;HARD;1;OK - 80.5% (39663492 kB) free.
[1579848239] EXTERNAL COMMAND: SCHEDULE_FORCED_SVC_CHECK;sigqscluster1;Memory;1579848238
[1579848285] EXTERNAL COMMAND: SCHEDULE_FORCED_SVC_CHECK;pservercluster1;Memory;1579848283
[1579848285] SERVICE NOTIFICATION: nagiosadmin;pservercluster1;Memory;OK;notify-service-by-email;OK - 89.7% (22133640 kB) free.
[1579848285] SERVICE ALERT: pservercluster1;Memory;OK;HARD;1;OK - 89.7% (22133640 kB) free.
[1579848287] EXTERNAL COMMAND: SCHEDULE_FORCED_SVC_CHECK;pservercluster1;Memory;1579848286
[1579848316] EXTERNAL COMMAND: SCHEDULE_FORCED_SVC_CHECK;pservercluster1;Memory;1579848315
[1579848350] EXTERNAL COMMAND: SCHEDULE_FORCED_SVC_CHECK;redis-2;Memory;1579848349
[1579848350] SERVICE NOTIFICATION: nagiosadmin;redis-2;Memory;OK;notify-service-by-email;OK - 51.7% (68203524 kB) free.
[1579848350] SERVICE ALERT: redis-2;Memory;OK;HARD;1;OK - 51.7% (68203524 kB) free.
[1579848353] EXTERNAL COMMAND: SCHEDULE_FORCED_SVC_CHECK;redis-2;Memory;1579848352
[1579848356] EXTERNAL COMMAND: SCHEDULE_FORCED_SVC_CHECK;redis-2;Memory;1579848355
[1579848360] EXTERNAL COMMAND: SCHEDULE_FORCED_SVC_CHECK;redis-2;Memory;1579848359
[1579848770] SERVICE NOTIFICATION: nagiosadmin;primary-server;Nginx Error Log Status;CRITICAL;notify-service-by-email;(2211) < 2020/01/24 12:22:49 [error] 26569#0: *26329896 access forbidden by rule while initializing session, client: 103.16.101.72, server: 0.0.0.0:13000
[1579848840] SERVICE ALERT: sigqscluster1;Memory;CRITICAL;SOFT;1;CRITICAL - 0.5% (236592 kB) free!
[1579848916] SERVICE ALERT: pservercluster1;Memory;CRITICAL;SOFT;1;CRITICAL - 0.7% (184428 kB) free!
[1579848960] SERVICE ALERT: sigqscluster1;Memory;CRITICAL;SOFT;2;CRITICAL - 0.4% (214040 kB) free!
[1579848962] SERVICE ALERT: smscapp2;CPU Load;WARNING;SOFT;1;WARNING - load average: 14.60, 43.65, 38.80
[1579849036] SERVICE ALERT: pservercluster1;Memory;CRITICAL;SOFT;2;CRITICAL - 0.8% (185848 kB) free!
[1579849080] SERVICE NOTIFICATION: nagiosadmin;sigqscluster1;Memory;CRITICAL;notify-service-by-email;CRITICAL - 0.4% (217132 kB) free!
[1579849080] SERVICE ALERT: sigqscluster1;Memory;CRITICAL;HARD;3;CRITICAL - 0.4% (217132 kB) free!
[1579849083] SERVICE ALERT: smscapp2;CPU Load;WARNING;SOFT;2;WARNING - load average: 14.28, 33.98, 35.87
[1579849094] Auto-save of retention data completed successfully.
[1579849156] SERVICE FLAPPING ALERT: pservercluster1;Memory;STARTED; Service appears to have started flapping (23.4% change >= 20.0% threshold)
[1579849156] SERVICE ALERT: pservercluster1;Memory;CRITICAL;HARD;3;CRITICAL - 0.8% (190460 kB) free!
[1579849209] SERVICE ALERT: smscapp2;CPU Load;WARNING;HARD;3;WARNING - load average: 13.12, 26.97, 33.06
[1579849320] SERVICE ALERT: primary-server;Memory;WARNING;SOFT;1;WARNING - 18.9% (4626180 kB) free!
[1579849440] SERVICE ALERT: primary-server;Memory;WARNING;SOFT;2;WARNING - 18.3% (4485560 kB) free!
[1579849559] EXTERNAL COMMAND: SCHEDULE_FORCED_SVC_CHECK;pservercluster1;Memory;1579849557
[1579849560] SERVICE ALERT: pservercluster1;Memory;OK;HARD;1;OK - 88.4% (21807548 kB) free.
[1579849560] SERVICE NOTIFICATION: nagiosadmin;primary-server;Memory;WARNING;notify-service-by-email;WARNING - 17.6% (4303464 kB) free!
[1579849560] SERVICE ALERT: primary-server;Memory;WARNING;HARD;3;WARNING - 17.6% (4303464 kB) free!
[1579849563] EXTERNAL COMMAND: SCHEDULE_FORCED_SVC_CHECK;pservercluster1;Memory;1579849562
[1579849566] EXTERNAL COMMAND: SCHEDULE_FORCED_SVC_CHECK;pservercluster1;Memory;1579849565
[1579849572] EXTERNAL COMMAND: SCHEDULE_FORCED_SVC_CHECK;pservercluster1;Memory;1579849571
[1579849626] EXTERNAL COMMAND: SCHEDULE_FORCED_SVC_CHECK;sigqscluster1;Memory;1579849623
[1579849626] SERVICE NOTIFICATION: nagiosadmin;sigqscluster1;Memory;OK;notify-service-by-email;OK - 76.5% (37679044 kB) free.
[1579849626] SERVICE ALERT: sigqscluster1;Memory;OK;HARD;1;OK - 76.5% (37679044 kB) free.
[1579849629] EXTERNAL COMMAND: SCHEDULE_FORCED_SVC_CHECK;sigqscluster1;Memory;1579849628
[1579849660] EXTERNAL COMMAND: SCHEDULE_FORCED_SVC_CHECK;primary-server;Memory;1579849659
[1579849661] SERVICE NOTIFICATION: nagiosadmin;primary-server;Memory;OK;notify-service-by-email;OK - 88.9% (21796284 kB) free.
[1579849661] SERVICE ALERT: primary-server;Memory;OK;HARD;1;OK - 88.9% (21796284 kB) free.
[1579849664] EXTERNAL COMMAND: SCHEDULE_FORCED_SVC_CHECK;primary-server;Memory;1579849663
[1579849668] EXTERNAL COMMAND: SCHEDULE_FORCED_SVC_CHECK;primary-server;Memory;1579849666
[1579849809] SERVICE ALERT: smscapp2;CPU Load;CRITICAL;HARD;3;CRITICAL - load average: 49.84, 107.68, 71.10
[1579849857] SERVICE ALERT: sservercluster1;Memory;CRITICAL;SOFT;1;CRITICAL - 0.8% (187480 kB) free!
[1579849977] SERVICE ALERT: sservercluster1;Memory;CRITICAL;SOFT;2;CRITICAL - 0.8% (184864 kB) free!
[1579850097] SERVICE NOTIFICATION: nagiosadmin;sservercluster1;Memory;CRITICAL;notify-service-by-email;CRITICAL - 0.8% (190936 kB) free!
[1579850097] SERVICE ALERT: sservercluster1;Memory;CRITICAL;HARD;3;CRITICAL - 0.8% (190936 kB) free!
[1579850158] SERVICE ALERT: sservercluster2;CPU_Procs;WARNING;SOFT;1;CPU WARNING: 1 warn out of 334 processes
[1579850172] SERVICE ALERT: pservercluster1;Memory;CRITICAL;SOFT;1;CRITICAL - 0.8% (194932 kB) free!
[1579850229] SERVICE ALERT: sigqscluster1;Memory;CRITICAL;SOFT;1;CRITICAL - 0.5% (232192 kB) free!
[1579850278] SERVICE ALERT: sservercluster2;CPU_Procs;WARNING;SOFT;2;CPU WARNING: 1 warn out of 334 processes
[1579850292] SERVICE ALERT: pservercluster1;Memory;CRITICAL;SOFT;2;CRITICAL - 0.7% (165508 kB) free!
[1579850349] SERVICE ALERT: sigqscluster1;Memory;CRITICAL;SOFT;2;CRITICAL - 0.5% (248168 kB) free!
[1579850398] SERVICE NOTIFICATION: nagiosadmin;sservercluster2;CPU_Procs;WARNING;notify-service-by-email;CPU WARNING: 1 warn out of 347 processes
[1579850398] SERVICE ALERT: sservercluster2;CPU_Procs;WARNING;HARD;3;CPU WARNING: 1 warn out of 347 processes
[1579850412] SERVICE ALERT: pservercluster1;Memory;CRITICAL;HARD;3;CRITICAL - 1.0% (240956 kB) free!
[1579850469] SERVICE NOTIFICATION: nagiosadmin;sigqscluster1;Memory;CRITICAL;notify-service-by-email;CRITICAL - 0.5% (247856 kB) free!
[1579850469] SERVICE ALERT: sigqscluster1;Memory;CRITICAL;HARD;3;CRITICAL - 0.5% (247856 kB) free!
[1579850720] SERVICE NOTIFICATION: nagiosadmin;secondary-server;Memory Status;WARNING;notify-service-by-email;WARNING - 13.2% (3233004 kB) free!
[1579850965] SERVICE ALERT: secondary-server;Nginx Error Log Status;CRITICAL;SOFT;1;(40) < 2020/01/24 12:49:49 [error] 18358#0: *43264871 recv() failed (104: Connection reset by peer) while proxying connection, client: 103.16.101.72, server: 0.0.0.0:4000, upstream: "10.147.212.61:4000", bytes from/to client:2444/87, bytes from/to upstream:87/2444
[1579850998] SERVICE NOTIFICATION: nagiosadmin;sservercluster2;CPU_Procs;OK;notify-service-by-email;CPU OK: 335 processes
[1579850998] SERVICE ALERT: sservercluster2;CPU_Procs;OK;HARD;1;CPU OK: 335 processes
[1579851042] SERVICE ALERT: webservercluster1;CPU_Procs;WARNING;SOFT;1;CPU WARNING: 1 warn out of 331 processes
[1579851085] SERVICE ALERT: secondary-server;Nginx Error Log Status;OK;HARD;1;Log check ok - 0 pattern matches found
[1579851162] SERVICE ALERT: webservercluster1;CPU_Procs;OK;HARD;1;CPU OK: 331 processes
[1579851609] SERVICE ALERT: smscapp2;CPU Load;OK;HARD;1;OK - load average: 10.79, 13.21, 27.78
[1579851807] EXTERNAL COMMAND: SCHEDULE_FORCED_SVC_CHECK;pservercluster1;Memory;1579851806
[1579851808] SERVICE ALERT: pservercluster1;Memory;OK;HARD;1;OK - 92.0% (22704836 kB) free.
[1579851810] EXTERNAL COMMAND: SCHEDULE_FORCED_SVC_CHECK;pservercluster1;Memory;1579851809
[1579851813] EXTERNAL COMMAND: SCHEDULE_FORCED_SVC_CHECK;pservercluster1;Memory;1579851812
[1579851815] EXTERNAL COMMAND: SCHEDULE_FORCED_SVC_CHECK;pservercluster1;Memory;1579851815
[1579851818] EXTERNAL COMMAND: SCHEDULE_FORCED_SVC_CHECK;pservercluster1;Memory;1579851817
[1579851843] EXTERNAL COMMAND: SCHEDULE_FORCED_SVC_CHECK;sigqscluster1;Memory;1579851842
[1579851843] SERVICE FLAPPING ALERT: sigqscluster1;Memory;STARTED; Service appears to have started flapping (23.2% change >= 20.0% threshold)
[1579851843] SERVICE ALERT: sigqscluster1;Memory;OK;HARD;1;OK - 82.0% (40404832 kB) free.
[1579851848] EXTERNAL COMMAND: SCHEDULE_FORCED_SVC_CHECK;sigqscluster1;Memory;1579851845
[1579851878] EXTERNAL COMMAND: SCHEDULE_FORCED_SVC_CHECK;sservercluster1;Memory;1579851877
[1579851879] SERVICE NOTIFICATION: nagiosadmin;sservercluster1;Memory;OK;notify-service-by-email;OK - 79.3% (19440556 kB) free.
[1579851879] SERVICE ALERT: sservercluster1;Memory;OK;HARD;1;OK - 79.3% (19440556 kB) free.
[1579851881] EXTERNAL COMMAND: SCHEDULE_FORCED_SVC_CHECK;sservercluster1;Memory;1579851880
[1579851884] EXTERNAL COMMAND: SCHEDULE_FORCED_SVC_CHECK;sservercluster1;Memory;1579851883
[1579851887] EXTERNAL COMMAND: SCHEDULE_FORCED_SVC_CHECK;sservercluster1;Memory;1579851886
[1579852418] SERVICE ALERT: pservercluster1;Memory;CRITICAL;SOFT;1;CRITICAL - 0.8% (191608 kB) free!
[1579852448] SERVICE ALERT: sigqscluster1;Memory;CRITICAL;SOFT;1;CRITICAL - 0.5% (229600 kB) free!
[1579852487] SERVICE ALERT: sservercluster1;Memory;CRITICAL;SOFT;1;CRITICAL - 0.7% (181900 kB) free!
[1579852538] SERVICE ALERT: pservercluster1;Memory;CRITICAL;SOFT;2;CRITICAL - 0.8% (196940 kB) free!
[1579852568] SERVICE ALERT: sigqscluster1;Memory;CRITICAL;SOFT;2;CRITICAL - 0.5% (237280 kB) free!
[1579852607] SERVICE ALERT: sservercluster1;Memory;CRITICAL;SOFT;2;CRITICAL - 0.7% (177036 kB) free!
[1579852658] SERVICE ALERT: pservercluster1;Memory;CRITICAL;HARD;3;CRITICAL - 0.8% (193540 kB) free!
[1579852688] SERVICE ALERT: sigqscluster1;Memory;CRITICAL;HARD;3;CRITICAL - 0.5% (234648 kB) free!
[1579852694] Auto-save of retention data completed successfully.
[1579852727] SERVICE NOTIFICATION: nagiosadmin;sservercluster1;Memory;CRITICAL;notify-service-by-email;CRITICAL - 0.8% (188540 kB) free!
[1579852727] SERVICE ALERT: sservercluster1;Memory;CRITICAL;HARD;3;CRITICAL - 0.8% (188540 kB) free!
[1579852780] EXTERNAL COMMAND: SCHEDULE_FORCED_SVC_CHECK;pservercluster1;Memory;1579852777
[1579852781] SERVICE ALERT: pservercluster1;Memory;OK;HARD;1;OK - 89.0% (21969296 kB) free.
[1579852785] EXTERNAL COMMAND: SCHEDULE_FORCED_SVC_CHECK;pservercluster1;Memory;1579852784
[1579852788] EXTERNAL COMMAND: SCHEDULE_FORCED_SVC_CHECK;pservercluster1;Memory;1579852787
[1579852824] EXTERNAL COMMAND: SCHEDULE_FORCED_SVC_CHECK;sigqscluster1;Memory;1579852822
[1579852824] SERVICE ALERT: sigqscluster1;Memory;OK;HARD;1;OK - 81.1% (39952160 kB) free.
[1579852828] EXTERNAL COMMAND: SCHEDULE_FORCED_SVC_CHECK;sigqscluster1;Memory;1579852827
[1579852859] EXTERNAL COMMAND: SCHEDULE_FORCED_SVC_CHECK;sservercluster1;Memory;1579852858
[1579852860] SERVICE FLAPPING ALERT: sservercluster1;Memory;STARTED; Service appears to have started flapping (23.2% change >= 20.0% threshold)
[1579852860] SERVICE ALERT: sservercluster1;Memory;OK;HARD;1;OK - 74.7% (18309276 kB) free.
[1579852863] EXTERNAL COMMAND: SCHEDULE_FORCED_SVC_CHECK;sservercluster1;Memory;1579852861
[1579852866] EXTERNAL COMMAND: SCHEDULE_FORCED_SVC_CHECK;sservercluster1;Memory;1579852865
[1579852869] EXTERNAL COMMAND: SCHEDULE_FORCED_SVC_CHECK;sservercluster1;Memory;1579852868
[1579852969] SERVICE NOTIFICATION: nagiosadmin;primary-server;Nginx Error Log Status;CRITICAL;notify-service-by-email;(2190) < 2020/01/24 13:32:49 [error] 26578#0: *26348540 access forbidden by rule while initializing session, client: 103.16.101.72, server: 0.0.0.0:13000
[1579853388] SERVICE ALERT: pservercluster1;Memory;CRITICAL;SOFT;1;CRITICAL - 0.8% (188828 kB) free!
[1579853409] SERVICE ALERT: smscapp2;CPU Load;WARNING;SOFT;1;WARNING - load average: 12.78, 35.22, 39.51
[1579853428] SERVICE ALERT: sigqscluster1;Memory;CRITICAL;SOFT;1;CRITICAL - 0.5% (236248 kB) free!
[1579853469] SERVICE ALERT: sservercluster1;Memory;CRITICAL;SOFT;1;CRITICAL - 0.7% (172480 kB) free!
[1579853508] SERVICE ALERT: pservercluster1;Memory;CRITICAL;SOFT;2;CRITICAL - 0.7% (185000 kB) free!
[1579853529] SERVICE ALERT: smscapp2;CPU Load;CRITICAL;SOFT;2;CRITICAL - load average: 375.84, 136.46, 73.86
[1579853548] SERVICE ALERT: sigqscluster1;Memory;CRITICAL;SOFT;2;CRITICAL - 0.5% (225800 kB) free!
[1579853590] SERVICE ALERT: sservercluster1;Memory;CRITICAL;SOFT;2;CRITICAL - 0.7% (182336 kB) free!
[1579853628] SERVICE ALERT: pservercluster1;Memory;CRITICAL;HARD;3;CRITICAL - 0.8% (197392 kB) free!
[1579853638] EXTERNAL COMMAND: SCHEDULE_FORCED_SVC_CHECK;sservercluster1;Memory;1579853637
[1579853638] SERVICE ALERT: sservercluster1;Memory;OK;HARD;1;OK - 92.9% (22759140 kB) free.
[1579853641] EXTERNAL COMMAND: SCHEDULE_FORCED_SVC_CHECK;sservercluster1;Memory;1579853640
[1579853645] EXTERNAL COMMAND: SCHEDULE_FORCED_SVC_CHECK;sservercluster1;Memory;1579853643
[1579853649] SERVICE ALERT: smscapp2;CPU Load;CRITICAL;HARD;3;CRITICAL - load average: 99.03, 125.29, 78.61
[1579853650] EXTERNAL COMMAND: SCHEDULE_FORCED_SVC_CHECK;sservercluster1;Memory;1579853649
[1579853668] SERVICE ALERT: sigqscluster1;Memory;CRITICAL;HARD;3;CRITICAL - 0.5% (237380 kB) free!
[1579853677] EXTERNAL COMMAND: SCHEDULE_FORCED_SVC_CHECK;pservercluster1;Memory;1579853675
[1579853677] SERVICE ALERT: pservercluster1;Memory;OK;HARD;1;OK - 90.3% (22277576 kB) free.
[1579853710] EXTERNAL COMMAND: SCHEDULE_FORCED_SVC_CHECK;sigqscluster1;Memory;1579853708
[1579853710] SERVICE ALERT: sigqscluster1;Memory;OK;HARD;1;OK - 80.7% (39774720 kB) free.
[1579853714] EXTERNAL COMMAND: SCHEDULE_FORCED_SVC_CHECK;sigqscluster1;Memory;1579853712
[1579853718] EXTERNAL COMMAND: SCHEDULE_FORCED_SVC_CHECK;sigqscluster1;Memory;1579853718
[1579853998] SERVICE ALERT: sservercluster2;CPU_Procs;CRITICAL;SOFT;1;CPU CRITICAL: 1 crit, 0 warn out of 345 processes
[1579854085] SERVICE ALERT: secondary-server;Nginx Error Log Status;CRITICAL;SOFT;1;(34) < 2020/01/24 13:49:58 [error] 18368#0: *43265468 recv() failed (104: Connection reset by peer) while proxying connection, client: 124.153.112.226, server: 0.0.0.0:4000, upstream: "10.147.212.49:4000", bytes from/to client:1306/1265, bytes from/to upstream:1265/1306
[1579854087] SERVICE ALERT: primary-server;Nginx Access Log Status;CRITICAL;SOFT;1;(1) < 182.18.144.246 [24/Jan/2020:13:51:09 +0530] TCP 502 0 0 0.000 "backend_3001" "0" "0" "0.000"
[1579854118] SERVICE ALERT: sservercluster2;CPU_Procs;OK;HARD;1;CPU OK: 362 processes
[1579854205] SERVICE ALERT: secondary-server;Nginx Error Log Status;OK;HARD;1;Log check ok - 0 pattern matches found
[1579854207] SERVICE ALERT: primary-server;Nginx Access Log Status;CRITICAL;SOFT;2;(1) < 203.212.70.170 [24/Jan/2020:13:52:08 +0530] TCP 502 0 0 120.002 "10.147.212.142:3001, 10.147.212.155:3001, backend_3001" "0, 0, 0" "0, 0, 0" "60.001, 60.001, 0.000"
[1579854278] SERVICE ALERT: pservercluster1;Memory;CRITICAL;SOFT;1;CRITICAL - 0.8% (188976 kB) free!
[1579854318] SERVICE ALERT: sigqscluster1;Memory;CRITICAL;SOFT;1;CRITICAL - 0.5% (226360 kB) free!
[1579854320] SERVICE NOTIFICATION: nagiosadmin;secondary-server;Memory Status;WARNING;notify-service-by-email;WARNING - 12.2% (2979668 kB) free!
[1579854327] SERVICE ALERT: primary-server;Nginx Access Log Status;OK;HARD;1;Log check ok - 0 pattern matches found
[1579854398] SERVICE ALERT: pservercluster1;Memory;CRITICAL;SOFT;2;CRITICAL - 0.8% (185828 kB) free!
[1579854438] SERVICE ALERT: sigqscluster1;Memory;CRITICAL;SOFT;2;CRITICAL - 0.4% (215020 kB) free!
[1579854518] SERVICE ALERT: pservercluster1;Memory;CRITICAL;HARD;3;CRITICAL - 0.7% (164612 kB) free!
[1579854558] SERVICE ALERT: sigqscluster1;Memory;CRITICAL;HARD;3;CRITICAL - 0.5% (249748 kB) free!
[1579854765] EXTERNAL COMMAND: SCHEDULE_FORCED_SVC_CHECK;pservercluster1;Memory;1579854758
[1579854765] SERVICE ALERT: pservercluster1;Memory;OK;HARD;1;OK - 91.6% (22594932 kB) free.
[1579854769] EXTERNAL COMMAND: SCHEDULE_FORCED_SVC_CHECK;pservercluster1;Memory;1579854767
[1579854865] EXTERNAL COMMAND: SCHEDULE_FORCED_SVC_CHECK;sigqscluster1;Memory;1579854863
[1579854865] SERVICE ALERT: sigqscluster1;Memory;OK;HARD;1;OK - 82.0% (40425724 kB) free.
[1579854867] EXTERNAL COMMAND: SCHEDULE_FORCED_SVC_CHECK;sigqscluster1;Memory;1579854867
[1579855449] SERVICE ALERT: smscapp2;CPU Load;WARNING;HARD;3;WARNING - load average: 5.74, 16.75, 35.67
[1579856049] SERVICE ALERT: smscapp2;CPU Load;OK;HARD;1;OK - load average: 8.65, 10.13, 23.07
[1579856294] Auto-save of retention data completed successfully.
[1579856569] SERVICE ALERT: pservercluster1;Memory;CRITICAL;SOFT;1;CRITICAL - 4.9% (1212976 kB) free!
[1579856570] SERVICE NOTIFICATION: nagiosadmin;primary-server;Nginx Error Log Status;CRITICAL;notify-service-by-email;(2190) < 2020/01/24 14:32:48 [error] 26573#0: *26368510 access forbidden by rule while initializing session, client: 103.16.101.72, server: 0.0.0.0:13000
[1579856689] SERVICE ALERT: pservercluster1;Memory;CRITICAL;SOFT;2;CRITICAL - 1.5% (367048 kB) free!
[1579856809] SERVICE ALERT: pservercluster1;Memory;CRITICAL;HARD;3;CRITICAL - 1.0% (238328 kB) free!
[1579857443] SERVICE ALERT: rq-1;rq1-rabbitmqerror;CRITICAL;SOFT;1;(1) < Channel error on connection <0.11882.5699> (10.147.212.191:41196 -> 10.147.212.203:5672, vhost: '/', user: 'guest'), channel 1:
[1579857564] SERVICE ALERT: rq-1;rq1-rabbitmqerror;OK;HARD;1;Log check ok - 0 pattern matches found
[1579857920] SERVICE NOTIFICATION: nagiosadmin;secondary-server;Memory Status;WARNING;notify-service-by-email;WARNING - 11.1% (2727056 kB) free!
[1579858737] EXTERNAL COMMAND: SCHEDULE_FORCED_SVC_CHECK;pservercluster1;Memory;1579858732
[1579858737] SERVICE ALERT: pservercluster1;Memory;OK;HARD;1;OK - 90.5% (22340700 kB) free.
[1579859160] SERVICE ALERT: redis-2;Memory;CRITICAL;SOFT;1;CRITICAL - 8.8% (11565420 kB) free!
[1579859280] SERVICE ALERT: redis-2;Memory;OK;HARD;1;OK - 30.0% (39532820 kB) free.
[1579859337] SERVICE ALERT: pservercluster1;Memory;WARNING;SOFT;1;WARNING - 13.3% (3292388 kB) free!
[1579859457] SERVICE ALERT: pservercluster1;Memory;WARNING;SOFT;2;WARNING - 13.0% (3200560 kB) free!
[1579859577] SERVICE ALERT: pservercluster1;Memory;WARNING;HARD;3;WARNING - 12.6% (3098332 kB) free!
[1579859880] SERVICE ALERT: redis-2;Memory;CRITICAL;SOFT;1;CRITICAL - 7.1% (9423104 kB) free!
[1579859894] Auto-save of retention data completed successfully.
[1579860000] SERVICE ALERT: redis-2;Memory;OK;HARD;1;OK - 27.6% (36335044 kB) free.
[1579860170] SERVICE NOTIFICATION: nagiosadmin;primary-server;Nginx Error Log Status;CRITICAL;notify-service-by-email;(2184) < 2020/01/24 15:32:49 [error] 26580#0: *26383788 access forbidden by rule while initializing session, client: 103.16.101.72, server: 0.0.0.0:13000
[1579860177] SERVICE ALERT: pservercluster1;Memory;CRITICAL;HARD;3;CRITICAL - 0.8% (188092 kB) free!
[1579860850] SERVICE FLAPPING ALERT: sservercluster1;Memory;STOPPED; Service appears to have stopped flapping (3.8% change < 5.0% threshold)
[1579861155] EXTERNAL COMMAND: SCHEDULE_FORCED_SVC_CHECK;pservercluster1;Memory;1579861155
[1579861156] SERVICE ALERT: pservercluster1;Memory;OK;HARD;1;OK - 90.1% (22238200 kB) free.
[1579861200] SERVICE ALERT: redis-2;Memory;CRITICAL;SOFT;1;CRITICAL - 7.7% (10184204 kB) free!
[1579861237] EXTERNAL COMMAND: SCHEDULE_FORCED_SVC_CHECK;pservercluster1;Memory;1579861236
[1579861280] EXTERNAL COMMAND: SCHEDULE_FORCED_SVC_CHECK;redis-2;Memory;1579861276
[1579861281] SERVICE ALERT: redis-2;Memory;OK;HARD;1;OK - 56.3% (74277948 kB) free.
[1579861284] EXTERNAL COMMAND: SCHEDULE_FORCED_SVC_CHECK;redis-2;Memory;1579861283
[1579861287] EXTERNAL COMMAND: SCHEDULE_FORCED_SVC_CHECK;redis-2;Memory;1579861286
[1579861382] SERVICE ALERT: sservercluster2;Memory;WARNING;SOFT;1;WARNING - 19.4% (4752984 kB) free!
[1579861502] SERVICE ALERT: sservercluster2;Memory;WARNING;SOFT;2;WARNING - 19.3% (4725656 kB) free!
[1579861520] SERVICE NOTIFICATION: nagiosadmin;secondary-server;Memory Status;WARNING;notify-service-by-email;WARNING - 10.1% (2471560 kB) free!
[1579861622] SERVICE NOTIFICATION: nagiosadmin;sservercluster2;Memory;WARNING;notify-service-by-email;WARNING - 19.2% (4696528 kB) free!
[1579861622] SERVICE ALERT: sservercluster2;Memory;WARNING;HARD;3;WARNING - 19.2% (4696528 kB) free!
[1579862051] SERVICE ALERT: sservercluster1;Memory;CRITICAL;SOFT;1;CRITICAL - 0.7% (166952 kB) free!
[1579862120] SERVICE NOTIFICATION: nagiosadmin;secondary-server;Memory Status;CRITICAL;notify-service-by-email;CRITICAL - 10.0% (2444100 kB) free!
[1579862120] SERVICE ALERT: secondary-server;Memory Status;CRITICAL;HARD;3;CRITICAL - 10.0% (2444100 kB) free!
[1579862171] SERVICE ALERT: sservercluster1;Memory;CRITICAL;SOFT;2;CRITICAL - 0.7% (173248 kB) free!
[1579862194] SERVICE ALERT: db2;CPU_Procs;WARNING;SOFT;1;CPU WARNING: 1 warn out of 339 processes
[1579862291] SERVICE NOTIFICATION: nagiosadmin;sservercluster1;Memory;CRITICAL;notify-service-by-email;CRITICAL - 0.8% (188900 kB) free!
[1579862291] SERVICE ALERT: sservercluster1;Memory;CRITICAL;HARD;3;CRITICAL - 0.8% (188900 kB) free!
[1579862298] EXTERNAL COMMAND: SCHEDULE_FORCED_SVC_CHECK;sservercluster1;Memory;1579862297
[1579862299] SERVICE NOTIFICATION: nagiosadmin;sservercluster1;Memory;OK;notify-service-by-email;OK - 89.7% (21991624 kB) free.
[1579862299] SERVICE ALERT: sservercluster1;Memory;OK;HARD;1;OK - 89.7% (21991624 kB) free.
[1579862301] EXTERNAL COMMAND: SCHEDULE_FORCED_SVC_CHECK;sservercluster1;Memory;1579862300
[1579862305] EXTERNAL COMMAND: SCHEDULE_FORCED_SVC_CHECK;sservercluster1;Memory;1579862304
[1579862308] EXTERNAL COMMAND: SCHEDULE_FORCED_SVC_CHECK;sservercluster1;Memory;1579862307
[1579862314] SERVICE ALERT: db2;CPU_Procs;CRITICAL;SOFT;2;CPU CRITICAL: 1 crit, 0 warn out of 332 processes
[1579862434] SERVICE NOTIFICATION: nagiosadmin;db2;CPU_Procs;CRITICAL;notify-service-by-email;CPU CRITICAL: 1 crit, 0 warn out of 338 processes
[1579862434] SERVICE ALERT: db2;CPU_Procs;CRITICAL;HARD;3;CPU CRITICAL: 1 crit, 0 warn out of 338 processes
[1579862445] EXTERNAL COMMAND: SCHEDULE_FORCED_SVC_CHECK;sservercluster2;Memory;1579862444
[1579862446] SERVICE NOTIFICATION: nagiosadmin;sservercluster2;Memory;OK;notify-service-by-email;OK - 90.8% (22248696 kB) free.
[1579862446] SERVICE ALERT: sservercluster2;Memory;OK;HARD;1;OK - 90.8% (22248696 kB) free.
[1579862449] EXTERNAL COMMAND: SCHEDULE_FORCED_SVC_CHECK;sservercluster2;Memory;1579862448
[1579862487] EXTERNAL COMMAND: SCHEDULE_FORCED_SVC_CHECK;secondary-server;Memory Status;1579862486
[1579862487] SERVICE NOTIFICATION: nagiosadmin;secondary-server;Memory Status;OK;notify-service-by-email;OK - 90.9% (22268348 kB) free.
[1579862487] SERVICE ALERT: secondary-server;Memory Status;OK;HARD;1;OK - 90.9% (22268348 kB) free.
[1579862908] SERVICE ALERT: sservercluster1;Memory;CRITICAL;SOFT;1;CRITICAL - 0.8% (193104 kB) free!
[1579863028] SERVICE ALERT: sservercluster1;Memory;CRITICAL;SOFT;2;CRITICAL - 0.8% (195960 kB) free!
[1579863148] SERVICE NOTIFICATION: nagiosadmin;sservercluster1;Memory;CRITICAL;notify-service-by-email;CRITICAL - 0.7% (164860 kB) free!
[1579863148] SERVICE ALERT: sservercluster1;Memory;CRITICAL;HARD;3;CRITICAL - 0.7% (164860 kB) free!
[1579863162] SERVICE ALERT: webservercluster1;CPU_Procs;WARNING;SOFT;1;CPU WARNING: 2 warn out of 333 processes
[1579863206] EXTERNAL COMMAND: SCHEDULE_FORCED_SVC_CHECK;sservercluster1;Memory;1579863205
[1579863218] EXTERNAL COMMAND: SCHEDULE_FORCED_SVC_CHECK;sservercluster1;Memory;1579863214
[1579863225] EXTERNAL COMMAND: SCHEDULE_FORCED_SVC_CHECK;sservercluster1;Memory;1579863223
[1579863281] EXTERNAL COMMAND: SCHEDULE_FORCED_SVC_CHECK;sservercluster1;Memory;1579863280
[1579863282] SERVICE FLAPPING ALERT: sservercluster1;Memory;STARTED; Service appears to have started flapping (22.2% change >= 20.0% threshold)
[1579863282] SERVICE ALERT: sservercluster1;Memory;OK;HARD;1;OK - 92.8% (22739228 kB) free.
[1579863282] SERVICE ALERT: webservercluster1;CPU_Procs;OK;HARD;1;CPU OK: 331 processes
[1579863292] EXTERNAL COMMAND: SCHEDULE_FORCED_SVC_CHECK;sservercluster1;Memory;1579863284
[1579863494] Auto-save of retention data completed successfully.
[1579863634] SERVICE NOTIFICATION: nagiosadmin;db2;CPU_Procs;OK;notify-service-by-email;CPU OK: 340 processes
[1579863634] SERVICE ALERT: db2;CPU_Procs;OK;HARD;1;CPU OK: 340 processes
[1579863770] SERVICE NOTIFICATION: nagiosadmin;primary-server;Nginx Error Log Status;CRITICAL;notify-service-by-email;(2173) < 2020/01/24 16:32:49 [error] 26575#0: *26399308 access forbidden by rule while initializing session, client: 103.16.101.72, server: 0.0.0.0:13000
[1579865668] SERVICE FLAPPING ALERT: sigqscluster1;Memory;STOPPED; Service appears to have stopped flapping (3.8% change < 5.0% threshold)
[1579866205] SERVICE ALERT: secondary-server;Nginx Error Log Status;CRITICAL;SOFT;1;(1) < 2020/01/24 17:08:00 [error] 18366#0: *43379065 open() "/usr/share/nginx/html/js/tmpl/login.ejs" failed (2: No such file or directory), client: 183.82.105.122, server: 148qservercluster1.com, request: "GET /js/tmpl/login.ejs?0.3143749237211735 HTTP/1.1", host: "qservercluster1.com:8091", referrer: "http://qservercluster1.com:8091/"
[1579866325] SERVICE ALERT: secondary-server;Nginx Error Log Status;OK;HARD;1;Log check ok - 0 pattern matches found
[1579867094] Auto-save of retention data completed successfully.
[1579867449] SERVICE FLAPPING ALERT: smscapp2;CPU Load;STOPPED; Service appears to have stopped flapping (3.8% change < 5.0% threshold)
[1579867969] SERVICE NOTIFICATION: nagiosadmin;primary-server;Nginx Error Log Status;CRITICAL;notify-service-by-email;(2208) < 2020/01/24 17:42:49 [error] 26579#0: *26417004 access forbidden by rule while initializing session, client: 103.16.101.72, server: 0.0.0.0:13000
[1579869328] SERVICE ALERT: primary-server;Nginx Access Log Status;CRITICAL;SOFT;1;(678) < 103.255.146.164 [24/Jan/2020:17:56:21 +0530] TCP 502 0 0 0.000 "10.147.212.142:3000" "0" "0" "0.000"
[1579869448] SERVICE ALERT: primary-server;Nginx Access Log Status;OK;HARD;1;Log check ok - 0 pattern matches found
[1579870217] SERVICE ALERT: smscapp1;Memory;WARNING;SOFT;1;WARNING - 20.0% (9842312 kB) free!
[1579870337] SERVICE ALERT: smscapp1;Memory;WARNING;SOFT;2;WARNING - 19.9% (9814208 kB) free!
[1579870457] SERVICE NOTIFICATION: nagiosadmin;smscapp1;Memory;WARNING;notify-service-by-email;WARNING - 19.9% (9783152 kB) free!
[1579870457] SERVICE ALERT: smscapp1;Memory;WARNING;HARD;3;WARNING - 19.9% (9783152 kB) free!
[1579870694] Auto-save of retention data completed successfully.
[1579871437] SERVICE FLAPPING ALERT: pservercluster1;Memory;STOPPED; Service appears to have stopped flapping (3.9% change < 5.0% threshold)
[1579871437] SERVICE NOTIFICATION: nagiosadmin;pservercluster1;Memory;OK;notify-service-by-email;OK - 24.6% (6059360 kB) free.
[1579871570] SERVICE NOTIFICATION: nagiosadmin;primary-server;Nginx Error Log Status;CRITICAL;notify-service-by-email;(2211) < 2020/01/24 18:42:49 [error] 26575#0: *26433967 access forbidden by rule while initializing session, client: 103.16.101.72, server: 0.0.0.0:13000
[1579872292] SERVICE ALERT: sservercluster1;Memory;CRITICAL;SOFT;1;CRITICAL - 0.7% (173760 kB) free!
[1579872412] SERVICE ALERT: sservercluster1;Memory;CRITICAL;SOFT;2;CRITICAL - 0.7% (180676 kB) free!
[1579872532] SERVICE ALERT: sservercluster1;Memory;CRITICAL;HARD;3;CRITICAL - 0.8% (194556 kB) free!
[1579873237] SERVICE ALERT: pservercluster1;Memory;WARNING;SOFT;1;WARNING - 16.7% (4115240 kB) free!
[1579873357] SERVICE ALERT: pservercluster1;Memory;WARNING;SOFT;2;WARNING - 17.1% (4213180 kB) free!
[1579873477] SERVICE NOTIFICATION: nagiosadmin;pservercluster1;Memory;WARNING;notify-service-by-email;WARNING - 17.0% (4193780 kB) free!
[1579873477] SERVICE ALERT: pservercluster1;Memory;WARNING;HARD;3;WARNING - 17.0% (4193780 kB) free!
[1579873482] SERVICE ALERT: webservercluster1;CPU_Procs;CRITICAL;SOFT;1;CPU CRITICAL: 1 crit, 0 warn out of 334 processes
[1579873602] SERVICE ALERT: webservercluster1;CPU_Procs;OK;HARD;1;CPU OK: 334 processes
[1579874057] SERVICE NOTIFICATION: nagiosadmin;smscapp1;Memory;WARNING;notify-service-by-email;WARNING - 16.7% (8231396 kB) free!
[1579874077] SERVICE NOTIFICATION: nagiosadmin;pservercluster1;Memory;CRITICAL;notify-service-by-email;CRITICAL - 6.1% (1508900 kB) free!
[1579874077] SERVICE ALERT: pservercluster1;Memory;CRITICAL;HARD;3;CRITICAL - 6.1% (1508900 kB) free!
[1579874125] SERVICE ALERT: secondary-server;Nginx Error Log Status;CRITICAL;SOFT;1;(171) < 2020/01/24 19:19:25 [error] 18368#0: *43424269 upstream timed out (110: Connection timed out) while connecting to upstream, client: 103.16.101.72, server: 0.0.0.0:4000, upstream: "10.147.212.49:4000", bytes from/to client:0/0, bytes from/to upstream:0/0
[1579874245] SERVICE ALERT: secondary-server;Nginx Error Log Status;OK;HARD;1;Log check ok - 0 pattern matches found
[1579874294] Auto-save of retention data completed successfully.
[1579874845] SERVICE ALERT: secondary-server;Nginx Error Log Status;CRITICAL;SOFT;1;(323) < 2020/01/24 19:33:25 [error] 18367#0: *43429175 upstream timed out (110: Connection timed out) while connecting to upstream, client: 103.16.101.72, server: 0.0.0.0:4000, upstream: "10.147.212.49:4000", bytes from/to client:0/0, bytes from/to upstream:0/0
[1579874849] SERVICE ALERT: primary-server;Nginx Access Log Status;CRITICAL;SOFT;1;(702) < 49.50.64.122 [24/Jan/2020:19:35:19 +0530] TCP 502 0 0 60.000 "10.147.212.143:3001, backend_3001" "0, 0" "0, 0" "60.000, 0.000"
[1579874965] SERVICE ALERT: secondary-server;Nginx Error Log Status;OK;HARD;1;Log check ok - 0 pattern matches found
[1579874969] SERVICE ALERT: primary-server;Nginx Access Log Status;OK;HARD;1;Log check ok - 0 pattern matches found
[1579875118] SERVICE ALERT: secondary-server;Nginx Access Log Status;CRITICAL;SOFT;1;(231) < 103.16.101.72 [24/Jan/2020:19:32:23 +0530] TCP 502 0 0 0.000 "backend3" "0" "0" "0.000"
[1579875238] SERVICE ALERT: secondary-server;Nginx Access Log Status;OK;HARD;1;Log check ok - 0 pattern matches found
[1579875565] SERVICE ALERT: secondary-server;Nginx Error Log Status;CRITICAL;SOFT;1;(2) < 2020/01/24 19:47:36 [error] 18367#0: *43431808 upstream timed out (110: Connection timed out) while reading response header from upstream, client: 183.82.105.122, server: webserver2.com, request: "GET / HTTP/1.0", upstream: "http://10.147.212.40:80/", host: "altsmsc.tesync.net"
[1579875685] SERVICE ALERT: secondary-server;Nginx Error Log Status;CRITICAL;SOFT;2;(2) < 2020/01/24 19:51:19 [error] 18370#0: *43432340 upstream timed out (110: Connection timed out) while reading response header from upstream, client: 183.82.105.122, server: webserver2.com, request: "GET / HTTP/1.0", upstream: "http://10.147.212.40:80/", host: "altsmsc.tesync.net"
[1579875770] SERVICE NOTIFICATION: nagiosadmin;primary-server;Nginx Error Log Status;CRITICAL;notify-service-by-email;(2210) < 2020/01/24 19:52:49 [error] 26573#0: *26454803 access forbidden by rule while initializing session, client: 103.16.101.72, server: 0.0.0.0:13000
[1579875805] SERVICE ALERT: secondary-server;Nginx Error Log Status;OK;HARD;1;Log check ok - 0 pattern matches found
[1579876406] SERVICE ALERT: secondary-server;Nginx Error Log Status;CRITICAL;SOFT;1;(2) < 2020/01/24 20:00:33 [error] 18365#0: *43433825 upstream timed out (110: Connection timed out) while reading response header from upstream, client: 183.82.105.122, server: webserver2.com, request: "GET /main.php?page=cligrptosenderid HTTP/1.0", upstream: "http://10.147.212.40:80/main.php?page=cligrptosenderid", host: "altsmsc.tesync.net"
[1579876526] SERVICE ALERT: secondary-server;Nginx Error Log Status;CRITICAL;SOFT;2;(1) < 2020/01/24 20:03:45 [error] 18369#0: *43434334 upstream timed out (110: Connection timed out) while reading response header from upstream, client: 183.82.105.122, server: webserver2.com, request: "GET / HTTP/1.0", upstream: "http://10.147.212.40:80/", host: "altsmsc.tesync.net"
[1579876646] SERVICE ALERT: secondary-server;Nginx Error Log Status;OK;HARD;1;Log check ok - 0 pattern matches found
[1579877657] SERVICE NOTIFICATION: nagiosadmin;smscapp1;Memory;WARNING;notify-service-by-email;WARNING - 15.2% (7475728 kB) free!
[1579877677] SERVICE NOTIFICATION: nagiosadmin;pservercluster1;Memory;CRITICAL;notify-service-by-email;CRITICAL - 1.0% (258536 kB) free!
[1579877846] SERVICE ALERT: secondary-server;Nginx Error Log Status;CRITICAL;SOFT;1;(1) < 2020/01/24 20:24:42 [error] 18370#0: *43437373 upstream timed out (110: Connection timed out) while reading response header from upstream, client: 183.82.105.122, server: webserver2.com, request: "GET /main.php?page=cligrptosenderid&action=add HTTP/1.0", upstream: "http://10.147.212.40:80/main.php?page=cligrptosenderid&action=add", host: "altsmsc.tesync.net"
[1579877894] Auto-save of retention data completed successfully.
[1579877966] SERVICE ALERT: secondary-server;Nginx Error Log Status;OK;HARD;1;Log check ok - 0 pattern matches found
[1579878532] SERVICE FLAPPING ALERT: sservercluster1;Memory;STOPPED; Service appears to have stopped flapping (4.9% change < 5.0% threshold)
[1579878532] SERVICE NOTIFICATION: nagiosadmin;sservercluster1;Memory;CRITICAL;notify-service-by-email;CRITICAL - 2.1% (519732 kB) free!
[1579879265] SERVICE ALERT: redis-1;CPU_Procs;WARNING;SOFT;1;CPU WARNING: 1 warn out of 402 processes
[1579879385] SERVICE ALERT: redis-1;CPU_Procs;OK;HARD;1;CPU OK: 402 processes
[1579879970] SERVICE NOTIFICATION: nagiosadmin;primary-server;Nginx Error Log Status;CRITICAL;notify-service-by-email;(2163) < 2020/01/24 21:02:49 [error] 26571#0: *26472038 access forbidden by rule while initializing session, client: 103.16.101.72, server: 0.0.0.0:13000
[1579881257] SERVICE NOTIFICATION: nagiosadmin;smscapp1;Memory;WARNING;notify-service-by-email;WARNING - 12.3% (6049908 kB) free!
[1579881277] SERVICE NOTIFICATION: nagiosadmin;pservercluster1;Memory;CRITICAL;notify-service-by-email;CRITICAL - 0.8% (190120 kB) free!
[1579881494] Auto-save of retention data completed successfully.
[1579882132] SERVICE NOTIFICATION: nagiosadmin;sservercluster1;Memory;CRITICAL;notify-service-by-email;CRITICAL - 0.8% (186372 kB) free!
[1579883657] SERVICE NOTIFICATION: nagiosadmin;smscapp1;Memory;CRITICAL;notify-service-by-email;CRITICAL - 9.9% (4888488 kB) free!
[1579883657] SERVICE ALERT: smscapp1;Memory;CRITICAL;HARD;3;CRITICAL - 9.9% (4888488 kB) free!
[1579884169] SERVICE NOTIFICATION: nagiosadmin;primary-server;Nginx Error Log Status;CRITICAL;notify-service-by-email;(1611) < 2020/01/24 22:12:49 [error] 26579#0: *26485306 access forbidden by rule while initializing session, client: 103.16.101.72, server: 0.0.0.0:13000
[1579884877] SERVICE NOTIFICATION: nagiosadmin;pservercluster1;Memory;CRITICAL;notify-service-by-email;CRITICAL - 1.0% (251584 kB) free!
[1579885094] Auto-save of retention data completed successfully.
[1579885732] SERVICE NOTIFICATION: nagiosadmin;sservercluster1;Memory;CRITICAL;notify-service-by-email;CRITICAL - 0.7% (177832 kB) free!
[1579887257] SERVICE NOTIFICATION: nagiosadmin;smscapp1;Memory;CRITICAL;notify-service-by-email;CRITICAL - 9.0% (4415200 kB) free!
[1579887770] SERVICE NOTIFICATION: nagiosadmin;primary-server;Nginx Error Log Status;CRITICAL;notify-service-by-email;(1611) < 2020/01/24 23:12:49 [error] 26577#0: *26496561 access forbidden by rule while initializing session, client: 103.16.101.72, server: 0.0.0.0:13000
[1579888477] SERVICE NOTIFICATION: nagiosadmin;pservercluster1;Memory;CRITICAL;notify-service-by-email;CRITICAL - 1.0% (238004 kB) free!
[1579888694] Auto-save of retention data completed successfully.
[1579889332] SERVICE NOTIFICATION: nagiosadmin;sservercluster1;Memory;CRITICAL;notify-service-by-email;CRITICAL - 0.8% (203004 kB) free!
[1579889966] SERVICE ALERT: secondary-server;Nginx Error Log Status;CRITICAL;SOFT;1;(3) < 2020/01/24 23:40:30 [error] 18361#0: *43463609 access forbidden by rule while initializing session, client: 103.255.146.164, server: 0.0.0.0:14001
[1579890086] SERVICE ALERT: secondary-server;Nginx Error Log Status;OK;HARD;1;Log check ok - 0 pattern matches found
