[1544639400] LOG ROTATION: DAILY
[1544639400] LOG VERSION: 2.0
[1544639400] CURRENT HOST STATE: db1;UP;HARD;1;PING OK - Packet loss = 0%, RTA = 0.45 ms
[1544639400] CURRENT HOST STATE: db2;UP;HARD;1;PING OK - Packet loss = 0%, RTA = 0.44 ms
[1544639400] CURRENT HOST STATE: primary-server;UP;HARD;1;PING OK - Packet loss = 0%, RTA = 0.46 ms
[1544639400] CURRENT HOST STATE: pservercluster1;UP;HARD;1;PING OK - Packet loss = 0%, RTA = 0.31 ms
[1544639400] CURRENT HOST STATE: pservercluster2;UP;HARD;1;PING OK - Packet loss = 0%, RTA = 0.47 ms
[1544639400] CURRENT HOST STATE: qservercluster1;UP;HARD;1;PING OK - Packet loss = 0%, RTA = 0.24 ms
[1544639400] CURRENT HOST STATE: qservercluster2;UP;HARD;1;PING OK - Packet loss = 0%, RTA = 0.40 ms
[1544639400] CURRENT HOST STATE: secondary-server;UP;HARD;1;PING OK - Packet loss = 0%, RTA = 0.40 ms
[1544639400] CURRENT HOST STATE: sig1;UP;HARD;1;PING OK - Packet loss = 0%, RTA = 0.38 ms
[1544639400] CURRENT HOST STATE: sig2;UP;HARD;1;PING OK - Packet loss = 0%, RTA = 0.49 ms
[1544639400] CURRENT HOST STATE: sig3;UP;HARD;1;PING OK - Packet loss = 0%, RTA = 0.45 ms
[1544639400] CURRENT HOST STATE: sig4;UP;HARD;1;PING OK - Packet loss = 0%, RTA = 0.45 ms
[1544639400] CURRENT HOST STATE: sig5;UP;HARD;1;PING OK - Packet loss = 0%, RTA = 0.46 ms
[1544639400] CURRENT HOST STATE: sig6;UP;HARD;1;PING OK - Packet loss = 0%, RTA = 0.41 ms
[1544639400] CURRENT HOST STATE: sigqscluster1;UP;HARD;1;PING OK - Packet loss = 0%, RTA = 0.38 ms
[1544639400] CURRENT HOST STATE: sigqscluster2;UP;HARD;1;PING OK - Packet loss = 0%, RTA = 0.32 ms
[1544639400] CURRENT HOST STATE: smscapp1;UP;HARD;1;PING OK - Packet loss = 0%, RTA = 0.25 ms
[1544639400] CURRENT HOST STATE: smscapp2;UP;HARD;1;PING OK - Packet loss = 0%, RTA = 0.27 ms
[1544639400] CURRENT HOST STATE: sservercluster1;UP;HARD;1;PING OK - Packet loss = 0%, RTA = 0.37 ms
[1544639400] CURRENT HOST STATE: sservercluster2;UP;HARD;1;PING OK - Packet loss = 0%, RTA = 0.41 ms
[1544639400] CURRENT HOST STATE: webserver1;UP;HARD;1;PING OK - Packet loss = 0%, RTA = 0.50 ms
[1544639400] CURRENT HOST STATE: webserver2;UP;HARD;1;PING OK - Packet loss = 0%, RTA = 0.07 ms
[1544639400] CURRENT HOST STATE: webservercluster1;UP;HARD;1;PING OK - Packet loss = 0%, RTA = 0.42 ms
[1544639400] CURRENT HOST STATE: webservercluster2;UP;HARD;1;PING OK - Packet loss = 0%, RTA = 0.38 ms
[1544639400] CURRENT SERVICE STATE: db1;CPU Load;OK;HARD;1;OK - load average: 0.00, 0.01, 0.05
[1544639400] CURRENT SERVICE STATE: db1;CPU_Procs;OK;HARD;1;CPU OK: 323 processes
[1544639400] CURRENT SERVICE STATE: db1;Current Users;OK;HARD;1;USERS OK - 2 users currently logged in
[1544639400] CURRENT SERVICE STATE: db1;HDD_Home status;OK;HARD;1;DISK OK - free space: /home 205298 MB (98% inode=99%):
[1544639400] CURRENT SERVICE STATE: db1;HDD_Root status;OK;HARD;1;DISK OK - free space: / 29454 MB (57% inode=99%):
[1544639400] CURRENT SERVICE STATE: db1;LocalService-NTPD SERVICE;OK;HARD;1;PROCS OK: 1 process with command name 'ntpd'
[1544639400] CURRENT SERVICE STATE: db1;Mariadb status;OK;HARD;1;PROCS OK: 1 process with command name 'mysqld'
[1544639400] CURRENT SERVICE STATE: db1;Memory;OK;HARD;1;OK - 56.5% (27819364 kB) free.
[1544639400] CURRENT SERVICE STATE: db1;Sensors Status;OK;HARD;1;SENSORS OK
[1544639400] CURRENT SERVICE STATE: db1;Total Processes;OK;HARD;1;PROCS OK: 323 processes
[1544639400] CURRENT SERVICE STATE: db2;CPU Load;OK;HARD;1;OK - load average: 0.71, 0.59, 0.36
[1544639400] CURRENT SERVICE STATE: db2;CPU_Procs;OK;HARD;1;CPU OK: 293 processes
[1544639400] CURRENT SERVICE STATE: db2;Current Users;OK;HARD;1;USERS OK - 1 users currently logged in
[1544639400] CURRENT SERVICE STATE: db2;HDD_Home status;OK;HARD;1;DISK OK - free space: /home 127347 MB (56% inode=99%):
[1544639400] CURRENT SERVICE STATE: db2;HDD_Root status;OK;HARD;1;DISK OK - free space: / 34547 MB (67% inode=99%):
[1544639400] CURRENT SERVICE STATE: db2;LocalService-NTPD SERVICE;OK;HARD;1;PROCS OK: 1 process with command name 'ntpd'
[1544639400] CURRENT SERVICE STATE: db2;Mariadb status;OK;HARD;1;PROCS OK: 1 process with command name 'mysqld'
[1544639400] CURRENT SERVICE STATE: db2;Memory;OK;HARD;1;OK - 27.3% (13474956 kB) free.
[1544639400] CURRENT SERVICE STATE: db2;Sensors Status;OK;HARD;1;SENSORS OK
[1544639400] CURRENT SERVICE STATE: db2;Total Processes;OK;HARD;1;PROCS OK: 292 processes
[1544639400] CURRENT SERVICE STATE: primary-server;CPU Load;OK;HARD;1;OK - load average: 0.04, 0.03, 0.07
[1544639400] CURRENT SERVICE STATE: primary-server;CPU_Procs;OK;HARD;1;CPU OK: 342 processes
[1544639400] CURRENT SERVICE STATE: primary-server;Current Users;OK;HARD;1;USERS OK - 2 users currently logged in
[1544639400] CURRENT SERVICE STATE: primary-server;HDD_Home status;OK;HARD;1;DISK OK - free space: /home 224702 MB (99% inode=99%):
[1544639400] CURRENT SERVICE STATE: primary-server;HDD_Root status;OK;HARD;1;DISK OK - free space: / 41259 MB (80% inode=99%):
[1544639400] CURRENT SERVICE STATE: primary-server;LocalService-NTPD SERVICE;OK;HARD;1;PROCS OK: 2 processes with command name 'ntpd'
[1544639400] CURRENT SERVICE STATE: primary-server;Memory;OK;HARD;1;OK - 70.9% (17369560 kB) free.
[1544639400] CURRENT SERVICE STATE: primary-server;Nginx Status;OK;HARD;1;NGINX OK -  0.086 sec. response time, Active: 0 (Writing: 0 Reading: 0 Waiting: 0) ReqPerSec: 0.000 ConnPerSec: 0.000 ReqPerConn: 0.000
[1544639400] CURRENT SERVICE STATE: primary-server;Sensors Status;OK;HARD;1;SENSORS OK
[1544639400] CURRENT SERVICE STATE: primary-server;Total Processes;OK;HARD;1;PROCS OK: 347 processes
[1544639400] CURRENT SERVICE STATE: pservercluster1;CPU Load;OK;HARD;1;OK - load average: 0.95, 0.94, 2.71
[1544639400] CURRENT SERVICE STATE: pservercluster1;CPU_Procs;CRITICAL;HARD;3;CPU CRITICAL: 1 crit, 0 warn out of 306 processes
[1544639400] CURRENT SERVICE STATE: pservercluster1;Current Users;OK;HARD;1;USERS OK - 6 users currently logged in
[1544639400] CURRENT SERVICE STATE: pservercluster1;HDD_Home status;OK;HARD;1;DISK OK - free space: /home 175816 MB (78% inode=99%):
[1544639400] CURRENT SERVICE STATE: pservercluster1;HDD_Root status;OK;HARD;1;DISK OK - free space: / 37796 MB (73% inode=99%):
[1544639400] CURRENT SERVICE STATE: pservercluster1;LocalService-NTPD SERVICE;OK;HARD;1;PROCS OK: 2 processes with command name 'ntpd'
[1544639400] CURRENT SERVICE STATE: pservercluster1;Memory;OK;HARD;1;OK - 78.0% (19112372 kB) free.
[1544639400] CURRENT SERVICE STATE: pservercluster1;Sensors Status;OK;HARD;1;SENSORS OK
[1544639400] CURRENT SERVICE STATE: pservercluster1;Total Processes;OK;HARD;1;PROCS OK: 306 processes
[1544639400] CURRENT SERVICE STATE: pservercluster2;CPU Load;OK;HARD;1;OK - load average: 0.00, 0.01, 0.05
[1544639400] CURRENT SERVICE STATE: pservercluster2;CPU_Procs;CRITICAL;HARD;3;CPU CRITICAL: 1 crit, 0 warn out of 320 processes
[1544639400] CURRENT SERVICE STATE: pservercluster2;Current Users;OK;HARD;1;USERS OK - 8 users currently logged in
[1544639400] CURRENT SERVICE STATE: pservercluster2;HDD_Home status;OK;HARD;1;DISK OK - free space: /home 199300 MB (88% inode=99%):
[1544639400] CURRENT SERVICE STATE: pservercluster2;HDD_Root status;OK;HARD;1;DISK OK - free space: / 14031 MB (27% inode=98%):
[1544639400] CURRENT SERVICE STATE: pservercluster2;LocalService-NTPD SERVICE;OK;HARD;1;PROCS OK: 2 processes with command name 'ntpd'
[1544639400] CURRENT SERVICE STATE: pservercluster2;Memory;OK;HARD;1;OK - 57.0% (13977732 kB) free.
[1544639400] CURRENT SERVICE STATE: pservercluster2;Sensors Status;OK;HARD;1;SENSORS OK
[1544639400] CURRENT SERVICE STATE: pservercluster2;Total Processes;OK;HARD;1;PROCS OK: 318 processes
[1544639400] CURRENT SERVICE STATE: qservercluster1;CPU Load;WARNING;HARD;3;WARNING - load average: 13.00, 12.83, 12.95
[1544639400] CURRENT SERVICE STATE: qservercluster1;CPU_Procs;CRITICAL;HARD;3;CPU CRITICAL: 1 crit, 0 warn out of 306 processes
[1544639400] CURRENT SERVICE STATE: qservercluster1;Current Users;OK;HARD;1;USERS OK - 1 users currently logged in
[1544639400] CURRENT SERVICE STATE: qservercluster1;HDD_Home status;OK;HARD;1;DISK OK - free space: /home 224641 MB (99% inode=99%):
[1544639400] CURRENT SERVICE STATE: qservercluster1;HDD_Root status;OK;HARD;1;DISK OK - free space: / 41322 MB (80% inode=99%):
[1544639400] CURRENT SERVICE STATE: qservercluster1;LocalService-NTPD SERVICE;OK;HARD;1;PROCS OK: 1 process with command name 'ntpd'
[1544639400] CURRENT SERVICE STATE: qservercluster1;Memory;OK;HARD;1;OK - 92.9% (45748628 kB) free.
[1544639400] CURRENT SERVICE STATE: qservercluster1;Sensors Status;OK;HARD;1;SENSORS OK
[1544639400] CURRENT SERVICE STATE: qservercluster1;Total Processes;OK;HARD;1;PROCS OK: 307 processes
[1544639400] CURRENT SERVICE STATE: qservercluster2;CPU Load;OK;HARD;1;OK - load average: 0.00, 0.01, 0.05
[1544639400] CURRENT SERVICE STATE: qservercluster2;CPU_Procs;OK;HARD;1;CPU OK: 304 processes
[1544639400] CURRENT SERVICE STATE: qservercluster2;Current Users;OK;HARD;1;USERS OK - 0 users currently logged in
[1544639400] CURRENT SERVICE STATE: qservercluster2;HDD_Home status;OK;HARD;1;DISK OK - free space: /home 224577 MB (99% inode=99%):
[1544639400] CURRENT SERVICE STATE: qservercluster2;HDD_Root status;OK;HARD;1;DISK OK - free space: / 40169 MB (78% inode=98%):
[1544639400] CURRENT SERVICE STATE: qservercluster2;LocalService-NTPD SERVICE;OK;HARD;1;PROCS OK: 1 process with command name 'ntpd'
[1544639400] CURRENT SERVICE STATE: qservercluster2;Memory;OK;HARD;1;OK - 95.7% (47165188 kB) free.
[1544639400] CURRENT SERVICE STATE: qservercluster2;Sensors Status;OK;HARD;1;SENSORS OK
[1544639400] CURRENT SERVICE STATE: qservercluster2;Total Processes;OK;HARD;1;PROCS OK: 303 processes
[1544639400] CURRENT SERVICE STATE: secondary-server;CPU Load;OK;HARD;1;OK - load average: 0.01, 0.31, 0.46
[1544639400] CURRENT SERVICE STATE: secondary-server;CPU_Procs;OK;HARD;1;CPU OK: 341 processes
[1544639400] CURRENT SERVICE STATE: secondary-server;Current Users;OK;HARD;1;USERS OK - 2 users currently logged in
[1544639400] CURRENT SERVICE STATE: secondary-server;HDD_Home status;OK;HARD;1;DISK OK - free space: /home 224704 MB (99% inode=99%):
[1544639400] CURRENT SERVICE STATE: secondary-server;HDD_Root status;OK;HARD;1;DISK OK - free space: / 41209 MB (80% inode=99%):
[1544639400] CURRENT SERVICE STATE: secondary-server;LocalService-NTPD SERVICE;OK;HARD;1;PROCS OK: 2 processes with command name 'ntpd'
[1544639400] CURRENT SERVICE STATE: secondary-server;Memory Status;OK;HARD;1;OK - 71.4% (17502612 kB) free.
[1544639400] CURRENT SERVICE STATE: secondary-server;Nginx Status;OK;HARD;1;NGINX OK -  0.106 sec. response time, Active: 0 (Writing: 0 Reading: 0 Waiting: 0) ReqPerSec: 0.000 ConnPerSec: 0.000 ReqPerConn: 0.000
[1544639400] CURRENT SERVICE STATE: secondary-server;Sensors Status;OK;HARD;1;SENSORS OK
[1544639400] CURRENT SERVICE STATE: secondary-server;Total Processes;OK;HARD;1;PROCS OK: 342 processes
[1544639400] CURRENT SERVICE STATE: sig1;CPU Load;OK;HARD;1;OK - load average: 0.00, 0.01, 0.05
[1544639400] CURRENT SERVICE STATE: sig1;CPU_Procs;OK;HARD;1;CPU OK: 298 processes
[1544639400] CURRENT SERVICE STATE: sig1;Current Users;OK;HARD;1;USERS OK - 0 users currently logged in
[1544639400] CURRENT SERVICE STATE: sig1;HDD_Home status;OK;HARD;1;DISK OK - free space: /home 212163 MB (94% inode=99%):
[1544639400] CURRENT SERVICE STATE: sig1;HDD_Root status;OK;HARD;1;DISK OK - free space: / 12514 MB (24% inode=98%):
[1544639400] CURRENT SERVICE STATE: sig1;LocalService-NTPD SERVICE;OK;HARD;1;PROCS OK: 2 processes with command name 'ntpd'
[1544639400] CURRENT SERVICE STATE: sig1;Memory;WARNING;HARD;3;WARNING - 15.1% (2448836 kB) free!
[1544639400] CURRENT SERVICE STATE: sig1;Sensors Status;OK;HARD;1;SENSORS OK
[1544639400] CURRENT SERVICE STATE: sig1;Total Processes;OK;HARD;1;PROCS OK: 296 processes
[1544639400] CURRENT SERVICE STATE: sig2;CPU Load;OK;HARD;1;OK - load average: 0.00, 0.01, 0.05
[1544639400] CURRENT SERVICE STATE: sig2;CPU_Procs;OK;HARD;1;CPU OK: 302 processes
[1544639400] CURRENT SERVICE STATE: sig2;Current Users;OK;HARD;1;USERS OK - 0 users currently logged in
[1544639400] CURRENT SERVICE STATE: sig2;HDD_Home status;OK;HARD;1;DISK OK - free space: /home 219736 MB (97% inode=99%):
[1544639400] CURRENT SERVICE STATE: sig2;HDD_Root status;OK;HARD;1;DISK OK - free space: / 38520 MB (75% inode=98%):
[1544639400] CURRENT SERVICE STATE: sig2;LocalService-NTPD SERVICE;OK;HARD;1;PROCS OK: 1 process with command name 'ntpd'
[1544639400] CURRENT SERVICE STATE: sig2;Memory;OK;HARD;1;OK - 91.6% (14893316 kB) free.
[1544639400] CURRENT SERVICE STATE: sig2;Sensors Status;OK;HARD;1;SENSORS OK
[1544639400] CURRENT SERVICE STATE: sig2;Total Processes;OK;HARD;1;PROCS OK: 300 processes
[1544639400] CURRENT SERVICE STATE: sig3;CPU Load;OK;HARD;1;OK - load average: 0.00, 0.01, 0.05
[1544639400] CURRENT SERVICE STATE: sig3;CPU_Procs;OK;HARD;1;CPU OK: 295 processes
[1544639400] CURRENT SERVICE STATE: sig3;Current Users;OK;HARD;1;USERS OK - 0 users currently logged in
[1544639400] CURRENT SERVICE STATE: sig3;HDD_Home status;OK;HARD;1;DISK OK - free space: /home 220135 MB (97% inode=99%):
[1544639400] CURRENT SERVICE STATE: sig3;HDD_Root status;OK;HARD;1;DISK OK - free space: / 37993 MB (74% inode=98%):
[1544639400] CURRENT SERVICE STATE: sig3;LocalService-NTPD SERVICE;OK;HARD;1;PROCS OK: 2 processes with command name 'ntpd'
[1544639400] CURRENT SERVICE STATE: sig3;Memory;OK;HARD;1;OK - 93.1% (15128276 kB) free.
[1544639400] CURRENT SERVICE STATE: sig3;Sensors Status;OK;HARD;1;SENSORS OK
[1544639400] CURRENT SERVICE STATE: sig3;Total Processes;OK;HARD;1;PROCS OK: 295 processes
[1544639400] CURRENT SERVICE STATE: sig4;CPU Load;OK;HARD;1;OK - load average: 0.00, 0.01, 0.05
[1544639400] CURRENT SERVICE STATE: sig4;CPU_Procs;OK;HARD;1;CPU OK: 296 processes
[1544639400] CURRENT SERVICE STATE: sig4;Current Users;OK;HARD;1;USERS OK - 0 users currently logged in
[1544639400] CURRENT SERVICE STATE: sig4;HDD_Home status;OK;HARD;1;DISK OK - free space: /home 222604 MB (99% inode=99%):
[1544639400] CURRENT SERVICE STATE: sig4;HDD_Root status;OK;HARD;1;DISK OK - free space: / 37601 MB (73% inode=98%):
[1544639400] CURRENT SERVICE STATE: sig4;LocalService-NTPD SERVICE;OK;HARD;1;PROCS OK: 2 processes with command name 'ntpd'
[1544639400] CURRENT SERVICE STATE: sig4;Memory;OK;HARD;1;OK - 92.8% (15077496 kB) free.
[1544639400] CURRENT SERVICE STATE: sig4;Sensors Status;OK;HARD;1;SENSORS OK
[1544639400] CURRENT SERVICE STATE: sig4;Total Processes;OK;HARD;1;PROCS OK: 296 processes
[1544639400] CURRENT SERVICE STATE: sig5;CPU Load;OK;HARD;1;OK - load average: 0.00, 0.01, 0.05
[1544639400] CURRENT SERVICE STATE: sig5;CPU_Procs;OK;HARD;1;CPU OK: 285 processes
[1544639400] CURRENT SERVICE STATE: sig5;Current Users;OK;HARD;1;USERS OK - 0 users currently logged in
[1544639400] CURRENT SERVICE STATE: sig5;HDD_Home status;OK;HARD;1;DISK OK - free space: /home 221455 MB (98% inode=99%):
[1544639400] CURRENT SERVICE STATE: sig5;HDD_Root status;OK;HARD;1;DISK OK - free space: / 38802 MB (75% inode=98%):
[1544639400] CURRENT SERVICE STATE: sig5;LocalService-NTPD SERVICE;OK;HARD;1;PROCS OK: 2 processes with command name 'ntpd'
[1544639400] CURRENT SERVICE STATE: sig5;Memory;OK;HARD;1;OK - 92.8% (15082996 kB) free.
[1544639400] CURRENT SERVICE STATE: sig5;Sensors Status;OK;HARD;1;SENSORS OK
[1544639400] CURRENT SERVICE STATE: sig5;Total Processes;OK;HARD;1;PROCS OK: 286 processes
[1544639400] CURRENT SERVICE STATE: sig6;CPU Load;OK;HARD;1;OK - load average: 0.08, 0.03, 0.05
[1544639400] CURRENT SERVICE STATE: sig6;CPU_Procs;OK;HARD;1;CPU OK: 295 processes
[1544639400] CURRENT SERVICE STATE: sig6;Current Users;OK;HARD;1;USERS OK - 0 users currently logged in
[1544639400] CURRENT SERVICE STATE: sig6;HDD_Home status;OK;HARD;1;DISK OK - free space: /home 221533 MB (98% inode=99%):
[1544639400] CURRENT SERVICE STATE: sig6;HDD_Root status;OK;HARD;1;DISK OK - free space: / 38041 MB (74% inode=98%):
[1544639400] CURRENT SERVICE STATE: sig6;LocalService-NTPD SERVICE;OK;HARD;1;PROCS OK: 2 processes with command name 'ntpd'
[1544639400] CURRENT SERVICE STATE: sig6;Memory;OK;HARD;1;OK - 91.6% (14883512 kB) free.
[1544639400] CURRENT SERVICE STATE: sig6;Sensors Status;OK;HARD;1;SENSORS OK
[1544639400] CURRENT SERVICE STATE: sig6;Total Processes;OK;HARD;1;PROCS OK: 297 processes
[1544639400] CURRENT SERVICE STATE: sigqscluster1;CPU Load;OK;HARD;1;OK - load average: 0.93, 0.96, 0.67
[1544639400] CURRENT SERVICE STATE: sigqscluster1;CPU_Procs;CRITICAL;HARD;3;CPU CRITICAL: 1 crit, 0 warn out of 339 processes
[1544639400] CURRENT SERVICE STATE: sigqscluster1;Current Users;OK;HARD;1;USERS OK - 2 users currently logged in
[1544639400] CURRENT SERVICE STATE: sigqscluster1;HDD_Home status;OK;HARD;1;DISK OK - free space: /home 224579 MB (99% inode=99%):
[1544639400] CURRENT SERVICE STATE: sigqscluster1;HDD_Root status;OK;HARD;1;DISK OK - free space: / 41183 MB (80% inode=99%):
[1544639400] CURRENT SERVICE STATE: sigqscluster1;LocalService-NTPD SERVICE;OK;HARD;1;PROCS OK: 2 processes with command name 'ntpd'
[1544639400] CURRENT SERVICE STATE: sigqscluster1;Memory;OK;HARD;1;OK - 93.6% (46131764 kB) free.
[1544639400] CURRENT SERVICE STATE: sigqscluster1;Sensors Status;OK;HARD;1;SENSORS OK
[1544639400] CURRENT SERVICE STATE: sigqscluster1;Total Processes;OK;HARD;1;PROCS OK: 339 processes
[1544639400] CURRENT SERVICE STATE: sigqscluster2;CPU Load;OK;HARD;1;OK - load average: 1.51, 1.47, 1.28
[1544639400] CURRENT SERVICE STATE: sigqscluster2;CPU_Procs;CRITICAL;HARD;3;CPU CRITICAL: 1 crit, 0 warn out of 334 processes
[1544639400] CURRENT SERVICE STATE: sigqscluster2;Current Users;OK;HARD;1;USERS OK - 2 users currently logged in
[1544639400] CURRENT SERVICE STATE: sigqscluster2;HDD_Home status;OK;HARD;1;DISK OK - free space: /home 224577 MB (99% inode=99%):
[1544639400] CURRENT SERVICE STATE: sigqscluster2;HDD_Root status;OK;HARD;1;DISK OK - free space: / 41193 MB (80% inode=99%):
[1544639400] CURRENT SERVICE STATE: sigqscluster2;LocalService-NTPD SERVICE;OK;HARD;1;PROCS OK: 2 processes with command name 'ntpd'
[1544639400] CURRENT SERVICE STATE: sigqscluster2;Memory;OK;HARD;1;OK - 93.5% (46069640 kB) free.
[1544639400] CURRENT SERVICE STATE: sigqscluster2;Sensors Status;OK;HARD;1;SENSORS OK
[1544639400] CURRENT SERVICE STATE: sigqscluster2;Total Processes;OK;HARD;1;PROCS OK: 337 processes
[1544639400] CURRENT SERVICE STATE: smscapp1;CPU Load;OK;HARD;1;OK - load average: 0.65, 1.10, 1.21
[1544639400] CURRENT SERVICE STATE: smscapp1;CPU_Procs;CRITICAL;HARD;3;CPU CRITICAL: 4 crit, 1 warn out of 344 processes
[1544639400] CURRENT SERVICE STATE: smscapp1;Current Users;OK;HARD;1;USERS OK - 8 users currently logged in
[1544639400] CURRENT SERVICE STATE: smscapp1;HDD_Home status;OK;HARD;1;DISK OK - free space: /home 177446 MB (78% inode=99%):
[1544639400] CURRENT SERVICE STATE: smscapp1;HDD_Root status;OK;HARD;1;DISK OK - free space: / 39185 MB (76% inode=98%):
[1544639400] CURRENT SERVICE STATE: smscapp1;LocalService-NTPD SERVICE;OK;HARD;1;PROCS OK: 1 process with command name 'ntpd'
[1544639400] CURRENT SERVICE STATE: smscapp1;Memory;CRITICAL;HARD;3;CRITICAL - 1.1% (179632 kB) free!
[1544639400] CURRENT SERVICE STATE: smscapp1;Sensors Status;OK;HARD;1;SENSORS OK
[1544639400] CURRENT SERVICE STATE: smscapp1;Total Processes;OK;HARD;1;PROCS OK: 346 processes
[1544639400] CURRENT SERVICE STATE: smscapp2;CPU Load;OK;HARD;1;OK - load average: 1.35, 1.04, 0.65
[1544639400] CURRENT SERVICE STATE: smscapp2;CPU_Procs;WARNING;HARD;3;CPU WARNING: 1 warn out of 337 processes
[1544639400] CURRENT SERVICE STATE: smscapp2;Current Users;OK;HARD;1;USERS OK - 4 users currently logged in
[1544639400] CURRENT SERVICE STATE: smscapp2;HDD_Home status;OK;HARD;1;DISK OK - free space: /home 178329 MB (79% inode=99%):
[1544639400] CURRENT SERVICE STATE: smscapp2;HDD_Root status;OK;HARD;1;DISK OK - free space: / 39007 MB (76% inode=98%):
[1544639400] CURRENT SERVICE STATE: smscapp2;LocalService-NTPD SERVICE;OK;HARD;1;PROCS OK: 1 process with command name 'ntpd'
[1544639400] CURRENT SERVICE STATE: smscapp2;Memory;OK;HARD;1;OK - 27.1% (4403816 kB) free.
[1544639400] CURRENT SERVICE STATE: smscapp2;Sensors Status;OK;HARD;1;SENSORS OK
[1544639400] CURRENT SERVICE STATE: smscapp2;Total Processes;OK;HARD;1;PROCS OK: 336 processes
[1544639400] CURRENT SERVICE STATE: sservercluster1;CPU Load;OK;HARD;1;OK - load average: 0.00, 0.01, 0.05
[1544639400] CURRENT SERVICE STATE: sservercluster1;CPU_Procs;OK;HARD;1;CPU OK: 297 processes
[1544639400] CURRENT SERVICE STATE: sservercluster1;Current Users;OK;HARD;1;USERS OK - 2 users currently logged in
[1544639400] CURRENT SERVICE STATE: sservercluster1;HDD_Home status;OK;HARD;1;DISK OK - free space: /home 222385 MB (98% inode=99%):
[1544639400] CURRENT SERVICE STATE: sservercluster1;HDD_Root status;OK;HARD;1;DISK OK - free space: / 38487 MB (75% inode=98%):
[1544639400] CURRENT SERVICE STATE: sservercluster1;LocalService-NTPD SERVICE;OK;HARD;1;PROCS OK: 2 processes with command name 'ntpd'
[1544639400] CURRENT SERVICE STATE: sservercluster1;Memory;OK;HARD;1;OK - 59.6% (14614200 kB) free.
[1544639400] CURRENT SERVICE STATE: sservercluster1;Sensors Status;OK;HARD;1;SENSORS OK
[1544639400] CURRENT SERVICE STATE: sservercluster1;Total Processes;OK;HARD;1;PROCS OK: 297 processes
[1544639400] CURRENT SERVICE STATE: sservercluster2;CPU Load;OK;HARD;1;OK - load average: 0.00, 0.01, 0.05
[1544639400] CURRENT SERVICE STATE: sservercluster2;CPU_Procs;OK;HARD;1;CPU OK: 299 processes
[1544639400] CURRENT SERVICE STATE: sservercluster2;Current Users;OK;HARD;1;USERS OK - 1 users currently logged in
[1544639400] CURRENT SERVICE STATE: sservercluster2;HDD_Home status;OK;HARD;1;DISK OK - free space: /home 219758 MB (99% inode=99%):
[1544639400] CURRENT SERVICE STATE: sservercluster2;HDD_Root status;OK;HARD;1;DISK OK - free space: / 41282 MB (80% inode=99%):
[1544639400] CURRENT SERVICE STATE: sservercluster2;LocalService-NTPD SERVICE;OK;HARD;1;PROCS OK: 2 processes with command name 'ntpd'
[1544639400] CURRENT SERVICE STATE: sservercluster2;Memory;OK;HARD;1;OK - 94.6% (23191748 kB) free.
[1544639400] CURRENT SERVICE STATE: sservercluster2;Sensors Status;OK;HARD;1;SENSORS OK
[1544639400] CURRENT SERVICE STATE: sservercluster2;Total Processes;OK;HARD;1;PROCS OK: 302 processes
[1544639400] CURRENT SERVICE STATE: webserver1;CPU Load;OK;HARD;1;OK - load average: 0.02, 0.04, 0.05
[1544639400] CURRENT SERVICE STATE: webserver1;CPU_Procs;OK;HARD;1;CPU OK: 360 processes
[1544639400] CURRENT SERVICE STATE: webserver1;Current Users;OK;HARD;1;USERS OK - 2 users currently logged in
[1544639400] CURRENT SERVICE STATE: webserver1;HDD_Home status;OK;HARD;1;DISK OK - free space: /home 224832 MB (99% inode=99%):
[1544639400] CURRENT SERVICE STATE: webserver1;HDD_Root status;OK;HARD;1;DISK OK - free space: / 41131 MB (80% inode=99%):
[1544639400] CURRENT SERVICE STATE: webserver1;LocalService-NTPD SERVICE;OK;HARD;1;PROCS OK: 2 processes with command name 'ntpd'
[1544639400] CURRENT SERVICE STATE: webserver1;Memory;OK;HARD;1;OK - 69.5% (16998732 kB) free.
[1544639400] CURRENT SERVICE STATE: webserver1;Nginx_status;OK;HARD;1;NGINX OK -  0.088 sec. response time, Active: 0 (Writing: 0 Reading: 0 Waiting: 0) ReqPerSec: 0.000 ConnPerSec: 0.000 ReqPerConn: 0.000
[1544639400] CURRENT SERVICE STATE: webserver1;Sensors Status;OK;HARD;1;SENSORS OK
[1544639400] CURRENT SERVICE STATE: webserver1;Total Processes;OK;HARD;1;PROCS OK: 358 processes
[1544639400] CURRENT SERVICE STATE: webserver2;CPU_Procs;OK;HARD;1;CPU OK: 448 processes
[1544639400] CURRENT SERVICE STATE: webserver2;Current Load;OK;HARD;1;OK - load average: 0.00, 0.01, 0.05
[1544639400] CURRENT SERVICE STATE: webserver2;Current Users;OK;HARD;1;USERS OK - 28 users currently logged in
[1544639400] CURRENT SERVICE STATE: webserver2;HDD_Home status;OK;HARD;1;DISK OK - free space: /home 220087 MB (97.92% inode=100%):
[1544639400] CURRENT SERVICE STATE: webserver2;HTTP;OK;HARD;1;HTTP OK: HTTP/1.1 200 OK - 355 bytes in 0.001 second response time
[1544639400] CURRENT SERVICE STATE: webserver2;LocalService-NTPD SERVICE;OK;HARD;1;PROCS OK: 2 processes with command name 'ntpd'
[1544639400] CURRENT SERVICE STATE: webserver2;Memory;OK;HARD;1;OK - 40.8% (10009056 kB) free.
[1544639400] CURRENT SERVICE STATE: webserver2;PING;OK;HARD;1;PING OK - Packet loss = 0%, RTA = 0.08 ms
[1544639400] CURRENT SERVICE STATE: webserver2;Root Partition;OK;HARD;1;DISK OK - free space: / 39367 MB (76.92% inode=99%):
[1544639400] CURRENT SERVICE STATE: webserver2;SSH;OK;HARD;1;SSH OK - OpenSSH_7.4 (protocol 2.0)
[1544639400] CURRENT SERVICE STATE: webserver2;Sensors Status;OK;HARD;1;SENSORS OK
[1544639400] CURRENT SERVICE STATE: webserver2;Total Processes;OK;HARD;1;PROCS OK: 155 processes with STATE = RSZDT
[1544639400] CURRENT SERVICE STATE: webservercluster1;CPU Load;OK;HARD;1;OK - load average: 0.00, 0.01, 0.05
[1544639400] CURRENT SERVICE STATE: webservercluster1;CPU_Procs;OK;HARD;1;CPU OK: 251 processes
[1544639400] CURRENT SERVICE STATE: webservercluster1;Current Users;OK;HARD;1;USERS OK - 1 users currently logged in
[1544639400] CURRENT SERVICE STATE: webservercluster1;HDD_Home status;OK;HARD;1;DISK OK - free space: /home 224705 MB (99% inode=99%):
[1544639400] CURRENT SERVICE STATE: webservercluster1;HDD_Root status;OK;HARD;1;DISK OK - free space: / 39840 MB (77% inode=99%):
[1544639400] CURRENT SERVICE STATE: webservercluster1;LocalService-NTPD SERVICE;OK;HARD;1;PROCS OK: 1 process with command name 'ntpd'
[1544639400] CURRENT SERVICE STATE: webservercluster1;Memory;OK;HARD;1;OK - 42.1% (6845212 kB) free.
[1544639400] CURRENT SERVICE STATE: webservercluster1;Sensors Status;OK;HARD;1;SENSORS OK
[1544639400] CURRENT SERVICE STATE: webservercluster1;Total Processes;OK;HARD;1;PROCS OK: 250 processes
[1544639400] CURRENT SERVICE STATE: webservercluster2;CPU Load;OK;HARD;1;OK - load average: 1.07, 0.73, 0.38
[1544639400] CURRENT SERVICE STATE: webservercluster2;CPU_Procs;OK;HARD;1;CPU OK: 335 processes
[1544639400] CURRENT SERVICE STATE: webservercluster2;Current Users;OK;HARD;1;USERS OK - 2 users currently logged in
[1544639400] CURRENT SERVICE STATE: webservercluster2;HDD_Home status;OK;HARD;1;DISK OK - free space: /home 224704 MB (99% inode=99%):
[1544639400] CURRENT SERVICE STATE: webservercluster2;HDD_Root status;OK;HARD;1;DISK OK - free space: / 41063 MB (80% inode=99%):
[1544639400] CURRENT SERVICE STATE: webservercluster2;LocalService-NTPD SERVICE;OK;HARD;1;PROCS OK: 2 processes with command name 'ntpd'
[1544639400] CURRENT SERVICE STATE: webservercluster2;Memory;OK;HARD;1;OK - 55.5% (9023336 kB) free.
[1544639400] CURRENT SERVICE STATE: webservercluster2;Sensors Status;OK;HARD;1;SENSORS OK
[1544639400] CURRENT SERVICE STATE: webservercluster2;Total Processes;OK;HARD;1;PROCS OK: 332 processes
[1544639520] SERVICE NOTIFICATION: nagiosadmin;smscapp1;CPU_Procs;CRITICAL;notify-service-by-email;CPU CRITICAL: 4 crit, 1 warn out of 346 processes
[1544639644] Auto-save of retention data completed successfully.
[1544640137] SERVICE NOTIFICATION: nagiosadmin;qservercluster1;CPU_Procs;CRITICAL;notify-service-by-email;CPU CRITICAL: 1 crit, 0 warn out of 311 processes
[1544640238] SERVICE NOTIFICATION: nagiosadmin;sig1;Memory;WARNING;notify-service-by-email;WARNING - 15.0% (2445836 kB) free!
[1544640633] SERVICE NOTIFICATION: nagiosadmin;sigqscluster2;CPU_Procs;CRITICAL;notify-service-by-email;CPU CRITICAL: 1 crit, 0 warn out of 334 processes
[1544641126] SERVICE NOTIFICATION: nagiosadmin;pservercluster1;CPU_Procs;CRITICAL;notify-service-by-email;CPU CRITICAL: 1 crit, 0 warn out of 307 processes
[1544641444] SERVICE NOTIFICATION: nagiosadmin;smscapp2;CPU_Procs;WARNING;notify-service-by-email;CPU WARNING: 1 warn out of 336 processes
[1544641578] SERVICE NOTIFICATION: nagiosadmin;sigqscluster1;CPU_Procs;CRITICAL;notify-service-by-email;CPU CRITICAL: 1 crit, 0 warn out of 337 processes
[1544641900] SERVICE NOTIFICATION: nagiosadmin;qservercluster1;CPU Load;WARNING;notify-service-by-email;WARNING - load average: 13.08, 12.89, 12.88
[1544642152] SERVICE ALERT: db2;CPU_Procs;CRITICAL;SOFT;1;CPU CRITICAL: 1 crit, 0 warn out of 293 processes
[1544642272] SERVICE ALERT: db2;CPU_Procs;CRITICAL;SOFT;2;CPU CRITICAL: 1 crit, 0 warn out of 294 processes
[1544642305] SERVICE NOTIFICATION: nagiosadmin;pservercluster2;CPU_Procs;CRITICAL;notify-service-by-email;CPU CRITICAL: 1 crit, 0 warn out of 318 processes
[1544642392] SERVICE NOTIFICATION: nagiosadmin;db2;CPU_Procs;CRITICAL;notify-service-by-email;CPU CRITICAL: 1 crit, 0 warn out of 294 processes
[1544642392] SERVICE ALERT: db2;CPU_Procs;CRITICAL;HARD;3;CPU CRITICAL: 1 crit, 0 warn out of 294 processes
[1544642468] SERVICE NOTIFICATION: nagiosadmin;smscapp1;Memory;CRITICAL;notify-service-by-email;CRITICAL - 1.1% (172676 kB) free!
[1544642992] SERVICE NOTIFICATION: nagiosadmin;db2;CPU_Procs;OK;notify-service-by-email;CPU OK: 295 processes
[1544642992] SERVICE ALERT: db2;CPU_Procs;OK;HARD;1;CPU OK: 295 processes
[1544643244] Auto-save of retention data completed successfully.
[1544643630] SERVICE ALERT: pservercluster1;CPU Load;CRITICAL;SOFT;1;CRITICAL - load average: 560.49, 128.78, 43.12
[1544643719] SERVICE NOTIFICATION: nagiosadmin;smscapp1;CPU_Procs;CRITICAL;notify-service-by-email;CPU CRITICAL: 4 crit, 1 warn out of 343 processes
[1544643737] SERVICE NOTIFICATION: nagiosadmin;qservercluster1;CPU_Procs;CRITICAL;notify-service-by-email;CPU CRITICAL: 1 crit, 0 warn out of 309 processes
[1544643750] SERVICE ALERT: pservercluster1;CPU Load;CRITICAL;SOFT;2;CRITICAL - load average: 476.91, 353.35, 143.79
[1544643838] SERVICE NOTIFICATION: nagiosadmin;sig1;Memory;WARNING;notify-service-by-email;WARNING - 15.0% (2445424 kB) free!
[1544643870] SERVICE FLAPPING ALERT: pservercluster1;CPU Load;STARTED; Service appears to have started flapping (20.5% change >= 20.0% threshold)
[1544643870] SERVICE ALERT: pservercluster1;CPU Load;CRITICAL;HARD;3;CRITICAL - load average: 65.52, 236.88, 126.52
[1544644233] SERVICE NOTIFICATION: nagiosadmin;sigqscluster2;CPU_Procs;CRITICAL;notify-service-by-email;CPU CRITICAL: 1 crit, 0 warn out of 335 processes
[1544644726] SERVICE NOTIFICATION: nagiosadmin;pservercluster1;CPU_Procs;CRITICAL;notify-service-by-email;CPU CRITICAL: 1 crit, 0 warn out of 306 processes
[1544645044] SERVICE NOTIFICATION: nagiosadmin;smscapp2;CPU_Procs;WARNING;notify-service-by-email;CPU WARNING: 1 warn out of 336 processes
[1544645178] SERVICE NOTIFICATION: nagiosadmin;sigqscluster1;CPU_Procs;CRITICAL;notify-service-by-email;CPU CRITICAL: 1 crit, 0 warn out of 337 processes
[1544645500] SERVICE NOTIFICATION: nagiosadmin;qservercluster1;CPU Load;WARNING;notify-service-by-email;WARNING - load average: 12.68, 12.43, 12.50
[1544645670] SERVICE ALERT: pservercluster1;CPU Load;WARNING;HARD;3;WARNING - load average: 0.93, 1.45, 18.94
[1544645905] SERVICE NOTIFICATION: nagiosadmin;pservercluster2;CPU_Procs;CRITICAL;notify-service-by-email;CPU CRITICAL: 1 crit, 0 warn out of 318 processes
[1544646068] SERVICE NOTIFICATION: nagiosadmin;smscapp1;Memory;CRITICAL;notify-service-by-email;CRITICAL - 1.1% (172432 kB) free!
[1544646844] Auto-save of retention data completed successfully.
[1544647319] SERVICE NOTIFICATION: nagiosadmin;smscapp1;CPU_Procs;CRITICAL;notify-service-by-email;CPU CRITICAL: 4 crit, 1 warn out of 344 processes
[1544647337] SERVICE NOTIFICATION: nagiosadmin;qservercluster1;CPU_Procs;CRITICAL;notify-service-by-email;CPU CRITICAL: 1 crit, 0 warn out of 306 processes
[1544647438] SERVICE NOTIFICATION: nagiosadmin;sig1;Memory;WARNING;notify-service-by-email;WARNING - 15.0% (2443688 kB) free!
[1544647470] SERVICE ALERT: pservercluster1;CPU Load;OK;HARD;1;OK - load average: 1.04, 1.33, 3.88
[1544647834] SERVICE NOTIFICATION: nagiosadmin;sigqscluster2;CPU_Procs;CRITICAL;notify-service-by-email;CPU CRITICAL: 1 crit, 0 warn out of 335 processes
[1544648327] SERVICE NOTIFICATION: nagiosadmin;pservercluster1;CPU_Procs;CRITICAL;notify-service-by-email;CPU CRITICAL: 1 crit, 0 warn out of 307 processes
[1544648644] SERVICE NOTIFICATION: nagiosadmin;smscapp2;CPU_Procs;WARNING;notify-service-by-email;CPU WARNING: 1 warn out of 332 processes
[1544648778] SERVICE NOTIFICATION: nagiosadmin;sigqscluster1;CPU_Procs;CRITICAL;notify-service-by-email;CPU CRITICAL: 1 crit, 0 warn out of 337 processes
[1544649100] SERVICE NOTIFICATION: nagiosadmin;qservercluster1;CPU Load;WARNING;notify-service-by-email;WARNING - load average: 11.55, 12.34, 12.48
[1544649506] SERVICE NOTIFICATION: nagiosadmin;pservercluster2;CPU_Procs;CRITICAL;notify-service-by-email;CPU CRITICAL: 1 crit, 0 warn out of 318 processes
[1544649668] SERVICE NOTIFICATION: nagiosadmin;smscapp1;Memory;CRITICAL;notify-service-by-email;CRITICAL - 1.1% (174772 kB) free!
[1544650444] Auto-save of retention data completed successfully.
[1544650919] SERVICE NOTIFICATION: nagiosadmin;smscapp1;CPU_Procs;CRITICAL;notify-service-by-email;CPU CRITICAL: 4 crit, 1 warn out of 344 processes
[1544650937] SERVICE NOTIFICATION: nagiosadmin;qservercluster1;CPU_Procs;CRITICAL;notify-service-by-email;CPU CRITICAL: 1 crit, 0 warn out of 308 processes
[1544651038] SERVICE NOTIFICATION: nagiosadmin;sig1;Memory;WARNING;notify-service-by-email;WARNING - 15.0% (2442476 kB) free!
[1544652034] SERVICE NOTIFICATION: nagiosadmin;sigqscluster2;CPU_Procs;CRITICAL;notify-service-by-email;CPU CRITICAL: 1 crit, 0 warn out of 338 processes
[1544652244] SERVICE NOTIFICATION: nagiosadmin;smscapp2;CPU_Procs;OK;notify-service-by-email;CPU OK: 331 processes
[1544652244] SERVICE ALERT: smscapp2;CPU_Procs;OK;HARD;1;CPU OK: 331 processes
[1544652378] SERVICE NOTIFICATION: nagiosadmin;sigqscluster1;CPU_Procs;CRITICAL;notify-service-by-email;CPU CRITICAL: 1 crit, 0 warn out of 339 processes
[1544652526] SERVICE NOTIFICATION: nagiosadmin;pservercluster1;CPU_Procs;CRITICAL;notify-service-by-email;CPU CRITICAL: 1 crit, 0 warn out of 318 processes
[1544652700] SERVICE NOTIFICATION: nagiosadmin;qservercluster1;CPU Load;WARNING;notify-service-by-email;WARNING - load average: 11.95, 12.18, 12.21
[1544652870] SERVICE ALERT: pservercluster1;CPU Load;CRITICAL;SOFT;1;CRITICAL - load average: 3.63, 122.40, 97.83
[1544652990] SERVICE ALERT: pservercluster1;CPU Load;CRITICAL;SOFT;2;CRITICAL - load average: 1.33, 82.21, 86.08
[1544653110] SERVICE ALERT: pservercluster1;CPU Load;CRITICAL;HARD;3;CRITICAL - load average: 0.96, 55.35, 75.78
[1544653268] SERVICE NOTIFICATION: nagiosadmin;smscapp1;Memory;CRITICAL;notify-service-by-email;CRITICAL - 1.1% (178452 kB) free!
[1544653705] SERVICE NOTIFICATION: nagiosadmin;pservercluster2;CPU_Procs;CRITICAL;notify-service-by-email;CPU CRITICAL: 1 crit, 0 warn out of 320 processes
[1544654044] Auto-save of retention data completed successfully.
[1544654520] SERVICE NOTIFICATION: nagiosadmin;smscapp1;CPU_Procs;CRITICAL;notify-service-by-email;CPU CRITICAL: 4 crit, 1 warn out of 344 processes
[1544654537] SERVICE NOTIFICATION: nagiosadmin;qservercluster1;CPU_Procs;CRITICAL;notify-service-by-email;CPU CRITICAL: 1 crit, 0 warn out of 306 processes
[1544654638] SERVICE NOTIFICATION: nagiosadmin;sig1;Memory;WARNING;notify-service-by-email;WARNING - 15.0% (2440984 kB) free!
[1544654910] SERVICE ALERT: pservercluster1;CPU Load;WARNING;HARD;3;WARNING - load average: 0.74, 1.12, 11.81
[1544655978] SERVICE NOTIFICATION: nagiosadmin;sigqscluster1;CPU_Procs;CRITICAL;notify-service-by-email;CPU CRITICAL: 1 crit, 0 warn out of 337 processes
[1544656110] SERVICE ALERT: pservercluster1;CPU Load;OK;HARD;1;OK - load average: 1.00, 1.12, 4.10
[1544656126] SERVICE NOTIFICATION: nagiosadmin;pservercluster1;CPU_Procs;CRITICAL;notify-service-by-email;CPU CRITICAL: 1 crit, 0 warn out of 305 processes
[1544656233] SERVICE NOTIFICATION: nagiosadmin;sigqscluster2;CPU_Procs;CRITICAL;notify-service-by-email;CPU CRITICAL: 1 crit, 0 warn out of 337 processes
[1544656300] SERVICE NOTIFICATION: nagiosadmin;qservercluster1;CPU Load;WARNING;notify-service-by-email;WARNING - load average: 11.85, 12.42, 12.42
[1544656868] SERVICE NOTIFICATION: nagiosadmin;smscapp1;Memory;CRITICAL;notify-service-by-email;CRITICAL - 1.1% (181416 kB) free!
[1544657305] SERVICE NOTIFICATION: nagiosadmin;pservercluster2;CPU_Procs;CRITICAL;notify-service-by-email;CPU CRITICAL: 1 crit, 0 warn out of 320 processes
[1544657644] Auto-save of retention data completed successfully.
[1544658137] SERVICE NOTIFICATION: nagiosadmin;qservercluster1;CPU_Procs;CRITICAL;notify-service-by-email;CPU CRITICAL: 1 crit, 0 warn out of 304 processes
[1544658238] SERVICE NOTIFICATION: nagiosadmin;sig1;Memory;WARNING;notify-service-by-email;WARNING - 15.0% (2439880 kB) free!
[1544658719] SERVICE NOTIFICATION: nagiosadmin;smscapp1;CPU_Procs;CRITICAL;notify-service-by-email;CPU CRITICAL: 4 crit, 1 warn out of 344 processes
[1544659578] SERVICE NOTIFICATION: nagiosadmin;sigqscluster1;CPU_Procs;CRITICAL;notify-service-by-email;CPU CRITICAL: 1 crit, 0 warn out of 337 processes
[1544659726] SERVICE NOTIFICATION: nagiosadmin;pservercluster1;CPU_Procs;CRITICAL;notify-service-by-email;CPU CRITICAL: 1 crit, 0 warn out of 304 processes
[1544659833] SERVICE NOTIFICATION: nagiosadmin;sigqscluster2;CPU_Procs;CRITICAL;notify-service-by-email;CPU CRITICAL: 1 crit, 0 warn out of 334 processes
[1544659900] SERVICE NOTIFICATION: nagiosadmin;qservercluster1;CPU Load;WARNING;notify-service-by-email;WARNING - load average: 12.22, 12.54, 12.38
[1544660468] SERVICE NOTIFICATION: nagiosadmin;smscapp1;Memory;CRITICAL;notify-service-by-email;CRITICAL - 1.1% (178760 kB) free!
[1544660905] SERVICE NOTIFICATION: nagiosadmin;pservercluster2;CPU_Procs;CRITICAL;notify-service-by-email;CPU CRITICAL: 1 crit, 0 warn out of 319 processes
[1544661244] Auto-save of retention data completed successfully.
[1544661737] SERVICE NOTIFICATION: nagiosadmin;qservercluster1;CPU_Procs;CRITICAL;notify-service-by-email;CPU CRITICAL: 1 crit, 0 warn out of 303 processes
[1544661838] SERVICE NOTIFICATION: nagiosadmin;sig1;Memory;WARNING;notify-service-by-email;WARNING - 15.0% (2438196 kB) free!
[1544662319] SERVICE NOTIFICATION: nagiosadmin;smscapp1;CPU_Procs;CRITICAL;notify-service-by-email;CPU CRITICAL: 4 crit, 1 warn out of 342 processes
[1544663179] SERVICE NOTIFICATION: nagiosadmin;sigqscluster1;CPU_Procs;CRITICAL;notify-service-by-email;CPU CRITICAL: 1 crit, 0 warn out of 337 processes
[1544663326] SERVICE NOTIFICATION: nagiosadmin;pservercluster1;CPU_Procs;CRITICAL;notify-service-by-email;CPU CRITICAL: 1 crit, 0 warn out of 305 processes
[1544663433] SERVICE NOTIFICATION: nagiosadmin;sigqscluster2;CPU_Procs;CRITICAL;notify-service-by-email;CPU CRITICAL: 1 crit, 0 warn out of 336 processes
[1544663500] SERVICE NOTIFICATION: nagiosadmin;qservercluster1;CPU Load;WARNING;notify-service-by-email;WARNING - load average: 13.13, 12.23, 11.93
[1544664068] SERVICE NOTIFICATION: nagiosadmin;smscapp1;Memory;CRITICAL;notify-service-by-email;CRITICAL - 1.6% (262284 kB) free!
[1544664505] SERVICE NOTIFICATION: nagiosadmin;pservercluster2;CPU_Procs;CRITICAL;notify-service-by-email;CPU CRITICAL: 1 crit, 0 warn out of 320 processes
[1544664844] Auto-save of retention data completed successfully.
[1544665337] SERVICE NOTIFICATION: nagiosadmin;qservercluster1;CPU_Procs;CRITICAL;notify-service-by-email;CPU CRITICAL: 1 crit, 0 warn out of 305 processes
[1544665439] SERVICE NOTIFICATION: nagiosadmin;sig1;Memory;WARNING;notify-service-by-email;WARNING - 15.0% (2436560 kB) free!
[1544665919] SERVICE NOTIFICATION: nagiosadmin;smscapp1;CPU_Procs;CRITICAL;notify-service-by-email;CPU CRITICAL: 4 crit, 1 warn out of 342 processes
[1544666910] SERVICE FLAPPING ALERT: pservercluster1;CPU Load;STOPPED; Service appears to have stopped flapping (3.9% change < 5.0% threshold)
[1544666910] SERVICE NOTIFICATION: nagiosadmin;pservercluster1;CPU Load;OK;notify-service-by-email;OK - load average: 1.19, 1.29, 1.37
[1544666926] SERVICE NOTIFICATION: nagiosadmin;pservercluster1;CPU_Procs;CRITICAL;notify-service-by-email;CPU CRITICAL: 1 crit, 0 warn out of 305 processes
[1544667033] SERVICE NOTIFICATION: nagiosadmin;sigqscluster2;CPU_Procs;CRITICAL;notify-service-by-email;CPU CRITICAL: 1 crit, 0 warn out of 336 processes
[1544667100] SERVICE NOTIFICATION: nagiosadmin;qservercluster1;CPU Load;WARNING;notify-service-by-email;WARNING - load average: 11.22, 11.41, 11.64
[1544667378] SERVICE NOTIFICATION: nagiosadmin;sigqscluster1;CPU_Procs;CRITICAL;notify-service-by-email;CPU CRITICAL: 1 crit, 0 warn out of 337 processes
[1544667668] SERVICE NOTIFICATION: nagiosadmin;smscapp1;Memory;CRITICAL;notify-service-by-email;CRITICAL - 1.6% (259792 kB) free!
[1544668105] SERVICE NOTIFICATION: nagiosadmin;pservercluster2;CPU_Procs;CRITICAL;notify-service-by-email;CPU CRITICAL: 1 crit, 0 warn out of 320 processes
[1544668444] Auto-save of retention data completed successfully.
[1544668938] SERVICE NOTIFICATION: nagiosadmin;qservercluster1;CPU_Procs;CRITICAL;notify-service-by-email;CPU CRITICAL: 1 crit, 0 warn out of 302 processes
[1544669520] SERVICE NOTIFICATION: nagiosadmin;smscapp1;CPU_Procs;CRITICAL;notify-service-by-email;CPU CRITICAL: 4 crit, 1 warn out of 342 processes
[1544669638] SERVICE NOTIFICATION: nagiosadmin;sig1;Memory;WARNING;notify-service-by-email;WARNING - 15.0% (2435096 kB) free!
[1544670510] SERVICE ALERT: pservercluster1;CPU Load;CRITICAL;SOFT;1;CRITICAL - load average: 1.76, 99.99, 96.14
[1544670526] SERVICE NOTIFICATION: nagiosadmin;pservercluster1;CPU_Procs;CRITICAL;notify-service-by-email;CPU CRITICAL: 1 crit, 0 warn out of 304 processes
[1544670630] SERVICE ALERT: pservercluster1;CPU Load;CRITICAL;SOFT;2;CRITICAL - load average: 1.49, 67.50, 84.71
[1544670633] SERVICE NOTIFICATION: nagiosadmin;sigqscluster2;CPU_Procs;CRITICAL;notify-service-by-email;CPU CRITICAL: 1 crit, 0 warn out of 335 processes
[1544670700] SERVICE NOTIFICATION: nagiosadmin;qservercluster1;CPU Load;WARNING;notify-service-by-email;WARNING - load average: 9.29, 11.27, 11.69
[1544670750] SERVICE NOTIFICATION: nagiosadmin;pservercluster1;CPU Load;CRITICAL;notify-service-by-email;CRITICAL - load average: 1.95, 45.78, 74.66
[1544670750] SERVICE ALERT: pservercluster1;CPU Load;CRITICAL;HARD;3;CRITICAL - load average: 1.95, 45.78, 74.66
[1544670978] SERVICE NOTIFICATION: nagiosadmin;sigqscluster1;CPU_Procs;CRITICAL;notify-service-by-email;CPU CRITICAL: 1 crit, 0 warn out of 337 processes
[1544671268] SERVICE NOTIFICATION: nagiosadmin;smscapp1;Memory;CRITICAL;notify-service-by-email;CRITICAL - 1.6% (261172 kB) free!
[1544671705] SERVICE NOTIFICATION: nagiosadmin;pservercluster2;CPU_Procs;CRITICAL;notify-service-by-email;CPU CRITICAL: 1 crit, 0 warn out of 319 processes
[1544672044] Auto-save of retention data completed successfully.
[1544672550] SERVICE NOTIFICATION: nagiosadmin;pservercluster1;CPU Load;WARNING;notify-service-by-email;WARNING - load average: 1.60, 1.84, 12.19
[1544672550] SERVICE ALERT: pservercluster1;CPU Load;WARNING;HARD;3;WARNING - load average: 1.60, 1.84, 12.19
[1544673137] SERVICE NOTIFICATION: nagiosadmin;qservercluster1;CPU_Procs;CRITICAL;notify-service-by-email;CPU CRITICAL: 1 crit, 0 warn out of 305 processes
[1544673238] SERVICE NOTIFICATION: nagiosadmin;sig1;Memory;WARNING;notify-service-by-email;WARNING - 15.0% (2432860 kB) free!
[1544673719] SERVICE NOTIFICATION: nagiosadmin;smscapp1;CPU_Procs;CRITICAL;notify-service-by-email;CPU CRITICAL: 4 crit, 1 warn out of 331 processes
[1544673750] SERVICE NOTIFICATION: nagiosadmin;pservercluster1;CPU Load;OK;notify-service-by-email;OK - load average: 1.54, 1.44, 4.41
[1544673750] SERVICE ALERT: pservercluster1;CPU Load;OK;HARD;1;OK - load average: 1.54, 1.44, 4.41
[1544674126] SERVICE NOTIFICATION: nagiosadmin;pservercluster1;CPU_Procs;CRITICAL;notify-service-by-email;CPU CRITICAL: 1 crit, 0 warn out of 305 processes
[1544674233] SERVICE NOTIFICATION: nagiosadmin;sigqscluster2;CPU_Procs;CRITICAL;notify-service-by-email;CPU CRITICAL: 1 crit, 0 warn out of 334 processes
[1544674300] SERVICE NOTIFICATION: nagiosadmin;qservercluster1;CPU Load;WARNING;notify-service-by-email;WARNING - load average: 12.24, 11.33, 11.58
[1544674578] SERVICE NOTIFICATION: nagiosadmin;sigqscluster1;CPU_Procs;CRITICAL;notify-service-by-email;CPU CRITICAL: 1 crit, 0 warn out of 338 processes
[1544674868] SERVICE NOTIFICATION: nagiosadmin;smscapp1;Memory;CRITICAL;notify-service-by-email;CRITICAL - 1.7% (280664 kB) free!
[1544675305] SERVICE NOTIFICATION: nagiosadmin;pservercluster2;CPU_Procs;CRITICAL;notify-service-by-email;CPU CRITICAL: 1 crit, 0 warn out of 320 processes
[1544675644] Auto-save of retention data completed successfully.
[1544676244] SERVICE ALERT: smscapp2;CPU_Procs;CRITICAL;SOFT;1;CPU CRITICAL: 1 crit, 0 warn out of 333 processes
[1544676365] SERVICE ALERT: smscapp2;CPU_Procs;WARNING;SOFT;2;CPU WARNING: 1 warn out of 333 processes
[1544676485] SERVICE NOTIFICATION: nagiosadmin;smscapp2;CPU_Procs;WARNING;notify-service-by-email;CPU WARNING: 1 warn out of 333 processes
[1544676485] SERVICE ALERT: smscapp2;CPU_Procs;WARNING;HARD;3;CPU WARNING: 1 warn out of 333 processes
[1544676737] SERVICE NOTIFICATION: nagiosadmin;qservercluster1;CPU_Procs;CRITICAL;notify-service-by-email;CPU CRITICAL: 1 crit, 0 warn out of 304 processes
[1544676838] SERVICE NOTIFICATION: nagiosadmin;sig1;Memory;WARNING;notify-service-by-email;WARNING - 14.8% (2400668 kB) free!
[1544677192] SERVICE ALERT: db2;CPU_Procs;CRITICAL;SOFT;1;CPU CRITICAL: 1 crit, 0 warn out of 292 processes
[1544677312] SERVICE ALERT: db2;CPU_Procs;OK;HARD;1;CPU OK: 292 processes
[1544677319] SERVICE NOTIFICATION: nagiosadmin;smscapp1;CPU_Procs;CRITICAL;notify-service-by-email;CPU CRITICAL: 4 crit, 1 warn out of 337 processes
[1544677726] SERVICE NOTIFICATION: nagiosadmin;pservercluster1;CPU_Procs;CRITICAL;notify-service-by-email;CPU CRITICAL: 1 crit, 0 warn out of 310 processes
[1544677833] SERVICE NOTIFICATION: nagiosadmin;sigqscluster2;CPU_Procs;CRITICAL;notify-service-by-email;CPU CRITICAL: 1 crit, 0 warn out of 335 processes
[1544677900] SERVICE NOTIFICATION: nagiosadmin;qservercluster1;CPU Load;WARNING;notify-service-by-email;WARNING - load average: 10.20, 11.26, 11.62
[1544678178] SERVICE NOTIFICATION: nagiosadmin;sigqscluster1;CPU_Procs;CRITICAL;notify-service-by-email;CPU CRITICAL: 1 crit, 0 warn out of 339 processes
[1544678468] SERVICE NOTIFICATION: nagiosadmin;smscapp1;Memory;CRITICAL;notify-service-by-email;CRITICAL - 1.1% (181604 kB) free!
[1544678905] SERVICE NOTIFICATION: nagiosadmin;pservercluster2;CPU_Procs;CRITICAL;notify-service-by-email;CPU CRITICAL: 1 crit, 1 warn out of 321 processes
[1544679244] Auto-save of retention data completed successfully.
[1544679485] SERVICE NOTIFICATION: nagiosadmin;smscapp2;CPU_Procs;OK;notify-service-by-email;CPU OK: 329 processes
[1544679485] SERVICE ALERT: smscapp2;CPU_Procs;OK;HARD;1;CPU OK: 329 processes
[1544680127] SERVICE NOTIFICATION: nagiosadmin;pservercluster1;CPU_Procs;OK;notify-service-by-email;CPU OK: 311 processes
[1544680127] SERVICE ALERT: pservercluster1;CPU_Procs;OK;HARD;1;CPU OK: 311 processes
[1544680337] SERVICE NOTIFICATION: nagiosadmin;qservercluster1;CPU_Procs;CRITICAL;notify-service-by-email;CPU CRITICAL: 1 crit, 0 warn out of 307 processes
[1544680438] SERVICE NOTIFICATION: nagiosadmin;sig1;Memory;WARNING;notify-service-by-email;WARNING - 14.5% (2358352 kB) free!
[1544680919] SERVICE NOTIFICATION: nagiosadmin;smscapp1;CPU_Procs;CRITICAL;notify-service-by-email;CPU CRITICAL: 4 crit, 1 warn out of 334 processes
[1544681327] SERVICE ALERT: pservercluster1;CPU_Procs;WARNING;SOFT;1;CPU WARNING: 1 warn out of 314 processes
[1544681433] SERVICE NOTIFICATION: nagiosadmin;sigqscluster2;CPU_Procs;CRITICAL;notify-service-by-email;CPU CRITICAL: 1 crit, 0 warn out of 334 processes
[1544681447] SERVICE ALERT: pservercluster1;CPU_Procs;WARNING;SOFT;2;CPU WARNING: 1 warn out of 314 processes
[1544681500] SERVICE NOTIFICATION: nagiosadmin;qservercluster1;CPU Load;WARNING;notify-service-by-email;WARNING - load average: 12.98, 12.93, 12.73
[1544681567] SERVICE NOTIFICATION: nagiosadmin;pservercluster1;CPU_Procs;WARNING;notify-service-by-email;CPU WARNING: 1 warn out of 314 processes
[1544681567] SERVICE ALERT: pservercluster1;CPU_Procs;WARNING;HARD;3;CPU WARNING: 1 warn out of 314 processes
[1544681778] SERVICE NOTIFICATION: nagiosadmin;sigqscluster1;CPU_Procs;CRITICAL;notify-service-by-email;CPU CRITICAL: 1 crit, 0 warn out of 337 processes
[1544682068] SERVICE NOTIFICATION: nagiosadmin;smscapp1;Memory;CRITICAL;notify-service-by-email;CRITICAL - 1.1% (181228 kB) free!
[1544682167] SERVICE NOTIFICATION: nagiosadmin;pservercluster1;CPU_Procs;CRITICAL;notify-service-by-email;CPU CRITICAL: 1 crit, 0 warn out of 318 processes
[1544682167] SERVICE ALERT: pservercluster1;CPU_Procs;CRITICAL;HARD;3;CPU CRITICAL: 1 crit, 0 warn out of 318 processes
[1544682505] SERVICE NOTIFICATION: nagiosadmin;pservercluster2;CPU_Procs;CRITICAL;notify-service-by-email;CPU CRITICAL: 1 crit, 0 warn out of 318 processes
[1544682712] SERVICE ALERT: db2;CPU_Procs;CRITICAL;SOFT;1;CPU CRITICAL: 1 crit, 0 warn out of 294 processes
[1544682832] SERVICE ALERT: db2;CPU_Procs;CRITICAL;SOFT;2;CPU CRITICAL: 1 crit, 0 warn out of 291 processes
[1544682844] Auto-save of retention data completed successfully.
[1544682952] SERVICE ALERT: db2;CPU_Procs;OK;HARD;1;CPU OK: 294 processes
[1544683085] SERVICE ALERT: smscapp2;CPU_Procs;WARNING;SOFT;1;CPU WARNING: 1 warn out of 340 processes
[1544683205] SERVICE ALERT: smscapp2;CPU_Procs;WARNING;SOFT;2;CPU WARNING: 1 warn out of 339 processes
[1544683325] SERVICE NOTIFICATION: nagiosadmin;smscapp2;CPU_Procs;WARNING;notify-service-by-email;CPU WARNING: 1 warn out of 342 processes
[1544683325] SERVICE ALERT: smscapp2;CPU_Procs;WARNING;HARD;3;CPU WARNING: 1 warn out of 342 processes
[1544683937] SERVICE NOTIFICATION: nagiosadmin;qservercluster1;CPU_Procs;CRITICAL;notify-service-by-email;CPU CRITICAL: 1 crit, 0 warn out of 305 processes
[1544684038] SERVICE NOTIFICATION: nagiosadmin;sig1;Memory;WARNING;notify-service-by-email;WARNING - 14.4% (2337816 kB) free!
[1544684305] SERVICE NOTIFICATION: nagiosadmin;pservercluster2;CPU_Procs;WARNING;notify-service-by-email;CPU WARNING: 1 warn out of 319 processes
[1544684305] SERVICE ALERT: pservercluster2;CPU_Procs;WARNING;HARD;3;CPU WARNING: 1 warn out of 319 processes
[1544684520] SERVICE NOTIFICATION: nagiosadmin;smscapp1;CPU_Procs;CRITICAL;notify-service-by-email;CPU CRITICAL: 4 crit, 1 warn out of 334 processes
[1544685033] SERVICE NOTIFICATION: nagiosadmin;sigqscluster2;CPU_Procs;CRITICAL;notify-service-by-email;CPU CRITICAL: 1 crit, 0 warn out of 334 processes
[1544685100] SERVICE NOTIFICATION: nagiosadmin;qservercluster1;CPU Load;WARNING;notify-service-by-email;WARNING - load average: 13.54, 13.39, 13.49
[1544685378] SERVICE NOTIFICATION: nagiosadmin;sigqscluster1;CPU_Procs;CRITICAL;notify-service-by-email;CPU CRITICAL: 1 crit, 0 warn out of 337 processes
[1544685668] SERVICE NOTIFICATION: nagiosadmin;smscapp1;Memory;CRITICAL;notify-service-by-email;CRITICAL - 0.9% (152740 kB) free!
[1544685767] SERVICE NOTIFICATION: nagiosadmin;pservercluster1;CPU_Procs;CRITICAL;notify-service-by-email;CPU CRITICAL: 2 crit, 0 warn out of 320 processes
[1544686444] Auto-save of retention data completed successfully.
[1544686925] SERVICE NOTIFICATION: nagiosadmin;smscapp2;CPU_Procs;WARNING;notify-service-by-email;CPU WARNING: 1 warn out of 344 processes
[1544687537] SERVICE NOTIFICATION: nagiosadmin;qservercluster1;CPU_Procs;CRITICAL;notify-service-by-email;CPU CRITICAL: 1 crit, 0 warn out of 303 processes
[1544687638] SERVICE NOTIFICATION: nagiosadmin;sig1;Memory;WARNING;notify-service-by-email;WARNING - 14.4% (2333980 kB) free!
[1544687905] SERVICE NOTIFICATION: nagiosadmin;pservercluster2;CPU_Procs;WARNING;notify-service-by-email;CPU WARNING: 1 warn out of 322 processes
[1544688633] SERVICE NOTIFICATION: nagiosadmin;sigqscluster2;CPU_Procs;CRITICAL;notify-service-by-email;CPU CRITICAL: 1 crit, 0 warn out of 336 processes
[1544688700] SERVICE NOTIFICATION: nagiosadmin;qservercluster1;CPU Load;WARNING;notify-service-by-email;WARNING - load average: 12.45, 12.77, 13.04
[1544688719] SERVICE NOTIFICATION: nagiosadmin;smscapp1;CPU_Procs;CRITICAL;notify-service-by-email;CPU CRITICAL: 4 crit, 1 warn out of 329 processes
[1544688726] SERVICE NOTIFICATION: nagiosadmin;smscapp2;CPU_Procs;OK;notify-service-by-email;CPU OK: 346 processes
[1544688726] SERVICE ALERT: smscapp2;CPU_Procs;OK;HARD;1;CPU OK: 346 processes
[1544688978] SERVICE NOTIFICATION: nagiosadmin;sigqscluster1;CPU_Procs;CRITICAL;notify-service-by-email;CPU CRITICAL: 1 crit, 0 warn out of 337 processes
[1544689268] SERVICE NOTIFICATION: nagiosadmin;smscapp1;Memory;CRITICAL;notify-service-by-email;CRITICAL - 1.2% (202044 kB) free!
[1544689367] SERVICE NOTIFICATION: nagiosadmin;pservercluster1;CPU_Procs;CRITICAL;notify-service-by-email;CPU CRITICAL: 2 crit, 0 warn out of 323 processes
[1544689926] SERVICE ALERT: smscapp2;CPU_Procs;WARNING;SOFT;1;CPU WARNING: 1 warn out of 345 processes
[1544690044] Auto-save of retention data completed successfully.
[1544690046] SERVICE ALERT: smscapp2;CPU_Procs;WARNING;SOFT;2;CPU WARNING: 1 warn out of 344 processes
[1544690166] SERVICE FLAPPING ALERT: smscapp2;CPU_Procs;STARTED; Service appears to have started flapping (21.1% change >= 20.0% threshold)
[1544690166] SERVICE ALERT: smscapp2;CPU_Procs;WARNING;HARD;3;CPU WARNING: 1 warn out of 343 processes
[1544690715] SERVICE ALERT: smscapp2;Memory;WARNING;SOFT;1;WARNING - 19.0% (3083784 kB) free!
[1544690752] SERVICE ALERT: db2;CPU_Procs;CRITICAL;SOFT;1;CPU CRITICAL: 1 crit, 0 warn out of 293 processes
[1544690835] SERVICE ALERT: smscapp2;Memory;WARNING;SOFT;2;WARNING - 18.3% (2979472 kB) free!
[1544690872] SERVICE ALERT: db2;CPU_Procs;CRITICAL;SOFT;2;CPU CRITICAL: 1 crit, 0 warn out of 292 processes
[1544690955] SERVICE NOTIFICATION: nagiosadmin;smscapp2;Memory;WARNING;notify-service-by-email;WARNING - 17.7% (2876228 kB) free!
[1544690955] SERVICE ALERT: smscapp2;Memory;WARNING;HARD;3;WARNING - 17.7% (2876228 kB) free!
[1544690992] SERVICE ALERT: db2;CPU_Procs;OK;HARD;1;CPU OK: 292 processes
[1544691137] SERVICE NOTIFICATION: nagiosadmin;qservercluster1;CPU_Procs;CRITICAL;notify-service-by-email;CPU CRITICAL: 1 crit, 0 warn out of 303 processes
[1544691238] SERVICE NOTIFICATION: nagiosadmin;sig1;Memory;WARNING;notify-service-by-email;WARNING - 12.8% (2081492 kB) free!
[1544691506] SERVICE NOTIFICATION: nagiosadmin;pservercluster2;CPU_Procs;WARNING;notify-service-by-email;CPU WARNING: 2 warn out of 326 processes
[1544691966] SERVICE ALERT: smscapp2;CPU_Procs;CRITICAL;HARD;3;CPU CRITICAL: 1 crit, 2 warn out of 347 processes
[1544692155] SERVICE NOTIFICATION: nagiosadmin;smscapp2;Memory;CRITICAL;notify-service-by-email;CRITICAL - 7.3% (1192148 kB) free!
[1544692155] SERVICE ALERT: smscapp2;Memory;CRITICAL;HARD;3;CRITICAL - 7.3% (1192148 kB) free!
[1544692233] SERVICE NOTIFICATION: nagiosadmin;sigqscluster2;CPU_Procs;CRITICAL;notify-service-by-email;CPU CRITICAL: 1 crit, 0 warn out of 334 processes
[1544692300] SERVICE NOTIFICATION: nagiosadmin;qservercluster1;CPU Load;WARNING;notify-service-by-email;WARNING - load average: 13.37, 13.13, 13.02
[1544692319] SERVICE NOTIFICATION: nagiosadmin;smscapp1;CPU_Procs;CRITICAL;notify-service-by-email;CPU CRITICAL: 4 crit, 1 warn out of 332 processes
[1544692578] SERVICE NOTIFICATION: nagiosadmin;sigqscluster1;CPU_Procs;CRITICAL;notify-service-by-email;CPU CRITICAL: 1 crit, 0 warn out of 337 processes
[1544692868] SERVICE NOTIFICATION: nagiosadmin;smscapp1;Memory;CRITICAL;notify-service-by-email;CRITICAL - 0.9% (150280 kB) free!
[1544692967] SERVICE NOTIFICATION: nagiosadmin;pservercluster1;CPU_Procs;CRITICAL;notify-service-by-email;CPU CRITICAL: 1 crit, 1 warn out of 322 processes
[1544693638] SERVICE NOTIFICATION: nagiosadmin;sig1;Memory;CRITICAL;notify-service-by-email;CRITICAL - 10.0% (1622380 kB) free!
[1544693638] SERVICE ALERT: sig1;Memory;CRITICAL;HARD;3;CRITICAL - 10.0% (1622380 kB) free!
[1544693644] Auto-save of retention data completed successfully.
[1544694592] SERVICE ALERT: db2;CPU_Procs;CRITICAL;SOFT;1;CPU CRITICAL: 1 crit, 0 warn out of 293 processes
[1544694712] SERVICE ALERT: db2;CPU_Procs;CRITICAL;SOFT;2;CPU CRITICAL: 1 crit, 0 warn out of 294 processes
[1544694737] SERVICE NOTIFICATION: nagiosadmin;qservercluster1;CPU_Procs;CRITICAL;notify-service-by-email;CPU CRITICAL: 1 crit, 0 warn out of 306 processes
[1544694832] SERVICE ALERT: db2;CPU_Procs;OK;HARD;1;CPU OK: 294 processes
[1544695705] SERVICE NOTIFICATION: nagiosadmin;pservercluster2;CPU_Procs;WARNING;notify-service-by-email;CPU WARNING: 2 warn out of 326 processes
[1544695755] SERVICE NOTIFICATION: nagiosadmin;smscapp2;Memory;CRITICAL;notify-service-by-email;CRITICAL - 1.0% (167292 kB) free!
[1544695833] SERVICE NOTIFICATION: nagiosadmin;sigqscluster2;CPU_Procs;CRITICAL;notify-service-by-email;CPU CRITICAL: 1 crit, 0 warn out of 337 processes
[1544695900] SERVICE NOTIFICATION: nagiosadmin;qservercluster1;CPU Load;WARNING;notify-service-by-email;WARNING - load average: 12.36, 12.82, 12.99
[1544695919] SERVICE NOTIFICATION: nagiosadmin;smscapp1;CPU_Procs;CRITICAL;notify-service-by-email;CPU CRITICAL: 4 crit, 1 warn out of 333 processes
[1544696178] SERVICE NOTIFICATION: nagiosadmin;sigqscluster1;CPU_Procs;CRITICAL;notify-service-by-email;CPU CRITICAL: 1 crit, 0 warn out of 337 processes
[1544696468] SERVICE NOTIFICATION: nagiosadmin;smscapp1;Memory;CRITICAL;notify-service-by-email;CRITICAL - 1.2% (195576 kB) free!
[1544696567] SERVICE NOTIFICATION: nagiosadmin;pservercluster1;CPU_Procs;CRITICAL;notify-service-by-email;CPU CRITICAL: 1 crit, 0 warn out of 323 processes
[1544696632] SERVICE ALERT: db2;CPU_Procs;CRITICAL;SOFT;1;CPU CRITICAL: 1 crit, 0 warn out of 294 processes
[1544696753] SERVICE ALERT: db2;CPU_Procs;OK;HARD;1;CPU OK: 292 processes
[1544697238] SERVICE NOTIFICATION: nagiosadmin;sig1;Memory;CRITICAL;notify-service-by-email;CRITICAL - 7.5% (1222024 kB) free!
[1544697244] Auto-save of retention data completed successfully.
[1544698203] SERVICE ALERT: webserver2;Current Users;WARNING;SOFT;1;USERS WARNING - 41 users currently logged in
[1544698263] SERVICE ALERT: webserver2;Current Users;WARNING;SOFT;2;USERS WARNING - 41 users currently logged in
[1544698323] SERVICE ALERT: webserver2;Current Users;WARNING;SOFT;3;USERS WARNING - 41 users currently logged in
[1544698337] SERVICE NOTIFICATION: nagiosadmin;qservercluster1;CPU_Procs;CRITICAL;notify-service-by-email;CPU CRITICAL: 1 crit, 0 warn out of 303 processes
[1544698383] SERVICE NOTIFICATION: nagiosadmin;webserver2;Current Users;WARNING;notify-service-by-email;USERS WARNING - 43 users currently logged in
[1544698383] SERVICE ALERT: webserver2;Current Users;WARNING;HARD;4;USERS WARNING - 43 users currently logged in
[1544698949] SERVICE ALERT: pservercluster1;Memory;CRITICAL;SOFT;1;CRITICAL - 1.2% (285172 kB) free!
[1544699047] HOST ALERT: sservercluster1;DOWN;SOFT;1;CRITICAL - Host Unreachable (10.147.212.49)
[1544699047] Warning: Return code of 255 for check of service 'CPU_Procs' on host 'sservercluster1' was out of bounds.
[1544699047] SERVICE ALERT: sservercluster1;CPU_Procs;CRITICAL;HARD;1;(Return code of 255 for service 'CPU_Procs' on host 'sservercluster1' was out of bounds)
[1544699069] SERVICE ALERT: pservercluster1;Memory;CRITICAL;SOFT;2;CRITICAL - 6.0% (1479028 kB) free!
[1544699134] HOST ALERT: sservercluster1;UP;SOFT;1;PING OK - Packet loss = 0%, RTA = 0.40 ms
[1544699167] SERVICE ALERT: sservercluster1;CPU_Procs;WARNING;SOFT;1;CPU WARNING: 1 warn out of 302 processes
[1544699189] SERVICE NOTIFICATION: nagiosadmin;pservercluster1;Memory;CRITICAL;notify-service-by-email;CRITICAL - 0.7% (175292 kB) free!
[1544699189] SERVICE ALERT: pservercluster1;Memory;CRITICAL;HARD;3;CRITICAL - 0.7% (175292 kB) free!
[1544699305] SERVICE NOTIFICATION: nagiosadmin;pservercluster2;CPU_Procs;WARNING;notify-service-by-email;CPU WARNING: 2 warn out of 327 processes
[1544699355] SERVICE NOTIFICATION: nagiosadmin;smscapp2;Memory;CRITICAL;notify-service-by-email;CRITICAL - 1.0% (161884 kB) free!
[1544699433] SERVICE NOTIFICATION: nagiosadmin;sigqscluster2;CPU_Procs;CRITICAL;notify-service-by-email;CPU CRITICAL: 1 crit, 0 warn out of 335 processes
[1544699500] SERVICE NOTIFICATION: nagiosadmin;qservercluster1;CPU Load;WARNING;notify-service-by-email;WARNING - load average: 12.79, 12.50, 12.57
[1544699519] SERVICE NOTIFICATION: nagiosadmin;smscapp1;CPU_Procs;CRITICAL;notify-service-by-email;CPU CRITICAL: 4 crit, 1 warn out of 334 processes
[1544699766] SERVICE ALERT: smscapp2;CPU_Procs;WARNING;HARD;3;CPU WARNING: 2 warn out of 345 processes
[1544699767] SERVICE ALERT: sservercluster1;CPU_Procs;OK;HARD;1;CPU OK: 289 processes
[1544699778] SERVICE NOTIFICATION: nagiosadmin;sigqscluster1;CPU_Procs;CRITICAL;notify-service-by-email;CPU CRITICAL: 1 crit, 0 warn out of 338 processes
[1544700068] SERVICE NOTIFICATION: nagiosadmin;smscapp1;Memory;CRITICAL;notify-service-by-email;CRITICAL - 1.2% (197592 kB) free!
[1544700167] SERVICE NOTIFICATION: nagiosadmin;pservercluster1;CPU_Procs;CRITICAL;notify-service-by-email;CPU CRITICAL: 1 crit, 0 warn out of 328 processes
[1544700838] SERVICE NOTIFICATION: nagiosadmin;sig1;Memory;CRITICAL;notify-service-by-email;CRITICAL - 7.5% (1219904 kB) free!
[1544700844] Auto-save of retention data completed successfully.
[1544701552] SERVICE ALERT: db2;CPU_Procs;CRITICAL;SOFT;1;CPU CRITICAL: 1 crit, 0 warn out of 294 processes
[1544701673] SERVICE ALERT: db2;CPU_Procs;CRITICAL;SOFT;2;CPU CRITICAL: 1 crit, 0 warn out of 294 processes
[1544701793] SERVICE ALERT: db2;CPU_Procs;OK;HARD;1;CPU OK: 293 processes
[1544701938] SERVICE NOTIFICATION: nagiosadmin;qservercluster1;CPU_Procs;CRITICAL;notify-service-by-email;CPU CRITICAL: 1 crit, 0 warn out of 304 processes
[1544701983] SERVICE NOTIFICATION: nagiosadmin;webserver2;Current Users;WARNING;notify-service-by-email;USERS WARNING - 42 users currently logged in
[1544702355] SERVICE NOTIFICATION: nagiosadmin;smscapp2;Memory;WARNING;notify-service-by-email;WARNING - 16.8% (2725924 kB) free!
[1544702355] SERVICE ALERT: smscapp2;Memory;WARNING;HARD;3;WARNING - 16.8% (2725924 kB) free!
[1544702789] SERVICE NOTIFICATION: nagiosadmin;pservercluster1;Memory;CRITICAL;notify-service-by-email;CRITICAL - 0.7% (179344 kB) free!
[1544702905] SERVICE NOTIFICATION: nagiosadmin;pservercluster2;CPU_Procs;WARNING;notify-service-by-email;CPU WARNING: 2 warn out of 332 processes
[1544703033] SERVICE NOTIFICATION: nagiosadmin;sigqscluster2;CPU_Procs;CRITICAL;notify-service-by-email;CPU CRITICAL: 1 crit, 0 warn out of 336 processes
[1544703100] SERVICE NOTIFICATION: nagiosadmin;qservercluster1;CPU Load;WARNING;notify-service-by-email;WARNING - load average: 13.40, 13.28, 12.75
[1544703119] SERVICE NOTIFICATION: nagiosadmin;smscapp1;CPU_Procs;CRITICAL;notify-service-by-email;CPU CRITICAL: 4 crit, 1 warn out of 334 processes
[1544703378] SERVICE NOTIFICATION: nagiosadmin;sigqscluster1;CPU_Procs;CRITICAL;notify-service-by-email;CPU CRITICAL: 1 crit, 0 warn out of 338 processes
[1544703668] SERVICE NOTIFICATION: nagiosadmin;smscapp1;Memory;CRITICAL;notify-service-by-email;CRITICAL - 1.1% (177512 kB) free!
[1544703767] SERVICE NOTIFICATION: nagiosadmin;pservercluster1;CPU_Procs;CRITICAL;notify-service-by-email;CPU CRITICAL: 1 crit, 0 warn out of 327 processes
[1544704438] SERVICE NOTIFICATION: nagiosadmin;sig1;Memory;CRITICAL;notify-service-by-email;CRITICAL - 7.3% (1181600 kB) free!
[1544704444] Auto-save of retention data completed successfully.
[1544704985] SERVICE ALERT: db1;CPU_Procs;CRITICAL;SOFT;1;CPU CRITICAL: 1 crit, 0 warn out of 328 processes
[1544705105] SERVICE ALERT: db1;CPU_Procs;OK;HARD;1;CPU OK: 327 processes
[1544705583] SERVICE NOTIFICATION: nagiosadmin;webserver2;Current Users;OK;notify-service-by-email;USERS OK - 40 users currently logged in
[1544705583] SERVICE ALERT: webserver2;Current Users;OK;HARD;1;USERS OK - 40 users currently logged in
[1544705767] SERVICE ALERT: smscapp2;CPU_Procs;OK;HARD;1;CPU OK: 350 processes
[1544705955] SERVICE NOTIFICATION: nagiosadmin;smscapp2;Memory;WARNING;notify-service-by-email;WARNING - 16.4% (2662296 kB) free!
[1544706137] SERVICE NOTIFICATION: nagiosadmin;qservercluster1;CPU_Procs;CRITICAL;notify-service-by-email;CPU CRITICAL: 1 crit, 0 warn out of 309 processes
[1544706389] SERVICE NOTIFICATION: nagiosadmin;pservercluster1;Memory;CRITICAL;notify-service-by-email;CRITICAL - 0.7% (167940 kB) free!
[1544706505] SERVICE NOTIFICATION: nagiosadmin;pservercluster2;CPU_Procs;WARNING;notify-service-by-email;CPU WARNING: 2 warn out of 332 processes
[1544706633] SERVICE NOTIFICATION: nagiosadmin;sigqscluster2;CPU_Procs;CRITICAL;notify-service-by-email;CPU CRITICAL: 1 crit, 0 warn out of 335 processes
[1544706700] SERVICE NOTIFICATION: nagiosadmin;qservercluster1;CPU Load;WARNING;notify-service-by-email;WARNING - load average: 10.98, 12.22, 12.20
[1544706719] SERVICE NOTIFICATION: nagiosadmin;smscapp1;CPU_Procs;CRITICAL;notify-service-by-email;CPU CRITICAL: 4 crit, 1 warn out of 334 processes
[1544706978] SERVICE NOTIFICATION: nagiosadmin;sigqscluster1;CPU_Procs;CRITICAL;notify-service-by-email;CPU CRITICAL: 1 crit, 0 warn out of 338 processes
[1544707193] SERVICE ALERT: db2;CPU_Procs;CRITICAL;SOFT;1;CPU CRITICAL: 1 crit, 0 warn out of 293 processes
[1544707269] SERVICE NOTIFICATION: nagiosadmin;smscapp1;Memory;CRITICAL;notify-service-by-email;CRITICAL - 1.3% (215456 kB) free!
[1544707313] SERVICE ALERT: db2;CPU_Procs;CRITICAL;SOFT;2;CPU CRITICAL: 1 crit, 0 warn out of 294 processes
[1544707367] SERVICE NOTIFICATION: nagiosadmin;pservercluster1;CPU_Procs;CRITICAL;notify-service-by-email;CPU CRITICAL: 1 crit, 0 warn out of 328 processes
[1544707433] SERVICE ALERT: db2;CPU_Procs;OK;HARD;1;CPU OK: 292 processes
[1544708038] SERVICE NOTIFICATION: nagiosadmin;sig1;Memory;CRITICAL;notify-service-by-email;CRITICAL - 7.3% (1178828 kB) free!
[1544708044] Auto-save of retention data completed successfully.
[1544708283] SERVICE ALERT: webserver2;Current Users;WARNING;SOFT;1;USERS WARNING - 41 users currently logged in
[1544708343] SERVICE ALERT: webserver2;Current Users;WARNING;SOFT;2;USERS WARNING - 41 users currently logged in
[1544708403] SERVICE ALERT: webserver2;Current Users;WARNING;SOFT;3;USERS WARNING - 41 users currently logged in
[1544708463] SERVICE NOTIFICATION: nagiosadmin;webserver2;Current Users;WARNING;notify-service-by-email;USERS WARNING - 41 users currently logged in
[1544708463] SERVICE ALERT: webserver2;Current Users;WARNING;HARD;4;USERS WARNING - 41 users currently logged in
[1544708567] SERVICE NOTIFICATION: nagiosadmin;pservercluster1;CPU_Procs;OK;notify-service-by-email;CPU OK: 315 processes
[1544708567] SERVICE ALERT: pservercluster1;CPU_Procs;OK;HARD;1;CPU OK: 315 processes
[1544708906] SERVICE NOTIFICATION: nagiosadmin;pservercluster2;CPU_Procs;CRITICAL;notify-service-by-email;CPU CRITICAL: 2 crit, 2 warn out of 338 processes
[1544708906] SERVICE ALERT: pservercluster2;CPU_Procs;CRITICAL;HARD;3;CPU CRITICAL: 2 crit, 2 warn out of 338 processes
[1544709562] SERVICE NOTIFICATION: nagiosadmin;smscapp2;Memory;WARNING;notify-service-by-email;WARNING - 16.3% (2652380 kB) free!
[1544709737] SERVICE NOTIFICATION: nagiosadmin;qservercluster1;CPU_Procs;CRITICAL;notify-service-by-email;CPU CRITICAL: 1 crit, 0 warn out of 306 processes
[1544709989] SERVICE NOTIFICATION: nagiosadmin;pservercluster1;Memory;CRITICAL;notify-service-by-email;CRITICAL - 5.8% (1426312 kB) free!
[1544710233] SERVICE NOTIFICATION: nagiosadmin;sigqscluster2;CPU_Procs;CRITICAL;notify-service-by-email;CPU CRITICAL: 1 crit, 0 warn out of 335 processes
[1544710263] SERVICE NOTIFICATION: nagiosadmin;webserver2;Current Users;OK;notify-service-by-email;USERS OK - 40 users currently logged in
[1544710263] SERVICE ALERT: webserver2;Current Users;OK;HARD;1;USERS OK - 40 users currently logged in
[1544710300] SERVICE NOTIFICATION: nagiosadmin;qservercluster1;CPU Load;WARNING;notify-service-by-email;WARNING - load average: 13.56, 13.48, 13.27
[1544710319] SERVICE NOTIFICATION: nagiosadmin;smscapp1;CPU_Procs;CRITICAL;notify-service-by-email;CPU CRITICAL: 4 crit, 1 warn out of 335 processes
[1544710579] SERVICE NOTIFICATION: nagiosadmin;sigqscluster1;CPU_Procs;CRITICAL;notify-service-by-email;CPU CRITICAL: 1 crit, 0 warn out of 337 processes
[1544711167] SERVICE ALERT: smscapp2;CPU_Procs;WARNING;SOFT;1;CPU WARNING: 1 warn out of 352 processes
[1544711287] SERVICE ALERT: smscapp2;CPU_Procs;WARNING;SOFT;2;CPU WARNING: 1 warn out of 350 processes
[1544711407] SERVICE ALERT: smscapp2;CPU_Procs;WARNING;HARD;3;CPU WARNING: 1 warn out of 352 processes
[1544711468] SERVICE NOTIFICATION: nagiosadmin;smscapp1;Memory;CRITICAL;notify-service-by-email;CRITICAL - 1.3% (209140 kB) free!
[1544711638] SERVICE NOTIFICATION: nagiosadmin;sig1;Memory;CRITICAL;notify-service-by-email;CRITICAL - 7.2% (1175708 kB) free!
[1544711644] Auto-save of retention data completed successfully.
[1544712506] SERVICE NOTIFICATION: nagiosadmin;pservercluster2;CPU_Procs;CRITICAL;notify-service-by-email;CPU CRITICAL: 2 crit, 2 warn out of 337 processes
[1544712833] SERVICE ALERT: db2;CPU_Procs;CRITICAL;SOFT;1;CPU CRITICAL: 1 crit, 0 warn out of 294 processes
[1544712953] SERVICE ALERT: db2;CPU_Procs;CRITICAL;SOFT;2;CPU CRITICAL: 1 crit, 0 warn out of 295 processes
[1544713073] SERVICE ALERT: db2;CPU_Procs;OK;HARD;1;CPU OK: 294 processes
[1544713162] SERVICE NOTIFICATION: nagiosadmin;smscapp2;Memory;WARNING;notify-service-by-email;WARNING - 16.3% (2647100 kB) free!
[1544713337] SERVICE NOTIFICATION: nagiosadmin;qservercluster1;CPU_Procs;CRITICAL;notify-service-by-email;CPU CRITICAL: 1 crit, 0 warn out of 303 processes
[1544713589] SERVICE NOTIFICATION: nagiosadmin;pservercluster1;Memory;CRITICAL;notify-service-by-email;CRITICAL - 5.9% (1450176 kB) free!
[1544713833] SERVICE NOTIFICATION: nagiosadmin;sigqscluster2;CPU_Procs;CRITICAL;notify-service-by-email;CPU CRITICAL: 1 crit, 0 warn out of 336 processes
[1544713900] SERVICE NOTIFICATION: nagiosadmin;qservercluster1;CPU Load;WARNING;notify-service-by-email;WARNING - load average: 12.62, 13.26, 13.31
[1544713919] SERVICE NOTIFICATION: nagiosadmin;smscapp1;CPU_Procs;CRITICAL;notify-service-by-email;CPU CRITICAL: 4 crit, 1 warn out of 334 processes
[1544714778] SERVICE NOTIFICATION: nagiosadmin;sigqscluster1;CPU_Procs;CRITICAL;notify-service-by-email;CPU CRITICAL: 1 crit, 0 warn out of 338 processes
[1544715069] SERVICE NOTIFICATION: nagiosadmin;smscapp1;Memory;CRITICAL;notify-service-by-email;CRITICAL - 1.3% (210204 kB) free!
[1544715238] SERVICE NOTIFICATION: nagiosadmin;sig1;Memory;CRITICAL;notify-service-by-email;CRITICAL - 7.2% (1173728 kB) free!
[1544715244] Auto-save of retention data completed successfully.
[1544716106] SERVICE NOTIFICATION: nagiosadmin;pservercluster2;CPU_Procs;CRITICAL;notify-service-by-email;CPU CRITICAL: 3 crit, 1 warn out of 324 processes
[1544716762] SERVICE NOTIFICATION: nagiosadmin;smscapp2;Memory;WARNING;notify-service-by-email;WARNING - 16.3% (2648620 kB) free!
[1544716937] SERVICE NOTIFICATION: nagiosadmin;qservercluster1;CPU_Procs;CRITICAL;notify-service-by-email;CPU CRITICAL: 1 crit, 0 warn out of 302 processes
[1544717189] SERVICE NOTIFICATION: nagiosadmin;pservercluster1;Memory;CRITICAL;notify-service-by-email;CRITICAL - 5.9% (1454092 kB) free!
[1544717433] SERVICE NOTIFICATION: nagiosadmin;sigqscluster2;CPU_Procs;CRITICAL;notify-service-by-email;CPU CRITICAL: 1 crit, 0 warn out of 335 processes
[1544717500] SERVICE NOTIFICATION: nagiosadmin;qservercluster1;CPU Load;WARNING;notify-service-by-email;WARNING - load average: 12.54, 13.09, 13.13
[1544717519] SERVICE NOTIFICATION: nagiosadmin;smscapp1;CPU_Procs;CRITICAL;notify-service-by-email;CPU CRITICAL: 4 crit, 1 warn out of 332 processes
[1544718007] SERVICE FLAPPING ALERT: smscapp2;CPU_Procs;STOPPED; Service appears to have stopped flapping (4.8% change < 5.0% threshold)
[1544718007] SERVICE NOTIFICATION: nagiosadmin;smscapp2;CPU_Procs;WARNING;notify-service-by-email;CPU WARNING: 3 warn out of 335 processes
[1544718378] SERVICE NOTIFICATION: nagiosadmin;sigqscluster1;CPU_Procs;CRITICAL;notify-service-by-email;CPU CRITICAL: 1 crit, 0 warn out of 339 processes
[1544718838] SERVICE NOTIFICATION: nagiosadmin;sig1;Memory;CRITICAL;notify-service-by-email;CRITICAL - 7.2% (1172952 kB) free!
[1544718844] Auto-save of retention data completed successfully.
[1544719268] SERVICE NOTIFICATION: nagiosadmin;smscapp1;Memory;CRITICAL;notify-service-by-email;CRITICAL - 1.3% (210664 kB) free!
[1544719706] SERVICE NOTIFICATION: nagiosadmin;pservercluster2;CPU_Procs;CRITICAL;notify-service-by-email;CPU CRITICAL: 3 crit, 1 warn out of 324 processes
[1544720362] SERVICE NOTIFICATION: nagiosadmin;smscapp2;Memory;WARNING;notify-service-by-email;WARNING - 16.3% (2644160 kB) free!
[1544720537] SERVICE NOTIFICATION: nagiosadmin;qservercluster1;CPU_Procs;CRITICAL;notify-service-by-email;CPU CRITICAL: 1 crit, 0 warn out of 304 processes
[1544720789] SERVICE NOTIFICATION: nagiosadmin;pservercluster1;Memory;CRITICAL;notify-service-by-email;CRITICAL - 5.9% (1453072 kB) free!
[1544721033] SERVICE NOTIFICATION: nagiosadmin;sigqscluster2;CPU_Procs;CRITICAL;notify-service-by-email;CPU CRITICAL: 1 crit, 0 warn out of 335 processes
[1544721100] SERVICE NOTIFICATION: nagiosadmin;qservercluster1;CPU Load;WARNING;notify-service-by-email;WARNING - load average: 13.29, 12.87, 12.91
[1544721119] SERVICE NOTIFICATION: nagiosadmin;smscapp1;CPU_Procs;CRITICAL;notify-service-by-email;CPU CRITICAL: 4 crit, 1 warn out of 332 processes
[1544721607] SERVICE NOTIFICATION: nagiosadmin;smscapp2;CPU_Procs;WARNING;notify-service-by-email;CPU WARNING: 3 warn out of 336 processes
[1544721978] SERVICE NOTIFICATION: nagiosadmin;sigqscluster1;CPU_Procs;CRITICAL;notify-service-by-email;CPU CRITICAL: 1 crit, 0 warn out of 339 processes
[1544722438] SERVICE NOTIFICATION: nagiosadmin;sig1;Memory;CRITICAL;notify-service-by-email;CRITICAL - 7.2% (1171200 kB) free!
[1544722444] Auto-save of retention data completed successfully.
[1544722868] SERVICE NOTIFICATION: nagiosadmin;smscapp1;Memory;CRITICAL;notify-service-by-email;CRITICAL - 1.3% (211608 kB) free!
[1544723306] SERVICE NOTIFICATION: nagiosadmin;pservercluster2;CPU_Procs;CRITICAL;notify-service-by-email;CPU CRITICAL: 3 crit, 1 warn out of 324 processes
[1544723962] SERVICE NOTIFICATION: nagiosadmin;smscapp2;Memory;WARNING;notify-service-by-email;WARNING - 16.3% (2641328 kB) free!
[1544724137] SERVICE NOTIFICATION: nagiosadmin;qservercluster1;CPU_Procs;CRITICAL;notify-service-by-email;CPU CRITICAL: 1 crit, 0 warn out of 305 processes
[1544724389] SERVICE NOTIFICATION: nagiosadmin;pservercluster1;Memory;CRITICAL;notify-service-by-email;CRITICAL - 5.9% (1453316 kB) free!
[1544724633] SERVICE NOTIFICATION: nagiosadmin;sigqscluster2;CPU_Procs;CRITICAL;notify-service-by-email;CPU CRITICAL: 1 crit, 0 warn out of 335 processes
[1544724700] SERVICE NOTIFICATION: nagiosadmin;qservercluster1;CPU Load;WARNING;notify-service-by-email;WARNING - load average: 13.39, 13.33, 13.16
[1544724719] SERVICE NOTIFICATION: nagiosadmin;smscapp1;CPU_Procs;CRITICAL;notify-service-by-email;CPU CRITICAL: 4 crit, 1 warn out of 333 processes
[1544725207] SERVICE NOTIFICATION: nagiosadmin;smscapp2;CPU_Procs;WARNING;notify-service-by-email;CPU WARNING: 3 warn out of 335 processes
[1544725578] SERVICE NOTIFICATION: nagiosadmin;sigqscluster1;CPU_Procs;CRITICAL;notify-service-by-email;CPU CRITICAL: 1 crit, 0 warn out of 338 processes
