[1576607400] LOG ROTATION: DAILY
[1576607400] LOG VERSION: 2.0
[1576607400] CURRENT HOST STATE: db1-vm2;UP;HARD;1;PING OK - Packet loss = 0%, RTA = 0.50 ms
[1576607400] CURRENT HOST STATE: db2;UP;HARD;1;PING OK - Packet loss = 0%, RTA = 0.38 ms
[1576607400] CURRENT HOST STATE: primary-server;UP;HARD;1;PING OK - Packet loss = 0%, RTA = 0.45 ms
[1576607400] CURRENT HOST STATE: pservercluster1;UP;HARD;1;PING OK - Packet loss = 0%, RTA = 0.43 ms
[1576607400] CURRENT HOST STATE: pservercluster2;UP;HARD;1;PING OK - Packet loss = 0%, RTA = 0.31 ms
[1576607400] CURRENT HOST STATE: qservercluster1;UP;HARD;1;PING OK - Packet loss = 0%, RTA = 0.31 ms
[1576607400] CURRENT HOST STATE: qservercluster2;UP;HARD;1;PING OK - Packet loss = 0%, RTA = 0.26 ms
[1576607400] CURRENT HOST STATE: redis-1;UP;HARD;1;PING OK - Packet loss = 0%, RTA = 0.33 ms
[1576607400] CURRENT HOST STATE: redis-2;UP;HARD;1;PING OK - Packet loss = 0%, RTA = 0.34 ms
[1576607400] CURRENT HOST STATE: rq-1;UP;HARD;1;PING OK - Packet loss = 0%, RTA = 0.23 ms
[1576607400] CURRENT HOST STATE: rq-2;UP;HARD;1;PING OK - Packet loss = 0%, RTA = 0.29 ms
[1576607400] CURRENT HOST STATE: secondary-server;UP;HARD;1;PING OK - Packet loss = 0%, RTA = 0.44 ms
[1576607400] CURRENT HOST STATE: sig1-vm2;UP;HARD;1;PING OK - Packet loss = 0%, RTA = 0.62 ms
[1576607400] CURRENT HOST STATE: sig2-vm2;UP;HARD;1;PING OK - Packet loss = 0%, RTA = 0.48 ms
[1576607400] CURRENT HOST STATE: sig3-vm2;UP;HARD;1;PING OK - Packet loss = 0%, RTA = 0.31 ms
[1576607400] CURRENT HOST STATE: sig4-vm2;UP;HARD;1;PING OK - Packet loss = 0%, RTA = 0.68 ms
[1576607400] CURRENT HOST STATE: sig5-vm2;UP;HARD;1;PING OK - Packet loss = 0%, RTA = 0.44 ms
[1576607400] CURRENT HOST STATE: sig6-vm2;UP;HARD;1;PING OK - Packet loss = 0%, RTA = 0.44 ms
[1576607400] CURRENT HOST STATE: sigqscluster1;UP;HARD;1;PING OK - Packet loss = 0%, RTA = 0.40 ms
[1576607400] CURRENT HOST STATE: sigqscluster2;UP;HARD;1;PING OK - Packet loss = 0%, RTA = 0.34 ms
[1576607400] CURRENT HOST STATE: smscapp1;UP;HARD;1;PING OK - Packet loss = 0%, RTA = 0.28 ms
[1576607400] CURRENT HOST STATE: smscapp2;UP;HARD;1;PING OK - Packet loss = 0%, RTA = 0.31 ms
[1576607400] CURRENT HOST STATE: sservercluster1;UP;HARD;1;PING OK - Packet loss = 0%, RTA = 0.29 ms
[1576607400] CURRENT HOST STATE: sservercluster2;UP;HARD;1;PING OK - Packet loss = 0%, RTA = 0.36 ms
[1576607400] CURRENT HOST STATE: webserver1;UP;HARD;1;PING OK - Packet loss = 0%, RTA = 0.47 ms
[1576607400] CURRENT HOST STATE: webserver2;UP;HARD;1;PING OK - Packet loss = 0%, RTA = 0.07 ms
[1576607400] CURRENT HOST STATE: webservercluster1;UP;HARD;1;PING OK - Packet loss = 0%, RTA = 0.46 ms
[1576607400] CURRENT HOST STATE: webservercluster2;UP;HARD;1;PING OK - Packet loss = 0%, RTA = 0.25 ms
[1576607400] CURRENT SERVICE STATE: db1-vm2;CPU Load;OK;HARD;1;OK - load average: 0.52, 0.63, 0.79
[1576607400] CURRENT SERVICE STATE: db1-vm2;CPU_Procs;OK;HARD;1;CPU OK: 461 processes
[1576607400] CURRENT SERVICE STATE: db1-vm2;Current Users;OK;HARD;1;USERS OK - 0 users currently logged in
[1576607400] CURRENT SERVICE STATE: db1-vm2;HDD_Home status;OK;HARD;1;DISK OK - free space: /home 26899 MB (67% inode=99%):
[1576607400] CURRENT SERVICE STATE: db1-vm2;HDD_Root status;OK;HARD;1;DISK OK - free space: / 43573 MB (85% inode=99%):
[1576607400] CURRENT SERVICE STATE: db1-vm2;Memory;OK;HARD;1;OK - 88.9% (21950096 kB) free.
[1576607400] CURRENT SERVICE STATE: db1-vm2;OutOfMemory-killer--oom-killer;OK;HARD;1;Log check ok - 0 pattern matches found
[1576607400] CURRENT SERVICE STATE: db1-vm2;PING;OK;HARD;1;PING OK - Packet loss = 0%, RTA = 0.05 ms
[1576607400] CURRENT SERVICE STATE: db1-vm2;Total Processes;OK;HARD;1;PROCS OK: 461 processes
[1576607400] CURRENT SERVICE STATE: db2;CPU Load;OK;HARD;1;OK - load average: 0.88, 0.86, 0.51
[1576607400] CURRENT SERVICE STATE: db2;CPU_Procs;OK;HARD;1;CPU OK: 328 processes
[1576607400] CURRENT SERVICE STATE: db2;Current Users;OK;HARD;1;USERS OK - 2 users currently logged in
[1576607400] CURRENT SERVICE STATE: db2;HDD_Home status;OK;HARD;1;DISK OK - free space: /home 90216 MB (40% inode=99%):
[1576607400] CURRENT SERVICE STATE: db2;HDD_Root status;OK;HARD;1;DISK OK - free space: / 44477 MB (86% inode=99%):
[1576607400] CURRENT SERVICE STATE: db2;LocalService-NTPD SERVICE;OK;HARD;1;PROCS OK: 1 process with command name 'ntpd'
[1576607400] CURRENT SERVICE STATE: db2;Mariadb status;OK;HARD;1;PROCS OK: 1 process with command name 'mysqld'
[1576607400] CURRENT SERVICE STATE: db2;Memory;OK;HARD;1;OK - 56.4% (27773340 kB) free.
[1576607400] CURRENT SERVICE STATE: db2;Sensors Status;OK;HARD;1;SENSORS OK
[1576607400] CURRENT SERVICE STATE: db2;Total Processes;OK;HARD;1;PROCS OK: 327 processes
[1576607400] CURRENT SERVICE STATE: primary-server;CPU Load;OK;HARD;1;OK - load average: 0.97, 0.79, 0.51
[1576607400] CURRENT SERVICE STATE: primary-server;CPU_Procs;OK;HARD;1;CPU OK: 344 processes
[1576607400] CURRENT SERVICE STATE: primary-server;Current Users;OK;HARD;1;USERS OK - 3 users currently logged in
[1576607400] CURRENT SERVICE STATE: primary-server;HDD_Home status;OK;HARD;1;DISK OK - free space: /home 133075 MB (59% inode=99%):
[1576607400] CURRENT SERVICE STATE: primary-server;HDD_Root status;OK;HARD;1;DISK OK - free space: / 30069 MB (58% inode=99%):
[1576607400] CURRENT SERVICE STATE: primary-server;LocalService-NTPD SERVICE;OK;HARD;1;PROCS OK: 1 process with command name 'ntpd'
[1576607400] CURRENT SERVICE STATE: primary-server;Memory;OK;HARD;1;OK - 56.3% (13796748 kB) free.
[1576607400] CURRENT SERVICE STATE: primary-server;Nginx Access Log Status;OK;HARD;1;Log check ok - 0 pattern matches found
[1576607400] CURRENT SERVICE STATE: primary-server;Nginx Error Log Status;OK;HARD;1;Log check ok - 0 pattern matches found
[1576607400] CURRENT SERVICE STATE: primary-server;Nginx Status;OK;HARD;1;NGINX OK -  0.084 sec. response time, Active: 0 (Writing: 0 Reading: 0 Waiting: 0) ReqPerSec: 0.000 ConnPerSec: 0.000 ReqPerConn: 0.000
[1576607400] CURRENT SERVICE STATE: primary-server;Sensors Status;OK;HARD;1;SENSORS OK
[1576607400] CURRENT SERVICE STATE: primary-server;Total Processes;OK;HARD;1;PROCS OK: 343 processes
[1576607400] CURRENT SERVICE STATE: pservercluster1;CPU Load;OK;HARD;1;OK - load average: 0.16, 0.42, 1.44
[1576607400] CURRENT SERVICE STATE: pservercluster1;CPU_Procs;OK;HARD;1;CPU OK: 365 processes
[1576607400] CURRENT SERVICE STATE: pservercluster1;Current Users;OK;HARD;1;USERS OK - 10 users currently logged in
[1576607400] CURRENT SERVICE STATE: pservercluster1;HDD_Home status;OK;HARD;1;DISK OK - free space: /home 180734 MB (81% inode=99%):
[1576607400] CURRENT SERVICE STATE: pservercluster1;HDD_Root status;OK;HARD;1;DISK OK - free space: / 39511 MB (77% inode=99%):
[1576607400] CURRENT SERVICE STATE: pservercluster1;LocalService-NTPD SERVICE;OK;HARD;1;PROCS OK: 1 process with command name 'ntpd'
[1576607400] CURRENT SERVICE STATE: pservercluster1;Memory;OK;HARD;1;OK - 61.8% (15254096 kB) free.
[1576607400] CURRENT SERVICE STATE: pservercluster1;Sensors Status;OK;HARD;1;SENSORS OK
[1576607400] CURRENT SERVICE STATE: pservercluster1;Total Processes;OK;HARD;1;PROCS OK: 368 processes
[1576607400] CURRENT SERVICE STATE: pservercluster2;CPU Load;OK;HARD;1;OK - load average: 1.43, 1.53, 2.34
[1576607400] CURRENT SERVICE STATE: pservercluster2;CPU_Procs;OK;HARD;1;CPU OK: 357 processes
[1576607400] CURRENT SERVICE STATE: pservercluster2;Current Users;OK;HARD;1;USERS OK - 3 users currently logged in
[1576607400] CURRENT SERVICE STATE: pservercluster2;HDD_Home status;OK;HARD;1;DISK OK - free space: /home 144703 MB (64% inode=99%):
[1576607400] CURRENT SERVICE STATE: pservercluster2;HDD_Root status;OK;HARD;1;DISK OK - free space: / 37465 MB (73% inode=98%):
[1576607400] CURRENT SERVICE STATE: pservercluster2;LocalService-NTPD SERVICE;OK;HARD;1;PROCS OK: 1 process with command name 'ntpd'
[1576607400] CURRENT SERVICE STATE: pservercluster2;Memory;OK;HARD;1;OK - 67.0% (16427268 kB) free.
[1576607400] CURRENT SERVICE STATE: pservercluster2;Sensors Status;OK;HARD;1;SENSORS OK
[1576607400] CURRENT SERVICE STATE: pservercluster2;Total Processes;OK;HARD;1;PROCS OK: 356 processes
[1576607400] CURRENT SERVICE STATE: qservercluster1;CPU Load;OK;HARD;1;OK - load average: 4.89, 5.12, 5.28
[1576607400] CURRENT SERVICE STATE: qservercluster1;CPU_Procs;OK;HARD;1;CPU OK: 331 processes
[1576607400] CURRENT SERVICE STATE: qservercluster1;Current Users;OK;HARD;1;USERS OK - 1 users currently logged in
[1576607400] CURRENT SERVICE STATE: qservercluster1;HDD_Home status;OK;HARD;1;DISK OK - free space: /home 224641 MB (99% inode=99%):
[1576607400] CURRENT SERVICE STATE: qservercluster1;HDD_Root status;OK;HARD;1;DISK OK - free space: / 44303 MB (86% inode=99%):
[1576607400] CURRENT SERVICE STATE: qservercluster1;LocalService-NTPD SERVICE;OK;HARD;1;PROCS OK: 1 process with command name 'ntpd'
[1576607400] CURRENT SERVICE STATE: qservercluster1;Memory;OK;HARD;1;OK - 86.5% (42604768 kB) free.
[1576607400] CURRENT SERVICE STATE: qservercluster1;Sensors Status;OK;HARD;1;SENSORS OK
[1576607400] CURRENT SERVICE STATE: qservercluster1;Total Processes;OK;HARD;1;PROCS OK: 330 processes
[1576607400] CURRENT SERVICE STATE: qservercluster2;CPU Load;OK;HARD;1;OK - load average: 1.88, 1.84, 1.90
[1576607400] CURRENT SERVICE STATE: qservercluster2;CPU_Procs;OK;HARD;1;CPU OK: 543 processes
[1576607400] CURRENT SERVICE STATE: qservercluster2;Current Users;OK;HARD;1;USERS OK - 4 users currently logged in
[1576607400] CURRENT SERVICE STATE: qservercluster2;HDD_Home status;OK;HARD;1;DISK OK - free space: /home 132592 MB (58% inode=99%):
[1576607400] CURRENT SERVICE STATE: qservercluster2;HDD_Root status;OK;HARD;1;DISK OK - free space: / 27044 MB (52% inode=98%):
[1576607400] CURRENT SERVICE STATE: qservercluster2;LocalService-NTPD SERVICE;OK;HARD;1;PROCS OK: 1 process with command name 'ntpd'
[1576607400] CURRENT SERVICE STATE: qservercluster2;Memory;OK;HARD;1;OK - 87.2% (42984256 kB) free.
[1576607400] CURRENT SERVICE STATE: qservercluster2;Sensors Status;OK;HARD;1;SENSORS OK
[1576607400] CURRENT SERVICE STATE: qservercluster2;Total Processes;OK;HARD;1;PROCS OK: 548 processes
[1576607400] CURRENT SERVICE STATE: redis-1;CPU Load;OK;HARD;1;OK - load average: 0.25, 0.63, 0.74
[1576607400] CURRENT SERVICE STATE: redis-1;CPU_Procs;OK;HARD;1;CPU OK: 401 processes
[1576607400] CURRENT SERVICE STATE: redis-1;Current Users;OK;HARD;1;USERS OK - 1 users currently logged in
[1576607400] CURRENT SERVICE STATE: redis-1;HDD_Home status;OK;HARD;1;DISK OK - free space: /home 369177 MB (98% inode=99%):
[1576607400] CURRENT SERVICE STATE: redis-1;HDD_Root status;OK;HARD;1;DISK OK - free space: / 45137 MB (88% inode=99%):
[1576607400] CURRENT SERVICE STATE: redis-1;HDD_VNS1 status;OK;HARD;1;DISK OK - free space: /vns1 317075 MB (29% inode=99%):
[1576607400] CURRENT SERVICE STATE: redis-1;LocalService-NTPD SERVICE;OK;HARD;1;PROCS OK: 1 process with command name 'ntpd'
[1576607400] CURRENT SERVICE STATE: redis-1;Memory;OK;HARD;1;OK - 82.0% (108090148 kB) free.
[1576607400] CURRENT SERVICE STATE: redis-1;Sensors Status;OK;HARD;1;SENSORS OK
[1576607400] CURRENT SERVICE STATE: redis-1;Total Processes;OK;HARD;1;PROCS OK: 401 processes
[1576607400] CURRENT SERVICE STATE: redis-2;CPU Load;OK;HARD;1;OK - load average: 1.78, 1.18, 1.14
[1576607400] CURRENT SERVICE STATE: redis-2;CPU_Procs;OK;HARD;1;CPU OK: 383 processes
[1576607400] CURRENT SERVICE STATE: redis-2;Current Users;OK;HARD;1;USERS OK - 2 users currently logged in
[1576607400] CURRENT SERVICE STATE: redis-2;HDD_Home status;OK;HARD;1;DISK OK - free space: /home 320983 MB (86% inode=99%):
[1576607400] CURRENT SERVICE STATE: redis-2;HDD_Root status;OK;HARD;1;DISK OK - free space: / 45177 MB (88% inode=99%):
[1576607400] CURRENT SERVICE STATE: redis-2;HDD_VNS1 status;OK;HARD;1;DISK OK - free space: /vns1 1069171 MB (99% inode=99%):
[1576607400] CURRENT SERVICE STATE: redis-2;LocalService-NTPD SERVICE;OK;HARD;1;PROCS OK: 1 process with command name 'ntpd'
[1576607400] CURRENT SERVICE STATE: redis-2;Memory;OK;HARD;1;OK - 35.0% (46163476 kB) free.
[1576607400] CURRENT SERVICE STATE: redis-2;Sensors Status;OK;HARD;1;SENSORS OK
[1576607400] CURRENT SERVICE STATE: redis-2;Total Processes;OK;HARD;1;PROCS OK: 381 processes
[1576607400] CURRENT SERVICE STATE: rq-1;CPU Load;OK;HARD;1;OK - load average: 18.39, 16.29, 15.80
[1576607400] CURRENT SERVICE STATE: rq-1;CPU_Procs;OK;HARD;1;CPU OK: 361 processes
[1576607400] CURRENT SERVICE STATE: rq-1;Current Users;OK;HARD;1;USERS OK - 0 users currently logged in
[1576607400] CURRENT SERVICE STATE: rq-1;HDD_Home status;OK;HARD;1;DISK OK - free space: /home 400998 MB (99% inode=99%):
[1576607400] CURRENT SERVICE STATE: rq-1;HDD_Root status;OK;HARD;1;DISK OK - free space: / 42331 MB (82% inode=99%):
[1576607400] CURRENT SERVICE STATE: rq-1;HDD_VNS1 status;OK;HARD;1;DISK OK - free space: /rq1vns1 1068147 MB (99% inode=99%):
[1576607400] CURRENT SERVICE STATE: rq-1;LocalService-NTPD SERVICE;OK;HARD;1;PROCS OK: 1 process with command name 'ntpd'
[1576607400] CURRENT SERVICE STATE: rq-1;Memory;OK;HARD;1;OK - 80.7% (106442448 kB) free.
[1576607400] CURRENT SERVICE STATE: rq-1;Total Processes;OK;HARD;1;PROCS OK: 362 processes
[1576607400] CURRENT SERVICE STATE: rq-1;rq1-rabbitmqerror;OK;HARD;1;Log check ok - 0 pattern matches found
[1576607400] CURRENT SERVICE STATE: rq-2;CPU Load;OK;HARD;1;OK - load average: 20.52, 18.15, 16.68
[1576607400] CURRENT SERVICE STATE: rq-2;CPU_Procs;OK;HARD;1;CPU OK: 384 processes
[1576607400] CURRENT SERVICE STATE: rq-2;Current Users;OK;HARD;1;USERS OK - 1 users currently logged in
[1576607400] CURRENT SERVICE STATE: rq-2;HDD_Home status;OK;HARD;1;DISK OK - free space: /home 401206 MB (99% inode=99%):
[1576607400] CURRENT SERVICE STATE: rq-2;HDD_Root status;OK;HARD;1;DISK OK - free space: / 45524 MB (88% inode=99%):
[1576607400] CURRENT SERVICE STATE: rq-2;HDD_VNS1 status;OK;HARD;1;DISK OK - free space: /dev 64349 MB (100% inode=99%):
[1576607400] CURRENT SERVICE STATE: rq-2;LocalService-NTPD SERVICE;OK;HARD;1;PROCS OK: 2 processes with command name 'ntpd'
[1576607400] CURRENT SERVICE STATE: rq-2;Memory;OK;HARD;1;OK - 92.6% (122069136 kB) free.
[1576607400] CURRENT SERVICE STATE: rq-2;Total Processes;OK;HARD;1;PROCS OK: 390 processes
[1576607400] CURRENT SERVICE STATE: rq-2;rq2-rabbitmqerror;OK;HARD;1;Log check ok - 0 pattern matches found
[1576607400] CURRENT SERVICE STATE: secondary-server;CPU Load;OK;HARD;1;OK - load average: 0.01, 0.13, 0.29
[1576607400] CURRENT SERVICE STATE: secondary-server;CPU_Procs;OK;HARD;1;CPU OK: 340 processes
[1576607400] CURRENT SERVICE STATE: secondary-server;Current Users;OK;HARD;1;USERS OK - 3 users currently logged in
[1576607400] CURRENT SERVICE STATE: secondary-server;HDD_Home status;OK;HARD;1;DISK OK - free space: /home 122459 MB (54% inode=99%):
[1576607400] CURRENT SERVICE STATE: secondary-server;HDD_Root status;OK;HARD;1;DISK OK - free space: / 37289 MB (72% inode=99%):
[1576607400] CURRENT SERVICE STATE: secondary-server;LocalService-NTPD SERVICE;OK;HARD;1;PROCS OK: 1 process with command name 'ntpd'
[1576607400] CURRENT SERVICE STATE: secondary-server;Memory Status;OK;HARD;1;OK - 87.5% (21456576 kB) free.
[1576607400] CURRENT SERVICE STATE: secondary-server;Nginx Access Log Status;OK;HARD;1;Log check ok - 0 pattern matches found
[1576607400] CURRENT SERVICE STATE: secondary-server;Nginx Error Log Status;OK;HARD;1;Log check ok - 0 pattern matches found
[1576607400] CURRENT SERVICE STATE: secondary-server;Nginx Status;OK;HARD;1;NGINX OK -  0.115 sec. response time, Active: 0 (Writing: 0 Reading: 0 Waiting: 0) ReqPerSec: 0.000 ConnPerSec: 0.000 ReqPerConn: 0.000
[1576607400] CURRENT SERVICE STATE: secondary-server;Sensors Status;OK;HARD;1;SENSORS OK
[1576607400] CURRENT SERVICE STATE: secondary-server;Total Processes;OK;HARD;1;PROCS OK: 341 processes
[1576607400] CURRENT SERVICE STATE: sig1-vm2;CPU Load;OK;HARD;1;OK - load average: 0.02, 0.01, 0.00
[1576607400] CURRENT SERVICE STATE: sig1-vm2;CPU_Procs;OK;HARD;1;CPU OK: 263 processes
[1576607400] CURRENT SERVICE STATE: sig1-vm2;Current Users;OK;HARD;1;USERS OK - 0 users currently logged in
[1576607400] CURRENT SERVICE STATE: sig1-vm2;LocalService-NTPD SERVICE;OK;HARD;1;PROCS OK: 2 processes with command name 'ntpd'
[1576607400] CURRENT SERVICE STATE: sig1-vm2;Memory;OK;HARD;1;OK - 71.7% (11714040 kB) free.
[1576607400] CURRENT SERVICE STATE: sig1-vm2;Root status;OK;HARD;1;DISK OK - free space: / 125231 MB (93% inode=97%):
[1576607400] CURRENT SERVICE STATE: sig1-vm2;Total Processes;OK;HARD;1;PROCS OK: 266 processes
[1576607400] CURRENT SERVICE STATE: sig2-vm2;CPU Load;OK;HARD;1;OK - load average: 0.46, 0.61, 0.71
[1576607400] CURRENT SERVICE STATE: sig2-vm2;CPU_Procs;OK;HARD;1;CPU OK: 456 processes
[1576607400] CURRENT SERVICE STATE: sig2-vm2;Current Users;OK;HARD;1;USERS OK - 0 users currently logged in
[1576607400] CURRENT SERVICE STATE: sig2-vm2;HDD_Root status;OK;HARD;1;DISK OK - free space: / 122982 MB (89% inode=99%):
[1576607400] CURRENT SERVICE STATE: sig2-vm2;LocalService-NTPD SERVICE;OK;HARD;1;PROCS OK: 1 process with command name 'ntpd'
[1576607400] CURRENT SERVICE STATE: sig2-vm2;Memory;OK;HARD;1;OK - 89.1% (31045964 kB) free.
[1576607400] CURRENT SERVICE STATE: sig2-vm2;Total Processes;OK;HARD;1;PROCS OK: 456 processes
[1576607400] CURRENT SERVICE STATE: sig3-vm2;CPU Load;OK;HARD;1;OK - load average: 0.00, 0.04, 0.05
[1576607400] CURRENT SERVICE STATE: sig3-vm2;CPU_Procs;OK;HARD;1;CPU OK: 549 processes
[1576607400] CURRENT SERVICE STATE: sig3-vm2;Current Users;OK;HARD;1;USERS OK - 2 users currently logged in
[1576607400] CURRENT SERVICE STATE: sig3-vm2;HDD_Root status;OK;HARD;1;DISK OK - free space: / 90248 MB (75% inode=96%):
[1576607400] CURRENT SERVICE STATE: sig3-vm2;LocalService-NTPD SERVICE;OK;HARD;1;PROCS OK: 2 processes with command name 'ntpd'
[1576607400] CURRENT SERVICE STATE: sig3-vm2;Memory;OK;HARD;1;OK - 95.9% (22606484 kB) free.
[1576607400] CURRENT SERVICE STATE: sig3-vm2;Total Processes;OK;HARD;1;PROCS OK: 550 processes
[1576607400] CURRENT SERVICE STATE: sig4-vm2;CPU Load;OK;HARD;1;OK - load average: 0.06, 0.07, 0.07
[1576607400] CURRENT SERVICE STATE: sig4-vm2;CPU_Procs;OK;HARD;1;CPU OK: 222 processes
[1576607400] CURRENT SERVICE STATE: sig4-vm2;Current Users;OK;HARD;1;USERS OK - 0 users currently logged in
[1576607400] CURRENT SERVICE STATE: sig4-vm2;HDD_Root status;OK;HARD;1;DISK OK - free space: / 99645 MB (77% inode=99%):
[1576607400] CURRENT SERVICE STATE: sig4-vm2;LocalService-NTPD SERVICE;OK;HARD;1;PROCS OK: 1 process with command name 'ntpd'
[1576607400] CURRENT SERVICE STATE: sig4-vm2;Memory;OK;HARD;1;OK - 89.0% (31011048 kB) free.
[1576607400] CURRENT SERVICE STATE: sig4-vm2;Total Processes;OK;HARD;1;PROCS OK: 222 processes
[1576607400] CURRENT SERVICE STATE: sig5-vm2;CPU Load;OK;HARD;1;OK - load average: 2.48, 1.34, 1.12
[1576607400] CURRENT SERVICE STATE: sig5-vm2;CPU_Procs;OK;HARD;1;CPU OK: 461 processes
[1576607400] CURRENT SERVICE STATE: sig5-vm2;Current Users;OK;HARD;1;USERS OK - 0 users currently logged in
[1576607400] CURRENT SERVICE STATE: sig5-vm2;HDD_Root status;OK;HARD;1;DISK OK - free space: / 230620 MB (91% inode=99%):
[1576607400] CURRENT SERVICE STATE: sig5-vm2;LocalService-NTPD SERVICE;OK;HARD;1;PROCS OK: 1 process with command name 'ntpd'
[1576607400] CURRENT SERVICE STATE: sig5-vm2;Memory;OK;HARD;1;OK - 87.5% (30642192 kB) free.
[1576607400] CURRENT SERVICE STATE: sig5-vm2;Total Processes;OK;HARD;1;PROCS OK: 461 processes
[1576607400] CURRENT SERVICE STATE: sig6-vm2;CPU Load;OK;HARD;1;OK - load average: 0.74, 0.72, 0.88
[1576607400] CURRENT SERVICE STATE: sig6-vm2;CPU_Procs;OK;HARD;1;CPU OK: 502 processes
[1576607400] CURRENT SERVICE STATE: sig6-vm2;Current Users;OK;HARD;1;USERS OK - 2 users currently logged in
[1576607400] CURRENT SERVICE STATE: sig6-vm2;HDD_Root status;OK;HARD;1;DISK OK - free space: / 178622 MB (91% inode=99%):
[1576607400] CURRENT SERVICE STATE: sig6-vm2;LocalService-NTPD SERVICE;OK;HARD;1;PROCS OK: 1 process with command name 'ntpd'
[1576607400] CURRENT SERVICE STATE: sig6-vm2;Memory;OK;HARD;1;OK - 72.9% (16366244 kB) free.
[1576607400] CURRENT SERVICE STATE: sig6-vm2;OutOfMemory-killer--oom-killer;OK;HARD;1;Log check ok - 0 pattern matches found
[1576607400] CURRENT SERVICE STATE: sig6-vm2;Total Processes;OK;HARD;1;PROCS OK: 498 processes
[1576607400] CURRENT SERVICE STATE: sigqscluster1;CPU Load;OK;HARD;1;OK - load average: 0.00, 0.05, 0.25
[1576607400] CURRENT SERVICE STATE: sigqscluster1;CPU_Procs;OK;HARD;1;CPU OK: 355 processes
[1576607400] CURRENT SERVICE STATE: sigqscluster1;Current Users;OK;HARD;1;USERS OK - 7 users currently logged in
[1576607400] CURRENT SERVICE STATE: sigqscluster1;HDD_Home status;OK;HARD;1;DISK OK - free space: /home 224102 MB (99% inode=99%):
[1576607400] CURRENT SERVICE STATE: sigqscluster1;HDD_Root status;OK;HARD;1;DISK OK - free space: / 40045 MB (78% inode=99%):
[1576607400] CURRENT SERVICE STATE: sigqscluster1;LocalService-NTPD SERVICE;OK;HARD;1;PROCS OK: 1 process with command name 'ntpd'
[1576607400] CURRENT SERVICE STATE: sigqscluster1;Memory;CRITICAL;HARD;3;CRITICAL - 0.4% (221156 kB) free!
[1576607400] CURRENT SERVICE STATE: sigqscluster1;Sensors Status;OK;HARD;1;SENSORS OK
[1576607400] CURRENT SERVICE STATE: sigqscluster1;Total Processes;OK;HARD;1;PROCS OK: 355 processes
[1576607400] CURRENT SERVICE STATE: sigqscluster2;CPU Load;OK;HARD;1;OK - load average: 13.50, 12.34, 12.08
[1576607400] CURRENT SERVICE STATE: sigqscluster2;CPU_Procs;OK;HARD;1;CPU OK: 299 processes
[1576607400] CURRENT SERVICE STATE: sigqscluster2;Current Users;OK;HARD;1;USERS OK - 0 users currently logged in
[1576607400] CURRENT SERVICE STATE: sigqscluster2;HDD_Home status;OK;HARD;1;DISK OK - free space: /home 208589 MB (99% inode=99%):
[1576607400] CURRENT SERVICE STATE: sigqscluster2;HDD_Root status;OK;HARD;1;DISK OK - free space: / 45520 MB (88% inode=99%):
[1576607400] CURRENT SERVICE STATE: sigqscluster2;LocalService-NTPD SERVICE;OK;HARD;1;PROCS OK: 1 process with command name 'ntpd'
[1576607400] CURRENT SERVICE STATE: sigqscluster2;Memory;OK;HARD;1;OK - 81.2% (40008456 kB) free.
[1576607400] CURRENT SERVICE STATE: sigqscluster2;Sensors Status;OK;HARD;1;SENSORS OK
[1576607400] CURRENT SERVICE STATE: sigqscluster2;Total Processes;OK;HARD;1;PROCS OK: 300 processes
[1576607400] CURRENT SERVICE STATE: sigqscluster2;sigqscluster2-rabbitmqerror;OK;HARD;1;Log check ok - 0 pattern matches found
[1576607400] CURRENT SERVICE STATE: smscapp1;CPU Load;OK;HARD;1;OK - load average: 2.72, 2.45, 2.47
[1576607400] CURRENT SERVICE STATE: smscapp1;CPU_Procs;OK;HARD;1;CPU OK: 644 processes
[1576607400] CURRENT SERVICE STATE: smscapp1;Current Users;OK;HARD;1;USERS OK - 3 users currently logged in
[1576607400] CURRENT SERVICE STATE: smscapp1;HDD_Home status;OK;HARD;1;DISK OK - free space: /home 101384 MB (45% inode=99%):
[1576607400] CURRENT SERVICE STATE: smscapp1;HDD_Root status;OK;HARD;1;DISK OK - free space: / 39091 MB (76% inode=98%):
[1576607400] CURRENT SERVICE STATE: smscapp1;LocalService-NTPD SERVICE;OK;HARD;1;PROCS OK: 1 process with command name 'ntpd'
[1576607400] CURRENT SERVICE STATE: smscapp1;Memory;OK;HARD;1;OK - 36.3% (17872888 kB) free.
[1576607400] CURRENT SERVICE STATE: smscapp1;Sensors Status;OK;HARD;1;SENSORS OK
[1576607400] CURRENT SERVICE STATE: smscapp1;Total Processes;OK;HARD;1;PROCS OK: 643 processes
[1576607400] CURRENT SERVICE STATE: smscapp2;CPU Load;OK;HARD;1;OK - load average: 2.90, 3.17, 3.49
[1576607400] CURRENT SERVICE STATE: smscapp2;CPU_Procs;OK;HARD;1;CPU OK: 2123 processes
[1576607400] CURRENT SERVICE STATE: smscapp2;Current Users;OK;HARD;1;USERS OK - 0 users currently logged in
[1576607400] CURRENT SERVICE STATE: smscapp2;HDD_Home status;OK;HARD;1;DISK OK - free space: /home 172289 MB (76% inode=99%):
[1576607400] CURRENT SERVICE STATE: smscapp2;HDD_Root status;OK;HARD;1;DISK OK - free space: / 38759 MB (75% inode=98%):
[1576607400] CURRENT SERVICE STATE: smscapp2;LocalService-NTPD SERVICE;OK;HARD;1;PROCS OK: 1 process with command name 'ntpd'
[1576607400] CURRENT SERVICE STATE: smscapp2;Memory;OK;HARD;1;OK - 48.9% (24108088 kB) free.
[1576607400] CURRENT SERVICE STATE: smscapp2;Sensors Status;OK;HARD;1;SENSORS OK
[1576607400] CURRENT SERVICE STATE: smscapp2;Total Processes;OK;HARD;1;PROCS OK: 2124 processes
[1576607400] CURRENT SERVICE STATE: sservercluster1;CPU Load;OK;HARD;1;OK - load average: 0.64, 1.89, 7.10
[1576607400] CURRENT SERVICE STATE: sservercluster1;CPU_Procs;OK;HARD;1;CPU OK: 316 processes
[1576607400] CURRENT SERVICE STATE: sservercluster1;Current Users;OK;HARD;1;USERS OK - 2 users currently logged in
[1576607400] CURRENT SERVICE STATE: sservercluster1;HDD_Home status;OK;HARD;1;DISK OK - free space: /home 118575 MB (53% inode=99%):
[1576607400] CURRENT SERVICE STATE: sservercluster1;HDD_Root status;OK;HARD;1;DISK OK - free space: / 40529 MB (79% inode=99%):
[1576607400] CURRENT SERVICE STATE: sservercluster1;LocalService-NTPD SERVICE;OK;HARD;1;PROCS OK: 1 process with command name 'ntpd'
[1576607400] CURRENT SERVICE STATE: sservercluster1;Memory;CRITICAL;HARD;3;CRITICAL - 4.6% (1120840 kB) free!
[1576607400] CURRENT SERVICE STATE: sservercluster1;Sensors Status;OK;HARD;1;SENSORS OK
[1576607400] CURRENT SERVICE STATE: sservercluster1;Total Processes;OK;HARD;1;PROCS OK: 316 processes
[1576607400] CURRENT SERVICE STATE: sservercluster2;CPU Load;OK;HARD;1;OK - load average: 0.47, 0.57, 1.22
[1576607400] CURRENT SERVICE STATE: sservercluster2;CPU_Procs;OK;HARD;1;CPU OK: 347 processes
[1576607400] CURRENT SERVICE STATE: sservercluster2;Current Users;WARNING;HARD;3;USERS WARNING - 6 users currently logged in
[1576607400] CURRENT SERVICE STATE: sservercluster2;HDD_Home status;OK;HARD;1;DISK OK - free space: /home 172086 MB (77% inode=99%):
[1576607400] CURRENT SERVICE STATE: sservercluster2;HDD_Root status;OK;HARD;1;DISK OK - free space: / 33250 MB (64% inode=98%):
[1576607400] CURRENT SERVICE STATE: sservercluster2;LocalService-NTPD SERVICE;OK;HARD;1;PROCS OK: 1 process with command name 'ntpd'
[1576607400] CURRENT SERVICE STATE: sservercluster2;Memory;OK;HARD;1;OK - 55.9% (13698276 kB) free.
[1576607400] CURRENT SERVICE STATE: sservercluster2;Sensors Status;OK;HARD;1;SENSORS OK
[1576607400] CURRENT SERVICE STATE: sservercluster2;Total Processes;OK;HARD;1;PROCS OK: 347 processes
[1576607400] CURRENT SERVICE STATE: webserver1;CPU Load;OK;HARD;1;OK - load average: 0.07, 0.43, 0.49
[1576607400] CURRENT SERVICE STATE: webserver1;CPU_Procs;OK;HARD;1;CPU OK: 363 processes
[1576607400] CURRENT SERVICE STATE: webserver1;Current Users;OK;HARD;1;USERS OK - 1 users currently logged in
[1576607400] CURRENT SERVICE STATE: webserver1;HDD_Home status;OK;HARD;1;DISK OK - free space: /home 224832 MB (99% inode=99%):
[1576607400] CURRENT SERVICE STATE: webserver1;HDD_Root status;OK;HARD;1;DISK OK - free space: / 40208 MB (78% inode=99%):
[1576607400] CURRENT SERVICE STATE: webserver1;LocalService-NTPD SERVICE;OK;HARD;1;PROCS OK: 1 process with command name 'ntpd'
[1576607400] CURRENT SERVICE STATE: webserver1;Memory;OK;HARD;1;OK - 84.6% (20704724 kB) free.
[1576607400] CURRENT SERVICE STATE: webserver1;Nginx_status;OK;HARD;1;NGINX OK -  0.090 sec. response time, Active: 1 (Writing: 1 Reading: 0 Waiting: 0) ReqPerSec: 0.003 ConnPerSec: 0.010 ReqPerConn: 0.973
[1576607400] CURRENT SERVICE STATE: webserver1;Sensors Status;OK;HARD;1;SENSORS OK
[1576607400] CURRENT SERVICE STATE: webserver1;Total Processes;OK;HARD;1;PROCS OK: 361 processes
[1576607400] CURRENT SERVICE STATE: webserver2;CPU_Procs;OK;HARD;1;CPU OK: 494 processes
[1576607400] CURRENT SERVICE STATE: webserver2;Current Load;OK;HARD;1;OK - load average: 0.07, 0.05, 0.05
[1576607400] CURRENT SERVICE STATE: webserver2;Current Users;OK;HARD;1;USERS OK - 35 users currently logged in
[1576607400] CURRENT SERVICE STATE: webserver2;HDD_Home status;OK;HARD;1;DISK OK - free space: /home 96958 MB (43.14% inode=100%):
[1576607400] CURRENT SERVICE STATE: webserver2;HTTP;OK;HARD;1;HTTP OK: HTTP/1.1 200 OK - 355 bytes in 0.001 second response time
[1576607400] CURRENT SERVICE STATE: webserver2;LocalService-NTPD SERVICE;OK;HARD;1;PROCS OK: 1 process with command name 'ntpd'
[1576607400] CURRENT SERVICE STATE: webserver2;Memory;OK;HARD;1;OK - 43.3% (10616780 kB) free.
[1576607400] CURRENT SERVICE STATE: webserver2;PING;OK;HARD;1;PING OK - Packet loss = 0%, RTA = 0.06 ms
[1576607400] CURRENT SERVICE STATE: webserver2;Root Partition;OK;HARD;1;DISK OK - free space: / 13404 MB (26.19% inode=99%):
[1576607400] CURRENT SERVICE STATE: webserver2;SSH;OK;HARD;1;SSH OK - OpenSSH_7.4 (protocol 2.0)
[1576607400] CURRENT SERVICE STATE: webserver2;Sensors Status;OK;HARD;1;SENSORS OK
[1576607400] CURRENT SERVICE STATE: webserver2;Total Processes;OK;HARD;1;PROCS OK: 162 processes with STATE = RSZDT
[1576607400] CURRENT SERVICE STATE: webservercluster1;CPU Load;OK;HARD;1;OK - load average: 0.13, 0.06, 0.06
[1576607400] CURRENT SERVICE STATE: webservercluster1;CPU_Procs;OK;HARD;1;CPU OK: 791 processes
[1576607400] CURRENT SERVICE STATE: webservercluster1;Current Users;OK;HARD;1;USERS OK - 2 users currently logged in
[1576607400] CURRENT SERVICE STATE: webservercluster1;HDD_Home status;OK;HARD;1;DISK OK - free space: / 20423 MB (39% inode=99%):
[1576607400] CURRENT SERVICE STATE: webservercluster1;HDD_Root status;OK;HARD;1;DISK OK - free space: /home 71263 MB (31% inode=99%):
[1576607400] CURRENT SERVICE STATE: webservercluster1;LocalService-NTPD SERVICE;OK;HARD;1;PROCS OK: 1 process with command name 'ntpd'
[1576607400] CURRENT SERVICE STATE: webservercluster1;Memory;OK;HARD;1;OK - 66.1% (10743836 kB) free.
[1576607400] CURRENT SERVICE STATE: webservercluster1;Sensors Status;OK;HARD;1;SENSORS OK
[1576607400] CURRENT SERVICE STATE: webservercluster1;Total Processes;CRITICAL;HARD;3;PROCS CRITICAL: 800 processes
[1576607400] CURRENT SERVICE STATE: webservercluster2;CPU Load;OK;HARD;1;OK - load average: 1.80, 1.96, 1.93
[1576607400] CURRENT SERVICE STATE: webservercluster2;CPU_Procs;WARNING;HARD;3;CPU WARNING: 1 warn out of 299 processes
[1576607400] CURRENT SERVICE STATE: webservercluster2;Current Users;OK;HARD;1;USERS OK - 2 users currently logged in
[1576607400] CURRENT SERVICE STATE: webservercluster2;HDD_Home status;OK;HARD;1;DISK OK - free space: /home 223556 MB (99% inode=99%):
[1576607400] CURRENT SERVICE STATE: webservercluster2;HDD_Root status;OK;HARD;1;DISK OK - free space: / 40180 MB (78% inode=99%):
[1576607400] CURRENT SERVICE STATE: webservercluster2;LocalService-NTPD SERVICE;OK;HARD;1;PROCS OK: 1 process with command name 'ntpd'
[1576607400] CURRENT SERVICE STATE: webservercluster2;Memory;OK;HARD;1;OK - 52.7% (8571508 kB) free.
[1576607400] CURRENT SERVICE STATE: webservercluster2;Sensors Status;OK;HARD;1;SENSORS OK
[1576607400] CURRENT SERVICE STATE: webservercluster2;Total Processes;OK;HARD;1;PROCS OK: 299 processes
[1576607766] SERVICE ALERT: sservercluster2;Memory;WARNING;SOFT;1;WARNING - 18.7% (4584792 kB) free!
[1576607887] SERVICE ALERT: sservercluster2;Memory;CRITICAL;SOFT;2;CRITICAL - 0.8% (187556 kB) free!
[1576607984] SERVICE ALERT: pservercluster2;CPU_Procs;CRITICAL;SOFT;1;CHECK_NRPE: Socket timeout after 10 seconds.
[1576608007] SERVICE NOTIFICATION: nagiosadmin;sservercluster2;Memory;CRITICAL;notify-service-by-email;CRITICAL - 0.8% (185980 kB) free!
[1576608007] SERVICE ALERT: sservercluster2;Memory;CRITICAL;HARD;3;CRITICAL - 0.8% (185980 kB) free!
[1576608028] SERVICE NOTIFICATION: nagiosadmin;sservercluster1;Memory;CRITICAL;notify-service-by-email;CRITICAL - 0.8% (192296 kB) free!
[1576608105] SERVICE ALERT: pservercluster2;CPU_Procs;OK;HARD;1;CPU OK: 363 processes
[1576608176] SERVICE ALERT: pservercluster2;Memory;CRITICAL;SOFT;1;CRITICAL - 0.8% (200012 kB) free!
[1576608296] SERVICE ALERT: pservercluster2;Memory;CRITICAL;SOFT;2;CRITICAL - 0.8% (200156 kB) free!
[1576608360] SERVICE ALERT: pservercluster1;Memory;CRITICAL;SOFT;1;CRITICAL - 0.7% (174364 kB) free!
[1576608416] SERVICE NOTIFICATION: nagiosadmin;pservercluster2;Memory;CRITICAL;notify-service-by-email;CRITICAL - 0.8% (188232 kB) free!
[1576608416] SERVICE ALERT: pservercluster2;Memory;CRITICAL;HARD;3;CRITICAL - 0.8% (188232 kB) free!
[1576608480] SERVICE ALERT: pservercluster1;Memory;CRITICAL;SOFT;2;CRITICAL - 0.8% (192188 kB) free!
[1576608600] SERVICE ALERT: pservercluster1;Memory;CRITICAL;HARD;3;CRITICAL - 0.7% (166764 kB) free!
[1576609094] Auto-save of retention data completed successfully.
[1576609196] SERVICE NOTIFICATION: nagiosadmin;webservercluster2;CPU_Procs;WARNING;notify-service-by-email;CPU WARNING: 1 warn out of 300 processes
[1576609460] SERVICE NOTIFICATION: nagiosadmin;sservercluster2;Current Users;WARNING;notify-service-by-email;USERS WARNING - 6 users currently logged in
[1576610049] SERVICE NOTIFICATION: nagiosadmin;webservercluster1;Total Processes;CRITICAL;notify-service-by-email;PROCS CRITICAL: 814 processes
[1576610588] SERVICE FLAPPING ALERT: sigqscluster1;Memory;STOPPED; Service appears to have stopped flapping (3.8% change < 5.0% threshold)
[1576610588] SERVICE NOTIFICATION: nagiosadmin;sigqscluster1;Memory;CRITICAL;notify-service-by-email;CRITICAL - 0.4% (213360 kB) free!
[1576611000] SERVICE ALERT: pservercluster1;Memory;OK;HARD;1;OK - 46.3% (11428532 kB) free.
[1576611600] SERVICE ALERT: pservercluster1;Memory;CRITICAL;SOFT;1;CRITICAL - 0.7% (172492 kB) free!
[1576611607] SERVICE NOTIFICATION: nagiosadmin;sservercluster2;Memory;CRITICAL;notify-service-by-email;CRITICAL - 1.0% (233032 kB) free!
[1576611629] SERVICE NOTIFICATION: nagiosadmin;sservercluster1;Memory;CRITICAL;notify-service-by-email;CRITICAL - 0.7% (172728 kB) free!
[1576611720] SERVICE ALERT: pservercluster1;Memory;CRITICAL;SOFT;2;CRITICAL - 0.8% (191596 kB) free!
[1576611840] SERVICE ALERT: pservercluster1;Memory;CRITICAL;HARD;3;CRITICAL - 0.7% (170316 kB) free!
[1576612016] SERVICE NOTIFICATION: nagiosadmin;pservercluster2;Memory;CRITICAL;notify-service-by-email;CRITICAL - 0.7% (175684 kB) free!
[1576612342] SERVICE ALERT: primary-server;Nginx Error Log Status;CRITICAL;SOFT;1;(16) < 2019/12/18 01:14:57 [error] 20756#0: *17862519 recv() failed (104: Connection reset by peer) while proxying connection, client: 103.209.99.7, server: 0.0.0.0:13000, upstream: "10.147.212.142:13000", bytes from/to client:43/0, bytes from/to upstream:0/43
[1576612463] SERVICE ALERT: primary-server;Nginx Error Log Status;OK;HARD;1;Log check ok - 0 pattern matches found
[1576612694] Auto-save of retention data completed successfully.
[1576612796] SERVICE NOTIFICATION: nagiosadmin;webservercluster2;CPU_Procs;WARNING;notify-service-by-email;CPU WARNING: 1 warn out of 298 processes
[1576613049] SERVICE NOTIFICATION: nagiosadmin;webservercluster1;Total Processes;WARNING;notify-service-by-email;PROCS WARNING: 554 processes
[1576613049] SERVICE ALERT: webservercluster1;Total Processes;WARNING;HARD;3;PROCS WARNING: 554 processes
[1576613060] SERVICE NOTIFICATION: nagiosadmin;sservercluster2;Current Users;WARNING;notify-service-by-email;USERS WARNING - 6 users currently logged in
[1576613649] SERVICE NOTIFICATION: nagiosadmin;webservercluster1;Total Processes;OK;notify-service-by-email;PROCS OK: 492 processes
[1576613649] SERVICE ALERT: webservercluster1;Total Processes;OK;HARD;1;PROCS OK: 492 processes
[1576614787] SERVICE NOTIFICATION: nagiosadmin;sigqscluster1;Memory;CRITICAL;notify-service-by-email;CRITICAL - 0.4% (220560 kB) free!
[1576615207] SERVICE NOTIFICATION: nagiosadmin;sservercluster2;Memory;CRITICAL;notify-service-by-email;CRITICAL - 1.0% (234072 kB) free!
[1576615229] SERVICE NOTIFICATION: nagiosadmin;sservercluster1;Memory;CRITICAL;notify-service-by-email;CRITICAL - 0.8% (201048 kB) free!
[1576615616] SERVICE NOTIFICATION: nagiosadmin;pservercluster2;Memory;CRITICAL;notify-service-by-email;CRITICAL - 0.7% (177520 kB) free!
[1576616147] SERVICE ALERT: smscapp1;Memory;CRITICAL;SOFT;1;CRITICAL - 0.5% (238492 kB) free!
[1576616267] SERVICE ALERT: smscapp1;Memory;CRITICAL;SOFT;2;CRITICAL - 0.5% (231076 kB) free!
[1576616294] Auto-save of retention data completed successfully.
[1576616387] SERVICE NOTIFICATION: nagiosadmin;smscapp1;Memory;CRITICAL;notify-service-by-email;CRITICAL - 0.5% (244372 kB) free!
[1576616387] SERVICE ALERT: smscapp1;Memory;CRITICAL;HARD;3;CRITICAL - 0.5% (244372 kB) free!
[1576616396] SERVICE NOTIFICATION: nagiosadmin;webservercluster2;CPU_Procs;WARNING;notify-service-by-email;CPU WARNING: 1 warn out of 298 processes
[1576616660] SERVICE NOTIFICATION: nagiosadmin;sservercluster2;Current Users;WARNING;notify-service-by-email;USERS WARNING - 6 users currently logged in
[1576616987] SERVICE NOTIFICATION: nagiosadmin;smscapp1;Memory;OK;notify-service-by-email;OK - 87.4% (43067704 kB) free.
[1576616987] SERVICE ALERT: smscapp1;Memory;OK;HARD;1;OK - 87.4% (43067704 kB) free.
[1576617840] SERVICE ALERT: pservercluster1;Memory;OK;HARD;1;OK - 41.7% (10279708 kB) free.
[1576618388] SERVICE NOTIFICATION: nagiosadmin;sigqscluster1;Memory;CRITICAL;notify-service-by-email;CRITICAL - 0.5% (230972 kB) free!
[1576618462] SERVICE ALERT: primary-server;Nginx Error Log Status;CRITICAL;SOFT;1;(108) < 2019/12/18 03:02:24 [error] 20756#0: *17879163 recv() failed (104: Connection reset by peer) while proxying connection, client: 169.38.76.212, server: 0.0.0.0:13000, upstream: "10.147.212.155:13000", bytes from/to client:43/0, bytes from/to upstream:0/43
[1576618467] SERVICE ALERT: secondary-server;Nginx Error Log Status;CRITICAL;SOFT;1;(1) < 2019/12/18 03:01:16 [error] 28866#0: *22643062 access forbidden by rule while initializing session, client: 103.255.146.164, server: 0.0.0.0:14001
[1576618582] SERVICE ALERT: primary-server;Nginx Error Log Status;OK;HARD;1;Log check ok - 0 pattern matches found
[1576618587] SERVICE ALERT: secondary-server;Nginx Error Log Status;CRITICAL;SOFT;2;(1) < 2019/12/18 03:06:25 [error] 28861#0: *22644266 access forbidden by rule while initializing session, client: 103.255.146.164, server: 0.0.0.0:14001
[1576618707] SERVICE ALERT: secondary-server;Nginx Error Log Status;OK;HARD;1;Log check ok - 0 pattern matches found
[1576618807] SERVICE NOTIFICATION: nagiosadmin;sservercluster2;Memory;CRITICAL;notify-service-by-email;CRITICAL - 3.1% (763588 kB) free!
[1576618829] SERVICE NOTIFICATION: nagiosadmin;sservercluster1;Memory;CRITICAL;notify-service-by-email;CRITICAL - 3.2% (789672 kB) free!
[1576619216] SERVICE NOTIFICATION: nagiosadmin;pservercluster2;Memory;CRITICAL;notify-service-by-email;CRITICAL - 3.2% (789440 kB) free!
[1576619894] Auto-save of retention data completed successfully.
[1576619996] SERVICE NOTIFICATION: nagiosadmin;webservercluster2;CPU_Procs;WARNING;notify-service-by-email;CPU WARNING: 1 warn out of 302 processes
[1576620260] SERVICE NOTIFICATION: nagiosadmin;sservercluster2;Current Users;WARNING;notify-service-by-email;USERS WARNING - 6 users currently logged in
[1576622407] SERVICE NOTIFICATION: nagiosadmin;sservercluster2;Memory;CRITICAL;notify-service-by-email;CRITICAL - 2.2% (544452 kB) free!
[1576622429] SERVICE NOTIFICATION: nagiosadmin;sservercluster1;Memory;CRITICAL;notify-service-by-email;CRITICAL - 2.3% (554512 kB) free!
[1576622587] SERVICE NOTIFICATION: nagiosadmin;sigqscluster1;Memory;CRITICAL;notify-service-by-email;CRITICAL - 0.5% (235208 kB) free!
[1576622816] SERVICE NOTIFICATION: nagiosadmin;pservercluster2;Memory;CRITICAL;notify-service-by-email;CRITICAL - 1.7% (427628 kB) free!
[1576623494] Auto-save of retention data completed successfully.
[1576623596] SERVICE NOTIFICATION: nagiosadmin;webservercluster2;CPU_Procs;WARNING;notify-service-by-email;CPU WARNING: 1 warn out of 299 processes
[1576623840] SERVICE FLAPPING ALERT: pservercluster1;Memory;STOPPED; Service appears to have stopped flapping (4.9% change < 5.0% threshold)
[1576623840] SERVICE NOTIFICATION: nagiosadmin;pservercluster1;Memory;OK;notify-service-by-email;OK - 38.6% (9536348 kB) free.
[1576623861] SERVICE NOTIFICATION: nagiosadmin;sservercluster2;Current Users;WARNING;notify-service-by-email;USERS WARNING - 6 users currently logged in
[1576624371] SERVICE ALERT: redis-1;CPU_Procs;WARNING;SOFT;1;CPU WARNING: 1 warn out of 400 processes
[1576624491] SERVICE ALERT: redis-1;CPU_Procs;OK;HARD;1;CPU OK: 399 processes
[1576624582] SERVICE ALERT: primary-server;Nginx Error Log Status;CRITICAL;SOFT;1;(21) < 2019/12/18 04:41:24 [error] 20756#0: *17895202 recv() failed (104: Connection reset by peer) while proxying connection, client: 94.237.68.73, server: 0.0.0.0:13000, upstream: "10.147.212.142:13000", bytes from/to client:39/0, bytes from/to upstream:0/39
[1576624703] SERVICE ALERT: primary-server;Nginx Error Log Status;OK;HARD;1;Log check ok - 0 pattern matches found
[1576625091] SERVICE ALERT: redis-1;CPU_Procs;WARNING;SOFT;1;CPU WARNING: 1 warn out of 402 processes
[1576625211] SERVICE ALERT: redis-1;CPU_Procs;OK;HARD;1;CPU OK: 399 processes
[1576626007] SERVICE NOTIFICATION: nagiosadmin;sservercluster2;Memory;CRITICAL;notify-service-by-email;CRITICAL - 1.8% (432884 kB) free!
[1576626029] SERVICE NOTIFICATION: nagiosadmin;sservercluster1;Memory;CRITICAL;notify-service-by-email;CRITICAL - 2.0% (478980 kB) free!
[1576626187] SERVICE NOTIFICATION: nagiosadmin;sigqscluster1;Memory;CRITICAL;notify-service-by-email;CRITICAL - 0.5% (237156 kB) free!
[1576626416] SERVICE NOTIFICATION: nagiosadmin;pservercluster2;Memory;CRITICAL;notify-service-by-email;CRITICAL - 0.9% (229724 kB) free!
[1576626992] SERVICE ALERT: primary-server;Nginx Access Log Status;CRITICAL;SOFT;1;(44) < 103.209.99.7 [18/Dec/2019:05:20:14 +0530] TCP 502 0 0 0.000 "backend_13000" "0" "0" "0.000"
[1576627011] SERVICE ALERT: redis-1;CPU_Procs;WARNING;SOFT;1;CPU WARNING: 1 warn out of 401 processes
[1576627094] Auto-save of retention data completed successfully.
[1576627102] SERVICE ALERT: primary-server;Nginx Error Log Status;CRITICAL;SOFT;1;(60) < 2019/12/18 05:20:14 [error] 20758#0: *17901512 no live upstreams while connecting to upstream, client: 103.209.99.7, server: 0.0.0.0:13000, upstream: "backend_13000", bytes from/to client:0/0, bytes from/to upstream:0/0
[1576627112] SERVICE ALERT: primary-server;Nginx Access Log Status;OK;HARD;1;Log check ok - 0 pattern matches found
[1576627131] SERVICE ALERT: redis-1;CPU_Procs;OK;HARD;1;CPU OK: 401 processes
[1576627196] SERVICE NOTIFICATION: nagiosadmin;webservercluster2;CPU_Procs;WARNING;notify-service-by-email;CPU WARNING: 1 warn out of 303 processes
[1576627222] SERVICE ALERT: primary-server;Nginx Error Log Status;CRITICAL;SOFT;2;(77) < 2019/12/18 05:29:00 [error] 20758#0: *17903108 no live upstreams while connecting to upstream, client: 185.255.8.58, server: 0.0.0.0:13001, upstream: "backend_13001", bytes from/to client:0/0, bytes from/to upstream:0/0
[1576627342] SERVICE ALERT: primary-server;Nginx Error Log Status;OK;HARD;1;Log check ok - 0 pattern matches found
[1576627461] SERVICE NOTIFICATION: nagiosadmin;sservercluster2;Current Users;WARNING;notify-service-by-email;USERS WARNING - 7 users currently logged in
[1576627707] SERVICE ALERT: secondary-server;Nginx Error Log Status;CRITICAL;SOFT;1;(28) < 2019/12/18 05:32:34 [error] 28872#0: *22682020 recv() failed (104: Connection reset by peer) while proxying connection, client: 49.50.86.152, server: 0.0.0.0:4000, upstream: "10.147.212.61:4000", bytes from/to client:42/0, bytes from/to upstream:0/42
[1576627712] SERVICE ALERT: primary-server;Nginx Access Log Status;CRITICAL;SOFT;1;(78) < 203.212.70.170 [18/Dec/2019:05:37:18 +0530] TCP 502 0 0 0.000 "backend_3001" "0" "0" "0.000"
[1576627771] SERVICE ALERT: secondary-server;Nginx Access Log Status;CRITICAL;SOFT;1;(16) < 49.50.86.152 [18/Dec/2019:05:32:21 +0530] TCP 502 0 0 0.000 "backend3" "0" "0" "0.000"
[1576627828] SERVICE ALERT: secondary-server;Nginx Error Log Status;OK;HARD;1;Log check ok - 0 pattern matches found
[1576627832] SERVICE ALERT: primary-server;Nginx Access Log Status;OK;HARD;1;Log check ok - 0 pattern matches found
[1576627891] SERVICE ALERT: secondary-server;Nginx Access Log Status;OK;HARD;1;Log check ok - 0 pattern matches found
[1576627942] SERVICE ALERT: primary-server;Nginx Error Log Status;CRITICAL;SOFT;1;(127) < 2019/12/18 05:37:39 [error] 20755#0: *17905225 recv() failed (104: Connection reset by peer) while proxying connection, client: 49.50.64.122, server: 0.0.0.0:3001, upstream: "10.147.212.154:3001", bytes from/to client:1611/0, bytes from/to upstream:0/1611
[1576628063] SERVICE ALERT: primary-server;Nginx Error Log Status;OK;HARD;1;Log check ok - 0 pattern matches found
[1576629240] SERVICE ALERT: pservercluster1;Memory;CRITICAL;SOFT;1;CRITICAL - 0.7% (181616 kB) free!
[1576629262] SERVICE ALERT: primary-server;Nginx Error Log Status;CRITICAL;SOFT;1;(1264) < 2019/12/18 06:01:03 [error] 20759#0: *17910580 no live upstreams while connecting to upstream, client: 103.255.146.164, server: 0.0.0.0:3000, upstream: "backend_3000", bytes from/to client:0/0, bytes from/to upstream:0/0
[1576629360] SERVICE ALERT: pservercluster1;Memory;CRITICAL;SOFT;2;CRITICAL - 0.7% (178036 kB) free!
[1576629382] SERVICE ALERT: primary-server;Nginx Error Log Status;OK;HARD;1;Log check ok - 0 pattern matches found
[1576629480] SERVICE NOTIFICATION: nagiosadmin;pservercluster1;Memory;CRITICAL;notify-service-by-email;CRITICAL - 0.8% (197092 kB) free!
[1576629480] SERVICE ALERT: pservercluster1;Memory;CRITICAL;HARD;3;CRITICAL - 0.8% (197092 kB) free!
[1576629607] SERVICE NOTIFICATION: nagiosadmin;sservercluster2;Memory;CRITICAL;notify-service-by-email;CRITICAL - 0.9% (212832 kB) free!
[1576629629] SERVICE NOTIFICATION: nagiosadmin;sservercluster1;Memory;CRITICAL;notify-service-by-email;CRITICAL - 0.7% (179508 kB) free!
[1576629632] SERVICE ALERT: primary-server;Nginx Access Log Status;CRITICAL;SOFT;1;(1197) < 103.255.146.164 [18/Dec/2019:06:01:03 +0530] TCP 502 0 0 0.000 "backend_3000" "0" "0" "0.000"
[1576629727] EXTERNAL COMMAND: SCHEDULE_FORCED_SVC_CHECK;pservercluster1;Memory;1576629726
[1576629727] SERVICE NOTIFICATION: nagiosadmin;pservercluster1;Memory;OK;notify-service-by-email;OK - 79.3% (19558252 kB) free.
[1576629727] SERVICE ALERT: pservercluster1;Memory;OK;HARD;1;OK - 79.3% (19558252 kB) free.
[1576629730] EXTERNAL COMMAND: SCHEDULE_FORCED_SVC_CHECK;pservercluster1;Memory;1576629729
[1576629734] EXTERNAL COMMAND: SCHEDULE_FORCED_SVC_CHECK;pservercluster1;Memory;1576629733
[1576629752] SERVICE ALERT: primary-server;Nginx Access Log Status;OK;HARD;1;Log check ok - 0 pattern matches found
[1576629762] EXTERNAL COMMAND: SCHEDULE_FORCED_SVC_CHECK;pservercluster2;Memory;1576629761
[1576629763] SERVICE NOTIFICATION: nagiosadmin;pservercluster2;Memory;OK;notify-service-by-email;OK - 91.7% (22477156 kB) free.
[1576629763] SERVICE ALERT: pservercluster2;Memory;OK;HARD;1;OK - 91.7% (22477156 kB) free.
[1576629766] EXTERNAL COMMAND: SCHEDULE_FORCED_SVC_CHECK;pservercluster2;Memory;1576629765
[1576629787] SERVICE NOTIFICATION: nagiosadmin;sigqscluster1;Memory;OK;notify-service-by-email;OK - 22.3% (10981572 kB) free.
[1576629787] SERVICE ALERT: sigqscluster1;Memory;OK;HARD;1;OK - 22.3% (10981572 kB) free.
[1576629796] EXTERNAL COMMAND: SCHEDULE_FORCED_SVC_CHECK;sigqscluster1;Memory;1576629795
[1576629827] EXTERNAL COMMAND: SCHEDULE_FORCED_SVC_CHECK;sservercluster1;Memory;1576629826
[1576629828] SERVICE NOTIFICATION: nagiosadmin;sservercluster1;Memory;OK;notify-service-by-email;OK - 94.3% (23116424 kB) free.
[1576629828] SERVICE ALERT: sservercluster1;Memory;OK;HARD;1;OK - 94.3% (23116424 kB) free.
[1576629831] EXTERNAL COMMAND: SCHEDULE_FORCED_SVC_CHECK;sservercluster1;Memory;1576629830
[1576629835] EXTERNAL COMMAND: SCHEDULE_FORCED_SVC_CHECK;sservercluster1;Memory;1576629834
[1576629871] EXTERNAL COMMAND: SCHEDULE_FORCED_SVC_CHECK;sservercluster2;Memory;1576629870
[1576629871] SERVICE NOTIFICATION: nagiosadmin;sservercluster2;Memory;OK;notify-service-by-email;OK - 95.7% (23456692 kB) free.
[1576629871] SERVICE ALERT: sservercluster2;Memory;OK;HARD;1;OK - 95.7% (23456692 kB) free.
[1576629874] EXTERNAL COMMAND: SCHEDULE_FORCED_SVC_CHECK;sservercluster2;Memory;1576629873
[1576629877] EXTERNAL COMMAND: SCHEDULE_FORCED_SVC_CHECK;sservercluster2;Memory;1576629876
[1576630335] SERVICE ALERT: pservercluster1;Memory;CRITICAL;SOFT;1;CRITICAL - 0.8% (201952 kB) free!
[1576630455] SERVICE ALERT: pservercluster1;Memory;CRITICAL;SOFT;2;CRITICAL - 0.8% (193600 kB) free!
[1576630575] SERVICE NOTIFICATION: nagiosadmin;pservercluster1;Memory;CRITICAL;notify-service-by-email;CRITICAL - 0.7% (182224 kB) free!
[1576630575] SERVICE ALERT: pservercluster1;Memory;CRITICAL;HARD;3;CRITICAL - 0.7% (182224 kB) free!
[1576630694] Auto-save of retention data completed successfully.
[1576630796] SERVICE NOTIFICATION: nagiosadmin;webservercluster2;CPU_Procs;WARNING;notify-service-by-email;CPU WARNING: 1 warn out of 302 processes
[1576631061] SERVICE NOTIFICATION: nagiosadmin;sservercluster2;Current Users;WARNING;notify-service-by-email;USERS WARNING - 7 users currently logged in
[1576633037] EXTERNAL COMMAND: SCHEDULE_FORCED_SVC_CHECK;pservercluster1;Memory;1576633036
[1576633038] SERVICE FLAPPING ALERT: pservercluster1;Memory;STARTED; Service appears to have started flapping (22.1% change >= 20.0% threshold)
[1576633038] SERVICE ALERT: pservercluster1;Memory;OK;HARD;1;OK - 93.0% (22937508 kB) free.
[1576633040] EXTERNAL COMMAND: SCHEDULE_FORCED_SVC_CHECK;pservercluster1;Memory;1576633039
[1576633044] EXTERNAL COMMAND: SCHEDULE_FORCED_SVC_CHECK;pservercluster1;Memory;1576633042
[1576633047] EXTERNAL COMMAND: SCHEDULE_FORCED_SVC_CHECK;pservercluster1;Memory;1576633047
[1576634294] Auto-save of retention data completed successfully.
[1576634331] SERVICE ALERT: redis-1;CPU_Procs;WARNING;SOFT;1;CPU WARNING: 1 warn out of 402 processes
[1576634396] SERVICE NOTIFICATION: nagiosadmin;webservercluster2;CPU_Procs;WARNING;notify-service-by-email;CPU WARNING: 1 warn out of 304 processes
[1576634451] SERVICE ALERT: redis-1;CPU_Procs;OK;HARD;1;CPU OK: 403 processes
[1576634662] SERVICE NOTIFICATION: nagiosadmin;sservercluster2;Current Users;WARNING;notify-service-by-email;USERS WARNING - 6 users currently logged in
[1576637894] Auto-save of retention data completed successfully.
[1576637996] SERVICE NOTIFICATION: nagiosadmin;webservercluster2;CPU_Procs;WARNING;notify-service-by-email;CPU WARNING: 1 warn out of 300 processes
[1576638861] SERVICE NOTIFICATION: nagiosadmin;sservercluster2;Current Users;WARNING;notify-service-by-email;USERS WARNING - 6 users currently logged in
[1576640248] SERVICE FLAPPING ALERT: pservercluster1;Memory;STOPPED; Service appears to have stopped flapping (4.3% change < 5.0% threshold)
[1576641494] Auto-save of retention data completed successfully.
[1576641596] SERVICE NOTIFICATION: nagiosadmin;webservercluster2;CPU_Procs;WARNING;notify-service-by-email;CPU WARNING: 1 warn out of 301 processes
[1576641623] SERVICE ALERT: webservercluster1;CPU_Procs;WARNING;SOFT;1;CPU WARNING: 1 warn out of 337 processes
[1576641743] SERVICE ALERT: webservercluster1;CPU_Procs;OK;HARD;1;CPU OK: 336 processes
[1576642461] SERVICE NOTIFICATION: nagiosadmin;sservercluster2;Current Users;WARNING;notify-service-by-email;USERS WARNING - 6 users currently logged in
[1576642851] SERVICE ALERT: redis-1;CPU_Procs;WARNING;SOFT;1;CPU WARNING: 1 warn out of 401 processes
[1576642971] SERVICE ALERT: redis-1;CPU_Procs;OK;HARD;1;CPU OK: 400 processes
[1576644171] SERVICE ALERT: redis-1;CPU_Procs;WARNING;SOFT;1;CPU WARNING: 1 warn out of 402 processes
[1576644292] SERVICE ALERT: redis-1;CPU_Procs;OK;HARD;1;CPU OK: 402 processes
[1576645047] SERVICE ALERT: pservercluster1;Memory;WARNING;SOFT;1;WARNING - 19.5% (4810836 kB) free!
[1576645094] Auto-save of retention data completed successfully.
[1576645167] SERVICE ALERT: pservercluster1;Memory;WARNING;SOFT;2;WARNING - 19.0% (4689704 kB) free!
[1576645196] SERVICE NOTIFICATION: nagiosadmin;webservercluster2;CPU_Procs;WARNING;notify-service-by-email;CPU WARNING: 1 warn out of 301 processes
[1576645287] SERVICE NOTIFICATION: nagiosadmin;pservercluster1;Memory;WARNING;notify-service-by-email;WARNING - 15.4% (3806088 kB) free!
[1576645287] SERVICE ALERT: pservercluster1;Memory;WARNING;HARD;3;WARNING - 15.4% (3806088 kB) free!
[1576645583] SERVICE ALERT: primary-server;Nginx Error Log Status;CRITICAL;SOFT;1;(5) < 2019/12/18 10:27:22 [error] 20761#0: *17953590 connect() failed (111: Connection refused) while connecting to upstream, client: 103.255.146.164, server: 0.0.0.0:3000, upstream: "10.147.212.142:3000", bytes from/to client:0/0, bytes from/to upstream:0/0
[1576645703] SERVICE ALERT: primary-server;Nginx Error Log Status;OK;HARD;1;Log check ok - 0 pattern matches found
[1576646061] SERVICE NOTIFICATION: nagiosadmin;sservercluster2;Current Users;WARNING;notify-service-by-email;USERS WARNING - 6 users currently logged in
[1576646303] SERVICE ALERT: primary-server;Nginx Error Log Status;CRITICAL;SOFT;1;(35) < 2019/12/18 10:47:39 [error] 20757#0: *17956987 connect() failed (111: Connection refused) while connecting to upstream, client: 103.255.146.164, server: 0.0.0.0:3000, upstream: "10.147.212.155:3000", bytes from/to client:0/0, bytes from/to upstream:0/0
[1576646423] SERVICE ALERT: primary-server;Nginx Error Log Status;CRITICAL;SOFT;2;(8) < 2019/12/18 10:49:02 [error] 20755#0: *17957252 connect() failed (111: Connection refused) while connecting to upstream, client: 103.255.146.164, server: 0.0.0.0:3000, upstream: "10.147.212.142:3000", bytes from/to client:0/0, bytes from/to upstream:0/0
[1576646543] SERVICE ALERT: primary-server;Nginx Error Log Status;OK;HARD;1;Log check ok - 0 pattern matches found
[1576647143] SERVICE ALERT: primary-server;Nginx Error Log Status;CRITICAL;SOFT;1;(353) < 2019/12/18 11:02:02 [error] 20757#0: *17960374 connect() failed (111: Connection refused) while connecting to upstream, client: 103.255.146.164, server: 0.0.0.0:3000, upstream: "10.147.212.143:3000", bytes from/to client:0/0, bytes from/to upstream:0/0
[1576647152] SERVICE ALERT: primary-server;Nginx Access Log Status;CRITICAL;SOFT;1;(34) < 103.255.146.164 [18/Dec/2019:11:02:01 +0530] TCP 502 0 0 0.001 "10.147.212.143:3000, backend_3000" "0, 0" "0, 0" "0.001, 0.000"
[1576647263] SERVICE ALERT: primary-server;Nginx Error Log Status;CRITICAL;SOFT;2;(36) < 2019/12/18 11:03:41 [error] 20757#0: *17960735 connect() failed (111: Connection refused) while connecting to upstream, client: 103.255.146.164, server: 0.0.0.0:3000, upstream: "10.147.212.155:3000", bytes from/to client:0/0, bytes from/to upstream:0/0
[1576647272] SERVICE ALERT: primary-server;Nginx Access Log Status;CRITICAL;SOFT;2;(4) < 103.255.146.164 [18/Dec/2019:11:03:41 +0530] TCP 502 0 0 0.000 "backend_3000" "0" "0" "0.000"
[1576647384] SERVICE ALERT: primary-server;Nginx Error Log Status;OK;HARD;1;Log check ok - 0 pattern matches found
[1576647392] SERVICE ALERT: primary-server;Nginx Access Log Status;OK;HARD;1;Log check ok - 0 pattern matches found
[1576647687] SERVICE NOTIFICATION: nagiosadmin;pservercluster1;Memory;CRITICAL;notify-service-by-email;CRITICAL - 2.4% (599396 kB) free!
[1576647687] SERVICE ALERT: pservercluster1;Memory;CRITICAL;HARD;3;CRITICAL - 2.4% (599396 kB) free!
[1576647983] SERVICE ALERT: primary-server;Nginx Error Log Status;CRITICAL;SOFT;1;(382) < 2019/12/18 11:16:17 [error] 20758#0: *17963718 connect() failed (111: Connection refused) while connecting to upstream, client: 103.255.146.164, server: 0.0.0.0:3000, upstream: "10.147.212.154:3000", bytes from/to client:0/0, bytes from/to upstream:0/0
[1576647992] SERVICE ALERT: primary-server;Nginx Access Log Status;CRITICAL;SOFT;1;(73) < 103.255.146.164 [18/Dec/2019:11:15:59 +0530] TCP 502 0 0 0.000 "backend_3000" "0" "0" "0.000"
[1576648103] SERVICE ALERT: primary-server;Nginx Error Log Status;CRITICAL;SOFT;2;(96) < 2019/12/18 11:18:14 [error] 20760#0: *17964340 connect() failed (111: Connection refused) while connecting to upstream, client: 103.255.146.164, server: 0.0.0.0:3000, upstream: "10.147.212.154:3000", bytes from/to client:0/0, bytes from/to upstream:0/0
[1576648112] SERVICE ALERT: primary-server;Nginx Access Log Status;CRITICAL;SOFT;2;(2) < 103.255.146.164 [18/Dec/2019:11:16:40 +0530] TCP 502 0 0 0.000 "backend_3000" "0" "0" "0.000"
[1576648223] SERVICE NOTIFICATION: nagiosadmin;primary-server;Nginx Error Log Status;CRITICAL;notify-service-by-email;(1321) < 2019/12/18 11:19:35 [error] 20760#0: *17965905 recv() failed (104: Connection reset by peer) while proxying connection, client: 103.255.146.164, server: 0.0.0.0:3000, upstream: "10.147.212.155:3000", bytes from/to client:193631/53, bytes from/to upstream:53/193631
[1576648223] SERVICE ALERT: primary-server;Nginx Error Log Status;CRITICAL;HARD;3;(1321) < 2019/12/18 11:19:35 [error] 20760#0: *17965905 recv() failed (104: Connection reset by peer) while proxying connection, client: 103.255.146.164, server: 0.0.0.0:3000, upstream: "10.147.212.155:3000", bytes from/to client:193631/53, bytes from/to upstream:53/193631
[1576648233] SERVICE NOTIFICATION: nagiosadmin;primary-server;Nginx Access Log Status;CRITICAL;notify-service-by-email;(1249) < 103.255.146.164 [18/Dec/2019:11:19:25 +0530] TCP 502 0 0 0.000 "backend_3000" "0" "0" "0.000"
[1576648233] SERVICE ALERT: primary-server;Nginx Access Log Status;CRITICAL;HARD;3;(1249) < 103.255.146.164 [18/Dec/2019:11:19:25 +0530] TCP 502 0 0 0.000 "backend_3000" "0" "0" "0.000"
[1576648694] Auto-save of retention data completed successfully.
[1576648796] SERVICE NOTIFICATION: nagiosadmin;webservercluster2;CPU_Procs;WARNING;notify-service-by-email;CPU WARNING: 1 warn out of 300 processes
[1576650195] SERVICE ALERT: sig6-vm2;Memory;WARNING;SOFT;1;WARNING - 14.5% (3266164 kB) free!
[1576650260] SERVICE NOTIFICATION: nagiosadmin;sservercluster2;Current Users;WARNING;notify-service-by-email;USERS WARNING - 6 users currently logged in
[1576650315] SERVICE ALERT: sig6-vm2;Memory;WARNING;SOFT;2;WARNING - 13.4% (3019732 kB) free!
[1576650435] SERVICE NOTIFICATION: nagiosadmin;sig6-vm2;Memory;WARNING;notify-service-by-email;WARNING - 12.2% (2729116 kB) free!
[1576650435] SERVICE ALERT: sig6-vm2;Memory;WARNING;HARD;3;WARNING - 12.2% (2729116 kB) free!
[1576650991] EXTERNAL COMMAND: SCHEDULE_FORCED_SVC_CHECK;pservercluster1;Memory;1576650990
[1576650991] SERVICE NOTIFICATION: nagiosadmin;pservercluster1;Memory;OK;notify-service-by-email;OK - 91.2% (22513176 kB) free.
[1576650991] SERVICE ALERT: pservercluster1;Memory;OK;HARD;1;OK - 91.2% (22513176 kB) free.
[1576650995] EXTERNAL COMMAND: SCHEDULE_FORCED_SVC_CHECK;pservercluster1;Memory;1576650994
[1576651036] SERVICE NOTIFICATION: nagiosadmin;sig6-vm2;Memory;OK;notify-service-by-email;OK - 78.5% (17617488 kB) free.
[1576651036] SERVICE ALERT: sig6-vm2;Memory;OK;HARD;1;OK - 78.5% (17617488 kB) free.
[1576651823] SERVICE NOTIFICATION: nagiosadmin;primary-server;Nginx Error Log Status;CRITICAL;notify-service-by-email;(130) < 2019/12/18 12:19:14 [error] 20757#0: *17979492 connect() failed (111: Connection refused) while connecting to upstream, client: 103.255.146.164, server: 0.0.0.0:3000, upstream: "10.147.212.143:3000", bytes from/to client:0/0, bytes from/to upstream:0/0
[1576651833] SERVICE NOTIFICATION: nagiosadmin;primary-server;Nginx Access Log Status;CRITICAL;notify-service-by-email;(16) < 103.255.146.164 [18/Dec/2019:12:18:41 +0530] TCP 502 0 0 0.000 "10.147.212.155:3000, backend_3000" "0, 0" "0, 0" "0.000, 0.000"
[1576651978] SERVICE ALERT: redis-2;Memory;WARNING;SOFT;1;WARNING - 19.1% (25113256 kB) free!
[1576652098] SERVICE ALERT: redis-2;Memory;OK;HARD;1;OK - 40.5% (53405704 kB) free.
[1576652294] Auto-save of retention data completed successfully.
[1576652396] SERVICE NOTIFICATION: nagiosadmin;webservercluster2;CPU_Procs;WARNING;notify-service-by-email;CPU WARNING: 1 warn out of 303 processes
[1576652795] SERVICE ALERT: pservercluster1;Memory;WARNING;SOFT;1;WARNING - 14.5% (3587000 kB) free!
[1576652915] SERVICE ALERT: pservercluster1;Memory;CRITICAL;SOFT;2;CRITICAL - 0.8% (201712 kB) free!
[1576653035] SERVICE FLAPPING ALERT: pservercluster1;Memory;STARTED; Service appears to have started flapping (21.3% change >= 20.0% threshold)
[1576653035] SERVICE ALERT: pservercluster1;Memory;CRITICAL;HARD;3;CRITICAL - 0.7% (165560 kB) free!
[1576653860] SERVICE NOTIFICATION: nagiosadmin;sservercluster2;Current Users;OK;notify-service-by-email;USERS OK - 5 users currently logged in
[1576653860] SERVICE ALERT: sservercluster2;Current Users;OK;HARD;1;USERS OK - 5 users currently logged in
[1576654366] SERVICE ALERT: pservercluster2;Memory;WARNING;SOFT;1;WARNING - 16.5% (4044052 kB) free!
[1576654486] SERVICE ALERT: pservercluster2;Memory;WARNING;SOFT;2;WARNING - 16.1% (3950736 kB) free!
[1576654584] EXTERNAL COMMAND: SCHEDULE_FORCED_SVC_CHECK;pservercluster1;Memory;1576654582
[1576654585] SERVICE ALERT: pservercluster1;Memory;OK;HARD;1;OK - 91.1% (22491044 kB) free.
[1576654606] SERVICE NOTIFICATION: nagiosadmin;pservercluster2;Memory;WARNING;notify-service-by-email;WARNING - 15.6% (3818456 kB) free!
[1576654606] SERVICE ALERT: pservercluster2;Memory;WARNING;HARD;3;WARNING - 15.6% (3818456 kB) free!
[1576654997] SERVICE ALERT: sigqscluster1;Memory;WARNING;SOFT;1;WARNING - 17.9% (8811284 kB) free!
[1576655035] SERVICE ALERT: sservercluster1;Memory;WARNING;SOFT;1;WARNING - 19.2% (4711272 kB) free!
[1576655117] SERVICE ALERT: sigqscluster1;Memory;WARNING;SOFT;2;WARNING - 19.2% (9477056 kB) free!
[1576655155] SERVICE ALERT: sservercluster1;Memory;WARNING;SOFT;2;WARNING - 18.4% (4501540 kB) free!
[1576655237] SERVICE NOTIFICATION: nagiosadmin;sigqscluster1;Memory;WARNING;notify-service-by-email;WARNING - 19.1% (9436960 kB) free!
[1576655237] SERVICE ALERT: sigqscluster1;Memory;WARNING;HARD;3;WARNING - 19.1% (9436960 kB) free!
[1576655275] SERVICE NOTIFICATION: nagiosadmin;sservercluster1;Memory;WARNING;notify-service-by-email;WARNING - 17.7% (4327756 kB) free!
[1576655275] SERVICE ALERT: sservercluster1;Memory;WARNING;HARD;3;WARNING - 17.7% (4327756 kB) free!
[1576655423] SERVICE NOTIFICATION: nagiosadmin;primary-server;Nginx Error Log Status;CRITICAL;notify-service-by-email;(6411) < 2019/12/18 13:18:00 [error] 20759#0: *18008445 connect() failed (111: Connection refused) while connecting to upstream, client: 103.255.146.164, server: 0.0.0.0:3000, upstream: "10.147.212.155:3000", bytes from/to client:0/0, bytes from/to upstream:0/0
[1576655433] SERVICE NOTIFICATION: nagiosadmin;primary-server;Nginx Access Log Status;CRITICAL;notify-service-by-email;(5416) < 103.255.146.164 [18/Dec/2019:13:17:39 +0530] TCP 502 0 0 0.000 "backend_3000" "0" "0" "0.000"
[1576655894] Auto-save of retention data completed successfully.
[1576655996] SERVICE NOTIFICATION: nagiosadmin;webservercluster2;CPU_Procs;WARNING;notify-service-by-email;CPU WARNING: 1 warn out of 302 processes
[1576656260] SERVICE ALERT: sservercluster2;Current Users;WARNING;SOFT;1;USERS WARNING - 6 users currently logged in
[1576656380] SERVICE ALERT: sservercluster2;Current Users;WARNING;SOFT;2;USERS WARNING - 6 users currently logged in
[1576656406] SERVICE NOTIFICATION: nagiosadmin;pservercluster2;Memory;CRITICAL;notify-service-by-email;CRITICAL - 8.1% (1980356 kB) free!
[1576656406] SERVICE ALERT: pservercluster2;Memory;CRITICAL;HARD;3;CRITICAL - 8.1% (1980356 kB) free!
[1576656500] SERVICE NOTIFICATION: nagiosadmin;sservercluster2;Current Users;WARNING;notify-service-by-email;USERS WARNING - 6 users currently logged in
[1576656500] SERVICE ALERT: sservercluster2;Current Users;WARNING;HARD;3;USERS WARNING - 6 users currently logged in
[1576657075] SERVICE NOTIFICATION: nagiosadmin;sservercluster1;Memory;CRITICAL;notify-service-by-email;CRITICAL - 9.4% (2313880 kB) free!
[1576657075] SERVICE ALERT: sservercluster1;Memory;CRITICAL;HARD;3;CRITICAL - 9.4% (2313880 kB) free!
[1576658837] SERVICE NOTIFICATION: nagiosadmin;sigqscluster1;Memory;WARNING;notify-service-by-email;WARNING - 11.9% (5881168 kB) free!
[1576659023] SERVICE NOTIFICATION: nagiosadmin;primary-server;Nginx Error Log Status;CRITICAL;notify-service-by-email;(902) < 2019/12/18 14:18:17 [error] 20757#0: *18037234 connect() failed (111: Connection refused) while connecting to upstream, client: 103.255.146.164, server: 0.0.0.0:3000, upstream: "10.147.212.155:3000", bytes from/to client:0/0, bytes from/to upstream:0/0
[1576659033] SERVICE NOTIFICATION: nagiosadmin;primary-server;Nginx Access Log Status;CRITICAL;notify-service-by-email;(571) < 103.255.146.164 [18/Dec/2019:14:18:17 +0530] TCP 502 0 0 0.000 "backend_3000" "0" "0" "0.000"
[1576659385] SERVICE ALERT: pservercluster1;Memory;WARNING;SOFT;1;WARNING - 17.1% (4220796 kB) free!
[1576659437] SERVICE NOTIFICATION: nagiosadmin;sigqscluster1;Memory;CRITICAL;notify-service-by-email;CRITICAL - 10.0% (4943236 kB) free!
[1576659437] SERVICE ALERT: sigqscluster1;Memory;CRITICAL;HARD;3;CRITICAL - 10.0% (4943236 kB) free!
[1576659494] Auto-save of retention data completed successfully.
[1576659505] SERVICE ALERT: pservercluster1;Memory;WARNING;SOFT;2;WARNING - 16.3% (4012376 kB) free!
[1576659596] SERVICE NOTIFICATION: nagiosadmin;webservercluster2;CPU_Procs;WARNING;notify-service-by-email;CPU WARNING: 1 warn out of 297 processes
[1576659625] SERVICE ALERT: pservercluster1;Memory;WARNING;HARD;3;WARNING - 15.1% (3720516 kB) free!
[1576660006] SERVICE NOTIFICATION: nagiosadmin;pservercluster2;Memory;CRITICAL;notify-service-by-email;CRITICAL - 0.8% (196324 kB) free!
[1576660101] SERVICE NOTIFICATION: nagiosadmin;sservercluster2;Current Users;WARNING;notify-service-by-email;USERS WARNING - 6 users currently logged in
[1576660675] SERVICE NOTIFICATION: nagiosadmin;sservercluster1;Memory;CRITICAL;notify-service-by-email;CRITICAL - 1.4% (338076 kB) free!
[1576660787] SERVICE ALERT: smscapp1;Memory;WARNING;SOFT;1;WARNING - 19.1% (9419436 kB) free!
[1576660907] SERVICE ALERT: smscapp1;Memory;WARNING;SOFT;2;WARNING - 18.7% (9219212 kB) free!
[1576660962] EXTERNAL COMMAND: SCHEDULE_FORCED_SVC_CHECK;pservercluster2;Memory;1576660961
[1576660962] SERVICE NOTIFICATION: nagiosadmin;pservercluster2;Memory;OK;notify-service-by-email;OK - 71.6% (17558844 kB) free.
[1576660962] SERVICE ALERT: pservercluster2;Memory;OK;HARD;1;OK - 71.6% (17558844 kB) free.
[1576660966] EXTERNAL COMMAND: SCHEDULE_FORCED_SVC_CHECK;pservercluster2;Memory;1576660965
[1576661008] EXTERNAL COMMAND: SCHEDULE_FORCED_SVC_CHECK;sigqscluster1;Memory;1576661006
[1576661008] SERVICE NOTIFICATION: nagiosadmin;sigqscluster1;Memory;OK;notify-service-by-email;OK - 78.7% (38804188 kB) free.
[1576661008] SERVICE ALERT: sigqscluster1;Memory;OK;HARD;1;OK - 78.7% (38804188 kB) free.
[1576661011] EXTERNAL COMMAND: SCHEDULE_FORCED_SVC_CHECK;sigqscluster1;Memory;1576661010
[1576661014] EXTERNAL COMMAND: SCHEDULE_FORCED_SVC_CHECK;sigqscluster1;Memory;1576661013
[1576661017] EXTERNAL COMMAND: SCHEDULE_FORCED_SVC_CHECK;sigqscluster1;Memory;1576661017
[1576661026] EXTERNAL COMMAND: SCHEDULE_FORCED_SVC_CHECK;sservercluster1;Memory;1576661023
[1576661027] SERVICE NOTIFICATION: nagiosadmin;smscapp1;Memory;WARNING;notify-service-by-email;WARNING - 18.4% (9046760 kB) free!
[1576661027] SERVICE ALERT: smscapp1;Memory;WARNING;HARD;3;WARNING - 18.4% (9046760 kB) free!
[1576661044] EXTERNAL COMMAND: SCHEDULE_FORCED_SVC_CHECK;sservercluster1;Memory;1576661043
[1576661044] SERVICE NOTIFICATION: nagiosadmin;sservercluster1;Memory;OK;notify-service-by-email;OK - 61.8% (15144016 kB) free.
[1576661044] SERVICE ALERT: sservercluster1;Memory;OK;HARD;1;OK - 61.8% (15144016 kB) free.
[1576661047] EXTERNAL COMMAND: SCHEDULE_FORCED_SVC_CHECK;sservercluster1;Memory;1576661046
[1576661425] SERVICE ALERT: pservercluster1;Memory;CRITICAL;HARD;3;CRITICAL - 9.8% (2425536 kB) free!
[1576661650] SERVICE ALERT: webservercluster1;Total Processes;WARNING;SOFT;1;PROCS WARNING: 559 processes
[1576661770] SERVICE ALERT: webservercluster1;Total Processes;WARNING;SOFT;2;PROCS WARNING: 561 processes
[1576661890] SERVICE NOTIFICATION: nagiosadmin;webservercluster1;Total Processes;WARNING;notify-service-by-email;PROCS WARNING: 570 processes
[1576661890] SERVICE ALERT: webservercluster1;Total Processes;WARNING;HARD;3;PROCS WARNING: 570 processes
[1576662023] SERVICE NOTIFICATION: nagiosadmin;primary-server;Nginx Error Log Status;OK;notify-service-by-email;Log check ok - 0 pattern matches found
[1576662023] SERVICE ALERT: primary-server;Nginx Error Log Status;OK;HARD;1;Log check ok - 0 pattern matches found
[1576662033] SERVICE NOTIFICATION: nagiosadmin;primary-server;Nginx Access Log Status;OK;notify-service-by-email;Log check ok - 0 pattern matches found
[1576662033] SERVICE ALERT: primary-server;Nginx Access Log Status;OK;HARD;1;Log check ok - 0 pattern matches found
[1576663090] SERVICE NOTIFICATION: nagiosadmin;webservercluster1;Total Processes;CRITICAL;notify-service-by-email;PROCS CRITICAL: 626 processes
[1576663090] SERVICE ALERT: webservercluster1;Total Processes;CRITICAL;HARD;3;PROCS CRITICAL: 626 processes
[1576663094] Auto-save of retention data completed successfully.
[1576663196] SERVICE NOTIFICATION: nagiosadmin;webservercluster2;CPU_Procs;WARNING;notify-service-by-email;CPU WARNING: 1 warn out of 305 processes
[1576663477] SERVICE ALERT: sservercluster2;Memory;WARNING;SOFT;1;WARNING - 19.7% (4823280 kB) free!
[1576663498] SERVICE ALERT: redis-2;Memory;WARNING;SOFT;1;WARNING - 20.0% (26307904 kB) free!
[1576663597] SERVICE ALERT: sservercluster2;Memory;WARNING;SOFT;2;WARNING - 19.4% (4757744 kB) free!
[1576663618] SERVICE ALERT: redis-2;Memory;WARNING;SOFT;2;WARNING - 17.4% (22909464 kB) free!
[1576663717] SERVICE NOTIFICATION: nagiosadmin;sservercluster2;Memory;WARNING;notify-service-by-email;WARNING - 19.1% (4679140 kB) free!
[1576663717] SERVICE ALERT: sservercluster2;Memory;WARNING;HARD;3;WARNING - 19.1% (4679140 kB) free!
[1576663738] SERVICE ALERT: redis-2;Memory;OK;HARD;1;OK - 33.1% (43587404 kB) free.
[1576664300] SERVICE NOTIFICATION: nagiosadmin;sservercluster2;Current Users;WARNING;notify-service-by-email;USERS WARNING - 7 users currently logged in
[1576664338] SERVICE ALERT: redis-2;Memory;WARNING;SOFT;1;WARNING - 17.6% (23202040 kB) free!
[1576664458] SERVICE ALERT: redis-2;Memory;OK;HARD;1;OK - 33.4% (43975276 kB) free.
[1576664617] SERVICE ALERT: sigqscluster1;Memory;CRITICAL;SOFT;1;CRITICAL - 7.7% (3803164 kB) free!
[1576664628] SERVICE NOTIFICATION: nagiosadmin;smscapp1;Memory;CRITICAL;notify-service-by-email;CRITICAL - 9.4% (4654628 kB) free!
[1576664628] SERVICE ALERT: smscapp1;Memory;CRITICAL;HARD;3;CRITICAL - 9.4% (4654628 kB) free!
[1576664737] SERVICE ALERT: sigqscluster1;Memory;CRITICAL;SOFT;2;CRITICAL - 7.7% (3803588 kB) free!
[1576664857] SERVICE NOTIFICATION: nagiosadmin;sigqscluster1;Memory;CRITICAL;notify-service-by-email;CRITICAL - 7.7% (3802964 kB) free!
[1576664857] SERVICE ALERT: sigqscluster1;Memory;CRITICAL;HARD;3;CRITICAL - 7.7% (3802964 kB) free!
[1576665058] SERVICE ALERT: redis-2;Memory;WARNING;SOFT;1;WARNING - 18.1% (23892968 kB) free!
[1576665178] SERVICE ALERT: redis-2;Memory;WARNING;SOFT;2;WARNING - 15.5% (20484520 kB) free!
[1576665298] SERVICE ALERT: redis-2;Memory;OK;HARD;1;OK - 31.3% (41272588 kB) free.
[1576665898] SERVICE ALERT: redis-2;Memory;WARNING;SOFT;1;WARNING - 15.8% (20790152 kB) free!
[1576666019] SERVICE ALERT: redis-2;Memory;OK;HARD;1;OK - 32.2% (42500360 kB) free.
[1576666343] SERVICE ALERT: webservercluster1;CPU_Procs;WARNING;SOFT;1;CPU WARNING: 1 warn out of 765 processes
[1576666463] SERVICE ALERT: webservercluster1;CPU_Procs;OK;HARD;1;CPU OK: 764 processes
[1576666618] SERVICE ALERT: redis-2;Memory;WARNING;SOFT;1;WARNING - 17.3% (22764424 kB) free!
[1576666690] SERVICE NOTIFICATION: nagiosadmin;webservercluster1;Total Processes;CRITICAL;notify-service-by-email;PROCS CRITICAL: 775 processes
[1576666694] Auto-save of retention data completed successfully.
[1576666738] SERVICE ALERT: redis-2;Memory;WARNING;SOFT;2;WARNING - 14.7% (19413436 kB) free!
[1576666796] SERVICE NOTIFICATION: nagiosadmin;webservercluster2;CPU_Procs;WARNING;notify-service-by-email;CPU WARNING: 1 warn out of 307 processes
[1576666858] SERVICE ALERT: redis-2;Memory;OK;HARD;1;OK - 30.6% (40313824 kB) free.
[1576667317] SERVICE NOTIFICATION: nagiosadmin;sservercluster2;Memory;WARNING;notify-service-by-email;WARNING - 10.7% (2625940 kB) free!
[1576667423] SERVICE ALERT: primary-server;Nginx Error Log Status;CRITICAL;SOFT;1;(12) < 2019/12/18 16:39:51 [error] 20755#0: *18093221 connect() failed (111: Connection refused) while connecting to upstream, client: 103.255.146.164, server: 0.0.0.0:3000, upstream: "10.147.212.154:3000", bytes from/to client:0/0, bytes from/to upstream:0/0
[1576667458] SERVICE ALERT: redis-2;Memory;WARNING;SOFT;1;WARNING - 15.2% (20084744 kB) free!
[1576667544] SERVICE ALERT: primary-server;Nginx Error Log Status;CRITICAL;SOFT;2;(9) < 2019/12/18 16:40:51 [error] 20760#0: *18093436 connect() failed (111: Connection refused) while connecting to upstream, client: 103.255.146.164, server: 0.0.0.0:3000, upstream: "10.147.212.142:3000", bytes from/to client:0/0, bytes from/to upstream:0/0
[1576667578] SERVICE ALERT: redis-2;Memory;OK;HARD;1;OK - 31.4% (41387912 kB) free.
[1576667664] SERVICE NOTIFICATION: nagiosadmin;primary-server;Nginx Error Log Status;CRITICAL;notify-service-by-email;(1) < 2019/12/18 16:43:01 [error] 20758#0: *18093785 connect() failed (111: Connection refused) while connecting to upstream, client: 103.255.146.164, server: 0.0.0.0:3000, upstream: "10.147.212.142:3000", bytes from/to client:0/0, bytes from/to upstream:0/0
[1576667664] SERVICE ALERT: primary-server;Nginx Error Log Status;CRITICAL;HARD;3;(1) < 2019/12/18 16:43:01 [error] 20758#0: *18093785 connect() failed (111: Connection refused) while connecting to upstream, client: 103.255.146.164, server: 0.0.0.0:3000, upstream: "10.147.212.142:3000", bytes from/to client:0/0, bytes from/to upstream:0/0
[1576667900] SERVICE NOTIFICATION: nagiosadmin;sservercluster2;Current Users;WARNING;notify-service-by-email;USERS WARNING - 7 users currently logged in
[1576667917] SERVICE NOTIFICATION: nagiosadmin;sservercluster2;Memory;CRITICAL;notify-service-by-email;CRITICAL - 9.8% (2407056 kB) free!
[1576667917] SERVICE ALERT: sservercluster2;Memory;CRITICAL;HARD;3;CRITICAL - 9.8% (2407056 kB) free!
[1576668178] SERVICE ALERT: redis-2;Memory;WARNING;SOFT;1;WARNING - 16.3% (21552400 kB) free!
[1576668228] SERVICE NOTIFICATION: nagiosadmin;smscapp1;Memory;CRITICAL;notify-service-by-email;CRITICAL - 1.4% (693948 kB) free!
[1576668298] SERVICE ALERT: redis-2;Memory;WARNING;SOFT;2;WARNING - 13.8% (18211108 kB) free!
[1576668418] SERVICE ALERT: redis-2;Memory;OK;HARD;1;OK - 29.9% (39404764 kB) free.
[1576668457] SERVICE NOTIFICATION: nagiosadmin;sigqscluster1;Memory;CRITICAL;notify-service-by-email;CRITICAL - 1.5% (721060 kB) free!
[1576669018] SERVICE ALERT: redis-2;Memory;WARNING;SOFT;1;WARNING - 14.3% (18834444 kB) free!
[1576669078] EXTERNAL COMMAND: SCHEDULE_FORCED_SVC_CHECK;pservercluster1;Memory;1576669077
[1576669078] SERVICE ALERT: pservercluster1;Memory;OK;HARD;1;OK - 75.1% (18542460 kB) free.
[1576669080] EXTERNAL COMMAND: SCHEDULE_FORCED_SVC_CHECK;pservercluster1;Memory;1576669079
[1576669082] EXTERNAL COMMAND: SCHEDULE_FORCED_SVC_CHECK;pservercluster1;Memory;1576669081
[1576669085] EXTERNAL COMMAND: SCHEDULE_FORCED_SVC_CHECK;pservercluster1;Memory;1576669084
[1576669106] EXTERNAL COMMAND: SCHEDULE_FORCED_SVC_CHECK;sigqscluster1;Memory;1576669105
[1576669107] SERVICE NOTIFICATION: nagiosadmin;sigqscluster1;Memory;OK;notify-service-by-email;OK - 78.7% (38802440 kB) free.
[1576669107] SERVICE ALERT: sigqscluster1;Memory;OK;HARD;1;OK - 78.7% (38802440 kB) free.
[1576669109] EXTERNAL COMMAND: SCHEDULE_FORCED_SVC_CHECK;sigqscluster1;Memory;1576669108
[1576669112] EXTERNAL COMMAND: SCHEDULE_FORCED_SVC_CHECK;sigqscluster1;Memory;1576669111
[1576669115] EXTERNAL COMMAND: SCHEDULE_FORCED_SVC_CHECK;sigqscluster1;Memory;1576669115
[1576669135] EXTERNAL COMMAND: SCHEDULE_FORCED_SVC_CHECK;smscapp1;Memory;1576669134
[1576669136] SERVICE NOTIFICATION: nagiosadmin;smscapp1;Memory;OK;notify-service-by-email;OK - 24.2% (11908832 kB) free.
[1576669136] SERVICE ALERT: smscapp1;Memory;OK;HARD;1;OK - 24.2% (11908832 kB) free.
[1576669138] EXTERNAL COMMAND: SCHEDULE_FORCED_SVC_CHECK;smscapp1;Memory;1576669137
[1576669138] SERVICE ALERT: redis-2;Memory;OK;HARD;1;OK - 29.6% (39069492 kB) free.
[1576669140] EXTERNAL COMMAND: SCHEDULE_FORCED_SVC_CHECK;smscapp1;Memory;1576669140
[1576669143] EXTERNAL COMMAND: SCHEDULE_FORCED_SVC_CHECK;smscapp1;Memory;1576669142
[1576669146] EXTERNAL COMMAND: SCHEDULE_FORCED_SVC_CHECK;smscapp1;Memory;1576669145
[1576669166] EXTERNAL COMMAND: SCHEDULE_FORCED_SVC_CHECK;sservercluster2;Memory;1576669165
[1576669166] SERVICE NOTIFICATION: nagiosadmin;sservercluster2;Memory;OK;notify-service-by-email;OK - 75.6% (18539168 kB) free.
[1576669166] SERVICE ALERT: sservercluster2;Memory;OK;HARD;1;OK - 75.6% (18539168 kB) free.
[1576669169] EXTERNAL COMMAND: SCHEDULE_FORCED_SVC_CHECK;sservercluster2;Memory;1576669168
[1576669173] EXTERNAL COMMAND: SCHEDULE_FORCED_SVC_CHECK;sservercluster2;Memory;1576669172
[1576669176] EXTERNAL COMMAND: SCHEDULE_FORCED_SVC_CHECK;sservercluster2;Memory;1576669175
[1576669234] SERVICE ALERT: primary-server;Nginx Access Log Status;CRITICAL;SOFT;1;(24175) < 103.255.146.164 [18/Dec/2019:17:07:47 +0530] TCP 502 0 0 0.000 "backend_3000" "0" "0" "0.000"
[1576669354] SERVICE ALERT: primary-server;Nginx Access Log Status;OK;HARD;1;Log check ok - 0 pattern matches found
[1576669491] SERVICE ALERT: redis-1;CPU_Procs;WARNING;SOFT;1;CPU WARNING: 1 warn out of 402 processes
[1576669612] SERVICE ALERT: redis-1;CPU_Procs;OK;HARD;1;CPU OK: 401 processes
[1576669685] SERVICE ALERT: pservercluster1;Memory;CRITICAL;SOFT;1;CRITICAL - 1.6% (389716 kB) free!
[1576669738] SERVICE ALERT: redis-2;Memory;WARNING;SOFT;1;WARNING - 14.3% (18835280 kB) free!
[1576669805] SERVICE ALERT: pservercluster1;Memory;CRITICAL;SOFT;2;CRITICAL - 1.4% (353972 kB) free!
[1576669858] SERVICE ALERT: redis-2;Memory;WARNING;SOFT;2;WARNING - 11.4% (14962360 kB) free!
[1576669925] SERVICE ALERT: pservercluster1;Memory;CRITICAL;HARD;3;CRITICAL - 1.3% (317868 kB) free!
[1576669978] SERVICE ALERT: redis-2;Memory;OK;HARD;1;OK - 37.2% (49089140 kB) free.
[1576670290] SERVICE NOTIFICATION: nagiosadmin;webservercluster1;Total Processes;OK;notify-service-by-email;PROCS OK: 349 processes
[1576670290] SERVICE ALERT: webservercluster1;Total Processes;OK;HARD;1;PROCS OK: 349 processes
[1576670294] Auto-save of retention data completed successfully.
[1576670396] SERVICE NOTIFICATION: nagiosadmin;webservercluster2;CPU_Procs;WARNING;notify-service-by-email;CPU WARNING: 1 warn out of 319 processes
[1576670665] SERVICE NOTIFICATION: nagiosadmin;primary-server;Nginx Error Log Status;OK;notify-service-by-email;Log check ok - 0 pattern matches found
[1576670665] SERVICE ALERT: primary-server;Nginx Error Log Status;OK;HARD;1;Log check ok - 0 pattern matches found
[1576670996] SERVICE NOTIFICATION: nagiosadmin;webservercluster2;CPU_Procs;CRITICAL;notify-service-by-email;CPU CRITICAL: 1 crit, 0 warn out of 316 processes
[1576670996] SERVICE ALERT: webservercluster2;CPU_Procs;CRITICAL;HARD;3;CPU CRITICAL: 1 crit, 0 warn out of 316 processes
[1576671500] SERVICE NOTIFICATION: nagiosadmin;sservercluster2;Current Users;WARNING;notify-service-by-email;USERS WARNING - 7 users currently logged in
[1576672465] SERVICE ALERT: primary-server;Nginx Error Log Status;CRITICAL;SOFT;1;(28) < 2019/12/18 18:04:02 [error] 20757#0: *18130035 connect() failed (111: Connection refused) while connecting to upstream, client: 103.255.146.164, server: 0.0.0.0:3000, upstream: "10.147.212.154:3000", bytes from/to client:0/0, bytes from/to upstream:0/0
[1576672586] SERVICE ALERT: primary-server;Nginx Error Log Status;CRITICAL;SOFT;2;(1) < 2019/12/18 18:05:46 [error] 20758#0: *18130318 connect() failed (111: Connection refused) while connecting to upstream, client: 183.82.105.122, server: 0.0.0.0:3000, upstream: "10.147.212.155:3000", bytes from/to client:0/0, bytes from/to upstream:0/0
[1576672706] SERVICE ALERT: primary-server;Nginx Error Log Status;OK;HARD;1;Log check ok - 0 pattern matches found
[1576672978] SERVICE ALERT: redis-2;Memory;WARNING;SOFT;1;WARNING - 19.7% (25932556 kB) free!
[1576673098] SERVICE ALERT: redis-2;Memory;OK;HARD;1;OK - 37.8% (49867308 kB) free.
[1576673306] SERVICE ALERT: primary-server;Nginx Error Log Status;CRITICAL;SOFT;1;(16) < 2019/12/18 18:15:11 [error] 20756#0: *18131809 connect() failed (111: Connection refused) while connecting to upstream, client: 103.255.146.164, server: 0.0.0.0:3000, upstream: "10.147.212.154:3000", bytes from/to client:0/0, bytes from/to upstream:0/0
[1576673426] SERVICE ALERT: primary-server;Nginx Error Log Status;OK;HARD;1;Log check ok - 0 pattern matches found
[1576673894] Auto-save of retention data completed successfully.
[1576674027] SERVICE ALERT: primary-server;Nginx Error Log Status;CRITICAL;SOFT;1;(7) < 2019/12/18 18:26:36 [error] 20758#0: *18133643 connect() failed (111: Connection refused) while connecting to upstream, client: 183.82.105.122, server: 0.0.0.0:3000, upstream: "10.147.212.155:3000", bytes from/to client:0/0, bytes from/to upstream:0/0
[1576674147] SERVICE ALERT: primary-server;Nginx Error Log Status;CRITICAL;SOFT;2;(3) < 2019/12/18 18:31:36 [error] 20759#0: *18134443 connect() failed (111: Connection refused) while connecting to upstream, client: 183.82.105.122, server: 0.0.0.0:3000, upstream: "10.147.212.155:3000", bytes from/to client:0/0, bytes from/to upstream:0/0
[1576674267] SERVICE FLAPPING ALERT: primary-server;Nginx Error Log Status;STARTED; Service appears to have started flapping (20.5% change >= 20.0% threshold)
[1576674267] SERVICE ALERT: primary-server;Nginx Error Log Status;CRITICAL;HARD;3;(2) < 2019/12/18 18:34:02 [error] 20758#0: *18134836 connect() failed (111: Connection refused) while connecting to upstream, client: 103.255.146.164, server: 0.0.0.0:3000, upstream: "10.147.212.154:3000", bytes from/to client:0/0, bytes from/to upstream:0/0
[1576674596] SERVICE NOTIFICATION: nagiosadmin;webservercluster2;CPU_Procs;CRITICAL;notify-service-by-email;CPU CRITICAL: 1 crit, 0 warn out of 313 processes
[1576675091] SERVICE ALERT: webservercluster1;Total Processes;WARNING;SOFT;1;PROCS WARNING: 580 processes
[1576675100] SERVICE NOTIFICATION: nagiosadmin;sservercluster2;Current Users;WARNING;notify-service-by-email;USERS WARNING - 7 users currently logged in
[1576675211] SERVICE ALERT: webservercluster1;Total Processes;WARNING;SOFT;2;PROCS WARNING: 585 processes
[1576675331] SERVICE NOTIFICATION: nagiosadmin;webservercluster1;Total Processes;WARNING;notify-service-by-email;PROCS WARNING: 594 processes
[1576675331] SERVICE ALERT: webservercluster1;Total Processes;WARNING;HARD;3;PROCS WARNING: 594 processes
[1576675463] SERVICE ALERT: webservercluster1;CPU_Procs;WARNING;SOFT;1;CPU WARNING: 4 warn out of 609 processes
[1576675583] SERVICE ALERT: webservercluster1;CPU_Procs;WARNING;SOFT;2;CPU WARNING: 1 warn out of 610 processes
[1576675703] SERVICE ALERT: webservercluster1;CPU_Procs;OK;HARD;1;CPU OK: 614 processes
[1576675931] SERVICE NOTIFICATION: nagiosadmin;webservercluster1;Total Processes;CRITICAL;notify-service-by-email;PROCS CRITICAL: 622 processes
[1576675931] SERVICE ALERT: webservercluster1;Total Processes;CRITICAL;HARD;3;PROCS CRITICAL: 622 processes
[1576677494] Auto-save of retention data completed successfully.
[1576677847] SERVICE ALERT: sservercluster1;Memory;WARNING;SOFT;1;WARNING - 19.6% (4814144 kB) free!
[1576677968] SERVICE ALERT: sservercluster1;Memory;CRITICAL;SOFT;2;CRITICAL - 0.8% (186784 kB) free!
[1576678088] SERVICE NOTIFICATION: nagiosadmin;sservercluster1;Memory;CRITICAL;notify-service-by-email;CRITICAL - 0.7% (175832 kB) free!
[1576678088] SERVICE ALERT: sservercluster1;Memory;CRITICAL;HARD;3;CRITICAL - 0.7% (175832 kB) free!
[1576678176] SERVICE ALERT: sservercluster2;Memory;CRITICAL;SOFT;1;CRITICAL - 0.9% (209452 kB) free!
[1576678196] SERVICE NOTIFICATION: nagiosadmin;webservercluster2;CPU_Procs;CRITICAL;notify-service-by-email;CPU CRITICAL: 1 crit, 0 warn out of 313 processes
[1576678296] SERVICE ALERT: sservercluster2;Memory;CRITICAL;SOFT;2;CRITICAL - 0.8% (186432 kB) free!
[1576678366] SERVICE ALERT: pservercluster2;Memory;CRITICAL;SOFT;1;CRITICAL - 0.8% (188816 kB) free!
[1576678416] SERVICE NOTIFICATION: nagiosadmin;sservercluster2;Memory;CRITICAL;notify-service-by-email;CRITICAL - 0.8% (186436 kB) free!
[1576678416] SERVICE ALERT: sservercluster2;Memory;CRITICAL;HARD;3;CRITICAL - 0.8% (186436 kB) free!
[1576678486] SERVICE ALERT: pservercluster2;Memory;CRITICAL;SOFT;2;CRITICAL - 0.7% (168972 kB) free!
[1576678606] SERVICE NOTIFICATION: nagiosadmin;pservercluster2;Memory;CRITICAL;notify-service-by-email;CRITICAL - 0.8% (188664 kB) free!
[1576678606] SERVICE ALERT: pservercluster2;Memory;CRITICAL;HARD;3;CRITICAL - 0.8% (188664 kB) free!
[1576678700] SERVICE NOTIFICATION: nagiosadmin;sservercluster2;Current Users;WARNING;notify-service-by-email;USERS WARNING - 6 users currently logged in
[1576679312] SERVICE ALERT: sservercluster2;CPU_Procs;CRITICAL;SOFT;1;CPU CRITICAL: 1 crit, 0 warn out of 382 processes
[1576679432] SERVICE ALERT: sservercluster2;CPU_Procs;CRITICAL;SOFT;2;CPU CRITICAL: 1 crit, 0 warn out of 387 processes
[1576679525] SERVICE FLAPPING ALERT: pservercluster1;Memory;STOPPED; Service appears to have stopped flapping (4.1% change < 5.0% threshold)
[1576679525] SERVICE NOTIFICATION: nagiosadmin;pservercluster1;Memory;CRITICAL;notify-service-by-email;CRITICAL - 3.8% (944236 kB) free!
[1576679531] SERVICE NOTIFICATION: nagiosadmin;webservercluster1;Total Processes;CRITICAL;notify-service-by-email;PROCS CRITICAL: 808 processes
[1576679552] SERVICE NOTIFICATION: nagiosadmin;sservercluster2;CPU_Procs;CRITICAL;notify-service-by-email;CPU CRITICAL: 1 crit, 0 warn out of 495 processes
[1576679552] SERVICE ALERT: sservercluster2;CPU_Procs;CRITICAL;HARD;3;CPU CRITICAL: 1 crit, 0 warn out of 495 processes
[1576679616] SERVICE NOTIFICATION: nagiosadmin;sservercluster2;Memory;WARNING;notify-service-by-email;WARNING - 11.5% (2809712 kB) free!
[1576679616] SERVICE ALERT: sservercluster2;Memory;WARNING;HARD;3;WARNING - 11.5% (2809712 kB) free!
[1576679806] SERVICE NOTIFICATION: nagiosadmin;pservercluster2;Memory;WARNING;notify-service-by-email;WARNING - 11.1% (2722804 kB) free!
[1576679806] SERVICE ALERT: pservercluster2;Memory;WARNING;HARD;3;WARNING - 11.1% (2722804 kB) free!
[1576679866] EXTERNAL COMMAND: SCHEDULE_FORCED_SVC_CHECK;pservercluster1;Memory;1576679865
[1576680012] EXTERNAL COMMAND: SCHEDULE_FORCED_SVC_CHECK;pservercluster1;Memory;1576680011
[1576680012] SERVICE NOTIFICATION: nagiosadmin;pservercluster1;Memory;OK;notify-service-by-email;OK - 92.0% (22697092 kB) free.
[1576680012] SERVICE ALERT: pservercluster1;Memory;OK;HARD;1;OK - 92.0% (22697092 kB) free.
[1576680015] EXTERNAL COMMAND: SCHEDULE_FORCED_SVC_CHECK;pservercluster1;Memory;1576680014
[1576680056] EXTERNAL COMMAND: SCHEDULE_FORCED_SVC_CHECK;sservercluster1;Memory;1576680055
[1576680057] SERVICE NOTIFICATION: nagiosadmin;sservercluster1;Memory;OK;notify-service-by-email;OK - 95.3% (23360424 kB) free.
[1576680057] SERVICE ALERT: sservercluster1;Memory;OK;HARD;1;OK - 95.3% (23360424 kB) free.
[1576680059] EXTERNAL COMMAND: SCHEDULE_FORCED_SVC_CHECK;sservercluster1;Memory;1576680058
[1576680062] EXTERNAL COMMAND: SCHEDULE_FORCED_SVC_CHECK;sservercluster1;Memory;1576680062
[1576680066] EXTERNAL COMMAND: SCHEDULE_FORCED_SVC_CHECK;sservercluster1;Memory;1576680065
[1576680152] SERVICE NOTIFICATION: nagiosadmin;sservercluster2;CPU_Procs;OK;notify-service-by-email;CPU OK: 336 processes
[1576680152] SERVICE ALERT: sservercluster2;CPU_Procs;OK;HARD;1;CPU OK: 336 processes
[1576680299] SERVICE ALERT: redis-2;Memory;WARNING;SOFT;1;WARNING - 17.8% (23406944 kB) free!
[1576680419] SERVICE ALERT: redis-2;Memory;OK;HARD;1;OK - 35.8% (47196892 kB) free.
[1576681006] SERVICE NOTIFICATION: nagiosadmin;pservercluster2;Memory;CRITICAL;notify-service-by-email;CRITICAL - 9.5% (2318844 kB) free!
[1576681006] SERVICE ALERT: pservercluster2;Memory;CRITICAL;HARD;3;CRITICAL - 9.5% (2318844 kB) free!
[1576681019] SERVICE ALERT: redis-2;Memory;WARNING;SOFT;1;WARNING - 19.2% (25257832 kB) free!
[1576681094] Auto-save of retention data completed successfully.
[1576681139] SERVICE ALERT: redis-2;Memory;WARNING;SOFT;2;WARNING - 16.4% (21645096 kB) free!
[1576681259] SERVICE ALERT: redis-2;Memory;OK;HARD;1;OK - 35.6% (46898244 kB) free.
[1576681416] SERVICE NOTIFICATION: nagiosadmin;sservercluster2;Memory;CRITICAL;notify-service-by-email;CRITICAL - 10.0% (2457996 kB) free!
[1576681416] SERVICE ALERT: sservercluster2;Memory;CRITICAL;HARD;3;CRITICAL - 10.0% (2457996 kB) free!
[1576681797] SERVICE NOTIFICATION: nagiosadmin;webservercluster2;CPU_Procs;CRITICAL;notify-service-by-email;CPU CRITICAL: 1 crit, 0 warn out of 309 processes
[1576681859] SERVICE ALERT: redis-2;Memory;WARNING;SOFT;1;WARNING - 18.6% (24578296 kB) free!
[1576681979] SERVICE ALERT: redis-2;Memory;WARNING;SOFT;2;WARNING - 15.9% (20942584 kB) free!
[1576682099] SERVICE ALERT: redis-2;Memory;OK;HARD;1;OK - 35.4% (46655780 kB) free.
[1576682300] SERVICE NOTIFICATION: nagiosadmin;sservercluster2;Current Users;WARNING;notify-service-by-email;USERS WARNING - 6 users currently logged in
[1576682699] SERVICE ALERT: redis-2;Memory;WARNING;SOFT;1;WARNING - 18.6% (24539248 kB) free!
[1576682819] SERVICE ALERT: redis-2;Memory;WARNING;SOFT;2;WARNING - 16.1% (21201088 kB) free!
[1576682939] SERVICE ALERT: redis-2;Memory;OK;HARD;1;OK - 34.1% (45009360 kB) free.
[1576683131] SERVICE NOTIFICATION: nagiosadmin;webservercluster1;Total Processes;CRITICAL;notify-service-by-email;PROCS CRITICAL: 1003 processes
[1576683267] SERVICE FLAPPING ALERT: primary-server;Nginx Error Log Status;STOPPED; Service appears to have stopped flapping (4.3% change < 5.0% threshold)
[1576683267] SERVICE NOTIFICATION: nagiosadmin;primary-server;Nginx Error Log Status;CRITICAL;notify-service-by-email;(7) < 2019/12/18 21:01:36 [error] 20758#0: *18156459 connect() failed (111: Connection refused) while connecting to upstream, client: 183.82.105.122, server: 0.0.0.0:3000, upstream: "10.147.212.155:3000", bytes from/to client:0/0, bytes from/to upstream:0/0
[1576683539] SERVICE ALERT: redis-2;Memory;WARNING;SOFT;1;WARNING - 15.8% (20788016 kB) free!
[1576683659] SERVICE ALERT: redis-2;Memory;OK;HARD;1;OK - 29.8% (39295284 kB) free.
[1576684259] SERVICE ALERT: redis-2;Memory;WARNING;SOFT;1;WARNING - 19.3% (25411836 kB) free!
[1576684379] SERVICE ALERT: redis-2;Memory;WARNING;SOFT;2;WARNING - 16.7% (22022596 kB) free!
[1576684500] SERVICE ALERT: redis-2;Memory;OK;HARD;1;OK - 34.9% (45963480 kB) free.
[1576684606] SERVICE NOTIFICATION: nagiosadmin;pservercluster2;Memory;CRITICAL;notify-service-by-email;CRITICAL - 6.3% (1556372 kB) free!
[1576684694] Auto-save of retention data completed successfully.
[1576685016] SERVICE NOTIFICATION: nagiosadmin;sservercluster2;Memory;CRITICAL;notify-service-by-email;CRITICAL - 7.3% (1800976 kB) free!
[1576685099] SERVICE ALERT: redis-2;Memory;WARNING;SOFT;1;WARNING - 18.6% (24547580 kB) free!
[1576685219] SERVICE ALERT: redis-2;Memory;WARNING;SOFT;2;WARNING - 16.1% (21235236 kB) free!
[1576685339] SERVICE ALERT: redis-2;Memory;OK;HARD;1;OK - 34.5% (45439220 kB) free.
[1576685900] SERVICE NOTIFICATION: nagiosadmin;sservercluster2;Current Users;WARNING;notify-service-by-email;USERS WARNING - 6 users currently logged in
[1576685939] SERVICE ALERT: redis-2;Memory;WARNING;SOFT;1;WARNING - 18.1% (23836316 kB) free!
[1576685996] SERVICE NOTIFICATION: nagiosadmin;webservercluster2;CPU_Procs;CRITICAL;notify-service-by-email;CPU CRITICAL: 1 crit, 0 warn out of 310 processes
[1576686059] SERVICE ALERT: redis-2;Memory;WARNING;SOFT;2;WARNING - 15.6% (20543068 kB) free!
[1576686179] SERVICE ALERT: redis-2;Memory;OK;HARD;1;OK - 32.6% (43034360 kB) free.
[1576686245] EXTERNAL COMMAND: SCHEDULE_FORCED_SVC_CHECK;pservercluster2;Memory;1576686244
[1576686246] SERVICE FLAPPING ALERT: pservercluster2;Memory;STARTED; Service appears to have started flapping (20.7% change >= 20.0% threshold)
[1576686246] SERVICE ALERT: pservercluster2;Memory;OK;HARD;1;OK - 93.8% (23000720 kB) free.
[1576686248] EXTERNAL COMMAND: SCHEDULE_FORCED_SVC_CHECK;pservercluster2;Memory;1576686247
[1576686252] EXTERNAL COMMAND: SCHEDULE_FORCED_SVC_CHECK;pservercluster2;Memory;1576686251
[1576686255] EXTERNAL COMMAND: SCHEDULE_FORCED_SVC_CHECK;pservercluster2;Memory;1576686254
[1576686343] EXTERNAL COMMAND: SCHEDULE_FORCED_SVC_CHECK;sservercluster2;Memory;1576686342
[1576686344] SERVICE FLAPPING ALERT: sservercluster2;Memory;STARTED; Service appears to have started flapping (20.4% change >= 20.0% threshold)
[1576686344] SERVICE ALERT: sservercluster2;Memory;OK;HARD;1;OK - 95.1% (23308800 kB) free.
[1576686346] EXTERNAL COMMAND: SCHEDULE_FORCED_SVC_CHECK;sservercluster2;Memory;1576686345
[1576686731] SERVICE NOTIFICATION: nagiosadmin;webservercluster1;Total Processes;CRITICAL;notify-service-by-email;PROCS CRITICAL: 1196 processes
[1576686779] SERVICE ALERT: redis-2;Memory;WARNING;SOFT;1;WARNING - 17.2% (22675032 kB) free!
[1576686867] SERVICE NOTIFICATION: nagiosadmin;primary-server;Nginx Error Log Status;CRITICAL;notify-service-by-email;(9) < 2019/12/18 22:01:36 [error] 20758#0: *18166551 connect() failed (111: Connection refused) while connecting to upstream, client: 183.82.105.122, server: 0.0.0.0:3000, upstream: "10.147.212.154:3000", bytes from/to client:0/0, bytes from/to upstream:0/0
[1576686899] SERVICE ALERT: redis-2;Memory;OK;HARD;1;OK - 34.6% (45570792 kB) free.
[1576687499] SERVICE ALERT: redis-2;Memory;WARNING;SOFT;1;WARNING - 19.4% (25615804 kB) free!
[1576687619] SERVICE ALERT: redis-2;Memory;WARNING;SOFT;2;WARNING - 17.1% (22525932 kB) free!
[1576687739] SERVICE ALERT: redis-2;Memory;OK;HARD;1;OK - 34.5% (45467228 kB) free.
[1576688294] Auto-save of retention data completed successfully.
[1576688339] SERVICE ALERT: redis-2;Memory;WARNING;SOFT;1;WARNING - 19.5% (25664100 kB) free!
[1576688459] SERVICE ALERT: redis-2;Memory;WARNING;SOFT;2;WARNING - 17.1% (22599884 kB) free!
[1576688579] SERVICE ALERT: redis-2;Memory;OK;HARD;1;OK - 34.2% (45028448 kB) free.
[1576689180] SERVICE ALERT: redis-2;Memory;WARNING;SOFT;1;WARNING - 18.9% (24919432 kB) free!
[1576689300] SERVICE ALERT: redis-2;Memory;OK;HARD;1;OK - 29.8% (39344592 kB) free.
[1576689500] SERVICE NOTIFICATION: nagiosadmin;sservercluster2;Current Users;WARNING;notify-service-by-email;USERS WARNING - 6 users currently logged in
[1576689596] SERVICE NOTIFICATION: nagiosadmin;webservercluster2;CPU_Procs;CRITICAL;notify-service-by-email;CPU CRITICAL: 1 crit, 0 warn out of 314 processes
[1576690331] SERVICE NOTIFICATION: nagiosadmin;webservercluster1;Total Processes;CRITICAL;notify-service-by-email;PROCS CRITICAL: 1394 processes
[1576690469] SERVICE NOTIFICATION: nagiosadmin;primary-server;Nginx Error Log Status;CRITICAL;notify-service-by-email;(6) < 2019/12/18 23:01:36 [error] 20756#0: *18176293 connect() failed (111: Connection refused) while connecting to upstream, client: 183.82.105.122, server: 0.0.0.0:3000, upstream: "10.147.212.155:3000", bytes from/to client:0/0, bytes from/to upstream:0/0
[1576691055] SERVICE FLAPPING ALERT: pservercluster2;Memory;STOPPED; Service appears to have stopped flapping (4.8% change < 5.0% threshold)
[1576691894] Auto-save of retention data completed successfully.
[1576692300] SERVICE ALERT: redis-2;Memory;WARNING;SOFT;1;WARNING - 19.9% (26255844 kB) free!
[1576692346] SERVICE FLAPPING ALERT: sservercluster2;Memory;STOPPED; Service appears to have stopped flapping (4.8% change < 5.0% threshold)
[1576692420] SERVICE ALERT: redis-2;Memory;WARNING;SOFT;2;WARNING - 17.6% (23181196 kB) free!
[1576692540] SERVICE ALERT: redis-2;Memory;OK;HARD;1;OK - 33.6% (44342848 kB) free.
[1576693100] SERVICE NOTIFICATION: nagiosadmin;sservercluster2;Current Users;WARNING;notify-service-by-email;USERS WARNING - 6 users currently logged in
[1576693140] SERVICE ALERT: redis-2;Memory;WARNING;SOFT;1;WARNING - 18.9% (24946240 kB) free!
[1576693196] SERVICE NOTIFICATION: nagiosadmin;webservercluster2;CPU_Procs;CRITICAL;notify-service-by-email;CPU CRITICAL: 1 crit, 0 warn out of 309 processes
[1576693260] SERVICE ALERT: redis-2;Memory;OK;HARD;1;OK - 34.2% (45027292 kB) free.
