[1547231400] LOG ROTATION: DAILY
[1547231400] LOG VERSION: 2.0
[1547231400] CURRENT HOST STATE: db1;UP;HARD;1;PING OK - Packet loss = 0%, RTA = 0.51 ms
[1547231400] CURRENT HOST STATE: db2;UP;HARD;1;PING OK - Packet loss = 0%, RTA = 0.43 ms
[1547231400] CURRENT HOST STATE: primary-server;UP;HARD;1;PING OK - Packet loss = 0%, RTA = 0.45 ms
[1547231400] CURRENT HOST STATE: pservercluster1;UP;HARD;1;PING OK - Packet loss = 0%, RTA = 0.45 ms
[1547231400] CURRENT HOST STATE: pservercluster2;UP;HARD;1;PING OK - Packet loss = 0%, RTA = 0.32 ms
[1547231400] CURRENT HOST STATE: qservercluster1;UP;HARD;1;PING OK - Packet loss = 0%, RTA = 0.29 ms
[1547231400] CURRENT HOST STATE: qservercluster2;UP;HARD;1;PING OK - Packet loss = 0%, RTA = 0.26 ms
[1547231400] CURRENT HOST STATE: secondary-server;UP;HARD;1;PING OK - Packet loss = 0%, RTA = 0.37 ms
[1547231400] CURRENT HOST STATE: sig1;UP;HARD;1;PING OK - Packet loss = 0%, RTA = 0.45 ms
[1547231400] CURRENT HOST STATE: sig2;UP;HARD;1;PING OK - Packet loss = 0%, RTA = 0.42 ms
[1547231400] CURRENT HOST STATE: sig3;UP;HARD;1;PING OK - Packet loss = 0%, RTA = 0.44 ms
[1547231400] CURRENT HOST STATE: sig4;UP;HARD;1;PING OK - Packet loss = 0%, RTA = 0.45 ms
[1547231400] CURRENT HOST STATE: sig5;UP;HARD;1;PING OK - Packet loss = 0%, RTA = 0.42 ms
[1547231400] CURRENT HOST STATE: sig6;UP;HARD;1;PING OK - Packet loss = 0%, RTA = 0.44 ms
[1547231400] CURRENT HOST STATE: sigqscluster1;UP;HARD;1;PING OK - Packet loss = 0%, RTA = 0.37 ms
[1547231400] CURRENT HOST STATE: sigqscluster2;UP;HARD;1;PING OK - Packet loss = 0%, RTA = 0.33 ms
[1547231400] CURRENT HOST STATE: smscapp1;UP;HARD;1;PING OK - Packet loss = 0%, RTA = 0.30 ms
[1547231400] CURRENT HOST STATE: smscapp2;UP;HARD;1;PING OK - Packet loss = 0%, RTA = 0.27 ms
[1547231400] CURRENT HOST STATE: sservercluster1;UP;HARD;1;PING OK - Packet loss = 0%, RTA = 0.43 ms
[1547231400] CURRENT HOST STATE: sservercluster2;UP;HARD;1;PING OK - Packet loss = 0%, RTA = 0.44 ms
[1547231400] CURRENT HOST STATE: webserver1;UP;HARD;1;PING OK - Packet loss = 0%, RTA = 0.44 ms
[1547231400] CURRENT HOST STATE: webserver2;UP;HARD;1;PING OK - Packet loss = 0%, RTA = 0.08 ms
[1547231400] CURRENT HOST STATE: webservercluster1;UP;HARD;1;PING OK - Packet loss = 0%, RTA = 0.47 ms
[1547231400] CURRENT HOST STATE: webservercluster2;UP;HARD;1;PING OK - Packet loss = 0%, RTA = 0.46 ms
[1547231400] CURRENT SERVICE STATE: db1;CPU Load;OK;HARD;1;OK - load average: 0.02, 0.06, 0.05
[1547231400] CURRENT SERVICE STATE: db1;CPU_Procs;OK;HARD;1;CPU OK: 327 processes
[1547231400] CURRENT SERVICE STATE: db1;Current Users;OK;HARD;1;USERS OK - 3 users currently logged in
[1547231400] CURRENT SERVICE STATE: db1;HDD_Home status;OK;HARD;1;DISK OK - free space: /home 206198 MB (98% inode=99%):
[1547231400] CURRENT SERVICE STATE: db1;HDD_Root status;OK;HARD;1;DISK OK - free space: / 22522 MB (44% inode=99%):
[1547231400] CURRENT SERVICE STATE: db1;LocalService-NTPD SERVICE;OK;HARD;1;PROCS OK: 1 process with command name 'ntpd'
[1547231400] CURRENT SERVICE STATE: db1;Mariadb status;OK;HARD;1;PROCS OK: 1 process with command name 'mysqld'
[1547231400] CURRENT SERVICE STATE: db1;Memory;OK;HARD;1;OK - 39.4% (19393516 kB) free.
[1547231400] CURRENT SERVICE STATE: db1;Sensors Status;OK;HARD;1;SENSORS OK
[1547231400] CURRENT SERVICE STATE: db1;Total Processes;OK;HARD;1;PROCS OK: 327 processes
[1547231400] CURRENT SERVICE STATE: db2;CPU Load;OK;HARD;1;OK - load average: 0.00, 0.01, 0.05
[1547231400] CURRENT SERVICE STATE: db2;CPU_Procs;OK;HARD;1;CPU OK: 288 processes
[1547231400] CURRENT SERVICE STATE: db2;Current Users;OK;HARD;1;USERS OK - 0 users currently logged in
[1547231400] CURRENT SERVICE STATE: db2;HDD_Home status;OK;HARD;1;DISK OK - free space: /home 126341 MB (56% inode=99%):
[1547231400] CURRENT SERVICE STATE: db2;HDD_Root status;OK;HARD;1;DISK OK - free space: / 31607 MB (61% inode=99%):
[1547231400] CURRENT SERVICE STATE: db2;LocalService-NTPD SERVICE;OK;HARD;1;PROCS OK: 1 process with command name 'ntpd'
[1547231400] CURRENT SERVICE STATE: db2;Mariadb status;OK;HARD;1;PROCS OK: 1 process with command name 'mysqld'
[1547231400] CURRENT SERVICE STATE: db2;Memory;WARNING;HARD;3;WARNING - 18.3% (8994984 kB) free!
[1547231400] CURRENT SERVICE STATE: db2;Sensors Status;OK;HARD;1;SENSORS OK
[1547231400] CURRENT SERVICE STATE: db2;Total Processes;OK;HARD;1;PROCS OK: 289 processes
[1547231400] CURRENT SERVICE STATE: primary-server;CPU Load;OK;HARD;1;OK - load average: 0.27, 0.08, 0.06
[1547231400] CURRENT SERVICE STATE: primary-server;CPU_Procs;OK;HARD;1;CPU OK: 342 processes
[1547231400] CURRENT SERVICE STATE: primary-server;Current Users;OK;HARD;1;USERS OK - 2 users currently logged in
[1547231400] CURRENT SERVICE STATE: primary-server;HDD_Home status;OK;HARD;1;DISK OK - free space: /home 224700 MB (99% inode=99%):
[1547231400] CURRENT SERVICE STATE: primary-server;HDD_Root status;OK;HARD;1;DISK OK - free space: / 41273 MB (80% inode=99%):
[1547231400] CURRENT SERVICE STATE: primary-server;LocalService-NTPD SERVICE;OK;HARD;1;PROCS OK: 1 process with command name 'ntpd'
[1547231400] CURRENT SERVICE STATE: primary-server;Memory;OK;HARD;1;OK - 70.2% (17208336 kB) free.
[1547231400] CURRENT SERVICE STATE: primary-server;Nginx Status;OK;HARD;1;NGINX OK -  0.089 sec. response time, Active: 0 (Writing: 0 Reading: 0 Waiting: 0) ReqPerSec: 0.000 ConnPerSec: 0.000 ReqPerConn: 0.000
[1547231400] CURRENT SERVICE STATE: primary-server;Sensors Status;OK;HARD;1;SENSORS OK
[1547231400] CURRENT SERVICE STATE: primary-server;Total Processes;OK;HARD;1;PROCS OK: 344 processes
[1547231400] CURRENT SERVICE STATE: pservercluster1;CPU Load;OK;HARD;1;OK - load average: 0.00, 0.01, 0.05
[1547231400] CURRENT SERVICE STATE: pservercluster1;CPU_Procs;OK;HARD;1;CPU OK: 283 processes
[1547231400] CURRENT SERVICE STATE: pservercluster1;Current Users;OK;HARD;1;USERS OK - 1 users currently logged in
[1547231400] CURRENT SERVICE STATE: pservercluster1;HDD_Home status;OK;HARD;1;DISK OK - free space: /home 220675 MB (99% inode=99%):
[1547231400] CURRENT SERVICE STATE: pservercluster1;HDD_Root status;OK;HARD;1;DISK OK - free space: / 41759 MB (81% inode=99%):
[1547231400] CURRENT SERVICE STATE: pservercluster1;LocalService-NTPD SERVICE;OK;HARD;1;PROCS OK: 1 process with command name 'ntpd'
[1547231400] CURRENT SERVICE STATE: pservercluster1;Memory;OK;HARD;1;OK - 96.2% (23746504 kB) free.
[1547231400] CURRENT SERVICE STATE: pservercluster1;Sensors Status;OK;HARD;1;SENSORS OK
[1547231400] CURRENT SERVICE STATE: pservercluster1;Total Processes;OK;HARD;1;PROCS OK: 283 processes
[1547231400] CURRENT SERVICE STATE: pservercluster2;CPU Load;OK;HARD;1;OK - load average: 0.27, 0.33, 0.34
[1547231400] CURRENT SERVICE STATE: pservercluster2;CPU_Procs;WARNING;HARD;3;CPU WARNING: 3 warn out of 356 processes
[1547231400] CURRENT SERVICE STATE: pservercluster2;Current Users;OK;HARD;1;USERS OK - 10 users currently logged in
[1547231400] CURRENT SERVICE STATE: pservercluster2;HDD_Home status;OK;HARD;1;DISK OK - free space: /home 110494 MB (49% inode=99%):
[1547231400] CURRENT SERVICE STATE: pservercluster2;HDD_Root status;WARNING;HARD;3;DISK WARNING - free space: / 8091 MB (15% inode=98%):
[1547231400] CURRENT SERVICE STATE: pservercluster2;LocalService-NTPD SERVICE;OK;HARD;1;PROCS OK: 1 process with command name 'ntpd'
[1547231400] CURRENT SERVICE STATE: pservercluster2;Memory;CRITICAL;HARD;3;CRITICAL - 9.6% (2346632 kB) free!
[1547231400] CURRENT SERVICE STATE: pservercluster2;Sensors Status;OK;HARD;1;SENSORS OK
[1547231400] CURRENT SERVICE STATE: pservercluster2;Total Processes;OK;HARD;1;PROCS OK: 356 processes
[1547231400] CURRENT SERVICE STATE: qservercluster1;CPU Load;OK;HARD;1;OK - load average: 9.96, 9.74, 9.52
[1547231400] CURRENT SERVICE STATE: qservercluster1;CPU_Procs;CRITICAL;HARD;3;CPU CRITICAL: 1 crit, 0 warn out of 308 processes
[1547231400] CURRENT SERVICE STATE: qservercluster1;Current Users;OK;HARD;1;USERS OK - 3 users currently logged in
[1547231400] CURRENT SERVICE STATE: qservercluster1;HDD_Home status;OK;HARD;1;DISK OK - free space: /home 224641 MB (99% inode=99%):
[1547231400] CURRENT SERVICE STATE: qservercluster1;HDD_Root status;OK;HARD;1;DISK OK - free space: / 41181 MB (80% inode=99%):
[1547231400] CURRENT SERVICE STATE: qservercluster1;LocalService-NTPD SERVICE;OK;HARD;1;PROCS OK: 1 process with command name 'ntpd'
[1547231400] CURRENT SERVICE STATE: qservercluster1;Memory;OK;HARD;1;OK - 91.9% (45260148 kB) free.
[1547231400] CURRENT SERVICE STATE: qservercluster1;Sensors Status;OK;HARD;1;SENSORS OK
[1547231400] CURRENT SERVICE STATE: qservercluster1;Total Processes;OK;HARD;1;PROCS OK: 303 processes
[1547231400] CURRENT SERVICE STATE: qservercluster2;CPU Load;WARNING;HARD;3;WARNING - load average: 9.63, 9.20, 9.21
[1547231400] CURRENT SERVICE STATE: qservercluster2;CPU_Procs;CRITICAL;HARD;3;CPU CRITICAL: 1 crit, 0 warn out of 304 processes
[1547231400] CURRENT SERVICE STATE: qservercluster2;Current Users;OK;HARD;1;USERS OK - 0 users currently logged in
[1547231400] CURRENT SERVICE STATE: qservercluster2;HDD_Home status;OK;HARD;1;DISK OK - free space: /home 224577 MB (99% inode=99%):
[1547231400] CURRENT SERVICE STATE: qservercluster2;HDD_Root status;OK;HARD;1;DISK OK - free space: / 40158 MB (78% inode=98%):
[1547231400] CURRENT SERVICE STATE: qservercluster2;LocalService-NTPD SERVICE;OK;HARD;1;PROCS OK: 1 process with command name 'ntpd'
[1547231400] CURRENT SERVICE STATE: qservercluster2;Memory;OK;HARD;1;OK - 95.1% (46880624 kB) free.
[1547231400] CURRENT SERVICE STATE: qservercluster2;Sensors Status;OK;HARD;1;SENSORS OK
[1547231400] CURRENT SERVICE STATE: qservercluster2;Total Processes;OK;HARD;1;PROCS OK: 303 processes
[1547231400] CURRENT SERVICE STATE: secondary-server;CPU Load;OK;HARD;1;OK - load average: 0.01, 0.02, 0.11
[1547231400] CURRENT SERVICE STATE: secondary-server;CPU_Procs;OK;HARD;1;CPU OK: 342 processes
[1547231400] CURRENT SERVICE STATE: secondary-server;Current Users;OK;HARD;1;USERS OK - 2 users currently logged in
[1547231400] CURRENT SERVICE STATE: secondary-server;HDD_Home status;OK;HARD;1;DISK OK - free space: /home 224704 MB (99% inode=99%):
[1547231400] CURRENT SERVICE STATE: secondary-server;HDD_Root status;OK;HARD;1;DISK OK - free space: / 41202 MB (80% inode=99%):
[1547231400] CURRENT SERVICE STATE: secondary-server;LocalService-NTPD SERVICE;OK;HARD;1;PROCS OK: 1 process with command name 'ntpd'
[1547231400] CURRENT SERVICE STATE: secondary-server;Memory Status;OK;HARD;1;OK - 70.7% (17321172 kB) free.
[1547231400] CURRENT SERVICE STATE: secondary-server;Nginx Status;OK;HARD;1;NGINX OK -  0.086 sec. response time, Active: 0 (Writing: 0 Reading: 0 Waiting: 0) ReqPerSec: 0.000 ConnPerSec: 0.000 ReqPerConn: 0.000
[1547231400] CURRENT SERVICE STATE: secondary-server;Sensors Status;OK;HARD;1;SENSORS OK
[1547231400] CURRENT SERVICE STATE: secondary-server;Total Processes;OK;HARD;1;PROCS OK: 342 processes
[1547231400] CURRENT SERVICE STATE: sig1;CPU Load;OK;HARD;1;OK - load average: 0.00, 0.01, 0.05
[1547231400] CURRENT SERVICE STATE: sig1;CPU_Procs;OK;HARD;1;CPU OK: 309 processes
[1547231400] CURRENT SERVICE STATE: sig1;Current Users;OK;HARD;1;USERS OK - 0 users currently logged in
[1547231400] CURRENT SERVICE STATE: sig1;HDD_Home status;OK;HARD;1;DISK OK - free space: /home 204275 MB (90% inode=99%):
[1547231400] CURRENT SERVICE STATE: sig1;HDD_Root status;OK;HARD;1;DISK OK - free space: / 36302 MB (70% inode=98%):
[1547231400] CURRENT SERVICE STATE: sig1;LocalService-NTPD SERVICE;OK;HARD;1;PROCS OK: 1 process with command name 'ntpd'
[1547231400] CURRENT SERVICE STATE: sig1;Memory;OK;HARD;1;OK - 90.0% (14632132 kB) free.
[1547231400] CURRENT SERVICE STATE: sig1;Sensors Status;OK;HARD;1;SENSORS OK
[1547231400] CURRENT SERVICE STATE: sig1;Total Processes;OK;HARD;1;PROCS OK: 310 processes
[1547231400] CURRENT SERVICE STATE: sig2;CPU Load;OK;HARD;1;OK - load average: 0.00, 0.01, 0.05
[1547231400] CURRENT SERVICE STATE: sig2;CPU_Procs;OK;HARD;1;CPU OK: 314 processes
[1547231400] CURRENT SERVICE STATE: sig2;Current Users;OK;HARD;1;USERS OK - 0 users currently logged in
[1547231400] CURRENT SERVICE STATE: sig2;HDD_Home status;OK;HARD;1;DISK OK - free space: /home 217268 MB (96% inode=99%):
[1547231400] CURRENT SERVICE STATE: sig2;HDD_Root status;OK;HARD;1;DISK OK - free space: / 37481 MB (73% inode=98%):
[1547231400] CURRENT SERVICE STATE: sig2;LocalService-NTPD SERVICE;OK;HARD;1;PROCS OK: 1 process with command name 'ntpd'
[1547231400] CURRENT SERVICE STATE: sig2;Memory;OK;HARD;1;OK - 81.5% (13242480 kB) free.
[1547231400] CURRENT SERVICE STATE: sig2;Sensors Status;OK;HARD;1;SENSORS OK
[1547231400] CURRENT SERVICE STATE: sig2;Total Processes;OK;HARD;1;PROCS OK: 315 processes
[1547231400] CURRENT SERVICE STATE: sig3;CPU Load;OK;HARD;1;OK - load average: 0.01, 0.02, 0.05
[1547231400] CURRENT SERVICE STATE: sig3;CPU_Procs;OK;HARD;1;CPU OK: 311 processes
[1547231400] CURRENT SERVICE STATE: sig3;Current Users;OK;HARD;1;USERS OK - 0 users currently logged in
[1547231400] CURRENT SERVICE STATE: sig3;HDD_Home status;OK;HARD;1;DISK OK - free space: /home 220132 MB (97% inode=99%):
[1547231400] CURRENT SERVICE STATE: sig3;HDD_Root status;OK;HARD;1;DISK OK - free space: / 37943 MB (74% inode=98%):
[1547231400] CURRENT SERVICE STATE: sig3;LocalService-NTPD SERVICE;OK;HARD;1;PROCS OK: 1 process with command name 'ntpd'
[1547231400] CURRENT SERVICE STATE: sig3;Memory;OK;HARD;1;OK - 92.3% (15006660 kB) free.
[1547231400] CURRENT SERVICE STATE: sig3;Sensors Status;OK;HARD;1;SENSORS OK
[1547231400] CURRENT SERVICE STATE: sig3;Total Processes;OK;HARD;1;PROCS OK: 312 processes
[1547231400] CURRENT SERVICE STATE: sig4;CPU Load;OK;HARD;1;OK - load average: 0.03, 0.02, 0.05
[1547231400] CURRENT SERVICE STATE: sig4;CPU_Procs;OK;HARD;1;CPU OK: 300 processes
[1547231400] CURRENT SERVICE STATE: sig4;Current Users;OK;HARD;1;USERS OK - 0 users currently logged in
[1547231400] CURRENT SERVICE STATE: sig4;HDD_Home status;OK;HARD;1;DISK OK - free space: /home 221193 MB (98% inode=99%):
[1547231400] CURRENT SERVICE STATE: sig4;HDD_Root status;OK;HARD;1;DISK OK - free space: / 37420 MB (73% inode=98%):
[1547231400] CURRENT SERVICE STATE: sig4;LocalService-NTPD SERVICE;OK;HARD;1;PROCS OK: 1 process with command name 'ntpd'
[1547231400] CURRENT SERVICE STATE: sig4;Memory;OK;HARD;1;OK - 80.0% (13001240 kB) free.
[1547231400] CURRENT SERVICE STATE: sig4;Sensors Status;OK;HARD;1;SENSORS OK
[1547231400] CURRENT SERVICE STATE: sig4;Total Processes;OK;HARD;1;PROCS OK: 300 processes
[1547231400] CURRENT SERVICE STATE: sig5;CPU Load;OK;HARD;1;OK - load average: 0.00, 0.01, 0.05
[1547231400] CURRENT SERVICE STATE: sig5;CPU_Procs;OK;HARD;1;CPU OK: 297 processes
[1547231400] CURRENT SERVICE STATE: sig5;Current Users;OK;HARD;1;USERS OK - 0 users currently logged in
[1547231400] CURRENT SERVICE STATE: sig5;HDD_Home status;OK;HARD;1;DISK OK - free space: /home 221443 MB (98% inode=99%):
[1547231400] CURRENT SERVICE STATE: sig5;HDD_Root status;OK;HARD;1;DISK OK - free space: / 38785 MB (75% inode=98%):
[1547231400] CURRENT SERVICE STATE: sig5;LocalService-NTPD SERVICE;OK;HARD;1;PROCS OK: 1 process with command name 'ntpd'
[1547231400] CURRENT SERVICE STATE: sig5;Memory;OK;HARD;1;OK - 92.2% (14986356 kB) free.
[1547231400] CURRENT SERVICE STATE: sig5;Sensors Status;OK;HARD;1;SENSORS OK
[1547231400] CURRENT SERVICE STATE: sig5;Total Processes;OK;HARD;1;PROCS OK: 297 processes
[1547231400] CURRENT SERVICE STATE: sig6;CPU Load;OK;HARD;1;OK - load average: 0.00, 0.01, 0.05
[1547231400] CURRENT SERVICE STATE: sig6;CPU_Procs;OK;HARD;1;CPU OK: 312 processes
[1547231400] CURRENT SERVICE STATE: sig6;Current Users;OK;HARD;1;USERS OK - 0 users currently logged in
[1547231400] CURRENT SERVICE STATE: sig6;HDD_Home status;OK;HARD;1;DISK OK - free space: /home 221330 MB (98% inode=99%):
[1547231400] CURRENT SERVICE STATE: sig6;HDD_Root status;OK;HARD;1;DISK OK - free space: / 37649 MB (73% inode=98%):
[1547231400] CURRENT SERVICE STATE: sig6;LocalService-NTPD SERVICE;OK;HARD;1;PROCS OK: 1 process with command name 'ntpd'
[1547231400] CURRENT SERVICE STATE: sig6;Memory;OK;HARD;1;OK - 88.5% (14383172 kB) free.
[1547231400] CURRENT SERVICE STATE: sig6;Sensors Status;OK;HARD;1;SENSORS OK
[1547231400] CURRENT SERVICE STATE: sig6;Total Processes;OK;HARD;1;PROCS OK: 310 processes
[1547231400] CURRENT SERVICE STATE: sigqscluster1;CPU Load;OK;HARD;1;OK - load average: 0.37, 0.58, 0.68
[1547231400] CURRENT SERVICE STATE: sigqscluster1;CPU_Procs;CRITICAL;HARD;3;CPU CRITICAL: 1 crit, 0 warn out of 337 processes
[1547231400] CURRENT SERVICE STATE: sigqscluster1;Current Users;OK;HARD;1;USERS OK - 2 users currently logged in
[1547231400] CURRENT SERVICE STATE: sigqscluster1;HDD_Home status;OK;HARD;1;DISK OK - free space: /home 224579 MB (99% inode=99%):
[1547231400] CURRENT SERVICE STATE: sigqscluster1;HDD_Root status;OK;HARD;1;DISK OK - free space: / 41168 MB (80% inode=99%):
[1547231400] CURRENT SERVICE STATE: sigqscluster1;LocalService-NTPD SERVICE;OK;HARD;1;PROCS OK: 1 process with command name 'ntpd'
[1547231400] CURRENT SERVICE STATE: sigqscluster1;Memory;OK;HARD;1;OK - 90.8% (44735456 kB) free.
[1547231400] CURRENT SERVICE STATE: sigqscluster1;Sensors Status;OK;HARD;1;SENSORS OK
[1547231400] CURRENT SERVICE STATE: sigqscluster1;Total Processes;OK;HARD;1;PROCS OK: 337 processes
[1547231400] CURRENT SERVICE STATE: sigqscluster2;CPU Load;OK;HARD;1;OK - load average: 0.70, 0.79, 1.02
[1547231400] CURRENT SERVICE STATE: sigqscluster2;CPU_Procs;CRITICAL;HARD;3;CPU CRITICAL: 1 crit, 0 warn out of 336 processes
[1547231400] CURRENT SERVICE STATE: sigqscluster2;Current Users;OK;HARD;1;USERS OK - 2 users currently logged in
[1547231400] CURRENT SERVICE STATE: sigqscluster2;HDD_Home status;OK;HARD;1;DISK OK - free space: /home 224577 MB (99% inode=99%):
[1547231400] CURRENT SERVICE STATE: sigqscluster2;HDD_Root status;OK;HARD;1;DISK OK - free space: / 41176 MB (80% inode=99%):
[1547231400] CURRENT SERVICE STATE: sigqscluster2;LocalService-NTPD SERVICE;OK;HARD;1;PROCS OK: 1 process with command name 'ntpd'
[1547231400] CURRENT SERVICE STATE: sigqscluster2;Memory;OK;HARD;1;OK - 90.8% (44766824 kB) free.
[1547231400] CURRENT SERVICE STATE: sigqscluster2;Sensors Status;OK;HARD;1;SENSORS OK
[1547231400] CURRENT SERVICE STATE: sigqscluster2;Total Processes;OK;HARD;1;PROCS OK: 335 processes
[1547231400] CURRENT SERVICE STATE: smscapp1;CPU Load;OK;HARD;1;OK - load average: 1.09, 1.14, 1.23
[1547231400] CURRENT SERVICE STATE: smscapp1;CPU_Procs;CRITICAL;HARD;3;CPU CRITICAL: 3 crit, 0 warn out of 303 processes
[1547231400] CURRENT SERVICE STATE: smscapp1;Current Users;OK;HARD;1;USERS OK - 1 users currently logged in
[1547231400] CURRENT SERVICE STATE: smscapp1;HDD_Home status;OK;HARD;1;DISK OK - free space: /home 143415 MB (63% inode=99%):
[1547231400] CURRENT SERVICE STATE: smscapp1;HDD_Root status;OK;HARD;1;DISK OK - free space: / 39149 MB (76% inode=98%):
[1547231400] CURRENT SERVICE STATE: smscapp1;LocalService-NTPD SERVICE;OK;HARD;1;PROCS OK: 1 process with command name 'ntpd'
[1547231400] CURRENT SERVICE STATE: smscapp1;Memory;CRITICAL;HARD;3;CRITICAL - 1.0% (159692 kB) free!
[1547231400] CURRENT SERVICE STATE: smscapp1;Sensors Status;OK;HARD;1;SENSORS OK
[1547231400] CURRENT SERVICE STATE: smscapp1;Total Processes;OK;HARD;1;PROCS OK: 301 processes
[1547231400] CURRENT SERVICE STATE: smscapp2;CPU Load;OK;HARD;1;OK - load average: 1.03, 1.05, 1.08
[1547231400] CURRENT SERVICE STATE: smscapp2;CPU_Procs;WARNING;HARD;3;CPU WARNING: 5 warn out of 339 processes
[1547231400] CURRENT SERVICE STATE: smscapp2;Current Users;OK;HARD;1;USERS OK - 2 users currently logged in
[1547231400] CURRENT SERVICE STATE: smscapp2;HDD_Home status;OK;HARD;1;DISK OK - free space: /home 128878 MB (57% inode=99%):
[1547231400] CURRENT SERVICE STATE: smscapp2;HDD_Root status;OK;HARD;1;DISK OK - free space: / 39006 MB (76% inode=98%):
[1547231400] CURRENT SERVICE STATE: smscapp2;LocalService-NTPD SERVICE;OK;HARD;1;PROCS OK: 1 process with command name 'ntpd'
[1547231400] CURRENT SERVICE STATE: smscapp2;Memory;CRITICAL;HARD;3;CRITICAL - 1.1% (183768 kB) free!
[1547231400] CURRENT SERVICE STATE: smscapp2;Sensors Status;OK;HARD;1;SENSORS OK
[1547231400] CURRENT SERVICE STATE: smscapp2;Total Processes;OK;HARD;1;PROCS OK: 337 processes
[1547231400] CURRENT SERVICE STATE: sservercluster1;CPU Load;OK;HARD;1;OK - load average: 0.00, 0.01, 0.05
[1547231400] CURRENT SERVICE STATE: sservercluster1;CPU_Procs;OK;HARD;1;CPU OK: 286 processes
[1547231400] CURRENT SERVICE STATE: sservercluster1;Current Users;OK;HARD;1;USERS OK - 1 users currently logged in
[1547231400] CURRENT SERVICE STATE: sservercluster1;HDD_Home status;OK;HARD;1;DISK OK - free space: /home 220679 MB (99% inode=99%):
[1547231400] CURRENT SERVICE STATE: sservercluster1;HDD_Root status;OK;HARD;1;DISK OK - free space: / 41759 MB (81% inode=99%):
[1547231400] CURRENT SERVICE STATE: sservercluster1;LocalService-NTPD SERVICE;OK;HARD;1;PROCS OK: 1 process with command name 'ntpd'
[1547231400] CURRENT SERVICE STATE: sservercluster1;Memory;OK;HARD;1;OK - 96.1% (23546640 kB) free.
[1547231400] CURRENT SERVICE STATE: sservercluster1;Sensors Status;OK;HARD;1;SENSORS OK
[1547231400] CURRENT SERVICE STATE: sservercluster1;Total Processes;OK;HARD;1;PROCS OK: 283 processes
[1547231400] CURRENT SERVICE STATE: sservercluster2;CPU Load;OK;HARD;1;OK - load average: 0.00, 0.01, 0.05
[1547231400] CURRENT SERVICE STATE: sservercluster2;CPU_Procs;OK;HARD;1;CPU OK: 301 processes
[1547231400] CURRENT SERVICE STATE: sservercluster2;Current Users;OK;HARD;1;USERS OK - 1 users currently logged in
[1547231400] CURRENT SERVICE STATE: sservercluster2;HDD_Home status;OK;HARD;1;DISK OK - free space: /home 219756 MB (99% inode=99%):
[1547231400] CURRENT SERVICE STATE: sservercluster2;HDD_Root status;OK;HARD;1;DISK OK - free space: / 41248 MB (80% inode=99%):
[1547231400] CURRENT SERVICE STATE: sservercluster2;LocalService-NTPD SERVICE;OK;HARD;1;PROCS OK: 1 process with command name 'ntpd'
[1547231400] CURRENT SERVICE STATE: sservercluster2;Memory;OK;HARD;1;OK - 93.5% (22922448 kB) free.
[1547231400] CURRENT SERVICE STATE: sservercluster2;Sensors Status;OK;HARD;1;SENSORS OK
[1547231400] CURRENT SERVICE STATE: sservercluster2;Total Processes;OK;HARD;1;PROCS OK: 303 processes
[1547231400] CURRENT SERVICE STATE: webserver1;CPU Load;OK;HARD;1;OK - load average: 0.00, 0.01, 0.05
[1547231400] CURRENT SERVICE STATE: webserver1;CPU_Procs;OK;HARD;1;CPU OK: 320 processes
[1547231400] CURRENT SERVICE STATE: webserver1;Current Users;OK;HARD;1;USERS OK - 0 users currently logged in
[1547231400] CURRENT SERVICE STATE: webserver1;HDD_Home status;OK;HARD;1;DISK OK - free space: /home 224832 MB (99% inode=99%):
[1547231400] CURRENT SERVICE STATE: webserver1;HDD_Root status;OK;HARD;1;DISK OK - free space: / 40984 MB (80% inode=99%):
[1547231400] CURRENT SERVICE STATE: webserver1;LocalService-NTPD SERVICE;OK;HARD;1;PROCS OK: 1 process with command name 'ntpd'
[1547231400] CURRENT SERVICE STATE: webserver1;Memory;OK;HARD;1;OK - 93.3% (22845032 kB) free.
[1547231400] CURRENT SERVICE STATE: webserver1;Nginx_status;OK;HARD;1;NGINX OK -  0.089 sec. response time, Active: 0 (Writing: 0 Reading: 0 Waiting: 0) ReqPerSec: 0.000 ConnPerSec: 0.000 ReqPerConn: 0.000
[1547231400] CURRENT SERVICE STATE: webserver1;Sensors Status;OK;HARD;1;SENSORS OK
[1547231400] CURRENT SERVICE STATE: webserver1;Total Processes;OK;HARD;1;PROCS OK: 318 processes
[1547231400] CURRENT SERVICE STATE: webserver2;CPU_Procs;OK;HARD;1;CPU OK: 421 processes
[1547231400] CURRENT SERVICE STATE: webserver2;Current Load;OK;HARD;1;OK - load average: 0.98, 0.68, 0.33
[1547231400] CURRENT SERVICE STATE: webserver2;Current Users;OK;HARD;1;USERS OK - 15 users currently logged in
[1547231400] CURRENT SERVICE STATE: webserver2;HDD_Home status;OK;HARD;1;DISK OK - free space: /home 217640 MB (96.84% inode=100%):
[1547231400] CURRENT SERVICE STATE: webserver2;HTTP;OK;HARD;1;HTTP OK: HTTP/1.1 200 OK - 355 bytes in 0.001 second response time
[1547231400] CURRENT SERVICE STATE: webserver2;LocalService-NTPD SERVICE;OK;HARD;1;PROCS OK: 1 process with command name 'ntpd'
[1547231400] CURRENT SERVICE STATE: webserver2;Memory;OK;HARD;1;OK - 24.0% (5885356 kB) free.
[1547231400] CURRENT SERVICE STATE: webserver2;PING;OK;HARD;1;PING OK - Packet loss = 0%, RTA = 0.07 ms
[1547231400] CURRENT SERVICE STATE: webserver2;Root Partition;OK;HARD;1;DISK OK - free space: / 38256 MB (74.75% inode=99%):
[1547231400] CURRENT SERVICE STATE: webserver2;SSH;OK;HARD;1;SSH OK - OpenSSH_7.4 (protocol 2.0)
[1547231400] CURRENT SERVICE STATE: webserver2;Sensors Status;OK;HARD;1;SENSORS OK
[1547231400] CURRENT SERVICE STATE: webserver2;Total Processes;OK;HARD;1;PROCS OK: 161 processes with STATE = RSZDT
[1547231400] CURRENT SERVICE STATE: webservercluster1;CPU Load;OK;HARD;1;OK - load average: 0.00, 0.01, 0.05
[1547231400] CURRENT SERVICE STATE: webservercluster1;CPU_Procs;OK;HARD;1;CPU OK: 298 processes
[1547231400] CURRENT SERVICE STATE: webservercluster1;Current Users;OK;HARD;1;USERS OK - 1 users currently logged in
[1547231400] CURRENT SERVICE STATE: webservercluster1;HDD_Home status;OK;HARD;1;DISK OK - free space: / 40448 MB (79% inode=99%):
[1547231400] CURRENT SERVICE STATE: webservercluster1;HDD_Root status;OK;HARD;1;DISK OK - free space: /home 219261 MB (97% inode=99%):
[1547231400] CURRENT SERVICE STATE: webservercluster1;LocalService-NTPD SERVICE;OK;HARD;1;PROCS OK: 1 process with command name 'ntpd'
[1547231400] CURRENT SERVICE STATE: webservercluster1;Memory;OK;HARD;1;OK - 92.5% (15032416 kB) free.
[1547231400] CURRENT SERVICE STATE: webservercluster1;Sensors Status;OK;HARD;1;SENSORS OK
[1547231400] CURRENT SERVICE STATE: webservercluster1;Total Processes;OK;HARD;1;PROCS OK: 296 processes
[1547231400] CURRENT SERVICE STATE: webservercluster2;CPU Load;OK;HARD;1;OK - load average: 0.00, 0.01, 0.05
[1547231400] CURRENT SERVICE STATE: webservercluster2;CPU_Procs;OK;HARD;1;CPU OK: 293 processes
[1547231400] CURRENT SERVICE STATE: webservercluster2;Current Users;OK;HARD;1;USERS OK - 1 users currently logged in
[1547231400] CURRENT SERVICE STATE: webservercluster2;HDD_Home status;OK;HARD;1;DISK OK - free space: /home 224709 MB (99% inode=99%):
[1547231400] CURRENT SERVICE STATE: webservercluster2;HDD_Root status;OK;HARD;1;DISK OK - free space: / 41116 MB (80% inode=99%):
[1547231400] CURRENT SERVICE STATE: webservercluster2;LocalService-NTPD SERVICE;OK;HARD;1;PROCS OK: 1 process with command name 'ntpd'
[1547231400] CURRENT SERVICE STATE: webservercluster2;Memory;OK;HARD;1;OK - 93.8% (15251344 kB) free.
[1547231400] CURRENT SERVICE STATE: webservercluster2;Sensors Status;OK;HARD;1;SENSORS OK
[1547231400] CURRENT SERVICE STATE: webservercluster2;Total Processes;OK;HARD;1;PROCS OK: 293 processes
[1547232036] SERVICE ALERT: db2;CPU_Procs;CRITICAL;SOFT;1;CPU CRITICAL: 1 crit, 0 warn out of 292 processes
[1547232156] SERVICE ALERT: db2;CPU_Procs;CRITICAL;SOFT;2;CPU CRITICAL: 1 crit, 0 warn out of 292 processes
[1547232168] SERVICE NOTIFICATION: nagiosadmin;smscapp1;Memory;CRITICAL;notify-service-by-email;CRITICAL - 1.0% (158960 kB) free!
[1547232276] SERVICE ALERT: db2;CPU_Procs;OK;HARD;1;CPU OK: 290 processes
[1547232484] SERVICE NOTIFICATION: nagiosadmin;pservercluster2;CPU_Procs;CRITICAL;notify-service-by-email;CPU CRITICAL: 1 crit, 4 warn out of 352 processes
[1547232484] SERVICE ALERT: pservercluster2;CPU_Procs;CRITICAL;HARD;3;CPU CRITICAL: 1 crit, 4 warn out of 352 processes
[1547232539] Auto-save of retention data completed successfully.
[1547232876] SERVICE ALERT: db2;CPU_Procs;CRITICAL;SOFT;1;CPU CRITICAL: 1 crit, 0 warn out of 291 processes
[1547232908] SERVICE NOTIFICATION: nagiosadmin;db2;Memory;WARNING;notify-service-by-email;WARNING - 14.3% (7049780 kB) free!
[1547232996] SERVICE ALERT: db2;CPU_Procs;CRITICAL;SOFT;2;CPU CRITICAL: 1 crit, 0 warn out of 291 processes
[1547233116] SERVICE NOTIFICATION: nagiosadmin;db2;CPU_Procs;CRITICAL;notify-service-by-email;CPU CRITICAL: 1 crit, 0 warn out of 294 processes
[1547233116] SERVICE ALERT: db2;CPU_Procs;CRITICAL;HARD;3;CPU CRITICAL: 1 crit, 0 warn out of 294 processes
[1547233180] SERVICE NOTIFICATION: nagiosadmin;smscapp1;CPU_Procs;CRITICAL;notify-service-by-email;CPU CRITICAL: 3 crit, 0 warn out of 303 processes
[1547233210] SERVICE NOTIFICATION: nagiosadmin;sigqscluster2;CPU_Procs;CRITICAL;notify-service-by-email;CPU CRITICAL: 1 crit, 0 warn out of 335 processes
[1547233314] SERVICE NOTIFICATION: nagiosadmin;qservercluster1;CPU_Procs;CRITICAL;notify-service-by-email;CPU CRITICAL: 1 crit, 0 warn out of 308 processes
[1547233556] SERVICE NOTIFICATION: nagiosadmin;sigqscluster1;CPU_Procs;CRITICAL;notify-service-by-email;CPU CRITICAL: 1 crit, 0 warn out of 336 processes
[1547233686] SERVICE NOTIFICATION: nagiosadmin;qservercluster2;CPU_Procs;CRITICAL;notify-service-by-email;CPU CRITICAL: 1 crit, 0 warn out of 301 processes
[1547233716] SERVICE NOTIFICATION: nagiosadmin;db2;CPU_Procs;OK;notify-service-by-email;CPU OK: 288 processes
[1547233716] SERVICE ALERT: db2;CPU_Procs;OK;HARD;1;CPU OK: 288 processes
[1547233755] SERVICE NOTIFICATION: nagiosadmin;pservercluster2;Memory;WARNING;notify-service-by-email;WARNING - 13.9% (3407020 kB) free!
[1547233755] SERVICE ALERT: pservercluster2;Memory;WARNING;HARD;3;WARNING - 13.9% (3407020 kB) free!
[1547234284] SERVICE NOTIFICATION: nagiosadmin;pservercluster2;CPU_Procs;WARNING;notify-service-by-email;CPU WARNING: 5 warn out of 345 processes
[1547234284] SERVICE ALERT: pservercluster2;CPU_Procs;WARNING;HARD;3;CPU WARNING: 5 warn out of 345 processes
[1547234339] SERVICE NOTIFICATION: nagiosadmin;smscapp2;Memory;CRITICAL;notify-service-by-email;CRITICAL - 1.2% (202864 kB) free!
[1547234572] SERVICE NOTIFICATION: nagiosadmin;qservercluster2;CPU Load;WARNING;notify-service-by-email;WARNING - load average: 9.91, 9.77, 9.47
[1547234830] SERVICE NOTIFICATION: nagiosadmin;pservercluster2;HDD_Root status;WARNING;notify-service-by-email;DISK WARNING - free space: / 8090 MB (15% inode=98%):
[1547234891] SERVICE NOTIFICATION: nagiosadmin;smscapp2;CPU_Procs;WARNING;notify-service-by-email;CPU WARNING: 5 warn out of 337 processes
[1547235768] SERVICE NOTIFICATION: nagiosadmin;smscapp1;Memory;CRITICAL;notify-service-by-email;CRITICAL - 1.0% (164716 kB) free!
[1547236139] Auto-save of retention data completed successfully.
[1547236508] SERVICE NOTIFICATION: nagiosadmin;db2;Memory;WARNING;notify-service-by-email;WARNING - 14.3% (7071664 kB) free!
[1547236781] SERVICE NOTIFICATION: nagiosadmin;smscapp1;CPU_Procs;CRITICAL;notify-service-by-email;CPU CRITICAL: 3 crit, 0 warn out of 303 processes
[1547236810] SERVICE NOTIFICATION: nagiosadmin;sigqscluster2;CPU_Procs;CRITICAL;notify-service-by-email;CPU CRITICAL: 1 crit, 0 warn out of 336 processes
[1547236914] SERVICE NOTIFICATION: nagiosadmin;qservercluster1;CPU_Procs;CRITICAL;notify-service-by-email;CPU CRITICAL: 1 crit, 0 warn out of 305 processes
[1547237156] SERVICE NOTIFICATION: nagiosadmin;sigqscluster1;CPU_Procs;CRITICAL;notify-service-by-email;CPU CRITICAL: 1 crit, 0 warn out of 335 processes
[1547237286] SERVICE NOTIFICATION: nagiosadmin;qservercluster2;CPU_Procs;CRITICAL;notify-service-by-email;CPU CRITICAL: 1 crit, 0 warn out of 301 processes
[1547237356] SERVICE NOTIFICATION: nagiosadmin;pservercluster2;Memory;WARNING;notify-service-by-email;WARNING - 12.6% (3099652 kB) free!
[1547237884] SERVICE NOTIFICATION: nagiosadmin;pservercluster2;CPU_Procs;WARNING;notify-service-by-email;CPU WARNING: 5 warn out of 345 processes
[1547237939] SERVICE NOTIFICATION: nagiosadmin;smscapp2;Memory;CRITICAL;notify-service-by-email;CRITICAL - 1.2% (199716 kB) free!
[1547238172] SERVICE NOTIFICATION: nagiosadmin;qservercluster2;CPU Load;WARNING;notify-service-by-email;WARNING - load average: 10.09, 9.42, 9.29
[1547238430] SERVICE NOTIFICATION: nagiosadmin;pservercluster2;HDD_Root status;WARNING;notify-service-by-email;DISK WARNING - free space: / 8090 MB (15% inode=98%):
[1547238491] SERVICE NOTIFICATION: nagiosadmin;smscapp2;CPU_Procs;WARNING;notify-service-by-email;CPU WARNING: 5 warn out of 338 processes
[1547239368] SERVICE NOTIFICATION: nagiosadmin;smscapp1;Memory;CRITICAL;notify-service-by-email;CRITICAL - 1.0% (163732 kB) free!
[1547239739] Auto-save of retention data completed successfully.
[1547240108] SERVICE NOTIFICATION: nagiosadmin;db2;Memory;WARNING;notify-service-by-email;WARNING - 18.2% (8976572 kB) free!
[1547240410] SERVICE NOTIFICATION: nagiosadmin;sigqscluster2;CPU_Procs;CRITICAL;notify-service-by-email;CPU CRITICAL: 1 crit, 0 warn out of 335 processes
[1547240515] SERVICE NOTIFICATION: nagiosadmin;qservercluster1;CPU_Procs;CRITICAL;notify-service-by-email;CPU CRITICAL: 1 crit, 0 warn out of 306 processes
[1547240756] SERVICE NOTIFICATION: nagiosadmin;sigqscluster1;CPU_Procs;CRITICAL;notify-service-by-email;CPU CRITICAL: 1 crit, 0 warn out of 338 processes
[1547240886] SERVICE NOTIFICATION: nagiosadmin;qservercluster2;CPU_Procs;CRITICAL;notify-service-by-email;CPU CRITICAL: 1 crit, 0 warn out of 303 processes
[1547240980] SERVICE NOTIFICATION: nagiosadmin;smscapp1;CPU_Procs;CRITICAL;notify-service-by-email;CPU CRITICAL: 3 crit, 0 warn out of 300 processes
[1547241485] SERVICE NOTIFICATION: nagiosadmin;pservercluster2;CPU_Procs;WARNING;notify-service-by-email;CPU WARNING: 5 warn out of 345 processes
[1547241539] SERVICE NOTIFICATION: nagiosadmin;smscapp2;Memory;CRITICAL;notify-service-by-email;CRITICAL - 1.2% (199112 kB) free!
[1547241555] SERVICE NOTIFICATION: nagiosadmin;pservercluster2;Memory;WARNING;notify-service-by-email;WARNING - 12.1% (2964848 kB) free!
[1547241772] SERVICE NOTIFICATION: nagiosadmin;qservercluster2;CPU Load;WARNING;notify-service-by-email;WARNING - load average: 9.20, 9.21, 9.25
[1547242030] SERVICE NOTIFICATION: nagiosadmin;pservercluster2;HDD_Root status;WARNING;notify-service-by-email;DISK WARNING - free space: / 8091 MB (15% inode=98%):
[1547242091] SERVICE NOTIFICATION: nagiosadmin;smscapp2;CPU_Procs;WARNING;notify-service-by-email;CPU WARNING: 5 warn out of 339 processes
[1547242968] SERVICE NOTIFICATION: nagiosadmin;smscapp1;Memory;CRITICAL;notify-service-by-email;CRITICAL - 1.0% (161028 kB) free!
[1547243339] Auto-save of retention data completed successfully.
[1547243708] SERVICE NOTIFICATION: nagiosadmin;db2;Memory;WARNING;notify-service-by-email;WARNING - 18.2% (8975512 kB) free!
[1547244011] SERVICE NOTIFICATION: nagiosadmin;sigqscluster2;CPU_Procs;CRITICAL;notify-service-by-email;CPU CRITICAL: 1 crit, 0 warn out of 336 processes
[1547244356] SERVICE NOTIFICATION: nagiosadmin;sigqscluster1;CPU_Procs;CRITICAL;notify-service-by-email;CPU CRITICAL: 1 crit, 0 warn out of 337 processes
[1547244486] SERVICE NOTIFICATION: nagiosadmin;qservercluster2;CPU_Procs;CRITICAL;notify-service-by-email;CPU CRITICAL: 1 crit, 0 warn out of 300 processes
[1547244580] SERVICE NOTIFICATION: nagiosadmin;smscapp1;CPU_Procs;CRITICAL;notify-service-by-email;CPU CRITICAL: 3 crit, 0 warn out of 300 processes
[1547244714] SERVICE NOTIFICATION: nagiosadmin;qservercluster1;CPU_Procs;CRITICAL;notify-service-by-email;CPU CRITICAL: 1 crit, 0 warn out of 306 processes
[1547245139] SERVICE NOTIFICATION: nagiosadmin;smscapp2;Memory;CRITICAL;notify-service-by-email;CRITICAL - 1.2% (196052 kB) free!
[1547245155] SERVICE NOTIFICATION: nagiosadmin;pservercluster2;Memory;WARNING;notify-service-by-email;WARNING - 11.9% (2926736 kB) free!
[1547245160] SERVICE ALERT: sig1;CPU_Procs;WARNING;SOFT;1;CPU WARNING: 1 warn out of 316 processes
[1547245281] SERVICE ALERT: sig1;CPU_Procs;OK;HARD;1;CPU OK: 312 processes
[1547245372] SERVICE NOTIFICATION: nagiosadmin;qservercluster2;CPU Load;WARNING;notify-service-by-email;WARNING - load average: 9.44, 9.11, 9.02
[1547245630] SERVICE NOTIFICATION: nagiosadmin;pservercluster2;HDD_Root status;WARNING;notify-service-by-email;DISK WARNING - free space: / 8091 MB (15% inode=98%):
[1547245684] SERVICE NOTIFICATION: nagiosadmin;pservercluster2;CPU_Procs;WARNING;notify-service-by-email;CPU WARNING: 5 warn out of 347 processes
[1547245691] SERVICE NOTIFICATION: nagiosadmin;smscapp2;CPU_Procs;WARNING;notify-service-by-email;CPU WARNING: 5 warn out of 340 processes
[1547246285] SERVICE NOTIFICATION: nagiosadmin;pservercluster2;CPU_Procs;CRITICAL;notify-service-by-email;CPU CRITICAL: 1 crit, 4 warn out of 344 processes
[1547246285] SERVICE ALERT: pservercluster2;CPU_Procs;CRITICAL;HARD;3;CPU CRITICAL: 1 crit, 4 warn out of 344 processes
[1547246568] SERVICE NOTIFICATION: nagiosadmin;smscapp1;Memory;CRITICAL;notify-service-by-email;CRITICAL - 1.0% (160388 kB) free!
[1547246602] SERVICE ALERT: qservercluster1;CPU Load;WARNING;SOFT;1;WARNING - load average: 10.65, 10.32, 10.01
[1547246722] SERVICE ALERT: qservercluster1;CPU Load;WARNING;SOFT;2;WARNING - load average: 10.15, 10.35, 10.06
[1547246842] SERVICE NOTIFICATION: nagiosadmin;qservercluster1;CPU Load;WARNING;notify-service-by-email;WARNING - load average: 10.37, 10.36, 10.10
[1547246842] SERVICE ALERT: qservercluster1;CPU Load;WARNING;HARD;3;WARNING - load average: 10.37, 10.36, 10.10
[1547246939] Auto-save of retention data completed successfully.
[1547247309] SERVICE NOTIFICATION: nagiosadmin;db2;Memory;WARNING;notify-service-by-email;WARNING - 18.2% (8975424 kB) free!
[1547247442] SERVICE NOTIFICATION: nagiosadmin;qservercluster1;CPU Load;OK;notify-service-by-email;OK - load average: 9.42, 9.88, 9.98
[1547247442] SERVICE ALERT: qservercluster1;CPU Load;OK;HARD;1;OK - load average: 9.42, 9.88, 9.98
[1547247956] SERVICE NOTIFICATION: nagiosadmin;sigqscluster1;CPU_Procs;CRITICAL;notify-service-by-email;CPU CRITICAL: 1 crit, 0 warn out of 335 processes
[1547248086] SERVICE NOTIFICATION: nagiosadmin;qservercluster2;CPU_Procs;CRITICAL;notify-service-by-email;CPU CRITICAL: 1 crit, 0 warn out of 304 processes
[1547248180] SERVICE NOTIFICATION: nagiosadmin;smscapp1;CPU_Procs;CRITICAL;notify-service-by-email;CPU CRITICAL: 3 crit, 0 warn out of 300 processes
[1547248210] SERVICE NOTIFICATION: nagiosadmin;sigqscluster2;CPU_Procs;CRITICAL;notify-service-by-email;CPU CRITICAL: 1 crit, 0 warn out of 333 processes
[1547248314] SERVICE NOTIFICATION: nagiosadmin;qservercluster1;CPU_Procs;CRITICAL;notify-service-by-email;CPU CRITICAL: 1 crit, 0 warn out of 310 processes
[1547248642] SERVICE ALERT: qservercluster1;CPU Load;WARNING;SOFT;1;WARNING - load average: 10.11, 10.47, 10.27
[1547248739] SERVICE NOTIFICATION: nagiosadmin;smscapp2;Memory;CRITICAL;notify-service-by-email;CRITICAL - 1.2% (194352 kB) free!
[1547248755] SERVICE NOTIFICATION: nagiosadmin;pservercluster2;Memory;WARNING;notify-service-by-email;WARNING - 11.7% (2876924 kB) free!
[1547248762] SERVICE ALERT: qservercluster1;CPU Load;WARNING;SOFT;2;WARNING - load average: 11.44, 10.78, 10.40
[1547248883] SERVICE NOTIFICATION: nagiosadmin;qservercluster1;CPU Load;WARNING;notify-service-by-email;WARNING - load average: 10.39, 10.43, 10.31
[1547248883] SERVICE ALERT: qservercluster1;CPU Load;WARNING;HARD;3;WARNING - load average: 10.39, 10.43, 10.31
[1547248972] SERVICE NOTIFICATION: nagiosadmin;qservercluster2;CPU Load;WARNING;notify-service-by-email;WARNING - load average: 7.99, 8.62, 8.80
[1547249231] SERVICE NOTIFICATION: nagiosadmin;pservercluster2;HDD_Root status;WARNING;notify-service-by-email;DISK WARNING - free space: / 8091 MB (15% inode=98%):
[1547249291] SERVICE NOTIFICATION: nagiosadmin;smscapp2;CPU_Procs;WARNING;notify-service-by-email;CPU WARNING: 5 warn out of 339 processes
[1547249885] SERVICE NOTIFICATION: nagiosadmin;pservercluster2;CPU_Procs;CRITICAL;notify-service-by-email;CPU CRITICAL: 1 crit, 4 warn out of 346 processes
[1547250168] SERVICE NOTIFICATION: nagiosadmin;smscapp1;Memory;CRITICAL;notify-service-by-email;CRITICAL - 1.0% (161364 kB) free!
[1547250539] Auto-save of retention data completed successfully.
[1547251508] SERVICE NOTIFICATION: nagiosadmin;db2;Memory;WARNING;notify-service-by-email;WARNING - 18.2% (8973852 kB) free!
[1547251556] SERVICE NOTIFICATION: nagiosadmin;sigqscluster1;CPU_Procs;CRITICAL;notify-service-by-email;CPU CRITICAL: 1 crit, 0 warn out of 336 processes
[1547251686] SERVICE NOTIFICATION: nagiosadmin;qservercluster2;CPU_Procs;CRITICAL;notify-service-by-email;CPU CRITICAL: 1 crit, 0 warn out of 302 processes
[1547251780] SERVICE NOTIFICATION: nagiosadmin;smscapp1;CPU_Procs;CRITICAL;notify-service-by-email;CPU CRITICAL: 3 crit, 0 warn out of 300 processes
[1547251810] SERVICE NOTIFICATION: nagiosadmin;sigqscluster2;CPU_Procs;CRITICAL;notify-service-by-email;CPU CRITICAL: 1 crit, 0 warn out of 336 processes
[1547251914] SERVICE NOTIFICATION: nagiosadmin;qservercluster1;CPU_Procs;CRITICAL;notify-service-by-email;CPU CRITICAL: 1 crit, 0 warn out of 307 processes
[1547252340] SERVICE NOTIFICATION: nagiosadmin;smscapp2;Memory;CRITICAL;notify-service-by-email;CRITICAL - 1.2% (193472 kB) free!
[1547252355] SERVICE NOTIFICATION: nagiosadmin;pservercluster2;Memory;WARNING;notify-service-by-email;WARNING - 11.7% (2859672 kB) free!
[1547252483] SERVICE NOTIFICATION: nagiosadmin;qservercluster1;CPU Load;WARNING;notify-service-by-email;WARNING - load average: 10.56, 10.59, 10.49
[1547252573] SERVICE NOTIFICATION: nagiosadmin;qservercluster2;CPU Load;WARNING;notify-service-by-email;WARNING - load average: 8.72, 8.72, 8.77
[1547252891] SERVICE NOTIFICATION: nagiosadmin;smscapp2;CPU_Procs;WARNING;notify-service-by-email;CPU WARNING: 5 warn out of 340 processes
[1547253430] SERVICE NOTIFICATION: nagiosadmin;pservercluster2;HDD_Root status;WARNING;notify-service-by-email;DISK WARNING - free space: / 8091 MB (15% inode=98%):
[1547253485] SERVICE NOTIFICATION: nagiosadmin;pservercluster2;CPU_Procs;CRITICAL;notify-service-by-email;CPU CRITICAL: 1 crit, 4 warn out of 346 processes
[1547253768] SERVICE NOTIFICATION: nagiosadmin;smscapp1;Memory;CRITICAL;notify-service-by-email;CRITICAL - 1.1% (175948 kB) free!
[1547254139] Auto-save of retention data completed successfully.
[1547255108] SERVICE NOTIFICATION: nagiosadmin;db2;Memory;WARNING;notify-service-by-email;WARNING - 18.2% (8974128 kB) free!
[1547255156] SERVICE NOTIFICATION: nagiosadmin;sigqscluster1;CPU_Procs;CRITICAL;notify-service-by-email;CPU CRITICAL: 1 crit, 0 warn out of 336 processes
[1547255286] SERVICE NOTIFICATION: nagiosadmin;qservercluster2;CPU_Procs;CRITICAL;notify-service-by-email;CPU CRITICAL: 1 crit, 0 warn out of 302 processes
[1547255380] SERVICE NOTIFICATION: nagiosadmin;smscapp1;CPU_Procs;CRITICAL;notify-service-by-email;CPU CRITICAL: 3 crit, 0 warn out of 300 processes
[1547255411] SERVICE NOTIFICATION: nagiosadmin;sigqscluster2;CPU_Procs;CRITICAL;notify-service-by-email;CPU CRITICAL: 1 crit, 0 warn out of 335 processes
[1547255514] SERVICE NOTIFICATION: nagiosadmin;qservercluster1;CPU_Procs;CRITICAL;notify-service-by-email;CPU CRITICAL: 1 crit, 0 warn out of 308 processes
[1547255955] SERVICE NOTIFICATION: nagiosadmin;pservercluster2;Memory;WARNING;notify-service-by-email;WARNING - 11.5% (2818964 kB) free!
[1547256083] SERVICE NOTIFICATION: nagiosadmin;qservercluster1;CPU Load;WARNING;notify-service-by-email;WARNING - load average: 11.18, 11.29, 11.25
[1547256491] SERVICE NOTIFICATION: nagiosadmin;smscapp2;CPU_Procs;WARNING;notify-service-by-email;CPU WARNING: 5 warn out of 341 processes
[1547256539] SERVICE NOTIFICATION: nagiosadmin;smscapp2;Memory;CRITICAL;notify-service-by-email;CRITICAL - 1.5% (238204 kB) free!
[1547256772] SERVICE NOTIFICATION: nagiosadmin;qservercluster2;CPU Load;WARNING;notify-service-by-email;WARNING - load average: 9.10, 8.84, 8.79
[1547257030] SERVICE NOTIFICATION: nagiosadmin;pservercluster2;HDD_Root status;WARNING;notify-service-by-email;DISK WARNING - free space: / 8091 MB (15% inode=98%):
[1547257086] SERVICE NOTIFICATION: nagiosadmin;pservercluster2;CPU_Procs;CRITICAL;notify-service-by-email;CPU CRITICAL: 1 crit, 4 warn out of 346 processes
[1547257368] SERVICE NOTIFICATION: nagiosadmin;smscapp1;Memory;CRITICAL;notify-service-by-email;CRITICAL - 1.1% (176004 kB) free!
[1547257739] Auto-save of retention data completed successfully.
[1547257894] SERVICE ALERT: primary-server;CPU_Procs;WARNING;SOFT;1;CPU WARNING: 1 warn out of 369 processes
[1547258014] SERVICE ALERT: primary-server;CPU_Procs;OK;HARD;1;CPU OK: 354 processes
[1547258708] SERVICE NOTIFICATION: nagiosadmin;db2;Memory;WARNING;notify-service-by-email;WARNING - 18.2% (8974376 kB) free!
[1547258756] SERVICE NOTIFICATION: nagiosadmin;sigqscluster1;CPU_Procs;CRITICAL;notify-service-by-email;CPU CRITICAL: 1 crit, 0 warn out of 337 processes
[1547258886] SERVICE NOTIFICATION: nagiosadmin;qservercluster2;CPU_Procs;CRITICAL;notify-service-by-email;CPU CRITICAL: 1 crit, 0 warn out of 302 processes
[1547258980] SERVICE NOTIFICATION: nagiosadmin;smscapp1;CPU_Procs;CRITICAL;notify-service-by-email;CPU CRITICAL: 3 crit, 0 warn out of 300 processes
[1547259115] SERVICE NOTIFICATION: nagiosadmin;qservercluster1;CPU_Procs;CRITICAL;notify-service-by-email;CPU CRITICAL: 1 crit, 0 warn out of 305 processes
[1547259555] SERVICE NOTIFICATION: nagiosadmin;pservercluster2;Memory;WARNING;notify-service-by-email;WARNING - 11.5% (2807116 kB) free!
[1547259610] SERVICE NOTIFICATION: nagiosadmin;sigqscluster2;CPU_Procs;CRITICAL;notify-service-by-email;CPU CRITICAL: 1 crit, 0 warn out of 335 processes
[1547259683] SERVICE NOTIFICATION: nagiosadmin;qservercluster1;CPU Load;WARNING;notify-service-by-email;WARNING - load average: 11.41, 11.74, 12.53
[1547259814] SERVICE ALERT: primary-server;CPU_Procs;WARNING;SOFT;1;CPU WARNING: 1 warn out of 344 processes
[1547259934] SERVICE ALERT: primary-server;CPU_Procs;OK;HARD;1;CPU OK: 344 processes
[1547260091] SERVICE NOTIFICATION: nagiosadmin;smscapp2;CPU_Procs;WARNING;notify-service-by-email;CPU WARNING: 5 warn out of 337 processes
[1547260140] SERVICE NOTIFICATION: nagiosadmin;smscapp2;Memory;CRITICAL;notify-service-by-email;CRITICAL - 1.4% (234308 kB) free!
[1547260372] SERVICE NOTIFICATION: nagiosadmin;qservercluster2;CPU Load;WARNING;notify-service-by-email;WARNING - load average: 8.02, 8.46, 8.52
[1547260630] SERVICE NOTIFICATION: nagiosadmin;pservercluster2;HDD_Root status;WARNING;notify-service-by-email;DISK WARNING - free space: / 8091 MB (15% inode=98%):
[1547260968] SERVICE NOTIFICATION: nagiosadmin;smscapp1;Memory;CRITICAL;notify-service-by-email;CRITICAL - 1.1% (177684 kB) free!
[1547261285] SERVICE NOTIFICATION: nagiosadmin;pservercluster2;CPU_Procs;CRITICAL;notify-service-by-email;CPU CRITICAL: 1 crit, 4 warn out of 348 processes
[1547261339] Auto-save of retention data completed successfully.
[1547262308] SERVICE NOTIFICATION: nagiosadmin;db2;Memory;WARNING;notify-service-by-email;WARNING - 18.2% (8973900 kB) free!
[1547262356] SERVICE NOTIFICATION: nagiosadmin;sigqscluster1;CPU_Procs;CRITICAL;notify-service-by-email;CPU CRITICAL: 1 crit, 0 warn out of 336 processes
[1547262486] SERVICE NOTIFICATION: nagiosadmin;qservercluster2;CPU_Procs;CRITICAL;notify-service-by-email;CPU CRITICAL: 1 crit, 0 warn out of 301 processes
[1547262580] SERVICE NOTIFICATION: nagiosadmin;smscapp1;CPU_Procs;CRITICAL;notify-service-by-email;CPU CRITICAL: 3 crit, 0 warn out of 301 processes
[1547263155] SERVICE NOTIFICATION: nagiosadmin;pservercluster2;Memory;WARNING;notify-service-by-email;WARNING - 11.3% (2780232 kB) free!
[1547263210] SERVICE NOTIFICATION: nagiosadmin;sigqscluster2;CPU_Procs;CRITICAL;notify-service-by-email;CPU CRITICAL: 1 crit, 0 warn out of 335 processes
[1547263283] SERVICE NOTIFICATION: nagiosadmin;qservercluster1;CPU Load;WARNING;notify-service-by-email;WARNING - load average: 15.59, 15.33, 13.99
[1547263314] SERVICE NOTIFICATION: nagiosadmin;qservercluster1;CPU_Procs;CRITICAL;notify-service-by-email;CPU CRITICAL: 1 crit, 0 warn out of 310 processes
[1547263692] SERVICE NOTIFICATION: nagiosadmin;smscapp2;CPU_Procs;WARNING;notify-service-by-email;CPU WARNING: 5 warn out of 336 processes
[1547263972] SERVICE NOTIFICATION: nagiosadmin;qservercluster2;CPU Load;WARNING;notify-service-by-email;WARNING - load average: 8.27, 8.12, 8.18
[1547264230] SERVICE NOTIFICATION: nagiosadmin;pservercluster2;HDD_Root status;WARNING;notify-service-by-email;DISK WARNING - free space: / 8090 MB (15% inode=98%):
[1547264339] SERVICE NOTIFICATION: nagiosadmin;smscapp2;Memory;CRITICAL;notify-service-by-email;CRITICAL - 1.4% (232556 kB) free!
[1547264568] SERVICE NOTIFICATION: nagiosadmin;smscapp1;Memory;CRITICAL;notify-service-by-email;CRITICAL - 1.0% (164720 kB) free!
[1547264885] SERVICE NOTIFICATION: nagiosadmin;pservercluster2;CPU_Procs;CRITICAL;notify-service-by-email;CPU CRITICAL: 1 crit, 4 warn out of 346 processes
[1547264939] Auto-save of retention data completed successfully.
[1547265908] SERVICE NOTIFICATION: nagiosadmin;db2;Memory;WARNING;notify-service-by-email;WARNING - 18.2% (8950384 kB) free!
[1547265956] SERVICE NOTIFICATION: nagiosadmin;sigqscluster1;CPU_Procs;CRITICAL;notify-service-by-email;CPU CRITICAL: 1 crit, 0 warn out of 337 processes
[1547266086] SERVICE NOTIFICATION: nagiosadmin;qservercluster2;CPU_Procs;CRITICAL;notify-service-by-email;CPU CRITICAL: 1 crit, 0 warn out of 302 processes
[1547266180] SERVICE NOTIFICATION: nagiosadmin;smscapp1;CPU_Procs;CRITICAL;notify-service-by-email;CPU CRITICAL: 3 crit, 0 warn out of 302 processes
[1547266755] SERVICE NOTIFICATION: nagiosadmin;pservercluster2;Memory;WARNING;notify-service-by-email;WARNING - 10.5% (2572256 kB) free!
[1547266811] SERVICE NOTIFICATION: nagiosadmin;sigqscluster2;CPU_Procs;CRITICAL;notify-service-by-email;CPU CRITICAL: 1 crit, 0 warn out of 333 processes
[1547266883] SERVICE NOTIFICATION: nagiosadmin;qservercluster1;CPU Load;WARNING;notify-service-by-email;WARNING - load average: 11.13, 11.53, 12.25
[1547266914] SERVICE NOTIFICATION: nagiosadmin;qservercluster1;CPU_Procs;CRITICAL;notify-service-by-email;CPU CRITICAL: 1 crit, 0 warn out of 305 processes
[1547267316] SERVICE ALERT: db2;CPU_Procs;CRITICAL;SOFT;1;CPU CRITICAL: 1 crit, 0 warn out of 293 processes
[1547267436] SERVICE ALERT: db2;CPU_Procs;CRITICAL;SOFT;2;CPU CRITICAL: 1 crit, 0 warn out of 291 processes
[1547267556] SERVICE ALERT: db2;CPU_Procs;OK;HARD;1;CPU OK: 290 processes
[1547267572] SERVICE NOTIFICATION: nagiosadmin;qservercluster2;CPU Load;WARNING;notify-service-by-email;WARNING - load average: 8.73, 8.37, 8.45
[1547267830] SERVICE NOTIFICATION: nagiosadmin;pservercluster2;HDD_Root status;WARNING;notify-service-by-email;DISK WARNING - free space: / 8090 MB (15% inode=98%):
[1547267891] SERVICE NOTIFICATION: nagiosadmin;smscapp2;CPU_Procs;WARNING;notify-service-by-email;CPU WARNING: 5 warn out of 333 processes
[1547267940] SERVICE NOTIFICATION: nagiosadmin;smscapp2;Memory;CRITICAL;notify-service-by-email;CRITICAL - 0.9% (148832 kB) free!
[1547267955] SERVICE NOTIFICATION: nagiosadmin;pservercluster2;Memory;CRITICAL;notify-service-by-email;CRITICAL - 9.9% (2415612 kB) free!
[1547267955] SERVICE ALERT: pservercluster2;Memory;CRITICAL;HARD;3;CRITICAL - 9.9% (2415612 kB) free!
[1547268168] SERVICE NOTIFICATION: nagiosadmin;smscapp1;Memory;CRITICAL;notify-service-by-email;CRITICAL - 1.0% (159056 kB) free!
[1547268485] SERVICE NOTIFICATION: nagiosadmin;pservercluster2;CPU_Procs;CRITICAL;notify-service-by-email;CPU CRITICAL: 1 crit, 4 warn out of 350 processes
[1547268539] Auto-save of retention data completed successfully.
[1547269508] SERVICE NOTIFICATION: nagiosadmin;db2;Memory;WARNING;notify-service-by-email;WARNING - 18.1% (8921512 kB) free!
[1547269556] SERVICE NOTIFICATION: nagiosadmin;sigqscluster1;CPU_Procs;CRITICAL;notify-service-by-email;CPU CRITICAL: 1 crit, 0 warn out of 336 processes
[1547269686] SERVICE NOTIFICATION: nagiosadmin;qservercluster2;CPU_Procs;CRITICAL;notify-service-by-email;CPU CRITICAL: 1 crit, 0 warn out of 301 processes
[1547269781] SERVICE NOTIFICATION: nagiosadmin;smscapp1;CPU_Procs;CRITICAL;notify-service-by-email;CPU CRITICAL: 3 crit, 0 warn out of 301 processes
[1547269864] SERVICE ALERT: db1;CPU_Procs;CRITICAL;SOFT;1;CPU CRITICAL: 1 crit, 0 warn out of 328 processes
[1547269984] SERVICE ALERT: db1;CPU_Procs;OK;HARD;1;CPU OK: 327 processes
[1547270483] SERVICE NOTIFICATION: nagiosadmin;qservercluster1;CPU Load;WARNING;notify-service-by-email;WARNING - load average: 15.89, 15.51, 14.51
[1547270514] SERVICE NOTIFICATION: nagiosadmin;qservercluster1;CPU_Procs;CRITICAL;notify-service-by-email;CPU CRITICAL: 1 crit, 0 warn out of 310 processes
[1547270584] SERVICE ALERT: db1;CPU_Procs;CRITICAL;SOFT;1;CPU CRITICAL: 1 crit, 0 warn out of 327 processes
[1547270705] SERVICE ALERT: db1;CPU_Procs;OK;HARD;1;CPU OK: 326 processes
[1547271010] SERVICE NOTIFICATION: nagiosadmin;sigqscluster2;CPU_Procs;CRITICAL;notify-service-by-email;CPU CRITICAL: 1 crit, 0 warn out of 336 processes
[1547271172] SERVICE NOTIFICATION: nagiosadmin;qservercluster2;CPU Load;WARNING;notify-service-by-email;WARNING - load average: 8.27, 8.38, 8.45
[1547271430] SERVICE NOTIFICATION: nagiosadmin;pservercluster2;HDD_Root status;WARNING;notify-service-by-email;DISK WARNING - free space: / 8090 MB (15% inode=98%):
[1547271491] SERVICE NOTIFICATION: nagiosadmin;smscapp2;CPU_Procs;WARNING;notify-service-by-email;CPU WARNING: 5 warn out of 339 processes
[1547271555] SERVICE NOTIFICATION: nagiosadmin;pservercluster2;Memory;CRITICAL;notify-service-by-email;CRITICAL - 7.9% (1929772 kB) free!
[1547271756] SERVICE ALERT: db2;CPU_Procs;CRITICAL;SOFT;1;CPU CRITICAL: 1 crit, 0 warn out of 290 processes
[1547271769] SERVICE NOTIFICATION: nagiosadmin;smscapp1;Memory;CRITICAL;notify-service-by-email;CRITICAL - 1.0% (168608 kB) free!
[1547271876] SERVICE ALERT: db2;CPU_Procs;CRITICAL;SOFT;2;CPU CRITICAL: 1 crit, 0 warn out of 291 processes
[1547271996] SERVICE ALERT: db2;CPU_Procs;OK;HARD;1;CPU OK: 290 processes
[1547272085] SERVICE NOTIFICATION: nagiosadmin;pservercluster2;CPU_Procs;CRITICAL;notify-service-by-email;CPU CRITICAL: 1 crit, 4 warn out of 346 processes
[1547272139] Auto-save of retention data completed successfully.
[1547272139] SERVICE NOTIFICATION: nagiosadmin;smscapp2;Memory;CRITICAL;notify-service-by-email;CRITICAL - 2.2% (361484 kB) free!
[1547273104] SERVICE ALERT: db1;CPU_Procs;CRITICAL;SOFT;1;CPU CRITICAL: 1 crit, 0 warn out of 327 processes
[1547273108] SERVICE NOTIFICATION: nagiosadmin;db2;Memory;WARNING;notify-service-by-email;WARNING - 14.4% (7072092 kB) free!
[1547273156] SERVICE NOTIFICATION: nagiosadmin;sigqscluster1;CPU_Procs;CRITICAL;notify-service-by-email;CPU CRITICAL: 1 crit, 0 warn out of 338 processes
[1547273196] SERVICE ALERT: db2;CPU_Procs;CRITICAL;SOFT;1;CPU CRITICAL: 1 crit, 0 warn out of 290 processes
[1547273224] SERVICE ALERT: db1;CPU_Procs;OK;HARD;1;CPU OK: 327 processes
[1547273285] SERVICE NOTIFICATION: nagiosadmin;pservercluster2;CPU_Procs;WARNING;notify-service-by-email;CPU WARNING: 4 warn out of 352 processes
[1547273285] SERVICE ALERT: pservercluster2;CPU_Procs;WARNING;HARD;3;CPU WARNING: 4 warn out of 352 processes
[1547273286] SERVICE NOTIFICATION: nagiosadmin;qservercluster2;CPU_Procs;CRITICAL;notify-service-by-email;CPU CRITICAL: 1 crit, 0 warn out of 304 processes
[1547273317] SERVICE ALERT: db2;CPU_Procs;OK;HARD;1;CPU OK: 289 processes
[1547273356] SERVICE NOTIFICATION: nagiosadmin;pservercluster2;Memory;WARNING;notify-service-by-email;WARNING - 11.1% (2726476 kB) free!
[1547273356] SERVICE ALERT: pservercluster2;Memory;WARNING;HARD;3;WARNING - 11.1% (2726476 kB) free!
[1547273980] SERVICE NOTIFICATION: nagiosadmin;smscapp1;CPU_Procs;CRITICAL;notify-service-by-email;CPU CRITICAL: 3 crit, 0 warn out of 301 processes
[1547274083] SERVICE NOTIFICATION: nagiosadmin;qservercluster1;CPU Load;OK;notify-service-by-email;OK - load average: 6.63, 7.22, 9.41
[1547274083] SERVICE ALERT: qservercluster1;CPU Load;OK;HARD;1;OK - load average: 6.63, 7.22, 9.41
[1547274114] SERVICE NOTIFICATION: nagiosadmin;qservercluster1;CPU_Procs;CRITICAL;notify-service-by-email;CPU CRITICAL: 1 crit, 0 warn out of 298 processes
[1547274610] SERVICE NOTIFICATION: nagiosadmin;sigqscluster2;CPU_Procs;CRITICAL;notify-service-by-email;CPU CRITICAL: 1 crit, 0 warn out of 336 processes
[1547274772] SERVICE NOTIFICATION: nagiosadmin;qservercluster2;CPU Load;WARNING;notify-service-by-email;WARNING - load average: 3.78, 8.02, 9.05
[1547275030] SERVICE NOTIFICATION: nagiosadmin;pservercluster2;HDD_Root status;WARNING;notify-service-by-email;DISK WARNING - free space: / 8090 MB (15% inode=98%):
[1547275091] SERVICE NOTIFICATION: nagiosadmin;smscapp2;CPU_Procs;WARNING;notify-service-by-email;CPU WARNING: 5 warn out of 344 processes
[1547275156] SERVICE NOTIFICATION: nagiosadmin;pservercluster2;Memory;CRITICAL;notify-service-by-email;CRITICAL - 10.0% (2454440 kB) free!
[1547275156] SERVICE ALERT: pservercluster2;Memory;CRITICAL;HARD;3;CRITICAL - 10.0% (2454440 kB) free!
[1547275739] Auto-save of retention data completed successfully.
[1547275740] SERVICE NOTIFICATION: nagiosadmin;smscapp2;Memory;CRITICAL;notify-service-by-email;CRITICAL - 2.5% (404124 kB) free!
[1547275968] SERVICE NOTIFICATION: nagiosadmin;smscapp1;Memory;CRITICAL;notify-service-by-email;CRITICAL - 0.9% (150404 kB) free!
[1547276572] SERVICE NOTIFICATION: nagiosadmin;qservercluster2;CPU Load;OK;notify-service-by-email;OK - load average: 3.74, 3.55, 4.31
[1547276572] SERVICE ALERT: qservercluster2;CPU Load;OK;HARD;1;OK - load average: 3.74, 3.55, 4.31
[1547276708] SERVICE NOTIFICATION: nagiosadmin;db2;Memory;WARNING;notify-service-by-email;WARNING - 18.1% (8908784 kB) free!
[1547276756] SERVICE NOTIFICATION: nagiosadmin;sigqscluster1;CPU_Procs;CRITICAL;notify-service-by-email;CPU CRITICAL: 1 crit, 0 warn out of 336 processes
[1547276885] SERVICE NOTIFICATION: nagiosadmin;pservercluster2;CPU_Procs;WARNING;notify-service-by-email;CPU WARNING: 6 warn out of 370 processes
[1547276886] SERVICE NOTIFICATION: nagiosadmin;qservercluster2;CPU_Procs;CRITICAL;notify-service-by-email;CPU CRITICAL: 1 crit, 0 warn out of 302 processes
[1547276916] SERVICE ALERT: db2;CPU_Procs;CRITICAL;SOFT;1;CPU CRITICAL: 1 crit, 0 warn out of 289 processes
[1547277036] SERVICE ALERT: db2;CPU_Procs;CRITICAL;SOFT;2;CPU CRITICAL: 1 crit, 0 warn out of 292 processes
[1547277157] SERVICE NOTIFICATION: nagiosadmin;db2;CPU_Procs;CRITICAL;notify-service-by-email;CPU CRITICAL: 1 crit, 0 warn out of 292 processes
[1547277157] SERVICE ALERT: db2;CPU_Procs;CRITICAL;HARD;3;CPU CRITICAL: 1 crit, 0 warn out of 292 processes
[1547277580] SERVICE NOTIFICATION: nagiosadmin;smscapp1;CPU_Procs;CRITICAL;notify-service-by-email;CPU CRITICAL: 1 crit, 0 warn out of 301 processes
[1547277714] SERVICE NOTIFICATION: nagiosadmin;qservercluster1;CPU_Procs;CRITICAL;notify-service-by-email;CPU CRITICAL: 1 crit, 0 warn out of 302 processes
[1547277768] SERVICE NOTIFICATION: nagiosadmin;smscapp1;Memory;OK;notify-service-by-email;OK - 25.0% (4067412 kB) free.
[1547277768] SERVICE ALERT: smscapp1;Memory;OK;HARD;1;OK - 25.0% (4067412 kB) free.
[1547278211] SERVICE NOTIFICATION: nagiosadmin;sigqscluster2;CPU_Procs;CRITICAL;notify-service-by-email;CPU CRITICAL: 1 crit, 0 warn out of 336 processes
[1547278357] SERVICE NOTIFICATION: nagiosadmin;db2;CPU_Procs;OK;notify-service-by-email;CPU OK: 292 processes
[1547278357] SERVICE ALERT: db2;CPU_Procs;OK;HARD;1;CPU OK: 292 processes
[1547278624] SERVICE ALERT: db1;CPU_Procs;CRITICAL;SOFT;1;CPU CRITICAL: 1 crit, 0 warn out of 331 processes
[1547278630] SERVICE NOTIFICATION: nagiosadmin;pservercluster2;HDD_Root status;WARNING;notify-service-by-email;DISK WARNING - free space: / 8090 MB (15% inode=98%):
[1547278692] SERVICE NOTIFICATION: nagiosadmin;smscapp2;CPU_Procs;WARNING;notify-service-by-email;CPU WARNING: 5 warn out of 343 processes
[1547278744] SERVICE ALERT: db1;CPU_Procs;OK;HARD;1;CPU OK: 331 processes
[1547278756] SERVICE NOTIFICATION: nagiosadmin;pservercluster2;Memory;CRITICAL;notify-service-by-email;CRITICAL - 9.7% (2388792 kB) free!
[1547279339] Auto-save of retention data completed successfully.
[1547279939] SERVICE NOTIFICATION: nagiosadmin;smscapp2;Memory;CRITICAL;notify-service-by-email;CRITICAL - 2.3% (373208 kB) free!
[1547280308] SERVICE NOTIFICATION: nagiosadmin;db2;Memory;WARNING;notify-service-by-email;WARNING - 17.7% (8740048 kB) free!
[1547280356] SERVICE NOTIFICATION: nagiosadmin;sigqscluster1;CPU_Procs;CRITICAL;notify-service-by-email;CPU CRITICAL: 1 crit, 0 warn out of 337 processes
[1547280485] SERVICE NOTIFICATION: nagiosadmin;pservercluster2;CPU_Procs;WARNING;notify-service-by-email;CPU WARNING: 4 warn out of 361 processes
[1547280486] SERVICE NOTIFICATION: nagiosadmin;qservercluster2;CPU_Procs;CRITICAL;notify-service-by-email;CPU CRITICAL: 1 crit, 0 warn out of 304 processes
[1547280544] SERVICE ALERT: db1;CPU_Procs;CRITICAL;SOFT;1;CPU CRITICAL: 1 crit, 0 warn out of 331 processes
[1547280557] SERVICE NOTIFICATION: nagiosadmin;pservercluster2;Memory;WARNING;notify-service-by-email;WARNING - 14.5% (3566108 kB) free!
[1547280557] SERVICE ALERT: pservercluster2;Memory;WARNING;HARD;3;WARNING - 14.5% (3566108 kB) free!
[1547280665] SERVICE ALERT: db1;CPU_Procs;OK;HARD;1;CPU OK: 330 processes
[1547281180] SERVICE NOTIFICATION: nagiosadmin;smscapp1;CPU_Procs;CRITICAL;notify-service-by-email;CPU CRITICAL: 1 crit, 0 warn out of 305 processes
[1547281314] SERVICE NOTIFICATION: nagiosadmin;qservercluster1;CPU_Procs;CRITICAL;notify-service-by-email;CPU CRITICAL: 1 crit, 0 warn out of 300 processes
[1547282230] SERVICE NOTIFICATION: nagiosadmin;pservercluster2;HDD_Root status;WARNING;notify-service-by-email;DISK WARNING - free space: / 8090 MB (15% inode=98%):
[1547282410] SERVICE NOTIFICATION: nagiosadmin;sigqscluster2;CPU_Procs;CRITICAL;notify-service-by-email;CPU CRITICAL: 1 crit, 0 warn out of 333 processes
[1547282558] SERVICE ALERT: db2;CPU_Procs;CRITICAL;SOFT;1;CPU CRITICAL: 1 crit, 0 warn out of 290 processes
[1547282678] SERVICE ALERT: db2;CPU_Procs;CRITICAL;SOFT;2;CPU CRITICAL: 1 crit, 0 warn out of 291 processes
[1547282798] SERVICE ALERT: db2;CPU_Procs;OK;HARD;1;CPU OK: 293 processes
[1547282891] SERVICE NOTIFICATION: nagiosadmin;smscapp2;CPU_Procs;WARNING;notify-service-by-email;CPU WARNING: 5 warn out of 343 processes
[1547282939] Auto-save of retention data completed successfully.
[1547283540] SERVICE NOTIFICATION: nagiosadmin;smscapp2;Memory;CRITICAL;notify-service-by-email;CRITICAL - 4.0% (656204 kB) free!
[1547283908] SERVICE NOTIFICATION: nagiosadmin;db2;Memory;WARNING;notify-service-by-email;WARNING - 18.1% (8904532 kB) free!
[1547283956] SERVICE NOTIFICATION: nagiosadmin;sigqscluster1;CPU_Procs;CRITICAL;notify-service-by-email;CPU CRITICAL: 1 crit, 0 warn out of 337 processes
[1547284085] SERVICE NOTIFICATION: nagiosadmin;pservercluster2;CPU_Procs;WARNING;notify-service-by-email;CPU WARNING: 4 warn out of 361 processes
[1547284086] SERVICE NOTIFICATION: nagiosadmin;qservercluster2;CPU_Procs;CRITICAL;notify-service-by-email;CPU CRITICAL: 1 crit, 0 warn out of 302 processes
[1547284157] SERVICE NOTIFICATION: nagiosadmin;pservercluster2;Memory;WARNING;notify-service-by-email;WARNING - 14.0% (3436904 kB) free!
[1547284780] SERVICE NOTIFICATION: nagiosadmin;smscapp1;CPU_Procs;CRITICAL;notify-service-by-email;CPU CRITICAL: 1 crit, 0 warn out of 306 processes
[1547284914] SERVICE NOTIFICATION: nagiosadmin;qservercluster1;CPU_Procs;CRITICAL;notify-service-by-email;CPU CRITICAL: 1 crit, 0 warn out of 304 processes
[1547285830] SERVICE NOTIFICATION: nagiosadmin;pservercluster2;HDD_Root status;WARNING;notify-service-by-email;DISK WARNING - free space: / 8089 MB (15% inode=98%):
[1547286010] SERVICE NOTIFICATION: nagiosadmin;sigqscluster2;CPU_Procs;CRITICAL;notify-service-by-email;CPU CRITICAL: 1 crit, 0 warn out of 336 processes
[1547286491] SERVICE NOTIFICATION: nagiosadmin;smscapp2;CPU_Procs;WARNING;notify-service-by-email;CPU WARNING: 5 warn out of 344 processes
[1547286539] Auto-save of retention data completed successfully.
[1547286998] SERVICE ALERT: db2;CPU_Procs;CRITICAL;SOFT;1;CPU CRITICAL: 1 crit, 0 warn out of 294 processes
[1547287118] SERVICE ALERT: db2;CPU_Procs;CRITICAL;SOFT;2;CPU CRITICAL: 1 crit, 0 warn out of 296 processes
[1547287139] SERVICE NOTIFICATION: nagiosadmin;smscapp2;Memory;CRITICAL;notify-service-by-email;CRITICAL - 4.0% (651416 kB) free!
[1547287238] SERVICE NOTIFICATION: nagiosadmin;db2;CPU_Procs;CRITICAL;notify-service-by-email;CPU CRITICAL: 1 crit, 0 warn out of 295 processes
[1547287238] SERVICE ALERT: db2;CPU_Procs;CRITICAL;HARD;3;CPU CRITICAL: 1 crit, 0 warn out of 295 processes
[1547287508] SERVICE NOTIFICATION: nagiosadmin;db2;Memory;WARNING;notify-service-by-email;WARNING - 18.1% (8900696 kB) free!
[1547287556] SERVICE NOTIFICATION: nagiosadmin;sigqscluster1;CPU_Procs;CRITICAL;notify-service-by-email;CPU CRITICAL: 1 crit, 0 warn out of 336 processes
[1547287685] SERVICE NOTIFICATION: nagiosadmin;pservercluster2;CPU_Procs;WARNING;notify-service-by-email;CPU WARNING: 4 warn out of 362 processes
[1547287686] SERVICE NOTIFICATION: nagiosadmin;qservercluster2;CPU_Procs;CRITICAL;notify-service-by-email;CPU CRITICAL: 1 crit, 0 warn out of 302 processes
[1547287758] SERVICE NOTIFICATION: nagiosadmin;pservercluster2;Memory;WARNING;notify-service-by-email;WARNING - 14.2% (3469536 kB) free!
[1547287838] SERVICE FLAPPING ALERT: db2;CPU_Procs;STARTED; Service appears to have started flapping (20.7% change >= 20.0% threshold)
[1547287838] SERVICE ALERT: db2;CPU_Procs;OK;HARD;1;CPU OK: 293 processes
[1547287864] SERVICE ALERT: db1;CPU_Procs;CRITICAL;SOFT;1;CPU CRITICAL: 1 crit, 0 warn out of 332 processes
[1547287984] SERVICE ALERT: db1;CPU_Procs;OK;HARD;1;CPU OK: 331 processes
[1547288380] SERVICE NOTIFICATION: nagiosadmin;smscapp1;CPU_Procs;CRITICAL;notify-service-by-email;CPU CRITICAL: 1 crit, 0 warn out of 308 processes
[1547288514] SERVICE NOTIFICATION: nagiosadmin;qservercluster1;CPU_Procs;CRITICAL;notify-service-by-email;CPU CRITICAL: 1 crit, 0 warn out of 298 processes
[1547289430] SERVICE NOTIFICATION: nagiosadmin;pservercluster2;HDD_Root status;WARNING;notify-service-by-email;DISK WARNING - free space: / 8090 MB (15% inode=98%):
[1547289610] SERVICE NOTIFICATION: nagiosadmin;sigqscluster2;CPU_Procs;CRITICAL;notify-service-by-email;CPU CRITICAL: 1 crit, 0 warn out of 334 processes
[1547290085] SERVICE NOTIFICATION: nagiosadmin;pservercluster2;CPU_Procs;CRITICAL;notify-service-by-email;CPU CRITICAL: 1 crit, 3 warn out of 361 processes
[1547290085] SERVICE ALERT: pservercluster2;CPU_Procs;CRITICAL;HARD;3;CPU CRITICAL: 1 crit, 3 warn out of 361 processes
[1547290091] SERVICE NOTIFICATION: nagiosadmin;smscapp2;CPU_Procs;WARNING;notify-service-by-email;CPU WARNING: 5 warn out of 343 processes
[1547290139] Auto-save of retention data completed successfully.
[1547290739] SERVICE NOTIFICATION: nagiosadmin;smscapp2;Memory;CRITICAL;notify-service-by-email;CRITICAL - 6.8% (1099016 kB) free!
[1547290985] SERVICE ALERT: db1;CPU_Procs;CRITICAL;SOFT;1;CPU CRITICAL: 1 crit, 0 warn out of 331 processes
[1547291105] SERVICE ALERT: db1;CPU_Procs;OK;HARD;1;CPU OK: 331 processes
[1547291108] SERVICE NOTIFICATION: nagiosadmin;db2;Memory;WARNING;notify-service-by-email;WARNING - 13.1% (6469348 kB) free!
[1547291156] SERVICE NOTIFICATION: nagiosadmin;sigqscluster1;CPU_Procs;CRITICAL;notify-service-by-email;CPU CRITICAL: 1 crit, 0 warn out of 336 processes
[1547291286] SERVICE NOTIFICATION: nagiosadmin;qservercluster2;CPU_Procs;CRITICAL;notify-service-by-email;CPU CRITICAL: 1 crit, 0 warn out of 301 processes
[1547291438] SERVICE ALERT: db2;CPU_Procs;CRITICAL;SOFT;1;CPU CRITICAL: 1 crit, 0 warn out of 294 processes
[1547291558] SERVICE ALERT: db2;CPU_Procs;CRITICAL;SOFT;2;CPU CRITICAL: 1 crit, 0 warn out of 294 processes
[1547291678] SERVICE ALERT: db2;CPU_Procs;CRITICAL;HARD;3;CPU CRITICAL: 1 crit, 0 warn out of 293 processes
[1547291957] SERVICE NOTIFICATION: nagiosadmin;pservercluster2;Memory;WARNING;notify-service-by-email;WARNING - 13.6% (3334892 kB) free!
[1547291981] SERVICE NOTIFICATION: nagiosadmin;smscapp1;CPU_Procs;CRITICAL;notify-service-by-email;CPU CRITICAL: 1 crit, 0 warn out of 308 processes
[1547292114] SERVICE NOTIFICATION: nagiosadmin;qservercluster1;CPU_Procs;CRITICAL;notify-service-by-email;CPU CRITICAL: 1 crit, 0 warn out of 299 processes
[1547292772] SERVICE ALERT: qservercluster2;CPU Load;WARNING;SOFT;1;WARNING - load average: 11.90, 8.55, 5.70
[1547292892] SERVICE ALERT: qservercluster2;CPU Load;WARNING;SOFT;2;WARNING - load average: 12.38, 9.85, 6.52
[1547293012] SERVICE NOTIFICATION: nagiosadmin;qservercluster2;CPU Load;WARNING;notify-service-by-email;WARNING - load average: 11.51, 10.35, 7.11
[1547293012] SERVICE ALERT: qservercluster2;CPU Load;WARNING;HARD;3;WARNING - load average: 11.51, 10.35, 7.11
[1547293030] SERVICE NOTIFICATION: nagiosadmin;pservercluster2;HDD_Root status;WARNING;notify-service-by-email;DISK WARNING - free space: / 8090 MB (15% inode=98%):
[1547293210] SERVICE NOTIFICATION: nagiosadmin;sigqscluster2;CPU_Procs;CRITICAL;notify-service-by-email;CPU CRITICAL: 1 crit, 0 warn out of 335 processes
[1547293686] SERVICE NOTIFICATION: nagiosadmin;pservercluster2;CPU_Procs;CRITICAL;notify-service-by-email;CPU CRITICAL: 1 crit, 5 warn out of 360 processes
[1547293691] SERVICE NOTIFICATION: nagiosadmin;smscapp2;CPU_Procs;WARNING;notify-service-by-email;CPU WARNING: 6 warn out of 345 processes
[1547293739] Auto-save of retention data completed successfully.
[1547294339] SERVICE NOTIFICATION: nagiosadmin;smscapp2;Memory;CRITICAL;notify-service-by-email;CRITICAL - 1.7% (283284 kB) free!
[1547294357] SERVICE NOTIFICATION: nagiosadmin;pservercluster2;Memory;CRITICAL;notify-service-by-email;CRITICAL - 9.8% (2403476 kB) free!
[1547294357] SERVICE ALERT: pservercluster2;Memory;CRITICAL;HARD;3;CRITICAL - 9.8% (2403476 kB) free!
[1547294568] SERVICE ALERT: smscapp1;Memory;WARNING;SOFT;1;WARNING - 17.7% (2870812 kB) free!
[1547294679] SERVICE ALERT: db2;CPU_Procs;OK;HARD;1;CPU OK: 293 processes
[1547294688] SERVICE ALERT: smscapp1;Memory;WARNING;SOFT;2;WARNING - 17.0% (2756508 kB) free!
[1547294708] SERVICE NOTIFICATION: nagiosadmin;db2;Memory;WARNING;notify-service-by-email;WARNING - 17.3% (8538052 kB) free!
[1547294756] SERVICE NOTIFICATION: nagiosadmin;sigqscluster1;CPU_Procs;CRITICAL;notify-service-by-email;CPU CRITICAL: 1 crit, 0 warn out of 337 processes
[1547294808] SERVICE NOTIFICATION: nagiosadmin;smscapp1;Memory;WARNING;notify-service-by-email;WARNING - 16.0% (2604452 kB) free!
[1547294808] SERVICE ALERT: smscapp1;Memory;WARNING;HARD;3;WARNING - 16.0% (2604452 kB) free!
[1547294886] SERVICE NOTIFICATION: nagiosadmin;qservercluster2;CPU_Procs;CRITICAL;notify-service-by-email;CPU CRITICAL: 1 crit, 0 warn out of 301 processes
[1547295279] SERVICE ALERT: db2;CPU_Procs;CRITICAL;SOFT;1;CPU CRITICAL: 1 crit, 0 warn out of 294 processes
[1547295305] SERVICE ALERT: db1;CPU_Procs;CRITICAL;SOFT;1;CPU CRITICAL: 1 crit, 0 warn out of 333 processes
[1547295399] SERVICE ALERT: db2;CPU_Procs;OK;HARD;1;CPU OK: 291 processes
[1547295426] SERVICE ALERT: db1;CPU_Procs;OK;HARD;1;CPU OK: 329 processes
[1547295714] SERVICE NOTIFICATION: nagiosadmin;qservercluster1;CPU_Procs;CRITICAL;notify-service-by-email;CPU CRITICAL: 1 crit, 0 warn out of 299 processes
[1547295999] SERVICE ALERT: db2;CPU_Procs;CRITICAL;SOFT;1;CPU CRITICAL: 1 crit, 0 warn out of 295 processes
[1547296025] SERVICE ALERT: db1;CPU_Procs;CRITICAL;SOFT;1;CPU CRITICAL: 1 crit, 0 warn out of 329 processes
[1547296119] SERVICE ALERT: db2;CPU_Procs;CRITICAL;SOFT;2;CPU CRITICAL: 1 crit, 0 warn out of 295 processes
[1547296145] SERVICE ALERT: db1;CPU_Procs;OK;HARD;1;CPU OK: 327 processes
[1547296180] SERVICE NOTIFICATION: nagiosadmin;smscapp1;CPU_Procs;CRITICAL;notify-service-by-email;CPU CRITICAL: 4 crit, 0 warn out of 314 processes
[1547296239] SERVICE ALERT: db2;CPU_Procs;CRITICAL;HARD;3;CPU CRITICAL: 1 crit, 0 warn out of 293 processes
[1547296608] SERVICE NOTIFICATION: nagiosadmin;smscapp1;Memory;CRITICAL;notify-service-by-email;CRITICAL - 9.1% (1477444 kB) free!
[1547296608] SERVICE ALERT: smscapp1;Memory;CRITICAL;HARD;3;CRITICAL - 9.1% (1477444 kB) free!
[1547296612] SERVICE NOTIFICATION: nagiosadmin;qservercluster2;CPU Load;WARNING;notify-service-by-email;WARNING - load average: 11.40, 10.99, 10.92
[1547296630] SERVICE NOTIFICATION: nagiosadmin;pservercluster2;HDD_Root status;WARNING;notify-service-by-email;DISK WARNING - free space: / 8090 MB (15% inode=98%):
[1547296810] SERVICE NOTIFICATION: nagiosadmin;sigqscluster2;CPU_Procs;CRITICAL;notify-service-by-email;CPU CRITICAL: 1 crit, 0 warn out of 336 processes
[1547297291] SERVICE NOTIFICATION: nagiosadmin;smscapp2;CPU_Procs;WARNING;notify-service-by-email;CPU WARNING: 8 warn out of 334 processes
[1547297339] Auto-save of retention data completed successfully.
[1547297357] SERVICE NOTIFICATION: nagiosadmin;pservercluster2;Memory;OK;notify-service-by-email;OK - 37.8% (9262868 kB) free.
[1547297357] SERVICE ALERT: pservercluster2;Memory;OK;HARD;1;OK - 37.8% (9262868 kB) free.
[1547297439] SERVICE ALERT: db2;CPU_Procs;OK;HARD;1;CPU OK: 292 processes
[1547297885] SERVICE NOTIFICATION: nagiosadmin;pservercluster2;CPU_Procs;CRITICAL;notify-service-by-email;CPU CRITICAL: 2 crit, 4 warn out of 365 processes
[1547297939] SERVICE NOTIFICATION: nagiosadmin;smscapp2;Memory;CRITICAL;notify-service-by-email;CRITICAL - 2.3% (376788 kB) free!
[1547298040] SERVICE ALERT: db2;CPU_Procs;CRITICAL;SOFT;1;CPU CRITICAL: 1 crit, 0 warn out of 296 processes
[1547298160] SERVICE ALERT: db2;CPU_Procs;CRITICAL;SOFT;2;CPU CRITICAL: 1 crit, 0 warn out of 296 processes
[1547298280] SERVICE ALERT: db2;CPU_Procs;CRITICAL;HARD;3;CPU CRITICAL: 1 crit, 0 warn out of 293 processes
[1547298308] SERVICE NOTIFICATION: nagiosadmin;db2;Memory;WARNING;notify-service-by-email;WARNING - 12.7% (6272484 kB) free!
[1547298356] SERVICE NOTIFICATION: nagiosadmin;sigqscluster1;CPU_Procs;CRITICAL;notify-service-by-email;CPU CRITICAL: 1 crit, 0 warn out of 335 processes
[1547298486] SERVICE NOTIFICATION: nagiosadmin;qservercluster2;CPU_Procs;CRITICAL;notify-service-by-email;CPU CRITICAL: 1 crit, 0 warn out of 302 processes
[1547298880] SERVICE ALERT: db2;CPU_Procs;OK;HARD;1;CPU OK: 292 processes
[1547299314] SERVICE NOTIFICATION: nagiosadmin;qservercluster1;CPU_Procs;CRITICAL;notify-service-by-email;CPU CRITICAL: 1 crit, 0 warn out of 298 processes
[1547299780] SERVICE NOTIFICATION: nagiosadmin;smscapp1;CPU_Procs;CRITICAL;notify-service-by-email;CPU CRITICAL: 4 crit, 0 warn out of 313 processes
[1547300209] SERVICE NOTIFICATION: nagiosadmin;smscapp1;Memory;CRITICAL;notify-service-by-email;CRITICAL - 7.6% (1230756 kB) free!
[1547300212] SERVICE NOTIFICATION: nagiosadmin;qservercluster2;CPU Load;WARNING;notify-service-by-email;WARNING - load average: 8.28, 10.04, 10.66
[1547300230] SERVICE NOTIFICATION: nagiosadmin;pservercluster2;HDD_Root status;WARNING;notify-service-by-email;DISK WARNING - free space: / 8089 MB (15% inode=98%):
[1547300410] SERVICE NOTIFICATION: nagiosadmin;sigqscluster2;CPU_Procs;CRITICAL;notify-service-by-email;CPU CRITICAL: 1 crit, 0 warn out of 332 processes
[1547300891] SERVICE NOTIFICATION: nagiosadmin;smscapp2;CPU_Procs;WARNING;notify-service-by-email;CPU WARNING: 6 warn out of 334 processes
[1547300939] Auto-save of retention data completed successfully.
[1547301280] SERVICE ALERT: db2;CPU_Procs;CRITICAL;SOFT;1;CPU CRITICAL: 1 crit, 0 warn out of 294 processes
[1547301400] SERVICE ALERT: db2;CPU_Procs;CRITICAL;SOFT;2;CPU CRITICAL: 1 crit, 0 warn out of 295 processes
[1547301485] SERVICE NOTIFICATION: nagiosadmin;pservercluster2;CPU_Procs;CRITICAL;notify-service-by-email;CPU CRITICAL: 1 crit, 5 warn out of 363 processes
[1547301521] SERVICE ALERT: db2;CPU_Procs;CRITICAL;HARD;3;CPU CRITICAL: 1 crit, 0 warn out of 297 processes
[1547301539] SERVICE NOTIFICATION: nagiosadmin;smscapp2;Memory;CRITICAL;notify-service-by-email;CRITICAL - 1.1% (177424 kB) free!
[1547301545] SERVICE ALERT: db1;CPU_Procs;CRITICAL;SOFT;1;CPU CRITICAL: 1 crit, 0 warn out of 328 processes
[1547301665] SERVICE ALERT: db1;CPU_Procs;OK;HARD;1;CPU OK: 328 processes
[1547301908] SERVICE NOTIFICATION: nagiosadmin;db2;Memory;WARNING;notify-service-by-email;WARNING - 16.7% (8207932 kB) free!
[1547301956] SERVICE NOTIFICATION: nagiosadmin;sigqscluster1;CPU_Procs;CRITICAL;notify-service-by-email;CPU CRITICAL: 1 crit, 0 warn out of 336 processes
[1547302086] SERVICE NOTIFICATION: nagiosadmin;qservercluster2;CPU_Procs;CRITICAL;notify-service-by-email;CPU CRITICAL: 1 crit, 0 warn out of 302 processes
[1547302265] SERVICE ALERT: db1;CPU_Procs;CRITICAL;SOFT;1;CPU CRITICAL: 1 crit, 0 warn out of 329 processes
[1547302385] SERVICE ALERT: db1;CPU_Procs;OK;HARD;1;CPU OK: 328 processes
[1547302914] SERVICE NOTIFICATION: nagiosadmin;qservercluster1;CPU_Procs;CRITICAL;notify-service-by-email;CPU CRITICAL: 1 crit, 0 warn out of 298 processes
[1547303380] SERVICE NOTIFICATION: nagiosadmin;smscapp1;CPU_Procs;CRITICAL;notify-service-by-email;CPU CRITICAL: 6 crit, 1 warn out of 314 processes
[1547303585] SERVICE ALERT: db1;CPU_Procs;CRITICAL;SOFT;1;CPU CRITICAL: 1 crit, 0 warn out of 330 processes
[1547303705] SERVICE ALERT: db1;CPU_Procs;CRITICAL;SOFT;2;CPU CRITICAL: 1 crit, 0 warn out of 330 processes
[1547303812] SERVICE NOTIFICATION: nagiosadmin;qservercluster2;CPU Load;WARNING;notify-service-by-email;WARNING - load average: 12.61, 12.12, 11.72
[1547303826] SERVICE ALERT: db1;CPU_Procs;OK;HARD;1;CPU OK: 328 processes
[1547303830] SERVICE NOTIFICATION: nagiosadmin;pservercluster2;HDD_Root status;WARNING;notify-service-by-email;DISK WARNING - free space: / 8089 MB (15% inode=98%):
[1547303921] SERVICE ALERT: db2;CPU_Procs;OK;HARD;1;CPU OK: 288 processes
[1547304010] SERVICE NOTIFICATION: nagiosadmin;sigqscluster2;CPU_Procs;CRITICAL;notify-service-by-email;CPU CRITICAL: 1 crit, 0 warn out of 333 processes
[1547304408] SERVICE NOTIFICATION: nagiosadmin;smscapp1;Memory;CRITICAL;notify-service-by-email;CRITICAL - 1.0% (160320 kB) free!
[1547304425] SERVICE ALERT: db1;CPU_Procs;CRITICAL;SOFT;1;CPU CRITICAL: 1 crit, 0 warn out of 329 processes
[1547304491] SERVICE NOTIFICATION: nagiosadmin;smscapp2;CPU_Procs;WARNING;notify-service-by-email;CPU WARNING: 8 warn out of 333 processes
[1547304521] SERVICE ALERT: db2;CPU_Procs;CRITICAL;SOFT;1;CPU CRITICAL: 1 crit, 0 warn out of 289 processes
[1547304539] Auto-save of retention data completed successfully.
[1547304545] SERVICE ALERT: db1;CPU_Procs;CRITICAL;SOFT;2;CPU CRITICAL: 1 crit, 0 warn out of 329 processes
[1547304641] SERVICE ALERT: db2;CPU_Procs;OK;HARD;1;CPU OK: 290 processes
[1547304665] SERVICE NOTIFICATION: nagiosadmin;db1;CPU_Procs;CRITICAL;notify-service-by-email;CPU CRITICAL: 1 crit, 0 warn out of 329 processes
[1547304665] SERVICE ALERT: db1;CPU_Procs;CRITICAL;HARD;3;CPU CRITICAL: 1 crit, 0 warn out of 329 processes
[1547304908] SERVICE NOTIFICATION: nagiosadmin;db2;Memory;CRITICAL;notify-service-by-email;CRITICAL - 9.6% (4731972 kB) free!
[1547304908] SERVICE ALERT: db2;Memory;CRITICAL;HARD;3;CRITICAL - 9.6% (4731972 kB) free!
[1547305085] SERVICE NOTIFICATION: nagiosadmin;pservercluster2;CPU_Procs;CRITICAL;notify-service-by-email;CPU CRITICAL: 2 crit, 4 warn out of 353 processes
[1547305139] SERVICE NOTIFICATION: nagiosadmin;smscapp2;Memory;CRITICAL;notify-service-by-email;CRITICAL - 1.0% (158812 kB) free!
[1547305157] SERVICE ALERT: pservercluster2;Memory;WARNING;SOFT;1;WARNING - 18.7% (4589900 kB) free!
[1547305241] SERVICE ALERT: db2;CPU_Procs;CRITICAL;SOFT;1;CPU CRITICAL: 1 crit, 0 warn out of 291 processes
[1547305265] SERVICE NOTIFICATION: nagiosadmin;db1;CPU_Procs;OK;notify-service-by-email;CPU OK: 327 processes
[1547305265] SERVICE ALERT: db1;CPU_Procs;OK;HARD;1;CPU OK: 327 processes
[1547305277] SERVICE ALERT: pservercluster2;Memory;WARNING;SOFT;2;WARNING - 18.4% (4505208 kB) free!
[1547305361] SERVICE ALERT: db2;CPU_Procs;OK;HARD;1;CPU OK: 290 processes
[1547305397] SERVICE NOTIFICATION: nagiosadmin;pservercluster2;Memory;WARNING;notify-service-by-email;WARNING - 18.0% (4421060 kB) free!
[1547305397] SERVICE ALERT: pservercluster2;Memory;WARNING;HARD;3;WARNING - 18.0% (4421060 kB) free!
[1547305508] SERVICE NOTIFICATION: nagiosadmin;db2;Memory;WARNING;notify-service-by-email;WARNING - 12.8% (6324412 kB) free!
[1547305508] SERVICE ALERT: db2;Memory;WARNING;HARD;3;WARNING - 12.8% (6324412 kB) free!
[1547305556] SERVICE NOTIFICATION: nagiosadmin;sigqscluster1;CPU_Procs;CRITICAL;notify-service-by-email;CPU CRITICAL: 1 crit, 0 warn out of 335 processes
[1547305686] SERVICE NOTIFICATION: nagiosadmin;qservercluster2;CPU_Procs;CRITICAL;notify-service-by-email;CPU CRITICAL: 1 crit, 0 warn out of 302 processes
[1547305865] SERVICE ALERT: db1;CPU_Procs;CRITICAL;SOFT;1;CPU CRITICAL: 1 crit, 0 warn out of 330 processes
[1547305962] SERVICE ALERT: db2;CPU_Procs;CRITICAL;SOFT;1;CPU CRITICAL: 1 crit, 0 warn out of 290 processes
[1547305985] SERVICE ALERT: db1;CPU_Procs;CRITICAL;SOFT;2;CPU CRITICAL: 1 crit, 0 warn out of 330 processes
[1547306082] SERVICE ALERT: db2;CPU_Procs;OK;HARD;1;CPU OK: 289 processes
[1547306105] SERVICE NOTIFICATION: nagiosadmin;db1;CPU_Procs;CRITICAL;notify-service-by-email;CPU CRITICAL: 1 crit, 0 warn out of 329 processes
[1547306105] SERVICE ALERT: db1;CPU_Procs;CRITICAL;HARD;3;CPU CRITICAL: 1 crit, 0 warn out of 329 processes
[1547306514] SERVICE NOTIFICATION: nagiosadmin;qservercluster1;CPU_Procs;CRITICAL;notify-service-by-email;CPU CRITICAL: 1 crit, 0 warn out of 297 processes
[1547306682] SERVICE ALERT: db2;CPU_Procs;CRITICAL;SOFT;1;CPU CRITICAL: 1 crit, 0 warn out of 291 processes
[1547306705] SERVICE FLAPPING ALERT: db1;CPU_Procs;STARTED; Service appears to have started flapping (24.2% change >= 20.0% threshold)
[1547306705] SERVICE ALERT: db1;CPU_Procs;OK;HARD;1;CPU OK: 327 processes
[1547306708] SERVICE NOTIFICATION: nagiosadmin;db2;Memory;CRITICAL;notify-service-by-email;CRITICAL - 9.1% (4478088 kB) free!
[1547306708] SERVICE ALERT: db2;Memory;CRITICAL;HARD;3;CRITICAL - 9.1% (4478088 kB) free!
[1547306802] SERVICE ALERT: db2;CPU_Procs;CRITICAL;SOFT;2;CPU CRITICAL: 1 crit, 0 warn out of 293 processes
[1547306922] SERVICE ALERT: db2;CPU_Procs;CRITICAL;HARD;3;CPU CRITICAL: 1 crit, 0 warn out of 295 processes
[1547306980] SERVICE NOTIFICATION: nagiosadmin;smscapp1;CPU_Procs;CRITICAL;notify-service-by-email;CPU CRITICAL: 2 crit, 5 warn out of 312 processes
[1547307308] SERVICE FLAPPING ALERT: db2;Memory;STARTED; Service appears to have started flapping (23.9% change >= 20.0% threshold)
[1547307308] SERVICE ALERT: db2;Memory;WARNING;HARD;3;WARNING - 11.6% (5708152 kB) free!
[1547307412] SERVICE NOTIFICATION: nagiosadmin;qservercluster2;CPU Load;WARNING;notify-service-by-email;WARNING - load average: 13.91, 13.73, 13.51
[1547307430] SERVICE NOTIFICATION: nagiosadmin;pservercluster2;HDD_Root status;WARNING;notify-service-by-email;DISK WARNING - free space: / 8089 MB (15% inode=98%):
[1547307522] SERVICE ALERT: db2;CPU_Procs;OK;HARD;1;CPU OK: 289 processes
[1547307610] SERVICE NOTIFICATION: nagiosadmin;sigqscluster2;CPU_Procs;CRITICAL;notify-service-by-email;CPU CRITICAL: 1 crit, 0 warn out of 336 processes
[1547308009] SERVICE NOTIFICATION: nagiosadmin;smscapp1;Memory;CRITICAL;notify-service-by-email;CRITICAL - 1.3% (205876 kB) free!
[1547308091] SERVICE NOTIFICATION: nagiosadmin;smscapp2;CPU_Procs;WARNING;notify-service-by-email;CPU WARNING: 8 warn out of 334 processes
[1547308139] Auto-save of retention data completed successfully.
[1547308685] SERVICE NOTIFICATION: nagiosadmin;pservercluster2;CPU_Procs;CRITICAL;notify-service-by-email;CPU CRITICAL: 2 crit, 3 warn out of 363 processes
[1547308739] SERVICE NOTIFICATION: nagiosadmin;smscapp2;Memory;CRITICAL;notify-service-by-email;CRITICAL - 1.1% (181992 kB) free!
[1547308997] SERVICE NOTIFICATION: nagiosadmin;pservercluster2;Memory;CRITICAL;notify-service-by-email;CRITICAL - 0.8% (193380 kB) free!
[1547308997] SERVICE ALERT: pservercluster2;Memory;CRITICAL;HARD;3;CRITICAL - 0.8% (193380 kB) free!
[1547309156] SERVICE NOTIFICATION: nagiosadmin;sigqscluster1;CPU_Procs;CRITICAL;notify-service-by-email;CPU CRITICAL: 1 crit, 0 warn out of 335 processes
[1547309286] SERVICE NOTIFICATION: nagiosadmin;qservercluster2;CPU_Procs;CRITICAL;notify-service-by-email;CPU CRITICAL: 1 crit, 0 warn out of 302 processes
[1547310114] SERVICE NOTIFICATION: nagiosadmin;qservercluster1;CPU_Procs;CRITICAL;notify-service-by-email;CPU CRITICAL: 1 crit, 0 warn out of 296 processes
[1547310305] SERVICE ALERT: db1;CPU_Procs;CRITICAL;SOFT;1;CPU CRITICAL: 1 crit, 0 warn out of 328 processes
[1547310425] SERVICE ALERT: db1;CPU_Procs;OK;HARD;1;CPU OK: 327 processes
[1547310580] SERVICE NOTIFICATION: nagiosadmin;smscapp1;CPU_Procs;CRITICAL;notify-service-by-email;CPU CRITICAL: 2 crit, 5 warn out of 313 processes
[1547311012] SERVICE NOTIFICATION: nagiosadmin;qservercluster2;CPU Load;WARNING;notify-service-by-email;WARNING - load average: 14.30, 13.77, 13.67
[1547311030] SERVICE NOTIFICATION: nagiosadmin;pservercluster2;HDD_Root status;WARNING;notify-service-by-email;DISK WARNING - free space: / 8088 MB (15% inode=98%):
[1547311211] SERVICE NOTIFICATION: nagiosadmin;sigqscluster2;CPU_Procs;CRITICAL;notify-service-by-email;CPU CRITICAL: 1 crit, 0 warn out of 333 processes
[1547311692] SERVICE NOTIFICATION: nagiosadmin;smscapp2;CPU_Procs;WARNING;notify-service-by-email;CPU WARNING: 6 warn out of 334 processes
[1547311739] Auto-save of retention data completed successfully.
[1547312108] SERVICE ALERT: db2;Memory;CRITICAL;HARD;3;CRITICAL - 10.0% (4944064 kB) free!
[1547312208] SERVICE NOTIFICATION: nagiosadmin;smscapp1;Memory;CRITICAL;notify-service-by-email;CRITICAL - 1.3% (205968 kB) free!
[1547312226] SERVICE ALERT: db1;CPU_Procs;CRITICAL;SOFT;1;CPU CRITICAL: 1 crit, 0 warn out of 328 processes
[1547312285] SERVICE NOTIFICATION: nagiosadmin;pservercluster2;CPU_Procs;CRITICAL;notify-service-by-email;CPU CRITICAL: 2 crit, 3 warn out of 359 processes
[1547312339] SERVICE NOTIFICATION: nagiosadmin;smscapp2;Memory;CRITICAL;notify-service-by-email;CRITICAL - 1.1% (179616 kB) free!
[1547312346] SERVICE ALERT: db1;CPU_Procs;OK;HARD;1;CPU OK: 327 processes
[1547312597] SERVICE NOTIFICATION: nagiosadmin;pservercluster2;Memory;CRITICAL;notify-service-by-email;CRITICAL - 3.5% (846908 kB) free!
[1547312708] SERVICE ALERT: db2;Memory;WARNING;HARD;3;WARNING - 15.0% (7396280 kB) free!
[1547312757] SERVICE NOTIFICATION: nagiosadmin;sigqscluster1;CPU_Procs;CRITICAL;notify-service-by-email;CPU CRITICAL: 1 crit, 0 warn out of 339 processes
[1547312887] SERVICE NOTIFICATION: nagiosadmin;qservercluster2;CPU_Procs;CRITICAL;notify-service-by-email;CPU CRITICAL: 1 crit, 0 warn out of 301 processes
[1547313308] SERVICE ALERT: db2;Memory;CRITICAL;HARD;3;CRITICAL - 9.5% (4692464 kB) free!
[1547313714] SERVICE NOTIFICATION: nagiosadmin;qservercluster1;CPU_Procs;CRITICAL;notify-service-by-email;CPU CRITICAL: 1 crit, 0 warn out of 297 processes
[1547313908] SERVICE ALERT: db2;Memory;WARNING;HARD;3;WARNING - 15.0% (7395784 kB) free!
[1547314180] SERVICE NOTIFICATION: nagiosadmin;smscapp1;CPU_Procs;CRITICAL;notify-service-by-email;CPU CRITICAL: 2 crit, 5 warn out of 310 processes
[1547314612] SERVICE NOTIFICATION: nagiosadmin;qservercluster2;CPU Load;WARNING;notify-service-by-email;WARNING - load average: 13.82, 13.82, 13.79
[1547314630] SERVICE NOTIFICATION: nagiosadmin;pservercluster2;HDD_Root status;WARNING;notify-service-by-email;DISK WARNING - free space: / 8089 MB (15% inode=98%):
[1547315339] Auto-save of retention data completed successfully.
[1547315346] SERVICE ALERT: db1;CPU_Procs;CRITICAL;SOFT;1;CPU CRITICAL: 1 crit, 0 warn out of 328 processes
[1547315410] SERVICE NOTIFICATION: nagiosadmin;sigqscluster2;CPU_Procs;CRITICAL;notify-service-by-email;CPU CRITICAL: 1 crit, 0 warn out of 336 processes
[1547315466] SERVICE ALERT: db1;CPU_Procs;OK;HARD;1;CPU OK: 327 processes
[1547315708] SERVICE ALERT: db2;Memory;CRITICAL;HARD;3;CRITICAL - 9.8% (4835456 kB) free!
[1547315808] SERVICE NOTIFICATION: nagiosadmin;smscapp1;Memory;CRITICAL;notify-service-by-email;CRITICAL - 1.3% (210696 kB) free!
[1547315885] SERVICE NOTIFICATION: nagiosadmin;pservercluster2;CPU_Procs;CRITICAL;notify-service-by-email;CPU CRITICAL: 2 crit, 4 warn out of 354 processes
[1547315891] SERVICE NOTIFICATION: nagiosadmin;smscapp2;CPU_Procs;WARNING;notify-service-by-email;CPU WARNING: 6 warn out of 337 processes
[1547315940] SERVICE NOTIFICATION: nagiosadmin;smscapp2;Memory;CRITICAL;notify-service-by-email;CRITICAL - 1.1% (176076 kB) free!
[1547316197] SERVICE NOTIFICATION: nagiosadmin;pservercluster2;Memory;CRITICAL;notify-service-by-email;CRITICAL - 3.3% (810172 kB) free!
[1547316308] SERVICE ALERT: db2;Memory;WARNING;HARD;3;WARNING - 15.0% (7395448 kB) free!
[1547316909] SERVICE ALERT: db2;Memory;OK;HARD;1;OK - 23.1% (11384076 kB) free.
[1547316956] SERVICE NOTIFICATION: nagiosadmin;sigqscluster1;CPU_Procs;CRITICAL;notify-service-by-email;CPU CRITICAL: 1 crit, 0 warn out of 336 processes
[1547317086] SERVICE NOTIFICATION: nagiosadmin;qservercluster2;CPU_Procs;CRITICAL;notify-service-by-email;CPU CRITICAL: 1 crit, 0 warn out of 303 processes
[1547317314] SERVICE NOTIFICATION: nagiosadmin;qservercluster1;CPU_Procs;CRITICAL;notify-service-by-email;CPU CRITICAL: 1 crit, 0 warn out of 298 processes
[1547317780] SERVICE NOTIFICATION: nagiosadmin;smscapp1;CPU_Procs;CRITICAL;notify-service-by-email;CPU CRITICAL: 2 crit, 5 warn out of 307 processes
