[1548700200] LOG ROTATION: DAILY
[1548700200] LOG VERSION: 2.0
[1548700200] CURRENT HOST STATE: db1;UP;HARD;1;PING OK - Packet loss = 0%, RTA = 0.48 ms
[1548700200] CURRENT HOST STATE: db2;UP;HARD;1;PING OK - Packet loss = 0%, RTA = 0.37 ms
[1548700200] CURRENT HOST STATE: primary-server;UP;HARD;1;PING OK - Packet loss = 0%, RTA = 0.35 ms
[1548700200] CURRENT HOST STATE: pservercluster1;UP;HARD;1;PING OK - Packet loss = 0%, RTA = 0.45 ms
[1548700200] CURRENT HOST STATE: pservercluster2;UP;HARD;1;PING OK - Packet loss = 0%, RTA = 0.31 ms
[1548700200] CURRENT HOST STATE: qservercluster1;UP;HARD;1;PING OK - Packet loss = 0%, RTA = 0.30 ms
[1548700200] CURRENT HOST STATE: qservercluster2;UP;HARD;1;PING OK - Packet loss = 0%, RTA = 0.26 ms
[1548700200] CURRENT HOST STATE: secondary-server;UP;HARD;1;PING OK - Packet loss = 0%, RTA = 0.37 ms
[1548700200] CURRENT HOST STATE: sig1;UP;HARD;1;PING OK - Packet loss = 0%, RTA = 0.46 ms
[1548700200] CURRENT HOST STATE: sig2;UP;HARD;1;PING OK - Packet loss = 0%, RTA = 0.43 ms
[1548700200] CURRENT HOST STATE: sig3;UP;HARD;1;PING OK - Packet loss = 0%, RTA = 0.44 ms
[1548700200] CURRENT HOST STATE: sig4;UP;HARD;1;PING OK - Packet loss = 0%, RTA = 0.43 ms
[1548700200] CURRENT HOST STATE: sig5;UP;HARD;1;PING OK - Packet loss = 0%, RTA = 0.42 ms
[1548700200] CURRENT HOST STATE: sig6;UP;HARD;1;PING OK - Packet loss = 0%, RTA = 0.36 ms
[1548700200] CURRENT HOST STATE: sigqscluster1;UP;HARD;1;PING OK - Packet loss = 0%, RTA = 0.35 ms
[1548700200] CURRENT HOST STATE: sigqscluster2;UP;HARD;1;PING OK - Packet loss = 0%, RTA = 0.33 ms
[1548700200] CURRENT HOST STATE: smscapp1;UP;HARD;1;PING OK - Packet loss = 0%, RTA = 0.26 ms
[1548700200] CURRENT HOST STATE: smscapp2;UP;HARD;1;PING OK - Packet loss = 0%, RTA = 0.29 ms
[1548700200] CURRENT HOST STATE: sservercluster1;UP;HARD;1;PING OK - Packet loss = 0%, RTA = 0.42 ms
[1548700200] CURRENT HOST STATE: sservercluster2;UP;HARD;1;PING OK - Packet loss = 0%, RTA = 0.40 ms
[1548700200] CURRENT HOST STATE: webserver1;UP;HARD;1;PING OK - Packet loss = 0%, RTA = 0.48 ms
[1548700200] CURRENT HOST STATE: webserver2;UP;HARD;1;PING OK - Packet loss = 0%, RTA = 0.07 ms
[1548700200] CURRENT HOST STATE: webservercluster1;UP;HARD;1;PING OK - Packet loss = 0%, RTA = 0.42 ms
[1548700200] CURRENT HOST STATE: webservercluster2;UP;HARD;1;PING OK - Packet loss = 0%, RTA = 0.39 ms
[1548700200] CURRENT SERVICE STATE: db1;CPU Load;OK;HARD;1;OK - load average: 0.00, 0.01, 0.07
[1548700200] CURRENT SERVICE STATE: db1;CPU_Procs;OK;HARD;1;CPU OK: 329 processes
[1548700200] CURRENT SERVICE STATE: db1;Current Users;OK;HARD;1;USERS OK - 4 users currently logged in
[1548700200] CURRENT SERVICE STATE: db1;HDD_Home status;OK;HARD;1;DISK OK - free space: /home 169650 MB (81% inode=99%):
[1548700200] CURRENT SERVICE STATE: db1;HDD_Root status;WARNING;HARD;3;DISK WARNING - free space: / 8801 MB (17% inode=99%):
[1548700200] CURRENT SERVICE STATE: db1;LocalService-NTPD SERVICE;OK;HARD;1;PROCS OK: 1 process with command name 'ntpd'
[1548700200] CURRENT SERVICE STATE: db1;Mariadb status;OK;HARD;1;PROCS OK: 1 process with command name 'mysqld'
[1548700200] CURRENT SERVICE STATE: db1;Memory;OK;HARD;1;OK - 74.7% (36817104 kB) free.
[1548700200] CURRENT SERVICE STATE: db1;Sensors Status;OK;HARD;1;SENSORS OK
[1548700200] CURRENT SERVICE STATE: db1;Total Processes;OK;HARD;1;PROCS OK: 329 processes
[1548700200] CURRENT SERVICE STATE: db2;CPU Load;OK;HARD;1;OK - load average: 0.77, 0.58, 0.47
[1548700200] CURRENT SERVICE STATE: db2;CPU_Procs;OK;HARD;1;CPU OK: 330 processes
[1548700200] CURRENT SERVICE STATE: db2;Current Users;OK;HARD;1;USERS OK - 2 users currently logged in
[1548700200] CURRENT SERVICE STATE: db2;HDD_Home status;OK;HARD;1;DISK OK - free space: /home 127363 MB (56% inode=99%):
[1548700200] CURRENT SERVICE STATE: db2;HDD_Root status;WARNING;HARD;3;DISK WARNING - free space: / 8399 MB (16% inode=98%):
[1548700200] CURRENT SERVICE STATE: db2;LocalService-NTPD SERVICE;OK;HARD;1;PROCS OK: 1 process with command name 'ntpd'
[1548700200] CURRENT SERVICE STATE: db2;Mariadb status;OK;HARD;1;PROCS OK: 1 process with command name 'mysqld'
[1548700200] CURRENT SERVICE STATE: db2;Memory;OK;HARD;1;OK - 31.6% (15590828 kB) free.
[1548700200] CURRENT SERVICE STATE: db2;Sensors Status;OK;HARD;1;SENSORS OK
[1548700200] CURRENT SERVICE STATE: db2;Total Processes;OK;HARD;1;PROCS OK: 328 processes
[1548700200] CURRENT SERVICE STATE: primary-server;CPU Load;OK;HARD;1;OK - load average: 0.00, 0.01, 0.08
[1548700200] CURRENT SERVICE STATE: primary-server;CPU_Procs;OK;HARD;1;CPU OK: 348 processes
[1548700200] CURRENT SERVICE STATE: primary-server;Current Users;OK;HARD;1;USERS OK - 3 users currently logged in
[1548700200] CURRENT SERVICE STATE: primary-server;HDD_Home status;OK;HARD;1;DISK OK - free space: /home 224687 MB (99% inode=99%):
[1548700200] CURRENT SERVICE STATE: primary-server;HDD_Root status;OK;HARD;1;DISK OK - free space: / 41273 MB (80% inode=99%):
[1548700200] CURRENT SERVICE STATE: primary-server;LocalService-NTPD SERVICE;OK;HARD;1;PROCS OK: 1 process with command name 'ntpd'
[1548700200] CURRENT SERVICE STATE: primary-server;Memory;OK;HARD;1;OK - 69.8% (17116268 kB) free.
[1548700200] CURRENT SERVICE STATE: primary-server;Nginx Status;OK;HARD;1;NGINX OK -  0.077 sec. response time, Active: 0 (Writing: 0 Reading: 0 Waiting: 0) ReqPerSec: 0.000 ConnPerSec: 0.000 ReqPerConn: 0.000
[1548700200] CURRENT SERVICE STATE: primary-server;Sensors Status;OK;HARD;1;SENSORS OK
[1548700200] CURRENT SERVICE STATE: primary-server;Total Processes;OK;HARD;1;PROCS OK: 346 processes
[1548700200] CURRENT SERVICE STATE: pservercluster1;CPU Load;OK;HARD;1;OK - load average: 0.00, 0.01, 0.05
[1548700200] CURRENT SERVICE STATE: pservercluster1;CPU_Procs;OK;HARD;1;CPU OK: 305 processes
[1548700200] CURRENT SERVICE STATE: pservercluster1;Current Users;OK;HARD;1;USERS OK - 2 users currently logged in
[1548700200] CURRENT SERVICE STATE: pservercluster1;HDD_Home status;OK;HARD;1;DISK OK - free space: /home 220675 MB (99% inode=99%):
[1548700200] CURRENT SERVICE STATE: pservercluster1;HDD_Root status;OK;HARD;1;DISK OK - free space: / 41736 MB (81% inode=99%):
[1548700200] CURRENT SERVICE STATE: pservercluster1;LocalService-NTPD SERVICE;OK;HARD;1;PROCS OK: 1 process with command name 'ntpd'
[1548700200] CURRENT SERVICE STATE: pservercluster1;Memory;OK;HARD;1;OK - 95.2% (23495876 kB) free.
[1548700200] CURRENT SERVICE STATE: pservercluster1;Sensors Status;OK;HARD;1;SENSORS OK
[1548700200] CURRENT SERVICE STATE: pservercluster1;Total Processes;OK;HARD;1;PROCS OK: 303 processes
[1548700200] CURRENT SERVICE STATE: pservercluster2;CPU Load;OK;HARD;1;OK - load average: 1.31, 1.30, 1.35
[1548700200] CURRENT SERVICE STATE: pservercluster2;CPU_Procs;OK;HARD;1;CPU OK: 352 processes
[1548700200] CURRENT SERVICE STATE: pservercluster2;Current Users;OK;HARD;1;USERS OK - 7 users currently logged in
[1548700200] CURRENT SERVICE STATE: pservercluster2;HDD_Home status;OK;HARD;1;DISK OK - free space: /home 50122 MB (22% inode=99%):
[1548700200] CURRENT SERVICE STATE: pservercluster2;HDD_Root status;WARNING;HARD;3;DISK WARNING - free space: / 8082 MB (15% inode=98%):
[1548700200] CURRENT SERVICE STATE: pservercluster2;LocalService-NTPD SERVICE;OK;HARD;1;PROCS OK: 1 process with command name 'ntpd'
[1548700200] CURRENT SERVICE STATE: pservercluster2;Memory;OK;HARD;1;OK - 93.1% (22808956 kB) free.
[1548700200] CURRENT SERVICE STATE: pservercluster2;Sensors Status;OK;HARD;1;SENSORS OK
[1548700200] CURRENT SERVICE STATE: pservercluster2;Total Processes;OK;HARD;1;PROCS OK: 352 processes
[1548700200] CURRENT SERVICE STATE: qservercluster1;CPU Load;OK;HARD;1;OK - load average: 8.41, 8.67, 8.79
[1548700200] CURRENT SERVICE STATE: qservercluster1;CPU_Procs;CRITICAL;HARD;3;CPU CRITICAL: 1 crit, 0 warn out of 299 processes
[1548700200] CURRENT SERVICE STATE: qservercluster1;Current Users;OK;HARD;1;USERS OK - 0 users currently logged in
[1548700200] CURRENT SERVICE STATE: qservercluster1;HDD_Home status;OK;HARD;1;DISK OK - free space: /home 224641 MB (99% inode=99%):
[1548700200] CURRENT SERVICE STATE: qservercluster1;HDD_Root status;OK;HARD;1;DISK OK - free space: / 41283 MB (80% inode=99%):
[1548700200] CURRENT SERVICE STATE: qservercluster1;LocalService-NTPD SERVICE;OK;HARD;1;PROCS OK: 1 process with command name 'ntpd'
[1548700200] CURRENT SERVICE STATE: qservercluster1;Memory;OK;HARD;1;OK - 88.8% (43720640 kB) free.
[1548700200] CURRENT SERVICE STATE: qservercluster1;Sensors Status;OK;HARD;1;SENSORS OK
[1548700200] CURRENT SERVICE STATE: qservercluster1;Total Processes;OK;HARD;1;PROCS OK: 299 processes
[1548700200] CURRENT SERVICE STATE: qservercluster2;CPU Load;OK;HARD;1;OK - load average: 4.85, 4.37, 4.37
[1548700200] CURRENT SERVICE STATE: qservercluster2;CPU_Procs;CRITICAL;HARD;3;CPU CRITICAL: 1 crit, 0 warn out of 303 processes
[1548700200] CURRENT SERVICE STATE: qservercluster2;Current Users;OK;HARD;1;USERS OK - 0 users currently logged in
[1548700200] CURRENT SERVICE STATE: qservercluster2;HDD_Home status;OK;HARD;1;DISK OK - free space: /home 224577 MB (99% inode=99%):
[1548700200] CURRENT SERVICE STATE: qservercluster2;HDD_Root status;OK;HARD;1;DISK OK - free space: / 40163 MB (78% inode=98%):
[1548700200] CURRENT SERVICE STATE: qservercluster2;LocalService-NTPD SERVICE;OK;HARD;1;PROCS OK: 1 process with command name 'ntpd'
[1548700200] CURRENT SERVICE STATE: qservercluster2;Memory;OK;HARD;1;OK - 95.0% (46821684 kB) free.
[1548700200] CURRENT SERVICE STATE: qservercluster2;Sensors Status;OK;HARD;1;SENSORS OK
[1548700200] CURRENT SERVICE STATE: qservercluster2;Total Processes;OK;HARD;1;PROCS OK: 302 processes
[1548700200] CURRENT SERVICE STATE: secondary-server;CPU Load;OK;HARD;1;OK - load average: 0.02, 0.38, 0.53
[1548700200] CURRENT SERVICE STATE: secondary-server;CPU_Procs;OK;HARD;1;CPU OK: 342 processes
[1548700200] CURRENT SERVICE STATE: secondary-server;Current Users;OK;HARD;1;USERS OK - 2 users currently logged in
[1548700200] CURRENT SERVICE STATE: secondary-server;HDD_Home status;OK;HARD;1;DISK OK - free space: /home 224704 MB (99% inode=99%):
[1548700200] CURRENT SERVICE STATE: secondary-server;HDD_Root status;OK;HARD;1;DISK OK - free space: / 41197 MB (80% inode=99%):
[1548700200] CURRENT SERVICE STATE: secondary-server;LocalService-NTPD SERVICE;OK;HARD;1;PROCS OK: 1 process with command name 'ntpd'
[1548700200] CURRENT SERVICE STATE: secondary-server;Memory Status;OK;HARD;1;OK - 70.4% (17247816 kB) free.
[1548700200] CURRENT SERVICE STATE: secondary-server;Nginx Status;OK;HARD;1;NGINX OK -  0.084 sec. response time, Active: 0 (Writing: 0 Reading: 0 Waiting: 0) ReqPerSec: 0.000 ConnPerSec: 0.000 ReqPerConn: 0.000
[1548700200] CURRENT SERVICE STATE: secondary-server;Sensors Status;OK;HARD;1;SENSORS OK
[1548700200] CURRENT SERVICE STATE: secondary-server;Total Processes;OK;HARD;1;PROCS OK: 343 processes
[1548700200] CURRENT SERVICE STATE: sig1;CPU Load;OK;HARD;1;OK - load average: 0.01, 0.03, 0.05
[1548700200] CURRENT SERVICE STATE: sig1;CPU_Procs;OK;HARD;1;CPU OK: 312 processes
[1548700200] CURRENT SERVICE STATE: sig1;Current Users;OK;HARD;1;USERS OK - 0 users currently logged in
[1548700200] CURRENT SERVICE STATE: sig1;HDD_Home status;OK;HARD;1;DISK OK - free space: /home 189615 MB (84% inode=99%):
[1548700200] CURRENT SERVICE STATE: sig1;HDD_Root status;OK;HARD;1;DISK OK - free space: / 30606 MB (59% inode=98%):
[1548700200] CURRENT SERVICE STATE: sig1;LocalService-NTPD SERVICE;OK;HARD;1;PROCS OK: 1 process with command name 'ntpd'
[1548700200] CURRENT SERVICE STATE: sig1;Memory;OK;HARD;1;OK - 44.6% (7254760 kB) free.
[1548700200] CURRENT SERVICE STATE: sig1;Sensors Status;OK;HARD;1;SENSORS OK
[1548700200] CURRENT SERVICE STATE: sig1;Total Processes;OK;HARD;1;PROCS OK: 313 processes
[1548700200] CURRENT SERVICE STATE: sig2;CPU Load;OK;HARD;1;OK - load average: 0.03, 0.02, 0.05
[1548700200] CURRENT SERVICE STATE: sig2;CPU_Procs;OK;HARD;1;CPU OK: 313 processes
[1548700200] CURRENT SERVICE STATE: sig2;Current Users;OK;HARD;1;USERS OK - 0 users currently logged in
[1548700200] CURRENT SERVICE STATE: sig2;HDD_Home status;OK;HARD;1;DISK OK - free space: /home 109858 MB (48% inode=99%):
[1548700200] CURRENT SERVICE STATE: sig2;HDD_Root status;OK;HARD;1;DISK OK - free space: / 30901 MB (60% inode=98%):
[1548700200] CURRENT SERVICE STATE: sig2;LocalService-NTPD SERVICE;OK;HARD;1;PROCS OK: 1 process with command name 'ntpd'
[1548700200] CURRENT SERVICE STATE: sig2;Memory;OK;HARD;1;OK - 64.0% (10400424 kB) free.
[1548700200] CURRENT SERVICE STATE: sig2;Sensors Status;OK;HARD;1;SENSORS OK
[1548700200] CURRENT SERVICE STATE: sig2;Total Processes;OK;HARD;1;PROCS OK: 313 processes
[1548700200] CURRENT SERVICE STATE: sig3;CPU Load;OK;HARD;1;OK - load average: 0.01, 0.03, 0.05
[1548700200] CURRENT SERVICE STATE: sig3;CPU_Procs;OK;HARD;1;CPU OK: 350 processes
[1548700200] CURRENT SERVICE STATE: sig3;Current Users;OK;HARD;1;USERS OK - 2 users currently logged in
[1548700200] CURRENT SERVICE STATE: sig3;HDD_Home status;OK;HARD;1;DISK OK - free space: /home 212742 MB (94% inode=99%):
[1548700200] CURRENT SERVICE STATE: sig3;HDD_Root status;OK;HARD;1;DISK OK - free space: / 37853 MB (73% inode=98%):
[1548700200] CURRENT SERVICE STATE: sig3;LocalService-NTPD SERVICE;OK;HARD;1;PROCS OK: 1 process with command name 'ntpd'
[1548700200] CURRENT SERVICE STATE: sig3;Memory;OK;HARD;1;OK - 87.8% (14278448 kB) free.
[1548700200] CURRENT SERVICE STATE: sig3;Sensors Status;OK;HARD;1;SENSORS OK
[1548700200] CURRENT SERVICE STATE: sig3;Total Processes;OK;HARD;1;PROCS OK: 350 processes
[1548700200] CURRENT SERVICE STATE: sig4;CPU Load;OK;HARD;1;OK - load average: 0.00, 0.01, 0.05
[1548700200] CURRENT SERVICE STATE: sig4;CPU_Procs;OK;HARD;1;CPU OK: 302 processes
[1548700200] CURRENT SERVICE STATE: sig4;Current Users;OK;HARD;1;USERS OK - 0 users currently logged in
[1548700200] CURRENT SERVICE STATE: sig4;HDD_Home status;OK;HARD;1;DISK OK - free space: /home 216601 MB (96% inode=99%):
[1548700200] CURRENT SERVICE STATE: sig4;HDD_Root status;OK;HARD;1;DISK OK - free space: / 34687 MB (67% inode=98%):
[1548700200] CURRENT SERVICE STATE: sig4;LocalService-NTPD SERVICE;OK;HARD;1;PROCS OK: 1 process with command name 'ntpd'
[1548700200] CURRENT SERVICE STATE: sig4;Memory;OK;HARD;1;OK - 62.8% (10201240 kB) free.
[1548700200] CURRENT SERVICE STATE: sig4;Sensors Status;OK;HARD;1;SENSORS OK
[1548700200] CURRENT SERVICE STATE: sig4;Total Processes;OK;HARD;1;PROCS OK: 301 processes
[1548700200] CURRENT SERVICE STATE: sig5;CPU Load;OK;HARD;1;OK - load average: 0.01, 0.35, 0.52
[1548700200] CURRENT SERVICE STATE: sig5;CPU_Procs;OK;HARD;1;CPU OK: 338 processes
[1548700200] CURRENT SERVICE STATE: sig5;Current Users;OK;HARD;1;USERS OK - 1 users currently logged in
[1548700200] CURRENT SERVICE STATE: sig5;HDD_Home status;OK;HARD;1;DISK OK - free space: /home 220942 MB (98% inode=99%):
[1548700200] CURRENT SERVICE STATE: sig5;HDD_Root status;OK;HARD;1;DISK OK - free space: / 37826 MB (73% inode=98%):
[1548700200] CURRENT SERVICE STATE: sig5;LocalService-NTPD SERVICE;OK;HARD;1;PROCS OK: 1 process with command name 'ntpd'
[1548700200] CURRENT SERVICE STATE: sig5;Memory;OK;HARD;1;OK - 83.8% (13618948 kB) free.
[1548700200] CURRENT SERVICE STATE: sig5;Sensors Status;OK;HARD;1;SENSORS OK
[1548700200] CURRENT SERVICE STATE: sig5;Total Processes;OK;HARD;1;PROCS OK: 335 processes
[1548700200] CURRENT SERVICE STATE: sig6;CPU Load;OK;HARD;1;OK - load average: 0.01, 0.04, 0.06
[1548700200] CURRENT SERVICE STATE: sig6;CPU_Procs;OK;HARD;1;CPU OK: 342 processes
[1548700200] CURRENT SERVICE STATE: sig6;Current Users;OK;HARD;1;USERS OK - 1 users currently logged in
[1548700200] CURRENT SERVICE STATE: sig6;HDD_Home status;OK;HARD;1;DISK OK - free space: /home 212988 MB (94% inode=99%):
[1548700200] CURRENT SERVICE STATE: sig6;HDD_Root status;OK;HARD;1;DISK OK - free space: / 27100 MB (52% inode=98%):
[1548700200] CURRENT SERVICE STATE: sig6;LocalService-NTPD SERVICE;OK;HARD;1;PROCS OK: 1 process with command name 'ntpd'
[1548700200] CURRENT SERVICE STATE: sig6;Memory;OK;HARD;1;OK - 88.7% (14417188 kB) free.
[1548700200] CURRENT SERVICE STATE: sig6;Sensors Status;OK;HARD;1;SENSORS OK
[1548700200] CURRENT SERVICE STATE: sig6;Total Processes;OK;HARD;1;PROCS OK: 341 processes
[1548700200] CURRENT SERVICE STATE: sigqscluster1;CPU Load;OK;HARD;1;OK - load average: 1.00, 0.95, 0.73
[1548700200] CURRENT SERVICE STATE: sigqscluster1;CPU_Procs;OK;HARD;1;CPU OK: 337 processes
[1548700200] CURRENT SERVICE STATE: sigqscluster1;Current Users;OK;HARD;1;USERS OK - 2 users currently logged in
[1548700200] CURRENT SERVICE STATE: sigqscluster1;HDD_Home status;OK;HARD;1;DISK OK - free space: /home 224579 MB (99% inode=99%):
[1548700200] CURRENT SERVICE STATE: sigqscluster1;HDD_Root status;OK;HARD;1;DISK OK - free space: / 41190 MB (80% inode=99%):
[1548700200] CURRENT SERVICE STATE: sigqscluster1;LocalService-NTPD SERVICE;OK;HARD;1;PROCS OK: 1 process with command name 'ntpd'
[1548700200] CURRENT SERVICE STATE: sigqscluster1;Memory;OK;HARD;1;OK - 89.5% (44115648 kB) free.
[1548700200] CURRENT SERVICE STATE: sigqscluster1;Sensors Status;OK;HARD;1;SENSORS OK
[1548700200] CURRENT SERVICE STATE: sigqscluster1;Total Processes;OK;HARD;1;PROCS OK: 336 processes
[1548700200] CURRENT SERVICE STATE: sigqscluster2;CPU Load;OK;HARD;1;OK - load average: 2.12, 1.90, 1.60
[1548700200] CURRENT SERVICE STATE: sigqscluster2;CPU_Procs;OK;HARD;1;CPU OK: 336 processes
[1548700200] CURRENT SERVICE STATE: sigqscluster2;Current Users;OK;HARD;1;USERS OK - 2 users currently logged in
[1548700200] CURRENT SERVICE STATE: sigqscluster2;HDD_Home status;OK;HARD;1;DISK OK - free space: /home 224577 MB (99% inode=99%):
[1548700200] CURRENT SERVICE STATE: sigqscluster2;HDD_Root status;OK;HARD;1;DISK OK - free space: / 41202 MB (80% inode=99%):
[1548700200] CURRENT SERVICE STATE: sigqscluster2;LocalService-NTPD SERVICE;OK;HARD;1;PROCS OK: 1 process with command name 'ntpd'
[1548700200] CURRENT SERVICE STATE: sigqscluster2;Memory;OK;HARD;1;OK - 90.0% (44367556 kB) free.
[1548700200] CURRENT SERVICE STATE: sigqscluster2;Sensors Status;OK;HARD;1;SENSORS OK
[1548700200] CURRENT SERVICE STATE: sigqscluster2;Total Processes;OK;HARD;1;PROCS OK: 335 processes
[1548700200] CURRENT SERVICE STATE: smscapp1;CPU Load;OK;HARD;1;OK - load average: 1.34, 1.27, 1.30
[1548700200] CURRENT SERVICE STATE: smscapp1;CPU_Procs;WARNING;HARD;3;CPU WARNING: 1 warn out of 310 processes
[1548700200] CURRENT SERVICE STATE: smscapp1;Current Users;OK;HARD;1;USERS OK - 2 users currently logged in
[1548700200] CURRENT SERVICE STATE: smscapp1;HDD_Home status;OK;HARD;1;DISK OK - free space: /home 77082 MB (34% inode=99%):
[1548700200] CURRENT SERVICE STATE: smscapp1;HDD_Root status;OK;HARD;1;DISK OK - free space: / 39150 MB (76% inode=98%):
[1548700200] CURRENT SERVICE STATE: smscapp1;LocalService-NTPD SERVICE;OK;HARD;1;PROCS OK: 1 process with command name 'ntpd'
[1548700200] CURRENT SERVICE STATE: smscapp1;Memory;OK;HARD;1;OK - 93.7% (15232512 kB) free.
[1548700200] CURRENT SERVICE STATE: smscapp1;Sensors Status;OK;HARD;1;SENSORS OK
[1548700200] CURRENT SERVICE STATE: smscapp1;Total Processes;OK;HARD;1;PROCS OK: 309 processes
[1548700200] CURRENT SERVICE STATE: smscapp2;CPU Load;OK;HARD;1;OK - load average: 2.14, 2.08, 1.77
[1548700200] CURRENT SERVICE STATE: smscapp2;CPU_Procs;OK;HARD;1;CPU OK: 340 processes
[1548700200] CURRENT SERVICE STATE: smscapp2;Current Users;OK;HARD;1;USERS OK - 4 users currently logged in
[1548700200] CURRENT SERVICE STATE: smscapp2;HDD_Home status;OK;HARD;1;DISK OK - free space: /home 62589 MB (27% inode=99%):
[1548700200] CURRENT SERVICE STATE: smscapp2;HDD_Root status;OK;HARD;1;DISK OK - free space: / 39006 MB (76% inode=98%):
[1548700200] CURRENT SERVICE STATE: smscapp2;LocalService-NTPD SERVICE;OK;HARD;1;PROCS OK: 1 process with command name 'ntpd'
[1548700200] CURRENT SERVICE STATE: smscapp2;Memory;OK;HARD;1;OK - 34.6% (5617788 kB) free.
[1548700200] CURRENT SERVICE STATE: smscapp2;Sensors Status;OK;HARD;1;SENSORS OK
[1548700200] CURRENT SERVICE STATE: smscapp2;Total Processes;OK;HARD;1;PROCS OK: 339 processes
[1548700200] CURRENT SERVICE STATE: sservercluster1;CPU Load;OK;HARD;1;OK - load average: 0.00, 0.01, 0.05
[1548700200] CURRENT SERVICE STATE: sservercluster1;CPU_Procs;OK;HARD;1;CPU OK: 311 processes
[1548700200] CURRENT SERVICE STATE: sservercluster1;Current Users;OK;HARD;1;USERS OK - 3 users currently logged in
[1548700200] CURRENT SERVICE STATE: sservercluster1;HDD_Home status;OK;HARD;1;DISK OK - free space: /home 220679 MB (99% inode=99%):
[1548700200] CURRENT SERVICE STATE: sservercluster1;HDD_Root status;OK;HARD;1;DISK OK - free space: / 41517 MB (81% inode=99%):
[1548700200] CURRENT SERVICE STATE: sservercluster1;LocalService-NTPD SERVICE;OK;HARD;1;PROCS OK: 1 process with command name 'ntpd'
[1548700200] CURRENT SERVICE STATE: sservercluster1;Memory;OK;HARD;1;OK - 92.7% (22725396 kB) free.
[1548700200] CURRENT SERVICE STATE: sservercluster1;Sensors Status;OK;HARD;1;SENSORS OK
[1548700200] CURRENT SERVICE STATE: sservercluster1;Total Processes;OK;HARD;1;PROCS OK: 311 processes
[1548700200] CURRENT SERVICE STATE: sservercluster2;CPU Load;OK;HARD;1;OK - load average: 0.00, 0.01, 0.05
[1548700200] CURRENT SERVICE STATE: sservercluster2;CPU_Procs;OK;HARD;1;CPU OK: 301 processes
[1548700200] CURRENT SERVICE STATE: sservercluster2;Current Users;OK;HARD;1;USERS OK - 1 users currently logged in
[1548700200] CURRENT SERVICE STATE: sservercluster2;HDD_Home status;OK;HARD;1;DISK OK - free space: /home 219756 MB (99% inode=99%):
[1548700200] CURRENT SERVICE STATE: sservercluster2;HDD_Root status;OK;HARD;1;DISK OK - free space: / 41242 MB (80% inode=99%):
[1548700200] CURRENT SERVICE STATE: sservercluster2;LocalService-NTPD SERVICE;OK;HARD;1;PROCS OK: 1 process with command name 'ntpd'
[1548700200] CURRENT SERVICE STATE: sservercluster2;Memory;OK;HARD;1;OK - 93.1% (22815224 kB) free.
[1548700200] CURRENT SERVICE STATE: sservercluster2;Sensors Status;OK;HARD;1;SENSORS OK
[1548700200] CURRENT SERVICE STATE: sservercluster2;Total Processes;OK;HARD;1;PROCS OK: 305 processes
[1548700200] CURRENT SERVICE STATE: webserver1;CPU Load;OK;HARD;1;OK - load average: 0.00, 0.01, 0.05
[1548700200] CURRENT SERVICE STATE: webserver1;CPU_Procs;OK;HARD;1;CPU OK: 317 processes
[1548700200] CURRENT SERVICE STATE: webserver1;Current Users;OK;HARD;1;USERS OK - 0 users currently logged in
[1548700200] CURRENT SERVICE STATE: webserver1;HDD_Home status;OK;HARD;1;DISK OK - free space: /home 224832 MB (99% inode=99%):
[1548700200] CURRENT SERVICE STATE: webserver1;HDD_Root status;OK;HARD;1;DISK OK - free space: / 40988 MB (80% inode=99%):
[1548700200] CURRENT SERVICE STATE: webserver1;LocalService-NTPD SERVICE;OK;HARD;1;PROCS OK: 1 process with command name 'ntpd'
[1548700200] CURRENT SERVICE STATE: webserver1;Memory;OK;HARD;1;OK - 92.8% (22705004 kB) free.
[1548700200] CURRENT SERVICE STATE: webserver1;Nginx_status;OK;HARD;1;NGINX OK -  0.083 sec. response time, Active: 0 (Writing: 0 Reading: 0 Waiting: 0) ReqPerSec: 0.000 ConnPerSec: 0.000 ReqPerConn: 0.000
[1548700200] CURRENT SERVICE STATE: webserver1;Sensors Status;OK;HARD;1;SENSORS OK
[1548700200] CURRENT SERVICE STATE: webserver1;Total Processes;OK;HARD;1;PROCS OK: 317 processes
[1548700200] CURRENT SERVICE STATE: webserver2;CPU_Procs;OK;HARD;1;CPU OK: 464 processes
[1548700200] CURRENT SERVICE STATE: webserver2;Current Load;OK;HARD;1;OK - load average: 0.05, 0.03, 0.07
[1548700200] CURRENT SERVICE STATE: webserver2;Current Users;OK;HARD;1;USERS OK - 27 users currently logged in
[1548700200] CURRENT SERVICE STATE: webserver2;HDD_Home status;OK;HARD;1;DISK OK - free space: /home 216632 MB (96.39% inode=100%):
[1548700200] CURRENT SERVICE STATE: webserver2;HTTP;OK;HARD;1;HTTP OK: HTTP/1.1 200 OK - 355 bytes in 0.001 second response time
[1548700200] CURRENT SERVICE STATE: webserver2;LocalService-NTPD SERVICE;OK;HARD;1;PROCS OK: 1 process with command name 'ntpd'
[1548700200] CURRENT SERVICE STATE: webserver2;Memory;OK;HARD;1;OK - 86.1% (21100032 kB) free.
[1548700200] CURRENT SERVICE STATE: webserver2;PING;OK;HARD;1;PING OK - Packet loss = 0%, RTA = 0.08 ms
[1548700200] CURRENT SERVICE STATE: webserver2;Root Partition;OK;HARD;1;DISK OK - free space: / 36316 MB (70.96% inode=99%):
[1548700200] CURRENT SERVICE STATE: webserver2;SSH;OK;HARD;1;SSH OK - OpenSSH_7.4 (protocol 2.0)
[1548700200] CURRENT SERVICE STATE: webserver2;Sensors Status;OK;HARD;1;SENSORS OK
[1548700200] CURRENT SERVICE STATE: webserver2;Total Processes;OK;HARD;1;PROCS OK: 162 processes with STATE = RSZDT
[1548700200] CURRENT SERVICE STATE: webservercluster1;CPU Load;OK;HARD;1;OK - load average: 0.00, 0.01, 0.05
[1548700200] CURRENT SERVICE STATE: webservercluster1;CPU_Procs;OK;HARD;1;CPU OK: 299 processes
[1548700200] CURRENT SERVICE STATE: webservercluster1;Current Users;OK;HARD;1;USERS OK - 1 users currently logged in
[1548700200] CURRENT SERVICE STATE: webservercluster1;HDD_Home status;OK;HARD;1;DISK OK - free space: / 35825 MB (70% inode=99%):
[1548700200] CURRENT SERVICE STATE: webservercluster1;HDD_Root status;OK;HARD;1;DISK OK - free space: /home 219261 MB (97% inode=99%):
[1548700200] CURRENT SERVICE STATE: webservercluster1;LocalService-NTPD SERVICE;OK;HARD;1;PROCS OK: 1 process with command name 'ntpd'
[1548700200] CURRENT SERVICE STATE: webservercluster1;Memory;OK;HARD;1;OK - 61.7% (10036324 kB) free.
[1548700200] CURRENT SERVICE STATE: webservercluster1;Sensors Status;OK;HARD;1;SENSORS OK
[1548700200] CURRENT SERVICE STATE: webservercluster1;Total Processes;OK;HARD;1;PROCS OK: 297 processes
[1548700200] CURRENT SERVICE STATE: webservercluster2;CPU Load;OK;HARD;1;OK - load average: 0.16, 0.10, 0.11
[1548700200] CURRENT SERVICE STATE: webservercluster2;CPU_Procs;WARNING;HARD;3;CPU WARNING: 1 warn out of 305 processes
[1548700200] CURRENT SERVICE STATE: webservercluster2;Current Users;OK;HARD;1;USERS OK - 5 users currently logged in
[1548700200] CURRENT SERVICE STATE: webservercluster2;HDD_Home status;OK;HARD;1;DISK OK - free space: /home 117185 MB (52% inode=99%):
[1548700200] CURRENT SERVICE STATE: webservercluster2;HDD_Root status;OK;HARD;1;DISK OK - free space: / 40916 MB (79% inode=99%):
[1548700200] CURRENT SERVICE STATE: webservercluster2;LocalService-NTPD SERVICE;OK;HARD;1;PROCS OK: 1 process with command name 'ntpd'
[1548700200] CURRENT SERVICE STATE: webservercluster2;Memory;OK;HARD;1;OK - 86.7% (14095204 kB) free.
[1548700200] CURRENT SERVICE STATE: webservercluster2;Sensors Status;OK;HARD;1;SENSORS OK
[1548700200] CURRENT SERVICE STATE: webservercluster2;Total Processes;OK;HARD;1;PROCS OK: 306 processes
[1548700550] SERVICE NOTIFICATION: nagiosadmin;smscapp1;CPU_Procs;WARNING;notify-service-by-email;CPU WARNING: 1 warn out of 309 processes
[1548700894] SERVICE NOTIFICATION: nagiosadmin;webservercluster2;CPU_Procs;WARNING;notify-service-by-email;CPU WARNING: 1 warn out of 308 processes
[1548700924] SERVICE NOTIFICATION: nagiosadmin;qservercluster1;CPU_Procs;CRITICAL;notify-service-by-email;CPU CRITICAL: 1 crit, 0 warn out of 303 processes
[1548701286] SERVICE NOTIFICATION: nagiosadmin;qservercluster2;CPU_Procs;CRITICAL;notify-service-by-email;CPU CRITICAL: 1 crit, 0 warn out of 305 processes
[1548701339] Auto-save of retention data completed successfully.
[1548701810] SERVICE NOTIFICATION: nagiosadmin;db2;HDD_Root status;WARNING;notify-service-by-email;DISK WARNING - free space: / 8399 MB (16% inode=98%):
[1548702463] SERVICE FLAPPING ALERT: db2;CPU_Procs;STOPPED; Service appears to have stopped flapping (4.0% change < 5.0% threshold)
[1548703071] SERVICE NOTIFICATION: nagiosadmin;db1;HDD_Root status;WARNING;notify-service-by-email;DISK WARNING - free space: / 8799 MB (17% inode=99%):
[1548703637] SERVICE NOTIFICATION: nagiosadmin;pservercluster2;HDD_Root status;WARNING;notify-service-by-email;DISK WARNING - free space: / 8081 MB (15% inode=98%):
[1548703796] SERVICE FLAPPING ALERT: db1;CPU_Procs;STOPPED; Service appears to have stopped flapping (3.8% change < 5.0% threshold)
[1548704150] SERVICE NOTIFICATION: nagiosadmin;smscapp1;CPU_Procs;WARNING;notify-service-by-email;CPU WARNING: 1 warn out of 310 processes
[1548704494] SERVICE NOTIFICATION: nagiosadmin;webservercluster2;CPU_Procs;WARNING;notify-service-by-email;CPU WARNING: 1 warn out of 305 processes
[1548704524] SERVICE NOTIFICATION: nagiosadmin;qservercluster1;CPU_Procs;CRITICAL;notify-service-by-email;CPU CRITICAL: 1 crit, 0 warn out of 296 processes
[1548704886] SERVICE NOTIFICATION: nagiosadmin;qservercluster2;CPU_Procs;CRITICAL;notify-service-by-email;CPU CRITICAL: 1 crit, 0 warn out of 302 processes
[1548704939] Auto-save of retention data completed successfully.
[1548705410] SERVICE NOTIFICATION: nagiosadmin;db2;HDD_Root status;WARNING;notify-service-by-email;DISK WARNING - free space: / 8399 MB (16% inode=98%):
[1548706671] SERVICE NOTIFICATION: nagiosadmin;db1;HDD_Root status;WARNING;notify-service-by-email;DISK WARNING - free space: / 8799 MB (17% inode=99%):
[1548707238] SERVICE NOTIFICATION: nagiosadmin;pservercluster2;HDD_Root status;WARNING;notify-service-by-email;DISK WARNING - free space: / 8081 MB (15% inode=98%):
[1548707750] SERVICE NOTIFICATION: nagiosadmin;smscapp1;CPU_Procs;WARNING;notify-service-by-email;CPU WARNING: 1 warn out of 309 processes
[1548708094] SERVICE NOTIFICATION: nagiosadmin;webservercluster2;CPU_Procs;WARNING;notify-service-by-email;CPU WARNING: 1 warn out of 306 processes
[1548708124] SERVICE NOTIFICATION: nagiosadmin;qservercluster1;CPU_Procs;CRITICAL;notify-service-by-email;CPU CRITICAL: 1 crit, 0 warn out of 296 processes
[1548708486] SERVICE NOTIFICATION: nagiosadmin;qservercluster2;CPU_Procs;CRITICAL;notify-service-by-email;CPU CRITICAL: 1 crit, 0 warn out of 302 processes
[1548708539] Auto-save of retention data completed successfully.
[1548709010] SERVICE NOTIFICATION: nagiosadmin;db2;HDD_Root status;WARNING;notify-service-by-email;DISK WARNING - free space: / 8399 MB (16% inode=98%):
[1548710271] SERVICE NOTIFICATION: nagiosadmin;db1;HDD_Root status;WARNING;notify-service-by-email;DISK WARNING - free space: / 8799 MB (17% inode=99%):
[1548711351] SERVICE NOTIFICATION: nagiosadmin;smscapp1;CPU_Procs;WARNING;notify-service-by-email;CPU WARNING: 1 warn out of 309 processes
[1548711437] SERVICE NOTIFICATION: nagiosadmin;pservercluster2;HDD_Root status;WARNING;notify-service-by-email;DISK WARNING - free space: / 8081 MB (15% inode=98%):
[1548711695] SERVICE NOTIFICATION: nagiosadmin;webservercluster2;CPU_Procs;WARNING;notify-service-by-email;CPU WARNING: 1 warn out of 306 processes
[1548711724] SERVICE NOTIFICATION: nagiosadmin;qservercluster1;CPU_Procs;CRITICAL;notify-service-by-email;CPU CRITICAL: 1 crit, 0 warn out of 297 processes
[1548712086] SERVICE NOTIFICATION: nagiosadmin;qservercluster2;CPU_Procs;CRITICAL;notify-service-by-email;CPU CRITICAL: 1 crit, 0 warn out of 302 processes
[1548712139] Auto-save of retention data completed successfully.
[1548712611] SERVICE NOTIFICATION: nagiosadmin;db2;HDD_Root status;WARNING;notify-service-by-email;DISK WARNING - free space: / 8399 MB (16% inode=98%):
[1548713871] SERVICE NOTIFICATION: nagiosadmin;db1;HDD_Root status;WARNING;notify-service-by-email;DISK WARNING - free space: / 8799 MB (17% inode=99%):
[1548715037] SERVICE NOTIFICATION: nagiosadmin;pservercluster2;HDD_Root status;WARNING;notify-service-by-email;DISK WARNING - free space: / 8081 MB (15% inode=98%):
[1548715324] SERVICE NOTIFICATION: nagiosadmin;qservercluster1;CPU_Procs;CRITICAL;notify-service-by-email;CPU CRITICAL: 1 crit, 0 warn out of 302 processes
[1548715550] SERVICE NOTIFICATION: nagiosadmin;smscapp1;CPU_Procs;WARNING;notify-service-by-email;CPU WARNING: 1 warn out of 308 processes
[1548715686] SERVICE NOTIFICATION: nagiosadmin;qservercluster2;CPU_Procs;CRITICAL;notify-service-by-email;CPU CRITICAL: 1 crit, 0 warn out of 302 processes
[1548715739] Auto-save of retention data completed successfully.
[1548715894] SERVICE NOTIFICATION: nagiosadmin;webservercluster2;CPU_Procs;WARNING;notify-service-by-email;CPU WARNING: 1 warn out of 305 processes
[1548716810] SERVICE NOTIFICATION: nagiosadmin;db2;HDD_Root status;WARNING;notify-service-by-email;DISK WARNING - free space: / 8399 MB (16% inode=98%):
[1548717094] SERVICE NOTIFICATION: nagiosadmin;webservercluster2;CPU_Procs;OK;notify-service-by-email;CPU OK: 307 processes
[1548717094] SERVICE ALERT: webservercluster2;CPU_Procs;OK;HARD;1;CPU OK: 307 processes
[1548717471] SERVICE NOTIFICATION: nagiosadmin;db1;HDD_Root status;WARNING;notify-service-by-email;DISK WARNING - free space: / 8799 MB (17% inode=99%):
[1548718637] SERVICE NOTIFICATION: nagiosadmin;pservercluster2;HDD_Root status;WARNING;notify-service-by-email;DISK WARNING - free space: / 8081 MB (15% inode=98%):
[1548718924] SERVICE NOTIFICATION: nagiosadmin;qservercluster1;CPU_Procs;CRITICAL;notify-service-by-email;CPU CRITICAL: 1 crit, 0 warn out of 296 processes
[1548719150] SERVICE NOTIFICATION: nagiosadmin;smscapp1;CPU_Procs;WARNING;notify-service-by-email;CPU WARNING: 1 warn out of 308 processes
[1548719287] SERVICE NOTIFICATION: nagiosadmin;qservercluster2;CPU_Procs;CRITICAL;notify-service-by-email;CPU CRITICAL: 1 crit, 0 warn out of 303 processes
[1548719339] Auto-save of retention data completed successfully.
[1548720410] SERVICE NOTIFICATION: nagiosadmin;db2;HDD_Root status;WARNING;notify-service-by-email;DISK WARNING - free space: / 8399 MB (16% inode=98%):
[1548721071] SERVICE NOTIFICATION: nagiosadmin;db1;HDD_Root status;WARNING;notify-service-by-email;DISK WARNING - free space: / 8799 MB (17% inode=99%):
[1548722237] SERVICE NOTIFICATION: nagiosadmin;pservercluster2;HDD_Root status;WARNING;notify-service-by-email;DISK WARNING - free space: / 8081 MB (15% inode=98%):
[1548722524] SERVICE NOTIFICATION: nagiosadmin;qservercluster1;CPU_Procs;CRITICAL;notify-service-by-email;CPU CRITICAL: 1 crit, 0 warn out of 300 processes
[1548722750] SERVICE NOTIFICATION: nagiosadmin;smscapp1;CPU_Procs;WARNING;notify-service-by-email;CPU WARNING: 1 warn out of 308 processes
[1548722939] Auto-save of retention data completed successfully.
[1548723486] SERVICE NOTIFICATION: nagiosadmin;qservercluster2;CPU_Procs;CRITICAL;notify-service-by-email;CPU CRITICAL: 1 crit, 0 warn out of 307 processes
[1548724010] SERVICE NOTIFICATION: nagiosadmin;db2;HDD_Root status;WARNING;notify-service-by-email;DISK WARNING - free space: / 8399 MB (16% inode=98%):
[1548724671] SERVICE NOTIFICATION: nagiosadmin;db1;HDD_Root status;WARNING;notify-service-by-email;DISK WARNING - free space: / 8796 MB (17% inode=99%):
[1548725837] SERVICE NOTIFICATION: nagiosadmin;pservercluster2;HDD_Root status;WARNING;notify-service-by-email;DISK WARNING - free space: / 8081 MB (15% inode=98%):
[1548726124] SERVICE NOTIFICATION: nagiosadmin;qservercluster1;CPU_Procs;CRITICAL;notify-service-by-email;CPU CRITICAL: 1 crit, 0 warn out of 297 processes
[1548726350] SERVICE NOTIFICATION: nagiosadmin;smscapp1;CPU_Procs;WARNING;notify-service-by-email;CPU WARNING: 1 warn out of 309 processes
[1548726539] Auto-save of retention data completed successfully.
[1548727086] SERVICE NOTIFICATION: nagiosadmin;qservercluster2;CPU_Procs;CRITICAL;notify-service-by-email;CPU CRITICAL: 1 crit, 0 warn out of 305 processes
[1548727610] SERVICE NOTIFICATION: nagiosadmin;db2;HDD_Root status;WARNING;notify-service-by-email;DISK WARNING - free space: / 8399 MB (16% inode=98%):
[1548728271] SERVICE NOTIFICATION: nagiosadmin;db1;HDD_Root status;WARNING;notify-service-by-email;DISK WARNING - free space: / 8796 MB (17% inode=99%):
[1548729437] SERVICE NOTIFICATION: nagiosadmin;pservercluster2;HDD_Root status;WARNING;notify-service-by-email;DISK WARNING - free space: / 8081 MB (15% inode=98%):
[1548729724] SERVICE NOTIFICATION: nagiosadmin;qservercluster1;CPU_Procs;CRITICAL;notify-service-by-email;CPU CRITICAL: 1 crit, 0 warn out of 296 processes
[1548729950] SERVICE NOTIFICATION: nagiosadmin;smscapp1;CPU_Procs;WARNING;notify-service-by-email;CPU WARNING: 1 warn out of 308 processes
[1548730139] Auto-save of retention data completed successfully.
[1548730686] SERVICE NOTIFICATION: nagiosadmin;qservercluster2;CPU_Procs;CRITICAL;notify-service-by-email;CPU CRITICAL: 1 crit, 0 warn out of 303 processes
[1548731210] SERVICE NOTIFICATION: nagiosadmin;db2;HDD_Root status;WARNING;notify-service-by-email;DISK WARNING - free space: / 8399 MB (16% inode=98%):
[1548731871] SERVICE NOTIFICATION: nagiosadmin;db1;HDD_Root status;WARNING;notify-service-by-email;DISK WARNING - free space: / 8796 MB (17% inode=99%):
[1548733037] SERVICE NOTIFICATION: nagiosadmin;pservercluster2;HDD_Root status;WARNING;notify-service-by-email;DISK WARNING - free space: / 8081 MB (15% inode=98%):
[1548733324] SERVICE NOTIFICATION: nagiosadmin;qservercluster1;CPU_Procs;CRITICAL;notify-service-by-email;CPU CRITICAL: 1 crit, 0 warn out of 299 processes
[1548733550] SERVICE NOTIFICATION: nagiosadmin;smscapp1;CPU_Procs;WARNING;notify-service-by-email;CPU WARNING: 1 warn out of 309 processes
[1548733739] Auto-save of retention data completed successfully.
[1548734040] SERVICE ALERT: secondary-server;Nginx Status;CRITICAL;SOFT;1;NGINX CRITICAL - 500 Can't connect to 10.147.212.153:80 (Connection refused)
[1548734161] SERVICE ALERT: secondary-server;Nginx Status;CRITICAL;SOFT;2;NGINX CRITICAL - 500 Can't connect to 10.147.212.153:80 (Connection refused)
[1548734281] SERVICE NOTIFICATION: nagiosadmin;secondary-server;Nginx Status;CRITICAL;notify-service-by-email;NGINX CRITICAL - 500 Can't connect to 10.147.212.153:80 (Connection refused)
[1548734281] SERVICE ALERT: secondary-server;Nginx Status;CRITICAL;HARD;3;NGINX CRITICAL - 500 Can't connect to 10.147.212.153:80 (Connection refused)
[1548734286] SERVICE NOTIFICATION: nagiosadmin;qservercluster2;CPU_Procs;CRITICAL;notify-service-by-email;CPU CRITICAL: 1 crit, 0 warn out of 303 processes
[1548734810] SERVICE NOTIFICATION: nagiosadmin;db2;HDD_Root status;WARNING;notify-service-by-email;DISK WARNING - free space: / 8399 MB (16% inode=98%):
[1548735471] SERVICE NOTIFICATION: nagiosadmin;db1;HDD_Root status;WARNING;notify-service-by-email;DISK WARNING - free space: / 8796 MB (17% inode=99%):
[1548736637] SERVICE NOTIFICATION: nagiosadmin;pservercluster2;HDD_Root status;WARNING;notify-service-by-email;DISK WARNING - free space: / 8081 MB (15% inode=98%):
[1548736682] SERVICE NOTIFICATION: nagiosadmin;secondary-server;Nginx Status;OK;notify-service-by-email;NGINX OK -  0.083 sec. response time, Active: 0 (Writing: 0 Reading: 0 Waiting: 0) ReqPerSec: 0.000 ConnPerSec: 0.000 ReqPerConn: 0.000
[1548736682] SERVICE ALERT: secondary-server;Nginx Status;OK;HARD;1;NGINX OK -  0.083 sec. response time, Active: 0 (Writing: 0 Reading: 0 Waiting: 0) ReqPerSec: 0.000 ConnPerSec: 0.000 ReqPerConn: 0.000
[1548736764] SERVICE ALERT: webservercluster2;Memory;CRITICAL;SOFT;1;CHECK_NRPE: Socket timeout after 10 seconds.
[1548736894] SERVICE ALERT: webservercluster2;Memory;CRITICAL;SOFT;2;CHECK_NRPE: Socket timeout after 10 seconds.
[1548736896] SERVICE ALERT: webservercluster2;CPU_Procs;WARNING;SOFT;1;CPU WARNING: 1 warn out of 309 processes
[1548736924] SERVICE NOTIFICATION: nagiosadmin;qservercluster1;CPU_Procs;CRITICAL;notify-service-by-email;CPU CRITICAL: 1 crit, 0 warn out of 297 processes
[1548737016] SERVICE ALERT: webservercluster2;CPU_Procs;WARNING;SOFT;2;CPU WARNING: 1 warn out of 312 processes
[1548737020] SERVICE NOTIFICATION: nagiosadmin;webservercluster2;Memory;CRITICAL;notify-service-by-email;CRITICAL - 1.1% (186700 kB) free!
[1548737020] SERVICE ALERT: webservercluster2;Memory;CRITICAL;HARD;3;CRITICAL - 1.1% (186700 kB) free!
[1548737136] SERVICE ALERT: webservercluster2;CPU_Procs;OK;HARD;1;CPU OK: 306 processes
[1548737150] SERVICE NOTIFICATION: nagiosadmin;smscapp1;CPU_Procs;WARNING;notify-service-by-email;CPU WARNING: 1 warn out of 308 processes
[1548737339] Auto-save of retention data completed successfully.
[1548737863] SERVICE ALERT: db2;CPU_Procs;CRITICAL;SOFT;1;CPU CRITICAL: 1 crit, 0 warn out of 328 processes
[1548737886] SERVICE NOTIFICATION: nagiosadmin;qservercluster2;CPU_Procs;CRITICAL;notify-service-by-email;CPU CRITICAL: 1 crit, 0 warn out of 304 processes
[1548737983] SERVICE ALERT: db2;CPU_Procs;OK;HARD;1;CPU OK: 330 processes
[1548737996] SERVICE ALERT: db1;CPU_Procs;CRITICAL;SOFT;1;CPU CRITICAL: 1 crit, 0 warn out of 330 processes
[1548738116] SERVICE ALERT: db1;CPU_Procs;CRITICAL;SOFT;2;CPU CRITICAL: 1 crit, 0 warn out of 331 processes
[1548738236] SERVICE NOTIFICATION: nagiosadmin;db1;CPU_Procs;CRITICAL;notify-service-by-email;CPU CRITICAL: 1 crit, 0 warn out of 332 processes
[1548738236] SERVICE ALERT: db1;CPU_Procs;CRITICAL;HARD;3;CPU CRITICAL: 1 crit, 0 warn out of 332 processes
[1548738337] SERVICE ALERT: webservercluster2;CPU_Procs;WARNING;SOFT;1;CPU WARNING: 1 warn out of 304 processes
[1548738410] SERVICE NOTIFICATION: nagiosadmin;db2;HDD_Root status;WARNING;notify-service-by-email;DISK WARNING - free space: / 8335 MB (16% inode=98%):
[1548738457] SERVICE ALERT: webservercluster2;CPU_Procs;WARNING;SOFT;2;CPU WARNING: 1 warn out of 304 processes
[1548738577] SERVICE NOTIFICATION: nagiosadmin;webservercluster2;CPU_Procs;WARNING;notify-service-by-email;CPU WARNING: 1 warn out of 304 processes
[1548738577] SERVICE ALERT: webservercluster2;CPU_Procs;WARNING;HARD;3;CPU WARNING: 1 warn out of 304 processes
[1548738836] SERVICE NOTIFICATION: nagiosadmin;db1;CPU_Procs;OK;notify-service-by-email;CPU OK: 329 processes
[1548738836] SERVICE ALERT: db1;CPU_Procs;OK;HARD;1;CPU OK: 329 processes
[1548739071] SERVICE NOTIFICATION: nagiosadmin;db1;HDD_Root status;WARNING;notify-service-by-email;DISK WARNING - free space: / 8633 MB (16% inode=99%):
[1548739183] SERVICE ALERT: db2;CPU_Procs;CRITICAL;SOFT;1;CPU CRITICAL: 1 crit, 0 warn out of 333 processes
[1548739303] SERVICE ALERT: db2;CPU_Procs;CRITICAL;SOFT;2;CPU CRITICAL: 1 crit, 0 warn out of 333 processes
[1548739423] SERVICE NOTIFICATION: nagiosadmin;db2;CPU_Procs;CRITICAL;notify-service-by-email;CPU CRITICAL: 1 crit, 0 warn out of 333 processes
[1548739423] SERVICE ALERT: db2;CPU_Procs;CRITICAL;HARD;3;CPU CRITICAL: 1 crit, 0 warn out of 333 processes
[1548739436] SERVICE ALERT: db1;CPU_Procs;CRITICAL;SOFT;1;CPU CRITICAL: 1 crit, 0 warn out of 332 processes
[1548739556] SERVICE ALERT: db1;CPU_Procs;CRITICAL;SOFT;2;CPU CRITICAL: 1 crit, 0 warn out of 330 processes
[1548739676] SERVICE NOTIFICATION: nagiosadmin;db1;CPU_Procs;CRITICAL;notify-service-by-email;CPU CRITICAL: 1 crit, 0 warn out of 329 processes
[1548739676] SERVICE ALERT: db1;CPU_Procs;CRITICAL;HARD;3;CPU CRITICAL: 1 crit, 0 warn out of 329 processes
[1548740237] SERVICE NOTIFICATION: nagiosadmin;pservercluster2;HDD_Root status;WARNING;notify-service-by-email;DISK WARNING - free space: / 8081 MB (15% inode=98%):
[1548740276] SERVICE FLAPPING ALERT: db1;CPU_Procs;STARTED; Service appears to have started flapping (24.2% change >= 20.0% threshold)
[1548740276] SERVICE ALERT: db1;CPU_Procs;OK;HARD;1;CPU OK: 328 processes
[1548740524] SERVICE NOTIFICATION: nagiosadmin;qservercluster1;CPU_Procs;CRITICAL;notify-service-by-email;CPU CRITICAL: 1 crit, 0 warn out of 298 processes
[1548740620] SERVICE NOTIFICATION: nagiosadmin;webservercluster2;Memory;CRITICAL;notify-service-by-email;CRITICAL - 1.1% (172412 kB) free!
[1548740750] SERVICE NOTIFICATION: nagiosadmin;smscapp1;CPU_Procs;WARNING;notify-service-by-email;CPU WARNING: 1 warn out of 307 processes
[1548740876] SERVICE ALERT: db1;CPU_Procs;CRITICAL;SOFT;1;CPU CRITICAL: 1 crit, 0 warn out of 331 processes
[1548740939] Auto-save of retention data completed successfully.
[1548740997] SERVICE ALERT: db1;CPU_Procs;CRITICAL;SOFT;2;CPU CRITICAL: 1 crit, 0 warn out of 331 processes
[1548741117] SERVICE ALERT: db1;CPU_Procs;CRITICAL;HARD;3;CPU CRITICAL: 1 crit, 0 warn out of 331 processes
[1548741436] SERVICE ALERT: webservercluster2;Current Users;WARNING;SOFT;1;USERS WARNING - 6 users currently logged in
[1548741486] SERVICE NOTIFICATION: nagiosadmin;qservercluster2;CPU_Procs;CRITICAL;notify-service-by-email;CPU CRITICAL: 1 crit, 0 warn out of 303 processes
[1548741556] SERVICE ALERT: webservercluster2;Current Users;OK;HARD;1;USERS OK - 5 users currently logged in
[1548742010] SERVICE NOTIFICATION: nagiosadmin;db2;HDD_Root status;WARNING;notify-service-by-email;DISK WARNING - free space: / 8041 MB (15% inode=98%):
[1548742156] SERVICE ALERT: webservercluster2;Current Users;WARNING;SOFT;1;USERS WARNING - 6 users currently logged in
[1548742177] SERVICE NOTIFICATION: nagiosadmin;webservercluster2;CPU_Procs;WARNING;notify-service-by-email;CPU WARNING: 1 warn out of 308 processes
[1548742276] SERVICE ALERT: webservercluster2;Current Users;WARNING;SOFT;2;USERS WARNING - 6 users currently logged in
[1548742317] SERVICE ALERT: db1;CPU_Procs;OK;HARD;1;CPU OK: 328 processes
[1548742396] SERVICE NOTIFICATION: nagiosadmin;webservercluster2;Current Users;WARNING;notify-service-by-email;USERS WARNING - 6 users currently logged in
[1548742396] SERVICE ALERT: webservercluster2;Current Users;WARNING;HARD;3;USERS WARNING - 6 users currently logged in
[1548742671] SERVICE NOTIFICATION: nagiosadmin;db1;HDD_Root status;WARNING;notify-service-by-email;DISK WARNING - free space: / 8429 MB (16% inode=99%):
[1548742778] SERVICE NOTIFICATION: nagiosadmin;webservercluster2;CPU_Procs;CRITICAL;notify-service-by-email;CPU CRITICAL: 1 crit, 1 warn out of 311 processes
[1548742778] SERVICE ALERT: webservercluster2;CPU_Procs;CRITICAL;HARD;3;CPU CRITICAL: 1 crit, 1 warn out of 311 processes
[1548742917] SERVICE ALERT: db1;CPU_Procs;CRITICAL;SOFT;1;CPU CRITICAL: 1 crit, 0 warn out of 329 processes
[1548743024] SERVICE NOTIFICATION: nagiosadmin;db2;CPU_Procs;CRITICAL;notify-service-by-email;CPU CRITICAL: 1 crit, 0 warn out of 327 processes
[1548743037] SERVICE ALERT: db1;CPU_Procs;CRITICAL;SOFT;2;CPU CRITICAL: 1 crit, 0 warn out of 330 processes
[1548743157] SERVICE ALERT: db1;CPU_Procs;CRITICAL;HARD;3;CPU CRITICAL: 1 crit, 0 warn out of 330 processes
[1548743378] SERVICE NOTIFICATION: nagiosadmin;webservercluster2;CPU_Procs;WARNING;notify-service-by-email;CPU WARNING: 1 warn out of 311 processes
[1548743378] SERVICE ALERT: webservercluster2;CPU_Procs;WARNING;HARD;3;CPU WARNING: 1 warn out of 311 processes
[1548743837] SERVICE NOTIFICATION: nagiosadmin;pservercluster2;HDD_Root status;WARNING;notify-service-by-email;DISK WARNING - free space: / 8081 MB (15% inode=98%):
[1548744124] SERVICE NOTIFICATION: nagiosadmin;qservercluster1;CPU_Procs;CRITICAL;notify-service-by-email;CPU CRITICAL: 1 crit, 0 warn out of 296 processes
[1548744196] SERVICE ALERT: smscapp2;Memory;WARNING;SOFT;1;WARNING - 19.4% (3145480 kB) free!
[1548744220] SERVICE NOTIFICATION: nagiosadmin;webservercluster2;Memory;CRITICAL;notify-service-by-email;CRITICAL - 0.9% (152020 kB) free!
[1548744223] SERVICE NOTIFICATION: nagiosadmin;db2;CPU_Procs;OK;notify-service-by-email;CPU OK: 326 processes
[1548744223] SERVICE ALERT: db2;CPU_Procs;OK;HARD;1;CPU OK: 326 processes
[1548744316] SERVICE ALERT: smscapp2;Memory;WARNING;SOFT;2;WARNING - 19.1% (3102312 kB) free!
[1548744350] SERVICE NOTIFICATION: nagiosadmin;smscapp1;CPU_Procs;WARNING;notify-service-by-email;CPU WARNING: 1 warn out of 309 processes
[1548744357] SERVICE ALERT: db1;CPU_Procs;OK;HARD;1;CPU OK: 324 processes
[1548744436] SERVICE NOTIFICATION: nagiosadmin;smscapp2;Memory;WARNING;notify-service-by-email;WARNING - 18.8% (3054796 kB) free!
[1548744436] SERVICE ALERT: smscapp2;Memory;WARNING;HARD;3;WARNING - 18.8% (3054796 kB) free!
[1548744539] Auto-save of retention data completed successfully.
[1548744958] SERVICE ALERT: db1;CPU_Procs;CRITICAL;SOFT;1;CPU CRITICAL: 1 crit, 0 warn out of 326 processes
[1548745078] SERVICE ALERT: db1;CPU_Procs;CRITICAL;SOFT;2;CPU CRITICAL: 1 crit, 0 warn out of 329 processes
[1548745086] SERVICE NOTIFICATION: nagiosadmin;qservercluster2;CPU_Procs;CRITICAL;notify-service-by-email;CPU CRITICAL: 1 crit, 0 warn out of 304 processes
[1548745198] SERVICE ALERT: db1;CPU_Procs;CRITICAL;HARD;3;CPU CRITICAL: 1 crit, 1 warn out of 331 processes
[1548745610] SERVICE NOTIFICATION: nagiosadmin;db2;HDD_Root status;WARNING;notify-service-by-email;DISK WARNING - free space: / 7830 MB (15% inode=98%):
[1548745996] SERVICE NOTIFICATION: nagiosadmin;webservercluster2;Current Users;WARNING;notify-service-by-email;USERS WARNING - 6 users currently logged in
[1548746271] SERVICE NOTIFICATION: nagiosadmin;db1;HDD_Root status;WARNING;notify-service-by-email;DISK WARNING - free space: / 8148 MB (15% inode=99%):
[1548746398] SERVICE ALERT: db1;CPU_Procs;WARNING;HARD;3;CPU WARNING: 1 warn out of 332 processes
[1548746978] SERVICE NOTIFICATION: nagiosadmin;webservercluster2;CPU_Procs;WARNING;notify-service-by-email;CPU WARNING: 1 warn out of 311 processes
[1548746998] SERVICE ALERT: db1;CPU_Procs;CRITICAL;HARD;3;CPU CRITICAL: 1 crit, 0 warn out of 327 processes
[1548747223] SERVICE ALERT: db2;CPU_Procs;CRITICAL;SOFT;1;CPU CRITICAL: 1 crit, 0 warn out of 328 processes
[1548747344] SERVICE ALERT: db2;CPU_Procs;CRITICAL;SOFT;2;CPU CRITICAL: 1 crit, 0 warn out of 328 processes
[1548747437] SERVICE NOTIFICATION: nagiosadmin;pservercluster2;HDD_Root status;WARNING;notify-service-by-email;DISK WARNING - free space: / 8081 MB (15% inode=98%):
[1548747464] SERVICE NOTIFICATION: nagiosadmin;db2;CPU_Procs;CRITICAL;notify-service-by-email;CPU CRITICAL: 1 crit, 0 warn out of 328 processes
[1548747464] SERVICE ALERT: db2;CPU_Procs;CRITICAL;HARD;3;CPU CRITICAL: 1 crit, 0 warn out of 328 processes
[1548747725] SERVICE NOTIFICATION: nagiosadmin;qservercluster1;CPU_Procs;CRITICAL;notify-service-by-email;CPU CRITICAL: 1 crit, 0 warn out of 298 processes
[1548747820] SERVICE NOTIFICATION: nagiosadmin;webservercluster2;Memory;CRITICAL;notify-service-by-email;CRITICAL - 1.1% (180976 kB) free!
[1548747950] SERVICE NOTIFICATION: nagiosadmin;smscapp1;CPU_Procs;WARNING;notify-service-by-email;CPU WARNING: 1 warn out of 307 processes
[1548748036] SERVICE NOTIFICATION: nagiosadmin;smscapp2;Memory;WARNING;notify-service-by-email;WARNING - 11.4% (1860576 kB) free!
[1548748139] Auto-save of retention data completed successfully.
[1548748686] SERVICE NOTIFICATION: nagiosadmin;qservercluster2;CPU_Procs;CRITICAL;notify-service-by-email;CPU CRITICAL: 1 crit, 0 warn out of 304 processes
[1548748798] SERVICE ALERT: db1;CPU_Procs;OK;HARD;1;CPU OK: 328 processes
[1548749210] SERVICE NOTIFICATION: nagiosadmin;db2;HDD_Root status;WARNING;notify-service-by-email;DISK WARNING - free space: / 7409 MB (14% inode=98%):
[1548749236] SERVICE NOTIFICATION: nagiosadmin;smscapp2;Memory;CRITICAL;notify-service-by-email;CRITICAL - 9.7% (1570120 kB) free!
[1548749236] SERVICE ALERT: smscapp2;Memory;CRITICAL;HARD;3;CRITICAL - 9.7% (1570120 kB) free!
[1548749398] SERVICE ALERT: db1;CPU_Procs;CRITICAL;SOFT;1;CPU CRITICAL: 1 crit, 0 warn out of 331 processes
[1548749519] SERVICE ALERT: db1;CPU_Procs;CRITICAL;SOFT;2;CPU CRITICAL: 1 crit, 0 warn out of 330 processes
[1548749596] SERVICE NOTIFICATION: nagiosadmin;webservercluster2;Current Users;WARNING;notify-service-by-email;USERS WARNING - 7 users currently logged in
[1548749639] SERVICE ALERT: db1;CPU_Procs;CRITICAL;HARD;3;CPU CRITICAL: 1 crit, 0 warn out of 330 processes
[1548749871] SERVICE NOTIFICATION: nagiosadmin;db1;HDD_Root status;WARNING;notify-service-by-email;DISK WARNING - free space: / 7756 MB (15% inode=99%):
[1548750161] SERVICE ALERT: pservercluster2;HDD_Home status;WARNING;SOFT;1;DISK WARNING - free space: /home 47058 MB (20% inode=99%):
[1548750239] SERVICE ALERT: db1;CPU_Procs;OK;HARD;1;CPU OK: 330 processes
[1548750281] SERVICE ALERT: pservercluster2;HDD_Home status;WARNING;SOFT;2;DISK WARNING - free space: /home 47058 MB (20% inode=99%):
[1548750401] SERVICE NOTIFICATION: nagiosadmin;pservercluster2;HDD_Home status;WARNING;notify-service-by-email;DISK WARNING - free space: /home 47058 MB (20% inode=99%):
[1548750401] SERVICE ALERT: pservercluster2;HDD_Home status;WARNING;HARD;3;DISK WARNING - free space: /home 47058 MB (20% inode=99%):
[1548750578] SERVICE NOTIFICATION: nagiosadmin;webservercluster2;CPU_Procs;WARNING;notify-service-by-email;CPU WARNING: 1 warn out of 311 processes
[1548750839] SERVICE ALERT: db1;CPU_Procs;CRITICAL;SOFT;1;CPU CRITICAL: 1 crit, 0 warn out of 332 processes
[1548750959] SERVICE ALERT: db1;CPU_Procs;OK;HARD;1;CPU OK: 330 processes
[1548751037] SERVICE NOTIFICATION: nagiosadmin;pservercluster2;HDD_Root status;WARNING;notify-service-by-email;DISK WARNING - free space: / 8080 MB (15% inode=98%):
[1548751064] SERVICE FLAPPING ALERT: db2;CPU_Procs;STARTED; Service appears to have started flapping (20.3% change >= 20.0% threshold)
[1548751064] SERVICE ALERT: db2;CPU_Procs;OK;HARD;1;CPU OK: 326 processes
[1548751420] SERVICE NOTIFICATION: nagiosadmin;webservercluster2;Memory;CRITICAL;notify-service-by-email;CRITICAL - 6.1% (998148 kB) free!
[1548751550] SERVICE NOTIFICATION: nagiosadmin;smscapp1;CPU_Procs;WARNING;notify-service-by-email;CPU WARNING: 1 warn out of 307 processes
[1548751559] SERVICE ALERT: db1;CPU_Procs;CRITICAL;SOFT;1;CPU CRITICAL: 1 crit, 0 warn out of 332 processes
[1548751679] SERVICE ALERT: db1;CPU_Procs;CRITICAL;SOFT;2;CPU CRITICAL: 1 crit, 0 warn out of 332 processes
[1548751739] Auto-save of retention data completed successfully.
[1548751799] SERVICE ALERT: db1;CPU_Procs;CRITICAL;HARD;3;CPU CRITICAL: 1 crit, 0 warn out of 332 processes
[1548751924] SERVICE NOTIFICATION: nagiosadmin;qservercluster1;CPU_Procs;CRITICAL;notify-service-by-email;CPU CRITICAL: 1 crit, 0 warn out of 298 processes
[1548752286] SERVICE NOTIFICATION: nagiosadmin;qservercluster2;CPU_Procs;CRITICAL;notify-service-by-email;CPU CRITICAL: 1 crit, 0 warn out of 305 processes
[1548752810] SERVICE NOTIFICATION: nagiosadmin;db2;HDD_Root status;WARNING;notify-service-by-email;DISK WARNING - free space: / 7307 MB (14% inode=98%):
[1548752836] SERVICE NOTIFICATION: nagiosadmin;smscapp2;Memory;CRITICAL;notify-service-by-email;CRITICAL - 1.1% (182888 kB) free!
[1548753000] SERVICE ALERT: db1;CPU_Procs;OK;HARD;1;CPU OK: 329 processes
[1548753196] SERVICE NOTIFICATION: nagiosadmin;webservercluster2;Current Users;WARNING;notify-service-by-email;USERS WARNING - 7 users currently logged in
[1548753220] SERVICE NOTIFICATION: nagiosadmin;webservercluster2;Memory;WARNING;notify-service-by-email;WARNING - 12.4% (2018140 kB) free!
[1548753220] SERVICE ALERT: webservercluster2;Memory;WARNING;HARD;3;WARNING - 12.4% (2018140 kB) free!
[1548753464] SERVICE ALERT: db2;CPU_Procs;CRITICAL;SOFT;1;CPU CRITICAL: 1 crit, 0 warn out of 329 processes
[1548753471] SERVICE NOTIFICATION: nagiosadmin;db1;HDD_Root status;WARNING;notify-service-by-email;DISK WARNING - free space: / 7635 MB (14% inode=99%):
[1548753584] SERVICE ALERT: db2;CPU_Procs;CRITICAL;SOFT;2;CPU CRITICAL: 1 crit, 0 warn out of 330 processes
[1548753600] SERVICE ALERT: db1;CPU_Procs;CRITICAL;SOFT;1;CPU CRITICAL: 1 crit, 0 warn out of 331 processes
[1548753704] SERVICE ALERT: db2;CPU_Procs;CRITICAL;HARD;3;CPU CRITICAL: 1 crit, 0 warn out of 329 processes
[1548753720] SERVICE ALERT: db1;CPU_Procs;CRITICAL;SOFT;2;CPU CRITICAL: 1 crit, 0 warn out of 330 processes
[1548753840] SERVICE ALERT: db1;CPU_Procs;OK;HARD;1;CPU OK: 329 processes
[1548754002] SERVICE NOTIFICATION: nagiosadmin;pservercluster2;HDD_Home status;WARNING;notify-service-by-email;DISK WARNING - free space: /home 46263 MB (20% inode=99%):
[1548754178] SERVICE NOTIFICATION: nagiosadmin;webservercluster2;CPU_Procs;WARNING;notify-service-by-email;CPU WARNING: 1 warn out of 313 processes
[1548754420] SERVICE NOTIFICATION: nagiosadmin;webservercluster2;Memory;CRITICAL;notify-service-by-email;CRITICAL - 10.0% (1628464 kB) free!
[1548754420] SERVICE ALERT: webservercluster2;Memory;CRITICAL;HARD;3;CRITICAL - 10.0% (1628464 kB) free!
[1548754440] SERVICE ALERT: db1;CPU_Procs;CRITICAL;SOFT;1;CPU CRITICAL: 1 crit, 0 warn out of 329 processes
[1548754560] SERVICE ALERT: db1;CPU_Procs;CRITICAL;SOFT;2;CPU CRITICAL: 1 crit, 0 warn out of 329 processes
[1548754637] SERVICE NOTIFICATION: nagiosadmin;pservercluster2;HDD_Root status;WARNING;notify-service-by-email;DISK WARNING - free space: / 8081 MB (15% inode=98%):
[1548754680] SERVICE ALERT: db1;CPU_Procs;CRITICAL;HARD;3;CPU CRITICAL: 1 crit, 0 warn out of 329 processes
[1548755151] SERVICE NOTIFICATION: nagiosadmin;smscapp1;CPU_Procs;WARNING;notify-service-by-email;CPU WARNING: 1 warn out of 308 processes
[1548755339] Auto-save of retention data completed successfully.
[1548755524] SERVICE NOTIFICATION: nagiosadmin;qservercluster1;CPU_Procs;CRITICAL;notify-service-by-email;CPU CRITICAL: 1 crit, 0 warn out of 299 processes
[1548755886] SERVICE NOTIFICATION: nagiosadmin;qservercluster2;CPU_Procs;CRITICAL;notify-service-by-email;CPU CRITICAL: 1 crit, 0 warn out of 305 processes
[1548756410] SERVICE NOTIFICATION: nagiosadmin;db2;HDD_Root status;WARNING;notify-service-by-email;DISK WARNING - free space: / 7061 MB (13% inode=98%):
[1548756436] SERVICE NOTIFICATION: nagiosadmin;smscapp2;Memory;CRITICAL;notify-service-by-email;CRITICAL - 1.2% (188424 kB) free!
[1548756481] SERVICE ALERT: db1;CPU_Procs;OK;HARD;1;CPU OK: 329 processes
[1548756796] SERVICE NOTIFICATION: nagiosadmin;webservercluster2;Current Users;WARNING;notify-service-by-email;USERS WARNING - 7 users currently logged in
[1548757071] SERVICE NOTIFICATION: nagiosadmin;db1;HDD_Root status;WARNING;notify-service-by-email;DISK WARNING - free space: / 7680 MB (15% inode=99%):
[1548757081] SERVICE ALERT: db1;CPU_Procs;CRITICAL;SOFT;1;CPU CRITICAL: 1 crit, 0 warn out of 326 processes
[1548757201] SERVICE ALERT: db1;CPU_Procs;OK;HARD;1;CPU OK: 325 processes
[1548757451] SERVICE ALERT: sig2;Memory;CRITICAL;SOFT;1;CHECK_NRPE: Socket timeout after 10 seconds.
[1548757454] HOST ALERT: sig2;DOWN;SOFT;1;CRITICAL - Host Unreachable (10.147.212.150)
[1548757518] HOST ALERT: sig2;UP;SOFT;1;PING OK - Packet loss = 0%, RTA = 0.56 ms
[1548757571] SERVICE ALERT: sig2;Memory;OK;HARD;1;OK - 94.5% (15352104 kB) free.
[1548757778] SERVICE NOTIFICATION: nagiosadmin;webservercluster2;CPU_Procs;WARNING;notify-service-by-email;CPU WARNING: 1 warn out of 308 processes
[1548757904] SERVICE ALERT: db2;CPU_Procs;OK;HARD;1;CPU OK: 329 processes
[1548758012] SERVICE ALERT: pservercluster2;Current Users;WARNING;SOFT;1;USERS WARNING - 16 users currently logged in
[1548758020] SERVICE NOTIFICATION: nagiosadmin;webservercluster2;Memory;CRITICAL;notify-service-by-email;CRITICAL - 6.7% (1084180 kB) free!
[1548758050] SERVICE ALERT: sservercluster1;CPU_Procs;WARNING;SOFT;1;CPU WARNING: 1 warn out of 311 processes
[1548758132] SERVICE ALERT: pservercluster2;Current Users;WARNING;SOFT;2;USERS WARNING - 16 users currently logged in
[1548758170] SERVICE ALERT: sservercluster1;CPU_Procs;OK;HARD;1;CPU OK: 310 processes
[1548758201] SERVICE NOTIFICATION: nagiosadmin;pservercluster2;HDD_Home status;WARNING;notify-service-by-email;DISK WARNING - free space: /home 45652 MB (20% inode=99%):
[1548758237] SERVICE NOTIFICATION: nagiosadmin;pservercluster2;HDD_Root status;WARNING;notify-service-by-email;DISK WARNING - free space: / 8081 MB (15% inode=98%):
[1548758252] SERVICE NOTIFICATION: nagiosadmin;pservercluster2;Current Users;WARNING;notify-service-by-email;USERS WARNING - 16 users currently logged in
[1548758252] SERVICE ALERT: pservercluster2;Current Users;WARNING;HARD;3;USERS WARNING - 16 users currently logged in
[1548758939] Auto-save of retention data completed successfully.
[1548759124] SERVICE NOTIFICATION: nagiosadmin;qservercluster1;CPU_Procs;CRITICAL;notify-service-by-email;CPU CRITICAL: 1 crit, 0 warn out of 295 processes
[1548759350] SERVICE NOTIFICATION: nagiosadmin;smscapp1;CPU_Procs;WARNING;notify-service-by-email;CPU WARNING: 1 warn out of 312 processes
[1548759486] SERVICE NOTIFICATION: nagiosadmin;qservercluster2;CPU_Procs;CRITICAL;notify-service-by-email;CPU CRITICAL: 1 crit, 0 warn out of 304 processes
[1548759601] SERVICE ALERT: db1;CPU_Procs;CRITICAL;SOFT;1;CPU CRITICAL: 1 crit, 0 warn out of 325 processes
[1548759704] SERVICE ALERT: db2;CPU_Procs;CRITICAL;SOFT;1;CPU CRITICAL: 1 crit, 0 warn out of 329 processes
[1548759721] SERVICE ALERT: db1;CPU_Procs;OK;HARD;1;CPU OK: 325 processes
[1548759825] SERVICE ALERT: db2;CPU_Procs;OK;HARD;1;CPU OK: 327 processes
[1548760006] SERVICE ALERT: primary-server;Nginx Status;CRITICAL;SOFT;1;NGINX CRITICAL - 500 Can't connect to 10.147.212.141:80 (Connection refused)
[1548760010] SERVICE NOTIFICATION: nagiosadmin;db2;HDD_Root status;WARNING;notify-service-by-email;DISK WARNING - free space: / 7196 MB (14% inode=98%):
[1548760036] SERVICE NOTIFICATION: nagiosadmin;smscapp2;Memory;CRITICAL;notify-service-by-email;CRITICAL - 1.1% (174244 kB) free!
[1548760126] SERVICE ALERT: primary-server;Nginx Status;CRITICAL;SOFT;2;NGINX CRITICAL - 500 Can't connect to 10.147.212.141:80 (Connection refused)
[1548760246] SERVICE NOTIFICATION: nagiosadmin;primary-server;Nginx Status;CRITICAL;notify-service-by-email;NGINX CRITICAL - 500 Can't connect to 10.147.212.141:80 (Connection refused)
[1548760246] SERVICE ALERT: primary-server;Nginx Status;CRITICAL;HARD;3;NGINX CRITICAL - 500 Can't connect to 10.147.212.141:80 (Connection refused)
[1548760396] SERVICE NOTIFICATION: nagiosadmin;webservercluster2;Current Users;WARNING;notify-service-by-email;USERS WARNING - 6 users currently logged in
[1548760671] SERVICE NOTIFICATION: nagiosadmin;db1;HDD_Root status;WARNING;notify-service-by-email;DISK WARNING - free space: / 7596 MB (14% inode=99%):
[1548760847] SERVICE NOTIFICATION: nagiosadmin;primary-server;Nginx Status;OK;notify-service-by-email;NGINX OK -  0.089 sec. response time, Active: 0 (Writing: 0 Reading: 0 Waiting: 0) ReqPerSec: 0.000 ConnPerSec: 0.000 ReqPerConn: 0.000
[1548760847] SERVICE ALERT: primary-server;Nginx Status;OK;HARD;1;NGINX OK -  0.089 sec. response time, Active: 0 (Writing: 0 Reading: 0 Waiting: 0) ReqPerSec: 0.000 ConnPerSec: 0.000 ReqPerConn: 0.000
[1548761252] SERVICE NOTIFICATION: nagiosadmin;pservercluster2;Current Users;OK;notify-service-by-email;USERS OK - 14 users currently logged in
[1548761252] SERVICE ALERT: pservercluster2;Current Users;OK;HARD;1;USERS OK - 14 users currently logged in
[1548761378] SERVICE NOTIFICATION: nagiosadmin;webservercluster2;CPU_Procs;WARNING;notify-service-by-email;CPU WARNING: 1 warn out of 311 processes
[1548761620] SERVICE NOTIFICATION: nagiosadmin;webservercluster2;Memory;CRITICAL;notify-service-by-email;CRITICAL - 2.5% (404844 kB) free!
[1548761801] SERVICE NOTIFICATION: nagiosadmin;pservercluster2;HDD_Home status;WARNING;notify-service-by-email;DISK WARNING - free space: /home 44996 MB (20% inode=99%):
[1548761837] SERVICE NOTIFICATION: nagiosadmin;pservercluster2;HDD_Root status;WARNING;notify-service-by-email;DISK WARNING - free space: / 8081 MB (15% inode=98%):
[1548761979] SERVICE NOTIFICATION: nagiosadmin;webservercluster2;CPU_Procs;CRITICAL;notify-service-by-email;CPU CRITICAL: 1 crit, 1 warn out of 309 processes
[1548761979] SERVICE ALERT: webservercluster2;CPU_Procs;CRITICAL;HARD;3;CPU CRITICAL: 1 crit, 1 warn out of 309 processes
[1548762121] SERVICE ALERT: db1;CPU_Procs;CRITICAL;SOFT;1;CPU CRITICAL: 1 crit, 0 warn out of 326 processes
[1548762224] SERVICE ALERT: db2;CPU_Procs;CRITICAL;SOFT;1;CPU CRITICAL: 1 crit, 0 warn out of 329 processes
[1548762241] SERVICE ALERT: db1;CPU_Procs;OK;HARD;1;CPU OK: 327 processes
[1548762344] SERVICE ALERT: db2;CPU_Procs;OK;HARD;1;CPU OK: 326 processes
[1548762539] Auto-save of retention data completed successfully.
[1548762579] SERVICE NOTIFICATION: nagiosadmin;webservercluster2;CPU_Procs;WARNING;notify-service-by-email;CPU WARNING: 1 warn out of 308 processes
[1548762579] SERVICE ALERT: webservercluster2;CPU_Procs;WARNING;HARD;3;CPU WARNING: 1 warn out of 308 processes
[1548762724] SERVICE NOTIFICATION: nagiosadmin;qservercluster1;CPU_Procs;CRITICAL;notify-service-by-email;CPU CRITICAL: 1 crit, 0 warn out of 296 processes
[1548762821] SERVICE NOTIFICATION: nagiosadmin;webservercluster2;Memory;OK;notify-service-by-email;OK - 52.3% (8500412 kB) free.
[1548762821] SERVICE ALERT: webservercluster2;Memory;OK;HARD;1;OK - 52.3% (8500412 kB) free.
[1548762944] SERVICE ALERT: db2;CPU_Procs;CRITICAL;SOFT;1;CPU CRITICAL: 1 crit, 0 warn out of 329 processes
[1548762950] SERVICE NOTIFICATION: nagiosadmin;smscapp1;CPU_Procs;WARNING;notify-service-by-email;CPU WARNING: 1 warn out of 312 processes
[1548763065] SERVICE ALERT: db2;CPU_Procs;CRITICAL;SOFT;2;CPU CRITICAL: 1 crit, 0 warn out of 329 processes
[1548763086] SERVICE NOTIFICATION: nagiosadmin;qservercluster2;CPU_Procs;CRITICAL;notify-service-by-email;CPU CRITICAL: 1 crit, 0 warn out of 304 processes
[1548763185] SERVICE ALERT: db2;CPU_Procs;CRITICAL;HARD;3;CPU CRITICAL: 1 crit, 0 warn out of 330 processes
[1548763441] SERVICE ALERT: db1;CPU_Procs;CRITICAL;SOFT;1;CPU CRITICAL: 1 crit, 0 warn out of 327 processes
[1548763561] SERVICE ALERT: db1;CPU_Procs;OK;HARD;1;CPU OK: 326 processes
[1548763610] SERVICE NOTIFICATION: nagiosadmin;db2;HDD_Root status;WARNING;notify-service-by-email;DISK WARNING - free space: / 7036 MB (13% inode=98%):
[1548763636] SERVICE NOTIFICATION: nagiosadmin;smscapp2;Memory;CRITICAL;notify-service-by-email;CRITICAL - 1.0% (165100 kB) free!
[1548763785] SERVICE ALERT: db2;CPU_Procs;OK;HARD;1;CPU OK: 326 processes
[1548763996] SERVICE NOTIFICATION: nagiosadmin;webservercluster2;Current Users;WARNING;notify-service-by-email;USERS WARNING - 6 users currently logged in
[1548764162] SERVICE ALERT: db1;CPU_Procs;CRITICAL;SOFT;1;CPU CRITICAL: 1 crit, 0 warn out of 327 processes
[1548764271] SERVICE NOTIFICATION: nagiosadmin;db1;HDD_Root status;WARNING;notify-service-by-email;DISK WARNING - free space: / 7514 MB (14% inode=99%):
[1548764282] SERVICE ALERT: db1;CPU_Procs;CRITICAL;SOFT;2;CPU CRITICAL: 1 crit, 0 warn out of 326 processes
[1548764385] SERVICE ALERT: db2;CPU_Procs;CRITICAL;SOFT;1;CPU CRITICAL: 1 crit, 0 warn out of 328 processes
[1548764402] SERVICE ALERT: db1;CPU_Procs;OK;HARD;1;CPU OK: 326 processes
[1548764505] SERVICE ALERT: db2;CPU_Procs;CRITICAL;SOFT;2;CPU CRITICAL: 1 crit, 0 warn out of 330 processes
[1548764621] SERVICE ALERT: webservercluster2;Memory;CRITICAL;SOFT;1;CRITICAL - 1.0% (161276 kB) free!
[1548764625] SERVICE ALERT: db2;CPU_Procs;OK;HARD;1;CPU OK: 329 processes
[1548764741] SERVICE ALERT: webservercluster2;Memory;CRITICAL;SOFT;2;CRITICAL - 1.2% (188532 kB) free!
[1548764861] SERVICE NOTIFICATION: nagiosadmin;webservercluster2;Memory;CRITICAL;notify-service-by-email;CRITICAL - 1.1% (170876 kB) free!
[1548764861] SERVICE ALERT: webservercluster2;Memory;CRITICAL;HARD;3;CRITICAL - 1.1% (170876 kB) free!
[1548764883] SERVICE ALERT: secondary-server;Nginx Status;CRITICAL;SOFT;1;NGINX CRITICAL - 500 Can't connect to 10.147.212.153:80 (Connection refused)
[1548765002] SERVICE ALERT: db1;CPU_Procs;CRITICAL;SOFT;1;CPU CRITICAL: 1 crit, 0 warn out of 327 processes
[1548765003] SERVICE ALERT: secondary-server;Nginx Status;CRITICAL;SOFT;2;NGINX CRITICAL - 500 Can't connect to 10.147.212.153:80 (Connection refused)
[1548765122] SERVICE ALERT: db1;CPU_Procs;CRITICAL;SOFT;2;CPU CRITICAL: 1 crit, 0 warn out of 327 processes
[1548765123] SERVICE NOTIFICATION: nagiosadmin;secondary-server;Nginx Status;CRITICAL;notify-service-by-email;NGINX CRITICAL - 500 Can't connect to 10.147.212.153:80 (Connection refused)
[1548765123] SERVICE ALERT: secondary-server;Nginx Status;CRITICAL;HARD;3;NGINX CRITICAL - 500 Can't connect to 10.147.212.153:80 (Connection refused)
[1548765225] SERVICE ALERT: db2;CPU_Procs;CRITICAL;SOFT;1;CPU CRITICAL: 1 crit, 0 warn out of 327 processes
[1548765242] SERVICE ALERT: db1;CPU_Procs;OK;HARD;1;CPU OK: 326 processes
[1548765345] SERVICE ALERT: db2;CPU_Procs;CRITICAL;SOFT;2;CPU CRITICAL: 1 crit, 0 warn out of 327 processes
[1548765401] SERVICE NOTIFICATION: nagiosadmin;pservercluster2;HDD_Home status;WARNING;notify-service-by-email;DISK WARNING - free space: /home 44823 MB (19% inode=99%):
[1548765438] SERVICE NOTIFICATION: nagiosadmin;pservercluster2;HDD_Root status;WARNING;notify-service-by-email;DISK WARNING - free space: / 8080 MB (15% inode=98%):
[1548765466] SERVICE ALERT: db2;CPU_Procs;OK;HARD;1;CPU OK: 327 processes
[1548765842] SERVICE ALERT: db1;CPU_Procs;CRITICAL;SOFT;1;CPU CRITICAL: 1 crit, 0 warn out of 327 processes
[1548765962] SERVICE ALERT: db1;CPU_Procs;CRITICAL;SOFT;2;CPU CRITICAL: 1 crit, 0 warn out of 325 processes
[1548766065] SERVICE ALERT: db2;CPU_Procs;CRITICAL;SOFT;1;CPU CRITICAL: 1 crit, 0 warn out of 328 processes
[1548766083] SERVICE ALERT: db1;CPU_Procs;OK;HARD;1;CPU OK: 325 processes
[1548766139] Auto-save of retention data completed successfully.
[1548766179] SERVICE NOTIFICATION: nagiosadmin;webservercluster2;CPU_Procs;WARNING;notify-service-by-email;CPU WARNING: 1 warn out of 311 processes
[1548766185] SERVICE ALERT: db2;CPU_Procs;CRITICAL;SOFT;2;CPU CRITICAL: 1 crit, 0 warn out of 328 processes
[1548766305] SERVICE ALERT: db2;CPU_Procs;CRITICAL;HARD;3;CPU CRITICAL: 1 crit, 0 warn out of 328 processes
[1548766324] SERVICE NOTIFICATION: nagiosadmin;qservercluster1;CPU_Procs;CRITICAL;notify-service-by-email;CPU CRITICAL: 1 crit, 0 warn out of 299 processes
[1548766551] SERVICE NOTIFICATION: nagiosadmin;smscapp1;CPU_Procs;WARNING;notify-service-by-email;CPU WARNING: 1 warn out of 311 processes
[1548766686] SERVICE NOTIFICATION: nagiosadmin;qservercluster2;CPU_Procs;CRITICAL;notify-service-by-email;CPU CRITICAL: 1 crit, 0 warn out of 303 processes
[1548767210] SERVICE NOTIFICATION: nagiosadmin;db2;HDD_Root status;WARNING;notify-service-by-email;DISK WARNING - free space: / 7096 MB (13% inode=98%):
[1548767236] SERVICE NOTIFICATION: nagiosadmin;smscapp2;Memory;CRITICAL;notify-service-by-email;CRITICAL - 1.1% (184456 kB) free!
[1548767282] SERVICE ALERT: db1;CPU_Procs;CRITICAL;SOFT;1;CPU CRITICAL: 1 crit, 0 warn out of 325 processes
[1548767379] SERVICE NOTIFICATION: nagiosadmin;webservercluster2;CPU_Procs;CRITICAL;notify-service-by-email;CPU CRITICAL: 1 crit, 2 warn out of 318 processes
[1548767379] SERVICE ALERT: webservercluster2;CPU_Procs;CRITICAL;HARD;3;CPU CRITICAL: 1 crit, 2 warn out of 318 processes
[1548767402] SERVICE ALERT: db1;CPU_Procs;OK;HARD;1;CPU OK: 326 processes
[1548767596] SERVICE NOTIFICATION: nagiosadmin;webservercluster2;Current Users;WARNING;notify-service-by-email;USERS WARNING - 7 users currently logged in
[1548767871] SERVICE NOTIFICATION: nagiosadmin;db1;HDD_Root status;WARNING;notify-service-by-email;DISK WARNING - free space: / 7407 MB (14% inode=99%):
[1548767979] SERVICE FLAPPING ALERT: webservercluster2;CPU_Procs;STARTED; Service appears to have started flapping (22.4% change >= 20.0% threshold)
[1548767979] SERVICE ALERT: webservercluster2;CPU_Procs;WARNING;HARD;3;CPU WARNING: 1 warn out of 310 processes
[1548768002] SERVICE ALERT: db1;CPU_Procs;CRITICAL;SOFT;1;CPU CRITICAL: 1 crit, 0 warn out of 328 processes
[1548768122] SERVICE FLAPPING ALERT: db1;CPU_Procs;STOPPED; Service appears to have stopped flapping (4.0% change < 5.0% threshold)
[1548768122] SERVICE ALERT: db1;CPU_Procs;OK;HARD;1;CPU OK: 326 processes
[1548768461] SERVICE NOTIFICATION: nagiosadmin;webservercluster2;Memory;CRITICAL;notify-service-by-email;CRITICAL - 0.9% (148220 kB) free!
[1548768587] SERVICE ALERT: webservercluster2;CPU_Procs;CRITICAL;HARD;3;CPU CRITICAL: 1 crit, 1 warn out of 315 processes
[1548768723] SERVICE NOTIFICATION: nagiosadmin;secondary-server;Nginx Status;CRITICAL;notify-service-by-email;NGINX CRITICAL - 500 Can't connect to 10.147.212.153:80 (Connection refused)
[1548769001] SERVICE NOTIFICATION: nagiosadmin;pservercluster2;HDD_Home status;WARNING;notify-service-by-email;DISK WARNING - free space: /home 43348 MB (19% inode=99%):
[1548769187] SERVICE ALERT: webservercluster2;CPU_Procs;WARNING;HARD;3;CPU WARNING: 1 warn out of 310 processes
[1548769322] SERVICE ALERT: db1;CPU_Procs;CRITICAL;SOFT;1;CPU CRITICAL: 1 crit, 0 warn out of 327 processes
[1548769442] SERVICE ALERT: db1;CPU_Procs;OK;HARD;1;CPU OK: 325 processes
[1548769637] SERVICE NOTIFICATION: nagiosadmin;pservercluster2;HDD_Root status;WARNING;notify-service-by-email;DISK WARNING - free space: / 8080 MB (15% inode=98%):
[1548769739] Auto-save of retention data completed successfully.
[1548769905] SERVICE ALERT: db2;CPU_Procs;OK;HARD;1;CPU OK: 327 processes
[1548769924] SERVICE NOTIFICATION: nagiosadmin;qservercluster1;CPU_Procs;CRITICAL;notify-service-by-email;CPU CRITICAL: 1 crit, 0 warn out of 298 processes
[1548770043] SERVICE ALERT: db1;CPU_Procs;CRITICAL;SOFT;1;CPU CRITICAL: 1 crit, 0 warn out of 327 processes
[1548770163] SERVICE ALERT: db1;CPU_Procs;OK;HARD;1;CPU OK: 325 processes
[1548770286] SERVICE NOTIFICATION: nagiosadmin;qservercluster2;CPU_Procs;CRITICAL;notify-service-by-email;CPU CRITICAL: 1 crit, 0 warn out of 303 processes
[1548770750] SERVICE NOTIFICATION: nagiosadmin;smscapp1;CPU_Procs;WARNING;notify-service-by-email;CPU WARNING: 1 warn out of 310 processes
[1548770810] SERVICE NOTIFICATION: nagiosadmin;db2;HDD_Root status;WARNING;notify-service-by-email;DISK WARNING - free space: / 7584 MB (14% inode=98%):
[1548770836] SERVICE NOTIFICATION: nagiosadmin;smscapp2;Memory;CRITICAL;notify-service-by-email;CRITICAL - 1.1% (181764 kB) free!
[1548771196] SERVICE NOTIFICATION: nagiosadmin;webservercluster2;Current Users;WARNING;notify-service-by-email;USERS WARNING - 7 users currently logged in
[1548771363] SERVICE ALERT: db1;CPU_Procs;CRITICAL;SOFT;1;CPU CRITICAL: 1 crit, 0 warn out of 326 processes
[1548771471] SERVICE NOTIFICATION: nagiosadmin;db1;HDD_Root status;WARNING;notify-service-by-email;DISK WARNING - free space: / 7187 MB (14% inode=99%):
[1548771483] SERVICE ALERT: db1;CPU_Procs;OK;HARD;1;CPU OK: 325 processes
[1548771590] SERVICE ALERT: webservercluster2;CPU_Procs;CRITICAL;HARD;3;CPU CRITICAL: 1 crit, 1 warn out of 311 processes
[1548771705] SERVICE ALERT: db2;CPU_Procs;CRITICAL;SOFT;1;CPU CRITICAL: 1 crit, 0 warn out of 327 processes
[1548771825] SERVICE ALERT: db2;CPU_Procs;OK;HARD;1;CPU OK: 326 processes
[1548772061] SERVICE NOTIFICATION: nagiosadmin;webservercluster2;Memory;CRITICAL;notify-service-by-email;CRITICAL - 1.0% (157820 kB) free!
[1548772083] SERVICE ALERT: db1;CPU_Procs;CRITICAL;SOFT;1;CPU CRITICAL: 1 crit, 0 warn out of 325 processes
[1548772190] SERVICE ALERT: webservercluster2;CPU_Procs;WARNING;HARD;3;CPU WARNING: 1 warn out of 310 processes
[1548772203] SERVICE ALERT: db1;CPU_Procs;OK;HARD;1;CPU OK: 324 processes
[1548772323] SERVICE NOTIFICATION: nagiosadmin;secondary-server;Nginx Status;CRITICAL;notify-service-by-email;NGINX CRITICAL - 500 Can't connect to 10.147.212.153:80 (Connection refused)
[1548772601] SERVICE NOTIFICATION: nagiosadmin;pservercluster2;HDD_Home status;WARNING;notify-service-by-email;DISK WARNING - free space: /home 41412 MB (18% inode=99%):
[1548772803] SERVICE ALERT: db1;CPU_Procs;CRITICAL;SOFT;1;CPU CRITICAL: 1 crit, 0 warn out of 325 processes
[1548772924] SERVICE ALERT: db1;CPU_Procs;OK;HARD;1;CPU OK: 326 processes
[1548773236] SERVICE NOTIFICATION: nagiosadmin;smscapp2;Memory;OK;notify-service-by-email;OK - 92.9% (15104088 kB) free.
[1548773236] SERVICE ALERT: smscapp2;Memory;OK;HARD;1;OK - 92.9% (15104088 kB) free.
[1548773237] SERVICE NOTIFICATION: nagiosadmin;pservercluster2;HDD_Root status;WARNING;notify-service-by-email;DISK WARNING - free space: / 8080 MB (15% inode=98%):
[1548773339] Auto-save of retention data completed successfully.
[1548773524] SERVICE NOTIFICATION: nagiosadmin;qservercluster1;CPU_Procs;CRITICAL;notify-service-by-email;CPU CRITICAL: 1 crit, 0 warn out of 296 processes
[1548773886] SERVICE NOTIFICATION: nagiosadmin;qservercluster2;CPU_Procs;CRITICAL;notify-service-by-email;CPU CRITICAL: 1 crit, 0 warn out of 304 processes
[1548774350] SERVICE NOTIFICATION: nagiosadmin;smscapp1;CPU_Procs;WARNING;notify-service-by-email;CPU WARNING: 1 warn out of 312 processes
[1548774410] SERVICE NOTIFICATION: nagiosadmin;db2;HDD_Root status;WARNING;notify-service-by-email;DISK WARNING - free space: / 7870 MB (15% inode=98%):
[1548774796] SERVICE NOTIFICATION: nagiosadmin;webservercluster2;Current Users;WARNING;notify-service-by-email;USERS WARNING - 6 users currently logged in
[1548775071] SERVICE NOTIFICATION: nagiosadmin;db1;HDD_Root status;WARNING;notify-service-by-email;DISK WARNING - free space: / 7245 MB (14% inode=99%):
[1548775661] SERVICE NOTIFICATION: nagiosadmin;webservercluster2;Memory;CRITICAL;notify-service-by-email;CRITICAL - 1.0% (157828 kB) free!
[1548775923] SERVICE NOTIFICATION: nagiosadmin;secondary-server;Nginx Status;CRITICAL;notify-service-by-email;NGINX CRITICAL - 500 Can't connect to 10.147.212.153:80 (Connection refused)
[1548776201] SERVICE NOTIFICATION: nagiosadmin;pservercluster2;HDD_Home status;WARNING;notify-service-by-email;DISK WARNING - free space: /home 41411 MB (18% inode=99%):
[1548776837] SERVICE NOTIFICATION: nagiosadmin;pservercluster2;HDD_Root status;WARNING;notify-service-by-email;DISK WARNING - free space: / 8080 MB (15% inode=98%):
[1548776939] Auto-save of retention data completed successfully.
[1548777124] SERVICE NOTIFICATION: nagiosadmin;qservercluster1;CPU_Procs;CRITICAL;notify-service-by-email;CPU CRITICAL: 1 crit, 0 warn out of 296 processes
[1548777486] SERVICE NOTIFICATION: nagiosadmin;qservercluster2;CPU_Procs;CRITICAL;notify-service-by-email;CPU CRITICAL: 1 crit, 0 warn out of 302 processes
[1548777796] SERVICE NOTIFICATION: nagiosadmin;webservercluster2;Current Users;OK;notify-service-by-email;USERS OK - 5 users currently logged in
[1548777796] SERVICE ALERT: webservercluster2;Current Users;OK;HARD;1;USERS OK - 5 users currently logged in
[1548777950] SERVICE NOTIFICATION: nagiosadmin;smscapp1;CPU_Procs;WARNING;notify-service-by-email;CPU WARNING: 1 warn out of 315 processes
[1548778010] SERVICE NOTIFICATION: nagiosadmin;db2;HDD_Root status;WARNING;notify-service-by-email;DISK WARNING - free space: / 7870 MB (15% inode=98%):
[1548778425] SERVICE FLAPPING ALERT: db2;CPU_Procs;STOPPED; Service appears to have stopped flapping (4.4% change < 5.0% threshold)
[1548778671] SERVICE NOTIFICATION: nagiosadmin;db1;HDD_Root status;WARNING;notify-service-by-email;DISK WARNING - free space: / 7245 MB (14% inode=99%):
[1548779261] SERVICE NOTIFICATION: nagiosadmin;webservercluster2;Memory;CRITICAL;notify-service-by-email;CRITICAL - 1.2% (188692 kB) free!
[1548779524] SERVICE NOTIFICATION: nagiosadmin;secondary-server;Nginx Status;CRITICAL;notify-service-by-email;NGINX CRITICAL - 500 Can't connect to 10.147.212.153:80 (Connection refused)
[1548779801] SERVICE NOTIFICATION: nagiosadmin;pservercluster2;HDD_Home status;WARNING;notify-service-by-email;DISK WARNING - free space: /home 41410 MB (18% inode=99%):
[1548780438] SERVICE NOTIFICATION: nagiosadmin;pservercluster2;HDD_Root status;WARNING;notify-service-by-email;DISK WARNING - free space: / 8080 MB (15% inode=98%):
[1548780539] Auto-save of retention data completed successfully.
[1548780724] SERVICE NOTIFICATION: nagiosadmin;qservercluster1;CPU_Procs;CRITICAL;notify-service-by-email;CPU CRITICAL: 1 crit, 0 warn out of 297 processes
[1548781087] SERVICE NOTIFICATION: nagiosadmin;qservercluster2;CPU_Procs;CRITICAL;notify-service-by-email;CPU CRITICAL: 1 crit, 0 warn out of 304 processes
[1548781550] SERVICE NOTIFICATION: nagiosadmin;smscapp1;CPU_Procs;WARNING;notify-service-by-email;CPU WARNING: 1 warn out of 313 processes
[1548781610] SERVICE NOTIFICATION: nagiosadmin;db2;HDD_Root status;WARNING;notify-service-by-email;DISK WARNING - free space: / 7870 MB (15% inode=98%):
[1548782271] SERVICE NOTIFICATION: nagiosadmin;db1;HDD_Root status;WARNING;notify-service-by-email;DISK WARNING - free space: / 7245 MB (14% inode=99%):
[1548782861] SERVICE NOTIFICATION: nagiosadmin;webservercluster2;Memory;CRITICAL;notify-service-by-email;CRITICAL - 1.2% (187852 kB) free!
[1548783401] SERVICE NOTIFICATION: nagiosadmin;pservercluster2;HDD_Home status;WARNING;notify-service-by-email;DISK WARNING - free space: /home 46104 MB (20% inode=99%):
[1548783590] SERVICE FLAPPING ALERT: webservercluster2;CPU_Procs;STOPPED; Service appears to have stopped flapping (3.8% change < 5.0% threshold)
[1548783590] SERVICE NOTIFICATION: nagiosadmin;webservercluster2;CPU_Procs;WARNING;notify-service-by-email;CPU WARNING: 1 warn out of 304 processes
[1548783723] SERVICE NOTIFICATION: nagiosadmin;secondary-server;Nginx Status;CRITICAL;notify-service-by-email;NGINX CRITICAL - 500 Can't connect to 10.147.212.153:80 (Connection refused)
[1548784139] Auto-save of retention data completed successfully.
[1548784324] SERVICE NOTIFICATION: nagiosadmin;qservercluster1;CPU_Procs;CRITICAL;notify-service-by-email;CPU CRITICAL: 1 crit, 0 warn out of 297 processes
[1548784396] SERVICE ALERT: webservercluster2;Current Users;WARNING;SOFT;1;USERS WARNING - 6 users currently logged in
[1548784516] SERVICE ALERT: webservercluster2;Current Users;WARNING;SOFT;2;USERS WARNING - 6 users currently logged in
[1548784636] SERVICE NOTIFICATION: nagiosadmin;webservercluster2;Current Users;WARNING;notify-service-by-email;USERS WARNING - 6 users currently logged in
[1548784636] SERVICE ALERT: webservercluster2;Current Users;WARNING;HARD;3;USERS WARNING - 6 users currently logged in
[1548784637] SERVICE NOTIFICATION: nagiosadmin;pservercluster2;HDD_Root status;WARNING;notify-service-by-email;DISK WARNING - free space: / 8080 MB (15% inode=98%):
[1548785150] SERVICE NOTIFICATION: nagiosadmin;smscapp1;CPU_Procs;WARNING;notify-service-by-email;CPU WARNING: 1 warn out of 313 processes
[1548785210] SERVICE NOTIFICATION: nagiosadmin;db2;HDD_Root status;WARNING;notify-service-by-email;DISK WARNING - free space: / 7870 MB (15% inode=98%):
[1548785286] SERVICE NOTIFICATION: nagiosadmin;qservercluster2;CPU_Procs;CRITICAL;notify-service-by-email;CPU CRITICAL: 1 crit, 0 warn out of 301 processes
[1548785523] SERVICE ALERT: db1;CPU_Procs;WARNING;SOFT;1;CPU WARNING: 1 warn out of 331 processes
[1548785643] SERVICE ALERT: db1;CPU_Procs;WARNING;SOFT;2;CPU WARNING: 1 warn out of 332 processes
[1548785763] SERVICE NOTIFICATION: nagiosadmin;db1;CPU_Procs;WARNING;notify-service-by-email;CPU WARNING: 1 warn out of 330 processes
[1548785763] SERVICE ALERT: db1;CPU_Procs;WARNING;HARD;3;CPU WARNING: 1 warn out of 330 processes
[1548785871] SERVICE NOTIFICATION: nagiosadmin;db1;HDD_Root status;WARNING;notify-service-by-email;DISK WARNING - free space: / 7245 MB (14% inode=99%):
[1548785990] SERVICE NOTIFICATION: nagiosadmin;webservercluster2;CPU_Procs;CRITICAL;notify-service-by-email;CPU CRITICAL: 1 crit, 1 warn out of 306 processes
[1548785990] SERVICE ALERT: webservercluster2;CPU_Procs;CRITICAL;HARD;3;CPU CRITICAL: 1 crit, 1 warn out of 306 processes
[1548786461] SERVICE NOTIFICATION: nagiosadmin;webservercluster2;Memory;CRITICAL;notify-service-by-email;CRITICAL - 1.4% (220736 kB) free!
[1548786590] SERVICE NOTIFICATION: nagiosadmin;webservercluster2;CPU_Procs;WARNING;notify-service-by-email;CPU WARNING: 1 warn out of 312 processes
[1548786590] SERVICE ALERT: webservercluster2;CPU_Procs;WARNING;HARD;3;CPU WARNING: 1 warn out of 312 processes
