[1544121000] LOG ROTATION: DAILY
[1544121000] LOG VERSION: 2.0
[1544121000] CURRENT HOST STATE: db1;UP;HARD;1;PING OK - Packet loss = 0%, RTA = 0.46 ms
[1544121000] CURRENT HOST STATE: db2;UP;HARD;1;PING OK - Packet loss = 0%, RTA = 0.40 ms
[1544121000] CURRENT HOST STATE: primary-server;UP;HARD;1;PING OK - Packet loss = 0%, RTA = 0.41 ms
[1544121000] CURRENT HOST STATE: pservercluster1;UP;HARD;1;PING OK - Packet loss = 0%, RTA = 0.34 ms
[1544121000] CURRENT HOST STATE: pservercluster2;UP;HARD;1;PING OK - Packet loss = 0%, RTA = 0.45 ms
[1544121000] CURRENT HOST STATE: qservercluster1;UP;HARD;1;PING OK - Packet loss = 0%, RTA = 0.28 ms
[1544121000] CURRENT HOST STATE: qservercluster2;UP;HARD;1;PING OK - Packet loss = 0%, RTA = 0.41 ms
[1544121000] CURRENT HOST STATE: secondary-server;UP;HARD;1;PING OK - Packet loss = 0%, RTA = 0.42 ms
[1544121000] CURRENT HOST STATE: sig1;UP;HARD;1;PING OK - Packet loss = 0%, RTA = 0.46 ms
[1544121000] CURRENT HOST STATE: sig2;UP;HARD;1;PING OK - Packet loss = 0%, RTA = 0.47 ms
[1544121000] CURRENT HOST STATE: sig3;UP;HARD;1;PING OK - Packet loss = 0%, RTA = 0.43 ms
[1544121000] CURRENT HOST STATE: sig4;UP;HARD;1;PING OK - Packet loss = 0%, RTA = 0.43 ms
[1544121000] CURRENT HOST STATE: sig5;UP;HARD;1;PING OK - Packet loss = 0%, RTA = 0.44 ms
[1544121000] CURRENT HOST STATE: sig6;UP;HARD;1;PING OK - Packet loss = 0%, RTA = 0.41 ms
[1544121000] CURRENT HOST STATE: sigqscluster1;UP;HARD;1;PING OK - Packet loss = 0%, RTA = 0.31 ms
[1544121000] CURRENT HOST STATE: sigqscluster2;UP;HARD;1;PING OK - Packet loss = 0%, RTA = 0.31 ms
[1544121000] CURRENT HOST STATE: smscapp1;UP;HARD;1;PING OK - Packet loss = 0%, RTA = 0.30 ms
[1544121000] CURRENT HOST STATE: smscapp2;UP;HARD;1;PING OK - Packet loss = 0%, RTA = 0.29 ms
[1544121000] CURRENT HOST STATE: sservercluster1;UP;HARD;1;PING OK - Packet loss = 0%, RTA = 0.44 ms
[1544121000] CURRENT HOST STATE: sservercluster2;UP;HARD;1;PING OK - Packet loss = 0%, RTA = 0.41 ms
[1544121000] CURRENT HOST STATE: webserver1;UP;HARD;1;PING OK - Packet loss = 0%, RTA = 0.48 ms
[1544121000] CURRENT HOST STATE: webserver2;UP;HARD;1;PING OK - Packet loss = 0%, RTA = 0.08 ms
[1544121000] CURRENT HOST STATE: webservercluster1;UP;HARD;1;PING OK - Packet loss = 0%, RTA = 0.42 ms
[1544121000] CURRENT HOST STATE: webservercluster2;UP;HARD;1;PING OK - Packet loss = 0%, RTA = 0.41 ms
[1544121000] CURRENT SERVICE STATE: db1;CPU Load;OK;HARD;1;OK - load average: 1.23, 0.49, 0.31
[1544121000] CURRENT SERVICE STATE: db1;CPU_Procs;OK;HARD;1;CPU OK: 330 processes
[1544121000] CURRENT SERVICE STATE: db1;Current Users;OK;HARD;1;USERS OK - 4 users currently logged in
[1544121000] CURRENT SERVICE STATE: db1;HDD_Home status;OK;HARD;1;DISK OK - free space: /home 197951 MB (94% inode=99%):
[1544121000] CURRENT SERVICE STATE: db1;HDD_Root status;OK;HARD;1;DISK OK - free space: / 32646 MB (63% inode=99%):
[1544121000] CURRENT SERVICE STATE: db1;LocalService-NTPD SERVICE;OK;HARD;1;PROCS OK: 1 process with command name 'ntpd'
[1544121000] CURRENT SERVICE STATE: db1;Mariadb status;OK;HARD;1;PROCS OK: 1 process with command name 'mysqld'
[1544121000] CURRENT SERVICE STATE: db1;Memory;OK;HARD;1;OK - 43.5% (21429596 kB) free.
[1544121000] CURRENT SERVICE STATE: db1;Sensors Status;OK;HARD;1;SENSORS OK
[1544121000] CURRENT SERVICE STATE: db1;Total Processes;OK;HARD;1;PROCS OK: 331 processes
[1544121000] CURRENT SERVICE STATE: db2;CPU Load;OK;HARD;1;OK - load average: 0.00, 0.01, 0.05
[1544121000] CURRENT SERVICE STATE: db2;CPU_Procs;OK;HARD;1;CPU OK: 291 processes
[1544121000] CURRENT SERVICE STATE: db2;Current Users;OK;HARD;1;USERS OK - 0 users currently logged in
[1544121000] CURRENT SERVICE STATE: db2;HDD_Home status;OK;HARD;1;DISK OK - free space: /home 127684 MB (56% inode=99%):
[1544121000] CURRENT SERVICE STATE: db2;HDD_Root status;OK;HARD;1;DISK OK - free space: / 35863 MB (70% inode=99%):
[1544121000] CURRENT SERVICE STATE: db2;LocalService-NTPD SERVICE;OK;HARD;1;PROCS OK: 1 process with command name 'ntpd'
[1544121000] CURRENT SERVICE STATE: db2;Mariadb status;OK;HARD;1;PROCS OK: 1 process with command name 'mysqld'
[1544121000] CURRENT SERVICE STATE: db2;Memory;OK;HARD;1;OK - 31.0% (15299308 kB) free.
[1544121000] CURRENT SERVICE STATE: db2;Sensors Status;OK;HARD;1;SENSORS OK
[1544121000] CURRENT SERVICE STATE: db2;Total Processes;OK;HARD;1;PROCS OK: 291 processes
[1544121000] CURRENT SERVICE STATE: primary-server;CPU Load;OK;HARD;1;OK - load average: 0.88, 0.51, 0.24
[1544121000] CURRENT SERVICE STATE: primary-server;CPU_Procs;OK;HARD;1;CPU OK: 342 processes
[1544121000] CURRENT SERVICE STATE: primary-server;Current Users;OK;HARD;1;USERS OK - 2 users currently logged in
[1544121000] CURRENT SERVICE STATE: primary-server;HDD_Home status;OK;HARD;1;DISK OK - free space: /home 224702 MB (99% inode=99%):
[1544121000] CURRENT SERVICE STATE: primary-server;HDD_Root status;OK;HARD;1;DISK OK - free space: / 41286 MB (80% inode=99%):
[1544121000] CURRENT SERVICE STATE: primary-server;LocalService-NTPD SERVICE;OK;HARD;1;PROCS OK: 2 processes with command name 'ntpd'
[1544121000] CURRENT SERVICE STATE: primary-server;Memory;OK;HARD;1;OK - 71.3% (17465332 kB) free.
[1544121000] CURRENT SERVICE STATE: primary-server;Nginx Status;OK;HARD;1;NGINX OK -  0.098 sec. response time, Active: 0 (Writing: 0 Reading: 0 Waiting: 0) ReqPerSec: 0.000 ConnPerSec: 0.000 ReqPerConn: 0.000
[1544121000] CURRENT SERVICE STATE: primary-server;Sensors Status;OK;HARD;1;SENSORS OK
[1544121000] CURRENT SERVICE STATE: primary-server;Total Processes;OK;HARD;1;PROCS OK: 344 processes
[1544121000] CURRENT SERVICE STATE: pservercluster1;CPU Load;OK;HARD;1;OK - load average: 0.81, 0.59, 0.53
[1544121000] CURRENT SERVICE STATE: pservercluster1;CPU_Procs;CRITICAL;HARD;3;CPU CRITICAL: 1 crit, 0 warn out of 311 processes
[1544121000] CURRENT SERVICE STATE: pservercluster1;Current Users;OK;HARD;1;USERS OK - 11 users currently logged in
[1544121000] CURRENT SERVICE STATE: pservercluster1;HDD_Home status;OK;HARD;1;DISK OK - free space: /home 191852 MB (85% inode=99%):
[1544121000] CURRENT SERVICE STATE: pservercluster1;HDD_Root status;OK;HARD;1;DISK OK - free space: / 38835 MB (75% inode=99%):
[1544121000] CURRENT SERVICE STATE: pservercluster1;LocalService-NTPD SERVICE;OK;HARD;1;PROCS OK: 2 processes with command name 'ntpd'
[1544121000] CURRENT SERVICE STATE: pservercluster1;Memory;CRITICAL;HARD;3;CRITICAL - 6.7% (1647068 kB) free!
[1544121000] CURRENT SERVICE STATE: pservercluster1;Sensors Status;OK;HARD;1;SENSORS OK
[1544121000] CURRENT SERVICE STATE: pservercluster1;Total Processes;OK;HARD;1;PROCS OK: 313 processes
[1544121000] CURRENT SERVICE STATE: pservercluster2;CPU Load;OK;HARD;1;OK - load average: 0.00, 0.09, 0.17
[1544121000] CURRENT SERVICE STATE: pservercluster2;CPU_Procs;CRITICAL;HARD;3;CPU CRITICAL: 1 crit, 0 warn out of 337 processes
[1544121000] CURRENT SERVICE STATE: pservercluster2;Current Users;OK;HARD;1;USERS OK - 14 users currently logged in
[1544121000] CURRENT SERVICE STATE: pservercluster2;HDD_Home status;OK;HARD;1;DISK OK - free space: /home 203215 MB (90% inode=99%):
[1544121000] CURRENT SERVICE STATE: pservercluster2;HDD_Root status;OK;HARD;1;DISK OK - free space: / 14304 MB (27% inode=98%):
[1544121000] CURRENT SERVICE STATE: pservercluster2;LocalService-NTPD SERVICE;OK;HARD;1;PROCS OK: 2 processes with command name 'ntpd'
[1544121000] CURRENT SERVICE STATE: pservercluster2;Memory;OK;HARD;1;OK - 90.2% (22107500 kB) free.
[1544121000] CURRENT SERVICE STATE: pservercluster2;Sensors Status;OK;HARD;1;SENSORS OK
[1544121000] CURRENT SERVICE STATE: pservercluster2;Total Processes;OK;HARD;1;PROCS OK: 333 processes
[1544121000] CURRENT SERVICE STATE: qservercluster1;CPU Load;OK;HARD;1;OK - load average: 8.45, 8.43, 8.53
[1544121000] CURRENT SERVICE STATE: qservercluster1;CPU_Procs;CRITICAL;HARD;3;CPU CRITICAL: 1 crit, 0 warn out of 304 processes
[1544121000] CURRENT SERVICE STATE: qservercluster1;Current Users;OK;HARD;1;USERS OK - 2 users currently logged in
[1544121000] CURRENT SERVICE STATE: qservercluster1;HDD_Home status;OK;HARD;1;DISK OK - free space: /home 224641 MB (99% inode=99%):
[1544121000] CURRENT SERVICE STATE: qservercluster1;HDD_Root status;OK;HARD;1;DISK OK - free space: / 41336 MB (80% inode=99%):
[1544121000] CURRENT SERVICE STATE: qservercluster1;LocalService-NTPD SERVICE;OK;HARD;1;PROCS OK: 1 process with command name 'ntpd'
[1544121000] CURRENT SERVICE STATE: qservercluster1;Memory;OK;HARD;1;OK - 94.9% (46728652 kB) free.
[1544121000] CURRENT SERVICE STATE: qservercluster1;Sensors Status;OK;HARD;1;SENSORS OK
[1544121000] CURRENT SERVICE STATE: qservercluster1;Total Processes;OK;HARD;1;PROCS OK: 304 processes
[1544121000] CURRENT SERVICE STATE: qservercluster2;CPU Load;OK;HARD;1;OK - load average: 0.02, 0.08, 0.13
[1544121000] CURRENT SERVICE STATE: qservercluster2;CPU_Procs;WARNING;HARD;3;CPU WARNING: 1 warn out of 302 processes
[1544121000] CURRENT SERVICE STATE: qservercluster2;Current Users;OK;HARD;1;USERS OK - 0 users currently logged in
[1544121000] CURRENT SERVICE STATE: qservercluster2;HDD_Home status;OK;HARD;1;DISK OK - free space: /home 224577 MB (99% inode=99%):
[1544121000] CURRENT SERVICE STATE: qservercluster2;HDD_Root status;OK;HARD;1;DISK OK - free space: / 40172 MB (78% inode=98%):
[1544121000] CURRENT SERVICE STATE: qservercluster2;LocalService-NTPD SERVICE;OK;HARD;1;PROCS OK: 1 process with command name 'ntpd'
[1544121000] CURRENT SERVICE STATE: qservercluster2;Memory;OK;HARD;1;OK - 95.8% (47223908 kB) free.
[1544121000] CURRENT SERVICE STATE: qservercluster2;Sensors Status;OK;HARD;1;SENSORS OK
[1544121000] CURRENT SERVICE STATE: qservercluster2;Total Processes;OK;HARD;1;PROCS OK: 302 processes
[1544121000] CURRENT SERVICE STATE: secondary-server;CPU Load;OK;HARD;1;OK - load average: 0.00, 0.01, 0.10
[1544121000] CURRENT SERVICE STATE: secondary-server;CPU_Procs;OK;HARD;1;CPU OK: 342 processes
[1544121000] CURRENT SERVICE STATE: secondary-server;Current Users;OK;HARD;1;USERS OK - 2 users currently logged in
[1544121000] CURRENT SERVICE STATE: secondary-server;HDD_Home status;OK;HARD;1;DISK OK - free space: /home 224704 MB (99% inode=99%):
[1544121000] CURRENT SERVICE STATE: secondary-server;HDD_Root status;OK;HARD;1;DISK OK - free space: / 41213 MB (80% inode=99%):
[1544121000] CURRENT SERVICE STATE: secondary-server;LocalService-NTPD SERVICE;OK;HARD;1;PROCS OK: 2 processes with command name 'ntpd'
[1544121000] CURRENT SERVICE STATE: secondary-server;Memory Status;OK;HARD;1;OK - 71.7% (17564972 kB) free.
[1544121000] CURRENT SERVICE STATE: secondary-server;Nginx Status;OK;HARD;1;NGINX OK -  0.084 sec. response time, Active: 0 (Writing: 0 Reading: 0 Waiting: 0) ReqPerSec: 0.000 ConnPerSec: 0.000 ReqPerConn: 0.000
[1544121000] CURRENT SERVICE STATE: secondary-server;Sensors Status;OK;HARD;1;SENSORS OK
[1544121000] CURRENT SERVICE STATE: secondary-server;Total Processes;OK;HARD;1;PROCS OK: 342 processes
[1544121000] CURRENT SERVICE STATE: sig1;CPU Load;OK;HARD;1;OK - load average: 0.00, 0.01, 0.05
[1544121000] CURRENT SERVICE STATE: sig1;CPU_Procs;OK;HARD;1;CPU OK: 303 processes
[1544121000] CURRENT SERVICE STATE: sig1;Current Users;OK;HARD;1;USERS OK - 1 users currently logged in
[1544121000] CURRENT SERVICE STATE: sig1;HDD_Home status;OK;HARD;1;DISK OK - free space: /home 212022 MB (94% inode=99%):
[1544121000] CURRENT SERVICE STATE: sig1;HDD_Root status;OK;HARD;1;DISK OK - free space: / 18907 MB (36% inode=98%):
[1544121000] CURRENT SERVICE STATE: sig1;LocalService-NTPD SERVICE;OK;HARD;1;PROCS OK: 2 processes with command name 'ntpd'
[1544121000] CURRENT SERVICE STATE: sig1;Memory;OK;HARD;1;OK - 72.5% (11788684 kB) free.
[1544121000] CURRENT SERVICE STATE: sig1;Sensors Status;OK;HARD;1;SENSORS OK
[1544121000] CURRENT SERVICE STATE: sig1;Total Processes;OK;HARD;1;PROCS OK: 301 processes
[1544121000] CURRENT SERVICE STATE: sig2;CPU Load;OK;HARD;1;OK - load average: 0.00, 0.01, 0.05
[1544121000] CURRENT SERVICE STATE: sig2;CPU_Procs;OK;HARD;1;CPU OK: 302 processes
[1544121000] CURRENT SERVICE STATE: sig2;Current Users;OK;HARD;1;USERS OK - 1 users currently logged in
[1544121000] CURRENT SERVICE STATE: sig2;HDD_Home status;OK;HARD;1;DISK OK - free space: /home 219880 MB (97% inode=99%):
[1544121000] CURRENT SERVICE STATE: sig2;HDD_Root status;OK;HARD;1;DISK OK - free space: / 30863 MB (60% inode=98%):
[1544121000] CURRENT SERVICE STATE: sig2;LocalService-NTPD SERVICE;OK;HARD;1;PROCS OK: 1 process with command name 'ntpd'
[1544121000] CURRENT SERVICE STATE: sig2;Memory;OK;HARD;1;OK - 79.6% (12930772 kB) free.
[1544121000] CURRENT SERVICE STATE: sig2;Sensors Status;OK;HARD;1;SENSORS OK
[1544121000] CURRENT SERVICE STATE: sig2;Total Processes;OK;HARD;1;PROCS OK: 301 processes
[1544121000] CURRENT SERVICE STATE: sig3;CPU Load;OK;HARD;1;OK - load average: 0.01, 0.02, 0.05
[1544121000] CURRENT SERVICE STATE: sig3;CPU_Procs;OK;HARD;1;CPU OK: 298 processes
[1544121000] CURRENT SERVICE STATE: sig3;Current Users;OK;HARD;1;USERS OK - 0 users currently logged in
[1544121000] CURRENT SERVICE STATE: sig3;HDD_Home status;OK;HARD;1;DISK OK - free space: /home 220276 MB (98% inode=99%):
[1544121000] CURRENT SERVICE STATE: sig3;HDD_Root status;OK;HARD;1;DISK OK - free space: / 37913 MB (74% inode=98%):
[1544121000] CURRENT SERVICE STATE: sig3;LocalService-NTPD SERVICE;OK;HARD;1;PROCS OK: 2 processes with command name 'ntpd'
[1544121000] CURRENT SERVICE STATE: sig3;Memory;OK;HARD;1;OK - 89.2% (14505588 kB) free.
[1544121000] CURRENT SERVICE STATE: sig3;Sensors Status;OK;HARD;1;SENSORS OK
[1544121000] CURRENT SERVICE STATE: sig3;Total Processes;OK;HARD;1;PROCS OK: 299 processes
[1544121000] CURRENT SERVICE STATE: sig4;CPU Load;OK;HARD;1;OK - load average: 0.00, 0.01, 0.05
[1544121000] CURRENT SERVICE STATE: sig4;CPU_Procs;OK;HARD;1;CPU OK: 298 processes
[1544121000] CURRENT SERVICE STATE: sig4;Current Users;OK;HARD;1;USERS OK - 0 users currently logged in
[1544121000] CURRENT SERVICE STATE: sig4;HDD_Home status;OK;HARD;1;DISK OK - free space: /home 222719 MB (99% inode=99%):
[1544121000] CURRENT SERVICE STATE: sig4;HDD_Root status;OK;HARD;1;DISK OK - free space: / 37391 MB (73% inode=98%):
[1544121000] CURRENT SERVICE STATE: sig4;LocalService-NTPD SERVICE;OK;HARD;1;PROCS OK: 2 processes with command name 'ntpd'
[1544121000] CURRENT SERVICE STATE: sig4;Memory;OK;HARD;1;OK - 88.7% (14411028 kB) free.
[1544121000] CURRENT SERVICE STATE: sig4;Sensors Status;OK;HARD;1;SENSORS OK
[1544121000] CURRENT SERVICE STATE: sig4;Total Processes;OK;HARD;1;PROCS OK: 298 processes
[1544121000] CURRENT SERVICE STATE: sig5;CPU Load;OK;HARD;1;OK - load average: 0.00, 0.01, 0.05
[1544121000] CURRENT SERVICE STATE: sig5;CPU_Procs;OK;HARD;1;CPU OK: 296 processes
[1544121000] CURRENT SERVICE STATE: sig5;Current Users;OK;HARD;1;USERS OK - 0 users currently logged in
[1544121000] CURRENT SERVICE STATE: sig5;HDD_Home status;OK;HARD;1;DISK OK - free space: /home 221456 MB (98% inode=99%):
[1544121000] CURRENT SERVICE STATE: sig5;HDD_Root status;OK;HARD;1;DISK OK - free space: / 38844 MB (75% inode=98%):
[1544121000] CURRENT SERVICE STATE: sig5;LocalService-NTPD SERVICE;OK;HARD;1;PROCS OK: 2 processes with command name 'ntpd'
[1544121000] CURRENT SERVICE STATE: sig5;Memory;OK;HARD;1;OK - 91.9% (14937716 kB) free.
[1544121000] CURRENT SERVICE STATE: sig5;Sensors Status;OK;HARD;1;SENSORS OK
[1544121000] CURRENT SERVICE STATE: sig5;Total Processes;OK;HARD;1;PROCS OK: 296 processes
[1544121000] CURRENT SERVICE STATE: sig6;CPU Load;OK;HARD;1;OK - load average: 0.00, 0.01, 0.05
[1544121000] CURRENT SERVICE STATE: sig6;CPU_Procs;OK;HARD;1;CPU OK: 294 processes
[1544121000] CURRENT SERVICE STATE: sig6;Current Users;OK;HARD;1;USERS OK - 0 users currently logged in
[1544121000] CURRENT SERVICE STATE: sig6;HDD_Home status;OK;HARD;1;DISK OK - free space: /home 221533 MB (98% inode=99%):
[1544121000] CURRENT SERVICE STATE: sig6;HDD_Root status;OK;HARD;1;DISK OK - free space: / 38085 MB (74% inode=98%):
[1544121000] CURRENT SERVICE STATE: sig6;LocalService-NTPD SERVICE;OK;HARD;1;PROCS OK: 2 processes with command name 'ntpd'
[1544121000] CURRENT SERVICE STATE: sig6;Memory;OK;HARD;1;OK - 92.4% (15011292 kB) free.
[1544121000] CURRENT SERVICE STATE: sig6;Sensors Status;OK;HARD;1;SENSORS OK
[1544121000] CURRENT SERVICE STATE: sig6;Total Processes;OK;HARD;1;PROCS OK: 297 processes
[1544121000] CURRENT SERVICE STATE: sigqscluster1;CPU Load;OK;HARD;1;OK - load average: 0.20, 0.22, 0.33
[1544121000] CURRENT SERVICE STATE: sigqscluster1;CPU_Procs;CRITICAL;HARD;3;CPU CRITICAL: 1 crit, 0 warn out of 341 processes
[1544121000] CURRENT SERVICE STATE: sigqscluster1;Current Users;OK;HARD;1;USERS OK - 3 users currently logged in
[1544121000] CURRENT SERVICE STATE: sigqscluster1;HDD_Home status;OK;HARD;1;DISK OK - free space: /home 224579 MB (99% inode=99%):
[1544121000] CURRENT SERVICE STATE: sigqscluster1;HDD_Root status;OK;HARD;1;DISK OK - free space: / 41210 MB (80% inode=99%):
[1544121000] CURRENT SERVICE STATE: sigqscluster1;LocalService-NTPD SERVICE;OK;HARD;1;PROCS OK: 2 processes with command name 'ntpd'
[1544121000] CURRENT SERVICE STATE: sigqscluster1;Memory;OK;HARD;1;OK - 94.2% (46432500 kB) free.
[1544121000] CURRENT SERVICE STATE: sigqscluster1;Sensors Status;OK;HARD;1;SENSORS OK
[1544121000] CURRENT SERVICE STATE: sigqscluster1;Total Processes;OK;HARD;1;PROCS OK: 339 processes
[1544121000] CURRENT SERVICE STATE: sigqscluster2;CPU Load;OK;HARD;1;OK - load average: 0.56, 0.55, 0.63
[1544121000] CURRENT SERVICE STATE: sigqscluster2;CPU_Procs;CRITICAL;HARD;3;CPU CRITICAL: 1 crit, 0 warn out of 334 processes
[1544121000] CURRENT SERVICE STATE: sigqscluster2;Current Users;OK;HARD;1;USERS OK - 2 users currently logged in
[1544121000] CURRENT SERVICE STATE: sigqscluster2;HDD_Home status;OK;HARD;1;DISK OK - free space: /home 224577 MB (99% inode=99%):
[1544121000] CURRENT SERVICE STATE: sigqscluster2;HDD_Root status;OK;HARD;1;DISK OK - free space: / 41226 MB (80% inode=99%):
[1544121000] CURRENT SERVICE STATE: sigqscluster2;LocalService-NTPD SERVICE;OK;HARD;1;PROCS OK: 2 processes with command name 'ntpd'
[1544121000] CURRENT SERVICE STATE: sigqscluster2;Memory;OK;HARD;1;OK - 94.2% (46414248 kB) free.
[1544121000] CURRENT SERVICE STATE: sigqscluster2;Sensors Status;OK;HARD;1;SENSORS OK
[1544121000] CURRENT SERVICE STATE: sigqscluster2;Total Processes;OK;HARD;1;PROCS OK: 335 processes
[1544121000] CURRENT SERVICE STATE: smscapp1;CPU Load;OK;HARD;1;OK - load average: 2.65, 2.23, 1.78
[1544121000] CURRENT SERVICE STATE: smscapp1;CPU_Procs;CRITICAL;HARD;3;CPU CRITICAL: 3 crit, 1 warn out of 342 processes
[1544121000] CURRENT SERVICE STATE: smscapp1;Current Users;OK;HARD;1;USERS OK - 9 users currently logged in
[1544121000] CURRENT SERVICE STATE: smscapp1;HDD_Home status;OK;HARD;1;DISK OK - free space: /home 195862 MB (87% inode=99%):
[1544121000] CURRENT SERVICE STATE: smscapp1;HDD_Root status;OK;HARD;1;DISK OK - free space: / 39191 MB (76% inode=98%):
[1544121000] CURRENT SERVICE STATE: smscapp1;LocalService-NTPD SERVICE;OK;HARD;1;PROCS OK: 1 process with command name 'ntpd'
[1544121000] CURRENT SERVICE STATE: smscapp1;Memory;OK;HARD;1;OK - 84.5% (13732304 kB) free.
[1544121000] CURRENT SERVICE STATE: smscapp1;Sensors Status;OK;HARD;1;SENSORS OK
[1544121000] CURRENT SERVICE STATE: smscapp1;Total Processes;OK;HARD;1;PROCS OK: 341 processes
[1544121000] CURRENT SERVICE STATE: smscapp2;CPU Load;OK;HARD;1;OK - load average: 0.86, 0.70, 0.84
[1544121000] CURRENT SERVICE STATE: smscapp2;CPU_Procs;WARNING;HARD;3;CPU WARNING: 3 warn out of 341 processes
[1544121000] CURRENT SERVICE STATE: smscapp2;Current Users;OK;HARD;1;USERS OK - 3 users currently logged in
[1544121000] CURRENT SERVICE STATE: smscapp2;HDD_Home status;OK;HARD;1;DISK OK - free space: /home 147484 MB (65% inode=99%):
[1544121000] CURRENT SERVICE STATE: smscapp2;HDD_Root status;OK;HARD;1;DISK OK - free space: / 39009 MB (76% inode=98%):
[1544121000] CURRENT SERVICE STATE: smscapp2;LocalService-NTPD SERVICE;OK;HARD;1;PROCS OK: 1 process with command name 'ntpd'
[1544121000] CURRENT SERVICE STATE: smscapp2;Memory;WARNING;HARD;3;WARNING - 13.3% (2155992 kB) free!
[1544121000] CURRENT SERVICE STATE: smscapp2;Sensors Status;OK;HARD;1;SENSORS OK
[1544121000] CURRENT SERVICE STATE: smscapp2;Total Processes;OK;HARD;1;PROCS OK: 341 processes
[1544121000] CURRENT SERVICE STATE: sservercluster1;CPU Load;OK;HARD;1;OK - load average: 0.00, 0.01, 0.05
[1544121000] CURRENT SERVICE STATE: sservercluster1;CPU_Procs;OK;HARD;1;CPU OK: 299 processes
[1544121000] CURRENT SERVICE STATE: sservercluster1;Current Users;OK;HARD;1;USERS OK - 3 users currently logged in
[1544121000] CURRENT SERVICE STATE: sservercluster1;HDD_Home status;OK;HARD;1;DISK OK - free space: /home 223305 MB (99% inode=99%):
[1544121000] CURRENT SERVICE STATE: sservercluster1;HDD_Root status;OK;HARD;1;DISK OK - free space: / 38492 MB (75% inode=98%):
[1544121000] CURRENT SERVICE STATE: sservercluster1;LocalService-NTPD SERVICE;OK;HARD;1;PROCS OK: 2 processes with command name 'ntpd'
[1544121000] CURRENT SERVICE STATE: sservercluster1;Memory;OK;HARD;1;OK - 63.8% (15642184 kB) free.
[1544121000] CURRENT SERVICE STATE: sservercluster1;Sensors Status;OK;HARD;1;SENSORS OK
[1544121000] CURRENT SERVICE STATE: sservercluster1;Total Processes;OK;HARD;1;PROCS OK: 302 processes
[1544121000] CURRENT SERVICE STATE: sservercluster2;CPU Load;OK;HARD;1;OK - load average: 0.00, 0.01, 0.05
[1544121000] CURRENT SERVICE STATE: sservercluster2;CPU_Procs;OK;HARD;1;CPU OK: 300 processes
[1544121000] CURRENT SERVICE STATE: sservercluster2;Current Users;OK;HARD;1;USERS OK - 1 users currently logged in
[1544121000] CURRENT SERVICE STATE: sservercluster2;HDD_Home status;OK;HARD;1;DISK OK - free space: /home 219758 MB (99% inode=99%):
[1544121000] CURRENT SERVICE STATE: sservercluster2;HDD_Root status;OK;HARD;1;DISK OK - free space: / 41299 MB (80% inode=99%):
[1544121000] CURRENT SERVICE STATE: sservercluster2;LocalService-NTPD SERVICE;OK;HARD;1;PROCS OK: 2 processes with command name 'ntpd'
[1544121000] CURRENT SERVICE STATE: sservercluster2;Memory;OK;HARD;1;OK - 94.9% (23254776 kB) free.
[1544121000] CURRENT SERVICE STATE: sservercluster2;Sensors Status;OK;HARD;1;SENSORS OK
[1544121000] CURRENT SERVICE STATE: sservercluster2;Total Processes;OK;HARD;1;PROCS OK: 301 processes
[1544121000] CURRENT SERVICE STATE: webserver1;CPU Load;OK;HARD;1;OK - load average: 0.75, 0.81, 0.60
[1544121000] CURRENT SERVICE STATE: webserver1;CPU_Procs;OK;HARD;1;CPU OK: 359 processes
[1544121000] CURRENT SERVICE STATE: webserver1;Current Users;OK;HARD;1;USERS OK - 2 users currently logged in
[1544121000] CURRENT SERVICE STATE: webserver1;HDD_Home status;OK;HARD;1;DISK OK - free space: /home 224832 MB (99% inode=99%):
[1544121000] CURRENT SERVICE STATE: webserver1;HDD_Root status;OK;HARD;1;DISK OK - free space: / 41134 MB (80% inode=99%):
[1544121000] CURRENT SERVICE STATE: webserver1;LocalService-NTPD SERVICE;OK;HARD;1;PROCS OK: 2 processes with command name 'ntpd'
[1544121000] CURRENT SERVICE STATE: webserver1;Memory;OK;HARD;1;OK - 69.7% (17051352 kB) free.
[1544121000] CURRENT SERVICE STATE: webserver1;Nginx_status;OK;HARD;1;NGINX OK -  0.086 sec. response time, Active: 0 (Writing: 0 Reading: 0 Waiting: 0) ReqPerSec: 0.000 ConnPerSec: 0.000 ReqPerConn: 0.000
[1544121000] CURRENT SERVICE STATE: webserver1;Sensors Status;OK;HARD;1;SENSORS OK
[1544121000] CURRENT SERVICE STATE: webserver1;Total Processes;OK;HARD;1;PROCS OK: 356 processes
[1544121000] CURRENT SERVICE STATE: webserver2;CPU_Procs;OK;HARD;1;CPU OK: 495 processes
[1544121000] CURRENT SERVICE STATE: webserver2;Current Load;OK;HARD;1;OK - load average: 0.85, 0.76, 0.43
[1544121000] CURRENT SERVICE STATE: webserver2;Current Users;WARNING;HARD;4;USERS WARNING - 43 users currently logged in
[1544121000] CURRENT SERVICE STATE: webserver2;HDD_Home status;OK;HARD;1;DISK OK - free space: /home 220817 MB (98.25% inode=100%):
[1544121000] CURRENT SERVICE STATE: webserver2;HTTP;OK;HARD;1;HTTP OK: HTTP/1.1 200 OK - 355 bytes in 0.001 second response time
[1544121000] CURRENT SERVICE STATE: webserver2;LocalService-NTPD SERVICE;OK;HARD;1;PROCS OK: 2 processes with command name 'ntpd'
[1544121000] CURRENT SERVICE STATE: webserver2;Memory;OK;HARD;1;OK - 44.3% (10859800 kB) free.
[1544121000] CURRENT SERVICE STATE: webserver2;PING;OK;HARD;1;PING OK - Packet loss = 0%, RTA = 0.07 ms
[1544121000] CURRENT SERVICE STATE: webserver2;Root Partition;OK;HARD;1;DISK OK - free space: / 39614 MB (77.40% inode=99%):
[1544121000] CURRENT SERVICE STATE: webserver2;SSH;OK;HARD;1;SSH OK - OpenSSH_7.4 (protocol 2.0)
[1544121000] CURRENT SERVICE STATE: webserver2;Sensors Status;OK;HARD;1;SENSORS OK
[1544121000] CURRENT SERVICE STATE: webserver2;Total Processes;OK;HARD;1;PROCS OK: 159 processes with STATE = RSZDT
[1544121000] CURRENT SERVICE STATE: webservercluster1;CPU Load;OK;HARD;1;OK - load average: 0.00, 0.01, 0.05
[1544121000] CURRENT SERVICE STATE: webservercluster1;CPU_Procs;OK;HARD;1;CPU OK: 251 processes
[1544121000] CURRENT SERVICE STATE: webservercluster1;Current Users;OK;HARD;1;USERS OK - 1 users currently logged in
[1544121000] CURRENT SERVICE STATE: webservercluster1;HDD_Home status;OK;HARD;1;DISK OK - free space: /home 224705 MB (99% inode=99%):
[1544121000] CURRENT SERVICE STATE: webservercluster1;HDD_Root status;OK;HARD;1;DISK OK - free space: / 39905 MB (77% inode=99%):
[1544121000] CURRENT SERVICE STATE: webservercluster1;LocalService-NTPD SERVICE;OK;HARD;1;PROCS OK: 1 process with command name 'ntpd'
[1544121000] CURRENT SERVICE STATE: webservercluster1;Memory;OK;HARD;1;OK - 43.8% (7114064 kB) free.
[1544121000] CURRENT SERVICE STATE: webservercluster1;Sensors Status;OK;HARD;1;SENSORS OK
[1544121000] CURRENT SERVICE STATE: webservercluster1;Total Processes;OK;HARD;1;PROCS OK: 250 processes
[1544121000] CURRENT SERVICE STATE: webservercluster2;CPU Load;OK;HARD;1;OK - load average: 0.00, 0.06, 0.28
[1544121000] CURRENT SERVICE STATE: webservercluster2;CPU_Procs;OK;HARD;1;CPU OK: 337 processes
[1544121000] CURRENT SERVICE STATE: webservercluster2;Current Users;OK;HARD;1;USERS OK - 2 users currently logged in
[1544121000] CURRENT SERVICE STATE: webservercluster2;HDD_Home status;OK;HARD;1;DISK OK - free space: /home 224704 MB (99% inode=99%):
[1544121000] CURRENT SERVICE STATE: webservercluster2;HDD_Root status;OK;HARD;1;DISK OK - free space: / 41066 MB (80% inode=99%):
[1544121000] CURRENT SERVICE STATE: webservercluster2;LocalService-NTPD SERVICE;OK;HARD;1;PROCS OK: 2 processes with command name 'ntpd'
[1544121000] CURRENT SERVICE STATE: webservercluster2;Memory;OK;HARD;1;OK - 55.8% (9071136 kB) free.
[1544121000] CURRENT SERVICE STATE: webservercluster2;Sensors Status;OK;HARD;1;SENSORS OK
[1544121000] CURRENT SERVICE STATE: webservercluster2;Total Processes;OK;HARD;1;PROCS OK: 333 processes
[1544121033] SERVICE NOTIFICATION: nagiosadmin;sigqscluster2;CPU_Procs;CRITICAL;notify-service-by-email;CPU CRITICAL: 1 crit, 0 warn out of 338 processes
[1544121244] Auto-save of retention data completed successfully.
[1544121340] SERVICE FLAPPING ALERT: qservercluster1;CPU Load;STOPPED; Service appears to have stopped flapping (3.9% change < 5.0% threshold)
[1544121434] SERVICE NOTIFICATION: nagiosadmin;smscapp2;Memory;WARNING;notify-service-by-email;WARNING - 13.2% (2142328 kB) free!
[1544121505] SERVICE NOTIFICATION: nagiosadmin;pservercluster2;CPU_Procs;CRITICAL;notify-service-by-email;CPU CRITICAL: 1 crit, 0 warn out of 334 processes
[1544121649] SERVICE ALERT: db1;CPU_Procs;CRITICAL;SOFT;1;CPU CRITICAL: 1 crit, 0 warn out of 330 processes
[1544121737] SERVICE NOTIFICATION: nagiosadmin;qservercluster1;CPU_Procs;CRITICAL;notify-service-by-email;CPU CRITICAL: 1 crit, 0 warn out of 305 processes
[1544121769] SERVICE ALERT: db1;CPU_Procs;OK;HARD;1;CPU OK: 330 processes
[1544121988] SERVICE NOTIFICATION: nagiosadmin;qservercluster2;CPU_Procs;WARNING;notify-service-by-email;CPU WARNING: 1 warn out of 301 processes
[1544122438] SERVICE NOTIFICATION: nagiosadmin;smscapp2;CPU_Procs;WARNING;notify-service-by-email;CPU WARNING: 3 warn out of 338 processes
[1544122540] SERVICE ALERT: qservercluster1;CPU Load;WARNING;SOFT;1;WARNING - load average: 10.81, 10.71, 10.16
[1544122579] SERVICE NOTIFICATION: nagiosadmin;sigqscluster1;CPU_Procs;CRITICAL;notify-service-by-email;CPU CRITICAL: 1 crit, 0 warn out of 341 processes
[1544122660] SERVICE ALERT: qservercluster1;CPU Load;WARNING;SOFT;2;WARNING - load average: 10.41, 10.55, 10.16
[1544122780] SERVICE NOTIFICATION: nagiosadmin;qservercluster1;CPU Load;WARNING;notify-service-by-email;WARNING - load average: 10.31, 10.39, 10.15
[1544122780] SERVICE ALERT: qservercluster1;CPU Load;WARNING;HARD;3;WARNING - load average: 10.31, 10.39, 10.15
[1544123222] SERVICE NOTIFICATION: nagiosadmin;webserver2;Current Users;WARNING;notify-service-by-email;USERS WARNING - 43 users currently logged in
[1544123436] SERVICE NOTIFICATION: nagiosadmin;pservercluster1;CPU_Procs;CRITICAL;notify-service-by-email;CPU CRITICAL: 1 crit, 0 warn out of 308 processes
[1544123547] SERVICE NOTIFICATION: nagiosadmin;pservercluster1;Memory;CRITICAL;notify-service-by-email;CRITICAL - 6.7% (1639708 kB) free!
[1544123822] SERVICE NOTIFICATION: nagiosadmin;webserver2;Current Users;OK;notify-service-by-email;USERS OK - 38 users currently logged in
[1544123822] SERVICE ALERT: webserver2;Current Users;OK;HARD;1;USERS OK - 38 users currently logged in
[1544124119] SERVICE NOTIFICATION: nagiosadmin;smscapp1;CPU_Procs;CRITICAL;notify-service-by-email;CPU CRITICAL: 3 crit, 1 warn out of 340 processes
[1544124580] SERVICE NOTIFICATION: nagiosadmin;qservercluster1;CPU Load;OK;notify-service-by-email;OK - load average: 9.36, 9.60, 9.94
[1544124580] SERVICE ALERT: qservercluster1;CPU Load;OK;HARD;1;OK - load average: 9.36, 9.60, 9.94
[1544124844] Auto-save of retention data completed successfully.
[1544125034] SERVICE NOTIFICATION: nagiosadmin;smscapp2;Memory;WARNING;notify-service-by-email;WARNING - 13.2% (2147192 kB) free!
[1544125106] SERVICE NOTIFICATION: nagiosadmin;pservercluster2;CPU_Procs;CRITICAL;notify-service-by-email;CPU CRITICAL: 1 crit, 0 warn out of 328 processes
[1544125232] SERVICE NOTIFICATION: nagiosadmin;sigqscluster2;CPU_Procs;CRITICAL;notify-service-by-email;CPU CRITICAL: 1 crit, 0 warn out of 335 processes
[1544125337] SERVICE NOTIFICATION: nagiosadmin;qservercluster1;CPU_Procs;CRITICAL;notify-service-by-email;CPU CRITICAL: 1 crit, 0 warn out of 306 processes
[1544126038] SERVICE NOTIFICATION: nagiosadmin;smscapp2;CPU_Procs;WARNING;notify-service-by-email;CPU WARNING: 3 warn out of 337 processes
[1544126187] SERVICE NOTIFICATION: nagiosadmin;qservercluster2;CPU_Procs;WARNING;notify-service-by-email;CPU WARNING: 1 warn out of 303 processes
[1544126778] SERVICE NOTIFICATION: nagiosadmin;sigqscluster1;CPU_Procs;CRITICAL;notify-service-by-email;CPU CRITICAL: 1 crit, 0 warn out of 337 processes
[1544127036] SERVICE NOTIFICATION: nagiosadmin;pservercluster1;CPU_Procs;CRITICAL;notify-service-by-email;CPU CRITICAL: 1 crit, 0 warn out of 300 processes
[1544127147] SERVICE NOTIFICATION: nagiosadmin;pservercluster1;Memory;CRITICAL;notify-service-by-email;CRITICAL - 6.8% (1661020 kB) free!
[1544127719] SERVICE NOTIFICATION: nagiosadmin;smscapp1;CPU_Procs;CRITICAL;notify-service-by-email;CPU CRITICAL: 3 crit, 1 warn out of 340 processes
[1544127987] SERVICE NOTIFICATION: nagiosadmin;qservercluster2;CPU_Procs;OK;notify-service-by-email;CPU OK: 305 processes
[1544127987] SERVICE ALERT: qservercluster2;CPU_Procs;OK;HARD;1;CPU OK: 305 processes
[1544128444] Auto-save of retention data completed successfully.
[1544128634] SERVICE NOTIFICATION: nagiosadmin;smscapp2;Memory;WARNING;notify-service-by-email;WARNING - 13.2% (2146948 kB) free!
[1544128832] SERVICE NOTIFICATION: nagiosadmin;sigqscluster2;CPU_Procs;CRITICAL;notify-service-by-email;CPU CRITICAL: 1 crit, 0 warn out of 336 processes
[1544128937] SERVICE NOTIFICATION: nagiosadmin;qservercluster1;CPU_Procs;CRITICAL;notify-service-by-email;CPU CRITICAL: 1 crit, 0 warn out of 308 processes
[1544129305] SERVICE NOTIFICATION: nagiosadmin;pservercluster2;CPU_Procs;CRITICAL;notify-service-by-email;CPU CRITICAL: 1 crit, 0 warn out of 328 processes
[1544129639] SERVICE NOTIFICATION: nagiosadmin;smscapp2;CPU_Procs;WARNING;notify-service-by-email;CPU WARNING: 3 warn out of 335 processes
[1544129980] SERVICE ALERT: qservercluster1;CPU Load;WARNING;SOFT;1;WARNING - load average: 10.62, 10.53, 10.08
[1544130100] SERVICE ALERT: qservercluster1;CPU Load;OK;HARD;1;OK - load average: 9.29, 10.02, 9.95
[1544130378] SERVICE NOTIFICATION: nagiosadmin;sigqscluster1;CPU_Procs;CRITICAL;notify-service-by-email;CPU CRITICAL: 1 crit, 0 warn out of 338 processes
[1544130636] SERVICE NOTIFICATION: nagiosadmin;pservercluster1;CPU_Procs;CRITICAL;notify-service-by-email;CPU CRITICAL: 1 crit, 0 warn out of 300 processes
[1544130747] SERVICE NOTIFICATION: nagiosadmin;pservercluster1;Memory;CRITICAL;notify-service-by-email;CRITICAL - 6.8% (1656316 kB) free!
[1544131320] SERVICE NOTIFICATION: nagiosadmin;smscapp1;CPU_Procs;CRITICAL;notify-service-by-email;CPU CRITICAL: 3 crit, 1 warn out of 340 processes
[1544132044] Auto-save of retention data completed successfully.
[1544132234] SERVICE NOTIFICATION: nagiosadmin;smscapp2;Memory;WARNING;notify-service-by-email;WARNING - 13.2% (2144536 kB) free!
[1544132432] SERVICE NOTIFICATION: nagiosadmin;sigqscluster2;CPU_Procs;CRITICAL;notify-service-by-email;CPU CRITICAL: 1 crit, 0 warn out of 336 processes
[1544132537] SERVICE NOTIFICATION: nagiosadmin;qservercluster1;CPU_Procs;CRITICAL;notify-service-by-email;CPU CRITICAL: 1 crit, 0 warn out of 296 processes
[1544132905] SERVICE NOTIFICATION: nagiosadmin;pservercluster2;CPU_Procs;CRITICAL;notify-service-by-email;CPU CRITICAL: 1 crit, 0 warn out of 300 processes
[1544133838] SERVICE NOTIFICATION: nagiosadmin;smscapp2;CPU_Procs;WARNING;notify-service-by-email;CPU WARNING: 3 warn out of 335 processes
[1544133978] SERVICE NOTIFICATION: nagiosadmin;sigqscluster1;CPU_Procs;CRITICAL;notify-service-by-email;CPU CRITICAL: 1 crit, 0 warn out of 339 processes
[1544134236] SERVICE NOTIFICATION: nagiosadmin;pservercluster1;CPU_Procs;CRITICAL;notify-service-by-email;CPU CRITICAL: 1 crit, 0 warn out of 287 processes
[1544134347] SERVICE NOTIFICATION: nagiosadmin;pservercluster1;Memory;CRITICAL;notify-service-by-email;CRITICAL - 6.9% (1679140 kB) free!
[1544135519] SERVICE NOTIFICATION: nagiosadmin;smscapp1;CPU_Procs;CRITICAL;notify-service-by-email;CPU CRITICAL: 1 crit, 1 warn out of 326 processes
[1544135644] Auto-save of retention data completed successfully.
[1544135834] SERVICE NOTIFICATION: nagiosadmin;smscapp2;Memory;WARNING;notify-service-by-email;WARNING - 12.2% (1985044 kB) free!
[1544136032] SERVICE NOTIFICATION: nagiosadmin;sigqscluster2;CPU_Procs;CRITICAL;notify-service-by-email;CPU CRITICAL: 1 crit, 0 warn out of 335 processes
[1544136137] SERVICE NOTIFICATION: nagiosadmin;qservercluster1;CPU_Procs;CRITICAL;notify-service-by-email;CPU CRITICAL: 1 crit, 0 warn out of 296 processes
[1544136505] SERVICE NOTIFICATION: nagiosadmin;pservercluster2;CPU_Procs;CRITICAL;notify-service-by-email;CPU CRITICAL: 1 crit, 0 warn out of 299 processes
[1544137438] SERVICE NOTIFICATION: nagiosadmin;smscapp2;CPU_Procs;WARNING;notify-service-by-email;CPU WARNING: 3 warn out of 336 processes
[1544137578] SERVICE NOTIFICATION: nagiosadmin;sigqscluster1;CPU_Procs;CRITICAL;notify-service-by-email;CPU CRITICAL: 1 crit, 0 warn out of 337 processes
[1544137836] SERVICE NOTIFICATION: nagiosadmin;pservercluster1;CPU_Procs;CRITICAL;notify-service-by-email;CPU CRITICAL: 1 crit, 0 warn out of 286 processes
[1544137947] SERVICE NOTIFICATION: nagiosadmin;pservercluster1;Memory;CRITICAL;notify-service-by-email;CRITICAL - 6.8% (1676360 kB) free!
[1544139119] SERVICE NOTIFICATION: nagiosadmin;smscapp1;CPU_Procs;CRITICAL;notify-service-by-email;CPU CRITICAL: 1 crit, 1 warn out of 323 processes
[1544139244] Auto-save of retention data completed successfully.
[1544139434] SERVICE NOTIFICATION: nagiosadmin;smscapp2;Memory;WARNING;notify-service-by-email;WARNING - 12.2% (1982780 kB) free!
[1544139632] SERVICE NOTIFICATION: nagiosadmin;sigqscluster2;CPU_Procs;CRITICAL;notify-service-by-email;CPU CRITICAL: 1 crit, 0 warn out of 335 processes
[1544139737] SERVICE NOTIFICATION: nagiosadmin;qservercluster1;CPU_Procs;CRITICAL;notify-service-by-email;CPU CRITICAL: 1 crit, 0 warn out of 294 processes
[1544140105] SERVICE NOTIFICATION: nagiosadmin;pservercluster2;CPU_Procs;CRITICAL;notify-service-by-email;CPU CRITICAL: 1 crit, 0 warn out of 299 processes
[1544141038] SERVICE NOTIFICATION: nagiosadmin;smscapp2;CPU_Procs;WARNING;notify-service-by-email;CPU WARNING: 3 warn out of 336 processes
[1544141178] SERVICE NOTIFICATION: nagiosadmin;sigqscluster1;CPU_Procs;CRITICAL;notify-service-by-email;CPU CRITICAL: 1 crit, 0 warn out of 338 processes
[1544141436] SERVICE NOTIFICATION: nagiosadmin;pservercluster1;CPU_Procs;CRITICAL;notify-service-by-email;CPU CRITICAL: 1 crit, 0 warn out of 285 processes
[1544141547] SERVICE NOTIFICATION: nagiosadmin;pservercluster1;Memory;CRITICAL;notify-service-by-email;CRITICAL - 6.8% (1672588 kB) free!
[1544142719] SERVICE NOTIFICATION: nagiosadmin;smscapp1;CPU_Procs;CRITICAL;notify-service-by-email;CPU CRITICAL: 1 crit, 1 warn out of 325 processes
[1544142844] Auto-save of retention data completed successfully.
[1544143034] SERVICE NOTIFICATION: nagiosadmin;smscapp2;Memory;WARNING;notify-service-by-email;WARNING - 12.2% (1983624 kB) free!
[1544143232] SERVICE NOTIFICATION: nagiosadmin;sigqscluster2;CPU_Procs;CRITICAL;notify-service-by-email;CPU CRITICAL: 1 crit, 0 warn out of 335 processes
[1544143337] SERVICE NOTIFICATION: nagiosadmin;qservercluster1;CPU_Procs;CRITICAL;notify-service-by-email;CPU CRITICAL: 1 crit, 0 warn out of 295 processes
[1544143706] SERVICE NOTIFICATION: nagiosadmin;pservercluster2;CPU_Procs;CRITICAL;notify-service-by-email;CPU CRITICAL: 1 crit, 0 warn out of 299 processes
[1544144638] SERVICE NOTIFICATION: nagiosadmin;smscapp2;CPU_Procs;WARNING;notify-service-by-email;CPU WARNING: 3 warn out of 336 processes
[1544144778] SERVICE NOTIFICATION: nagiosadmin;sigqscluster1;CPU_Procs;CRITICAL;notify-service-by-email;CPU CRITICAL: 1 crit, 0 warn out of 338 processes
[1544145036] SERVICE NOTIFICATION: nagiosadmin;pservercluster1;CPU_Procs;CRITICAL;notify-service-by-email;CPU CRITICAL: 1 crit, 0 warn out of 286 processes
[1544145147] SERVICE NOTIFICATION: nagiosadmin;pservercluster1;Memory;CRITICAL;notify-service-by-email;CRITICAL - 6.8% (1668784 kB) free!
[1544146320] SERVICE NOTIFICATION: nagiosadmin;smscapp1;CPU_Procs;CRITICAL;notify-service-by-email;CPU CRITICAL: 1 crit, 1 warn out of 325 processes
[1544146444] Auto-save of retention data completed successfully.
[1544146634] SERVICE NOTIFICATION: nagiosadmin;smscapp2;Memory;WARNING;notify-service-by-email;WARNING - 10.9% (1778024 kB) free!
[1544146832] SERVICE NOTIFICATION: nagiosadmin;sigqscluster2;CPU_Procs;CRITICAL;notify-service-by-email;CPU CRITICAL: 1 crit, 0 warn out of 334 processes
[1544146937] SERVICE NOTIFICATION: nagiosadmin;qservercluster1;CPU_Procs;CRITICAL;notify-service-by-email;CPU CRITICAL: 1 crit, 0 warn out of 295 processes
[1544147905] SERVICE NOTIFICATION: nagiosadmin;pservercluster2;CPU_Procs;CRITICAL;notify-service-by-email;CPU CRITICAL: 1 crit, 0 warn out of 302 processes
[1544148238] SERVICE NOTIFICATION: nagiosadmin;smscapp2;CPU_Procs;WARNING;notify-service-by-email;CPU WARNING: 3 warn out of 336 processes
[1544148378] SERVICE NOTIFICATION: nagiosadmin;sigqscluster1;CPU_Procs;CRITICAL;notify-service-by-email;CPU CRITICAL: 1 crit, 0 warn out of 339 processes
[1544148637] SERVICE NOTIFICATION: nagiosadmin;pservercluster1;CPU_Procs;CRITICAL;notify-service-by-email;CPU CRITICAL: 1 crit, 0 warn out of 286 processes
[1544148747] SERVICE NOTIFICATION: nagiosadmin;pservercluster1;Memory;CRITICAL;notify-service-by-email;CRITICAL - 6.8% (1667204 kB) free!
[1544150044] Auto-save of retention data completed successfully.
[1544150234] SERVICE NOTIFICATION: nagiosadmin;smscapp2;Memory;WARNING;notify-service-by-email;WARNING - 10.9% (1766248 kB) free!
[1544150432] SERVICE NOTIFICATION: nagiosadmin;sigqscluster2;CPU_Procs;CRITICAL;notify-service-by-email;CPU CRITICAL: 1 crit, 0 warn out of 335 processes
[1544150519] SERVICE NOTIFICATION: nagiosadmin;smscapp1;CPU_Procs;CRITICAL;notify-service-by-email;CPU CRITICAL: 1 crit, 1 warn out of 322 processes
[1544150537] SERVICE NOTIFICATION: nagiosadmin;qservercluster1;CPU_Procs;CRITICAL;notify-service-by-email;CPU CRITICAL: 1 crit, 0 warn out of 298 processes
[1544151505] SERVICE NOTIFICATION: nagiosadmin;pservercluster2;CPU_Procs;CRITICAL;notify-service-by-email;CPU CRITICAL: 1 crit, 0 warn out of 301 processes
[1544151838] SERVICE NOTIFICATION: nagiosadmin;smscapp2;CPU_Procs;WARNING;notify-service-by-email;CPU WARNING: 3 warn out of 335 processes
[1544151978] SERVICE NOTIFICATION: nagiosadmin;sigqscluster1;CPU_Procs;CRITICAL;notify-service-by-email;CPU CRITICAL: 1 crit, 0 warn out of 338 processes
[1544152347] SERVICE NOTIFICATION: nagiosadmin;pservercluster1;Memory;CRITICAL;notify-service-by-email;CRITICAL - 6.8% (1668104 kB) free!
[1544152836] SERVICE NOTIFICATION: nagiosadmin;pservercluster1;CPU_Procs;CRITICAL;notify-service-by-email;CPU CRITICAL: 1 crit, 0 warn out of 286 processes
[1544153569] SERVICE ALERT: db1;CPU_Procs;CRITICAL;SOFT;1;CPU CRITICAL: 1 crit, 0 warn out of 326 processes
[1544153644] Auto-save of retention data completed successfully.
[1544153689] SERVICE ALERT: db1;CPU_Procs;CRITICAL;SOFT;2;CPU CRITICAL: 1 crit, 0 warn out of 326 processes
[1544153809] SERVICE ALERT: db1;CPU_Procs;OK;HARD;1;CPU OK: 325 processes
[1544153834] SERVICE NOTIFICATION: nagiosadmin;smscapp2;Memory;CRITICAL;notify-service-by-email;CRITICAL - 9.2% (1488720 kB) free!
[1544153834] SERVICE ALERT: smscapp2;Memory;CRITICAL;HARD;3;CRITICAL - 9.2% (1488720 kB) free!
[1544153980] SERVICE ALERT: db2;CPU_Procs;CRITICAL;SOFT;1;CPU CRITICAL: 1 crit, 0 warn out of 291 processes
[1544154027] SERVICE ALERT: pservercluster1;CPU Load;WARNING;SOFT;1;WARNING - load average: 6.11, 17.34, 9.08
[1544154032] SERVICE NOTIFICATION: nagiosadmin;sigqscluster2;CPU_Procs;CRITICAL;notify-service-by-email;CPU CRITICAL: 1 crit, 0 warn out of 336 processes
[1544154100] SERVICE ALERT: db2;CPU_Procs;CRITICAL;SOFT;2;CPU CRITICAL: 1 crit, 0 warn out of 291 processes
[1544154119] SERVICE NOTIFICATION: nagiosadmin;smscapp1;CPU_Procs;CRITICAL;notify-service-by-email;CPU CRITICAL: 2 crit, 1 warn out of 331 processes
[1544154137] SERVICE NOTIFICATION: nagiosadmin;qservercluster1;CPU_Procs;CRITICAL;notify-service-by-email;CPU CRITICAL: 1 crit, 0 warn out of 299 processes
[1544154147] SERVICE ALERT: pservercluster1;CPU Load;WARNING;SOFT;2;WARNING - load average: 1.26, 11.78, 8.05
[1544154220] SERVICE ALERT: db2;CPU_Procs;OK;HARD;1;CPU OK: 290 processes
[1544154267] SERVICE NOTIFICATION: nagiosadmin;pservercluster1;CPU Load;WARNING;notify-service-by-email;WARNING - load average: 0.32, 7.98, 7.11
[1544154267] SERVICE ALERT: pservercluster1;CPU Load;WARNING;HARD;3;WARNING - load average: 0.32, 7.98, 7.11
[1544154409] SERVICE ALERT: db1;CPU_Procs;CRITICAL;SOFT;1;CPU CRITICAL: 1 crit, 0 warn out of 325 processes
[1544154530] SERVICE ALERT: db1;CPU_Procs;OK;HARD;1;CPU OK: 325 processes
[1544154867] SERVICE NOTIFICATION: nagiosadmin;pservercluster1;CPU Load;OK;notify-service-by-email;OK - load average: 0.34, 1.51, 3.96
[1544154867] SERVICE ALERT: pservercluster1;CPU Load;OK;HARD;1;OK - load average: 0.34, 1.51, 3.96
[1544155105] SERVICE NOTIFICATION: nagiosadmin;pservercluster2;CPU_Procs;CRITICAL;notify-service-by-email;CPU CRITICAL: 1 crit, 0 warn out of 303 processes
[1544155129] SERVICE ALERT: db1;CPU_Procs;CRITICAL;SOFT;1;CPU CRITICAL: 1 crit, 0 warn out of 325 processes
[1544155249] SERVICE ALERT: db1;CPU_Procs;OK;HARD;1;CPU OK: 324 processes
[1544155438] SERVICE NOTIFICATION: nagiosadmin;smscapp2;CPU_Procs;WARNING;notify-service-by-email;CPU WARNING: 3 warn out of 335 processes
[1544155578] SERVICE NOTIFICATION: nagiosadmin;sigqscluster1;CPU_Procs;CRITICAL;notify-service-by-email;CPU CRITICAL: 1 crit, 0 warn out of 338 processes
[1544155948] SERVICE NOTIFICATION: nagiosadmin;pservercluster1;Memory;CRITICAL;notify-service-by-email;CRITICAL - 7.7% (1878656 kB) free!
[1544156195] SERVICE ALERT: webserver2;CPU_Procs;WARNING;SOFT;1;CPU WARNING: 2 warn out of 398 processes
[1544156256] SERVICE ALERT: webserver2;CPU_Procs;WARNING;SOFT;2;CPU WARNING: 2 warn out of 400 processes
[1544156316] SERVICE ALERT: webserver2;CPU_Procs;WARNING;SOFT;3;CPU WARNING: 2 warn out of 400 processes
[1544156376] SERVICE NOTIFICATION: nagiosadmin;webserver2;CPU_Procs;WARNING;notify-service-by-email;CPU WARNING: 2 warn out of 397 processes
[1544156376] SERVICE ALERT: webserver2;CPU_Procs;WARNING;HARD;4;CPU WARNING: 2 warn out of 397 processes
[1544156436] SERVICE NOTIFICATION: nagiosadmin;pservercluster1;CPU_Procs;CRITICAL;notify-service-by-email;CPU CRITICAL: 1 crit, 1 warn out of 289 processes
[1544156620] SERVICE ALERT: db2;CPU_Procs;CRITICAL;SOFT;1;CPU CRITICAL: 1 crit, 0 warn out of 291 processes
[1544156740] SERVICE ALERT: db2;CPU_Procs;CRITICAL;SOFT;2;CPU CRITICAL: 1 crit, 0 warn out of 292 processes
[1544156861] SERVICE ALERT: db2;CPU_Procs;OK;HARD;1;CPU OK: 291 processes
[1544157244] Auto-save of retention data completed successfully.
[1544157434] SERVICE NOTIFICATION: nagiosadmin;smscapp2;Memory;CRITICAL;notify-service-by-email;CRITICAL - 2.0% (325496 kB) free!
[1544157632] SERVICE NOTIFICATION: nagiosadmin;sigqscluster2;CPU_Procs;CRITICAL;notify-service-by-email;CPU CRITICAL: 1 crit, 0 warn out of 335 processes
[1544157719] SERVICE NOTIFICATION: nagiosadmin;smscapp1;CPU_Procs;CRITICAL;notify-service-by-email;CPU CRITICAL: 2 crit, 2 warn out of 334 processes
[1544157737] SERVICE NOTIFICATION: nagiosadmin;qservercluster1;CPU_Procs;CRITICAL;notify-service-by-email;CPU CRITICAL: 1 crit, 0 warn out of 299 processes
[1544158060] SERVICE ALERT: db2;CPU_Procs;CRITICAL;SOFT;1;CPU CRITICAL: 1 crit, 0 warn out of 291 processes
[1544158180] SERVICE ALERT: db2;CPU_Procs;OK;HARD;1;CPU OK: 290 processes
[1544158249] SERVICE ALERT: db1;CPU_Procs;CRITICAL;SOFT;1;CPU CRITICAL: 1 crit, 0 warn out of 325 processes
[1544158369] SERVICE ALERT: db1;CPU_Procs;CRITICAL;SOFT;2;CPU CRITICAL: 1 crit, 0 warn out of 326 processes
[1544158490] SERVICE NOTIFICATION: nagiosadmin;db1;CPU_Procs;CRITICAL;notify-service-by-email;CPU CRITICAL: 1 crit, 0 warn out of 326 processes
[1544158490] SERVICE ALERT: db1;CPU_Procs;CRITICAL;HARD;3;CPU CRITICAL: 1 crit, 0 warn out of 326 processes
[1544158705] SERVICE NOTIFICATION: nagiosadmin;pservercluster2;CPU_Procs;CRITICAL;notify-service-by-email;CPU CRITICAL: 1 crit, 2 warn out of 312 processes
[1544158780] SERVICE ALERT: db2;CPU_Procs;CRITICAL;SOFT;1;CPU CRITICAL: 1 crit, 0 warn out of 291 processes
[1544158900] SERVICE ALERT: db2;CPU_Procs;CRITICAL;SOFT;2;CPU CRITICAL: 1 crit, 0 warn out of 293 processes
[1544159020] SERVICE NOTIFICATION: nagiosadmin;db2;CPU_Procs;CRITICAL;notify-service-by-email;CPU CRITICAL: 1 crit, 0 warn out of 292 processes
[1544159020] SERVICE ALERT: db2;CPU_Procs;CRITICAL;HARD;3;CPU CRITICAL: 1 crit, 0 warn out of 292 processes
[1544159039] SERVICE NOTIFICATION: nagiosadmin;smscapp2;CPU_Procs;WARNING;notify-service-by-email;CPU WARNING: 3 warn out of 336 processes
[1544159090] SERVICE NOTIFICATION: nagiosadmin;db1;CPU_Procs;OK;notify-service-by-email;CPU OK: 324 processes
[1544159090] SERVICE ALERT: db1;CPU_Procs;OK;HARD;1;CPU OK: 324 processes
[1544159178] SERVICE NOTIFICATION: nagiosadmin;sigqscluster1;CPU_Procs;CRITICAL;notify-service-by-email;CPU CRITICAL: 1 crit, 0 warn out of 338 processes
[1544159620] SERVICE NOTIFICATION: nagiosadmin;db2;CPU_Procs;OK;notify-service-by-email;CPU OK: 290 processes
[1544159620] SERVICE ALERT: db2;CPU_Procs;OK;HARD;1;CPU OK: 290 processes
[1544159977] SERVICE NOTIFICATION: nagiosadmin;webserver2;CPU_Procs;OK;notify-service-by-email;CPU OK: 418 processes
[1544159977] SERVICE ALERT: webserver2;CPU_Procs;OK;HARD;1;CPU OK: 418 processes
[1544160036] SERVICE NOTIFICATION: nagiosadmin;pservercluster1;CPU_Procs;CRITICAL;notify-service-by-email;CPU CRITICAL: 1 crit, 0 warn out of 294 processes
[1544160119] SERVICE ALERT: sservercluster1;CPU_Procs;WARNING;SOFT;1;CPU WARNING: 1 warn out of 302 processes
[1544160147] SERVICE NOTIFICATION: nagiosadmin;pservercluster1;Memory;CRITICAL;notify-service-by-email;CRITICAL - 4.9% (1211592 kB) free!
[1544160239] SERVICE ALERT: sservercluster1;CPU_Procs;WARNING;SOFT;2;CPU WARNING: 1 warn out of 302 processes
[1544160359] SERVICE NOTIFICATION: nagiosadmin;sservercluster1;CPU_Procs;WARNING;notify-service-by-email;CPU WARNING: 1 warn out of 300 processes
[1544160359] SERVICE ALERT: sservercluster1;CPU_Procs;WARNING;HARD;3;CPU WARNING: 1 warn out of 300 processes
[1544160577] SERVICE ALERT: webserver2;CPU_Procs;WARNING;SOFT;1;CPU WARNING: 2 warn out of 440 processes
[1544160637] SERVICE ALERT: webserver2;CPU_Procs;WARNING;SOFT;2;CPU WARNING: 2 warn out of 438 processes
[1544160697] SERVICE ALERT: webserver2;CPU_Procs;WARNING;SOFT;3;CPU WARNING: 2 warn out of 436 processes
[1544160757] SERVICE NOTIFICATION: nagiosadmin;webserver2;CPU_Procs;WARNING;notify-service-by-email;CPU WARNING: 1 warn out of 436 processes
[1544160757] SERVICE ALERT: webserver2;CPU_Procs;WARNING;HARD;4;CPU WARNING: 1 warn out of 436 processes
[1544160820] SERVICE ALERT: db2;CPU_Procs;CRITICAL;SOFT;1;CPU CRITICAL: 1 crit, 0 warn out of 290 processes
[1544160844] Auto-save of retention data completed successfully.
[1544160940] SERVICE ALERT: db2;CPU_Procs;CRITICAL;SOFT;2;CPU CRITICAL: 1 crit, 0 warn out of 290 processes
[1544161034] SERVICE NOTIFICATION: nagiosadmin;smscapp2;Memory;CRITICAL;notify-service-by-email;CRITICAL - 1.1% (183532 kB) free!
[1544161060] SERVICE ALERT: db2;CPU_Procs;OK;HARD;1;CPU OK: 289 processes
[1544161232] SERVICE NOTIFICATION: nagiosadmin;sigqscluster2;CPU_Procs;CRITICAL;notify-service-by-email;CPU CRITICAL: 1 crit, 0 warn out of 334 processes
[1544161320] SERVICE NOTIFICATION: nagiosadmin;smscapp1;CPU_Procs;CRITICAL;notify-service-by-email;CPU CRITICAL: 2 crit, 3 warn out of 335 processes
[1544161337] SERVICE NOTIFICATION: nagiosadmin;qservercluster1;CPU_Procs;CRITICAL;notify-service-by-email;CPU CRITICAL: 1 crit, 0 warn out of 303 processes
[1544161957] SERVICE FLAPPING ALERT: webserver2;CPU_Procs;STARTED; Service appears to have started flapping (21.3% change >= 20.0% threshold)
[1544161957] SERVICE ALERT: webserver2;CPU_Procs;OK;HARD;1;CPU OK: 420 processes
[1544162159] SERVICE NOTIFICATION: nagiosadmin;sservercluster1;CPU_Procs;CRITICAL;notify-service-by-email;CPU CRITICAL: 1 crit, 0 warn out of 299 processes
[1544162159] SERVICE ALERT: sservercluster1;CPU_Procs;CRITICAL;HARD;3;CPU CRITICAL: 1 crit, 0 warn out of 299 processes
[1544162306] SERVICE NOTIFICATION: nagiosadmin;pservercluster2;CPU_Procs;CRITICAL;notify-service-by-email;CPU CRITICAL: 1 crit, 1 warn out of 312 processes
[1544162778] SERVICE NOTIFICATION: nagiosadmin;sigqscluster1;CPU_Procs;CRITICAL;notify-service-by-email;CPU CRITICAL: 1 crit, 0 warn out of 337 processes
[1544162857] SERVICE ALERT: webserver2;CPU_Procs;WARNING;SOFT;1;CPU WARNING: 1 warn out of 421 processes
[1544162860] SERVICE ALERT: db2;CPU_Procs;CRITICAL;SOFT;1;CPU CRITICAL: 1 crit, 0 warn out of 291 processes
[1544162917] SERVICE ALERT: webserver2;CPU_Procs;WARNING;SOFT;2;CPU WARNING: 1 warn out of 418 processes
[1544162978] SERVICE ALERT: webserver2;CPU_Procs;WARNING;SOFT;3;CPU WARNING: 1 warn out of 419 processes
[1544162980] SERVICE ALERT: db2;CPU_Procs;OK;HARD;1;CPU OK: 289 processes
[1544163038] SERVICE ALERT: webserver2;CPU_Procs;WARNING;HARD;4;CPU WARNING: 1 warn out of 424 processes
[1544163238] SERVICE NOTIFICATION: nagiosadmin;smscapp2;CPU_Procs;WARNING;notify-service-by-email;CPU WARNING: 3 warn out of 336 processes
[1544163359] SERVICE NOTIFICATION: nagiosadmin;sservercluster1;CPU_Procs;WARNING;notify-service-by-email;CPU WARNING: 1 warn out of 300 processes
[1544163359] SERVICE ALERT: sservercluster1;CPU_Procs;WARNING;HARD;3;CPU WARNING: 1 warn out of 300 processes
[1544163580] SERVICE ALERT: db2;CPU_Procs;CRITICAL;SOFT;1;CPU CRITICAL: 1 crit, 0 warn out of 293 processes
[1544163637] SERVICE NOTIFICATION: nagiosadmin;pservercluster1;CPU_Procs;CRITICAL;notify-service-by-email;CPU CRITICAL: 2 crit, 0 warn out of 307 processes
[1544163701] SERVICE ALERT: db2;CPU_Procs;CRITICAL;SOFT;2;CPU CRITICAL: 1 crit, 0 warn out of 294 processes
[1544163747] SERVICE NOTIFICATION: nagiosadmin;pservercluster1;Memory;CRITICAL;notify-service-by-email;CRITICAL - 0.7% (172296 kB) free!
[1544163821] SERVICE NOTIFICATION: nagiosadmin;db2;CPU_Procs;CRITICAL;notify-service-by-email;CPU CRITICAL: 1 crit, 0 warn out of 294 processes
[1544163821] SERVICE ALERT: db2;CPU_Procs;CRITICAL;HARD;3;CPU CRITICAL: 1 crit, 0 warn out of 294 processes
[1544163890] SERVICE ALERT: db1;CPU_Procs;CRITICAL;SOFT;1;CPU CRITICAL: 1 crit, 0 warn out of 325 processes
[1544164010] SERVICE ALERT: db1;CPU_Procs;CRITICAL;SOFT;2;CPU CRITICAL: 1 crit, 0 warn out of 325 processes
[1544164130] SERVICE NOTIFICATION: nagiosadmin;db1;CPU_Procs;CRITICAL;notify-service-by-email;CPU CRITICAL: 1 crit, 0 warn out of 325 processes
[1544164130] SERVICE ALERT: db1;CPU_Procs;CRITICAL;HARD;3;CPU CRITICAL: 1 crit, 0 warn out of 325 processes
[1544164444] Auto-save of retention data completed successfully.
[1544164467] SERVICE ALERT: pservercluster1;CPU Load;WARNING;SOFT;1;WARNING - load average: 2.18, 10.98, 8.23
[1544164587] SERVICE ALERT: pservercluster1;CPU Load;WARNING;SOFT;2;WARNING - load average: 1.44, 7.79, 7.39
[1544164634] SERVICE NOTIFICATION: nagiosadmin;smscapp2;Memory;CRITICAL;notify-service-by-email;CRITICAL - 1.2% (191700 kB) free!
[1544164707] SERVICE NOTIFICATION: nagiosadmin;pservercluster1;CPU Load;WARNING;notify-service-by-email;WARNING - load average: 1.20, 5.56, 6.62
[1544164707] SERVICE ALERT: pservercluster1;CPU Load;WARNING;HARD;3;WARNING - load average: 1.20, 5.56, 6.62
[1544164730] SERVICE FLAPPING ALERT: db1;CPU_Procs;STARTED; Service appears to have started flapping (22.4% change >= 20.0% threshold)
[1544164730] SERVICE ALERT: db1;CPU_Procs;OK;HARD;1;CPU OK: 326 processes
[1544164832] SERVICE NOTIFICATION: nagiosadmin;sigqscluster2;CPU_Procs;CRITICAL;notify-service-by-email;CPU CRITICAL: 1 crit, 0 warn out of 335 processes
[1544164937] SERVICE NOTIFICATION: nagiosadmin;qservercluster1;CPU_Procs;CRITICAL;notify-service-by-email;CPU CRITICAL: 1 crit, 0 warn out of 303 processes
[1544165307] SERVICE FLAPPING ALERT: pservercluster1;CPU Load;STARTED; Service appears to have started flapping (20.3% change >= 20.0% threshold)
[1544165307] SERVICE ALERT: pservercluster1;CPU Load;OK;HARD;1;OK - load average: 1.25, 1.84, 4.07
[1544165519] SERVICE NOTIFICATION: nagiosadmin;smscapp1;CPU_Procs;CRITICAL;notify-service-by-email;CPU CRITICAL: 2 crit, 1 warn out of 327 processes
[1544165930] SERVICE ALERT: db1;CPU_Procs;CRITICAL;SOFT;1;CPU CRITICAL: 1 crit, 0 warn out of 325 processes
[1544166050] SERVICE ALERT: db1;CPU_Procs;CRITICAL;SOFT;2;CPU CRITICAL: 1 crit, 0 warn out of 327 processes
[1544166170] SERVICE ALERT: db1;CPU_Procs;CRITICAL;HARD;3;CPU CRITICAL: 1 crit, 0 warn out of 327 processes
[1544166221] SERVICE FLAPPING ALERT: db2;CPU_Procs;STARTED; Service appears to have started flapping (21.7% change >= 20.0% threshold)
[1544166221] SERVICE ALERT: db2;CPU_Procs;OK;HARD;1;CPU OK: 292 processes
[1544166378] SERVICE NOTIFICATION: nagiosadmin;sigqscluster1;CPU_Procs;CRITICAL;notify-service-by-email;CPU CRITICAL: 1 crit, 0 warn out of 336 processes
[1544166505] SERVICE NOTIFICATION: nagiosadmin;pservercluster2;CPU_Procs;CRITICAL;notify-service-by-email;CPU CRITICAL: 1 crit, 1 warn out of 311 processes
[1544166770] SERVICE ALERT: db1;CPU_Procs;OK;HARD;1;CPU OK: 325 processes
[1544166821] SERVICE ALERT: db2;CPU_Procs;CRITICAL;SOFT;1;CPU CRITICAL: 1 crit, 0 warn out of 292 processes
[1544166838] SERVICE NOTIFICATION: nagiosadmin;smscapp2;CPU_Procs;CRITICAL;notify-service-by-email;CPU CRITICAL: 2 crit, 3 warn out of 343 processes
[1544166838] SERVICE ALERT: smscapp2;CPU_Procs;CRITICAL;HARD;3;CPU CRITICAL: 2 crit, 3 warn out of 343 processes
[1544166941] SERVICE ALERT: db2;CPU_Procs;CRITICAL;SOFT;2;CPU CRITICAL: 1 crit, 0 warn out of 292 processes
[1544166959] SERVICE NOTIFICATION: nagiosadmin;sservercluster1;CPU_Procs;WARNING;notify-service-by-email;CPU WARNING: 1 warn out of 303 processes
[1544167062] SERVICE ALERT: db2;CPU_Procs;OK;HARD;1;CPU OK: 291 processes
[1544167107] SERVICE ALERT: pservercluster1;CPU Load;CRITICAL;SOFT;1;CRITICAL - load average: 33.81, 27.64, 12.41
[1544167227] SERVICE ALERT: pservercluster1;CPU Load;WARNING;SOFT;2;WARNING - load average: 6.07, 19.02, 11.10
[1544167347] SERVICE NOTIFICATION: nagiosadmin;pservercluster1;Memory;CRITICAL;notify-service-by-email;CRITICAL - 5.6% (1378032 kB) free!
[1544167347] SERVICE ALERT: pservercluster1;CPU Load;WARNING;HARD;3;WARNING - load average: 2.63, 13.45, 10.02
[1544167371] SERVICE ALERT: db1;CPU_Procs;CRITICAL;SOFT;1;CPU CRITICAL: 1 crit, 0 warn out of 329 processes
[1544167491] SERVICE ALERT: db1;CPU_Procs;CRITICAL;SOFT;2;CPU CRITICAL: 1 crit, 0 warn out of 328 processes
[1544167559] SERVICE FLAPPING ALERT: sservercluster1;CPU_Procs;STARTED; Service appears to have started flapping (21.3% change >= 20.0% threshold)
[1544167559] SERVICE ALERT: sservercluster1;CPU_Procs;OK;HARD;1;CPU OK: 302 processes
[1544167611] SERVICE ALERT: db1;CPU_Procs;CRITICAL;HARD;3;CPU CRITICAL: 1 crit, 0 warn out of 326 processes
[1544167661] SERVICE ALERT: db2;CPU_Procs;CRITICAL;SOFT;1;CPU CRITICAL: 1 crit, 0 warn out of 296 processes
[1544167781] SERVICE ALERT: db2;CPU_Procs;OK;HARD;1;CPU OK: 295 processes
[1544167836] SERVICE NOTIFICATION: nagiosadmin;pservercluster1;CPU_Procs;CRITICAL;notify-service-by-email;CPU CRITICAL: 2 crit, 0 warn out of 314 processes
[1544168044] Auto-save of retention data completed successfully.
[1544168138] SERVICE FLAPPING ALERT: webserver2;CPU_Procs;STOPPED; Service appears to have stopped flapping (4.0% change < 5.0% threshold)
[1544168138] SERVICE NOTIFICATION: nagiosadmin;webserver2;CPU_Procs;WARNING;notify-service-by-email;CPU WARNING: 1 warn out of 446 processes
[1544168187] SERVICE ALERT: qservercluster2;CPU_Procs;WARNING;SOFT;1;CPU WARNING: 1 warn out of 302 processes
[1544168211] SERVICE ALERT: db1;CPU_Procs;OK;HARD;1;CPU OK: 324 processes
[1544168234] SERVICE NOTIFICATION: nagiosadmin;smscapp2;Memory;CRITICAL;notify-service-by-email;CRITICAL - 4.2% (679676 kB) free!
[1544168308] SERVICE ALERT: qservercluster2;CPU_Procs;WARNING;SOFT;2;CPU WARNING: 1 warn out of 302 processes
[1544168381] SERVICE ALERT: db2;CPU_Procs;CRITICAL;SOFT;1;CPU CRITICAL: 1 crit, 0 warn out of 291 processes
[1544168428] SERVICE NOTIFICATION: nagiosadmin;qservercluster2;CPU_Procs;WARNING;notify-service-by-email;CPU WARNING: 1 warn out of 303 processes
[1544168428] SERVICE ALERT: qservercluster2;CPU_Procs;WARNING;HARD;3;CPU WARNING: 1 warn out of 303 processes
[1544168433] SERVICE NOTIFICATION: nagiosadmin;sigqscluster2;CPU_Procs;CRITICAL;notify-service-by-email;CPU CRITICAL: 1 crit, 0 warn out of 335 processes
[1544168501] SERVICE ALERT: db2;CPU_Procs;OK;HARD;1;CPU OK: 292 processes
[1544168538] SERVICE NOTIFICATION: nagiosadmin;qservercluster1;CPU_Procs;CRITICAL;notify-service-by-email;CPU CRITICAL: 1 crit, 0 warn out of 306 processes
[1544168639] SERVICE NOTIFICATION: nagiosadmin;smscapp2;CPU_Procs;WARNING;notify-service-by-email;CPU WARNING: 6 warn out of 342 processes
[1544168639] SERVICE ALERT: smscapp2;CPU_Procs;WARNING;HARD;3;CPU WARNING: 6 warn out of 342 processes
[1544168759] SERVICE ALERT: sservercluster1;CPU_Procs;WARNING;SOFT;1;CPU WARNING: 1 warn out of 302 processes
[1544168811] SERVICE ALERT: db1;CPU_Procs;CRITICAL;SOFT;1;CPU CRITICAL: 1 crit, 0 warn out of 326 processes
[1544168879] SERVICE ALERT: sservercluster1;CPU_Procs;OK;HARD;1;CPU OK: 300 processes
[1544168931] SERVICE ALERT: db1;CPU_Procs;CRITICAL;SOFT;2;CPU CRITICAL: 1 crit, 0 warn out of 326 processes
[1544169038] SERVICE NOTIFICATION: nagiosadmin;webserver2;CPU_Procs;OK;notify-service-by-email;CPU OK: 446 processes
[1544169038] SERVICE ALERT: webserver2;CPU_Procs;OK;HARD;1;CPU OK: 446 processes
[1544169051] SERVICE ALERT: db1;CPU_Procs;CRITICAL;HARD;3;CPU CRITICAL: 1 crit, 0 warn out of 327 processes
[1544169101] SERVICE ALERT: db2;CPU_Procs;CRITICAL;SOFT;1;CPU CRITICAL: 1 crit, 0 warn out of 294 processes
[1544169119] SERVICE NOTIFICATION: nagiosadmin;smscapp1;CPU_Procs;CRITICAL;notify-service-by-email;CPU CRITICAL: 3 crit, 1 warn out of 328 processes
[1544169221] SERVICE ALERT: db2;CPU_Procs;CRITICAL;SOFT;2;CPU CRITICAL: 1 crit, 0 warn out of 294 processes
[1544169338] SERVICE ALERT: webserver2;CPU_Procs;WARNING;SOFT;1;CPU WARNING: 1 warn out of 446 processes
[1544169341] SERVICE ALERT: db2;CPU_Procs;CRITICAL;HARD;3;CPU CRITICAL: 1 crit, 0 warn out of 291 processes
[1544169398] SERVICE ALERT: webserver2;CPU_Procs;WARNING;SOFT;2;CPU WARNING: 1 warn out of 450 processes
[1544169458] SERVICE ALERT: webserver2;CPU_Procs;WARNING;SOFT;3;CPU WARNING: 1 warn out of 451 processes
[1544169479] SERVICE ALERT: sservercluster1;CPU_Procs;WARNING;SOFT;1;CPU WARNING: 2 warn out of 304 processes
[1544169518] SERVICE NOTIFICATION: nagiosadmin;webserver2;CPU_Procs;WARNING;notify-service-by-email;CPU WARNING: 1 warn out of 454 processes
[1544169518] SERVICE ALERT: webserver2;CPU_Procs;WARNING;HARD;4;CPU WARNING: 1 warn out of 454 processes
[1544169599] SERVICE ALERT: sservercluster1;CPU_Procs;WARNING;SOFT;2;CPU WARNING: 2 warn out of 307 processes
[1544169720] SERVICE ALERT: sservercluster1;CPU_Procs;WARNING;HARD;3;CPU WARNING: 2 warn out of 306 processes
[1544169748] SERVICE ALERT: pservercluster1;CPU Load;OK;HARD;1;OK - load average: 2.02, 1.71, 3.50
[1544169839] SERVICE NOTIFICATION: nagiosadmin;smscapp2;CPU_Procs;CRITICAL;notify-service-by-email;CPU CRITICAL: 3 crit, 4 warn out of 345 processes
[1544169839] SERVICE ALERT: smscapp2;CPU_Procs;CRITICAL;HARD;3;CPU CRITICAL: 3 crit, 4 warn out of 345 processes
[1544169978] SERVICE NOTIFICATION: nagiosadmin;sigqscluster1;CPU_Procs;CRITICAL;notify-service-by-email;CPU CRITICAL: 1 crit, 0 warn out of 338 processes
[1544170105] SERVICE NOTIFICATION: nagiosadmin;pservercluster2;CPU_Procs;CRITICAL;notify-service-by-email;CPU CRITICAL: 1 crit, 1 warn out of 313 processes
[1544170251] SERVICE ALERT: db1;CPU_Procs;OK;HARD;1;CPU OK: 325 processes
[1544170718] SERVICE NOTIFICATION: nagiosadmin;webserver2;CPU_Procs;OK;notify-service-by-email;CPU OK: 457 processes
[1544170718] SERVICE ALERT: webserver2;CPU_Procs;OK;HARD;1;CPU OK: 457 processes
[1544170852] SERVICE ALERT: db1;CPU_Procs;CRITICAL;SOFT;1;CPU CRITICAL: 1 crit, 0 warn out of 327 processes
[1544170947] SERVICE NOTIFICATION: nagiosadmin;pservercluster1;Memory;CRITICAL;notify-service-by-email;CRITICAL - 2.2% (547032 kB) free!
[1544170972] SERVICE ALERT: db1;CPU_Procs;OK;HARD;1;CPU OK: 328 processes
[1544171436] SERVICE NOTIFICATION: nagiosadmin;pservercluster1;CPU_Procs;CRITICAL;notify-service-by-email;CPU CRITICAL: 2 crit, 0 warn out of 308 processes
[1544171639] SERVICE FLAPPING ALERT: smscapp2;CPU_Procs;STARTED; Service appears to have started flapping (22.9% change >= 20.0% threshold)
[1544171639] SERVICE ALERT: smscapp2;CPU_Procs;WARNING;HARD;3;CPU WARNING: 8 warn out of 346 processes
[1544171644] Auto-save of retention data completed successfully.
[1544171834] SERVICE NOTIFICATION: nagiosadmin;smscapp2;Memory;CRITICAL;notify-service-by-email;CRITICAL - 1.0% (165404 kB) free!
[1544172028] SERVICE NOTIFICATION: nagiosadmin;qservercluster2;CPU_Procs;WARNING;notify-service-by-email;CPU WARNING: 1 warn out of 304 processes
[1544172632] SERVICE NOTIFICATION: nagiosadmin;sigqscluster2;CPU_Procs;CRITICAL;notify-service-by-email;CPU CRITICAL: 1 crit, 0 warn out of 334 processes
[1544172700] SERVICE ALERT: qservercluster1;CPU Load;WARNING;SOFT;1;WARNING - load average: 10.89, 10.65, 10.27
[1544172719] SERVICE NOTIFICATION: nagiosadmin;smscapp1;CPU_Procs;CRITICAL;notify-service-by-email;CPU CRITICAL: 2 crit, 2 warn out of 334 processes
[1544172737] SERVICE NOTIFICATION: nagiosadmin;qservercluster1;CPU_Procs;CRITICAL;notify-service-by-email;CPU CRITICAL: 1 crit, 0 warn out of 314 processes
[1544172820] SERVICE ALERT: qservercluster1;CPU Load;WARNING;SOFT;2;WARNING - load average: 10.36, 10.58, 10.30
[1544172940] SERVICE NOTIFICATION: nagiosadmin;qservercluster1;CPU Load;WARNING;notify-service-by-email;WARNING - load average: 9.71, 10.25, 10.21
[1544172940] SERVICE ALERT: qservercluster1;CPU Load;WARNING;HARD;3;WARNING - load average: 9.71, 10.25, 10.21
[1544173541] SERVICE ALERT: db2;CPU_Procs;OK;HARD;1;CPU OK: 288 processes
[1544173578] SERVICE NOTIFICATION: nagiosadmin;sigqscluster1;CPU_Procs;CRITICAL;notify-service-by-email;CPU CRITICAL: 1 crit, 0 warn out of 337 processes
[1544173705] SERVICE NOTIFICATION: nagiosadmin;pservercluster2;CPU_Procs;CRITICAL;notify-service-by-email;CPU CRITICAL: 2 crit, 0 warn out of 318 processes
[1544174520] SERVICE ALERT: sservercluster1;CPU_Procs;OK;HARD;1;CPU OK: 303 processes
[1544174547] SERVICE NOTIFICATION: nagiosadmin;pservercluster1;Memory;CRITICAL;notify-service-by-email;CRITICAL - 0.8% (193892 kB) free!
[1544174572] SERVICE ALERT: db1;CPU_Procs;CRITICAL;SOFT;1;CPU CRITICAL: 1 crit, 0 warn out of 327 processes
[1544174693] SERVICE ALERT: db1;CPU_Procs;CRITICAL;SOFT;2;CPU CRITICAL: 1 crit, 0 warn out of 326 processes
[1544174813] SERVICE ALERT: db1;CPU_Procs;OK;HARD;1;CPU OK: 326 processes
[1544175036] SERVICE NOTIFICATION: nagiosadmin;pservercluster1;CPU_Procs;CRITICAL;notify-service-by-email;CPU CRITICAL: 1 crit, 0 warn out of 309 processes
[1544175244] Auto-save of retention data completed successfully.
[1544175340] SERVICE NOTIFICATION: nagiosadmin;qservercluster1;CPU Load;OK;notify-service-by-email;OK - load average: 7.96, 8.53, 9.35
[1544175340] SERVICE ALERT: qservercluster1;CPU Load;OK;HARD;1;OK - load average: 7.96, 8.53, 9.35
[1544175434] SERVICE NOTIFICATION: nagiosadmin;smscapp2;Memory;CRITICAL;notify-service-by-email;CRITICAL - 4.5% (732172 kB) free!
[1544175628] SERVICE NOTIFICATION: nagiosadmin;qservercluster2;CPU_Procs;WARNING;notify-service-by-email;CPU WARNING: 1 warn out of 302 processes
[1544176013] SERVICE ALERT: db1;CPU_Procs;CRITICAL;SOFT;1;CPU CRITICAL: 1 crit, 0 warn out of 325 processes
[1544176133] SERVICE ALERT: db1;CPU_Procs;OK;HARD;1;CPU OK: 325 processes
[1544176232] SERVICE NOTIFICATION: nagiosadmin;sigqscluster2;CPU_Procs;CRITICAL;notify-service-by-email;CPU CRITICAL: 1 crit, 0 warn out of 335 processes
[1544176320] SERVICE NOTIFICATION: nagiosadmin;smscapp1;CPU_Procs;CRITICAL;notify-service-by-email;CPU CRITICAL: 2 crit, 1 warn out of 330 processes
[1544176337] SERVICE NOTIFICATION: nagiosadmin;qservercluster1;CPU_Procs;CRITICAL;notify-service-by-email;CPU CRITICAL: 1 crit, 0 warn out of 309 processes
[1544176541] SERVICE ALERT: db2;CPU_Procs;CRITICAL;SOFT;1;CPU CRITICAL: 1 crit, 0 warn out of 292 processes
[1544176661] SERVICE ALERT: db2;CPU_Procs;CRITICAL;SOFT;2;CPU CRITICAL: 1 crit, 0 warn out of 292 processes
[1544176781] SERVICE ALERT: db2;CPU_Procs;OK;HARD;1;CPU OK: 291 processes
[1544177178] SERVICE NOTIFICATION: nagiosadmin;sigqscluster1;CPU_Procs;CRITICAL;notify-service-by-email;CPU CRITICAL: 1 crit, 0 warn out of 337 processes
[1544177305] SERVICE NOTIFICATION: nagiosadmin;pservercluster2;CPU_Procs;CRITICAL;notify-service-by-email;CPU CRITICAL: 1 crit, 1 warn out of 321 processes
[1544178147] SERVICE NOTIFICATION: nagiosadmin;pservercluster1;Memory;CRITICAL;notify-service-by-email;CRITICAL - 6.2% (1527884 kB) free!
[1544178533] SERVICE ALERT: db1;CPU_Procs;CRITICAL;SOFT;1;CPU CRITICAL: 1 crit, 0 warn out of 325 processes
[1544178637] SERVICE NOTIFICATION: nagiosadmin;pservercluster1;CPU_Procs;CRITICAL;notify-service-by-email;CPU CRITICAL: 1 crit, 0 warn out of 312 processes
[1544178653] SERVICE ALERT: db1;CPU_Procs;OK;HARD;1;CPU OK: 324 processes
[1544178844] Auto-save of retention data completed successfully.
[1544179034] SERVICE NOTIFICATION: nagiosadmin;smscapp2;Memory;CRITICAL;notify-service-by-email;CRITICAL - 2.0% (319580 kB) free!
[1544179228] SERVICE NOTIFICATION: nagiosadmin;qservercluster2;CPU_Procs;WARNING;notify-service-by-email;CPU WARNING: 1 warn out of 304 processes
[1544179254] SERVICE ALERT: db1;CPU_Procs;CRITICAL;SOFT;1;CPU CRITICAL: 1 crit, 0 warn out of 324 processes
[1544179348] SERVICE FLAPPING ALERT: pservercluster1;CPU Load;STOPPED; Service appears to have stopped flapping (4.1% change < 5.0% threshold)
[1544179374] SERVICE ALERT: db1;CPU_Procs;OK;HARD;1;CPU OK: 325 processes
[1544179832] SERVICE NOTIFICATION: nagiosadmin;sigqscluster2;CPU_Procs;CRITICAL;notify-service-by-email;CPU CRITICAL: 1 crit, 0 warn out of 334 processes
[1544179937] SERVICE NOTIFICATION: nagiosadmin;qservercluster1;CPU_Procs;CRITICAL;notify-service-by-email;CPU CRITICAL: 1 crit, 0 warn out of 310 processes
[1544180381] SERVICE ALERT: db2;CPU_Procs;CRITICAL;SOFT;1;CPU CRITICAL: 1 crit, 0 warn out of 298 processes
[1544180501] SERVICE ALERT: db2;CPU_Procs;CRITICAL;SOFT;2;CPU CRITICAL: 1 crit, 0 warn out of 297 processes
[1544180519] SERVICE NOTIFICATION: nagiosadmin;smscapp1;CPU_Procs;CRITICAL;notify-service-by-email;CPU CRITICAL: 2 crit, 1 warn out of 332 processes
[1544180547] SERVICE NOTIFICATION: nagiosadmin;pservercluster1;Memory;WARNING;notify-service-by-email;WARNING - 15.2% (3719476 kB) free!
[1544180547] SERVICE ALERT: pservercluster1;Memory;WARNING;HARD;3;WARNING - 15.2% (3719476 kB) free!
[1544180574] SERVICE ALERT: db1;CPU_Procs;CRITICAL;SOFT;1;CPU CRITICAL: 1 crit, 0 warn out of 325 processes
[1544180621] SERVICE ALERT: db2;CPU_Procs;OK;HARD;1;CPU OK: 295 processes
[1544180694] SERVICE ALERT: db1;CPU_Procs;CRITICAL;SOFT;2;CPU CRITICAL: 1 crit, 0 warn out of 326 processes
[1544180778] SERVICE NOTIFICATION: nagiosadmin;sigqscluster1;CPU_Procs;CRITICAL;notify-service-by-email;CPU CRITICAL: 1 crit, 0 warn out of 337 processes
[1544180814] SERVICE ALERT: db1;CPU_Procs;OK;HARD;1;CPU OK: 325 processes
[1544180905] SERVICE NOTIFICATION: nagiosadmin;pservercluster2;CPU_Procs;CRITICAL;notify-service-by-email;CPU CRITICAL: 1 crit, 0 warn out of 318 processes
[1544181414] SERVICE ALERT: db1;CPU_Procs;CRITICAL;SOFT;1;CPU CRITICAL: 1 crit, 0 warn out of 326 processes
[1544181534] SERVICE ALERT: db1;CPU_Procs;OK;HARD;1;CPU OK: 326 processes
[1544181720] SERVICE FLAPPING ALERT: sservercluster1;CPU_Procs;STOPPED; Service appears to have stopped flapping (4.7% change < 5.0% threshold)
[1544181821] SERVICE FLAPPING ALERT: db2;CPU_Procs;STOPPED; Service appears to have stopped flapping (4.5% change < 5.0% threshold)
[1544181839] SERVICE FLAPPING ALERT: smscapp2;CPU_Procs;STOPPED; Service appears to have stopped flapping (4.0% change < 5.0% threshold)
[1544181839] SERVICE NOTIFICATION: nagiosadmin;smscapp2;CPU_Procs;WARNING;notify-service-by-email;CPU WARNING: 4 warn out of 342 processes
[1544182135] SERVICE ALERT: db1;CPU_Procs;CRITICAL;SOFT;1;CPU CRITICAL: 1 crit, 0 warn out of 325 processes
[1544182255] SERVICE ALERT: db1;CPU_Procs;CRITICAL;SOFT;2;CPU CRITICAL: 1 crit, 0 warn out of 326 processes
[1544182375] SERVICE ALERT: db1;CPU_Procs;CRITICAL;HARD;3;CPU CRITICAL: 1 crit, 0 warn out of 327 processes
[1544182421] SERVICE ALERT: db2;CPU_Procs;CRITICAL;SOFT;1;CPU CRITICAL: 1 crit, 0 warn out of 295 processes
[1544182444] Auto-save of retention data completed successfully.
[1544182540] SERVICE ALERT: qservercluster1;CPU Load;WARNING;SOFT;1;WARNING - load average: 10.95, 10.82, 10.52
[1544182541] SERVICE ALERT: db2;CPU_Procs;CRITICAL;SOFT;2;CPU CRITICAL: 1 crit, 0 warn out of 296 processes
[1544182634] SERVICE NOTIFICATION: nagiosadmin;smscapp2;Memory;CRITICAL;notify-service-by-email;CRITICAL - 1.0% (164076 kB) free!
[1544182660] SERVICE ALERT: qservercluster1;CPU Load;WARNING;SOFT;2;WARNING - load average: 8.75, 9.98, 10.24
[1544182661] SERVICE NOTIFICATION: nagiosadmin;db2;CPU_Procs;CRITICAL;notify-service-by-email;CPU CRITICAL: 1 crit, 0 warn out of 295 processes
[1544182661] SERVICE ALERT: db2;CPU_Procs;CRITICAL;HARD;3;CPU CRITICAL: 1 crit, 0 warn out of 295 processes
[1544182780] SERVICE ALERT: qservercluster1;CPU Load;OK;HARD;1;OK - load average: 7.02, 8.98, 9.85
[1544182829] SERVICE NOTIFICATION: nagiosadmin;qservercluster2;CPU_Procs;WARNING;notify-service-by-email;CPU WARNING: 1 warn out of 303 processes
[1544182837] SERVICE NOTIFICATION: nagiosadmin;pservercluster1;CPU_Procs;OK;notify-service-by-email;CPU OK: 316 processes
[1544182837] SERVICE ALERT: pservercluster1;CPU_Procs;OK;HARD;1;CPU OK: 316 processes
[1544182948] SERVICE ALERT: pservercluster1;CPU Load;CRITICAL;SOFT;1;CRITICAL - load average: 4.41, 111.87, 84.79
[1544182975] SERVICE ALERT: db1;CPU_Procs;OK;HARD;1;CPU OK: 326 processes
[1544183068] SERVICE ALERT: pservercluster1;CPU Load;CRITICAL;SOFT;2;CRITICAL - load average: 1.14, 75.08, 74.59
[1544183188] SERVICE NOTIFICATION: nagiosadmin;pservercluster1;CPU Load;CRITICAL;notify-service-by-email;CRITICAL - load average: 0.71, 50.43, 65.62
[1544183188] SERVICE ALERT: pservercluster1;CPU Load;CRITICAL;HARD;3;CRITICAL - load average: 0.71, 50.43, 65.62
[1544183432] SERVICE NOTIFICATION: nagiosadmin;sigqscluster2;CPU_Procs;CRITICAL;notify-service-by-email;CPU CRITICAL: 1 crit, 0 warn out of 334 processes
[1544183520] SERVICE ALERT: sservercluster1;CPU_Procs;WARNING;SOFT;1;CPU WARNING: 1 warn out of 301 processes
[1544183537] SERVICE NOTIFICATION: nagiosadmin;qservercluster1;CPU_Procs;CRITICAL;notify-service-by-email;CPU CRITICAL: 1 crit, 0 warn out of 307 processes
[1544183640] SERVICE ALERT: sservercluster1;CPU_Procs;WARNING;SOFT;2;CPU WARNING: 1 warn out of 301 processes
[1544183761] SERVICE NOTIFICATION: nagiosadmin;sservercluster1;CPU_Procs;WARNING;notify-service-by-email;CPU WARNING: 1 warn out of 300 processes
[1544183761] SERVICE ALERT: sservercluster1;CPU_Procs;WARNING;HARD;3;CPU WARNING: 1 warn out of 300 processes
[1544183861] SERVICE NOTIFICATION: nagiosadmin;db2;CPU_Procs;OK;notify-service-by-email;CPU OK: 297 processes
[1544183861] SERVICE ALERT: db2;CPU_Procs;OK;HARD;1;CPU OK: 297 processes
[1544184037] SERVICE ALERT: pservercluster1;CPU_Procs;CRITICAL;SOFT;1;CPU CRITICAL: 1 crit, 0 warn out of 314 processes
[1544184119] SERVICE NOTIFICATION: nagiosadmin;smscapp1;CPU_Procs;CRITICAL;notify-service-by-email;CPU CRITICAL: 2 crit, 1 warn out of 335 processes
[1544184147] SERVICE NOTIFICATION: nagiosadmin;pservercluster1;Memory;WARNING;notify-service-by-email;WARNING - 13.0% (3184492 kB) free!
[1544184157] SERVICE ALERT: pservercluster1;CPU_Procs;CRITICAL;SOFT;2;CPU CRITICAL: 1 crit, 1 warn out of 311 processes
[1544184277] SERVICE NOTIFICATION: nagiosadmin;pservercluster1;CPU_Procs;CRITICAL;notify-service-by-email;CPU CRITICAL: 2 crit, 0 warn out of 311 processes
[1544184277] SERVICE ALERT: pservercluster1;CPU_Procs;CRITICAL;HARD;3;CPU CRITICAL: 2 crit, 0 warn out of 311 processes
[1544184379] SERVICE NOTIFICATION: nagiosadmin;sigqscluster1;CPU_Procs;CRITICAL;notify-service-by-email;CPU CRITICAL: 1 crit, 0 warn out of 338 processes
[1544184461] SERVICE ALERT: db2;CPU_Procs;CRITICAL;SOFT;1;CPU CRITICAL: 1 crit, 0 warn out of 299 processes
[1544184505] SERVICE NOTIFICATION: nagiosadmin;pservercluster2;CPU_Procs;CRITICAL;notify-service-by-email;CPU CRITICAL: 1 crit, 1 warn out of 319 processes
[1544184581] SERVICE ALERT: db2;CPU_Procs;CRITICAL;SOFT;2;CPU CRITICAL: 1 crit, 0 warn out of 299 processes
[1544184701] SERVICE FLAPPING ALERT: db2;CPU_Procs;STARTED; Service appears to have started flapping (22.2% change >= 20.0% threshold)
[1544184701] SERVICE ALERT: db2;CPU_Procs;CRITICAL;HARD;3;CPU CRITICAL: 1 crit, 0 warn out of 298 processes
[1544184988] SERVICE NOTIFICATION: nagiosadmin;pservercluster1;CPU Load;WARNING;notify-service-by-email;WARNING - load average: 1.46, 1.66, 11.23
[1544184988] SERVICE ALERT: pservercluster1;CPU Load;WARNING;HARD;3;WARNING - load average: 1.46, 1.66, 11.23
[1544185180] SERVICE ALERT: qservercluster1;CPU Load;WARNING;SOFT;1;WARNING - load average: 13.33, 13.16, 10.99
[1544185300] SERVICE ALERT: qservercluster1;CPU Load;WARNING;SOFT;2;WARNING - load average: 14.24, 13.53, 11.38
[1544185301] SERVICE ALERT: db2;CPU_Procs;OK;HARD;1;CPU OK: 298 processes
[1544185375] SERVICE ALERT: db1;CPU_Procs;CRITICAL;SOFT;1;CPU CRITICAL: 1 crit, 0 warn out of 325 processes
[1544185420] SERVICE NOTIFICATION: nagiosadmin;qservercluster1;CPU Load;WARNING;notify-service-by-email;WARNING - load average: 14.45, 13.80, 11.74
[1544185420] SERVICE ALERT: qservercluster1;CPU Load;WARNING;HARD;3;WARNING - load average: 14.45, 13.80, 11.74
[1544185439] SERVICE NOTIFICATION: nagiosadmin;smscapp2;CPU_Procs;WARNING;notify-service-by-email;CPU WARNING: 4 warn out of 344 processes
[1544185495] SERVICE ALERT: db1;CPU_Procs;OK;HARD;1;CPU OK: 325 processes
[1544185842] SERVICE ALERT: db1;Memory;WARNING;SOFT;1;WARNING - 17.8% (8796668 kB) free!
[1544185901] SERVICE ALERT: db2;CPU_Procs;CRITICAL;SOFT;1;CPU CRITICAL: 1 crit, 0 warn out of 303 processes
[1544185947] SERVICE NOTIFICATION: nagiosadmin;pservercluster1;Memory;CRITICAL;notify-service-by-email;CRITICAL - 9.1% (2222840 kB) free!
[1544185947] SERVICE ALERT: pservercluster1;Memory;CRITICAL;HARD;3;CRITICAL - 9.1% (2222840 kB) free!
[1544185962] SERVICE ALERT: db1;Memory;OK;HARD;1;OK - 24.1% (11879180 kB) free.
[1544186021] SERVICE ALERT: db2;CPU_Procs;CRITICAL;SOFT;2;CPU CRITICAL: 1 crit, 0 warn out of 302 processes
[1544186044] Auto-save of retention data completed successfully.
[1544186141] SERVICE ALERT: db2;CPU_Procs;CRITICAL;HARD;3;CPU CRITICAL: 1 crit, 0 warn out of 301 processes
[1544186161] SERVICE NOTIFICATION: nagiosadmin;sservercluster1;CPU_Procs;CRITICAL;notify-service-by-email;CPU CRITICAL: 1 crit, 0 warn out of 303 processes
[1544186161] SERVICE ALERT: sservercluster1;CPU_Procs;CRITICAL;HARD;3;CPU CRITICAL: 1 crit, 0 warn out of 303 processes
[1544186234] SERVICE NOTIFICATION: nagiosadmin;smscapp2;Memory;CRITICAL;notify-service-by-email;CRITICAL - 3.6% (592204 kB) free!
[1544186695] SERVICE ALERT: db1;CPU_Procs;CRITICAL;SOFT;1;CPU CRITICAL: 1 crit, 0 warn out of 328 processes
[1544186788] SERVICE NOTIFICATION: nagiosadmin;pservercluster1;CPU Load;OK;notify-service-by-email;OK - load average: 1.93, 1.58, 4.00
[1544186788] SERVICE ALERT: pservercluster1;CPU Load;OK;HARD;1;OK - load average: 1.93, 1.58, 4.00
[1544186815] SERVICE ALERT: db1;CPU_Procs;OK;HARD;1;CPU OK: 325 processes
[1544187028] SERVICE NOTIFICATION: nagiosadmin;qservercluster2;CPU_Procs;WARNING;notify-service-by-email;CPU WARNING: 1 warn out of 302 processes
[1544187032] SERVICE NOTIFICATION: nagiosadmin;sigqscluster2;CPU_Procs;CRITICAL;notify-service-by-email;CPU CRITICAL: 1 crit, 0 warn out of 334 processes
[1544187137] SERVICE NOTIFICATION: nagiosadmin;qservercluster1;CPU_Procs;CRITICAL;notify-service-by-email;CPU CRITICAL: 1 crit, 0 warn out of 311 processes
[1544187163] SERVICE ALERT: db1;Memory;WARNING;SOFT;1;WARNING - 17.4% (8562460 kB) free!
[1544187283] SERVICE ALERT: db1;Memory;OK;HARD;1;OK - 23.2% (11419952 kB) free.
[1544187361] SERVICE NOTIFICATION: nagiosadmin;sservercluster1;CPU_Procs;WARNING;notify-service-by-email;CPU WARNING: 1 warn out of 303 processes
[1544187361] SERVICE ALERT: sservercluster1;CPU_Procs;WARNING;HARD;3;CPU WARNING: 1 warn out of 303 processes
[1544187719] SERVICE NOTIFICATION: nagiosadmin;smscapp1;CPU_Procs;CRITICAL;notify-service-by-email;CPU CRITICAL: 5 crit, 1 warn out of 342 processes
[1544187877] SERVICE NOTIFICATION: nagiosadmin;pservercluster1;CPU_Procs;CRITICAL;notify-service-by-email;CPU CRITICAL: 1 crit, 0 warn out of 310 processes
[1544187941] SERVICE ALERT: db2;CPU_Procs;OK;HARD;1;CPU OK: 294 processes
[1544187961] SERVICE FLAPPING ALERT: sservercluster1;CPU_Procs;STARTED; Service appears to have started flapping (23.6% change >= 20.0% threshold)
[1544187961] SERVICE ALERT: sservercluster1;CPU_Procs;CRITICAL;HARD;3;CPU CRITICAL: 1 crit, 0 warn out of 302 processes
[1544187988] SERVICE ALERT: pservercluster1;CPU Load;WARNING;SOFT;1;WARNING - load average: 17.32, 21.41, 10.85
[1544188105] SERVICE NOTIFICATION: nagiosadmin;pservercluster2;CPU_Procs;CRITICAL;notify-service-by-email;CPU CRITICAL: 1 crit, 1 warn out of 318 processes
[1544188108] SERVICE ALERT: pservercluster1;CPU Load;WARNING;SOFT;2;WARNING - load average: 2.73, 14.47, 9.59
[1544188228] SERVICE FLAPPING ALERT: pservercluster1;CPU Load;STARTED; Service appears to have started flapping (23.0% change >= 20.0% threshold)
[1544188228] SERVICE ALERT: pservercluster1;CPU Load;WARNING;HARD;3;WARNING - load average: 0.67, 9.81, 8.48
[1544188562] SERVICE ALERT: sservercluster1;CPU_Procs;WARNING;HARD;3;CPU WARNING: 1 warn out of 302 processes
[1544188578] SERVICE NOTIFICATION: nagiosadmin;sigqscluster1;CPU_Procs;CRITICAL;notify-service-by-email;CPU CRITICAL: 1 crit, 0 warn out of 338 processes
[1544188615] SERVICE ALERT: db1;CPU_Procs;CRITICAL;SOFT;1;CPU CRITICAL: 1 crit, 0 warn out of 327 processes
[1544188735] SERVICE ALERT: db1;CPU_Procs;CRITICAL;SOFT;2;CPU CRITICAL: 1 crit, 0 warn out of 326 processes
[1544188855] SERVICE ALERT: db1;CPU_Procs;OK;HARD;1;CPU OK: 326 processes
[1544189020] SERVICE NOTIFICATION: nagiosadmin;qservercluster1;CPU Load;WARNING;notify-service-by-email;WARNING - load average: 12.70, 13.09, 13.43
[1544189040] SERVICE NOTIFICATION: nagiosadmin;smscapp2;CPU_Procs;WARNING;notify-service-by-email;CPU WARNING: 4 warn out of 346 processes
[1544189162] SERVICE ALERT: sservercluster1;CPU_Procs;OK;HARD;1;CPU OK: 301 processes
[1544189429] SERVICE ALERT: pservercluster1;CPU Load;OK;HARD;1;OK - load average: 0.59, 0.94, 3.04
[1544189547] SERVICE NOTIFICATION: nagiosadmin;pservercluster1;Memory;CRITICAL;notify-service-by-email;CRITICAL - 6.0% (1480680 kB) free!
[1544189644] Auto-save of retention data completed successfully.
[1544189677] SERVICE NOTIFICATION: nagiosadmin;pservercluster1;CPU_Procs;WARNING;notify-service-by-email;CPU WARNING: 1 warn out of 309 processes
[1544189677] SERVICE ALERT: pservercluster1;CPU_Procs;WARNING;HARD;3;CPU WARNING: 1 warn out of 309 processes
[1544189741] SERVICE ALERT: db2;CPU_Procs;CRITICAL;SOFT;1;CPU CRITICAL: 1 crit, 0 warn out of 291 processes
[1544189762] SERVICE ALERT: sservercluster1;CPU_Procs;WARNING;SOFT;1;CPU WARNING: 1 warn out of 302 processes
[1544189834] SERVICE NOTIFICATION: nagiosadmin;smscapp2;Memory;CRITICAL;notify-service-by-email;CRITICAL - 1.5% (251340 kB) free!
[1544189861] SERVICE ALERT: db2;CPU_Procs;CRITICAL;SOFT;2;CPU CRITICAL: 1 crit, 0 warn out of 291 processes
[1544189882] SERVICE ALERT: sservercluster1;CPU_Procs;WARNING;SOFT;2;CPU WARNING: 1 warn out of 302 processes
[1544189981] SERVICE ALERT: db2;CPU_Procs;CRITICAL;HARD;3;CPU CRITICAL: 1 crit, 0 warn out of 291 processes
[1544190002] SERVICE ALERT: sservercluster1;CPU_Procs;WARNING;HARD;3;CPU WARNING: 1 warn out of 302 processes
[1544190148] SERVICE NOTIFICATION: nagiosadmin;pservercluster1;Memory;WARNING;notify-service-by-email;WARNING - 10.2% (2494140 kB) free!
[1544190148] SERVICE ALERT: pservercluster1;Memory;WARNING;HARD;3;WARNING - 10.2% (2494140 kB) free!
[1544190277] SERVICE FLAPPING ALERT: pservercluster1;CPU_Procs;STARTED; Service appears to have started flapping (22.0% change >= 20.0% threshold)
[1544190277] SERVICE ALERT: pservercluster1;CPU_Procs;CRITICAL;HARD;3;CPU CRITICAL: 1 crit, 0 warn out of 307 processes
[1544190628] SERVICE NOTIFICATION: nagiosadmin;qservercluster2;CPU_Procs;WARNING;notify-service-by-email;CPU WARNING: 1 warn out of 301 processes
[1544190632] SERVICE NOTIFICATION: nagiosadmin;sigqscluster2;CPU_Procs;CRITICAL;notify-service-by-email;CPU CRITICAL: 1 crit, 0 warn out of 335 processes
[1544190737] SERVICE NOTIFICATION: nagiosadmin;qservercluster1;CPU_Procs;CRITICAL;notify-service-by-email;CPU CRITICAL: 1 crit, 0 warn out of 307 processes
[1544190748] SERVICE FLAPPING ALERT: pservercluster1;Memory;STARTED; Service appears to have started flapping (21.6% change >= 20.0% threshold)
[1544190748] SERVICE ALERT: pservercluster1;Memory;CRITICAL;HARD;3;CRITICAL - 10.0% (2453240 kB) free!
[1544191181] SERVICE ALERT: db2;CPU_Procs;OK;HARD;1;CPU OK: 292 processes
[1544191320] SERVICE NOTIFICATION: nagiosadmin;smscapp1;CPU_Procs;CRITICAL;notify-service-by-email;CPU CRITICAL: 3 crit, 1 warn out of 338 processes
[1544191705] SERVICE NOTIFICATION: nagiosadmin;pservercluster2;CPU_Procs;CRITICAL;notify-service-by-email;CPU CRITICAL: 1 crit, 1 warn out of 319 processes
[1544191781] SERVICE ALERT: db2;CPU_Procs;CRITICAL;SOFT;1;CPU CRITICAL: 1 crit, 0 warn out of 290 processes
[1544191802] SERVICE ALERT: sservercluster1;CPU_Procs;OK;HARD;1;CPU OK: 299 processes
[1544191901] SERVICE ALERT: db2;CPU_Procs;CRITICAL;SOFT;2;CPU CRITICAL: 1 crit, 0 warn out of 292 processes
[1544192021] SERVICE ALERT: db2;CPU_Procs;OK;HARD;1;CPU OK: 291 processes
[1544192178] SERVICE NOTIFICATION: nagiosadmin;sigqscluster1;CPU_Procs;CRITICAL;notify-service-by-email;CPU CRITICAL: 1 crit, 0 warn out of 337 processes
[1544192455] SERVICE ALERT: db1;CPU_Procs;CRITICAL;SOFT;1;CPU CRITICAL: 1 crit, 0 warn out of 326 processes
[1544192575] SERVICE ALERT: db1;CPU_Procs;OK;HARD;1;CPU OK: 324 processes
[1544192620] SERVICE NOTIFICATION: nagiosadmin;qservercluster1;CPU Load;WARNING;notify-service-by-email;WARNING - load average: 13.94, 13.52, 13.19
[1544193239] SERVICE NOTIFICATION: nagiosadmin;smscapp2;CPU_Procs;WARNING;notify-service-by-email;CPU WARNING: 4 warn out of 339 processes
[1544193244] Auto-save of retention data completed successfully.
[1544193434] SERVICE NOTIFICATION: nagiosadmin;smscapp2;Memory;CRITICAL;notify-service-by-email;CRITICAL - 1.1% (180024 kB) free!
[1544193748] SERVICE ALERT: pservercluster1;Memory;WARNING;HARD;3;WARNING - 10.5% (2584072 kB) free!
[1544193877] SERVICE ALERT: pservercluster1;CPU_Procs;OK;HARD;1;CPU OK: 299 processes
[1544194229] SERVICE NOTIFICATION: nagiosadmin;qservercluster2;CPU_Procs;WARNING;notify-service-by-email;CPU WARNING: 1 warn out of 303 processes
[1544194233] SERVICE NOTIFICATION: nagiosadmin;sigqscluster2;CPU_Procs;CRITICAL;notify-service-by-email;CPU CRITICAL: 1 crit, 0 warn out of 335 processes
[1544194337] SERVICE NOTIFICATION: nagiosadmin;qservercluster1;CPU_Procs;CRITICAL;notify-service-by-email;CPU CRITICAL: 1 crit, 0 warn out of 307 processes
[1544194477] SERVICE ALERT: pservercluster1;CPU_Procs;CRITICAL;SOFT;1;CPU CRITICAL: 1 crit, 0 warn out of 297 processes
[1544194597] SERVICE ALERT: pservercluster1;CPU_Procs;CRITICAL;SOFT;2;CPU CRITICAL: 1 crit, 0 warn out of 300 processes
[1544194717] SERVICE ALERT: pservercluster1;CPU_Procs;CRITICAL;HARD;3;CPU CRITICAL: 1 crit, 0 warn out of 300 processes
[1544194975] SERVICE FLAPPING ALERT: db1;CPU_Procs;STOPPED; Service appears to have stopped flapping (3.8% change < 5.0% threshold)
[1544195305] SERVICE NOTIFICATION: nagiosadmin;pservercluster2;CPU_Procs;CRITICAL;notify-service-by-email;CPU CRITICAL: 1 crit, 1 warn out of 320 processes
[1544195519] SERVICE NOTIFICATION: nagiosadmin;smscapp1;CPU_Procs;CRITICAL;notify-service-by-email;CPU CRITICAL: 3 crit, 1 warn out of 334 processes
[1544195778] SERVICE NOTIFICATION: nagiosadmin;sigqscluster1;CPU_Procs;CRITICAL;notify-service-by-email;CPU CRITICAL: 1 crit, 0 warn out of 338 processes
[1544196148] SERVICE ALERT: pservercluster1;Memory;CRITICAL;HARD;3;CRITICAL - 10.0% (2459000 kB) free!
[1544196220] SERVICE NOTIFICATION: nagiosadmin;qservercluster1;CPU Load;WARNING;notify-service-by-email;WARNING - load average: 12.86, 12.60, 12.20
[1544196839] SERVICE NOTIFICATION: nagiosadmin;smscapp2;CPU_Procs;WARNING;notify-service-by-email;CPU WARNING: 4 warn out of 341 processes
[1544196844] Auto-save of retention data completed successfully.
[1544197034] SERVICE NOTIFICATION: nagiosadmin;smscapp2;Memory;CRITICAL;notify-service-by-email;CRITICAL - 1.1% (177240 kB) free!
[1544197829] SERVICE NOTIFICATION: nagiosadmin;qservercluster2;CPU_Procs;WARNING;notify-service-by-email;CPU WARNING: 1 warn out of 301 processes
[1544197937] SERVICE NOTIFICATION: nagiosadmin;qservercluster1;CPU_Procs;CRITICAL;notify-service-by-email;CPU CRITICAL: 1 crit, 0 warn out of 307 processes
[1544198432] SERVICE NOTIFICATION: nagiosadmin;sigqscluster2;CPU_Procs;CRITICAL;notify-service-by-email;CPU CRITICAL: 1 crit, 0 warn out of 336 processes
[1544198906] SERVICE NOTIFICATION: nagiosadmin;pservercluster2;CPU_Procs;CRITICAL;notify-service-by-email;CPU CRITICAL: 1 crit, 1 warn out of 322 processes
[1544199119] SERVICE NOTIFICATION: nagiosadmin;smscapp1;CPU_Procs;CRITICAL;notify-service-by-email;CPU CRITICAL: 3 crit, 1 warn out of 329 processes
[1544199378] SERVICE NOTIFICATION: nagiosadmin;sigqscluster1;CPU_Procs;CRITICAL;notify-service-by-email;CPU CRITICAL: 1 crit, 0 warn out of 337 processes
[1544199820] SERVICE NOTIFICATION: nagiosadmin;qservercluster1;CPU Load;WARNING;notify-service-by-email;WARNING - load average: 13.48, 13.53, 13.40
[1544200230] SERVICE FLAPPING ALERT: pservercluster1;CPU Load;STOPPED; Service appears to have stopped flapping (3.9% change < 5.0% threshold)
[1544200230] SERVICE NOTIFICATION: nagiosadmin;pservercluster1;CPU Load;OK;notify-service-by-email;OK - load average: 0.70, 0.70, 0.82
[1544200439] SERVICE NOTIFICATION: nagiosadmin;smscapp2;CPU_Procs;WARNING;notify-service-by-email;CPU WARNING: 4 warn out of 339 processes
[1544200444] Auto-save of retention data completed successfully.
[1544200634] SERVICE NOTIFICATION: nagiosadmin;smscapp2;Memory;CRITICAL;notify-service-by-email;CRITICAL - 1.1% (174760 kB) free!
[1544201429] SERVICE NOTIFICATION: nagiosadmin;qservercluster2;CPU_Procs;WARNING;notify-service-by-email;CPU WARNING: 1 warn out of 303 processes
[1544201537] SERVICE NOTIFICATION: nagiosadmin;qservercluster1;CPU_Procs;CRITICAL;notify-service-by-email;CPU CRITICAL: 1 crit, 0 warn out of 315 processes
[1544201576] SERVICE ALERT: db1;CPU_Procs;CRITICAL;SOFT;1;CPU CRITICAL: 1 crit, 0 warn out of 326 processes
[1544201696] SERVICE ALERT: db1;CPU_Procs;OK;HARD;1;CPU OK: 325 processes
[1544202002] SERVICE FLAPPING ALERT: sservercluster1;CPU_Procs;STOPPED; Service appears to have stopped flapping (4.0% change < 5.0% threshold)
[1544202002] SERVICE NOTIFICATION: nagiosadmin;sservercluster1;CPU_Procs;OK;notify-service-by-email;CPU OK: 301 processes
[1544202032] SERVICE NOTIFICATION: nagiosadmin;sigqscluster2;CPU_Procs;CRITICAL;notify-service-by-email;CPU CRITICAL: 1 crit, 0 warn out of 336 processes
[1544202221] SERVICE FLAPPING ALERT: db2;CPU_Procs;STOPPED; Service appears to have stopped flapping (3.9% change < 5.0% threshold)
[1544202221] SERVICE NOTIFICATION: nagiosadmin;db2;CPU_Procs;OK;notify-service-by-email;CPU OK: 290 processes
[1544202720] SERVICE NOTIFICATION: nagiosadmin;smscapp1;CPU_Procs;CRITICAL;notify-service-by-email;CPU CRITICAL: 3 crit, 2 warn out of 334 processes
[1544202883] SERVICE ALERT: db1;Memory;WARNING;SOFT;1;WARNING - 11.7% (5778592 kB) free!
[1544202978] SERVICE NOTIFICATION: nagiosadmin;sigqscluster1;CPU_Procs;CRITICAL;notify-service-by-email;CPU CRITICAL: 1 crit, 0 warn out of 336 processes
[1544203004] SERVICE ALERT: db1;Memory;WARNING;SOFT;2;WARNING - 18.7% (9221840 kB) free!
[1544203105] SERVICE NOTIFICATION: nagiosadmin;pservercluster2;CPU_Procs;CRITICAL;notify-service-by-email;CPU CRITICAL: 1 crit, 1 warn out of 325 processes
[1544203124] SERVICE ALERT: db1;Memory;OK;HARD;1;OK - 22.5% (11078860 kB) free.
[1544203229] SERVICE ALERT: pservercluster1;CPU Load;CRITICAL;SOFT;1;CRITICAL - load average: 1.93, 92.25, 84.84
[1544203349] SERVICE ALERT: pservercluster1;CPU Load;CRITICAL;SOFT;2;CRITICAL - load average: 0.78, 61.94, 74.63
[1544203420] SERVICE NOTIFICATION: nagiosadmin;qservercluster1;CPU Load;WARNING;notify-service-by-email;WARNING - load average: 11.47, 13.27, 13.72
[1544203421] SERVICE ALERT: db2;CPU_Procs;CRITICAL;SOFT;1;CPU CRITICAL: 1 crit, 0 warn out of 291 processes
[1544203469] SERVICE NOTIFICATION: nagiosadmin;pservercluster1;CPU Load;CRITICAL;notify-service-by-email;CRITICAL - load average: 0.99, 41.72, 65.68
[1544203469] SERVICE ALERT: pservercluster1;CPU Load;CRITICAL;HARD;3;CRITICAL - load average: 0.99, 41.72, 65.68
[1544203496] SERVICE ALERT: db1;CPU_Procs;CRITICAL;SOFT;1;CPU CRITICAL: 1 crit, 0 warn out of 326 processes
[1544203541] SERVICE ALERT: db2;CPU_Procs;CRITICAL;SOFT;2;CPU CRITICAL: 1 crit, 0 warn out of 291 processes
[1544203616] SERVICE ALERT: db1;CPU_Procs;CRITICAL;SOFT;2;CPU CRITICAL: 1 crit, 0 warn out of 326 processes
[1544203661] SERVICE ALERT: db2;CPU_Procs;OK;HARD;1;CPU OK: 291 processes
[1544203736] SERVICE ALERT: db1;CPU_Procs;OK;HARD;1;CPU OK: 325 processes
[1544204040] SERVICE NOTIFICATION: nagiosadmin;smscapp2;CPU_Procs;WARNING;notify-service-by-email;CPU WARNING: 4 warn out of 341 processes
[1544204044] Auto-save of retention data completed successfully.
[1544204234] SERVICE NOTIFICATION: nagiosadmin;smscapp2;Memory;CRITICAL;notify-service-by-email;CRITICAL - 1.1% (186312 kB) free!
[1544204324] SERVICE ALERT: db1;Memory;WARNING;SOFT;1;WARNING - 12.7% (6280764 kB) free!
[1544204336] SERVICE ALERT: db1;CPU_Procs;CRITICAL;SOFT;1;CPU CRITICAL: 1 crit, 0 warn out of 325 processes
[1544204444] SERVICE ALERT: db1;Memory;WARNING;SOFT;2;WARNING - 19.4% (9581248 kB) free!
[1544204456] SERVICE ALERT: db1;CPU_Procs;CRITICAL;SOFT;2;CPU CRITICAL: 1 crit, 0 warn out of 328 processes
[1544204564] SERVICE ALERT: db1;Memory;OK;HARD;1;OK - 22.2% (10941408 kB) free.
[1544204577] SERVICE ALERT: db1;CPU_Procs;OK;HARD;1;CPU OK: 327 processes
[1544204669] SERVICE NOTIFICATION: nagiosadmin;pservercluster1;CPU Load;WARNING;notify-service-by-email;WARNING - load average: 0.39, 1.45, 18.64
[1544204669] SERVICE ALERT: pservercluster1;CPU Load;WARNING;HARD;3;WARNING - load average: 0.39, 1.45, 18.64
[1544205029] SERVICE NOTIFICATION: nagiosadmin;qservercluster2;CPU_Procs;WARNING;notify-service-by-email;CPU WARNING: 1 warn out of 302 processes
[1544205137] SERVICE NOTIFICATION: nagiosadmin;qservercluster1;CPU_Procs;CRITICAL;notify-service-by-email;CPU CRITICAL: 1 crit, 0 warn out of 310 processes
[1544205164] SERVICE ALERT: db1;Memory;WARNING;SOFT;1;WARNING - 12.3% (6082744 kB) free!
[1544205176] SERVICE ALERT: db1;CPU_Procs;CRITICAL;SOFT;1;CPU CRITICAL: 1 crit, 0 warn out of 325 processes
[1544205284] SERVICE ALERT: db1;Memory;OK;HARD;1;OK - 22.2% (10936440 kB) free.
[1544205296] SERVICE ALERT: db1;CPU_Procs;OK;HARD;1;CPU OK: 325 processes
[1544205632] SERVICE NOTIFICATION: nagiosadmin;sigqscluster2;CPU_Procs;CRITICAL;notify-service-by-email;CPU CRITICAL: 1 crit, 0 warn out of 337 processes
[1544205748] SERVICE FLAPPING ALERT: pservercluster1;Memory;STOPPED; Service appears to have stopped flapping (4.1% change < 5.0% threshold)
[1544205748] SERVICE NOTIFICATION: nagiosadmin;pservercluster1;Memory;CRITICAL;notify-service-by-email;CRITICAL - 4.4% (1083616 kB) free!
[1544205896] SERVICE ALERT: db1;CPU_Procs;CRITICAL;SOFT;1;CPU CRITICAL: 1 crit, 0 warn out of 329 processes
[1544206016] SERVICE ALERT: db1;CPU_Procs;CRITICAL;SOFT;2;CPU CRITICAL: 1 crit, 0 warn out of 326 processes
[1544206117] SERVICE FLAPPING ALERT: pservercluster1;CPU_Procs;STOPPED; Service appears to have stopped flapping (3.8% change < 5.0% threshold)
[1544206117] SERVICE NOTIFICATION: nagiosadmin;pservercluster1;CPU_Procs;CRITICAL;notify-service-by-email;CPU CRITICAL: 1 crit, 0 warn out of 304 processes
[1544206136] SERVICE NOTIFICATION: nagiosadmin;db1;CPU_Procs;CRITICAL;notify-service-by-email;CPU CRITICAL: 1 crit, 0 warn out of 326 processes
[1544206136] SERVICE ALERT: db1;CPU_Procs;CRITICAL;HARD;3;CPU CRITICAL: 1 crit, 0 warn out of 326 processes
[1544206469] SERVICE NOTIFICATION: nagiosadmin;pservercluster1;CPU Load;OK;notify-service-by-email;OK - load average: 1.28, 0.91, 3.37
[1544206469] SERVICE ALERT: pservercluster1;CPU Load;OK;HARD;1;OK - load average: 1.28, 0.91, 3.37
[1544206578] SERVICE NOTIFICATION: nagiosadmin;sigqscluster1;CPU_Procs;CRITICAL;notify-service-by-email;CPU CRITICAL: 1 crit, 0 warn out of 337 processes
[1544206705] SERVICE NOTIFICATION: nagiosadmin;pservercluster2;CPU_Procs;CRITICAL;notify-service-by-email;CPU CRITICAL: 1 crit, 1 warn out of 329 processes
[1544206736] SERVICE NOTIFICATION: nagiosadmin;db1;CPU_Procs;OK;notify-service-by-email;CPU OK: 324 processes
[1544206736] SERVICE ALERT: db1;CPU_Procs;OK;HARD;1;CPU OK: 324 processes
[1544206919] SERVICE NOTIFICATION: nagiosadmin;smscapp1;CPU_Procs;CRITICAL;notify-service-by-email;CPU CRITICAL: 3 crit, 1 warn out of 336 processes
[1544207020] SERVICE NOTIFICATION: nagiosadmin;qservercluster1;CPU Load;WARNING;notify-service-by-email;WARNING - load average: 13.92, 13.60, 13.46
